568.5883143365342,0.0
-187.4337209037773,0.0
1809.5382911246706,0.0
421.9707159216774,0.0
467.1946787898595,0.0
824.7179292181017,0.0
-287.6865432728497,0.0
119.95861776177117,0.0
685.1776544463964,0.0
1102.988851909851,0.0
275.2185088449211,0.0
464.2930221941533,0.0
352.0919800142293,0.0
1154.668511914968,0.0
-14.46015492119352,0.0
530.8804167852712,0.0
1754.3959572675205,0.0
1885.1056417363336,0.0
459.96775165522854,0.0
1228.4865916393912,0.0
654.999629781892,0.0
914.2115842053724,0.0
874.2841784596611,0.0
1320.0277057715305,0.0
1885.1903463794154,0.0
1899.0946058791326,0.0
1715.5778908094514,0.0
1037.0293881785938,0.0
1088.9940949341744,0.0
1382.7735180035722,0.0
1795.2716748653465,0.0
943.943455880952,0.0
1303.2847091763424,0.0
1185.1709590364842,0.0
1556.267331221958,0.0
1811.6480426071598,0.0
1720.1191937487263,0.0
1936.7533732173292,0.0
1575.749058856895,0.0
2035.8971420813825,0.0
1523.8904810739969,0.0
1078.9514480111507,0.0
1083.455437093672,0.0
1075.7344291597349,0.0
893.0122912642843,0.0
1418.8949393604266,0.0
1151.8840859122615,0.0
1456.813741547654,0.0
864.4068024165211,0.0
653.2897580057216,0.0
1534.9830266165905,0.0
658.4757148937464,0.0
500.26429822054865,0.0
-78.19071244261823,0.0
105.47189556615365,0.0
1047.030701748896,0.0
391.7884517933205,0.0
1389.7091900521523,0.0
-83.73177288032804,0.0
-193.3068759229817,0.0
-145.6005054147966,0.0
444.1463356162635,0.0
-525.5598496739416,0.0
-697.2103107797526,0.0
-200.08584912966052,0.0
-294.1539674945324,0.0
-164.02178801854768,0.0
-445.4899086454072,0.0
-2045.2877939166976,0.0
-189.11704827035993,0.0
-1702.3434304400464,0.0
142.45494366562184,0.0
0.3403073442269715,0.0
-1129.7402894214017,0.0
-1376.093131558826,0.0
-1437.5058440463572,0.0
-510.11482838099795,0.0
-1202.19821325911,0.0
-1664.1177226443367,0.0
-1647.3514017875655,0.0
-256.378426363789,0.0
-691.0709338409783,0.0
-628.6941075692262,0.0
-893.9666330395889,0.0
-836.7750877595564,0.0
-827.7802127772238,0.0
-1425.799125763532,0.0
-1498.7354889521482,0.0
-1397.2173395517314,0.0
-1529.5423745979886,0.0
-355.91404324418545,0.0
-1801.5367108225194,0.0
-1331.704569805886,0.0
-1879.1824281020781,0.0
-1420.5247634478815,0.0
-776.3167172299324,0.0
-1519.6673448029965,0.0
-1055.1221921999152,0.0
-814.802122793039,0.0
-573.0104607284087,0.0
-430.45911188387925,0.0
-1128.234930787717,0.0
-2076.894502855081,0.0
-567.4269391192522,0.0
-892.4145576289461,0.0
-110.35149256401746,0.0
-1542.2979917090695,0.0
1093.704163267111,0.0
-1422.488089811004,0.0
268.5242757852909,0.0
-577.281818190346,0.0
-942.0071481656564,0.0
91.83834209329638,0.0
-427.9354493369095,0.0
-1908.884978600634,0.0
-491.35051797800054,0.0
-107.62272702223589,0.0
1307.4601353192302,0.0
-582.0504964224598,0.0
190.00383208457154,0.0
989.807132413815,0.0
691.9858176348152,0.0
-94.2969963755319,0.0
-515.9510316593505,0.0
-718.2879148503849,0.0
613.4961877924015,0.0
866.6913048433603,0.0
-401.80282133726223,0.0
-425.8762329023088,0.0
1037.0577181401588,0.0
1110.7441049240067,0.0
465.7812328702032,0.0
1043.3820788186213,0.0
417.60434607867256,0.0
1842.8746895320683,0.0
1847.3141168053774,0.0
2055.7183792800465,0.0
1435.0565262384348,0.0
1517.9347162009772,0.0
1930.0415853494735,0.0
2542.8047546138864,0.0
2249.2837175650857,0.0
2036.253359443905,0.0
862.9146414675237,0.0
378.9786032268695,0.0
1794.1847788848606,0.0
1189.0113870712576,0.0
1391.4023367807665,0.0
1184.3409706005818,0.0
529.7627081020859,0.0
2674.4528689794156,0.0
1433.7376743230489,0.0
912.3167136819026,0.0
2324.156015019303,0.0
1871.590617032578,0.0
1665.4589645443152,0.0
2400.324803068646,0.0
1523.165933062839,0.0
661.0304172313597,0.0
1237.7834758554643,0.0
1008.2729430115041,0.0
1397.2016518187477,0.0
1988.2157491263454,0.0
1755.172452398642,0.0
973.5210781096197,0.0
1428.8736542367499,0.0
543.8316187360704,0.0
1409.9239798670808,0.0
583.2097440157088,0.0
-94.89371216662016,0.0
1465.162332672038,0.0
13.078796682390191,0.0
1268.872651290932,0.0
574.4510097590653,0.0
429.4055233618126,0.0
562.8592477624887,0.0
-150.78368594142842,0.0
-1135.649546215355,0.0
641.6214335421287,0.0
-742.9190221454479,0.0
483.45589628423073,0.0
-543.3312432268467,0.0
-389.9290064401303,0.0
-93.79190846131695,0.0
-719.8052605863438,0.0
-483.10954646951393,0.0
-135.8524230908492,0.0
-914.5639523264116,0.0
-1296.2863749376274,0.0
-644.453671782102,0.0
-551.322219073615,0.0
-77.01468092665016,0.0
187.54624733083307,0.0
-871.505719704878,0.0
-1177.295230288194,0.0
20.40876198108731,0.0
-1242.7375843784869,0.0
-1141.558313012997,0.0
-662.798541986346,0.0
-878.5643529490412,0.0
-1115.343992753123,0.0
-1991.5169823549504,0.0
-1155.21714534116,0.0
-1938.2937229400677,0.0
-879.945863517127,0.0
-774.7807988709252,0.0
-794.1034148981158,0.0
-875.6355500025421,0.0
-1414.8540365496863,0.0
-185.87813916510117,0.0
-1497.237810236998,0.0
-1880.3892319275901,0.0
-1758.6198214983888,0.0
-908.1554743835559,0.0
-901.3439501462162,0.0
-1005.5178104830208,0.0
-2025.951812742107,0.0
-184.74966225570404,0.0
-1079.0863130869682,0.0
-1927.688810263081,0.0
-572.7527579297983,0.0
-1401.880830795582,0.0
-825.0304087888007,0.0
-47.503738434753586,0.0
-488.7123566751107,0.0
-1010.937362765412,0.0
-772.9212918778467,0.0
-855.6778407760903,0.0
143.23859416432919,0.0
531.9826350540889,0.0
-846.2370556736507,0.0
-713.6116161369799,0.0
-233.69508190703985,0.0
802.0862741961565,0.0
-240.79405221688125,0.0
160.3580978853813,0.0
-357.5940192937426,0.0
718.139536170239,0.0
-663.3881050988394,0.0
-333.5341215314855,0.0
402.7512589349716,0.0
302.46735329034186,0.0
1066.9197212288539,0.0
282.37533970859715,0.0
-163.76981249114192,0.0
215.8639380016241,0.0
327.2995749067302,0.0
572.0931503623876,0.0
627.4442427437667,0.0
1326.5298075005278,0.0
652.8773400088314,0.0
1852.09979197777,0.0
1743.0432535126263,0.0
2282.2147953274116,0.0
2277.3117881481876,0.0
1795.151577297732,0.0
1329.6652955303966,0.0
2366.76697356088,0.0
780.3789022824324,0.0
1551.9802017191494,0.0
2126.4374420807194,0.0
1582.4763938684462,0.0
1703.0065963164152,0.0
1577.3190020365628,0.0
1532.512671974691,0.0
2597.634702044926,0.0
1543.2769077098283,0.0
2144.358712096218,0.0
1163.2555803022954,0.0
1691.616391502631,0.0
2047.5413211329137,0.0
2309.6406626838375,0.0
775.2223320295203,0.0
949.9911768277251,0.0
2241.5254420115907,0.0
1003.8494337163336,0.0
1865.4044338751155,0.0
1555.679130795267,0.0
1863.4390084932688,0.0
506.27490157448847,0.0
1583.8378606996134,0.0
-124.60824689200649,0.0
1344.5486938098645,0.0
1864.2841357328698,0.0
379.4397579152453,0.0
2121.854680752236,0.0
530.2830552547618,0.0
534.738599469858,0.0
-640.9636202102419,0.0
1292.6398940993363,0.0
395.5053400733662,0.0
768.074622873417,0.0
-601.1981685489975,0.0
-103.29095343818,0.0
1050.4140143063098,0.0
210.92063484550204,0.0
569.6043320007303,0.0
202.23980968604008,0.0
408.4967516671759,0.0
-226.72396280590053,0.0
175.59380616977694,0.0
1685.7053305661625,0.0
364.57849187224997,0.0
551.2125023485185,0.0
-626.5476388487858,0.0
-144.74999528879403,0.0
200.87496878848185,0.0
-1383.5500662613847,0.0
-1357.19429116835,0.0
418.6933282878242,0.0
-844.1452982915966,0.0
-852.5872382244289,0.0
-745.7455223760525,0.0
-137.33781279132597,0.0
-330.4645279567296,0.0
-610.6951935479134,0.0
98.5875362491663,0.0
-707.217841550582,0.0
-1587.9064055344757,0.0
-1712.5739908707349,0.0
-996.6593349626769,0.0
-1397.1079493192158,0.0
-1390.4651553276415,0.0
-1109.1759183568208,0.0
-2575.5458707134703,0.0
-1100.781900485244,0.0
-314.2964562077872,0.0
-852.2375246581678,0.0
-1784.481620249518,0.0
-1341.2134307020424,0.0
-139.67178299429986,0.0
-939.8010171686163,0.0
-1204.1084596139967,0.0
87.08265467365231,0.0
-1359.7680677502678,0.0
-419.7081292805652,0.0
-875.8495996998179,0.0
-778.4338217859013,0.0
-1341.813914438633,0.0
-1477.956982050667,0.0
-154.1883159008604,0.0
-1038.2193771650293,0.0
-407.0536850020176,0.0
-1147.831084830075,0.0
-623.8201013614253,0.0
-35.99138759183464,0.0
-1189.728671425813,0.0
429.59195709494816,0.0
-238.36873294072788,0.0
296.58305166452647,0.0
-556.4755751791092,0.0
865.7830186893966,0.0
1490.7328094394397,0.0
-75.55024262756031,0.0
-67.19726815665831,0.0
741.2721327519849,0.0
468.56449462197685,0.0
578.2023945788648,0.0
451.7463809794086,0.0
49.18870273498919,0.0
1128.0072334762249,0.0
640.7187916617665,0.0
531.6670173852293,0.0
1632.970106676372,0.0
951.3840596734215,0.0
2056.957744752657,0.0
1016.336182976903,0.0
366.83843383477165,0.0
805.6361459558019,0.0
1746.7207179623758,0.0
526.6884457897615,0.0
749.7257341320218,0.0
2177.3402564595704,0.0
749.8112694603327,0.0
2610.8930783557144,0.0
1773.5752475950678,0.0
1378.8020411176835,0.0
2248.8934271541525,0.0
1337.3345266528345,0.0
958.0044381279961,0.0
1720.7664694411662,0.0
2168.72905157218,0.0
1904.1592269038842,0.0
1949.807767183415,0.0
2867.7496259693803,0.0
2023.9359687405085,0.0
2204.204773476991,0.0
2328.4520402100993,0.0
913.4160157136804,0.0
1831.5897915650912,0.0
3437.3083748691365,0.0
903.0433039474325,0.0
2371.7154645404053,0.0
1522.654502583921,0.0
968.6164785202847,0.0
1160.59637451077,0.0
2074.0743031738793,0.0
1068.389896028427,0.0
1946.9319477068839,0.0
2008.9386546998458,0.0
750.3459312439657,0.0
1147.8879220221388,0.0
1684.9316637949844,0.0
1028.8269385661047,0.0
1894.3027149748655,0.0
359.7543040785571,0.0
587.0660125653583,0.0
696.887475477973,0.0
1075.6523743550606,0.0
897.0600327946559,0.0
544.5471085513464,0.0
40.01979078219097,0.0
53.76804551836494,0.0
-417.2821492909845,0.0
710.1898519318343,0.0
50.97138230962912,0.0
1388.006775390867,0.0
606.2502690700164,0.0
249.36862545484775,0.0
-309.2559372450235,0.0
1029.139194842033,0.0
-1163.1238579901249,0.0
116.19112844958082,0.0
639.6910335430431,0.0
-306.7314218897333,0.0
-826.5790412659578,0.0
-258.6223039689217,0.0
555.1454205024885,0.0
-268.3173269888156,0.0
-106.69816815461337,0.0
-1400.7837320789101,0.0
-1210.298574985247,0.0
-1090.7765321647537,0.0
-1523.4048757473843,0.0
-847.1561127050803,0.0
-2.633668966089772,0.0
-934.0033104143411,0.0
-468.7229970898313,0.0
-2017.8336333219502,0.0
-1152.8637818388972,0.0
-378.98103548252243,0.0
-1362.2843467635055,0.0
-697.9835252906483,0.0
-73.23289675866954,0.0
-471.42034669505796,0.0
-712.7697704453562,0.0
-1794.4956796550246,0.0
-1613.661725364721,0.0
-1138.0738331453476,0.0
-1019.2748116408682,0.0
-430.4533309147565,0.0
-1218.7092954896884,0.0
-153.21777582940103,0.0
-1360.7768355437006,0.0
-1156.6120169366534,0.0
-1826.319562320925,0.0
-508.4362301495564,0.0
-1149.1939773169768,0.0
-1287.5219388180649,0.0
-536.1739749120097,0.0
-95.06101661223846,0.0
-143.07614783872668,0.0
-393.4324247022119,0.0
-602.4941547798379,0.0
109.08495999570317,0.0
-305.89528793455474,0.0
489.0933464661433,0.0
-1172.874312222854,0.0
299.64884220889434,0.0
67.70053843195453,0.0
576.084831921003,0.0
5.39204900728862,0.0
1025.7955495167166,0.0
-215.65683074864023,0.0
1391.0957671815956,0.0
1124.9674994222476,0.0
1.0130327349930894,0.0
2192.9838097809748,0.0
-14.235084695620003,0.0
545.0449325053171,0.0
443.24874669943097,0.0
1253.948699658022,0.0
1283.6998062479136,0.0
1391.9177817570408,0.0
1782.1310652301233,0.0
1452.284000553191,0.0
857.7227100640835,0.0
1676.606380179719,0.0
1540.8268327237506,0.0
943.8932535287914,0.0
1828.716385491049,0.0
229.8421654617964,0.0
1195.6134286185588,0.0
787.7193465109167,0.0
2269.653348629875,0.0
782.4740754400607,0.0
1607.3735861730784,0.0
1978.7602697807101,0.0
2352.0199014628383,0.0
2109.6347681440966,0.0
2266.963890724408,0.0
2248.890278246943,0.0
2767.043554158496,0.0
1388.0768045178606,0.0
1913.457413428047,0.0
1024.4088721618646,0.0
1959.7270445458573,0.0
3199.8214251624554,0.0
1755.6654348363695,0.0
1039.7429611989123,0.0
1671.773411938673,0.0
2608.016397431302,0.0
2639.5356664021124,0.0
1068.8723470460375,0.0
1736.798041720455,0.0
1396.6267245575136,0.0
1694.4547689004216,0.0
781.6573110308404,0.0
1739.7800492617034,0.0
1207.0234228617949,0.0
1198.5803860803494,0.0
943.4599065757177,0.0
678.9958408043556,0.0
1395.0946776035696,0.0
717.4376805149109,0.0
1073.8223428481965,0.0
1350.817417881275,0.0
1201.8357683015029,0.0
198.53762969657492,0.0
1202.8354770815588,0.0
2.9087162892304264,0.0
974.0226524675978,0.0
681.5107496128853,0.0
1362.0457906654956,0.0
783.6258396292574,0.0
1190.9964962910367,0.0
-476.62217838396714,0.0
-317.17791452041286,0.0
999.8819673259826,0.0
287.1869627904089,0.0
-267.5139946057702,0.0
190.0916868921714,0.0
-846.5624921144899,0.0
-831.4095305044223,0.0
-43.48072876925721,0.0
-216.22369315641427,0.0
-188.82003432006132,0.0
318.61613249948994,0.0
460.2178718180715,0.0
-867.4895111227293,0.0
-809.6764708336073,0.0
-1837.10297255569,0.0
-980.317641059097,0.0
-830.6539185287402,0.0
-602.7109911108566,0.0
-846.0925257553531,0.0
-1024.8858948087254,0.0
-912.787479902079,0.0
-1673.726865728958,0.0
-23.00649368588995,0.0
-950.8875231614668,0.0
-317.92914604859,0.0
-969.9186402619416,0.0
-488.6608113419886,0.0
-553.814667850331,0.0
-1110.1660293217747,0.0
-1593.3109490917059,0.0
377.2395795730366,0.0
-1141.966856969829,0.0
-353.3298252277089,0.0
-833.3041628994151,0.0
-1267.2660219632273,0.0
-214.17772074491756,0.0
-401.24047770813866,0.0
-556.7815997333308,0.0
-2094.465709383351,0.0
-701.9200172790279,0.0
303.9751184349261,0.0
-405.23544734443425,0.0
-602.2895860277616,0.0
304.31386201342696,0.0
-217.7761134132408,0.0
61.61978514863429,0.0
408.5651016642668,0.0
381.8565608774304,0.0
-925.166869473947,0.0
508.56091819367055,0.0
-226.13259493204342,0.0
-1173.3174377403132,0.0
725.1608266473459,0.0
-956.0029168483135,0.0
154.33223454346805,0.0
-842.6315615611672,0.0
-134.51083962693014,0.0
557.7572783178272,0.0
413.44407201867114,0.0
989.5987110701213,0.0
554.3436423541775,0.0
986.4788826520884,0.0
2093.945407447416,0.0
473.82991316045656,0.0
1351.6993187467006,0.0
2434.355399365757,0.0
691.9958889856437,0.0
589.7835256695153,0.0
1052.1241986757245,0.0
1491.3984005932145,0.0
822.9142812742804,0.0
2034.1477993128601,0.0
1182.8627741266394,0.0
408.07957621632477,0.0
1526.4953549478594,0.0
1276.9573132233556,0.0
1936.3169508973579,0.0
1897.6015481336287,0.0
3107.778897568018,0.0
2246.4198821555665,0.0
1291.5496891351404,0.0
2451.7827154723327,0.0
2032.1121293538454,0.0
1719.9652851828482,0.0
1201.9236071641467,0.0
2438.963213597898,0.0
4571.390855192521,1.0
3501.8891516463136,1.0
3612.7414353119034,1.0
1381.836566641402,0.0
2810.894618707589,0.0
2319.2682607500255,0.0
1409.5804495923467,0.0
1289.1002012753204,0.0
1701.640705822645,0.0
2044.4038184779529,0.0
2077.0404846764322,0.0
2671.972460025092,0.0
1359.7116088076152,0.0
984.8659444269805,0.0
2117.5860326217116,0.0
1924.2168540655136,0.0
1459.4746450925904,0.0
1839.5913197951722,0.0
1560.7758221877311,0.0
1884.111364626215,0.0
1044.7450143008493,0.0
1489.7990307158552,0.0
1052.7030698300712,0.0
778.392314574324,0.0
1262.7020625568196,0.0
884.8521769574833,0.0
1318.367690969641,0.0
-493.43204837151046,0.0
-33.62810306724515,0.0
1219.598811920744,0.0
-283.3533429385159,0.0
323.68436001766815,0.0
30.49744466103118,0.0
-23.847301544532854,0.0
150.83596766340958,0.0
839.3206444948294,1.0
2064.3555575015052,1.0
2081.9517017022154,1.0
145.18371013108754,0.0
512.0146413303655,0.0
109.71008209851608,0.0
-150.08595674902296,0.0
-1351.5033754850774,0.0
224.49704022595577,0.0
166.15252362858143,0.0
66.03087580121093,0.0
-38.23590205181715,0.0
-900.4995564016987,0.0
-1033.9209522604656,0.0
-913.7681599855679,0.0
-678.1300315126405,0.0
-558.0383355963696,0.0
-656.6719707413383,0.0
-1645.0107874182704,0.0
176.47852226402108,0.0
-1172.3933182255496,0.0
-2533.6771364371234,0.0
384.4519741371524,0.0
133.94548733375728,0.0
-1118.041984235638,0.0
-341.0436614035873,0.0
-583.9168492273197,0.0
-1114.5729558873422,0.0
-932.1877019924252,0.0
-1429.0553590341517,0.0
-782.1229687266748,0.0
-812.9471776162618,0.0
-424.57140647216056,0.0
131.6980496368738,0.0
-1004.7114201693523,0.0
-309.55750120079136,0.0
-1240.5403024418297,0.0
-903.4891151166389,0.0
-177.1932083137707,0.0
712.3734610509428,0.0
184.81111802312438,0.0
762.2599406808097,0.0
-777.8051713786009,0.0
-161.342951169949,0.0
-1384.4204430952116,0.0
305.0572538141655,0.0
-73.13574996356071,0.0
-140.3650360284551,0.0
-189.71926536852044,0.0
720.377781424043,0.0
836.0186755362736,0.0
594.6675861817856,0.0
270.8987289528723,0.0
893.8812770389068,0.0
696.2393648536141,0.0
470.28328179453376,0.0
1308.4071575131193,0.0
1255.6515033388653,0.0
593.2666388309972,0.0
964.021798836051,0.0
1441.7149367193015,0.0
1482.7133411953848,0.0
1340.9679159781833,0.0
1051.7048759704796,0.0
2368.249469690194,0.0
1626.111209206645,0.0
1588.017144658351,0.0
2244.310538634226,0.0
1962.450335348107,0.0
1955.573665086999,0.0
2060.699031465393,0.0
1702.3597201397283,0.0
2191.8334193540554,0.0
1916.6809271829252,0.0
1270.3845063114218,0.0
1977.9895431529303,0.0
2389.1955395656505,0.0
1322.3611907704503,0.0
3057.1255740186957,0.0
1811.7954491779121,0.0
1480.0702448798818,0.0
1818.194010215267,0.0
2227.8873871921182,0.0
1615.4627392698044,0.0
1603.8099420435997,0.0
2063.924596577688,0.0
1426.221895921077,0.0
2109.6390012173783,0.0
2004.606959831296,0.0
1722.7426005123687,0.0
2436.972239281179,0.0
2679.3274440466885,0.0
1557.8296083803573,0.0
867.335629287061,0.0
2316.873626525832,0.0
2422.9171689746554,0.0
999.5536318884768,0.0
1859.2161291428772,0.0
1893.8329161620075,0.0
951.2628472752178,0.0
1137.2456088078538,0.0
2054.9606633407166,0.0
1446.4714665150682,0.0
1605.2958090266357,0.0
2382.9400518780108,0.0
1115.478427531308,0.0
411.5491582116074,0.0
2232.514297888193,0.0
400.02906961306155,0.0
513.3706241650164,0.0
1164.7352547628643,0.0
972.9250500360314,0.0
779.7691241955717,0.0
-425.21021320913763,0.0
1161.6099758555606,0.0
1596.1405354530148,0.0
71.43674536044671,0.0
-167.91407877990986,0.0
81.05168537025843,0.0
-386.56150314465947,0.0
463.97419937759304,0.0
589.8610261701978,0.0
447.18535780717383,0.0
240.6028526438165,0.0
-393.3279274620628,0.0
789.0241884988095,0.0
-453.701456411288,0.0
-340.36686256220514,0.0
-97.86685616029393,0.0
-779.7907068086055,0.0
-353.4921706155684,0.0
-911.6433848870556,0.0
-496.7632956706633,0.0
456.03159252954833,0.0
-223.69750054138262,0.0
1101.0625287708162,0.0
-818.1392393477837,0.0
-716.7136595457578,0.0
840.2463791081855,0.0
-1194.2784596304255,0.0
250.77377013425678,0.0
-2480.0760983983337,0.0
-1339.3261709828876,0.0
-281.8611158057113,0.0
629.8269892480796,0.0
-566.6989338887277,0.0
-1035.6645063765682,0.0
-901.2914724685339,0.0
51.77415123030539,0.0
-162.7715779098041,0.0
387.37645648416634,0.0
-908.0852869198529,0.0
417.4076129052788,0.0
417.1754986192432,0.0
1064.646642273175,0.0
479.5636983488274,0.0
617.674010870744,0.0
-347.17859686976675,0.0
-878.4748449277969,0.0
-1567.9265546205572,0.0
341.54459713955396,0.0
889.4010623384745,0.0
-311.8626551294106,0.0
-874.6229510608056,0.0
380.2188055164579,0.0
210.24031035047653,0.0
129.31536787822975,0.0
1866.373470029826,0.0
903.4697360144764,0.0
1415.1417664933392,0.0
520.4065281605352,0.0
1147.4941157559795,0.0
197.5040223515366,0.0
1628.3152690403901,0.0
446.52693451964115,0.0
2294.7482911425877,0.0
1409.710048503891,0.0
1272.4639693584725,0.0
921.097680207376,0.0
1507.6001782792928,0.0
679.1925832024688,0.0
1235.8188157562022,0.0
839.5178806355108,0.0
2911.830021802734,0.0
2073.6245362675118,0.0
1745.3451570169368,0.0
2555.347757277082,0.0
3708.2646644483507,0.0
1937.0395318595122,0.0
1220.3318930142777,0.0
1253.15101015793,0.0
2239.870243842061,0.0
2617.18114986144,0.0
2204.5854906797426,0.0
1744.704932878428,0.0
1419.8961417648786,0.0
1687.3485692509475,0.0
2639.059553506825,0.0
2210.1904868838196,0.0
2296.0123246034377,0.0
1873.3070894673588,0.0
2190.7343667689615,0.0
2443.3525960891193,0.0
2929.1854197727234,0.0
3563.9233359785567,0.0
2030.0837783780182,0.0
2832.1127341866454,0.0
2551.4229870763847,0.0
1662.3511224932076,0.0
1754.1310720097692,0.0
2724.5190181710977,0.0
3245.626470138206,0.0
1414.4365962854952,0.0
3404.647195766728,0.0
1657.1640038254332,0.0
1279.4039135143375,0.0
2087.3174134044584,0.0
1493.9759860423778,0.0
2251.035995976835,0.0
2024.8855619659303,0.0
-319.43119705070444,0.0
1868.947074009246,0.0
1814.7145796528498,0.0
2277.4445855294216,0.0
790.2385286458266,0.0
1324.9637744933698,0.0
1887.8946708825483,0.0
1468.9814258210736,0.0
1730.0882429947683,0.0
292.09876258256963,0.0
108.33982156403624,0.0
703.1110839082655,0.0
-260.79411570768673,0.0
662.1612924884521,0.0
946.4398092698173,0.0
2080.7571248283984,1.0
1164.0229034086638,1.0
1581.5037971114366,1.0
190.54458844524345,0.0
493.58204595869444,0.0
262.26334670920755,0.0
-401.10721031205327,0.0
-1052.1671766146783,0.0
-1130.526146134735,0.0
-625.2537739653314,0.0
-725.1598201708924,0.0
-77.25129024768697,0.0
-924.6660048593637,0.0
-575.1362031068504,0.0
-1094.9196874237887,0.0
-529.9685698550196,0.0
267.5196262636865,0.0
-37.09203470685907,0.0
-745.5814227459763,0.0
-909.2590464639472,0.0
-1055.2627560774347,0.0
-507.9659387713852,0.0
16.778783832651754,0.0
472.43210363019665,0.0
-203.78845850999016,0.0
-659.6901100619597,0.0
-92.61979021818604,0.0
-914.7836307674311,0.0
-738.7735045308182,0.0
397.3972623987406,0.0
-1076.9152531827672,0.0
-1233.438049654458,0.0
-730.8382896324698,0.0
-1127.5002883552797,0.0
-73.91122365935249,0.0
-375.7541141955831,0.0
105.87234868287553,0.0
-399.6444023468853,0.0
-694.5702617493496,0.0
337.4605627382058,0.0
-94.94119297600696,0.0
-39.77813013954577,0.0
687.6503697649416,0.0
-580.6853273291151,0.0
497.3618344126088,0.0
726.8462479314686,0.0
460.27839891330353,0.0
1059.924799448476,0.0
206.00707718176517,0.0
1064.8716630779668,0.0
69.73339665082432,0.0
1042.7638512463404,0.0
712.7343784964171,0.0
1236.4528073710808,0.0
196.5116082961855,0.0
1061.533434861331,0.0
-456.5660867599722,0.0
1303.1067707290738,0.0
1247.4107821577918,0.0
1818.190182230248,0.0
1851.7485316202292,0.0
2072.7942519423214,0.0
1483.8913374246333,0.0
1835.8700157011613,0.0
1099.1460313476396,0.0
1418.2780355245225,0.0
2364.3687403368085,0.0
1658.0059657938696,0.0
2498.770991580636,0.0
1730.3392169830713,0.0
1349.0845250244442,0.0
2089.8612230985404,0.0
2717.3328834436493,0.0
1132.4771214283523,0.0
2283.2339582539903,0.0
4614.572557951524,0.0
2008.1040392524233,0.0
2194.531584278043,0.0
2734.030721278079,0.0
1897.7082830581771,0.0
1948.9685430564598,0.0
2813.199680278993,0.0
1658.2066171144093,0.0
2765.578678318874,0.0
2498.7628602700006,0.0
2844.936526189327,0.0
2327.737664230424,0.0
2574.553256871089,0.0
2151.5007187616784,0.0
4197.573543881944,0.0
3068.2582636203865,0.0
2841.0444483624906,0.0
2864.9672285818024,0.0
1794.6914947629805,0.0
1835.292031610801,0.0
2408.5531481486623,0.0
1343.1435709889854,0.0
2011.9979988651899,0.0
1760.7930897305603,0.0
1171.8001466969,0.0
1608.434687696546,0.0
2201.5368398008627,0.0
2401.0068276160946,0.0
1805.5938651998058,0.0
1826.0406742084447,0.0
1879.2269547140518,0.0
1319.9556740017058,0.0
1591.972344399747,0.0
2000.4271705888143,0.0
1579.5266882327492,0.0
785.5994238095166,0.0
715.6684530963456,0.0
1791.7793711194236,0.0
1738.5410880904037,0.0
-149.51173170613993,0.0
951.0215836575715,0.0
427.8746245297408,0.0
1009.4618554378274,0.0
-294.7206046424694,0.0
-980.2099585018664,0.0
380.4555275955171,0.0
46.87694731922011,0.0
-358.3531595491935,0.0
472.0844171079146,0.0
934.7895042013733,0.0
306.0609797658937,0.0
610.452490167457,0.0
-825.7547518395677,0.0
-441.0171819729818,0.0
-1738.8588923421232,0.0
67.54335271405517,0.0
323.38682126315024,0.0
339.07707908272425,0.0
-655.2625317280922,0.0
-451.44178754056173,0.0
240.90673986988935,0.0
-1274.4099072405552,0.0
-420.45697313439183,0.0
24.683346851986983,0.0
-116.75091103545941,0.0
-658.6823553355055,0.0
232.73766505988135,0.0
-623.7724534519873,0.0
638.5317536277443,0.0
51.68052337322702,0.0
-1344.5053524476473,0.0
-419.4659685750222,0.0
-924.0172566144226,0.0
-457.11291770626246,0.0
-200.16985406484275,0.0
771.9321626181179,0.0
-121.02221447987903,0.0
790.9095896149411,0.0
-779.9142832301173,0.0
-714.8873126388658,0.0
-383.885959599271,0.0
-812.314952905185,0.0
-803.230169135262,0.0
-8.072245930588025,0.0
-186.5158647769804,0.0
977.6386119456602,0.0
144.4942286104882,0.0
273.6638420072811,0.0
-421.03973230915136,0.0
706.6001803980298,0.0
1126.4108593215205,0.0
1075.3993209769706,0.0
549.2667365568918,0.0
595.1750195625768,0.0
597.5492444712296,0.0
1649.710295468013,0.0
50.71389363840899,0.0
1486.159817961472,0.0
1599.781459733471,0.0
1225.5726701056908,0.0
1114.1770833473486,0.0
1582.3811472534146,0.0
1398.2639729241052,0.0
1361.7110130612928,0.0
799.8324100761504,0.0
1209.1786051914785,0.0
2159.087972618948,0.0
1797.8735693340016,0.0
834.4597944543507,0.0
2506.9569122752227,0.0
1755.8090761935575,0.0
2042.8218507974752,0.0
2250.025201859526,0.0
2349.4803349264935,0.0
1451.6590458113978,0.0
1985.235898454143,0.0
2288.8323163971845,0.0
1991.461465050072,0.0
1913.1548903170724,0.0
3519.442711428437,0.0
2354.8202272820563,0.0
2949.738649036614,0.0
3633.6358902230045,0.0
2701.2178645780778,0.0
1970.4335976904922,0.0
2679.9466694428297,0.0
2031.6909985888988,0.0
2921.189302831529,0.0
3330.515479078903,0.0
2675.2142201618244,0.0
1847.3462519117857,0.0
2967.2857740592226,0.0
3036.782187183727,0.0
2503.6871352049,0.0
3239.6657467155183,0.0
2479.9654521546045,0.0
2233.2828941247258,0.0
1822.5993460264344,0.0
2103.1165698615073,0.0
1950.8032775488496,0.0
2939.8984462115613,0.0
1143.8281648419543,0.0
1707.623468869505,0.0
2034.335188505458,0.0
871.4133253896325,0.0
1370.6497607556096,0.0
897.3659624033372,0.0
2227.989156890793,0.0
1775.4559084839402,0.0
594.6597264297685,0.0
2398.8093807394534,0.0
734.7348365937894,0.0
645.8152398486691,0.0
-64.57804700405575,0.0
1388.4572559212843,0.0
-292.0925542496692,0.0
903.383114625172,0.0
1331.0011500371704,0.0
1650.7107348247232,0.0
491.0435615762518,0.0
926.4130071059376,0.0
306.20828968933733,0.0
1489.526234155865,0.0
58.398338364047504,0.0
446.21053738871694,0.0
284.2137343274667,0.0
695.8060673894604,0.0
1983.0404670374396,0.0
404.10458018563713,0.0
-26.959816994165834,0.0
815.0310336397372,0.0
298.2335542033732,0.0
-756.0915989475131,0.0
735.8528200564914,0.0
-1298.6977471875025,0.0
-731.0482719384222,0.0
-96.17025684072814,0.0
-1037.3668141949606,0.0
-44.922147142114,0.0
394.6347711639294,0.0
-222.88406255092949,0.0
-836.1995263917993,0.0
170.59390016262802,0.0
1072.9892111900094,0.0
-172.38892486669835,0.0
495.18593837806657,0.0
808.9368686004298,0.0
-752.1229895000478,0.0
84.16794171714014,0.0
-1112.7854569087099,0.0
-22.577718807112376,0.0
20.920709402027967,0.0
-214.08028866558223,0.0
-804.7453514347231,0.0
-298.35097590475306,0.0
-743.114654976176,0.0
258.91546119797516,0.0
203.88909212553176,0.0
-71.67865777790308,0.0
-620.9805809090499,0.0
-567.0194938840255,0.0
24.34792261521581,0.0
1085.3656434267405,0.0
-265.285347296875,0.0
220.87026683412,0.0
-342.00410751565994,0.0
1615.4519937171494,0.0
162.66343395975116,0.0
1404.013827524952,0.0
1035.5838722455794,0.0
414.3941243335357,0.0
1254.4235912489578,0.0
1503.8178533649598,0.0
1303.5119573760835,0.0
1250.2956107180362,0.0
1033.2799740797898,0.0
2064.978996971582,0.0
1775.7569474546053,0.0
1414.425079584254,0.0
1520.6274697448034,0.0
1103.805822739905,0.0
2415.643073840719,0.0
1401.5510265684231,0.0
1693.6108022027124,0.0
1263.982616248808,0.0
2197.9161091520455,0.0
1830.8518878319305,0.0
1060.9671377439545,0.0
2256.5128836127105,0.0
2197.1021548776757,0.0
2872.9915572416394,0.0
2721.4988550856583,0.0
1658.819702483537,0.0
2508.087180166955,0.0
2806.159200519349,0.0
2270.411666397931,0.0
2177.9482687943,0.0
2306.5975269743426,0.0
3177.487197424441,0.0
2323.5695983910255,0.0
2558.473279927529,0.0
2442.643801704939,0.0
2194.0426656705654,0.0
2218.892140245044,0.0
3026.5450299864815,0.0
2766.1331290400285,0.0
2792.6393435511204,0.0
2515.7436054138043,0.0
2691.7405604992673,0.0
2882.1720317384948,0.0
1975.9845173815438,0.0
2949.2391344157118,0.0
2229.981583040911,0.0
2235.1671703408665,0.0
2411.394786263866,0.0
2598.673437542703,0.0
2864.8910238103863,0.0
1515.8852124757677,0.0
3355.122188694053,0.0
3060.249984840755,0.0
2304.964041910746,0.0
2654.427625433696,0.0
1650.512575091397,0.0
898.433527293297,0.0
1041.9685568494842,0.0
1918.4959118277382,0.0
768.9879696710043,0.0
2532.971397974463,0.0
1763.541190404582,0.0
644.0865152387048,0.0
1229.0488892668975,0.0
375.50569893440115,0.0
1187.8575903940707,0.0
1396.002036793918,0.0
1418.3707983535323,0.0
575.008555853375,0.0
1689.5732615364395,0.0
1216.9561570601113,0.0
649.9661162877101,0.0
377.14929137673903,0.0
1480.309453624201,0.0
2057.8047182632763,0.0
1312.82999485224,0.0
635.6427399705912,0.0
62.27587767000176,0.0
311.25464487618456,0.0
319.44825435941436,0.0
448.8459188783786,0.0
-132.2138040714517,0.0
1636.2206997872445,0.0
1147.8037627206943,0.0
1030.8301485152406,0.0
213.8537843186874,0.0
18.568131914375023,0.0
-646.2993817126098,0.0
-569.126474776264,0.0
439.3076167450502,0.0
149.1011549611179,0.0
416.2836835274511,0.0
1204.4263060601083,0.0
382.0408027713092,0.0
105.25524072187369,0.0
-241.6030329585389,0.0
-218.50580141268927,0.0
572.9836528089629,0.0
18.048845945409568,0.0
234.9933669502915,0.0
-976.5390116653036,0.0
-860.2457974661022,0.0
-3.3469252369900175,0.0
580.6990877936547,0.0
-467.0268444069676,0.0
485.06178729229623,0.0
-534.2198900609512,0.0
-156.69014901368442,0.0
293.2969394785946,0.0
502.80648280550685,0.0
-399.78905825796323,0.0
-304.36882667571695,0.0
-37.90153277131034,0.0
1365.423770716276,0.0
1336.5729850908901,0.0
-341.120361232852,0.0
203.78495783313736,0.0
-18.04040592482795,0.0
1676.7349639045322,0.0
1068.5562586461308,0.0
952.3683655298585,0.0
-863.3761361300276,0.0
930.5076703503725,0.0
1047.9645846781577,0.0
1440.1127798587827,0.0
370.5260162730352,0.0
1781.565348401536,0.0
1733.9400798461093,0.0
1848.3393164290592,0.0
847.240306110646,0.0
2335.8910313097203,0.0
2080.4930373777465,0.0
1861.5247695068426,0.0
1468.6070490871414,0.0
1524.4319208294087,0.0
2041.5861753090164,0.0
1868.1906523476719,0.0
2170.917998052651,0.0
2151.030205272067,0.0
1774.5155709059973,0.0
2369.960724288621,0.0
3209.3653128499327,0.0
1834.497886383977,0.0
2124.420996649937,0.0
2873.493868735528,0.0
2987.5796010374556,0.0
2038.4033180309243,0.0
2859.1417372329215,0.0
3666.9585761352664,0.0
2678.099062408382,0.0
2547.8520655984216,0.0
3579.0224932404703,0.0
1547.5587155737987,0.0
2953.800835026206,0.0
2533.301608920348,0.0
2148.590494944632,0.0
2100.1746523854717,0.0
2168.652003950934,0.0
3098.0350086824574,0.0
2845.5424638411764,0.0
3448.7204946892643,0.0
3619.9821420481608,0.0
2379.1582275916053,0.0
2529.9216728070433,0.0
2889.416742700838,0.0
1586.3130106128342,0.0
2341.1785365175087,0.0
1183.6339435272134,0.0
2198.555413700482,0.0
1662.7454474575902,0.0
2586.3865376148747,0.0
1961.3414140108898,0.0
1764.2779008309337,0.0
2810.8516301498303,0.0
1917.1147428475822,0.0
1599.6183268538093,0.0
2643.346807959218,0.0
2493.339184321828,0.0
1611.7054160599166,0.0
1202.0128034577776,0.0
1210.8348349800335,0.0
961.639717323932,0.0
2467.6728115086325,0.0
1150.9610312052323,0.0
2345.0392773017325,0.0
1988.8890473825404,0.0
1637.9140316647918,0.0
1354.7011907967337,0.0
2206.5082505646433,0.0
1622.2037101247497,0.0
319.27422797119095,0.0
1532.6923678314415,0.0
-592.5923184160793,0.0
237.06309774679886,0.0
1266.3957211884117,0.0
-641.9184502328633,0.0
1437.2633650301277,0.0
1333.7303337200444,0.0
12.196660854301115,0.0
-903.7427995711187,0.0
1225.0413527270543,0.0
32.16778267955078,0.0
-878.3430482734778,0.0
-558.5592095418419,0.0
-163.04056411521333,0.0
-711.9938483335194,0.0
991.5183909561308,0.0
-566.1656899883085,0.0
-678.7795069336212,0.0
-751.2784890192746,0.0
-679.3339868154973,0.0
489.34387395867464,0.0
-1073.4642760790257,0.0
-800.5551241655833,0.0
-60.139784723874186,0.0
-105.06575369144973,0.0
-397.06365070136553,0.0
-155.40702251076146,0.0
264.23247676866174,0.0
-719.444911527742,0.0
555.7953231993947,0.0
-543.6086054116772,0.0
364.6282481966059,0.0
607.8287894790865,0.0
329.1054929963857,0.0
-153.6941886171017,0.0
790.9048229800833,0.0
-713.3180460510891,0.0
574.8121277989261,0.0
-448.6733395944625,0.0
114.41598407007626,0.0
-307.22926320600425,0.0
500.54627440334247,0.0
349.52277159691073,0.0
445.79790740616517,0.0
388.39074623440206,0.0
1243.2441226608057,0.0
-343.06797945766164,0.0
602.9322662711006,0.0
1305.445462352305,0.0
1587.7181432667342,0.0
539.0270918021686,0.0
293.24966180765375,0.0
1482.5260095543495,0.0
1079.6830033827528,0.0
1198.1603068722484,0.0
