3542.0255041654436,0.0
-2586.749772531347,0.0
20098.726832593096,0.0
-1458.3249634332628,0.0
1299.0562385676812,0.0
13283.45588008648,0.0
-6961.882119906282,0.0
-4204.296135782782,0.0
2275.436373289766,0.0
-2153.344562590669,0.0
-8791.602148007838,0.0
-816.0222883098912,0.0
-2266.923945543201,0.0
5382.93291245271,0.0
-12523.66404508224,0.0
-4752.900358522298,0.0
10649.539231111392,0.0
16791.79481472317,0.0
-11058.637922277483,0.0
6802.078312538601,0.0
-6510.444288233082,0.0
-5453.132153171668,0.0
-5682.530424045692,0.0
-2394.388163531533,0.0
10046.660539823386,0.0
7597.208778817567,0.0
2229.3579382551848,0.0
-1520.7226233041963,0.0
1817.46664612675,0.0
1192.8897344431575,0.0
8925.487456567667,0.0
-3157.8651469205242,0.0
2200.442267814624,0.0
1371.0173561477427,0.0
1517.8478402923934,0.0
4307.696287579168,0.0
3947.211712238385,0.0
13503.500442347917,0.0
2073.3450069809883,0.0
15699.256274911684,0.0
75.81239977240512,0.0
-1309.0891639984561,0.0
3768.0289980586654,0.0
5901.471014618684,0.0
4949.008448072091,0.0
13466.132415416136,0.0
12518.34918322011,0.0
7333.598499109142,0.0
299.94140680860437,0.0
2546.8804525344026,0.0
15020.253217947697,0.0
4962.378064434058,0.0
-7436.647187165867,0.0
-2594.02735294175,0.0
-995.1720064711858,0.0
13509.921202105117,0.0
2570.7559729694153,0.0
22057.979473659554,0.0
9223.637496215044,0.0
4702.185364986504,0.0
723.8237745696024,0.0
11841.313812714505,0.0
2025.3364702157887,0.0
-2914.999850016741,0.0
8473.914525352906,0.0
4148.746773875987,0.0
13454.140379500719,0.0
3836.036543054073,0.0
-19499.33509204784,0.0
11243.034163280838,0.0
-11201.087458951712,0.0
16842.533666441857,0.0
19544.727960542008,0.0
602.0896442674139,0.0
-5538.800662865145,0.0
-7047.603356746991,0.0
11608.012298919792,0.0
2858.76547141804,0.0
-363.0587173782478,0.0
2455.8117201880177,0.0
21806.295198065774,0.0
7531.705333556681,0.0
11188.568743469828,0.0
10833.769992014004,0.0
13381.1426251217,0.0
13710.71030074936,0.0
-745.3558904082611,0.0
3061.4003019765305,0.0
-1257.398246806567,0.0
-836.7355232271693,0.0
14340.368592758057,0.0
1191.7299446181341,0.0
4712.186586772892,0.0
-446.5140340716471,0.0
622.4378446927785,0.0
11844.580115024566,0.0
1220.1393499225437,0.0
1116.4781387897588,0.0
9067.020195576619,0.0
9334.985035091478,0.0
11745.484224013464,0.0
6787.090462459801,0.0
-9347.165057448012,0.0
10674.971701720104,0.0
9413.644297307035,0.0
14327.265247911022,0.0
-1336.5633957539148,0.0
26612.689228195515,0.0
-4560.909925905286,0.0
11997.561441575286,0.0
5825.2996176094985,0.0
1477.678553749039,0.0
12746.902338504915,0.0
3181.267176091459,0.0
-13695.711034147702,0.0
-4045.8971068837864,0.0
9445.781860744493,0.0
24215.640685459806,0.0
-6367.9531883358895,0.0
5613.369503927121,0.0
17704.799899306003,0.0
11183.84884807067,0.0
2693.858741570421,0.0
-5940.959332990827,0.0
-8877.268022917455,0.0
-109.1428443453251,0.0
2861.0015978862516,0.0
-12682.83981670798,0.0
-8222.441835237361,0.0
8416.036222774686,0.0
2625.460242094236,0.0
-377.79004446102044,0.0
2783.5659359080246,0.0
-1048.5031873983835,0.0
13813.082803710993,0.0
19282.282355222123,0.0
23185.216918691724,0.0
11854.407159738974,0.0
12148.350141740866,0.0
18233.262220885183,0.0
20079.324747809183,0.0
18576.030031417096,0.0
15811.066824889622,0.0
823.7577277572145,0.0
-7309.490030865474,0.0
13297.128709209392,0.0
5955.601370065161,0.0
5785.705701617513,0.0
-1418.0674550339018,0.0
-4897.675513545994,0.0
17997.462790039808,0.0
10139.290326204009,0.0
-2588.0654075251114,0.0
9326.47036044707,0.0
8502.146080381248,0.0
10404.136544640678,0.0
25085.10759246454,0.0
5930.563991280211,0.0
-4547.529512298079,0.0
7145.18961591103,0.0
1155.8539465012382,0.0
10900.7679894317,0.0
8427.294479005965,0.0
9523.82001933188,0.0
1610.2958600781903,0.0
10423.015358126991,0.0
2193.4224381452605,0.0
10430.889529177148,0.0
3977.948165740124,0.0
-2691.4207650582302,0.0
11214.080343624495,0.0
723.7388065916957,0.0
18620.92607716775,0.0
10219.209948879714,0.0
10375.844503838918,0.0
7428.761989636958,0.0
6310.58055935605,0.0
-12632.54864566055,0.0
17006.451081243336,0.0
208.24974222529,0.0
14290.176916652421,0.0
1636.325597022842,0.0
5568.7385773135775,0.0
4506.619123334131,0.0
-1739.8187864885713,0.0
5288.451931560443,0.0
11061.229395566952,0.0
3167.882698285435,0.0
-3770.3430760546826,0.0
1847.049531304603,0.0
8858.956234440824,0.0
16445.796605332052,0.0
13614.05439324464,0.0
9467.955898488808,0.0
-1625.9727035518345,0.0
14182.336286615075,0.0
7494.481931909048,0.0
4735.316762155521,0.0
14621.375588221652,0.0
12031.598964628196,0.0
11264.69492704822,0.0
-2074.8250118862898,0.0
2401.7903543673383,0.0
-7089.487367443747,0.0
8178.430615447527,0.0
7978.709084686289,0.0
15048.173804062555,0.0
9077.257330203955,0.0
4166.830596124074,0.0
24845.07850815888,0.0
-1295.9057114927964,0.0
-3667.781607093443,0.0
2169.181129766511,0.0
11361.293676467485,0.0
4721.6427793004095,0.0
4121.1542571038435,0.0
-1924.8851445534738,0.0
19353.066746534143,0.0
2485.497194289718,0.0
-1435.9029807480856,0.0
6120.505713708497,0.0
897.3241862273335,0.0
5538.64188891699,0.0
18619.5145945328,0.0
3706.3133705937184,0.0
7737.019169451305,0.0
4617.756008303537,0.0
5808.925630048301,0.0
14651.82833037178,0.0
12318.702355437017,0.0
4824.434947101183,0.0
-476.04107343697433,0.0
6698.722312939561,0.0
15032.462480034485,0.0
7882.438587930633,0.0
6998.939170741922,0.0
-6713.259544521574,0.0
16101.986006880392,0.0
-3880.771625043859,0.0
-2374.7539877765284,0.0
5342.6422249846655,0.0
8860.908708217137,0.0
8794.773438654664,0.0
1876.4345338068933,0.0
6142.922165995049,0.0
2992.366361599278,0.0
-6567.622308054726,0.0
6413.185074250788,0.0
2852.4483946451155,0.0
12399.374290833824,0.0
7560.940402633509,0.0
16855.19227052688,0.0
14573.31867808751,0.0
16261.342326056802,0.0
19095.914844729545,0.0
14989.76875647265,0.0
7068.175042887731,0.0
20415.668669491548,0.0
1529.2650020359615,0.0
8782.620471774762,0.0
16577.221699994472,0.0
6810.151829836318,0.0
15187.887981284894,0.0
2946.365318940806,0.0
5385.601876824184,0.0
14087.331536022844,0.0
15347.70111658184,0.0
19236.054040466806,0.0
9007.992629693947,0.0
11966.981953895078,0.0
14903.35806233858,0.0
13804.012782560083,0.0
-1092.275574609068,0.0
5874.368008950314,0.0
21997.907243559086,0.0
47.2223410194656,0.0
14787.970594526982,0.0
6848.484438800597,0.0
18241.873110307875,0.0
4093.7913015711392,0.0
10876.812048443337,0.0
-6437.223643413847,0.0
10471.01566165143,0.0
19288.203507273895,0.0
-1941.4322068243382,0.0
20261.98827859953,0.0
4668.842885297929,0.0
10616.991984559607,0.0
-11988.518038665154,0.0
20113.286572556375,0.0
3662.0084225212395,0.0
6706.105436087806,0.0
611.9490761116158,0.0
2637.685033157475,0.0
21160.573115071522,0.0
7149.267349335811,0.0
18991.274109654812,0.0
10234.716626117686,0.0
14382.511376426886,0.0
7330.6421390866,0.0
15414.397973814412,0.0
32907.27836642941,0.0
17676.632928854364,0.0
15958.763105837039,0.0
8389.05327419385,0.0
20731.636938317846,0.0
23338.11506432147,0.0
-1821.4267979787492,0.0
526.4085435899487,0.0
29746.639803031867,0.0
16113.877512741326,0.0
13497.830209946722,0.0
17023.488009319895,0.0
21462.124737803177,0.0
19229.448493153788,0.0
11087.1197162165,0.0
29712.446488470363,0.0
12887.733267115153,0.0
5326.4372067271315,0.0
8455.576588238917,0.0
12236.255210733016,0.0
10305.514412524679,0.0
11793.737920143058,0.0
15380.939893704823,0.0
-13783.163784821561,0.0
7018.443986098007,0.0
21205.211267222483,0.0
18192.107912860378,0.0
7714.060173075517,0.0
8617.966795669723,0.0
23054.500538488093,0.0
11329.152555408844,0.0
9346.82537437985,0.0
29583.244945095663,0.0
10814.93335743372,0.0
19865.014356534375,0.0
13939.576475374657,0.0
14576.708269405755,0.0
6293.809261110599,0.0
7311.671306990345,0.0
24944.316428108243,0.0
4730.453715490898,0.0
16835.348443359995,0.0
4585.567729012313,0.0
12071.390260950882,0.0
14023.722425589263,0.0
1463.493833464825,0.0
24146.654590109905,0.0
13531.978230535962,0.0
25433.74082732996,0.0
7604.685959649403,0.0
22758.105997591243,0.0
34523.244457619745,0.0
16913.944678007934,0.0
10251.555047268128,0.0
19395.11519476456,0.0
16231.034486080758,0.0
13631.215747370341,0.0
14006.0247003261,0.0
10685.543747697646,0.0
18466.986632054835,0.0
12750.255599667656,0.0
8450.37721652491,0.0
22400.31252764151,0.0
14396.820317587022,0.0
37914.11543174423,0.0
14019.723689142724,0.0
10174.617726612372,0.0
11343.690193163002,0.0
18828.39110509398,0.0
10271.361257284341,0.0
5799.542173297219,0.0
29616.010386867674,0.0
6012.10355126317,0.0
28596.840232214447,0.0
17563.78943445737,0.0
7686.594039169397,0.0
30258.84133140222,0.0
14823.892533678083,0.0
8680.339087294313,0.0
17370.24732059549,0.0
27610.84567202894,0.0
22178.110647045345,0.0
23666.68338028713,0.0
31635.07058726542,0.0
18641.30650116883,0.0
19521.81871400532,0.0
15180.480543455653,0.0
4510.034815950588,0.0
15663.647210153033,0.0
30804.357106954347,0.0
2958.2792197024773,0.0
28572.127980375568,0.0
19463.136081430657,0.0
9700.135197985699,0.0
17624.079871711474,0.0
32434.127333681,0.0
12649.420263433105,0.0
23794.725941409175,0.0
27035.919674039957,0.0
10329.251113632596,0.0
23228.941144755045,0.0
21855.37352417019,0.0
13586.346686324167,0.0
23211.682977270066,0.0
14594.956388688397,0.0
12841.0348909479,0.0
7450.015454731823,0.0
21315.151168650278,0.0
14087.535348271997,0.0
13119.964181318232,0.0
8517.071233735483,0.0
6872.246324600574,0.0
11213.35758778372,0.0
23883.979716526956,0.0
11380.78031154386,0.0
30228.365491030134,0.0
21369.05681407773,0.0
19041.46057178087,0.0
8555.316616552935,0.0
34650.87591602234,0.0
6060.058388120482,0.0
22589.669564661664,0.0
31812.219805419438,0.0
16724.414751362307,0.0
12988.415686424578,0.0
17730.754825895045,0.0
25698.893918326597,0.0
29423.23993196957,0.0
23191.836550517088,0.0
9030.708331269476,0.0
12935.287248823475,0.0
19732.266795831314,0.0
7867.310965521096,0.0
16612.550347976103,0.0
36983.93595358754,0.0
9959.562629044727,0.0
28120.412295523565,0.0
10657.570309363076,0.0
15891.368205377981,0.0
17889.60506186985,0.0
6556.061558566806,0.0
17736.16382077888,0.0
29569.53577252986,0.0
24631.88444760074,0.0
23713.472036542116,0.0
11688.645692918391,0.0
17391.26962526062,0.0
20442.29113947553,0.0
23780.082450313297,0.0
30087.39006509324,0.0
10337.41293199806,0.0
32660.012629874567,0.0
16041.447744752848,0.0
16366.670665385707,0.0
8823.616567824172,0.0
18390.06114344621,0.0
16447.707621045407,0.0
8393.79354512651,0.0
16586.373948651024,0.0
19778.412220663708,0.0
16011.76754218806,0.0
25660.724006943725,0.0
10582.437482049876,0.0
26303.24801675752,0.0
17475.240126547047,0.0
21872.079750860154,0.0
3848.2212193979576,0.0
20411.180949949714,0.0
18746.339571363264,0.0
26560.615161963127,0.0
8864.05582621823,0.0
30300.91048101696,0.0
10190.354516917881,0.0
30285.5283113334,0.0
23540.563071086075,0.0
12925.669349846517,0.0
37115.545826257396,0.0
9498.021134127015,0.0
17690.588537706604,0.0
20761.713230303067,0.0
23189.490211279888,0.0
20908.31660491946,0.0
25700.10617726989,0.0
23552.881399346574,0.0
20057.693454928947,0.0
11474.620463868247,0.0
16115.68980381941,0.0
26233.074124810242,0.0
9717.461880011164,0.0
19920.41955492719,0.0
2870.5931887576953,0.0
13320.099005603519,0.0
5895.599353381231,0.0
30542.749430993194,0.0
3978.4531686780283,0.0
17441.31644857894,0.0
25129.92720768026,0.0
24506.12295234579,0.0
25587.808779073042,0.0
28226.85774262727,0.0
23277.985159803644,0.0
26070.34550738492,0.0
19017.387570854182,0.0
19506.768630112256,0.0
5307.674684073447,0.0
20581.21212102983,0.0
29964.89018382952,0.0
13639.301446576053,0.0
9618.21062265387,0.0
19736.001508316254,0.0
28775.71982673332,0.0
29385.485606083803,0.0
7239.322626095216,0.0
23299.01114115766,0.0
14314.647055621295,0.0
21908.704134629148,0.0
1134.4116319639652,0.0
27300.81916415816,0.0
16792.33425241815,0.0
21323.345305265164,0.0
18410.264731675325,0.0
11078.41283146228,0.0
24277.231744660483,0.0
15902.195570902262,0.0
13821.668357413146,0.0
25375.49715328516,0.0
19571.736434551294,0.0
14379.498432855275,0.0
27844.60460855592,0.0
14886.576221423806,0.0
20112.59000548934,0.0
26216.915489350024,0.0
27852.74882548822,0.0
30510.47110870148,0.0
33739.76850670474,0.0
20685.948174464418,0.0
13972.961522177913,0.0
34093.00953110144,0.0
31783.6189173416,0.0
17790.746030974096,0.0
26294.3827571102,0.0
17435.571814506213,0.0
7584.604679771663,0.0
29420.662526911503,0.0
23392.98685962026,0.0
21424.80356888623,0.0
34738.12300043136,0.0
31985.45824849062,0.0
15475.62905558205,0.0
11674.18983563625,0.0
5030.826747178429,0.0
20592.947746136142,0.0
17559.13863986605,0.0
24272.20535571338,0.0
20860.470405179527,0.0
14979.675711459886,0.0
17866.020734975205,0.0
8041.641766203918,0.0
31150.926587402977,0.0
16446.92038507175,0.0
26257.59741067071,0.0
15962.36881751099,0.0
21729.55854323366,0.0
26400.92061957488,0.0
19375.390880339306,0.0
14616.600604880081,0.0
40684.71291242856,0.0
19727.76620381334,0.0
26492.464954124735,0.0
20710.713021660275,0.0
15473.753669866037,0.0
32795.76558350919,0.0
24897.874352939263,0.0
24850.647862559337,0.0
3274.069758163383,0.0
24444.593342207565,0.0
29420.263738454843,0.0
23905.240946867587,0.0
20579.808209038107,0.0
31687.60174407883,0.0
24276.914206499987,0.0
27443.12349096623,0.0
31297.25078902518,0.0
30770.779303544758,0.0
11755.223749426817,0.0
25230.339744652792,0.0
16346.55829068235,0.0
6065.647787964204,0.0
24835.18942296296,0.0
8256.03469291901,0.0
18879.6384929285,0.0
2396.2996273378194,0.0
14191.290880876693,0.0
18555.623395644703,0.0
23136.512211354617,0.0
18410.814162381244,0.0
15380.245429914063,0.0
15959.213646492955,0.0
35763.97019557428,0.0
19347.080155808195,0.0
22940.282104946502,0.0
39178.02461394568,0.0
9219.419912982863,0.0
6418.681003638296,0.0
14907.244385910744,0.0
20071.48416148361,0.0
14219.347460931864,0.0
23963.63906814785,0.0
23217.497461579453,0.0
11164.544067248844,0.0
25445.73123884589,0.0
12111.85829410154,0.0
29608.64028595288,0.0
26693.331386207163,0.0
42301.167646465925,0.0
31090.695914065578,0.0
22256.14604383916,0.0
27233.977587332105,0.0
25664.673109300762,0.0
18386.5708261606,0.0
12179.432214606546,0.0
34237.21015978896,0.0
37778.670006350956,0.0
21173.53844187586,0.0
22511.153905681775,0.0
21142.200260911304,0.0
33361.29507426518,0.0
35064.83037827824,0.0
18300.807699924975,0.0
22147.25494849904,0.0
20766.989422829025,0.0
26994.3015283484,0.0
31834.21363538367,0.0
34017.37484389066,0.0
23149.574473485798,0.0
17698.388560218213,0.0
30320.575812034345,0.0
30500.661420492626,0.0
23120.34418540027,0.0
26765.919338514006,0.0
28913.63401260694,0.0
33561.76378171318,0.0
26602.179142336125,0.0
30262.079316230054,0.0
27406.989795532936,0.0
18583.164565823598,0.0
31830.67965303299,0.0
27263.292905732233,0.0
35251.85848348934,0.0
16846.728203855626,0.0
20709.468080470313,0.0
29930.432380090908,0.0
12302.24424108213,0.0
25875.818573328317,0.0
22570.065180660324,0.0
23616.24436721744,0.0
25151.20962488739,0.0
8463.588543961388,0.0
27759.911015101734,0.0
28003.569234253606,0.0
36297.40740961222,0.0
39186.38476397011,0.0
30201.87631559627,0.0
34795.62239707564,0.0
7727.6122142774075,0.0
31892.26203354304,0.0
37062.437922438374,0.0
35029.020511038485,0.0
30360.38473733944,0.0
24704.19117530195,0.0
25254.547513282763,0.0
28113.639523262173,0.0
31307.300100182372,0.0
33036.69868331978,0.0
27096.217605264177,0.0
17625.876529926652,0.0
43256.57195662966,0.0
21283.099246775695,0.0
6037.971494809455,0.0
40574.73410323556,0.0
36663.17606554886,0.0
30233.516066754637,0.0
36763.780192701524,0.0
32154.682773975583,0.0
21785.60289967008,0.0
29640.29972684626,0.0
18888.512583689684,0.0
23935.871042174578,0.0
21566.108657071672,0.0
30561.220035624963,0.0
37879.36981772374,0.0
23326.92674047928,0.0
32822.82665686647,0.0
11703.49497001983,0.0
20451.57088685396,0.0
33183.59112536163,0.0
37457.23326069045,0.0
37401.823976653955,0.0
38261.40949436005,0.0
15789.829730692996,0.0
25737.56582053024,0.0
8237.591631973886,0.0
28367.935891807352,0.0
31379.400716585966,0.0
26613.77928481945,0.0
21750.533388606265,0.0
33287.4868265053,0.0
34604.60212562854,0.0
31444.785230223017,0.0
25339.668583566687,0.0
30665.373166167174,0.0
30684.67516120541,0.0
31992.427452617325,0.0
35184.710410108244,0.0
29346.260899943154,0.0
18146.557061684944,0.0
28355.892305545156,0.0
33364.62050876523,0.0
26920.39362041041,0.0
32254.648714988147,0.0
24507.907404652455,0.0
41937.88245465932,0.0
33757.117545195506,0.0
31388.562922244335,0.0
36781.09698643963,0.0
36483.66581645323,0.0
31514.84575847314,0.0
38999.01096624135,0.0
35961.06647928062,0.0
32307.542595693263,0.0
30928.102620062185,0.0
21276.954058481082,0.0
32097.99559855431,0.0
32334.499623323034,0.0
23781.40928783434,0.0
42311.26259868469,0.0
30760.29168906285,0.0
22280.437293549614,0.0
27554.18537023683,0.0
30028.360155243365,0.0
30327.724237356037,0.0
24816.19873115916,0.0
31447.8305282824,0.0
18716.274315974275,0.0
27154.19495629239,0.0
34905.60571356613,0.0
25308.066776549367,0.0
36887.30696577909,0.0
38178.22012460639,0.0
25864.422499792832,0.0
11094.821777344878,0.0
38170.292712936905,0.0
42516.612334190715,0.0
17738.624634043466,0.0
32486.183986712203,0.0
34446.5823203207,0.0
18147.039760961306,0.0
27058.057274176797,0.0
41556.15106689463,0.0
33236.04194494661,0.0
31737.994026782133,0.0
40747.782748321,0.0
26594.836090378965,0.0
16658.198620222935,0.0
43151.66640509249,0.0
25269.91617291275,0.0
31893.09332057713,0.0
41309.48883702572,0.0
33736.96791792783,0.0
33024.69703286435,0.0
26322.174298762697,0.0
36805.195686633946,0.0
50341.96677306705,0.0
27041.705496041002,0.0
22385.64736768164,0.0
34654.28760015668,0.0
25888.82014558203,0.0
32872.789501886444,0.0
32409.758240586172,0.0
35885.915988684195,0.0
33910.78260685257,0.0
34404.395212368065,0.0
42653.14170895038,0.0
24242.138176923316,0.0
32145.552333120973,0.0
34846.42553671721,0.0
22000.00335801737,0.0
24449.124392587142,0.0
29186.70419646007,0.0
27689.7881541832,0.0
41755.85922757612,0.0
33309.45010219295,0.0
56656.54650834693,0.0
29045.99233228556,0.0
29392.626598040642,0.0
50908.44830078511,0.0
27322.79172981032,0.0
49821.91529330738,0.0
6784.992076345752,0.0
26556.130219428276,0.0
43482.57966609443,0.0
45775.61577400756,0.0
36151.1832356799,0.0
26863.33239554352,0.0
31207.970672471667,0.0
38775.01238829196,0.0
35307.39122587144,0.0
40529.640744679135,0.0
26102.055992166675,0.0
39507.82925690931,0.0
43350.58928808134,0.0
58314.174511182486,0.0
38011.2941881274,0.0
38404.47059198539,0.0
26134.321883716628,0.0
21748.543038680382,0.0
13304.150990315426,0.0
36129.08835337106,0.0
49610.74811099717,0.0
31875.24574958228,0.0
12385.212905310585,0.0
34437.71639710632,0.0
31095.08469693943,0.0
29757.68457484668,0.0
47453.25855085545,0.0
42824.90247647614,0.0
45851.466886511145,0.0
26030.6791867746,0.0
35961.318088414235,0.0
23750.845969567905,0.0
42931.3479782328,0.0
24009.6689100211,0.0
43376.39307999026,0.0
35220.00875143974,0.0
35307.3035887337,0.0
21746.57526810267,0.0
39105.65038902849,0.0
17817.28973443447,0.0
22630.950985613825,0.0
25933.722377770056,0.0
49888.11938996996,0.0
34887.72799889477,0.0
27562.13736133064,0.0
37540.852068509754,0.0
53071.5538783527,0.0
32271.028780087534,0.0
24679.15113168638,0.0
23692.053788109624,0.0
33044.41633198652,0.0
47466.137831371845,0.0
32458.479528612454,0.0
31258.564245654976,0.0
24724.302919574242,0.0
23999.339202530275,0.0
42000.17495474546,0.0
36290.67618013283,0.0
36836.474118993676,0.0
22145.29168107218,0.0
38261.27268755813,0.0
36592.180497590314,0.0
46577.88532737533,0.0
42394.454153235085,0.0
31764.664538823756,0.0
36671.537549717286,0.0
36856.33403141797,0.0
33066.69338356381,0.0
26266.987556080927,0.0
41482.32097691828,0.0
52716.21541951237,0.0
33672.96645847566,0.0
47794.57019144528,0.0
31269.507179833214,0.0
31202.946745123212,0.0
33841.60702717133,0.0
31801.158421372485,0.0
42391.17938212631,0.0
44183.58312679629,0.0
13130.017545061823,0.0
41092.147295023875,0.0
37513.734279694196,0.0
49166.89120475701,0.0
27112.019619398947,0.0
35732.85094234949,0.0
45036.64574444299,0.0
42569.07584536735,0.0
47260.715025009966,0.0
28716.402930904937,0.0
29064.92200609512,0.0
39881.77101459264,0.0
23624.18838487037,0.0
38657.340308062114,0.0
43168.43713514336,0.0
82979.37468309393,1.0
24120.80210484755,0.0
30419.952384849923,0.0
32395.791468074593,0.0
39061.066097651885,0.0
36883.98190076344,0.0
31650.39692678241,0.0
21067.61035809242,0.0
20320.637548117524,0.0
27136.643912765554,0.0
26602.365610256038,0.0
30394.799399757365,0.0
26332.975912763533,0.0
34445.21070414254,0.0
30584.977292188087,0.0
37416.33203579687,0.0
35396.83968431998,0.0
40647.51139596276,0.0
27651.20714150367,0.0
28084.489313195394,0.0
26676.218170266977,0.0
37106.90574748735,0.0
41885.093387684516,0.0
45576.35768105657,0.0
37671.37003451355,0.0
35040.72507758463,0.0
42852.190588085854,0.0
36077.43844936869,0.0
28638.768718198982,0.0
42680.73217709501,0.0
32741.613489407715,0.0
24403.38315693068,0.0
34859.02274662849,0.0
29580.459397479804,0.0
36373.934816932604,0.0
31071.97114276036,0.0
34265.48564064946,0.0
32101.377611453234,0.0
36210.75206188663,0.0
41788.808201572654,0.0
38573.436716492826,0.0
37388.1283918322,0.0
46258.4455997405,0.0
26078.346377522423,0.0
38458.06940017217,0.0
47069.0999696455,0.0
41947.814567776906,0.0
46910.07489821549,0.0
30171.36983168283,0.0
47440.77431004272,0.0
32064.828906520805,0.0
47011.99395165927,0.0
40249.61602819152,0.0
45459.46866539585,0.0
32163.70358342591,0.0
36253.10085922734,0.0
23112.283978771018,0.0
41597.43494994982,0.0
44533.35249461555,0.0
41738.62271422594,0.0
48064.78113247463,0.0
43791.84396250933,0.0
40037.9482913221,0.0
43838.537341406736,0.0
34698.28553787027,0.0
46739.382757882704,0.0
41021.08135792105,0.0
41941.81657493123,0.0
38310.088516378826,0.0
34133.8528573258,0.0
32282.334598616748,0.0
37032.11593994189,0.0
45398.262580638315,0.0
25581.368388529816,0.0
40391.92466013181,0.0
69579.61326157025,0.0
41924.42724017539,0.0
39195.99314203037,0.0
43907.45704716534,0.0
39240.22549818702,0.0
41417.82794347132,0.0
41417.89363933361,0.0
32546.508716826207,0.0
51028.9915554749,0.0
43017.26464760919,0.0
50896.64129064111,0.0
42688.21060738013,0.0
50264.88617000852,0.0
41930.54548531368,0.0
66525.65625039359,0.0
51304.4870979565,0.0
52779.05351222839,0.0
41364.75692183107,0.0
29038.421610368277,0.0
39376.343793523294,0.0
46490.28870905379,0.0
43421.167235013796,0.0
37391.378264973464,0.0
35910.92347723747,0.0
32259.537794095868,0.0
38782.61349704934,0.0
47485.69719740593,0.0
47694.53845644277,0.0
47395.372284513316,0.0
40708.142369375055,0.0
43584.533676968,0.0
42129.07205122248,0.0
46193.72646777217,0.0
45067.27219377979,0.0
47281.67728944739,0.0
41457.67203575516,0.0
41853.51058250601,0.0
53504.119707869155,0.0
53223.40510843597,0.0
24721.706373212357,0.0
45006.391249248954,0.0
45536.31999856133,0.0
49134.090234778945,0.0
24823.150260485585,0.0
28090.904892932132,0.0
38365.31153794486,0.0
43119.899305395906,0.0
32804.385081310684,0.0
51218.02871228253,0.0
50224.844048842184,0.0
47252.8538420345,0.0
49536.93685215914,0.0
32703.298106419017,0.0
41247.98026751521,0.0
23435.64145693236,0.0
50487.22013610295,0.0
51793.323255839045,0.0
45341.22182808985,0.0
34005.99714925834,0.0
42943.18280758893,0.0
50044.40757768311,0.0
32633.686486237937,0.0
44315.7089853768,0.0
48400.897125434974,0.0
36274.23121065647,0.0
38121.858407539,0.0
52724.38491891904,0.0
49178.037571025154,0.0
54467.486648495746,0.0
45390.290835722684,0.0
35547.81374171727,0.0
42685.16837359704,0.0
38172.32531052826,0.0
41175.14797506409,0.0
46953.61418090118,0.0
55368.548433127784,0.0
45125.92842706548,0.0
58887.337765503,0.0
32968.206022896506,0.0
42038.222142672756,0.0
43954.71221027798,0.0
26403.17818430469,0.0
30463.986025733102,0.0
41037.1783737661,0.0
44414.192861828175,0.0
47884.38729323025,0.0
44651.22268070004,0.0
41310.749347746954,0.0
33010.98021449597,0.0
44110.7272463435,0.0
57422.16426163286,0.0
47477.332344906754,0.0
37776.84409024758,0.0
45454.568302254855,0.0
47795.38161337367,0.0
54112.2640524826,0.0
39299.577444139526,0.0
47762.097525911755,0.0
48649.331298684716,0.0
41263.87254705957,0.0
43203.129459258125,0.0
40832.13811506432,0.0
44968.22451443709,0.0
46213.26354530244,0.0
34354.81930187145,0.0
43183.19655232661,0.0
57149.51182368958,0.0
44025.473301694066,0.0
28750.439312482165,0.0
55772.7248322445,0.0
42644.28226051643,0.0
45788.23868557767,0.0
48955.64020870316,0.0
41173.22349843522,0.0
36255.801763028045,0.0
38584.631427671986,0.0
46686.46348024427,0.0
44274.55299505733,0.0
42507.62437261915,0.0
61892.22258316848,0.0
46776.13717811002,0.0
52498.495203387174,0.0
62347.99660764559,0.0
45952.41262504679,0.0
41347.51448646004,0.0
42622.183269118126,0.0
45710.74738573022,0.0
58916.420282479885,0.0
53909.64704560716,0.0
43391.21020978119,0.0
40026.953342417335,0.0
51099.49525974206,0.0
59749.11223889595,0.0
39871.87912719697,0.0
58338.00913203904,0.0
47555.815502881596,0.0
45184.138541244465,0.0
43124.45788251544,0.0
39341.22648649736,0.0
41040.63022778471,0.0
55211.937259347906,0.0
33794.73558970538,0.0
41599.95695133949,0.0
44945.82097354521,0.0
35873.379906153314,0.0
41302.63264991588,0.0
33232.713642084644,0.0
50374.31164979531,0.0
50168.9068620137,0.0
33736.91775691796,0.0
56548.69644156387,0.0
36443.48851967397,0.0
29455.169078163133,0.0
30426.677009664345,0.0
48521.47794331811,0.0
25606.220542872903,0.0
44390.05075731802,0.0
46523.680098319586,0.0
52871.4245192854,0.0
41553.40444589109,0.0
54231.97059551545,0.0
41434.03232049731,0.0
52753.93560279493,0.0
36689.3351908919,0.0
47171.54170273892,0.0
42023.69671182748,0.0
46465.50822379279,0.0
63325.961623412484,0.0
44703.30926666939,0.0
45317.317321029135,0.0
46453.36420708532,0.0
47625.972102222586,0.0
27223.038296371775,0.0
51269.33123348131,0.0
33709.42102911784,0.0
28940.271513257474,0.0
46191.814554878525,0.0
34898.08250582668,0.0
46864.032213093764,0.0
54142.55706273009,0.0
45557.427293017114,0.0
36829.54229020966,0.0
45616.62926611137,0.0
61973.484137382846,0.0
46008.66528158289,0.0
59554.38931614671,0.0
57300.77211557522,0.0
35291.012596342436,0.0
52790.89760635781,0.0
34497.565105383976,0.0
50047.92989371677,0.0
49944.082965372036,0.0
43809.5025716062,0.0
32736.60956347458,0.0
42545.49689585503,0.0
42780.740474258535,0.0
48710.925101398774,0.0
44730.97852323789,0.0
50019.010065609866,0.0
42939.1611456163,0.0
32088.278129843664,0.0
45282.25816895318,0.0
57149.783424267174,0.0
38536.40212821186,0.0
37407.61543141603,0.0
30230.722457235293,0.0
61371.477987841055,0.0
37405.98175309037,0.0
54577.403333350485,0.0
47451.82909032613,0.0
44672.16199950897,0.0
46595.08861820025,0.0
61944.57291637299,0.0
60171.004629719595,0.0
50307.96632364786,0.0
42515.368450697446,0.0
58488.69078701481,0.0
52511.87099259419,0.0
47375.05554945931,0.0
50575.2383045392,0.0
40665.49571824769,0.0
52381.95066678465,0.0
44569.61295769069,0.0
44558.12781126519,0.0
36827.36373414275,0.0
47793.184160968485,0.0
49770.15187046347,0.0
34525.52037260836,0.0
49415.31967289121,0.0
50396.30117993715,0.0
57267.00338276333,0.0
56170.68937868512,0.0
41767.38906971215,0.0
57624.087319049715,0.0
50888.16048520942,0.0
44901.7837239008,0.0
41035.24216366199,0.0
54890.64090498689,0.0
54090.12807036507,0.0
43526.25869154428,0.0
50267.25260401358,0.0
44450.143555242204,0.0
40782.17328189057,0.0
40345.87126156884,0.0
52836.97761556624,0.0
50184.42698306503,0.0
51145.244952106244,0.0
49956.09175589262,0.0
48680.50227532035,0.0
55451.29297651563,0.0
34721.812544201064,0.0
54749.73689751214,0.0
38590.69780326049,0.0
46898.32611452393,0.0
49177.13968922454,0.0
48409.06365591191,0.0
52123.40221065621,0.0
41176.96913749389,0.0
61986.25550119319,0.0
57382.23526199201,0.0
53441.3299407811,0.0
54457.977077028205,0.0
45354.26490544758,0.0
34542.511345378574,0.0
36250.223301650534,0.0
52594.48852655721,0.0
27179.20965012744,0.0
61891.9481477074,0.0
52546.61583406674,0.0
41448.07123224929,0.0
44563.824698984514,0.0
35682.42560281199,0.0
48289.94155576843,0.0
52996.474606787946,0.0
58901.33754288905,0.0
38697.7089463935,0.0
57929.70026954003,0.0
51299.28564021529,0.0
49257.054272842506,0.0
49918.08039126699,0.0
52712.63007466681,0.0
64603.54893712756,0.0
62099.929814964635,0.0
56980.60155079515,0.0
44505.581352366826,0.0
48570.353457284255,0.0
57316.42653076507,0.0
53184.92897771945,0.0
44004.987893992,0.0
65443.443474059895,0.0
70072.2516892452,0.0
54601.683279859426,0.0
47634.76143169745,0.0
50536.04914765605,0.0
42238.911707185674,0.0
40981.0536987358,0.0
53593.79026867426,0.0
49075.95860556025,0.0
58802.201203743505,0.0
74877.8698021214,0.0
54946.32356953534,0.0
51786.50943678171,0.0
53089.95421056984,0.0
55380.72381684648,0.0
64142.05675990284,0.0
53079.14388372165,0.0
59433.800659324545,0.0
43810.33031935124,0.0
44434.37663453355,0.0
50764.9608457748,0.0
59863.6849902589,0.0
44807.978677506275,0.0
62661.31818530729,0.0
45136.541365010045,0.0
54648.042750527915,0.0
52886.90819467749,0.0
65808.88161072759,0.0
45049.067508335225,0.0
45871.69157232148,0.0
51047.022297552314,0.0
59446.41342159695,0.0
58921.72914977899,0.0
43417.4224003799,0.0
46759.1773557157,0.0
43013.4209686809,0.0
67756.62403994588,0.0
57854.17270778151,0.0
58825.25257670512,0.0
35764.864690660856,0.0
55631.05343387252,0.0
51681.109089468715,0.0
61886.09682238355,0.0
40684.14449499304,0.0
65927.05686284845,0.0
59531.73918541161,0.0
59097.125526571785,0.0
44939.64283809357,0.0
70829.31760823539,0.0
56717.64756930254,0.0
57225.950114076906,0.0
55132.31772225378,0.0
52852.02913758334,0.0
56394.37414576834,0.0
56947.9868157974,0.0
64371.95874910132,0.0
59909.109864869715,0.0
49518.993223202124,0.0
57021.858061992854,0.0
63512.94109551164,0.0
50612.416936151334,0.0
54596.1422562197,0.0
65213.96100026022,0.0
59286.54927399473,0.0
51811.471260804596,0.0
60737.383896855994,0.0
63471.11492605707,0.0
61757.07475620098,0.0
57353.69649070743,0.0
71790.66121478142,0.0
44513.180482040385,0.0
58432.90607385419,0.0
61191.77108524607,0.0
48531.87454249338,0.0
49643.18313805205,0.0
50246.191417170594,0.0
57135.67723204271,0.0
55195.55265347561,0.0
60572.55245258065,0.0
66071.02913390828,0.0
51344.12259970674,0.0
57019.2789879634,0.0
59544.71243504502,0.0
39324.81246221199,0.0
54189.98189803342,0.0
41775.250438807576,0.0
49475.541834040065,0.0
48302.905876161276,0.0
64972.22137866036,0.0
50401.28174955996,0.0
50111.15989920222,0.0
61756.43633163185,0.0
54227.23612089937,0.0
44015.762502746926,0.0
64921.48267091665,0.0
63824.790810081555,0.0
53185.157806984906,0.0
41847.984637084824,0.0
49892.97047155558,0.0
47806.423879674825,0.0
68638.9689738254,0.0
49858.64140337745,0.0
61880.64019782203,0.0
65760.46540751938,0.0
58006.920559565406,0.0
58179.582501258694,0.0
66217.13704380752,0.0
62887.439381855744,0.0
43125.04081351322,0.0
64210.74273335744,0.0
37433.42766295631,0.0
50327.261936828756,0.0
62450.65301450706,0.0
40728.87823991588,0.0
64444.0993616145,0.0
74207.36713468813,0.0
54396.68948383535,0.0
41160.01430133383,0.0
69543.8729686473,0.0
48253.19822471246,0.0
45409.460395953756,0.0
46656.72482048892,0.0
51225.8589319767,0.0
49951.22094320462,0.0
71228.73458364121,0.0
47728.71252695083,0.0
41508.647758529776,0.0
42617.38640564428,0.0
51845.939050949266,0.0
69261.85717051929,0.0
43883.82581171776,0.0
54302.057514953136,0.0
61580.53762946099,0.0
52800.85316148113,0.0
53367.64219962634,0.0
52486.378165863636,0.0
58807.78483405383,0.0
49536.99823288432,0.0
67718.53209091416,0.0
40789.46378496463,0.0
63834.390638782716,0.0
64707.473576367374,0.0
56399.17136729127,0.0
53736.80632144992,0.0
66236.79186391043,0.0
47967.4335181716,0.0
53937.5364989777,0.0
48665.370897093846,0.0
58079.03888976417,0.0
48657.14865583552,0.0
50439.11179641381,0.0
61295.17933191318,0.0
55825.16967195979,0.0
58499.55938809741,0.0
69571.78350125469,0.0
39813.58196827433,0.0
51760.106504705735,0.0
56438.57791003483,0.0
68005.40135468687,0.0
47514.171272860745,0.0
55698.659124530255,0.0
61206.85235169595,0.0
47854.2204015419,0.0
53027.11187004266,0.0
