39.671273449632785,0.0
38.86397271082661,0.0
41.72954617397299,0.0
39.87531244082375,0.0
39.59373550669609,0.0
40.663881111592204,0.0
39.06025223655682,0.0
38.10400091807266,0.0
39.61704497566688,0.0
39.16152964356575,0.0
37.47236627544414,0.0
37.40080499180902,0.0
37.11029573433152,0.0
37.35696803364354,0.0
35.175891711180434,0.0
36.66148545325667,0.0
39.18494220502857,0.0
38.96202370907399,0.0
36.9567595841163,0.0
39.859469798432016,0.0
36.552128403635336,0.0
36.72146234973894,0.0
37.043890133394925,0.0
37.95025229347151,0.0
39.30867392883695,0.0
39.79460493884729,0.0
39.396560175046396,0.0
39.13532954478911,0.0
38.61348604207745,0.0
39.29960158697096,0.0
39.80196516683429,0.0
38.70354241821788,0.0
39.4628613081323,0.0
37.25079432509303,0.0
37.86288783613301,0.0
37.552395385099224,0.0
36.26579433940663,0.0
38.166378838779366,0.0
36.506102452650914,0.0
38.9849710975982,0.0
37.99951481569842,0.0
39.240498438268624,0.0
39.004999056347984,0.0
40.259155921660366,0.0
39.43010994652374,0.0
39.614469693802974,0.0
39.80458606144148,0.0
39.64184015907439,0.0
39.08407573111338,0.0
38.846141140977,0.0
39.91934239448618,0.0
39.8652525784931,0.0
36.775517901014645,0.0
37.71644262601691,0.0
40.127127646164006,0.0
40.80857853503303,0.0
37.39486601943764,0.0
38.18245976779741,0.0
37.150990937004146,0.0
36.80889282135592,0.0
34.921033350463304,0.0
37.20298738837241,0.0
36.3797157541245,0.0
37.27197440396237,0.0
38.2083389834559,0.0
39.1251164750099,0.0
38.43795619545095,0.0
38.47555449568139,0.0
34.64628746040827,0.0
37.34047687085125,0.0
34.60711395821951,0.0
38.99114316519806,0.0
39.71116652549389,0.0
37.93957024003677,0.0
37.32799920388172,0.0
36.9480763030934,0.0
39.22804300269444,0.0
39.02975623979203,0.0
38.88322323833174,0.0
39.88324034511291,0.0
41.19544170974581,0.0
37.578331812344146,0.0
38.28135242791231,0.0
37.32533409822598,0.0
37.75165717204929,0.0
37.23406515462861,0.0
35.18169589286139,0.0
37.445391721178915,0.0
36.248807550784456,0.0
37.493715681095495,0.0
40.05931281679582,0.0
37.00307939338542,0.0
36.518578940026245,0.0
36.250299795215625,0.0
35.1383807323007,0.0
38.15077803206394,0.0
36.95834427046118,0.0
35.49167671562887,0.0
37.91741498254755,0.0
38.923761520400106,0.0
38.21518914805025,0.0
38.29814740101532,0.0
37.43820721427997,0.0
40.79731263500398,0.0
38.379128868334014,0.0
38.17233146131922,0.0
37.3079588136648,0.0
39.71077229951705,0.0
34.60832877164984,0.0
36.06367947755291,0.0
36.766906055706066,0.0
36.649304788161956,0.0
39.320561876891425,0.0
39.12576036667303,0.0
36.18058355416119,0.0
35.95240323650037,0.0
36.69191724655981,0.0
38.43839733298096,0.0
35.50105319257045,0.0
37.862476997087754,0.0
39.26371597595803,0.0
39.26020875883896,0.0
38.54165308031488,0.0
37.54979037017258,0.0
36.49955610141407,0.0
37.177335849310865,0.0
38.834283376376625,0.0
38.17137279809211,0.0
37.774187829908534,0.0
39.48439596348345,0.0
36.99459190753415,0.0
37.01862253416434,0.0
36.81726875212145,0.0
35.53674924412416,0.0
36.972486293943426,0.0
39.09799110436971,0.0
38.786608863983844,0.0
39.02454693866187,0.0
39.64427771001898,0.0
38.78087236299459,0.0
38.340921253565554,0.0
38.73460339523667,0.0
38.8817612046453,0.0
37.80543301017726,0.0
38.44715699280348,0.0
38.935180615852204,0.0
37.61989378348028,0.0
39.56731797028531,0.0
38.83728252736848,0.0
39.071511218205856,0.0
40.91869498118506,0.0
39.59577002829467,0.0
37.980452138217956,0.0
39.40635686502121,0.0
37.563586917542004,0.0
38.108199324318264,0.0
38.804321619968775,0.0
36.27334586467147,0.0
35.698977556365996,0.0
38.69022965181571,0.0
38.22908417885366,0.0
39.47721095220049,0.0
38.64787210176097,0.0
38.1627401630917,0.0
37.94272744152615,0.0
38.18575715702398,0.0
37.37918413915696,0.0
38.69717596462351,0.0
39.76768183959594,0.0
38.58887900662055,0.0
39.28052956681063,0.0
37.81474762138523,0.0
40.717002387659306,0.0
39.55659970421349,0.0
40.343914090455776,0.0
38.527989480888024,0.0
39.659756326887894,0.0
36.870222405739945,0.0
37.78439583687436,0.0
36.88572541718343,0.0
37.03207311475575,0.0
35.698978375896615,0.0
36.0244472785207,0.0
35.92239342436842,0.0
36.620553512867865,0.0
37.14071477897718,0.0
39.4655385242162,0.0
39.297974623334255,0.0
36.83576725298408,0.0
36.391934714411256,0.0
39.35000267331542,0.0
38.962981930809725,0.0
39.19167690641999,0.0
38.992127074784904,0.0
38.58272018117188,0.0
39.89908628524426,0.0
38.16630287485403,0.0
40.423429017012076,0.0
40.6279298950229,0.0
41.210843739738834,0.0
39.659589253417266,0.0
37.939439152394584,0.0
37.17258850906136,0.0
36.54246755078898,0.0
36.41523395130061,0.0
36.64339834878928,0.0
36.19103293646549,0.0
37.1444000591538,0.0
37.696347204406116,0.0
39.75308470479179,0.0
37.14626629200281,0.0
37.713095688347785,0.0
38.29804681419506,0.0
39.05603928488892,0.0
36.97463198702478,0.0
38.19002207497974,0.0
36.961919625100045,0.0
39.97104116048723,0.0
37.64311676167861,0.0
37.009265835446655,0.0
38.911756235872,0.0
37.79578244079448,0.0
39.03909109183389,0.0
40.08599213947584,0.0
37.43042065537398,0.0
37.79956786877459,0.0
35.73724295785703,0.0
36.33567233256977,0.0
36.02304905058567,0.0
34.73224443434135,0.0
34.73181706357493,0.0
35.554619186754316,0.0
36.89105819910081,0.0
38.09005353961057,0.0
38.24165885683499,0.0
36.86694362542267,0.0
33.85326442092747,0.0
37.44098719954909,0.0
35.86716226517996,0.0
36.27630281336471,0.0
37.00480907424377,0.0
38.27155325313702,0.0
37.91304679854897,0.0
37.61742777481525,0.0
37.57698403739313,0.0
38.87794299658297,0.0
37.211378740690385,0.0
37.225316514508165,0.0
37.64685926564978,0.0
37.447992362113226,0.0
36.33093281257267,0.0
36.92728368083658,0.0
36.83192265363599,0.0
34.872485467165106,0.0
36.94336668960064,0.0
36.41516636761616,0.0
37.64792055526866,0.0
38.45262526051706,0.0
36.95039249468274,0.0
37.63380651004176,0.0
38.00905598864514,0.0
36.62369135160537,0.0
36.91480577976979,0.0
36.074817386113644,0.0
37.443159067404814,0.0
38.4604706064077,0.0
39.41517022552077,0.0
38.354784660992955,0.0
37.121582990331945,0.0
38.79678400600591,0.0
38.66036646266888,0.0
38.88785535360009,0.0
38.01050071103172,0.0
35.619826033865536,0.0
39.96460423703657,0.0
34.44765639027955,0.0
36.58887338413396,0.0
34.114866471640084,0.0
35.975714383287865,0.0
35.346257713335774,0.0
38.500265725036414,0.0
36.20122786256049,0.0
38.5677782985861,0.0
37.802707646194925,0.0
36.22062141271151,0.0
38.5365108673531,0.0
36.33437839665878,0.0
37.75110580987452,0.0
36.15248021991365,0.0
39.299235683674816,0.0
37.53275223467894,0.0
38.17133568684583,0.0
36.86260823539622,0.0
37.534610524588686,0.0
40.541771577639075,0.0
37.988751568790526,0.0
38.18495486575929,0.0
36.5484832218551,0.0
36.36840943563607,0.0
35.76807431416326,0.0
35.544339729975135,0.0
37.78122458803716,0.0
35.085953588030385,0.0
35.73800639140403,0.0
37.649870394203084,0.0
40.36970456274732,0.0
39.80396948408116,0.0
35.891023559731074,0.0
35.03913407965467,0.0
38.46570986562344,0.0
38.21994399008153,0.0
38.63001663282732,0.0
38.23640832254505,0.0
39.93377073577404,0.0
39.485540439649405,0.0
38.82144277646114,0.0
39.63667679526126,0.0
38.40685665281186,0.0
37.639101044861576,0.0
38.94814452932553,0.0
37.6612214660641,0.0
35.90375275835502,0.0
37.23430133697978,0.0
36.92820623067623,0.0
32.6341056759893,0.0
34.77881027290381,0.0
36.593705458781834,0.0
37.324643177252106,0.0
36.72511780548713,0.0
37.82205026129934,0.0
39.31631925120595,0.0
37.62990925693695,0.0
38.188415266266155,0.0
38.62882298482463,0.0
35.818825218758015,0.0
37.84769775627206,0.0
38.25516879609006,0.0
39.1356572129692,0.0
38.04244132076853,0.0
38.51673391648003,0.0
39.97603899889346,0.0
37.539402288777566,0.0
39.66168645156309,0.0
38.14576228670408,0.0
36.93750366570768,0.0
38.5954336108768,0.0
36.62879615343238,0.0
38.103418143979475,0.0
35.473985440063906,0.0
37.471348091064016,0.0
34.451445735576144,0.0
37.53932909240896,0.0
35.3950702689305,0.0
43.07697845805339,0.0
38.2560751622423,0.0
39.79665939342613,0.0
38.51905645709423,0.0
37.80267355191656,0.0
37.8365851779588,0.0
37.31552722601869,0.0
37.97697626863183,0.0
37.732545462431254,0.0
38.41964522894509,0.0
39.72836687119868,0.0
37.713088755576095,0.0
41.14321779033208,0.0
38.62028379176978,0.0
38.725108028733025,0.0
37.1714073645911,0.0
37.301494302376135,0.0
36.15461701690333,0.0
34.93614158819158,0.0
37.563439873964604,0.0
34.34341303464363,0.0
38.42818339201689,0.0
36.05523676464376,0.0
36.16561512205801,0.0
40.55032914380485,0.0
39.12146907078888,0.0
37.687270729226654,0.0
37.60354296612769,0.0
39.40173427273752,0.0
39.385373106344254,0.0
37.193306256749594,0.0
38.55751513707438,0.0
38.83898009706474,0.0
38.948385817037945,0.0
38.3474743137214,0.0
37.968058471781625,0.0
38.45156276746827,0.0
39.01019542322371,0.0
37.622608409022476,0.0
42.3114196847141,0.0
37.609091331443004,0.0
36.261846834151065,0.0
36.222741069765284,0.0
36.86761942251565,0.0
34.51237870460076,0.0
36.91118054303214,0.0
37.106419064258574,0.0
36.7258844867428,0.0
38.65892045320827,0.0
37.613830707166876,0.0
37.240398120922706,0.0
37.07130799185235,0.0
35.21349273850804,0.0
36.196813069027954,0.0
35.566813010482825,0.0
37.97124201033844,0.0
37.24504195253552,0.0
37.08988836149906,0.0
36.8954117900339,0.0
35.8032731014872,0.0
36.74081853069087,0.0
40.052634788040805,0.0
38.37520262220525,0.0
39.727152304778436,0.0
36.946580638887944,0.0
36.24930810886736,0.0
35.68023157451307,0.0
37.401830100778895,0.0
34.07352722244916,0.0
34.32648059412953,0.0
36.50525193780709,0.0
28.635462655754672,1.0
35.933715079947724,0.0
37.987457046751636,0.0
38.07194645032205,0.0
38.71898470727892,0.0
37.16943741130553,0.0
34.921368464055774,0.0
37.11935372968914,0.0
37.97434247581172,0.0
36.09225340912582,0.0
36.97827564966493,0.0
40.04379516832901,0.0
36.09169982650438,0.0
38.81052881314277,0.0
37.07005305435253,0.0
37.89325643810105,0.0
37.59393016671287,0.0
35.924169924430615,0.0
37.42688956902337,0.0
38.68393389024853,0.0
36.29134328977501,0.0
35.01122279001264,0.0
34.998974052963106,0.0
36.437096352947194,0.0
36.810078498146886,0.0
39.1733217012175,0.0
38.818822021810924,0.0
35.98300357921394,0.0
38.67616758554446,0.0
36.773195500553264,0.0
36.77539117707018,0.0
35.79909024769041,0.0
38.542270828690334,0.0
38.20189602406457,0.0
36.37277293570792,0.0
38.12367596788377,0.0
37.03308624142238,0.0
37.27060209069141,0.0
39.381951598922186,0.0
36.86443689697438,0.0
38.632279365962965,0.0
36.34275577649688,0.0
36.443116976563196,0.0
34.727888557695714,0.0
35.84695009323341,0.0
35.0691310250087,0.0
36.074804457644014,0.0
34.72266937621991,0.0
39.49892701654194,0.0
37.752361420259405,0.0
39.19813984326532,0.0
36.678975657148115,0.0
35.064365492206925,0.0
38.80842607530089,0.0
34.404940445585524,0.0
36.244469971287245,0.0
37.55888035111031,0.0
37.96535943211602,0.0
37.674166663186355,0.0
38.28647764255283,0.0
37.90162900563001,0.0
37.71869141775599,0.0
37.6838156060569,0.0
38.26986329979744,0.0
38.17433396129529,0.0
35.65839933753567,0.0
36.97852440370987,0.0
35.05518147978411,0.0
35.22182592481403,0.0
35.25013400232373,0.0
36.8681476880586,0.0
35.92149662685751,0.0
37.707851866532096,0.0
38.52365140754208,0.0
38.4959043867638,0.0
39.33330649140267,0.0
39.422298793397815,0.0
36.17340090534772,0.0
38.886624578011286,0.0
37.40625202126198,0.0
38.091803377709056,0.0
35.83386547115161,0.0
39.710888002786454,0.0
40.17769236254523,0.0
37.005371226088414,0.0
37.46611243825692,0.0
39.99977023545133,0.0
40.37342557995963,0.0
40.19917168743851,0.0
33.58294912544088,0.0
36.17807609151405,0.0
35.210712330170836,0.0
35.738321189208335,0.0
32.31065296317062,0.0
36.157952243505484,0.0
35.88575494286484,0.0
37.78067394222893,0.0
37.59489103976908,0.0
37.305683744502055,0.0
39.35807076747256,0.0
37.026880819821315,0.0
36.49288420966265,0.0
38.81637247900812,0.0
37.87578110422201,0.0
37.23042548925486,0.0
39.338098129519565,0.0
37.33596007716815,0.0
38.03158380834974,0.0
37.65160007374087,0.0
39.91175200302648,0.0
40.68596458767116,0.0
40.595362556472125,0.0
40.09766416616505,0.0
37.853181412992534,0.0
39.3859082306085,0.0
39.13487550753411,0.0
36.45624076779555,0.0
36.90436878658381,0.0
36.01378400921466,0.0
36.22188758210231,0.0
39.370388872640326,0.0
38.852147799411135,0.0
39.17432028183716,0.0
40.4038973304414,0.0
39.7449878509597,0.0
36.80918158259276,0.0
36.729666671227676,0.0
36.88896406891904,0.0
38.0203336733301,0.0
37.39780115141605,0.0
38.829175398368335,0.0
38.093444280535294,0.0
37.248566452684656,0.0
37.916378316814104,0.0
37.76505171305346,0.0
40.47756650682352,0.0
38.35616736213412,0.0
36.44318379009472,0.0
36.47608250800448,0.0
34.925782141343056,0.0
36.249206097217474,0.0
34.40048921454026,0.0
35.22668123531266,0.0
38.10991809461467,0.0
36.59380579561158,0.0
38.43894040855698,0.0
37.49908274442204,0.0
36.602954341550856,0.0
38.09886034184263,0.0
36.94011240305337,0.0
37.37126124966458,0.0
34.64755151686299,0.0
38.125948250495156,0.0
38.871887548400636,0.0
39.20535588547281,0.0
39.146723882596014,0.0
39.04543191625734,0.0
38.78188113313578,0.0
40.35891128490728,0.0
40.46066943453212,0.0
39.12156610890404,0.0
36.46826583107942,0.0
37.794690101034725,0.0
36.43488224325932,0.0
34.57899360187731,0.0
35.570740156497344,0.0
34.67474799623725,0.0
35.60369884013526,0.0
34.79045310867902,0.0
37.68244592761526,0.0
36.91029506624372,0.0
37.44893081575243,0.0
36.39045365511855,0.0
36.246019531658035,0.0
35.45084240257419,0.0
38.90036987774815,0.0
38.02977820861975,0.0
38.151040957525915,0.0
39.41069720048271,0.0
35.645359887756946,0.0
37.28951606331006,0.0
37.01302153337534,0.0
39.22498802925846,0.0
37.91057568220101,0.0
38.19660023094715,0.0
36.92424110360679,0.0
35.88152130648713,0.0
35.76927251448373,0.0
34.08424413755057,0.0
36.8663998488656,0.0
36.398433485420746,0.0
38.164380977043976,0.0
39.28976895584645,0.0
37.73815902831542,0.0
37.937025693464086,0.0
38.31692443865594,0.0
35.59245456443086,0.0
35.41463353422774,0.0
38.12864856326147,0.0
39.08032735611842,0.0
38.44632085663379,0.0
38.74107538070491,0.0
36.848154042790945,0.0
38.793207077354545,0.0
39.01901771690858,0.0
36.947362102432514,0.0
39.54266276449073,0.0
36.65905790361298,0.0
38.11272269874206,0.0
38.03842425078458,0.0
38.02734060560698,0.0
35.98525231313857,0.0
33.48748136315847,0.0
35.526684473195964,0.0
36.002953854847306,0.0
36.590291208190614,0.0
39.26070833229639,0.0
37.91398183613918,0.0
38.96027294951378,0.0
37.731515412604004,0.0
37.54492975525169,0.0
36.46209679234489,0.0
35.587005645283206,0.0
37.636726175439605,0.0
37.66694126812843,0.0
39.8254130507996,0.0
36.218802009370904,0.0
38.61754136267271,0.0
37.9325959378062,0.0
36.42501681734891,0.0
39.42770197147382,0.0
39.695264022617614,0.0
38.27387601307571,0.0
35.693429292295555,0.0
34.42229192976621,0.0
35.62135477311786,0.0
36.79282942814552,0.0
36.91131805500733,0.0
37.365755883727296,0.0
37.36096337220872,0.0
38.226053316897804,0.0
35.72881318002654,0.0
38.01511910230128,0.0
37.95918800753198,0.0
37.37011568353466,0.0
37.102724861995206,0.0
36.584962920970426,0.0
37.20414296549049,0.0
36.58565785632776,0.0
37.76205580420324,0.0
38.86229009885325,0.0
38.434892776308516,0.0
36.39720142961503,0.0
39.732575558101814,0.0
38.09247889181481,0.0
35.26037066764872,0.0
38.19664127592839,0.0
38.317021974709625,0.0
36.52458420829872,0.0
36.49089089338997,0.0
36.38451909386571,0.0
32.86239651379916,0.0
34.26411676640616,0.0
32.82440243725481,0.0
34.74371233906069,0.0
35.68665417808204,0.0
36.88901360609377,0.0
38.38534762514945,0.0
37.521717757119276,0.0
36.58882364491762,0.0
33.30214377188641,0.0
34.579075087618875,0.0
36.91179503560968,0.0
38.79598178688782,0.0
37.123540455191005,0.0
38.37302926141157,0.0
34.60116610144924,0.0
35.17662838507081,0.0
35.26656005384946,0.0
37.863347984971575,0.0
37.84339439336706,0.0
36.77377939308681,0.0
35.593712187343925,0.0
36.12260924184317,0.0
33.81873944332726,0.0
34.922285785796966,0.0
34.680394440490346,0.0
34.49536482608101,0.0
35.38611196136835,0.0
36.26221970330775,0.0
38.11543264544305,0.0
37.69055787196899,0.0
35.75302465054016,0.0
36.55628869903167,0.0
36.982188175991844,0.0
35.362196725080395,0.0
37.466517026034985,0.0
36.58707622855629,0.0
37.784331977055736,0.0
38.120966522611866,0.0
36.71979830118417,0.0
38.89736752642364,0.0
38.534892195776635,0.0
37.8095584166706,0.0
38.847642644468294,0.0
36.61973640156062,0.0
35.826154290471216,0.0
34.57898213215222,0.0
32.96951644465628,0.0
33.162900906554924,0.0
32.958386966940054,0.0
33.794036505614685,0.0
38.139207635601224,0.0
36.775593148687726,0.0
35.575507037183996,0.0
35.098717662703876,0.0
35.64362448226439,0.0
34.80744055865751,0.0
34.6377465194797,0.0
35.63234081356729,0.0
33.948064524964906,0.0
35.55761763908463,0.0
36.85240999670577,0.0
35.907641509699765,0.0
37.208154171463796,0.0
37.348881808747194,0.0
38.65974195194714,0.0
35.13061763342301,0.0
38.16852199935994,0.0
38.31045075653533,0.0
33.607104241030015,0.0
35.12784192284152,0.0
34.88008237404654,0.0
33.057578351763205,0.0
33.18354431369372,0.0
36.869050968374,0.0
37.740201918640054,0.0
37.4665556688621,0.0
37.46565503512343,0.0
36.54166244713991,0.0
33.6860132215779,0.0
37.637486295507316,0.0
35.383789845566845,0.0
36.72721944303319,0.0
39.09657207513516,0.0
37.38954481749488,0.0
37.93802078721892,0.0
36.98222319471124,0.0
39.014291694458734,0.0
40.975852242264985,0.0
37.58991568425122,0.0
37.508586015681374,0.0
39.23491217162764,0.0
38.12366234100374,0.0
37.97710851629212,0.0
36.61379663929946,0.0
35.95000451011931,0.0
34.53633310795038,0.0
35.771400992096225,0.0
36.07337030553322,0.0
36.617126587399554,0.0
39.268716018933425,0.0
37.84476039883441,0.0
35.183314008865445,0.0
36.64318055041224,0.0
36.99654265606041,0.0
36.36470232977366,0.0
38.051369720451284,0.0
37.753981061071606,0.0
39.762463128282,0.0
37.3086050323059,0.0
36.5554095250124,0.0
39.912672287436294,0.0
37.43763863098544,0.0
40.745744432489126,0.0
36.56850398619952,0.0
37.637280782394164,0.0
38.476416425446025,0.0
39.533326328727,0.0
38.45509669818596,0.0
35.5092040031981,0.0
34.61472975369885,0.0
35.394019231804755,0.0
37.268348149448045,0.0
39.25916344690991,0.0
36.94768300946275,0.0
38.34998703904128,0.0
39.08396203629799,0.0
39.61153007060034,0.0
35.72304184110013,0.0
36.93517892999179,0.0
35.23644587057309,0.0
36.037386158456265,0.0
34.88786696702431,0.0
39.705063272320174,0.0
40.71687433544592,0.0
36.661797923078325,0.0
35.824406475856165,0.0
38.149427102531995,0.0
38.8070779084963,0.0
38.431846256251994,0.0
38.68002876712648,0.0
38.938829803980546,0.0
38.508037075436185,0.0
33.85798547141787,0.0
35.685028666469464,0.0
35.20209538746659,0.0
36.72138147753213,0.0
36.57721789762168,0.0
39.382276546761204,0.0
38.666616949445604,0.0
37.31161386085532,0.0
35.09602391578526,0.0
36.76681640785792,0.0
36.6162671578444,0.0
36.078199778204095,0.0
38.12224712344403,0.0
40.5149802553908,0.0
38.28921480243827,0.0
39.4707752342162,0.0
38.04466002815125,0.0
40.76199129003421,0.0
37.829877377429774,0.0
36.452084561222534,0.0
36.795569244493464,0.0
37.40384266588244,0.0
36.493465162180705,0.0
35.30050910527626,0.0
35.57117722814876,0.0
32.8210804358414,0.0
33.81378577521135,0.0
36.38571515578753,0.0
36.996293840178595,0.0
39.425261273127965,0.0
35.947873927553154,0.0
39.33598475994395,0.0
37.68110087614512,0.0
39.321468337524884,0.0
38.03613232393632,0.0
36.819967750962924,0.0
37.6996218349787,0.0
38.56405832466417,0.0
38.715792787837614,0.0
36.93171230206596,0.0
38.53435842618519,0.0
39.80793702733373,0.0
39.17214445732391,0.0
39.568986704483244,0.0
37.01207867435995,0.0
36.88296736992583,0.0
37.76696313983327,0.0
36.31183749263808,0.0
36.9197182338329,0.0
37.313803019053566,0.0
32.593194024895745,0.0
37.2415281831414,0.0
37.78308648015522,0.0
38.25133449784928,0.0
37.688244629535504,0.0
38.36884017211577,0.0
39.48255397825839,0.0
38.65803638172618,0.0
39.24470240759693,0.0
35.9806880381463,0.0
36.01894905553467,0.0
38.44852904060563,0.0
36.43139808554447,0.0
37.805369246461176,0.0
37.517660747824415,0.0
38.028982150570414,0.0
37.863934391184024,0.0
37.19275657967026,0.0
36.32121381977902,0.0
37.3080771263543,0.0
36.29363558383406,0.0
34.39881302020288,0.0
34.28700114427654,0.0
33.24061319695244,0.0
33.44242733588585,0.0
36.8870984205213,0.0
37.08343552939481,0.0
36.26567934601023,0.0
37.85623083804903,0.0
34.9576896857234,0.0
37.44451388433295,0.0
36.277785382942966,0.0
36.29893876997987,0.0
34.88592411532652,0.0
35.56527738034544,0.0
35.64101971279866,0.0
37.04631080353596,0.0
37.95637239531205,0.0
38.456913227746895,0.0
39.6608615315912,0.0
38.21888003143009,0.0
38.465403475393664,0.0
37.056913482635565,0.0
34.77637425665256,0.0
36.46434972063853,0.0
35.69384632615524,0.0
33.76129507915841,0.0
34.54134482391185,0.0
33.19988688874372,0.0
35.99668569825401,0.0
35.716058172011,0.0
37.36356859453733,0.0
36.69980877079322,0.0
38.096162703456024,0.0
37.2550658295815,0.0
37.093796261278264,0.0
36.01544421848016,0.0
36.86190928120371,0.0
35.73803396326742,0.0
37.17698266899858,0.0
38.20050830465452,0.0
36.915255969513154,0.0
38.115121639172386,0.0
37.134143227253816,0.0
40.97669253287922,0.0
37.825316473596786,0.0
39.745855516924905,0.0
35.69357258682344,0.0
37.44230927010869,0.0
34.764968099741495,0.0
35.072460321705016,0.0
33.515781369300086,0.0
35.9002169947809,0.0
36.41836834041747,0.0
37.004317061541826,0.0
38.3190729304315,0.0
37.640764708548836,0.0
37.91504608572682,0.0
36.75741796853896,0.0
37.576047144343654,0.0
37.608921005936814,0.0
37.50409062264717,0.0
37.43028264056206,0.0
38.36451828646917,0.0
36.91533612925681,0.0
37.487246656334136,0.0
36.81369778220193,0.0
37.79307592408739,0.0
35.38766682625548,0.0
37.420987479239855,0.0
40.859397478945546,0.0
38.18994491658299,0.0
35.38962592163512,0.0
37.02337516538308,0.0
34.968388858985236,0.0
34.27282603184716,0.0
36.4615516162884,0.0
36.050900561270645,0.0
38.05590220060918,0.0
37.127533525732865,0.0
37.881222255606964,0.0
35.30202727783295,0.0
37.08460200306751,0.0
37.1056823748781,0.0
40.166141939020854,0.0
37.91310216861959,0.0
39.87377019937855,0.0
37.18325955036351,0.0
36.75645634757975,0.0
36.25903391129521,0.0
37.44452230345231,0.0
38.839030601369345,0.0
38.785984581028394,0.0
38.02291769969696,0.0
36.09527488822212,0.0
35.56358826246158,0.0
37.39512182055745,0.0
37.08188444281382,0.0
37.82845765199959,0.0
35.655585095685524,0.0
35.628585225674684,0.0
37.279591115330085,0.0
38.0089085540791,0.0
38.82778851152375,0.0
38.00251963511302,0.0
36.883026348915834,0.0
36.88817235843475,0.0
38.30827109314819,0.0
38.038995508200365,0.0
35.594626507246915,0.0
37.55707183328551,0.0
38.6987776309222,0.0
38.269206886278205,0.0
36.16517066581589,0.0
36.391946048333224,0.0
37.99194074124388,0.0
39.45819233125242,0.0
36.84138346571751,0.0
38.502745294602555,0.0
38.54674969879413,0.0
35.94737761610478,0.0
36.535017479056215,0.0
33.68660988659234,0.0
34.63950157537724,0.0
32.90955534483593,0.0
36.49774001595829,0.0
38.4509024233981,0.0
38.39149558458013,0.0
36.80344167024109,0.0
37.84952996908834,0.0
38.331984629454865,0.0
35.96378563221685,0.0
36.927847900649425,0.0
37.303333476615535,0.0
36.41649576335719,0.0
36.46591361746001,0.0
38.93902737630313,0.0
37.9871951511417,0.0
36.94942793787846,0.0
38.143116242082705,0.0
38.81048571642228,0.0
36.95768961520032,0.0
38.387419259139286,0.0
37.80274056813776,0.0
38.32668669384512,0.0
37.182838873056035,0.0
36.69797243121154,0.0
36.954919595941796,0.0
35.12116162163989,0.0
35.90834812561595,0.0
36.546131173501315,0.0
35.43045173862093,0.0
35.664893101801994,0.0
35.849591821832014,0.0
38.04811286872291,0.0
38.144186605338525,0.0
38.19046030164781,0.0
35.2104360288744,0.0
35.707001219747575,0.0
36.846732092794895,0.0
38.4288178893994,0.0
37.25542305561232,0.0
36.021783640772306,0.0
37.12210776805942,0.0
40.21343377572407,0.0
39.8793782097303,0.0
36.78938059185996,0.0
37.528845949763486,0.0
37.514216297449906,0.0
35.8538544171338,0.0
33.9858796622258,0.0
33.45082105759813,0.0
34.68442508899213,0.0
35.06574959454127,0.0
35.79058231048732,0.0
37.91872801946529,0.0
38.89609287186876,0.0
36.01665429373579,0.0
33.74449302088259,0.0
37.50910031822591,0.0
35.4171045705849,0.0
37.00988861032471,0.0
37.50647413930393,0.0
37.360524668354394,0.0
34.683358289537075,0.0
35.806683781522494,0.0
37.06901777430452,0.0
38.54974066969474,0.0
39.850710197901414,0.0
41.21952079642604,0.0
37.33323237439831,0.0
38.51704265409307,0.0
40.407395628287745,0.0
35.95410895923884,0.0
35.25140205452431,0.0
34.83021002303087,0.0
35.806312601652,0.0
37.49741939350785,0.0
38.7982356378945,0.0
36.370338679078145,0.0
36.496013546741665,0.0
36.59027776571222,0.0
38.22197216943356,0.0
35.34922778519277,0.0
38.65327640080046,0.0
37.13990846412915,0.0
37.928830104088355,0.0
36.493880952519056,0.0
35.799469993145514,0.0
36.78670045567513,0.0
37.93398787394359,0.0
37.791053123053395,0.0
36.97755713944677,0.0
38.59017766525512,0.0
37.22843447306711,0.0
34.641142951170416,0.0
35.46206738392547,0.0
36.49548681205834,0.0
35.30541979564583,0.0
33.49325538541899,0.0
36.94580890232342,0.0
35.92919881353072,0.0
35.30653085122046,0.0
34.47146810485691,0.0
36.35880464844265,0.0
35.146545788461886,0.0
36.41535057181231,0.0
36.69175214728802,0.0
36.79772154148818,0.0
35.220089583799194,0.0
37.98667357837623,0.0
35.773033673613554,0.0
37.865728096673465,0.0
36.43300224535967,0.0
37.01455647518713,0.0
36.951614609661206,0.0
38.204128596527234,0.0
40.792112902562444,0.0
38.59323141263764,0.0
36.248750872237714,0.0
35.81854644613001,0.0
37.53965560915301,0.0
32.98711510848209,0.0
35.45826496610053,0.0
33.39282854428511,0.0
33.752269841387,0.0
37.25142995299585,0.0
36.8199873448309,0.0
37.18677696333469,0.0
36.41458294473961,0.0
37.19633213744348,0.0
36.73661815592009,0.0
37.2505213623998,0.0
38.35756336546476,0.0
36.30159227853854,0.0
39.135653062672574,0.0
38.65114454460788,0.0
37.41334179727669,0.0
37.19619410235916,0.0
36.10476047874964,0.0
38.947000544779534,0.0
38.926699271116405,0.0
37.585503310702535,0.0
35.649549792223254,0.0
35.37825716343001,0.0
36.24599214609453,0.0
35.56525216400899,0.0
34.413020866141466,0.0
36.669274613490856,0.0
37.0481365719538,0.0
36.04599200591667,0.0
38.93852879644683,0.0
38.22040317619637,0.0
36.46511148809913,0.0
35.18672447152799,0.0
35.03931721228561,0.0
37.701481849098364,0.0
36.20495019630871,0.0
39.290239430356436,0.0
38.22852039101658,0.0
37.98037177224326,0.0
38.549553930649495,0.0
40.96823471262421,0.0
40.768729442380874,0.0
39.1469865925495,0.0
37.53399032131103,0.0
38.351905383381116,0.0
37.65145208771384,0.0
36.35564156542387,0.0
35.62968976230637,0.0
34.658108521056946,0.0
35.86122207506881,0.0
33.67952917320648,0.0
34.486566566339384,0.0
35.726874638600044,0.0
36.936067043733495,0.0
37.891214842643116,0.0
36.08906855809408,0.0
37.51720574483901,0.0
37.09498175586525,0.0
38.604440188136074,0.0
38.73316600813143,0.0
36.943989538153815,0.0
39.66252021181998,0.0
38.533788219746434,0.0
38.56470447276246,0.0
36.66013147518434,0.0
38.378582826111234,0.0
38.75600825711083,0.0
39.09944796925633,0.0
39.22445836203354,0.0
37.45719072139558,0.0
36.92791043189741,0.0
36.24680052052394,0.0
38.28831331106681,0.0
36.193773779178,0.0
35.67550848256876,0.0
36.92028706566625,0.0
36.4415754105357,0.0
37.388438051742924,0.0
35.160513522536014,0.0
38.47912244173239,0.0
34.92889119461161,0.0
35.76277370513922,0.0
37.21785253057014,0.0
37.87500159588705,0.0
38.16352977799257,0.0
37.469914095982354,0.0
38.94770053232013,0.0
38.2627596437564,0.0
38.019824619824895,0.0
38.03240113659171,0.0
37.33616095245481,0.0
36.01228238913205,0.0
35.424956970572566,0.0
36.74495791313632,0.0
32.46204525347182,0.0
37.118617191663105,0.0
35.3954044879558,0.0
34.155284422371686,0.0
33.54264440158447,0.0
34.00284088224264,0.0
37.44551969762759,0.0
36.80282307395676,0.0
37.692303415789326,0.0
34.94429552130882,0.0
36.145841468825225,0.0
35.68689864467105,0.0
37.29452147666846,0.0
37.770224490464564,0.0
37.69365270833616,0.0
40.19890996156505,0.0
37.47685791455091,0.0
38.15591002556273,0.0
35.62442799993431,0.0
38.11208990439822,0.0
39.03925422340038,0.0
39.00581997911866,0.0
36.7671558588085,0.0
37.55260145559412,0.0
39.04993902532884,0.0
36.47519346805917,0.0
34.65399432806188,0.0
35.0263170391334,0.0
34.409451130273744,0.0
33.929754551710744,0.0
36.85924620090446,0.0
36.006561409841574,0.0
37.43025894777234,0.0
38.157297762982644,0.0
36.530251599368455,0.0
35.72588659044494,0.0
36.80691252369059,0.0
36.079057608060516,0.0
39.133884449150315,0.0
37.61475347069356,0.0
38.70796918118138,0.0
35.730003458873504,0.0
36.562115411896876,0.0
37.92804512201663,0.0
40.49763968097206,0.0
37.69466578210705,0.0
38.811656656556316,0.0
35.49932583361002,0.0
37.34982028261323,0.0
36.075240794444504,0.0
37.28803002691619,0.0
33.52313362003566,0.0
34.84488646553278,0.0
36.497426694486215,0.0
38.43037109194398,0.0
38.07494422832124,0.0
35.428905672563396,0.0
35.86821289605098,0.0
34.15493533425563,0.0
38.97010977055638,0.0
38.189090063141585,0.0
36.63927569222386,0.0
34.87912989207971,0.0
37.46002555982706,0.0
36.90461351266493,0.0
38.17657754393491,0.0
37.016693430027466,0.0
39.23648882325806,0.0
38.85930063095837,0.0
39.21121204845467,0.0
36.38200517397911,0.0
38.56265113338615,0.0
36.37113136366972,0.0
36.40769755914405,0.0
34.40232518100665,0.0
34.897555618892106,0.0
34.14763122667671,0.0
37.03432731326232,0.0
38.565482611962615,0.0
38.140844517698,0.0
35.51125764499633,0.0
35.97100478084746,0.0
36.87811810519135,0.0
35.48359307330676,0.0
36.83182443490923,0.0
40.40780065554549,0.0
38.47810415938839,0.0
38.13157547116018,0.0
38.40076513630275,0.0
37.828460954628305,0.0
38.62686611882026,0.0
38.85118974624755,0.0
40.87792432508521,0.0
36.87064121833773,0.0
37.40859982715497,0.0
36.99323434625542,0.0
35.15458835648757,0.0
36.78029119488711,0.0
35.55318692195084,0.0
35.63939884945669,0.0
35.88268182875368,0.0
37.05715666715036,0.0
39.19691194319751,0.0
37.45522249056637,0.0
36.70079699997506,0.0
37.432723532175615,0.0
33.86605647996828,0.0
36.76991204346876,0.0
36.58437283446615,0.0
36.8289458122288,0.0
36.469797967785304,0.0
39.08255401934858,0.0
46.666133919560735,1.0
42.14635488647349,0.0
39.395778348197034,0.0
37.634190460138726,0.0
38.47752093910406,0.0
38.733375518734924,0.0
40.18557949394362,0.0
35.77494740480383,0.0
33.62586463303943,0.0
35.819033363873984,0.0
34.50915807626409,0.0
35.55331502363206,0.0
33.7971471994693,0.0
37.902346701144886,0.0
38.61158873977225,0.0
37.825222612867734,0.0
37.47496135577011,0.0
37.81175965767594,0.0
37.11260521206738,0.0
35.39972659853721,0.0
37.59817373010198,0.0
36.08556684420082,0.0
38.054560859350815,0.0
38.563113936355315,0.0
36.58173875648459,0.0
38.07680028277154,0.0
41.446322076123266,0.0
39.04836459742786,0.0
37.599915723647314,0.0
40.315475827257956,0.0
38.04705641491141,0.0
36.360963465230775,0.0
35.03743937322311,0.0
35.8862785556712,0.0
34.33842385560051,0.0
37.76503008263905,0.0
33.6300492240787,0.0
34.93320038265662,0.0
35.79684852155011,0.0
36.39025529871603,0.0
38.93488121852773,0.0
37.542152345695726,0.0
37.26316971100097,0.0
37.576723411607574,0.0
36.410472761700014,0.0
36.65589174264825,0.0
37.62220373294553,0.0
38.23576600658681,0.0
36.87706810622062,0.0
40.05671912354955,0.0
34.76189012589642,0.0
38.0951357801263,0.0
40.54501512201836,0.0
38.06840575700741,0.0
35.68781343178488,0.0
37.20273078592738,0.0
35.68115069061233,0.0
36.74227518390496,0.0
33.69991292881291,0.0
34.20203977427443,0.0
33.962085248761305,0.0
35.86146577173555,0.0
38.09628079724362,0.0
37.74765216125708,0.0
36.29373094767541,0.0
37.415292413841875,0.0
33.56324863140975,0.0
35.99403263393144,0.0
36.49090653867441,0.0
37.80570348484517,0.0
35.92949374412472,0.0
38.62972309820214,0.0
37.42104768875318,0.0
36.206652922899245,0.0
35.84218171072488,0.0
37.71180132879303,0.0
37.46490446959295,0.0
39.5923051377925,0.0
38.31240370921,0.0
35.727275364167646,0.0
35.758978954855145,0.0
36.10030259866393,0.0
35.20521670086835,0.0
33.79058798426505,0.0
37.85159557852335,0.0
34.785814131376185,0.0
38.17211424958436,0.0
38.52143585387232,0.0
34.46335157185913,0.0
35.147574564398106,0.0
33.03705103200982,0.0
36.60302728509178,0.0
37.48429355288899,0.0
37.053612938005806,0.0
37.56405876363142,0.0
38.34838956506058,0.0
36.50394547601777,0.0
35.886609476460684,0.0
35.668002693009555,0.0
35.79596263713755,0.0
32.00628379690854,0.0
23.527389512332466,1.0
24.670152266270797,1.0
21.84208555889019,1.0
24.10033566854232,1.0
22.85120517251617,1.0
22.699707094351083,1.0
21.497123375984973,1.0
20.73614379833998,1.0
22.13371120592967,1.0
22.25367897033697,1.0
23.484158034074202,1.0
22.099675316701642,1.0
24.234530021805934,1.0
23.129226396835065,1.0
