1777.673826291952,0.0
-1051.7524868682747,0.0
8303.686781168912,0.0
-191.31698547371377,0.0
800.9116867045948,0.0
5029.158669416838,0.0
-2669.8057852790034,0.0
-1401.2178177135324,0.0
1242.1961436130362,0.0
343.9573186131379,0.0
-2795.9150098502923,0.0
-10.850629868276542,0.0
-528.7664245705265,0.0
2851.8381479102145,0.0
-4319.08666315568,0.0
-1207.3697992705033,0.0
4949.994766683802,0.0
6942.58780058752,0.0
-3370.444736647446,0.0
3095.060656224417,0.0
-1750.2974295644185,0.0
-1133.5238945616645,0.0
-1199.629578675085,0.0
470.2665175080326,0.0
4800.058743135073,0.0
4094.033199098647,0.0
2213.278487796597,0.0
403.205180644773,0.0
1439.895502218971,0.0
1496.664513797053,0.0
4313.3234399013045,0.0
-292.568251990891,0.0
1755.4327508525503,0.0
1411.1984666219983,0.0
1969.6104978513274,0.0
3064.111364330107,0.0
2864.8519439875636,0.0
6100.245199099632,0.0
2037.5240937506899,0.0
6870.853380684436,0.0
1484.3258731747192,0.0
594.9262399423828,0.0
2147.981671406431,0.0
2843.594533071804,0.0
2462.702452285062,0.0
5736.73151576461,0.0
5091.455685030465,0.0
3777.585821699785,0.0
1012.6899465575966,0.0
1441.1756985805423,0.0
6381.627501538668,0.0
2367.571424847279,0.0
-1760.3508745231288,0.0
-722.5614049369015,0.0
-193.3617282679936,0.0
5372.262238097783,0.0
1418.3551832660369,0.0
8706.689062333302,0.0
2972.168599808948,0.0
1501.3766674209965,0.0
123.89426566776137,0.0
4465.0189779240845,0.0
287.29922194872915,0.0
-1390.0869591660833,0.0
2806.2947960417773,0.0
1282.5109630840163,0.0
4517.02961633823,0.0
942.5353688949327,0.0
-8028.332240113119,0.0
3511.405463096534,0.0
-5059.56692491161,0.0
5857.196197654963,0.0
6455.296508451973,0.0
-616.6659926400765,0.0
-2797.2415257444313,0.0
-3462.323385950226,0.0
3463.9233541921485,0.0
-82.60496473187015,0.0
-1612.9670287884337,0.0
-670.024965528921,0.0
6908.966639085391,0.0
1890.8982698165305,0.0
2990.955888927536,0.0
2776.875776543024,0.0
3456.7337284767523,0.0
3564.494577344053,0.0
-1718.6018871013712,0.0
-522.6136062887633,0.0
-1856.6299851205263,0.0
-1891.184422648386,0.0
4183.456088966194,0.0
-1685.6795305922365,0.0
-103.51620712631336,0.0
-2322.1016941315384,0.0
-1598.0639785662784,0.0
2670.278958564362,0.0
-1380.697511266717,0.0
-1008.8742718143766,0.0
1762.294010158984,0.0
2006.462035115475,0.0
2886.8374986217805,0.0
478.0924204000289,0.0
-5600.730407594203,0.0
2209.2944293046967,0.0
1479.032443843579,0.0
3641.445536836224,0.0
-2801.4073005025266,0.0
8787.68668271256,0.0
-3749.6360050067187,0.0
3149.4098535885996,0.0
428.4464856614701,0.0
-1387.6536224503602,0.0
3094.8243257694394,0.0
-358.75081010752467,0.0
-7341.945530316159,0.0
-2794.2154420763254,0.0
1833.6015086968544,0.0
7979.054955399075,0.0
-3781.6558409441677,0.0
851.0090123124705,0.0
5524.5493028266455,0.0
2987.0298080593548,0.0
-435.65700761150663,0.0
-3629.7193368194703,0.0
-4792.152440941157,0.0
-666.6674679422624,0.0
594.5612615322386,0.0
-5677.272828892074,0.0
-4249.4943863277895,0.0
2544.7195954304793,0.0
775.0764831382262,0.0
-807.9668203816475,0.0
737.1578226039439,0.0
-973.3703997922132,0.0
5125.355555550856,0.0
7016.0321521912,0.0
8402.193878688679,0.0
4208.792284077732,0.0
4432.325187164024,0.0
6784.2883235711415,0.0
8205.878779525916,0.0
7223.460906046582,0.0
6383.896355327331,0.0
354.1716584968692,0.0
-2629.1079473172676,0.0
5416.42371223669,0.0
2292.9533606946197,0.0
2674.9437241353307,0.0
343.64162963593117,0.0
-1365.184567891501,0.0
8069.467629630677,0.0
4363.022908469058,0.0
-114.37083516599432,0.0
5282.162821680076,0.0
4654.15801716292,0.0
5078.789025908585,0.0
10419.531220637464,0.0
3642.393993777041,0.0
-447.8453650261622,0.0
3694.90623206326,0.0
1754.148858950476,0.0
5379.800826713723,0.0
5223.443193146382,0.0
5416.937023053962,0.0
2281.2735274502693,0.0
5420.139139890357,0.0
2145.573635124681,0.0
5847.82775326531,0.0
2910.4775031135027,0.0
134.41366731465405,0.0
6118.916234781698,0.0
1496.6342471441803,0.0
8541.527824784533,0.0
5263.133882004536,0.0
5250.610178265324,0.0
4515.221142563529,0.0
3402.1318793881815,0.0
-3659.0775649709985,0.0
7740.576094554787,0.0
1003.4974584381721,0.0
7006.289755636094,0.0
1799.6764231944067,0.0
3314.3257400399875,0.0
3474.986909349276,0.0
725.9041302546425,0.0
3288.468136318691,0.0
5395.439480849814,0.0
2271.4541746035597,0.0
-323.21381027131247,0.0
2211.1462297276757,0.0
4484.610556964326,0.0
7358.154701417284,0.0
6847.711639789847,0.0
4288.655084149577,0.0
619.6552079341955,0.0
6876.9942964944075,0.0
3212.9079374882945,0.0
2627.0718653722934,0.0
6133.674442038078,0.0
5124.446583621068,0.0
4542.325169338342,0.0
-732.5313086495307,0.0
1552.2528351175465,0.0
-2175.3890664111905,0.0
3881.797647581876,0.0
3521.637707796937,0.0
5816.898237884376,0.0
3801.582492104631,0.0
1656.5309424953293,0.0
9394.797181951202,0.0
-271.25490636934455,0.0
-1545.306643750514,0.0
415.1768607846941,0.0
4225.998223963411,0.0
1882.938917557112,0.0
1459.9388978413897,0.0
-1489.0242012468652,0.0
7185.7348915540715,0.0
674.6557074747423,0.0
-1512.3231081366316,0.0
2365.2895775603365,0.0
-397.848531557393,0.0
1640.6933693301157,0.0
6484.501661525684,0.0
1276.202898936328,0.0
1664.469497696531,0.0
1004.5492539060774,0.0
1292.7567155424963,0.0
4923.976247737222,0.0
4508.374379759856,0.0
664.549481581512,0.0
-810.2866783573286,0.0
1706.9431798452817,0.0
5268.465997874447,0.0
1853.607778100027,0.0
1925.8333054241448,0.0
-3085.4258746571963,0.0
5317.559406944385,0.0
-2717.6068760834655,0.0
-1876.9838326472636,0.0
1224.4618286595903,0.0
2134.5922437133872,0.0
2936.1205418854465,0.0
-63.6786499840473,0.0
591.4724368526922,0.0
197.57172720582548,0.0
-2851.623211267093,0.0
1440.4949387188017,0.0
334.8643800913401,0.0
3975.1724536762713,0.0
1765.7355794769142,0.0
5944.4283280825775,0.0
5127.889584744553,0.0
6243.021319829932,0.0
7053.862030536569,0.0
5205.975528951444,0.0
2482.6421368755746,0.0
7590.473156100809,0.0
-39.4707405732056,0.0
3159.234963309974,0.0
6156.288978059637,0.0
2625.6395217079976,0.0
5424.84359587841,0.0
1386.4372131687974,0.0
2088.5838073989435,0.0
6140.1322997493435,0.0
5511.696342868061,0.0
7504.258293878686,0.0
3225.2414816408336,0.0
4843.597253489611,0.0
6175.481672121469,0.0
6140.534385835908,0.0
-29.012047967760736,0.0
2175.6076600520837,0.0
8927.511339444203,0.0
695.8022282651177,0.0
6625.607141572323,0.0
3658.772381628073,0.0
7839.1914476136935,0.0
1852.952184687936,0.0
5296.718772707459,0.0
-1830.751099849751,0.0
5058.016001260894,0.0
8661.018146707536,0.0
473.36774887941556,0.0
9491.512913240978,0.0
2950.320947880806,0.0
4819.747051072166,0.0
-3420.018305531412,0.0
8847.964876752885,0.0
2913.5349329857468,0.0
4325.407541029571,0.0
1048.5055406646743,0.0
2456.2240776099165,0.0
9397.3068212237,0.0
4304.075003242924,0.0
8474.007476267918,0.0
5400.504657792165,0.0
7099.472383309241,0.0
4302.05169911042,0.0
7278.020555872335,0.0
14646.903750147088,0.0
8272.659042415366,0.0
8184.519965483042,0.0
4444.703566989612,0.0
8928.427205377535,0.0
10289.594207846436,0.0
670.7584825118756,0.0
1608.3859821373308,0.0
12670.597290278853,0.0
6996.456486760621,0.0
6265.802170240559,0.0
7559.3694087154245,0.0
9647.933182512801,0.0
8702.288035513644,0.0
5757.147431685283,0.0
12509.798487922522,0.0
6306.025677162536,0.0
3051.6826974696855,0.0
3749.470427502277,0.0
5625.325155792522,0.0
4540.231842149152,0.0
5030.965326655902,0.0
6624.833366901978,0.0
-4374.346608982053,0.0
3716.068834483283,0.0
9034.138609923208,0.0
7398.016896666234,0.0
3097.2205249491058,0.0
3663.438934736735,0.0
9499.641828778367,0.0
4947.630460462467,0.0
3852.764783290164,0.0
11390.586995904225,0.0
3942.8170131393285,0.0
7618.438270009469,0.0
5131.517850511919,0.0
5392.998889655742,0.0
2083.5508223325483,0.0
2148.6576965575246,0.0
8909.43127327646,0.0
1595.198042794942,0.0
5859.882933220618,0.0
1109.329893842747,0.0
4048.485959623283,0.0
5095.762266666177,0.0
-418.81991544869015,0.0
8420.333519193922,0.0
4141.811298833329,0.0
8248.354991918117,0.0
1603.7865818980413,0.0
7834.201446487341,0.0
12101.26550633799,0.0
4772.940955515154,0.0
2413.822675381048,0.0
6108.95527055279,0.0
4822.986565746569,0.0
3917.3376615958464,0.0
3909.230556153174,0.0
2177.5097390466217,0.0
5856.391343092064,0.0
3119.728990471962,0.0
1685.7822466133425,0.0
7147.7227051651735,0.0
3771.2015940422693,0.0
12219.06960111994,0.0
3472.2608210171334,0.0
1484.6201613933185,0.0
2332.9383715302724,0.0
5691.896041310283,0.0
1539.9238264114156,0.0
258.79697103336684,0.0
9331.276606487969,0.0
249.15053222804545,0.0
9413.083755863685,0.0
4911.1986466213175,0.0
1334.58770905048,0.0
9385.628640315437,0.0
3526.6464631914755,0.0
1028.4787232676808,0.0
4664.760405218519,0.0
8355.446625682349,0.0
6527.1207730183705,0.0
6984.200517994324,0.0
10437.1726220442,0.0
5560.624552267736,0.0
6231.956501582225,0.0
4858.528579223367,0.0
198.54504071877727,0.0
4681.801289235216,0.0
11089.287277706937,0.0
-287.05214377820084,0.0
9412.257989253994,0.0
5773.744528208693,0.0
2224.439067555292,0.0
5088.659784096065,0.0
10652.254296661584,0.0
3559.591819350215,0.0
8189.151591353599,0.0
9275.001981325786,0.0
2760.0744656214465,0.0
7317.098899453327,0.0
7781.3160028695565,0.0
4584.937681991314,0.0
8687.765591062562,0.0
4454.593917419574,0.0
4286.009297449264,0.0
2841.778072294547,0.0
7631.357851313656,0.0
5468.4186148880035,0.0
4906.16758992601,0.0
2979.397983554493,0.0
2586.284794174813,0.0
3737.6512570811283,0.0
9070.662741126911,0.0
4486.372596367876,0.0
11972.196976989988,0.0
8576.305729189764,0.0
7687.720143245398,0.0
3680.1412418605128,0.0
13501.602191024842,0.0
2424.5892847107943,0.0
9091.219569515766,0.0
12815.112526028446,0.0
6984.567715404561,0.0
5284.708125658073,0.0
7749.780619833812,0.0
11179.4356947387,0.0
11558.393913126976,0.0
9868.238632297034,0.0
4205.618797058812,0.0
5534.424788418039,0.0
8039.417366601749,0.0
3792.9332110854875,0.0
7297.537137777696,0.0
14748.264132033904,0.0
5198.964226443328,0.0
11540.880613524674,0.0
4456.604895797896,0.0
6972.584499836933,0.0
8544.012541993938,0.0
3764.8751757810533,0.0
8152.118370562017,0.0
12493.351809710342,0.0
10555.493514611771,0.0
10241.07364756175,0.0
5145.42084225906,0.0
7042.68402175034,0.0
8435.951860429015,0.0
9774.773476921304,0.0
12101.905647836922,0.0
5096.887072772381,0.0
13234.228298252274,0.0
6694.00090203188,0.0
6939.302808464821,0.0
3650.87067851817,0.0
7969.600459828852,0.0
6779.141660012139,0.0
3916.95740174154,0.0
7094.364812511439,0.0
8549.011341539906,0.0
7005.289913611632,0.0
9736.705583366835,0.0
4694.538027586539,0.0
10342.91638125243,0.0
6971.98015672355,0.0
9164.784768282074,0.0
1466.8938956453667,0.0
8079.3227919812425,0.0
7204.473323223643,0.0
10226.751326070817,0.0
3962.5125406443776,0.0
11568.941594135398,0.0
3717.342617633515,0.0
11577.07700263708,0.0
9232.918177157408,0.0
4415.42986866594,0.0
14276.704421469658,0.0
2991.110181894284,0.0
6138.313759220091,0.0
6893.806974382294,0.0
8466.266484909385,0.0
7608.664928334119,0.0
9103.899517029924,0.0
8524.759641163218,0.0
6947.966538427647,0.0
3692.3180777284524,0.0
5998.89057461578,0.0
9012.244319880658,0.0
2880.0336704638894,0.0
7080.449837462696,0.0
-355.83929661233196,0.0
4139.236452074058,0.0
1211.007502655446,0.0
10226.696761329451,0.0
565.4286079258891,0.0
5534.537063048162,0.0
8416.965975661136,0.0
8470.172758161867,0.0
8608.10990391141,0.0
9509.183943245504,0.0
7937.395906815472,0.0
9428.798994588753,0.0
5623.615066644173,0.0
6269.339151424829,0.0
798.4768290204665,0.0
6859.388967779649,0.0
11088.47036451864,0.0
4309.736889264155,0.0
2479.9921711302777,0.0
6499.525449503027,0.0
10285.215978012073,0.0
10569.918074426887,0.0
1884.4285589917872,0.0
7768.834440829165,0.0
4598.093379311602,0.0
7443.554127481644,0.0
-59.97060523868004,0.0
9368.283646420401,0.0
5463.024334267351,0.0
7132.340743122021,0.0
5970.280622636975,0.0
3577.512298238932,0.0
8543.566410236564,0.0
5315.857127521245,0.0
5294.122420963744,0.0
9246.487491714246,0.0
7288.970110716574,0.0
4745.803562723464,0.0
10250.166135728085,0.0
5115.972252110864,0.0
7771.592982391001,0.0
9607.298018886808,0.0
11040.911114501909,0.0
11242.621301589792,0.0
13028.50371127218,0.0
7183.582685845615,0.0
5311.1975861735955,0.0
13267.860397195716,0.0
11986.244926451487,0.0
7130.3158417492405,0.0
10385.959221165685,0.0
6605.129744784809,0.0
3691.2381661405625,0.0
11457.631922444352,0.0
9608.314124776054,0.0
9193.666192834302,0.0
13966.4895347967,0.0
13579.765184886972,0.0
6865.721504532408,0.0
5833.3876365607575,0.0
2794.9117405104626,0.0
8791.780801224502,0.0
8038.2106921907525,0.0
10342.5855092553,0.0
9264.488864954059,0.0
7418.190982473921,0.0
8282.758529805833,0.0
4533.412755662818,0.0
13655.254701300119,0.0
8128.830669622277,0.0
11858.69955514111,0.0
7896.832133291098,0.0
10363.655353929922,0.0
11793.380903170893,0.0
8869.667534275723,0.0
6963.622701313219,0.0
17299.667017649033,0.0
9091.814223279427,0.0
11947.743317497823,0.0
9736.178781482946,0.0
7454.929503710657,0.0
14021.382951172538,0.0
11390.259566115268,0.0
11064.086693739247,0.0
2546.9475146719215,0.0
10693.164907279004,0.0
13171.075984487363,0.0
10902.736275079824,0.0
9506.528852145217,0.0
13918.595719042129,0.0
10816.794996320916,0.0
11915.93690660726,0.0
13400.090968753306,0.0
13193.865281101336,0.0
5657.11941113685,0.0
11414.872968392934,0.0
7662.426073140895,0.0
3290.797944739361,0.0
11215.126355524191,0.0
4019.0434288420156,0.0
8423.008113765056,0.0
1907.8891626032864,0.0
6440.078195981245,0.0
8508.524779270845,0.0
9442.255811437783,0.0
8556.51992172093,0.0
6966.121204775565,0.0
7373.808050585219,0.0
14796.690124178054,0.0
7707.868394407939,0.0
9507.93219245634,0.0
15728.77115056457,0.0
4273.810996157483,0.0
3198.635665259473,0.0
6315.769954403768,0.0
8313.837626813453,0.0
5525.480115963706,0.0
9607.150030075827,0.0
8469.120489719497,0.0
3722.210757099123,0.0
9300.248119938391,0.0
4772.823608056606,0.0
10967.977084712098,0.0
9595.860707350497,0.0
15956.149234324997,0.0
11393.307913946279,0.0
7606.66936022648,0.0
10225.162162754728,0.0
9201.79218267462,0.0
6501.10925282522,0.0
4037.742118092403,0.0
11990.90532976745,0.0
13472.492761013064,0.0
7313.179576435534,0.0
7283.4553090737945,0.0
6628.655457000774,0.0
12062.562286055283,0.0
12053.135217942094,0.0
5645.857165038316,0.0
6915.323061581047,0.0
6866.379684553882,0.0
9217.565957395022,0.0
10730.074987877939,0.0
12194.805419579523,0.0
7311.801779175178,0.0
5109.557150505116,0.0
10359.655209052306,0.0
10356.530261765787,0.0
7458.187612311132,0.0
9293.88373703381,0.0
9567.21280841983,0.0
11360.99522345936,0.0
8433.61018880626,0.0
10089.448068426109,0.0
8912.222036368204,0.0
5729.646201630778,0.0
10714.900309172599,0.0
8839.850727005543,0.0
11910.196983597241,0.0
4228.766620985795,0.0
6105.826398611094,0.0
10260.042102187423,0.0
3436.057386082296,0.0
8344.849570953871,0.0
7336.783971927505,0.0
7493.100189961895,0.0
8236.37998964661,0.0
19248.42099830082,1.0
26493.16588913286,1.0
9293.39562117319,0.0
12155.456865394623,0.0
13711.487897613635,0.0
10568.102979323963,0.0
11908.290023334524,0.0
2083.421621509343,0.0
11582.627554974952,0.0
13102.705598441664,0.0
12506.305024053723,0.0
10864.960526148669,0.0
8509.081118819813,0.0
8459.5063431002,0.0
9715.257585926705,0.0
11138.44227771094,0.0
11747.608543234073,0.0
10006.849947326413,0.0
6010.7426272119565,0.0
16103.446711684388,0.0
7727.256328651558,0.0
1617.6666540967217,0.0
15551.86295130062,0.0
14282.284300747275,0.0
10855.563983847345,0.0
13806.327936604492,0.0
12229.329592793929,0.0
8381.715025170255,0.0
11106.180849846322,0.0
7089.5871502233695,0.0
9356.228032229805,0.0
8792.652280693408,0.0
11910.104675109045,0.0
14900.565329572202,0.0
9237.250407668658,0.0
12884.526405493467,0.0
5125.81155343044,0.0
8257.310379497656,0.0
13230.913737551022,0.0
15283.080746434549,0.0
14663.966584649872,0.0
15596.576401465896,0.0
6848.6603713621635,0.0
10401.85259627663,0.0
3678.954616470077,0.0
11785.607334991177,0.0
12356.317174836891,0.0
10739.013330790856,0.0
9103.13989551216,0.0
13568.426760877097,0.0
13901.949669495527,0.0
12542.357908713237,0.0
10206.57272262376,0.0
12496.62852929853,0.0
12323.969800314313,0.0
12482.93554376327,0.0
14236.33081415415,0.0
12408.749228586517,0.0
7915.613462126758,0.0
11290.72176737442,0.0
13406.711161045961,0.0
11252.399286459777,0.0
12732.494880481841,0.0
9980.69842887474,0.0
16605.059213175206,0.0
13270.956468819242,0.0
12456.91975423101,0.0
14689.69141996875,0.0
14320.097341894214,0.0
12473.645898164992,0.0
14882.645286800693,0.0
13515.380815780809,0.0
12813.816081031695,0.0
11889.483420328103,0.0
8220.758975005985,0.0
12306.944069968671,0.0
12639.619673163998,0.0
8786.985762448867,0.0
16318.829788532476,0.0
11354.305571474426,0.0
8153.583260875794,0.0
10171.534509801746,0.0
11542.939114426717,0.0
10855.00112733734,0.0
8856.574998144328,0.0
11441.369364011756,0.0
6826.37251305139,0.0
10213.19939024725,0.0
12329.643965411375,0.0
9112.915555424675,0.0
13309.045485533297,0.0
13959.756287997636,0.0
9101.428082653209,0.0
3646.3619832174563,0.0
13765.936697999754,0.0
15103.316277254611,0.0
5913.489648078413,0.0
11551.908147143497,0.0
11911.577870890804,0.0
5853.601352867826,0.0
8898.304622965901,0.0
14594.269249315532,0.0
11297.243472919403,0.0
10982.35039646348,0.0
14841.988963645748,0.0
8970.874190156139,0.0
5104.29783771554,0.0
15349.60129177016,0.0
7873.591147521167,0.0
10091.089619962097,0.0
13906.791146358637,0.0
11471.54514638189,0.0
11046.111358582197,0.0
7805.340435482032,0.0
12691.81670471029,0.0
17462.49082362748,0.0
8664.858691662554,0.0
7086.7875559618205,0.0
11143.807984069848,0.0
8030.305120753287,0.0
11269.242984884857,0.0
11227.333306652534,0.0
12396.546022876217,0.0
11491.445134745418,0.0
11201.141201484852,0.0
15065.924627902754,0.0
7972.853540653847,0.0
10840.716017623374,0.0
11906.760861773348,0.0
7247.124289638023,0.0
8502.35613607541,0.0
9589.134910658111,0.0
9592.867944477013,0.0
15021.402421861836,0.0
11799.04314806547,0.0
20612.112804892062,0.0
9998.72721642347,0.0
10352.698711227822,0.0
18805.111323959918,0.0
9342.787051984265,0.0
18161.528863769876,0.0
1435.622045092834,0.0
9128.991294983287,0.0
15718.117852939788,0.0
17264.729560662785,0.0
13073.216061885772,0.0
9736.208699370338,0.0
11265.75924224111,0.0
14740.084514747523,0.0
13349.20182490112,0.0
15645.746079003318,0.0
9924.552461910178,0.0
15450.065420153225,0.0
16660.38196131778,0.0
22102.586333570696,0.0
15329.336817385301,0.0
15453.241834524933,0.0
10393.00360964808,0.0
8539.342673903733,0.0
5333.384773843801,0.0
14584.07838694642,0.0
19260.51050936991,0.0
12425.601143701777,0.0
5585.258982664841,0.0
13929.374814638715,0.0
12697.813630638664,0.0
12167.34337263502,0.0
19599.476846483674,0.0
17193.65140625837,0.0
18401.615332907673,0.0
11452.430132577621,0.0
15124.942087154659,0.0
10264.794552983523,0.0
17641.7116355098,0.0
10432.60809239614,0.0
18611.65444910439,0.0
14993.369254909292,0.0
14762.478049733514,0.0
9989.614488524148,0.0
16199.042617529705,0.0
8658.16248524523,0.0
10727.918253038872,0.0
11072.165319482441,0.0
21119.3918302346,0.0
15055.54798026103,0.0
12600.740278951807,0.0
16588.04693390128,0.0
22633.277706558445,0.0
14066.839116555633,0.0
10905.989913093454,0.0
10757.918506463848,0.0
14549.181624303517,0.0
19450.859676427124,0.0
14218.59631406865,0.0
13432.658073974158,0.0
11085.138069396497,0.0
10950.182046694365,0.0
17657.77582934645,0.0
15346.504152448448,0.0
15590.17794984589,0.0
10428.86717395738,0.0
15811.605184916467,0.0
15443.076594854665,0.0
19070.434329868935,0.0
18543.696499223464,0.0
13480.048930714338,0.0
15816.064306301989,0.0
15472.084974407631,0.0
13411.664824769121,0.0
11474.768208747182,0.0
17153.191218328186,0.0
21268.320802801984,0.0
13139.606769952263,0.0
19832.471390642575,0.0
12808.656394861318,0.0
12361.638937534855,0.0
14064.683095275002,0.0
12728.709697915634,0.0
16882.69519510642,0.0
17150.176574254936,0.0
4887.773099986897,0.0
16115.017145460784,0.0
14979.742616334153,0.0
19040.18692585515,0.0
10551.11681604222,0.0
13837.361103211686,0.0
17319.31438388147,0.0
16056.010107888922,0.0
18037.332634326955,0.0
10463.959849156048,0.0
10584.793978183718,0.0
14567.449845067094,0.0
8428.752094444892,0.0
14219.258771761231,0.0
15841.521537067534,0.0
30897.39218292747,1.0
25475.909499972033,1.0
11421.402769014348,0.0
11898.666017014355,0.0
14185.73710774388,0.0
13524.471441766304,0.0
11065.05426453644,0.0
7128.514757408011,0.0
6699.45514335073,0.0
9408.66522563409,0.0
9259.553182371023,0.0
11039.252617199238,0.0
8995.192643707558,0.0
11819.74951564582,0.0
10094.565579348247,0.0
12837.940956049337,0.0
13202.949238980937,0.0
14467.704906334291,0.0
9666.287366917695,0.0
9717.144563613329,0.0
9005.815154000884,0.0
12771.195173875989,0.0
15036.521460379461,0.0
16665.547321156508,0.0
13386.145939173739,0.0
12122.11050185665,0.0
15054.752094884154,0.0
12129.422849758388,0.0
9856.106404936836,0.0
15655.654592732975,0.0
11047.542172496696,0.0
8130.577897992671,0.0
12065.774771804254,0.0
9976.225372020257,0.0
13183.255633608751,0.0
11094.092556059926,0.0
12654.931423341624,0.0
11382.530946746489,0.0
12340.957418658389,0.0
15280.027361366938,0.0
13956.581961318869,0.0
13384.487061370544,0.0
16843.17913729616,0.0
9260.564139788807,0.0
14412.694966732475,0.0
17280.23562702076,0.0
15402.804150638653,0.0
17524.61727902417,0.0
11254.355875863414,0.0
17586.596423068542,0.0
11695.386775002842,0.0
17521.13726942596,0.0
14879.65636467463,0.0
17022.759315998504,0.0
11621.608673343471,0.0
14028.180868149482,0.0
8156.341532048487,0.0
15800.582198601222,0.0
16743.903457927976,0.0
16407.63850648714,0.0
18440.5231121459,0.0
17338.035918980408,0.0
15478.245666863915,0.0
16975.74655516953,0.0
13325.83392233176,0.0
17513.87093594273,0.0
16848.53219959154,0.0
16253.198608835251,0.0
15940.58926531094,0.0
13973.321391949798,0.0
12608.366704292945,0.0
15173.250502867593,0.0
18451.292619714834,0.0
10291.879930519352,0.0
16469.12447520381,0.0
27950.708683921173,0.0
16506.139963948615,0.0
15783.442481573426,0.0
17815.939182648344,0.0
15584.159721370715,0.0
16308.11718093805,0.0
17415.66487912198,0.0
13225.840220574464,0.0
20147.48976125846,0.0
17332.812298025226,0.0
20081.997941280126,0.0
17096.997819640226,0.0
19731.729114778627,0.0
16691.423384259768,0.0
26702.695499088873,0.0
20610.319859192372,0.0
20868.029700127103,0.0
17338.562844950888,0.0
12390.893292876284,0.0
15652.922413722059,0.0
18469.577998147983,0.0
16383.544998117883,0.0
15312.234126134203,0.0
14610.936607095708,0.0
12758.255277543754,0.0
15266.08926445891,0.0
18740.98380537284,0.0
19077.519290115968,0.0
18408.344385438104,0.0
16310.639924879048,0.0
17378.23050018676,0.0
16280.439233854051,0.0
17737.673253171375,0.0
17846.148658028636,0.0
18263.051796599997,0.0
15511.368706863688,0.0
15591.741088718274,0.0
20573.34040342103,0.0
20258.08952437462,0.0
9466.277605110197,0.0
17010.362920285213,0.0
16458.75522633552,0.0
18349.625866710907,0.0
9270.854777119665,0.0
9680.594213434124,0.0
14380.41335227053,0.0
15390.916253406742,0.0
11749.511672114902,0.0
18483.544923739457,0.0
18727.86430591956,0.0
17097.210999126502,0.0
17905.928015935056,0.0
11230.58847804444,0.0
14249.644674757548,0.0
7230.604017946194,0.0
17694.694588541097,0.0
18406.716464424575,0.0
16494.841573867667,0.0
11818.477676567089,0.0
14704.38012237832,0.0
17825.81719426411,0.0
10546.718306505347,0.0
15206.218358805416,0.0
16938.407349860165,0.0
12967.455261782969,0.0
12895.827560106834,0.0
18344.20975980412,0.0
16305.048778629023,0.0
19350.349978029528,0.0
15739.238133530393,0.0
11038.172110903499,0.0
14372.653104560295,0.0
12332.266390463174,0.0
13756.29532402239,0.0
15908.8920741692,0.0
19562.190835930516,0.0
15113.787293499561,0.0
20468.732628720176,0.0
10575.028593411556,0.0
13504.797321878283,0.0
14395.113417265131,0.0
8382.584280484585,0.0
9636.0098970268,0.0
13766.361941681846,0.0
14688.146625374688,0.0
16732.319699036154,0.0
14894.531802442543,0.0
14018.208465712283,0.0
10501.426343464247,0.0
15313.099020872134,0.0
19743.551520767083,0.0
16675.904713289747,0.0
13161.639298321936,0.0
15315.878319068064,0.0
16040.429664198942,0.0
19277.49138144682,0.0
12905.981907303265,0.0
17123.510482771388,0.0
17381.421808215804,0.0
14746.848009614958,0.0
15140.44088258097,0.0
14805.269808926536,0.0
15843.180616759932,0.0
16311.386420279103,0.0
11906.708939276386,0.0
15095.019894614812,0.0
20405.344859202334,0.0
16083.282428755721,0.0
10283.782814765716,0.0
20626.26057435801,0.0
15506.96687163757,0.0
16866.753684388877,0.0
18041.376913203272,0.0
15784.705336852936,0.0
13250.838684402355,0.0
14598.759885659012,0.0
17524.455101155614,0.0
16526.576810611303,0.0
15778.891382372443,0.0
23784.739794109777,0.0
17728.298706174042,0.0
20257.04273753437,0.0
24024.582396143902,0.0
17987.033953737617,0.0
15884.189632429358,0.0
17083.42600317735,0.0
17429.128773958484,0.0
22762.349681295338,0.0
21403.780818971692,0.0
17500.103051669343,0.0
15758.749737391761,0.0
20440.599536226913,0.0
23327.727182751132,0.0
16670.420367882398,0.0
23162.786609157454,0.0
19158.93339620845,0.0
18194.786783265754,0.0
17169.54708837879,0.0
16469.26863791289,0.0
16932.48089656276,0.0
22470.417590168392,0.0
13824.43304724691,0.0
17015.433401274237,0.0
18459.454296170425,0.0
14461.565882797053,0.0
16779.337879074847,0.0
13958.630522991203,0.0
20719.546125886736,0.0
20361.46859464507,0.0
13967.605610837301,0.0
23152.253399390145,0.0
15218.986413949931,0.0
12879.142258655545,0.0
12520.410890878868,0.0
19880.96030663472,0.0
10905.898308127522,0.0
18043.307592117948,0.0
19430.239431524922,0.0
21756.722536644036,0.0
17169.961994231253,0.0
21552.567976906852,0.0
16888.808162195764,0.0
21622.666319200172,0.0
15252.212039732041,0.0
19006.337431966615,0.0
17284.872226704763,0.0
19039.632764824444,0.0
25692.9282159071,0.0
18325.036649746195,0.0
18014.3301143529,0.0
19156.908149835872,0.0
19135.48912330207,0.0
11470.674790772617,0.0
20679.01043266097,0.0
13078.569298944869,0.0
11986.268111110989,0.0
18126.0024273632,0.0
13632.670562612506,0.0
18481.83541697381,0.0
21183.222336360155,0.0
17689.575435619023,0.0
14347.249302891078,0.0
18260.147532582116,0.0
24211.28803435425,0.0
17720.600178530884,0.0
22802.923923948256,0.0
22304.01164831918,0.0
13700.72317036397,0.0
19951.299228985637,0.0
12848.458720455747,0.0
18845.369715833614,0.0
18830.450269001147,0.0
16573.830423632706,0.0
12248.353078976932,0.0
15861.385909086646,0.0
15394.515934701794,0.0
18485.826082268195,0.0
16936.572122178808,0.0
18061.665052184173,0.0
15236.103736592115,0.0
11842.27002066154,0.0
16485.377814022475,0.0
21268.892506142623,0.0
13862.693075721645,0.0
13859.370869927909,0.0
10818.396451670878,0.0
22686.658239152275,0.0
13455.07955089796,0.0
20230.011617431377,0.0
17405.877117267402,0.0
15908.554142267045,0.0
17265.577774363297,0.0
22107.761483380877,0.0
21414.452144809355,0.0
18187.351403302033,0.0
15437.983783843185,0.0
21402.34081693156,0.0
19030.72288592879,0.0
17079.519832382328,0.0
18185.28528327794,0.0
14370.976966967672,0.0
19631.95314241245,0.0
15875.76074553948,0.0
16251.777378168645,0.0
13349.781820509294,0.0
17597.482051780687,0.0
18015.36796686089,0.0
12233.76745105396,0.0
18159.76124961744,0.0
18415.12077965732,0.0
21379.617533956774,0.0
20780.870848946448,0.0
15157.41444957341,0.0
20801.335684503134,0.0
19287.736505723675,0.0
16849.82565951732,0.0
15330.757584753837,0.0
19837.855366477263,0.0
20629.811107001366,0.0
16409.820225810017,0.0
18749.995826007376,0.0
16779.223564015352,0.0
15626.243317870289,0.0
15344.304261640733,0.0
20288.736453019115,0.0
19271.458151212824,0.0
19544.10821318824,0.0
18963.594732784255,0.0
18797.413177516068,0.0
21331.974258681286,0.0
13821.934435369792,0.0
21302.952767572217,0.0
15585.008631781602,0.0
18127.492415718858,0.0
19251.080218477753,0.0
19324.433251225582,0.0
20837.516960729183,0.0
16048.10402851555,0.0
24775.066665028593,0.0
23063.60696393656,0.0
20914.670049254008,0.0
21924.603339642927,0.0
18102.2421913027,0.0
13918.201075331102,0.0
14748.459778459546,0.0
21027.45204388017,0.0
11933.003338574143,0.0
24738.479882774347,0.0
21131.23951376124,0.0
16510.61719424065,0.0
18290.270106194956,0.0
14782.883585660882,0.0
19606.097097733364,0.0
21240.771377374524,0.0
23519.657982020148,0.0
16305.852670502976,0.0
23689.502166771505,0.0
21109.165150304194,0.0
19810.91038418223,0.0
19926.870921267153,0.0
22083.863068970884,0.0
26608.401890024223,0.0
24986.361767041977,0.0
22637.314872155774,0.0
18057.358225094667,0.0
19735.64111015104,0.0
22719.013376245242,0.0
21574.763251645967,0.0
18012.311338257452,0.0
26755.414043290424,0.0
27696.09030260784,0.0
22837.90089997467,0.0
19712.33723090356,0.0
20465.51465937557,0.0
17139.49008577979,0.0
16808.677939415342,0.0
21838.81766788657,0.0
20057.161446049056,0.0
23341.334966461614,0.0
29316.65614756139,0.0
22142.373692684097,0.0
20621.190554181405,0.0
20660.26878329464,0.0
21378.02576306647,0.0
24857.717627686125,0.0
20913.167280745485,0.0
22850.356282163742,0.0
16609.12497399865,0.0
16920.363260163373,0.0
19728.334679245898,0.0
23176.773378925787,0.0
17220.639638664474,0.0
23883.581355486596,0.0
16981.44984005727,0.0
20170.20961837686,0.0
19990.317905393338,0.0
24317.55895285791,0.0
16703.218331138833,0.0
16919.577073326698,0.0
18637.916178896307,0.0
22641.87133290627,0.0
22395.274287222106,0.0
15515.261897702218,0.0
17106.892431717144,0.0
15511.267987780158,0.0
24945.067116921808,0.0
20844.789584822047,0.0
21168.03825299255,0.0
11853.202592311645,0.0
19823.568012295487,0.0
18632.52081691553,0.0
22055.92240468967,0.0
14109.322322491807,0.0
23377.553728373918,0.0
21352.375065837325,0.0
21228.529984595294,0.0
15351.816116506057,0.0
25093.583415382203,0.0
20338.30873301143,0.0
20158.216895405963,0.0
18923.565452119576,0.0
18070.213990026525,0.0
19724.951598569598,0.0
19472.080160289162,0.0
22127.645179803367,0.0
20614.789770695377,0.0
16867.673049996763,0.0
19817.682437039064,0.0
22686.047742099425,0.0
16973.85752907893,0.0
18672.096935817703,0.0
22588.28233951556,0.0
20905.979732855718,0.0
17406.18626290084,0.0
21130.798191019952,0.0
22934.241517272807,0.0
21182.053336624973,0.0
19717.079605526098,0.0
25239.069087579468,0.0
14605.184924610554,0.0
20588.983974005772,0.0
20951.543825846125,0.0
16549.418013629613,0.0
16897.578676475016,0.0
17154.353871317784,0.0
20398.15244071121,0.0
19552.110547320906,0.0
21898.128743901827,0.0
23993.361813059597,0.0
17940.466902111522,0.0
20026.52890443405,0.0
21295.36419829633,0.0
13760.061160142235,0.0
19220.827458650467,0.0
14180.88666728869,0.0
17699.128901120046,0.0
16821.361485739944,0.0
23196.46543432836,0.0
18228.02869200113,0.0
18023.36398112134,0.0
22893.71349612937,0.0
19762.351140112656,0.0
16376.791999976758,0.0
24043.959861236763,0.0
23730.444109176802,0.0
19527.150118326077,0.0
15793.452612563044,0.0
18417.20851907673,0.0
17699.58003653722,0.0
26007.138363814796,0.0
18736.136099317548,0.0
24036.555801605617,0.0
25035.551171113966,0.0
22382.9382078463,0.0
22286.43272770309,0.0
25836.29353142765,0.0
24103.86913213093,0.0
16790.463248345226,0.0
24914.08691708607,0.0
14342.053559134776,0.0
19334.570663649523,0.0
24409.605047153196,0.0
15583.036010901284,0.0
25456.30230424128,0.0
28449.78446240226,0.0
20904.59364031581,0.0
15826.495440024497,0.0
27226.76695534832,0.0
19260.83772009442,0.0
17564.13032941406,0.0
18308.44713384732,0.0
20334.822618979273,0.0
19453.157534833015,0.0
28099.45407253517,0.0
19035.09298798987,0.0
17008.12184610913,0.0
17223.836992684675,0.0
20295.770487430564,0.0
27118.25435337956,0.0
17481.252956165117,0.0
20892.55044571055,0.0
24126.478615973247,0.0
21390.42503009546,0.0
21188.055708150478,0.0
21119.174792123184,0.0
23488.607496787714,0.0
19551.66826078527,0.0
26607.76082914052,0.0
16984.57397358059,0.0
25040.40532208863,0.0
25577.767978462114,0.0
22551.65202932994,0.0
21065.96887713021,0.0
26055.402518836512,0.0
18635.55784943507,0.0
21858.11125854771,0.0
18991.75619350914,0.0
22497.359317651804,0.0
18877.828699754904,0.0
20345.74987825537,0.0
23518.56944138456,0.0
21704.816181508228,0.0
22237.654638676973,0.0
26602.160798083474,0.0
15439.927491002314,0.0
20010.726109303258,0.0
22192.06778151476,0.0
25994.417087095127,0.0
18261.437060428383,0.0
20366.778084084195,0.0
23234.2022261175,0.0
18458.34624077617,0.0
20104.679761707095,0.0
