654.8127248904004,0.0
-289.8585673152529,0.0
2261.6547524708826,0.0
251.36189552042472,0.0
350.5252453107437,0.0
1017.5231373067907,0.0
-680.1679194746097,0.0
-240.46704816305493,0.0
462.8127410785628,0.0
714.3317696231442,0.0
-313.43549605624594,0.0
82.74091417793855,0.0
-83.17647094952875,0.0
900.609427805478,0.0
-785.380263948116,0.0
-44.127627938405,0.0
1564.6166779408704,0.0
1849.7885779319922,0.0
-337.05304162084246,0.0
914.8688592156435,0.0
-29.043022120294268,0.0
250.66113486636993,0.0
212.24978644217003,0.0
755.3561102129788,0.0
1649.1129911038975,0.0
1606.8717901281534,0.0
1289.1854048272191,0.0
553.9553143831595,0.0
713.8222034717093,0.0
995.1026649727046,0.0
1635.7414610296596,0.0
506.1380379837266,0.0
1036.1095753097718,0.0
937.00142089351,0.0
1345.822170672265,0.0
1706.9696312797817,0.0
1652.5680038317512,0.0
2182.725800778265,0.0
1545.6342834266309,0.0
2437.997003903045,0.0
1553.7489756597615,0.0
1143.4783540179667,0.0
1347.843080526598,0.0
1464.8238420477558,0.0
1333.7187548045215,0.0
2151.9842671241568,0.0
1927.2854822496288,0.0
2135.9259532678057,0.0
1438.328814680612,0.0
1364.669036394822,0.0
2649.8822083935493,0.0
1595.2949045916298,0.0
1150.5033171751566,0.0
819.0281722997827,0.0
1098.4631559720688,0.0
2495.228249430073,0.0
1638.5081084867934,0.0
3242.06384813896,0.0
1514.9689332659814,0.0
1356.0554058636724,0.0
1340.5533624694363,0.0
2317.8051516731653,0.0
1164.7188090545221,0.0
928.704076319165,0.0
1808.4742290640424,0.0
1650.1110203794035,0.0
2121.023274256073,0.0
1608.1645843105546,0.0
-540.8086701480509,0.0
2176.2572063153666,0.0
133.5878902961258,0.0
2778.0206550236107,0.0
2756.0132887113105,0.0
1172.8474068967366,0.0
798.8293405724648,0.0
720.393381095435,0.0
2189.9325405014247,0.0
1295.1425189442652,0.0
780.6632768344498,0.0
902.8381689022087,0.0
2817.117948845047,0.0
1993.344417468991,0.0
2157.2287418959813,0.0
1913.3808910295625,0.0
2025.7305478244,0.0
2039.5930846844617,0.0
1029.4722207717991,0.0
1064.1721754139817,0.0
1012.2135148970751,0.0
873.7753030320954,0.0
2419.7064095022,0.0
602.8635338604065,0.0
1119.7038009961618,0.0
405.0145719003018,0.0
824.8218816144629,0.0
1726.7039667195945,0.0
662.0621108669682,0.0
1042.3769695523215,0.0
1446.173664018075,0.0
1614.9237599493576,0.0
1752.9380582447598,0.0
859.8573510441404,0.0
-590.7825531219656,0.0
1353.7490348887065,0.0
926.837380255286,0.0
1718.0761895534065,0.0
-195.20362883729547,0.0
3057.2155668055602,0.0
-357.31045001875543,0.0
1643.575231725538,0.0
568.8145460488818,0.0
-9.623982622463416,0.0
1196.2225503522877,0.0
330.0899494239571,0.0
-1691.2897463210506,0.0
-152.44705404334888,0.0
501.07665795568244,0.0
2183.2163559707037,0.0
-633.4331657285516,0.0
354.06189669682465,0.0
1369.2024932648778,0.0
774.1225072190971,0.0
-323.3849059812115,0.0
-1084.7260870184189,0.0
-1469.1247917454257,0.0
-42.558859937422085,0.0
191.25931421868114,0.0
-1579.3104015766605,0.0
-1566.2780825617783,0.0
225.1151942349824,0.0
32.10509572363753,0.0
-761.4419117987743,0.0
-210.1431641433623,0.0
-993.9124393088862,0.0
712.9222704084983,0.0
809.8037420122387,0.0
1039.2570152802682,0.0
43.3186620286221,0.0
64.04774237448316,0.0
568.1017055240402,0.0
1163.2251519194738,0.0
759.0643532676277,0.0
441.2904225244336,0.0
-1178.5516770072977,0.0
-1919.385105818691,0.0
-3.063958283405327,0.0
-853.1898647536882,0.0
-679.9474843680464,0.0
-1105.3551722917002,0.0
-1855.259411278179,0.0
839.2246119481042,0.0
-591.5334814848961,0.0
-1468.4627871800758,0.0
235.14808668062292,0.0
-219.60842001244328,0.0
-360.6830453946807,0.0
766.5409249377659,0.0
-607.7167429041535,0.0
-1717.6731819957822,0.0
-824.8012090888835,0.0
-1183.2749176113903,0.0
-492.19348916631657,0.0
28.95956224478374,0.0
-124.87540166018374,0.0
-1054.7436815057863,0.0
-336.74502208457085,0.0
-1361.8474993202644,0.0
-231.22471866145304,0.0
-1168.787962798855,0.0
-1960.4374681238448,0.0
-12.551016087144717,0.0
-1636.4458138317937,0.0
151.5214250542349,0.0
-690.506828900945,0.0
-756.0531446424287,0.0
-645.997222375239,0.0
-1299.7129741243486,0.0
-2733.2110976656113,0.0
-83.95624902421628,0.0
-1829.9066607989098,0.0
-150.363946933953,0.0
-1445.1378369290328,0.0
-1102.7868739778967,0.0
-761.5004210215752,0.0
-1483.209738796756,0.0
-971.9251335031411,0.0
-407.3395933404643,0.0
-1295.7074968057343,0.0
-1793.4220155620842,0.0
-928.281996692527,0.0
-569.9374407232771,0.0
171.42655724010865,0.0
419.3010247323414,0.0
-664.4256818926633,0.0
-1201.9814184141185,0.0
469.2034757982127,0.0
-897.0868279020137,0.0
-805.1048693823733,0.0
-12.828470746137668,0.0
-237.3132495121564,0.0
-442.8382497440108,0.0
-1634.0492355423048,0.0
-654.82551546757,0.0
-1628.2441614230077,0.0
-115.38614609252454,0.0
-17.898586841831023,0.0
213.87826982072926,0.0
-7.385215682900167,0.0
-638.152021860725,0.0
1163.023177969345,0.0
-831.4700352932972,0.0
-1255.8630070827026,0.0
-949.8757795454446,0.0
152.15929969875887,0.0
-42.612731174060656,0.0
-159.19598928798607,0.0
-1301.3160631204082,0.0
1091.9870769286308,0.0
-274.43784506182624,0.0
-1206.0698029518871,0.0
318.6750449790332,0.0
-654.0748321059606,0.0
25.515849682222182,0.0
1134.1191911534884,0.0
264.3025832136466,0.0
-162.43441456697337,0.0
-31.743050392305122,0.0
-92.30438551631222,0.0
1086.1519916740924,0.0
1364.3362604443266,0.0
-198.5608295792284,0.0
-241.4582366815372,0.0
381.44060455546196,0.0
1578.947561079768,0.0
340.57102022133324,0.0
668.0313900540393,0.0
-265.65460608979265,0.0
1409.3851971295821,0.0
-548.0993644689643,0.0
-212.64790331908296,0.0
681.5199269427563,0.0
652.6445036513463,0.0
1360.1009436646552,0.0
382.116081351508,0.0
33.057499466749306,0.0
300.6346760141722,0.0
93.50535318099423,0.0
678.0794032046073,0.0
603.8019874935932,0.0
1522.9318216097656,0.0
721.149818853932,0.0
2124.4145720876845,0.0
1941.2428988920192,0.0
2496.867715709327,0.0
2557.144296739452,0.0
1963.1554727083349,0.0
1305.1617297273797,0.0
2666.1958604272704,0.0
594.3783562379032,0.0
1555.4438665914706,0.0
2330.356258751991,0.0
1542.34473110721,0.0
1912.562153268742,0.0
1443.79264428614,0.0
1483.6386298569362,0.0
2791.7778278402043,0.0
1843.6249377233976,0.0
2567.315072980351,0.0
1351.7273023039552,0.0
1983.5261772044169,0.0
2442.8203156220457,0.0
2697.971187043837,0.0
841.4402505971783,0.0
1232.3355439962072,0.0
3007.416849041868,0.0
1224.321121235847,0.0
2557.448009365342,0.0
2063.7237067403057,0.0
2762.4181281487763,0.0
1091.3748977298824,0.0
2390.177463914739,0.0
314.72313339012385,0.0
2271.713430812299,0.0
3108.8669116524875,0.0
1133.238852085704,0.0
3525.984659711478,0.0
1612.1031493407872,0.0
1849.8460112557082,0.0
140.09830852924551,0.0
3000.205511671418,0.0
1743.950362134538,0.0
2259.2442554856552,0.0
840.653096252502,0.0
1463.7357368049134,0.0
3161.4626551884057,0.0
2032.0294828727947,0.0
2787.9685118526027,0.0
2250.312425353511,0.0
2645.6955593711405,0.0
1900.3432374068304,0.0
2579.9673999448305,0.0
4617.969067963376,0.0
2947.4437715228983,0.0
3154.1870843362153,0.0
1846.0028084245807,0.0
2723.986793311929,0.0
3194.8988120874283,0.0
988.1248685905903,0.0
1139.6632373379737,0.0
3729.3203655856933,0.0
2154.812533629457,0.0
2114.2872451971994,0.0
2356.37719265428,0.0
3101.0676307806143,0.0
2871.8154756153217,0.0
2380.012550307203,0.0
3630.6489181733123,0.0
2378.508305384939,0.0
1329.502983918378,0.0
1292.584437377463,0.0
2085.37117040005,0.0
1638.8541031443397,0.0
1684.6197156052876,0.0
2064.8920829716267,0.0
-225.13386937081987,0.0
1774.5695308866298,0.0
2921.4944877473863,0.0
2282.0881938753732,0.0
1053.4259627748402,0.0
1455.26621602728,0.0
2992.2880828711814,0.0
1842.9126762319192,0.0
1470.1168697625158,0.0
3229.80537907013,0.0
1245.043165423107,0.0
2339.3069465027406,0.0
1658.6809146684482,0.0
1705.137354158565,0.0
849.767022415995,0.0
670.360805598878,0.0
2363.452474800749,0.0
854.0497429826127,0.0
1714.4630906831462,0.0
559.2902340843764,0.0
1200.3476577365943,0.0
1720.1293746134647,0.0
131.72194252005806,0.0
2254.318171340731,0.0
1195.0689426359754,0.0
1943.5160393323088,0.0
503.9769483468398,0.0
2210.7381201097805,0.0
3048.0834044278267,0.0
927.4526677648743,0.0
621.7990981618211,0.0
1563.0518717473524,0.0
1113.110880845048,0.0
1027.9850750465935,0.0
821.9913920308002,0.0
219.61894677994417,0.0
1393.5765618786158,0.0
627.0198231787335,0.0
307.5903712225469,0.0
1667.9555515994664,0.0
678.4207574386141,0.0
2320.1285087087113,0.0
529.9724416165793,0.0
-298.92698149756654,0.0
73.98008552327423,0.0
1113.4225210523593,0.0
-400.1112059098921,0.0
-402.1188317854529,0.0
1590.376880451496,0.0
-547.7671347865889,0.0
1832.8402648716622,0.0
631.3288838004755,0.0
-100.09648024524074,0.0
1332.8434005520312,0.0
-47.68018532732779,0.0
-656.33841858888,0.0
288.25651214459197,0.0
969.9598536842769,0.0
532.8836176634353,0.0
577.4801236705962,0.0
1654.0278562967721,0.0
448.2358519709903,0.0
640.2253352768473,0.0
599.629755636327,0.0
-1067.2969581698944,0.0
123.69536893708433,0.0
2088.731081632003,0.0
-1150.0318539591228,0.0
1007.4046621272851,0.0
-58.008957390527854,0.0
-856.9726241487894,0.0
-418.549824530632,0.0
894.2680262913768,0.0
-609.4821345060845,0.0
594.2677393830464,0.0
770.9480104380209,0.0
-887.6821549843132,0.0
-95.70160707817831,0.0
443.05532569705395,0.0
-381.3239905178715,0.0
781.3137517388788,0.0
-890.7402124278507,0.0
-666.4258087853575,0.0
-658.4468280345911,0.0
157.40745595746796,0.0
-145.19116346704655,0.0
-448.5802674372035,0.0
-1006.8786871441192,0.0
-975.3582559366516,0.0
-1218.454590945193,0.0
303.43996628976436,0.0
-627.3536730876137,0.0
1275.4871381069408,0.0
350.0806486327829,0.0
22.511094609932613,0.0
-765.6487535718038,0.0
1355.4033142043777,0.0
-1492.0981468695043,0.0
287.73748248443934,0.0
1144.5878771374485,0.0
-146.11059736721796,0.0
-689.2720037732298,0.0
88.48871231979281,0.0
1166.212458777054,0.0
549.9314043353659,0.0
591.8772838915861,0.0
-988.6889441000721,0.0
-646.6801484596946,0.0
-259.16034148307256,0.0
-970.8232449175803,0.0
-14.43537712279786,0.0
1448.3913841788112,0.0
-186.9553779970912,0.0
842.7477298884683,0.0
-1102.7627439556798,0.0
-84.6155186265241,0.0
765.8031904530744,0.0
-486.2232407473756,0.0
524.1388847494736,0.0
1493.7668668211863,0.0
1000.7799275050321,0.0
790.0329050307831,0.0
-588.0545574703507,0.0
-236.01490077603464,0.0
321.4496873924975,0.0
563.6864236489378,0.0
1299.8882661920402,0.0
-12.93534466483618,0.0
1664.3368854089858,0.0
27.90116927597174,0.0
231.37036779729797,0.0
-646.3579195892515,0.0
888.3017652240035,0.0
224.3859238557843,0.0
-161.94714279989432,0.0
773.0238877154933,0.0
1280.0447892525233,0.0
1087.5185493684594,0.0
1112.23965098869,0.0
455.76766379838455,0.0
1575.81120716397,0.0
892.8567072694441,0.0
1764.4752301250005,0.0
-394.4573279708944,0.0
1466.4175518383756,0.0
1167.2716805930702,0.0
1864.7514048105743,0.0
776.3949394179524,0.0
2336.5817907862465,0.0
523.0319730048567,0.0
2612.0856121606203,0.0
2146.7031255197076,0.0
713.9883644025095,0.0
3492.7467272072,0.0
531.2928168388119,0.0
1285.0118684183662,0.0
1249.181621589799,0.0
2076.5825904238222,0.0
2007.7640365773161,0.0
2224.3162455757306,0.0
2494.5397674636224,0.0
2053.2434930906816,0.0
1230.6458108126978,0.0
2140.779629451699,0.0
2294.187776315856,0.0
1210.0704230120696,0.0
2356.8724435308645,0.0
292.41539089834396,0.0
1540.2718432421498,0.0
922.2631959933897,0.0
3035.75053032918,0.0
871.6824113724156,0.0
2050.661381732378,0.0
2648.7953452233824,0.0
2990.61164942266,0.0
2811.594588771405,0.0
3050.0512108267067,0.0
2912.1105184360786,0.0
3521.058246395266,0.0
2008.582477420603,0.0
2550.8269646183876,0.0
1312.5252154650607,0.0
2711.466943704845,0.0
4207.077950537115,0.0
2376.559602345076,0.0
1631.8466860572717,0.0
2590.2950205978614,0.0
3791.718324182654,0.0
3892.5460897913936,0.0
1787.7767059011176,0.0
2956.5621040167703,0.0
2424.1967856603233,0.0
2997.3712752531865,0.0
1575.4023005824026,0.0
3326.7098299033587,0.0
2566.233272882074,0.0
2772.081535820398,0.0
2505.5351135985015,0.0
2118.46820444808,0.0
3255.0413661319585,0.0
2435.8390117930476,0.0
2803.9542104472453,0.0
3469.44564948102,0.0
3223.661547761488,0.0
2186.8759355571165,0.0
3622.069651878555,0.0
2176.413214967496,0.0
3319.67329373802,0.0
3296.623270089983,0.0
4074.929581266357,0.0
3652.705906000379,0.0
4225.269633029631,0.0
2304.2238832447442,0.0
2323.1055746334077,0.0
4243.190010997687,0.0
3560.282951652157,0.0
2682.6093196394318,0.0
3422.288366996252,0.0
2223.059128390799,0.0
2008.3226525841349,0.0
3440.263371363987,0.0
3155.829502694725,0.0
3173.0845340991664,0.0
4078.674526941188,0.0
4190.705471093337,0.0
2449.7418657353655,0.0
2423.3690489290652,0.0
1272.7525554756166,0.0
2575.3355745442495,0.0
2643.125603713997,0.0
3056.118140132114,0.0
2747.519291835685,0.0
2420.1328008531505,0.0
2589.2760354669,0.0
1576.87718481781,0.0
3825.3147710826806,0.0
2497.5844049062084,0.0
3364.1121059517704,0.0
2410.543389673747,0.0
3022.221957427884,0.0
3063.28154221376,0.0
2276.2226438232606,0.0
1642.202888024235,0.0
4247.58964096236,0.0
2132.6332535520933,0.0
3022.9861639455753,0.0
2349.240981534154,0.0
1705.4013324166046,0.0
3155.2026979839693,0.0
2685.717175369884,0.0
2452.482492720246,0.0
270.35019132356206,0.0
2146.4501276134315,0.0
3164.7886472704567,0.0
2264.4152381575755,0.0
1883.7544476737307,0.0
2987.425142685785,0.0
2165.2551165441487,0.0
2419.1909917088637,0.0
2765.165097370381,0.0
2631.7933002155155,0.0
718.1587716557353,0.0
2390.9818247047288,0.0
1317.2540507415056,0.0
2.528890600993236,0.0
2273.4538542269192,0.0
64.82484668997154,0.0
1331.4801378443308,0.0
-224.35435908239015,0.0
707.4709026561382,0.0
1399.369416574068,0.0
1265.860318933964,0.0
1587.2621996305143,0.0
972.4069725680583,0.0
1290.8710052200595,0.0
2838.8388338933273,0.0
700.1989534813248,0.0
1536.0896715816934,0.0
2957.385574451587,0.0
317.3918562124952,0.0
49.64502496288014,0.0
657.1127334855047,0.0
1144.3087753934685,0.0
238.23950142733315,0.0
1588.7044782252656,0.0
682.7142022025088,0.0
-486.22937020295774,0.0
931.2811907337724,0.0
242.24195736902743,0.0
1327.3803037217272,0.0
1117.5689650060258,0.0
2700.2387539630404,0.0
1494.5404579556455,0.0
283.376148092501,0.0
1489.954014297651,0.0
1002.4318128287425,0.0
457.2211406484445,0.0
-239.830042962756,0.0
1539.5452813184781,0.0
1994.7596892528327,0.0
647.5128888516979,0.0
199.70040643530453,0.0
95.39921097109521,0.0
1828.203566504163,0.0
1407.1368256385708,0.0
40.49859537480859,0.0
64.77065883365225,0.0
431.1649570212008,0.0
961.7973451860842,0.0
1151.219415892326,0.0
1824.6782926537555,0.0
272.13548120408944,0.0
-221.92183697805308,0.0
1273.286862776533,0.0
1144.1258941040878,0.0
517.2604105373975,0.0
1057.4705574562097,0.0
888.0295556563683,0.0
1380.2977142343611,0.0
437.3834270212057,0.0
1026.237502201985,0.0
595.3404715107147,0.0
122.07007764418722,0.0
1056.3636594613558,0.0
617.0630004281923,0.0
1333.9557654513028,0.0
-874.3140233527398,0.0
-242.6221845773913,0.0
1283.7312032241346,0.0
-577.1188543374066,0.0
462.1316779595626,0.0
180.54479124274815,0.0
212.13449047763885,0.0
495.13028118162384,0.0
6280.237499763805,1.0
8003.627519790449,1.0
628.7175815221395,0.0
1101.5296473314845,0.0
1621.7534992467877,0.0
1044.9437201764893,0.0
1002.3655496791339,0.0
-881.2827160882181,0.0
1407.5532514462166,0.0
1550.671326399828,0.0
1461.2008894694968,0.0
1270.091936814639,0.0
357.35783836830603,0.0
283.4450526809765,0.0
546.1793402282241,0.0
921.6516412684964,0.0
1120.1826581491064,0.0
911.3687904844655,0.0
-274.9429567208813,0.0
2256.4494604369506,0.0
350.96595792435994,0.0
-1359.2649945116773,0.0
2463.770973910917,0.0
2151.804271665149,0.0
774.7922361316845,0.0
1732.2157541182112,0.0
1390.603850167503,0.0
589.1899296585277,0.0
1005.0292918027374,0.0
212.08116604567442,0.0
981.4725911050909,0.0
903.3436809141236,0.0
1523.170003310381,0.0
2273.831599597558,0.0
765.8212376644667,0.0
1692.3591971226647,0.0
164.54977761461532,0.0
730.7304183746985,0.0
1800.3509968626292,0.0
2740.2588579827434,0.0
2210.3154394174317,0.0
2774.8799123779736,0.0
620.6990671207468,0.0
1457.4944933752959,0.0
-239.2014072776701,0.0
1940.1860112054592,0.0
1641.726594250407,0.0
1409.5273803633245,0.0
1190.5467221177942,0.0
2360.288034621298,0.0
2464.3312998144556,0.0
2104.5970291517738,0.0
1584.0625814521427,0.0
2306.1549305754743,0.0
2094.1790743385363,0.0
1888.880097517586,0.0
2748.9277536868985,0.0
2511.8564251022935,0.0
1504.6603629761958,0.0
2113.873800307487,0.0
2700.7877615661996,0.0
2519.5060337887594,0.0
2516.608278808864,0.0
1998.757273855139,0.0
3730.7231523934297,0.0
2772.419118156847,0.0
2655.391493574048,0.0
3419.8848176075016,0.0
3137.9087457116007,0.0
2959.5927147892635,0.0
3271.9122835544676,0.0
2839.463832262348,0.0
3202.1892337896106,0.0
2887.476949593579,0.0
2002.7636567968393,0.0
3002.2802841222788,0.0
3403.4895487582553,0.0
2147.38034742869,0.0
4358.3709005212795,0.0
2851.592612748393,0.0
2298.0179191431143,0.0
2805.2820888930096,0.0
3317.565692621081,0.0
2761.4021995889543,0.0
2605.5906021496176,0.0
3281.1358080649484,0.0
2349.7679509223576,0.0
3296.87407610276,0.0
3449.4105807346823,0.0
2961.0282772992696,0.0
4016.2994017730834,0.0
4340.458450712568,0.0
2983.2715054565642,0.0
1944.9195712432177,0.0
4187.591275099323,0.0
4464.9142328171265,0.0
2455.805165015545,0.0
3781.973506183269,0.0
3911.9680992328285,0.0
2609.593599925894,0.0
3119.301681961863,0.0
4504.9684961029625,0.0
3747.1980139600555,0.0
3926.1821714728326,0.0
5023.374663454838,0.0
3461.098115056002,0.0
2569.294289734479,0.0
5153.788458519478,0.0
2955.5927609313785,0.0
3327.2345686913277,0.0
4309.209584859394,0.0
3987.61520332223,0.0
3848.588848740106,0.0
2576.28505717218,0.0
4458.512209546862,0.0
5334.338015605938,0.0
3269.6112711272162,0.0
2975.871679732167,0.0
3619.610071947731,0.0
2982.9342184436136,0.0
4065.2420257456406,0.0
4217.779075503572,0.0
4247.168253548513,0.0
4027.479224721881,0.0
3492.5123903481567,0.0
4903.300611846065,0.0
3210.374127379704,0.0
3600.2144494924905,0.0
3931.973846999059,0.0
2935.637736146933,0.0
3435.6601805427053,0.0
3067.0037274026267,0.0
3433.9867844391288,0.0
4760.053633860316,0.0
3877.6599962799182,0.0
5827.643935676999,0.0
3187.476226564806,0.0
3295.263265701804,0.0
5399.536727057282,0.0
2752.9421635064855,0.0
4785.803022975541,0.0
861.5916489450774,0.0
2519.8770235014895,0.0
4000.4965205793906,0.0
4887.193967442516,0.0
3423.1893200939035,0.0
2661.3818573239,0.0
2863.87997848378,0.0
3947.6786286972047,0.0
3572.809363905888,0.0
4193.22215277175,0.0
2480.2444545755247,0.0
4059.628086068329,0.0
4095.045337326174,0.0
5075.443884374035,0.0
3865.5622512813125,0.0
3911.343759281435,0.0
2525.970450318857,0.0
1807.1467227679082,0.0
825.1263404992012,0.0
3229.0803150890533,0.0
4035.6053304127054,0.0
2272.282297440008,0.0
1057.675908824082,0.0
2806.8601871837564,0.0
2444.6686186741217,0.0
2222.861886316322,0.0
4301.251853460901,0.0
3144.8090217914755,0.0
3592.588472166696,0.0
2076.4728984117714,0.0
2850.6303966222854,0.0
1479.5479604900602,0.0
3288.7826739759585,0.0
1502.9235556013552,0.0
3747.785035586739,0.0
2550.5042022560147,0.0
2311.3835510755885,0.0
1471.211350016029,0.0
2452.4416575039268,0.0
949.8501359019815,0.0
1528.5581095787416,0.0
1128.8451288383844,0.0
3754.003599296322,0.0
2388.694976642313,0.0
1798.2413963429212,0.0
2785.528002235462,0.0
4261.178834606918,0.0
1873.199631148131,0.0
895.7506262282097,0.0
845.6827701886058,0.0
1984.6691846622416,0.0
2703.968230278565,0.0
1813.2795198942758,0.0
1294.953478050767,0.0
753.528555262772,0.0
930.7454991222675,0.0
2332.068301752419,0.0
1716.826996141946,0.0
1784.9618526249178,0.0
921.3887288968626,0.0
1670.8547691427066,0.0
1839.5270747082218,0.0
2581.4059939441963,0.0
3073.793481308062,0.0
1282.341077151222,0.0
2191.010753059064,0.0
1923.307269772668,0.0
977.0091877926973,0.0
892.2593254048014,0.0
2270.1738270493975,0.0
3120.6005705179123,0.0
819.0566256044356,0.0
3181.5047008714064,0.0
1061.172307445194,0.0
731.0656841537117,0.0
1624.9473258108967,0.0
1033.6618686798124,0.0
2115.517236163441,0.0
1994.539036062572,0.0
-1103.8167154032376,0.0
1871.914070365609,0.0
1777.9915191288794,0.0
2610.3899572594764,0.0
608.0450183920303,0.0
1435.3230364193964,0.0
2306.675211994457,0.0
1895.9664711072955,0.0
2371.7807890067315,0.0
503.8810275672265,0.0
426.89162964818945,0.0
1377.6202456823123,0.0
53.04215638495282,0.0
1454.2141802662022,0.0
1921.1018726400857,0.0
8513.050506501428,1.0
7223.380643677644,1.0
1269.6204591737262,0.0
1194.0733258244136,0.0
1736.544804165767,0.0
1545.8730796184254,0.0
815.9754549241676,0.0
-40.45966262165325,0.0
-81.51242462061896,0.0
668.1161671339535,0.0
630.9895460683114,0.0
1414.5861984453209,0.0
554.4582124714418,0.0
1172.7347679626098,0.0
620.2392110343092,0.0
1412.3078385738158,0.0
2183.6683332699354,0.0
2084.5962491184005,0.0
1076.3023774478415,0.0
981.7701483827544,0.0
829.5745223655822,0.0
1684.5408686774488,0.0
2379.1358752958813,0.0
2952.6550465848222,0.0
2095.176642856212,0.0
1610.2236115486655,0.0
2390.8874422621457,0.0
1431.1385807826287,0.0
1389.4430919039683,0.0
2915.8885205800616,0.0
1229.844781683245,0.0
833.2596521427859,0.0
1632.9146158549852,0.0
1099.6540341854466,0.0
2302.046877851365,0.0
1845.2005791131128,0.0
2397.466681346442,0.0
1834.9929100988875,0.0
1657.050918797235,0.0
2803.716918303216,0.0
2292.7159174410667,0.0
2269.3607958494567,0.0
3194.872800230001,0.0
1380.9759797652778,0.0
2761.26395761306,0.0
3197.8006915423093,0.0
2768.4105994469146,0.0
3452.99250482026,0.0
2110.3841956667184,0.0
3403.9879037454843,0.0
1972.7346327309774,0.0
3316.830192444202,0.0
2757.2929017637925,0.0
3374.2068343231986,0.0
1947.955708476688,0.0
2883.4716104047957,0.0
1001.7202845178251,0.0
3191.555034304587,0.0
3199.366152846468,0.0
3630.5565572423166,0.0
3817.219400004982,0.0
3878.135812296694,0.0
3171.885913750544,0.0
3587.5363231992546,0.0
2591.887461910546,0.0
3229.9150470174313,0.0
3963.9369344651673,0.0
3280.87567561329,0.0
3960.4395192467064,0.0
3101.778153393305,0.0
2634.792347455949,0.0
3499.68131476877,0.0
4334.927163970043,0.0
2211.8814762823395,0.0
3770.510990764552,0.0
6838.34961636441,0.0
3539.89814304412,0.0
3640.103256273589,0.0
4301.295421343511,0.0
3386.2173758284466,0.0
3511.7262146014114,0.0
4376.793707796021,0.0
3015.577662426402,0.0
4631.373557737078,0.0
4168.826885821715,0.0
4750.001221273474,0.0
4061.697733862214,0.0
4552.466816900002,0.0
3946.0357039991004,0.0
6673.300934332812,0.0
5182.310070946754,0.0
5056.468908139086,0.0
4801.3373338883475,0.0
3474.306925806747,0.0
3863.359707895207,0.0
4673.174480842182,0.0
3620.4507957553215,0.0
4159.12369094014,0.0
3940.0745394890127,0.0
3325.441345437101,0.0
3998.3812089298544,0.0
4896.7270784627435,0.0
5168.01762799816,0.0
4662.208032707795,0.0
4557.149380228997,0.0
4772.379481098244,0.0
4260.63823055983,0.0
4701.509146547897,0.0
5136.195838383674,0.0
4883.895647610533,0.0
4018.102530331734,0.0
4037.10882065099,0.0
5495.188871231375,0.0
5490.943090388221,0.0
2939.0002697377713,0.0
4651.208879909448,0.0
4216.550489185438,0.0
4958.122476711819,0.0
3061.909567735762,0.0
2570.6593547540033,0.0
4237.184758573599,0.0
4100.524563426447,0.0
3471.6013305767183,0.0
4860.765199586794,0.0
5332.815909077743,0.0
4687.964962248476,0.0
5069.474034795536,0.0
3257.6605136302,0.0
3905.3766067985084,0.0
2174.5281323433155,0.0
4726.662127688762,0.0
5040.196005273181,0.0
4901.328071161209,0.0
3632.915758806617,0.0
4089.9492843618614,0.0
4986.008550659377,0.0
3016.522755131654,0.0
4185.19651274408,0.0
4727.613120705978,0.0
4234.962402798558,0.0
3751.3397064994756,0.0
5007.765770256948,0.0
4063.0639612911136,0.0
5409.615587470364,0.0
4544.2147276594005,0.0
2876.071013269296,0.0
3945.4086023286295,0.0
3282.743590148621,0.0
3772.693916210791,0.0
4144.465157463635,0.0
5267.206099767522,0.0
4031.661998568898,0.0
5251.285754581752,0.0
2922.3293104876757,0.0
3180.855384793567,0.0
3477.6344007690277,0.0
2480.7419241147504,0.0
2526.6226533375902,0.0
3512.22172785506,0.0
3359.789629906842,0.0
4466.009750161038,0.0
3489.509135376034,0.0
3429.159781477176,0.0
2412.90530121357,0.0
3732.95204581383,0.0
4405.469469797899,0.0
3980.2110668423975,0.0
3102.5426572457113,0.0
3238.6768222166907,0.0
3204.6473412485284,0.0
4306.538944579864,0.0
2236.700707049097,0.0
3758.4020159094466,0.0
3775.319803906823,0.0
3105.2828155703296,0.0
2940.8378917872906,0.0
3209.75520184744,0.0
3042.9855155892337,0.0
2951.960802288294,0.0
1960.4707656320911,0.0
2506.770504763797,0.0
3716.133559375843,0.0
2909.835059542191,0.0
1450.0123993322086,0.0
3751.425637637868,0.0
2541.656030977998,0.0
2826.0710613310575,0.0
3027.2273038035787,0.0
2822.484534826125,0.0
1734.9199328939965,0.0
2242.4041732097253,0.0
2699.9375380255024,0.0
2281.4073817603908,0.0
2078.380192187923,0.0
4137.634898819484,0.0
2516.399388377418,0.0
3206.814841351943,0.0
4091.910376819148,0.0
2684.5042169262842,0.0
1817.1839193383591,0.0
2500.287117907018,0.0
1937.813533836137,0.0
3165.0151443415652,0.0
3366.5067230838245,0.0
2419.722493074895,0.0
1527.351533067655,0.0
2910.5427977193544,0.0
3226.740453655194,0.0
2149.123353975789,0.0
3380.481783348324,0.0
2359.977836298438,0.0
2065.858004356398,0.0
1628.720450946848,0.0
1821.7283764037588,0.0
1752.355492531797,0.0
3138.3836046026427,0.0
820.4249984165161,0.0
1630.9801243127563,0.0
2079.779364222826,0.0
746.226397457493,0.0
1430.8978876245053,0.0
806.9409982547371,0.0
2623.7335845580383,0.0
2250.0912618856573,0.0
695.5014384548888,0.0
3151.805513412693,0.0
1043.5330230728991,0.0
810.8903720471992,0.0
226.45578652855716,0.0
2220.372944528205,0.0
9.662641315544988,0.0
1763.9730315147417,0.0
2328.0374159119206,0.0
2886.563605905479,0.0
1533.706707477048,0.0
2382.8218065710944,0.0
1489.4699351015972,0.0
3016.96755985429,0.0
1267.5498178446142,0.0
2018.807264887056,0.0
1791.7234354981967,0.0
2378.920256265417,0.0
4171.658156369297,0.0
2201.0423212677883,0.0
1869.0960548559483,0.0
2767.9755044441004,0.0
2386.414547236045,0.0
836.4637407153625,0.0
3034.1025265516464,0.0
641.3451558230477,0.0
1090.3702748083645,0.0
2260.9590036595146,0.0
1091.5203501263356,0.0
2447.6143725769525,0.0
3126.8930283088644,0.0
2321.9151874504373,0.0
1532.0564495483197,0.0
2804.8392700440154,0.0
4172.5449827108905,0.0
2540.0203747170444,0.0
3619.8865474801073,0.0
3878.222931229857,0.0
1770.7920195136332,0.0
3095.402103336184,0.0
1434.5255019339795,0.0
2949.2056121590167,0.0
3004.9643339426284,0.0
2611.4084724946174,0.0
1717.9011582833673,0.0
2498.4852179558798,0.0
2080.4506776332537,0.0
3235.20633255069,0.0
3048.5066842782257,0.0
2915.120015353234,0.0
2179.6063181836807,0.0
1909.8015761680053,0.0
2840.830353550534,0.0
4187.706938088992,0.0
2330.4546532867457,0.0
2736.877710239052,0.0
1956.9939705589436,0.0
4721.368281094307,0.0
2600.792349016571,0.0
4275.6309384284705,0.0
3677.1858728577267,0.0
2981.574389882201,0.0
3808.0063940531227,0.0
4444.713906361762,0.0
4183.344280246192,0.0
3815.062713027399,0.0
3348.9626724808054,0.0
4761.524115019403,0.0
4267.393578496519,0.0
3749.7262909199635,0.0
3916.7959076916663,0.0
3180.2440026304057,0.0
4770.402196522597,0.0
3525.017418478112,0.0
3787.323452806966,0.0
3126.337829612842,0.0
4300.522088775399,0.0
4001.199669429911,0.0
2785.232045038344,0.0
4343.436598295747,0.0
4298.852683013601,0.0
5139.527691199641,0.0
4940.403623325127,0.0
3494.8159831505327,0.0
4737.331720809906,0.0
4847.85745086473,0.0
4156.262110914208,0.0
3933.882677654741,0.0
4459.117358914817,0.0
5285.177450806696,0.0
4164.677585700032,0.0
4589.60456582861,0.0
4317.866564828421,0.0
4009.4567746341363,0.0
4019.7132647694425,0.0
5188.801634809394,0.0
4890.622347541239,0.0
4961.292810649437,0.0
4694.3770524528245,0.0
4858.880310035732,0.0
5286.946696336089,0.0
3847.3092176171535,0.0
5410.880166286944,0.0
4302.356356651943,0.0
4581.253904800387,0.0
4879.443643922399,0.0
5092.758092190322,0.0
5508.794427855189,0.0
3953.6115879358313,0.0
6394.36700213837,0.0
6035.503954394002,0.0
5240.939030155495,0.0
5691.61416791552,0.0
4531.637889253911,0.0
3556.9381910030893,0.0
3817.398697372774,0.0
5212.56752804123,0.0
3446.2708919279294,0.0
6209.130890127026,0.0
5276.901143756516,0.0
3949.877462425384,0.0
4682.2840972135955,0.0
3687.359461184938,0.0
4895.919929214255,0.0
5289.583551951368,0.0
5581.807925912545,0.0
4253.086911333545,0.0
5955.733132628206,0.0
5371.380135539862,0.0
4822.428289435703,0.0
4656.029109126592,0.0
5862.870987161059,0.0
6832.445440883876,0.0
6093.7865231360165,0.0
5344.693989506144,0.0
4477.703451861217,0.0
4893.636547698346,0.0
5219.485231725403,0.0
5267.447946319449,0.0
4477.281320870747,0.0
6843.282580689065,0.0
6541.498894115025,0.0
6023.3835680338725,0.0
5057.62031836394,0.0
4981.700550069832,0.0
4121.893920409794,0.0
4174.25710869123,0.0
5519.627094970419,0.0
5114.256326035856,0.0
5652.090799370965,0.0
6883.1349016168915,0.0
5511.03408339858,0.0
5125.872121077281,0.0
4819.913486595126,0.0
4891.593330384865,0.0
5876.301344311369,0.0
5012.441970084957,0.0
5351.714902713321,0.0
3702.2751105766906,0.0
3797.3083923958015,0.0
4757.104913305189,0.0
5536.67822575086,0.0
4039.526725332887,0.0
5424.981990108207,0.0
3858.071432441027,0.0
4421.132444865819,0.0
4733.315958614424,0.0
5249.508531363735,0.0
3704.3453576889406,0.0
3737.6012697183255,0.0
4053.6853089052142,0.0
5557.966771891278,0.0
5433.04765983265,0.0
3272.9090317719165,0.0
3807.228292821712,0.0
3384.683407351223,0.0
5628.3335102845285,0.0
4638.183689963065,0.0
4477.8194578189,0.0
1963.0211859707006,0.0
4151.21976647421,0.0
4049.1738348563476,0.0
4607.784184490385,0.0
2858.4993178730665,0.0
4832.6114892651185,0.0
4508.917503394576,0.0
4499.817035207864,0.0
2999.1632321037096,0.0
5083.671966461645,0.0
4330.1922645248615,0.0
4029.800087368646,0.0
3483.1682076081183,0.0
3359.7586987028567,0.0
3866.3236158539653,0.0
3603.090716939151,0.0
4019.8006221677642,0.0
3776.4202426082047,0.0
3021.7636571959933,0.0
3723.9179132480554,0.0
4631.283866595571,0.0
2841.4465810018282,0.0
3172.1740021253754,0.0
4105.797196617352,0.0
3979.371137712994,0.0
2771.5134693545906,0.0
3758.316232678063,0.0
4560.422343252136,0.0
3488.8412277129723,0.0
3187.7786324886106,0.0
4535.033187186075,0.0
1757.3658415468133,0.0
3477.938726525403,0.0
3109.2109115075436,0.0
2336.7000319681147,0.0
2295.2314515768976,0.0
2350.051301654546,0.0
3426.2523486869813,0.0
3110.5061393006467,0.0
3830.5104009004135,0.0
4158.759372364786,0.0
2523.021382805513,0.0
2840.488904970388,0.0
3266.637240260708,0.0
1452.2354440632294,0.0
2612.6897873276775,0.0
1160.8732038697199,0.0
2374.178160782203,0.0
1848.804382140987,0.0
3253.2168961646016,0.0
2281.2282910894787,0.0
2120.0242918294093,0.0
3501.733478899439,0.0
2476.4072955518745,0.0
1927.6596668003135,0.0
3572.9567168892686,0.0
3456.775118982661,0.0
2354.040494814458,0.0
1703.9702339758005,0.0
2002.1249442677254,0.0
1772.2845392604804,0.0
3888.911123639962,0.0
2138.795856711853,0.0
3712.905433767582,0.0
3555.350838375916,0.0
3067.475499804157,0.0
2874.328975572461,0.0
3996.699595913985,0.0
3394.9123543556693,0.0
1660.2268369327287,0.0
3517.0730592289046,0.0
773.7620579283466,0.0
2011.7196018727632,0.0
3429.4040527759157,0.0
1033.54134413273,0.0
3797.66738561576,0.0
4045.2905097404855,0.0
2271.747913967406,0.0
1074.2110329982524,0.0
4018.39796539677,0.0
2314.0416359335627,0.0
1428.8458044108775,0.0
1828.1163431471941,0.0
2409.14452893667,0.0
1906.200351901083,0.0
4221.25531894462,0.0
2091.5619403672545,0.0
1854.021839334137,0.0
1855.4080492820285,0.0
2242.0947257578146,0.0
3917.7672033143417,0.0
1720.3699193279754,0.0
2304.8732064683622,0.0
3273.97511194687,0.0
3013.8809410873273,0.0
2771.38246672081,0.0
2999.061610052144,0.0
3602.1871221719666,0.0
2412.022730092651,0.0
4179.551664199736,0.0
2361.4202541184086,0.0
3899.5021163246965,0.0
4169.680744815344,0.0
3659.3807283183055,0.0
3112.4865585764405,0.0
4390.473526028628,0.0
2411.9876406740195,0.0
3819.4138270085964,0.0
2670.4638938202693,0.0
3474.499034087993,0.0
2771.5650471485724,0.0
3595.5148419709203,0.0
3747.5977377327954,0.0
3652.5744186472966,0.0
3639.4571022849063,0.0
4764.516726540843,0.0
2353.811312253767,0.0
3574.165564163607,0.0
4363.642943973883,0.0
4938.945208444832,0.0
3303.966608586165,0.0
3266.3471845028853,0.0
4536.330576307501,0.0
3729.315740261338,0.0
3962.823463122692,0.0
