2632.1991441864043,0.0
2836.660480243573,0.0
6519.362143242433,0.0
1683.0739575732232,0.0
2880.9732609882803,0.0
4004.4759466435326,0.0
1030.8495442209958,0.0
1626.448527575344,0.0
2675.456329494538,0.0
2455.8464913611956,0.0
2244.642456591763,0.0
4964.061338675733,0.0
4720.507473897987,0.0
5427.585124252127,0.0
4388.9254924934685,0.0
4179.741042465725,0.0
5321.297513626027,0.0
6265.387707789107,0.0
1956.0720834589815,0.0
3811.647887672822,0.0
2936.213860018438,0.0
1105.9598606927193,0.0
2353.1422824454503,0.0
1448.9981505677838,0.0
4108.559354687597,0.0
2733.7755643109444,0.0
1980.1321163244222,0.0
3316.1928849734722,0.0
4997.899847266175,0.0
1883.3897008343652,0.0
3839.3875106828855,0.0
1549.0943990989554,0.0
1886.6541955920645,0.0
1879.1559522574858,0.0
2944.973991709188,0.0
3133.5175494569116,0.0
4347.381568572101,0.0
3732.8379972247703,0.0
2903.9845619183366,0.0
4335.635230886588,0.0
1738.3253170356088,0.0
1434.515190915472,0.0
2221.453424161022,0.0
2550.472165881986,0.0
4741.70125277282,0.0
6104.98555529898,0.0
3340.011188501698,0.0
2539.2980000961234,0.0
1473.1788744590406,0.0
1730.6934258507135,0.0
4554.980430394414,0.0
2102.3589217901945,0.0
579.7102016731487,0.0
1416.3266908974188,0.0
3084.195815391891,0.0
4083.262455777396,0.0
2043.926989332813,0.0
4903.991534816661,0.0
2745.606852718342,0.0
2295.9935546680776,0.0
1461.350597299117,0.0
3173.791695754883,0.0
1774.5693154390774,0.0
1118.770116667454,0.0
2755.6809481194946,0.0
2190.1285687776367,0.0
3741.965545276996,0.0
2059.7344453106043,0.0
-1227.9634853888879,0.0
3342.0156368138223,0.0
-204.58935058820498,0.0
4012.6277086525547,0.0
4917.739591941513,0.0
2418.634321779354,0.0
1841.9186741137635,0.0
850.3762496715603,0.0
3469.7772171506285,0.0
2312.3321173345284,0.0
1830.4761956422253,0.0
2353.3575578229284,0.0
4730.520909624466,0.0
2950.370325805026,0.0
3480.2688038503193,0.0
3494.2422137548856,0.0
3509.624368705998,0.0
4249.530306718912,0.0
2298.5424285878685,0.0
3029.8344053489686,0.0
2904.904926100054,0.0
2048.716198592143,0.0
3891.578118000575,0.0
1639.027835558802,0.0
2613.14382452787,0.0
1560.4597288661519,0.0
1722.3543043081336,0.0
3385.677529694927,0.0
1759.8176059422458,0.0
1684.3110717761629,0.0
3469.251267185245,0.0
2991.468333696113,0.0
3178.6396360882227,0.0
2450.489232976373,0.0
307.4475138118919,0.0
4623.393548537588,0.0
3663.909284675159,0.0
4320.288171797381,0.0
2359.273647732303,0.0
6785.125646181857,0.0
3462.6600342506,0.0
5162.00732085287,0.0
5279.492828837468,0.0
3469.367393663487,0.0
5101.754198439669,0.0
4452.2855263036145,0.0
1414.4641614965312,0.0
1503.863462570922,0.0
3216.6822183595023,0.0
5227.736966944874,0.0
1366.5510715759112,0.0
3348.9065652149516,0.0
5004.25218503485,0.0
2846.615257536921,0.0
1671.5959623959566,0.0
584.9089714513266,0.0
400.9447394296744,0.0
1859.1475724307857,0.0
1639.1470000151287,0.0
-369.9614086901738,0.0
303.6724178850145,0.0
3194.0605626461756,0.0
3099.0246809172313,0.0
3113.9362729031873,0.0
3658.7715411871177,0.0
2912.405046845431,0.0
5197.831040960541,0.0
5775.626274324157,0.0
6300.853770929101,0.0
4970.664773451024,0.0
4394.959303171463,0.0
4184.910733309642,0.0
4331.41946922269,0.0
4097.4120252687,0.0
3868.5025562662527,0.0
1289.4411623823253,0.0
-63.89199578054058,0.0
2892.111086226075,0.0
1815.7352708110425,0.0
1932.9863481527002,0.0
975.3418457810319,0.0
420.3565646137811,0.0
3778.6624532540127,0.0
3012.5078935566225,0.0
1125.1046193764196,0.0
3308.953315632942,0.0
3336.374859488917,0.0
4394.799179206058,0.0
6533.169964969195,0.0
3823.850909780059,0.0
2801.6472199898326,0.0
4689.3315677756555,0.0
3106.5626803925525,0.0
4139.481285283853,0.0
3039.6572314353675,0.0
3051.8751714177783,0.0
2287.6015326203055,0.0
2682.532446247078,0.0
1539.9480941458241,0.0
2746.3562838990706,0.0
1973.0738558966152,0.0
908.8149705268916,0.0
2849.139811065067,0.0
1362.7273471230164,0.0
3873.1266921209326,0.0
2684.2490914202785,0.0
2642.595929081464,0.0
2593.1727205265565,0.0
3146.6215523192677,0.0
163.89930498990907,0.0
5276.226551869455,0.0
3210.8786543142432,0.0
5360.91708420485,0.0
3532.866353344321,0.0
4521.2834219206425,0.0
4176.159969576424,0.0
4543.572137917521,0.0
3636.3906831219074,0.0
4285.842216790659,0.0
2006.8753068716703,0.0
766.0740650314924,0.0
1771.2919191231003,0.0
3188.2286117206045,0.0
3526.3303627957507,0.0
3031.2464109131215,0.0
2353.797764395256,0.0
819.4408847374546,0.0
3192.372245396363,0.0
2803.7086392381466,0.0
1831.4342330367226,0.0
3070.191760043523,0.0
3894.6285294719055,0.0
3550.43755373411,0.0
1787.5207822969126,0.0
1466.0612885199957,0.0
151.56515968724057,0.0
2304.560136633453,0.0
2111.4879341699266,0.0
3511.812473859327,0.0
2269.4369258677766,0.0
1654.6983436070516,0.0
4813.76270509962,0.0
892.151374127347,0.0
933.4642787247528,0.0
1881.0008644981501,0.0
3302.172455808636,0.0
1813.7970825103437,0.0
1500.3807314325609,0.0
2372.398534510544,0.0
3738.4712081952903,0.0
1248.817082168052,0.0
637.5242231222724,0.0
2067.706151497426,0.0
1223.1936328167967,0.0
1876.2392623034257,0.0
3976.195821308529,0.0
1643.600122918806,0.0
2049.961527111848,0.0
3168.9866254010035,0.0
1886.638874271342,0.0
3106.9608261903118,0.0
2933.4011373694407,0.0
1731.919401587554,0.0
1160.155953082664,0.0
2085.848046347187,0.0
3138.273637154185,0.0
2309.4228244285982,0.0
3205.6253135633065,0.0
1008.2069257561143,0.0
3871.629467802397,0.0
2029.8478200143868,0.0
3075.7013870122973,0.0
2083.493314436011,0.0
2165.080047575847,0.0
2815.4528206696286,0.0
2067.3634914196914,0.0
2669.686326562036,0.0
1459.2433778874615,0.0
176.2686427677686,0.0
1971.0119313634577,0.0
1625.3059583066747,0.0
4308.076711132773,0.0
3588.824386279069,0.0
5411.857211421717,0.0
5069.566763701815,0.0
5483.497854686577,0.0
5190.871687550694,0.0
5197.047029211424,0.0
3960.732757863835,0.0
5014.495736207633,0.0
1751.8523804140104,0.0
2585.937401082108,0.0
3306.3517848147785,0.0
2993.091999990984,0.0
3642.7740193575055,0.0
1136.2812196979437,0.0
1619.1067957590556,0.0
3823.6467820880043,0.0
4893.144716568606,0.0
4321.562976904184,0.0
3659.9158571646394,0.0
4633.632036757052,0.0
4719.527258531487,0.0
5072.272025476708,0.0
1162.3763340951482,0.0
2845.998559250502,0.0
6295.02261945684,0.0
2665.894280290996,0.0
5576.714310635739,0.0
3486.3409684251983,0.0
5834.586774935414,0.0
4044.2518236163064,0.0
4636.037609506773,0.0
2569.1312636821413,0.0
5472.272675323895,0.0
4106.172347039504,0.0
1046.309529413477,0.0
4261.033150199108,0.0
1812.0702926558974,0.0
2386.242333567282,0.0
-745.0480658572033,0.0
5121.016679470687,0.0
1293.6283302172012,0.0
1655.9202256204949,0.0
1500.316186806556,0.0
2766.792912859396,0.0
3687.8549955097224,0.0
1801.3514156315237,0.0
3633.2750545683066,0.0
2349.061406807242,0.0
4111.379180689063,0.0
3627.627098921443,0.0
4496.522953159896,0.0
7776.476476716372,0.0
4631.188092832581,0.0
4473.8151839619895,0.0
3804.6265766057018,0.0
5686.716315645852,0.0
5248.714605018624,0.0
686.694159296211,0.0
792.2283509486563,0.0
5331.246731248621,0.0
2876.0231152570627,0.0
2911.20316903726,0.0
2958.5502181311504,0.0
3520.5227058883283,0.0
3569.5957296773777,0.0
2202.472114196613,0.0
4535.061340095753,0.0
2151.9687073743503,0.0
1869.7099045113343,0.0
1897.425888353776,0.0
2666.118868813894,0.0
2015.322240544523,0.0
4176.317802526012,0.0
4462.073748170478,0.0
1204.9956533795248,0.0
4233.64038275411,0.0
4908.900641303295,0.0
4675.596212402301,0.0
3726.8933825170006,0.0
2501.475782599746,0.0
4160.378345626867,0.0
3382.2477408265772,0.0
2894.292690697687,0.0
5238.4707708435335,0.0
1860.4126819264711,0.0
3156.3668329348084,0.0
2510.845032220407,0.0
2636.221841375269,0.0
1203.7979896959187,0.0
1230.374081625892,0.0
4133.799704011005,0.0
2295.5256389360356,0.0
2609.8883407891867,0.0
1057.648741442854,0.0
2250.8945838748095,0.0
2855.8791475823327,0.0
1211.5584161322677,0.0
5070.699360078954,0.0
4087.0541373062124,0.0
5105.412845534208,0.0
2683.1502493383505,0.0
4978.269069311671,0.0
6261.897414333262,0.0
3609.7594659574174,0.0
1973.7185326288145,0.0
3030.640515701696,0.0
3643.990153542597,0.0
2542.9876614655386,0.0
2040.105518373702,0.0
2187.639419460431,0.0
2649.61411324161,0.0
2294.7098518454964,0.0
990.9420815629455,0.0
3530.7836745861323,0.0
2823.378526155201,0.0
5140.809695315469,0.0
1751.1833752462173,0.0
2680.3943965885346,0.0
1731.4165366602745,0.0
2552.0278331148647,0.0
1727.1006348509507,0.0
873.0015591403699,0.0
4003.746743337999,0.0
615.4601277991376,0.0
3924.852301720036,0.0
2239.2621881114164,0.0
773.5844838554287,0.0
4658.962119098629,0.0
1804.7485941623477,0.0
869.2693449829414,0.0
2144.561408693263,0.0
4021.4428369101342,0.0
5568.769793463502,0.0
3785.7453308583326,0.0
4307.258575774531,0.0
3377.425883281576,0.0
3905.634009540008,0.0
3319.0322837897734,0.0
833.051733997926,0.0
2134.613555250681,0.0
4000.382648082163,0.0
1020.3496015328165,0.0
4918.6257109712915,0.0
2631.1286418021473,0.0
1766.3235045430824,0.0
2559.6324742954243,0.0
4412.328924181377,0.0
1618.3895890995439,0.0
3844.4708375200535,0.0
3670.7277034869085,0.0
1392.2430362981884,0.0
2928.2576664589265,0.0
2776.576779962903,0.0
1714.7591091593295,0.0
3878.243241490915,0.0
3190.7028194636023,0.0
3041.294589470001,0.0
817.8812937778832,0.0
3536.0947101997426,0.0
1939.074687275527,0.0
1911.2358812421114,0.0
2334.5377266494093,0.0
1448.224300268735,0.0
2555.1354184663087,0.0
4060.5724388826993,0.0
1797.9143939449084,0.0
4318.286853372276,0.0
3239.1062844552666,0.0
3487.430635090742,0.0
2411.220152739833,0.0
5924.528221082042,0.0
2136.724256421686,0.0
4196.296085378684,0.0
7487.102232157577,0.0
3420.0921734777294,0.0
2680.488278030665,0.0
3407.4723883712445,0.0
3892.7752530679486,0.0
4135.129136819335,0.0
3680.73068537811,0.0
2700.9073354397447,0.0
2761.558585657222,0.0
3635.1973920055343,0.0
1491.7476757369786,0.0
2065.0528889213365,0.0
4796.280030620999,0.0
844.081815867275,0.0
3717.1687556098914,0.0
1591.6848389189413,0.0
2563.976109565132,0.0
2740.8398435240592,0.0
1217.7793408217224,0.0
3426.3983364467217,0.0
6226.745420410936,0.0
4331.433194736869,0.0
4203.40367964376,0.0
2244.041793132018,0.0
2887.000362982184,0.0
3176.9106380631324,0.0
3685.7889897307427,0.0
4368.924998822085,0.0
1325.0126622720882,0.0
4371.291731902701,0.0
2043.6102455803198,0.0
2156.613681984245,0.0
852.0467446166306,0.0
2374.6098807847584,0.0
4027.4214089302495,0.0
936.1482908746641,0.0
3085.482721794246,0.0
2395.90303276637,0.0
2140.129575420452,0.0
4190.032072675758,0.0
1404.9485485881137,0.0
3879.2053140356657,0.0
2580.465535105016,0.0
3547.430409037011,0.0
1344.0146344280356,0.0
4363.138713006802,0.0
3572.599885651113,0.0
4877.544598115628,0.0
3942.8933089621964,0.0
6944.454422106564,0.0
2079.2365920527627,0.0
4577.310871421381,0.0
3942.613354195627,0.0
1724.3740538794527,0.0
5145.861940957993,0.0
1157.2514454318602,0.0
5151.076259911148,0.0
6054.53616776933,0.0
4441.7212195817065,0.0
3384.4481062771943,0.0
3268.59345045447,0.0
2737.564927949341,0.0
3020.7746453627556,0.0
3037.74200311794,0.0
1943.8616959957772,0.0
4420.143017001372,0.0
1800.787354353321,0.0
3600.6119748131064,0.0
1775.0503785096275,0.0
5622.157798229164,0.0
2973.287113654475,0.0
5108.7527368306055,0.0
2027.6187474789467,0.0
3727.879299283821,0.0
4872.773901709057,0.0
5068.003360695862,0.0
3697.827694661129,0.0
4070.7189223297146,0.0
2976.473232252518,0.0
4578.650248859678,0.0
2813.8003071327394,0.0
3440.5969469421475,0.0
609.5504692912791,0.0
2783.047424323986,0.0
4675.712701829122,0.0
2454.0969251441265,0.0
917.9361261203808,0.0
2294.184090546928,0.0
5784.172412966426,0.0
4603.732850440016,0.0
1051.7769150616637,0.0
16918.625964601386,1.0
83176.83203831379,1.0
4903.019786359491,0.0
2309.858981919842,0.0
6203.038297704023,0.0
4423.915000441535,0.0
4050.096563664379,0.0
3233.973238834046,0.0
3102.9428701136767,0.0
5789.172400755415,0.0
2882.844306702553,0.0
2761.689270561097,0.0
3187.6586276361722,0.0
1973.8667938293224,0.0
1095.5304931036003,0.0
3470.7899819651198,0.0
1246.894400361715,0.0
1874.8245963731413,0.0
2977.627268330793,0.0
4104.032920542443,0.0
3504.1271371922257,0.0
4595.535347234442,0.0
2183.3402079811954,0.0
1138.5376970566385,0.0
4165.207330310523,0.0
3755.1418054367077,0.0
2230.0230961505295,0.0
4526.4754202033355,0.0
2750.247266330206,0.0
1344.382072263963,0.0
3247.0488603448644,0.0
2534.341705303449,0.0
2250.117976921222,0.0
4034.976947970732,0.0
3662.882750217088,0.0
1255.1749361505147,0.0
2594.5309309973163,0.0
-141.7030165480137,0.0
2412.3782695076843,0.0
1683.1406520128694,0.0
2340.6722621392596,0.0
1966.2358017021554,0.0
1531.7335733171408,0.0
1567.5298332050488,0.0
200.54578982401858,0.0
4539.589635380208,0.0
2987.5098441569403,0.0
2898.120148975446,0.0
2362.054597528443,0.0
2340.015218814902,0.0
2947.1212032658646,0.0
1858.331146449274,0.0
1063.3275006658582,0.0
5054.190162908971,0.0
1977.6404829133826,0.0
4687.84735015214,0.0
2713.022430903996,0.0
1438.1208746192592,0.0
3930.42361724279,0.0
2850.8328602159104,0.0
2763.247152701498,0.0
-213.42759284775138,0.0
4068.5002618529807,0.0
3815.536368127036,0.0
2761.5687351249494,0.0
2130.9899406589025,0.0
3647.457125684049,0.0
2469.8300935949546,0.0
2931.4672714134167,0.0
3942.261604790322,0.0
4354.836096461076,0.0
1604.599833705195,0.0
3687.775496507161,0.0
3097.883185426726,0.0
2303.207915135432,0.0
4475.451143955908,0.0
2726.20629743254,0.0
3724.8554773625774,0.0
922.5971459521884,0.0
2517.2911450921056,0.0
3489.9098827781045,0.0
3363.800172727962,0.0
2028.843838432085,0.0
2192.8196241591168,0.0
1487.5786413971284,0.0
4373.8689560262965,0.0
2444.9151477163127,0.0
2324.9114828608604,0.0
4630.211987649436,0.0
1359.6198535676408,0.0
-74.25603778936511,0.0
1813.8914472121517,0.0
1866.7558495217465,0.0
1489.3229509376877,0.0
2964.8868523569618,0.0
3431.1125351383203,0.0
2059.3547028836974,0.0
5234.640462797056,0.0
3102.1515219548683,0.0
4966.743348862879,0.0
5036.0325644855875,0.0
6658.016154892549,0.0
5942.45835521815,0.0
3534.0620789800055,0.0
3697.1334613498307,0.0
3512.7160952750387,0.0
2283.911050455468,0.0
509.0631963607841,0.0
3595.4593945191423,0.0
4095.7466033889677,0.0
2028.751510540938,0.0
2896.428705317412,0.0
2020.9717824253173,0.0
4031.566967183705,0.0
3595.3615828690645,0.0
1223.4202302890967,0.0
2497.028524877648,0.0
2536.848519123906,0.0
3364.640088912796,0.0
4200.199565515577,0.0
5694.129818208829,0.0
4001.773621618118,0.0
3360.2740704658613,0.0
4894.093394891368,0.0
5946.850494128601,0.0
4593.137504207446,0.0
4058.881611723263,0.0
6102.606570940268,0.0
5444.3361364026405,0.0
3786.227398049732,0.0
3312.3212002384707,0.0
3096.5213369022,0.0
2627.8314865754646,0.0
4364.8632602516145,0.0
3840.436718470901,0.0
4034.7766111859246,0.0
1533.1986854279353,0.0
1517.5396465104504,0.0
2702.2602340678995,0.0
314.48875786070585,0.0
2757.1577009144103,0.0
1905.600965672627,0.0
2268.6019906382644,0.0
3641.7009203711277,0.0
1381.34710346447,0.0
4515.237689329512,0.0
4488.917804126663,0.0
5991.494060684407,0.0
5763.060880332059,0.0
4868.603140068267,0.0
4833.273856460559,0.0
1079.38357477729,0.0
4056.745234453314,0.0
4193.511919377942,0.0
4662.815019645446,0.0
2890.3062049292776,0.0
2111.079612490219,0.0
2036.575803523445,0.0
2485.5580990047706,0.0
2966.6012298960623,0.0
2720.839995219386,0.0
1872.890092652604,0.0
542.1050871421478,0.0
5570.872470557632,0.0
991.8459426262157,0.0
-715.0618513567283,0.0
4008.951474765796,0.0
3988.3229813955295,0.0
3409.6331684383763,0.0
4643.676326055822,0.0
3934.475500375367,0.0
2205.6160760244884,0.0
3549.8822256281705,0.0
2097.573063474829,0.0
2476.4327285027603,0.0
1984.239006954845,0.0
2567.2303905046792,0.0
3272.8777041691333,0.0
1149.6283089803735,0.0
2527.8065250009013,0.0
-578.1864902711859,0.0
2904.752215599582,0.0
4288.795663478456,0.0
4198.763111325736,0.0
3034.5108622991293,0.0
3116.093823327764,0.0
-239.1992302364697,0.0
1062.6402530666726,0.0
-1048.1595095011553,0.0
1587.1584062304464,0.0
2116.5215764422373,0.0
1521.365551335579,0.0
938.8681737867175,0.0
2500.274218830562,0.0
2359.43140785471,0.0
1831.4146695734742,0.0
940.5816140758805,0.0
1825.0497199594695,0.0
1885.1446290945073,0.0
2134.9556323002284,0.0
2718.774162482373,0.0
1972.09117721352,0.0
74.18829437625777,0.0
1461.1147447294693,0.0
2221.1371857338513,0.0
1502.7362698440893,0.0
1927.7017020677508,0.0
916.9832096571579,0.0
3274.5756438167155,0.0
2192.959213475193,0.0
1844.9856169249151,0.0
2636.633357440164,0.0
2574.3511670121648,0.0
1912.961640591334,0.0
2837.038970428668,0.0
2528.1564574461936,0.0
1939.2311251709084,0.0
1648.3053289337445,0.0
818.8598781499006,0.0
1847.0315134503255,0.0
1833.3496644431675,0.0
708.6246707200094,0.0
3298.3494747405666,0.0
1773.9398665486713,0.0
1710.5877798836036,0.0
1352.483965502506,0.0
1721.9273986357684,0.0
1798.9268735021012,0.0
908.7217349773936,0.0
1901.6651214647054,0.0
-80.942792652158,0.0
1619.4808495555362,0.0
2278.427027773799,0.0
634.3652299907881,0.0
2194.6148579919845,0.0
2470.572342068521,0.0
916.2948061916043,0.0
-1265.0623927919705,0.0
2512.139530207589,0.0
3117.705031200295,0.0
-357.39003246733273,0.0
1859.9461401160404,0.0
1898.1056381933217,0.0
-9.005260196845711,0.0
1997.3318716155486,0.0
2973.564007215179,0.0
1884.9122938592486,0.0
1711.1845658613233,0.0
3058.9425945783905,0.0
950.5672659656494,0.0
-317.2814900950416,0.0
3134.814330330578,0.0
701.6764931136383,0.0
1779.074483473085,0.0
2916.08609008164,0.0
1954.6360487483855,0.0
1775.8860206835534,0.0
889.5931283661098,0.0
2199.5606414508425,0.0
4122.629615279881,0.0
1070.438034445925,0.0
522.3181852441942,0.0
2307.2791522043567,0.0
1185.6299582632723,0.0
2560.230903150202,0.0
2589.9470938081117,0.0
3302.0241826249357,0.0
3001.4190471290176,0.0
3179.0580889046696,0.0
4232.148994883231,0.0
1490.0831796735408,0.0
2579.1815131978815,0.0
2575.426869807593,0.0
545.2521168142557,0.0
679.1027598856135,0.0
1376.457525885236,0.0
1072.0738433737627,0.0
3018.2906014055543,0.0
2208.6368373301475,0.0
5475.2928381467245,0.0
1565.87169694767,0.0
1584.6437066782132,0.0
4536.423664134192,0.0
1359.330784580041,0.0
4788.411241269336,0.0
-1196.6099918361615,0.0
1679.2543391687077,0.0
4738.294025838033,0.0
5040.452685458215,0.0
4135.795932400133,0.0
3012.8497103285285,0.0
3479.6289452944493,0.0
4423.048489832342,0.0
3858.2673205022297,0.0
4955.50921225614,0.0
4022.691384678714,0.0
4189.921035397439,0.0
5019.309202362929,0.0
6216.420300671069,0.0
3377.978751654252,0.0
3647.5038783190876,0.0
1573.3128152039128,0.0
155.65617650782815,0.0
-863.6839906114274,0.0
2923.587524625531,0.0
4443.763657070223,0.0
1462.9731550975891,0.0
-1331.317703146758,0.0
1890.7496726827414,0.0
1737.7066940726681,0.0
1554.9346312299635,0.0
4384.366157249896,0.0
3760.2314829280103,0.0
4346.974540869875,0.0
1728.983988417719,0.0
3050.2644950243493,0.0
1450.555370729097,0.0
5817.815562779945,0.0
1866.7572384088428,0.0
3837.8698107222867,0.0
2460.8395725657447,0.0
3199.907041388835,0.0
118.26728424301064,0.0
3084.9606026440506,0.0
30.740298069915752,0.0
336.61523668907853,0.0
872.8673739302545,0.0
4504.896177852597,0.0
1853.6654427187448,0.0
936.0891071340567,0.0
2376.116088700994,0.0
5319.501067938303,0.0
1686.4033262776006,0.0
1093.6666167153458,0.0
769.076571161278,0.0
2124.6391621827356,0.0
4430.599456928571,0.0
2640.4141333237635,0.0
2671.4380589302723,0.0
1682.2143632501322,0.0
2659.103719334842,0.0
4434.062319919451,0.0
4259.340880519065,0.0
2951.1380455330054,0.0
592.7807559297487,0.0
2495.072206754841,0.0
2241.6861735161597,0.0
3657.2014351883627,0.0
2916.2261980474545,0.0
2060.6117174325,0.0
3055.877974919381,0.0
3370.0464306039235,0.0
1764.900926095879,0.0
2247.029098996675,0.0
3701.9584009558594,0.0
4649.303232554788,0.0
1752.5369231629602,0.0
4022.5475795931097,0.0
2249.9607808591413,0.0
3218.964570344916,0.0
2806.9660719248677,0.0
3069.5613898550237,0.0
4808.347447653807,0.0
4373.108271660914,0.0
-509.68109160883614,0.0
3602.471028929245,0.0
4078.066581288168,0.0
7124.027738498315,0.0
992.3245037559518,0.0
3277.7192109329944,0.0
3662.5429751194106,0.0
3286.6712986551142,0.0
4205.92881487438,0.0
1042.927414455554,0.0
890.2353839495623,0.0
3225.0760989563214,0.0
1598.5797173808794,0.0
2433.527993895521,0.0
5062.40096387019,0.0
2503.3481973353155,0.0
-20.831066856047755,0.0
1106.881854216101,0.0
1850.7325495960697,0.0
2233.409332666237,0.0
2289.6196174497086,0.0
1175.0382655907608,0.0
-226.80902459688468,0.0
-223.88738544043372,0.0
912.7189070247005,0.0
649.6400670008798,0.0
1036.3874064918296,0.0
581.3142378066575,0.0
1478.3504170452102,0.0
1006.4558260033491,0.0
1961.8446239354698,0.0
1762.029573145198,0.0
2686.700334820551,0.0
725.7412305129637,0.0
2523.7226573562425,0.0
95.18383085789287,0.0
1525.3173982946614,0.0
2040.345916761768,0.0
2583.575025750436,0.0
1372.6007955555067,0.0
1167.2644286747727,0.0
2141.133429024422,0.0
1372.24482782517,0.0
295.90013981410516,0.0
2572.974236070404,0.0
1446.2784389402714,0.0
213.97289567027065,0.0
1891.6392410187839,0.0
975.0378479760818,0.0
1938.4236707291006,0.0
1039.7825487735047,0.0
1436.071761696512,0.0
920.3626501544832,0.0
1458.9143327687461,0.0
1946.8281168884835,0.0
1695.6896399161542,0.0
1340.91251349844,0.0
2428.385982258297,0.0
954.1846378492287,0.0
2347.4648743026532,0.0
3704.069075105325,0.0
2710.42095782928,0.0
3398.644258489402,0.0
810.653258951218,0.0
3268.871712633752,0.0
1205.61976943844,0.0
4405.135632934939,0.0
2753.500711101591,0.0
4245.498562622905,0.0
2345.1989237780062,0.0
3215.954344140092,0.0
1741.6352796126712,0.0
3728.7015923111494,0.0
4059.7044138923443,0.0
3664.550619870086,0.0
4965.64942097387,0.0
3961.966846878377,0.0
3651.1383452146188,0.0
3536.3318215133586,0.0
2856.686970203395,0.0
4303.902703735968,0.0
2526.443626611118,0.0
2452.8358664386305,0.0
2032.3096180265156,0.0
1188.6768502906523,0.0
957.8199930223077,0.0
1863.3214254381787,0.0
2677.793421918779,0.0
224.5470675624772,0.0
3332.3491108373537,0.0
6314.41844125103,0.0
2596.353279762703,0.0
3136.606443948931,0.0
4780.5545948761655,0.0
4154.191718209052,0.0
3432.14290892989,0.0
3062.049236674047,0.0
1366.9685782366496,0.0
5314.8282841786195,0.0
3403.9293133788824,0.0
4116.946330290833,0.0
2729.015953104847,0.0
3858.5339320834273,0.0
2296.349271900807,0.0
5659.692534778378,0.0
3806.1228955077336,0.0
3667.4341672286682,0.0
2058.4464101327594,0.0
589.9401652331335,0.0
1610.3334607604984,0.0
2655.4140349319514,0.0
3221.0056948135784,0.0
1417.9851440820885,0.0
1641.05587535669,0.0
1436.0091386977672,0.0
2413.614482953304,0.0
3488.061652982858,0.0
3763.9001220682085,0.0
4049.633365048481,0.0
3300.953114093831,0.0
3437.7816973300364,0.0
3135.4014216998107,0.0
3687.6051679938478,0.0
3705.3941597614535,0.0
3646.4130236327765,0.0
1919.3813178770088,0.0
2744.506050063453,0.0
3852.6431637420737,0.0
3411.749579167743,0.0
461.1946053535912,0.0
3149.4556390468015,0.0
3306.783913345733,0.0
2755.2134442256715,0.0
-649.9974866570074,0.0
1329.7084535941256,0.0
1518.6402769585757,0.0
1807.7439935043274,0.0
366.7570528827507,0.0
3750.0032969313324,0.0
3489.9133289359347,0.0
3869.670534983373,0.0
4563.349220614849,0.0
1607.5724539878847,0.0
2736.2934736868956,0.0
288.56152440170035,0.0
4576.939296488758,0.0
4510.267366150441,0.0
3118.6964419529286,0.0
2114.001882740149,0.0
2169.6217291812823,0.0
3136.238016648104,0.0
533.5933311655508,0.0
2495.007575215407,0.0
4332.106840915094,0.0
921.4157296568777,0.0
1141.5399454283847,0.0
3225.7258830917062,0.0
2586.3509312598444,0.0
3342.6828266957536,0.0
2558.602579895744,0.0
514.9120123894704,0.0
1539.8496464218001,0.0
1062.3522148266957,0.0
1656.504060980597,0.0
2377.01230568564,0.0
3397.0885255692565,0.0
2338.420104046386,0.0
4591.044491107062,0.0
196.2201461406687,0.0
1705.712910958051,0.0
1883.4894725141144,0.0
-275.91098513100314,0.0
201.59388468557222,0.0
1826.8891314138764,0.0
2146.3934381118124,0.0
2353.9537673383174,0.0
2162.4249642856585,0.0
1312.7430129590628,0.0
-74.08980244789927,0.0
1617.8110514711398,0.0
4474.320301002165,0.0
2081.2756653591314,0.0
678.1324705419627,0.0
1700.4041494783164,0.0
1909.5525627844468,0.0
2935.063268676712,0.0
2934.369581188382,0.0
2909.147442412853,0.0
2121.285794324599,0.0
1701.6321666870178,0.0
1362.4107887287314,0.0
1054.3111833700377,0.0
1727.1533255015747,0.0
1951.6789471157308,0.0
848.557099237564,0.0
1460.4456405751612,0.0
3293.82480757801,0.0
1755.0305423434845,0.0
-565.9404138462664,0.0
3498.452998308126,0.0
1378.8420108602504,0.0
2092.1311917578673,0.0
3738.831872585399,0.0
1859.4569234879355,0.0
3206.529960361933,0.0
2441.784511081724,0.0
2656.0420816514065,0.0
2279.827642970035,0.0
1731.6414033714382,0.0
4856.672371523785,0.0
2642.574051694454,0.0
3552.5656459778047,0.0
5601.570429987738,0.0
3354.248780092395,0.0
2602.9998866951437,0.0
2867.358567094857,0.0
3949.89160638898,0.0
6101.361695659276,0.0
5855.648890131427,0.0
3688.141746444984,0.0
2273.664326703475,0.0
3405.157582607686,0.0
4420.107125873927,0.0
1555.7518959044278,0.0
4435.374586939055,0.0
3611.266917290557,0.0
3313.9024937263025,0.0
1859.4939641666929,0.0
1336.148793378802,0.0
2678.9442449084604,0.0
4141.154007763993,0.0
803.2144206365028,0.0
1950.7202379044681,0.0
2137.3425652842375,0.0
1731.8944420566938,0.0
2265.4569279349025,0.0
1100.022793926704,0.0
3867.592177435632,0.0
4565.949281565319,0.0
2778.319544390358,0.0
5831.320077823442,0.0
2431.979768855918,0.0
1735.6526070928348,0.0
2354.587619390416,0.0
4681.953007124787,0.0
332.10652884152387,0.0
3116.3509540376467,0.0
2655.327276226886,0.0
3465.3931328434483,0.0
1948.057934443069,0.0
4602.789641867232,0.0
3405.552660403394,0.0
5875.122841008053,0.0
1834.3366909058484,0.0
2544.2859688322906,0.0
2507.7262808963633,0.0
2945.070231847834,0.0
5211.923231019783,0.0
2352.2939341567317,0.0
3666.0164193911273,0.0
3541.2807721283284,0.0
4293.375244437481,0.0
998.0667285539894,0.0
5274.711318479697,0.0
3211.2966766293957,0.0
2540.2887428570907,0.0
3696.892168952694,0.0
1744.6170758362282,0.0
3019.8419436616705,0.0
4072.5437193804287,0.0
4164.171120104275,0.0
1910.445513354759,0.0
2425.983994483171,0.0
4896.704497752553,0.0
2630.0830086907436,0.0
4530.453013975399,0.0
4346.3487008226775,0.0
1230.2625098897056,0.0
3976.914919579185,0.0
661.6305067732662,0.0
3003.724037722976,0.0
3681.311116990205,0.0
3271.7257184366204,0.0
1651.1784727897416,0.0
2750.49505405943,0.0
3890.1276149894597,0.0
4921.75886641219,0.0
3485.5349049454185,0.0
5599.212747603975,0.0
4211.0973905281135,0.0
2555.067657077783,0.0
3589.7181564283733,0.0
5140.647440658453,0.0
2035.2370158296817,0.0
1445.287716921568,0.0
143.0803439779802,0.0
4567.814171572745,0.0
1240.2534837661296,0.0
3751.000300182409,0.0
2378.654492340107,0.0
2063.2412948765823,0.0
2464.2350819909057,0.0
5433.063261469657,0.0
4151.387051252976,0.0
3653.1841880563716,0.0
1551.9842747274286,0.0
4083.3023304266444,0.0
4207.31189669943,0.0
3579.1119621060934,0.0
3898.718352797282,0.0
3469.650642450976,0.0
5405.114731854383,0.0
3785.961652821122,0.0
3033.599329761886,0.0
2773.6409562133285,0.0
3167.4843317617315,0.0
3140.2713139299276,0.0
566.6508353053644,0.0
2606.4438102624285,0.0
2525.9669424298,0.0
4331.473359691277,0.0
3866.1055818142695,0.0
1419.6984207981714,0.0
3571.644854141715,0.0
2674.166540118147,0.0
1693.0977458295245,0.0
1561.1940285938922,0.0
4027.0873865607473,0.0
3138.0599123503225,0.0
1521.8314125725024,0.0
2677.5827330085363,0.0
1634.4677867902863,0.0
1164.546672437663,0.0
1728.3127854498453,0.0
2756.812277080032,0.0
2457.421487486781,0.0
2514.646248677858,0.0
3022.479650922722,0.0
2256.9636704394566,0.0
3384.7118676441914,0.0
266.50250057832704,0.0
3248.379092052723,0.0
767.5805559185444,0.0
2511.5343013796587,0.0
2824.5023390292863,0.0
2439.400044991494,0.0
2035.644850618794,0.0
462.912518310284,0.0
3911.5360807907728,0.0
2806.7942152402884,0.0
3499.699641561412,0.0
2410.913067455788,0.0
925.7737594901675,0.0
-222.35352645848025,0.0
94.71178707499075,0.0
2646.0893588794424,0.0
-1275.4813824424045,0.0
5086.664119307022,0.0
2771.0928958104787,0.0
1669.6610982906918,0.0
903.364634137431,0.0
-58.06191711188126,0.0
1341.966694699871,0.0
2122.575570600304,0.0
3272.902002116653,0.0
138.2123306085266,0.0
2834.481318263617,0.0
1870.7867528839922,0.0
1700.460238178603,0.0
2156.56652800289,0.0
2804.78704721816,0.0
4024.9965456566847,0.0
4142.048388588846,0.0
3544.6800994397076,0.0
929.935410048652,0.0
1574.1036651763548,0.0
3037.539894593924,0.0
2479.4188323510366,0.0
1150.5219852120686,0.0
4721.767075895164,0.0
5535.177090376096,0.0
3773.381965425169,0.0
2711.1883872254743,0.0
3605.2544204912474,0.0
2710.1772948293237,0.0
1884.0307571325461,0.0
4369.322895898571,0.0
2492.366149046455,0.0
3402.666368794563,0.0
5977.910081074839,0.0
2788.379864408635,0.0
2314.7119072921355,0.0
3206.182956843248,0.0
3713.853451595208,0.0
4411.443157562716,0.0
3425.6610910598433,0.0
5520.726468232444,0.0
1471.7230487337888,0.0
1546.2364781984975,0.0
2464.4335713481355,0.0
5986.523728942492,0.0
3048.486772986793,0.0
7303.709240438274,0.0
2931.0930733041005,0.0
4709.662298270736,0.0
5079.803051137028,0.0
5837.511714969047,0.0
2963.2906457052895,0.0
3472.7857107750006,0.0
3839.4914532953844,0.0
5131.855157806992,0.0
4253.405640852126,0.0
2831.1572427483525,0.0
3225.0688279437845,0.0
6732.359508374391,0.0
13104.563405687695,0.0
3567.524089326092,0.0
3542.1612379870185,0.0
61.499959057042815,0.0
2867.6489841468547,0.0
2475.4919076503948,0.0
4804.475656142098,0.0
780.1554194690209,0.0
4675.426979996531,0.0
4451.39703266791,0.0
3635.102848323302,0.0
1689.1174195764459,0.0
5914.240663263374,0.0
4859.2778642992635,0.0
4410.015702849209,0.0
4911.914585331745,0.0
4437.691289833925,0.0
3932.544227359886,0.0
3767.2807373739993,0.0
5005.551739537526,0.0
4638.083260058986,0.0
2310.355830748872,0.0
3059.963526733378,0.0
3900.5016353402652,0.0
1929.4078222896314,0.0
2619.5714033213007,0.0
4388.154908582201,0.0
4396.367031199187,0.0
2309.892356040137,0.0
4025.4644765354305,0.0
3936.2598394031384,0.0
5006.201693082598,0.0
2955.4640538362974,0.0
5767.460312880155,0.0
2529.968791086837,0.0
4835.021626730098,0.0
5107.199085539853,0.0
4755.509222048272,0.0
7421.857484204531,0.0
5052.405836062613,0.0
4000.1079663362957,0.0
4348.495081366424,0.0
5133.870765696691,0.0
5874.714020204374,0.0
2876.8392611849067,0.0
2940.9860296887214,0.0
5070.977291801413,0.0
831.9505193990581,0.0
3279.4107618110647,0.0
921.297862045235,0.0
1906.147614848176,0.0
1675.8652814126397,0.0
5790.451224139702,0.0
1904.9699580021731,0.0
2500.138220405577,0.0
3418.466943034541,0.0
2291.3731772896713,0.0
1324.486428185518,0.0
4456.125978403117,0.0
5134.076814349489,0.0
3917.442051522961,0.0
3058.567100348993,0.0
3619.380610224096,0.0
2997.5761423161616,0.0
6196.092444804199,0.0
4182.153944291383,0.0
6452.722505089103,0.0
4803.270075285944,0.0
2892.2682873541085,0.0
2357.2430768623403,0.0
3478.6429981509996,0.0
2829.099019206102,0.0
-77.00262470289863,0.0
3085.0259658859222,0.0
-165.04123959215804,0.0
1298.6881732123306,0.0
4265.851384353654,0.0
1552.7061389968867,0.0
2990.3710914005724,0.0
4679.581865268186,0.0
2267.7580768680787,0.0
-34.093043331721674,0.0
3809.111907646452,0.0
1041.3408556927461,0.0
237.97208169879104,0.0
656.666718456247,0.0
1628.717195609685,0.0
933.2316726953397,0.0
4821.488069304147,0.0
1076.036207996763,0.0
-127.31893319814299,0.0
464.9889747041507,0.0
1472.7700715536696,0.0
3639.5621305223576,0.0
-1.7211791933477798,0.0
1614.6990734585518,0.0
2858.0705131439363,0.0
1395.009111386519,0.0
1417.4978840500082,0.0
1828.8238534073832,0.0
2744.365962461457,0.0
717.8869049559694,0.0
3972.9879382914028,0.0
-279.57176816473975,0.0
2697.6133764595447,0.0
2896.554654376506,0.0
3073.438308286408,0.0
1460.0598642553825,0.0
3466.606998143714,0.0
1310.771593837609,0.0
4100.607831473724,0.0
3361.907744172264,0.0
4427.970118650956,0.0
525.1905148419717,0.0
997.9505733692133,0.0
2753.5769218794653,0.0
1895.0277863020617,0.0
1790.7710788758523,0.0
3555.012350593928,0.0
-934.7981164657895,0.0
3215.3348135553697,0.0
2066.888909002183,0.0
3554.667920578011,0.0
1172.426017780558,0.0
2906.8642548981506,0.0
2667.008054369106,0.0
656.0838120237256,0.0
1011.7163449911395,0.0
1584.6776341840216,0.0
1763.7282279619803,0.0
2352.4851435386477,0.0
2949.2481958596118,0.0
1795.698293369494,0.0
4895.437288796051,0.0
3115.1000347010086,0.0
2772.908177311488,0.0
1644.8482225280231,0.0
4744.143754710931,0.0
1637.0980026984698,0.0
3177.653663447864,0.0
3949.5507722397565,0.0
-1001.3677166234302,0.0
1094.744825541614,0.0
-627.4816935188287,0.0
1391.6975522830742,0.0
2340.7995302621343,0.0
