951.9902766549034,0.0
-434.8564335074949,0.0
3554.5186106504902,0.0
315.1318556778431,0.0
552.9946547127847,0.0
1801.2364785938828,0.0
-990.6810966644726,0.0
-330.1915991712675,0.0
784.8956247109444,0.0
989.2687725493176,0.0
-531.8200301221087,0.0
241.1771856867755,0.0
1.742154216726135,0.0
1517.3523296635126,0.0
-1210.1190224567154,0.0
-6.749780927788834,0.0
2531.7723169898236,0.0
3082.6381162045973,0.0
-573.118569780868,0.0
1582.2685310027098,0.0
-40.854256053003155,0.0
347.13791726691466,0.0
290.916257263998,0.0
1095.4545725028752,0.0
2594.8516082863207,0.0
2459.0645398352603,0.0
1874.4405972859854,0.0
812.926726804574,0.0
1096.2001983304078,0.0
1410.8159168043176,0.0
2441.177047118932,0.0
610.3744739599587,0.0
1424.9821363270128,0.0
1248.525749676957,0.0
1756.3910549849027,0.0
2265.9991510533614,0.0
2151.725294208387,0.0
3087.5391081965404,0.0
1873.2114545177742,0.0
3399.349242643893,0.0
1751.042580493937,0.0
1141.380740396483,0.0
1508.220050185377,0.0
1678.7046671879593,0.0
1443.0928867873808,0.0
2703.9306654939046,0.0
2328.5384215623885,0.0
2379.8825106303166,0.0
1223.3696742862007,0.0
1136.7863173151595,0.0
3114.3752453285833,0.0
1405.50828673342,0.0
388.5681650875324,0.0
67.29845314512102,0.0
396.2468610853348,0.0
2567.934715703862,0.0
1091.649639774826,0.0
3690.3850595297877,0.0
1012.3839260667311,0.0
614.353933986587,0.0
392.4641303720248,0.0
1944.5795913760355,0.0
101.3140163462154,0.0
-407.41340200065724,0.0
1017.4678750887817,0.0
616.5870502143829,0.0
1464.8990180838223,0.0
431.3948763486403,0.0
-3083.5686242097045,0.0
1274.1140939691616,0.0
-2071.7285227436555,0.0
2136.4553273636184,0.0
2133.546208662061,0.0
-512.3817715482107,0.0
-1223.075229638119,0.0
-1424.281015079305,0.0
997.2367606213595,0.0
-459.3065312515468,0.0
-1253.2824400149864,0.0
-1038.138858734717,0.0
1977.8913505152682,0.0
451.6137428589166,0.0
739.4828806322288,0.0
414.6566287552449,0.0
602.2369260859388,0.0
616.0808350389811,0.0
-1141.2915414510135,0.0
-978.5443547473149,0.0
-1189.9210381548942,0.0
-1356.0895296118313,0.0
1097.1030192727249,0.0
-1642.2655314385215,0.0
-864.4719859392565,0.0
-1923.5409947141184,0.0
-1345.4920226211193,0.0
181.09783410080036,0.0
-1473.5196379035783,0.0
-969.9861893429847,0.0
-173.48503297799323,0.0
77.92062612623658,0.0
366.6403554502456,0.0
-893.6890866974197,0.0
-3197.1951676400076,0.0
-51.55227868051577,0.0
-579.6338511123894,0.0
620.5690654067685,0.0
-2245.308335131499,0.0
2838.5713531427664,0.0
-2424.304757486093,0.0
704.9052749918302,0.0
-772.4166065066466,0.0
-1574.0529999500125,0.0
379.5300410384241,0.0
-928.7681050838207,0.0
-3956.746257797191,0.0
-1603.543564367091,0.0
-263.0603354721054,0.0
2435.132972891984,0.0
-2026.4159319624516,0.0
-293.0399683230495,0.0
1478.6002739642115,0.0
600.7977764292135,0.0
-953.2919345913589,0.0
-2092.1877663832724,0.0
-2571.562707987894,0.0
-376.9452274778961,0.0
125.99936932335766,0.0
-2512.350682150104,0.0
-2244.856741818417,0.0
666.9473990450081,0.0
347.32446957870593,0.0
-646.0215641838042,0.0
258.24896848079356,0.0
-737.5932277540232,0.0
2001.065511063009,0.0
2417.2137154079223,0.0
2930.9947977936013,0.0
1416.5678563632127,0.0
1560.3825410529482,0.0
2495.1077635835345,0.0
3432.2666180066303,0.0
2949.592194448287,0.0
2581.0883127934394,0.0
137.4322330228838,0.0
-958.0255783357353,0.0
2224.3077791539704,0.0
983.4207196115358,0.0
1307.4864280925526,0.0
640.1809229815376,0.0
-336.55592403404944,0.0
3886.7303601539707,0.0
1899.0782416256498,0.0
464.82166377027374,0.0
3092.383735311848,0.0
2561.9020418015953,0.0
2506.3607869684574,0.0
4452.348198862918,0.0
2176.424615682511,0.0
496.9107141137231,0.0
2031.0370049663547,0.0
1448.9963857899456,0.0
2686.3043964084973,0.0
3309.696925421141,0.0
3187.2441496254773,0.0
1799.4456821149606,0.0
3000.149389290969,0.0
1479.6166036748168,0.0
3211.6463490261203,0.0
1821.7163113665895,0.0
614.3743710312276,0.0
3529.8472975752265,0.0
1150.4736422395963,0.0
3989.4519956332597,0.0
2653.6743843326744,0.0
2569.414371028125,0.0
2605.3544957499016,0.0
1713.0307222477602,0.0
-735.6241820007967,0.0
3553.480063636116,0.0
771.732430393222,0.0
3341.7432280093776,0.0
1242.1702299219735,0.0
1767.8280799525742,0.0
2140.732894880741,0.0
962.7233827388493,0.0
1788.5918118282166,0.0
2623.1356028205964,0.0
1202.0748767040973,0.0
287.766760687389,0.0
1507.900159585267,0.0
2110.735635463038,0.0
3219.5603773239786,0.0
3384.93066705223,0.0
1783.9309566185896,0.0
690.8079919004408,0.0
3235.97056485912,0.0
1180.969893180227,0.0
1147.2875190579664,0.0
2369.5393051373367,0.0
1920.277754370192,0.0
1538.2405912665363,0.0
-498.4559884375568,0.0
800.7936072290385,0.0
-816.9106889965537,0.0
1510.3574992769854,0.0
1497.9340145421277,0.0
1930.8069902340237,0.0
1367.6391070939999,0.0
316.4419038537097,0.0
3158.8854979814323,0.0
-292.4899086523402,0.0
-1009.7486467506103,0.0
-528.1760576902539,0.0
1076.825927636178,0.0
509.3496326863953,0.0
243.09232448173327,0.0
-1484.6726409675841,0.0
2148.7933198828277,0.0
-226.14253353734978,0.0
-1623.8983334542745,0.0
483.8158849537586,0.0
-1021.7849687083559,0.0
-89.65537545155283,0.0
1647.2180128746018,0.0
-1.9691743102456485,0.0
-524.4806128311129,0.0
-515.1466674892598,0.0
-621.1671476286508,0.0
1073.5478599023113,0.0
1286.5728771014633,0.0
-1002.246308793915,0.0
-1271.7732514266274,0.0
-332.10109338545874,0.0
1388.7986222179422,0.0
-467.9944151406901,0.0
-129.90615263743464,0.0
-1803.84104452258,0.0
1009.5122312137046,0.0
-2173.8600015722122,0.0
-1731.7148637858938,0.0
-393.33150600285353,0.0
-359.3722336841564,0.0
516.9431317785472,0.0
-968.9595432327202,0.0
-1324.851097566676,0.0
-1079.7266143895738,0.0
-1671.3743440319759,0.0
-541.4145795519792,0.0
-761.3285946287637,0.0
689.5325967313478,0.0
-487.1476724685806,0.0
1587.6848078832813,0.0
1283.9031376052228,0.0
2048.321638451406,0.0
2209.0658534211707,0.0
1324.654472995312,0.0
272.73273606822113,0.0
2414.782817969928,0.0
-804.5904068364388,0.0
670.2750850429038,0.0
1909.8162498521392,0.0
629.6107098470889,0.0
1383.2774113559185,0.0
420.24586534024843,0.0
565.7864469977412,0.0
2546.035473364518,0.0
1406.4838294380947,0.0
2488.385071812446,0.0
642.697376474025,0.0
1579.7953116262327,0.0
2287.1121145063416,0.0
2609.7293396734976,0.0
-180.0342691981541,0.0
546.2028574468964,0.0
3371.3197633909876,0.0
442.674484279034,0.0
2667.688552970143,0.0
1806.9003048667732,0.0
3107.3355532780015,0.0
554.9983708474366,0.0
2468.8524889156956,0.0
-676.1421263000866,0.0
2375.4980646326635,0.0
3772.3113566858246,0.0
625.812774524057,0.0
4413.165019505475,0.0
1517.1621122972028,0.0
2028.962229496406,0.0
-818.2995878851698,0.0
3862.27555172974,0.0
1789.9414793821722,0.0
2569.112959513781,0.0
597.8247533333342,0.0
1498.9937545141431,0.0
4247.192596828673,0.0
2407.9416158642575,0.0
3761.274845900094,0.0
2824.706943665386,0.0
3487.9477370638274,0.0
2338.582919879736,0.0
3467.3473529585517,0.0
6646.127694866824,0.0
4030.9902552742983,0.0
4273.0311952896345,0.0
2362.0728264377326,0.0
3877.488701483033,0.0
4578.885148128257,0.0
980.7231534714847,0.0
1263.2949597900947,0.0
5471.633956354342,0.0
3031.5852325583173,0.0
2904.83625354328,0.0
3324.9011763928584,0.0
4411.675727940499,0.0
4038.7190617110286,0.0
3141.9346550247874,0.0
5319.949224679487,0.0
3184.6411860464177,0.0
1605.7289689926672,0.0
1628.4453806430272,0.0
2738.3748082082125,0.0
2090.091851582637,0.0
2182.494475226735,0.0
2781.477463481928,0.0
-1086.372385426796,0.0
2094.5305138138083,0.0
3985.195939246383,0.0
3048.5402795833515,0.0
1138.3279026867797,0.0
1645.728268795706,0.0
4042.1542296014204,0.0
2195.006614734837,0.0
1624.0075797317631,0.0
4463.557132722237,0.0
1333.2083258825755,0.0
2980.7199210306267,0.0
1901.6053432239653,0.0
1964.3243500117605,0.0
593.806475662891,0.0
374.72809286410893,0.0
3054.2640716916376,0.0
490.9349706175426,0.0
1935.8873048185574,0.0
64.37896839784139,0.0
1112.4543689939708,0.0
1814.3131889235779,0.0
-638.6148809041999,0.0
2771.7664737665727,0.0
1068.56627719806,0.0
2374.7444274569316,0.0
-24.243464427137496,0.0
2625.574964571981,0.0
4056.809197489474,0.0
800.3151357982836,0.0
188.18338835343286,0.0
1682.3167524650064,0.0
1024.5183808736297,0.0
832.1602369359166,0.0
600.2651087346806,0.0
-276.55380019307967,0.0
1494.9245786109443,0.0
322.51284583967544,0.0
-188.12156695542012,0.0
2000.5492734794148,0.0
506.8653786987155,0.0
3352.0966211601954,0.0
349.4052317717864,0.0
-799.7778913374077,0.0
-246.61441456244785,0.0
1354.3193286758797,0.0
-816.6286689553025,0.0
-923.2873760503694,0.0
2411.686429489328,0.0
-1014.4161230748944,0.0
2783.7227654786693,0.0
946.234743478788,0.0
-244.3182607128458,0.0
2342.4278274900967,0.0
155.53416941865495,0.0
-769.0825501774523,0.0
775.6175760895641,0.0
2024.07074463451,0.0
1376.563914853004,0.0
1537.7993818010164,0.0
3221.772735367406,0.0
1356.4706519204747,0.0
1716.0374320916208,0.0
1584.182606309098,0.0
-786.774632884763,0.0
1148.7541082391872,0.0
4190.92922869863,0.0
-729.6796376925577,0.0
2896.864878968602,0.0
1337.6492193516733,0.0
96.84415002698029,0.0
989.1816248869072,0.0
3188.3339695269406,0.0
745.6362537345669,0.0
2716.6492899179293,0.0
3112.0954068318233,0.0
553.2399577566075,0.0
2039.4840359067293,0.0
2784.5316201741043,0.0
1552.07678950145,0.0
3415.3741415867007,0.0
1087.5944146884274,0.0
1396.5036447443067,0.0
1314.5007651094177,0.0
2847.6061488852624,0.0
2325.1176817251417,0.0
1975.3439145690384,0.0
1179.8104807399382,0.0
1232.3685024610547,0.0
1134.4708336081696,0.0
3533.1350605621437,0.0
2008.147692991682,0.0
5078.499032918516,0.0
3685.1483543479617,0.0
3255.0167105656265,0.0
1948.3614912462106,0.0
5516.502089541262,0.0
1049.3784614306148,0.0
3872.04160249473,0.0
5302.394316263151,0.0
3200.7648508199104,0.0
2412.476647824281,0.0
3604.2515816199093,0.0
5245.190486207275,0.0
4590.059566124355,0.0
4466.275037791069,0.0
2028.1151707462152,0.0
2574.7866719309372,0.0
3299.2880752212127,0.0
2010.3472201263853,0.0
3494.949128197082,0.0
5993.429961366923,0.0
3045.3027443854585,0.0
4914.379198870726,0.0
1870.123201397069,0.0
3299.9385557579544,0.0
4428.840348830797,0.0
2427.9989509865272,0.0
4042.877027712607,0.0
5602.099901489702,0.0
4779.377395851875,0.0
4457.25278302485,0.0
2258.6398793735048,0.0
2822.626310717035,0.0
3565.7421969752545,0.0
3935.183635853142,0.0
4980.86515074602,0.0
2632.824780115501,0.0
5396.5669510186635,0.0
2719.3558803895157,0.0
2909.5533834952303,0.0
1460.1122111168947,0.0
3630.205105511972,0.0
2652.5930337944546,0.0
1810.6968669802563,0.0
3155.4399649657107,0.0
3814.7004806791524,0.0
3334.9460276421983,0.0
3572.425883382365,0.0
2169.81573103238,0.0
3989.8654343027138,0.0
2736.557368931091,0.0
3888.5045724249007,0.0
452.5190191317902,0.0
3229.976208287809,0.0
2689.4695640195578,0.0
3727.238200002489,0.0
1683.1483123860132,0.0
4219.3072004759615,0.0
1162.3457800495505,0.0
4337.532526469591,0.0
3442.301597602686,0.0
1158.0695254490506,0.0
5350.621396228857,0.0
591.7541228732791,0.0
1709.1532135481127,0.0
1652.6788471944778,0.0
2684.844853067485,0.0
2415.8878097679817,0.0
2735.7181942453512,0.0
2892.065248468437,0.0
2118.0530391557077,0.0
721.1282504970311,0.0
1938.4463510928758,0.0
2360.0545090471865,0.0
351.9239150742753,0.0
2056.547754614661,0.0
-1223.308075554247,0.0
635.2723827629611,0.0
-473.5414581580892,0.0
2886.028754015948,0.0
-741.922603534508,0.0
1099.8729189561104,0.0
2044.6280266226192,0.0
2386.4423081925493,0.0
2138.3984958507494,0.0
2459.8410844753307,0.0
2078.7014884223704,0.0
2899.8036549226163,0.0
691.5310956928658,0.0
1349.8052133517633,0.0
-716.7590770881184,0.0
1531.7956803166594,0.0
3695.230240313816,0.0
811.3838284635417,0.0
-271.6881160071621,0.0
1258.4387929076195,0.0
3047.555476607573,0.0
3184.4584495184477,0.0
-207.165776185062,0.0
1784.6680020711756,0.0
821.968052751446,0.0
1799.588118855658,0.0
-658.9412660927055,0.0
2408.3725936118353,0.0
1115.4160140956135,0.0
1553.2943443322404,0.0
1138.3661240319987,0.0
452.6315940397974,0.0
2337.2617357043455,0.0
1066.717471724021,0.0
1523.0122809728505,0.0
2761.017653277029,0.0
2301.3596528180105,0.0
865.673961493539,0.0
3171.837315253896,0.0
985.0116527044128,0.0
2646.848638833225,0.0
2872.6121128795903,0.0
3983.2673194675576,0.0
3572.9652523128048,0.0
4488.362267597492,0.0
1687.0306151213395,0.0
1565.4528071920759,0.0
4719.619304926568,0.0
3854.2835549920683,0.0
2373.9448867811384,0.0
3652.778982515211,0.0
1920.5975601359744,0.0
1422.7014082877156,0.0
3998.59410632575,0.0
3538.151317127509,0.0
3584.149100319138,0.0
5225.516527731364,0.0
5384.920868972743,0.0
2709.337002832544,0.0
2638.2749427235763,0.0
1047.552964619701,0.0
3282.2023460378764,0.0
3349.9208858771385,0.0
4151.009627650631,0.0
3746.9432785750514,0.0
3236.3941124364915,0.0
3595.87066238611,0.0
2083.2132108311002,0.0
5748.802674768224,0.0
3674.8768447890952,0.0
5150.041485865866,0.0
3677.4380970152556,0.0
4716.930939122519,0.0
4981.571344193049,0.0
3810.5920569302666,0.0
2926.2727443646836,0.0
7125.848895200461,0.0
3835.8151065694506,0.0
5229.891353138064,0.0
4258.788322494709,0.0
3312.636920823277,0.0
5753.689482508774,0.0
4966.714155090506,0.0
4703.031276484598,0.0
1287.1622628750915,0.0
4385.438677280539,0.0
5869.29849207067,0.0
4612.774121290649,0.0
4050.415434104282,0.0
5837.850789551009,0.0
4573.768987583645,0.0
5011.527979874531,0.0
5595.600002568006,0.0
5438.1506458164295,0.0
2417.6383021317756,0.0
4997.070975275851,0.0
3357.57811974295,0.0
1369.5173673084237,0.0
4871.2986710306795,0.0
1536.3346957090052,0.0
3487.526511123541,0.0
978.0214739972835,0.0
2552.2337371999683,0.0
3577.5649527720007,0.0
3522.4864451572503,0.0
3792.657005795473,0.0
2901.4381532949246,0.0
3306.601041306053,0.0
5899.761763996668,0.0
2640.394833012852,0.0
3792.135299325795,0.0
6103.393844297427,0.0
1782.856797051451,0.0
1340.383916205239,0.0
2367.8275792976806,0.0
3132.8896345433955,0.0
1762.281326204359,0.0
3752.225671934839,0.0
2561.1103209739526,0.0
670.5391798803771,0.0
2900.4060312938045,0.0
1588.189114702042,0.0
3500.826099338129,0.0
3087.847723363265,0.0
5593.8586474203275,0.0
3680.2570863635483,0.0
1845.5004960718752,0.0
3507.8019977680337,0.0
2812.9608951668856,0.0
1868.3530521638372,0.0
774.7142764258394,0.0
3685.3255136956395,0.0
10667.071898959435,1.0
8235.055699978433,1.0
8487.130613627325,1.0
1367.4268062203555,0.0
3953.000145957804,0.0
3453.3294190453944,0.0
1161.2644993914764,0.0
1318.9313789542807,0.0
1729.228028566412,0.0
2593.435405665038,0.0
2972.680303902621,0.0
3907.8468649201186,0.0
1575.7363211501802,0.0
762.4846414876401,0.0
3066.616508246242,0.0
2919.0390472772206,0.0
1880.6573818948555,0.0
2711.4819292995753,0.0
2552.291510189323,0.0
3326.2536566680465,0.0
1925.540084062121,0.0
2799.249600586165,0.0
2185.277748731661,0.0
1304.398468649751,0.0
2946.538391373913,0.0
2251.0425535709323,0.0
3435.1878443218,0.0
61.58270361952623,0.0
1019.4271627638203,0.0
3262.366054424031,0.0
388.34640399636737,0.0
2153.105798314414,0.0
1744.1573417311756,0.0
1825.8867270137148,0.0
2263.6078268993015,0.0
6252.89709304419,1.0
9038.591349416918,1.0
9078.604476646016,1.0
3519.1479831832357,0.0
4324.185263485196,0.0
3346.929329140787,0.0
3478.5605269581115,0.0
259.7756963206389,0.0
3980.9022192895604,0.0
4347.777821417535,0.0
4214.1587015811765,0.0
3848.63109560896,0.0
2570.3142524079567,0.0
2514.1395140399454,0.0
2989.761059780254,0.0
3613.627444693895,0.0
3943.251724390654,0.0
3544.015835210242,0.0
1766.8539176183815,0.0
5829.650197755295,0.0
2739.6828096324107,0.0
122.45822371535496,0.0
6096.013532249041,0.0
5622.883262081644,0.0
3680.711533320482,0.0
5134.433161619265,0.0
4588.913194556393,0.0
3261.529101862449,0.0
4059.1715683811226,0.0
2719.448321096246,0.0
3872.0146142518925,0.0
3732.7804591567874,0.0
4801.35606954531,0.0
6005.140665959425,0.0
3647.7913483119964,0.0
5122.243369339699,0.0
2507.9728504372406,0.0
3504.431708980378,0.0
5282.1356079825855,0.0
6587.585848929393,0.0
5898.414340328548,0.0
6642.070053965628,0.0
3179.800304687902,0.0
4519.654210516596,0.0
1802.577154406923,0.0
5187.789134192975,0.0
4880.247077242593,0.0
4407.117473860823,0.0
3944.471787968721,0.0
5752.608313598369,0.0
5873.494618121942,0.0
5270.059208609493,0.0
4371.133001113215,0.0
5412.674546732027,0.0
5101.925998188959,0.0
4832.570476212406,0.0
5967.061114090886,0.0
5438.473534652086,0.0
3725.168189621929,0.0
4739.673364944764,0.0
5588.26389068567,0.0
5078.9558826280045,0.0
5171.461552224195,0.0
4203.274671393297,0.0
6860.755739693588,0.0
5315.573459883551,0.0
5017.169324733474,0.0
6069.825749219903,0.0
5625.96873029835,0.0
5138.85348397012,0.0
5683.3859004548685,0.0
4952.162751523916,0.0
5212.1484515652255,0.0
4663.353597134178,0.0
3154.1936254717248,0.0
4671.773298722228,0.0
5086.088113255815,0.0
3125.409881226027,0.0
6419.458379910342,0.0
4046.639511904957,0.0
2969.0090752059623,0.0
3689.2529442591403,0.0
4344.745503613696,0.0
3539.6977625296927,0.0
3054.681221595982,0.0
4033.2090551416013,0.0
2366.428108918897,0.0
3748.445066363211,0.0
4073.6851824150367,0.0
3075.3646308633383,0.0
4674.639647134338,0.0
5041.977289088,0.0
2863.8067872849815,0.0
990.784924704521,0.0
4618.120108695424,0.0
5013.7428176900075,0.0
1615.527406978912,0.0
3699.1096967363005,0.0
3824.1987696520596,0.0
1593.1497123191214,0.0
2456.305714915669,0.0
4625.270813944137,0.0
3334.339913998441,0.0
3455.9354365441427,0.0
5099.195023685646,0.0
2605.3867450091357,0.0
1109.4763515536497,0.0
5181.0653246180445,0.0
1786.1644423147752,0.0
2427.1866390877144,0.0
3952.386192635817,0.0
3289.6814675682317,0.0
3061.6520880774538,0.0
1218.706371609307,0.0
3916.664957345891,0.0
5441.914271164866,0.0
2085.734334828326,0.0
1571.3171344710008,0.0
2761.436634009666,0.0
1690.0342833809125,0.0
3305.3892871616154,0.0
3490.3505413096564,0.0
3669.23151568719,0.0
3336.8554291198507,0.0
2710.922933419777,0.0
4793.42123805279,0.0
2091.3918568350155,0.0
2891.497846003119,0.0
3430.838023116273,0.0
1811.345440879943,0.0
2572.936589954649,0.0
2314.962845294174,0.0
2792.450555139224,0.0
4975.877023565836,0.0
3661.9502186052287,0.0
6943.4287381335225,0.0
2794.041400018469,0.0
3025.35320895884,0.0
6454.325958616123,0.0
2431.6956876980594,0.0
5823.323864382743,0.0
-466.67283134409536,0.0
2373.31878838951,0.0
4889.164062291845,0.0
6168.40723804224,0.0
4103.299890901739,0.0
2945.442560019803,0.0
3436.840616562823,0.0
5161.626616012254,0.0
4668.544625860038,0.0
5731.067125165028,0.0
3218.93033437232,0.0
5745.6120955971655,0.0
6015.381687268776,0.0
7841.56975985465,0.0
5798.612972174178,0.0
5962.701896016844,0.0
3904.6301609836364,0.0
2968.1942307069535,0.0
1579.2188611630459,0.0
5468.5076732329935,0.0
7009.4995547596845,0.0
4318.422939196919,0.0
2260.479139686132,0.0
5290.524335202396,0.0
4830.060213305061,0.0
4607.43879773046,0.0
7914.719295650138,0.0
6403.246864382048,0.0
7140.704830168024,0.0
4712.767295877362,0.0
6093.738967444423,0.0
4058.279732157728,0.0
7037.494408705441,0.0
4261.047106898501,0.0
7827.275233022353,0.0
6119.6805285845885,0.0
5888.264860387217,0.0
4462.175173196056,0.0
6341.452519184684,0.0
3841.013610825416,0.0
4796.222419612916,0.0
4428.287790057948,0.0
8617.096658595354,0.0
6425.342822684654,0.0
5521.49204532865,0.0
7143.966454465803,0.0
9553.229087809586,0.0
5892.520001665251,0.0
4451.253618290524,0.0
4408.857778412142,0.0
6169.306498947953,0.0
7562.71185919644,0.0
5982.138533947756,0.0
5315.489069254453,0.0
4448.010260836752,0.0
4650.463650501308,0.0
7014.0501600528905,0.0
6055.6159790653455,0.0
6163.888120020452,0.0
4600.189518275182,0.0
6052.591466480082,0.0
6201.01219789004,0.0
7446.622470953236,0.0
7946.261383161652,0.0
5305.639777178655,0.0
6594.39749314149,0.0
6226.89279280632,0.0
4884.267555684542,0.0
4548.936709833468,0.0
6735.952633547225,0.0
8139.607866373304,0.0
4556.314674977894,0.0
7986.182910559568,0.0
4729.215969959531,0.0
4260.223578892279,0.0
5440.100857831858,0.0
4568.31008203976,0.0
6230.49339725692,0.0
6074.97390117128,0.0
1103.9627167955196,0.0
5726.162181732128,0.0
5444.714781634899,0.0
6802.022875708711,0.0
3507.1015212944876,0.0
4772.124175111772,0.0
6108.888441361845,0.0
5443.303142834352,0.0
6157.533751515071,0.0
3115.673921181313,0.0
2986.6037737977467,0.0
4468.5150202457735,0.0
2211.775229920996,0.0
4412.637800172328,0.0
5077.259125227522,0.0
10319.570536587393,1.0
8234.943210365742,1.0
9184.282788679318,1.0
3598.79451940851,0.0
4426.548417304079,0.0
4084.758749819858,0.0
2923.62407915194,0.0
1455.5828802125388,0.0
1315.4071960357105,0.0
2434.207813064529,0.0
2331.730100097315,0.0
3390.757118988441,0.0
2132.014547928873,0.0
3117.1383623334286,0.0
2252.071503500495,0.0
3432.4291532096254,0.0
4330.214875731472,0.0
4321.606671824034,0.0
2599.4837624815364,0.0
2466.763083941105,0.0
2185.734274706269,0.0
3561.0605605870187,0.0
4588.599370494638,0.0
5408.324469897021,0.0
4037.9725786985737,0.0
3320.7787004023317,0.0
4528.191078496201,0.0
3083.800830212781,0.0
2774.175305321489,0.0
5163.12385726924,0.0
2700.0551021706674,0.0
1914.8742214554502,0.0
3264.5369335737323,0.0
2415.200326099336,0.0
4154.154748488142,0.0
3396.3946386991224,0.0
4206.4838261287205,0.0
3418.9222870286344,0.0
3321.5416467266546,0.0
4973.977284817747,0.0
4244.335240864199,0.0
4162.006752993027,0.0
5619.139995843847,0.0
2701.254398775096,0.0
4871.597032933143,0.0
5701.481299517391,0.0
5011.569536245868,0.0
6048.18082305948,0.0
3822.8553500520743,0.0
6025.6307998716065,0.0
3740.2466879062345,0.0
5946.765833539205,0.0
5025.634350986047,0.0
5988.667237749985,0.0
3763.51402941648,0.0
5123.833040986154,0.0
2320.285593995697,0.0
5703.890971663543,0.0
5830.649441081704,0.0
6306.555585924118,0.0
6758.461386446923,0.0
6721.254738783116,0.0
5713.366255045168,0.0
6369.44471382458,0.0
4829.388537642957,0.0
6035.266950908428,0.0
6820.016492394254,0.0
5972.660145257017,0.0
6730.777567142413,0.0
5527.821907373898,0.0
4842.3947237913335,0.0
6125.7921294068165,0.0
7451.520735454023,0.0
4103.237731243293,0.0
6579.699899400485,0.0
11380.245128053099,0.0
6308.473873972836,0.0
6338.46071963813,0.0
7316.950693136811,0.0
6004.2861879668135,0.0
6216.608359392947,0.0
7324.31690693539,0.0
5276.0936364692625,0.0
7884.541110634883,0.0
7022.344363142633,0.0
7974.114716409751,0.0
6828.557602068678,0.0
7659.610259119742,0.0
6599.047722152184,0.0
10819.963666908236,0.0
8398.971791956206,0.0
8249.775255371424,0.0
7534.928351563821,0.0
5423.708960255942,0.0
6193.716073406914,0.0
7399.975055921256,0.0
5914.418337696988,0.0
6378.698221500581,0.0
6005.871482807077,0.0
5048.2812181261215,0.0
6055.539331363044,0.0
7428.106414916075,0.0
7731.032419956317,0.0
7024.276849656721,0.0
6623.69154352308,0.0
6939.040810338882,0.0
6176.045799088714,0.0
6793.596829791414,0.0
7255.867479764305,0.0
6957.052312836502,0.0
5601.744375884117,0.0
5579.304682784875,0.0
7757.227743758579,0.0
7664.523466028615,0.0
3479.3825497999987,0.0
6231.986465135817,0.0
5616.441872264232,0.0
6628.827569691348,0.0
3391.1134709641597,0.0
2817.136576427484,0.0
5208.667578466587,0.0
5112.272258756902,0.0
3938.643877011429,0.0
6235.287159281777,0.0
6762.531096709639,0.0
5794.467145779587,0.0
6281.748746398462,0.0
3415.387383178426,0.0
4455.811382576096,0.0
1649.1062677131094,0.0
5710.335311676712,0.0
6117.795964613458,0.0
5717.155300826239,0.0
3710.0961423014187,0.0
4528.230432856868,0.0
5882.281121799978,0.0
2787.083671933682,0.0
4629.874315899922,0.0
5430.842907565727,0.0
4413.558014723341,0.0
3836.2773963640398,0.0
5878.124262008941,0.0
4558.234869566532,0.0
6447.318167711088,0.0
5053.201560101552,0.0
2614.6520769960293,0.0
4224.153074862461,0.0
3245.807512684249,0.0
3982.641033336457,0.0
4665.7697278647165,0.0
6384.762826929509,0.0
4493.352434571124,0.0
6517.085328378185,0.0
2771.874485372541,0.0
3425.296907955061,0.0
3902.982400427192,0.0
2132.491538552343,0.0
2366.1285817170956,0.0
4004.382992909636,0.0
3978.6076196146155,0.0
5534.161155397491,0.0
4259.478966484303,0.0
4152.3428796881435,0.0
2653.724469779367,0.0
4770.928609805729,0.0
6100.334335516929,0.0
5342.384710788391,0.0
4014.9398454611714,0.0
4482.5901288726145,0.0
4599.355263561015,0.0
6306.858513425039,0.0
3297.299045457208,0.0
5601.704708762603,0.0
5734.610800682178,0.0
4758.390209757513,0.0
4699.860961699146,0.0
5064.237764791039,0.0
5076.456428993315,0.0
5115.182383074134,0.0
3580.5057482327793,0.0
4655.99402605061,0.0
6731.289725008543,0.0
5422.325650935428,0.0
3196.5132984422157,0.0
7086.954590769949,0.0
5225.384491990021,0.0
5800.772464577123,0.0
6259.566950742599,0.0
5873.28947677048,0.0
4435.45032848594,0.0
5266.367010214117,0.0
6211.5209837395905,0.0
5713.438158451164,0.0
5490.972859889826,0.0
8841.36000754138,0.0
6395.59242514316,0.0
7561.049860804191,0.0
9085.645230540915,0.0
6884.564205185276,0.0
5736.77998196476,0.0
6741.252621808124,0.0
6209.872037684355,0.0
8291.592774170109,0.0
8452.554622982114,0.0
7004.688273295548,0.0
5853.780663538311,0.0
8034.4734343768405,0.0
8782.107897886195,0.0
6870.578461335141,0.0
9065.074261027952,0.0
7503.8345686463745,0.0
7112.009038011299,0.0
6544.832910948974,0.0
6738.540040481997,0.0
6752.729598485055,0.0
9001.748675275292,0.0
5411.834708564019,0.0
6731.3926464869,0.0
7437.7912054167755,0.0
5483.904663237063,0.0
6551.24520048976,0.0
5539.244607413358,0.0
8394.422294390733,0.0
7933.792945237456,0.0
5443.229861790249,0.0
9291.749142263023,0.0
5984.853598357988,0.0
5455.199101578777,0.0
4731.769993364408,0.0
7830.871613650611,0.0
4276.4886447964,0.0
7066.702351631584,0.0
7847.621915581895,0.0
8721.3703020908,0.0
6624.782775228571,0.0
8052.57176980337,0.0
6472.050225241383,0.0
8716.015025792472,0.0
5952.221515327823,0.0
7184.939501522258,0.0
6684.047529913825,0.0
7502.202312764645,0.0
10247.593386827146,0.0
7103.9917629262045,0.0
6624.924051342221,0.0
7725.631605644329,0.0
7215.8565822826195,0.0
4516.230775283555,0.0
7994.498616078405,0.0
4323.0589718297,0.0
4648.04503577803,0.0
6597.046330887794,0.0
4674.827470234666,0.0
6693.909139399632,0.0
7693.909509035464,0.0
6298.363497600158,0.0
4935.749837176286,0.0
6751.310769021453,0.0
8898.865503525303,0.0
6214.811984946123,0.0
7933.226273985252,0.0
8090.48485708521,0.0
4624.904285412222,0.0
6753.440708523978,0.0
3968.3794563526935,0.0
6289.1700542412555,0.0
6265.333700450375,0.0
5477.0663431048915,0.0
3884.8639103626547,0.0
5097.9991404530765,0.0
4479.470954973916,0.0
6070.045827824028,0.0
5602.684557171606,0.0
5490.873533869605,0.0
4251.805252594332,0.0
3490.5549372950663,0.0
4999.0064640454475,0.0
7005.3898916021335,0.0
3974.446583528036,0.0
4373.167141547424,0.0
3069.644566895638,0.0
7498.2429566758055,0.0
3971.164322008413,0.0
6586.878772336442,0.0
5525.692204944711,0.0
4499.726397859224,0.0
5548.6161732773035,0.0
6762.011171936983,0.0
6333.686829457842,0.0
5507.05628720758,0.0
4622.236272935488,0.0
6866.0973870325615,0.0
5995.592054361872,0.0
5146.609970645903,0.0
5426.7226347854485,0.0
4126.256808638656,0.0
6512.237895106045,0.0
4635.269779037469,0.0
4956.71669448965,0.0
3854.5247833074,0.0
5659.6204871986065,0.0
5344.399901194904,0.0
3293.453689792746,0.0
5734.332748269973,0.0
5703.852186979212,0.0
6996.100561141575,0.0
6698.5409897148365,0.0
4412.20662992322,0.0
6469.755029617798,0.0
6437.38256348388,0.0
5378.593004558532,0.0
4965.155840243214,0.0
6077.838322134055,0.0
7133.8868642484595,0.0
5392.493280136497,0.0
6157.979094448691,0.0
5647.90476297051,0.0
5186.630281837402,0.0
5190.7918368390365,0.0
7108.454016427889,0.0
6678.424773377681,0.0
6817.4071050139655,0.0
6473.871141735401,0.0
6675.67517269409,0.0
7478.819627267251,0.0
5023.899727497753,0.0
7683.123739573921,0.0
5808.703944290737,0.0
6443.210345918373,0.0
6945.2320298317145,0.0
7234.549973590161,0.0
7916.112203048469,0.0
5628.6739877373375,0.0
9441.22390273381,0.0
8874.022436795782,0.0
7754.969251628149,0.0
8421.318402727853,0.0
6696.002949986399,0.0
5144.921661611046,0.0
5570.3481067616585,0.0
7903.57450535809,0.0
4897.905652758589,0.0
9525.415412209742,0.0
8083.067153234828,0.0
6072.349695229077,0.0
7142.484967544793,0.0
5635.520936603473,0.0
7587.0976408782235,0.0
8246.207611728856,0.0
8857.246119418262,0.0
6553.734208308,0.0
9351.685828178248,0.0
8413.21492826065,0.0
7654.533078092303,0.0
7491.50246439653,0.0
9138.292692483094,0.0
10768.264858988334,0.0
9748.689508121473,0.0
8635.920737437478,0.0
7141.104016762137,0.0
7813.099662583825,0.0
8522.162535182812,0.0
8456.611872514262,0.0
7155.676265668829,0.0
10849.530107321203,0.0
10603.06151976072,0.0
9470.343329698791,0.0
8008.112695314835,0.0
7997.89801855364,0.0
6633.422330127461,0.0
6650.176791267254,0.0
8747.489231792662,0.0
8073.6075118701165,0.0
9043.596687988922,0.0
11108.56095457893,0.0
8723.251496396311,0.0
8096.8456750079,0.0
7731.843621843489,0.0
7876.947977721729,0.0
9379.323435766983,0.0
7930.915146568594,0.0
8516.820535481738,0.0
5907.519714153547,0.0
6032.0981915332195,0.0
7429.542981490557,0.0
8688.416534654978,0.0
6285.217701993559,0.0
8596.262329142608,0.0
6008.837085515329,0.0
6988.855273703159,0.0
7310.348613093444,0.0
8361.304259188786,0.0
5722.182838835261,0.0
5765.75650634946,0.0
6301.366667577558,0.0
8461.809176594921,0.0
8273.94742299057,0.0
5007.603188192446,0.0
5785.128047655768,0.0
5108.4589167957265,0.0
8723.063629496899,0.0
7118.3829545234175,0.0
6958.673376226584,0.0
3023.0706461874875,0.0
6418.966298584878,0.0
6165.516152985436,0.0
7182.667064633424,0.0
4288.512543288721,0.0
7585.661406276001,0.0
6991.682551040131,0.0
6971.481346787567,0.0
4598.9123010892545,0.0
8083.329104319724,0.0
6701.592874294799,0.0
6346.584345346105,0.0
5593.5776641225275,0.0
5373.881957791497,0.0
6159.347127989253,0.0
5848.114173469785,0.0
6643.673186000529,0.0
6222.016597093311,0.0
4966.895541045679,0.0
6131.539860980661,0.0
7526.808933769573,0.0
4866.359617944587,0.0
5471.249384486513,0.0
7018.237866298214,0.0
6728.939085281234,0.0
4992.360908260403,0.0
6586.328357055341,0.0
7758.548675874285,0.0
6377.008137960846,0.0
5919.872272956301,0.0
8135.3178617874455,0.0
3814.6785519216155,0.0
6515.977615070525,0.0
6187.821321451067,0.0
4872.951343995079,0.0
4924.817205204259,0.0
5079.480769565881,0.0
6743.480998445098,0.0
6351.574017037355,0.0
7507.861645781722,0.0
8184.751631936571,0.0
5699.821795440386,0.0
6365.037931018184,0.0
7067.227164503193,0.0
4215.656071996044,0.0
6226.817394368908,0.0
4068.4686859103335,0.0
5928.786235744975,0.0
5297.59645059691,0.0
7691.653560614585,0.0
6096.212060284195,0.0
5959.385622563659,0.0
8161.715616397031,0.0
6704.434462247721,0.0
5769.773513506978,0.0
8580.980693189224,0.0
8480.983143159718,0.0
6813.4309989120675,0.0
5719.522723955483,0.0
6416.506228499699,0.0
6135.8191633807255,0.0
9554.592270909972,0.0
6795.456404925922,0.0
9254.257334756332,0.0
9237.938509103053,0.0
8437.965920593262,0.0
8256.342195574747,0.0
9992.67506645351,0.0
9154.770341644798,0.0
6393.550088520112,0.0
9472.174568521621,0.0
5182.662424429586,0.0
7197.437374366081,0.0
9426.167461797955,0.0
5720.732593136034,0.0
10025.47131488416,0.0
10664.173521747425,0.0
7809.159282055456,0.0
5886.920204322648,0.0
10553.989611798652,0.0
7722.915507734138,0.0
6521.711170049175,0.0
7069.469531470093,0.0
7964.184090021926,0.0
7283.634945072231,0.0
10900.83784946465,0.0
7436.533329337117,0.0
6926.779154144018,0.0
6935.126352287594,0.0
7697.980126272272,0.0
10358.214155549018,0.0
6734.941283671533,0.0
7752.929690444188,0.0
9192.708841986256,0.0
8554.262436191075,0.0
8209.96764512175,0.0
8420.562906373727,0.0
9328.780357751979,0.0
7469.855487801328,0.0
10230.882790503552,0.0
7017.11745423457,0.0
9615.95676715178,0.0
9922.846685214372,0.0
8934.32572230636,0.0
8069.230772119098,0.0
10020.235290760225,0.0
6844.93106598074,0.0
8747.108535698664,0.0
7024.428185834579,0.0
8255.1363233088,0.0
6961.333092735535,0.0
7987.866866909342,0.0
8422.130852104143,0.0
8023.171128013597,0.0
7974.0753862101565,0.0
9658.941462496829,0.0
5554.647193039835,0.0
7369.704072657661,0.0
8423.950902342993,0.0
9407.002151923527,0.0
6571.029980962521,0.0
6658.218469013809,0.0
8340.41438157048,0.0
6784.090339783116,0.0
7133.641899330636,0.0
