1536.6399575900273,0.0
-785.3042223949296,0.0
10790.520042924885,0.0
1644.051887390734,0.0
2743.7324788698666,0.0
7525.224456517284,0.0
-1845.5362779218572,0.0
-742.4621334200142,0.0
2468.355970701534,0.0
1125.1791014861105,0.0
-1977.979110381817,0.0
1183.4872613375346,0.0
-166.67486000192275,0.0
2697.679078035877,0.0
-5449.872189205346,0.0
-2219.477018685005,0.0
4182.88942116581,0.0
6624.429834984798,0.0
-4982.906234221493,0.0
2789.7767959693883,0.0
-1829.1119409915318,0.0
490.8822048480779,0.0
-170.44816110620195,0.0
1003.5536698245021,0.0
5597.2490186612,0.0
4191.11240574463,0.0
2619.9785713565,0.0
1355.7161509729235,0.0
2542.453881766228,0.0
1505.0815739523,0.0
4080.9254362142187,0.0
-847.5415772268752,0.0
1736.4253152947574,0.0
1890.0170992503317,0.0
2189.8291310134196,0.0
2911.9373422346243,0.0
1803.3804906649461,0.0
5242.80751422024,0.0
61.44285677094433,0.0
5721.267081048684,0.0
-823.1783659088417,0.0
-1430.7702922100154,0.0
659.8356362513073,0.0
1816.867030752497,0.0
2545.965067051559,0.0
7952.453496591427,0.0
6744.930373110974,0.0
4265.961788381374,0.0
846.6592509812592,0.0
1416.5956633758287,0.0
7295.367565198917,0.0
3329.5501947637276,0.0
-2205.9612319179496,0.0
-107.51287130973469,0.0
-480.27521878890525,0.0
5314.723463772783,0.0
1343.7855788905986,0.0
10050.155991293232,0.0
4642.774384925509,0.0
2372.65822162685,0.0
-358.4033158822356,0.0
3889.758180529055,0.0
-550.3121415472417,0.0
-2558.131771363957,0.0
2236.606186669772,0.0
201.43272421826282,0.0
4366.0797776953705,0.0
275.70038684694873,0.0
-8351.286142335237,0.0
6190.085208642377,0.0
-3553.510248203451,0.0
8098.945778096533,0.0
8477.17198688711,0.0
344.80006293588576,0.0
-1622.246600590966,0.0
-2287.516845227049,0.0
5380.1487385746905,0.0
1374.0935637089824,0.0
-820.8769343418539,0.0
424.254901342817,0.0
8780.561181859144,0.0
3059.1978478420788,0.0
4909.1043575763715,0.0
4596.695550163395,0.0
4646.802167650201,0.0
4321.3133037031575,0.0
-2140.3044425640614,0.0
-511.42333698332516,0.0
-2496.4602514218077,0.0
-2238.731086490565,0.0
4371.469465022956,0.0
-1090.4378765582217,0.0
1507.3436823251527,0.0
1224.129831114849,0.0
746.3871165486289,0.0
5440.1551776221095,0.0
636.7241987621787,0.0
205.9451693835681,0.0
4096.887525677292,0.0
4410.021113958306,0.0
5472.7289227103365,0.0
2620.7124528598115,0.0
-4454.661833337855,0.0
3556.1006676698285,0.0
3712.505167071306,0.0
5747.81475471358,0.0
-561.9521068006866,0.0
11085.085281805606,0.0
-2421.9668503772045,0.0
3306.722208791922,0.0
708.0458623149702,0.0
-1274.5114594822796,0.0
3041.3016111014276,0.0
-667.1220059436747,0.0
-7714.148307983071,0.0
-3399.2197806654885,0.0
3006.861898038015,0.0
10471.046121161879,0.0
-3022.7041700531454,0.0
2183.9854256853782,0.0
7102.394053065033,0.0
4120.515610852572,0.0
888.8448757812596,0.0
-2673.062470650513,0.0
-4093.1227346088526,0.0
-531.6924805424464,0.0
347.95933980605923,0.0
-6189.886409469785,0.0
-3389.473735860226,0.0
3985.500674193263,0.0
1047.6237141663862,0.0
-418.80913114872556,0.0
240.75425637170292,0.0
-1936.0858753351881,0.0
3650.2123253008913,0.0
6082.3824992062655,0.0
7442.672658039407,0.0
2646.9759887833743,0.0
3008.069367236676,0.0
5958.446323409117,0.0
7254.405021413879,0.0
6878.792637355913,0.0
6743.956193241669,0.0
20.72883810983467,0.0
-3311.186551693936,0.0
5180.814353553153,0.0
1812.2146245994788,0.0
1823.1173908593837,0.0
-1183.5392054418517,0.0
-2782.755773338691,0.0
6410.252562707781,0.0
3404.782974766257,0.0
-1262.1335597266607,0.0
3994.69749034397,0.0
3579.2977820283895,0.0
3933.418004325265,0.0
9080.695793041381,0.0
614.1448018349381,0.0
-4047.4769217077073,0.0
465.2651517284788,0.0
-2047.0323714853025,0.0
2101.4685964003943,0.0
1765.2452313572726,0.0
1865.7435755538393,0.0
67.16046924225361,0.0
5507.69761155628,0.0
1702.9578444794286,0.0
4852.432178456413,0.0
1255.7051374564358,0.0
-1667.0157508668226,0.0
4828.1822248722365,0.0
711.9237035185301,0.0
8077.529417150812,0.0
4031.660668566955,0.0
3506.852559131323,0.0
2421.948215273867,0.0
2303.297951533265,0.0
-5643.0277628099775,0.0
6849.3896595549695,0.0
-838.5689020764439,0.0
4710.323299539575,0.0
-1503.7074116322651,0.0
-19.45891041685934,0.0
-507.77423790715306,0.0
-3363.7132129165475,0.0
-299.00214799475384,0.0
2083.9459858615915,0.0
-705.4370452549044,0.0
-2140.3571344374777,0.0
2039.6920775234346,0.0
4480.025737636003,0.0
7197.30086052692,0.0
5178.298421933442,0.0
3255.925685842723,0.0
-435.31130768676576,0.0
6245.376652410243,0.0
2904.317496829956,0.0
1562.2281281671349,0.0
4884.594596649341,0.0
4002.7356917844268,0.0
4360.993705189205,0.0
-1367.4230874540117,0.0
612.7863712749545,0.0
-3719.0328473960253,0.0
1944.1569153258306,0.0
851.3543232332192,0.0
3609.7798402673207,0.0
1044.4722077534066,0.0
-1063.421359774351,0.0
7605.570547143395,0.0
-3253.641913849189,0.0
-3896.793742966812,0.0
67.60890545262282,0.0
6681.325343955158,0.0
2834.482808339214,0.0
1982.0631416149986,0.0
-1139.04985003079,0.0
7980.399528102577,0.0
1324.014018601154,0.0
-70.7043281027768,0.0
2657.2708363881757,0.0
316.9152467048293,0.0
1190.088567637091,0.0
6953.858446338538,0.0
1046.1484416488634,0.0
2650.6035457376297,0.0
1508.488318316467,0.0
1487.2386045936796,0.0
4202.656509537654,0.0
2436.493045728217,0.0
-614.7248695484761,0.0
-2729.9985550219803,0.0
-147.4305262706963,0.0
3111.630354490518,0.0
219.56467523177773,0.0
270.4113680594801,0.0
-4179.336940326215,0.0
7468.643918081347,0.0
-1510.076710954625,0.0
-1406.1288560848297,0.0
1342.5433979241761,0.0
2553.652419382123,0.0
3268.9913502335203,0.0
417.13852736537274,0.0
1994.4488518486057,0.0
561.069200288855,0.0
-4555.029692545144,0.0
1254.1216848052345,0.0
64.74119800395101,0.0
4288.918168447766,0.0
2562.3188827696035,0.0
6238.580522740388,0.0
4243.696008888195,0.0
3931.312497842237,0.0
4784.355295790381,0.0
2721.358521302175,0.0
-357.375425128792,0.0
4976.416462135996,0.0
-2906.0791269683887,0.0
628.4618196808669,0.0
5180.844123776003,0.0
3735.7505513018987,0.0
7206.9188915479435,0.0
1122.8575289622636,0.0
1912.6916722293583,0.0
5224.143638458363,0.0
6294.2596010166335,0.0
7631.2675090639095,0.0
3299.9812259986297,0.0
4005.6200436352938,0.0
4215.80833605636,0.0
3629.901251723799,0.0
-2104.5717257804763,0.0
1359.5785084197012,0.0
7717.286747145371,0.0
-2133.3969768705774,0.0
3613.1687328856206,0.0
-534.1875025855186,0.0
4052.82561439196,0.0
-2347.118574122392,0.0
509.4569107233483,0.0
-6793.244175755717,0.0
338.9504604882709,0.0
4577.254097838502,0.0
-3316.964760231186,0.0
7188.530302752879,0.0
769.6238516239828,0.0
2580.5542609198574,0.0
-6705.896769928122,0.0
6242.4819398835825,0.0
-143.70567392451176,0.0
1081.954737624252,0.0
-1571.5751531804335,0.0
-1064.4663750098393,0.0
6140.156671984149,0.0
406.07941060244593,0.0
5807.97309325525,0.0
2514.3457260009354,0.0
3882.286846924202,0.0
328.7001179136705,0.0
3278.6618547844796,0.0
9983.076296310957,0.0
3022.7964527577956,0.0
2114.6618625752644,0.0
-1303.569136008707,0.0
3763.6391464972526,0.0
5045.618336005303,0.0
-5207.779958978318,0.0
-3090.2110693031473,0.0
9729.748042334972,0.0
3993.256819193326,0.0
2704.958899566164,0.0
4113.600184989599,0.0
6127.64530681478,0.0
5481.970047051989,0.0
2144.0795410523933,0.0
9662.038196922658,0.0
2007.9632100328977,0.0
-1390.529081806702,0.0
-5.111305960925847,0.0
2058.2388969837352,0.0
1860.2929214489368,0.0
1775.9806532853,0.0
3154.657509117469,0.0
-10107.721066031438,0.0
-1827.914380692403,0.0
3779.715952141398,0.0
2268.73527052186,0.0
-2088.478415801535,0.0
-1876.9253886678748,0.0
4238.9457242257095,0.0
36.24732906405109,0.0
509.481740484943,0.0
10939.79977625959,0.0
2804.865634084605,0.0
5722.990701733064,0.0
3241.946438240972,0.0
2864.8720167170554,0.0
238.1469558830613,0.0
1159.8940472937647,0.0
7812.427338664699,0.0
-1051.3537067491925,0.0
3240.94761604215,0.0
-1866.8346672876505,0.0
2300.643174379481,0.0
3210.416713136355,0.0
-2713.595968524295,0.0
6233.329491701003,0.0
775.891305389092,0.0
4954.503735467182,0.0
-2899.763338088191,0.0
3421.695670133839,0.0
8391.336243446276,0.0
1042.104549412405,0.0
-1884.5116400358793,0.0
2502.164611537417,0.0
3092.451380337553,0.0
3664.648824110727,0.0
3156.3177955737383,0.0
-898.8463657502232,0.0
4408.181561529027,0.0
1451.061261044024,0.0
635.8299874055892,0.0
6680.451174991754,0.0
3057.521201367799,0.0
12496.834483269411,0.0
1481.1842712913028,0.0
-88.23527594753114,0.0
1369.2942980732475,0.0
4566.365169800727,0.0
574.3901302920472,0.0
-2086.6330770226923,0.0
7249.799309856118,0.0
-3502.9870472114144,0.0
5725.4951762474775,0.0
791.2503479829304,0.0
-3460.9131706743065,0.0
6028.416119139208,0.0
-368.55725616941436,0.0
-2664.9332302172847,0.0
2699.798460852558,0.0
8814.23748177322,0.0
6494.237192160157,0.0
6241.51966032038,0.0
9116.7356239474,0.0
4016.2507989353953,0.0
5404.830553584125,0.0
3440.976732381514,0.0
-1522.1864794068915,0.0
2438.636678179906,0.0
8108.367756945563,0.0
-3467.6501923711094,0.0
7990.491113435075,0.0
4475.850234144339,0.0
-167.01826833030054,0.0
2590.007181079082,0.0
7565.304440076771,0.0
-1248.0210649957623,0.0
3226.359144439778,0.0
4331.664705385931,0.0
-2816.2624796925743,0.0
2420.5126042910597,0.0
2334.7569405167046,0.0
-646.3058713050509,0.0
5033.564720481856,0.0
3474.0878481007258,0.0
2767.014881447086,0.0
-659.1280327674949,0.0
4429.4907205997115,0.0
1802.2823964811305,0.0
2487.4566261112427,0.0
80.43770158470397,0.0
-789.3568261200853,0.0
675.358441890759,0.0
5126.192988186411,0.0
-75.46393450308415,0.0
8672.936819773447,0.0
5549.823924370512,0.0
3696.4852336958265,0.0
-1747.4635134553064,0.0
8275.66141067574,0.0
-4209.2191513161615,0.0
2315.9955305575204,0.0
6169.748889063021,0.0
-454.8631221407054,0.0
-2082.4792341736857,0.0
260.8362293546061,0.0
4219.930366889521,0.0
7595.898811348351,0.0
7157.043599976727,0.0
1020.6019769102454,0.0
1889.0343454657354,0.0
4345.398617124191,0.0
-722.4338512718932,0.0
3960.1081175329327,0.0
13161.452126747927,0.0
1112.2325362202987,0.0
7781.818343463674,0.0
-217.2562365490553,0.0
1977.3786900041212,0.0
4194.757973344769,0.0
-1002.2069671566451,0.0
3143.0439445941824,0.0
7190.370265243878,0.0
4095.7289103286967,0.0
3467.0910453030883,0.0
-2259.7826765060804,0.0
-151.16427228403904,0.0
984.6194107828741,0.0
2654.671525059244,0.0
5124.496108619286,0.0
-2207.3170315244092,0.0
8505.927497976154,0.0
3475.2096504115434,0.0
2992.637062185606,0.0
-611.5948611496433,0.0
3253.893594333643,0.0
2764.308572603367,0.0
-6.34386021669161,0.0
3069.2130653723875,0.0
4703.644326972386,0.0
1943.1207667949652,0.0
5596.889387522433,0.0
-395.6155673489725,0.0
7731.1462180810495,0.0
3551.2885605817596,0.0
4968.4845461977875,0.0
-3235.1300438256176,0.0
2444.7695917031647,0.0
964.4232930167166,0.0
3963.7411182484648,0.0
-3758.1872383,0.0
5280.47622345522,0.0
-3541.4231183544302,0.0
5022.582178228924,0.0
3044.6517561637515,0.0
-176.52336501497393,0.0
11332.515540534067,0.0
-205.93853654457234,0.0
3022.0743885886577,0.0
4048.1416353033205,0.0
5402.189036301925,0.0
4977.434176983178,0.0
6739.0893373941835,0.0
5246.391430753101,0.0
3348.8814351434894,0.0
-325.3403137270102,0.0
1847.3576175546775,0.0
7286.018367924509,0.0
426.49369668839927,0.0
4040.5453941245323,0.0
-4551.843938447842,0.0
-904.5679648589521,0.0
-4807.8967237630695,0.0
4787.297271191287,0.0
-6084.993556783301,0.0
-604.4647088019898,0.0
2854.9106705126533,0.0
2516.5294884126797,0.0
3739.7300732347976,0.0
6426.804277000936,0.0
6435.051252058345,0.0
7072.6104815624285,0.0
3472.4450024985267,0.0
3456.705996597003,0.0
-2461.8555145433374,0.0
5404.540841847562,0.0
9014.478898172674,0.0
1558.1587679825398,0.0
-418.8173905989038,0.0
3479.737515737831,0.0
7161.7818439312305,0.0
8471.07351455361,0.0
-615.5920449456435,0.0
4922.263610281949,0.0
218.5146414509445,0.0
2351.3336727049377,0.0
-7071.784001457694,0.0
3913.261985500838,0.0
-1037.7062937450573,0.0
997.9764990640435,0.0
-325.66125514717294,0.0
-3178.9393306657244,0.0
3099.262190044614,0.0
1329.5112845115807,0.0
2597.4890357649856,0.0
6936.737471605632,0.0
3783.845002101913,0.0
1564.841603981305,0.0
7756.209843648581,0.0
3737.784406204175,0.0
5317.815550278851,0.0
7094.039061608075,0.0
7517.608395046507,0.0
7958.735475563313,0.0
9812.855601260151,0.0
5223.660605891329,0.0
2011.2328516476205,0.0
9762.522135190287,0.0
7557.479322642754,0.0
770.4300712496008,0.0
3331.0497790095687,0.0
-781.0532628395113,0.0
-5112.531222654903,0.0
4040.6000818640873,0.0
1479.1767814250504,0.0
829.2126274089035,0.0
7231.69588952542,0.0
8196.631856725528,0.0
2875.4508673458886,0.0
943.3941161989883,0.0
-2028.5842416357655,0.0
4449.670034955822,0.0
3931.263532268934,0.0
7135.887785047852,0.0
6380.747668151974,0.0
3456.225448989624,0.0
3887.7923892723697,0.0
-519.9873906882958,0.0
9278.01509311964,0.0
4263.308498540899,0.0
8231.620527623349,0.0
2481.2942840337814,0.0
3614.7533513981657,0.0
4060.300787487606,0.0
64.44505080986187,0.0
-2207.12465241158,0.0
8497.888962697922,0.0
-385.2527330616896,0.0
2292.0949107344577,0.0
157.1131327448566,0.0
-1114.8811256584895,0.0
8194.102290240113,0.0
7266.2807196280555,0.0
6970.277033010218,0.0
-2488.302837185104,0.0
6197.051918561135,0.0
9027.898059651701,0.0
8385.567986187736,0.0
6769.057086146605,0.0
11202.271584300746,0.0
7070.107255675242,0.0
7520.0337332392855,0.0
9370.350898393413,0.0
10578.746850309262,0.0
1785.9665853765955,0.0
8568.206736191427,0.0
2421.538888270264,0.0
-4328.404878654673,0.0
2224.033643352848,0.0
-5531.567139878259,0.0
-1265.589767111497,0.0
-8503.781334528196,0.0
-3263.861327626158,0.0
-1155.178009107534,0.0
997.9800357163743,0.0
892.8563722951185,0.0
1079.5097065620807,0.0
490.03815618844646,0.0
8911.158261260844,0.0
2204.9004462757557,0.0
4193.047121854959,0.0
11249.897992565511,0.0
-1085.974568978675,0.0
-2509.2320722509485,0.0
1105.0277488090946,0.0
2778.8262787651383,0.0
383.68091921055566,0.0
4915.880287651029,0.0
4135.007691770235,0.0
-1601.0525522693451,0.0
3413.9125226455676,0.0
-3352.216237995787,0.0
3793.088656442674,0.0
1468.7176652582577,0.0
8010.708623683722,0.0
3254.054763944982,0.0
-376.0696188514215,0.0
1635.195089500936,0.0
1986.7094612920387,0.0
750.5498603568171,0.0
-367.71186882635175,0.0
9053.837314143671,0.0
10002.31072386428,0.0
3817.4198426183875,0.0
4632.101659776658,0.0
4672.641588326913,0.0
9649.704446652257,0.0
9930.172075465236,0.0
1972.8721116237948,0.0
3963.9735797164712,0.0
3247.059096179833,0.0
7140.383860291504,0.0
8415.641159672374,0.0
9003.885096957545,0.0
4030.3745260117926,0.0
-1109.2421880320844,0.0
2929.4002270190995,0.0
2729.529339147662,0.0
-580.0764249558733,0.0
963.3688100430442,0.0
1495.3247716733083,0.0
3533.4753276728843,0.0
1721.5655001182856,0.0
5762.785834005633,0.0
6601.365796808138,0.0
3422.820141949059,0.0
7739.125876030417,0.0
5691.975548165846,0.0
9775.666624027368,0.0
2291.276584725314,0.0
3292.120456483669,0.0
6758.449313023618,0.0
-1204.3123568729807,0.0
4460.478931602722,0.0
2784.2769012610033,0.0
4382.82321505966,0.0
4844.956274225505,0.0
-3218.429127903518,0.0
3238.611476688839,0.0
1742.2152748255864,0.0
4695.08873988105,0.0
5730.336127414797,0.0
1601.3146951755455,0.0
3497.7018545264937,0.0
-8044.038528706997,0.0
2272.369801602549,0.0
5017.983704561792,0.0
6013.448741452536,0.0
5386.198512775721,0.0
3163.81653883897,0.0
2661.9667701713684,0.0
5262.938351211953,0.0
7553.765769730076,0.0
7915.821340364509,0.0
5534.732329771648,0.0
919.1670477736607,0.0
11422.436267978996,0.0
1826.1775487883883,0.0
-4178.1183709912675,0.0
12122.337639010282,0.0
9428.29494408703,0.0
4936.812355836801,0.0
6475.356346606395,0.0
3310.199648992173,0.0
-1841.9542677429163,0.0
1011.9611695584197,0.0
-3909.970315347159,0.0
-1892.1620723215833,0.0
-2681.542033782307,0.0
910.0230982260287,0.0
4877.207628280015,0.0
488.0973879689918,0.0
5059.038010954644,0.0
-4408.303394238516,0.0
-936.6646346109155,0.0
5402.399803105059,0.0
7599.745095557913,0.0
8007.075105923658,0.0
8530.401426398945,0.0
-1980.1912596166203,0.0
1822.8096194602495,0.0
-4767.775283321533,0.0
3400.118800810338,0.0
5788.020037241547,0.0
3002.4594912954426,0.0
-327.1587261474665,0.0
3755.7423434673588,0.0
3133.581950378994,0.0
1184.2651171927262,0.0
-1693.1893662690973,0.0
498.9334247487867,0.0
534.062562676649,0.0
1164.9011583593485,0.0
2514.8484559753433,0.0
1093.2835391873366,0.0
-2749.478314919983,0.0
1994.8094772749319,0.0
4594.686339293585,0.0
1531.0443684773663,0.0
4031.8089119813712,0.0
1404.1003683020945,0.0
11778.40705803131,0.0
6569.706936851672,0.0
4106.501048474926,0.0
6215.356155461945,0.0
5636.023422228689,0.0
3323.147170706129,0.0
7377.342692730685,0.0
6221.514562725401,0.0
3339.678792848915,0.0
2911.7077767978167,0.0
-1879.63976345427,0.0
1736.6673371424704,0.0
900.7986012413373,0.0
-2690.86603283649,0.0
4993.356968881084,0.0
208.13834867956277,0.0
-3514.1475835882497,0.0
-606.3344490260238,0.0
1923.9363801685774,0.0
3131.4309000964704,0.0
579.4505358580077,0.0
3172.370785946274,0.0
-2168.9814274791843,0.0
2467.5382904767503,0.0
5496.813191209853,0.0
1453.4034661500755,0.0
6137.55380310215,0.0
6192.901357462793,0.0
1487.338354555025,0.0
-4664.970385615246,0.0
7425.645924872966,0.0
8588.472108689646,0.0
-2804.3422037252203,0.0
2589.1567506192687,0.0
2401.932271518238,0.0
-5022.385350227467,0.0
-1439.0252315415928,0.0
4645.798087560162,0.0
995.4825384295809,0.0
296.33734371267417,0.0
4300.335207909888,0.0
-1090.4362344386668,0.0
-3844.5352036080594,0.0
7444.155323396835,0.0
305.9318313384124,0.0
2991.8959219451153,0.0
7458.622795381008,0.0
5245.001904697008,0.0
5575.988054879133,0.0
2296.828700289141,0.0
6164.914257451146,0.0
9551.171774018107,0.0
263.7275150489322,0.0
516.5015603896713,0.0
6249.308023580303,0.0
2059.5038117411696,0.0
1194.2686972442577,0.0
849.9942132547643,0.0
3045.8819889600077,0.0
1600.1519778815727,0.0
1714.3989145728854,0.0
4909.043753357977,0.0
-2993.842213278889,0.0
564.4149849496007,0.0
1545.6631281098626,0.0
-2814.952315691013,0.0
-664.6744726078246,0.0
3177.572134822325,0.0
2134.5633888138227,0.0
7788.609275544395,0.0
3874.3270691509215,0.0
14580.18257443984,0.0
3720.8751771768857,0.0
3377.4181593522735,0.0
11789.960586427023,0.0
1508.955824824902,0.0
11409.333555692625,0.0
-7036.129796507075,0.0
3084.2903703135817,0.0
9111.201978735528,0.0
8403.242745168216,0.0
3750.038390619049,0.0
-628.1578721146207,0.0
530.0204546666353,0.0
3564.5911417415186,0.0
2432.7535850268905,0.0
4421.904897792549,0.0
-2099.5834982756887,0.0
3359.8073517581097,0.0
5743.246564095476,0.0
13898.580535791814,0.0
6910.850892204098,0.0
7052.779022118542,0.0
1472.8715819885797,0.0
-1184.9545540951012,0.0
-3571.087381415622,0.0
6248.04046654967,0.0
12095.770195245761,0.0
3581.1258839709094,0.0
-5395.271413081362,0.0
3943.6742066730067,0.0
2757.4062898743728,0.0
3536.548202402366,0.0
10399.319299666402,0.0
7419.7269669189845,0.0
7358.696707140593,0.0
-1180.440647938682,0.0
2223.0208701659953,0.0
-2261.8963182179086,0.0
4527.119589182287,0.0
-3470.854610239208,0.0
4854.522997397163,0.0
1385.8988658245155,0.0
1940.6088355342386,0.0
-2095.419558509586,0.0
6585.049557295137,0.0
-1677.2428692254625,0.0
-319.69685313673654,0.0
-81.01147618010828,0.0
11770.316884467657,0.0
5561.34809118101,0.0
2827.7420903233037,0.0
6432.6164780665695,0.0
12386.22727592992,0.0
2786.5467865149794,0.0
186.72174670071536,0.0
1332.2092569770948,0.0
4315.806356584454,0.0
9249.051755643304,0.0
1814.633643611577,0.0
668.1369951230544,0.0
-2542.2049572184546,0.0
-3242.254312092508,0.0
4183.159289703342,0.0
1660.1979737412994,0.0
1872.5628683045445,0.0
-4313.439052423293,0.0
2980.5348376663073,0.0
4225.164860743515,0.0
9997.35522201862,0.0
8354.632725539577,0.0
3308.0879770270035,0.0
4330.413221863195,0.0
5261.852860801558,0.0
3894.795637894129,0.0
1892.3139006581328,0.0
7419.38165493998,0.0
11635.66199465914,0.0
2894.6635662289636,0.0
9437.552940196074,0.0
3241.1683075333403,0.0
2193.5652660962573,0.0
2818.010586415185,0.0
982.1055264823572,0.0
4611.295933958281,0.0
4810.4202229749535,0.0
-8349.653637127869,0.0
3642.4384380423935,0.0
1835.683689357165,0.0
6546.27811994266,0.0
-2556.9287267011196,0.0
1764.4430166258373,0.0
7112.413479536329,0.0
6721.916386561522,0.0
8768.924611847087,0.0
685.3380771763013,0.0
765.1165897507276,0.0
6313.971463622216,0.0
-38.46257423639781,0.0
6111.13334420939,0.0
8167.161776910834,0.0
4674.290331007247,0.0
-1052.3068484255755,0.0
1311.0231416665063,0.0
3647.246021662567,0.0
5701.304524007858,0.0
3745.8985291270137,0.0
890.2777836445373,0.0
-4477.478292647648,0.0
-5232.684800764016,0.0
-3060.691606223074,0.0
-3295.5924478907195,0.0
-1943.192825485377,0.0
-3550.8958620788,0.0
-226.76608296514252,0.0
-897.9997523485385,0.0
2781.1105656822356,0.0
3455.83488768234,0.0
5783.269421247035,0.0
-324.01187077805116,0.0
-69.60973553870463,0.0
239.56365704506197,0.0
5700.940064973802,0.0
6378.212729860597,0.0
7949.137546465331,0.0
4355.040113022818,0.0
2974.918376302985,0.0
6053.769752878139,0.0
4441.183633261853,0.0
500.28949692213064,0.0
5633.11322527706,0.0
791.0619178614513,0.0
-3678.6542460621313,0.0
-1.3272482354747126,0.0
-2492.0934735520273,0.0
97.14196629306372,0.0
-2106.906293303571,0.0
-966.5372310990222,0.0
-1857.5175039160172,0.0
832.8822664019408,0.0
4160.534484739001,0.0
5319.883718784124,0.0
5575.806043682974,0.0
7836.787063704345,0.0
-1181.7252838300155,0.0
4448.955872339583,0.0
8213.832666639273,0.0
6676.472515352427,0.0
7519.923564529394,0.0
691.1470750895719,0.0
7392.016793651088,0.0
999.2297937090161,0.0
8120.988781786586,0.0
4475.509934541195,0.0
5751.275211340579,0.0
-501.0849647026894,0.0
335.92892417947166,0.0
-5662.7481496206165,0.0
1593.8479435533075,0.0
2846.1317787841454,0.0
1501.8927230678364,0.0
4150.048960222296,0.0
2429.4064960448422,0.0
1585.0598460860442,0.0
4605.691032546778,0.0
1711.6239914594137,0.0
7109.336180708497,0.0
5280.302899444089,0.0
5170.919471115626,0.0
5695.397549089991,0.0
3705.358051323483,0.0
7177.369054476772,1.0
11584.573974777528,0.0
14609.818390580247,0.0
11440.165984767986,0.0
18296.60799864034,0.0
35689.43329206838,0.0
21379.99030883024,0.0
16486.69452366366,0.0
13184.534308091437,0.0
11853.145758842787,0.0
5207.482693281421,0.0
3600.798121820777,0.0
-1400.3992772507108,0.0
5799.912846866605,0.0
2937.3435364465254,0.0
5813.18081778439,0.0
6532.747608936095,0.0
18249.371180855756,0.0
20123.726580621686,0.0
32296.183237325997,0.0
25080.045842509622,0.0
21398.60569958941,0.0
18947.444958183773,0.0
15836.627565913908,0.0
19272.758921764846,0.0
20348.137209866843,0.0
19676.906456911234,0.0
13447.255625298709,0.0
13737.94369842686,0.0
15844.837981652403,0.0
16917.48193998507,0.0
18946.79516395902,0.0
12350.990034310005,0.0
8866.159325650335,0.0
3161.95678995108,0.0
3061.6737690889768,0.0
2965.864005773623,0.0
2876.273386415238,0.0
2134.2363463540414,0.0
3600.4806909826066,0.0
3668.757731260814,0.0
8839.722490847496,0.0
19091.715586225087,0.0
20672.406094259382,0.0
10619.430045974885,0.0
16008.094074898587,0.0
22032.62514903816,0.0
30996.54804982519,0.0
26494.40130999901,0.0
19809.411622637897,0.0
24230.305740092277,0.0
23647.059118485522,0.0
23281.44406674972,0.0
35795.55286869722,0.0
24537.03667490769,0.0
23505.040163453996,0.0
16076.679118047965,0.0
2794.484579330102,0.0
4419.33439382538,0.0
-6181.74424343626,0.0
4489.648381566353,0.0
4775.2024576109025,0.0
2043.7068324735264,0.0
-2392.2148311551005,0.0
3930.1961012551715,0.0
11954.848561593655,0.0
7820.341179893418,0.0
15385.219077047415,0.0
14120.29009536692,0.0
12415.11085031893,0.0
14765.35754049319,0.0
22490.895576744515,0.0
21053.164465261663,0.0
19931.25728294678,0.0
23643.62014732587,0.0
19559.363732484526,0.0
19859.463927936806,0.0
19207.018777414316,0.0
25404.252112226102,0.0
22340.193569394425,0.0
18214.88975743848,0.0
6985.7613895297545,0.0
9508.4847971378,0.0
-2683.172186457481,0.0
464.44029991687773,0.0
1087.469074797919,0.0
-6492.848572096467,0.0
-4233.964244642408,0.0
2781.1626002132543,0.0
9084.761814692985,0.0
15206.785423939382,0.0
18070.122127187864,0.0
17051.150768203486,0.0
13111.941118628765,0.0
23170.712764789238,0.0
27256.436611961693,0.0
25532.659973211576,0.0
22579.767091054775,0.0
21199.525554182772,0.0
24918.54409082401,0.0
26405.130562419046,0.0
24636.502840796238,0.0
26178.74794166667,0.0
2258.74482699166,1.0
12248.195289651923,0.0
6494.426968352647,0.0
3043.8195009098004,0.0
3855.702275278164,0.0
2439.5688430673367,0.0
-2968.127447660314,0.0
375.86791609346585,0.0
6437.335682517846,0.0
3937.6959987858795,0.0
2282.348431051845,0.0
18824.34604552228,0.0
16546.33128058551,0.0
20465.637256512433,0.0
22892.11244521931,0.0
23150.357774205946,0.0
25947.241642706827,0.0
23651.760882414274,0.0
29675.131434273797,0.0
21497.97409730965,0.0
22163.584620177007,0.0
29131.281610225622,0.0
26539.82769436808,0.0
29361.20450401069,0.0
29900.990082641903,0.0
13194.746396492457,0.0
5245.385531401175,0.0
2923.7932935480476,0.0
2703.3902889531446,0.0
7449.49517259645,0.0
4754.8820509801335,0.0
663.9990031711171,0.0
-422.9464504264845,0.0
6803.2422601673625,0.0
15062.85773259187,0.0
10750.25562428018,0.0
22574.328330303768,0.0
15083.61854085258,0.0
16149.973455903299,0.0
19643.9232359246,0.0
19834.090614943205,0.0
18987.056760886953,0.0
32675.19233616627,0.0
22769.078717569213,0.0
20209.19412291501,0.0
17102.360443715563,0.0
25857.17828013019,0.0
24053.45228148905,0.0
15887.838745026354,0.0
17544.526555847824,0.0
8996.378521298117,0.0
-1128.4314319921914,0.0
6907.656446932221,0.0
-1555.2010483728318,0.0
-5303.642141958623,0.0
-5096.218851948256,0.0
3065.1375179965166,0.0
-3512.167187658353,0.0
9194.133124462616,0.0
16542.496617214216,0.0
19741.823816030337,0.0
16404.162313773923,0.0
21610.01196904467,0.0
20256.284627461406,0.0
36162.44729762382,0.0
21350.729125528364,0.0
31680.343795071345,0.0
26086.1173770069,0.0
21971.655068939617,0.0
27872.364837826666,0.0
23970.540450310575,0.0
27622.0088463751,0.0
27296.612014978353,0.0
16867.023317247455,0.0
392.3300779855181,0.0
7734.8370965169015,0.0
-2124.4828437823153,0.0
-5142.813160197034,0.0
1839.6124198670864,0.0
-3191.9197939198266,0.0
2221.0790671945906,0.0
9016.825132541318,0.0
13914.982892325575,0.0
18353.757403316198,0.0
19919.449042133856,0.0
23835.00589918578,0.0
17937.385520821754,0.0
28330.29881495543,0.0
29101.5436607464,0.0
21724.952224414843,0.0
22045.15946736426,0.0
11792.048796915315,0.0
22061.480772295265,0.0
19021.14203645249,0.0
27396.792876675117,0.0
21617.744819667452,0.0
17064.784725085152,0.0
10992.185864925335,0.0
7882.260239619829,0.0
3094.980475303244,0.0
3503.010611240831,0.0
15.278196602714843,0.0
-4660.368043781793,0.0
652.5029353328374,0.0
5858.649416129441,0.0
544.38125054791,0.0
4368.191596029103,0.0
4332.85822976393,0.0
19025.249292404988,0.0
7673.673733956211,0.0
16962.882654818975,0.0
18353.016719741478,0.0
28565.22050996964,0.0
19968.02113794406,0.0
22196.413941401188,0.0
33981.955482774385,0.0
19265.052716064904,0.0
17098.51291637341,0.0
34580.65943940765,0.0
23908.884470300214,0.0
18364.320946287677,0.0
15008.180616533762,0.0
8095.848032240145,0.0
6343.714839144246,0.0
1189.2889774291925,0.0
1933.3271897198792,0.0
-2595.700057914452,0.0
1660.170505489429,0.0
3202.544835095177,0.0
-404.11195311119627,0.0
12099.051469954196,0.0
15714.202072598413,0.0
18719.5633452924,0.0
18369.95563812927,0.0
14732.137944981407,0.0
25035.925302176634,0.0
23543.496946182575,0.0
17023.216236118682,0.0
15041.947899320523,0.0
23938.540019793498,0.0
20794.75067420332,0.0
18394.82774116148,0.0
23708.766572733646,0.0
17811.854251843757,0.0
11935.172593690082,0.0
6372.194342983794,0.0
9607.078507781976,0.0
4303.1748844448375,0.0
3424.1735856203695,0.0
2063.203987257644,0.0
1143.4129767619604,0.0
3995.6733356870463,0.0
-4137.083029536214,0.0
7056.325905161799,0.0
5901.484748260851,0.0
13122.868480978299,0.0
15100.27850969228,0.0
16413.97020759467,0.0
17494.00411756801,0.0
16620.81402762217,0.0
26881.101849095143,0.0
21666.38761517623,0.0
19639.999677050808,0.0
20268.20129245695,0.0
16969.996989418483,0.0
12943.969754153251,0.0
17898.602502464433,0.0
21460.79782853702,0.0
9483.783311095902,0.0
15442.8007475968,0.0
7546.39877300288,0.0
496.61104482224073,0.0
195.51193777174262,0.0
-3950.0084485611806,0.0
541.6581004882626,0.0
2294.6589179634893,0.0
5654.578189844976,0.0
208.42690595097338,0.0
11602.5473775416,0.0
15435.995714671664,0.0
14188.839921648676,0.0
3591.4591694945775,1.0
18640.287901936554,0.0
22110.98965416678,0.0
25125.28368806602,0.0
20126.08398176196,0.0
14710.67652138947,0.0
16353.060395631726,0.0
20781.317860440508,0.0
19551.639522037414,0.0
19319.80087702415,0.0
25686.378691910453,0.0
23400.07891093973,0.0
12620.43673757871,0.0
5142.254120019541,0.0
4994.802351680413,0.0
-1354.9594888603806,0.0
-2702.9804041114667,0.0
2173.3735069317827,0.0
100.76832058184425,0.0
4522.917658524484,0.0
14967.735589134734,0.0
11138.832146692273,0.0
13088.327095129951,0.0
13759.238112003504,0.0
15530.545912539217,0.0
21591.057298800337,0.0
20656.311683822314,0.0
24779.361890918168,0.0
13467.13158135233,0.0
13228.647391397919,0.0
16133.415149650786,0.0
22747.971159915964,0.0
16648.92581260534,0.0
29746.925416785976,0.0
19031.832505792623,0.0
16620.362470627144,0.0
11976.153839779974,0.0
12403.109029707703,0.0
851.73561406717,0.0
-651.9836134137827,0.0
726.1205891342059,0.0
3863.7319894873285,0.0
4063.372388976944,0.0
-2602.3726970001753,0.0
2864.3045886590844,0.0
6988.685930751645,0.0
20994.11909852298,0.0
17249.247860896205,0.0
18373.930171238237,0.0
9987.232389743851,0.0
22893.417849375794,0.0
23124.28727373218,0.0
23953.979568879156,0.0
14358.220415351716,0.0
22958.94679294377,0.0
20445.15025451562,0.0
22313.191750372316,0.0
23701.53395674847,0.0
32207.92707277238,0.0
17928.39084792623,0.0
13566.211422391143,0.0
8397.44990278597,0.0
4040.35317200444,0.0
4095.0314346567698,0.0
2838.816616986318,0.0
5881.762057295439,0.0
3605.0161105508687,0.0
-480.38793341134624,0.0
6647.617246989555,0.0
19128.433811510913,0.0
19516.906489799556,0.0
21851.50497855797,0.0
23765.20285737724,0.0
19529.66058372954,0.0
19039.50278306146,0.0
25680.419205399012,0.0
24407.794522681797,0.0
21711.21432653428,0.0
18017.0321822676,0.0
23527.036757440277,0.0
13249.861227632757,0.0
22941.772124342013,0.0
21159.868092352517,0.0
10921.054726104154,0.0
7340.935827539372,0.0
3928.829800303899,0.0
4575.403681326543,0.0
2086.8713768545053,0.0
3456.4865071776744,0.0
5635.553626182495,0.0
-860.6295186506165,0.0
2027.3290233225453,0.0
5978.815137966141,0.0
2457.1934630867036,0.0
12026.592251237262,0.0
6766.071852125423,0.0
9987.5517374121,0.0
11575.817027925601,0.0
22229.17551998675,0.0
16987.439389612882,0.0
13138.587126291655,0.0
18113.371332808165,0.0
17249.237771831136,0.0
12856.846115641929,0.0
21362.669091760115,0.0
24956.15463052834,0.0
18020.73928965897,0.0
11108.752373682706,0.0
7721.779350110764,0.0
2856.6764895580122,0.0
8984.294960788353,0.0
-642.4926651827568,0.0
3694.751842739043,0.0
5242.273394793521,0.0
1750.8115531845438,0.0
2251.162704303927,0.0
8798.345045647337,0.0
12088.589947753419,0.0
8550.708997171972,0.0
16190.800560537009,0.0
4995.800383329342,0.0
13535.619672781611,0.0
21644.429572234127,0.0
12971.609575882445,0.0
19943.696087922293,0.0
22973.960675930757,0.0
15137.124143301795,0.0
10392.939534569825,0.0
23216.90330227498,0.0
19805.78073504429,0.0
14258.941771693591,0.0
9769.163014622642,0.0
7800.909627658408,0.0
3614.003343621465,0.0
9775.811216256847,0.0
-1466.2242510451847,0.0
-5095.078244323975,0.0
-4987.103060487598,0.0
-1145.2185461614117,0.0
6630.934275773402,0.0
-1081.3620372415253,0.0
8153.305188427324,0.0
15095.104668988028,0.0
11390.089799584855,0.0
12168.375717760508,0.0
13442.592948463887,0.0
20837.94095108196,0.0
16455.29785546961,0.0
20554.12978336293,0.0
8807.0532047624,0.0
18736.81714813035,0.0
22612.3848247512,0.0
17921.515669008557,0.0
20996.29397787355,0.0
22999.310192853736,0.0
10747.762357236907,0.0
10049.478155539548,0.0
2885.485056635869,0.0
3973.1248178279257,0.0
-1707.2907393923156,0.0
-1382.9639827260276,0.0
2908.4817619488927,0.0
680.6485503428478,0.0
1815.674096398171,0.0
9910.524295503834,0.0
2479.3569396139083,0.0
11368.613342934841,0.0
14275.957195753732,0.0
19634.559966660527,0.0
11234.235596205268,0.0
17792.026533685956,0.0
22413.314943183173,0.0
16002.104550797072,0.0
15201.781133159275,0.0
16387.96660215687,0.0
14533.674309885964,0.0
18885.251585752165,0.0
24095.99657874203,0.0
17689.885590058933,0.0
16804.866930838216,0.0
11775.435490981676,0.0
11754.446856958846,0.0
1407.8850229972363,0.0
7468.878728414432,0.0
-2729.5466854876386,0.0
1533.4867210254306,0.0
3809.9639911454833,0.0
-7722.520649198244,0.0
2147.0380299887593,0.0
2525.648466794114,0.0
11475.505436593048,0.0
14616.75761118812,0.0
10804.493537514547,0.0
14588.263049027648,0.0
