0.022780475570772705,0.0
0.8749501434148861,0.0
1.026925977305767,0.0
0.8894808799536192,0.0
0.9033214745842633,0.0
0.7239758810606941,0.0
0.8214084732807905,0.0
0.7851303961779138,0.0
0.7066825678807848,0.0
0.6164267021551437,0.0
0.7804243578238761,0.0
0.8364563966898836,0.0
0.7751598529549905,0.0
0.7489661182027896,0.0
0.7515095903116724,0.0
0.7627930193463638,0.0
0.8210135717027061,0.0
0.9431719541568551,0.0
0.6960564629295057,0.0
0.8850908933146678,0.0
0.8773938010123219,0.0
0.8310813307591224,0.0
0.8345347486434892,0.0
0.7245446940758203,0.0
0.8408570937036031,0.0
0.8813233958934095,0.0
0.8063840422534878,0.0
0.7898894771045445,0.0
0.7786759029881054,0.0
0.7898080119167993,0.0
0.8973999658859216,0.0
0.8796389754373569,0.0
0.8179114754885296,0.0
0.7366869595566395,0.0
0.7967150623794766,0.0
0.7245012230080063,0.0
0.7779317018320194,0.0
0.9385524459833361,0.0
0.8446517069410364,0.0
0.9554436494841941,0.0
0.8460572578054285,0.0
0.8223733630653879,0.0
0.8752582123548839,0.0
0.8166489569130314,0.0
0.880966834219566,0.0
0.9218782153853794,0.0
0.9576465252010766,0.0
0.9307436894239035,0.0
0.7929142164356996,0.0
0.896347336436941,0.0
0.9326901945920594,0.0
0.8434134257251542,0.0
0.7741174643025369,0.0
0.7755429620512535,0.0
0.9141483981597343,0.0
0.9401829671227884,0.0
0.9307764247385717,0.0
1.001206950093949,0.0
0.9453093858234801,0.0
0.9706825742983839,0.0
0.8767132270462513,0.0
0.9473657294350142,0.0
0.9030344779880283,0.0
0.8934357531440739,0.0
0.7593434668604572,0.0
0.9523601562845467,0.0
1.0274407204725078,0.0
0.7669044917081648,0.0
0.7595398541589691,0.0
0.980732472383513,0.0
0.8314136996411723,0.0
1.0404096799615832,0.0
1.0550006978475372,0.0
0.9381821837797917,0.0
0.9028277680275094,0.0
0.8490548799893886,0.0
1.0000204941112212,0.0
0.9245422138710099,0.0
0.874725329541382,0.0
0.635977898408131,0.0
1.030555894907377,0.0
0.8052801772517225,0.0
0.9022291218588057,0.0
0.8503370412723216,0.0
0.887350755889105,0.0
0.7401879340423532,0.0
0.5816391486516669,0.0
0.8075907720840513,0.0
0.7943386526235929,0.0
0.7959890668046095,0.0
0.8600820683986621,0.0
0.7690078290213037,0.0
0.8259654791628019,0.0
0.7350028214088243,0.0
0.8257036818257585,0.0
0.7161552427811275,0.0
0.7581514851354787,0.0
0.8012732907432746,0.0
0.8110561452386819,0.0
0.8258890594221205,0.0
0.8584657639096098,0.0
0.748443809553874,0.0
0.8201793305097161,0.0
0.7099182399195262,0.0
0.9622306786763002,0.0
0.8932668244832481,0.0
0.9047291503612753,0.0
0.9452393346115722,0.0
0.701517254499901,0.0
0.915636151384848,0.0
0.8802610511517543,0.0
0.8292718935857171,0.0
0.9234439939242733,0.0
0.8145866145103944,0.0
0.7508178878976915,0.0
0.7848061020402997,0.0
0.8686282075843426,0.0
1.0075377940614567,0.0
0.8321913095399538,0.0
0.8261003347030824,0.0
0.9413577441978156,0.0
0.9192718917237062,0.0
0.747497219162677,0.0
0.8405574056301043,0.0
0.724018718152206,0.0
0.8246006967994899,0.0
0.8565431889998496,0.0
0.6617090556134122,0.0
0.7524894435367594,0.0
0.9221795240188613,0.0
0.9243486368761686,0.0
0.9209287909143149,0.0
0.9489469088969719,0.0
0.9047856766261434,0.0
0.9605115832348797,0.0
0.97417623405428,0.0
0.9762189692793275,0.0
0.9029467669251334,0.0
0.9773553576680348,0.0
1.0294232666011904,0.0
1.0357983803619348,0.0
1.0174104987335733,0.0
1.0307804323862804,0.0
0.9163462936590101,0.0
0.6999805254688289,0.0
0.95524895197618,0.0
0.959271220072727,0.0
0.9255089288126035,0.0
0.9150434556677469,0.0
0.8454563008941255,0.0
1.0185403153145067,0.0
0.9910901745915254,0.0
0.8602909386339893,0.0
0.8641239781802935,0.0
0.7477799408111777,0.0
0.8238715838316152,0.0
0.9316116383230639,0.0
0.8060443592938807,0.0
0.718029407618999,0.0
0.7983899194510704,0.0
0.8340732806062334,0.0
0.9051362208492179,0.0
0.8409060862028479,0.0
0.8940780907990569,0.0
0.799445381841287,0.0
0.8671015257318339,0.0
0.7902262734024389,0.0
0.8493513269441822,0.0
0.779326738571496,0.0
0.7751180222473736,0.0
0.5803156505247277,0.0
0.7053825646212223,0.0
1.021901223780274,0.0
0.6770925367687598,0.0
0.7631660153001446,0.0
0.759774768669019,0.0
0.8552181058436823,0.0
0.7974812509721247,0.0
1.0341943621092389,0.0
0.8439906484528357,0.0
0.8272717152592501,0.0
0.8241025347254191,0.0
0.8158673113174378,0.0
0.8252984796308006,0.0
0.8726066456651972,0.0
0.9476774496507508,0.0
0.8985696772111478,0.0
0.9482629608384862,0.0
0.8705175913712492,0.0
0.8476929699439996,0.0
0.811290613035241,0.0
0.9306952241273871,0.0
0.8712481336100443,0.0
0.8127933675304845,0.0
0.7993998145594078,0.0
0.8888215489880499,0.0
0.8612478407780165,0.0
0.8662141069656297,0.0
0.9182543117851256,0.0
0.8830180867644325,0.0
0.9248861198495468,0.0
0.8090541079395385,0.0
0.821763939884667,0.0
0.8048748291687587,0.0
0.8620781915360118,0.0
0.9150548075402996,0.0
0.9602996155061646,0.0
0.863851246685978,0.0
0.8691252830576962,0.0
0.8466506987144533,0.0
0.7754350342647341,0.0
0.8309807505271756,0.0
0.8244737075652615,0.0
0.9791630636110549,0.0
0.9132710043295096,0.0
0.8583408088998475,0.0
0.9105440996779932,0.0
1.0457665408691612,0.0
0.914102893349369,0.0
0.9150393648263246,0.0
0.9231555746527488,0.0
0.9088909757098422,0.0
0.9402735678401761,0.0
0.9988995423820262,0.0
0.5940256846361929,0.0
0.8465501531466045,0.0
0.946942474070139,0.0
0.9066230890513672,0.0
0.973916069654801,0.0
0.7436949402169408,0.0
0.7113117752046744,0.0
0.8292935875699425,0.0
0.8531952209755134,0.0
0.9189056317960638,0.0
0.7791957811693548,0.0
0.8159694803769795,0.0
0.8029867366721584,0.0
0.8985499379916881,0.0
0.7194228062408278,0.0
0.8136840013035948,0.0
0.7990416993048894,0.0
0.8085485226036521,0.0
0.795597929347861,0.0
0.7258560081245401,0.0
0.9326458444335027,0.0
0.9214807983795925,0.0
0.7961430548283549,0.0
0.7817827002225313,0.0
0.7976189149797625,0.0
0.8938721603972732,0.0
0.8593812465225594,0.0
0.8698965124069263,0.0
0.7284044887526436,0.0
0.8428677219569634,0.0
0.9437651380787047,0.0
0.839775347309003,0.0
0.7540448159597718,0.0
1.0275451238382518,0.0
0.9116823311213744,0.0
0.9355022112137915,0.0
0.9524937790159353,0.0
0.7559235001517798,0.0
0.9275123531033346,0.0
0.8518272998551412,0.0
0.827808390084809,0.0
0.8849800526224656,0.0
0.8569869835056155,0.0
0.803763186993032,0.0
0.952442633657667,0.0
0.7955646714250433,0.0
0.9385932262541788,0.0
0.8937679270239802,0.0
0.7594629585136092,0.0
0.8695883356346416,0.0
0.8401300102631021,0.0
0.8270249734345935,0.0
0.8894917356710862,0.0
0.8132928828023753,0.0
0.9644605391810365,0.0
0.8011312283090571,0.0
0.8588098043595671,0.0
0.7799190736733812,0.0
0.8063735818197112,0.0
0.9459083823210384,0.0
0.7600543233283719,0.0
0.93353415531048,0.0
0.8566169787145246,0.0
0.8654715551379318,0.0
0.7336648322296629,0.0
0.9177344308611931,0.0
0.7840006964349372,0.0
0.913124091353861,0.0
0.8129453874456078,0.0
0.8517671322074014,0.0
0.9501695397768605,0.0
0.8687130568276626,0.0
0.9151680076063655,0.0
0.8843863071378545,0.0
0.9414595195900985,0.0
0.8550996904673156,0.0
0.863949267300645,0.0
1.070235451126681,0.0
0.9973527672742478,0.0
0.8446036251518669,0.0
0.947793031934495,0.0
0.6998572452295339,0.0
0.5950853419500952,0.0
0.7339495663557437,0.0
0.8228190952720298,0.0
0.9984922653471033,0.0
0.9079072886549377,0.0
0.858168014352708,0.0
0.5519550164484495,0.0
0.9005210599155385,0.0
0.3963800224329477,1.0
0.38523371860062594,1.0
1.0156790751794114,0.0
0.6773419001278235,0.0
0.06941232723540293,1.0
0.44827080600791624,0.0
0.3612365569397401,1.0
0.9291902099570905,0.0
0.9070238465872155,0.0
0.9818857262572112,0.0
0.5516852634194138,0.0
0.7977954410493292,0.0
0.9301404411183454,0.0
0.8889918561318859,0.0
0.8447709073002443,0.0
0.839352690642898,0.0
0.8585347396606324,0.0
0.607539233818485,0.0
0.8284951767646769,0.0
0.5895051780211247,0.0
0.27855650947947247,1.0
0.2694662015617582,1.0
0.19462753504921523,1.0
0.45298679992359697,0.0
0.1528110916310744,1.0
0.07207240309950108,1.0
0.36877606189887674,1.0
0.7870504678915594,0.0
0.8819004020152216,0.0
0.6939973452016093,0.0
0.8667379753395174,0.0
0.7377034324508575,0.0
0.6884342326665767,0.0
0.9290115562286881,0.0
0.8368509390987199,0.0
0.9224324391111856,0.0
0.6995928325218275,0.0
0.899847880090651,0.0
1.0565308492743641,0.0
0.9098340807150218,0.0
0.8694819350818773,0.0
0.8589608761061998,0.0
0.8715309636906325,0.0
0.9115040443388909,0.0
0.7772825941456676,0.0
0.7768752225952201,0.0
0.8105481432673621,0.0
0.8511358357094668,0.0
0.6760488213349549,0.0
0.8970856929153829,0.0
0.8095563885819149,0.0
1.0536383367312123,0.0
0.7727990013980667,0.0
0.784634508638418,0.0
0.9273017470288154,0.0
0.8931351671401709,0.0
0.7161844474690848,0.0
0.890305081326387,0.0
0.7487061179381441,0.0
0.7294353516291028,0.0
0.8599013789251555,0.0
0.8485465710890306,0.0
0.7591613058413182,0.0
0.9473872233311078,0.0
0.8590629965870715,0.0
0.7934536272352689,0.0
0.8742661068482447,0.0
0.9154498417506806,0.0
0.7828071750736324,0.0
0.8451504131717065,0.0
0.9008923517277625,0.0
0.6718813692921768,0.0
0.782708028617928,0.0
0.8145792372035159,0.0
0.7274574128592151,0.0
0.8095843455370972,0.0
0.945345893761019,0.0
0.8421369414018152,0.0
1.017017380453734,0.0
0.9287815615894829,0.0
0.8944041391080138,0.0
0.8246929054052042,0.0
0.9510834652185207,0.0
0.8419063115634839,0.0
0.9262477459820678,0.0
0.9009234180989159,0.0
0.834562464693923,0.0
0.9076829084756689,0.0
0.9338916750654445,0.0
0.863007308599319,0.0
0.8358399651043429,0.0
0.8281210955984273,0.0
0.8143194845489273,0.0
0.7841316737102194,0.0
0.8649767345339248,0.0
0.7876601821881964,0.0
0.8211509413725607,0.0
0.7478267544828137,0.0
0.8365954544339722,0.0
0.9131401304353408,0.0
0.910827116095517,0.0
0.8607673723810126,0.0
0.9736139108003502,0.0
0.8114725729674918,0.0
0.9598791873570813,0.0
0.8614658984550155,0.0
0.9976557100588042,0.0
0.6288985419364908,0.0
0.9027154049596278,0.0
0.9703480501368997,0.0
0.8300265377968794,0.0
0.8041517747823852,0.0
0.9516263095420177,0.0
0.847160357020539,0.0
0.9686330733941241,0.0
0.8590370929293689,0.0
0.7356879545720962,0.0
0.8166524960416283,0.0
0.8244233271841888,0.0
0.7345943399082812,0.0
0.9518070780650525,0.0
0.9703837165158338,0.0
0.790906984475791,0.0
1.006549937226376,0.0
0.8349500888460256,0.0
0.7142147038601372,0.0
0.9243020680316753,0.0
0.8047437300055427,0.0
0.8798178409267513,0.0
0.8866832532194242,0.0
0.8308810141209368,0.0
0.8557385169172875,0.0
0.8020555107207553,0.0
0.8634618725352107,0.0
0.8821065395288801,0.0
0.897351282914099,0.0
0.896020653871329,0.0
0.8092675830016595,0.0
0.9436136678120951,0.0
0.7809919937383271,0.0
0.831562201407733,0.0
0.7168911838302444,0.0
0.773611849347574,0.0
0.7066636692474443,0.0
0.7479054175275898,0.0
0.8597520866708244,0.0
0.866871790845609,0.0
0.8662360048446687,0.0
0.9255824949978739,0.0
0.7701336635072485,0.0
0.915511675763649,0.0
0.8595423187974044,0.0
0.7885960108849291,0.0
0.7477150384717206,0.0
0.9031645321034019,0.0
0.7596233474681999,0.0
0.9673820825211435,0.0
0.7096679724456276,0.0
1.0264853335861182,0.0
0.9142958593244485,0.0
0.9466854232345256,0.0
0.6885248208096713,0.0
0.7506518287759061,0.0
0.9021924016484165,0.0
0.7445709947707162,0.0
0.6287025017552841,0.0
0.7570310550408893,0.0
0.7219279247898286,0.0
0.7822838280007149,0.0
0.8794675198885696,0.0
0.5835041695558186,0.0
0.8373050837332329,0.0
0.8398376480762988,0.0
0.8555630572335715,0.0
0.9734061761817253,0.0
0.8992114249389629,0.0
0.9456972512685526,0.0
0.7543302647538557,0.0
0.796980391432034,0.0
0.825489487792525,0.0
0.8831538546103769,0.0
0.6742185756282656,0.0
0.8125318113501713,0.0
0.879210975016404,0.0
0.9004840454406371,0.0
0.9599592442024325,0.0
0.9304795147417798,0.0
0.9646099808876907,0.0
0.9292750329393893,0.0
0.9128440943724904,0.0
0.8439952638258776,0.0
0.8186915776581416,0.0
0.8563537999607657,0.0
0.9509820634613332,0.0
0.8413978720879358,0.0
0.8660023384791355,0.0
0.8562800492420921,0.0
0.9654512407007391,0.0
0.9679262959443394,0.0
0.8188046641105039,0.0
0.9658251959684345,0.0
0.7410675711100598,0.0
0.775594572489596,0.0
0.5987248574615419,0.0
0.8837759752430296,0.0
0.8163126283115122,0.0
0.8192143733869179,0.0
0.7651312155747083,0.0
0.782368117111086,0.0
0.6745461802238552,0.0
0.8420786082983541,0.0
0.7544252930148293,0.0
0.8968524440942491,0.0
0.84283159983347,0.0
0.834445810301518,0.0
0.803384005253222,0.0
0.804533371437947,0.0
0.7757076022988414,0.0
0.9511476103959466,0.0
0.9901286659178695,0.0
0.904867452336829,0.0
0.8838919474696451,0.0
0.9450439003320157,0.0
0.8960690402651861,0.0
1.0047295695445078,0.0
0.992622265961498,0.0
0.6774967235768219,0.0
0.9306583852409417,0.0
0.8245827038253689,0.0
0.7589514003211384,0.0
0.9453507068603569,0.0
0.7747062672032844,0.0
0.8559289107274989,0.0
0.9557247579673526,0.0
0.9496147072512369,0.0
0.8264096161138228,0.0
0.8276123007013911,0.0
0.7658370888302448,0.0
0.8283866742882328,0.0
0.8169378173065622,0.0
0.8889608737502244,0.0
0.8027098701382143,0.0
0.8470060704971111,0.0
0.8859326727622695,0.0
0.8021800286881156,0.0
0.9763749116982454,0.0
0.8354476826825331,0.0
0.9179791211732848,0.0
0.8033857704694906,0.0
0.859298421262904,0.0
0.8446008920620048,0.0
0.8133147686717245,0.0
0.7290967941640423,0.0
0.9829036192764193,0.0
0.7811780423030803,0.0
0.9466971320253038,0.0
0.8784773307097826,0.0
0.8655280264869464,0.0
0.9797901833499643,0.0
0.8842527174660045,0.0
0.8746914064141397,0.0
0.7552324160707744,0.0
0.8091150844004894,0.0
0.9564592325079351,0.0
0.8560456337832352,0.0
0.9244158726461366,0.0
0.9623016917005891,0.0
0.9520111683696926,0.0
0.8139980920616885,0.0
0.8518889446911174,0.0
0.7111280249340349,0.0
0.7077918190716301,0.0
0.902935677905647,0.0
0.7542825890026272,0.0
0.6548842263034556,0.0
0.7263888126421767,0.0
0.631966299125369,0.0
0.7072588897817036,0.0
0.6385157716160605,0.0
0.8130882159148375,0.0
0.8456242989986306,0.0
0.8947319909395022,0.0
0.8399224031494958,0.0
0.8825039957458233,0.0
0.8232875062427508,0.0
0.9458187996985478,0.0
0.8769488056867846,0.0
0.7994883382749163,0.0
1.0166768869582936,0.0
0.735746843863639,0.0
0.8230194568277227,0.0
0.9101475828754432,0.0
0.8166344836338629,0.0
0.8502537999746157,0.0
0.9005874060968854,0.0
0.9304334480542193,0.0
0.7224634197604669,0.0
0.7631910461306948,0.0
0.7841935367371381,0.0
0.9543353286528476,0.0
0.916872483150587,0.0
0.9727602855351288,0.0
0.8569405094735328,0.0
0.8974299747850896,0.0
0.9483010482395916,0.0
0.8443767480503246,0.0
0.8824931554966119,0.0
0.7875019386390384,0.0
0.9506746585837977,0.0
0.9574150884287196,0.0
0.8678460790919474,0.0
0.8381936281110124,0.0
0.8268218265338095,0.0
0.8854546971250057,0.0
0.9423429162674847,0.0
0.833857773929848,0.0
0.918293152632961,0.0
0.8311849735812561,0.0
0.8662066132479719,0.0
0.9483430379831552,0.0
0.949741392729562,0.0
0.8840742368701224,0.0
0.6832536260547509,0.0
0.9220677630897935,0.0
0.8267022864252135,0.0
0.8103401915675981,0.0
0.8860427191472784,0.0
0.8589060512638012,0.0
0.9494795734325706,0.0
0.8710150334443402,0.0
0.8694578244673589,0.0
0.8863560406106147,0.0
0.811980706819376,0.0
0.8906745188866129,0.0
0.832186847363864,0.0
0.9600915731256126,0.0
0.781862720236489,0.0
0.8188504884697727,0.0
0.8119483049326192,0.0
0.7042862990141039,0.0
0.8405588327301128,0.0
0.876365289271398,0.0
0.8276609927566411,0.0
0.8566009887727969,0.0
0.6730545739270337,0.0
0.6543908573226827,0.0
0.7260971409662782,0.0
0.7233858692156374,0.0
0.7703782188493195,0.0
0.7144451974422705,0.0
0.734779048093214,0.0
0.7323482460359334,0.0
0.9461221145699648,0.0
0.8670737043998133,0.0
0.9223374560595365,0.0
0.8567299544562281,0.0
0.8528337762004402,0.0
0.7644050208940453,0.0
0.8528113701607392,0.0
0.8763821786209893,0.0
0.9079876242857341,0.0
0.8618097455356477,0.0
0.7808259142933378,0.0
0.8568298542578167,0.0
0.21846461070518503,1.0
0.41495088903786564,0.0
0.8617826096773226,0.0
0.8040170315126067,0.0
0.6603573730395094,0.0
0.7783391174847764,0.0
0.698590511522143,0.0
0.4335854463702055,0.0
0.3701041641517588,1.0
0.6455175944030012,0.0
0.34773203681261483,1.0
0.4770114216490212,0.0
0.8496343570189403,0.0
0.8104098589665361,0.0
0.7937309958094373,0.0
0.8095610417977254,0.0
0.7084038472006225,0.0
0.7937975859684548,0.0
0.8357496014906088,0.0
0.9031938852254267,0.0
0.9192922777034019,0.0
0.8989087820768233,0.0
0.6954152198627532,0.0
0.5627230097989568,0.0
0.38900911089401197,0.0
0.6800231912013717,0.0
0.770353165834732,0.0
0.7158347419519698,0.0
0.6413837264596949,0.0
0.7737870150805265,0.0
0.8089604955780646,0.0
0.7360942569181017,0.0
0.6686931478493441,0.0
0.7315525001697086,0.0
0.7291193683006116,0.0
0.8425738740573908,0.0
0.8921041085403771,0.0
0.8629075352894723,0.0
0.807933146527722,0.0
0.8498646558907725,0.0
0.8888254295191247,0.0
0.7417395505891357,0.0
0.9016072323581744,0.0
0.8774279225320776,0.0
0.9891461202483093,0.0
0.8579498830103326,0.0
0.9099250198571637,0.0
0.7993653162392856,0.0
0.5723773084562433,0.0
0.5530329082267069,0.0
0.7401026532217355,0.0
0.8848949190919199,0.0
0.7674538782168363,0.0
0.7318827204414105,0.0
0.6637084473079279,0.0
0.783951128146118,0.0
0.7794867287144149,0.0
0.785166160910552,0.0
0.7212347437525358,0.0
0.8483909456656182,0.0
0.7149864107781123,0.0
0.7616822063249439,0.0
0.8608555387604361,0.0
0.8590279034236046,0.0
0.8458550344439825,0.0
0.8969123610596671,0.0
0.819695945014842,0.0
0.8629738766676879,0.0
0.7706714272965405,0.0
0.8590810585405194,0.0
0.8345437847813556,0.0
0.7938894780334456,0.0
0.6631189539483154,0.0
0.5370253511040132,0.0
0.8563666951476291,0.0
0.7863971356960202,0.0
0.6647854819768301,0.0
0.8826728881550295,0.0
0.809442656121107,0.0
0.7502991805107971,0.0
0.8051108615477311,0.0
0.8934695405007346,0.0
0.8299553771441257,0.0
0.7113661242999102,0.0
0.7774817297637295,0.0
0.8180335842309642,0.0
0.700031328186447,0.0
0.8563078508250065,0.0
0.8268642285600352,0.0
0.8186090717020633,0.0
0.9352117916591729,0.0
0.9006709506051376,0.0
0.7781567756601696,0.0
0.8573655579599687,0.0
0.9216233959510326,0.0
0.9351644468991753,0.0
0.660423225233426,0.0
0.6164972569470086,0.0
0.7709279198566393,0.0
0.8010930574163814,0.0
0.8220334285289707,0.0
0.7706604801977631,0.0
0.6117809835803653,0.0
0.7237520014723929,0.0
0.802075611277262,0.0
0.8996041306539864,0.0
0.7758420187079725,0.0
0.36082591752868926,1.0
0.6290593284378829,0.0
0.3901088752490082,0.0
0.32885008087979084,1.0
0.8022831157010561,0.0
0.894728449333073,0.0
0.8672956831505441,0.0
0.894476247348781,0.0
1.048860413154473,0.0
0.845028212770687,0.0
0.8785600605827137,0.0
0.9330193985005666,0.0
0.8168337248966144,0.0
0.9275697045907274,0.0
0.6952451446370621,0.0
0.8330662185638361,0.0
0.890892628535632,0.0
0.8999829222192866,0.0
0.8187114286775762,0.0
0.8627571443330165,0.0
0.8469106536293812,0.0
0.9098559101991748,0.0
0.7862094966719795,0.0
0.8512405943837894,0.0
0.7065195365747522,0.0
0.8143016978297475,0.0
0.863315401468392,0.0
1.049553262042582,0.0
0.853121503963461,0.0
0.9178988411520407,0.0
0.6676983046996976,0.0
0.7548822056434951,0.0
0.7246580499996511,0.0
0.904771891184866,0.0
0.9030010413213497,0.0
0.8352927566687105,0.0
0.5920707386257792,0.0
0.8883502550083658,0.0
0.8061281242566883,0.0
0.8595463059503027,0.0
0.8647686225141058,0.0
0.9281213871841324,0.0
0.9735790824407046,0.0
0.83990518467208,0.0
0.7984646207665006,0.0
0.7230897977419658,0.0
0.8152410655157517,0.0
0.7922624423251473,0.0
0.9149093729152866,0.0
0.8184820769807033,0.0
0.8340543886284925,0.0
0.8041487807251129,0.0
0.8336967593846851,0.0
0.789260748970251,0.0
0.7247561100749222,0.0
0.8476582753576888,0.0
0.9381261472731918,0.0
0.882422721443889,0.0
0.761875962512321,0.0
0.8810003830837795,0.0
1.0248380702712678,0.0
0.804138857695702,0.0
0.8008879080745005,0.0
0.7973536175524537,0.0
0.8436395347718519,0.0
0.9640863722108001,0.0
0.8221730199816123,0.0
0.9099627358630137,0.0
0.8274292437812657,0.0
0.8065518083506937,0.0
0.8728766997438379,0.0
0.8176333435450843,0.0
0.8705681375235451,0.0
0.723740373915124,0.0
0.9445187221177478,0.0
0.8744661233104633,0.0
0.9759475727814404,0.0
0.8761135671645491,0.0
0.8090144160273663,0.0
0.8130786540116273,0.0
0.8326493647097565,0.0
0.8891086605056057,0.0
0.8587135719017399,0.0
0.7471220178445971,0.0
0.8457832394491487,0.0
0.7088492041698066,0.0
0.8054844988589875,0.0
0.7543979361762064,0.0
0.7208505021838764,0.0
0.7645086921588259,0.0
0.6571653259330523,0.0
0.7817680319390454,0.0
0.768483467444351,0.0
0.6441713072367479,0.0
0.7723028253639249,0.0
0.7954414562432611,0.0
0.9004529750504614,0.0
0.7793869609284277,0.0
0.8493624929641941,0.0
0.9289136559042046,0.0
0.8781602860225696,0.0
0.9052006067049877,0.0
0.8247518523136337,0.0
0.7418033072681591,0.0
0.877704988394035,0.0
0.805953214057282,0.0
0.7938609459963732,0.0
0.9088524866732124,0.0
0.6870535283056882,0.0
0.759579951700909,0.0
0.7589273069254351,0.0
0.7482514013346118,0.0
0.8130278473051968,0.0
0.7929958277695562,0.0
0.8216540698039942,0.0
0.7010293319291092,0.0
0.6777566578537488,0.0
0.7265305219799242,0.0
0.7751057268796979,0.0
0.7639917286393748,0.0
0.7497593883538427,0.0
0.8453622826317738,0.0
0.8401516391244809,0.0
0.8460264015219964,0.0
0.8149695520582264,0.0
0.8991365920934782,0.0
0.7694277449508707,0.0
0.8507609447312773,0.0
0.813178063008941,0.0
0.9024366984693656,0.0
0.9512675417776164,0.0
0.9652450962373763,0.0
0.8455518065679579,0.0
0.8903190406073753,0.0
0.8929633462674946,0.0
0.8502319567890235,0.0
0.8241867775955124,0.0
0.8145258908293485,0.0
0.7837836859030816,0.0
0.7587248415820641,0.0
0.8093078629566133,0.0
0.7469085963681956,0.0
0.7827556803320092,0.0
0.8005038442231381,0.0
0.8398130748413769,0.0
0.8605031623525798,0.0
0.8415894804422774,0.0
0.8649158732183321,0.0
0.8585916074054843,0.0
0.8773792014723043,0.0
0.92916316410369,0.0
0.8337193410991961,0.0
0.843162388409543,0.0
0.9332348874062273,0.0
0.8784336209404677,0.0
0.8810076403958228,0.0
0.7595947201069074,0.0
0.880001955880741,0.0
0.7246022381785968,0.0
0.7719611821236145,0.0
0.809591521451459,0.0
0.761702806113172,0.0
0.7634730292595135,0.0
0.8091342686234864,0.0
0.7231281829566744,0.0
0.7383612398089081,0.0
0.7820539956422555,0.0
0.6809668859064022,0.0
0.7267568961072862,0.0
0.7125479082013552,0.0
0.8063455358978474,0.0
0.6608494628115429,0.0
0.7334121849000117,0.0
0.8166756200697987,0.0
0.7396605534257927,0.0
0.7988184018834021,0.0
0.7560579789961276,0.0
0.7733900654169811,0.0
0.7730415916782528,0.0
0.7680924385308345,0.0
0.6725424427341673,0.0
0.43857270029430684,0.0
0.7819693826249349,0.0
0.953898241189528,0.0
0.7491462897884387,0.0
0.7162656317485185,0.0
0.7294909899837467,0.0
0.7722765948344067,0.0
0.7545136773547679,0.0
0.7254828256051349,0.0
0.6580790906532384,0.0
0.7926055533355367,0.0
0.7277075419584702,0.0
0.7989037670131199,0.0
0.8212425487929014,0.0
0.8748187148925384,0.0
0.7997876426172893,0.0
1.0040138470728064,0.0
0.9138449076848532,0.0
0.9503911440281491,0.0
0.9107146551272433,0.0
0.7470022488262149,0.0
0.8579918760963033,0.0
0.9481264052405833,0.0
0.8992538371600399,0.0
0.790436614641278,0.0
0.7449400327535995,0.0
0.6774112600185888,0.0
0.7313645700679618,0.0
0.7911743181117074,0.0
0.7666183725484105,0.0
0.851621702438251,0.0
0.7351300159694936,0.0
0.8500988094854498,0.0
0.8249335631601079,0.0
0.819059482449735,0.0
0.7653246902212737,0.0
0.8362772188285922,0.0
0.7796209814697285,0.0
0.8707201358314881,0.0
0.8960724377627322,0.0
0.8866139808913831,0.0
0.7527045037899605,0.0
0.8436059944618878,0.0
0.8482623115454888,0.0
0.8718746483708234,0.0
0.6522487028455558,0.0
0.6921144915880915,0.0
0.7356355479355693,0.0
0.717836707174807,0.0
0.6867271258167265,0.0
0.8582737772969687,0.0
0.8280969643321197,0.0
0.7933082662328235,0.0
0.8204722420643012,0.0
0.656291860883113,0.0
0.7497259798501076,0.0
0.6110488532638799,0.0
0.8121249062694775,0.0
0.7464836683929678,0.0
0.7018781690021391,0.0
0.7599534898676346,0.0
0.8131928287494292,0.0
0.8442684764609458,0.0
0.7480735275652406,0.0
0.8699098272825108,0.0
0.9075576104374977,0.0
0.7907686107983553,0.0
0.7925212876848924,0.0
0.8671387237979962,0.0
0.917005082603189,0.0
0.8352528183348544,0.0
0.7573366907283289,0.0
0.6052150827974465,0.0
0.6882778099353033,0.0
0.6541025970100995,0.0
0.6859029841136018,0.0
0.8161255232502244,0.0
0.725315073434504,0.0
0.7334101809066931,0.0
0.8281167761258517,0.0
0.7308213234562241,0.0
0.788916819959022,0.0
0.7545931771864596,0.0
0.7465847198664479,0.0
0.7597517816056101,0.0
0.8193797685761957,0.0
0.780374843589391,0.0
0.7784847592571886,0.0
0.7813730087230578,0.0
0.715073759358829,0.0
0.7489067124181706,0.0
0.8516435439229203,0.0
0.9246745816468247,0.0
0.8157127386468905,0.0
0.7526912234594347,0.0
0.8330670300696383,0.0
0.7291836818353099,0.0
0.751817642466831,0.0
0.7612055780985606,0.0
0.8710036693123488,0.0
0.7165154419946151,0.0
0.7205764447062033,0.0
0.7831523741254479,0.0
0.7897498531298369,0.0
0.7519666358387698,0.0
0.6937375017969087,0.0
0.8154740862177027,0.0
0.8044100308433579,0.0
0.8919203992644156,0.0
0.8384123173387875,0.0
0.7807105897383201,0.0
0.8840595125003401,0.0
0.9043264164262376,0.0
0.9211898253553253,0.0
0.9408177982159954,0.0
0.9277563172092902,0.0
0.8834579988419837,0.0
0.7759646473310998,0.0
0.8933451324339259,0.0
0.8141749322973636,0.0
0.694680493539587,0.0
0.6628236170760357,0.0
0.845742118013699,0.0
0.8747678110870744,0.0
0.9154808603998849,0.0
0.7785615330274951,0.0
0.7498332122453549,0.0
0.789573325003198,0.0
0.6620212982644545,0.0
0.8280933011252946,0.0
0.890485865866362,0.0
0.7635274699561364,0.0
0.8365953616117849,0.0
0.852868038549926,0.0
0.950524117494547,0.0
0.8293594207257133,0.0
0.9919485591162974,0.0
0.7507794383929122,0.0
0.8632386514465488,0.0
0.8442555921982164,0.0
0.8839279937250732,0.0
0.7831550229138722,0.0
0.9494793160393864,0.0
0.5618573805660101,0.0
0.6639172507066657,0.0
0.575328540835195,0.0
0.5772808772364425,0.0
0.752893751670539,0.0
0.5938154963830069,0.0
0.7092407490954395,0.0
0.7141275452637236,0.0
0.6760144606019406,0.0
0.8303555543473404,0.0
0.6470222000422494,0.0
0.734673856608377,0.0
0.7403235184264675,0.0
0.8600777798906318,0.0
0.6852134201144495,0.0
0.8415973590433643,0.0
0.873857421791151,0.0
0.8636005703880084,0.0
0.838943972799933,0.0
0.900529886396027,0.0
0.8366794069667478,0.0
0.93578771650723,0.0
0.79613645297505,0.0
0.8029169429753646,0.0
0.7902823539569332,0.0
0.8695647813796206,0.0
0.8990196109558571,0.0
0.7560175698468637,0.0
0.8266209933786435,0.0
0.8699097686402851,0.0
0.8532438168135817,0.0
0.7182376364485602,0.0
0.7690089441786281,0.0
0.7261542699279594,0.0
0.6929815611989081,0.0
0.7075678032666007,0.0
0.7324523854699461,0.0
0.7444619788439416,0.0
0.851907200311754,0.0
0.830049385283239,0.0
0.852420314215721,0.0
0.7158964658463061,0.0
0.8982494616391186,0.0
0.7489659415412729,0.0
0.8935487422527644,0.0
0.8239294881770242,0.0
0.709010596082574,0.0
0.9458839311947531,0.0
0.8078073110953643,0.0
0.9038552051743394,0.0
0.8684532105915617,0.0
0.877136685148049,0.0
0.7698793908317918,0.0
0.8512737295049693,0.0
0.8069974760196706,0.0
0.9166649308602286,0.0
0.8038836362807305,0.0
0.9262830970148772,0.0
0.9007418478298974,0.0
0.8046665756980818,0.0
0.8829556717708653,0.0
0.9805092956416072,0.0
0.8333106912063144,0.0
0.8376127378795526,0.0
0.8093606091189032,0.0
1.0156815423353123,0.0
0.8419010775554235,0.0
0.9224916871441678,0.0
0.9506453714375503,0.0
0.8974617120018271,0.0
0.8579673527009634,0.0
0.9849493672030115,0.0
0.8265929592956894,0.0
0.9212285938121718,0.0
0.8070277122485352,0.0
0.7833068618397914,0.0
0.7863747855550435,0.0
0.8398847041971479,0.0
0.8761932871156761,0.0
0.7308177731894782,0.0
0.8794408921117486,0.0
0.8272694923450656,0.0
0.9095460322790361,0.0
0.7979725006993527,0.0
0.8950785676711194,0.0
0.9062620326941903,0.0
0.7785954438919724,0.0
0.9298580687617782,0.0
0.901007487294944,0.0
0.9375549024934087,0.0
0.9840131228166081,0.0
0.8964480217017873,0.0
0.9633014203554393,0.0
0.9340770265618454,0.0
0.828381488714107,0.0
0.8974901278385673,0.0
0.9171078819648927,0.0
0.8415899032106032,0.0
0.8709023952823672,0.0
0.8236197105729357,0.0
0.7575320689984603,0.0
0.7935395406800139,0.0
0.864368950098847,0.0
0.8878819069221874,0.0
0.913708305894953,0.0
0.7981930212958913,0.0
0.7699879391291834,0.0
0.6780414571465055,0.0
0.7926954616795937,0.0
0.73526433930827,0.0
0.8370599310584944,0.0
0.8195445702338612,0.0
0.802619281919614,0.0
0.862379130886265,0.0
0.8672584315556611,0.0
0.8470406300418043,0.0
0.8056599059326517,0.0
0.9543395684676542,0.0
0.889230432956117,0.0
0.8134638511127897,0.0
0.9026649417988052,0.0
0.7848609858883546,0.0
0.6980760805065072,0.0
0.7233330410340723,0.0
0.8676260496921097,0.0
0.7112099682501055,0.0
0.9029527451903724,0.0
0.6621985556158178,0.0
0.6703828202703576,0.0
0.7768115001005353,0.0
0.6619841829874384,0.0
0.7610382526605411,0.0
0.7637061225069592,0.0
0.8761318200739383,0.0
0.7779899776098342,0.0
0.8324127585393685,0.0
0.8338131929178597,0.0
0.9277687574005862,0.0
0.8272580830043916,0.0
0.9512612210176604,0.0
0.9682809376501771,0.0
0.9960404367388106,0.0
0.8929228849121924,0.0
0.8151491935439378,0.0
0.7518811728111875,0.0
0.846717448996518,0.0
0.8225335681725225,0.0
0.6643272472306646,0.0
0.8537155218675386,0.0
0.7709705570272685,0.0
0.7963892946408356,0.0
0.7242851991862043,0.0
0.7457827765610462,0.0
0.755040790823271,0.0
0.6490365963143966,0.0
0.8776058107472986,0.0
0.7828450991626666,0.0
0.9001602013786163,0.0
1.0077254839013137,0.0
0.8912985135679937,0.0
0.807819879290101,0.0
0.8775612008981022,0.0
0.8543371449238386,0.0
0.9590602100958483,0.0
0.8553435495177576,0.0
0.9062508908127959,0.0
0.7973233206634783,0.0
0.7995247970622862,0.0
0.7913095489024244,0.0
0.7875243044562429,0.0
0.7841751211380352,0.0
0.7682263752675612,0.0
0.6809630857918716,0.0
0.8854173342168687,0.0
0.7682106165760839,0.0
0.8409504215989976,0.0
0.7530090175988317,0.0
0.8116269727468384,0.0
0.8810273534476698,0.0
0.9283896757221104,0.0
0.8473407921920287,0.0
0.8002416627192501,0.0
0.8443304899937322,0.0
0.8179594926854272,0.0
0.9257935237119097,0.0
0.8849397656774322,0.0
0.8749639042000238,0.0
0.7205920193060966,0.0
0.7509715816723631,0.0
0.725891610733745,0.0
0.9053098472054768,0.0
0.6987127090619564,0.0
0.9150470847533554,0.0
0.92395206819613,0.0
0.9259811265416905,0.0
0.7960469162000327,0.0
0.9222695533152888,0.0
0.8120307667763248,0.0
0.8397975643283958,0.0
0.8914916224838039,0.0
0.8810235820016026,0.0
0.8912814390267225,0.0
0.9003563743735569,0.0
0.9356690538740862,0.0
0.9050566564420911,0.0
0.8495265549371062,0.0
0.8357099036843646,0.0
0.892518783434602,0.0
0.8580629084026545,0.0
0.8333226603930408,0.0
0.9169354209532243,0.0
0.9011920071424174,0.0
0.8407010242445357,0.0
0.9694678008322818,0.0
0.960699082305212,0.0
0.8986776512725922,0.0
0.9459248604103213,0.0
0.9877270012361795,0.0
0.8303364907137799,0.0
0.9080901777403322,0.0
0.9094373217881849,0.0
0.6730532364719328,0.0
0.7330202395640683,0.0
0.7869777872298398,0.0
0.8212334897950798,0.0
0.8677587073425967,0.0
0.8818964002721835,0.0
0.8709780131686808,0.0
0.7545577257439409,0.0
0.4962596359223057,0.0
0.6911010926525717,0.0
0.8008816058033359,0.0
0.8854639179797401,0.0
0.7892161821939925,0.0
0.8097263459351215,0.0
0.8649174773257389,0.0
0.9944662986112776,0.0
0.9052075805044707,0.0
0.8965948102446294,0.0
0.896390216230006,0.0
0.9023507770800867,0.0
0.7979945577829669,0.0
0.8885179308461201,0.0
0.9448422501533053,0.0
0.7811847391704284,0.0
0.7611829197996507,0.0
0.7630111743307914,0.0
0.8117716122102577,0.0
0.9550674805241857,0.0
0.7691488774719022,0.0
0.8711837061027864,0.0
0.9057758199544591,0.0
0.8207879413165059,0.0
0.827508098747213,0.0
0.9311575308008205,0.0
0.9269108407819221,0.0
0.8000510587050028,0.0
0.8530368210697736,0.0
0.7556844048321679,0.0
0.8563328914330514,0.0
0.9436231711975789,0.0
0.7376025795067287,0.0
0.9889338143643613,0.0
1.027496061233155,0.0
0.8680109478870849,0.0
0.8015228202119717,0.0
0.944270456548909,0.0
0.883655212661778,0.0
0.6820772433346605,0.0
0.8551188255434539,0.0
0.8414739622613231,0.0
0.8322904898446517,0.0
0.9394973407960733,0.0
0.7930467079405324,0.0
0.8111616748100244,0.0
0.7291995493029176,0.0
0.8369043505767163,0.0
0.8560384099977743,0.0
0.7516061755972844,0.0
0.6949043503330877,0.0
0.8841200419264911,0.0
0.8720824770835155,0.0
0.867397867814819,0.0
0.9029869377573435,0.0
0.9269705811195204,0.0
0.8610120889176018,0.0
0.8899901668831314,0.0
0.7361441719839483,0.0
0.7754512721182462,0.0
0.8444086162585366,0.0
0.8358523297665015,0.0
0.6979718321159077,0.0
0.42768026065301973,1.0
0.1615463458421727,1.0
0.4016486727589298,0.0
0.29130453162933434,1.0
0.29287295557862497,1.0
0.5973659767103747,0.0
0.8707681286652679,0.0
0.8622408473360663,0.0
0.7592324994703201,0.0
0.8982772585006502,0.0
0.9021395908970233,0.0
0.7194970427030567,0.0
0.8430254763330071,0.0
0.8881813698630036,0.0
0.8001628896155559,0.0
0.6895378341102416,0.0
0.7686359808832083,0.0
0.8951277221139601,0.0
0.8124110001763799,0.0
