8.921359499034779,0.0
-2.6899992867318163,0.0
161.14875945804795,0.0
12.902845851821834,0.0
34.21624633645273,0.0
53.9968346609799,0.0
89.61585714172,0.0
-3.9625442092612992,0.0
19.79322655686423,0.0
31.330224048240595,0.0
81.8830031640475,0.0
11.857517815212892,0.0
14.744690369455048,0.0
122.20183980908848,0.0
-21.66104198570944,0.0
15.842792902546957,0.0
57.280446991435724,0.0
149.5541373027199,0.0
-20.555159192162602,0.0
25.03843626639494,0.0
84.17268703410838,0.0
-9.32506531964082,0.0
-15.628882752662914,0.0
-2.5428610847912,0.0
138.14742548749282,0.0
28.4047378306353,0.0
15.1958617079377,0.0
52.654068358864954,0.0
40.06649846399687,0.0
13.858148951331833,0.0
44.03507028714753,0.0
95.22999421784509,0.0
23.874742604874296,0.0
23.956472510303772,0.0
128.9423600470277,0.0
35.03903403947389,0.0
39.996570438644305,0.0
44.989850726788205,0.0
72.24342649010595,0.0
41.57326180551267,0.0
-0.18416766135045926,0.0
4.340552562554278,0.0
28.036866749826878,0.0
15.186756233168406,0.0
7.451403810519146,0.0
128.1227374662548,0.0
25.036842918740945,0.0
13.997293173245534,0.0
7.199479249352642,0.0
11.965637271369808,0.0
50.57807414067277,0.0
14.473627843388769,0.0
95.49694048502529,0.0
-1.9426022085971777,0.0
6.323023106559816,0.0
41.296900756553256,0.0
115.83320744427144,0.0
63.6980256985113,0.0
47.276458340378255,0.0
26.523520383021847,0.0
45.19032378460083,0.0
35.65689214060929,0.0
17.132962702025463,0.0
43.33670993295175,0.0
97.48730840370665,0.0
12.257965637503194,0.0
32.04210643392629,0.0
102.51198650854558,0.0
-55.82120371832282,0.0
25.960523035104533,0.0
4.033187030132858,0.0
43.11274152809008,0.0
54.82692056763804,0.0
5.365677288322409,0.0
96.4504144501334,0.0
11.751987373179464,0.0
33.644561651504745,0.0
23.913289680631856,0.0
105.90151512644043,0.0
21.07819723721955,0.0
56.2285349414962,0.0
23.014504141532324,0.0
131.078159015718,0.0
55.70861318470701,0.0
48.59187453330911,0.0
43.459899985367144,0.0
93.63478755505446,0.0
29.649029577051834,0.0
8.617875342505398,0.0
33.62069904802485,0.0
33.08061306080372,0.0
3.854798827790791,0.0
24.399606169284862,0.0
31.991460071830105,0.0
0.0017460254502221773,0.0
25.937706226651134,0.0
96.99366833679059,0.0
12.251814233691412,0.0
27.979444748413076,0.0
40.1195585180656,0.0
62.02231786162598,0.0
21.45275649270256,0.0
-21.459605644511242,0.0
32.744222936625334,0.0
132.07592275041333,0.0
34.58614185289943,0.0
18.884903909466985,0.0
72.96924330570405,0.0
85.0818797591291,0.0
36.69856609205078,0.0
20.92918752176937,0.0
18.15046527358907,0.0
68.50171489558963,0.0
8.309648968355466,0.0
-33.22489540607362,0.0
38.39831833946089,0.0
11.253576229080961,0.0
55.2503444645516,0.0
-29.95018723995248,0.0
95.65737567180736,0.0
39.33297644353219,0.0
16.270559852426068,0.0
84.40516811630799,0.0
1.2495244288457457,0.0
-16.01382852159697,0.0
12.877786179791954,0.0
102.55097661301154,0.0
-27.475841773358034,0.0
-8.245110205095521,0.0
26.139592842389703,0.0
87.73041619472718,0.0
44.73777074617752,0.0
5.7602028804192535,0.0
-2.4307932917503337,0.0
70.75383057031691,0.0
53.15890378890502,0.0
69.92728273691594,0.0
32.35169400612596,0.0
117.10698465953713,0.0
41.58292750011644,0.0
41.1504094905264,0.0
63.6255784199942,0.0
96.51165531850265,0.0
-10.83229915255943,0.0
-26.344960065856924,0.0
121.73551241866787,0.0
26.10276324094333,0.0
40.8743645196712,0.0
22.01643743701602,0.0
11.695529094743275,0.0
118.35098190784007,0.0
25.404067723820816,0.0
100.46566871256343,0.0
31.89407438051945,0.0
42.179055204572435,0.0
38.55148884845663,0.0
103.15541841868793,0.0
63.29834398433282,0.0
-9.873225879183892,0.0
10.738870653897107,0.0
-3.0689488652117323,0.0
117.09171805400338,0.0
14.257044259183862,0.0
71.00606098877635,0.0
26.534559888429293,0.0
12.36434147023755,0.0
1.6829235527608155,0.0
40.458679014402406,0.0
3.9138538708769293,0.0
-22.613518278142248,0.0
22.079853584057147,0.0
115.7231984837405,0.0
55.19442414619491,0.0
26.956314289061975,0.0
111.45672353446007,0.0
34.04913187207447,0.0
10.799937959149018,0.0
-10.257620447593425,0.0
82.7115676859128,0.0
15.54317934054718,0.0
37.33505064504582,0.0
17.08969323500279,0.0
101.10606826709083,0.0
5.467013837855035,0.0
-8.997761133285682,0.0
30.528144333938005,0.0
15.631438682984289,0.0
5.625559798909125,0.0
-21.559019499306697,0.0
88.4099196046441,0.0
7.051158757472931,0.0
29.195749340961292,0.0
20.902293671820782,0.0
11.811132159562963,0.0
-10.130369848936944,0.0
58.33677004839891,0.0
110.48952696925733,0.0
29.147710892865174,0.0
32.40189871624514,0.0
32.4924563873893,0.0
122.10198211583403,0.0
-17.283545328678645,0.0
15.655718530609622,0.0
-8.451557796094441,0.0
115.93140907799494,0.0
22.571021384361217,0.0
38.85582330826834,0.0
88.28739081843644,0.0
62.56037787913686,0.0
60.69304994220584,0.0
3.182631305237564,0.0
78.98120043651595,0.0
-8.345311792981791,0.0
36.60900846330247,0.0
84.93719576277111,0.0
21.088528282547045,0.0
-16.67177382814832,0.0
33.78005158485632,0.0
109.39578109253402,0.0
-19.85115595441024,0.0
13.522513807805577,0.0
9.667911106021435,0.0
123.29785034236663,0.0
50.995952184185626,0.0
8.972908356854141,0.0
22.99330217420699,0.0
114.54824197630002,0.0
20.12313903554869,0.0
46.57344444419287,0.0
40.749320287629274,0.0
109.09274549724029,0.0
5.177741433937783,0.0
13.286211551973398,0.0
20.834551697649708,0.0
29.649127138706046,0.0
-0.5811739406711727,0.0
-28.555007628331772,0.0
36.09746635723656,0.0
-28.149745889174586,0.0
-21.923456915126376,0.0
2.403417808872107,0.0
32.70047873115597,0.0
10.911453764269341,0.0
0.5574883707816642,0.0
5.668524108925028,0.0
101.72702966159832,0.0
-16.588058369224676,0.0
6.833581984488538,0.0
1.9717864885399319,0.0
122.4759313693246,0.0
3.064137883176445,0.0
35.48749372480813,0.0
34.07719789162067,0.0
126.18544787836744,0.0
46.432691801334485,0.0
32.01718094190115,0.0
22.636286576468752,0.0
59.359148875589334,0.0
-18.776280284459,0.0
5.282767239625812,0.0
21.381534028418418,0.0
88.18698815169734,0.0
14.455866154733888,0.0
-14.245337621439951,0.0
87.07177364670017,0.0
21.043385364066253,0.0
20.39398089503804,0.0
32.205757576641176,0.0
12.583286086876077,0.0
38.029976473282474,0.0
28.661245120141153,0.0
23.451200474009447,0.0
-0.33823691681080703,0.0
-3.5268764137027624,0.0
51.17559798935031,0.0
10.847152234794443,0.0
194.7155893175278,0.0
33.39477826915272,0.0
38.28430549327336,0.0
-3.7342921907852826,0.0
116.98963154781089,0.0
-26.9726507848521,0.0
11.15207173924066,0.0
25.726621111632365,0.0
67.65350830265878,0.0
29.975052979095757,0.0
-8.45852087715373,0.0
4.963987249230669,0.0
49.89956120769418,0.0
43.80922451729853,0.0
0.29414733819799466,0.0
3.1197470034957835,0.0
92.1552326019306,0.0
7.926787446251712,0.0
49.119437365124696,0.0
13.706852367640879,0.0
146.09639100974593,0.0
32.437271880492474,0.0
34.99760357509702,0.0
19.762707864652057,0.0
126.63700449410945,0.0
72.3393499911023,0.0
45.20111160879655,0.0
24.227782190710315,0.0
26.376554973859726,0.0
30.439978367825834,0.0
43.4822418212771,0.0
-30.415255040067443,0.0
74.0904965895499,0.0
52.496684669349726,0.0
16.61142992413903,0.0
8.612352414104556,0.0
113.38276991807402,0.0
36.17593573079998,0.0
30.192084748865458,0.0
3.489387945308188,0.0
105.72620344234753,0.0
24.255239751835017,0.0
16.31258986282766,0.0
22.7361835522195,0.0
123.32493260839921,0.0
10.332294508888758,0.0
10.20292204263869,0.0
30.378539459902584,0.0
47.60116687303244,0.0
12.255281791120717,0.0
57.215409376085866,0.0
41.3835541919636,0.0
80.2375763251432,0.0
19.372909847850764,0.0
29.060155075002704,0.0
2.991066906626946,0.0
93.27956211648838,0.0
43.52145054507043,0.0
-3.4785962089751097,0.0
13.83506697714666,0.0
109.07657353497454,0.0
9.026876099803422,0.0
14.847658037469579,0.0
1.2788022513094006,0.0
139.43750617316414,0.0
-7.027689175631497,0.0
33.60805795618051,0.0
41.849007218565305,0.0
131.1385090349679,0.0
39.24767081484057,0.0
5.048864142587405,0.0
32.94626797900135,0.0
102.28368392031274,0.0
42.561280278891275,0.0
-0.8905620477225717,0.0
76.43732007153164,0.0
69.19695772460616,0.0
10.378148408763831,0.0
-13.083342898065746,0.0
117.679154033532,0.0
4.847441952278402,0.0
-2.2460478317789416,0.0
-0.4365732535721385,0.0
88.29648413419781,0.0
12.570352691401629,0.0
2.1683883248260294,0.0
-13.325368481467542,0.0
48.48516595376509,0.0
10.647297930643104,0.0
65.48748613777693,0.0
42.95586626135742,0.0
131.49585093124034,0.0
28.889488095170137,0.0
27.503159231851438,0.0
5.900079180194503,0.0
112.45679571841771,0.0
51.143906417052946,0.0
-1.074992960795953,0.0
74.60502450976787,0.0
92.85208056495881,0.0
-7.474994183448299,0.0
39.69322870045231,0.0
13.886288146605951,0.0
91.62798334752809,0.0
3.3225427027029557,0.0
26.011173937345344,0.0
15.8248865251757,0.0
120.7061823613646,0.0
39.47164557062542,0.0
10.338357193118249,0.0
9.598753263033366,0.0
19.430733484542873,0.0
-15.413051931060604,0.0
9.077594442078471,0.0
50.69435757077213,0.0
76.9991168104082,0.0
51.17379803170027,0.0
33.28817589861845,0.0
-8.410164209285131,0.0
121.32375448179691,0.0
43.91618557606491,0.0
6.411585029715599,0.0
25.98533647141801,0.0
132.87854505426407,0.0
-8.138711422288601,0.0
20.793060603712163,0.0
10.820521491090119,0.0
56.412917972090334,0.0
17.85001110670791,0.0
-5.303133352654855,0.0
-5.675292641717297,0.0
81.03449791038742,0.0
9.794176041974097,0.0
21.322031537276153,0.0
-7.301159476655259,0.0
6.767898266855251,0.0
-21.602644473093672,0.0
-5.957947307538358,0.0
38.759356901733895,0.0
31.54378875686039,0.0
67.21420670072523,0.0
24.254765412667997,0.0
17.195983967781807,0.0
31.671183554438517,0.0
63.50041065542985,0.0
-11.128759481520426,0.0
44.79868365568608,0.0
142.2583191936665,0.0
17.97740448846897,0.0
-7.820486004644472,0.0
7.615869169076543,0.0
58.514157516135995,0.0
29.472258677498786,0.0
14.221373408763828,0.0
-11.622953065459043,0.0
42.36827996563441,0.0
16.11279083351166,0.0
-15.803306728442426,0.0
11.141208382331653,0.0
91.31075921318777,0.0
-9.381256118873484,0.0
41.46581858276329,0.0
5.135605092426733,0.0
13.110764012481038,0.0
26.581989936028013,0.0
-4.440790017727863,0.0
23.875347757945626,0.0
156.2209521286844,0.0
30.501209232592274,0.0
30.10852016664672,0.0
5.733528227080363,0.0
107.06713855978188,0.0
26.09084967662231,0.0
35.72290451548399,0.0
33.144798243271666,0.0
89.79412206777545,0.0
38.36385979509715,0.0
0.21287660136471853,0.0
0.9120489928334967,0.0
77.56591734019997,0.0
0.6292233814627284,0.0
7.386214005702704,0.0
-6.960949373668669,0.0
96.10839278646961,0.0
18.453770619802036,0.0
13.681050141262856,0.0
45.756184620289915,0.0
111.2814821501172,0.0
37.99289248923181,0.0
16.239544224952994,0.0
29.527075333712833,0.0
94.69144504192832,0.0
30.61125333849256,0.0
30.748413840785293,0.0
42.919461833972186,0.0
12.143053927079457,0.0
41.580114633702756,0.0
-9.890163623667789,0.0
34.62277973592941,0.0
57.690774493964085,0.0
-15.254764406995983,0.0
47.87129943104964,0.0
-20.174818852595468,0.0
98.52278292895637,0.0
14.186773711359661,0.0
20.550159515557326,0.0
22.57745791357924,0.0
60.157942772596,0.0
23.285679357057877,0.0
12.661168036248698,0.0
-4.7952139450887685,0.0
17.023555303166525,0.0
42.24760356765702,0.0
14.414072131913674,0.0
32.244188956982136,0.0
70.58262954145872,0.0
7.9351570167108925,0.0
1.1806504610878505,0.0
49.16388041387859,0.0
85.14508656507957,0.0
7.155299964895149,0.0
24.72868904442423,0.0
28.31128072714162,0.0
65.6333387652276,0.0
21.48016773100084,0.0
9.573992254515481,0.0
20.87507662520341,0.0
100.90529534277603,0.0
9.481580638632131,0.0
-33.59426254128011,0.0
13.411119855758756,0.0
63.623589766437206,0.0
4.8769225647479395,0.0
-17.651597301916002,0.0
9.844707076778809,0.0
152.9372827108103,0.0
48.39622130059636,0.0
-12.338522044794018,0.0
25.099153011099045,0.0
104.73102543462791,0.0
19.610299307681696,0.0
-41.64941995278917,0.0
30.638003728378397,0.0
96.00137086773472,0.0
36.14517466537988,0.0
20.367562255416466,0.0
-18.906181792555966,0.0
122.6260590805456,0.0
0.26090671889255823,0.0
-5.919368105176293,0.0
113.32849585124697,0.0
4.3096245848875965,0.0
-6.143745735702954,0.0
28.991852234364767,0.0
28.062110171504447,0.0
17.36610152374644,0.0
28.845549609068833,0.0
37.08125249504829,0.0
130.26653205533657,0.0
51.49838446026841,0.0
26.909533542707756,0.0
11.861345052518327,0.0
121.32227570146361,0.0
52.1374853805996,0.0
17.947091450197135,0.0
20.177949678759667,0.0
108.36511919384824,0.0
-9.487708979941239,0.0
30.991298563937878,0.0
10.996964561461116,0.0
110.47448730807862,0.0
38.17092512340923,0.0
34.96859432934332,0.0
-2.9732511719458756,0.0
13.586257077751497,0.0
-34.30978227106887,0.0
6.1258109755916665,0.0
2.19278569398508,0.0
125.34363218957789,0.0
10.259794125719187,0.0
-1.2706535467750601,0.0
3.824287607175556,0.0
80.49803110321376,0.0
50.83711971662759,0.0
19.23211025289779,0.0
56.381478372974335,0.0
38.70071730356446,0.0
23.432590207316487,0.0
36.739579025976965,0.0
6.463890866699225,0.0
111.51672975726852,0.0
107.01438242748637,0.0
17.98675401750878,0.0
27.49014581728252,0.0
48.36343310713857,0.0
-7.6342157390224745,0.0
32.57354755965672,0.0
9.909071984218304,0.0
84.893042956558,0.0
-36.01238917419355,0.0
9.806059278307313,0.0
32.97544411743232,0.0
115.72196907420677,0.0
10.99875461900807,0.0
48.11869486870375,0.0
14.976157179397028,0.0
53.73943822318325,0.0
36.96082307578793,0.0
30.2374021452681,0.0
-6.573147684504221,0.0
132.79974270462296,0.0
2.6004530742107494,0.0
-16.596209526608142,0.0
41.77111862976303,0.0
84.86026080462955,0.0
12.568025203779255,0.0
-32.73524834734319,0.0
3.3555301775305573,0.0
90.50074667682321,0.0
3.843128630207326,0.0
-6.915658628896448,0.0
-14.691581049642135,0.0
15.781753386914154,0.0
30.980442723300236,0.0
-7.516215103774389,0.0
0.02051015064516104,0.0
144.09679079247934,0.0
-31.23499675569662,0.0
-19.831832676887842,0.0
17.33166315076673,0.0
5.998657096915689,0.0
6.798339118754782,0.0
23.12844130133301,0.0
16.194453964672583,0.0
34.631185221442365,0.0
87.25071652462213,0.0
8.946732284584488,0.0
30.11431205535333,0.0
22.43395983156532,0.0
156.21496013831288,0.0
24.598979644252054,0.0
3.7381695466491287,0.0
20.82289811816504,0.0
56.82571727639943,0.0
-9.109195331925928,0.0
-25.53221737184211,0.0
52.072546837526446,0.0
60.56911907678558,0.0
0.4809946277682826,0.0
2.6360699570633974,0.0
38.058461706481566,0.0
38.30101929627235,0.0
36.33873594286577,0.0
0.2394442426645469,0.0
10.992296883213436,0.0
7.0332665162235415,0.0
18.20559728454183,0.0
33.41800951410105,0.0
45.5212772570605,0.0
118.30092019695113,0.0
11.986146600075198,0.0
54.79522746749373,0.0
41.91648832662857,0.0
100.82363959049466,0.0
27.323034712983233,0.0
11.171996492558318,0.0
29.739349874353287,0.0
99.38505352545965,0.0
13.793070099937065,0.0
3.5726648064946915,0.0
-5.57805968826888,0.0
112.2016145110428,0.0
17.98542722385784,0.0
35.2935842999139,0.0
-0.005202932894068368,0.0
107.78820412018156,0.0
34.586338006457694,0.0
-24.708633905910283,0.0
3.2914916441628,0.0
98.93881961514568,0.0
11.603847775867044,0.0
6.896484987085362,0.0
-25.078395373397733,0.0
72.83957921623409,0.0
81.49913535925097,0.0
45.220560150273485,0.0
45.19330195279239,0.0
27.171937990852314,0.0
136.71022659564838,0.0
-32.402826898077414,0.0
23.06211568607152,0.0
60.346267363876386,0.0
31.594051574902913,0.0
6.796708502621537,0.0
-3.194399109348984,0.0
92.62649460398555,0.0
6.469908468053529,0.0
14.672442346231033,0.0
15.558226628179753,0.0
28.088351638256384,0.0
-23.405026520174104,0.0
50.863289466772606,0.0
0.5024766402081937,0.0
-36.15679647409414,0.0
30.833353741943508,0.0
26.48442607479381,0.0
21.81329349200185,0.0
127.67197646371285,0.0
18.994278026007883,0.0
-4.836432259558091,0.0
18.35110648980282,0.0
79.01219054813203,0.0
4.860629028919099,0.0
-3.5249241133584306,0.0
19.158466374039193,0.0
35.4999267644115,0.0
-5.050778239685988,0.0
13.306850518694882,0.0
-33.1095134824541,0.0
-19.6767527680568,0.0
16.824253795610026,0.0
29.366528279849675,0.0
33.07235058968436,0.0
75.6229728242481,0.0
-5.134570466749032,0.0
3.4730557115302148,0.0
-42.163429647024074,0.0
110.84816321525706,0.0
18.74922625407396,0.0
13.134456156619407,0.0
11.258092129092361,0.0
128.68391785472576,0.0
32.74983644650357,0.0
16.701216607270005,0.0
11.801003338846577,0.0
126.87047715796955,0.0
13.724673305710045,0.0
11.404586709313847,0.0
22.58019743675181,0.0
25.455904921802095,0.0
-27.223156248275604,0.0
2.4602008806584648,0.0
19.50502386415632,0.0
65.11164232166269,0.0
18.411266556537626,0.0
2.153850237721594,0.0
47.15589275282474,0.0
58.16699984368624,0.0
24.830313039901796,0.0
25.30604544948602,0.0
45.43764611149393,0.0
35.823862402920646,0.0
38.24086146208465,0.0
31.25172684419308,0.0
18.335036264290437,0.0
114.05636100136661,0.0
-12.408133861459707,0.0
11.905343674206012,0.0
13.586789079934423,0.0
75.14666273738754,0.0
59.527170449857195,0.0
9.913716851156945,0.0
-5.679556652873934,0.0
39.55068059569823,0.0
5.14618423446233,0.0
9.28258772800593,0.0
-9.777434138861794,0.0
62.71045515132791,0.0
-17.464113269886727,0.0
-0.688094319852997,0.0
26.78883282089386,0.0
20.38203450664917,0.0
29.07197617091537,0.0
34.19168595374365,0.0
3.9666283780127145,0.0
-34.51274067497,0.0
29.80420365675599,0.0
37.24335678897084,0.0
-24.165885250456576,0.0
30.244919045741042,0.0
16.60075346223331,0.0
-16.653819408144685,0.0
13.177920876185592,0.0
99.41643562006813,0.0
84.67063081405384,0.0
16.59995159463506,0.0
35.68363241309356,0.0
66.39756314075923,0.0
-2.0858923109482603,0.0
27.688560964851725,0.0
-9.403071351337786,0.0
38.35935273482189,0.0
25.99300724245288,0.0
22.20056044383947,0.0
19.971069020092674,0.0
6.346849466969978,0.0
38.388989455080065,0.0
59.129153059722256,0.0
9.060370225727901,0.0
24.19648544713508,0.0
118.91064015385875,0.0
12.028465859898034,0.0
29.363093787277617,0.0
41.31206767804563,0.0
124.8793050705888,0.0
30.9009419736253,0.0
21.24790180035196,0.0
56.63707104506249,0.0
91.34701609393997,0.0
35.929920908898325,0.0
13.475860316385615,0.0
-15.629157612922054,0.0
71.85889664660883,0.0
4.261427160892445,0.0
-7.837488659624718,0.0
45.62136024704566,0.0
59.67694360442557,0.0
64.2822437573274,0.0
9.432963178626828,0.0
8.724993844735291,0.0
90.64322975500433,0.0
3.7235521320976837,0.0
59.449409006793594,0.0
-35.90754953990959,0.0
21.676061900540525,0.0
55.41894767426123,0.0
47.32645938850099,0.0
18.380917925501457,0.0
14.010193468942894,0.0
12.339672009251402,0.0
30.93302192140344,0.0
29.59250064437616,0.0
50.470550044753665,0.0
80.64336929136374,0.0
22.124457544006123,0.0
37.25365884737575,0.0
73.79703772485789,0.0
113.99399719771348,0.0
23.62781719274203,0.0
4.317902478644122,0.0
0.263339291273887,0.0
-14.925461571897792,0.0
28.752498480361616,0.0
66.36908661104778,0.0
23.402737793126036,0.0
-16.90927990146148,0.0
31.29876544144807,0.0
45.2155950518058,0.0
7.843273649733992,0.0
159.02517159692133,0.0
48.519116702672726,0.0
45.73251157256533,0.0
13.488852833338479,0.0
40.871319164548105,0.0
63.308880967814055,0.0
36.72161123842952,0.0
-17.079862661825917,0.0
33.092702532339516,0.0
116.66442285323353,0.0
16.256335957978592,0.0
-17.550756861491156,0.0
27.925481504905083,0.0
42.66474767455985,0.0
-19.67412052200545,0.0
-5.428951698766266,0.0
55.41149121174694,0.0
109.69448292679695,0.0
3.6902959932371733,0.0
36.10858424319774,0.0
69.61152035190526,0.0
12.284670185995399,0.0
28.043994792384108,0.0
-9.108520653491968,0.0
24.30077516150886,0.0
63.392200344777095,0.0
30.540627802741337,0.0
12.528952165186732,0.0
-12.718953245904167,0.0
86.22693158164705,0.0
50.475013441428274,0.0
28.344023420515075,0.0
13.704689247291608,0.0
77.41288576495069,0.0
14.63643422330882,0.0
17.82131296781399,0.0
46.00920536951943,0.0
134.75063271428232,0.0
8.412552420956441,0.0
17.90984126011033,0.0
23.656940351853265,0.0
111.16278439245252,0.0
-0.5736162354310181,0.0
37.35280671592505,0.0
54.89694954897887,0.0
17.173629132048926,0.0
50.40232550828652,0.0
16.508730225062358,0.0
22.13366060999445,0.0
114.51096815311385,0.0
29.013466666581735,0.0
38.77471971433227,0.0
48.607241488397506,0.0
77.0042339295143,0.0
55.58818599794687,0.0
31.072563099229754,0.0
54.49080279505925,0.0
90.9198741957739,0.0
11.712451314498729,0.0
31.77415966582015,0.0
35.245601839052824,0.0
136.17507232883472,0.0
11.23211481946202,0.0
3.4370169007530134,0.0
21.062789491055675,0.0
45.255993741003316,0.0
24.137627373282168,0.0
32.04241534168481,0.0
34.054271731851344,0.0
85.69232968623072,0.0
-0.6592370608336999,0.0
4.573044750847153,0.0
41.453541775239,0.0
69.94450692483692,0.0
88.10578206624518,0.0
-15.281380857315455,0.0
-26.266739329214168,0.0
-5.80164957260245,0.0
93.56609851082743,0.0
-6.355772206521758,0.0
-13.428447631120328,0.0
-0.7563769139020704,0.0
89.91821934838893,0.0
42.17498181295967,0.0
8.068710492085893,0.0
22.135598104601307,0.0
90.57386530930424,0.0
-13.925914465130433,0.0
-14.470816187667356,0.0
29.898134849261325,0.0
126.84075212703779,0.0
37.438643008837886,0.0
21.45465880826663,0.0
11.259208406571467,0.0
113.05879910830886,0.0
27.066339116125988,0.0
1.8092549407696552,0.0
35.10723928869946,0.0
25.547176048015636,0.0
70.10816018516748,0.0
28.276609293039172,0.0
-6.72693105559479,0.0
25.222852669791045,0.0
123.45131486199489,0.0
3.436374593892575,0.0
-10.287988116649169,0.0
5.526063622408768,0.0
115.62623030810022,0.0
6.922607557670846,0.0
9.981456663034397,0.0
30.673067453380852,0.0
82.46488544488443,0.0
15.367083359482804,0.0
39.65168599090732,0.0
21.312359604855022,0.0
104.7407097393276,0.0
21.271479052728786,0.0
47.17087708605966,0.0
7.82367345274638,0.0
40.85139777411315,0.0
29.141056255232726,0.0
27.38403681843123,0.0
10.213651116701628,0.0
27.651074720063598,0.0
-21.178611100054766,0.0
51.37823542661839,0.0
31.1537930686826,0.0
21.784898455256393,0.0
47.25234444730701,0.0
50.856307901297406,0.0
15.34446397447084,0.0
17.992901931422324,0.0
-4.168065012886906,0.0
27.59057877546881,0.0
114.50420735474475,0.0
21.738607685131157,0.0
12.248969202533223,0.0
13.354318859240333,0.0
-12.111821856419443,0.0
107.50387002349348,0.0
45.58159969368398,0.0
-6.520072518917615,0.0
15.637934308052543,0.0
99.03894936338209,0.0
19.974068564828134,0.0
26.68031944602285,0.0
37.77999828568238,0.0
19.304155298340362,0.0
12.316480484131603,0.0
15.50849214545186,0.0
4.487516212199193,0.0
38.68275709648607,0.0
16.887623301553806,0.0
37.08192370367314,0.0
16.036522844380926,0.0
26.15410764929528,0.0
5.876658838242054,0.0
72.12565930371814,0.0
48.07392466255486,0.0
41.69416219880911,0.0
87.8662315898691,0.0
-5.8291596453816865,0.0
8.81704505540445,0.0
23.56304694886415,0.0
115.98519325659439,0.0
5.797948254114102,0.0
22.150121351352716,0.0
-5.604165605519075,0.0
25.871917735443077,0.0
125.53501878273171,0.0
28.163172000787053,0.0
39.63002514295776,0.0
18.89084938324196,0.0
62.4076626506184,0.0
66.25765025476892,0.0
20.97446955506506,0.0
22.106210130692546,0.0
16.552019951840187,0.0
107.56316160748675,0.0
4.486072508602847,0.0
41.83413836244809,0.0
47.568095964869954,0.0
-20.56233336712593,0.0
22.46534112387919,0.0
26.317474707590307,0.0
31.890721785704574,0.0
40.20667913419329,0.0
-25.10204148910764,0.0
-0.22498382293649932,0.0
8.212336969114284,0.0
7.214978576043933,0.0
52.32054300376596,0.0
38.2216675231509,0.0
22.714842874540636,0.0
30.341345389660596,0.0
-13.48728291778172,0.0
6.628796097731807,0.0
-30.984513433238128,0.0
128.99439827932414,0.0
26.35914890681227,0.0
15.412250716969265,0.0
-20.512989747768803,0.0
104.18111700980505,0.0
18.641409247134902,0.0
-23.05567008014979,0.0
10.007244825970382,0.0
107.81358215268031,0.0
-1.6632911138131394,0.0
0.43120039506092844,0.0
41.35595758130741,0.0
104.8578891880187,0.0
50.095555966929304,0.0
21.19394794463812,0.0
-9.389119481994651,0.0
46.94023976639821,0.0
3.558369940898883,0.0
14.927231340138741,0.0
21.702545187244553,0.0
64.14866048233031,0.0
77.38337151293776,0.0
59.53123336826441,0.0
-9.76114726092964,0.0
14.670051267816056,0.0
93.08259429510974,0.0
-35.655433432303425,0.0
-9.73987058836883,0.0
1.9107040310174828,0.0
92.82021546971633,0.0
21.2241034497238,0.0
4.206897024530914,0.0
8.607326279439466,0.0
97.41509294602118,0.0
17.548469728327284,0.0
52.6250882321021,0.0
57.51946876361322,0.0
92.9066638314489,0.0
13.434254130685733,0.0
19.23431384379776,0.0
43.73187681258311,0.0
17.87767767851284,0.0
130.74499439387358,0.0
31.940962428277658,0.0
8.77595173788799,0.0
2.8645503359299953,0.0
-1.5485331412375158,0.0
4.099955824678787,0.0
6.081931035848466,0.0
-15.334080736290527,0.0
1.9614121468711665,0.0
137.16725703941097,0.0
8.648479921956085,0.0
-34.31879821400373,0.0
43.77974107794584,0.0
98.26301527835705,0.0
14.265126020158206,0.0
27.472830344700498,0.0
10.965498634128734,0.0
64.60436593646814,0.0
6.35508078967279,0.0
30.2245354926038,0.0
12.679123283902577,0.0
75.21944969337112,0.0
73.50998430151841,0.0
29.92667840182392,0.0
38.16458431976625,0.0
81.23542114392973,0.0
79.78968751661368,0.0
21.128221005530843,0.0
32.016050026118215,0.0
29.596030033364723,0.0
138.97394085190044,0.0
38.485015376237634,0.0
3.137755591758202,0.0
-6.032038671903786,0.0
110.30397455147993,0.0
43.481146720539634,0.0
-6.286318820564318,0.0
33.239869907298015,0.0
131.89942177674163,0.0
17.82285385684015,0.0
18.632214772372777,0.0
12.185808860181325,0.0
94.35995220711033,0.0
28.330228514727565,0.0
-10.375100905188251,0.0
4.952936998658001,0.0
112.72200662254419,0.0
14.75196131399477,0.0
9.8571475708524,0.0
-18.736451114469375,0.0
25.873012563491073,0.0
22.20308130828945,0.0
-20.1516381537931,0.0
45.31708256523171,0.0
-0.9105205611995437,0.0
81.07745770023658,0.0
-28.382968599263442,0.0
21.940255838321292,0.0
-32.15674557218137,0.0
90.62480827753802,0.0
9.274511368646458,0.0
46.12753959042498,0.0
81.77716993743067,0.0
77.64692121940357,0.0
16.250965746081548,0.0
54.65649687924653,0.0
50.85684373131053,0.0
88.36510659641269,0.0
34.06139118017666,0.0
23.940106995101253,0.0
68.50325209345964,0.0
126.36309471044031,0.0
19.364404455064353,0.0
25.039964567212014,0.0
37.06574267982765,0.0
-15.616742387066346,0.0
39.239168582571494,0.0
3.3023221237416607,0.0
-9.878665936765962,0.0
26.45358537487492,0.0
-4.424357625078365,0.0
16.99341079745929,0.0
34.41501582734402,0.0
110.68498010348706,0.0
-5.874517584016598,0.0
16.30168713917287,0.0
53.174468933595286,0.0
41.587210134055645,0.0
65.74778594027282,0.0
47.641550195643774,0.0
-1.5948772828417184,0.0
28.294868819650933,0.0
-8.299799765187277,0.0
31.556249372437698,0.0
33.58331154341742,0.0
16.58501187532284,0.0
-7.4570775558022575,0.0
16.880891039772276,0.0
9.556687871347794,0.0
37.74937832124287,0.0
10.815512042588983,0.0
28.456231497230526,0.0
13.777842725073814,0.0
-10.328596491415887,0.0
113.36428655706905,0.0
32.23136502782287,0.0
-3.2350816133749554,0.0
-20.661579834097516,0.0
69.12382234126616,0.0
39.407945169926776,0.0
-9.36127735809891,0.0
33.41675943726447,0.0
13.233904194174709,0.0
13.429329499178607,0.0
19.538648552488716,0.0
55.56565654412551,0.0
144.43369136227977,0.0
14.421641400533197,0.0
3.4569023105401246,0.0
33.572553284294834,0.0
46.08990356864667,0.0
90.44028163414927,0.0
34.55011063242221,0.0
-5.130687249579992,0.0
37.05848029246715,0.0
110.74746687717791,0.0
19.525660280614193,0.0
8.889019383447362,0.0
24.242012444345367,0.0
42.7350229896086,0.0
96.51190589849352,0.0
14.572416710230222,0.0
17.122018769616535,0.0
46.48913796587092,0.0
113.10665869553985,0.0
2.3486448667702025,0.0
36.906267506375784,0.0
30.55775292361625,0.0
113.96044794975136,0.0
16.742165881768347,0.0
44.331912762015236,0.0
38.899113581135865,0.0
130.9768522053332,0.0
42.76235267506162,0.0
12.027848291095081,0.0
10.697024340054947,0.0
-0.205728314668999,0.0
32.81956913375472,0.0
20.520881404212858,0.0
29.786529075226017,0.0
106.93607847457906,0.0
17.48286589526523,0.0
28.802953147799755,0.0
-16.59400662890058,0.0
120.46121563605939,0.0
1.3313299200808828,0.0
0.13840746101772927,0.0
10.498092836069478,0.0
34.603625849087024,0.0
19.184732827013327,0.0
12.384250967308894,0.0
53.703015640379846,0.0
145.92479204792247,0.0
30.583894688708636,0.0
30.492340253138963,0.0
12.237684273551952,0.0
-22.927614835969784,0.0
29.285233189998205,0.0
17.601549728175293,0.0
-26.305330529391966,0.0
55.18156861034809,0.0
12.629671347138569,0.0
-6.8477481662387945,0.0
5.059118636258207,0.0
-9.989774813240999,0.0
103.62926581072618,0.0
11.597756788181234,0.0
28.12628070410124,0.0
-17.65897119199623,0.0
117.35675532006171,0.0
10.42976836127866,0.0
8.251537510489193,0.0
2.6064646434766003,0.0
125.32853789779092,0.0
56.81425047231194,0.0
69.73873874069254,0.0
32.50045139234326,0.0
47.14699337683429,0.0
17.466053760224973,0.0
33.94744294039421,0.0
23.47572326524515,0.0
-1.763788627182251,0.0
86.79328609984003,0.0
59.76442798385369,0.0
38.74899337614816,0.0
793.0461774529462,1.0
40.26011160504378,0.0
-12.16896757898527,0.0
-13.53062280401052,0.0
22.928437607895898,0.0
15.487581074617685,0.0
44.69986798570072,0.0
70.46825221914811,0.0
19.82817352729144,0.0
4.489582694662894,0.0
103.87382290772675,0.0
21.478166250007103,0.0
44.12060439764885,0.0
28.512883411579935,0.0
134.0870367591267,0.0
16.249575717940598,0.0
0.1510532036730261,0.0
13.262092552335975,0.0
129.65232288950537,0.0
-11.179668197268871,0.0
35.124067671124386,0.0
2.7965670545637344,0.0
107.04150223197675,0.0
28.610497730940395,0.0
47.139898817661404,0.0
-5.5581467042865995,0.0
2.1213474121155667,0.0
110.03536749859252,0.0
22.19650840214198,0.0
19.387420307267178,0.0
-21.0510224598371,0.0
7.626711927156752,0.0
-19.985409095432495,0.0
35.88608073862518,0.0
18.10345768232552,0.0
106.49657194684636,0.0
-41.61432308250132,0.0
10.098471676593379,0.0
6.80269526543214,0.0
128.96447298439665,0.0
3.207540032671229,0.0
62.13738010095956,0.0
33.711253088070166,0.0
52.64904031610243,0.0
94.29537141602866,0.0
72.17260163702147,0.0
30.240639559997796,0.0
25.42977821838989,0.0
19.86924675587325,0.0
29.4881572813459,0.0
32.65938675792057,0.0
22.77425473557793,0.0
41.41622643707581,0.0
52.40998452190975,0.0
3.0248654128128916,0.0
19.382701816083728,0.0
27.02815424448082,0.0
6.611546656199053,0.0
103.68079580237304,0.0
34.05741897930022,0.0
24.300430319103373,0.0
3.2798514444227136,0.0
65.42252665918745,0.0
46.73415479575599,0.0
35.43012939880271,0.0
49.13546324220854,0.0
63.238511425517466,0.0
87.64984589115346,0.0
50.09488991323895,0.0
52.16826979316163,0.0
0.969210648423001,0.0
7.720449573859099,0.0
36.73584162945409,0.0
21.66295758145169,0.0
18.707555703072163,0.0
27.298010023290285,0.0
39.49928340527039,0.0
98.29492379693836,0.0
14.501372564816114,0.0
18.588629057320603,0.0
-23.718885562747026,0.0
99.46632228607218,0.0
-22.802114706139122,0.0
7.082405574909055,0.0
-6.196307398827251,0.0
32.51574797548561,0.0
92.21686255071685,0.0
9.230741439308344,0.0
29.166795377041893,0.0
15.261062739666832,0.0
78.55528921963085,0.0
54.11801624191598,0.0
51.78111474819144,0.0
7.391533943640745,0.0
-25.309070453715442,0.0
21.751389192068515,0.0
-12.934454577725937,0.0
55.66631579415757,0.0
-2.900434942249527,0.0
25.000637547861047,0.0
134.50769115605118,0.0
25.68274286024891,0.0
18.108601881792485,0.0
29.332524758501588,0.0
67.62091371491043,0.0
24.676246898052753,0.0
22.377052162285676,0.0
-42.91450166690752,0.0
-10.226314824432103,0.0
113.46322715148384,0.0
-20.02998063660847,0.0
30.144215305513978,0.0
57.25266768924074,0.0
14.897459594293094,0.0
56.3144747368826,0.0
50.05883345358487,0.0
15.492790268510213,0.0
-4.805522060807686,0.0
1.593540414822403,0.0
29.34292320333311,0.0
6.487034432478486,0.0
62.720322379387895,0.0
4.976048871679605,0.0
-10.23999477799304,0.0
-22.359073310674717,0.0
-3.4966693724850213,0.0
37.33329354675236,0.0
-22.534582442718136,0.0
93.44707123552381,0.0
14.210116444952257,0.0
-2.679086633666614,0.0
6.181825500080208,0.0
63.68080505485352,0.0
38.64426345765114,0.0
4.503175111667314,0.0
28.753685671473498,0.0
-24.375750505858235,0.0
74.78919011347712,0.0
41.2947675405643,0.0
20.592194691428976,0.0
5.5775521215115145,0.0
38.87648684034675,0.0
36.494093220916,0.0
41.32615452580771,0.0
-5.6961202694911925,0.0
15.460956341705675,0.0
-6.339257717061624,0.0
99.0619941551127,0.0
33.707204822271564,0.0
7.681462185559877,0.0
9.150634396085133,0.0
46.727114484005085,0.0
44.380594266032986,0.0
-9.158092129274435,0.0
10.838599918568471,0.0
36.91874443137917,0.0
48.73189034485144,0.0
12.092879013952492,0.0
51.39554468793077,0.0
2.7601583162024426,0.0
11.542559421185226,0.0
36.664481794315954,0.0
3.956967337609713,0.0
48.341515379857505,0.0
36.714756992087416,0.0
20.58239652810727,0.0
60.30162832044975,0.0
44.08414328477121,0.0
40.99239247709929,0.0
2.2076711147031105,0.0
63.820654711780804,0.0
6.947967405135703,0.0
34.188777195500315,0.0
42.15721504262842,0.0
-45.86005189467439,0.0
-10.293555038012443,0.0
-39.00512216448053,0.0
27.01578844784686,0.0
13.813309977488938,0.0
-12.95857262456512,0.0
