78.93760260645419,0.0
-126.55499906647161,0.0
1525.1603293790863,0.0
562.3134429251752,0.0
370.39036635710966,0.0
1032.5565277472908,0.0
-230.54708597986098,0.0
138.04682599387723,0.0
680.8748821585402,0.0
-1.4787391560047922,0.0
119.52230226407369,0.0
438.419940876695,0.0
-30.868054273729086,0.0
84.44417814814977,0.0
-223.5466319539281,0.0
58.37986125583046,0.0
1454.2755036997328,0.0
2379.891974096258,0.0
-84.38338773546388,0.0
1431.7416255487092,0.0
410.50500072392697,0.0
481.5620616940896,0.0
227.91090131452677,0.0
-218.5400221052559,0.0
1867.4625746146764,0.0
1428.6535653387687,0.0
945.7496826795928,0.0
155.0745273546367,0.0
840.4287479770741,0.0
1140.9892701718425,0.0
2192.278815377429,0.0
612.0428675255712,0.0
1286.6621526881931,0.0
1071.8209584740273,0.0
616.0089849347082,0.0
1236.9931155594613,0.0
1232.0745949416241,0.0
2214.622654802141,0.0
1655.8194579415454,0.0
2746.1890820462395,0.0
1045.2346924319656,0.0
905.7210226245824,0.0
1717.8898739227031,0.0
1867.0382803112627,0.0
1335.2891688279844,0.0
2089.0028386600275,0.0
2412.943699933061,0.0
2116.3449803849244,0.0
1181.1280286778065,0.0
1754.2291610552325,0.0
2679.6644337433995,0.0
1427.9864344927628,0.0
695.5558652795,0.0
582.0455576284049,0.0
1673.7546664010677,0.0
3154.2576507899585,0.0
1325.8184284855456,0.0
2789.790749370758,0.0
2257.806236171308,0.0
1598.4173938558074,0.0
2184.5556188069186,0.0
2256.4590976429167,0.0
1658.893153229013,0.0
974.8252652453692,0.0
1685.2081037849678,0.0
1642.768125511424,0.0
1715.997911077869,0.0
2071.0550173094794,0.0
-475.77954803269336,0.0
2963.8125567400903,0.0
351.229275987155,0.0
2366.540728945364,0.0
3079.378831014214,0.0
828.3381781688026,0.0
155.2535018965575,0.0
578.1731413459742,0.0
1930.281046579099,0.0
1307.786173624333,0.0
1033.2511279672876,0.0
1016.49577066319,0.0
2705.8375467204105,0.0
1590.20284612891,0.0
2375.9212192535024,0.0
1323.3673977405447,0.0
2307.4318012263634,0.0
2216.1532505061277,0.0
1190.5350991872765,0.0
994.4915094816372,0.0
838.2132641937508,0.0
810.6445187298226,0.0
1818.6785398126863,0.0
1282.0049264992401,0.0
1545.6414458506333,0.0
892.8698128479928,0.0
1285.212452031663,0.0
1861.6469675662956,0.0
218.1648121688595,0.0
438.03252768339377,0.0
864.6844436547442,0.0
1133.9933831658875,0.0
1259.1107133309897,0.0
1035.1764077747823,0.0
-769.3207492276351,0.0
1352.9295348494625,0.0
907.4780609419836,0.0
2200.8283366395035,0.0
400.28418044354385,0.0
2894.589376338842,0.0
-76.31740306919164,0.0
1824.336635075478,0.0
388.79814809707176,0.0
35.09354158435332,0.0
1690.4953701512725,0.0
42.989851253631144,0.0
-1313.287890206916,0.0
-569.5524207106284,0.0
607.4626194948587,0.0
1885.0379398299028,0.0
-554.6348580426794,0.0
214.30964540826574,0.0
1119.7919799551025,0.0
1193.9951580271804,0.0
-164.63753656465883,0.0
-946.9063828333934,0.0
-1211.5318540045257,0.0
-175.51210784155387,0.0
-240.4831637176042,0.0
-1629.1904819388487,0.0
-1510.048058495252,0.0
50.5694453912526,0.0
-350.7843669537019,0.0
-888.9026771700469,0.0
-230.237933906732,0.0
-1358.552944848903,0.0
590.2823765714461,0.0
357.1892434173509,0.0
1125.2591163414245,0.0
13.286857390962325,0.0
-37.716179788082854,0.0
686.9105338767383,0.0
132.31791451829645,0.0
1113.7166965750769,0.0
-209.13836433553502,0.0
-1111.0237287977443,0.0
-2095.151614525749,0.0
-175.16121358594148,0.0
202.38708396199138,0.0
-603.6900248201146,0.0
-1744.291673113971,0.0
-2205.612038050702,0.0
557.2433125096782,0.0
-329.95394317511204,0.0
-1581.9725853730033,0.0
-781.660569474974,0.0
-1081.063643348831,0.0
-781.0777357983045,0.0
1258.4050410326845,0.0
-1043.56872897924,0.0
-2264.3985957309123,0.0
-49.33292143517622,0.0
-1125.573251635045,0.0
-528.7463990593801,0.0
-280.2909854068731,0.0
-260.32987047639097,0.0
-1524.925595262104,0.0
283.8421408525921,0.0
-1360.0409746850046,0.0
-1077.3120213227721,0.0
-1179.5599427268162,0.0
-1643.1334187265006,0.0
350.0816647515941,0.0
-1392.1099791177276,0.0
307.14009196821223,0.0
-632.6201141489202,0.0
-716.2972536039565,0.0
-866.2706561499211,0.0
-661.0104667981846,0.0
-1850.1487572943508,0.0
370.02451238102935,0.0
-1037.976573807577,0.0
-698.4064178368055,0.0
-987.5999325242253,0.0
-919.0665720343956,0.0
-1630.172879689254,0.0
-1436.9938949348953,0.0
-1062.2369627262544,0.0
54.773426491566966,0.0
-1454.2394871751312,0.0
-1929.2095587697656,0.0
-1606.7890745012899,0.0
-700.4558169500438,0.0
194.5106426469631,0.0
-459.21007401614906,0.0
-230.66515111301158,0.0
-1943.7189678941359,0.0
-477.2510601509323,0.0
-126.80957075041016,0.0
-1259.1914143613528,0.0
157.83313441688858,0.0
-342.67801543755826,0.0
-96.50090117874055,0.0
-774.2692459294534,0.0
-395.61669994522003,0.0
-1915.7468719864946,0.0
-1271.5951494043095,0.0
504.6201687184326,0.0
475.0168179174371,0.0
-70.13057254907116,0.0
-680.0094741310513,0.0
1359.6017751026186,0.0
-1160.190024811645,0.0
-1123.479509797903,0.0
-884.3095375839151,0.0
-404.65906042389395,0.0
-85.89663514603006,0.0
89.10645482356324,0.0
-1087.1381374331704,0.0
466.6778568652312,0.0
-283.05784229435403,0.0
-848.9853330289196,0.0
-775.6090135415462,0.0
-559.44459073661,0.0
-351.1292205833745,0.0
940.5122439003926,0.0
-637.7839784860952,0.0
846.1515699985533,0.0
-182.18127291398793,0.0
-513.258036604969,0.0
966.6458246957425,0.0
821.72074516316,0.0
-263.18393480433474,0.0
-1396.942997834058,0.0
101.66311238754254,0.0
1318.5987508942103,0.0
493.13662060445563,0.0
437.5784863552409,0.0
-488.1374411680956,0.0
908.2534008322475,0.0
31.70960081870362,0.0
-207.2587846170377,0.0
770.9719673341829,0.0
1237.1279192217278,0.0
967.3031340027444,0.0
-13.071599434889208,0.0
1152.4895437540345,0.0
-259.17472558394564,0.0
-526.7504764144537,0.0
756.1929328605249,0.0
510.45675377497383,0.0
1822.6802855609171,0.0
1103.7706864303868,0.0
2054.411150990303,0.0
1710.1743338422782,0.0
1825.0920634377214,0.0
2455.0072189362627,0.0
2291.9697580679453,0.0
313.68561198530904,0.0
2618.2007557019997,0.0
913.9976409266098,0.0
1285.1746405920503,0.0
2508.152959820434,0.0
1181.65469806949,0.0
1984.492402637917,0.0
1356.9710867723197,0.0
1916.338550298176,0.0
2170.776365725669,0.0
2050.2191944741553,0.0
2132.3958697366115,0.0
1573.4515800863514,0.0
1630.8639417916397,0.0
2162.4408032240713,0.0
2328.1379158167993,0.0
577.3308878684218,0.0
2503.7574534544983,0.0
3017.84265595623,0.0
1465.3067956354762,0.0
1513.5542744393908,0.0
1951.6137591029203,0.0
2207.4373611624483,0.0
1804.0841813801949,0.0
2220.533722400816,0.0
412.08356963552296,0.0
2550.3556010648595,0.0
2586.7280535555847,0.0
773.6555601565099,0.0
2578.758279516248,0.0
1337.884383647901,0.0
2463.767239097682,0.0
292.0456283755252,0.0
3330.4381644321484,0.0
1371.0614368549766,0.0
1924.4281438282483,0.0
1340.8871535264752,0.0
901.5111426689466,0.0
3714.642250461506,0.0
1872.8342789148173,0.0
3144.7641894882427,0.0
2441.0653957532254,0.0
2429.082968961163,0.0
1708.7924316662709,0.0
2856.4107666487384,0.0
3669.0467770469477,0.0
3437.2876889345107,0.0
2405.5707723119085,0.0
2482.7706890249556,0.0
3503.886604299947,0.0
3191.8423062062043,0.0
1144.892797029265,0.0
748.0908041137137,0.0
3800.3247809437626,0.0
2851.5455541545653,0.0
2254.803496611803,0.0
2341.9257702873397,0.0
2638.4426868108626,0.0
2651.235673483836,0.0
2322.9342992669704,0.0
3364.5229708064544,0.0
1996.5940687617706,0.0
874.3395964825318,0.0
1786.5348300966505,0.0
2394.707372224227,0.0
2268.940314472557,0.0
2120.7673245869582,0.0
1416.0016508760611,0.0
-306.97915135371795,0.0
1483.7057366170147,0.0
2402.2288870629054,0.0
2300.7356898894873,0.0
965.8500733623995,0.0
1584.475349192702,0.0
2449.599605743574,0.0
926.469618970423,0.0
1163.1761506511752,0.0
3549.2050019074227,0.0
1236.2059963879015,0.0
2391.676531310409,0.0
1914.2921038878194,0.0
1586.0158851080075,0.0
689.4433162572047,0.0
676.6375308261355,0.0
2659.4346521432562,0.0
177.70995308422982,0.0
1688.670323480195,0.0
375.2851937705964,0.0
264.6391060193614,0.0
714.2388558250686,0.0
430.64657160277943,0.0
1976.6927939271282,0.0
1371.836994065113,0.0
2779.9311711767728,0.0
1019.660870898696,0.0
2017.9235628977663,0.0
2902.816300666407,0.0
1102.789657002381,0.0
1131.9747192938366,0.0
1533.2054540963868,0.0
560.7469738635799,0.0
668.8980148743381,0.0
10.197304273998498,0.0
316.1605654653966,0.0
74.62566485489546,0.0
977.3594828423218,0.0
-160.67156159651188,0.0
1103.2717660867297,0.0
457.38810419775535,0.0
2776.146622526481,0.0
661.5461425869702,0.0
245.00711322339782,0.0
-111.20661579255454,0.0
217.65207506962597,0.0
-210.87100397936672,0.0
-393.61589855312275,0.0
1257.9034834898462,0.0
-573.8785301015447,0.0
971.1064375370281,0.0
395.562257518657,0.0
-455.8118310526646,0.0
1394.4641920566564,0.0
-1.861107884118411,0.0
138.91452044965274,0.0
501.7311123795766,0.0
1500.731008802221,0.0
240.75877436704104,0.0
744.7088861497061,0.0
1783.2738338319614,0.0
165.03629933119183,0.0
-551.0160609212194,0.0
-43.940730055243975,0.0
-1839.594499333351,0.0
-478.88334082582753,0.0
1618.3657344920052,0.0
-1115.1046015790203,0.0
1291.2176589713745,0.0
178.73262924927027,0.0
-854.1777394496372,0.0
-477.86741658531577,0.0
1736.8459710925913,0.0
-592.8852019730808,0.0
89.4351785107595,0.0
943.1943588635332,0.0
-463.2386767006305,0.0
961.0168565661593,0.0
-96.56757534135562,0.0
-757.0438661939835,0.0
69.1686528908188,0.0
-683.3375999809061,0.0
-843.0286058642934,0.0
-1298.631440498789,0.0
556.3512848199418,0.0
-876.1048146199466,0.0
-851.5072134676866,0.0
-875.097511055073,0.0
-847.7680373824998,0.0
-1169.1602745906173,0.0
42.04614325618064,0.0
-675.4518789159124,0.0
1166.0779802251093,0.0
-79.72713230990723,0.0
-716.8297015586662,0.0
-473.5099856977096,0.0
1725.3858795384624,0.0
-1575.5394840091035,0.0
124.2006154109568,0.0
317.16835065233454,0.0
-138.60985018785195,0.0
-70.96909305368195,0.0
-844.1177156504069,0.0
186.29538745918865,0.0
578.4938318457382,0.0
30.250253323169716,0.0
-1699.5976315327653,0.0
-402.69746866108085,0.0
-539.4479922463499,0.0
-1007.342348583297,0.0
9.306320447084943,0.0
1528.0548975866297,0.0
-424.2644478613345,0.0
855.0383442132985,0.0
-887.9632486715905,0.0
74.20470995193259,0.0
-125.33441035433437,0.0
-280.9706386050078,0.0
65.64216102085288,0.0
1454.865975230304,0.0
808.45094628838,0.0
-432.58116224096995,0.0
-854.0704929550036,0.0
25.124807599013906,0.0
567.859497761635,0.0
-61.888479535442855,0.0
1746.0314606775873,0.0
-537.9365942619038,0.0
1402.5376637319507,0.0
-322.64435708359406,0.0
-222.8937626644613,0.0
-293.6509584743345,0.0
749.618509944927,0.0
-350.38985169697645,0.0
-618.8057735963987,0.0
706.9615247058873,0.0
658.1690544881014,0.0
1331.804097422124,0.0
1877.0632922381067,0.0
347.88028239631115,0.0
1549.3115219441684,0.0
912.2385639351412,0.0
972.4390113807649,0.0
-81.04611175394302,0.0
1728.846151900198,0.0
1474.1589046707322,0.0
1498.4531877226675,0.0
-316.95240849472964,0.0
2164.908743856134,0.0
638.8559436392549,0.0
2781.225138454573,0.0
1239.614755703155,0.0
967.2864937718438,0.0
3084.6168004696874,0.0
1049.8092090566436,0.0
1356.755232258292,0.0
1543.2444971604239,0.0
1502.823131612674,0.0
1572.8424877017428,0.0
2089.2565639868403,0.0
2940.9764829237733,0.0
2706.201984791152,0.0
1021.8301312294262,0.0
1142.0569848778875,0.0
1724.1318354365744,0.0
1227.4630620418825,0.0
1566.2785100508029,0.0
1350.0334588451644,0.0
1130.8664790235773,0.0
880.4723016723372,0.0
4449.13740609275,0.0
326.91144831068345,0.0
2066.8494859392554,0.0
2251.5521066430197,0.0
2765.692257768683,0.0
2439.7700735938697,0.0
3053.180154171751,0.0
2508.7894966608874,0.0
2455.012154594147,0.0
2304.3275868329974,0.0
2736.9208696752034,0.0
1737.388470714319,0.0
2008.8730633986654,0.0
3274.090388927896,0.0
2383.534332737534,0.0
1212.2587777712401,0.0
1601.2383178370949,0.0
3006.5371793667127,0.0
3069.1501624073417,0.0
1516.711524002007,0.0
2780.847546685348,0.0
2243.638880685968,0.0
2686.5966872600507,0.0
1170.4402499826103,0.0
3212.766664093814,0.0
2878.3404601285392,0.0
2577.193308564014,0.0
2713.4254270006604,0.0
1645.241544890451,0.0
3220.2719960431205,0.0
2398.5135655522113,0.0
1618.5279380895354,0.0
3211.365923540885,0.0
3197.0452528265632,0.0
2561.22535533454,0.0
3550.44710713147,0.0
1920.265333000196,0.0
3255.2682433937507,0.0
3390.055306943452,0.0
3337.620766564616,0.0
4344.6765031948025,0.0
3734.820478327122,0.0
2980.719642674323,0.0
2748.1887888404335,0.0
4261.062675727661,0.0
3715.65026432566,0.0
2436.8959719601107,0.0
3462.593342999116,0.0
2733.0255868719414,0.0
1673.6447358950866,0.0
4063.3296282069455,0.0
3009.2498515826,0.0
2588.4439723142195,0.0
4202.739530207519,0.0
2932.7014897699473,0.0
2424.12556449235,0.0
2111.738678233921,0.0
1242.7539202218984,0.0
2262.436809417239,0.0
2243.0258194848034,0.0
3531.957722321044,0.0
2362.3888520448936,0.0
1235.6104859334844,0.0
2628.899622667302,0.0
1255.2279827966704,0.0
3258.9451319408263,0.0
1679.8127844875285,0.0
2957.1979763098184,0.0
2292.385063696793,0.0
2295.009843744381,0.0
2670.0081467944833,0.0
2652.781189980867,0.0
1707.1921299777773,0.0
4001.1384935176893,0.0
1954.6593237146578,0.0
3081.9155105268965,0.0
1840.2549690154688,0.0
2028.286381809386,0.0
3501.6304682764717,0.0
2301.980776748662,0.0
2749.7091755447964,0.0
868.2759635789303,0.0
2542.0848595726893,0.0
3479.355803742772,0.0
1483.291888961377,0.0
1448.7675930456944,0.0
2309.8974467473217,0.0
2191.5913466956335,0.0
2955.9778251405132,0.0
3291.053855742854,0.0
2766.253071347999,0.0
1199.6819834019943,0.0
1967.0479382099509,0.0
1373.6452859906685,0.0
395.9282130726531,0.0
1586.317673325322,0.0
261.80330842159265,0.0
1214.8746745387305,0.0
290.99873515600075,0.0
389.45741493546143,0.0
335.04156174312,0.0
1764.121137807739,0.0
722.9403026637372,0.0
557.3855234461208,0.0
1064.635874107885,0.0
2150.0138417054754,0.0
823.2729634665445,0.0
1781.9565915189216,0.0
2810.7639894544172,0.0
142.95930154564576,0.0
-392.66677856580327,0.0
-54.06944318793421,0.0
229.2639822076273,0.0
148.17421070399485,0.0
1790.9133181005805,0.0
1030.455775644429,0.0
-86.77354843074386,0.0
1195.5231965754535,0.0
-277.69365193002875,0.0
851.2794440433008,0.0
2067.448744691491,0.0
2259.991517997059,0.0
1287.3044166659556,0.0
-74.53342431332483,0.0
902.3096958026626,0.0
733.2139365810272,0.0
59.46943862574267,0.0
-1082.7369447529593,0.0
2148.323665158773,0.0
2423.275004008018,0.0
538.0059749820953,0.0
-33.661885439061166,0.0
490.80499456664757,0.0
1184.2245933808142,0.0
1282.0272943300513,0.0
406.00315878815627,0.0
-237.01289122640736,0.0
-115.770244322503,0.0
328.9124217196511,0.0
1011.5173827870749,0.0
594.715810847191,0.0
-58.293217002285104,0.0
-30.797587449314506,0.0
969.3026076519761,0.0
436.76764427631576,0.0
339.51088153499427,0.0
-460.6231795483092,0.0
488.5929914208315,0.0
1274.5470348342415,0.0
143.7581932824032,0.0
685.4163978773818,0.0
-150.833904966847,0.0
-32.47156852314163,0.0
127.16231627529476,0.0
283.66883434415115,0.0
1005.964593842567,0.0
-500.01047866573157,0.0
-490.86623595024844,0.0
1298.6983819109694,0.0
-1458.3064646104197,0.0
357.6052815657315,0.0
-1113.6525823329443,0.0
67.95343221721214,0.0
393.08089024681317,0.0
-1660.3778488134813,0.0
702.7715720136526,0.0
591.4899904853919,0.0
1565.9870989526953,0.0
1154.6088781938804,0.0
325.994120768513,0.0
443.1884769784982,0.0
-1390.7283440933472,0.0
369.6672404961467,0.0
1586.1762316123504,0.0
1192.4645398482148,0.0
1579.499703582703,0.0
-140.7422501082658,0.0
788.721865986203,0.0
424.9357394998601,0.0
379.8150174371309,0.0
1301.0010411816506,0.0
56.0648087645377,0.0
-616.6167170202641,0.0
1777.3304767071606,0.0
216.05671976813028,0.0
-1549.2972374058136,0.0
2279.0361975392043,0.0
1117.2118891131136,0.0
1100.181066493691,0.0
1672.7718514522885,0.0
846.6875750170607,0.0
197.42857318074516,0.0
831.5407779125408,0.0
511.74745910723914,0.0
1205.0404703872698,0.0
65.72133111478001,0.0
1615.689306730451,0.0
1917.6787865760941,0.0
-30.525510926697393,0.0
1283.9625227488664,0.0
-91.05800046242871,0.0
593.7800464283736,0.0
789.3983033631373,0.0
2316.2842897721466,0.0
2372.725480672735,0.0
2127.491985167385,0.0
36.78946076553166,0.0
1936.971115600932,0.0
-329.30130992599175,0.0
1504.145307081909,0.0
1394.115305149743,0.0
929.0939751827659,0.0
471.0688990659369,0.0
1928.7628842546153,0.0
2740.014252183841,0.0
2643.6515501705094,0.0
2074.512151234332,0.0
2478.7080815482022,0.0
1949.3418989637516,0.0
1735.8505505475725,0.0
2384.3516386972187,0.0
1136.3013949468605,0.0
963.7490460750935,0.0
2627.4473163694656,0.0
2538.413909060165,0.0
2364.3678274195395,0.0
2644.7166136632145,0.0
1529.8886409826491,0.0
4030.5487451075096,0.0
2672.296379644027,0.0
2166.83848495509,0.0
3062.209035999044,0.0
2482.2841700101226,0.0
2959.96899842431,0.0
3517.33766898932,0.0
2966.3120042974324,0.0
2627.985539824908,0.0
3065.471139317327,0.0
1509.1062236433972,0.0
2520.638367149941,0.0
3092.5620230392947,0.0
2046.534509225099,0.0
4214.2423177367955,0.0
2811.6830404047337,0.0
2609.444759461762,0.0
2842.061490010593,0.0
2072.9324241022923,0.0
2461.8747648982526,0.0
2970.926584214195,0.0
3359.94127440716,0.0
1651.3861099771711,0.0
2276.6397652070987,0.0
3860.773485998648,0.0
2356.1761100361628,0.0
4361.902887975053,0.0
4484.482015216749,0.0
2228.0080101290223,0.0
1173.0716344434109,0.0
3421.9587909591764,0.0
4530.244040968208,0.0
1643.3402969628914,0.0
2680.075597309814,0.0
4366.793459705066,0.0
2571.3831276923474,0.0
3297.582895421228,0.0
4036.2715906305466,0.0
3556.6472155218216,0.0
3667.9391358597168,0.0
3765.9805180450603,0.0
2957.1224596649367,0.0
2201.155334912458,0.0
5097.7407617612325,0.0
3141.737760365135,0.0
3964.835436471159,0.0
4373.668364015089,0.0
3246.450654680155,0.0
3470.698130252953,0.0
2391.4060816946558,0.0
4271.504605030818,0.0
5640.480430248557,0.0
3041.661921911882,0.0
2288.933430017329,0.0
4127.830501524662,0.0
3000.864368952267,0.0
3413.994815104825,0.0
3924.060589814391,0.0
3524.705662075882,0.0
4047.459009964863,0.0
3344.0281749920896,0.0
4514.363653684566,0.0
3068.0776858534273,0.0
2926.495297166528,0.0
3790.982526173033,0.0
2457.9356745772966,0.0
2948.6646882700575,0.0
2807.0752643486667,0.0
2917.396185182386,0.0
4679.2762464376365,0.0
3468.501025556771,0.0
5743.621664282189,0.0
2908.8150949282235,0.0
2618.7296054162293,0.0
4864.988364401798,0.0
2318.938619222791,0.0
3766.4841205881553,0.0
1349.9364371800607,0.0
2228.9293877969176,0.0
3418.038842212128,0.0
4636.42492558428,0.0
3390.401611763199,0.0
2328.4359134385045,0.0
2837.9206398000138,0.0
3382.5099936650904,0.0
3574.03950870824,0.0
3903.5749905915322,0.0
1696.5606494337162,0.0
3613.3650386165323,0.0
4057.6559592840495,0.0
5319.639805208703,0.0
2358.0642350473545,0.0
3169.1143394462106,0.0
2875.8659444524965,0.0
2019.0100028812026,0.0
315.580439323473,0.0
2305.096189831708,0.0
4252.715553319329,0.0
2412.1824248562743,0.0
1082.9650980093327,0.0
2739.829851059967,0.0
2331.535573116278,0.0
2216.069767220648,0.0
3729.6995706407633,0.0
2755.6276355373384,0.0
4323.947790158708,0.0
1153.742408656969,0.0
2506.5821744687964,0.0
1201.5316645365924,0.0
3718.8292277868454,0.0
1727.0418014514303,0.0
2811.3121445672086,0.0
2342.392284161523,0.0
2669.0783921334028,0.0
1836.7581278145053,0.0
2612.252811595117,0.0
207.4371117852129,0.0
617.1956084289096,0.0
1977.9773713888824,0.0
2542.0986468844762,0.0
3084.2546155933774,0.0
1179.1542372139934,0.0
1951.3183912310928,0.0
3509.739516736511,0.0
1934.3963165635305,0.0
1000.8484972655715,0.0
46.307101491977505,0.0
1690.9300855883068,0.0
2963.4798649513054,0.0
1690.1884296013059,0.0
928.9062786527813,0.0
-170.97274021836125,0.0
492.72415043961314,0.0
1817.6569159899223,0.0
1353.3981333278907,0.0
1304.3456585604295,0.0
191.09242036467492,0.0
1614.0480342928095,0.0
1851.160233463794,0.0
2774.70637730458,0.0
1724.008993955828,0.0
945.412983473202,0.0
1602.0000257476238,0.0
1979.8592396420852,0.0
1087.359712399067,0.0
-138.54722903004745,0.0
1893.7279661320522,0.0
2732.9290646191985,0.0
1739.8695787453232,0.0
2435.952633026185,0.0
609.073540565828,0.0
655.5887161543683,0.0
848.6564869970068,0.0
911.1316993824931,0.0
1825.920803888528,0.0
2244.9982039768215,0.0
-717.0278763236229,0.0
1477.607833420872,0.0
941.4421209188413,0.0
2540.3723336442304,0.0
335.75982111830103,0.0
1178.0601359838688,0.0
2331.1458409972674,0.0
2349.3273461353906,0.0
1757.5572468267806,0.0
1084.8690729323857,0.0
185.19993855011933,0.0
1554.5362124866165,0.0
108.76576874730813,0.0
1247.0782303631865,0.0
2263.7307034884907,0.0
7725.856300297513,1.0
324.1998365872788,0.0
633.7017726410495,0.0
473.56870077823277,0.0
1859.9534286334626,0.0
454.55309928481336,0.0
580.4872721989291,0.0
-716.2101274657336,0.0
-129.78076884439974,0.0
506.61573094755886,0.0
-39.8768666668891,0.0
960.9095016496303,0.0
-5.249394221693024,0.0
1348.4046835498343,0.0
868.5287535290815,0.0
1662.018445073657,0.0
889.89244049047,0.0
1751.7513866559848,0.0
421.1284972174244,0.0
106.556944323366,0.0
602.523616222172,0.0
2140.0922403961354,0.0
1686.2375090955065,0.0
2198.8928110357183,0.0
1855.5486355555881,0.0
1406.3670293708503,0.0
2822.943815668467,0.0
1806.0580354247224,0.0
1763.336244639211,0.0
2294.8485692803206,0.0
899.2471809056066,0.0
768.4812405716439,0.0
1218.0042110443233,0.0
751.6843382554569,0.0
1680.2624805407065,0.0
1658.8038286527676,0.0
1751.20876082486,0.0
1764.9661378927567,0.0
2194.400320743898,0.0
2313.8431800293088,0.0
1237.6473285263796,0.0
2347.808521444614,0.0
3667.6398708282923,0.0
1144.85633138095,0.0
1743.3658065032791,0.0
2898.504463168302,0.0
2271.520476934439,0.0
3071.2759428547224,0.0
1898.1856436222342,0.0
3520.655314583501,0.0
1968.7820476956126,0.0
2884.515447996575,0.0
2969.808009288616,0.0
3659.642148175594,0.0
2858.496149486148,0.0
2236.620212897972,0.0
1472.7919490253664,0.0
3398.131913060936,0.0
3205.489736726686,0.0
3230.442024902784,0.0
3705.3522119451027,0.0
3233.870859248251,0.0
3048.8988201888133,0.0
3710.4266387864654,0.0
2733.7374185801764,0.0
3501.2825254415484,0.0
2374.7589456684796,0.0
3021.791824303786,0.0
3020.552085644582,0.0
1761.9630256264395,0.0
3377.3761468307716,0.0
2457.202328820562,0.0
3344.0923191450815,0.0
2599.3322773832397,0.0
2581.7762877253663,0.0
6260.03054133313,0.0
3455.688969460419,0.0
3539.054956493992,0.0
4136.430164411552,0.0
3073.2041892892703,0.0
3383.8800120355113,0.0
2561.7769139080583,0.0
2559.1028772838913,0.0
4704.222459671215,0.0
4069.117747797737,0.0
5347.357381705046,0.0
3921.6679742349856,0.0
4756.593303779491,0.0
3900.2919539464165,0.0
5874.97675087547,0.0
5012.376893717918,0.0
5054.8542960301165,0.0
3944.630346596944,0.0
2527.793846338475,0.0
3739.234752087556,0.0
4683.454386694988,0.0
4388.756549765847,0.0
3443.0327036641856,0.0
3256.1772330332647,0.0
3383.5861644882984,0.0
4165.967896434241,0.0
4597.77089139257,0.0
4464.243925317288,0.0
4235.945411582217,0.0
3825.4513635543544,0.0
3691.1037349500834,0.0
3858.653016858079,0.0
4897.8124024849185,0.0
4793.454509607887,0.0
4257.231935070486,0.0
4146.39525784207,0.0
4129.335649397552,0.0
4512.7536336545545,0.0
5401.302209770477,0.0
1885.5576731325211,0.0
3912.044452575711,0.0
4784.523488710215,0.0
4526.503391171848,0.0
2502.574541034106,0.0
2263.026709390544,0.0
3221.6894514436967,0.0
4297.171513518366,0.0
3185.9000237825735,0.0
4640.136288477613,0.0
4266.499370803033,0.0
4080.125986561691,0.0
5426.264784073204,0.0
3057.9671857006797,0.0
4201.091489555445,0.0
2622.77865265578,0.0
4976.559213626403,0.0
4900.418807965806,0.0
3742.32222444052,0.0
2815.983322888419,0.0
4232.860135216584,0.0
4074.604757780581,0.0
3200.785401856927,0.0
3813.1223355529064,0.0
4199.078675298836,0.0
2964.087112452618,0.0
3308.746905283156,0.0
4976.91838708078,0.0
4482.420299204519,0.0
4667.065019580058,0.0
4249.219409596972,0.0
3646.4257775134784,0.0
3630.7063468206466,0.0
3381.0634926633156,0.0
3544.291784417266,0.0
3557.63215972477,0.0
4285.788901963206,0.0
4406.444611351086,0.0
5200.742640575243,0.0
2837.890167086839,0.0
3382.9583002690097,0.0
3643.36057042045,0.0
1943.2083030263161,0.0
2225.8664791543592,0.0
3188.5622301908297,0.0
2994.7613846082845,0.0
4526.832950153189,0.0
3616.0967555032785,0.0
2897.630227647319,0.0
2673.7608005534203,0.0
2933.6363180405515,0.0
4933.091988758757,0.0
3243.983346557099,0.0
1642.2218472519885,0.0
3644.131948089721,0.0
3727.9567931853094,0.0
3542.0698861015744,0.0
1967.9980355383561,0.0
2518.978457826111,0.0
3139.6637621123555,0.0
1875.3017692684002,0.0
2386.706100788379,0.0
2503.8869649123844,0.0
3087.5970491871585,0.0
2541.7534793892096,0.0
1720.9829920223694,0.0
2601.9678166235394,0.0
4336.387514617654,0.0
2157.3688553129746,0.0
540.8307080961499,0.0
2793.5446694977772,0.0
2493.2559814277856,0.0
2508.4348625339335,0.0
3061.5621770976436,0.0
2006.8718118783077,0.0
1739.6000641443047,0.0
1850.06639554198,0.0
2456.888747239353,0.0
1974.8225944063906,0.0
2486.1504332149184,0.0
3544.116044532646,0.0
2582.2566711496434,0.0
2871.060821811113,0.0
4307.0091024348185,0.0
2442.0010976435606,0.0
1622.3506687672761,0.0
1829.7644280500908,0.0
2032.9052998659395,0.0
2442.4653203612224,0.0
3379.041554299234,0.0
2196.4882863757043,0.0
1201.123307825617,0.0
2577.7090061674,0.0
3265.432634746967,0.0
988.9310126811391,0.0
3563.15997348197,0.0
1953.627707742629,0.0
1886.9788069654717,0.0
1770.7533471708812,0.0
904.6371394352989,0.0
1005.0972116791697,0.0
2620.3576038092365,0.0
954.6203402639987,0.0
1442.696508993583,0.0
1959.0556014224603,0.0
1013.3987526738872,0.0
1558.8565795879038,0.0
119.91060841130002,0.0
2388.532500942694,0.0
1821.0729179497152,0.0
489.9982495342141,0.0
2624.3472260338094,0.0
281.73205234566547,0.0
236.6911406898655,0.0
194.12221307356026,0.0
1681.0428367885822,0.0
-273.57582402193566,0.0
2044.6055457521973,0.0
1307.801391222797,0.0
2254.5867978890024,0.0
428.51019340122883,0.0
2212.846818604995,0.0
1156.987226433811,0.0
2914.6766949476823,0.0
583.4179571438648,0.0
1546.8175289084136,0.0
909.2077349791352,0.0
1893.4503819631443,0.0
3747.589406827302,0.0
1252.1616702310394,0.0
1605.0080491859503,0.0
2381.5768925483085,0.0
1741.2129406438921,0.0
469.4053848548092,0.0
2491.0261089753512,0.0
337.58924376854145,0.0
869.286209935719,0.0
2249.4658603950515,0.0
801.7181384586407,0.0
1720.9283506751783,0.0
2572.431729609466,0.0
2285.2598766037927,0.0
1031.1555516789826,0.0
1343.2312152986044,0.0
3446.3517904086957,0.0
2406.0653917181266,0.0
2909.0338792284692,0.0
3078.151821025506,0.0
806.0265694555126,0.0
2867.936160498537,0.0
1195.6551285243008,0.0
2628.711530617381,0.0
2431.577804670157,0.0
1890.1865962161226,0.0
1531.8624185692927,0.0
2142.278830792314,0.0
2086.708314808011,0.0
1521.2567668557397,0.0
1920.469603116336,0.0
3172.4014770915383,0.0
2150.7351476451818,0.0
934.0058143357535,0.0
2412.760736689452,0.0
3514.386776134256,0.0
1865.8871095264508,0.0
2170.7786036599905,0.0
1953.7755509255044,0.0
4530.598507933882,0.0
2554.3615789436167,0.0
3517.3855933876225,0.0
3361.070109797919,0.0
2477.7357997229237,0.0
2994.388820414468,0.0
5240.108557397196,0.0
4307.557049482239,0.0
3368.4539819226707,0.0
2616.4195159337182,0.0
4558.583154020677,0.0
4562.916167263453,0.0
3520.8906419514215,0.0
3589.2808382731628,0.0
3617.276389269137,0.0
3628.337669043519,0.0
3683.3470386013796,0.0
3143.359581499875,0.0
2276.5714163646926,0.0
4103.995769908254,0.0
3196.2031741335695,0.0
2441.402795458179,0.0
3904.249374712165,0.0
3854.625876790361,0.0
4049.645635355478,0.0
4354.402292131853,0.0
2781.4172068958765,0.0
5494.456244060068,0.0
3535.4698495110806,0.0
2947.562143474192,0.0
3674.5667873565344,0.0
5000.099572713389,0.0
4550.658052820296,0.0
3646.13669255899,0.0
4611.291726844988,0.0
4376.040387085381,0.0
2974.5190697526486,0.0
4032.5576804288144,0.0
4746.110311120099,0.0
4339.249238783529,0.0
5040.716670979007,0.0
4838.694546260843,0.0
4873.682896817821,0.0
4910.09773081727,0.0
3502.478635968442,0.0
5105.611436501666,0.0
3402.8939297097522,0.0
4992.502110974497,0.0
4619.973261838713,0.0
4488.6407507621725,0.0
5046.443676798578,0.0
4046.8330571059655,0.0
5485.074506298586,0.0
5334.1609142189545,0.0
5982.837386430461,0.0
5092.226276178867,0.0
4218.75011076971,0.0
3657.9602730926354,0.0
3692.8705412699283,0.0
4789.404813978077,0.0
2359.086215098713,0.0
6130.323180431472,0.0
5042.8745282778145,0.0
4204.225645519152,0.0
4194.033043218252,0.0
2910.7260171880266,0.0
4655.762490153193,0.0
5927.016901969726,0.0
5019.507610016313,0.0
3416.186773232208,0.0
4973.307640016504,0.0
4744.1929147093015,0.0
5204.3805090860205,0.0
4687.806016468988,0.0
4887.602449888079,0.0
5542.070249287357,0.0
5812.49871262034,0.0
5709.994123292988,0.0
5053.940575392593,0.0
5048.694994869923,0.0
4995.870706311362,0.0
4753.329631124729,0.0
4340.942880116113,0.0
5980.961208676843,0.0
6475.810826782079,0.0
4509.685695080772,0.0
4205.104568630068,0.0
4254.967021700077,0.0
3503.2985487225924,0.0
3448.0928445470736,0.0
4646.668020381367,0.0
4376.892178272009,0.0
5443.893267624746,0.0
6409.522728891124,0.0
4502.042275356871,0.0
5111.8311420176005,0.0
4968.613626064628,0.0
5031.779067529149,0.0
6144.021194541337,0.0
4151.148172331283,0.0
5798.684264677823,0.0
4089.584797919838,0.0
3772.6699685677236,0.0
4414.299636981529,0.0
4973.213239687179,0.0
3552.099605555387,0.0
4546.012170933255,0.0
3827.9093120999332,0.0
5146.827204789246,0.0
4936.959202144209,0.0
5327.194177297063,0.0
3362.5720878624034,0.0
3505.2583923913917,0.0
4279.591832941352,0.0
5103.151056376496,0.0
4623.656310797338,0.0
3483.308753903664,0.0
3316.602890214291,0.0
3142.5720342966333,0.0
5533.785120068404,0.0
5531.361827416775,0.0
4211.521556524742,0.0
1917.1557231119398,0.0
4036.437044013183,0.0
3334.492878765052,0.0
4577.133386083995,0.0
2564.2567593965387,0.0
5104.715096113715,0.0
3660.9236326199302,0.0
3492.087057099071,0.0
3233.046558626633,0.0
4973.683579463653,0.0
3268.933143459358,0.0
3218.376419904809,0.0
3187.996597618977,0.0
3371.2077904912885,0.0
3230.683938511357,0.0
3932.169524891544,0.0
4140.808921629308,0.0
3692.814712449545,0.0
2663.506579423837,0.0
3181.8270101710145,0.0
3763.9064663972968,0.0
3082.8630425571314,0.0
2474.5062221025164,0.0
4269.71095081775,0.0
3181.9492685070336,0.0
2891.5752038508604,0.0
3349.2320673636846,0.0
3080.157445734906,0.0
3522.6190258882098,0.0
2738.838036458706,0.0
4628.652068445856,0.0
1477.1867673747345,0.0
2315.8908247869113,0.0
2874.2081342884876,0.0
1836.3619706556212,0.0
1812.0144929030882,0.0
2055.1835052231713,0.0
2502.0349925678634,0.0
2373.7990159661194,0.0
3094.7099046739863,0.0
3002.305611811184,0.0
2395.2988853349198,0.0
2589.6582149112855,0.0
2776.783002127755,0.0
239.0090804552333,0.0
2167.7887787804902,0.0
962.938085540635,0.0
2140.6980384303292,0.0
2221.335172771579,0.0
3611.8107397269214,0.0
1448.1257708037283,0.0
1525.5476157129233,0.0
2797.4123750052113,0.0
1764.1234898877274,0.0
653.305085621774,0.0
3367.0888339097532,0.0
2993.7386430558163,0.0
2251.6948025650267,0.0
575.210235017809,0.0
1595.2050568327995,0.0
1099.0817363753633,0.0
3052.994883442174,0.0
1789.698982695786,0.0
2458.356606317919,0.0
2732.2348662307472,0.0
1934.5236245535093,0.0
1903.1183545410931,0.0
2822.9880332479797,0.0
3482.1885876514084,0.0
875.7222819093586,0.0
2565.5473018692364,0.0
108.7048924528508,0.0
1713.4820281776551,0.0
2697.466502615758,0.0
1035.2417910199372,0.0
2932.7776068259354,0.0
4227.6375025865955,0.0
2442.9373645254345,0.0
1416.1120725319581,0.0
3625.365237661876,0.0
2090.04593322477,0.0
1415.3211388660543,0.0
1914.9908911014688,0.0
1930.9487920373588,0.0
1643.7722438239798,0.0
3335.019289080992,0.0
1477.904525719394,0.0
937.4041382739645,0.0
1546.8189371104904,0.0
2148.867728443004,0.0
3490.1529223628877,0.0
1183.9348940755317,0.0
3016.9314368755695,0.0
3036.037474644916,0.0
1916.5281950270748,0.0
2296.685437643204,0.0
2440.9504319546654,0.0
3299.3062463885394,0.0
2174.2173335703533,0.0
3876.0160855320787,0.0
1113.168022795195,0.0
3850.006609010357,0.0
3701.2831693818484,0.0
3238.9368254167016,0.0
3337.528318675402,0.0
3964.5243419146973,0.0
2221.5763625744544,0.0
2601.957817610296,0.0
2244.069306654166,0.0
2982.228337811596,0.0
2664.780096812254,0.0
2178.227396173211,0.0
3066.8119827482496,0.0
3021.435225056204,0.0
3941.6540605218274,0.0
4597.266480524638,0.0
1790.0936405146383,0.0
3308.9918775664764,0.0
3380.976178322724,0.0
4523.899886109899,0.0
2830.0234946267037,0.0
3963.95663693275,0.0
4562.352623162191,0.0
3423.2137710694537,0.0
3804.6220348455395,0.0
