16.3365390361067,0.0
-75.91022538940501,0.0
1106.2719877250593,0.0
552.8425205586508,0.0
331.8482648912557,0.0
760.9598379759134,0.0
-93.5288058965744,0.0
208.45279504039866,0.0
613.7684404821254,0.0
49.45190838278944,0.0
269.8708543950054,0.0
442.38753608696527,0.0
29.437060156233343,0.0
17.131227712834402,0.0
16.48142289884936,0.0
157.66536131800723,0.0
1216.808977173684,0.0
1984.4628406287188,0.0
129.9350611379233,0.0
1262.0509483607752,0.0
522.5984341955752,0.0
573.653723153333,0.0
342.16556148047295,0.0
-125.23207493354101,0.0
1624.6717761362993,0.0
1255.6167206624716,0.0
891.8105197557113,0.0
215.04014386447008,0.0
802.6881299831929,0.0
1094.298851432363,0.0
1953.3698703773985,0.0
672.2746593016929,0.0
1217.5559224452668,0.0
1031.3031477322818,0.0
604.6146345747071,0.0
1140.5511797283098,0.0
1142.5394634075024,0.0
1908.0580119517135,0.0
1569.247929327324,0.0
2370.493742966263,0.0
1032.5627623715025,0.0
924.9539631191462,0.0
1602.4531677212967,0.0
1708.0745678248447,0.0
1227.3996854777342,0.0
1795.417649439784,0.0
2112.960837899779,0.0
1918.8401067861162,0.0
1158.186856657718,0.0
1657.1729892497326,0.0
2322.1205718233714,0.0
1314.0922617646459,0.0
827.7446782526015,0.0
644.4768721949893,0.0
1637.3191203174576,0.0
2787.499184413361,0.0
1254.9649899743763,0.0
2310.2972489501067,0.0
2017.4693777206617,0.0
1473.413302311,0.0
2082.8194425636025,0.0
1972.121815985462,0.0
1569.7759091537093,0.0
1009.0607906724426,0.0
1489.57494043199,0.0
1517.614234598155,0.0
1436.6182606081115,0.0
1919.6291762591652,0.0
-86.86364064845293,0.0
2631.9035561453857,0.0
549.7348801715291,0.0
1982.3306173046153,0.0
2602.7764948563467,0.0
802.0260486832985,0.0
269.8638548617628,0.0
686.5868704378629,0.0
1649.3908491445677,0.0
1205.730271534469,0.0
998.7240414864868,0.0
936.0603320141041,0.0
2202.2055014406633,0.0
1386.0598417552742,0.0
2058.640194985352,0.0
1079.7338945335628,0.0
1954.9164324565115,0.0
1861.9454469900747,0.0
1132.3701836497405,0.0
886.1969460196885,0.0
806.36511329421,0.0
771.1586456426048,0.0
1467.3928454017946,0.0
1172.95740663944,0.0
1359.9837617231626,0.0
829.9793226599268,0.0
1176.0068994402493,0.0
1532.2004256372259,0.0
164.60932596155465,0.0
368.22237625313477,0.0
636.5789427619368,0.0
880.3254966462298,0.0
955.3967730190673,0.0
821.990074291904,0.0
-608.4162759851341,0.0
1049.7925250227281,0.0
650.7572533188886,0.0
1775.8768394569292,0.0
341.54102177505644,0.0
2220.644665687435,0.0
-58.99758063722834,0.0
1447.380131113358,0.0
202.48893007016892,0.0
-62.01877503530437,0.0
1299.6166703584315,0.0
-89.12090077497972,0.0
-1089.796637432784,0.0
-553.1004385319922,0.0
326.73623983223354,0.0
1280.0547023786503,0.0
-513.4619415344289,0.0
9.618426991961595,0.0
658.3426644361793,0.0
827.5747406515289,0.0
-308.8153331100793,0.0
-905.1058760601609,0.0
-1109.065750860677,0.0
-285.65551471888176,0.0
-397.2949820415515,0.0
-1449.4836041415965,0.0
-1413.0251719394842,0.0
-225.3201812235606,0.0
-511.38709620587304,0.0
-969.4031307608818,0.0
-408.7977167773953,0.0
-1404.2906527168045,0.0
174.01366128933944,0.0
-134.1235871645314,0.0
516.8526792820072,0.0
-343.9763670632947,0.0
-399.78116003863107,0.0
176.02278834733886,0.0
-374.3087876608623,0.0
561.8927598178544,0.0
-631.8517491082687,0.0
-1238.2780235041168,0.0
-2030.4681075703916,0.0
-570.1519093386329,0.0
-104.30533412495734,0.0
-856.9510821757735,0.0
-1809.7680356983822,0.0
-2187.974476308959,0.0
22.606292688037,0.0
-683.2114784318219,0.0
-1651.9092023363162,0.0
-1097.6691751065785,0.0
-1366.7991068025663,0.0
-1119.9788090567433,0.0
546.6473198807221,0.0
-1299.2094837969203,0.0
-2274.2752291818997,0.0
-396.0975939425697,0.0
-1307.5592387853467,0.0
-908.2185748376932,0.0
-639.4562634666056,0.0
-640.6426433573023,0.0
-1696.9941676357757,0.0
-151.73421451841858,0.0
-1556.8358029236904,0.0
-1426.2126281517492,0.0
-1420.983884113776,0.0
-1749.391741551682,0.0
-112.7390102125351,0.0
-1573.2688025199182,0.0
-274.2912516821963,0.0
-1019.1864908850541,0.0
-1101.3996937773422,0.0
-1196.0175053584321,0.0
-988.2062711915162,0.0
-1797.7808452080617,0.0
-199.16461629381445,0.0
-1246.9474853427225,0.0
-1155.4022330387209,0.0
-1225.0526420838426,0.0
-1224.7673555055237,0.0
-1872.4061719314398,0.0
-1593.7102650691565,0.0
-1356.7463763989072,0.0
-407.15280211804054,0.0
-1690.3268748757177,0.0
-2023.7840200991268,0.0
-1812.9286493867412,0.0
-1079.3566746235058,0.0
-365.47153641423563,0.0
-930.7887795937575,0.0
-651.8994645066208,0.0
-2074.058989256787,0.0
-957.4714547477726,0.0
-524.2012202777724,0.0
-1536.9751873256282,0.0
-372.0940003816442,0.0
-797.8500980299339,0.0
-555.8289915734683,0.0
-975.8063017907439,0.0
-693.4887730380386,0.0
-1960.5721769319193,0.0
-1602.1168381294492,0.0
58.82593433916462,0.0
-80.81872580917161,0.0
-493.95284615354154,0.0
-984.3072227748632,0.0
590.4117608234777,0.0
-1344.119287130677,0.0
-1271.391491238102,0.0
-1140.323101868915,0.0
-838.2063046221441,0.0
-434.24789192197943,0.0
-260.47905665014827,0.0
-1260.8401744659052,0.0
-148.57212790801293,0.0
-578.6888640338245,0.0
-1043.2586793853723,0.0
-1093.9039074514899,0.0
-807.929495862879,0.0
-686.2086884758628,0.0
312.08600840715997,0.0
-922.0282802234849,0.0
399.76187399203985,0.0
-508.79907374680556,0.0
-835.3243117926779,0.0
406.21303150203664,0.0
309.5105888936037,0.0
-582.122640362088,0.0
-1554.2284292007685,0.0
-268.6118817802401,0.0
735.7583966471952,0.0
80.79977102802597,0.0
44.524156348660256,0.0
-599.5362099430162,0.0
341.8996986768488,0.0
-156.4830735092487,0.0
-401.88112100305096,0.0
389.63533730207763,0.0
770.1642820767735,0.0
520.9998854112334,0.0
-282.13302736034916,0.0
739.0904981142454,0.0
-526.4303062184787,0.0
-622.4416798847906,0.0
369.62860738898905,0.0
198.51788586451244,0.0
1272.5289672443946,0.0
680.2161565378763,0.0
1420.8343534303613,0.0
1137.411081070938,0.0
1219.2292469330346,0.0
1763.3185437021154,0.0
1677.9389118499216,0.0
-40.52444002917905,0.0
1898.7523880046106,0.0
610.4520192553462,0.0
842.6843667758884,0.0
1861.075377639147,0.0
780.009886301676,0.0
1397.0342404400662,0.0
1007.4795130852895,0.0
1491.7520604982424,0.0
1591.814763768315,0.0
1460.3466340300013,0.0
1476.1899388017077,0.0
1118.3966498017423,0.0
1125.838979761063,0.0
1576.032287413863,0.0
1749.0026717775127,0.0
353.2117199839354,0.0
2040.6472900537117,0.0
2264.5003759328706,0.0
1165.8199117261902,0.0
976.913058104124,0.0
1512.5718224199065,0.0
1570.511258851462,0.0
1419.750754379586,0.0
1700.8214617760307,0.0
289.2599122130946,0.0
2015.7077291210126,0.0
1909.6016602692016,0.0
555.8640819890762,0.0
1887.0097144520948,0.0
977.375723292563,0.0
1933.2922757292517,0.0
266.5647046064837,0.0
2590.7294014422323,0.0
1024.0896508920969,0.0
1491.7707211529637,0.0
1043.9718492187426,0.0
601.4244122417196,0.0
2931.1644566941686,0.0
1435.0925883120526,0.0
2432.948575829513,0.0
1915.0859323323366,0.0
1837.252812481415,0.0
1276.6578517288283,0.0
2218.0713670356276,0.0
2697.1372657303978,0.0
2722.334636092335,0.0
1786.0268520709112,0.0
1977.4811084094558,0.0
2732.776953713377,0.0
2398.985469951427,0.0
888.1399313691417,0.0
479.25455148974095,0.0
2860.9428787497736,0.0
2191.1804916609904,0.0
1674.5379360688996,0.0
1698.2090828583634,0.0
1902.6756439390185,0.0
1948.50044063863,0.0
1770.0331932551671,0.0
2443.7976893532755,0.0
1433.3138869489994,0.0
504.6077827861044,0.0
1304.046184915248,0.0
1809.3847865885703,0.0
1720.725009837934,0.0
1556.7029917741754,0.0
839.8837004355437,0.0
-305.92204821378436,0.0
1031.6989875855206,0.0
1660.7292934359357,0.0
1611.6395992360956,0.0
530.4306652398022,0.0
1090.850026200494,0.0
1665.8961186267368,0.0
428.75392581047754,0.0
678.6085408013216,0.0
2580.368184113118,0.0
718.1601838618114,0.0
1649.6293859172222,0.0
1295.7672039015806,0.0
976.5754495956273,0.0
269.01934306499857,0.0
238.06231561935738,0.0
1804.7579314377235,0.0
-192.12096594532113,0.0
1022.2126742133106,0.0
-11.290637781828764,0.0
-236.60069058930281,0.0
148.86990527063418,0.0
81.11575858534218,0.0
1159.7462749067931,0.0
761.2295550300788,0.0
1882.6576461330449,0.0
520.8076355889323,0.0
1208.0586472858065,0.0
1843.4282098195226,0.0
440.94735713598027,0.0
571.0720611229755,0.0
796.8319490984079,0.0
-63.337829377220544,0.0
75.80579745733202,0.0
-547.9212120157308,0.0
-212.73977730964305,0.0
-565.0733064792574,0.0
365.0751653799904,0.0
-631.5176070431132,0.0
322.73947408723984,0.0
-155.69556588073578,0.0
1630.5682782263991,0.0
34.576832508839374,0.0
-295.99976117712345,0.0
-650.0609058418094,0.0
-465.37393662125686,0.0
-732.1119289126239,0.0
-834.5053530280919,0.0
324.51235862650947,0.0
-1012.0950554516802,0.0
67.1599746748393,0.0
-297.25789025081576,0.0
-937.4143319488177,0.0
426.976578307471,0.0
-633.1733690198627,0.0
-406.899177234038,0.0
-209.44333750886008,0.0
556.9807658557277,0.0
-534.9707911705689,0.0
-91.1369811423408,0.0
748.4646091848043,0.0
-557.3575653670608,0.0
-1242.0978852702215,0.0
-702.430240691237,0.0
-2210.6459850861233,0.0
-1120.941012496051,0.0
592.6137316956444,0.0
-1517.231708742519,0.0
318.1530690432687,0.0
-577.2363202907376,0.0
-1387.9223735872008,0.0
-1165.0793150195668,0.0
663.6198806733846,0.0
-1197.4926699883758,0.0
-740.2269701800333,0.0
2.8273180736638324,0.0
-1045.5973409813707,0.0
76.1941102817737,0.0
-890.6023128820885,0.0
-1377.089419158949,0.0
-761.0573175394338,0.0
-1327.7738234805804,0.0
-1450.4916511089143,0.0
-1791.3895486074473,0.0
-282.6726630234083,0.0
-1505.7171263816026,0.0
-1468.7654280818042,0.0
-1418.8741481841707,0.0
-1368.4822087445496,0.0
-1738.6671848923702,0.0
-811.2951437896158,0.0
-1282.9350988028866,0.0
134.40732640481747,0.0
-888.0522498071368,0.0
-1446.4181881168563,0.0
-1053.401070155652,0.0
582.2937446836222,0.0
-2043.5596280188256,0.0
-721.2886045863432,0.0
-688.6310590506982,0.0
-874.4207131359949,0.0
-752.3924980477159,0.0
-1549.7412721372655,0.0
-715.4937942971303,0.0
-409.1696779266921,0.0
-821.8829346708192,0.0
-2210.8964414360617,0.0
-1063.117472517532,0.0
-1299.0224635418226,0.0
-1546.9087515192546,0.0
-737.4954641296954,0.0
355.47236368853305,0.0
-1036.13255849287,0.0
-131.31352083834815,0.0
-1479.6542917858844,0.0
-664.9553874457725,0.0
-882.6925372672498,0.0
-847.2824560269314,0.0
-701.4278428485637,0.0
406.916440835436,0.0
-117.25118806014876,0.0
-1260.1579531585787,0.0
-1461.597875483997,0.0
-731.4348886215821,0.0
-272.98639943070714,0.0
-913.0858859819897,0.0
674.1415486395043,0.0
-1142.0350130287006,0.0
314.1069572605394,0.0
-1030.4392196445274,0.0
-941.7555328060132,0.0
-886.9395837125913,0.0
-64.86640523398412,0.0
-1059.4903762493468,0.0
-1180.8982594417766,0.0
-73.29581145912077,0.0
-168.6783191687124,0.0
520.7706462031625,0.0
876.9832213080646,0.0
-308.94765972900984,0.0
562.9445619703257,0.0
110.00054702267535,0.0
97.24731098542544,0.0
-597.8933367001052,0.0
828.3911914224796,0.0
618.3059891851282,0.0
517.707431054802,0.0
-893.544643218084,0.0
1082.2117679409234,0.0
-20.63307098381142,0.0
1659.7013053545295,0.0
329.66485431734765,0.0
245.54795921288616,0.0
1837.3558221344806,0.0
379.2398628121141,0.0
536.3495221155224,0.0
662.5472234349678,0.0
587.2453982250047,0.0
689.9110344799093,0.0
1096.5400388390412,0.0
1926.435887417761,0.0
1763.9763714395096,0.0
329.8654040415416,0.0
369.1484313416484,0.0
752.2124956001255,0.0
552.485322742914,0.0
707.160427976264,0.0
777.5425110488939,0.0
407.59931150722196,0.0
292.90333945685416,0.0
3231.34362605088,0.0
-191.59258451613232,0.0
1218.3988847893993,0.0
1269.0761080479472,0.0
1759.378518654573,0.0
1438.6604384212544,0.0
1969.5976076071884,0.0
1540.9137669466215,0.0
1446.7931785728858,0.0
1418.869169718524,0.0
1815.1345420072114,0.0
1108.7916328587423,0.0
1119.3955940747119,0.0
2150.9080747854823,0.0
1579.9509800119808,0.0
551.2224445697294,0.0
753.3117608748279,0.0
1920.8153943719346,0.0
1969.5725423196077,0.0
873.3993487464859,0.0
1797.333123078845,0.0
1438.9173301277178,0.0
1731.2266271261906,0.0
646.8697318311533,0.0
2135.8880793332496,0.0
1990.723000987488,0.0
1637.2451809064153,0.0
1810.273577641347,0.0
929.7399707999438,0.0
2188.7981597851467,0.0
1554.686040492948,0.0
859.3356176333925,0.0
2161.0143283617163,0.0
2239.2215187977845,0.0
1727.7311642924246,0.0
2435.6016662567254,0.0
1119.7452170479155,0.0
2281.2431836059095,0.0
2308.808399254094,0.0
2232.7258135803586,0.0
3128.915639205569,0.0
2507.2425435427335,0.0
2010.0183092073823,0.0
1898.5079689487318,0.0
2988.5752560574183,0.0
2514.936533906162,0.0
1542.8823644631718,0.0
2363.0462809791643,0.0
1821.622242303124,0.0
988.1877456422475,0.0
2868.750379224493,0.0
1979.3165672834486,0.0
1616.1301028705327,0.0
2908.6450301747054,0.0
1765.4331216131661,0.0
1551.5809660230798,0.0
1318.5210139099763,0.0
611.2807226640994,0.0
1312.9357829347807,0.0
1340.8834292399333,0.0
2434.4805482508546,0.0
1395.1565033959105,0.0
435.00162598665867,0.0
1686.7264133548483,0.0
558.862185055195,0.0
2058.290119954778,0.0
816.2751491623798,0.0
1849.50295059945,0.0
1390.3897184215798,0.0
1298.4252528464717,0.0
1571.3155913971325,0.0
1664.314277360263,0.0
854.9726079868014,0.0
2577.827290444903,0.0
998.9473768207899,0.0
1940.2808339901121,0.0
870.8335478182245,0.0
1126.7087591607587,0.0
2222.898492299566,0.0
1226.2443370628873,0.0
1641.7841243273424,0.0
226.58193592014482,0.0
1448.4934991084447,0.0
2240.8305019584673,0.0
463.03905163977504,0.0
480.66696244808116,0.0
1104.335973904088,0.0
1108.7668273726513,0.0
1768.510028986757,0.0
2016.7159947237387,0.0
1532.2836088310419,0.0
369.9886625554295,0.0
868.4475152046931,0.0
452.972522258852,0.0
-298.8692040357936,0.0
510.05549508016594,0.0
-465.15587770011336,0.0
251.95611918033813,0.0
-350.94294715809644,0.0
-449.8814126102674,0.0
-573.2184691564435,0.0
684.2305928073605,0.0
-215.17533482581916,0.0
-324.51070394243243,0.0
136.51541787761442,0.0
831.0754710506054,0.0
-148.68718126030382,0.0
685.6542586730104,0.0
1384.2468849458473,0.0
-631.2968067483748,0.0
-1089.4587389071623,0.0
-911.509803417373,0.0
-732.2023524089482,0.0
-717.6089714797165,0.0
657.3153402032776,0.0
-43.18189898004259,0.0
-896.6280502993195,0.0
69.8819204159187,0.0
-1095.2770864849035,0.0
-322.9243343843738,0.0
855.6273183757736,0.0
784.3498655087894,0.0
52.59480439423612,0.0
-1080.033097075961,0.0
-250.22175167769225,0.0
-385.44118079476624,0.0
-900.6540653390896,0.0
-1869.9742344558788,0.0
791.6135632627149,0.0
989.593552683519,0.0
-507.46306395611407,0.0
-1064.2784430091644,0.0
-555.1915512948697,0.0
-104.61930226883885,0.0
-42.427497240600246,0.0
-594.9829586705149,0.0
-1258.0231290866036,0.0
-1124.7233993489917,0.0
-810.6232332057881,0.0
-252.38797095373155,0.0
-677.6555471562127,0.0
-1115.5966772768352,0.0
-1004.7016943290032,0.0
-273.812688108821,0.0
-774.9564559592711,0.0
-749.5873433029095,0.0
-1555.4436131384841,0.0
-705.117906194245,0.0
-46.85383622325497,0.0
-992.3014268747977,0.0
-546.1355893669873,0.0
-1281.940648543014,0.0
-1031.9765003676507,0.0
-1094.6410742087828,0.0
-876.688323368315,0.0
-330.5367939652342,0.0
-1443.501306382664,0.0
-1497.0019863833288,0.0
25.57644353832535,0.0
-2266.8756048788387,0.0
-788.847699616125,0.0
-2109.3690841954754,0.0
-1023.739404881656,0.0
-744.9903137063092,0.0
-2395.635309320859,0.0
-497.7452339269758,0.0
-605.4729314704039,0.0
171.88326110591277,0.0
-257.8336324963367,0.0
-887.8760371127714,0.0
-851.4027256761447,0.0
-2131.6132638639465,0.0
-873.201093491444,0.0
180.0176637019636,0.0
-154.55196162767533,0.0
281.3639830488366,0.0
-1233.2145270361111,0.0
-374.10941230656806,0.0
-758.3983460337265,0.0
-850.6207625275509,0.0
-17.8524956048106,0.0
-1084.161400033823,0.0
-1560.2964925375613,0.0
266.49633939073897,0.0
-839.727866433356,0.0
-2243.3951045958256,0.0
780.210020895625,0.0
-240.57471233431443,0.0
-153.06712375273764,0.0
278.42300509142876,0.0
-417.878096479376,0.0
-857.499051406085,0.0
-389.5758551298305,0.0
-515.6244865041666,0.0
52.251239864173215,0.0
-971.7989206531053,0.0
332.6624981738535,0.0
499.3677049462633,0.0
-1085.5102486802605,0.0
-8.66827802577754,0.0
-954.1835874199243,0.0
-452.9175469474012,0.0
-471.5091283954737,0.0
886.6864424481253,0.0
941.7354627926986,0.0
700.7500668712643,0.0
-890.9499101140043,0.0
725.3191114316201,0.0
-1109.294942911265,0.0
282.6903294549712,0.0
133.65452522198785,0.0
-222.86560663267363,0.0
-571.3043031314562,0.0
606.8153747950516,0.0
1344.3669980716822,0.0
1306.272906931288,0.0
873.8985101052092,0.0
1167.8279908675731,0.0
675.0934739805139,0.0
456.58160302353804,0.0
1012.377908840858,0.0
-57.78039878088352,0.0
-39.12037738180561,0.0
1352.2289068693076,0.0
1190.868540770604,0.0
1132.4023428256123,0.0
1310.4788478570629,0.0
394.8620322949079,0.0
2452.1477640987405,0.0
1316.2455154881548,0.0
883.5545609724592,0.0
1634.4228529002833,0.0
1099.2257168854655,0.0
1625.1604844943054,0.0
2027.2565027244025,0.0
1562.5206247655879,0.0
1306.005448592229,0.0
1737.1590329004644,0.0
439.46508243983305,0.0
1212.0281252074963,0.0
1742.7771003281823,0.0
903.6597478129013,0.0
2632.224049313038,0.0
1508.037966296399,0.0
1454.9301686599738,0.0
1588.6766230862509,0.0
832.2064623233429,0.0
1190.8624529743215,0.0
1753.9981936281,0.0
2011.8497244268544,0.0
620.549136204805,0.0
1069.9725632422524,0.0
2424.9732572845496,0.0
1173.9341163589074,0.0
2861.2845885542406,0.0
2955.1516465449376,0.0
1045.584956713631,0.0
296.16378609924686,0.0
1963.5713562519632,0.0
2928.307822264344,0.0
628.5708866245137,0.0
1360.9076468542494,0.0
2903.134661062244,0.0
1486.7392915462847,0.0
2021.9905611233614,0.0
2479.924663665334,0.0
2164.090439769095,0.0
2291.007004609665,0.0
2238.2888682350376,0.0
1707.8581426501266,0.0
1159.6191349583492,0.0
3439.7598350657518,0.0
1898.0738456205095,0.0
2559.520423069068,0.0
2789.908667120768,0.0
1857.296424094643,0.0
2076.4807580510774,0.0
1174.6048673475448,0.0
2760.5540849987947,0.0
3820.923912517201,0.0
1765.1048187370466,0.0
1135.1014638272727,0.0
2653.9205230586567,0.0
1739.9774860902603,0.0
2012.396607652995,0.0
2493.695564138424,0.0
2063.684722468851,0.0
2580.7525435672273,0.0
1914.3436389659855,0.0
2872.847278147064,0.0
1813.9801018736691,0.0
1553.728089550939,0.0
2314.943274582768,0.0
1273.0103920304005,0.0
1689.36550467105,0.0
1479.2437795620408,0.0
1603.3217503928302,0.0
3020.7430141959358,0.0
2022.6009440469654,0.0
3771.1282499898866,0.0
1562.4683059870379,0.0
1283.3313639383864,0.0
3033.913765963882,0.0
1030.4928225482236,0.0
2020.068255666186,0.0
446.9003402432529,0.0
949.2873239213504,0.0
1786.2600298949171,0.0
2883.3568174853917,0.0
1870.5508301442155,0.0
1024.0911669014445,0.0
1426.9639767341007,0.0
1811.281507792749,0.0
2041.7161783752474,0.0
2262.6152542838204,0.0
429.34638647258197,0.0
2001.0198361892387,0.0
2350.8587296354926,0.0
3286.6904323620834,0.0
842.7371805169087,0.0
1589.6109053587081,0.0
1507.5640598586097,0.0
774.1501423576693,0.0
-684.6214937256921,0.0
804.8498149870998,0.0
2403.8864886219176,0.0
964.9879922972722,0.0
31.097645038099472,0.0
1222.4284222382046,0.0
890.8820336059141,0.0
800.6572243885729,0.0
1927.6547240771636,0.0
1088.644632167623,0.0
2500.0892467076465,0.0
-146.34298127410497,0.0
954.191942854252,0.0
-72.98199798821463,0.0
1966.9189359160569,0.0
405.7735660229803,0.0
1105.6046522677443,0.0
794.1482657753099,0.0
1093.8995561397992,0.0
529.3909236208323,0.0
973.1259770608358,0.0
-935.6432517581566,0.0
-633.4995919224834,0.0
580.0934592650394,0.0
721.7543913559865,0.0
1462.8017289646327,0.0
-201.73129545193322,0.0
356.52637153081423,0.0
1560.1165438493706,0.0
417.7918775732319,0.0
-335.824913812683,0.0
-1214.0868490460773,0.0
168.40165841790738,0.0
1123.0941106259586,0.0
170.6369493745866,0.0
-523.7383314131997,0.0
-1449.1241915713697,0.0
-821.3396739271834,0.0
125.51504714051197,0.0
-219.7588693384554,0.0
-277.09356811347095,0.0
-1084.9076720211986,0.0
-16.383706465369244,0.0
228.70640745246584,0.0
928.9008942642049,0.0
12.485315758285537,0.0
-547.4022099925744,0.0
-15.306733542500268,0.0
331.913542388936,0.0
-442.90920818664137,0.0
-1480.8673642029332,0.0
171.08337892237319,0.0
773.2181667115747,0.0
147.54467888926223,0.0
570.3240773924451,0.0
-873.3041129573164,0.0
-830.7230092989009,0.0
-694.3721669267725,0.0
-605.349768981828,0.0
78.04473452677479,0.0
438.96012249769046,0.0
-1832.2486951958276,0.0
-230.86343155364017,0.0
-675.5889104441728,0.0
629.6108969308343,0.0
-1077.765107752902,0.0
-430.16451627146176,0.0
496.6307383559615,0.0
551.8492609531885,0.0
-75.9105340010957,0.0
-409.366498077336,0.0
-1255.1645421548046,0.0
-150.29485916605557,0.0
-1241.263754934484,0.0
-418.90041796778536,0.0
457.44587586609015,0.0
1126.6304673949721,1.0
-1049.9709085561053,0.0
-861.6861355893021,0.0
-1042.7437953950064,0.0
144.67856064828473,0.0
-1132.089906601644,0.0
-931.2925763700111,0.0
-1972.7390856439051,0.0
-1413.5140344293056,0.0
-927.9396419393094,0.0
-1429.0705194126879,0.0
-555.2440239429008,0.0
-1391.693368131419,0.0
-257.2177135891165,0.0
-643.0030387388531,0.0
-10.696579554958504,0.0
-698.3387719942829,0.0
23.037967244179583,0.0
-1010.9410848060145,0.0
-1310.4951176438362,0.0
-824.3898848344415,0.0
445.28900152104757,0.0
-53.19331058822047,0.0
367.50652102103874,0.0
174.06296727692768,0.0
-202.00967005084723,0.0
996.716511121369,0.0
156.97031565056182,0.0
236.81012250135575,0.0
510.7010444763483,0.0
-631.9282155685775,0.0
-619.7937554389302,0.0
-365.21120131376347,0.0
-714.7807411190785,0.0
45.149570733340894,0.0
111.11836805757719,0.0
148.1848758473459,0.0
197.15072191959996,0.0
534.1837300931815,0.0
558.6291906089908,0.0
-392.6040605661186,0.0
663.9349590250359,0.0
1756.131183870297,0.0
-274.86971000425245,0.0
88.47497164722525,0.0
1031.186227755053,0.0
529.5585860450315,0.0
1198.7592642941404,0.0
372.45500622530693,0.0
1613.5061774174235,0.0
412.1020926032911,0.0
1030.6785594448302,0.0
1219.83567579268,0.0
1782.57917754019,0.0
1248.5813872825727,0.0
605.2220934963196,0.0
103.57602112281847,0.0
1607.9027101922857,0.0
1383.3942341058046,0.0
1453.0973831673375,0.0
1797.5051394885986,0.0
1427.4942733495202,0.0
1316.5468115173019,0.0
1875.2289437062873,0.0
1111.2193847993397,0.0
1637.662977625475,0.0
679.3541202795782,0.0
1270.2533656588867,0.0
1328.675547756347,0.0
222.52575028156912,0.0
1761.0339161162822,0.0
828.5620520065212,0.0
1524.6514893981284,0.0
1146.6959638712228,0.0
896.2498504110164,0.0
3865.4876602337195,0.0
1690.386425400438,0.0
1813.0736892404884,0.0
2296.946697472778,0.0
1380.534540437601,0.0
1637.1234784994183,0.0
871.3397742855739,0.0
1011.2650656771543,0.0
2719.9492947883145,0.0
2255.9852562742212,0.0
3324.4137509177453,0.0
2125.7932383348825,0.0
2785.2807845046523,0.0
2119.837341227922,0.0
3571.8998865450603,0.0
3010.0465871068363,0.0
3026.9797177106357,0.0
2173.3763285081436,0.0
1048.1286406578283,0.0
2014.5784220524467,0.0
2782.924956929136,0.0
2557.2293940019104,0.0
1771.1178851481607,0.0
1620.6358759931031,0.0
1797.8643946320321,0.0
2424.270240973758,0.0
2688.7998231799374,0.0
2560.9218306579555,0.0
2352.6271729751766,0.0
2075.905618135649,0.0
1904.6021959210213,0.0
2083.84988536146,0.0
2988.471523336261,0.0
2908.6269733602066,0.0
2372.584167951342,0.0
2361.2954302046314,0.0
2338.46376281151,0.0
2510.149276770602,0.0
3342.941018547409,0.0
515.1497880949635,0.0
2082.3433734681535,0.0
2887.019240192019,0.0
2587.9574782644786,0.0
1085.1712665485259,0.0
808.4489632381589,0.0
1538.1904286707395,0.0
2464.6923321942963,0.0
1590.4991003482603,0.0
2652.9194489212587,0.0
2318.5164363944396,0.0
2190.260634326735,0.0
3408.2568975075037,0.0
1464.514037980714,0.0
2393.3210047850016,0.0
1202.1316453572258,0.0
2965.9574576080313,0.0
2872.0657179197974,0.0
1892.0028155232278,0.0
1205.8229318926897,0.0
2383.4117664117744,0.0
2120.423386372438,0.0
1579.7283428840522,0.0
1962.7487047997718,0.0
2255.3574325037307,0.0
1293.393877691643,0.0
1582.9537597041815,0.0
2904.4422057263673,0.0
2496.7135154116495,0.0
2582.0283848686354,0.0
2333.719617417888,0.0
1924.963237418905,0.0
1793.7581605841667,0.0
1629.6120277650473,0.0
1731.0691100202544,0.0
1648.4545568299454,0.0
2190.823877496815,0.0
2463.18142866296,0.0
2982.1044215971933,0.0
1186.5081621717527,0.0
1547.4476575925091,0.0
1756.559945387326,0.0
446.0556721588987,0.0
641.7420731894973,0.0
1368.2997512855022,0.0
1130.226588335455,0.0
2501.0201565063103,0.0
1699.1115946901962,0.0
1078.287321293187,0.0
997.8505100420034,0.0
1060.0771972145399,0.0
2710.2600132157504,0.0
1288.7489755385309,0.0
-55.165509085113,0.0
1686.8994381700559,0.0
1724.142497941986,0.0
1446.4430827547021,0.0
209.6599492434109,0.0
585.3579999488597,0.0
1146.6288342986886,0.0
80.62868539105884,0.0
523.1847303319554,0.0
666.4826892771711,0.0
1141.5503806238335,0.0
608.6583770355816,0.0
27.74612225792066,0.0
705.546188066023,0.0
2097.9238023399475,0.0
269.81996518901946,0.0
-999.2044950372053,0.0
669.0732607232145,0.0
594.0902384296023,0.0
554.5540128732113,0.0
1016.6140830411273,0.0
152.70549009883112,0.0
-22.042305418385638,0.0
40.39217990159625,0.0
474.1333469689479,0.0
59.177058398469924,0.0
560.9052824709731,0.0
1236.157613924529,0.0
575.7605606083083,0.0
750.7859965958424,0.0
1930.5553459540652,0.0
447.9164371748267,0.0
-246.89363946979532,0.0
-76.88429003123017,0.0
60.317917635426056,0.0
229.18569346635388,0.0
1179.6462686607642,0.0
240.53565292121738,0.0
-637.7027908907481,0.0
467.6115854583786,0.0
968.7662937198248,0.0
-841.9681898289541,0.0
1263.3536185765977,0.0
-69.65753256449659,0.0
-96.80630801671629,0.0
-175.12185182340352,0.0
-925.6634118659849,0.0
-861.4921118813184,0.0
417.71673125972626,0.0
-798.1636931891217,0.0
-469.2894543270322,0.0
-43.00482433160861,0.0
-783.2355527685731,0.0
-362.82339878956174,0.0
-1579.1566632970803,0.0
262.86974125052296,0.0
-265.3055002528731,0.0
-1247.7302466878577,0.0
378.9835738882685,0.0
-1488.7076299569862,0.0
-1421.224381909441,0.0
-1478.0238112921968,0.0
-380.08390446426,0.0
-1840.7551567077235,0.0
21.992895559359113,0.0
-700.8001137045983,0.0
80.34704498517198,0.0
-1444.6426701991263,0.0
17.410571200693994,0.0
-765.2160382279587,0.0
693.7317290103207,0.0
-1226.827437238649,0.0
-495.54831941842554,0.0
-1009.3650826080358,0.0
-162.38412973684973,0.0
1298.7429688216469,0.0
-733.9506076059961,0.0
-415.0003162543391,0.0
291.0783454842742,0.0
-325.47125168267394,0.0
-1187.830383940974,0.0
315.63260596628857,0.0
-1414.4654377657398,0.0
-842.5781992665613,0.0
170.6810754581756,0.0
-1000.4674243894145,0.0
-333.099353061867,0.0
345.741245107233,0.0
214.5901162485572,0.0
-816.4561719113141,0.0
-664.7700113987215,0.0
1037.71395274481,0.0
321.5061213672106,0.0
575.7619842708117,0.0
769.9636756398846,0.0
-999.2977479577637,0.0
646.8192205080761,0.0
-621.7709368334372,0.0
468.69730666996975,0.0
287.2057381677615,0.0
-119.49688339473278,0.0
-276.7579200127831,0.0
137.66676372100667,0.0
83.05169070394709,0.0
-537.9002814498263,0.0
-101.01029655908744,0.0
984.102089631295,0.0
144.59891596902816,0.0
-816.8727346462164,0.0
354.19209429186236,0.0
1194.504666234849,0.0
-46.227226124059314,0.0
257.526993573336,0.0
170.57737379266882,0.0
2080.8070914675436,0.0
619.54243195119,0.0
1246.2959126402452,0.0
1215.2522634311638,0.0
436.7082004734233,0.0
889.6562001333776,0.0
2742.335810782518,0.0
1901.908080719229,0.0
1184.1005660668393,0.0
607.9093918978926,0.0
2167.468028954183,0.0
2268.1534973840958,0.0
1379.1409812467682,0.0
1393.5817002726367,0.0
1578.939742379914,0.0
1404.3791802942103,0.0
1581.5687137670716,0.0
1079.4469871243982,0.0
395.21891685883213,0.0
1927.4021027256194,0.0
1050.4287281874472,0.0
590.231507787825,0.0
1719.765787068903,0.0
1659.3476571217514,0.0
1733.4688478981327,0.0
2036.7388328164166,0.0
799.6467841817653,0.0
3080.243996384812,0.0
1360.9358374917438,0.0
909.0055747469986,0.0
1650.2397357093037,0.0
2667.929752157731,0.0
2262.602721783903,0.0
1587.975229641341,0.0
2382.520318671555,0.0
2256.7819272013107,0.0
1008.5875512533295,0.0
2003.904777240021,0.0
2472.0496285441354,0.0
2135.6865802642396,0.0
2775.9484769551577,0.0
2607.3508757739983,0.0
2661.2366505801792,0.0
2588.3753341048305,0.0
1605.6553371329792,0.0
2783.630267668747,0.0
1452.7414972755025,0.0
2804.4964551587104,0.0
2421.2998987354463,0.0
2311.591411453339,0.0
2773.5265803597104,0.0
2015.4996936200826,0.0
3026.833952860655,0.0
2959.682323723282,0.0
3628.0069190631298,0.0
2781.110251243972,0.0
2111.181627388029,0.0
1760.1361726223354,0.0
1765.6585886440507,0.0
2528.805827756371,0.0
665.5352495287311,0.0
3631.9980506022193,0.0
2765.908012368845,0.0
2159.805046731925,0.0
2100.4788164306065,0.0
1044.0716464223165,0.0
2471.359840567274,0.0
3582.2299359881586,0.0
2641.0059114884452,0.0
1465.9114237531398,0.0
2612.2000179467846,0.0
2503.2477671237866,0.0
2964.400131158161,0.0
2471.076548550169,0.0
2612.17357174112,0.0
3032.7107951101248,0.0
3323.892624831128,0.0
3308.6563960121057,0.0
2893.8960431665996,0.0
2823.1475212004843,0.0
2633.4530035815833,0.0
2471.584922910465,0.0
2231.507176296149,0.0
3419.2266880840416,0.0
3805.827094927416,0.0
2215.901295437307,0.0
2040.9611630362328,0.0
2039.663169595948,0.0
1468.6040365984022,0.0
1435.334292996002,0.0
2351.1772379536824,0.0
2169.4566180743486,0.0
3008.3494532579107,0.0
3651.5673653657277,0.0
2186.836904487399,0.0
2803.997616006686,0.0
2647.470745754126,0.0
2667.7549966418355,0.0
3563.903368862399,0.0
1878.1234937462484,0.0
3311.9440389665774,0.0
1963.4222942710444,0.0
1655.3448524586374,0.0
2150.8204470604833,0.0
2525.0255298170523,0.0
1436.01022186084,0.0
2076.7186156349658,0.0
1682.8784005932614,0.0
2759.5027141911664,0.0
2588.9803642940037,0.0
2744.7289130941354,0.0
1239.1185687954257,0.0
1356.3444042943252,0.0
1993.6570124902073,0.0
2625.570466712284,0.0
2183.601532845659,0.0
1363.3341032386393,0.0
1151.648443111648,0.0
1045.8819099075642,0.0
2880.3558845656353,0.0
3032.637274040937,0.0
1782.6221552223162,0.0
5.669481955857464,0.0
1663.941429247758,0.0
1068.731291483612,0.0
2062.7300207134112,0.0
518.8061100501612,0.0
2484.470009264606,0.0
1235.9279482680427,0.0
1082.1695295951204,0.0
1062.599082737283,0.0
2271.65372097357,0.0
902.3860388852441,0.0
843.98206836218,0.0
845.8094797565299,0.0
1049.9088490618901,0.0
859.292446862685,0.0
1501.9036670250794,0.0
1575.3363588514349,0.0
1225.2312282158625,0.0
427.0402580758066,0.0
788.2114450309213,0.0
1224.9897858303889,0.0
791.7496360574858,0.0
157.6864704923779,0.0
1660.799290644788,0.0
737.1605330430139,0.0
582.1987457842333,0.0
864.2607925998029,0.0
566.7795709819719,0.0
1004.0200625841414,0.0
339.8980417895939,0.0
1870.6982889766655,0.0
-638.6296114071545,0.0
-80.3061739294846,0.0
394.02028529053246,0.0
-375.62356075969274,0.0
-418.68293865697973,0.0
-204.00181348605037,0.0
100.73950790952496,0.0
9.415151493145936,0.0
594.0243393754912,0.0
417.8536636707703,0.0
83.38873890724147,0.0
172.06836118952765,0.0
304.1617177197228,0.0
-1744.3247413156298,0.0
-183.38295416156564,0.0
-1112.24458300917,0.0
-137.95971490918953,0.0
-46.14287531044465,0.0
984.0076418924799,0.0
-805.0133313714032,0.0
-730.0848822301634,0.0
269.49161983347165,0.0
-576.6681534162096,0.0
-1452.4346036734773,0.0
745.3787336050725,0.0
412.8045829674178,0.0
-111.88692741486454,0.0
-1497.3323230513524,0.0
-675.097455600574,0.0
-1106.2534972192316,0.0
384.0400406268209,0.0
-497.2030225909253,0.0
-65.84838990445172,0.0
126.76171464126764,0.0
-495.339252618765,0.0
-528.4790968304372,0.0
200.90896438892446,0.0
868.0062723121221,0.0
-1250.4927072972478,0.0
-10.123514205066726,0.0
-1877.2737676342872,0.0
-585.7962644881286,0.0
138.74778127112842,0.0
-1067.2320749934047,0.0
325.3930180446748,0.0
1377.7336187615317,0.0
27.23359132299737,0.0
-720.6582072230519,0.0
888.759512159778,0.0
-205.33299331040894,0.0
-789.8963079915137,0.0
-343.69701188633695,0.0
-401.64541549638875,0.0
-649.4041873282088,0.0
590.0665300663741,0.0
-768.8178926643033,0.0
-1174.1045396514755,0.0
-622.9944031812456,0.0
-207.91250444663257,0.0
766.7061739637546,0.0
-981.104614435153,0.0
563.7602694723337,0.0
466.1220849510936,0.0
-438.3744432096391,0.0
-92.23984923565746,0.0
56.87078547663026,0.0
757.7166689688256,0.0
-144.0093987217444,0.0
1155.1943949002057,0.0
-993.6397738297812,0.0
1194.025298668134,0.0
1042.0607212319128,0.0
743.5882230509307,0.0
878.7090111054164,0.0
1265.6394165102222,0.0
-69.14729470128077,0.0
191.6317043144644,0.0
-57.541296613149655,0.0
482.3292597347298,0.0
336.9686003739845,0.0
-144.43554789351197,0.0
512.9073234836559,0.0
558.5890039506364,0.0
1375.672549398073,0.0
1812.2451877782335,0.0
-332.53078151107127,0.0
895.6723861513556,0.0
889.4480662713593,0.0
1772.8986404253692,0.0
519.5026576617512,0.0
1448.398517221804,0.0
1920.1848232190898,0.0
1070.8282021537716,0.0
1345.487391022432,0.0
