1023.2226688778248,0.0
-416.42944709983186,0.0
3479.7506347353337,0.0
504.6317158676454,0.0
647.9531077425106,0.0
1597.826715434018,0.0
-889.4783469153663,0.0
-187.45354308950903,0.0
893.6545614402003,0.0
1375.7200277701252,0.0
-201.1578353418438,0.0
347.61467015117546,0.0
99.01333652893737,0.0
1607.4218128509938,0.0
-903.3589699079735,0.0
201.58652121604416,0.0
2626.1603577791684,0.0
3006.0661555019014,0.0
-217.14245180175885,0.0
1579.0575976872215,0.0
191.93749309030522,0.0
612.1732188664455,0.0
522.8863604755848,0.0
1330.7786330876509,0.0
2602.2111127900853,0.0
2524.3479381410602,0.0
2032.094794727212,0.0
826.7778388913625,0.0
996.4068825984814,0.0
1413.3139318335984,0.0
2303.937228496115,0.0
547.776117365556,0.0
1279.9555194515663,0.0
1057.7881076105552,0.0
1648.170569962018,0.0
2129.4777565362674,0.0
1966.1463966321821,0.0
2626.3713418187895,0.0
1654.1217536993338,0.0
2846.081938143574,0.0
1513.462856547139,0.0
768.4370777756253,0.0
945.5445123071818,0.0
1013.6798966216752,0.0
711.8093655048194,0.0
1841.6114464494894,0.0
1392.1827003326512,0.0
1706.08229367537,0.0
556.4052644341225,0.0
311.2631411225574,0.0
2151.078866241793,0.0
458.085335215176,0.0
-197.90459701085,0.0
-903.8085292892961,0.0
-551.6505541706047,0.0
1454.1429503739255,0.0
101.11256857740351,0.0
2380.3202935507484,0.0
-354.51740442963853,0.0
-636.2292094831938,0.0
-676.4740573050713,0.0
696.0799342130106,0.0
-1127.3640059498828,0.0
-1514.124601986753,0.0
-286.66716734609565,0.0
-540.0977207779396,0.0
51.34806166702356,0.0
-694.6018138054491,0.0
-3946.6490820625295,0.0
66.82613259706636,0.0
-3012.988863669343,0.0
918.700916743919,0.0
834.9679263473511,0.0
-1520.5528475523975,0.0
-2056.150556904227,0.0
-2157.0597481234618,0.0
7.846184426909076,0.0
-1324.4192906863852,0.0
-2102.188661995765,0.0
-1913.7000067709828,0.0
998.1760517670832,0.0
-118.89379981461008,0.0
152.1208576817537,0.0
-197.82775986560694,0.0
18.488009029920477,0.0
101.42197053835093,0.0
-1286.813162165765,0.0
-1207.8328078699276,0.0
-1150.6358210107653,0.0
-1295.0809664190713,0.0
1125.4369326494027,0.0
-1570.8004399424478,0.0
-668.195169771011,0.0
-1663.5799117490697,0.0
-875.4008492490241,0.0
565.1636665146447,0.0
-922.8586326204584,0.0
-173.0063291161921,0.0
507.13995076601424,0.0
911.88818256997,0.0
1237.5518733919516,0.0
-22.37034891580788,0.0
-2049.9908695147024,0.0
1009.4605607286676,0.0
463.8629788880498,0.0
1842.1787111592816,0.0
-945.0993422510742,0.0
4150.923451572351,0.0
-886.594961112002,0.0
2314.5292815325033,0.0
769.1629611149293,0.0
19.166037371640527,0.0
1987.4455195157639,0.0
825.3665023389434,0.0
-2125.154429197974,0.0
397.1814910305368,0.0
1417.0023825617727,0.0
4101.132189592181,0.0
20.531125861258943,0.0
1595.348912490076,0.0
3211.3670253071427,0.0
2441.081755137807,0.0
859.1858100124161,0.0
-169.6060034386312,0.0
-661.3238071482867,0.0
1654.3935376648333,0.0
2084.054861420396,0.0
-524.7830635790874,0.0
-486.2430865910046,0.0
2300.3590165213136,0.0
2130.327386333447,0.0
931.1281988458727,0.0
1852.2696290103904,0.0
664.5107446493462,0.0
3313.41002961678,0.0
3433.5565693728736,0.0
3795.8746436748615,0.0
2343.869124288869,0.0
2396.9718163102934,0.0
3161.4186223688853,0.0
4118.114264405471,0.0
3493.6417302701166,0.0
3003.2648349464735,0.0
551.1811168948075,0.0
-563.426749250533,0.0
2289.60698686089,0.0
987.5092308716992,0.0
1245.7979307435528,0.0
615.6325042271939,0.0
-596.2262766343388,0.0
3485.6168232757245,0.0
1209.5904266848884,0.0
-97.52566398144518,0.0
2489.47589353423,0.0
1709.0094977884653,0.0
1406.6326478885317,0.0
3014.389449425099,0.0
961.9722895400578,0.0
-771.8231836870021,0.0
490.83454357964905,0.0
-76.67055696458965,0.0
867.0589121629619,0.0
1700.6685660550431,0.0
1376.6421286696557,0.0
-102.60984163690023,0.0
908.3520476154724,0.0
-724.837604085847,0.0
958.004114702561,0.0
-541.5938516575734,0.0
-1801.0614203558516,0.0
1159.0558463113816,0.0
-1417.3001335672507,0.0
1226.020127857147,0.0
-88.36905608864424,0.0
-241.80395035593222,0.0
-62.16560848545771,0.0
-1153.124016673091,0.0
-3279.7778330569054,0.0
628.7791835175882,0.0
-2035.5485424055018,0.0
493.6301626111151,0.0
-1474.079581178317,0.0
-987.71221493812,0.0
-436.3223299563307,0.0
-1541.487104217532,0.0
-809.2175462868289,0.0
37.79448125564903,0.0
-1321.6895284037541,0.0
-2042.6131841013678,0.0
-698.124264493187,0.0
-194.78853049378102,0.0
930.6999889382225,0.0
1384.144434566982,0.0
-313.79147925378214,0.0
-1033.782950621953,0.0
1515.1768487905128,0.0
-600.6632172132875,0.0
-394.3389350897814,0.0
805.2734008942992,0.0
500.64259781511316,0.0
209.6892902555386,0.0
-1525.0763997787342,0.0
54.317785405789095,0.0
-1382.7369135690356,0.0
923.1205504805383,0.0
1139.116461345679,0.0
1457.6096464544237,0.0
1213.1315315355878,0.0
282.5063958591242,0.0
2997.093820108766,0.0
114.09000382758518,0.0
-510.69572717953633,0.0
-54.30052698632312,0.0
1659.0602058630138,0.0
1468.2687571372753,0.0
1317.4291303515874,0.0
-450.11049547481707,0.0
3208.696471565786,0.0
1224.3812910016954,0.0
-231.23969410954635,0.0
2176.424881210463,0.0
671.9436080805151,0.0
1730.8182623678458,0.0
3379.1841012143122,0.0
2152.444527483572,0.0
1407.4327981942654,0.0
1649.5628233936466,0.0
1519.5446512403937,0.0
3321.947330061089,0.0
3788.443247610564,0.0
1299.831298368293,0.0
1264.017106600295,0.0
2160.990200302448,0.0
3975.139176525093,0.0
1995.4769706578738,0.0
2493.38287368642,0.0
1093.8916256671675,0.0
3467.9671097270866,0.0
470.5983741930654,0.0
926.5016161139008,0.0
2215.7120612059184,0.0
2043.3021031041317,0.0
3115.9509345832444,0.0
1514.3842195148472,0.0
799.7343073644076,0.0
1172.4815836121797,0.0
863.8529555454911,0.0
1544.509225931301,0.0
1361.8655381702347,0.0
2631.8093558898686,0.0
1265.1938809072753,0.0
3322.212802793503,0.0
2930.2838728007014,0.0
3693.90764639245,0.0
3632.6647853796976,0.0
2588.922117078471,0.0
1476.7401574026883,0.0
3407.6718485451365,0.0
134.73407218024113,0.0
1478.1344258264103,0.0
2516.2338374378523,0.0
1219.8476808720054,0.0
1583.9194474997546,0.0
852.2257662251707,0.0
758.4495343872037,0.0
2652.209033076419,0.0
954.4246144625372,0.0
1961.0822378244661,0.0
-12.585332379510291,0.0
861.5047123724013,0.0
1460.5482397045364,0.0
1782.1495847484375,0.0
-1173.183612429162,0.0
-719.9037797729009,0.0
1863.1909833789525,0.0
-858.6035490646954,0.0
1025.3070905573081,0.0
244.77717368304474,0.0
1148.724310595497,0.0
-1469.1640095583225,0.0
494.50670330706413,0.0
-2741.980013951078,0.0
183.73782390510968,0.0
1377.3041275796804,0.0
-1622.6097477000708,0.0
1957.8927050005373,0.0
-1002.4545541607863,0.0
-715.2983574528291,0.0
-3237.9220491722754,0.0
1005.4488286366233,0.0
-846.0598489716825,0.0
-42.2867992893797,0.0
-2280.0306671458657,0.0
-1280.9201471617764,0.0
1280.7497799259102,0.0
-363.71693571570563,0.0
749.0893453055578,0.0
22.209518953183107,0.0
653.9221359122696,0.0
-425.0948111489829,0.0
638.5381187461036,0.0
3796.970601361302,0.0
1339.0039174874942,0.0
1763.417876407424,0.0
-195.96793694592606,0.0
1157.5735570520076,0.0
1974.3192882391409,0.0
-1214.1743610704575,0.0
-909.2248079277446,0.0
3044.0681380871706,0.0
749.5938363105961,0.0
818.3482177259266,0.0
1272.3428962196413,0.0
2540.8374773659802,0.0
2308.038944038628,0.0
1727.3026146026182,0.0
3637.100776326555,0.0
1927.177575518255,0.0
422.8039708217824,0.0
443.719185801207,0.0
1811.7547636898785,0.0
1224.3688077560887,0.0
1394.5211867820854,0.0
2077.4738858712417,0.0
-1161.6641285266955,0.0
1950.6297234529818,0.0
3750.412782040553,0.0
2856.1941011052645,0.0
1089.2387957170022,0.0
1846.8423066253572,0.0
4272.697110323812,0.0
2643.792564614624,0.0
2161.8370928563913,0.0
4874.9451751023935,0.0
1960.584732449402,0.0
3723.5812103866374,0.0
2772.7794664428525,0.0
2917.719896219083,0.0
1702.3219399490886,0.0
1466.606996469688,0.0
4076.611326268019,0.0
1931.4137141438803,0.0
3242.78580273171,0.0
1566.9989487203327,0.0
2561.1136287590934,0.0
3434.7497044671945,0.0
1049.3908181693182,0.0
4256.848892094785,0.0
2698.96088285973,0.0
3797.8084806036236,0.0
1699.908763692156,0.0
4310.21822020102,0.0
5539.424481297454,0.0
2310.5556251849075,0.0
1911.817933580241,0.0
3332.2865268747237,0.0
2632.227392644968,0.0
2527.602142739702,0.0
2173.452146466479,0.0
1227.5415981261735,0.0
3026.7930330376485,0.0
1845.5424172608004,0.0
1356.530311580846,0.0
3380.399672325248,0.0
1846.4590268954794,0.0
4202.2552543849815,0.0
1564.8946232170433,0.0
233.45433611542649,0.0
799.1307739096491,0.0
2372.826785202957,0.0
-15.372852887436693,0.0
16.124289110032578,0.0
2932.1416202735436,0.0
-279.06969085386027,0.0
3289.9403937598368,0.0
1448.275013034971,0.0
358.88212569164875,0.0
2382.4196993067685,0.0
306.53202019782225,0.0
-620.8590417533017,0.0
790.6874027332751,0.0
1757.724237406252,0.0
1095.8811530465925,0.0
1143.3896493268132,0.0
2797.023779342243,0.0
987.8544063709057,0.0
1283.420987322048,0.0
1285.270352746741,0.0
-1303.6561586348475,0.0
511.20796161138503,0.0
3547.340802815078,0.0
-1371.8701980299672,0.0
1841.9086560935796,0.0
239.3772423197515,0.0
-913.3849251768411,0.0
-272.6888794325121,0.0
1722.5246503462677,0.0
-444.0428669163773,0.0
1417.7902664267797,0.0
1713.7779671585392,0.0
-731.4721287277758,0.0
447.7943735278505,0.0
1394.541266368186,0.0
212.48245839071797,0.0
2048.3287084077742,0.0
-512.2430031303812,0.0
-56.44108813712103,0.0
95.91595252549428,0.0
1322.6511355410144,0.0
987.6826501864521,0.0
577.6931696798982,0.0
-197.67369700921404,0.0
-47.24103649149879,0.0
-432.73662559185993,0.0
1968.6964418929872,0.0
691.2760194747315,0.0
3635.5389528938317,0.0
2310.9844403291154,0.0
1878.342492678216,0.0
812.9450348937094,0.0
4013.1206338615434,0.0
-203.16790317417986,0.0
2565.283954499054,0.0
3910.0341662486044,0.0
2071.9502867916194,0.0
1300.4256133403965,0.0
2562.627638704119,0.0
4283.207448260728,0.0
3280.673787969957,0.0
3484.0622356978924,0.0
1127.972662022452,0.0
1688.289483081077,0.0
2265.73388162069,0.0
1298.080593735939,0.0
2780.301748191347,0.0
4927.834371171256,0.0
2632.9417634159176,0.0
4089.782439621541,0.0
1143.7162778890254,0.0
2749.4444175996837,0.0
4110.205067005023,0.0
2210.1794378829586,0.0
3696.8413347309947,0.0
5110.678840189805,0.0
4341.527473389735,0.0
3966.855573880529,0.0
1837.786420393064,0.0
2297.8509417579926,0.0
3122.5852550707223,0.0
3410.966053268144,0.0
4481.638247882435,0.0
2521.9263392390576,0.0
4898.068532169056,0.0
2357.88569576814,0.0
2602.689917542856,0.0
1180.7865919801395,0.0
3473.114833473498,0.0
2303.4979687543632,0.0
1676.653878275252,0.0
2994.3243207267,0.0
3665.2215914041217,0.0
3290.531453540827,0.0
3078.100341294326,0.0
2076.0774047047726,0.0
3570.6146595272053,0.0
2438.766270232466,0.0
3669.9482111003354,0.0
241.67368614091947,0.0
2932.3872932102413,0.0
2322.59178252933,0.0
3212.495402185732,0.0
1519.5306418736016,0.0
3650.039851292895,0.0
804.7782759240752,0.0
3816.621600491011,0.0
2991.117187355579,0.0
647.5845699273256,0.0
4732.743608084884,0.0
111.74245212692745,0.0
1092.8952875653592,0.0
854.0133200537559,0.0
2037.9268040348074,0.0
1823.9773220248073,0.0
1984.6460425670919,0.0
2336.731487523245,0.0
1536.6946992742128,0.0
174.92697334345166,0.0
1484.2225919618656,0.0
1485.6955225915626,0.0
-169.92579202872594,0.0
1464.0061458106202,0.0
-1777.3711930631903,0.0
23.70682962740034,0.0
-974.367847196853,0.0
2088.1501423156687,0.0
-1195.160425714927,0.0
489.69898036667615,0.0
1296.9107396176867,0.0
1809.9432718580265,0.0
1444.8646304821623,0.0
1755.6499460955563,0.0
1552.736143769503,0.0
2474.3735949166994,0.0
65.83601071188609,0.0
926.9345196496333,0.0
-927.5495453705832,0.0
1139.208466876889,0.0
3461.492126083075,0.0
685.7253652844286,0.0
-481.71084756182574,0.0
960.1180228209571,0.0
2829.1677566348662,0.0
3008.113667534668,0.0
-113.68756671468213,0.0
1617.3155767123367,0.0
903.726777070575,0.0
1780.4656854339719,0.0
-223.88249010366644,0.0
2343.2100186093394,0.0
1295.8488592178835,0.0
1623.323299425084,0.0
1288.9206324106447,0.0
811.8268782819989,0.0
2566.7914818864283,0.0
1404.063718873264,0.0
2099.5997675528133,0.0
3112.942443800944,0.0
2865.648254900809,0.0
1310.4485862309111,0.0
3555.941750175547,0.0
1433.4452416418592,0.0
3320.7970196753777,0.0
3275.7803595675878,0.0
4603.962013625513,0.0
3960.7366975654677,0.0
4923.707990443617,0.0
2030.088884057992,0.0
2227.2334081908252,0.0
5174.180959652706,0.0
4154.473006106538,0.0
2971.732171606041,0.0
4139.097152388732,0.0
2358.006103158662,0.0
2197.545008594503,0.0
4315.433072007254,0.0
3981.643968950114,0.0
4087.312703941764,0.0
5447.388395950375,0.0
5705.5513250048125,0.0
3126.062503849438,0.0
3173.860986743592,0.0
1412.3836685590409,0.0
3368.738666571359,0.0
3551.871129145457,0.0
4171.05603243709,0.0
3726.0375499998377,0.0
3281.7399741734866,0.0
3545.5933115222088,0.0
2025.8561522244893,0.0
5408.69853930003,0.0
3432.6287246497973,0.0
4726.619783704669,0.0
3302.8168573094854,0.0
4219.133066065201,0.0
4216.842999003978,0.0
3016.7761469290167,0.0
2024.8728441965077,0.0
5929.923989148074,0.0
2726.562033119539,0.0
4080.2813874891317,0.0
3026.8623246163274,0.0
2025.5966289876947,0.0
4145.439826484028,0.0
3452.645669981363,0.0
3049.8317958274183,0.0
-262.4899954612706,0.0
2500.217008286487,0.0
4079.447278538887,0.0
2639.0399906640905,0.0
2036.2885572014811,0.0
3669.71986816197,0.0
2402.3183635929236,0.0
2757.2291385277035,0.0
3250.915270002819,0.0
3015.4928133075055,0.0
117.659115884519,0.0
2658.3847603466784,0.0
1006.523825752923,0.0
-1021.0274790723679,0.0
2436.2211146460795,0.0
-963.6791066979873,0.0
967.8060465573874,0.0
-1354.3898485542843,0.0
11.984127173381694,0.0
1092.3115557853507,0.0
834.7714939445549,0.0
1435.5077542262588,0.0
491.0727573186423,0.0
1034.2512742137933,0.0
3329.89508392356,0.0
81.2936565924316,0.0
1446.4356544240873,0.0
3597.5792240392398,0.0
-279.9282322210279,0.0
-631.600491388682,0.0
303.2794935736897,0.0
1091.8814317573142,0.0
-244.9192861433594,0.0
1913.3614303270076,0.0
507.60768962898874,0.0
-1168.8335867363064,0.0
1044.7143942554142,0.0
176.8683811581975,0.0
1807.2400606851786,0.0
1608.2693492730705,0.0
4078.649548886957,0.0
2353.064409119036,0.0
584.723401899078,0.0
2604.2296872288707,0.0
1934.2717848658217,0.0
1247.9170027026369,0.0
295.7963287622397,0.0
3041.1627958169447,0.0
14701.525170069592,1.0
12455.951584485887,1.0
12688.701994584066,1.0
1311.8894524806783,0.0
4101.3687609543,0.0
3506.4760731075244,0.0
1613.8710852105191,0.0
1710.5345638054655,0.0
2446.405966180456,0.0
3345.7568182111527,0.0
3706.2546730758895,0.0
4885.135917758453,0.0
2598.0405401093644,0.0
1971.3219227878965,0.0
4353.490871157767,0.0
4234.130094347519,0.0
3406.2620992786124,0.0
4324.615102137602,0.0
4113.0547473067945,0.0
4944.11489145084,0.0
3567.0131366323462,0.0
4558.543946884196,0.0
3954.807030379465,0.0
3368.5187341980554,0.0
4771.822309580504,0.0
4170.517793307026,0.0
5285.069864628049,0.0
1955.3317013852372,0.0
2970.019216158502,0.0
5383.548394232591,0.0
2582.1817400828586,0.0
4124.371651707955,0.0
3705.922358420233,0.0
3755.5544519629243,0.0
4195.9785107712705,0.0
12601.623356586562,1.0
15173.76142139215,1.0
15210.707072338024,1.0
4959.813120998299,0.0
5730.570871164509,0.0
4861.828029492017,0.0
4679.023812430413,0.0
1903.349936417159,0.0
5265.242720437838,0.0
5369.93099487867,0.0
5175.351225877821,0.0
4852.63682601489,0.0
3338.635573866462,0.0
3128.839039228543,0.0
3421.81105421325,0.0
3892.8510063753556,0.0
4098.76160654583,0.0
3722.5969937054238,0.0
1796.5880149944865,0.0
5488.042160865976,0.0
2545.6924128861647,0.0
-176.13242249988298,0.0
5508.942242917193,0.0
4917.856246490273,0.0
2626.162736276895,0.0
3978.4044649261978,0.0
3346.6463044910242,0.0
2043.4882869035546,0.0
2487.9807741784343,0.0
1206.0034591559313,0.0
2269.1221677244266,0.0
2033.1699864012871,0.0
2804.3903096617246,0.0
3803.604855689932,0.0
1393.4559731463944,0.0
2661.767686359045,0.0
319.96102132332135,0.0
1007.3813691211835,0.0
2461.433553830301,0.0
3836.200925572702,0.0
2855.252560510469,0.0
3654.2875045427386,0.0
316.79959383189225,0.0
1459.6687210115285,0.0
-1192.4860698531256,0.0
2013.1548635039296,0.0
1389.3814823993932,0.0
984.7066448514245,0.0
607.6588693966326,0.0
2295.4224643942716,0.0
2380.920457581208,0.0
1766.9089628878528,0.0
931.8150653808409,0.0
1984.279180436822,0.0
1578.74113772826,0.0
1173.8063520485416,0.0
2499.347063453033,0.0
2143.8797366878975,0.0
616.9875536960978,0.0
1456.9286412523047,0.0
2323.0991179600005,0.0
2096.327840762561,0.0
2004.7717452935467,0.0
1246.2517893103,0.0
3853.6995805720862,0.0
2386.629869211342,0.0
2226.939456629363,0.0
3417.7170505461822,0.0
2965.8606249177474,0.0
2762.0746399906584,0.0
3190.7467710962483,0.0
2541.2441374431537,0.0
3207.175598194578,0.0
2741.254846360049,0.0
1443.3385220797375,0.0
2967.5256686101907,0.0
3658.815365235011,0.0
1747.4487110639116,0.0
5161.995379321093,0.0
2881.6975266212935,0.0
2130.320537233247,0.0
2927.135141419338,0.0
3763.147456827538,0.0
2890.2729548679504,0.0
2755.4341964324403,0.0
3809.8017469390134,0.0
2486.1014375835375,0.0
3960.1507708793797,0.0
4149.894738908844,0.0
3505.7468755399013,0.0
5120.496525960707,0.0
5664.479186240856,0.0
3623.833184677783,0.0
2147.9375720761077,0.0
5482.855521471985,0.0
5906.49299550863,0.0
2958.0701718531527,0.0
4946.803055949759,0.0
5159.1584928298225,0.0
3249.378059650467,0.0
3971.252728889739,0.0
6045.82078010456,0.0
4917.330988743132,0.0
5228.639256781717,0.0
6892.334851398542,0.0
4515.451986116659,0.0
3174.262264599077,0.0
7041.774136373493,0.0
3655.962316008368,0.0
4154.641501693244,0.0
5606.67676605112,0.0
5146.449425297509,0.0
4897.477315508338,0.0
2862.799162387717,0.0
5774.930830290592,0.0
6989.191907425558,0.0
3869.1777463094622,0.0
3400.8428844672226,0.0
4250.160439984672,0.0
3270.816610025301,0.0
4896.6205800645475,0.0
5103.990724429502,0.0
5045.2800638727085,0.0
4662.316132784927,0.0
3717.07404082295,0.0
5864.712169297796,0.0
3281.8613873218037,0.0
3751.0948155109163,0.0
4207.361001359166,0.0
2688.9443471320733,0.0
3422.5229788228507,0.0
2697.2162348061056,0.0
3267.6924341084605,0.0
5205.984956469607,0.0
3820.5660023227433,0.0
6658.788555075196,0.0
2655.0663389337847,0.0
2783.0229691924687,0.0
5907.71638516132,0.0
1848.5385057434505,0.0
4842.382374318178,0.0
-1027.1426779396716,0.0
1394.492610084279,0.0
3572.048616348601,0.0
4987.317000440502,0.0
2704.0911988146468,0.0
1572.285930659742,0.0
1846.4629126629284,0.0
3523.8000884277867,0.0
2969.78562377004,0.0
3929.886535609401,0.0
1328.6587177585125,0.0
3768.6343701766255,0.0
3807.5646093565174,0.0
5250.257836927399,0.0
3570.965121565837,0.0
3695.258375455145,0.0
1650.0449585002823,0.0
586.1824329952206,0.0
-853.4468703396929,0.0
2849.4019637941255,0.0
4072.8131242895806,0.0
1499.2728213663263,0.0
-141.5435441109098,0.0
2517.924145852076,0.0
2063.884963849071,0.0
1818.7761962080908,0.0
5091.3390910350245,0.0
3363.428809180552,0.0
4180.91503072933,0.0
2066.4430911990003,0.0
3326.9775609819867,0.0
1366.206677638136,0.0
4208.218512292269,0.0
1662.5271941970543,0.0
5208.175445587114,0.0
3492.9493328626822,0.0
3239.654485333983,0.0
2185.483711718274,0.0
3694.5707132894872,0.0
1652.9138834568266,0.0
2677.5614924580914,0.0
2129.8464099066264,0.0
6238.1184855051415,0.0
4358.915758122456,0.0
3618.756433532508,0.0
5241.074634924249,0.0
7590.473628987641,0.0
4094.9359478921783,0.0
2726.9963513137445,0.0
2782.2402303109893,0.0
4659.046975166337,0.0
5771.184883285602,0.0
4635.158479647129,0.0
3915.699342032154,0.0
3226.5465989179374,0.0
3643.6356057242283,0.0
5803.364821935739,0.0
4974.036245485968,0.0
5174.525106144303,0.0
4049.13682077883,0.0
5148.850139540953,0.0
5531.647180140481,0.0
6689.575443657944,0.0
7615.124753599663,0.0
4887.9660757271095,0.0
6370.193049175823,0.0
5983.9184635348975,0.0
4525.05613664114,0.0
4510.013777717797,0.0
6602.557172127192,0.0
7870.573813265142,0.0
4380.499909082903,0.0
8069.766707528529,0.0
4821.0588662834225,0.0
4282.430151149542,0.0
5705.032979913183,0.0
4754.190240341677,0.0
6366.8978961036555,0.0
6123.389139189245,0.0
1430.951606327807,0.0
5894.389951774847,0.0
5745.413705847832,0.0
6912.4306567926415,0.0
3873.2293110300457,0.0
5057.906827491116,0.0
6303.176572216144,0.0
5600.25147680762,0.0
6238.909437776603,0.0
3361.671263921369,0.0
3145.8958284673818,0.0
4482.142814172743,0.0
2445.5842662095283,0.0
4452.249283279223,0.0
5073.323338725245,0.0
14670.98546103295,1.0
12746.169309927249,1.0
13622.73085655813,1.0
3644.077625704127,0.0
4353.781966870807,0.0
3962.3571307283446,0.0
2743.7849266331514,0.0
1380.7532033726072,0.0
1231.190902719131,0.0
2270.9999713316106,0.0
2116.3381996413846,0.0
3259.2366371591365,0.0
1805.258173294432,0.0
2622.7302994733577,0.0
1677.2876847593539,0.0
2796.3964714692547,0.0
3994.695724884673,0.0
3682.2373562389125,0.0
2121.0752610652835,0.0
1879.1918162928646,0.0
1578.874172922665,0.0
2773.6800703045405,0.0
3771.4582003019004,0.0
4598.154528449803,0.0
3240.8197898013937,0.0
2422.205274023486,0.0
3549.254530826305,0.0
2014.2124917334797,0.0
2004.1411947689132,0.0
4268.9759704375265,0.0
1597.7367485726552,0.0
1030.3645905582514,0.0
2166.719132862331,0.0
1337.5403295150202,0.0
3196.7519934252696,0.0
2504.5495759151313,0.0
3350.0626591020664,0.0
2448.448705483376,0.0
2095.444617213476,0.0
3891.4684237790584,0.0
3089.5561767261606,0.0
3079.6161605866023,0.0
4486.833037300337,0.0
1785.9824193084612,0.0
3887.5517758625697,0.0
4503.858931217463,0.0
3881.854964812596,0.0
4956.492553901055,0.0
3001.160680936789,0.0
4910.324766730513,0.0
2790.005066037952,0.0
4810.455081804785,0.0
4012.293959658047,0.0
4977.970115503813,0.0
2845.3172982785372,0.0
4337.156225132599,0.0
1456.3655727335095,0.0
4820.961388322574,0.0
4811.8741773289485,0.0
5577.353481843361,0.0
5816.848506594138,0.0
5989.582024485412,0.0
4899.502490226207,0.0
5545.643651152632,0.0
4046.2321751453037,0.0
4936.95114498779,0.0
6215.314463128407,0.0
5092.523578518912,0.0
6256.299939586755,0.0
4894.89979449109,0.0
4163.755541257839,0.0
5495.332801910257,0.0
6739.635093927297,0.0
3518.0255327988248,0.0
5841.003873354115,0.0
10461.402121148527,0.0
5395.882145616171,0.0
5566.342617741683,0.0
6551.339864722469,0.0
5068.672654754691,0.0
5201.668528588205,0.0
6562.4859188678765,0.0
4405.698982161055,0.0
6754.062444832183,0.0
6043.620556566583,0.0
6831.845091546858,0.0
5740.398678559386,0.0
6373.981102753785,0.0
5416.540930437324,0.0
9476.587512501506,0.0
7161.296536251615,0.0
6851.849113350762,0.0
6499.200423587515,0.0
4399.14817973233,0.0
4811.280962453973,0.0
5953.452402979328,0.0
4176.476098292833,0.0
5039.8768700856135,0.0
4604.054954629956,0.0
3552.8343620258197,0.0
4472.088544643319,0.0
5726.4707323114,0.0
6068.519888667872,0.0
5144.7169590509275,0.0
4965.89113923974,0.0
5180.45146520338,0.0
4269.31401523298,0.0
4849.538430398537,0.0
5484.485011429576,0.0
4945.970208924206,0.0
3521.932796802516,0.0
3462.8564920750546,0.0
5608.547407302754,0.0
5535.050869555032,0.0
1651.7502335255572,0.0
4117.202362160602,0.0
3338.9211301701484,0.0
4438.123191323089,0.0
1599.488594335432,0.0
694.2216348401314,0.0
3239.180753489375,0.0
2915.3165413836596,0.0
1983.61523846644,0.0
3980.621850244594,0.0
4738.48741397935,0.0
3702.8064308855965,0.0
4293.191530053738,0.0
1534.6816611716454,0.0
2483.6104076392758,0.0
-109.21081416372363,0.0
3721.2277924317996,0.0
4233.123592463602,0.0
4110.266527852924,0.0
2214.8506884767057,0.0
2886.6236205570694,0.0
4295.775574219369,0.0
1357.2063781844045,0.0
3167.5580206666923,0.0
4063.3280325157066,0.0
3483.9566527302263,0.0
2742.5852791963016,0.0
4688.439638775453,0.0
3271.8651923351267,0.0
5494.221049218397,0.0
4296.416696001408,0.0
1798.2744901835893,0.0
3553.884752385569,0.0
2639.5747841087195,0.0
3514.8402684714106,0.0
4160.273355200056,0.0
6008.227252320843,0.0
4254.881528138187,0.0
6193.451157663148,0.0
2854.3489619585603,0.0
3288.2129733561965,0.0
3884.9191421651835,0.0
2621.6798058529766,0.0
2780.968228297186,0.0
4394.566554366432,0.0
4236.619900465295,0.0
6153.788417019184,0.0
4733.7898184513215,0.0
4816.937862325885,0.0
3408.283170957665,0.0
5555.995652175685,0.0
6626.226640236602,0.0
6192.200671081957,0.0
5012.882664979647,0.0
5278.541565755589,0.0
5321.5075962205765,0.0
7163.568851430769,0.0
4093.912707600909,0.0
6593.346003482928,0.0
6732.26640632775,0.0
5842.450982807714,0.0
5660.86949853468,0.0
6241.801164192366,0.0
6017.492419399274,0.0
5943.41436881915,0.0
4571.7766926183685,0.0
5437.326101191294,0.0
7318.707363041239,0.0
6241.027758978422,0.0
4122.989548369297,0.0
7597.616492173036,0.0
5859.347734317561,0.0
6336.298724483562,0.0
6675.66541144385,0.0
6484.7112009452,0.0
4809.152823955163,0.0
5641.298736224348,0.0
6309.307560488483,0.0
5675.608546334635,0.0
5388.918769537608,0.0
8508.853069933692,0.0
6064.181326230014,0.0
7117.697436340173,0.0
8436.992701898795,0.0
6337.77711711207,0.0
4961.695815031066,0.0
6046.196462169355,0.0
5061.350726026214,0.0
6862.607306103344,0.0
7240.919932628292,0.0
5794.46712834439,0.0
4334.853001894879,0.0
6415.946073873628,0.0
6775.094157826479,0.0
5224.444381281766,0.0
6955.583090967968,0.0
5372.0235152834475,0.0
4871.274610354234,0.0
4129.999047876443,0.0
4437.023786043635,0.0
4244.780019850423,0.0
6272.878844510904,0.0
2707.0459634057256,0.0
3871.940280541803,0.0
4507.490868455917,0.0
2386.71899915469,0.0
3380.500393367254,0.0
2404.829880688637,0.0
5104.798340365937,0.0
4438.564266945958,0.0
2061.54442930171,0.0
5732.631796649153,0.0
2495.658083435585,0.0
2167.7548762586907,0.0
1154.3893411067268,0.0
4138.175085450397,0.0
786.1676220768109,0.0
3380.6858557227797,0.0
4236.679547393383,0.0
5042.060606295537,0.0
2945.0049081593647,0.0
4150.9489781523835,0.0
2840.3401910520683,0.0
5182.634292783268,0.0
2511.8584738414156,0.0
3594.776755357214,0.0
3284.8336731628347,0.0
4190.923145478776,0.0
6907.41915102818,0.0
3925.742494255055,0.0
3384.9161298335293,0.0
4858.963340402395,0.0
4226.590110682961,0.0
1981.5959760559836,0.0
5279.898794534791,0.0
1612.6708203438627,0.0
2444.7357950170403,0.0
4158.588583288183,0.0
2419.427945723516,0.0
4511.326098932006,0.0
5561.948018156516,0.0
4396.6775202311455,0.0
3251.059162096664,0.0
5251.429693022258,0.0
7317.177795615457,0.0
4897.617402227129,0.0
6518.505598327886,0.0
7013.288185246425,0.0
3890.4334339085494,0.0
5869.321395620236,0.0
3429.398819904909,0.0
5739.671474941529,0.0
5865.556616261913,0.0
5335.903529769951,0.0
4056.755207337122,0.0
5231.788405949924,0.0
4570.556942333971,0.0
6397.6959820510265,0.0
6173.045885706427,0.0
5909.828318944725,0.0
4811.468932141219,0.0
4523.501645712326,0.0
5883.687664266104,0.0
7936.3054503058975,0.0
5142.698289834923,0.0
5822.80023945459,0.0
4636.470464204316,0.0
8735.03462245187,0.0
5564.89069380038,0.0
8052.315400520143,0.0
7144.187994312078,0.0
6004.697291089959,0.0
7298.567470330063,0.0
8103.104638099334,0.0
7645.1004533916275,0.0
7120.590574425078,0.0
6403.411405158297,0.0
8446.880589840413,0.0
7654.888998384371,0.0
6798.604868296381,0.0
6951.220999577527,0.0
5803.329871039117,0.0
8156.735737151802,0.0
6137.370534207085,0.0
6467.714535664091,0.0
5387.692475701109,0.0
7069.362899766259,0.0
6437.077371868562,0.0
4543.5566562712365,0.0
6785.110512167543,0.0
6581.403607839446,0.0
7743.7992025266485,0.0
7313.884974708742,0.0
5011.345154156103,0.0
6720.406636221473,0.0
6851.125842637547,0.0
5668.335609453035,0.0
5234.358058201932,0.0
5779.967774974827,0.0
7008.227725045021,0.0
5182.173551773486,0.0
5659.926674133346,0.0
5163.47532997879,0.0
4567.524261178205,0.0
4470.442558187271,0.0
6087.788231767353,0.0
5507.444962727186,0.0
5492.062928286079,0.0
4948.758673892767,0.0
5117.939631722842,0.0
5608.757080887718,0.0
3418.561018826525,0.0
5603.116113361741,0.0
3896.003339116116,0.0
4149.740048959282,0.0
4507.286306700892,0.0
4775.507837610989,0.0
5323.663428194687,0.0
2841.751605158388,0.0
6483.3760381162865,0.0
5889.663015708403,0.0
4585.912104277986,0.0
5244.154343297016,0.0
3413.4671493575042,0.0
1919.090518501563,0.0
2282.827543425103,0.0
4314.574368946651,0.0
1732.2301659596583,0.0
5781.641927498517,0.0
4364.0267648609815,0.0
2333.3402755007337,0.0
3488.934271645455,0.0
1980.209683837294,0.0
3810.43047115731,0.0
4419.670555438799,0.0
4833.498327487455,0.0
2960.1884678954266,0.0
5530.093855060508,0.0
4709.0856536820065,0.0
3893.4542997044728,0.0
3663.5327332906018,0.0
5664.0093374669705,0.0
7157.4704854914435,0.0
6057.842856484266,0.0
4979.575138227982,0.0
3811.492363175576,0.0
4521.832266608926,0.0
5022.658879304603,0.0
5251.646341115782,0.0
4181.32066000633,0.0
7870.000761390385,0.0
7419.603833405086,0.0
6878.783635034079,0.0
5502.305967173949,0.0
5449.442791952511,0.0
4265.191047963672,0.0
4483.182976022005,0.0
6635.550091944525,0.0
6149.962721787012,0.0
7020.799636027128,0.0
8936.849430534798,0.0
7071.265340121036,0.0
6607.485502555026,0.0
6203.440617097601,0.0
6404.647173128265,0.0
8017.748333771992,0.0
6853.938215133447,0.0
7445.136063014488,0.0
5057.484679269492,0.0
5307.710618939955,0.0
6899.429770693776,0.0
8153.564531956517,0.0
5998.797301428152,0.0
8119.423938701899,0.0
5884.434798513712,0.0
6771.30933682556,0.0
7388.706625569428,0.0
8135.110229315438,0.0
5954.881575300641,0.0
6070.071246894545,0.0
6588.409804892542,0.0
9003.131978246833,0.0
8859.79451121634,0.0
5584.158771201776,0.0
6459.7352770969355,0.0
5863.516747774286,0.0
9250.541922184979,0.0
7803.95394835865,0.0
7547.518441519824,0.0
3760.660486379944,0.0
7105.587681888566,0.0
7006.354736634694,0.0
7802.822875333111,0.0
5229.3482462345855,0.0
8135.859285728226,0.0
7686.178094165021,0.0
7675.444093901948,0.0
5411.08071715852,0.0
8468.806794763383,0.0
7408.715649992025,0.0
6896.753145622899,0.0
6015.832990696716,0.0
5830.135164826642,0.0
6589.360583085593,0.0
6135.58247177452,0.0
6692.85143155779,0.0
6329.289874197503,0.0
5205.751410220628,0.0
6228.911970186663,0.0
7602.349000127734,0.0
4820.495880737029,0.0
5274.377417945931,0.0
6643.334550501057,0.0
6484.5064810350195,0.0
4584.292269355562,0.0
6054.777185006921,0.0
7304.770046815951,0.0
5556.810438744546,0.0
5099.3910920814105,0.0
7101.369360347151,0.0
2893.5103336633147,0.0
5509.355219850334,0.0
4860.936146513453,0.0
3756.8025820446796,0.0
3667.8298939412443,0.0
3748.944608722397,0.0
5419.056267252994,0.0
4932.205389577668,0.0
6049.209514346756,0.0
6519.384420231185,0.0
4056.798595029608,0.0
4516.318514479151,0.0
5201.552396092048,0.0
2517.5468222141208,0.0
4254.066958267347,0.0
2072.836171383601,0.0
3997.191056531041,0.0
3193.2138189338425,0.0
5313.2865008028675,0.0
3953.6197544011966,0.0
3743.6172436841707,0.0
5905.880770577913,0.0
4379.210799594426,0.0
3672.824749307943,0.0
6157.759883649012,0.0
6043.320101934387,0.0
4446.715842051663,0.0
3595.224950365274,0.0
4049.428060621311,0.0
3770.0379661801308,0.0
7033.6145074926535,0.0
4495.5572092789425,0.0
6985.761690474505,0.0
6752.200839059847,0.0
6132.426019778067,0.0
5890.765955569153,0.0
7700.894823046352,0.0
6844.918109132051,0.0
4335.851362091202,0.0
7170.14555841336,0.0
3107.253989811168,0.0
5039.81905758795,0.0
7270.348072512079,0.0
3706.906116003468,0.0
7982.79826332918,0.0
8326.204720796237,0.0
5745.969275095414,0.0
4019.9324848473125,0.0
8515.592606587747,0.0
6061.261540952788,0.0
4692.596112508139,0.0
5375.683633497987,0.0
6301.113663828744,0.0
5526.436471033879,0.0
9061.544071717875,0.0
5911.94235419431,0.0
5624.073116115393,0.0
5629.062446153644,0.0
6145.309658750162,0.0
8657.940334147304,0.0
5392.501976718686,0.0
6209.363038203482,0.0
7678.457913752409,0.0
7344.559789199922,0.0
6915.109937066105,0.0
7267.790231176304,0.0
8134.164143006055,0.0
6259.939855518416,0.0
8861.55037931318,0.0
6180.952946256046,0.0
8335.590163975836,0.0
8694.78041087785,0.0
7896.5236275370025,0.0
6958.272423653394,0.0
8794.256324155627,0.0
5704.381704887352,0.0
7831.463414483,0.0
5919.2061448816,0.0
7003.277915855839,0.0
5870.718602282744,0.0
7075.185043465306,0.0
7059.873738196227,0.0
6857.430893179994,0.0
6679.522959604633,0.0
8241.810408825095,0.0
4555.172936654248,0.0
6263.109413052766,0.0
7352.7596007986795,0.0
8002.194900979221,0.0
5456.551568595953,0.0
5146.760163432169,0.0
7010.046235955464,0.0
5721.606689858469,0.0
5889.524104374607,0.0
