1555.2495099301339,0.0
-928.8501545948759,0.0
7010.316051681107,0.0
-186.37027919874765,0.0
586.7087216623522,0.0
4042.3519078113272,0.0
-2452.050780233167,0.0
-1378.703761987377,0.0
840.2070211730352,0.0
164.94452136797304,0.0
-2578.615273839304,0.0
-318.6934068023756,0.0
-791.1352810471535,0.0
2079.907752866435,0.0
-3988.423859848466,0.0
-1384.168916300981,0.0
3825.3196731392372,0.0
5443.056166557666,0.0
-3211.573111835475,0.0
2160.150900445261,0.0
-1891.6192350364981,0.0
-1351.1128927905918,0.0
-1422.0206909407157,0.0
13.89270279589482,0.0
3628.727353188224,0.0
3059.2078664640176,0.0
1501.5581323423708,0.0
-97.93533848391405,0.0
758.5424755961589,0.0
874.9346818552276,0.0
3251.2252299437696,0.0
-633.9485787720535,0.0
1115.4260585909874,0.0
834.322928253016,0.0
1386.9392379191297,0.0
2352.3025077479524,0.0
2202.594106406731,0.0
4897.535753869967,0.0
1572.7123212463393,0.0
5615.9226589767795,0.0
1194.6034241820275,0.0
427.62557456142986,0.0
1731.4702630628535,0.0
2341.6794271071903,0.0
2047.4823604518954,0.0
4857.992631923264,0.0
4337.1632618477115,0.0
3395.274250616085,0.0
1097.0506093296212,0.0
1462.4456244617588,0.0
5704.36105037357,0.0
2342.650564946589,0.0
-961.8426025631152,0.0
-172.5815393864582,0.0
363.34208334450796,0.0
5130.5086833262,0.0
1869.517676366616,0.0
8043.778071438355,0.0
3175.714690874275,0.0
2037.8995351548315,0.0
1008.3669622349544,0.0
4716.6390179964965,0.0
1213.0354068040356,0.0
-103.80210120730999,0.0
3468.2840229485946,0.0
2291.16145349592,0.0
5008.854819744224,0.0
2133.1557823269054,0.0
-5379.865122850242,0.0
4408.910422745722,0.0
-2764.8693984262627,0.0
6515.253993559369,0.0
7038.0790894353395,0.0
1151.5013325648692,0.0
-598.1533526056523,0.0
-1085.6635932641898,0.0
4769.174880297836,0.0
1816.9226982141386,0.0
540.7280971132323,0.0
1361.3830255319235,0.0
7830.38710125895,0.0
3730.971727348261,0.0
4680.2802467881065,0.0
4496.303912327647,0.0
5098.871994357816,0.0
5225.709701441958,0.0
863.6901480701231,0.0
1847.677662230009,0.0
817.6565670759107,0.0
787.3802636639939,0.0
5964.309509942479,0.0
937.1973147548467,0.0
2328.2428904850035,0.0
431.89940327410477,0.0
1119.3412020012647,0.0
4708.4715291880275,0.0
1278.7179241389235,0.0
1671.5674272505569,0.0
3955.5736057269523,0.0
4192.0458818031675,0.0
4919.12404263522,0.0
2809.0279029502476,0.0
-2325.1405865257907,0.0
4278.017212096169,0.0
3591.7248081582957,0.0
5469.680810237305,0.0
-72.3520185571997,0.0
9805.801872935814,0.0
-895.9751024184143,0.0
4987.313816678346,0.0
2563.6267013055817,0.0
967.8260292096013,0.0
4751.925334789797,0.0
1793.7898558233974,0.0
-4220.069264852169,0.0
-312.52869277711125,0.0
3444.6082859096196,0.0
8639.156911648946,0.0
-1333.3600422321028,0.0
2500.7053957340518,0.0
6371.512170279004,0.0
4181.323589357025,0.0
1172.8528339392992,0.0
-1577.2861330725077,0.0
-2640.316081705107,0.0
888.5089000639359,0.0
1877.2805927661948,0.0
-3541.7815921889023,0.0
-2477.210885315247,0.0
3233.645486484388,0.0
1730.520363509256,0.0
230.10771854435416,0.0
1511.4232978269067,0.0
-88.525391812424,0.0
5050.701019447643,0.0
6493.807857481775,0.0
7571.105877732175,0.0
3964.839086000393,0.0
4076.982785932316,0.0
5979.423449965499,0.0
7171.46796041918,0.0
6233.475354170065,0.0
5428.821622600492,0.0
229.45831236684558,0.0
-2362.216829404664,0.0
4360.023442594523,0.0
1633.3485902217024,0.0
1910.3486872919116,0.0
-89.80454792084447,0.0
-1676.3962304239624,0.0
6329.403306806761,0.0
3010.7303517920027,0.0
-781.2749720047113,0.0
3814.255324291741,0.0
3155.310476681782,0.0
3401.1754517863546,0.0
7820.110385799469,0.0
2107.5376510107126,0.0
-1425.6231597794554,0.0
2000.0236698633435,0.0
341.49768659309734,0.0
3315.9838186944694,0.0
3275.5535464740956,0.0
3351.5794070862216,0.0
624.6378821940771,0.0
3230.846926307883,0.0
376.23426998246873,0.0
3528.636508904706,0.0
964.7483939638308,0.0
-1435.1536024092698,0.0
3715.0307394066012,0.0
-331.74797217474907,0.0
5619.385995327236,0.0
2821.2468893478026,0.0
2780.769456463876,0.0
2215.530414549782,0.0
1173.151740469417,0.0
-4734.112262214048,0.0
4863.039996353124,0.0
-859.2949575764494,0.0
4263.581503079537,0.0
-142.49320807436493,0.0
1133.4720009378564,0.0
1345.5823860922278,0.0
-983.821108070345,0.0
1162.9198785527333,0.0
2965.630714388919,0.0
306.86405208551264,0.0
-1840.500854348043,0.0
375.25525691881217,0.0
2266.362216548391,0.0
4722.512777138903,0.0
4399.161872763736,0.0
2147.303274774712,0.0
-846.643271307056,0.0
4499.215228907109,0.0
1313.632313713346,0.0
899.2854511904321,0.0
3873.49501942358,0.0
3052.02957511757,0.0
2571.8488658845727,0.0
-1836.0156025628864,0.0
223.53567600427937,0.0
-2913.969943522048,0.0
2242.274022611061,0.0
2010.7089048461448,0.0
3901.011836798755,0.0
2290.808200615181,0.0
480.69154851914277,0.0
7028.38473646539,0.0
-1026.5467845965145,0.0
-2103.0381462392766,0.0
-460.33416664388164,0.0
2827.7733445061003,0.0
962.8321726692432,0.0
626.8068761394454,0.0
-1942.590476352804,0.0
5477.933577231712,0.0
49.63850130228616,0.0
-1873.0532396170179,0.0
1561.61638303649,0.0
-826.7981957293241,0.0
956.3732804165468,0.0
5048.17996706935,0.0
755.7662599936111,0.0
971.9734094047095,0.0
494.616856938624,0.0
716.2128797942377,0.0
3862.5509347649295,0.0
3607.6771200116355,0.0
214.04707941067215,0.0
-954.4902949044483,0.0
1175.7042355463807,0.0
4262.977605446246,0.0
1277.1817291120572,0.0
1407.2805776653447,0.0
-2765.8699946148886,0.0
4238.207048746564,0.0
-2562.532726202517,0.0
-1833.0844532320273,0.0
807.0623147677009,0.0
1500.765182222049,0.0
2282.835253608062,0.0
-330.3614999739325,0.0
81.16646051275313,0.0
-187.50924459545695,0.0
-2660.696110771162,0.0
830.9462178367672,0.0
-84.03735656297908,0.0
2971.463783205237,0.0
1011.4769677909374,0.0
4603.429929514063,0.0
3884.5960064490155,0.0
4860.97873259824,0.0
5478.663268822628,0.0
3846.899073513391,0.0
1509.960230587853,0.0
5816.734705449038,0.0
-720.4490309222062,0.0
1987.039296043768,0.0
4490.861913808912,0.0
1484.2236782501407,0.0
3734.9748900664104,0.0
404.19970854499525,0.0
925.334230094629,0.0
4384.803890753617,0.0
3623.1317509565233,0.0
5322.9848691558145,0.0
1624.9242525181457,0.0
3008.961203711468,0.0
4126.869335540212,0.0
4120.971109678133,0.0
-1215.7198938431957,0.0
574.7400753290458,0.0
6274.8623072008595,0.0
-664.5718152809118,0.0
4285.262344091014,0.0
1799.0326637931603,0.0
5223.3194285031805,0.0
82.78467208708662,0.0
3073.330406008164,0.0
-3058.6934946516794,0.0
2803.2909239310234,0.0
5814.126279229207,0.0
-1123.125182530936,0.0
6524.172702415778,0.0
901.3797080362913,0.0
2412.904589063104,0.0
-4493.6983538648265,0.0
5831.222452264238,0.0
851.6157176677116,0.0
2078.3506063109207,0.0
-843.6907494980428,0.0
410.3973060148719,0.0
6278.022795567167,0.0
2003.0851638256236,0.0
5470.436653527224,0.0
2931.4020054670154,0.0
4373.460779880951,0.0
2007.5552093144229,0.0
4527.813638071182,0.0
10831.937863255047,0.0
5438.660166083303,0.0
5442.9307237382845,0.0
2214.8317258858297,0.0
5982.686536417204,0.0
7198.74767365721,0.0
-862.2454145705256,0.0
-50.2867925154369,0.0
9313.737122985392,0.0
4515.920340007433,0.0
3976.983876437819,0.0
5101.02683314325,0.0
6973.060583119096,0.0
6227.357812455739,0.0
3847.814827904689,0.0
9518.212352392336,0.0
4397.356356724414,0.0
1648.291484464899,0.0
2252.966068897266,0.0
3984.6263484324286,0.0
3092.4139556119317,0.0
3559.5841144514916,0.0
4976.411751782976,0.0
-4152.5884342866,0.0
2766.332548660296,0.0
7301.494036749353,0.0
5939.07135680874,0.0
2340.248375716543,0.0
2961.6575834765144,0.0
8002.205076550677,0.0
4227.515771080804,0.0
3359.5164568711834,0.0
9794.554449296647,0.0
3543.5646781579744,0.0
6781.256493884079,0.0
4746.052873932726,0.0
5047.3397040055215,0.0
2323.2637068589847,0.0
2416.0176863857987,0.0
8224.508378018656,0.0
2191.9580955106862,0.0
5836.590020611401,0.0
1904.9869426575528,0.0
4452.743179050482,0.0
5481.801435849962,0.0
842.9785578638075,0.0
8384.322365844437,0.0
4842.113095284321,0.0
8328.646472899043,0.0
2830.874878971082,0.0
8214.380871936268,0.0
11843.736357098125,0.0
5640.409134478443,0.0
3778.7531204098414,0.0
6977.134911385176,0.0
5921.58401457402,0.0
5250.173915503558,0.0
5254.054014365944,0.0
3804.6012834170447,0.0
7034.45314590595,0.0
4750.068092894233,0.0
3594.9862511072038,0.0
8264.897434736466,0.0
5415.927002192021,0.0
12497.436546631254,0.0
5225.635599813501,0.0
3499.6787881969376,0.0
4289.333795404629,0.0
7210.899718294582,0.0
3609.671603755978,0.0
2625.280919685714,0.0
10261.793449081677,0.0
2622.702738583112,0.0
10417.769420816163,0.0
6600.688160294831,0.0
3620.9060192200172,0.0
10305.19369789488,0.0
5368.466271330559,0.0
3257.806936923095,0.0
6342.414312120914,0.0
9404.259619809698,0.0
7853.018250569543,0.0
8212.4313512405,0.0
11172.915091983776,0.0
7031.120745251652,0.0
7586.144803956984,0.0
6473.880276880526,0.0
2384.746272079357,0.0
6170.345103267702,0.0
11652.483871953416,0.0
1895.5694021637455,0.0
10009.669832807305,0.0
6856.250193538801,0.0
3834.4967353341744,0.0
6153.250885856605,0.0
10803.01825612314,0.0
4818.903518773241,0.0
8704.077062880544,0.0
9553.843066059542,0.0
3982.668327865607,0.0
7708.070619975589,0.0
8150.772745355453,0.0
5386.360976396209,0.0
8839.15990218868,0.0
5054.624986422565,0.0
4920.2691903399755,0.0
3729.6567812600297,0.0
7637.056567167076,0.0
5805.620290723817,0.0
5233.329346820182,0.0
3526.08790445201,0.0
3166.2972600754697,0.0
3956.4506134386183,0.0
8458.46587399936,0.0
4570.865092442871,0.0
10858.373138591958,0.0
7907.92739121041,0.0
7073.741068053648,0.0
3675.6382357155835,0.0
11855.338970534165,0.0
2403.938472432208,0.0
8021.016550941525,0.0
11103.00079512865,0.0
6154.575943437022,0.0
4636.344374012781,0.0
6712.067302251327,0.0
9619.694539643751,0.0
9723.799588265425,0.0
8357.869436460009,0.0
3480.167552457603,0.0
4564.670588539592,0.0
6587.249094926441,0.0
3035.9391917034436,0.0
5984.143375796171,0.0
12160.406564123567,0.0
4220.642641235229,0.0
9424.506915186961,0.0
3354.3225257542963,0.0
5548.053268792654,0.0
6960.268379821447,0.0
2875.107543262135,0.0
6545.216028008068,0.0
10171.265404458161,0.0
8508.771911321372,0.0
8193.078566048156,0.0
3838.0463512067313,0.0
5400.815547743251,0.0
6617.734236000556,0.0
7718.415274436143,0.0
9716.436460558898,0.0
3883.1839180740494,0.0
10681.626418292033,0.0
5140.306307438323,0.0
5379.512361238505,0.0
2581.3918014471246,0.0
6346.828797563059,0.0
5253.696735542751,0.0
2912.474033105205,0.0
5640.767456956678,0.0
6912.428641820887,0.0
5658.721005042862,0.0
7822.4181500807645,0.0
3706.8895953647684,0.0
8429.342467086164,0.0
5624.513240657087,0.0
7569.79266382116,0.0
1009.1212477599483,0.0
6669.7808638729275,0.0
5923.382914340825,0.0
8482.070807325195,0.0
3306.7519797281357,0.0
9679.402460017445,0.0
3082.246089832014,0.0
9780.51660579454,0.0
7839.155100150157,0.0
3720.4637159971544,0.0
12157.943715415331,0.0
2583.738197909619,0.0
5253.59869676707,0.0
5852.391745985957,0.0
7299.372320054996,0.0
6619.490673539179,0.0
7858.551647158649,0.0
7477.017659991103,0.0
6139.715415311932,0.0
3389.205821773006,0.0
5428.234316648905,0.0
7841.870251722253,0.0
2761.6216118064394,0.0
6343.793137210458,0.0
0.7676397077939328,0.0
3836.1096480464457,0.0
1382.8949803298574,0.0
8979.313475769624,0.0
855.3832193812614,0.0
5041.057010898636,0.0
7444.3197428024305,0.0
7558.142211886108,0.0
7612.687221504243,0.0
8365.58013446295,0.0
7080.767172558533,0.0
8382.94770507146,0.0
5009.003401698305,0.0
5626.024546549933,0.0
1002.8545253873745,0.0
6082.176132579442,0.0
9741.044879262023,0.0
3941.7910703253974,0.0
2294.4650156995626,0.0
5654.826436503958,0.0
8887.30215768292,0.0
9100.296780534087,0.0
1726.0959084498609,0.0
6597.286905022797,0.0
3934.7948258951997,0.0
6269.06405150206,0.0
-18.60367830047562,0.0
7774.202420243748,0.0
4473.174313659236,0.0
5788.385214667584,0.0
4761.363783082524,0.0
2735.8126665820255,0.0
6863.813916354231,0.0
4075.8995823379896,0.0
4093.2215434731843,0.0
7308.162552980251,0.0
5653.929131459805,0.0
3349.451817471219,0.0
7967.208290579705,0.0
3524.9563830925135,0.0
5830.201342813073,0.0
7211.73573539836,0.0
8467.70247714867,0.0
8467.776597460233,0.0
9951.807369351081,0.0
4835.895853558591,0.0
3309.175008578533,0.0
9971.580171644055,0.0
8743.213712470675,0.0
4655.9803041050245,0.0
7338.8721948729635,0.0
4022.500638432542,0.0
1624.0573114552526,0.0
8024.63564906692,0.0
6449.494204835883,0.0
6076.59140272826,0.0
9999.371350986225,0.0
9673.797843779448,0.0
3928.307512143125,0.0
3064.8060960228077,0.0
356.1230792968536,0.0
5345.057193712383,0.0
4728.891064133196,0.0
6603.655414113718,0.0
5646.459893225309,0.0
4082.404784320462,0.0
4772.471086116962,0.0
1552.0011925942772,0.0
9241.131041382308,0.0
4551.836060619094,0.0
7673.027563013837,0.0
4309.447102926946,0.0
6381.162592178961,0.0
7503.3506995254165,0.0
5004.704489766142,0.0
3346.282155183753,0.0
12097.689250671876,0.0
5132.380804702189,0.0
7593.815720358243,0.0
5697.12101399624,0.0
3755.68444068631,0.0
9279.59885697898,0.0
7110.358257978033,0.0
6814.434032118987,0.0
-389.5083197525564,0.0
6491.27361479526,0.0
8709.534181110846,0.0
6737.91316864351,0.0
5579.507205197715,0.0
9349.040209200391,0.0
6748.793490837351,0.0
7714.097434175734,0.0
9007.11711870967,0.0
8858.220660717026,0.0
2518.3586328709575,0.0
7499.058508832852,0.0
4342.8413111341415,0.0
644.3216492400516,0.0
7480.109590215064,0.0
1350.2810510430581,0.0
5180.6008108029655,0.0
-253.2881841847293,0.0
3602.277197233223,0.0
5463.618481116458,0.0
6236.962878628592,0.0
5688.617151728229,0.0
4364.084065935649,0.0
4836.132414022837,0.0
11123.731227075521,0.0
5112.854559322371,0.0
6808.009353650929,0.0
12122.973289665202,0.0
2559.6267753730044,0.0
1731.6649447936716,0.0
4412.454854089157,0.0
6184.449212976642,0.0
3857.7624458944615,0.0
7476.200976593175,0.0
6448.884016047833,0.0
2518.7688064907306,0.0
7331.086381773584,0.0
3687.935869123851,0.0
8906.205378830875,0.0
7859.842802267263,0.0
13325.75950756534,0.0
9529.624054014697,0.0
6342.27297771122,0.0
8771.380262788094,0.0
7929.35754943161,0.0
5752.406549888636,0.0
3724.7713032454812,0.0
10484.096253693813,0.0
11833.089146353037,0.0
6737.335179014455,0.0
6678.369101858217,0.0
6207.625882939837,0.0
10964.905151612957,0.0
10922.740350290334,0.0
5617.9767047900095,0.0
6684.361145823086,0.0
6792.560889182294,0.0
8826.565177997558,0.0
10116.84442501509,0.0
11482.560227308366,0.0
7319.367687330429,0.0
5515.83573760669,0.0
10049.094492609935,0.0
10058.143510495807,0.0
7667.354493232977,0.0
9277.884101852362,0.0
9486.924169937016,0.0
11047.639967353502,0.0
8547.848842511814,0.0
10017.57168109862,0.0
9011.766451085028,0.0
6414.907746007875,0.0
10579.018379758903,0.0
9013.809819157936,0.0
11613.606448069087,0.0
5051.551681995819,0.0
6686.553632636424,0.0
10324.374012603304,0.0
4512.060342127474,0.0
8622.40791978777,0.0
7758.717684196026,0.0
7883.604437549361,0.0
8527.965983751294,0.0
17827.199566849846,1.0
23939.75560262505,1.0
9353.566709293706,0.0
11701.637405064297,0.0
13031.091563104066,0.0
10398.516435156824,0.0
11419.973599141818,0.0
3213.703963193495,0.0
11208.656557604641,0.0
12410.730898995598,0.0
11890.116618979724,0.0
10521.43105652779,0.0
8416.960597150573,0.0
8326.303823743909,0.0
9342.046145169177,0.0
10515.37904982745,0.0
11004.930062560092,0.0
9547.108509936415,0.0
6080.492777212852,0.0
14587.622869711842,0.0
7501.23003177498,0.0
2244.782725858966,0.0
14081.893951739468,0.0
12967.429755056304,0.0
9901.2270594157,0.0
12410.763176071967,0.0
11047.301686948013,0.0
7787.438342557141,0.0
9990.365587008566,0.0
6600.26229963116,0.0
8528.116647472387,0.0
8027.105338744541,0.0
10590.189692695345,0.0
13085.323367855653,0.0
8232.234246845905,0.0
11288.065720405044,0.0
4783.194803096483,0.0
7349.35407019396,0.0
11486.497162774145,0.0
13294.81969520968,0.0
12651.689738657293,0.0
13492.164805619472,0.0
6067.241764316167,0.0
9038.009010946063,0.0
3318.953182946945,0.0
10196.626506523926,0.0
10554.32314154608,0.0
9207.557173263842,0.0
7851.0596518470975,0.0
11629.073569931354,0.0
11903.054958070736,0.0
10735.767298301362,0.0
8763.687600207282,0.0
10730.273190529404,0.0
10537.796751161224,0.0
10609.725520970802,0.0
12192.329294525327,0.0
10696.902341408837,0.0
6921.839509531714,0.0
9726.286446648406,0.0
11536.239728691817,0.0
9804.009831810432,0.0
10976.26880789139,0.0
8696.887454171518,0.0
14334.610183113797,0.0
11495.0765886504,0.0
10840.940071602612,0.0
12796.286129590013,0.0
12455.419304365238,0.0
10978.30912472144,0.0
12968.477645060064,0.0
11810.32072264739,0.0
11366.793756203084,0.0
10587.43702893794,0.0
7513.27870370052,0.0
10992.395969483689,0.0
11375.620153498463,0.0
8070.5047383578585,0.0
14552.314639575365,0.0
10313.484780623363,0.0
7690.481928957555,0.0
9427.852068665843,0.0
10657.814374465785,0.0
10012.424447159252,0.0
8431.18176988611,0.0
10655.097640275655,0.0
6829.441840751056,0.0
9748.873580068477,0.0
11478.675309385215,0.0
8857.982423382768,0.0
12438.72361314038,0.0
13054.223292074112,0.0
8932.427121738507,0.0
4416.172534806344,0.0
12938.563065870994,0.0
14079.686776607381,0.0
6389.568199945963,0.0
11163.349125946583,0.0
11496.218976447417,0.0
6435.4614880128365,0.0
8969.125628261228,0.0
13796.655578316411,0.0
11033.973404366974,0.0
10839.902867954856,0.0
14148.367955507574,0.0
9162.74572554363,0.0
5912.679873058147,0.0
14595.638589377106,0.0
8189.484985514363,0.0
10022.853104214064,0.0
13257.449747531866,0.0
11259.583694833656,0.0
10884.801173194302,0.0
8021.914262541258,0.0
12305.157087347885,0.0
16255.030411802461,0.0
8823.214291751907,0.0
7493.211515634564,0.0
10819.283130197737,0.0
8194.562876558386,0.0
10976.830175833005,0.0
10953.097161293772,0.0
11850.89392131731,0.0
11054.580664103138,0.0
10664.717753000634,0.0
14006.701447198338,0.0
7982.618838023402,0.0
10292.311931070106,0.0
11168.061919866084,0.0
7218.997489175554,0.0
8279.774741679155,0.0
8998.923691295038,0.0
9039.291669364537,0.0
13575.885079503385,0.0
10775.90388578348,0.0
18121.545621886777,0.0
9082.486230041033,0.0
9328.507969981612,0.0
16422.670909247827,0.0
8283.781461447954,0.0
15646.695418205105,0.0
1484.390945858404,0.0
7870.176958935681,0.0
13343.63906468396,0.0
14706.209610005457,0.0
10991.626096081496,0.0
8116.37633543589,0.0
9300.545436341417,0.0
12225.01486256208,0.0
10972.46679396603,0.0
12859.086082100299,0.0
7879.294424362011,0.0
12535.794670211168,0.0
13428.249905718543,0.0
17876.82433910219,0.0
12189.981695556022,0.0
12231.130654607317,0.0
7851.735072381281,0.0
6155.603293004364,0.0
3333.31751479407,0.0
11122.778973386854,0.0
14932.466825375957,0.0
9071.141632004264,0.0
3337.6844876821688,0.0
10262.502847702151,0.0
9149.309275889369,0.0
8622.948203791662,0.0
14913.337544128948,0.0
12691.6863059377,0.0
13698.50019703914,0.0
7819.311625092275,0.0
10847.55796626535,0.0
6651.19430895074,0.0
12845.95053210403,0.0
6706.530475010928,0.0
13641.052014519846,0.0
10472.6903710276,0.0
10201.14248251046,0.0
6214.260759170148,0.0
11307.308503105209,0.0
4989.212384325685,0.0
6733.61479594958,0.0
6889.410445814563,0.0
15405.447195702254,0.0
10293.276382684497,0.0
8208.930990537761,0.0
11573.506304151568,0.0
16676.89101506327,0.0
9362.381973449705,0.0
6641.18737385577,0.0
6514.951288370493,0.0
9775.2575115284,0.0
13812.113659295937,0.0
9492.378614544856,0.0
8763.367588592038,0.0
6802.538862918002,0.0
6756.972922031458,0.0
12390.946276391369,0.0
10448.746545376916,0.0
10682.70951403902,0.0
6443.199833365036,0.0
10888.824666741904,0.0
10672.00533841865,0.0
13738.838384707684,0.0
13479.05443625429,0.0
9106.18818011023,0.0
11202.689186025083,0.0
10911.415064777933,0.0
9109.291932602271,0.0
7611.538809596178,0.0
12457.426276054302,0.0
15948.73890272422,0.0
9053.97494990829,0.0
14937.248488767129,0.0
8957.772790574458,0.0
8582.22031294843,0.0
10191.627504523618,0.0
9056.064423786449,0.0
12640.834525800832,0.0
12880.76615244465,0.0
2550.2690664104994,0.0
12154.925642660892,0.0
11298.63791383393,0.0
14752.461137535644,0.0
7653.963310636939,0.0
10497.335943868084,0.0
13505.102926262049,0.0
12472.393173537836,0.0
14204.235889874202,0.0
7857.203710114073,0.0
7991.974842778005,0.0
11410.374609543285,0.0
6319.934823617999,0.0
11266.84026753631,0.0
12709.56746742134,0.0
25444.629270027657,1.0
20870.40102653404,1.0
9232.720980881628,0.0
9640.083622195814,0.0
11617.688792892042,0.0
11098.60944782279,0.0
9034.203149669893,0.0
5775.456284433603,0.0
5469.779668306868,0.0
7820.651078869539,0.0
7732.551528071803,0.0
9356.207567427246,0.0
7576.635245286965,0.0
9979.171105449726,0.0
8519.825914382021,0.0
10895.75045603193,0.0
11392.836035421784,0.0
12388.29646507274,0.0
8390.699799076536,0.0
8427.528640692286,0.0
7848.558433967319,0.0
11030.698959220359,0.0
12991.841144980322,0.0
14421.130589818351,0.0
11644.058434125656,0.0
10539.715041480224,0.0
13037.772816610319,0.0
10508.453837864809,0.0
8709.067226876337,0.0
13634.857271764728,0.0
9601.7448126567,0.0
7205.042199412139,0.0
10484.271095398697,0.0
8702.287255157858,0.0
11500.734253808883,0.0
9733.639183886617,0.0
11077.996248905292,0.0
9925.124522715061,0.0
10618.020788161564,0.0
13184.039020478158,0.0
11998.75274543465,0.0
11519.717159507512,0.0
14437.90877130286,0.0
8012.2086140138235,0.0
12369.328181205998,0.0
14702.447534502822,0.0
13093.90673062067,0.0
14897.607240217676,0.0
9612.669120243118,0.0
14873.90818573281,0.0
9865.063675955564,0.0
14738.862212281025,0.0
12494.749228304952,0.0
14296.452671377338,0.0
9673.56316363427,0.0
11758.555186235315,0.0
6656.791847628686,0.0
13163.307847464795,0.0
13876.24139333357,0.0
13683.558340410707,0.0
15297.636690234416,0.0
14414.859599706277,0.0
12753.906982198403,0.0
14003.520761390077,0.0
10866.548317756053,0.0
14288.63778577948,0.0
13915.165344190222,0.0
13260.097264497977,0.0
13153.782188143156,0.0
11379.848437633153,0.0
10174.8135391503,0.0
12381.708925381243,0.0
15144.420463985358,0.0
8202.149759042597,0.0
13422.492849415014,0.0
23179.053671133417,0.0
13376.568676020324,0.0
12824.555241670763,0.0
14576.635350602282,0.0
12598.896709588344,0.0
13197.528716008137,0.0
14276.510656304616,0.0
10657.732562668756,0.0
16495.72136883883,0.0
14177.829266076275,0.0
16489.770482047727,0.0
13988.413812807437,0.0
16193.150600538671,0.0
13672.226560036324,0.0
22220.028333852984,0.0
17090.615580562993,0.0
17286.425405579113,0.0
14473.074117213293,0.0
10290.136917533613,0.0
12979.541124554087,0.0
15420.849606012047,0.0
13561.64892199786,0.0
12882.509789582884,0.0
12315.824807374183,0.0
10750.560237262842,0.0
12925.874524272383,0.0
15917.779280505241,0.0
16291.97416154168,0.0
15690.996383062551,0.0
14062.884733204126,0.0
15003.700056829335,0.0
14068.400334120193,0.0
15372.362044752936,0.0
15614.592368951215,0.0
15936.85437654713,0.0
13620.177184427213,0.0
13744.23530430975,0.0
18069.532742203035,0.0
17878.235963046125,0.0
8835.00217398686,0.0
15239.411148866448,0.0
14760.98543048268,0.0
16485.55620375382,0.0
8948.215203375461,0.0
9213.397820891376,0.0
13369.356472670886,0.0
14191.678725412947,0.0
11235.297862906642,0.0
16925.200243416446,0.0
17288.51227609561,0.0
15909.267155206233,0.0
16693.812911277782,0.0
11064.558391461744,0.0
13650.312451580488,0.0
7767.850351861683,0.0
16664.71597514578,0.0
17351.631311741814,0.0
15864.283366187557,0.0
11930.45271045176,0.0
14357.972992543097,0.0
17073.868961285712,0.0
10919.476982801074,0.0
14907.195539936029,0.0
16439.84004596044,0.0
13235.271232904606,0.0
13099.499680851175,0.0
17720.70603974979,0.0
15922.092174930076,0.0
18668.982998030024,0.0
15647.438634110047,0.0
11574.229960564517,0.0
14475.25332600894,0.0
12730.70094673793,0.0
13984.889312228772,0.0
15781.638574416158,0.0
18935.839582983117,0.0
15148.959889222953,0.0
19660.022710272984,0.0
11321.493442173638,0.0
13689.253719802156,0.0
14458.320460362625,0.0
9483.60074146104,0.0
10473.053993254744,0.0
13947.958955687425,0.0
14623.597807181699,0.0
16479.953930926775,0.0
14781.852376937786,0.0
14056.19779741516,0.0
11021.905931587624,0.0
15096.582647382727,0.0
18714.25208732298,0.0
16166.630795041721,0.0
13157.161356351324,0.0
14848.120232131516,0.0
15370.98077250979,0.0
18139.758057903535,0.0
12588.05614191728,0.0
16224.18941299894,0.0
16383.208379296419,0.0
14100.045100921203,0.0
14318.697626604046,0.0
14065.336474983942,0.0
14786.965815775831,0.0
15076.66932045732,0.0
11315.166953308077,0.0
13894.59523522882,0.0
18300.82683132268,0.0
14644.513174907956,0.0
9668.501722634464,0.0
18292.081329525172,0.0
13909.10897271976,0.0
14980.67273578231,0.0
15885.984562201978,0.0
13993.524622459263,0.0
11671.947442279767,0.0
12785.351985698759,0.0
15128.331866857534,0.0
14174.460625115365,0.0
13468.891645159787,0.0
20191.92220246255,0.0
14970.554289533671,0.0
17057.293615287927,0.0
20165.847089215535,0.0
15011.72137842295,0.0
13083.665065383142,0.0
14124.837215302847,0.0
14198.146534046997,0.0
18624.375710920787,0.0
17540.67977003874,0.0
14181.353680133285,0.0
12538.022037493158,0.0
16493.7321765808,0.0
18784.015750951632,0.0
13232.019068488284,0.0
18580.99340275915,0.0
15134.178550076289,0.0
14254.578740238012,0.0
13294.621673778805,0.0
12742.563425977822,0.0
13045.550003365033,0.0
17691.390058625748,0.0
10293.317889317124,0.0
12959.046457226015,0.0
14165.779207469132,0.0
10666.894596001663,0.0
12621.888273891604,0.0
10223.083718115657,0.0
15949.262750098815,0.0
15552.7439100968,0.0
10126.742749799214,0.0
17919.709363021477,0.0
11154.729821964622,0.0
9241.29943164093,0.0
8805.376808596022,0.0
15061.595622161978,0.0
7461.324837365979,0.0
13489.236591558685,0.0
14709.890106868577,0.0
16670.792868245193,0.0
12737.308533074816,0.0
16389.840727588646,0.0
12509.414780481908,0.0
16604.133521640313,0.0
11180.28256951955,0.0
14322.613659307277,0.0
12924.161840890418,0.0
14457.385877419849,0.0
20134.869166499517,0.0
13881.87992687237,0.0
13575.13521787405,0.0
14707.045868875606,0.0
14618.896018777272,0.0
8238.051421258248,0.0
16031.14860669039,0.0
9502.227435014009,0.0
8773.831893178905,0.0
13909.982071377166,0.0
10120.726049137094,0.0
14286.927864580164,0.0
16602.039432277943,0.0
13688.239594892279,0.0
10897.535815103785,0.0
14308.835925391746,0.0
19347.065044114246,0.0
13878.273707127179,0.0
18164.214351491322,0.0
17861.73939821577,0.0
10616.805650735449,0.0
15879.940998631115,0.0
9921.665341908363,0.0
15029.62492604075,0.0
15057.821202992809,0.0
13213.997429249617,0.0
9622.01683640658,0.0
12675.988798596756,0.0
12232.341433513673,0.0
14963.017370394604,0.0
13720.614504047668,0.0
14594.470596896057,0.0
12214.358929685319,0.0
9496.773628485684,0.0
13389.228094692156,0.0
17489.921378093124,0.0
11231.800624002652,0.0
11337.987394212923,0.0
8769.07749859553,0.0
18777.234225732544,0.0
11013.333204009046,0.0
16749.865333961992,0.0
14388.130864143815,0.0
13045.658590603447,0.0
14310.711113129864,0.0
18271.52923087863,0.0
17659.956576847624,0.0
15026.978681307239,0.0
12744.822747048063,0.0
17766.507483202575,0.0
15771.313144432075,0.0
14099.56596728918,0.0
14995.13908407104,0.0
11801.381958140199,0.0
16302.938495394119,0.0
13030.131908876981,0.0
13367.215174583944,0.0
10902.71013072959,0.0
14501.02568010899,0.0
14732.376123472191,0.0
9864.679962507498,0.0
14870.935716954256,0.0
15030.852238993057,0.0
17532.65597110432,0.0
16981.019155756185,0.0
12176.56439620254,0.0
16879.43893647574,0.0
15678.435417528288,0.0
13557.81711378289,0.0
12271.393311894868,0.0
15905.090477500742,0.0
16686.077011045207,0.0
13057.95212752726,0.0
14960.737953951037,0.0
13304.344842823792,0.0
12282.561044505037,0.0
12022.130743527377,0.0
16151.137899102847,0.0
15238.475376007942,0.0
15429.112163332818,0.0
14868.090211805968,0.0
14736.410350395527,0.0
16793.55203996373,0.0
10500.847998419084,0.0
16722.924212410217,0.0
11921.078952767415,0.0
13951.936803860825,0.0
14871.755807522268,0.0
14945.935316939378,0.0
16202.754525432942,0.0
12030.80190671644,0.0
19450.51004958596,0.0
17989.138701998225,0.0
16081.20105863865,0.0
16957.94398648118,0.0
13649.412505138282,0.0
10102.313216939456,0.0
10797.966891749938,0.0
16054.397349280302,0.0
8460.21553077334,0.0
19183.44572714351,0.0
16111.048245624206,0.0
12149.314297619976,0.0
13718.069150435625,0.0
10716.48814029916,0.0
14799.014668693939,0.0
16180.397293385224,0.0
18047.174794662285,0.0
12059.325096075245,0.0
18285.155743429226,0.0
16126.682705943711,0.0
14988.355575797545,0.0
15056.961628281651,0.0
17062.055873934005,0.0
20876.56714484032,0.0
19449.134550412204,0.0
17449.80152569885,0.0
13669.364722594077,0.0
15122.787864345984,0.0
17584.525775240392,0.0
16734.240111166902,0.0
13783.612849383766,0.0
21272.648649714738,0.0
21987.593261339032,0.0
18089.773608630494,0.0
15451.241193659936,0.0
16079.866288664354,0.0
13313.588410476801,0.0
13124.329986156125,0.0
17464.665638273153,0.0
16028.785308220138,0.0
18806.669955487716,0.0
23869.75333216693,0.0
17965.267159498446,0.0
16746.891156425307,0.0
16777.018017289003,0.0
17432.910986005852,0.0
20481.654384916634,0.0
17248.1159724468,0.0
18931.670447384116,0.0
13705.768444486588,0.0
14053.686381330775,0.0
16573.67825236644,0.0
19555.56122837714,0.0
14593.862504914421,0.0
20251.3116418047,0.0
14529.518019482795,0.0
17257.477246707753,0.0
17274.701114571268,0.0
20887.757509687443,0.0
14611.225816503542,0.0
14873.656022567639,0.0
16385.28947990675,0.0
19978.615170788897,0.0
19837.721358596533,0.0
13990.357274553284,0.0
15451.883815878718,0.0
14175.959713839296,0.0
22214.91074143018,0.0
18830.291063063567,0.0
19123.575843635925,0.0
11268.888958363155,0.0
18137.593866334,0.0
17248.552068515037,0.0
20146.897756247803,0.0
13544.9246620692,0.0
21376.94738611073,0.0
19771.13814659686,0.0
19734.58718815773,0.0
14812.67331141538,0.0
23035.105200348316,0.0
19169.295605477564,0.0
19009.750637906745,0.0
17959.044051557383,0.0
17306.76677612879,0.0
18775.935678718342,0.0
18557.55924369923,0.0
20787.506130123496,0.0
19576.7156488537,0.0
16482.809396937773,0.0
19004.03969658406,0.0
21507.042916286242,0.0
16611.058713019265,0.0
18049.777774234804,0.0
21374.808338811155,0.0
20038.0795882678,0.0
17010.12160971153,0.0
20188.102877601403,0.0
21807.102728278835,0.0
20178.05528672016,0.0
18955.826401141734,0.0
23622.442198304045,0.0
14587.886472609389,0.0
19701.179991961133,0.0
19889.515491340993,0.0
16228.970576514148,0.0
16478.4605816115,0.0
16676.2901175972,0.0
19465.813195439645,0.0
18702.132573418716,0.0
20695.06059127387,0.0
22394.751747559774,0.0
17211.175687274546,0.0
18896.39898878215,0.0
19962.1627945486,0.0
13562.6732984796,0.0
18098.393819082656,0.0
13745.20336312722,0.0
16760.94328468141,0.0
15900.66028702297,0.0
21206.877378387577,0.0
17017.51186420149,0.0
16769.098196711046,0.0
20881.27265195116,0.0
18120.884975183453,0.0
15272.946687922058,0.0
21645.63428768858,0.0
21316.577352109707,0.0
17690.207999937942,0.0
14540.651299426449,0.0
16619.91826522433,0.0
15943.140737676278,0.0
22928.33560350314,0.0
16730.922867444686,0.0
21219.738608653115,0.0
21910.374994108905,0.0
19648.509743035233,0.0
19468.755031020326,0.0
22472.665166804014,0.0
20908.674619163994,0.0
14682.80399141676,0.0
21462.862615705708,0.0
12433.216174242323,0.0
16602.985045432888,0.0
20881.422295824617,0.0
13310.910190350158,0.0
21688.61659086354,0.0
24052.98683227903,0.0
17642.68189034602,0.0
13312.602251178057,0.0
22939.940160576996,0.0
16219.045330007786,0.0
14628.82228810561,0.0
15267.505185086677,0.0
16960.091451306256,0.0
16107.205892192209,0.0
23426.46142376541,0.0
15749.295584769334,0.0
14063.494303181335,0.0
14201.438784324642,0.0
16680.90720275564,0.0
22421.251074302272,0.0
14286.293628103635,0.0
17085.54338275214,0.0
19838.77838596461,0.0
17602.40239149439,0.0
17366.08515436144,0.0
17348.794040441277,0.0
19341.817310120794,0.0
15945.93409247742,0.0
21908.630452633108,0.0
13891.510221466979,0.0
20589.795400538704,0.0
21070.424540992903,0.0
18562.155554954104,0.0
17259.095824541906,0.0
21488.669251621934,0.0
15177.150329641556,0.0
18050.04007104866,0.0
15522.780837643775,0.0
18477.284863527468,0.0
15466.24614464873,0.0
16824.322307685412,0.0
19365.06335680253,0.0
17923.513079473953,0.0
18349.23011425673,0.0
22062.76409774944,0.0
12714.464824421288,0.0
16614.611375098902,0.0
18532.153625954572,0.0
21674.902788123854,0.0
15212.774275900436,0.0
16874.65589442075,0.0
19448.385927196225,0.0
15511.777983296608,0.0
16877.632962768454,0.0
