548.3382253123214,0.0
-224.4983638446296,0.0
1995.3967769730448,0.0
264.61716164076665,0.0
389.22130023307113,0.0
1028.9858355691922,0.0
-441.8244088730737,0.0
-47.9316057789203,0.0
581.7914105512693,0.0
778.3712304539109,0.0
-68.96112703836718,0.0
324.4599496158479,0.0
204.6595530738632,0.0
1065.750865956161,0.0
-388.4383930742624,0.0
276.84036707153757,0.0
1684.3205489666468,0.0
1968.3016838598621,0.0
49.04883906921134,0.0
1184.2846067251057,0.0
353.36053410214106,0.0
596.685405615384,0.0
576.4526377163853,0.0
1045.9999345282577,0.0
1848.0122057267818,0.0
1806.0956793994649,0.0
1522.053203676942,0.0
914.8478420831286,0.0
1066.1095174752106,0.0
1287.1438577063504,0.0
1849.5536700369553,0.0
865.9090261893937,0.0
1321.7322052538316,0.0
1232.9098913308308,0.0
1557.142573922188,0.0
1855.460809722784,0.0
1800.1657462993903,0.0
2276.3773632075886,0.0
1676.5012042702845,0.0
2467.596013794304,0.0
1642.361425150584,0.0
1287.7910236049834,0.0
1464.898223201412,0.0
1552.840562394259,0.0
1422.0326773458075,0.0
2110.5663985458323,0.0
1898.272237780804,0.0
2004.6966200074282,0.0
1373.8826852013874,0.0
1299.6472532118717,0.0
2382.1326932437364,0.0
1441.8028639769748,0.0
970.008646975914,0.0
705.4274878946912,0.0
901.1188400559174,0.0
2078.8710925002288,0.0
1287.7088416439665,0.0
2663.9016045149983,0.0
1155.0674684830462,0.0
959.727714983799,0.0
876.8735361262113,0.0
1695.8297427289247,0.0
664.9703062708169,0.0
402.2953096050335,0.0
1140.5511246853682,0.0
940.6075524900058,0.0
1338.8103471070224,0.0
815.6473776864137,0.0
-1101.1830899201395,0.0
1230.1148799481516,0.0
-595.3394983469003,0.0
1664.9881191825807,0.0
1618.8846334382113,0.0
184.47241189701117,0.0
-198.89806230028478,0.0
-317.66017863400634,0.0
940.2723320479117,0.0
122.58863518179172,0.0
-352.93548744702474,0.0
-276.97336232491557,0.0
1342.8065616595388,0.0
548.1755748863028,0.0
662.2461514485019,0.0
430.64451701458086,0.0
496.77524105587935,0.0
474.2614953283089,0.0
-466.25714656769134,0.0
-445.0056367070681,0.0
-548.7281975644323,0.0
-687.8286102385457,0.0
621.8443113471556,0.0
-950.8912323640452,0.0
-540.3981798480022,0.0
-1171.111458726666,0.0
-852.688308709497,0.0
-76.43496333042413,0.0
-1016.067642306682,0.0
-731.3469320507162,0.0
-370.6215411887077,0.0
-249.11103426062533,0.0
-134.6605529128774,0.0
-893.7981126851925,0.0
-2168.5456388165467,0.0
-486.9550077360681,0.0
-839.7387299636314,0.0
-179.260237707378,0.0
-1812.635838571367,0.0
978.7191236675568,0.0
-1955.5890748848828,0.0
-238.9002348246869,0.0
-1127.1717590713881,0.0
-1607.6368235188029,0.0
-556.6442556363808,0.0
-1293.7731300687017,0.0
-3006.0040307546888,0.0
-1688.8795004280596,0.0
-1053.4994142178714,0.0
416.34102898117135,0.0
-2014.656492184296,0.0
-1113.8780693559477,0.0
-188.5721850058801,0.0
-676.8367021309584,0.0
-1572.8659034339455,0.0
-2201.0611449136777,0.0
-2487.779581604759,0.0
-1246.1604430959333,0.0
-993.404432261007,0.0
-2467.2844825898555,0.0
-2377.8538757216156,0.0
-783.6835234770258,0.0
-924.8739647166506,0.0
-1525.1884384672373,0.0
-1009.0018157071379,0.0
-1601.4229321224898,0.0
-80.61891860756077,0.0
96.27363005109044,0.0
365.5086484982513,0.0
-443.41556085326323,0.0
-360.3841933103954,0.0
147.945956183695,0.0
706.2301541391494,0.0
435.33186632769457,0.0
235.6502238374335,0.0
-1092.9719509240067,0.0
-1668.7537164265098,0.0
72.01341439625622,0.0
-590.3861454028682,0.0
-377.6671005423927,0.0
-691.6030847389097,0.0
-1242.0441989534952,0.0
1136.1242281774187,0.0
12.018565522892345,0.0
-700.9956077845917,0.0
815.4863408517017,0.0
519.1928168973816,0.0
490.2350918617981,0.0
1558.207227312777,0.0
405.0789886382566,0.0
-481.11052606701065,0.0
375.777159944308,0.0
120.56764422651094,0.0
807.5307395614667,0.0
1273.6634793002704,0.0
1224.0683997744168,0.0
494.49760013462,0.0
1186.7430373451084,0.0
377.68062921328647,0.0
1400.0659492274867,0.0
663.853677459972,0.0
42.89173502460096,0.0
1747.0115067026816,0.0
434.8922612345271,0.0
2036.3651962701852,0.0
1357.6239809905362,0.0
1354.6753503346506,0.0
1468.8570279301948,0.0
980.4548616259829,0.0
-253.03203534176782,0.0
2104.933133016289,0.0
632.4295963531753,0.0
2108.554493136717,0.0
1016.5060875962756,0.0
1347.0983117044768,0.0
1642.734993690166,0.0
1044.4123770245105,0.0
1522.6160681166862,0.0
2028.8159584032005,0.0
1284.6631173946162,0.0
852.7598283932941,0.0
1593.5746105015262,0.0
1932.9144392195474,0.0
2580.161446123485,0.0
2763.2974020961888,0.0
1864.2230631727516,0.0
1359.480722938431,0.0
2794.612462184329,0.0
1642.2587942210362,0.0
1688.5618226113218,0.0
2370.0213300908545,0.0
2155.5637179755813,0.0
1962.9183977224257,0.0
894.3273464922435,0.0
1680.7475342296314,0.0
811.3940718218985,0.0
2093.716641765893,0.0
2127.07809102967,0.0
2323.7624881370252,0.0
2066.220536912124,0.0
1485.8137331496412,0.0
3017.48609873059,0.0
1200.0140830565192,0.0
792.2756747753918,0.0
1023.4378092922848,0.0
1912.1204673768002,0.0
1650.2876941878228,0.0
1491.6341309904374,0.0
477.4311714403385,0.0
2471.25615436903,0.0
1196.0855883020076,0.0
356.75823911737916,0.0
1560.0321801144905,0.0
671.8281500861568,0.0
1174.0589196956116,0.0
2072.5438447222014,0.0
1202.2969426526386,0.0
804.5430909001466,0.0
812.853416590458,0.0
693.9485003903067,0.0
1611.8099395840536,0.0
1736.8088509019244,0.0
354.67616316317753,0.0
204.54711462857085,0.0
662.6927783451185,0.0
1589.7698488016,0.0
466.5409352612393,0.0
637.3483318488943,0.0
-287.72276849134437,0.0
1121.0742231942509,0.0
-667.8603188862705,0.0
-473.280160691732,0.0
207.0744287789913,0.0
121.52097330214728,0.0
604.2421710495869,0.0
-306.9133858932278,0.0
-644.9314947596093,0.0
-529.0311679719687,0.0
-842.025008680014,0.0
-369.41884918838423,0.0
-532.1668689819651,0.0
186.55891861618596,0.0
-563.1592657244479,0.0
545.7410592357885,0.0
310.5116361814929,0.0
694.2138823963244,0.0
688.6988703422992,0.0
115.99014452285417,0.0
-524.9445771562472,0.0
582.8663542811988,0.0
-1264.0048681875546,0.0
-506.6017791659211,0.0
104.00351336658946,0.0
-646.317264713186,0.0
-349.3836601503335,0.0
-859.6637669506979,0.0
-862.8883341776523,0.0
197.02552155534826,0.0
-597.662046792404,0.0
-33.4868792648914,0.0
-1115.3811634063422,0.0
-625.8486080068897,0.0
-273.9311538293358,0.0
-109.31722755315127,0.0
-1720.9656089772998,0.0
-1393.3261873291178,0.0
115.57773597346295,0.0
-1478.8054163043234,0.0
-325.711777196641,0.0
-792.5872193262443,0.0
-165.99203693706113,0.0
-1609.546826609244,0.0
-529.424991305505,0.0
-2307.058827365882,0.0
-630.8085839306942,0.0
104.15413782804899,0.0
-1612.1737267805574,0.0
460.0304528956114,0.0
-1164.2927788442103,0.0
-922.6681667122523,0.0
-2422.863614060595,0.0
98.52484953639566,0.0
-991.039334073118,0.0
-534.0657322063963,0.0
-1681.9956006643947,0.0
-1136.3523530674388,0.0
373.5026948763153,0.0
-585.1490897994337,0.0
135.40583738661934,0.0
-312.83333827412787,0.0
75.44752469590676,0.0
-522.6570644541436,0.0
120.072956660866,0.0
1919.749540675195,0.0
527.8043317715217,0.0
738.8117768419311,0.0
-307.09561405930685,0.0
534.3056795701898,0.0
989.1922581145643,0.0
-884.8998885421923,0.0
-684.1328862020071,0.0
1643.1446652123607,0.0
355.2812182255033,0.0
372.3995103277776,0.0
656.8713757219822,0.0
1350.321547775238,0.0
1219.4433856616079,0.0
839.3810015587435,0.0
2036.2751207235601,0.0
992.5981714416863,0.0
175.70828170851166,0.0
235.5758493055264,0.0
966.0610404852264,0.0
667.6595446128945,0.0
787.5686135871063,0.0
1192.429916616778,0.0
-765.2778896434077,0.0
1045.5874039682878,0.0
2130.893138660787,0.0
1669.7351801089685,0.0
689.4760615143722,0.0
1085.3964293467611,0.0
2483.1000231614107,0.0
1556.5480913949664,0.0
1311.4803339313366,0.0
2918.9878922823677,0.0
1275.0164770550819,0.0
2274.83600416274,0.0
1754.7065565799069,0.0
1860.7390039090224,0.0
1183.4849602971155,0.0
1107.2506595488912,0.0
2636.395987417068,0.0
1354.589718504627,0.0
2177.2625792567405,0.0
1226.4099174617113,0.0
1844.783280637067,0.0
2323.2377546398097,0.0
1013.5142781096761,0.0
2911.7039600612743,0.0
2036.8546160071162,0.0
2756.068570980356,0.0
1527.2982386381798,0.0
3034.2788514832596,0.0
3819.7736357197555,0.0
2040.977011327766,0.0
1781.955471065316,0.0
2627.944759947582,0.0
2277.683961456157,0.0
2216.619507832184,0.0
2080.5663531635964,0.0
1594.8977494217877,0.0
2609.255362975379,0.0
1968.2727101113444,0.0
1701.7326661344207,0.0
2895.099274369916,0.0
2059.435133853377,0.0
3535.787840857656,0.0
1949.9147927442882,0.0
1264.1717696370094,0.0
1573.3447281202211,0.0
2455.2068450257207,0.0
1181.813217514026,0.0
1144.1557830258587,0.0
2891.079898830065,0.0
1012.2337199376135,0.0
3057.718984837815,0.0
2007.214315886498,0.0
1340.4577086494123,0.0
2619.816535181761,0.0
1393.0774429053033,0.0
840.8672092381466,0.0
1633.2987769829233,0.0
2221.60343376854,0.0
1812.7174160904199,0.0
1828.69279289032,0.0
2712.460270866156,0.0
1632.2588087159404,0.0
1762.9513653514578,0.0
1664.389493683914,0.0
227.97368091789417,0.0
1217.7107778345003,0.0
2850.861268354146,0.0
36.64273378168991,0.0
1893.6566406563802,0.0
941.8097692210802,0.0
197.64075232508515,0.0
561.0064791723263,0.0
1664.0932861631109,0.0
289.28410724314347,0.0
1285.0178658228185,0.0
1401.9913781667292,0.0
-80.53134593065624,0.0
593.553145500028,0.0
975.7767166166122,0.0
216.5002858280539,0.0
1166.8798244120442,0.0
-273.1772087320547,0.0
-149.14548398180733,0.0
-222.23774249480346,0.0
476.3339451475632,0.0
146.58403363512895,0.0
-145.94439818905016,0.0
-667.250334616072,0.0
-695.2297582468366,0.0
-899.2068023295639,0.0
362.4567561812272,0.0
-506.56450354122387,0.0
1102.1645827009042,0.0
266.8922720105065,0.0
-45.720324915948254,0.0
-786.8735747364027,0.0
1049.5662376992648,0.0
-1449.6038881187076,0.0
51.27071420257778,0.0
769.7265637433554,0.0
-397.1513148624521,0.0
-887.1531751680259,0.0
-255.25886847745244,0.0
632.9633851357822,0.0
139.16475581749467,0.0
108.47866173431436,0.0
-1270.3030493590281,0.0
-994.9767860459622,0.0
-655.3583778821762,0.0
-1323.2354823307953,0.0
-516.3870723511936,0.0
776.5218549800211,0.0
-725.8033819997358,0.0
208.97603473401796,0.0
-1472.7946457253443,0.0
-632.985869534423,0.0
56.481687756975354,0.0
-1029.3454854903948,0.0
-146.98988055475905,0.0
704.346629122896,0.0
277.6707048835296,0.0
109.10586793518536,0.0
-1073.8105125553652,0.0
-751.6990951001343,0.0
-280.7183968936842,0.0
-53.73685761025888,0.0
580.4051862115934,0.0
-589.1999050085283,0.0
912.3364231429721,0.0
-494.4360758997407,0.0
-316.2358857331026,0.0
-1056.862452188699,0.0
250.0492551353543,0.0
-273.6711002124023,0.0
-620.3089990795629,0.0
198.61671199825722,0.0
646.7700167972736,0.0
483.9193283779913,0.0
589.9950275516227,0.0
-12.304408009126064,0.0
1011.8587072796437,0.0
429.4171220533892,0.0
1181.7024116849298,0.0
-644.032302187589,0.0
978.7217136012925,0.0
753.789178563993,0.0
1392.1837893893437,0.0
430.6198872124205,0.0
1844.7326766584738,0.0
284.59563230073616,0.0
2114.434318380505,0.0
1727.208908147205,0.0
532.7727983348348,0.0
2943.2659487503815,0.0
413.13675419980245,0.0
1097.5884415118323,0.0
1114.1751044396049,0.0
1818.076862422593,0.0
1770.4479275576693,0.0
1998.2026793993996,0.0
2218.4429451531105,0.0
1863.4715763990848,0.0
1173.1325826467005,0.0
1954.0559958657557,0.0
2164.3493808605112,0.0
1201.5155732426801,0.0
2207.051469938709,0.0
452.21834973793193,0.0
1540.683814146656,0.0
1009.2578296238562,0.0
2871.386276068022,0.0
982.5884795951149,0.0
2023.711693585066,0.0
2564.795206529565,0.0
2839.867416025764,0.0
2712.0013225868065,0.0
2923.8726473574625,0.0
2784.9308917857124,0.0
3294.5444003143034,0.0
2035.5706153060175,0.0
2470.629864644101,0.0
1381.986489453613,0.0
2603.8889177609835,0.0
3856.2905839500004,0.0
2273.470802375146,0.0
1645.6662805481774,0.0
2472.1329126436467,0.0
3479.7207566583484,0.0
3551.3535978652626,0.0
1703.3672298904876,0.0
2729.7635274599043,0.0
2225.357502910483,0.0
2716.214153005046,0.0
1418.3572975901275,0.0
2972.4061081996306,0.0
2267.900209427811,0.0
2440.6007340173946,0.0
2179.7976613236374,0.0
1795.4742583473649,0.0
2761.8435666130667,0.0
2020.528562652298,0.0
2272.515101488628,0.0
2846.374097139614,0.0
2575.1366189312243,0.0
1676.3083523993846,0.0
2879.179517065766,0.0
1600.9780141882497,0.0
2509.1629809032174,0.0
2493.781941207106,0.0
3088.932146599479,0.0
2724.519541248846,0.0
3166.9800876964146,0.0
1498.944706221692,0.0
1425.8398428899436,0.0
3054.4463574844544,0.0
2450.517750995138,0.0
1611.907324955017,0.0
2215.2558514861657,0.0
1152.137109117647,0.0
871.7709668322452,0.0
2116.277795642949,0.0
1806.7390999013119,0.0
1764.5031861784385,0.0
2531.7058342381915,0.0
2563.9985973441885,0.0
1013.4979290241022,0.0
924.2896023493728,0.0
-82.14283952955702,0.0
1023.3375275050546,0.0
1015.3737436895997,0.0
1346.966783476395,0.0
1041.4532355681342,0.0
704.3735833273861,0.0
816.215096453693,0.0
-93.86690872318786,0.0
1823.7047291252,0.0
630.244432787272,0.0
1353.9648369324354,0.0
489.5485912964983,0.0
989.1791927024979,0.0
1024.0743141042647,0.0
317.4123539711294,0.0
-245.29859206665753,0.0
1988.9100168358107,0.0
135.3372236795043,0.0
869.9495469829624,0.0
276.4981995859644,0.0
-293.4847996973132,0.0
966.9078148556985,0.0
527.8257527039605,0.0
327.63059689703124,0.0
-1571.3961353900725,0.0
64.45836183461265,0.0
905.7032245741478,0.0
152.01266490875196,0.0
-176.47703071249086,0.0
782.7373004860664,0.0
76.96395571139479,0.0
305.1764239015946,0.0
615.9928910770518,0.0
518.3480126001072,0.0
-1127.1808148481632,0.0
318.25941772283113,0.0
-583.6092356705489,0.0
-1684.2876936558164,0.0
282.0574774535678,0.0
-1572.3813067412366,0.0
-461.5630714824132,0.0
-1789.8233209325172,0.0
-930.8466783310437,0.0
-313.00665350817036,0.0
-358.86042532137327,0.0
-92.60781980198004,0.0
-565.9506581105525,0.0
-267.54551978692507,0.0
1149.120773850335,0.0
-626.8297135156399,0.0
110.93102876771607,0.0
1407.2821905939334,0.0
-853.2542665223284,0.0
-1032.01473423796,0.0
-433.1914995935856,0.0
48.000517383188765,0.0
-660.2557311551938,0.0
541.4304777073011,0.0
-125.27281660730335,0.0
-1078.5467424955084,0.0
214.11667358298,0.0
-359.76670802312367,0.0
692.1626071895943,0.0
565.3416162037045,0.0
2008.540305292327,0.0
1037.5788746615858,0.0
81.2744755336686,0.0
1148.1010631440467,0.0
818.1434619317185,0.0
404.83319176552357,0.0
-120.17033010707837,0.0
1516.6694463552446,0.0
4899.1896130669,1.0
3586.0008500545337,1.0
3722.1109401845797,1.0
564.8199626858407,0.0
2106.7516176179433,0.0
1852.7865936123044,0.0
716.5689123057704,0.0
836.5250724314726,0.0
1190.1244447787064,0.0
1726.2667814783533,0.0
1977.6968837924096,0.0
2602.066615294165,0.0
1352.8500152861488,0.0
985.0736661559772,0.0
2331.06540442876,0.0
2294.79421050987,0.0
1803.9960743395816,0.0
2326.312227035698,0.0
2260.844637682879,0.0
2741.810251162817,0.0
1999.0399802742215,0.0
2548.0299486453528,0.0
2239.0117254149463,0.0
1848.3666875767976,0.0
2736.7021301086897,0.0
2398.6832479727273,0.0
3069.551507082857,0.0
1221.1439821482336,0.0
1793.526773999554,0.0
3109.7173449591346,0.0
1543.2334612908483,0.0
2494.703852218679,0.0
2282.2765544388467,0.0
2337.009866009136,0.0
2597.528400508718,0.0
4281.608157453431,1.0
5785.768531134122,1.0
5807.373974828228,1.0
3227.0365269695276,0.0
3676.3879033507073,0.0
3163.3430497410277,0.0
3165.9213492796475,0.0
1478.7654110632802,0.0
3472.047705022782,0.0
3613.945991545959,0.0
3523.3400139765163,0.0
3326.685525148677,0.0
2551.418763458904,0.0
2476.885262840939,0.0
2690.716187005187,0.0
2992.912835636279,0.0
3136.1824110100583,0.0
2906.2123799345322,0.0
1863.5623434143636,0.0
4026.9867589189244,0.0
2319.4767969123222,0.0
813.4393734418072,0.0
4059.054719380121,0.0
3743.9358006165717,0.0
2550.863850029941,0.0
3312.5713035286217,0.0
2959.8392934862522,0.0
2195.5418761878177,0.0
2525.311543956118,0.0
1759.0855300371513,0.0
2347.6506109819866,0.0
2211.5170041361507,0.0
2699.9770214126515,0.0
3284.894265846771,0.0
1916.2482594631688,0.0
2649.1311728273745,0.0
1212.7981224584275,0.0
1651.227327518041,0.0
2521.1621731601017,0.0
3221.0230049554148,0.0
2718.588677478137,0.0
3099.051301441288,0.0
1146.329593359089,0.0
1796.7526980429398,0.0
243.80403975460058,0.0
2038.889184360023,0.0
1737.880713274448,0.0
1436.5486671459125,0.0
1144.551458818193,0.0
2070.4011035326084,0.0
2073.9905965004405,0.0
1678.639426421988,0.0
1135.896913898707,0.0
1663.8229804522387,0.0
1410.8526115605373,0.0
1171.083004761047,0.0
1794.2127714991761,0.0
1484.3565795824552,0.0
516.300039923607,0.0
984.7984960846888,0.0
1407.4500223616512,0.0
1136.2496931417463,0.0
1089.0979861924627,0.0
545.3711345128086,0.0
1964.5848162141094,0.0
1068.6056099748885,0.0
884.573478022635,0.0
1456.0530192930337,0.0
1157.7230843542725,0.0
906.908642183746,0.0
1137.2794350446188,0.0
704.4142056280101,0.0
905.019025526058,0.0
577.6534098728393,0.0
-253.24157882636945,0.0
558.6930691650255,0.0
821.7563113469147,0.0
-294.4431702475103,0.0
1543.3013200617752,0.0
211.74561335127484,0.0
-337.7485629635804,0.0
58.89847421228404,0.0
446.9200834995342,0.0
-38.19297437913265,0.0
-241.0929115184934,0.0
309.71724456197836,0.0
-549.6160099999772,0.0
235.78869681591414,0.0
378.8083670939263,0.0
-96.34324131633878,0.0
800.1890352317922,0.0
1050.444773291472,0.0
-127.51365873359538,0.0
-1069.5446098346088,0.0
896.539719060697,0.0
1138.0072762642344,0.0
-634.611968774075,0.0
525.4744811240919,0.0
638.5494796695987,0.0
-504.96069503275794,0.0
-29.429864175093314,0.0
1189.3425334593235,0.0
540.5022974685468,0.0
689.6636518568728,0.0
1650.2578653856137,0.0
326.16067991106627,0.0
-429.15046221476587,0.0
1840.468835968087,0.0
-6.045176959019329,0.0
366.9303186369626,0.0
1252.415588311286,0.0
984.4997166327911,0.0
907.2067147734042,0.0
-111.49845748037603,0.0
1505.357578527947,0.0
2341.9645093691497,0.0
585.9141664858381,0.0
372.23714065343665,0.0
1018.1803500043679,0.0
506.62471838665743,0.0
1476.6768197893714,0.0
1651.4906716173696,0.0
1760.6970314351395,0.0
1629.963731327604,0.0
1270.6903310005591,0.0
2516.9673269788286,0.0
1104.2827989334855,0.0
1538.6260161142986,0.0
1886.890556982914,0.0
1073.5531303880775,0.0
1558.2432119580035,0.0
1366.7536227130736,0.0
1720.4464862395812,0.0
2944.2297230301956,0.0
2255.65834257786,0.0
4042.466218943668,0.0
1820.1835470573574,0.0
1982.7550087980146,0.0
3880.980258354953,0.0
1680.6118898318464,0.0
3531.795863938284,0.0
171.6904991024835,0.0
1705.7855603346893,0.0
3076.009245024199,0.0
3867.881658848938,0.0
2704.1609558207274,0.0
2103.620142144025,0.0
2362.870487198348,0.0
3349.323525506603,0.0
3091.242931929217,0.0
3689.1760435617966,0.0
2291.210167618346,0.0
3705.020623440664,0.0
3820.7460810091425,0.0
4765.924681469591,0.0
3727.786446703748,0.0
3821.852652744366,0.0
2684.6669252033253,0.0
2137.0457658439936,0.0
1352.27251738038,0.0
3479.5110393295354,0.0
4260.696665655188,0.0
2780.550766681739,0.0
1723.4454399902309,0.0
3314.7810256436005,0.0
3044.998762859885,0.0
2898.3068938820757,0.0
4717.3032952853955,0.0
3798.6549108630024,0.0
4204.976769271785,0.0
2897.3866118756696,0.0
3609.7641162968616,0.0
2458.944556326154,0.0
4055.2535386079962,0.0
2523.8892667404075,0.0
4471.967721917917,0.0
3475.943625285636,0.0
3299.025722666684,0.0
2548.2587976730183,0.0
3462.6158041321064,0.0
2129.6778396674636,0.0
2631.201270887304,0.0
2332.3304025394555,0.0
4601.063596922567,0.0
3400.322604232798,0.0
2881.977938531155,0.0
3734.156441362375,0.0
5010.650570672437,0.0
2951.0477877937687,0.0
2108.345390476116,0.0
2052.4507948054334,0.0
3007.7441669297527,0.0
3662.0020684284837,0.0
2830.715998849984,0.0
2389.9351748693903,0.0
1893.1218926337642,0.0
2003.0300657366433,0.0
3219.3582349919097,0.0
2661.486660562415,0.0
2691.1875750312456,0.0
1871.5700486058843,0.0
2546.3167963225333,0.0
2635.633868020922,0.0
3261.0767247921012,0.0
3595.1573436378426,0.0
2053.0734750240654,0.0
2774.4252139736363,0.0
2521.016835052385,0.0
1701.0249478228363,0.0
1550.5669099605393,0.0
2710.2594144172067,0.0
3424.224646376087,0.0
1410.1325491533453,0.0
3354.585166818661,0.0
1505.8217670729298,0.0
1197.0959366632114,0.0
1886.5076535923845,0.0
1354.319839432148,0.0
2246.32493637098,0.0
2115.8113852454135,0.0
-613.5822440510096,0.0
1910.8551937316552,0.0
1768.9822380527796,0.0
2466.2650049537056,0.0
674.9903766575192,0.0
1351.0161244275541,0.0
2066.245912835431,0.0
1678.1012140295852,0.0
2053.0764902826722,0.0
390.1151698288727,0.0
294.8598626319451,0.0
1086.6940769984942,0.0
-119.46455315204685,0.0
1065.2984849910274,0.0
1429.9812094565175,0.0
3757.1819323691407,1.0
2631.5688788829902,1.0
3144.1732221627067,1.0
646.0086369114892,0.0
1090.355105060043,0.0
899.1857706710889,0.0
249.60640214558651,0.0
-531.1604928757786,0.0
-597.0580905919354,0.0
24.188733755314843,0.0
-29.354532121431703,0.0
599.3355692674565,0.0
-133.12090617021306,0.0
394.7982946084029,0.0
-88.9646161709623,0.0
574.6540876389854,0.0
1168.20962570255,0.0
1109.9765613608963,0.0
207.30555807510848,0.0
127.26235606813873,0.0
-13.741006899308559,0.0
731.4614931159618,0.0
1318.9010122342559,0.0
1799.1690228280672,0.0
1057.7786578542687,0.0
653.4572716668803,0.0
1328.9485429489534,0.0
520.8638595265551,0.0
440.5568850078299,0.0
1764.8219926828601,0.0
358.8606925031086,0.0
-7.443453444744819,0.0
714.1332509080376,0.0
263.72524046555316,0.0
1282.6733834109032,0.0
893.7701932302332,0.0
1372.8762120420654,0.0
923.3367637970769,0.0
824.7448060823534,0.0
1799.453861530321,0.0
1391.4186340878373,0.0
1379.5200335420514,0.0
2197.5457533103477,0.0
636.4410508673333,0.0
1847.6879144279978,0.0
2275.1250033244087,0.0
1921.5482481611266,0.0
2524.767015228427,0.0
1362.1269012028254,0.0
2536.2059571695136,0.0
1314.4082146837995,0.0
2516.3159554776616,0.0
2046.0720438792607,0.0
2598.9757918960636,0.0
1393.052783763278,0.0
2198.937744923858,0.0
629.0599073618641,0.0
2528.6446098598126,0.0
2581.260896505598,0.0
2931.7055980119167,0.0
3147.6831269602335,0.0
3192.6557541590346,0.0
2625.1869684571443,0.0
3004.653478418125,0.0
2170.093370843388,0.0
2783.394450552809,0.0
3357.0617080321495,0.0
2833.836627925995,0.0
3371.9697035573035,0.0
2678.9986949931463,0.0
2302.580201229825,0.0
3048.6758265116628,0.0
3787.431825909481,0.0
1966.454388136417,0.0
3331.080302951779,0.0
5987.496585505794,0.0
3175.8198529680512,0.0
3246.0016394036984,0.0
3813.801306658611,0.0
3059.675228083241,0.0
3179.3121651432266,0.0
3879.4467777175955,0.0
2729.9122896720787,0.0
4144.518419339064,0.0
3720.398418918738,0.0
4233.232608372132,0.0
3627.3264059984394,0.0
4064.502489597322,0.0
3517.7537582037044,0.0
5856.659721238691,0.0
4550.427790578573,0.0
4448.451840591173,0.0
4156.4133221648335,0.0
2999.4101482750857,0.0
3361.9407797624312,0.0
4038.543990455573,0.0
3156.3963403911453,0.0
3529.282035665501,0.0
3322.3929394256065,0.0
2780.7727956506146,0.0
3336.990433453951,0.0
4089.038266146651,0.0
4280.743785165045,0.0
3845.6874361214554,0.0
3686.474165020906,0.0
3848.043365965591,0.0
3394.7286419127313,0.0
3737.873534992873,0.0
4043.6537903473522,0.0
3823.4073648832873,0.0
3052.9549543725693,0.0
3033.093776995221,0.0
4241.55517235504,0.0
4192.735111221,0.0
1924.9858349070475,0.0
3387.8234479469097,0.0
2997.9396197326287,0.0
3575.672316413191,0.0
1853.4313081480616,0.0
1440.6039877672806,0.0
2799.090737311656,0.0
2674.286139895304,0.0
2059.3164537525895,0.0
3249.7108206742378,0.0
3578.0696239405856,0.0
2997.418184137429,0.0
3268.8473622269944,0.0
1666.619907919826,0.0
2196.2005414515047,0.0
649.1572542617328,0.0
2828.44745326491,0.0
3046.3678126717173,0.0
2853.088854787446,0.0
1720.8464639405636,0.0
2102.428999567828,0.0
2830.342216221009,0.0
1096.4533917198023,0.0
2073.146703875583,0.0
2497.3258971796995,0.0
1987.5769563830822,0.0
1576.9414604765861,0.0
2644.279963515756,0.0
1832.9411634593869,0.0
2916.5432769237354,0.0
2132.615755603846,0.0
702.8226595789812,0.0
1582.7244797587707,0.0
996.9970018988773,0.0
1386.6410948784396,0.0
1703.4117217061057,0.0
2638.684694844809,0.0
1559.7371912662113,0.0
2613.379855521506,0.0
563.9895228500804,0.0
820.277062462776,0.0
1060.5461514516214,0.0
139.51647075792653,0.0
197.92170044260843,0.0
1053.509939878169,0.0
954.7010813485446,0.0
1859.242806098117,0.0
1061.9019426278323,0.0
998.876286038279,0.0
135.8895985401589,0.0
1279.3542810386966,0.0
1914.5072733796478,0.0
1526.4390754708497,0.0
779.6962141381327,0.0
952.8452835173944,0.0
963.0165199649207,0.0
1914.0024750644957,0.0
185.8722067958928,0.0
1489.3419317547277,0.0
1536.8517082815863,0.0
986.8342091107127,0.0
901.2936389884368,0.0
1136.5527659915056,0.0
1068.4232427755287,0.0
1047.7100297011748,0.0
217.69374998857666,0.0
758.1506091459338,0.0
1863.711125826464,0.0
1184.8376038956162,0.0
-32.96160654087498,0.0
2041.5022840631746,0.0
1036.7750903682145,0.0
1342.436104943714,0.0
1580.8739703592364,0.0
1426.313597130303,0.0
582.8586868812274,0.0
1067.0396138419037,0.0
1550.6805637610498,0.0
1265.3313607610883,0.0
1153.940075466677,0.0
3000.4853650454424,0.0
1668.6511513587639,0.0
2328.904962344542,0.0
3169.736267750878,0.0
2006.534166711839,0.0
1354.2386311083046,0.0
1980.6654344226868,0.0
1622.7593247536063,0.0
2768.075033717333,0.0
2962.9147680789943,0.0
2209.0317449068484,0.0
1547.8952229455692,0.0
2799.5142979172006,0.0
3182.605867974003,0.0
2262.997283750244,0.0
3438.7520783386085,0.0
2624.696378868862,0.0
2443.83875251809,0.0
2150.206568955404,0.0
2351.656302978591,0.0
2376.2569079001087,0.0
3645.9152059549924,0.0
1714.1944931873632,0.0
2481.291765978705,0.0
2926.240485957727,0.0
1862.2137164290657,0.0
2507.7443812603724,0.0
2018.178719143994,0.0
3641.54422936434,0.0
3400.3045513945804,0.0
2101.67381690241,0.0
4272.038842366129,0.0
2504.9866678148355,0.0
2319.579885453899,0.0
1905.9175713587651,0.0
3667.747687956876,0.0
1788.9621924826922,0.0
3355.652068300379,0.0
3863.811097087017,0.0
4387.290491830529,0.0
3266.335277388561,0.0
4058.100428098675,0.0
3286.3810461019834,0.0
4606.831179237215,0.0
3126.9792173844594,0.0
3818.013488880034,0.0
3620.6744289064018,0.0
4132.564962440956,0.0
5689.9480835753475,0.0
4001.932417102962,0.0
3745.2722981468387,0.0
4473.1937384195535,0.0
4179.196491979768,0.0
2798.821309155956,0.0
4712.573331628013,0.0
2675.08043554563,0.0
2988.0623326115415,0.0
4025.9606499721376,0.0
3000.0563330638934,0.0
4145.817299893398,0.0
4714.298626142297,0.0
3985.5480039289473,0.0
3269.240198916224,0.0
4317.366830156079,0.0
5483.857296286128,0.0
4033.036205714863,0.0
4950.874128936328,0.0
5099.383371894514,0.0
3223.445642825575,0.0
4350.3702001752345,0.0
2850.3455906060353,0.0
4113.654438036681,0.0
4104.075027960068,0.0
3691.7801990408893,0.0
2841.6429205394543,0.0
3471.4833362516397,0.0
3075.445036848738,0.0
3978.8067882241075,0.0
3732.7034152339756,0.0
3588.441653264462,0.0
2883.712881145659,0.0
2524.77053776669,0.0
3282.04592890084,0.0
4363.2023961820605,0.0
2676.2477627006024,0.0
2914.332305246963,0.0
2161.2647464537554,0.0
4500.671096146132,0.0
2562.2966579676604,0.0
3936.772674578422,0.0
3325.2957349880403,0.0
2668.769430042174,0.0
3257.2996109681244,0.0
3779.6720472446987,0.0
3476.691909496486,0.0
3031.421975594049,0.0
2521.3118974779136,0.0
3669.8286326393372,0.0
3146.7172438376565,0.0
2615.29712232619,0.0
2685.8954157607336,0.0
1941.9704836356582,0.0
3212.7418615766314,0.0
2076.9778693510902,0.0
2206.274685366328,0.0
1544.5685890316688,0.0
2472.256501182822,0.0
2170.037515579954,0.0
1014.0800036926331,0.0
2281.62832917534,0.0
2176.452434299149,0.0
2821.6573997943724,0.0
2579.651083864621,0.0
1256.3168913401373,0.0
2280.0154865669174,0.0
2261.4596996812747,0.0
1601.773780139427,0.0
1328.925249044155,0.0
1777.8794154481998,0.0
2375.21536185078,0.0
1349.7691199379944,0.0
1676.8548744135037,0.0
1365.913036788298,0.0
1048.001853201244,0.0
999.6952213857934,0.0
1973.5643566998845,0.0
1674.1604767957106,0.0
1693.1836310117862,0.0
1433.406923185746,0.0
1520.1835075918852,0.0
1876.8943092029758,0.0
555.0505234025593,0.0
1912.4073894477917,0.0
894.5101124183752,0.0
1147.0668124939389,0.0
1384.3177463073207,0.0
1534.192090821175,0.0
1877.6180163625231,0.0
549.8072259575547,0.0
2635.9350103093475,0.0
2312.559855646943,0.0
1644.370538219772,0.0
2017.475221743834,0.0
1032.972033215054,0.0
186.44445372875043,0.0
416.67183767790186,0.0
1655.9568970717685,0.0
90.13645782472122,0.0
2546.8913411169697,0.0
1760.8389529148697,0.0
648.0252133632899,0.0
1282.6637614137342,0.0
458.42836476950515,0.0
1538.2061659846904,0.0
1914.8257281501992,0.0
2230.389115747362,0.0
1071.1086396946207,0.0
2603.2319290742157,0.0
2133.4164176035147,0.0
1723.188635362024,0.0
1644.488452232627,0.0
2679.325124493898,0.0
3587.641416043947,0.0
3031.1116868146346,0.0
2451.387166932339,0.0
1730.030741407119,0.0
2150.2830347862796,0.0
2532.816622768796,0.0
2605.244857818392,0.0
1973.3786356568971,0.0
4075.056250836951,0.0
3929.201342247381,0.0
3481.5397260041473,0.0
2728.5874033538053,0.0
2756.4491451182676,0.0
2082.6872477462857,0.0
2186.212241583353,0.0
3417.16728629462,0.0
3133.4246428977403,0.0
3699.04240137359,0.0
4864.825098397823,0.0
3707.3377705146313,0.0
3446.4942444553753,0.0
3283.4655030448284,0.0
3428.759508296048,0.0
4345.652329266957,0.0
3656.962779846777,0.0
4037.232387721252,0.0
2685.5537928504627,0.0
2837.654755108967,0.0
3717.288868745727,0.0
4471.518882482052,0.0
3241.6899257570335,0.0
4538.5524429663665,0.0
3230.6652739935403,0.0
3807.240705020349,0.0
4109.653945496297,0.0
4674.04928993513,0.0
3361.492655949147,0.0
3453.0482222860446,0.0
3797.263942141603,0.0
5113.716984597646,0.0
5067.228919169396,0.0
3287.5824195829023,0.0
3791.218243795731,0.0
3477.377358438049,0.0
5484.511960057389,0.0
4668.674762663987,0.0
4596.9076522626665,0.0
2474.226116242334,0.0
4396.186649544087,0.0
4327.99953615849,0.0
4877.150147449559,0.0
3370.8538525092617,0.0
5148.553319595046,0.0
4880.352126071013,0.0
4897.960379808201,0.0
3623.5315328475644,0.0
5488.664456680092,0.0
4814.584454493765,0.0
4595.95870430009,0.0
4159.625123299123,0.0
4057.7075081731546,0.0
4500.016587453157,0.0
4299.130605139401,0.0
4690.540674187127,0.0
4470.991326941377,0.0
3800.928586296473,0.0
4413.461699991682,0.0
5180.810373107363,0.0
3656.217131948216,0.0
3945.1370376247874,0.0
4750.71321611338,0.0
4602.301703253404,0.0
3571.6367537725673,0.0
4407.69443664427,0.0
5053.835409883881,0.0
4163.554990662229,0.0
3874.978274467424,0.0
5024.548586510728,0.0
2599.7848327801953,0.0
4045.8238811175006,0.0
3740.4787821740074,0.0
3009.5174752350486,0.0
2954.21934047844,0.0
2969.913328833879,0.0
3845.1636171455557,0.0
3545.3294225490267,0.0
4121.1133588752255,0.0
4386.387089268862,0.0
2938.9296726983875,0.0
3193.511347976011,0.0
3512.2616747482703,0.0
1888.95877710621,0.0
2872.7466699045713,0.0
1587.0808355218348,0.0
2565.13527202786,0.0
2093.139656818718,0.0
3284.920657084861,0.0
2370.6209159951804,0.0
2195.309256685987,0.0
3333.4866640476175,0.0
2420.1052118355124,0.0
1869.9264465190472,0.0
3277.424683324929,0.0
3134.186663240019,0.0
2136.091500141417,0.0
1499.8871714130048,0.0
1746.9823984585314,0.0
1507.481329464556,0.0
3296.87053002294,0.0
1727.755153003515,0.0
3027.8875270887133,0.0
2886.86381895369,0.0
2405.491119361732,0.0
2212.9439620979683,0.0
3125.504225623651,0.0
2580.0878635915506,0.0
1027.8099151230117,0.0
2619.191565598052,0.0
211.73104956112934,0.0
1252.9295943074292,0.0
2436.5267078944767,0.0
342.69632217895673,0.0
2683.965211289631,0.0
2916.5748887912214,0.0
1338.8759031085294,0.0
266.4295513403936,0.0
2788.563884794374,0.0
1259.0950732559918,0.0
512.0841318757499,0.0
818.6502045303232,0.0
1297.5316986725893,0.0
870.4222681964625,0.0
2850.343590274562,0.0
975.2938024903196,0.0
731.9376385116198,0.0
727.6628666326592,0.0
1090.1833470952874,0.0
2540.4261902573116,0.0
607.7703781145315,0.0
1136.366212954944,0.0
1960.375864962456,0.0
1694.420970253475,0.0
1502.827615098195,0.0
1680.147363309702,0.0
2206.77279431041,0.0
1198.5107858192905,0.0
2739.5633249973607,0.0
1115.0504142511395,0.0
2504.5733429869097,0.0
2737.7799672175743,0.0
2284.540701254661,0.0
1840.2126410686233,0.0
2961.9577279733203,0.0
1272.5729727968164,0.0
2455.7144980532134,0.0
1517.498905894774,0.0
2241.9829485878627,0.0
1633.7496242316874,0.0
2328.032922092025,0.0
2542.522009347117,0.0
2450.0055241649466,0.0
2476.470546607641,0.0
3474.7738192604015,0.0
1372.2370955669292,0.0
2450.363390494775,0.0
3139.42058842157,0.0
3700.826255393798,0.0
2281.0950144930976,0.0
2328.7177788263384,0.0
3407.29620838892,0.0
2698.6263733395367,0.0
2945.994673818686,0.0
