231.7325825614329,0.0
-129.77572573863677,0.0
1289.0304985374444,0.0
0.9289448026949287,0.0
207.07750652227904,0.0
949.6523642043405,0.0
-237.033970949697,0.0
-36.64481812054561,0.0
387.686653251273,0.0
194.94568373861486,0.0
-213.13323128155105,0.0
293.14248703016506,0.0
248.7492094638695,0.0
768.4277362408532,0.0
-316.7360571840034,0.0
192.71483666941896,0.0
1148.2209826866278,0.0
1517.8244743738605,0.0
-97.41133406535766,0.0
981.4110769998231,0.0
222.35121211850088,0.0
321.8670708480963,0.0
343.0404376889781,0.0
603.0114651245862,0.0
1324.2529936369267,0.0
1219.7776352697479,0.0
932.6236226599215,0.0
732.852752648239,0.0
935.0119815137556,0.0
922.7613803418869,0.0
1389.8328402247437,0.0
708.737144354468,0.0
1043.6092791342633,0.0
1018.5627231380954,0.0
1081.1870264145564,0.0
1257.3684626290756,0.0
1252.0044717445048,0.0
1818.8496069788841,0.0
1155.4969018059205,0.0
1972.0248884100433,0.0
1091.0248456433164,0.0
1010.6738520556897,0.0
1301.9231327918835,0.0
1439.4151512054596,0.0
1408.38064906562,0.0
1928.3473439054214,0.0
1860.7099513893309,0.0
1584.5043627115208,0.0
1182.1022525387314,0.0
1297.2140540913485,0.0
2059.561285694347,0.0
1472.3943214900532,0.0
754.5298198622155,0.0
1032.1682937960982,0.0
1101.2065649844023,0.0
1963.1358815813946,0.0
1349.0355409380506,0.0
2511.712575148934,0.0
1699.1359029013015,0.0
1447.7969950054096,0.0
1188.585474336624,0.0
1878.290557315714,0.0
1266.9490407577603,0.0
984.7021471223484,0.0
1660.117875760667,0.0
1392.309882923543,0.0
1948.5031210311613,0.0
1337.630357634139,0.0
-47.34040498907166,0.0
1743.1068789842284,0.0
415.7537923220194,0.0
2094.1200436625218,0.0
2211.7250716112208,0.0
1094.6151198289165,0.0
725.233130771072,0.0
600.5998055302434,0.0
1695.0442274206202,0.0
1145.0364603306093,0.0
923.2875971114543,0.0
1074.4958617055563,0.0
2213.7395949957036,0.0
1356.5176113802167,0.0
1527.3448258233666,0.0
1510.253032606025,0.0
1604.8590636136287,0.0
1602.964961411596,0.0
719.8589050914129,0.0
925.7189463412815,0.0
647.8208831561556,0.0
639.5001560802481,0.0
1534.5643082310744,0.0
671.8982323637604,0.0
862.1136606894653,0.0
520.5927799695619,0.0
556.5513872785286,0.0
1203.469393012614,0.0
559.4308655119158,0.0
529.3418020035184,0.0
965.9233775674752,0.0
945.6562788641298,0.0
1054.8105849204007,0.0
697.6694215401378,0.0
-284.22534296334857,0.0
866.1567798986558,0.0
753.7359724289286,0.0
994.4618155981229,0.0
18.425291507032682,0.0
1677.505968443674,0.0
-234.51084982301643,0.0
720.8979363866665,0.0
325.53504877269575,0.0
19.821963044840913,0.0
637.6761042339992,0.0
59.10052956922294,0.0
-1010.7192353896596,0.0
-440.79602629243163,0.0
300.48459589291383,0.0
1158.3266339247125,0.0
-713.2983874260785,0.0
-31.440875024740507,0.0
653.1943058845608,0.0
202.9475454720623,0.0
-333.0828439801843,0.0
-883.671821470702,0.0
-1101.2582455844845,0.0
-598.1704044991063,0.0
-448.208997824972,0.0
-1426.6164432692042,0.0
-1204.9098040531137,0.0
-241.10953985084373,0.0
-611.822444735137,0.0
-839.6708314259749,0.0
-689.1076560707423,0.0
-943.1711737769297,0.0
-99.94157779346585,0.0
199.90462674144817,0.0
377.6013258523294,0.0
-325.63239791897104,0.0
-338.68843802432207,0.0
-17.634504510882152,0.0
105.0318568492969,0.0
-68.18504812321726,0.0
-227.72444564896512,0.0
-1177.7405893216476,0.0
-1682.5910646716638,0.0
-485.56667793282196,0.0
-996.7338048313079,0.0
-997.7552831404134,0.0
-1425.8357166570652,0.0
-1673.0565588553768,0.0
-334.49303326091115,0.0
-852.1471318358741,0.0
-1617.8902731761013,0.0
-895.0845235465233,0.0
-975.3412178000451,0.0
-902.4567333017578,0.0
-84.75308161960766,0.0
-1208.2058022591116,0.0
-1848.201275032271,0.0
-1220.3436863108093,0.0
-1566.969293407742,0.0
-1002.1056730289888,0.0
-1149.6859010759838,0.0
-1107.7349585049203,0.0
-1582.1699605751255,0.0
-1111.276135415222,0.0
-1592.889643092685,0.0
-1080.5783798874668,0.0
-1507.8923970540804,0.0
-1927.5007184955316,0.0
-1105.2352379049494,0.0
-1737.7669079746756,0.0
-675.2134897121324,0.0
-1177.8263457409334,0.0
-1173.1989076111547,0.0
-1340.0238036551186,0.0
-1444.680953842849,0.0
-2580.208911185183,0.0
-802.5211250865303,0.0
-1815.7424654808915,0.0
-925.2980963223014,0.0
-1713.6601210204594,0.0
-1466.9176155576945,0.0
-1484.711964962739,0.0
-1885.7817577956775,0.0
-1457.8230203946835,0.0
-1127.31886808743,0.0
-1568.0138794290901,0.0
-1971.9717032196318,0.0
-1605.8424687560596,0.0
-1200.1677655005792,0.0
-742.5798174072529,0.0
-862.2585009223865,0.0
-1148.6770599760957,0.0
-1748.4791968244685,0.0
-783.8634461896276,0.0
-1233.9577247056036,0.0
-1334.5279389431112,0.0
-752.3766096418183,0.0
-878.1153487589618,0.0
-922.092473528603,0.0
-1714.3315274678548,0.0
-1401.2859171388104,0.0
-1925.6262076291546,0.0
-962.737635015627,0.0
-1011.7715087730492,0.0
-561.2952983739904,0.0
-878.1480466925971,0.0
-1147.5714284821147,0.0
98.95420282578903,0.0
-1408.204982847326,0.0
-1540.8544752743055,0.0
-1165.5203245811354,0.0
-566.1471249232675,0.0
-948.2229779781424,0.0
-966.0005699997812,0.0
-1299.470198213458,0.0
30.327660563231007,0.0
-963.8578110171452,0.0
-1183.9095829906898,0.0
-644.1131189956242,0.0
-970.0659547835978,0.0
-642.869494650717,0.0
160.49503165500346,0.0
-664.7103916469819,0.0
-467.1935865764263,0.0
-574.3791895329715,0.0
-461.5001296304551,0.0
90.21854808114665,0.0
4.355507399316934,0.0
-431.4598774216365,0.0
-669.7438860767647,0.0
-240.53476848351374,0.0
292.3084935450508,0.0
-118.03965393369782,0.0
-119.12846336585916,0.0
-898.334508682991,0.0
500.6189404339812,0.0
-694.0370672380556,0.0
-547.7242454929535,0.0
-55.87421790176231,0.0
167.03323397164266,0.0
237.9589681884613,0.0
-142.34273020928563,0.0
84.6699565113718,0.0
-4.26449413627239,0.0
-532.6283012574197,0.0
242.75488379195065,0.0
71.64126282005736,0.0
658.0745750619253,0.0
396.42460783716564,0.0
1001.6047242207096,0.0
903.0587133979196,0.0
1053.2807788562668,0.0
1230.1088580152273,0.0
998.3871149444604,0.0
604.7976924600391,0.0
1394.6862586427465,0.0
283.3665243178397,0.0
766.34470588196,0.0
1241.5421080626509,0.0
707.3320747542414,0.0
1213.0976281032763,0.0
520.7747963118247,0.0
670.3731656904561,0.0
1254.1978558596925,0.0
1314.4436290332094,0.0
1594.4340206801812,0.0
981.8182671657602,0.0
1202.54420357639,0.0
1396.426706638375,0.0
1356.5181469662232,0.0
481.3955296419384,0.0
856.3275033717769,0.0
1880.7592108604708,0.0
584.3439223672095,0.0
1523.2759497669897,0.0
1033.425283540423,0.0
1738.4348043687057,0.0
860.6108557051217,0.0
1313.1844048191424,0.0
280.5706898920464,0.0
1293.1586103124164,0.0
1856.1226142917094,0.0
594.9906498290139,0.0
1947.3099630808952,0.0
997.6927250455053,0.0
1322.3672640148827,0.0
1.1356673334091738,0.0
1907.4478401930521,0.0
958.3417517098003,0.0
1141.2487732602929,0.0
742.2459088556149,0.0
903.9988811513854,0.0
1964.0907085217445,0.0
1154.8238748161348,0.0
1834.6480290831753,0.0
1317.0884679583005,0.0
1573.2036632889992,0.0
1145.4089833920964,0.0
1601.4313084255573,0.0
2681.450995445004,0.0
1711.4976755458624,0.0
1646.4610357153026,0.0
1129.7494584746048,0.0
1844.6217964244897,0.0
2016.4820395918732,0.0
500.1317594537559,0.0
643.9660497528404,0.0
2348.948331617372,0.0
1495.5411530763884,0.0
1343.529547235107,0.0
1539.37844208493,0.0
1802.4594369691054,0.0
1639.9506182131763,0.0
1129.9101890697602,0.0
2219.8088599530493,0.0
1201.8595781871984,0.0
727.8202069705982,0.0
852.2384494933121,0.0
1061.5543885383913,0.0
906.5159368053946,0.0
974.1525423237625,0.0
1199.306358070101,0.0
-582.3465049183683,0.0
634.1874656620206,0.0
1455.277931550163,0.0
1222.9323242332398,0.0
569.8329271271931,0.0
586.0694217929272,0.0
1438.2984724272578,0.0
720.3045388559935,0.0
544.9278041486498,0.0
1691.1362582217844,0.0
549.3436584324782,0.0
1052.1391496879774,0.0
655.2083190439807,0.0
670.1920060983336,0.0
141.26802401763513,0.0
156.45806993804717,0.0
1158.0293368696075,0.0
-44.874942230022384,0.0
611.5401348393948,0.0
-150.51039341868074,0.0
282.83644884809394,0.0
364.89771394048023,0.0
-472.5139860869519,0.0
858.683382471698,0.0
170.11508837591688,0.0
811.7368015117801,0.0
-276.1602383624818,0.0
613.2852662267981,0.0
1269.4058277415745,0.0
165.77615620406323,0.0
-280.90523509683356,0.0
243.04708248232686,0.0
32.087292510939314,0.0
-168.82095147623193,0.0
-172.23055888253128,0.0
-445.1774864665041,0.0
32.55016007021405,0.0
-409.8517539777534,0.0
-675.1894616710065,0.0
119.42428226302746,0.0
-410.47192093070055,0.0
921.3437988249295,0.0
-524.3342216707106,0.0
-810.1152436226798,0.0
-750.2180867409963,0.0
-314.1879991950526,0.0
-905.5473270417963,0.0
-1198.931439913988,0.0
192.54829471854669,0.0
-1258.8634983343627,0.0
81.99053206733652,0.0
-633.6881649007239,0.0
-1250.2710511516739,0.0
38.829627937949,0.0
-912.1548660357746,0.0
-1338.0485299859429,0.0
-831.0164842948058,0.0
-266.74091773291036,0.0
-590.6405009070749,0.0
-549.6797862340541,0.0
-101.12840118190229,0.0
-888.2782089775653,0.0
-830.2551675133736,0.0
-1133.0818181305765,0.0
-1795.1362838825162,0.0
-1162.1889481333062,0.0
-286.7514252697921,0.0
-1991.3181580952782,0.0
-501.12374014608054,0.0
-1065.6747788648893,0.0
-1659.0310417080761,0.0
-1208.2729622799454,0.0
-380.0006891902515,0.0
-1543.908364172187,0.0
-878.5680491232497,0.0
-728.3350458828126,0.0
-1748.7221370571167,0.0
-1022.3524889402629,0.0
-1055.517683081548,0.0
-1567.3455602727483,0.0
-992.7235213295401,0.0
-1556.8669394268065,0.0
-1654.8366405792847,0.0
-1964.4549103810218,0.0
-1189.0562619958491,0.0
-1582.8898340206938,0.0
-1660.4437857254397,0.0
-1960.1950641310546,0.0
-2060.9859932902946,0.0
-1808.157915294986,0.0
-1042.699668828294,0.0
-1794.1721589908711,0.0
-669.6078701558693,0.0
-1185.3978063005798,0.0
-1311.944130586391,0.0
-1969.351604926248,0.0
-417.93963078382114,0.0
-2099.7914756606265,0.0
-1105.7839673233516,0.0
-526.3212164377791,0.0
-1446.0626621071672,0.0
-1683.4933722513333,0.0
-1333.0211681133312,0.0
-844.1222902028312,0.0
-654.9394809211943,0.0
-987.3362996240955,0.0
-1813.3929817578546,0.0
-1601.6185865092375,0.0
-1164.8892828560556,0.0
-1860.8578836485176,0.0
-1324.6573500649622,0.0
-99.91027280963294,0.0
-1671.403793769432,0.0
-585.253845856182,0.0
-1613.988668636826,0.0
-1275.3950436634761,0.0
-1091.5191967559317,0.0
-1784.5778706506799,0.0
-1072.0054415840305,0.0
-359.8497427102677,0.0
-623.5131793010805,0.0
-616.1959431502719,0.0
-1342.1738716509553,0.0
-996.335455175937,0.0
-784.581364321352,0.0
-526.6549358454333,0.0
-160.20735670220063,0.0
-1266.972438729687,0.0
78.8444936797656,0.0
-877.1120810688062,0.0
-821.6773977726939,0.0
-1269.6506068177391,0.0
-645.6780504844838,0.0
-716.7072735973347,0.0
-1164.6848431857202,0.0
-656.7583088980126,0.0
-411.4510048351235,0.0
-631.847028719564,0.0
-48.83505592861644,0.0
-874.2868111230478,0.0
90.57175010507001,0.0
-400.3069266096287,0.0
-70.41602854004637,0.0
-1151.2379908869266,0.0
-125.61525350826547,0.0
-191.57579078043926,0.0
333.5680731224804,0.0
-652.9592052150006,0.0
622.1494650313625,0.0
-548.5056712497144,0.0
683.2317827464568,0.0
358.18504143202324,0.0
-282.8784637713469,0.0
1220.6505579478778,0.0
-423.54382253725163,0.0
115.90589955652683,0.0
323.8004409445926,0.0
539.7412810371094,0.0
435.2874186144297,0.0
742.8601482405892,0.0
632.3244995063293,0.0
450.4394712729716,0.0
4.8842591608228645,0.0
347.1774053940662,0.0
961.248361197156,0.0
-6.362900512942133,0.0
664.3057812594017,0.0
-388.6830885541028,0.0
320.2534143400823,0.0
-103.01668734378859,0.0
1340.4839814261395,0.0
-136.75393468131256,0.0
673.3081422069913,0.0
1174.1592592831266,0.0
1162.4304090185653,0.0
1258.0053787408426,0.0
1428.7778678911307,0.0
1178.1554411403497,0.0
1397.0362231733372,0.0
946.8067989579141,0.0
1008.3024206746236,0.0
179.1807589076618,0.0
1151.9705835704087,0.0
1745.8555701407136,0.0
759.4817351526082,0.0
553.6400939498221,0.0
1196.5142994599855,0.0
1748.9714224525458,0.0
1805.2881862867077,0.0
484.44982297707213,0.0
1450.8252795957212,0.0
934.3242466216652,0.0
1404.7491637975,0.0
189.62079523550506,0.0
1744.0293644642213,0.0
1116.8885813090874,0.0
1414.352903055331,0.0
1236.5559488420165,0.0
836.3237351974033,0.0
1613.4072296157856,0.0
1122.016078593284,0.0
1050.3144479667744,0.0
1706.4276190433607,0.0
1359.142404640981,0.0
1034.6820401027578,0.0
1855.8078470923501,0.0
1090.7937051991803,0.0
1400.077680283181,0.0
1752.3926521425446,0.0
1882.8317115004807,0.0
1981.339055718604,0.0
2214.6518001202658,0.0
1385.3663135510935,0.0
994.0628084335967,0.0
2199.742093448607,0.0
2045.9757174978522,0.0
1222.2050487173206,0.0
1707.7146793610666,0.0
1149.8795313080325,0.0
587.819377882084,0.0
1835.308114537481,0.0
1492.8922837207156,0.0
1378.5067355859526,0.0
2126.9753519980595,0.0
1999.503219812439,0.0
953.2972673852887,0.0
721.5256887825718,0.0
292.63001629361213,0.0
1207.6973763348378,0.0
1011.8864828398257,0.0
1356.0815850178658,0.0
1161.5128970925293,0.0
818.5333097617406,0.0
920.7008042050584,0.0
323.10606007987167,0.0
1681.8852965472465,0.0
789.3946298753608,0.0
1330.3662675476953,0.0
678.8871702765496,0.0
1015.6454132494092,0.0
1248.7514982363905,0.0
771.2523640791194,0.0
466.73779327163123,0.0
1998.9129587665104,0.0
715.5827998017551,0.0
1078.5035048233758,0.0
720.3558980899371,0.0
343.17196066113826,0.0
1337.2046173895392,0.0
860.4223188180424,0.0
795.4498037244028,0.0
-537.0268244210594,0.0
692.8009825488809,0.0
958.9628354914764,0.0
630.0479106919123,0.0
381.1955358197665,0.0
1013.3317623839168,0.0
507.25415480281015,0.0
638.0213735489264,0.0
828.5606054021232,0.0
771.4062507692839,0.0
-413.4919707680376,0.0
384.6218013209618,0.0
-203.30759098506337,0.0
-870.1738334417174,0.0
249.7218180518512,0.0
-814.3343940853092,0.0
-209.03546178909156,0.0
-1253.4779906253518,0.0
-563.0476615511736,0.0
-314.5424457329054,0.0
-143.20768269896791,0.0
-409.61341274930066,0.0
-649.0137997916632,0.0
-659.5198042179036,0.0
493.6282257756292,0.0
-557.2212767530547,0.0
-383.65046982884525,0.0
556.8242238268091,0.0
-1263.051287629688,0.0
-1458.9414486816515,0.0
-983.991254336481,0.0
-707.4741593879802,0.0
-1126.283233166772,0.0
-591.1534950560218,0.0
-684.304636701507,0.0
-1440.529967429833,0.0
-621.3403754376061,0.0
-1418.0432875226613,0.0
-417.80848203491644,0.0
-677.3144167905751,0.0
268.6360392201651,0.0
-441.8841218503528,0.0
-998.2416050651611,0.0
-720.5646331448316,0.0
-859.9814705938451,0.0
-1318.7017662738017,0.0
-1703.456163980377,0.0
-475.3806397431848,0.0
-286.3506860585285,0.0
-1282.0259873689522,0.0
-1230.0276144117001,0.0
-1361.1126175087365,0.0
-617.9880734747524,0.0
-565.2534724286927,0.0
-1603.8524700766438,0.0
-1377.113761275989,0.0
-1469.6098471347639,0.0
-1118.4176245474623,0.0
-871.529367676091,0.0
-718.9382628586724,0.0
-1421.922963513979,0.0
-1783.7620540026858,0.0
-1029.953703540219,0.0
-1022.5275603811833,0.0
-1496.356120966056,0.0
-1244.241948222504,0.0
-1173.7724041766828,0.0
-920.3954660405329,0.0
-1342.0790876490828,0.0
-1131.802703350678,0.0
-1298.41897466708,0.0
-1851.5111053135413,0.0
-1045.5160016752923,0.0
-1346.234931517134,0.0
-877.4451609665045,0.0
-2007.1894294470135,0.0
-1756.9256282299705,0.0
-1215.9014847553588,0.0
-2236.41233937569,0.0
-1459.7495293881798,0.0
-1613.4330686758246,0.0
-1592.6412492167456,0.0
-1500.0589744794481,0.0
-484.29514938776606,1.0
636.9134586764754,1.0
-1322.6844642523868,0.0
-843.9594751317703,0.0
-629.7979606857108,0.0
-1145.8615412730041,0.0
-873.3701380291934,0.0
-2471.7891622624966,0.0
-1003.9354647480739,0.0
-726.4614562507411,0.0
-823.5159146085022,0.0
-1107.3876830797685,0.0
-1403.688363039448,0.0
-1393.4114919552035,0.0
-1184.8743522758139,0.0
-962.4199510931487,0.0
-868.0125535858649,0.0
-1163.1507592812563,0.0
-1728.6350535280483,0.0
-177.4162554441691,0.0
-1475.891012087384,0.0
-2361.9864584313614,0.0
-280.1421705129445,0.0
-458.88662261386884,0.0
-873.1696848933792,0.0
-443.7128183675365,0.0
-674.8740611047114,0.0
-1270.6619868493701,0.0
-787.3306594736734,0.0
-1415.9511554980227,0.0
-1083.1552431843577,0.0
-1156.6751001294206,0.0
-628.2176808254479,0.0
-146.88104138911285,0.0
-968.5775601383845,0.0
-387.1838570739436,0.0
-1615.7540208081866,0.0
-1070.41439699359,0.0
-250.59068587714233,0.0
18.28327295197556,0.0
21.829739571000744,0.0
138.4223048321416,0.0
-1168.9299758378786,0.0
-583.1333530291255,0.0
-1571.1622276333894,0.0
-324.81208542588126,0.0
-123.08101733649566,0.0
-362.72692793292845,0.0
-607.6258983654062,0.0
103.45696841260384,0.0
190.39451867292297,0.0
26.72071314745881,0.0
-300.0051391411175,0.0
64.6752753602792,0.0
110.21912253333333,0.0
220.3550472543519,0.0
456.7112756509955,0.0
182.60064201452602,0.0
-479.61122311948327,0.0
121.30560529941204,0.0
478.80146582305093,0.0
132.04170594633143,0.0
469.06961669682255,0.0
64.63965318444639,0.0
1108.0403292241429,0.0
667.0827226362647,0.0
573.5737773171014,0.0
923.9935075519629,0.0
947.0755328021223,0.0
661.2905086951706,0.0
1126.0270419173225,0.0
979.1212549705126,0.0
822.7118684618127,0.0
741.7568991323749,0.0
221.18032157076493,0.0
893.4710651661895,0.0
932.5138589149745,0.0
440.1390412130133,0.0
1575.2759425637141,0.0
907.3768065545889,0.0
417.7281395966154,0.0
766.9612920949655,0.0
987.4389529433421,0.0
990.5530599548691,0.0
664.4553371758016,0.0
1092.5178017240744,0.0
386.79743080710296,0.0
922.9483422095357,0.0
1348.3920184049875,0.0
836.712332365702,0.0
1509.9690371950915,0.0
1613.6260579999644,0.0
928.9785531904747,0.0
69.50605370514768,0.0
1693.9490518420757,0.0
1936.1466280458071,0.0
509.4123253399215,0.0
1410.0697680870426,0.0
1481.900195616396,0.0
542.4849470184247,0.0
1072.6963314332268,0.0
1968.4768522914724,0.0
1471.719182654278,0.0
1394.838397058516,0.0
1975.6576678103734,0.0
1109.756524319887,0.0
518.313728278269,0.0
2088.165106661214,0.0
1013.837201103914,0.0
1391.464081495098,0.0
1974.1468050017615,0.0
1555.3690224677757,0.0
1498.0610824802113,0.0
1085.1086937541818,0.0
1712.7750142274194,0.0
2493.4737852643943,0.0
1121.9354000351407,0.0
856.5170849374736,0.0
1532.5546732418186,0.0
1022.1024671505431,0.0
1456.3652497046282,0.0
1407.4975476694358,0.0
1616.9019994428857,0.0
1460.468872981504,0.0
1478.9125442272675,0.0
1969.8382045265605,0.0
850.9359168391526,0.0
1322.5517620416529,0.0
1448.3268609718752,0.0
680.4022812530052,0.0
810.5427597910325,0.0
1059.247767949736,0.0
963.5918986718639,0.0
1764.4608347065325,0.0
1251.6125898566856,0.0
2605.36964971575,0.0
945.7954995776299,0.0
957.6734030588832,0.0
2209.217815139955,0.0
773.2971343113768,0.0
2107.0107492259517,0.0
-534.8776652816412,0.0
641.20110166364,0.0
1630.2936893364413,0.0
1731.1137211251453,0.0
1116.7881574410796,0.0
545.7386029282118,0.0
761.057160048193,0.0
1202.6422878774704,0.0
943.6416462236919,0.0
1233.7321116333114,0.0
357.4679293835908,0.0
1112.2803763288998,0.0
1289.9722736395252,0.0
2132.956698137446,0.0
958.7509040750531,0.0
919.4714909564095,0.0
112.44577418402429,0.0
-181.65145008551502,0.0
-695.5989282758203,0.0
643.490217884346,0.0
1364.371745833365,0.0
273.93560761744055,0.0
-914.3961501944126,0.0
361.64726981222475,0.0
126.45603282006356,0.0
4.563271373349295,0.0
1043.5382818820729,0.0
718.0384928732896,0.0
820.7609851729607,0.0
-334.4390041086121,0.0
196.3060784827386,0.0
-572.6511736012361,0.0
505.20542111052765,0.0
-651.6293854969385,0.0
508.3260679871661,0.0
-44.68711766887398,0.0
-99.65166429006504,0.0
-941.380395007791,0.0
56.86303311078632,0.0
-1210.95869047739,0.0
-954.4205807221754,0.0
-863.8345826040361,0.0
602.8911708272287,0.0
-394.9290441554149,0.0
-818.4489096000992,0.0
-251.93306687585732,0.0
634.3406588935962,0.0
-671.2083926671531,0.0
-1161.0495687769765,0.0
-1220.6543794385257,0.0
-713.8827541022465,0.0
86.56887176442979,0.0
-821.3680718042812,0.0
-919.0496970866814,0.0
-1318.615285586262,0.0
-1408.425055009588,0.0
-366.79027144847566,0.0
-742.3731056623029,0.0
-734.5862316330295,0.0
-1624.4332127324224,0.0
-723.2234660493586,0.0
-849.6652847485259,0.0
-289.80323101321244,0.0
-501.8257911883584,0.0
-1202.1500314554996,0.0
-921.77353021966,0.0
-959.7704071505423,0.0
-1214.4029824281552,0.0
-1595.4108667676887,0.0
-735.0028318947416,0.0
-87.7800744076385,0.0
-1291.9115925915887,0.0
-401.75063749995775,0.0
-1417.9378897531253,0.0
-1454.8562413678555,0.0
-1283.4886178078555,0.0
-1446.7473178160794,0.0
-823.9392891098213,0.0
-752.3241966650006,0.0
-2619.2553813415516,0.0
-935.5349188298089,0.0
-1141.1959350941356,0.0
-487.0211704281685,0.0
-1800.5001084632286,0.0
-1295.5718587903543,0.0
-758.873641538051,0.0
-928.5028181354794,0.0
-615.2249138938085,0.0
-1767.1806081439452,0.0
-1720.4716793561988,0.0
-1094.4207754105512,0.0
-2057.2255863984005,0.0
-1153.2223860538834,0.0
-903.5632472302234,0.0
784.5599411112045,1.0
-54.47761565537235,1.0
-1614.7567123318208,0.0
-1491.5512980948915,0.0
-1120.624835822807,0.0
-1199.6959527342137,0.0
-1536.727562413018,0.0
-2141.3952542267357,0.0
-2199.2849144982397,0.0
-1778.6982214146733,0.0
-1781.0710277321184,0.0
-1548.2512751108789,0.0
-1777.1849899576473,0.0
-1308.6586300144195,0.0
-1528.1903849326327,0.0
-1105.3992365790255,0.0
-1146.4320737871926,0.0
-856.5090990563072,0.0
-1599.1989263894602,0.0
-1548.163947196458,0.0
-1636.5696707071997,0.0
-1021.651598518164,0.0
-673.2520953688332,0.0
-428.39736636995315,0.0
-896.4594023633559,0.0
-1033.5232869155766,0.0
-568.0365521314118,0.0
-947.7306789706637,0.0
-1360.9225502504771,0.0
-462.424331857551,0.0
-1044.5013186116976,0.0
-1521.2113923173706,0.0
-860.8064960648754,0.0
-1150.3594431127526,0.0
-704.0071265359509,0.0
-1006.7381093916053,0.0
-769.3374119632679,0.0
-892.5655387871843,0.0
-644.6842599180766,0.0
-240.76433003766948,0.0
-382.8938623615603,0.0
-463.18115626638325,0.0
82.15684132502963,0.0
-1061.3136181282193,0.0
-262.9701919280079,0.0
252.46056036247137,0.0
-12.781212430048072,0.0
312.24412219864155,0.0
-656.032273322709,0.0
389.90232310638663,0.0
-488.1307576030993,0.0
449.2831906686226,0.0
56.797871662729165,0.0
398.03338070479185,0.0
-384.4457140197486,0.0
-47.58402026898764,0.0
-842.3083188029709,0.0
303.6542282077862,0.0
516.2933589234858,0.0
402.49684503636746,0.0
797.8986091514387,0.0
598.6473728453808,0.0
385.72833227622965,0.0
635.3299505888077,0.0
121.23351813786482,0.0
860.8325825499335,0.0
628.6573393108756,0.0
660.199709552119,0.0
506.91512362788194,0.0
299.4174170810303,0.0
141.24241560136295,0.0
521.1326967170816,0.0
1046.4636713579398,0.0
-156.4754460184556,0.0
811.391852057969,0.0
2556.406119205728,0.0
914.2007423573797,0.0
781.5702242626129,0.0
1091.8471559132463,0.0
841.1411661339899,0.0
988.1600049881604,0.0
1079.9833288179857,0.0
522.216433535267,0.0
1624.9740617259317,0.0
1178.7452751477563,0.0
1642.7033384524152,0.0
1202.276681795889,0.0
1659.1143215244579,0.0
1192.7743457219053,0.0
2705.6008350784314,0.0
1794.2182071144637,0.0
1890.8756234761368,0.0
1264.914244858299,0.0
548.6470887338854,0.0
1144.2822251298774,0.0
1577.6193024204215,0.0
1374.568833683748,0.0
1089.8955898989911,0.0
1011.1662949967958,0.0
775.1681128496865,0.0
1169.2834480972647,0.0
1713.2837131790075,0.0
1749.8811958311258,0.0
1725.0717134811352,0.0
1347.8566215060657,0.0
1536.1376074198129,0.0
1425.9496889123702,0.0
1649.595714405491,0.0
1608.2136866069345,0.0
1747.8965349580703,0.0
1371.6269164490598,0.0
1395.5483534482078,0.0
2128.915225042375,0.0
2077.3106214911923,0.0
413.1929809971783,0.0
1603.0273528640112,0.0
1577.9685042229235,0.0
1824.8945904216725,0.0
378.0993748183,0.0
549.0402080529294,0.0
1182.209803949815,0.0
1406.5954297383137,0.0
801.538993896384,0.0
1880.4498737410513,0.0
1843.2812449232129,0.0
1633.1081996308997,0.0
1720.5576059829398,0.0
721.4032279846493,0.0
1194.2692317626502,0.0
110.72974803247985,0.0
1709.7562166475132,0.0
1783.9288115812421,0.0
1420.4313918420798,0.0
711.0547025334993,0.0
1183.6831356050304,0.0
1623.8831170553972,0.0
522.2183468151978,0.0
1214.2618202150613,0.0
1439.5774256699458,0.0
724.2016191417372,0.0
773.0111345835674,0.0
1599.4611828565464,0.0
1339.8957283683053,0.0
1675.0531850651741,0.0
1089.622735058367,0.0
430.0822487648156,0.0
867.1279872524976,0.0
551.0601531201867,0.0
711.9310609199465,0.0
1035.7272920064133,0.0
1521.0337009144482,0.0
827.332132545756,0.0
1627.8923233732094,0.0
53.470655062415744,0.0
544.1558919568071,0.0
625.7481445645328,0.0
-423.5171115515219,0.0
-228.40146911157478,0.0
365.8617025337307,0.0
528.667208108561,0.0
689.2534763449871,0.0
452.63351233628396,0.0
242.62990312569463,0.0
-319.0567027516213,0.0
344.70411370573186,0.0
1046.9141726289088,0.0
466.9581081549393,0.0
-121.75156687795433,0.0
225.18047414155205,0.0
320.25906858888754,0.0
708.6562674394249,0.0
-234.19372844941265,0.0
272.0379836768105,0.0
264.35101694717093,0.0
-191.54767047480019,0.0
-141.2343455179028,0.0
-311.00685287668097,0.0
-134.00598688875468,0.0
-82.60322019094068,0.0
-831.0796153737797,0.0
-357.14477619642156,0.0
417.2797401325635,0.0
-347.59726684575105,0.0
-1287.7177524452625,0.0
284.3672532134446,0.0
-565.648801537192,0.0
-404.3626695921251,0.0
-264.47354993968514,0.0
-727.610736091561,0.0
-1089.0822503676648,0.0
-967.7819643993563,0.0
-526.7134115160402,0.0
-702.350171231478,0.0
-866.1123231570073,0.0
293.8120910673812,0.0
-662.6287403953264,0.0
-337.1063134672038,0.0
198.6599016413096,0.0
-789.1391784012593,0.0
-1097.169614231599,0.0
-1028.077755544137,0.0
-906.0809332209149,0.0
-117.50389719869156,0.0
-463.2664509296143,0.0
-1105.934947146197,0.0
-1331.5582018830967,0.0
-693.7092372883437,0.0
-219.36168786319536,0.0
-1375.405305298986,0.0
-350.47465841219423,0.0
-991.7336585722561,0.0
-1161.667927480817,0.0
-1316.883370163943,0.0
-1517.801919367844,0.0
-1441.9779479159479,0.0
-622.9824640557874,0.0
-1939.3027637332193,0.0
-1477.2463027069207,0.0
-1293.3964170829304,0.0
-1864.0145486620231,0.0
-1546.5281526087867,0.0
-2007.3602723199547,0.0
-1012.0975637710078,0.0
-1029.1895691542322,0.0
-2023.6220382908668,0.0
-659.1823349563742,0.0
-1855.3102195600113,0.0
-2280.210729252202,0.0
-2251.5730297796276,0.0
-1157.4683413842308,0.0
-2533.5395490372593,0.0
-1437.6131884016809,0.0
-1261.2751432830316,0.0
-897.4237659513514,0.0
-1554.7132046252757,0.0
-834.2706502511157,0.0
-1584.4452328521484,0.0
-911.2885218448864,0.0
-1842.9422789194045,0.0
-1222.377231541695,0.0
-1504.849760797106,0.0
-1245.562634355944,0.0
-233.76069230712278,0.0
-1314.91455676676,0.0
-1295.3586345296117,0.0
-1205.6183313011811,0.0
-1117.5913153279803,0.0
-2325.7585617953114,0.0
-874.3298194750435,0.0
-1918.5578610769448,0.0
-2182.5540979982843,0.0
-1149.907308976844,0.0
-1795.1068251992524,0.0
-1046.8109913315507,0.0
-600.5734463413349,0.0
-1110.2007233550073,0.0
-1591.7481460415906,0.0
-1008.9429209557011,0.0
-41.01952740580316,0.0
-990.6223298245014,0.0
-141.21220456740332,0.0
-244.11375934216824,0.0
-1523.3188238114565,0.0
-485.1803060356107,0.0
-1546.7473409440313,0.0
-590.9044260934058,0.0
-559.8830650977848,0.0
-890.1545954391395,0.0
-1538.8323859578304,0.0
-920.7750400444444,0.0
-893.5948255266976,0.0
-443.63927206033463,0.0
-669.7573916585623,0.0
-379.0109232201536,0.0
-759.1393147752291,0.0
-1333.1649903956536,0.0
-537.9376587849681,0.0
211.51296838831502,0.0
-871.9129957992403,0.0
-898.4626514572615,0.0
-1313.4888989340748,0.0
579.0684095873173,0.0
-817.7692654989947,0.0
264.4499824500094,0.0
-141.0253577551103,0.0
-268.7128010176843,0.0
-103.79672980975513,0.0
779.768658898842,0.0
732.299404495755,0.0
204.70485890267813,0.0
-212.20168368985273,0.0
753.1130825535499,0.0
414.2667416345924,0.0
161.6360108310489,0.0
388.9252590952388,0.0
-192.98583815894258,0.0
599.270253616504,0.0
117.0868248052538,0.0
181.0719931531526,0.0
-237.72696498831016,0.0
425.45248892455834,0.0
594.3215751662625,0.0
-295.5567765689056,0.0
627.5019048496129,0.0
716.8697990661839,0.0
1182.1356250213246,0.0
1128.9476395913657,0.0
306.24330888024963,0.0
1224.9981518666573,0.0
934.4413460800802,0.0
602.6175134637135,0.0
367.8362657032927,0.0
1185.731882683369,0.0
1218.7358457895873,0.0
608.2043029870745,0.0
1014.6492334321988,0.0
694.961974220767,0.0
541.6759499787333,0.0
502.58150567632396,0.0
1286.27740710847,0.0
1155.0478214782684,0.0
1211.5755745587646,0.0
1158.887527550089,0.0
1110.6767127683836,0.0
1546.36354856179,0.0
334.582804921205,0.0
1541.2449396172199,0.0
621.8144163935144,0.0
1081.7948978111986,0.0
1258.364792653699,0.0
1242.437615826754,0.0
1473.133143328514,0.0
810.870252550964,0.0
2101.879878907532,0.0
1832.4466195051991,0.0
1553.0133008390776,0.0
1674.548308849069,0.0
1128.8060062287093,0.0
478.4622375193426,0.0
595.9179126231749,0.0
1584.3724178802718,0.0
105.45304533099738,0.0
2135.128752660948,0.0
1587.141504746965,0.0
908.7550704099426,0.0
1125.4889474152878,0.0
606.1821272073615,0.0
1336.354494316386,0.0
1582.3745252972178,0.0
1972.396713577656,0.0
780.2867030817566,0.0
1924.512878959276,0.0
1511.4136756918663,0.0
1343.7039678430651,0.0
1386.144152688087,0.0
1587.2816890867698,0.0
2295.479781312684,0.0
2095.283595698494,0.0
1753.361585373788,0.0
992.819750283988,0.0
1236.5886097821062,0.0
1752.4729703556397,0.0
1504.8441660135313,0.0
928.8340317758809,0.0
2216.360167521756,0.0
2439.0682392442186,0.0
1558.641492754471,0.0
1097.5450265872546,0.0
1242.0267756388268,0.0
721.8137410697293,0.0
629.4297369597737,0.0
1363.097130739622,0.0
1065.0658653397554,0.0
1596.7398374181273,0.0
2535.0567359899896,0.0
1345.2311627806685,0.0
1092.9280210127208,0.0
1133.111177693135,0.0
1239.6992364012622,0.0
1728.0741986637959,0.0
1081.52131031861,0.0
1379.3262252932564,0.0
418.55686489627885,0.0
438.5924995136785,0.0
796.7507554619774,0.0
1312.2038344454857,0.0
378.6688626612317,0.0
1418.6180996952503,0.0
310.2847423377755,0.0
810.8464698964225,0.0
692.456791477632,0.0
1424.2515868870767,0.0
169.9583480261349,0.0
177.2189186359837,0.0
429.56211978085423,0.0
921.4297236671096,0.0
864.0120894916294,0.0
-139.83610168474462,0.0
47.079946684092135,0.0
-224.71340888702457,0.0
1202.4363934089622,0.0
537.065415736529,0.0
595.0553273988623,0.0
-828.1498736451344,0.0
318.96866859048157,0.0
67.35567565863441,0.0
606.5267515571999,0.0
-684.3945067093191,0.0
754.0143365222273,0.0
375.6382919717877,0.0
315.3915144838399,0.0
-613.8745651542315,0.0
896.5761949474861,0.0
55.34567011272148,0.0
33.88621259534787,0.0
-151.94047550851167,0.0
-337.7480965429787,0.0
-141.5946641061308,0.0
-185.2092064009391,0.0
223.12024698177254,0.0
-72.3962603423455,0.0
-717.4871991775965,0.0
-302.2801591139974,0.0
60.47864162177501,0.0
-789.1246850527529,0.0
-555.125967208642,0.0
8.73726077608967,0.0
-341.8465541378175,0.0
-859.2492633752531,0.0
-342.60517991795666,0.0
-171.31514243306424,0.0
-368.92659753096916,0.0
-645.8940549976639,0.0
160.98422184189405,0.0
-1482.6039805487644,0.0
-650.4211808425785,0.0
-555.2968702749541,0.0
-1326.0404891316987,0.0
-1290.9579018487557,0.0
-1290.5229353912723,0.0
-882.2912127486192,0.0
-1032.6903059355336,0.0
-737.4153851705582,0.0
-421.8960030355472,0.0
-1362.3530102821787,0.0
-1045.6817071565022,0.0
-908.3690061561888,0.0
-2107.180466459431,0.0
-1273.4526002141959,0.0
-2043.9548238461487,0.0
-1600.252520947822,0.0
-1713.854013273584,0.0
-740.238747441854,0.0
-1578.1175218464425,0.0
-1620.9672258356425,0.0
-936.6793188192448,0.0
-1400.9363248245643,0.0
-1998.2662051696161,0.0
-807.2351746033629,0.0
-874.3895784148426,0.0
-1531.6089581704591,0.0
-2175.150204382605,0.0
-1734.0995324960065,0.0
-1856.0260978845424,0.0
-615.1518870061623,0.0
-1755.5759130747324,0.0
-1007.9883654074843,0.0
-799.7773611373657,0.0
-1250.2987781795757,0.0
-1248.56525778465,0.0
-760.1517429364984,0.0
-1005.3005973399561,0.0
-2147.0597508723035,0.0
-884.0482827770772,0.0
-2485.9481156514967,0.0
-1726.7102861103754,0.0
-981.4114948268461,0.0
-2296.624290907716,0.0
-841.8052953287427,0.0
-294.90768445640447,0.0
-1463.1134923650352,0.0
-2246.0034219264808,0.0
-516.2154371561987,0.0
-1774.6231483900692,0.0
-1942.616895358609,0.0
-1855.3976872437152,0.0
-1546.432721497859,0.0
-1616.73982898347,0.0
-308.1893853872782,0.0
-1698.1159653697327,0.0
-2035.8335907354922,0.0
-1972.949560788015,0.0
-1414.601854735445,0.0
-344.2913474569823,0.0
-1827.2409199766018,0.0
-1232.5142278222547,0.0
-739.0664922369214,0.0
-1201.7894911965204,0.0
-1167.7555380162312,0.0
-1189.0201420385633,0.0
-795.4770635354954,0.0
-1324.8795268845897,0.0
-212.1375996277552,0.0
-1746.8442725295358,0.0
-394.4629868512625,0.0
-296.30817555618603,0.0
-760.3522785268965,0.0
-913.7882278287066,0.0
-114.26354161747963,0.0
-1180.473738762983,0.0
-749.3836106759486,0.0
-1064.2360522750096,0.0
-469.20499861304853,0.0
-1009.2002614437956,0.0
-816.938058095232,0.0
-170.0162760336808,0.0
-459.82044463207876,0.0
-301.80938620538785,0.0
409.7751214035402,0.0
-1308.898959241396,0.0
-572.5658733903033,0.0
-229.88729720416748,0.0
469.8202629349912,0.0
-709.5721092772553,0.0
-235.0605109236609,0.0
158.86638314528545,0.0
-584.31925317373,0.0
-247.5883678305954,0.0
