15.910719885067888,0.0
-11.931220201810067,0.0
91.65392141412832,0.0
-7.090474593188286,0.0
7.952544974723011,0.0
64.06447246686585,0.0
-22.787037376625307,0.0
14.665506075964096,0.0
63.76499643506094,0.0
62.10484692651524,0.0
29.988754778077926,0.0
53.612126696815366,0.0
6.060582053270522,0.0
33.761263550233735,0.0
-50.03248833679182,0.0
-23.24854608838942,0.0
45.519307782628935,0.0
69.9755948309898,0.0
-20.49332907195977,0.0
80.25328412069537,0.0
-23.360846371901864,0.0
-26.898234884619644,0.0
-29.44007540495042,0.0
-9.235690227690721,0.0
38.93174822418689,0.0
32.69000259051048,0.0
6.132749011889297,0.0
-6.10103697195502,0.0
4.118596098896812,0.0
2.180134644883985,0.0
28.597604625593505,0.0
-18.77455414194961,0.0
3.7766108038137083,0.0
0.3554889286200815,0.0
0.113761357468106,0.0
12.986820798115522,0.0
11.127648286910997,0.0
61.1348111462366,0.0
8.867254472092668,0.0
70.30905519498185,0.0
4.970900747505125,0.0
10.772943693350367,0.0
66.63263203362789,0.0
69.81715699502745,0.0
50.7222580279324,0.0
54.58836565231074,0.0
42.0848542485092,0.0
19.829584303336354,0.0
-11.128328731495266,0.0
-1.6281662591177217,0.0
52.96731418077495,0.0
7.978452106307343,0.0
-39.26664765450474,0.0
-17.86581089282632,0.0
-15.82520141420575,0.0
49.54865210485561,0.0
3.1356529341769646,0.0
92.49974073663464,0.0
36.677782488463336,0.0
12.500550161986395,0.0
-7.711539318253715,0.0
43.05691085468135,0.0
8.319925272977876,0.0
-20.717997649251032,0.0
39.4869388196426,0.0
5.460066540164685,0.0
46.877682595189235,0.0
5.346215467463823,0.0
-102.12071561281826,0.0
33.464653986670584,0.0
-67.71157760851081,0.0
57.48774436940001,0.0
69.67864656106825,0.0
-15.398806659191928,0.0
-33.99930057004301,0.0
-34.37866888604017,0.0
36.46803779875438,0.0
32.71159253811958,0.0
37.423063897630854,0.0
52.22225428796749,0.0
133.31210805748168,0.0
59.50995552198567,0.0
89.89100966142611,0.0
86.01538758658907,0.0
92.72439695355752,0.0
90.27246928740966,0.0
-20.619511390136015,0.0
-5.759699812033516,0.0
-21.433114503352485,0.0
-20.644637413694554,0.0
46.16291572218547,0.0
-17.09336951909036,0.0
1.1457917429452054,0.0
-23.983406937027343,0.0
-19.398180189871056,0.0
28.42396155094791,0.0
-14.062262741552576,0.0
-17.385315896318545,0.0
17.79775268754622,0.0
22.047637353804024,0.0
31.574861424812205,0.0
20.157788103111805,0.0
-55.24012082528803,0.0
28.7285719535729,0.0
19.96981552898459,0.0
38.71417305526054,0.0
-17.523767115533627,0.0
95.90064727003413,0.0
-33.44000169008228,0.0
45.21402801087427,0.0
7.657151287443627,0.0
-15.566065805007433,0.0
58.42983783529688,0.0
-1.1484063412082772,0.0
-80.2228230449586,0.0
-39.092210918975965,0.0
16.503208881108222,0.0
81.70132758983733,0.0
-51.4143971814806,0.0
-0.6110503351280026,0.0
58.31363803227857,0.0
33.88382170520467,0.0
-11.544935913487173,0.0
-46.27478199086295,0.0
-63.22854472549757,0.0
-5.969578813796733,0.0
5.715104963485006,0.0
-66.10348877565706,0.0
-53.074139649400365,0.0
13.949602684904596,0.0
-10.74831627466922,0.0
-20.21928810351503,0.0
-11.69519347288074,0.0
-21.30335332667362,0.0
47.44635366488912,0.0
63.13695440008492,0.0
80.77484247118238,0.0
28.59540204969693,0.0
26.942418501565644,0.0
55.75941103881631,0.0
62.68868767251289,0.0
54.835476445561646,0.0
48.71509541053971,0.0
-22.885650703780836,0.0
-55.68533364867043,0.0
33.63024314198947,0.0
8.616389841450658,0.0
12.992495334131178,0.0
-29.07262598331441,0.0
-38.912476550657864,0.0
57.562308541772666,0.0
23.771601609609974,0.0
-25.405213136375245,0.0
28.07861730422642,0.0
23.0199814865615,0.0
42.81795969060258,0.0
98.5320325708778,0.0
1.7486377695954107,0.0
-23.143376413799125,0.0
18.317732348609617,0.0
0.6922984541586068,0.0
30.78142670077263,0.0
9.592188023982096,0.0
15.494897655697276,0.0
-16.447938006977502,0.0
14.917310996200195,0.0
-16.39989896188064,0.0
19.652438810923197,0.0
-3.8542836156915534,0.0
-33.32987965324245,0.0
18.976825939564762,0.0
-23.46183569942379,0.0
66.06653816004447,0.0
23.97305969693448,0.0
20.86551015051039,0.0
4.654506157684717,0.0
-0.1402400585637973,0.0
-84.06462740848576,0.0
46.07162735836312,0.0
-24.34977160596219,0.0
45.48292547903812,0.0
3.9752273080810703,0.0
-1.1611570157898568,0.0
-6.084314176172434,0.0
-32.44827182913322,0.0
-6.191850355326976,0.0
22.177104340627668,0.0
-4.9353214886390795,0.0
-31.583007817861684,0.0
-7.670226621388355,0.0
21.008444519454073,0.0
41.368254505180815,0.0
32.14424651944493,0.0
10.36381237813803,0.0
-29.901330496086928,0.0
39.70255075681492,0.0
9.873042554207387,0.0
-1.653772196192877,0.0
45.818703904852626,0.0
36.27956112268349,0.0
36.0162908743214,0.0
-29.52483348484808,0.0
9.984700127468894,0.0
-51.442326784072634,0.0
16.01143683318199,0.0
8.01838304979616,0.0
50.628251713502905,0.0
22.646309327332283,0.0
-0.2681284313915189,0.0
85.1405432370642,0.0
-27.12655252625811,0.0
-40.18643969362516,0.0
-11.017137394049627,0.0
29.920542540201705,0.0
-3.596095901502169,0.0
-7.893085608246045,0.0
-15.433774999909907,0.0
61.110970248512544,0.0
-13.478883003029374,0.0
-28.970251293333654,0.0
5.581549109483402,0.0
-20.127319839340124,0.0
-2.386007319665435,0.0
60.145692736598654,0.0
-7.099286944604163,0.0
7.204613644721698,0.0
0.7102278997696363,0.0
1.0858465186373643,0.0
47.557763265880865,0.0
34.17078042532091,0.0
1.6813179000158076,0.0
-23.568390970158354,0.0
12.16011793622307,0.0
42.02343269329947,0.0
9.374238891289567,0.0
4.396628109303393,0.0
-57.19370582856044,0.0
43.84264905412261,0.0
-45.7702982937224,0.0
-36.23296051166046,0.0
-5.548057483840667,0.0
11.249262612730297,0.0
7.625524174095794,0.0
-25.540811115276686,0.0
3.708185184908915,0.0
-11.888120665150055,0.0
-60.252649880797975,0.0
-5.214002626266181,0.0
-22.018493615565443,0.0
34.11632501716518,0.0
37.76406261097136,0.0
54.75479874462927,0.0
52.10585437617188,0.0
54.43267656779342,0.0
60.574268622544196,0.0
34.99881767672636,0.0
-0.9989850270285316,0.0
53.793432671384714,0.0
-32.486391409501174,0.0
0.7208575616818971,0.0
34.998943505063544,0.0
-8.3671646924363,0.0
29.78118694901701,0.0
-27.972604047740823,0.0
-19.489848869646238,0.0
26.695228191345368,0.0
41.67081822862839,0.0
59.16954478176399,0.0
12.473374071358531,0.0
26.7541083385696,0.0
40.58058589888053,0.0
33.85566009707989,0.0
-28.972696246045224,0.0
4.442493962039855,0.0
67.03296281672384,0.0
-26.858624422347283,0.0
39.677505578228846,0.0
-1.3469067716891523,0.0
42.175865662798806,0.0
-15.061184583412544,0.0
7.7649496523874735,0.0
-67.07231253902724,0.0
5.487769824651241,0.0
42.74815072675699,0.0
-50.12118286940163,0.0
44.75809670278684,0.0
-23.785921490293955,0.0
-1.8476677995806454,0.0
-98.051832587886,0.0
59.8954690417794,0.0
-26.577346710296172,0.0
-16.404291209739785,0.0
-38.0926223867457,0.0
-29.799393822283655,0.0
47.232156585178444,0.0
-13.357223328107615,0.0
40.27384888120244,0.0
-1.3539160306533864,0.0
19.479814355890944,0.0
-6.257608334778151,0.0
24.403589460408558,0.0
97.34415194960555,0.0
32.54340602481095,0.0
24.240647907920774,0.0
-11.162848123857543,0.0
45.45349907741187,0.0
55.012961699317934,0.0
-57.377582954136855,0.0
-45.77495761078369,0.0
79.79033732372703,0.0
22.3579787192402,0.0
12.658976864052548,0.0
36.30050057978802,0.0
55.549476919991925,0.0
42.87763068199992,0.0
13.955588728357313,0.0
125.4162293774144,0.0
59.45520508342037,0.0
36.45554444753553,0.0
44.91164593727608,0.0
62.22917466266837,0.0
52.325098294327546,0.0
61.228134818703595,0.0
33.375749921673076,0.0
-74.41841310092336,0.0
-16.079778773393144,0.0
57.26955231351085,0.0
31.301899286136713,0.0
-20.54447307654893,0.0
-16.519672522565894,0.0
45.12643010791021,0.0
-3.933137531373747,0.0
-17.119270356527814,0.0
72.9172999214563,0.0
-13.33763642496498,0.0
26.67402813308323,0.0
-1.6468767816237002,0.0
6.831373120028504,0.0
-21.157075291251523,0.0
-15.821272593154447,0.0
59.36629594846931,0.0
-29.068529086124464,0.0
18.001641481846825,0.0
-41.071874990944806,0.0
32.32981683152856,0.0
30.65826515255571,0.0
-49.7664125158089,0.0
59.923319171376676,0.0
8.372168876876328,0.0
76.80359860830194,0.0
0.30979378811863967,0.0
47.881875808414414,0.0
96.17299783344068,0.0
21.80817015104409,0.0
-11.333372456735802,0.0
32.26220186156769,0.0
17.07824522670498,0.0
7.427423457451321,0.0
4.654514928892941,0.0
-12.872532110310438,0.0
15.284719890940629,0.0
-13.967218743488791,0.0
-28.898775555904706,0.0
31.40032377101182,0.0
-5.979346924579871,0.0
98.39178523034462,0.0
-8.995915811603082,0.0
-23.86729668603433,0.0
-16.81494442821027,0.0
20.381443131393304,0.0
-20.146379381957857,0.0
-37.55480230734934,0.0
66.11020746957769,0.0
-20.719774958338803,0.0
65.58226093267933,0.0
12.086517919563214,0.0
-34.29938890180083,0.0
65.0898914492154,0.0
-5.336563109503386,0.0
-34.33229335579265,0.0
4.358677114292277,0.0
48.38939866100634,0.0
24.655871895838125,0.0
31.794493533109204,0.0
63.26159332528764,0.0
9.737204858580348,0.0
14.551929462875037,0.0
-5.149018052184104,0.0
-50.45644795400213,0.0
-2.211938407782541,0.0
58.30846354606431,0.0
-60.422016310387185,0.0
50.46287034420814,0.0
11.431150648619012,0.0
-30.833444925488052,0.0
28.360838251025815,0.0
70.05440427579575,0.0
-11.667256433738704,0.0
32.50890729073399,0.0
86.80253931877583,0.0
-14.3493248475571,0.0
27.81567106004235,0.0
19.297763583422302,0.0
-14.097996855495243,0.0
26.70068010909663,0.0
-12.024708741975912,0.0
-8.822197650330782,0.0
-42.52450443016885,0.0
15.900454493754454,0.0
23.523353711192705,0.0
-17.15495315809168,0.0
-37.433086858281904,0.0
-47.22769274638315,0.0
-26.460060328068426,0.0
28.32244484404405,0.0
-26.3486847478153,0.0
59.10181918237934,0.0
18.72188854312139,0.0
10.6998494090554,0.0
-28.389013035786952,0.0
76.44665886983837,0.0
-39.94942909319252,0.0
26.25881708854699,0.0
68.09769710352387,0.0
-5.1740624735306495,0.0
-21.648023826322664,0.0
1.3149252587901261,0.0
38.01891087105441,0.0
48.99515734962815,0.0
26.796100576229062,0.0
-32.563264864476196,0.0
-24.311370822117954,0.0
9.334920524720328,0.0
-44.01867972130852,0.0
-6.665369041231992,0.0
82.80907374025095,0.0
-35.1322125775893,0.0
43.84990711164166,0.0
-26.64353865665573,0.0
-7.286547137956104,0.0
7.471062462564537,0.0
-51.2893583768976,0.0
0.21080770479364652,0.0
48.76352572546917,0.0
37.86205366115989,0.0
30.161715811209483,0.0
-21.01029556372987,0.0
3.769414141188234,0.0
14.295789762053662,0.0
28.473992980444493,0.0
50.411150927401344,0.0
-36.035994721015605,0.0
65.28592255795672,0.0
-6.320994165291745,0.0
-7.074061332550688,0.0
-41.57674913680296,0.0
-2.4446994659173598,0.0
-6.228415923924592,0.0
-31.516384929087444,0.0
3.4926650968981487,0.0
19.37615556217677,0.0
1.1636422728383344,0.0
46.10022844365486,0.0
-19.95025785912221,0.0
36.08926535796281,0.0
-0.7065516733668353,0.0
26.424096092245357,0.0
-25.537613165209024,0.0
25.657016727349518,0.0
3.7678697071396257,0.0
39.74174728068434,0.0
-38.547459983030265,0.0
51.18751210310302,0.0
-37.03981917690492,0.0
49.48016162627045,0.0
22.84980862312337,0.0
-25.205974988304934,0.0
80.24188189220374,0.0
-39.114367387338184,0.0
4.798587894262413,0.0
17.466864635464677,0.0
34.81558890357208,0.0
30.163626928891983,0.0
46.81674047565808,0.0
31.560462921451563,0.0
17.17915430073764,0.0
-17.520158479498946,0.0
4.557921258862606,0.0
48.54352758345496,0.0
-27.064114956822344,0.0
26.002378994767405,0.0
-56.86544391729004,0.0
-6.083820123915753,0.0
-36.531379368834855,0.0
62.87830050228173,0.0
-53.72857019324094,0.0
7.3597624673603175,0.0
41.26775052450877,0.0
30.95644498993433,0.0
30.881140087317522,0.0
43.308615619537015,0.0
26.074652014626942,0.0
42.09570651779218,0.0
7.047658637693696,0.0
3.0754295640017233,0.0
-47.48027347974767,0.0
12.083531610315971,0.0
55.69816509106974,0.0
-19.97111902042727,0.0
-30.181232529182033,0.0
6.289926560162222,0.0
47.90729447409871,0.0
52.50922562978336,0.0
-36.10696946288286,0.0
20.227804155480154,0.0
4.335564384041781,0.0
72.00563880040609,0.0
-9.413055248276791,0.0
92.23978330557841,0.0
46.734915446262946,0.0
66.39267518394196,0.0
47.52176095355542,0.0
13.71505453808328,0.0
70.95095131308574,0.0
38.630900016190104,0.0
27.1756257639243,0.0
81.77058832809325,0.0
56.985314880162754,0.0
36.775461458453684,0.0
99.87085130156132,0.0
77.70947571381426,0.0
76.86947935543536,0.0
64.4761644674591,0.0
52.03029140769552,0.0
59.2779324895778,0.0
76.7423982081774,0.0
16.622099571893973,0.0
-10.78234177413512,0.0
79.42831859610108,0.0
79.18155004395342,0.0
56.204993651890675,0.0
87.28553926200816,0.0
54.38363918910512,0.0
2.8435232369477816,0.0
92.43674621684937,0.0
75.47867471266004,0.0
59.413102557099535,0.0
114.94183492000468,0.0
105.66378396568535,0.0
30.862969660869304,0.0
-23.97359205739913,0.0
-63.32324318270817,0.0
19.224376474384055,0.0
-8.923707470720975,0.0
28.096936035363548,0.0
8.463327541340679,0.0
-16.667429980527626,0.0
-11.580902132369134,0.0
-53.18190848593366,0.0
55.295542019791185,0.0
-11.203897963978893,0.0
39.08163836203825,0.0
3.2815116151064423,0.0
21.554940365442064,0.0
40.72028981210046,0.0
10.126675011510912,0.0
-5.396942881894866,0.0
94.847385530661,0.0
-0.15738813845584154,0.0
29.49199917984988,0.0
3.0812792144166683,0.0
-24.88270411849441,0.0
53.39235893587424,0.0
16.10536464821873,0.0
16.293336643299767,0.0
-78.06038950369954,0.0
20.35476519282086,0.0
38.27470603626172,0.0
23.204795260248734,0.0
1.6474554053692323,0.0
50.01427356345049,0.0
10.874683616776304,0.0
26.936597521637392,0.0
41.38239497639469,0.0
42.092216300628806,0.0
-34.39164578206162,0.0
18.126941132177755,0.0
-1.464186094025255,0.0
-64.40095169836722,0.0
29.292450601457197,0.0
-8.66965782876143,0.0
44.1786277683435,0.0
-30.483331026091633,0.0
4.181802442039668,0.0
24.058640473044676,0.0
40.72022913962517,0.0
22.532564927555494,0.0
3.664664693528472,0.0
18.508828818157497,0.0
105.25179723327483,0.0
37.028390135092316,0.0
48.46969629328046,0.0
93.94338540944936,0.0
-58.839544084264155,0.0
-66.60461290378467,0.0
-33.860762996262615,0.0
-11.26992440436057,0.0
-31.37879738954245,0.0
6.445626328657074,0.0
9.779914853694942,0.0
-16.94443594860259,0.0
49.79746170464491,0.0
18.185206031000632,0.0
90.17204530402122,0.0
59.907706540613155,0.0
130.8547805484412,0.0
82.60330379312839,0.0
41.39927608025952,0.0
64.16823745015833,0.0
56.03950054518625,0.0
25.053638894267404,0.0
-4.668972507962799,0.0
41.36508891048727,0.0
56.51822570502205,0.0
-13.976586144569268,0.0
-5.566253708921607,0.0
-12.73014875501443,0.0
36.20567374729085,0.0
49.40670387573419,0.0
-29.674906463377855,0.0
-5.497826294408533,0.0
-0.5585240717449196,0.0
17.50043537097533,0.0
38.497113034253836,0.0
46.381932041077235,0.0
3.8360264084449156,0.0
-24.69353026312517,0.0
31.25265318020944,0.0
51.25235596650731,0.0
24.20138334496172,0.0
6.926436939611449,0.0
13.790833865862123,0.0
31.637087018473604,0.0
4.470161489602415,0.0
22.465364465112113,0.0
10.371637527388884,0.0
-30.916317813096498,0.0
45.32774409834782,0.0
15.540892664891242,0.0
52.975855045597555,0.0
-31.81186737187427,0.0
-11.345901970660144,0.0
24.746346406112497,0.0
-47.90080690393165,0.0
2.1695346700518083,0.0
-9.160082210237903,0.0
-10.974043604567495,0.0
14.8981811787196,0.0
-59.39466650033218,0.0
51.49734014555413,0.0
53.67361972952928,0.0
92.84562077021612,0.0
115.06453679412189,0.0
69.7907295315107,0.0
86.36858854098602,0.0
-41.32359457143953,0.0
70.72863261886734,0.0
91.85325336815973,0.0
84.37795604829113,0.0
57.55464745746339,0.0
-10.830787615118316,0.0
-7.150213141810434,0.0
2.8380541113302264,0.0
15.466790785105317,0.0
20.61341730136503,0.0
16.590687595792733,0.0
-43.30837039791343,0.0
65.74350835334565,0.0
-29.20580365472324,0.0
-63.58546084429963,0.0
53.42259033331987,0.0
38.53276894824015,0.0
24.800784633480813,0.0
37.08381285763086,0.0
20.040765788635202,0.0
-30.026786564842713,0.0
8.193060125339093,0.0
-44.564288298564534,0.0
-21.433295229216913,0.0
-29.25467128691377,0.0
7.632938987514255,0.0
40.34385469333856,0.0
-19.27529530406761,0.0
16.59822044287914,0.0
-75.88328146344669,0.0
-38.65921346939739,0.0
37.30441992898807,0.0
51.539063989100725,0.0
50.01441538311607,0.0
50.563300103114194,0.0
-48.09355735137961,0.0
-9.774185911651614,0.0
-71.03040836411095,0.0
21.37888449502303,0.0
55.46996566022885,0.0
6.755706407470807,0.0
35.57490976817792,0.0
82.48725667948139,0.0
93.1717009643112,0.0
61.8174609253014,0.0
45.243807036865846,0.0
68.55244480712854,0.0
63.075853390212046,0.0
14.638762481856824,0.0
24.436042123026528,0.0
-0.9703615666410061,0.0
-50.117780173995875,0.0
-9.879905861536601,0.0
17.384768593425733,0.0
-8.851863079121273,0.0
15.867234419488621,0.0
-24.69379362844262,0.0
50.43093733257651,0.0
18.56536381347975,0.0
10.047696819055954,0.0
33.29743171107925,0.0
31.532133750619742,0.0
9.252751310483212,0.0
38.098385788683615,0.0
31.633675319798787,0.0
21.731282177363063,0.0
13.100516530612067,0.0
-25.9635886274243,0.0
29.964950718770655,0.0
21.396827338235987,0.0
-17.05693564338654,0.0
57.093089265552145,0.0
1.846119079475276,0.0
-38.664214033035734,0.0
-13.06886414294356,0.0
-1.5227301937999953,0.0
1.7205374132672562,0.0
-26.13812571006659,0.0
3.267054971263622,0.0
-23.547512848215497,0.0
-2.4947051593634644,0.0
67.67436635022526,0.0
27.713159592698002,0.0
32.31310056748852,0.0
50.876919454358514,0.0
73.53918955165082,0.0
-58.51961932706527,0.0
38.75274992449238,0.0
94.58692429614283,0.0
34.63403575087158,0.0
94.57056341904871,0.0
56.77205552352743,0.0
-36.23616611759611,0.0
15.699458470238614,0.0
67.3287178564565,0.0
66.32979531617544,0.0
109.06997837805673,0.0
74.23836526556468,0.0
-3.692263647882278,0.0
-59.35706625479466,0.0
55.38091975556465,0.0
-23.470471699673652,0.0
3.640884464335597,0.0
74.79011707535996,0.0
95.05833481579077,0.0
223.08216800699506,1.0
70.21729149804689,1.0
134.09503393514916,1.0
210.4851898481707,1.0
82.4898137998336,1.0
211.1147143439105,1.0
205.32472020956504,1.0
222.08259070919897,1.0
166.99787994221907,1.0
172.3399955239887,1.0
206.40260063962953,1.0
185.74054172166927,1.0
186.92620651733134,1.0
288.5056493354511,1.0
198.73350042870595,1.0
247.44190041721097,1.0
123.33275712146514,1.0
49.858787336168014,1.0
71.64640928402213,1.0
84.76559290173459,1.0
42.45541764651954,1.0
86.12730652045619,1.0
70.55761262950301,1.0
188.50983575653345,1.0
116.28807612213141,1.0
134.59233681396807,1.0
240.18545657161667,1.0
178.67255971947023,1.0
452.056347491345,1.0
177.59152698565353,1.0
164.02098133108186,1.0
219.46696266519493,1.0
212.43577995583507,1.0
223.51375648301178,1.0
129.61688532869385,1.0
141.03890269403485,1.0
201.19904854504662,1.0
217.54077828529793,1.0
279.50802186489375,1.0
230.1792348087307,1.0
193.3239038940967,1.0
161.60529741130964,1.0
223.7782640467682,1.0
123.52435318663174,1.0
106.87129268758517,1.0
49.031901539265824,1.0
24.100179534534234,1.0
6.878081938612297,1.0
121.1764485451081,1.0
219.56277369245083,1.0
100.93481798681722,1.0
7.773176288128781,1.0
161.45003647534656,1.0
210.03417756205116,1.0
119.01984071164298,1.0
189.03221561006734,1.0
140.2952847042316,1.0
220.59306778696532,1.0
252.12022261800706,1.0
265.8214758920353,1.0
170.09860632055847,1.0
234.08953944348443,1.0
322.40530492417656,1.0
283.3182412913818,1.0
185.88560613714938,1.0
153.15780716437277,1.0
61.86484575672305,1.0
120.4021594788091,1.0
30.981656004435358,1.0
30.778598632672647,1.0
58.91648986912246,1.0
159.4218409803933,1.0
138.58889297923616,1.0
135.04636699811377,1.0
266.5949477340432,1.0
339.47922824732166,1.0
203.94081017763204,1.0
196.40963858505143,1.0
253.35419508179024,1.0
226.53641480804257,1.0
268.1199074381966,1.0
197.39729553089404,1.0
164.80959036418605,1.0
288.61584799161085,1.0
190.1690132338785,1.0
272.0828644242382,1.0
242.88107494968955,1.0
272.3077424132491,1.0
89.58344569659613,1.0
93.53633712383237,1.0
81.94885160471351,1.0
140.08653489786346,1.0
161.5744151846107,1.0
4.601998267337788,1.0
66.10673660652101,1.0
58.65570271304404,1.0
122.5068752115038,1.0
123.44193035455119,1.0
120.51459238698521,1.0
270.63795089960144,1.0
201.52621616665348,1.0
280.3545238947599,1.0
169.20664336956432,1.0
131.5377287738246,1.0
196.91128164437995,1.0
167.1068111228837,1.0
251.05049057840347,1.0
278.8855677218784,1.0
168.05205093912738,1.0
472.36749513682105,1.0
311.18038261176065,1.0
315.0792002851422,1.0
12.53860033303631,1.0
6.620938541747143,0.0
46.966697649640444,0.0
34.32339879520005,0.0
60.38234886300399,0.0
-24.33765452763188,0.0
-19.405341364686283,0.0
32.29671666434716,0.0
-41.69636199924867,0.0
26.079862094217837,0.0
40.74446880615398,0.0
27.364319857032115,0.0
-42.91818250754109,0.0
-1.0101222893000035,0.0
1.3213445431257647,0.0
18.85983567010035,0.0
19.60167842649536,0.0
-12.078873322977453,0.0
-43.355385047121786,0.0
-60.679596273901026,0.0
-21.31507721956936,0.0
-28.442661321794247,0.0
-19.035792926284866,0.0
-38.216375863733475,0.0
51.08416391251708,0.0
-7.54714510511706,0.0
32.445834478303574,0.0
6.122541120875366,0.0
27.6431253668191,0.0
-26.645368516614617,0.0
-19.9698139918288,0.0
-21.075378869050844,0.0
54.38521184960095,0.0
60.467608440459195,0.0
81.8014410740955,0.0
44.16118077102034,0.0
40.111959414805746,0.0
56.8564824053705,0.0
62.33487073437949,0.0
8.99099386780803,0.0
97.94287261769858,0.0
14.924885702412668,0.0
-7.310337980951914,0.0
77.35955169528499,0.0
42.16850239123246,0.0
47.61400345073855,0.0
-15.946724145786753,0.0
-5.705839819411931,0.0
-16.914903989263134,0.0
-2.4121200049826834,0.0
23.734697864320186,0.0
10.779181016379045,0.0
0.9669290492972432,0.0
50.869199750491326,0.0
-30.10725710998406,0.0
27.004995109568263,0.0
55.18139070078109,0.0
36.1749279279104,0.0
62.55671814247847,0.0
-7.401215440976024,0.0
76.32389630162534,0.0
12.717355497555356,0.0
76.75412374151215,0.0
72.16877141866482,0.0
93.00340708382967,0.0
5.845975367623119,0.0
28.24394758022644,0.0
-48.305865938128264,0.0
27.158648873157787,0.0
79.0258985458638,0.0
22.88390846357926,0.0
59.46918854825236,0.0
34.928468894887494,0.0
5.96465476694035,0.0
23.388635135776678,0.0
-18.134145834018486,0.0
37.93864486870684,0.0
22.599871219956853,0.0
51.801351598024596,0.0
29.877139573667534,0.0
-16.985946103248352,0.0
-29.30136888855538,0.0
-5.018583337079059,0.0
33.78886649666878,0.0
-55.564518761983685,0.0
23.488041844067002,0.0
142.26066981676507,0.0
16.65439987251425,0.0
-0.3535726404000834,0.0
41.4420516533127,0.0
-1.2409980937112732,0.0
28.698189034957128,0.0
13.824071715175652,0.0
-30.232484698059476,0.0
47.587127720772756,0.0
18.28367100740033,0.0
44.732135530572926,0.0
12.765783406346253,0.0
43.07743017454818,0.0
8.913793001158105,0.0
114.36434130214613,0.0
48.50131088822928,0.0
56.95779158077188,0.0
23.328314263121534,0.0
-36.631669231848434,0.0
15.323387087390572,0.0
50.18889641368558,0.0
48.674240105891215,0.0
-2.627876819193496,0.0
-9.133561524011256,0.0
-31.52975853480872,0.0
-0.9290742464269801,0.0
48.70579218201607,0.0
42.826066496537734,0.0
37.87523043691658,0.0
5.021895118619893,0.0
28.427689419200203,0.0
19.026386427535712,0.0
23.572320899828934,0.0
14.456948936191033,0.0
25.952671590097715,0.0
2.220924423113572,0.0
0.8668817268319801,0.0
56.20743083479895,0.0
51.16607751421432,0.0
-63.34053556062928,0.0
19.097437937363686,0.0
14.833726881864155,0.0
44.907049918213076,1.0
115.46407064589683,1.0
144.96445616679057,1.0
238.33122517032118,1.0
380.94557284803574,1.0
222.3642545745345,1.0
276.8073754850878,1.0
394.06415452764105,1.0
393.6761743410693,1.0
370.14382825489383,1.0
386.1118125094504,1.0
403.98765614475684,1.0
210.20588406359582,1.0
386.8753920229803,1.0
387.87622684225437,1.0
262.2193131426159,1.0
154.41628942121093,1.0
217.32301153313475,1.0
231.24585684795767,1.0
97.31468626266312,1.0
62.14668542880718,1.0
180.63571121245013,1.0
169.0654416608683,1.0
152.36772641651933,1.0
304.65397647790286,1.0
339.4981713806647,1.0
425.10677140108794,1.0
460.2631006354695,1.0
417.42064593075685,1.0
396.10997996168675,1.0
373.8110846440595,1.0
287.9530154907964,1.0
244.3039186082753,1.0
410.76836253446254,1.0
414.0340440731365,1.0
220.9347470111674,1.0
-29.943490790947394,0.0
24.061232313847693,0.0
21.93074324384386,0.0
-52.29001522740768,0.0
-48.606192158771194,0.0
1.1400988302022714,0.0
7.029688396599909,0.0
27.450645912803115,0.0
10.935871026865374,0.0
-1.6175163671734722,0.0
-47.41261792579776,0.0
2.761604674779462,0.0
62.184925755179194,0.0
27.977412575840095,0.0
-14.351194866811909,0.0
34.124790228819926,0.0
75.46885555002764,0.0
67.89128866809801,0.0
-13.052566434631075,0.0
95.16306544826986,0.0
78.29600408715748,0.0
22.683217218907874,0.0
4.974992314728842,0.0
-1.4623648297522216,0.0
6.745147687535271,0.0
14.846766244780884,0.0
-39.614960411677714,0.0
1.3642984798736064,0.0
56.584969577072854,0.0
2.1565257952501806,0.0
-63.772440232661495,0.0
57.110416477702664,0.0
-3.6646924302593638,0.0
7.606601369286116,0.0
24.461118053048526,0.0
-6.545619395296701,0.0
-32.5909724422073,0.0
-11.33491077602988,0.0
29.101092904976774,0.0
13.211176428746132,0.0
1.4741697346153604,0.0
90.59749761233806,0.0
25.56988230442955,0.0
48.9623499922119,0.0
98.10783037141744,0.0
26.75868476495119,0.0
10.744586382274873,0.0
3.8948595696188892,0.0
15.41330803509798,0.0
71.94084858987061,0.0
43.10070228662654,0.0
-2.104644536190281,0.0
-16.89155085635759,0.0
31.07717956326481,0.0
69.845420421199,0.0
-14.345044543963038,0.0
59.28135270956582,0.0
16.088154070838605,0.0
3.2509526278743905,0.0
-2.006246850117825,0.0
-20.069914951263087,0.0
-11.625575827804107,0.0
84.9584137320083,0.0
18.961558999135356,0.0
32.4319776667548,0.0
62.28765634068521,0.0
17.105372877677233,0.0
20.47770167992565,0.0
-32.68288784340076,0.0
48.74170185425386,0.0
75.33036004495574,0.0
-15.639908328509101,0.0
60.28529223525586,0.0
-30.725801046647163,0.0
-63.84918229555316,0.0
-57.32000198614942,0.0
20.727861571608237,0.0
-81.31784064802906,0.0
1.5474264559427526,0.0
14.406780763203129,0.0
37.89628289651524,0.0
-3.098051370828861,0.0
60.17289301108248,0.0
-8.819946770134283,0.0
44.272764752328435,0.0
-21.140693146616584,0.0
24.351793199800667,0.0
3.408840496851912,0.0
15.026949056703202,0.0
117.36893229223706,0.0
24.64755805773667,0.0
14.433335087193415,0.0
14.421597985674158,0.0
15.601336441028948,0.0
-61.787894378077965,0.0
50.17816075283761,0.0
-47.61373805381101,0.0
-62.121254913976884,0.0
4.375825188745925,0.0
-39.559405109432966,0.0
8.90545442968014,0.0
42.97586220876083,0.0
1.2216217219591383,0.0
-33.44503303160875,0.0
4.104923620486869,0.0
77.43224333575425,0.0
2.830695909567673,0.0
66.75407343113858,0.0
54.863961167924316,0.0
-31.08007571160683,0.0
42.62782238010044,0.0
-32.90414584711465,0.0
37.609890982057266,0.0
37.65815477212051,0.0
-0.09043044038861847,0.0
-46.10184741993375,0.0
-2.6965120629557795,0.0
0.5087318337370732,0.0
44.38744274789414,0.0
15.887535403136493,0.0
23.648073808017536,0.0
0.9031485063572653,0.0
-46.656150176209984,0.0
11.866242469128087,0.0
60.34897887249016,0.0
-24.737754237609366,0.0
-26.84871225723615,0.0
-59.33337603951175,0.0
73.71486976161849,0.0
-33.096581632959236,0.0
40.195530657526604,0.0
8.76747790224426,0.0
-3.584639623568756,0.0
13.744089185382768,0.0
66.99613872043992,0.0
65.4104630503221,0.0
35.58638440525239,0.0
70.76388780180051,0.0
159.74090923514137,0.0
49.12851420376123,0.0
54.35209874972817,0.0
96.81550172337606,0.0
47.01530932335125,0.0
144.8559138160705,0.0
81.63241614539747,0.0
1.0202783047266468,0.0
-39.217074471551804,0.0
7.9984973125088095,0.0
18.578399681385704,0.0
-52.59028125078398,0.0
14.721518593183731,0.0
20.268583890762734,0.0
47.241819390585924,0.0
53.209366579654024,0.0
-14.779506512020276,0.0
56.41886303532409,0.0
38.82913130017784,0.0
5.795696537101597,0.0
-13.211449637724016,0.0
45.693888072269985,0.0
42.138575014770964,0.0
-8.092253322830942,0.0
22.060258213850222,0.0
-3.217863626656321,0.0
-5.29195692200728,0.0
-26.46884553298039,0.0
30.862947464060998,0.0
17.62960840636498,0.0
17.886816578377065,0.0
12.803205604284614,0.0
4.644604097529996,0.0
35.53396089229058,0.0
-58.129493544183575,0.0
33.35760978821414,0.0
-40.428239647515014,0.0
-3.886923142673761,0.0
4.455201627722381,0.0
2.076531194741003,0.0
18.38043072309859,0.0
-29.416652187945996,0.0
62.10734588087864,0.0
41.10157693461405,0.0
26.8757536004821,0.0
37.846236358005214,0.0
-11.843633495134267,0.0
-60.29134651156941,0.0
-51.777979869771144,0.0
19.123799147884924,0.0
-89.28348024077322,0.0
57.61049342198915,0.0
15.390511224143975,0.0
-14.613850172697582,0.0
-15.51241833636331,0.0
-54.051881643705215,0.0
-2.228064972784722,0.0
14.550152308591935,0.0
43.02780245466004,0.0
-43.76126578231134,0.0
38.0885168441199,0.0
8.900231299911907,0.0
-3.118280000168667,0.0
5.081594017548304,0.0
17.07001625385358,0.0
68.65605019134765,0.0
53.03729122109341,0.0
32.427584451580074,0.0
-19.489463613456657,0.0
3.9139735818490315,0.0
37.008208761091446,0.0
24.332512698817876,0.0
-21.11378974265656,0.0
70.61866146623204,0.0
92.18504766048453,0.0
28.170197397924273,0.0
-7.401733467709027,0.0
8.463893747040999,0.0
-35.97016727719242,0.0
-40.96548162825498,0.0
12.356460921940002,0.0
-5.047633719233579,0.0
33.35011456946926,0.0
105.27468855268222,0.0
19.527969362908433,0.0
0.8731419371902674,0.0
8.908735285902097,0.0
18.903751972362866,0.0
56.718326157777284,0.0
16.048462103044542,0.0
34.257166125468494,0.0
-31.223719927113002,0.0
-28.832546681989868,0.0
3.117103119122536,0.0
41.048761864114724,0.0
-23.638927669569593,0.0
53.37417917141189,0.0
-17.68131070001148,0.0
8.991222674257779,0.0
6.088786791801528,0.0
69.10306015180204,0.0
-27.31392182358046,0.0
-17.318642859921887,0.0
-1.0706888545355806,0.0
37.88552000740587,0.0
31.44255898321567,0.0
-41.11014262597052,0.0
-25.63391379745862,0.0
-40.77656622709519,0.0
66.00071406907996,0.0
26.01892246036165,0.0
32.85378333481128,0.0
-54.21669733677125,0.0
13.87626550457871,0.0
0.29779508107318886,0.0
40.38890437369967,0.0
-49.916541045716336,0.0
56.74824463783411,0.0
38.02009569895013,0.0
33.12570170272694,0.0
-32.70892834734083,0.0
88.2123542991178,0.0
24.69669591580965,0.0
19.817454764304554,0.0
10.900573988254532,0.0
-0.4797237345022056,0.0
20.876624557397136,0.0
16.081484838665723,0.0
51.3283447908945,0.0
30.699359755772146,0.0
-17.573506945499396,0.0
15.166614416042632,0.0
51.06935850906047,0.0
7.256245718670204,0.0
33.99760044401851,0.0
71.47187397305905,0.0
50.937093925452075,0.0
18.015010350675595,0.0
45.50516909680325,0.0
64.54502778620022,0.0
70.08561048961666,0.0
43.72567896286003,0.0
115.54645935292358,0.0
-9.427067503109683,0.0
32.00364234817796,0.0
34.83515810937015,0.0
-22.80652865185817,0.0
-20.89985586457222,0.0
-14.088963861863093,0.0
26.099551734155273,0.0
9.261883975853843,0.0
25.716218647201494,0.0
53.04335436193224,0.0
-14.30843252610304,0.0
8.027933184944235,0.0
18.884197068411606,0.0
-66.26941366175514,0.0
-1.5186651641721411,0.0
-56.500642058389374,0.0
-25.604652158939647,0.0
-29.452043883743507,0.0
42.155512069600476,0.0
115.98546747913463,1.0
208.22677848357625,1.0
195.04908739798734,1.0
169.1152665088038,1.0
132.05397270445155,1.0
221.44618091856756,1.0
235.27845456815305,1.0
213.21418951852715,1.0
157.595232186485,1.0
204.58844077061613,1.0
214.23151404274955,1.0
241.4750115100118,1.0
208.42595076933512,1.0
212.75275468355144,1.0
209.7080255599916,1.0
212.13483761505992,1.0
169.89433212966188,1.0
180.17906777074433,1.0
111.85898074095604,1.0
7.135928900967372,1.0
125.34127389134153,1.0
4.897628284467544,1.0
35.628204345669815,1.0
97.57775603068727,1.0
11.175766573570044,1.0
216.92602305346026,1.0
339.13858857048547,1.0
142.89991933334522,1.0
174.79008247028014,1.0
275.17504366651957,1.0
198.42659774024645,1.0
330.1939281867677,1.0
295.472514991913,1.0
200.42684806084236,1.0
176.3335384300742,1.0
233.4885349627533,1.0
154.5050198552974,1.0
60.368101060006126,1.0
123.72261385545514,1.0
111.49636644318178,1.0
181.88108592114463,1.0
19.543368350287537,1.0
68.31323701172842,1.0
106.77602444343992,1.0
68.5213595190905,1.0
61.05674566816158,1.0
85.59632282171819,1.0
125.28277068703923,1.0
107.79544202803788,1.0
195.71362466202862,1.0
43.55910635099693,1.0
155.9425329762338,1.0
167.4110829317699,1.0
120.48926204354744,1.0
115.97905964267967,1.0
189.7988686153247,1.0
218.64548030225563,1.0
197.09758917263787,1.0
181.87312808497546,1.0
161.17241205146885,1.0
61.72613027853152,1.0
124.35894527451525,1.0
111.87911114717794,1.0
120.86502419138188,1.0
118.61897111553392,1.0
105.80000122002834,1.0
-34.22576194668332,1.0
4.533316686380303,1.0
28.928711271846925,1.0
83.00799725106285,1.0
28.502695130919633,1.0
45.03187955010692,1.0
105.75640127645094,1.0
19.55310939501622,1.0
56.34976986609881,1.0
73.61818183939944,1.0
44.52195965438381,1.0
121.44348436063318,1.0
