809.7498458411565,0.0
-277.81106063581626,0.0
2346.9719003097625,0.0
569.2457341393472,0.0
547.3620551799635,0.0
843.0262484287641,0.0
-538.5935172700604,0.0
4.469453828434268,0.0
722.7964129895727,0.0
1405.403158644409,0.0
225.85570610688228,0.0
338.63894990764663,0.0
156.91591080698885,0.0
1218.4561070754685,0.0
-274.9124655855711,0.0
393.85298841819076,0.0
1976.19624219645,0.0
2048.9046074283688,0.0
329.51629434506503,0.0
1173.2000238655135,0.0
510.5619979678403,0.0
872.9836376791778,0.0
798.0310798144601,0.0
1403.2058338199336,0.0
2051.864345619708,0.0
2104.969155616695,0.0
1910.8835029168715,0.0
924.5097847698548,0.0
947.0467364859431,0.0
1412.8933936632502,0.0
1915.6184485239655,0.0
818.9772333324232,0.0
1284.3247399255285,0.0
1123.680384243721,0.0
1695.7068465584393,0.0
2054.9927757265623,0.0
1935.0210304032441,0.0
2116.431072333975,0.0
1787.0281680084208,0.0
2271.575499374884,0.0
1779.1997613904318,0.0
1143.3855764672537,0.0
1089.9570389936125,0.0
1066.8304031247437,0.0
826.2993172178701,0.0
1513.717480399272,0.0
1156.4388758946661,0.0
1751.3384875335594,0.0
996.0643424202842,0.0
671.6130953065015,0.0
1840.054977581458,0.0
704.4671758445191,0.0
723.1283905096357,0.0
-218.39558320072513,0.0
86.23596754677777,0.0
1318.9880179732609,0.0
536.5898255271173,0.0
1763.3947165477782,0.0
-225.0943966804249,0.0
-274.94210820241113,0.0
-78.92165695370508,0.0
661.5528523658379,0.0
-610.345690405082,0.0
-748.6077353551167,0.0
-149.10058452435567,0.0
-173.2361221486931,0.0
-107.13454850407709,0.0
-317.01686721333414,0.0
-2330.1486882185245,0.0
23.174310206831137,0.0
-1876.3855726483475,0.0
491.31237550561445,0.0
263.98810688723154,0.0
-1111.9502806530948,0.0
-1352.7729997068104,0.0
-1384.9475765215466,0.0
-265.8988077054945,0.0
-1146.9046690160794,0.0
-1775.3659695916413,0.0
-1780.155832473129,0.0
35.04214334633025,0.0
-360.09310293787485,0.0
-306.9024448852338,0.0
-705.2603597289137,0.0
-641.0039523124215,0.0
-623.7669616032712,0.0
-1275.4766140186412,0.0
-1454.5274904120242,0.0
-1215.2368853015973,0.0
-1424.491478052404,0.0
106.56841107162586,0.0
-1876.768601241375,0.0
-1221.821419548375,0.0
-1980.2051188537419,0.0
-1299.2496107182974,0.0
-523.0116857077968,0.0
-1497.6443502813659,0.0
-793.7094326422177,0.0
-584.4368968985781,0.0
-232.91091464354184,0.0
-77.40336776813842,0.0
-1080.940969634854,0.0
-2280.83760925483,0.0
-336.6085415048158,0.0
-843.9407436606798,0.0
252.69516343791452,0.0
-1704.483705433644,0.0
1820.9057751733733,0.0
-1528.0380842887412,0.0
749.3400190082458,0.0
-485.2137067569099,0.0
-1003.2012892148036,0.0
357.86268459004475,0.0
-317.18407982570506,0.0
-2329.486879486933,0.0
-360.9391140624236,0.0
-47.9643935387183,0.0
1826.5692929655747,0.0
-570.8931819560563,0.0
361.7779011375328,0.0
1336.6646220906791,0.0
963.8411162428025,0.0
-138.85514851662026,0.0
-671.582402379337,0.0
-967.4443338373447,0.0
890.4350192352646,0.0
1187.6376329166033,0.0
-521.2688215029061,0.0
-674.0478830873537,0.0
1247.7059911405204,0.0
1432.9923754592135,0.0
461.6632411911704,0.0
1268.4962073642912,0.0
338.0453288984412,0.0
2246.168403719692,0.0
2123.385732124536,0.0
2356.435125515566,0.0
1580.6300197308299,0.0
1682.332536108223,0.0
2192.3221812636166,0.0
3077.0016058431543,0.0
2651.533826163692,0.0
2348.731425645468,0.0
805.9458942675512,0.0
195.2627042116053,0.0
2000.4743510962853,0.0
1208.5544508456062,0.0
1511.7061670139988,0.0
1315.5687741581849,0.0
372.156001131146,0.0
3275.553454298534,0.0
1512.7746449023307,0.0
944.0529077491184,0.0
2910.4609607995617,0.0
2239.991067630751,0.0
1906.061581403725,0.0
2800.9019070851305,0.0
1803.6786403059805,0.0
681.6015251089154,0.0
1397.017451567954,0.0
1168.1856441199177,0.0
1616.2389548601468,0.0
2600.8801467909634,0.0
2251.5846627216747,0.0
1214.567631956649,0.0
1802.0822368159045,0.0
610.4308680876186,0.0
1824.6720597918893,0.0
709.4951299019006,0.0
-176.4598171552774,0.0
2020.7411175093096,0.0
4.090550183448727,0.0
1657.3038568136903,0.0
776.221584924419,0.0
589.506055074809,0.0
888.3396331809084,0.0
-144.14107193545956,0.0
-1275.8858526112667,0.0
966.8967760383483,0.0
-821.5586691309604,0.0
843.8533621041045,0.0
-460.02240483569426,0.0
-257.12093832372875,0.0
248.98948847154625,0.0
-554.9274766476518,0.0
-280.26691704138915,0.0
195.469138768629,0.0
-834.3520850410923,0.0
-1261.2109735082267,0.0
-326.86087916935276,0.0
-271.4658325915293,0.0
357.3758320419891,0.0
839.5605302433084,0.0
-678.5784691951693,0.0
-933.4072846102318,0.0
653.6351386842889,0.0
-1134.0183679799834,0.0
-917.8529573566049,0.0
-330.49523264053084,0.0
-600.8685791750684,0.0
-930.9377265816057,0.0
-2020.8626229493716,0.0
-802.7682566744315,0.0
-1835.387918810672,0.0
-479.0024764455849,0.0
-286.8554631678359,0.0
-444.8361890216552,0.0
-462.5752281096369,0.0
-1206.19801155413,0.0
316.7087884047594,0.0
-1242.4186958636005,0.0
-1792.5895947603133,0.0
-1720.2547421276495,0.0
-590.3714859401832,0.0
-464.46095468015096,0.0
-625.6399594279246,0.0
-2110.2242525006445,0.0
320.3918632217535,0.0
-766.8666843985206,0.0
-2025.6213278259545,0.0
-107.84911349834061,0.0
-1306.6581210173258,0.0
-531.4556516423327,0.0
405.238764475598,0.0
-41.47664359014624,0.0
-932.9606782493137,0.0
-552.8770644942487,0.0
-739.3314707246639,0.0
612.838435951905,0.0
1216.8880845032104,0.0
-808.9663565977713,0.0
-555.8766465193851,0.0
27.208406466934846,0.0
1438.891554303439,0.0
-77.44990354514576,0.0
516.2094882136247,0.0
-72.53189807236777,0.0
1130.8437006028648,0.0
-666.8743028438362,0.0
-229.5927626535763,0.0
730.2700351592598,0.0
477.84082558596435,0.0
1613.035830133944,0.0
488.914569894734,0.0
-299.0177399966684,0.0
291.5940972872842,0.0
604.1204567041414,0.0
718.8813371808232,0.0
835.4324107307091,0.0
1715.052367631916,0.0
732.5188312661078,0.0
2383.7990841757514,0.0
2228.0814605169608,0.0
3000.903307132583,0.0
2923.9326847446546,0.0
2236.0662588835357,0.0
1626.0132920934952,0.0
2977.9624450577007,0.0
857.6844622656686,0.0
1897.217908821566,0.0
2635.533654041033,0.0
1956.5736687815124,0.0
1985.79617484591,0.0
2007.9344890610269,0.0
1895.5679063621155,0.0
3369.9780166406686,0.0
1724.9938885819859,0.0
2578.7472217514533,0.0
1260.3750752510296,0.0
2023.7512755086022,0.0
2530.196966872847,0.0
2965.83794310035,0.0
879.3118998659711,0.0
1054.3302717292568,0.0
2759.615900984614,0.0
1269.2106616482308,0.0
2338.234125972513,0.0
2038.2108737523074,0.0
2325.032927735504,0.0
525.6713872799564,0.0
2086.6926748016363,0.0
-206.10488316013334,0.0
1790.1620504540842,0.0
2456.261808951698,0.0
584.4834326943642,0.0
2901.7617690403117,0.0
769.621657984294,0.0
715.1127737951289,0.0
-655.6279072937575,0.0
1788.578875980324,0.0
734.82233297035,0.0
1296.8681908216263,0.0
-658.9012799522943,0.0
104.31245430113881,0.0
1604.394708876704,0.0
597.135095914882,0.0
983.256047280162,0.0
616.327073886469,0.0
897.2347664141257,0.0
86.35631101784077,0.0
607.6819914747819,0.0
2650.7432473423696,0.0
943.2784492865371,0.0
1289.7366621380843,0.0
-338.6093153652275,0.0
220.3997229401166,0.0
735.929720001678,0.0
-1215.6705867570681,0.0
-1189.050424043461,0.0
1061.486374089577,0.0
-602.7218058467508,0.0
-543.0835840715674,0.0
-414.81531104397067,0.0
467.80688182491923,0.0
238.7841705080786,0.0
-19.20593873948087,0.0
756.4926349758728,0.0
-162.23799212972727,0.0
-1368.32732539616,0.0
-1591.2898909165212,0.0
-540.4589553400666,0.0
-1108.4758983885604,0.0
-1117.2875527502877,0.0
-751.8775222043419,0.0
-2472.8959485216164,0.0
-571.2012332378979,0.0
384.5680392101669,0.0
-386.7121888625035,0.0
-1640.5138644094193,0.0
-973.41494355226,0.0
606.3798036930236,0.0
-429.50035811541244,0.0
-806.0897779857803,0.0
814.4502054689202,0.0
-1098.392977863861,0.0
173.844251521966,0.0
-439.6428035478101,0.0
-325.4469173413559,0.0
-1067.956629329241,0.0
-1319.4729662317038,0.0
382.70770298596204,0.0
-652.3580564308415,0.0
80.70027721649521,0.0
-872.5268840906372,0.0
-239.01948231757154,0.0
601.3109976263356,0.0
-972.2159222090927,0.0
1075.7850610835833,0.0
206.663693952505,0.0
787.0323316691005,0.0
-246.3118586382568,0.0
1630.5502003663214,0.0
2344.035975354561,0.0
208.97292794075096,0.0
309.3081969541652,0.0
1347.5139586477437,0.0
938.931578260325,0.0
1119.7925116531653,0.0
873.6653996679854,0.0
283.89077220909815,0.0
1756.602594253572,0.0
1089.3234005934967,0.0
953.7980203853426,0.0
2365.0053985189916,0.0
1426.395638110209,0.0
2679.222120371105,0.0
1471.268407345537,0.0
510.01186939670913,0.0
1128.9798711659585,0.0
2410.780134874756,0.0
664.9387113744356,0.0
1064.1598919293572,0.0
2807.7748519541897,0.0
1013.0834831915812,0.0
3447.8456001703717,0.0
2342.829681769187,0.0
1894.7759445851566,0.0
2816.2288368281947,0.0
1675.659856083449,0.0
1198.733074046252,0.0
2203.672612962516,0.0
2705.3250732497368,0.0
2381.3821379424508,0.0
2427.030845890668,0.0
3699.9407401634135,0.0
2629.5903538128664,0.0
2885.664953484115,0.0
3169.516319160573,0.0
1182.3163876661679,0.0
2410.158219919695,0.0
4630.307381842817,0.0
1240.0399011751174,0.0
3061.315104460713,0.0
1932.3746201536278,0.0
1271.7440191804844,0.0
1444.6016567166114,0.0
2620.158830906661,0.0
1443.4301021967817,0.0
2619.555985980517,0.0
2692.535159703583,0.0
1085.0563399331395,0.0
1502.4290270902652,0.0
2373.797580396364,0.0
1546.8014900993967,0.0
2741.204996973134,0.0
572.2395468104928,0.0
989.6501446113128,0.0
1292.0256085477345,0.0
1674.8837033152809,0.0
1558.6521487414275,0.0
1075.484215383094,0.0
426.635758716518,0.0
519.6645279019558,0.0
-247.89474356067183,0.0
1302.5142353057392,0.0
556.4108566268156,0.0
2320.4226425648626,0.0
1311.474550123267,0.0
839.8287060870989,0.0
220.50348777231966,0.0
1853.6044359610482,0.0
-979.1320960511268,0.0
734.9060241405504,0.0
1406.1208416394097,0.0
265.136965522851,0.0
-427.79668340451974,0.0
381.149345284643,0.0
1526.9577893809524,0.0
227.98452447364218,0.0
616.4000460567686,0.0
-1098.5674065845897,0.0
-837.2061918318641,0.0
-757.158798566869,0.0
-1181.9791750996112,0.0
-273.2522172078168,0.0
680.5139046607703,0.0
-249.74182837912645,0.0
156.07199183423188,0.0
-1903.638112165306,0.0
-649.6741139958558,0.0
509.39759913635953,0.0
-783.5270514430078,0.0
37.564046375669335,0.0
795.5693145920362,0.0
269.98495853752866,0.0
-98.78430624508172,0.0
-1543.6774516693658,0.0
-1367.428664104906,0.0
-694.7073562659415,0.0
-591.1094028522841,0.0
205.1481388988965,0.0
-676.2010690205072,0.0
550.4429176414363,0.0
-1031.143999171845,0.0
-741.476720557491,0.0
-1651.0620549823493,0.0
184.1914996620905,0.0
-800.973960561065,0.0
-891.9474890502293,0.0
96.96978023291487,0.0
685.4489296764933,0.0
659.5152694590881,0.0
69.03663339099552,0.0
-20.674359337542683,0.0
758.4602929626172,0.0
243.649165628314,0.0
1347.633568198366,0.0
-917.5877925157786,0.0
1018.4936172801313,0.0
652.3240076749926,0.0
1249.056523778157,0.0
643.4093357878252,0.0
1799.7347835084122,0.0
211.60139518849144,0.0
2289.7828870983367,0.0
1950.0363445562277,0.0
379.51982180971675,0.0
3280.526753350533,0.0
344.056005337482,0.0
1015.8390517649711,0.0
766.9664747291466,0.0
1930.2046824768977,0.0
1983.7741817119982,0.0
2031.7143807440798,0.0
2647.591734141001,0.0
2170.9955697259425,0.0
1367.3696625478956,0.0
2510.172602542422,0.0
2090.5518850017797,0.0
1449.5537453384331,0.0
2596.6474760206643,0.0
432.71114293812616,0.0
1696.492688756269,0.0
1185.4695485427108,0.0
3024.0464539315703,0.0
1171.8586729208164,0.0
2192.889867997929,0.0
2609.191606835859,0.0
3189.6483370440524,0.0
2784.7073441995144,0.0
2977.672624183359,0.0
3031.813639330874,0.0
3772.8135318249606,0.0
1784.2149029395925,0.0
2589.2528466603076,0.0
1481.4811784634123,0.0
2642.247873538118,0.0
4394.980236101692,0.0
2481.6715300424903,0.0
1455.925752286945,0.0
2256.761496852762,0.0
3558.8508528686298,0.0
3615.041783561729,0.0
1618.4894715051573,0.0
2381.0960079309143,0.0
2044.2415942476316,0.0
2390.5774993487053,0.0
1386.5051255837168,0.0
2421.6347430137266,0.0
1826.1536831657104,0.0
1756.7576965077542,0.0
1453.94803950787,0.0
1206.7705561669923,0.0
2113.7799779772527,0.0
1256.3053857653858,0.0
1871.2380423199434,0.0
2137.4049859517127,0.0
2055.9271064792406,0.0
643.907916716222,0.0
1986.6873846983935,0.0
407.2720673234883,0.0
1857.8504733741154,0.0
1336.924509627378,0.0
2392.4733202424122,0.0
1506.8322874775345,0.0
2106.2834672250415,0.0
-179.6771998107377,0.0
228.51734038403333,0.0
1933.0897449318136,0.0
914.3020122866556,0.0
347.60770425215384,0.0
941.263048055285,0.0
-457.2897223086783,0.0
-226.09631536283018,0.0
638.449544081433,0.0
507.2280352742748,0.0
613.6093252687849,0.0
1193.812366830175,0.0
1477.7071107545025,0.0
-231.31521916450882,0.0
-48.63731606319186,0.0
-1488.2624480374336,0.0
-428.2348622469299,0.0
-120.63215985577006,0.0
138.1826594429817,0.0
-168.0388069331082,0.0
-330.30747846454256,0.0
-182.5486373091636,0.0
-1172.3285126924904,0.0
964.1332483381183,0.0
-197.36444461080686,0.0
611.5876237334745,0.0
-202.1222362057232,0.0
430.48962389147323,0.0
246.28530753053374,0.0
-480.45276440666646,0.0
-1149.8834440103847,0.0
1409.3158706935212,0.0
-565.7588072119303,0.0
521.0819321181358,0.0
-135.79718635415645,0.0
-717.607637447672,0.0
576.3422996877175,0.0
403.95203620851464,0.0
150.40499326056067,0.0
-1852.5719037817191,0.0
-113.62971123955356,0.0
1324.0918790639487,0.0
287.6343625044884,0.0
18.323540553895626,0.0
1183.7644085999846,0.0
487.98139793679604,0.0
834.8461736629793,0.0
1266.6520404990508,0.0
1195.4600763613348,0.0
-509.86624909397614,0.0
1414.2458869006775,0.0
408.6428133702799,0.0
-902.2428331564664,0.0
1640.2454431099363,0.0
-685.2253104613217,0.0
795.4983940967788,0.0
-476.18859612439337,0.0
354.79285354241824,0.0
1298.7778571195806,0.0
970.7588685958947,0.0
1895.6172703254765,0.0
1245.4272404270055,0.0
1868.7420692366723,0.0
3177.4489169751546,0.0
945.9084806083629,0.0
2205.3016210919463,0.0
3544.673533430684,0.0
1366.1368257961146,0.0
1225.4023633693266,0.0
1752.2864187753476,0.0
2306.6419976308225,0.0
1362.3231269141625,0.0
3035.7315580969507,0.0
1710.3896440730953,0.0
711.6118163549165,0.0
2158.460050130802,0.0
1990.078227945678,0.0
2673.4030023306755,0.0
2668.864599004621,0.0
4226.87016591801,0.0
3092.2818555058193,0.0
1767.135026794081,0.0
3462.3328990725477,0.0
2841.482491590079,0.0
2488.8744607633967,0.0
1796.607740947064,0.0
3324.767657999799,0.0
3862.413929664446,0.0
2788.9583714270466,0.0
1987.5387846354374,0.0
1958.750633829219,0.0
3947.080611206844,0.0
3176.276544593524,0.0
2099.2844775619487,0.0
1853.9977843853048,0.0
2536.0837888104625,0.0
2974.2478856593793,0.0
2966.39430609286,0.0
3861.17034861676,0.0
2068.728349997899,0.0
1624.6404833561578,0.0
3171.4731699513686,0.0
2897.3315700317817,0.0
2353.9831192650195,0.0
2895.6023554673966,0.0
2474.155276945524,0.0
2930.2510652733017,0.0
1795.905319481978,0.0
2456.4598008429307,0.0
1868.3753233160505,0.0
1653.6536843260956,0.0
2192.7047853519553,0.0
1740.6795589660605,0.0
2307.2428773890833,0.0
-107.78310804379112,0.0
568.3778928420287,0.0
2383.834291168682,0.0
414.2682247554253,0.0
1155.4181319876898,0.0
790.8731518056643,0.0
741.9960289616297,0.0
1025.3937929872395,0.0
2684.1507037181473,1.0
4233.7399996359245,1.0
817.6118289386442,0.0
973.6559769230224,0.0
1513.9400218267804,0.0
1088.5694801479485,0.0
637.8249364054604,0.0
-691.3695863240816,0.0
1328.4923437456985,0.0
1184.7634860012713,0.0
1091.3868208055892,0.0
1048.2338415357497,0.0
-167.08293856265698,0.0
-349.95493425958574,0.0
-203.1951373530489,0.0
116.48647469235149,0.0
295.1936262929331,0.0
254.30933446789507,0.0
-1082.9530147800124,0.0
1273.6282419230793,0.0
-398.1455084674891,0.0
-2219.2884371735586,0.0
1665.8024924889953,0.0
1341.9968008576616,0.0
-462.32638941328133,0.0
612.9806693783481,0.0
311.4467360957629,0.0
-324.57203846728316,0.0
-193.1658562876417,0.0
-770.4278947313456,0.0
123.84682546955577,0.0
92.44162379770069,0.0
521.6367778407881,0.0
1223.8960043315562,0.0
-293.2035099945366,0.0
589.8312323356727,0.0
-485.6526848768866,0.0
-149.3594146150873,0.0
703.2959187936092,0.0
1978.8843896487278,0.0
1139.846603010551,0.0
1976.6840689367577,0.0
-25.94700331422314,0.0
723.3323943754081,0.0
-889.351524192975,0.0
1315.4355559975486,0.0
640.4232268922573,0.0
583.8519042788566,0.0
556.0829600280351,0.0
1717.3284292177627,0.0
1841.3013867127079,0.0
1489.8207282087087,0.0
1061.2226016464442,0.0
1884.6465801268246,0.0
1535.8436306947208,0.0
1123.298456064395,0.0
2320.6229049539984,0.0
2296.665908842311,0.0
1449.2834502845578,0.0
1810.6535763795625,0.0
2414.1394183725247,0.0
2560.761243387819,0.0
2212.543064994995,0.0
1867.2969377210602,0.0
3561.2026899010352,0.0
2527.8838215418914,0.0
2478.731581356781,0.0
3368.8645181753595,0.0
2908.533001695313,0.0
2971.8237925152034,0.0
2976.878855130712,0.0
2455.595546708198,0.0
3252.6420086251214,0.0
2843.176515790705,0.0
1997.0941538305196,0.0
2879.8258561443035,0.0
3502.03680074632,0.0
2001.1399597887694,0.0
4337.217949584357,0.0
2618.1647996136985,0.0
2261.2696218312667,0.0
2683.435739657462,0.0
3258.485502216349,0.0
2319.292036472234,0.0
2415.2915442044377,0.0
3009.7332067241123,0.0
2257.5161780941235,0.0
3168.1241168379643,0.0
2893.282813413942,0.0
2637.60216508683,0.0
3558.699396941242,0.0
3927.4213492104022,0.0
2429.5878582316045,0.0
1655.5294635527707,0.0
3426.669115912333,0.0
3547.2659595559744,0.0
1818.3078439109408,0.0
2904.5546409173608,0.0
2971.285562005637,0.0
1839.3859815736735,0.0
2000.2611537975984,0.0
3182.2130711817717,0.0
2433.0934959143597,0.0
2743.096795759266,0.0
3808.0829597982024,0.0
2154.489930044793,0.0
1289.1519675970167,0.0
3664.4397008490696,0.0
1200.9942996221575,0.0
1301.2287608510849,0.0
2171.3180933237304,0.0
2046.106842806205,0.0
1806.1349244265266,0.0
108.51428798200254,0.0
2412.72814300606,0.0
2883.254902992247,0.0
986.371571506806,0.0
736.3771452735251,0.0
949.3497392874593,0.0
419.8125340677155,0.0
1637.8438881386573,0.0
1881.966059889271,0.0
1628.2704492889143,0.0
1387.8230912862648,0.0
429.25971757327005,0.0
2136.4722469768126,0.0
584.8077136916571,0.0
638.0192443614153,0.0
997.005582206937,0.0
199.49644097300472,0.0
837.9219625889538,0.0
-88.01756395390163,0.0
598.6760693835322,0.0
1837.9236584889823,0.0
953.7872146673947,0.0
2592.965375876778,0.0
140.20383810498313,0.0
296.38044243631805,0.0
2320.112121907724,0.0
-387.9637068504917,0.0
1432.0552525314695,0.0
-1984.7931628003319,0.0
-592.0512469767085,0.0
727.4048908656096,0.0
2094.803657326418,0.0
415.53864950308645,0.0
-152.12978847918671,0.0
-31.689896971289723,0.0
1284.737261059633,0.0
1007.5922507692537,0.0
1742.4908257350878,0.0
-21.815098782716177,0.0
1765.915701771066,0.0
1676.9338896912736,0.0
2382.855739867009,0.0
1804.3326704089143,0.0
1991.8307386949325,0.0
707.3826938879187,0.0
-66.26445537324048,0.0
-1018.0375645541683,0.0
1479.7634436154078,0.0
2058.737810089132,0.0
489.5132115401643,0.0
-60.907015293372524,0.0
1437.9475751818893,0.0
1198.1446926012154,0.0
1060.454656959973,0.0
3378.26789042913,0.0
1936.3163149050547,0.0
2645.7938912228237,0.0
1566.9879912983454,0.0
2322.0165103490203,0.0
1037.5439208201497,0.0
2868.124097965498,0.0
1345.6110519492458,0.0
3798.22009781011,0.0
2548.8013991444773,0.0
2303.9241949782217,0.0
1972.6928961639946,0.0
2523.529547137444,0.0
1587.5555978976786,0.0
2324.884852581232,0.0
1638.498145922811,0.0
4350.717538687139,0.0
3320.8096088155403,0.0
2904.0203386108333,0.0
3944.820196858046,0.0
5419.274550870345,0.0
3046.052995199309,0.0
2055.076902147848,0.0
2093.6856697763756,0.0
3436.2953402691082,0.0
3745.404551972989,0.0
3363.86885603687,0.0
2659.3387316194016,0.0
2260.206717057574,0.0
2684.757630440653,0.0
3820.0959896169234,0.0
3259.2043078282713,0.0
3378.993227577475,0.0
2992.2871925554236,0.0
3197.930276629808,0.0
3625.0559844544773,0.0
4202.547018658968,0.0
5253.133861827194,0.0
3097.683925681895,0.0
4259.083169538836,0.0
3844.100873913117,0.0
2556.055741579732,0.0
2829.365164203993,0.0
4080.2833366825976,0.0
4703.455264829521,0.0
2259.4325361982783,0.0
5087.534726508102,0.0
2718.7354123217024,0.0
2169.7228878723736,0.0
3394.947977422839,0.0
2554.678901599447,0.0
3564.0827464280387,0.0
3222.9120284743085,0.0
203.81090786237655,0.0
3105.5110162561277,0.0
3120.970061873753,0.0
3671.2659537146674,0.0
1812.948314772997,0.0
2523.168249602635,0.0
3268.0328148304416,0.0
2711.844387070775,0.0
3059.796710584516,0.0
1231.0435184956034,0.0
973.4000801386574,0.0
1742.2117266113073,0.0
589.9901523916639,0.0
1781.0563570833197,0.0
2185.8440883424596,0.0
4327.145912908289,1.0
3167.536891458466,1.0
1702.4965932111227,0.0
1361.884941582153,0.0
1755.8876875375151,0.0
1461.0662392678116,0.0
576.1319408141045,0.0
-207.4646132443488,0.0
-274.70916280852055,0.0
412.4796587134356,0.0
292.2242572105182,0.0
1256.2747407823317,0.0
45.498266636381686,0.0
471.07352377460285,0.0
-237.95689241678406,0.0
532.5026483693705,0.0
1805.8320717853449,0.0
1266.84113247312,0.0
421.336567990188,0.0
171.42762976256427,0.0
-9.586515183612391,0.0
663.1148158122544,0.0
1381.831864144231,0.0
2023.7591058084872,0.0
1131.5628138475638,0.0
475.886565946629,0.0
1216.0090328400242,0.0
64.34121628680258,0.0
467.8184252181917,0.0
1949.3088525588466,0.0
-155.71965167014062,0.0
-253.47244592619984,0.0
314.68580718567307,0.0
-217.01684319535286,0.0
1267.8710431471923,0.0
883.6965584800225,0.0
1543.9040902914026,0.0
785.0473427038798,0.0
235.56993026719476,0.0
1692.2207054503979,0.0
1048.1003538834993,0.0
1138.9047556125827,0.0
2075.617499124562,0.0
443.80627672053186,0.0
1842.8959732612625,0.0
2014.1117732521948,0.0
1658.526389668495,0.0
2460.8201723814977,0.0
1412.2275192439292,0.0
2390.741736621561,0.0
1094.1785772763826,0.0
2282.450616109518,0.0
1864.8350225747126,0.0
2541.7979086764644,0.0
1145.1795612707092,0.0
2352.317112306526,0.0
218.7767862149094,0.0
2561.0047994638076,0.0
2380.857288727148,0.0
3273.389250992171,0.0
3175.7390663570086,0.0
3554.154165803496,0.0
2682.565353301137,0.0
3125.9294119810397,0.0
2120.7503743667576,0.0
2362.872623865454,0.0
3879.748653365932,0.0
2755.3713237140496,0.0
4087.0421153187513,0.0
2943.496184676715,0.0
2386.0019675107733,0.0
3401.327875356123,0.0
4197.456482049776,0.0
2104.5801635042826,0.0
3577.3012645227213,0.0
6639.461134260154,0.0
3105.427649467841,0.0
3431.4757813530505,0.0
4168.772763070336,0.0
2950.551313100306,0.0
2985.903388955347,0.0
4300.055851360628,0.0
2689.3350575152963,0.0
4069.8195513693418,0.0
3804.5588992717576,0.0
4208.077896886796,0.0
3556.9219052943763,0.0
3812.54465100499,0.0
3319.126858020257,0.0
6038.121255614824,0.0
4592.397998744039,0.0
4232.842669989464,0.0
4488.830779698192,0.0
3079.1110376584534,0.0
2984.4202304695145,0.0
3767.1052247182624,0.0
2210.0180507281934,0.0
3366.9686190125085,0.0
3035.588824032321,0.0
2230.956962574667,0.0
2820.7899560349038,0.0
3607.5445065833437,0.0
3943.1090998475534,0.0
3066.978775659421,0.0
3255.4792820808016,0.0
3319.5679191296103,0.0
2528.027763195852,0.0
2921.2427498457087,0.0
3608.6290891660315,0.0
2954.877053945823,0.0
1883.6717394508348,0.0
1809.8924068059132,0.0
3291.231855487393,0.0
3266.4939027806217,0.0
899.7416578525995,0.0
2276.0215603284696,0.0
1513.5833908463212,0.0
2377.6995348015535,0.0
845.6406851289819,0.0
-231.6281214141461,0.0
1716.908956459939,0.0
1166.2030094766644,0.0
761.1515342788078,0.0
1745.8804451422964,0.0
2506.4072279160673,0.0
1628.040377573643,0.0
2101.412372229647,0.0
213.88470474116252,0.0
688.4691154275656,0.0
-962.0365875731828,0.0
1361.5099812090841,0.0
1754.5788481310408,0.0
1909.5558815905754,0.0
604.916722239724,0.0
787.1550577048273,0.0
1734.2359026187942,0.0
-262.32801448986925,0.0
852.3043479597609,0.0
1476.2700960614036,0.0
1481.466213784261,0.0
626.1226847337091,0.0
1747.596336763438,0.0
495.92389914467003,0.0
2340.0613078588863,0.0
1602.775489295091,0.0
-367.9024014772339,0.0
914.8644820237959,0.0
214.3100470820405,0.0
868.4455076215369,0.0
1144.3325587743238,0.0
2475.9303050629233,0.0
1282.0307457344115,0.0
2418.10263442081,0.0
443.5169763666423,0.0
359.62163483316493,0.0
813.1369085763685,0.0
439.6823252078684,0.0
355.4996983077492,0.0
1363.5675188076511,0.0
995.6069737021421,0.0
2707.210810286779,0.0
1446.108271799744,0.0
1666.5539499165568,0.0
718.5726393017542,0.0
2212.231972592133,0.0
2596.195338064911,0.0
2648.4242936698683,0.0
1966.445886803599,0.0
1879.3277169691473,0.0
1802.5698578648444,0.0
3260.892424879057,0.0
1024.9043716550275,0.0
3040.1213964194694,0.0
3166.955736089928,0.0
2677.3764908289386,0.0
2437.8820599549954,0.0
3165.275889897025,0.0
2774.567583335197,0.0
2652.17076831091,0.0
1965.206201814609,0.0
2403.9299497698853,0.0
3587.7879303881755,0.0
3219.7246452604013,0.0
1974.2170875617346,0.0
4033.2510003409952,0.0
3091.3049856572366,0.0
3445.0426123931843,0.0
3683.347017898156,0.0
3943.8568318230723,0.0
2629.22958162069,0.0
3384.290079707587,0.0
3685.4854289179925,0.0
3249.2092670633556,0.0
3150.730702797471,0.0
5253.085059202884,0.0
3722.089943622309,0.0
4521.133894877631,0.0
5394.938255226605,0.0
4240.257380979058,0.0
3188.9800568426654,0.0
4254.541898145041,0.0
3202.1571084698835,0.0
4327.654094377664,0.0
5064.198278181855,0.0
4245.800700194574,0.0
3032.724247343707,0.0
4571.678565070717,0.0
4536.154414991586,0.0
4076.1582457303884,0.0
4906.782472544301,0.0
3940.1565211366233,0.0
3624.123950256786,0.0
3051.561911302026,0.0
3566.3400723872883,0.0
3326.4556398723817,0.0
4626.1095108806285,0.0
2275.9734730914574,0.0
3031.3691546176533,0.0
3507.6699243469093,0.0
1912.0421801285463,0.0
2617.4002757397825,0.0
2059.335161744207,0.0
3845.1106701952385,0.0
3183.953498351664,0.0
1699.4357155384905,0.0
4107.786709037461,0.0
1939.245630646968,0.0
1972.5128516066477,0.0
902.572191052378,0.0
2854.2637421338004,0.0
719.0378804854481,0.0
2272.0698545322707,0.0
2921.548169257233,0.0
3345.7314069942186,0.0
1795.2047500401898,0.0
2287.8088052353637,0.0
1601.908058547506,0.0
3267.7828731383424,0.0
1381.176135875612,0.0
1829.9389950265709,0.0
1706.9671977700036,0.0
2303.647914594887,0.0
4022.3817929210127,0.0
1949.83256332919,0.0
1312.6984121155467,0.0
2625.267964118131,0.0
1831.7575210788843,0.0
607.1048559570777,0.0
2499.64803197127,0.0
-297.5872021379463,0.0
693.2167833816525,0.0
1383.4850504677195,0.0
151.67750781732104,0.0
1481.1097369063555,0.0
2046.0260812402375,0.0
1268.4192046258943,0.0
486.7741633213011,0.0
1882.7067588045636,0.0
2995.2454907008796,0.0
1374.0865980521153,0.0
2155.773096093258,0.0
2683.3549854058065,0.0
669.6956666821227,0.0
1648.2766105758897,0.0
127.22990290341818,0.0
1520.9546751704386,0.0
1578.4233013723156,0.0
1314.7892612882342,0.0
597.1795317072024,0.0
1183.775538343517,0.0
478.4658465175917,0.0
1881.7631968895898,0.0
1855.6487983586785,0.0
1325.4525304202377,0.0
578.1029168403219,0.0
824.2724814629182,0.0
1475.9722148846904,0.0
2868.2474572719143,0.0
1092.2089755931297,0.0
1832.4815855904308,0.0
1066.927946404759,0.0
3488.1126468211733,0.0
1646.895065983915,0.0
3208.6048084150275,0.0
2737.744982360014,0.0
1788.1995132632583,0.0
3011.2780188617394,0.0
3095.2647800982763,0.0
2771.561868698008,0.0
2824.8057052249196,0.0
2589.684615413914,0.0
3859.655149530808,0.0
3488.4152971902586,0.0
2978.813107338436,0.0
3044.724362933266,0.0
2552.1941781557425,0.0
4311.4640899475435,0.0
2863.545360822674,0.0
3270.3953214330195,0.0
2709.8914256548233,0.0
3926.714828159428,0.0
3282.316650709414,0.0
2344.0097072431718,0.0
3888.630644553784,0.0
3749.153650993609,0.0
4633.482224540565,0.0
4398.384108005722,0.0
2992.136681506903,0.0
4008.548861489903,0.0
4548.490424375075,0.0
3810.9256702660778,0.0
3731.78001859555,0.0
3669.7214839573594,0.0
5003.6167440587,0.0
3866.856723189092,0.0
4102.912372056864,0.0
4023.182618751071,0.0
3687.9139937486693,0.0
3742.7963438604083,0.0
4756.764759196469,0.0
4402.186341842041,0.0
4435.7618506334475,0.0
4035.114345299019,0.0
4336.759633617298,0.0
4512.223690488683,0.0
3502.5817072585855,0.0
4655.0453847658955,0.0
3847.8075831393003,0.0
3735.9740781368137,0.0
3979.0019360666483,0.0
4300.66301196869,0.0
4669.558832845083,0.0
2814.8331573103796,0.0
5294.450350433303,0.0
4953.819935113332,0.0
3904.1952554072186,0.0
4442.938873855632,0.0
3093.2257155131174,0.0
2167.3014230293097,0.0
2391.360441957833,0.0
3481.2349443814182,0.0
2199.6675902751085,0.0
4342.319485745857,0.0
3361.425820025038,0.0
1879.1434105715382,0.0
2759.869973908762,0.0
1640.6865101720825,0.0
2714.419632417509,0.0
3002.4449989680443,0.0
2957.7034671231327,0.0
2063.1756341742184,0.0
3475.6843318725123,0.0
2912.5742363217732,0.0
2126.3436680211375,0.0
1729.8894455366885,0.0
3415.3549454027234,0.0
4127.718838553735,0.0
3072.3136717401117,0.0
2164.8690047618416,0.0
1547.2063940477308,0.0
1890.165806332704,0.0
1773.979932983019,0.0
2081.4549384287257,0.0
1388.5486944496606,0.0
3755.0683308488906,0.0
2953.8699512806998,0.0
3069.338505296765,0.0
1967.8296678607437,0.0
1639.3347382112606,0.0
787.813764435903,0.0
950.9343838441062,0.0
2298.0277139663663,0.0
1951.4194044380167,0.0
2208.244936030322,0.0
3143.561041497076,0.0
2242.706136554434,0.0
1893.4092216022445,0.0
1342.221546243437,0.0
1341.2504930980585,0.0
2409.8122456589217,0.0
1742.5714011863079,0.0
1975.3630785044093,0.0
383.6784302422434,0.0
542.1696843334012,0.0
1740.7874287886366,0.0
2465.431282054481,0.0
1109.9161415894819,0.0
2237.326936760229,0.0
975.8903746820456,0.0
1376.4902782610657,0.0
2079.7791303950235,0.0
2144.148776002259,0.0
1100.9343917903784,0.0
1210.097149462944,0.0
1506.3700533115039,0.0
3488.0948433030258,0.0
3419.894793841536,0.0
1089.6205323592326,0.0
1831.6842644670264,0.0
1527.0692919338658,0.0
3662.8551379670553,0.0
2879.779956549981,0.0
2633.218426555146,0.0
212.91613874938366,0.0
2585.88999944084,0.0
2795.559079699736,0.0
3184.5437521170998,0.0
1877.2496330611032,0.0
3564.8853894497292,0.0
3557.107878449119,0.0
3701.5163450257965,0.0
2387.8166100483313,0.0
4173.722316996269,0.0
3988.811974964285,0.0
3605.9968520600178,0.0
3005.400738033178,0.0
3100.8932648373043,0.0
3793.340276372964,0.0
3491.323025037735,0.0
3787.647655895572,0.0
3804.1325795000075,0.0
3378.0312059925127,0.0
4129.736252275641,0.0
5277.280607400899,0.0
3372.361310213103,0.0
3711.8244952848945,0.0
4661.962570793938,0.0
4914.367535247947,0.0
3573.0491046591414,0.0
4654.718501736552,0.0
5825.8128130078,0.0
4329.77971339558,0.0
4191.0231530214405,0.0
5517.125489865337,0.0
2861.835176040619,0.0
4765.818263275256,0.0
4070.760554849875,0.0
3702.728027435584,0.0
3607.612302149103,0.0
3706.779164486692,0.0
5015.517446247261,0.0
4669.011614162218,0.0
5512.178287513547,0.0
5682.158108181461,0.0
4056.957389390156,0.0
4199.474863864345,0.0
4723.471237037181,0.0
3088.937459225225,0.0
4013.4761719454727,0.0
2475.666193643203,0.0
3928.6719687824607,0.0
3154.1250911579014,0.0
4304.931433415788,0.0
3621.1687473444063,0.0
3355.1948363422794,0.0
4791.898423643133,0.0
3580.845737028299,0.0
3305.620234403863,0.0
4585.054179465029,0.0
4407.362940178979,0.0
3280.756296129532,0.0
2882.3470824968026,0.0
2796.278320766041,0.0
2486.41581384457,0.0
4473.4174096922425,0.0
2827.703831147617,0.0
4486.077328220734,0.0
3910.5878181666103,0.0
3548.3324293492556,0.0
3150.7475869941263,0.0
4360.733028950252,0.0
3573.5961028616116,0.0
1951.6642305435128,0.0
3480.9588545915285,0.0
727.3977383048248,0.0
1818.0057266369765,0.0
3221.843801100524,0.0
713.8322093492166,0.0
3522.482699799709,0.0
3230.482679625676,0.0
1583.5279485973017,0.0
444.2258477715932,0.0
3240.3833337988635,0.0
1817.5152795728743,0.0
491.8571570781379,0.0
991.8308232508556,0.0
1538.772264965717,0.0
738.6649187920183,0.0
2998.4678407704932,0.0
1042.4083731754163,0.0
996.6409610356673,0.0
886.7296238223967,0.0
844.7914877323872,0.0
2341.231683469563,0.0
397.21699828226133,0.0
649.7642062138619,0.0
1656.2827177803724,0.0
1741.2674326345175,0.0
1287.013834827509,0.0
1674.898725116212,0.0
2207.643734002971,0.0
850.9608508283969,0.0
2481.968123503709,0.0
1254.6855190005126,0.0
2238.704923965348,0.0
2580.350599096948,0.0
2286.2466267053983,0.0
1577.567049149355,0.0
2782.6130901579613,0.0
771.6098254982502,0.0
2620.194912158356,0.0
1117.2856108128613,0.0
1788.3754872856937,0.0
1285.0870033070169,0.0
2457.759981971713,0.0
2002.132337895725,0.0
2219.7465558639597,0.0
2058.888001559795,0.0
3138.445197772374,0.0
1190.0999475215606,0.0
2401.4410206697376,0.0
3357.162202615968,0.0
3550.0820642705844,0.0
2264.390220598435,0.0
1708.160010910872,0.0
3400.284764460524,0.0
2978.7532970275815,0.0
3029.135262114463,0.0
