133.91613810690643,0.0
-67.17487145967938,0.0
1279.1417516414053,0.0
335.97134650428916,0.0
405.3528766343954,0.0
1064.8904025956108,0.0
48.30927433368862,0.0
320.8402140559169,0.0
767.774877749091,0.0
435.3043688446278,0.0
330.1875590640785,0.0
734.5029543592854,0.0
564.0486334232762,0.0
879.4342883356944,0.0
269.8300534723842,0.0
645.1869432613325,0.0
1656.4952986697779,0.0
2214.1753513638914,0.0
502.35225038901183,0.0
1622.8489004740125,0.0
871.6995884898608,0.0
950.1660671070194,0.0
867.2806786564299,0.0
815.6437531690117,0.0
1966.3594352331556,0.0
1738.3023523315871,0.0
1402.8512555211014,0.0
999.1494384361731,0.0
1347.2310966753248,0.0
1431.2252555739553,0.0
2038.375793751768,0.0
1079.5751227448031,0.0
1469.6379534664306,0.0
1343.325871588794,0.0
1154.1161417897083,0.0
1436.61062803592,0.0
1390.9404204903115,0.0
2002.5477880035237,0.0
1414.2704209304604,0.0
2181.082607732659,0.0
1040.623898345042,0.0
898.5693447087566,0.0
1297.4589320518924,0.0
1361.4394724953218,0.0
1079.806409875312,0.0
1552.5147176620612,0.0
1580.8077539542012,0.0
1251.59500058983,0.0
630.0629885850252,0.0
839.7970358030873,0.0
1484.3159459380513,0.0
650.6769367640285,0.0
-63.587443867888055,0.0
-33.94646981393379,0.0
340.60048020334875,0.0
1244.730006740897,0.0
168.10591772873698,0.0
1214.8984863046944,0.0
557.7355914961506,0.0
103.33381576656652,0.0
123.54374216520225,0.0
408.2589343977483,0.0
-180.64431872113522,0.0
-654.0648034956577,0.0
-123.5355684403167,0.0
-340.0214671689846,0.0
-103.34077658582294,0.0
-329.1625119756907,0.0
-2031.6810297549414,0.0
92.0074908056668,0.0
-1603.4517975601489,0.0
-79.60414416437061,0.0
207.50958140740977,0.0
-1241.8964199556171,0.0
-1723.915524182782,0.0
-1660.7839488049942,0.0
-647.5672340591639,0.0
-1179.406758332042,0.0
-1413.881931319344,0.0
-1368.6344183199512,0.0
-196.18945118339502,0.0
-1060.3597404474804,0.0
-683.351269173216,0.0
-1098.6418025113917,0.0
-673.9163991681048,0.0
-707.0183547342739,0.0
-1523.2265110502583,0.0
-1482.1372602872868,0.0
-1666.0639660631532,0.0
-1656.2111733826043,0.0
-818.5122176202069,0.0
-1394.654633651292,0.0
-1172.1085587215618,0.0
-1542.8460619489656,0.0
-1338.3212162321902,0.0
-757.3779630207518,0.0
-1644.3470992673008,0.0
-1526.569287357413,0.0
-1087.265039297929,0.0
-932.6900568167991,0.0
-763.2653837782619,0.0
-939.8798057523478,0.0
-2029.7296299595569,0.0
-587.5026187931194,0.0
-725.0957399232556,0.0
-35.162114372604606,0.0
-1097.6590829051245,0.0
730.4048576554013,0.0
-1222.9892037902987,0.0
49.47817101463386,0.0
-584.9240288352773,0.0
-765.0037643785462,0.0
263.8976591053075,0.0
-545.5391161338964,0.0
-1466.1433161833997,0.0
-817.5560996170334,0.0
106.37972389250746,0.0
1106.1718396767096,0.0
-621.6084971178595,0.0
107.86814743014818,0.0
890.7185517196874,0.0
808.9961516239565,0.0
140.7687048935641,0.0
-320.6686248224044,0.0
-421.76025978969284,0.0
305.4258339868085,0.0
452.3653301158816,0.0
-444.65997854535624,0.0
-188.75191330879363,0.0
960.6232102251462,0.0
713.2831450051336,0.0
496.91165882107174,0.0
903.0200641634844,0.0
439.45586880177785,0.0
1665.4369398943825,0.0
1804.215699204308,0.0
2260.9077600851497,0.0
1565.8139245186603,0.0
1606.225764403102,0.0
2102.0333922264867,0.0
1996.577826965218,0.0
2351.5839942014063,0.0
1817.5888323270406,0.0
1067.6223016780891,0.0
489.08037176553614,0.0
1836.7684468381558,0.0
1774.4477706936136,0.0
1487.976198948145,0.0
863.2251485609628,0.0
595.803931706353,0.0
2301.2016330508995,0.0
1737.396249381013,0.0
889.1551554055001,0.0
1530.9174009399371,0.0
1381.93484676048,0.0
1531.1252211820886,0.0
2699.4471816421346,0.0
1252.1412174859745,0.0
458.9405427994602,0.0
1590.7359893618645,0.0
978.097189473899,0.0
1449.3359665599478,0.0
1422.4415936543635,0.0
1415.441606604811,0.0
662.6407109946593,0.0
1538.9171233155298,0.0
631.4592474697185,0.0
923.972396198857,0.0
631.6281219857675,0.0
197.67045298046787,0.0
1282.435255498339,0.0
259.7029299567639,0.0
1352.584547368498,0.0
684.3836426668096,0.0
586.4977917942881,0.0
369.9959216742745,0.0
338.10667722918527,0.0
-742.107502751267,0.0
888.7491774792721,0.0
-208.3072270232839,0.0
263.8733371308778,0.0
-297.33536497543207,0.0
-228.89008161958418,0.0
-596.4337952071203,0.0
-786.2935031598432,0.0
-510.0399530013895,0.0
2.6222989394531737,0.0
-859.0497611625747,0.0
-1310.302489212971,0.0
-1089.8326165902915,0.0
-610.9060025533315,0.0
-116.8268507679395,0.0
-502.61044798771167,0.0
-601.0364996210809,0.0
-1619.329574716739,0.0
-658.4998224603081,0.0
-780.316670889171,0.0
-1326.5031136562754,0.0
-552.7386586124603,0.0
-855.2674130596386,0.0
-825.2691621273448,0.0
-1508.9492884577762,0.0
-1266.0879538995016,0.0
-2137.073706219483,0.0
-1465.6796991500032,0.0
-838.6216440760877,0.0
-653.7589661283123,0.0
-1046.1423993811522,0.0
-1426.8262167422777,0.0
-61.710868151801606,0.0
-1774.445757712595,0.0
-1830.2068492157796,0.0
-1561.5567521573414,0.0
-1100.217819277013,0.0
-1169.6286136487026,0.0
-1107.198299535053,0.0
-1701.6437000263477,0.0
-468.95696575061197,0.0
-1224.8140436253327,0.0
-1521.4532344741456,0.0
-1235.5695595535908,0.0
-1277.8216022662982,0.0
-1024.1677208222002,0.0
-116.29128957491469,0.0
-1101.306562667121,0.0
-389.5276783104933,0.0
-813.8983164454114,0.0
-850.5361003447146,0.0
10.169590208297336,0.0
-60.30464415809968,0.0
-629.8169572458955,0.0
-1150.168607190187,0.0
-327.1357721468652,0.0
428.01689286195693,0.0
-31.765622497844454,0.0
-19.885316378913032,0.0
-712.633117827332,0.0
544.7581746356461,0.0
-318.0580679823751,0.0
-301.83945799108454,0.0
347.85736939139815,0.0
682.5716192426823,0.0
638.2275677635694,0.0
125.91483686530233,0.0
737.0482028478929,0.0
176.5242287844344,0.0
-157.30382838613343,0.0
753.6354824770697,0.0
604.097487717376,0.0
1418.6319638453647,0.0
1052.3222802490286,0.0
1721.5634608043633,0.0
1564.6819821802342,0.0
1693.0243699152102,0.0
2042.2629746632454,0.0
1888.6507761953744,0.0
949.9755221455389,0.0
2221.1308244244274,0.0
1047.6529164715757,0.0
1418.3456206233225,0.0
2115.0120449666806,0.0
1343.6891366691464,0.0
1896.2482094536217,0.0
1300.4493360058889,0.0
1577.9666033892474,0.0
1927.6121190251117,0.0
1912.353295191368,0.0
2046.8000064647297,0.0
1518.1775649105518,0.0
1608.2585137273643,0.0
1868.3643423070066,0.0
1869.2250936232815,0.0
747.8038915539216,0.0
1631.1027106186557,0.0
2266.487497189918,0.0
996.044873156959,0.0
1412.0902518630978,0.0
1287.696434376013,0.0
1673.4693762141637,0.0
1047.467751382179,0.0
1348.29167523688,0.0
105.25619430817414,0.0
1337.9499230283411,0.0
1552.6602754448745,0.0
183.47420526751603,0.0
1446.1202864842392,0.0
452.68761353290216,0.0
974.327913863594,0.0
-574.8802169033829,0.0
1432.1677330036357,0.0
143.4277584216448,0.0
362.81432735817623,0.0
-110.72294972103236,0.0
-288.01506502212897,0.0
1225.4621356153484,0.0
50.964418665556536,0.0
797.4121567952143,0.0
199.65784229338914,0.0
244.10753226435244,0.0
-307.1786823655956,0.0
283.5924313934363,0.0
1034.7862388538365,0.0
421.34239791282147,0.0
-79.09305916318868,0.0
-345.58710847791383,0.0
334.5732740210703,0.0
234.55161647008453,0.0
-1334.2748181798966,0.0
-1468.2991960138584,0.0
475.02695625898355,0.0
-335.9435586633475,0.0
-683.8251442576567,0.0
-592.7628293956961,0.0
-393.9938060590065,0.0
-496.3124064915074,0.0
-897.8356703355125,0.0
11.320641643694898,0.0
-1025.577233884723,0.0
-1690.2777914154158,0.0
-1282.157057379268,0.0
-962.2532661093597,0.0
-1079.5388091587533,0.0
-1098.3336641519059,0.0
-1254.6296946539492,0.0
-2764.005961654604,0.0
-1477.7418464781779,0.0
-706.4707613764724,0.0
-822.2259554932233,0.0
-1611.333843257646,0.0
-1336.4233757845468,0.0
-560.6474841690584,0.0
-1444.0833243471875,0.0
-1384.0549653041294,0.0
136.9757404305161,0.0
-1236.4985562445645,0.0
-496.0629034258318,0.0
-801.7996340449224,0.0
-852.243984233495,0.0
-1375.943112767941,0.0
-1292.3059103900798,0.0
26.834776105702872,0.0
-1428.4116081079285,0.0
-442.8714058181937,0.0
-1224.0694482413119,0.0
-968.2870987717704,0.0
-670.2797725939504,0.0
-1075.2861491490162,0.0
252.02861134688607,0.0
-209.09427075466135,0.0
747.1654239928397,0.0
-352.486137191711,0.0
553.0631936226245,0.0
1316.1247550586409,0.0
211.0909381530014,0.0
107.6131545461792,0.0
615.5068512354089,0.0
248.96094496956024,0.0
296.4729753425206,0.0
150.86435292139538,0.0
248.41533537191816,0.0
476.9711984576513,0.0
720.1093056685406,0.0
254.11473339024315,0.0
1217.503595945175,0.0
818.1445253996826,0.0
2452.924261727513,0.0
1032.6714350052516,0.0
836.2024039697269,0.0
809.9449007407611,0.0
1222.4963802440966,0.0
872.3583649839418,0.0
732.2427464606393,0.0
2112.4154904994616,0.0
785.4620295977595,0.0
2082.882681057462,0.0
1588.2198549118134,0.0
1023.2098356832498,0.0
2421.675125964962,0.0
1481.9659688854945,0.0
1382.3748965094621,0.0
1805.610499208164,0.0
2505.264922687306,0.0
1899.861074670507,0.0
2146.616894825237,0.0
2780.2464730281745,0.0
1803.7287166557335,0.0
1571.1213460558233,0.0
1627.353675678331,0.0
642.7827182113272,0.0
1469.5862181353634,0.0
2682.756680234463,0.0
825.6027860879149,0.0
2458.6628067594647,0.0
1751.910987202234,0.0
1050.942109363557,0.0
1395.1658475366905,0.0
2618.352011960513,0.0
1128.8332558409047,0.0
1671.6146851306733,0.0
2036.927543621678,0.0
969.3805607578222,0.0
1828.1358571788292,0.0
1343.1290508346328,0.0
794.4970381275432,0.0
1326.9895498080598,0.0
729.187106225297,0.0
553.1318709767068,0.0
157.12542775026532,0.0
1186.7813403618827,0.0
373.0601870806047,0.0
281.5396537118162,0.0
61.99274148552843,0.0
-51.06475910706445,0.0
-113.50362344043987,0.0
636.9619644555136,0.0
-77.59980265741933,0.0
1089.4484303467434,0.0
289.850479452732,0.0
-89.6686347895797,0.0
-389.85330475216745,0.0
1127.4990945350341,0.0
-1017.6883626892122,0.0
30.967702302975482,0.0
307.5617817048528,0.0
-382.5010843538781,0.0
-537.8035859643219,0.0
-746.0066655972586,0.0
-192.25945455193101,0.0
1.6205376457005514,0.0
-446.74896271243244,0.0
-1565.0844895206865,0.0
-1025.728871338732,0.0
-923.9516690937783,0.0
-1501.093281033901,0.0
-910.8464226580678,0.0
216.05077304081271,0.0
-1352.4698711829526,0.0
-373.3988908351779,0.0
-1571.277132053565,0.0
-1089.8698154492733,0.0
-1129.1680861165537,0.0
-1548.8179082150405,0.0
-1104.5120016446456,0.0
-253.5710306029954,0.0
-650.7318813096181,0.0
-1142.2094921886128,0.0
-1661.9573028304421,0.0
-1167.760460061015,0.0
-873.1906709104059,0.0
-997.4989709020838,0.0
-132.79726336998203,0.0
-1551.1108989593567,0.0
-150.0554652047623,0.0
-1262.0856513893712,0.0
-1191.313625319762,0.0
-1416.1618969313581,0.0
-714.8299115828511,0.0
-1143.9622447901672,0.0
-1447.8731399921785,0.0
-675.321491699905,0.0
-555.6608807319732,0.0
-376.757654870353,0.0
159.84103261612142,0.0
-806.2597899194709,0.0
157.92005557722973,0.0
-288.8320340325398,0.0
-80.70676957188752,0.0
-953.4982338032547,0.0
265.7581673792647,0.0
179.91534236548813,0.0
481.98350427347725,0.0
-657.3172038731033,0.0
958.3268744254812,0.0
-146.2934586756491,0.0
1304.5913221151818,0.0
595.2904789668266,0.0
236.22293903763114,0.0
1799.7859338029089,0.0
281.15210288834794,0.0
697.3122118275509,0.0
914.367862603741,0.0
1027.3770206232725,0.0
1038.1852930941259,0.0
1423.7190153709025,0.0
1722.4506407394942,0.0
1579.2147424808682,0.0
748.0999712949858,0.0
975.0401775015146,0.0
1533.6499723423237,0.0
893.7091125201164,0.0
1360.0282407837478,0.0
801.4855270636358,0.0
1064.1102162715092,0.0
775.711948992667,0.0
2850.7961964536917,0.0
557.7978027034694,0.0
1618.087585862563,0.0
1929.7576075453337,0.0
2109.552979714514,0.0
2028.0474283948886,0.0
2335.023005710198,0.0
1984.8968360856882,0.0
2043.7913168871876,0.0
1767.8917186952585,0.0
1929.108886697361,0.0
1119.252957042918,0.0
1657.5632483418963,0.0
2380.877146716005,0.0
1536.4043904840596,0.0
954.4510275239958,0.0
1367.045584613123,0.0
2117.5976128053667,0.0
2118.174602765898,0.0
838.7988217640087,0.0
1738.5365032621849,0.0
1221.3782500108605,0.0
1559.2947189077286,0.0
322.80008799455277,0.0
1800.8657077391654,0.0
1301.9675308357982,0.0
1264.3809959234675,0.0
1162.1137888480612,0.0
482.4535053920906,0.0
1389.0621577683432,0.0
765.3815831817931,0.0
344.57956461083927,0.0
1204.2288038548406,0.0
951.0388445453765,0.0
486.8889924156408,0.0
1179.5793573199396,0.0
115.78510588982829,0.0
687.7998452499372,0.0
844.8968941026515,0.0
799.2955920847011,0.0
1174.3795418865398,0.0
972.7523854941164,0.0
230.29346865094809,0.0
-129.02296108761078,0.0
959.979745129498,0.0
620.5302734532199,0.0
-337.5124753284462,0.0
228.7715468086661,0.0
-369.3363679979568,0.0
-1116.246656718156,0.0
358.3965333213213,0.0
-266.8136559064611,0.0
-534.5897358612435,0.0
407.4439511687104,0.0
-190.14818022551083,0.0
-917.4056120618015,0.0
-1187.7986415916214,0.0
-1744.6662700351926,0.0
-937.1054571784167,0.0
-1065.9895442460952,0.0
-417.5093906006132,0.0
-972.9722305702775,0.0
-1582.8451503476263,0.0
-998.9847091912657,0.0
-1809.8914637305231,0.0
-386.4879230996802,0.0
-1411.1069105812912,0.0
-645.5366940244602,0.0
-1193.2958787833609,0.0
-1009.4173811633427,0.0
-717.3310011053777,0.0
-916.3382579868465,0.0
-1384.5522039495236,0.0
267.5854752264104,0.0
-1083.4387028180722,0.0
-431.61857697200145,0.0
-1023.4809740621179,0.0
-1069.5235696909535,0.0
37.72209224915798,0.0
-591.1521352844766,0.0
-375.238588613081,0.0
-1658.511866571847,0.0
-348.50028976010657,0.0
207.72712293438494,0.0
-626.5436471616969,0.0
-671.1288842887203,0.0
49.321128576682554,0.0
-143.71874294521933,0.0
307.42178948228343,0.0
623.3690312275713,0.0
493.50475246433837,0.0
-572.6522784027136,0.0
195.83648688016584,0.0
-205.80662423233582,0.0
-789.6875462863323,0.0
296.22804756592643,0.0
-602.8239278049524,0.0
152.29176957184845,0.0
-596.0864789890085,0.0
-120.00167278684643,0.0
76.57200637674876,0.0
824.5924068985976,0.0
384.286162185825,0.0
315.85960100406055,0.0
601.9773129724502,0.0
1676.2681706633912,0.0
775.0387797875586,0.0
1312.8729963367662,0.0
2253.983839751216,0.0
447.3447365819535,0.0
237.35812404644776,0.0
685.0840217868906,0.0
1010.0254204110265,0.0
867.5012844758578,0.0
1823.8490499423203,0.0
1578.570113566314,0.0
859.4786575282558,0.0
1809.5318474154137,0.0
914.1058950234435,0.0
1897.0515444312655,0.0
2295.7096123104693,0.0
2870.0097935572194,0.0
2207.0898688303787,0.0
1468.367602371183,0.0
1999.9974020132731,0.0
1909.6674557325034,0.0
1458.2962997461625,0.0
862.6266001284357,0.0
2719.0085846391516,0.0
2928.563863675753,0.0
1735.0167660164223,0.0
1558.7578471755512,0.0
1700.162537649272,0.0
2307.362656688991,0.0
2375.925702936799,0.0
1528.207393450321,0.0
1380.7715571228562,0.0
1353.654766000866,0.0
1670.0278696366058,0.0
2028.6079844887483,0.0
1899.690205138742,0.0
1288.8543487789857,0.0
1087.5189411258127,0.0
1783.061339531854,0.0
1538.6925534136756,0.0
1224.6560357058104,0.0
980.4067176845901,0.0
1331.9360207696454,0.0
1696.1583367858093,0.0
1005.1249410069994,0.0
1245.7860342466124,0.0
782.5308779461313,0.0
489.5981562544529,0.0
872.8535982041399,0.0
719.173558853252,0.0
1149.3909148610971,0.0
-32.53388161168857,0.0
10.374619708369323,0.0
868.4100583721831,0.0
-751.1560037957377,0.0
247.17678834105158,0.0
-469.4047759011413,0.0
-79.43385953577325,0.0
11.003135103942611,0.0
-1319.0940734141084,0.0
55.76944706255081,0.0
-49.66043545491177,0.0
487.23334566730495,0.0
354.03805761094776,0.0
-287.0319632464857,0.0
-170.80554243331505,0.0
-1719.9596194568362,0.0
-407.63314418570536,0.0
137.20131252669472,0.0
-123.54437158087472,0.0
-173.49525188797543,0.0
-1024.978648000687,0.0
-712.8732697306493,0.0
-803.8364444458592,0.0
-764.3247456757206,0.0
-410.09840757361513,0.0
-1079.078019717384,0.0
-1640.070587790905,0.0
-16.526769790554113,0.0
-1272.2891444505449,0.0
-2397.5152584025873,0.0
31.668184595571915,0.0
-524.1380406669897,0.0
-730.8766497745883,0.0
-328.1830409374719,0.0
-770.3823691852516,0.0
-1316.7654371333838,0.0
-840.7397840174434,0.0
-1270.272294695279,0.0
-849.6483231651066,0.0
-1322.0059573091983,0.0
-461.1038346136534,0.0
-106.12163301927876,0.0
-1231.6828585069325,0.0
-432.80693417040186,0.0
-1538.6612530241716,0.0
-987.9600779293396,0.0
-494.8850237125872,0.0
236.40189390586244,0.0
299.50780939239803,0.0
281.399950762986,0.0
-1113.3613381747136,0.0
-65.87152568908394,0.0
-1372.3239235694637,0.0
-40.47641257933847,0.0
64.40903236363098,0.0
-193.43131780535822,0.0
-450.6250134215173,0.0
489.5618626644764,0.0
885.9694418300617,0.0
814.7159395525166,0.0
481.45317649824494,0.0
849.1379087132298,0.0
714.1291399413544,0.0
733.5494838372405,0.0
1125.8924449555452,0.0
549.0964414774533,0.0
205.88807287438442,0.0
1179.1857122326894,0.0
1350.5963923925206,0.0
1145.5075959980197,0.0
1459.2603704938228,0.0
865.5655733248338,0.0
2354.7639324669203,0.0
1654.2656639328518,0.0
1439.3858161194394,0.0
1969.9695788737513,0.0
1784.676804274919,0.0
1845.2700791783393,0.0
2305.957746818035,0.0
2040.284729983251,0.0
1831.1972184563167,0.0
1972.3684813657978,0.0
1128.8438660235006,0.0
1840.476992521272,0.0
2069.3390482250393,0.0
1435.9711976693243,0.0
2793.4455054656796,0.0
1931.7951351215875,0.0
1600.0019641333683,0.0
1837.1798790209016,0.0
1618.3300399021398,0.0
1756.3546172115812,0.0
1760.5000137429618,0.0
2081.3018018943208,0.0
1046.1580424784142,0.0
1500.9005967931046,0.0
2284.132452700034,0.0
1407.6040088404866,0.0
2453.9864425465357,0.0
2495.954742539047,0.0
1251.742873257733,0.0
372.5976493865385,0.0
1961.1180335033619,0.0
2445.355537436097,0.0
583.917310096498,0.0
1348.8452378727852,0.0
1966.670358858652,0.0
753.9690258219391,0.0
1223.0001320378942,0.0
1862.44520626546,0.0
1367.474115407199,0.0
1293.026261881722,0.0
1527.755641082921,0.0
732.8018916657011,0.0
82.92582485877699,0.0
1868.6433791229574,0.0
537.888573630126,0.0
964.0972313177481,0.0
1321.7259682297422,0.0
604.8425150416382,0.0
591.0948255695814,0.0
-81.18008064783626,0.0
851.1852855806567,0.0
1688.2179500770699,0.0
-38.00482011229164,0.0
-524.5492630324542,0.0
451.3084039111952,0.0
-292.8376683978426,0.0
3.8971948314604106,0.0
114.9271631593779,0.0
12.10898670877532,0.0
87.2446987232068,0.0
-211.72230187861462,0.0
413.8436846529333,0.0
-719.784754252472,0.0
-580.8452609578076,0.0
-224.8396702125586,0.0
-1140.0257784624469,0.0
-922.0729737152885,0.0
-864.3016941604697,0.0
-897.2620480187121,0.0
147.92987145465798,0.0
-571.5879769963399,0.0
948.7575575211225,0.0
-934.9794396439203,0.0
-1039.9308299588047,0.0
427.1532774675086,0.0
-1217.1918177116104,0.0
-5.9077898792475025,0.0
-2177.979951396491,0.0
-1249.217065087986,0.0
-287.6154261362627,0.0
249.751327677365,0.0
-472.5562510403013,0.0
-1113.0189176696013,0.0
-762.5485379158955,0.0
-298.52866990276067,0.0
-291.6260610618771,0.0
30.568955749551435,0.0
-1165.9438680786682,0.0
-7.324745208132413,0.0
326.29916170472836,0.0
1297.6167874750922,0.0
-339.24000091762383,0.0
35.16888460491248,0.0
-373.64670125596433,0.0
-750.3995303067347,0.0
-1557.7195833201513,0.0
-66.4365141226441,0.0
1131.1934708410379,0.0
1.0677042675573531,0.0
-991.9459814299096,0.0
361.2642624017778,0.0
194.36717781191624,0.0
196.46185411211172,0.0
1369.6795260442211,0.0
958.9556694303258,0.0
1713.274599216585,0.0
39.89906911577452,0.0
922.5234681972013,0.0
163.24198444660112,0.0
1751.0849999062575,0.0
536.9181357104466,0.0
1602.031159814674,0.0
1269.0441459056287,0.0
1474.7540593882204,0.0
843.2793340902873,0.0
1729.2512220074889,0.0
284.1755152053537,0.0
655.2839760396055,0.0
1328.5007427503233,0.0
2326.1394425964586,0.0
2144.0607637134563,0.0
1289.707695205107,0.0
1936.1476727644545,0.0
3035.2268689785888,0.0
1888.508101807369,0.0
1370.8076087927504,0.0
1040.1106535502795,0.0
1971.7884393246081,0.0
2915.0746160837616,0.0
2035.2730511374798,0.0
1754.2047634242178,0.0
1184.569285410835,0.0
1433.6761789552725,0.0
2483.776981697778,0.0
2160.2993530285376,0.0
2173.0285059206376,0.0
1332.9840653909291,0.0
2345.7983125109436,0.0
2384.630833564935,0.0
3021.4157055083906,0.0
2502.8795710081586,0.0
1886.7820623921034,0.0
2260.5423544086593,0.0
2386.052224385512,0.0
1921.2002700926864,0.0
1239.5137661528825,0.0
2412.6910320184484,0.0
3023.974338789052,0.0
2049.302663233104,0.0
2687.5026484721166,0.0
1474.9348829322878,0.0
1441.8825349617048,0.0
1540.8014973817578,0.0
1448.331926025028,0.0
2045.5060146855017,0.0
2193.7659665280935,0.0
110.64848017416898,0.0
1692.402546515104,0.0
1321.4282943364328,0.0
2190.714623778034,0.0
648.169788717383,0.0
1145.0286329998733,0.0
1775.3466691731849,0.0
1634.0003024417076,0.0
1482.330414912469,0.0
602.8955818543423,0.0
206.49998388132218,0.0
958.2844098397197,0.0
-137.60086015765546,0.0
655.8523834176663,0.0
1089.154250165392,0.0
3569.976948007191,1.0
-345.5272451976439,0.0
-116.29392827984407,0.0
-188.32545899789798,0.0
450.370171306648,0.0
-201.27139191633296,0.0
-379.85528127641817,0.0
-1240.157725537658,0.0
-1110.7986202555571,0.0
-733.859384673234,0.0
-1010.0460922065083,0.0
-584.9166406179029,0.0
-1116.0356086793706,0.0
-426.0053253612166,0.0
-766.4971300864449,0.0
-314.8572509653739,0.0
-701.3247977800879,0.0
-265.53743822292563,0.0
-1180.1473478602588,0.0
-1314.699627484782,0.0
-1202.9854507486834,0.0
-349.4303884776688,0.0
-394.1324876676134,0.0
-112.43390178931043,0.0
-489.82112182322027,0.0
-744.1591039192267,0.0
4.581038619348988,0.0
-575.5073227742183,0.0
-813.67345281113,0.0
-192.43177389230232,0.0
-995.8720667750424,0.0
-1282.6672641614155,0.0
-788.6132622951006,0.0
-1100.0984893007078,0.0
-533.0883720813879,0.0
-675.1635355569006,0.0
-517.2963903505981,0.0
-546.1191937039935,0.0
-230.93829280533382,0.0
17.102269088044693,0.0
-435.74869232635285,0.0
-21.28556173752085,0.0
774.3793678757991,0.0
-712.4913463577711,0.0
-72.54269611352542,0.0
660.8164098063361,0.0
328.45835367012893,0.0
824.7983717344976,0.0
-54.21349889682,0.0
1116.3890321122458,0.0
141.03341224518255,0.0
983.7318947123435,0.0
870.102544979449,0.0
1338.3816579197335,0.0
703.211784582975,0.0
655.6270452955563,0.0
38.496278437569,0.0
1358.7938740146626,0.0
1433.0265987231992,0.0
1414.4311708121338,0.0
1833.9533481688447,0.0
1586.1727724778755,0.0
1457.8905622975847,0.0
1865.9651627578837,0.0
1281.536614236303,0.0
1972.1528642671713,0.0
1431.2464194338718,0.0
1739.4195603210671,0.0
1670.170975824229,0.0
1119.682293362407,0.0
1692.985566097757,0.0
1529.2304921365183,0.0
2135.4728729169196,0.0
1292.8996892661912,0.0
1753.7052238984547,0.0
4001.606634310063,0.0
2156.661793728077,0.0
2118.117489861786,0.0
2488.3316959778563,0.0
1962.9305094772692,0.0
2144.5058944626203,0.0
1840.573321410901,0.0
1568.0337867749067,0.0
2902.439982646161,0.0
2415.7971303281415,0.0
3105.901599970186,0.0
2315.3409339736922,0.0
2826.087422235841,0.0
2233.91076854517,0.0
3667.366237817525,0.0
2859.212969255514,0.0
2881.5085491485306,0.0
2089.86357669654,0.0
1154.9014267814666,0.0
1863.394951155543,0.0
2373.8904060684436,0.0
2120.3806448985374,0.0
1535.906918823971,0.0
1364.3937235786743,0.0
1240.8338864585658,0.0
1661.1486310119121,0.0
2015.8509249118124,0.0
1905.8095332296002,0.0
1743.890712070416,0.0
1321.668138142253,0.0
1286.5735380096307,0.0
1231.2581611704527,0.0
1661.0581762483675,0.0
1513.779262553272,0.0
1307.3406231129277,0.0
1015.6551791133851,0.0
944.8960932776508,0.0
1359.1433918999187,0.0
1601.2628254291737,0.0
-622.5498618019975,0.0
656.1913911499752,0.0
918.5963312904639,0.0
858.4307962079799,0.0
-687.3538368068558,0.0
-747.9443872118391,0.0
-156.0472248929335,0.0
314.98956371062263,0.0
-468.25610299105955,0.0
556.201811547858,0.0
328.55350521317985,0.0
112.94417045265206,0.0
621.2999442381341,0.0
-806.945535755701,0.0
-179.40640853863894,0.0
-1340.3062043037273,0.0
294.30917667526194,0.0
266.29227721087847,0.0
-388.79670843742986,0.0
-1101.5234678750637,0.0
-340.49430404539703,0.0
-209.8439986694646,0.0
-1073.9512967219725,0.0
-514.4942580430775,0.0
-262.1681865229953,0.0
-1088.2359867941946,0.0
-909.9283117793947,0.0
142.00590427044483,0.0
-141.6931571302278,0.0
93.70962393165394,0.0
-319.35390809994294,0.0
-819.1937483670181,0.0
-589.4362556035529,0.0
-791.195480637806,0.0
-611.5279729693223,0.0
-399.66917293044503,0.0
158.0744653889991,0.0
-63.6292892940817,0.0
686.4808731099422,0.0
-911.4505670420915,0.0
-386.5954900835305,0.0
-177.68482433664104,0.0
-1270.626136189812,0.0
-982.7815761630688,0.0
-246.47712270211605,0.0
-148.5501599462164,0.0
589.4121235888238,0.0
230.47909471596114,0.0
-58.683828845185445,0.0
-312.71057600996244,0.0
195.2331506816586,0.0
1410.896176500476,0.0
573.8881113129208,0.0
-222.3636148757396,0.0
829.0484158346108,0.0
1015.9163966897121,0.0
1223.6042236183312,0.0
287.2109582729093,0.0
830.9111236057643,0.0
1172.9156771193411,0.0
573.3295301380754,0.0
906.090245211219,0.0
963.9022429471231,0.0
1387.6736778328204,0.0
1308.2831777751455,0.0
733.2803738641572,0.0
1403.32847882694,0.0
2539.6761284089025,0.0
1422.2012774251234,0.0
444.9094956467709,0.0
2157.3975940547944,0.0
1723.7758710238527,0.0
1891.8630034301461,0.0
2255.658668394671,0.0
1696.710690885849,0.0
1510.164185043713,0.0
1676.7230588643688,0.0
2195.6550845438205,0.0
1995.182163913133,0.0
2175.704627542095,0.0
3188.2575864091104,0.0
2418.9335223982603,0.0
2730.927869543228,0.0
3584.590113304727,0.0
2432.8438771486694,0.0
2015.2086208148364,0.0
2147.521213768951,0.0
2328.524444073054,0.0
2884.851356711437,0.0
3084.1937681196328,0.0
2334.744257178537,0.0
1864.6383946119372,0.0
2695.775368272093,0.0
3196.789373610558,0.0
1747.7068938919579,0.0
3228.8831373811395,0.0
2290.025997151583,0.0
2167.0122051887192,0.0
2031.357705845284,0.0
1564.5753001649325,0.0
1614.1661430991503,0.0
2591.577598682483,0.0
1291.2505273192955,0.0
1656.658708642229,0.0
1895.6037312604674,0.0
1221.4167557238768,0.0
1527.9797742402225,0.0
697.2235151018399,0.0
1983.9359913190813,0.0
1705.0528850220342,0.0
656.4124909309668,0.0
2057.874762646219,0.0
523.6069318470804,0.0
226.34808505591172,0.0
167.64410131996078,0.0
1184.1703079907234,0.0
-296.2780490854118,0.0
1045.14013300361,0.0
763.1820905403652,0.0
1226.5385806156332,0.0
140.19415753111144,0.0
1101.7384454327885,0.0
254.83520542456114,0.0
1166.8707517371959,0.0
-245.54988434273122,0.0
351.1637157731479,0.0
-108.63394330660844,0.0
317.1214712110952,0.0
1437.027219335722,0.0
-105.43960907715615,0.0
-21.35504657408081,0.0
236.3290185829779,0.0
-23.588413629048517,0.0
-1160.722034641273,0.0
249.64787819726504,0.0
-1120.9974918601747,0.0
-1117.6169307747377,0.0
-138.4160502017904,0.0
-1052.5721899478663,0.0
-395.1780554430094,0.0
99.9502823909396,0.0
-296.29267214099656,0.0
-1048.8945447327371,0.0
-696.4721104340092,0.0
545.2488281855119,0.0
-335.205038275259,0.0
241.0536100150989,0.0
224.08143563329872,0.0
-1279.728354923244,0.0
-0.573692214120797,0.0
-1164.955786873294,0.0
-168.228544755967,0.0
-237.09239453492512,0.0
-609.9609211919361,0.0
-1060.2126048612597,0.0
-524.15635253137,0.0
-516.9231411771224,0.0
-522.9837225007218,0.0
-468.56963090802776,0.0
180.59544148447418,0.0
-374.4242456321897,0.0
-1111.4962797769758,0.0
-133.15520829107982,0.0
669.2821137368562,0.0
-451.7988812410751,0.0
-327.64386756661906,0.0
-574.7810789436783,0.0
1357.219783824723,0.0
-36.891139074572834,0.0
885.8687002155261,0.0
669.3055782551261,0.0
317.07087175410396,0.0
621.7615599388254,0.0
1965.9938833060814,0.0
1628.378517563916,0.0
1046.0345912565358,0.0
594.8586314746385,0.0
1847.5917653937927,0.0
1728.9182203449973,0.0
1250.366715360019,0.0
1429.7546982166923,0.0
1200.1111357946224,0.0
1612.3120461201552,0.0
1453.4739332926076,0.0
1308.64649578979,0.0
810.4930213916078,0.0
1862.385051774486,0.0
1636.9393036342942,0.0
948.888314536397,0.0
1978.397228477396,0.0
2032.0193961161706,0.0
2349.841649509994,0.0
2466.270009153924,0.0
1490.1340727730221,0.0
2995.1342080304426,0.0
2101.221531293539,0.0
1730.792993686593,0.0
1904.2179621828345,0.0
2826.2210799023937,0.0
2652.3306978298124,0.0
2014.6164487420235,0.0
2580.1380166770305,0.0
2323.800275305625,0.0
1699.4840100424944,0.0
2072.8340618830416,0.0
2703.779275774312,0.0
2464.5852340326264,0.0
2737.6502862282905,0.0
2610.2987180133064,0.0
2563.834837184138,0.0
2755.7405158067904,0.0
1587.8088596376278,0.0
2746.5242769692313,0.0
1600.2604757571016,0.0
2395.429366618306,0.0
2284.914357621533,0.0
2168.4493464108914,0.0
2436.8024068984423,0.0
1689.5579097195175,0.0
2788.844879882089,0.0
2538.4352226933597,0.0
2599.3571026207555,0.0
2240.6526103241563,0.0
1582.2695213719885,0.0
985.5016734032639,0.0
981.5556389880813,0.0
1805.460266953853,0.0
77.78474185178789,0.0
2433.459270060284,0.0
1679.251765001416,0.0
962.9253568760695,0.0
977.0070023140108,0.0
162.3542256831979,0.0
1105.7139493912482,0.0
1637.5888931665072,0.0
1404.3543501538702,0.0
132.0010581294739,0.0
1205.6559564673553,0.0
847.0563173454568,0.0
880.4793560910365,0.0
636.9658834132955,0.0
722.1731868850972,0.0
1249.0354092538016,0.0
1204.3919439681283,0.0
946.0074797152931,0.0
265.4114693526196,0.0
322.73298848897304,0.0
505.48147554434274,0.0
234.6176496922414,0.0
-247.4311721441581,0.0
946.9728348456684,0.0
1218.9249154887161,0.0
-13.968999800605275,0.0
-377.36993931081605,0.0
-310.81102459075043,0.0
-871.4357678382017,0.0
-961.0162103951413,0.0
-169.52309222320426,0.0
-428.13157473399394,0.0
236.223306237233,0.0
1057.891189881063,0.0
-253.35692505891566,0.0
-131.56105501043731,0.0
-148.52305142732,0.0
-55.77480909026437,0.0
621.1007825516269,0.0
-434.4759644530162,0.0
375.39918991374816,0.0
-704.3324860849929,0.0
-780.4359287458781,0.0
-328.7408363152246,0.0
179.65141864347004,0.0
-760.9086249605241,0.0
178.02383861552096,0.0
-570.443096632596,0.0
245.16244739362992,0.0
163.9486786882019,0.0
747.5144482803042,0.0
-542.2318534765618,0.0
-406.2242174269203,0.0
95.73242326281728,0.0
715.4616634996006,0.0
591.0093718517252,0.0
-223.39080344973706,0.0
-111.80275670464354,0.0
-213.3792414291836,0.0
1485.2673366325478,0.0
1265.9086262296555,0.0
890.1109871054468,0.0
-563.7635933323361,0.0
894.7013129672765,0.0
602.1165581731607,0.0
1450.1442757071545,0.0
159.2041506536467,0.0
1936.6927140674707,0.0
1299.8873218835845,0.0
1310.6942580140642,0.0
876.2253939669813,0.0
2378.354620209711,0.0
1412.472795336158,0.0
1492.646669468095,0.0
1501.0134891916373,0.0
1580.9646528317828,0.0
1715.065769579668,0.0
2067.3181247767648,0.0
2442.5853787163824,0.0
2217.5432214222546,0.0
1598.549753629487,0.0
2083.0761945786603,0.0
2558.0049090760276,0.0
1983.7022354959813,0.0
1939.8304634892322,0.0
2975.6736495078458,0.0
2451.658427175883,0.0
2170.9727510464418,0.0
2653.9932669863006,0.0
2680.3201076376195,0.0
2831.041005817786,0.0
2446.330108360957,0.0
3606.158587047107,0.0
1656.4868477190512,0.0
2406.255849220824,0.0
2713.882244226822,0.0
1967.7467510024535,0.0
2003.37658957019,0.0
2117.9314619604033,0.0
2491.8501426568127,0.0
2385.152968939088,0.0
2806.107683587637,0.0
2927.5262405023313,0.0
2248.6665563000015,0.0
2472.6968835613243,0.0
2595.565795060818,0.0
1030.0118239193284,0.0
2155.8697666083017,0.0
1307.1109674979111,0.0
1934.4559869064524,0.0
1888.608948190054,0.0
2856.4363063147193,0.0
1576.6407545738257,0.0
1546.3397794387943,0.0
2310.4447765423074,0.0
1648.7190375652003,0.0
875.3421829882572,0.0
2439.6010682138694,0.0
2206.14291660637,0.0
1548.6114075241367,0.0
524.6270581747065,0.0
1072.0409404972074,0.0
756.3941155464606,0.0
2028.0709895061102,0.0
926.8659080802208,0.0
1459.476679467056,0.0
1601.8502081123224,0.0
1000.5653016564318,0.0
918.600874203878,0.0
1422.3378527391528,0.0
1489.1991221805215,0.0
-137.53650898916055,0.0
1041.8265931917258,0.0
-739.1694942365356,0.0
164.73101355651528,0.0
818.3735611834966,0.0
-515.3621087938998,0.0
824.8866106734986,0.0
1526.5251319475715,0.0
210.18066797577242,0.0
-628.1660567327394,0.0
974.6270845903864,0.0
-287.8087747678463,0.0
-677.6869485701444,0.0
-510.3081683014356,0.0
-418.28994896249543,0.0
-610.1719318206004,0.0
605.2479534943493,0.0
-824.6643783342696,0.0
-1248.627114646108,0.0
-1026.481708010248,0.0
-559.9320041028734,0.0
427.63898071158064,0.0
-1206.6464744213372,0.0
-241.10398094819914,0.0
-33.08819806959764,0.0
-721.965126533851,0.0
-575.2404692351781,0.0
-555.0073036914388,0.0
-52.3583585324712,0.0
-743.2543628743574,0.0
432.7800815413135,0.0
-1382.9720287005305,0.0
326.7705137793739,0.0
313.6366699801065,0.0
-86.91316187212323,0.0
-108.4158059777099,0.0
522.6685583226217,0.0
-637.8860051614748,0.0
-287.21203855435,0.0
-542.4338614181237,0.0
48.898820018789095,0.0
-310.4838665858284,0.0
-393.269424629137,0.0
304.28333559763087,0.0
170.71214623939022,0.0
638.6743133996633,0.0
1263.2714805063295,0.0
-608.974245655874,0.0
362.56848701520903,0.0
585.3441503569036,0.0
1409.7980486418294,0.0
230.09809647987663,0.0
951.5247420018502,0.0
1396.320177260052,0.0
636.6172330164717,0.0
992.1653347503174,0.0
