118.07488048049585,0.0
-100.4867202285641,0.0
1195.7619088045085,0.0
272.34426314675943,0.0
270.1665873363083,0.0
869.2954441233244,0.0
-157.84835132453208,0.0
91.05913304600995,0.0
506.1051988684546,0.0
113.49578250054961,0.0
28.611214569385425,0.0
378.29996960924194,0.0
151.29534127671633,0.0
401.6791856890276,0.0
-142.9596309074734,0.0
184.60883348879372,0.0
1192.0725572764163,0.0
1769.2384207551838,0.0
21.6070286116709,0.0
1140.474582763143,0.0
383.4806171377777,0.0
456.131237224386,0.0
352.4614299499582,0.0
245.34056263337268,0.0
1489.9707088709847,0.0
1249.8105493587927,0.0
920.4576121198484,0.0
491.0854817047144,0.0
890.9192607612085,0.0
1024.0588126481985,0.0
1691.256979051255,0.0
709.1454315641586,0.0
1150.4876668741683,0.0
1046.165065734419,0.0
856.5131064999424,0.0
1211.7693565761588,0.0
1211.4054231550938,0.0
1888.095195411739,0.0
1376.4507075031834,0.0
2196.93471094307,0.0
1073.0485539915837,0.0
985.8323688020213,0.0
1477.7968505881524,0.0
1602.3417675682022,0.0
1348.0790582431591,0.0
1893.8263210888344,0.0
2022.31287612796,0.0
1771.783525026367,0.0
1190.6674703058693,0.0
1504.9788549942007,0.0
2218.8532786885794,0.0
1422.7193508418775,0.0
803.4271553112827,0.0
869.294787328519,0.0
1398.165778723621,0.0
2406.377707698716,0.0
1328.1772409609669,0.0
2445.8732860043347,0.0
1902.9711924492437,0.0
1499.2318072884416,0.0
1666.2162647606133,0.0
1959.5296425580761,0.0
1456.5599846492914,0.0
1029.7130851309757,0.0
1614.1065685039598,0.0
1488.4241889357804,0.0
1736.7863205204603,0.0
1662.9493425442488,0.0
-37.15649159276609,0.0
2226.3972880109877,0.0
516.8861084126386,0.0
2076.9859006491947,0.0
2452.6780181610416,0.0
986.64066480975,0.0
530.6314071116805,0.0
675.1638059685899,0.0
1713.1941209856016,0.0
1216.6596817103728,0.0
1006.5174832912535,0.0
1054.4965351677497,0.0
2258.2967514252136,0.0
1408.0170683280687,0.0
1834.253506420591,0.0
1340.9378951699969,0.0
1828.9693449470233,0.0
1781.975002895258,0.0
965.6274005942461,0.0
953.1820247832478,0.0
765.7972123621123,0.0
747.9460155280116,0.0
1543.3778154407644,0.0
975.2928315028173,0.0
1160.3081191418607,0.0
728.6545934442958,0.0
912.666690244153,0.0
1419.2795228871205,0.0
413.117851758412,0.0
491.1326441617804,0.0
852.2621496084306,0.0
960.6936822932787,0.0
1054.9515372185015,0.0
818.0157274475237,0.0
-392.34784784897965,0.0
1013.5474668831664,0.0
764.180246642792,0.0
1440.3625303544338,0.0
242.1200981169402,0.0
2001.760052096417,0.0
-88.7002857866114,0.0
1134.8216423713156,0.0
324.3653747307339,0.0
42.01057131072048,0.0
1030.0278544579237,0.0
43.91743329223286,0.0
-984.7963180405607,0.0
-444.0400461491133,0.0
381.8856941792852,0.0
1283.132635342521,0.0
-555.9290141264877,0.0
51.26161150642252,0.0
722.2909166742846,0.0
580.0118563425542,0.0
-251.21100608069943,0.0
-827.4042810107994,0.0
-1036.5347500189644,0.0
-385.3566820022858,0.0
-364.9448725371687,0.0
-1376.2067950442354,0.0
-1237.7205172028152,0.0
-164.51885820861094,0.0
-501.77652532338516,0.0
-834.1842658764604,0.0
-483.9096885930188,0.0
-1100.1528634982917,0.0
105.95745022800537,0.0
111.71487087518562,0.0
529.4728806965461,0.0
-256.05177993179075,0.0
-290.4322231311445,0.0
160.30118779518705,0.0
-62.537235722608784,0.0
324.2466288568814,0.0
-351.5771271336972,0.0
-1127.718511964067,0.0
-1778.1214220911488,0.0
-445.76093579713125,0.0
-466.24530622452613,0.0
-847.2149108188197,0.0
-1544.3128078756765,0.0
-1848.3131867818386,0.0
-82.00524063514047,0.0
-679.7954934079855,0.0
-1556.0076386430712,0.0
-928.2749367642018,0.0
-1094.7357275362888,0.0
-927.4868010414693,0.0
322.6194354979525,0.0
-1174.2668713548599,0.0
-1980.565397455152,0.0
-721.0927857046781,0.0
-1355.3416772752396,0.0
-866.5120391721362,0.0
-822.6513112213564,0.0
-796.209935298687,0.0
-1558.4801185843069,0.0
-546.3790212330987,0.0
-1485.1545866256115,0.0
-1169.800976351376,0.0
-1374.3251834211524,0.0
-1745.439429405922,0.0
-527.468701581121,0.0
-1561.2224126121903,0.0
-379.4738665058959,0.0
-1002.9620909873561,0.0
-1039.4878503437913,0.0
-1178.6804048487015,0.0
-1114.7745438323072,0.0
-2097.4870244628128,0.0
-400.9752108476762,0.0
-1429.9477644753642,0.0
-943.7990314854653,0.0
-1371.9885732134703,0.0
-1246.5744179278029,0.0
-1588.4048155392,0.0
-1647.033456216187,0.0
-1309.4396019051765,0.0
-668.2744869123047,0.0
-1527.4459409395376,0.0
-1899.8995285069436,0.0
-1617.0865975969994,0.0
-1038.9647883761395,0.0
-451.82026857130336,0.0
-805.1523129646837,0.0
-793.5666600451277,0.0
-1816.4476967980545,0.0
-776.4649456232885,0.0
-768.9555401304129,0.0
-1332.7442913484397,0.0
-453.72873891789436,0.0
-729.3051185537646,0.0
-626.5180939144893,0.0
-1235.1812683306837,0.0
-947.9866833013102,0.0
-1842.335265080318,0.0
-1179.783273896397,0.0
-375.5031848824088,0.0
-208.31491849402056,0.0
-580.6111115465947,0.0
-956.445286151673,0.0
461.7398021149636,0.0
-1272.2807662572504,0.0
-1297.0717547528143,0.0
-1036.414617233229,0.0
-588.1893341133255,0.0
-586.6127624810175,0.0
-506.20937380726195,0.0
-1160.2437011873822,0.0
56.85501788183001,0.0
-661.6412023795082,0.0
-990.9765221629873,0.0
-761.7192064519813,0.0
-770.7911214883876,0.0
-549.626141905331,0.0
357.2244581926787,0.0
-685.180299126021,0.0
93.95901096941174,0.0
-422.33557838721066,0.0
-523.8429250606893,0.0
367.83840553216373,0.0
266.5835849772143,0.0
-378.1817173080733,0.0
-992.8273071136787,0.0
-131.896020192231,0.0
630.2497106295218,0.0
110.19390279697173,0.0
83.6929078170354,0.0
-636.6363395595697,0.0
548.8948188910032,0.0
-297.8704329592939,0.0
-350.0679688075535,0.0
290.44404359315763,0.0
601.902984724201,0.0
498.4664680786126,0.0
-85.84592836476895,0.0
556.6172486186847,0.0
-132.06978262183068,0.0
-459.71583927061846,0.0
441.2924616519223,0.0
265.1669844512084,0.0
1097.6684094189195,0.0
678.7963022308102,0.0
1342.820430626823,0.0
1152.0346872382006,0.0
1260.8601624161295,0.0
1627.4747825181184,0.0
1474.0106605784918,0.0
416.1302078435689,0.0
1781.6057040252701,0.0
586.4317250968318,0.0
940.2693116680102,0.0
1688.4870606681375,0.0
877.6049538253835,0.0
1450.603104466713,0.0
893.81399770859,0.0
1216.3488028016654,0.0
1550.0728010518626,0.0
1539.116016723308,0.0
1680.875304717837,0.0
1200.587006288145,0.0
1308.4242609693172,0.0
1627.8823639416137,0.0
1687.3283607001697,0.0
560.4701103299125,0.0
1599.369109032744,0.0
2221.421635333468,0.0
1015.0641752523819,0.0
1394.5948342702598,0.0
1411.4379773538067,0.0
1803.8120714222339,0.0
1295.4580941882004,0.0
1649.6979823019617,0.0
435.44603320223564,0.0
1800.32255089515,0.0
2030.79276561508,0.0
720.215967828043,0.0
2059.5293506436296,0.0
1137.8747822762014,0.0
1786.7617827984611,0.0
280.69510521770644,0.0
2405.1322325168057,0.0
1138.888478388154,0.0
1460.1859401890758,0.0
1054.8818157251817,0.0
905.9063353858171,0.0
2605.1357715035347,0.0
1446.6332597167939,0.0
2295.6344612034572,0.0
1770.6828949406733,0.0
1860.8134902013362,0.0
1367.6862891954129,0.0
2069.7840062845034,0.0
2843.923610509445,0.0
2374.543662772868,0.0
1865.9075709460653,0.0
1715.340198140881,0.0
2458.8535576945415,0.0
2373.6413362439753,0.0
852.7262247277736,0.0
722.3417254399922,0.0
2773.9414117333235,0.0
2016.7107581426435,0.0
1677.6264308131629,0.0
1790.0408211034598,0.0
2017.4510441461475,0.0
1959.224310550555,0.0
1607.6797497875857,0.0
2503.553934617409,0.0
1479.41614660384,0.0
784.2768900757048,0.0
1253.8783995309839,0.0
1602.1615598176263,0.0
1485.7464786615565,0.0
1439.806617846722,0.0
1193.6117862098602,0.0
-284.88709689850316,0.0
994.4435461341232,0.0
1725.7670014995192,0.0
1592.1997845949825,0.0
728.5719748814098,0.0
1009.8681105544533,0.0
1721.7258639712677,0.0
743.1440475557697,0.0
783.8892928032313,0.0
2313.9597445068757,0.0
813.5915870956903,0.0
1526.5520827195485,0.0
1152.6409231229254,0.0
1000.6935393603052,0.0
382.5336370934511,0.0
380.55619846519267,0.0
1666.4000831776057,0.0
54.452165810761926,0.0
997.491617662852,0.0
97.52272487948528,0.0
203.8584753865557,0.0
430.2065287968858,0.0
-15.881816309442115,0.0
1192.5868856929262,0.0
648.3026324125516,0.0
1539.4680433427638,0.0
306.2093071271877,0.0
1090.4811019579367,0.0
1743.6576512150448,0.0
497.6306012100733,0.0
330.8358280647025,0.0
705.0482665006365,0.0
172.02263531896372,0.0
136.84195659751546,0.0
-171.67098755229586,0.0
-135.13841942099032,0.0
-81.14879994444658,0.0
166.3466975439171,0.0
-467.4374115588637,0.0
407.82524535138003,0.0
-92.76700417677505,0.0
1482.1716602537601,0.0
-52.813537636403225,0.0
-351.67170585238813,0.0
-504.58904186925764,0.0
-200.65077587927314,0.0
-615.8530603572815,0.0
-823.9247087106191,0.0
460.3254196519137,0.0
-939.5261369322518,0.0
268.3117323382585,0.0
-270.1793403895234,0.0
-904.6777880162244,0.0
440.59652086492423,0.0
-569.18651927107,0.0
-669.5480190805685,0.0
-318.8353923056922,0.0
354.15417231102475,0.0
-356.3216973604502,0.0
-111.75437998642701,0.0
526.2878724764385,0.0
-522.6753705516267,0.0
-838.2840537718236,0.0
-728.7554521043526,0.0
-1801.0164485654957,0.0
-941.0775874458727,0.0
343.90539105412967,0.0
-1554.1234282712253,0.0
118.2892671646971,0.0
-608.4788889639304,0.0
-1314.5822337717236,0.0
-969.6688348295029,0.0
362.9637992137232,0.0
-1160.3388642310206,0.0
-600.4806080673857,0.0
-150.38931188016022,0.0
-1185.358050282926,0.0
-249.79592489956354,0.0
-764.3030710843079,0.0
-1263.5028824112026,0.0
-671.9922539532429,0.0
-1219.6121130940476,0.0
-1338.4369629792827,0.0
-1675.4920408137632,0.0
-520.2100680022321,0.0
-1337.596243716186,0.0
-1352.9897795859906,0.0
-1475.502096091609,0.0
-1504.5969034806164,0.0
-1547.754880611173,0.0
-706.0512424595431,0.0
-1324.4795007522453,0.0
-52.831224790515535,0.0
-820.7281623140352,0.0
-1160.5328003041295,0.0
-1298.2297786644167,0.0
307.44924891508606,0.0
-1846.7522326631517,0.0
-690.2399795528336,0.0
-381.7035054653767,0.0
-939.037354036048,0.0
-992.4124619649465,0.0
-1221.4696368331295,0.0
-565.0479521454511,0.0
-294.7033821127628,0.0
-681.1707242645515,0.0
-1784.6065961358909,0.0
-1102.8584658292189,0.0
-994.8683179662581,0.0
-1476.6767017510842,0.0
-804.4839624844956,0.0
368.54793780436853,0.0
-1136.2315053205607,0.0
-121.94785532910998,0.0
-1305.5896140164637,0.0
-738.6374640249006,0.0
-768.6703789004752,0.0
-1094.2297624376386,0.0
-661.1746006121696,0.0
255.18335835449125,0.0
-137.74657299476473,0.0
-701.7091677076235,0.0
-1160.8246948972085,0.0
-616.7369446644674,0.0
-285.91362770775925,0.0
-473.60595382590975,0.0
502.20257852522263,0.0
-973.0761654937463,0.0
441.96358960176764,0.0
-708.0531771516683,0.0
-638.4712042816105,0.0
-831.3460431132639,0.0
-119.43975622192781,0.0
-640.6455557181073,0.0
-933.4918189982023,0.0
-126.76388815129482,0.0
-54.46746273779284,0.0
177.1504410162453,0.0
669.0158011928893,0.0
-354.40747688819295,0.0
575.7041688969084,0.0
100.49952237398955,0.0
251.1267644734111,0.0
-628.2537462791438,0.0
595.0407292439091,0.0
461.2606544445995,0.0
677.0421460237882,0.0
-535.8920192082888,0.0
1104.279072836643,0.0
-36.03067229329656,0.0
1420.1978332898461,0.0
589.3473361366694,0.0
235.89724365955203,0.0
1777.7714457591812,0.0
231.52058179680262,0.0
582.8894934043014,0.0
758.9183894266725,0.0
817.8888499063607,0.0
814.7729226384515,0.0
1179.1164323042378,0.0
1529.3588393480386,0.0
1360.4323877070817,0.0
420.99065782172045,0.0
603.4986505385425,0.0
1122.5221295403232,0.0
527.1565983645006,0.0
938.7129789212548,0.0
455.9585722413235,0.0
622.7080193096903,0.0
352.0153847840403,0.0
2552.5341340245227,0.0
92.29881481010307,0.0
1207.571751501643,0.0
1488.5743371602246,0.0
1720.143538455445,0.0
1615.134581922839,0.0
1967.7718579281602,0.0
1621.331233767057,0.0
1677.7506523879294,0.0
1457.2475828420095,0.0
1676.417860473766,0.0
905.3712474188486,0.0
1401.520569368348,0.0
2203.3135533927352,0.0
1429.5085175556433,0.0
820.7259109835386,0.0
1245.7378267921715,0.0
2100.4058422667817,0.0
2153.0657570118447,0.0
942.4252799908992,0.0
1898.5849134935459,0.0
1453.737271079032,0.0
1840.3289551950604,0.0
676.463518313047,0.0
2218.7890336193477,0.0
1826.746020994187,0.0
1805.1723929484965,0.0
1802.9169783417635,0.0
1155.5474392961735,0.0
2178.7335390784183,0.0
1616.0717970418887,0.0
1220.622641764303,0.0
2211.2214538354124,0.0
2069.794821742333,0.0
1663.6641126787292,0.0
2427.248973808985,0.0
1390.357327351814,0.0
2112.78912992324,0.0
2317.37563975448,0.0
2331.6756420711836,0.0
2844.6065631853894,0.0
2645.6154737741217,0.0
1995.8873424288408,0.0
1729.5597304717005,0.0
2880.4730311848657,0.0
2577.0273179171118,0.0
1667.6448887633642,0.0
2323.473429241984,0.0
1780.7663071842787,0.0
1066.166564328196,0.0
2647.5357112768124,0.0
2024.7630629239727,0.0
1781.484916482782,0.0
2811.865535506596,0.0
2168.2438723403643,0.0
1539.7812235642493,0.0
1299.647829377831,0.0
742.194833581171,0.0
1556.710392138249,0.0
1464.6198164638038,0.0
2189.373767602597,0.0
1571.7436686261913,0.0
914.3777421973459,0.0
1593.928025893485,0.0
731.6061690730769,0.0
2162.732675821534,0.0
1091.9043419927507,0.0
1881.699953445555,0.0
1324.3350710949526,0.0
1446.0870941945495,0.0
1708.4499212391722,0.0
1517.6602046176902,0.0
963.9645157523664,0.0
2592.117291845856,0.0
1160.6661678470596,0.0
1808.067956670524,0.0
1096.0647680470724,0.0
1037.6147699250455,0.0
2089.2016372032344,0.0
1345.043695122159,0.0
1525.041377598623,0.0
150.84382900437026,0.0
1382.3622438430968,0.0
1900.0187743415574,0.0
854.0026121202832,0.0
739.0244653771554,0.0
1367.1133803554626,0.0
1117.4848711557408,0.0
1513.839173200642,0.0
1733.8616964561297,0.0
1464.5335451147585,0.0
290.294531140421,0.0
931.54373263476,0.0
433.2763374181248,0.0
-270.4432433049741,0.0
685.5738330244585,0.0
-322.8489575409294,0.0
333.83075787013985,0.0
-492.76095753653476,0.0
-191.51360509311968,0.0
-134.7187826926909,0.0
592.312651842282,0.0
-8.429677898056354,0.0
-176.42167604654168,0.0
42.74680335639067,0.0
976.3689768302264,0.0
-28.889791009613788,0.0
464.3227284413945,0.0
1288.4670572430875,0.0
-638.2516747179158,0.0
-965.9320563507974,0.0
-634.228431655408,0.0
-405.82421337533833,0.0
-601.4231133030428,0.0
345.27451616816546,0.0
-33.580313019685576,0.0
-839.843930677276,0.0
53.38140657807181,0.0
-942.2946758861243,0.0
-41.139459087010664,0.0
416.12583883249744,0.0
853.3233162572872,0.0
133.49299643304272,0.0
-704.227140809237,0.0
-166.11104428586125,0.0
-296.40608961283823,0.0
-787.7479718205269,0.0
-1463.3871471225912,0.0
491.1783005354428,0.0
682.4572713521898,0.0
-571.3228238219368,0.0
-810.9695174061646,0.0
-622.8542427393049,0.0
-36.85890384922743,0.0
33.58311260162759,0.0
-769.3483228422742,0.0
-979.3959205939162,0.0
-970.0919066918477,0.0
-635.1975131053737,0.0
-226.00680689374792,0.0
-372.1203180380386,0.0
-932.6292722606208,0.0
-1059.31274318628,0.0
-321.55281886870205,0.0
-564.9731920564288,0.0
-791.7310298542784,0.0
-1072.039843818534,0.0
-603.0137784858833,0.0
-147.45442045162213,0.0
-825.5022233276333,0.0
-501.7952366550411,0.0
-949.5437226785573,0.0
-1110.089952683627,0.0
-729.0363059555971,0.0
-770.6183885252909,0.0
-260.7269201348272,0.0
-1374.15928182294,0.0
-1280.57407849791,0.0
-261.37721059171236,0.0
-1915.6321571672634,0.0
-780.4740447912791,0.0
-1518.1093884018846,0.0
-962.8238344385767,0.0
-779.3992416266846,0.0
-2093.236724695678,0.0
-574.5243141384967,0.0
-615.7010246068583,0.0
21.030130416032307,0.0
-90.98962173089183,0.0
-670.6502224856771,0.0
-504.2852331985489,0.0
-1961.7406904741429,0.0
-594.3036310220252,0.0
80.09954731628073,0.0
-137.4418634917917,0.0
-66.84964992382561,0.0
-963.8873878278456,0.0
-525.5731529659639,0.0
-611.9139898284294,0.0
-546.998581162702,0.0
-83.07077815293565,0.0
-771.3995633182298,0.0
-1286.2991167373027,0.0
405.117737088123,0.0
-803.311429332538,0.0
-1943.5171203305247,0.0
603.0822832430983,0.0
2.5920223961363718,0.0
-143.8891226360161,0.0
281.1845705659392,0.0
-184.16214096575274,0.0
-706.2473399598016,0.0
-221.1615743046226,0.0
-603.9182758718852,0.0
-158.10654581758791,0.0
-709.1894641962772,0.0
214.76675637912166,0.0
539.8105146845495,0.0
-661.4837203475774,0.0
169.5836865403814,0.0
-929.7021147319621,0.0
-398.13966485926903,0.0
8.64055193144219,0.0
812.2110715297031,0.0
854.2516180955383,0.0
782.8909186149228,0.0
-668.046231698025,0.0
437.92441766907837,0.0
-973.7212715982096,0.0
343.6798342679738,0.0
384.5893808993535,0.0
82.32012649604951,0.0
-219.03874890290314,0.0
726.8187682276368,0.0
1140.9565714895791,0.0
1042.2381648907083,0.0
661.8589596803838,0.0
988.4932585415592,0.0
770.9566737294748,0.0
725.52307410993,0.0
1111.127523736946,0.0
432.6119818493762,0.0
109.27642414550928,0.0
1115.9731676368976,0.0
1213.6652517365346,0.0
1001.9863657479011,0.0
1272.7702544031777,0.0
608.233794242713,0.0
2160.5337410217635,0.0
1376.2871915371854,0.0
1111.8041108194802,0.0
1658.9079109154738,0.0
1409.6911863009007,0.0
1523.8148837677504,0.0
1968.2700763947369,0.0
1666.4511858182227,0.0
1445.1650612280112,0.0
1625.2699569701772,0.0
715.3724125724317,0.0
1441.1253945477677,0.0
1718.895849578994,0.0
1062.8906113535586,0.0
2488.5581598653366,0.0
1601.0759069215203,0.0
1324.08910817976,0.0
1567.3258297375728,0.0
1294.8075934799049,0.0
1489.610717278752,0.0
1600.2966969747174,0.0
1944.2661458648104,0.0
889.0037094895365,0.0
1380.8246556476115,0.0
2285.853703018835,0.0
1394.95228925014,0.0
2578.739671153231,0.0
2674.2353943945136,0.0
1380.588542004107,0.0
567.0093556986574,0.0
2224.8449786770125,0.0
2832.7156201347184,0.0
959.4293116958266,0.0
1780.499781586786,0.0
2589.7298198034964,0.0
1405.0235144558342,0.0
1947.1800685212274,0.0
2626.7003062455287,0.0
2219.2702377112887,0.0
2237.7568876289542,0.0
2498.5581497718113,0.0
1803.8553244232662,0.0
1232.1579531612863,0.0
3159.9559729690204,0.0
1861.0816526593846,0.0
2387.7745114299796,0.0
2794.3364341944944,0.0
2109.4896990815846,0.0
2192.41703303259,0.0
1548.5755730699389,0.0
2637.835749336018,0.0
3569.7090481359583,0.0
1850.0522317681566,0.0
1398.9169368120627,0.0
2509.8350663147007,0.0
1792.5613187399404,0.0
2138.0963318860154,0.0
2350.2504987417806,0.0
2247.4302430298144,0.0
2428.429545736562,0.0
2117.63616889407,0.0
2829.9912694228406,0.0
1737.5623571443014,0.0
1852.5710441064289,0.0
2294.954116124183,0.0
1383.5504487050825,0.0
1651.4347394024376,0.0
1689.5395918453246,0.0
1692.505221981627,0.0
2803.902550575088,0.0
2049.137632075294,0.0
3609.462458816491,0.0
1671.995763348025,0.0
1536.8580995393704,0.0
3039.5923909517414,0.0
1325.6057043509968,0.0
2492.720730215469,0.0
375.4721385788969,0.0
1222.325505429015,0.0
2140.486489119083,0.0
2724.9529813562317,0.0
1922.0613909137758,0.0
1209.3130258096617,0.0
1523.5078991156652,0.0
1929.4132590990203,0.0
1915.4725708951503,0.0
2168.8446564081773,0.0
819.5167675358143,0.0
1977.6906291285743,0.0
2249.0328304654513,0.0
3150.0106717103863,0.0
1322.2801784520761,0.0
1675.6742389712676,0.0
1233.965376289551,0.0
726.0507824434204,0.0
-257.67407502336823,0.0
1154.3854379987583,0.0
2326.299070306898,0.0
1060.670666124592,0.0
-17.389983934878728,0.0
1226.7108550946743,0.0
943.6087244527716,0.0
839.1783171112816,0.0
1915.6554058211962,0.0
1348.2491849089054,0.0
2101.847635309549,0.0
190.1035112341719,0.0
1010.5132715980985,0.0
115.12568248763864,0.0
1676.5994582057667,0.0
314.4832001087775,0.0
1237.978988570108,0.0
813.5742080036728,0.0
941.1033499716386,0.0
225.9833061705831,0.0
963.8288737419117,0.0
-639.0203876536632,0.0
-361.9227352674783,0.0
305.9099870693305,0.0
1105.6770164897387,0.0
973.4851006234522,0.0
-73.97974748697754,0.0
488.71946976586776,0.0
1535.5706354233052,0.0
317.5402317971276,0.0
-299.801378938439,0.0
-769.9356346489042,0.0
170.2471764715715,0.0
1063.9131401488298,0.0
119.74502104130372,0.0
-267.6747716383722,0.0
-932.8818401246659,0.0
-669.5800006873844,0.0
333.84447417384615,0.0
-25.882388437832674,0.0
-51.01261349846996,0.0
-913.6309171452754,0.0
90.54304560888045,0.0
142.3863197730949,0.0
778.3009445429764,0.0
194.05606122971534,0.0
-420.4100514111801,0.0
-23.19043385504554,0.0
137.6996630738814,0.0
-364.6012805842766,0.0
-1087.1966464332609,0.0
172.5977409462115,0.0
803.7066861173134,0.0
-102.99236437205141,0.0
533.2622680524217,0.0
-686.684004969216,0.0
-676.5936730828271,0.0
-536.2612092631989,0.0
-564.7605543629251,0.0
88.38789350322509,0.0
311.51448982134195,0.0
-1758.323373172356,0.0
-118.56392628823676,0.0
-449.30964176497594,0.0
538.2946442241711,0.0
-976.8512718071565,0.0
-399.2040905806466,0.0
334.4727532335706,0.0
281.18119206200396,0.0
124.46414554450939,0.0
-618.1247952286791,0.0
-1014.6423971545298,0.0
-145.53674287198157,0.0
-1178.9799708103747,0.0
-312.560648098784,0.0
250.72954479801086,0.0
1311.593224401902,1.0
-1066.7890850684194,0.0
-776.6164790619737,0.0
-798.8267465998904,0.0
-16.153172737036527,0.0
-693.9325680633478,0.0
-757.032094538845,0.0
-1584.0669326053508,0.0
-1333.4799847560319,0.0
-880.9338454569246,0.0
-1132.2321462846253,0.0
-586.923628786969,0.0
-1108.912815266647,0.0
-302.1716006524449,0.0
-600.4288960517247,0.0
-74.21358122267603,0.0
-458.9922561564254,0.0
61.356497993640176,0.0
-832.8016831044027,0.0
-953.0536651594805,0.0
-753.0981048915469,0.0
194.54234314175434,0.0
115.96308484650132,0.0
445.35644064655935,0.0
116.82536288615556,0.0
-133.9031346384342,0.0
699.4221994449936,0.0
96.79091926897507,0.0
-84.47189586313414,0.0
500.61174697248475,0.0
-345.7156330583032,0.0
-586.7725348280744,0.0
-122.41335593109144,0.0
-440.8740492127,0.0
152.12162313135602,0.0
33.093398936267135,0.0
166.50280351700425,0.0
138.04908629596002,0.0
444.7102448847374,0.0
647.3831495522088,0.0
106.0368924157119,0.0
593.1368165277057,0.0
1412.4863830674358,0.0
-178.51990057717137,0.0
400.8443718617798,0.0
1140.667568831725,0.0
756.525220849484,0.0
1250.8650085636698,0.0
347.0430553158405,0.0
1501.7780558139275,0.0
460.5494717004709,0.0
1243.5760516541116,0.0
1140.347560234603,0.0
1591.622683913703,0.0
936.3346298258894,0.0
773.0175979193559,0.0
138.10478350216624,0.0
1457.539159548429,0.0
1459.2487417816337,0.0
1422.772738907576,0.0
1803.8905470992006,0.0
1509.6897009932227,0.0
1356.1227232190638,0.0
1760.8008464296545,0.0
1124.5152885745135,0.0
1771.546845811964,0.0
1148.800858701846,0.0
1478.1920589829951,0.0
1408.9801975001112,0.0
762.9800674057045,0.0
1460.28792161008,0.0
1176.9001354962172,0.0
1789.0425245373349,0.0
1002.1776291008687,0.0
1360.899644209171,0.0
3716.6504905255674,0.0
1820.0282376553682,0.0
1807.8891793343148,0.0
2202.0263326503436,0.0
1629.3100691147338,0.0
1834.2682292212867,0.0
1479.4775886829202,0.0
1281.6638376496917,0.0
2694.0102266434537,0.0
2232.276415219841,0.0
3004.1853564780677,0.0
2182.5776763289223,0.0
2747.7733491356485,0.0
2177.6370134173667,0.0
3655.8999970008767,0.0
2919.0373720545545,0.0
2982.7850525424756,0.0
2224.1518994274174,0.0
1306.0101814313175,0.0
2102.3144016138017,0.0
2702.0192741385536,0.0
2504.723852822483,0.0
1944.9819203411876,0.0
1832.679339686571,0.0
1809.3779061200253,0.0
2320.104834229269,0.0
2724.769876556461,0.0
2674.370941568767,0.0
2568.94516715187,0.0
2230.0805088442635,0.0
2240.925076688877,0.0
2284.036066846088,0.0
2848.0778772763138,0.0
2776.025756396191,0.0
2588.9276321691195,0.0
2401.6953075184756,0.0
2403.233211560854,0.0
2850.2464976894344,0.0
3240.707357810864,0.0
987.941547150275,0.0
2374.4009867614236,0.0
2775.2549040520616,0.0
2741.383549873351,0.0
1254.5300513189566,0.0
1220.071761940856,0.0
1888.1610535022708,0.0
2477.4160408592616,0.0
1728.9866286838826,0.0
2810.398405610004,0.0
2612.3522783680924,0.0
2450.903498486043,0.0
3100.4524129599868,0.0
1631.61245842507,0.0
2337.37745769763,0.0
1198.553281033241,0.0
2884.2760543941245,0.0
2870.5937607788674,0.0
2187.6963630107375,0.0
1492.6278649462079,0.0
2327.583468091153,0.0
2412.456523614956,0.0
1595.7502616344132,0.0
2133.6795389198965,0.0
2389.8343060006837,0.0
1535.041038499198,0.0
1718.8865377534423,0.0
2797.677008508831,0.0
2476.8212184754743,0.0
2669.25749295823,0.0
2251.078069144589,0.0
1731.5081313320254,0.0
1876.8004416789663,0.0
1641.0597068645966,0.0
1768.0339583860818,0.0
1893.2138879579998,0.0
2400.9826190512204,0.0
2194.3774333881097,0.0
2857.816497233211,0.0
1166.1075303115476,0.0
1606.2249326779236,0.0
1749.1174546934965,0.0
551.9053220759065,0.0
755.105605568483,0.0
1417.1675833452919,0.0
1390.1855500447455,0.0
2138.9845626354618,0.0
1633.7518252766768,0.0
1212.0317093802996,0.0
894.5042933122043,0.0
1253.0287190475437,0.0
2443.7054771424537,0.0
1430.0179458964003,0.0
461.1991036871981,0.0
1519.3664854856072,0.0
1591.210236611292,0.0
1636.2386095992597,0.0
558.6367899167258,0.0
984.7946457471148,0.0
1262.8622908243242,0.0
499.98270171347895,0.0
754.0258924580104,0.0
729.3338858583794,0.0
1067.9229896202798,0.0
831.7405263549289,0.0
162.16314450633706,0.0
745.4035871060298,0.0
1833.0246814860434,0.0
524.9173269682705,0.0
-581.7933625837932,0.0
1047.7494931565197,0.0
582.3063275283964,0.0
643.7447239263264,0.0
947.1167566946319,0.0
270.64088722290694,0.0
15.243496236689452,0.0
100.99742454422164,0.0
546.2143490094203,0.0
254.6065154659205,0.0
423.9107068850601,0.0
1339.3537559814347,0.0
532.7421762353315,0.0
780.5113349921761,0.0
1640.6118272963422,0.0
399.7885041236066,0.0
-92.87513994065405,0.0
14.480773399995968,0.0
163.2375574201422,0.0
644.447410544283,0.0
931.1307946088732,0.0
137.66947442370042,0.0
-402.0805340895888,0.0
463.78913785222045,0.0
963.8907263221824,0.0
-539.8913992032831,0.0
1039.2683443911642,0.0
50.733533174611665,0.0
-46.50625410236054,0.0
-158.11733644205677,0.0
-646.2523930485531,0.0
-570.7626149739126,0.0
479.61496729767725,0.0
-783.0399535101076,0.0
-387.7321475049983,0.0
-84.81777804396403,0.0
-730.8599784552441,0.0
-364.5504793123507,0.0
-1206.9774349379923,0.0
210.203442598642,0.0
-54.27124374832596,0.0
-1044.7381281450773,0.0
448.0757686767612,0.0
-1081.7886619053425,0.0
-1270.5121720342804,0.0
-1269.1363844736727,0.0
-176.1125765890319,0.0
-1596.409503354944,0.0
-113.32115390484981,0.0
-393.51699697786194,0.0
181.38942196500568,0.0
-904.5512229667286,0.0
196.81001864735663,0.0
-577.7901976614552,0.0
480.52658419196644,0.0
-942.139208079911,0.0
-258.69340723160815,0.0
-662.5421991081056,0.0
-111.71408775248258,0.0
1123.6462535381884,0.0
-430.57376324692046,0.0
-251.897578256633,0.0
129.607724973267,0.0
-122.76457787441038,0.0
-1168.5478866807978,0.0
315.03989630819865,0.0
-1057.7168650055066,0.0
-923.3621902509113,0.0
113.20917979458707,0.0
-793.4099179445013,0.0
-87.72644506019512,0.0
477.07047038775505,0.0
156.228712096454,0.0
-601.061687548005,0.0
-241.09975128570113,0.0
1101.458288266388,0.0
269.9206802670217,0.0
829.3320618597617,0.0
865.392770869852,0.0
-660.3792336523364,0.0
692.6720024041048,0.0
-475.4766045304882,0.0
550.1782680294144,0.0
474.685999831457,0.0
102.38986633830878,0.0
-304.4465966934126,0.0
217.70723029310057,0.0
214.90193485890114,0.0
118.60450919657598,0.0
220.41438203406562,0.0
924.1852279865653,0.0
316.06226779054714,0.0
-468.5772604152292,0.0
524.7105583395185,0.0
1317.7078396953493,0.0
156.28229421946128,0.0
284.7276793617224,0.0
36.15160537892973,0.0
1947.4407211136568,0.0
512.9343912104573,0.0
1370.2149339495077,0.0
1150.5154711064806,0.0
707.8471867042963,0.0
1004.2256672712068,0.0
2393.715775010036,0.0
1952.9504834680388,0.0
1317.745138172092,0.0
815.4320299556002,0.0
2083.6541943335505,0.0
1963.396403658796,0.0
1393.8827759726034,0.0
1519.5258803227835,0.0
1316.6072109053944,0.0
1618.0303269805959,0.0
1476.7049829173088,0.0
1253.2104059461915,0.0
700.3217372785161,0.0
1797.826248360113,0.0
1456.1030067751904,0.0
775.0722491964875,0.0
1801.5362814827024,0.0
1820.4331001059923,0.0
2088.2461138674144,0.0
2216.4132025350373,0.0
1187.4621569246376,0.0
2796.21240845225,0.0
1775.23433471748,0.0
1386.4169209661786,0.0
1637.0093836527205,0.0
2575.217991895678,0.0
2370.3691368044897,0.0
1730.0239318552976,0.0
2337.2691865363186,0.0
2108.6807343130545,0.0
1407.7548989980796,0.0
1885.652089366537,0.0
2514.7970899655666,0.0
2282.712891493799,0.0
2632.6696590204747,0.0
2526.263025526713,0.0
2523.6509169904543,0.0
2711.75601597992,0.0
1600.9467230852179,0.0
2804.440283311168,0.0
1668.6447318102037,0.0
2587.6777097517074,0.0
2483.836409748387,0.0
2415.5166955587174,0.0
2761.7938194615485,0.0
2062.2548494597645,0.0
3207.001860458973,0.0
3037.116590814884,0.0
3240.8979775007097,0.0
2871.4422867724747,0.0
2269.5447285738037,0.0
1766.8700563828716,0.0
1827.1408416572353,0.0
2709.3608074068343,0.0
1021.1941768845791,0.0
3536.3575824810205,0.0
2829.6184354528227,0.0
2192.370626483211,0.0
2262.52634705737,0.0
1477.329118193798,0.0
2558.023024767888,0.0
3238.700054636729,0.0
2970.409821844227,0.0
1771.4866905516055,0.0
2922.5757676272433,0.0
2659.9972133584756,0.0
2814.5291560435753,0.0
2594.6116929797763,0.0
2745.827725509904,0.0
3315.703422065579,0.0
3372.065935559387,0.0
3198.7687478263256,0.0
2602.6188061958223,0.0
2689.301297431445,0.0
2864.9602602340597,0.0
2650.1587932000903,0.0
2239.169977779086,0.0
3472.719801975407,0.0
3794.379417004394,0.0
2536.362531927283,0.0
2224.08903689671,0.0
2303.8696319942464,0.0
1758.6954848227708,0.0
1691.9477994442486,0.0
2515.228293235675,0.0
2274.178895372106,0.0
2969.2251989274037,0.0
3768.710245022657,0.0
2427.188987844127,0.0
2610.875444511328,0.0
2562.2292623499898,0.0
2629.08122117942,0.0
3319.059277208221,0.0
2147.2087668095687,0.0
3019.43579431523,0.0
1866.098860682035,0.0
1721.2296300579135,0.0
2140.8642839570293,0.0
2588.625221512749,0.0
1576.5074368715304,0.0
2425.9396929124164,0.0
1669.9453274957593,0.0
2467.015769374992,0.0
2311.5434634921003,0.0
2772.489401240632,0.0
1380.020951659402,0.0
1443.0574644069552,0.0
1892.1149058708509,0.0
2439.372671181673,0.0
2190.9718020661994,0.0
1291.4704721099624,0.0
1274.5084337941787,0.0
1086.3160653697073,0.0
2722.544385526196,0.0
2465.2764482340094,0.0
1874.716187781007,0.0
278.2056716243319,0.0
1676.6742510447943,0.0
1246.4022765498298,0.0
2023.0145413193154,0.0
596.4953693110958,0.0
2310.9365401470877,0.0
1490.0922029986643,0.0
1381.9767417792766,0.0
908.5518526565785,0.0
2279.8134172397954,0.0
1159.4300207132264,0.0
1126.8690019219487,0.0
1041.8383026291901,0.0
1048.2475781437847,0.0
1047.4895450788144,0.0
1353.5934300245312,0.0
1601.5477232334624,0.0
1273.8485976488641,0.0
545.3738312982622,0.0
934.5502599546708,0.0
1328.5568137109412,0.0
697.3816450016586,0.0
498.7661879361325,0.0
1535.028821181717,0.0
887.3268590002369,0.0
560.7364633135448,0.0
958.0887107068199,0.0
883.3188445000338,0.0
1022.5473268733786,0.0
548.6681933013401,0.0
1719.8081311829576,0.0
-356.4479293280859,0.0
331.9015938585333,0.0
630.6698173439862,0.0
-150.83335933109032,0.0
-151.53518586369205,0.0
-43.94241732318656,0.0
304.20765167164643,0.0
185.90159175369973,0.0
621.9499367895536,0.0
696.6809835892948,0.0
62.298447340336,0.0
270.67053358433975,0.0
401.6879603167294,0.0
-1226.970378949244,0.0
-22.033470362145763,0.0
-867.3596254302577,0.0
-167.7804112476984,0.0
-169.64091736441566,0.0
838.652554949766,0.0
-485.5878714300542,0.0
-466.4659589723741,0.0
371.2511448925219,0.0
-277.9264354751332,0.0
-1024.836127894863,0.0
680.1646105632509,0.0
480.7506828220267,0.0
-109.34997304677562,0.0
-1134.3509280258984,0.0
-491.0257840608242,0.0
-766.7308815050169,0.0
599.1476418735684,0.0
-414.6278917199115,0.0
167.5552913076745,0.0
380.5347411676913,0.0
-161.7747876841608,0.0
-172.3174527377349,0.0
430.3805224116828,0.0
647.6429541205788,0.0
-987.667706195319,0.0
270.804283369793,0.0
-1462.4057670738198,0.0
-434.9111273061241,0.0
296.573163418902,0.0
-959.0614882468441,0.0
457.51473051327014,0.0
1274.1116978392542,0.0
10.421166619686971,0.0
-757.3263636558979,0.0
911.6482814246605,0.0
-273.7138742726818,0.0
-635.9979708647815,0.0
-374.4123415520241,0.0
-250.539768420722,0.0
-400.43248807385976,0.0
871.0684576309611,0.0
-507.90130753094854,0.0
-887.0192069032051,0.0
-576.6282999594702,0.0
-76.8446899637203,0.0
948.6410516415821,0.0
-673.8704336864248,0.0
407.2476745733304,0.0
601.2384939476319,0.0
-95.01843617266417,0.0
102.7394700053562,0.0
160.84401641724753,0.0
709.994891310527,0.0
1.1316378223376091,0.0
1209.9307303742562,0.0
-650.5535689078904,0.0
1138.0928247703741,0.0
1108.4615411935006,0.0
721.1565265248363,0.0
719.2972081120953,0.0
1313.592780254281,0.0
117.17259636823132,0.0
446.82897487659085,0.0
179.5760151174,0.0
751.6310520889326,0.0
404.7043861367264,0.0
247.4241118453125,0.0
921.671871194148,0.0
790.8467905400838,0.0
1285.9035925785774,0.0
1861.3008979940298,0.0
-82.30243465545095,0.0
901.0731143118969,0.0
1063.7908889894334,0.0
1869.8091747979297,0.0
645.1039101120343,0.0
1367.144643174928,0.0
1785.7730150433702,0.0
978.9123317134596,0.0
1292.3658245052127,0.0
