980.1248551056549,0.0
-359.77597141208173,0.0
2889.4963317632846,0.0
615.3708216226746,0.0
600.7897504226028,0.0
1031.2643532654834,0.0
-764.7999211982409,0.0
-118.1286828425944,0.0
764.5354483823875,0.0
1521.586540935569,0.0
69.37543869956812,0.0
255.24607994656427,0.0
21.664447431637313,0.0
1321.0437417301564,0.0
-589.167882127963,0.0
249.92677920099266,0.0
2219.9855071819766,0.0
2343.238302771339,0.0
98.34533440970267,0.0
1222.1308293347117,0.0
332.4385296378525,0.0
760.5787234409439,0.0
666.6298324468036,0.0
1402.229715381558,0.0
2252.3156758550917,0.0
2293.3051296117033,0.0
2020.7186856923825,0.0
833.157943423812,0.0
882.3879008780245,0.0
1422.198106491325,0.0
2071.2777484598255,0.0
692.0724811632247,0.0
1280.9137563682928,0.0
1088.5464311711926,0.0
1766.722986228366,0.0
2212.0547979306357,0.0
2072.272094222733,0.0
2364.082860820433,0.0
1890.8991227980632,0.0
2573.1144498797084,0.0
1880.8851041397547,0.0
1130.5210627668032,0.0
1113.3450474267684,0.0
1111.3461844611888,0.0
832.4697028007565,0.0
1715.761913199835,0.0
1296.401544303515,0.0
1964.0110095386958,0.0
1034.1378848259458,0.0
679.7171579515117,0.0
2161.8971022679807,0.0
762.9898780253225,0.0
698.108987233866,0.0
-354.92735668032105,0.0
22.98711538630988,0.0
1595.9425429844832,0.0
608.6318486841268,0.0
2216.1396613146976,0.0
-209.88329089358308,0.0
-289.4323354747946,0.0
-82.04523118649314,0.0
892.2290911758826,0.0
-666.8764982636586,0.0
-853.8086128929806,0.0
-46.4304522005844,0.0
-97.81281689574314,0.0
68.68223293989979,0.0
-247.11094670146974,0.0
-2779.831878259107,0.0
232.38681921030997,0.0
-2159.8890538985142,0.0
853.4413035613813,0.0
615.4794002698657,0.0
-1135.8784795842248,0.0
-1456.637383164829,0.0
-1500.1040176570034,0.0
-29.928214092895587,0.0
-1125.9832390277854,0.0
-1882.0437504440824,0.0
-1857.5152234478985,0.0
432.0846689221087,0.0
-138.8035746282177,0.0
-45.17929481219221,0.0
-506.37052743739184,0.0
-411.2331503666402,0.0
-384.84518865627183,0.0
-1262.3285262600343,0.0
-1438.5676454642576,0.0
-1191.5023021102782,0.0
-1433.4424866082022,0.0
484.7585303917712,0.0
-1951.915811699361,0.0
-1156.7099253889664,0.0
-2089.312022378071,0.0
-1285.828442369027,0.0
-288.0889761294263,0.0
-1516.8086933367504,0.0
-697.0974701763746,0.0
-393.4879706252622,0.0
13.888999248482946,0.0
208.89004726238977,0.0
-1017.1911475073618,0.0
-2558.7950652162845,0.0
-129.0400166711363,0.0
-742.1712078378387,0.0
570.3770148541099,0.0
-1858.7747684502929,0.0
2489.9591097962475,0.0
-1696.9742597545826,0.0
1094.0004463329701,0.0
-411.2589617523994,0.0
-1065.5860208453107,0.0
605.7652077868813,0.0
-270.06728447373746,0.0
-2778.7108222846246,0.0
-403.1421358285164,0.0
57.28648998175612,0.0
2361.8380648152433,0.0
-707.3962946238356,0.0
470.3613449169593,0.0
1697.9461427082779,0.0
1192.9853749621552,0.0
-178.13407470246872,0.0
-883.7862425216422,0.0
-1266.5789236698724,0.0
970.6787730131878,0.0
1332.7414504415274,0.0
-807.5376314277353,0.0
-962.0386662600827,0.0
1413.8079123041782,0.0
1575.0061214353516,0.0
401.83035388619794,0.0
1362.5184658549629,0.0
234.40649874171936,0.0
2579.7341237950277,0.0
2473.6157825611135,0.0
2767.931644940714,0.0
1761.481444776549,0.0
1876.9994028976612,0.0
2516.5997435288577,0.0
3568.389064005718,0.0
3046.443233923435,0.0
2670.534158588956,0.0
735.6544454908309,0.0
-46.65813128404238,0.0
2232.132775561875,0.0
1237.9163015562374,0.0
1595.9423418441227,0.0
1311.7674209965276,0.0
177.89076217074057,0.0
3764.648341882796,0.0
1635.726608583548,0.0
871.5888872224999,0.0
3279.063652567339,0.0
2490.3136120909817,0.0
2116.9943198349038,0.0
3284.372293573927,0.0
1972.4260102449564,0.0
580.6673283420896,0.0
1513.5426152171033,0.0
1208.5046306333747,0.0
1820.6219359660565,0.0
2964.2912559820206,0.0
2572.3550517502845,0.0
1305.186652346906,0.0
2069.2108073077516,0.0
620.6194122457221,0.0
2124.6217358740446,0.0
773.4543165047388,0.0
-308.08850625497485,0.0
2389.6154728931797,0.0
-44.49968625613917,0.0
2049.262476438358,0.0
962.5616820383366,0.0
757.9976547094986,0.0
1098.5511855045293,0.0
-111.20399113048981,0.0
-1577.7519214104973,0.0
1303.5896212270354,0.0
-915.4521491173532,0.0
1168.6319984066859,0.0
-452.81838586041266,0.0
-169.28643439130886,0.0
432.90500594302034,0.0
-551.2779505117096,0.0
-160.012491497553,0.0
453.0024929941302,0.0
-802.2539647523727,0.0
-1346.9962919933805,0.0
-193.5363668698251,0.0
-64.3044504598086,0.0
742.8657055480467,0.0
1299.0852219164585,0.0
-510.0423328422592,0.0
-883.3812233894803,0.0
1112.35441361327,0.0
-1036.55128523153,0.0
-792.3801981061937,0.0
-21.260452686956796,0.0
-351.5801017125739,0.0
-741.3764091401852,0.0
-2123.545179670637,0.0
-653.5428156699401,0.0
-1933.6119597687352,0.0
-214.65160216006188,0.0
2.5127307434501738,0.0
-122.95625936672752,0.0
-189.572145490158,0.0
-1100.376486637967,0.0
848.3624394906121,0.0
-1187.4656050612778,0.0
-1855.4117909631177,0.0
-1726.0268593768265,0.0
-328.6379139401917,0.0
-241.20136420238453,0.0
-440.95372286510025,0.0
-2233.8945764125233,0.0
783.1861741546618,0.0
-635.9206140451026,0.0
-2150.945277092769,0.0
156.13826360694134,0.0
-1304.3167946558692,0.0
-365.0884603037055,0.0
827.588235544588,0.0
178.0909185414842,0.0
-853.2363904317577,0.0
-437.7387634315306,0.0
-655.966082023702,0.0
986.708268168079,0.0
1666.2424255610235,0.0
-781.3681760767843,0.0
-534.0706856820905,0.0
190.34231129683073,0.0
1898.8405029484695,0.0
50.44857516776511,0.0
728.1695016992305,0.0
-84.6045309003839,0.0
1497.698980492953,0.0
-787.2075340426202,0.0
-272.51544754452107,0.0
901.2107105946773,0.0
619.0329387697109,0.0
1940.9769703620668,0.0
556.369019215889,0.0
-351.60831362350086,0.0
311.6718711555359,0.0
589.7935655735648,0.0
814.3997985847575,0.0
912.497719465458,0.0
2007.6788144220814,0.0
807.4774767268545,0.0
2809.631507489202,0.0
2600.715304457738,0.0
3513.402953619619,0.0
3435.328737855746,0.0
2586.9197588754632,0.0
1808.1770295210868,0.0
3488.527473172896,0.0
845.0664861052007,0.0
2119.15194460426,0.0
3040.2036595431437,0.0
2165.022695408407,0.0
2261.460599553496,0.0
2187.0647180401625,0.0
2070.678095548764,0.0
3872.0661107188776,0.0
1950.598055592936,0.0
2985.430766541901,0.0
1356.2070160821916,0.0
2278.6882293597746,0.0
2897.4591111946784,0.0
3402.2329295304794,0.0
840.9230136769618,0.0
1098.5998703359196,0.0
3237.2102514423423,0.0
1318.661594453186,0.0
2702.1154088968055,0.0
2288.636797266912,0.0
2725.776928493603,0.0
505.3128710623158,0.0
2401.2279966466185,0.0
-416.78696415055106,0.0
2066.2726110217145,0.0
2931.2398120468088,0.0
576.7518670699233,0.0
3483.612367454951,0.0
867.7606064207581,0.0
858.5833152457784,0.0
-915.546333505381,0.0
2217.22672719409,0.0
865.7202633183276,0.0
1560.6494042021004,0.0
-771.3434163551037,0.0
156.80968145155214,0.0
2070.3712506158936,0.0
793.7102011420984,0.0
1351.5575900602976,0.0
864.6595261520004,0.0
1241.7970385829194,0.0
247.49482389475867,0.0
933.4419477792719,0.0
3486.1018753935514,0.0
1368.1238237957423,0.0
1778.1719404692608,0.0
-185.60468146061172,0.0
579.3221266770247,0.0
1219.1539579893038,0.0
-1259.8852380400572,0.0
-1196.765756274597,0.0
1682.6523253347311,0.0
-370.38627838468,0.0
-309.84874620251105,0.0
-121.91195977374662,0.0
958.0161241431937,0.0
677.9892807200763,0.0
316.2488430927731,0.0
1382.36695632873,0.0
176.8630138487745,0.0
-1291.4556333360733,0.0
-1527.655237322803,0.0
-261.42072830441543,0.0
-940.7683285446433,0.0
-935.5873775970805,0.0
-471.35093388081873,0.0
-2724.020468341068,0.0
-327.095273755719,0.0
907.8462383077192,0.0
-23.431805838780576,0.0
-1577.5807856762005,0.0
-792.0507583286505,0.0
1175.4425361697295,0.0
-134.12966630959207,0.0
-598.4023769082672,0.0
1455.1688249801648,0.0
-940.5976321165017,0.0
616.4049109735583,0.0
-157.5847822732502,0.0
-23.953108508775337,0.0
-967.9884883830639,0.0
-1263.472975791337,0.0
862.4571936047312,0.0
-517.31393204879,0.0
426.0670787982389,0.0
-798.5951704084753,0.0
-2.914160308527414,0.0
986.7129210560988,0.0
-975.4803688506568,0.0
1597.7706374167615,0.0
480.07038581044117,0.0
1240.5330311119053,0.0
-124.27531432758815,0.0
2187.5799290366012,0.0
3105.398696111319,0.0
448.1429816371908,0.0
497.614981040378,0.0
1777.4189109122713,0.0
1263.130202807861,0.0
1440.3786090951417,0.0
1144.678891184755,0.0
409.9906420047124,0.0
2192.5460958899757,0.0
1344.306473224181,0.0
1142.9783998133332,0.0
2897.2782524938425,0.0
1720.0931659763776,0.0
3362.696344482649,0.0
1745.9344765883116,0.0
576.4202054627948,0.0
1304.5418380891306,0.0
2860.3687526420085,0.0
731.7473808323365,0.0
1155.6582040679912,0.0
3383.689770156344,0.0
1082.0133832308206,0.0
4113.3171611516655,0.0
2720.3929047604424,0.0
2110.6822479876096,0.0
3364.6725980905426,0.0
1899.65430136045,0.0
1283.762648925933,0.0
2530.584815242425,0.0
3196.5185895599498,0.0
2775.356819759545,0.0
2837.2262563796567,0.0
4392.132707231858,0.0
3035.6650708979587,0.0
3347.970435548446,0.0
3644.1931118768407,0.0
1233.0224445480658,0.0
2763.1511527012603,0.0
5488.695827784813,0.0
1294.3492207414183,0.0
3637.727938372019,0.0
2247.4018145375826,0.0
1401.9530824641838,0.0
1675.1452741414216,0.0
3174.2285614766038,0.0
1648.1291058939046,0.0
3126.520175882079,0.0
3243.506381579713,0.0
1233.7957473286388,0.0
1833.222557320278,0.0
2860.9941961671684,0.0
1835.3220881559466,0.0
3324.6691804104303,0.0
721.1207978676216,0.0
1209.4832691684203,0.0
1534.4673212060661,0.0
2101.671175842808,0.0
1925.2648664876526,0.0
1362.3934700072307,0.0
575.2714967417611,0.0
683.8519375575625,0.0
-167.0299992217142,0.0
1765.7941271323998,0.0
802.9420577124769,0.0
3034.5053457678687,0.0
1795.6637435437137,0.0
1238.7216497084785,0.0
436.2549416404329,0.0
2571.707558074301,0.0
-962.5348667510057,0.0
1191.0058910557668,0.0
2066.6831864993965,0.0
615.8397463271625,0.0
-217.893329917509,0.0
786.4381202784081,0.0
2203.5177694582735,0.0
716.7877173061281,0.0
1134.0346222044063,0.0
-979.2919227508842,0.0
-637.8685289690973,0.0
-478.72086914450244,0.0
-1065.720411610274,0.0
75.87040819362838,0.0
1363.3300340590572,0.0
63.12974645238421,0.0
688.6970853636026,0.0
-1861.3995697110572,0.0
-346.1697587343404,0.0
1036.113168194963,0.0
-572.7398096456626,0.0
484.34623923460765,0.0
1466.74242978611,0.0
812.5206218384906,0.0
378.0636878988736,0.0
-1417.0469822561763,0.0
-1168.7711078234354,0.0
-358.23689728674844,0.0
-208.49484556090715,0.0
766.2911187942018,0.0
-424.5976906985895,0.0
1186.1525639104502,0.0
-805.4218813861429,0.0
-468.9120267063877,0.0
-1605.766416192023,0.0
616.5742801699242,0.0
-558.6162457411695,0.0
-738.8069373410237,0.0
475.0966298258515,0.0
1183.8515333425564,0.0
1109.283618977928,0.0
482.77006621274916,0.0
250.19539068628137,0.0
1278.4895833451324,0.0
593.0523801717737,0.0
1914.481237938964,0.0
-901.3801107830453,0.0
1488.57905929267,0.0
1034.032271649446,0.0
1787.2643587642642,0.0
926.5729864120912,0.0
2436.97650633798,0.0
400.72785932381544,0.0
2984.487236635725,0.0
2525.13724824596,0.0
581.7683515110688,0.0
4166.149661621387,0.0
487.0247181543159,0.0
1330.3115798334802,0.0
1050.7059865004173,0.0
2425.7891086875047,0.0
2458.2736438674046,0.0
2540.6499045770806,0.0
3231.3649323951413,0.0
2633.6600152053275,0.0
1617.5588144278322,0.0
2988.2208393000074,0.0
2567.0920187911065,0.0
1671.7355810745703,0.0
3093.7459157328385,0.0
404.7914435899522,0.0
1969.8217309596935,0.0
1303.1924399300337,0.0
3642.5946741365387,0.0
1263.3771584060942,0.0
2560.607469679723,0.0
3108.370118185317,0.0
3779.193278968009,0.0
3311.6449709506896,0.0
3555.1328436359195,0.0
3579.405891202073,0.0
4472.617061735265,0.0
2079.5227545276703,0.0
3027.797645731212,0.0
1615.9008999144805,0.0
3106.407666981716,0.0
5239.131691777622,0.0
2864.9619277481706,0.0
1637.103862012873,0.0
2664.268066885684,0.0
4266.728364735534,0.0
4343.569620790472,0.0
1830.035611496294,0.0
2859.4012713759184,0.0
2400.0774321779177,0.0
2875.8124212751045,0.0
1541.381255282466,0.0
2972.559950975768,0.0
2197.8623778014903,0.0
2165.696065563482,0.0
1796.0150911585727,0.0
1461.670072330784,0.0
2639.611257914449,0.0
1579.2334970498225,0.0
2300.409166332433,0.0
2712.8238739646104,0.0
2581.820727662003,0.0
896.424157009243,0.0
2592.8331417114277,0.0
651.9560696046767,0.0
2405.3047757078666,0.0
1856.4190570744784,0.0
3123.22384754821,0.0
2112.999575974708,0.0
2860.0111307011225,0.0
83.93986062415942,0.0
521.9524592954333,0.0
2695.41393601311,0.0
1494.9652713734506,0.0
732.4325295634592,0.0
1506.7706184744666,0.0
-193.772714691088,0.0
13.060352797755058,0.0
1207.8234847694287,0.0
1019.7804261024004,0.0
1140.7174204833984,0.0
1933.693056799114,0.0
2260.022236642764,0.0
127.41435338941221,0.0
320.2548706341797,0.0
-1413.6224533115615,0.0
-38.125093739075794,0.0
304.5565099274421,0.0
663.2280239684547,0.0
286.41619683763867,0.0
57.40610127136324,0.0
251.5203129989656,0.0
-982.1334289598482,0.0
1710.5639700250333,0.0
234.55306873635556,0.0
1260.3823878860057,0.0
223.27124676808785,0.0
1013.6520131487792,0.0
832.9771933478132,0.0
-80.33435107581258,0.0
-903.5525257457031,0.0
2303.126890924447,0.0
-183.31316860767907,0.0
1139.009790835134,0.0
320.91866359184087,0.0
-412.4167866727711,0.0
1236.7801628384998,0.0
968.1849601225686,0.0
660.1923827194335,0.0
-1869.2999113508845,0.0
331.0775677844708,0.0
2047.002242317495,0.0
784.5739940454134,0.0
430.8519877386235,0.0
1876.6623335805407,0.0
987.8343185949848,0.0
1406.2321313347175,0.0
1931.9302030424262,0.0
1834.6804107317287,0.0
-329.7880583967358,0.0
2025.2239443543253,0.0
760.9766964292182,0.0
-871.6095965646025,0.0
2250.8207557625815,0.0
-624.0008539428367,0.0
1185.0183377833396,0.0
-453.4088372206295,0.0
606.4671018361004,0.0
1738.466065828176,0.0
1370.7286763813192,0.0
2410.3414173788296,0.0
1609.6665720101043,0.0
2331.4072244243707,0.0
4014.409380250866,0.0
1252.2614459089612,0.0
2744.5142297274315,0.0
4435.212439588836,0.0
1631.1785553398863,0.0
1434.7196422033958,0.0
2111.717354160186,0.0
2794.227915037507,0.0
1627.705948050356,0.0
3656.528364193497,0.0
2089.171459203414,0.0
814.2743605514011,0.0
2617.9759483152484,0.0
2310.8160559763355,0.0
3246.274717866949,0.0
3205.2217363355694,0.0
5158.468482562508,0.0
3733.9675396630273,0.0
2107.9329163011043,0.0
4132.43250795568,0.0
3388.9789304235924,0.0
2916.6543845446486,0.0
2057.310010479926,0.0
4018.079358718776,0.0
12475.378875991075,1.0
10758.025630372835,1.0
10936.026776613244,1.0
2320.4873876755537,0.0
4756.7611147727275,0.0
3869.0167855177824,0.0
2474.5693484888325,0.0
2226.8540021561603,0.0
3021.91155596536,0.0
3592.3163137042548,0.0
3626.7466352615775,0.0
4705.574636274074,0.0
2521.9431455894537,0.0
1963.8707417321489,0.0
3889.2165253013654,0.0
3581.1262328569665,0.0
2892.5523697522617,0.0
3573.4886163588267,0.0
3102.3251481125653,0.0
3683.744533952584,0.0
2311.208999270379,0.0
3126.4545480609495,0.0
2428.5047947706935,0.0
2115.099784023014,0.0
2869.4903555611654,0.0
2312.678981624345,0.0
3053.2952963942353,0.0
85.06860036317653,0.0
924.0496351370764,0.0
3136.4318818911097,0.0
704.2264165045019,0.0
1690.5096267454655,0.0
1255.1793941428384,0.0
1212.9376388728476,0.0
1569.1997296949307,0.0
7548.986822528534,1.0
9516.087647961467,1.0
9544.342671074808,1.0
1641.5611206476683,0.0
2313.093089400595,0.0
1753.9891593298935,0.0
1272.1107658420033,0.0
-493.8141516410201,0.0
2078.7184890994936,0.0
1955.2252473802964,0.0
1839.0109642786138,0.0
1755.486061870638,0.0
297.19534356758896,0.0
88.80749582315553,0.0
292.6732947348553,0.0
700.1753111943007,0.0
924.4357844296072,0.0
837.7590837701302,0.0
-804.3475966429471,0.0
2166.1020939383848,0.0
30.918674605471097,0.0
-2223.718793836754,0.0
2606.357494710728,0.0
2199.6998251552222,0.0
26.74755516302551,0.0
1339.5642286328157,0.0
949.5531114854043,0.0
117.4784143003427,0.0
330.2536996958729,0.0
-438.96345548849195,0.0
645.0467955587336,0.0
589.1790768167136,0.0
1153.9572296931083,0.0
2031.3670672245753,0.0
132.0779887578176,0.0
1233.5326771948535,0.0
-205.35232384501205,0.0
249.9006578651356,0.0
1346.5970446672584,0.0
2862.8835216996467,0.0
1866.677838545118,0.0
2847.5922269401467,0.0
309.51424056770566,0.0
1251.0713681422128,0.0
-787.6465040522476,0.0
1947.430441592739,0.0
1168.1313915422604,0.0
1052.5335414673405,0.0
969.7476648364675,0.0
2409.2183726151998,0.0
2549.045745076861,0.0
2097.967182816342,0.0
1534.336828315003,0.0
2530.83299357601,0.0
2111.4025686881955,0.0
1626.2225962715563,0.0
3043.2378582260553,0.0
2960.9340253917953,0.0
1861.8456676388842,0.0
2350.371851458252,0.0
3089.468495808208,0.0
3197.9846855025817,0.0
2820.660889564027,0.0
2346.1446651406723,0.0
4456.845210995536,0.0
3172.591584083504,0.0
3088.4513739339573,0.0
4165.055251490151,0.0
3616.424585961991,0.0
3639.332112483453,0.0
3696.9276295672917,0.0
3055.528335319232,0.0
3957.002901875039,0.0
3456.802967037875,0.0
2386.1641012364116,0.0
3502.9271937941467,0.0
4229.074939142352,0.0
2397.7357393213224,0.0
5281.363892388125,0.0
3172.1652905731403,0.0
2682.8642629434503,0.0
3220.7966295873457,0.0
3920.949079546468,0.0
2819.3344089036846,0.0
2885.654182266937,0.0
3639.1120288823445,0.0
2662.1179806101545,0.0
3802.0095173112577,0.0
3539.613814275666,0.0
3172.68219350347,0.0
4345.773849334006,0.0
4795.22504035739,0.0
2952.5401913759265,0.0
1934.134598304849,0.0
4234.90177543811,0.0
4415.447660940627,0.0
2203.6719278111204,0.0
3605.804763859405,0.0
3701.892627800038,0.0
2257.3373743160264,0.0
2527.2151435169326,0.0
4042.921712731467,0.0
3108.3767265393726,0.0
3471.5477061095016,0.0
4808.720114101128,0.0
2766.1293290684503,0.0
1684.2011261465325,0.0
4691.3444569365465,0.0
1673.0998174992696,0.0
1854.6009252668289,0.0
2965.624912119085,0.0
2775.0191109397315,0.0
2499.451610692944,0.0
468.8683539334252,0.0
3265.6219054846356,0.0
3936.3374563987036,0.0
1541.9119158573703,0.0
1226.4139636008258,0.0
1581.2021562735674,0.0
904.834713348124,0.0
2403.1731566660274,0.0
2695.2174119361534,0.0
2439.3961758209234,0.0
2148.9907616901905,0.0
1041.3616377240755,0.0
3118.983772853045,0.0
1161.3107460781862,0.0
1299.0755045155524,0.0
1747.3370322149951,0.0
719.3435011065012,0.0
1494.5427858834096,0.0
453.85338093982375,0.0
1253.875034694167,0.0
2822.534465910122,0.0
1725.5386284852325,0.0
3836.7705317502973,0.0
745.8534439861032,0.0
936.7923000195973,0.0
3482.7015032852914,0.0
121.66805588431731,0.0
2439.126684580686,0.0
-1917.25795887456,0.0
-122.70531878159045,0.0
1559.9785404149281,0.0
3177.157487201119,0.0
1129.1855137921377,0.0
388.02333109107485,0.0
559.1179024091477,0.0
2160.78167739281,0.0
1800.6228935647523,0.0
2699.684180785332,0.0
513.1333219742626,0.0
2707.1752131256235,0.0
2624.7680810548227,0.0
3563.246087377923,0.0
2722.4955151327104,0.0
2932.857062857562,0.0
1314.7806393865872,0.0
364.2749158564384,0.0
-825.1145328954765,0.0
2276.5414742519756,0.0
3047.020105532897,0.0
1055.1923010594846,0.0
242.6055271912146,0.0
2164.9861076435022,0.0
1845.5458634837937,0.0
1660.9332932377743,0.0
4509.354998873797,0.0
2769.6867693910535,0.0
3607.2506991892915,0.0
2179.5698275400205,0.0
3128.7448902407664,0.0
1512.9137131993828,0.0
3796.009308391494,0.0
1848.752143156831,0.0
4871.526485380948,0.0
3326.572295411556,0.0
3025.8161915024953,0.0
2516.9412025844244,0.0
3291.8119230979055,0.0
2017.3278230260619,0.0
2910.031813460136,0.0
2113.520900852127,0.0
5484.07956979169,0.0
4137.7590605088235,0.0
3587.960831336331,0.0
4880.092996309702,0.0
6723.980560375512,0.0
3764.6663128035657,0.0
2535.3704933015706,0.0
2570.6728545742035,0.0
4210.435984177814,0.0
4680.704489884847,0.0
4110.064897744307,0.0
3272.2331300358883,0.0
2751.3892691823676,0.0
3237.718181805888,0.0
4711.027501424855,0.0
4005.782634078811,0.0
4150.3233417391475,0.0
3580.0944964429145,0.0
3948.0739671642523,0.0
4435.893645975089,0.0
5193.866811481314,0.0
6401.1194952908545,0.0
3788.6695730110146,0.0
5193.86646704305,0.0
4710.537158790105,0.0
3175.9957678978403,0.0
3452.8043995448606,0.0
5043.889148276814,0.0
5871.402005680916,0.0
2855.8985326163515,0.0
6298.96967926401,0.0
3397.969390665195,0.0
2761.4508379459135,0.0
4230.9848931376755,0.0
3236.8992250580886,0.0
4515.873513728899,0.0
4138.7006730250605,0.0
362.1742529947219,0.0
4001.963104043658,0.0
4005.138971320644,0.0
4751.826666707065,0.0
2410.385081772749,0.0
3324.1325806466293,0.0
4282.798645801017,0.0
3621.8887482496248,0.0
4085.337090217229,0.0
1800.4753601685445,0.0
1518.3505939537379,0.0
2516.8278928982963,0.0
1049.3876919240638,0.0
2579.7202814733705,0.0
3100.0232351310983,0.0
9829.098083664932,1.0
8357.05134890583,1.0
9027.421639487686,1.0
2101.281059760147,0.0
2623.684465463511,0.0
2277.81173511556,0.0
1205.3782392695493,0.0
214.60425368378287,0.0
136.52785342586276,0.0
1006.4008488789742,0.0
872.6614147569938,0.0
2039.890036797389,0.0
597.2073668710547,0.0
1164.7987698430975,0.0
309.5147853559798,0.0
1273.2965030362716,0.0
2761.9269030244504,0.0
2173.024936496816,0.0
1083.782396825736,0.0
799.3017591658305,0.0
575.7246393023435,0.0
1446.7876647546966,0.0
2334.6372174483545,0.0
3117.697668347322,0.0
2006.637857600815,0.0
1216.8420054550347,0.0
2142.6342975990015,0.0
737.525663571895,0.0
1147.9012223091759,0.0
2998.45977687755,0.0
447.32004546644265,0.0
259.9888278804401,0.0
1006.5882468149206,0.0
335.2903038642479,0.0
2124.689229831967,0.0
1623.0050795861803,0.0
2417.092981877262,0.0
1499.9524634471463,0.0
877.9555337522953,0.0
2625.4968459212096,0.0
1838.4602223662928,0.0
1919.8249915127417,0.0
3076.3988566366716,0.0
995.090459018614,0.0
2726.6758103717716,0.0
2981.7139549702806,0.0
2513.236860205844,0.0
3480.5836454552536,0.0
2104.35246903577,0.0
3375.7936531040505,0.0
1721.1292118632527,0.0
3223.045072217902,0.0
2663.3987714275213,0.0
3485.241307989273,0.0
1726.11232762485,0.0
3168.0874870773064,0.0
544.548474879592,0.0
3425.927602525493,0.0
3226.9796526549353,0.0
4239.6330187892145,0.0
4162.559129254554,0.0
4562.0777203136495,0.0
3496.4795316076634,0.0
4033.8134939111833,0.0
2771.4305515208807,0.0
3140.665883505835,0.0
4870.399193401133,0.0
3544.080988319467,0.0
5068.661664233598,0.0
3688.3228891647477,0.0
3001.4134912415075,0.0
4229.901620038083,0.0
5222.165451182981,0.0
2596.9945063564583,0.0
4443.003426367413,0.0
8256.543386848301,0.0
3886.153343419542,0.0
4241.674586555025,0.0
5139.7728878662665,0.0
3672.577131225245,0.0
3728.041052899593,0.0
5273.984963271991,0.0
3307.643579529901,0.0
5070.547846961745,0.0
4696.238845967911,0.0
5229.768248805271,0.0
4405.975139230679,0.0
4766.9127784127495,0.0
4125.805485702954,0.0
7516.35879640213,0.0
5701.126591286861,0.0
5295.728546415114,0.0
5513.273214508052,0.0
3768.9751115383874,0.0
3743.8391800635027,0.0
4724.523508107875,0.0
2879.6811627291754,0.0
4202.025230814551,0.0
3810.486611907863,0.0
2844.0212482654624,0.0
3596.6820406368684,0.0
4600.881803497473,0.0
5008.190286591808,0.0
3988.942800454433,0.0
4168.630718285174,0.0
4280.157629025644,0.0
3349.6202643289053,0.0
3852.0917191458525,0.0
4663.20564757022,0.0
3929.061775561848,0.0
2636.1071105011383,0.0
2565.7385899317064,0.0
4413.028072789732,0.0
4390.149531634612,0.0
1405.5506638215852,0.0
3192.4284231472375,0.0
2309.727742686624,0.0
3368.526093511762,0.0
1390.9812459667667,0.0
166.33805986017592,0.0
2547.2946739247445,0.0
1946.2457340548626,0.0
1402.5411593820606,0.0
2715.3393136706527,0.0
3613.315385348386,0.0
2568.6078128987547,0.0
3146.8329140994383,0.0
812.4632384913264,0.0
1443.9909850961826,0.0
-625.0656005312253,0.0
2324.000878341374,0.0
2804.590365125202,0.0
2946.333695732389,0.0
1331.5277604512312,0.0
1618.2077651578188,0.0
2795.471019621828,0.0
315.5989481106353,0.0
1722.3217865305762,0.0
2490.4136275093592,0.0
2405.2832049032613,0.0
1416.1978073408764,0.0
2847.0319949140276,0.0
1350.7470258559274,0.0
3559.5874048869773,0.0
2619.9910722639147,0.0
225.62758851308513,0.0
1789.346683671174,0.0
927.7297385819763,0.0
1716.645467229996,0.0
2084.3378686323117,0.0
3709.5378966906924,0.0
2216.596316691923,0.0
3654.753606947827,0.0
1126.6823634335967,0.0
1093.214336672832,0.0
1632.7186289836993,0.0
1049.397604383109,0.0
973.9017792835086,0.0
2231.2078705264776,0.0
1818.217248546943,0.0
3839.346682813235,0.0
2325.465042774707,0.0
2549.511666382238,0.0
1357.2997999808647,0.0
3190.552782350342,0.0
3729.5363926066393,0.0
3705.1583808733867,0.0
2819.769150304132,0.0
2758.211111585623,0.0
2674.3317583206804,0.0
4427.641534436554,0.0
1674.0676620570282,0.0
4095.365895465315,0.0
4235.659360898201,0.0
3593.188453772864,0.0
3312.576019052579,0.0
4134.122715922253,0.0
3693.954824437988,0.0
3550.9748356289297,0.0
2638.163856900088,0.0
3210.15205017887,0.0
4695.763510225438,0.0
4154.842649907643,0.0
2563.0111752520265,0.0
5182.926181752393,0.0
3959.483892998939,0.0
4391.268559583959,0.0
4685.392410543486,0.0
4923.7618606148,0.0
3332.227475931424,0.0
4230.200061960142,0.0
4640.84393495825,0.0
4104.496038830224,0.0
3965.7889775360777,0.0
6584.803784461138,0.0
4661.921147000304,0.0
5642.37404599551,0.0
6739.5758561448065,0.0
5254.710076261874,0.0
3984.129637273979,0.0
5243.972822791438,0.0
4031.8616804537432,0.0
5461.093605764725,0.0
6280.915336788835,0.0
5240.282262586755,0.0
3794.953386364658,0.0
5690.0084236542725,0.0
5719.891977052345,0.0
5031.135552128943,0.0
6151.227227980726,0.0
4940.488973940945,0.0
4556.209896967141,0.0
3874.0615343841314,0.0
4459.225957295545,0.0
4198.962872029416,0.0
5842.9243470160545,0.0
2922.998695449618,0.0
3881.834167134526,0.0
4476.318720312432,0.0
2542.422892300467,0.0
3423.8917966400777,0.0
2720.2888069207697,0.0
4959.572543519395,0.0
4196.143099216505,0.0
2335.6584512533937,0.0
5354.637131584105,0.0
2665.9954215342027,0.0
2660.441519736717,0.0
1425.048360063763,0.0
3872.6429870401453,0.0
1198.4698087808813,0.0
3179.402504044391,0.0
3976.9782355973425,0.0
4536.163630429682,0.0
2643.9441245486873,0.0
3331.4010336541005,0.0
2438.3433559958044,0.0
4492.47634162749,0.0
2168.2264146965745,0.0
2789.456888362863,0.0
2617.812593125155,0.0
3362.153195336983,0.0
5522.311423073288,0.0
2957.80816031843,0.0
2223.409903865263,0.0
3780.7873883708307,0.0
2871.5026950634283,0.0
1280.1734868436367,0.0
3700.370702223741,0.0
288.89284193540993,0.0
1418.2127755399727,0.0
2371.684327695606,0.0
845.3756771887643,0.0
2507.024896772758,0.0
3231.6636784466396,0.0
2253.43172663402,0.0
1273.5472600756793,0.0
2987.52053180912,0.0
4421.409726427299,0.0
2392.5203087091377,0.0
3421.348653717828,0.0
4022.1096147703347,0.0
1486.4417299794573,0.0
2769.216181056011,0.0
838.4490637152835,0.0
2594.5596129039577,0.0
2659.368770096254,0.0
2298.255404024878,0.0
1361.506836239566,0.0
2123.690880628656,0.0
1292.069595805986,0.0
2986.2123852785803,0.0
2913.9832559764995,0.0
2321.3824919871186,0.0
1382.507479398112,0.0
1579.8740592321117,0.0
2438.109349383086,0.0
4156.67556061726,0.0
1915.423813729461,0.0
2763.9137926470194,0.0
1795.9799734521491,0.0
4873.25807525973,0.0
2511.3631940444934,0.0
4471.2386615693495,0.0
3848.299793174478,0.0
2702.51683387025,0.0
4140.166451345735,0.0
4341.910025598378,0.0
3939.3046347341037,0.0
3912.5129689296728,0.0
3563.1289565402426,0.0
5164.305498823263,0.0
4666.20168798621,0.0
4017.9151045694693,0.0
4108.96415689539,0.0
3436.038400293545,0.0
5587.035661755752,0.0
3809.5101510935433,0.0
4278.285787303257,0.0
3548.9575692546687,0.0
5048.355146252623,0.0
4301.586294862659,0.0
3066.8106681204436,0.0
4986.615989505322,0.0
4821.48279373948,0.0
5906.770818556494,0.0
5611.273544461329,0.0
3840.245116298797,0.0
5143.63962404534,0.0
5724.964973373651,0.0
4805.557726979731,0.0
4670.9193115513945,0.0
4700.4199664850685,0.0
6258.058837090124,0.0
4835.9941313397385,0.0
5160.574226787668,0.0
5017.1978328904415,0.0
4598.052201353858,0.0
4652.021091695375,0.0
5941.805904060309,0.0
5505.338079371786,0.0
5549.688325278439,0.0
5071.525758949862,0.0
5417.00559353047,0.0
5681.464382578597,0.0
4334.610981385511,0.0
5849.55687629043,0.0
4781.03110384106,0.0
4715.431904130166,0.0
5027.415101331085,0.0
5405.942031998787,0.0
5874.079925415734,0.0
3617.7292690998656,0.0
6702.996122636753,0.0
6274.222538720338,0.0
5014.595298738008,0.0
5669.908975062597,0.0
4023.7996155483324,0.0
2860.1598211071964,0.0
3148.1028914201925,0.0
4568.953584975965,0.0
2877.453114018674,0.0
5673.704863477161,0.0
4461.930110518935,0.0
2645.7060379615314,0.0
3718.46989780081,0.0
2349.6713622102898,0.0
3718.9370776849332,0.0
4102.51761164233,0.0
4116.299480124783,0.0
2919.663321277857,0.0
4742.685197146088,0.0
4040.4452231711434,0.0
3110.4577996383578,0.0
2665.479711063882,0.0
4679.667425322291,0.0
5623.566508704084,0.0
4373.822007086763,0.0
3277.868829821498,0.0
2463.9856500152882,0.0
2911.4987266888743,0.0
2858.2905667027044,0.0
3196.80236118169,0.0
2319.0014034468086,0.0
5276.906284996277,0.0
4380.505110770463,0.0
4406.650046360635,0.0
3064.6791563467236,0.0
2709.8831347060222,0.0
1651.685723530682,0.0
1839.2994989315382,0.0
3525.2336629426118,0.0
3087.0356161602695,0.0
3467.912787563396,0.0
4698.072578826631,0.0
3487.822869590548,0.0
3050.5668755691945,0.0
2416.2307526008694,0.0
2434.582218593069,0.0
3756.6257947722474,0.0
2891.096825331394,0.0
3207.468805594221,0.0
1215.5940989972796,0.0
1405.9587130135274,0.0
2859.6353749848176,0.0
3779.238898156151,0.0
2065.304118942218,0.0
3526.8426207609173,0.0
1898.1399101162604,0.0
2434.1280238934805,0.0
3239.6430965079176,0.0
3412.461963854722,0.0
2017.3388784119263,0.0
2142.913348048944,0.0
2520.517957090799,0.0
4903.712881637283,0.0
4811.545904177292,0.0
1941.5267141525762,0.0
2830.609709947863,0.0
2431.3761171594388,0.0
5120.666941267077,0.0
4107.0362252061495,0.0
3819.9119405162473,0.0
785.6442413039383,0.0
3713.578954128144,0.0
3917.8886980217617,0.0
4439.799477046352,0.0
2726.1665915088433,0.0
4890.983123096767,0.0
4823.147098580651,0.0
4976.860894545542,0.0
3304.9945089579096,0.0
5594.793291560533,0.0
5256.721506406168,0.0
4798.797771819476,0.0
4063.659341835417,0.0
4143.721518239563,0.0
4974.998050147488,0.0
4609.513433811897,0.0
5006.462820482634,0.0
4980.161087402777,0.0
4388.368567185658,0.0
5320.450311578461,0.0
6709.2345580697165,0.0
4359.307130491332,0.0
4785.273607229728,0.0
5971.64636753133,0.0
6216.94795075586,0.0
4574.03786582076,0.0
5909.4574703775,0.0
7303.037094937525,0.0
5524.139868151703,0.0
5324.1107937577935,0.0
6987.445348386704,0.0
3655.873210173003,0.0
6000.39402296259,0.0
5202.020867062808,0.0
4669.113161733654,0.0
4566.145220632417,0.0
4686.50588643705,0.0
6279.215921292238,0.0
5858.363929687857,0.0
6891.713773539226,0.0
7140.1952424773535,0.0
5116.211282343608,0.0
5333.777100363819,0.0
5974.065051793853,0.0
3905.5046998049993,0.0
5110.661436562332,0.0
3214.677142976105,0.0
4986.34090205218,0.0
4074.405901690085,0.0
5565.2971954913455,0.0
4661.730921468396,0.0
4356.025480242494,0.0
6143.281119400204,0.0
4674.2468078132715,0.0
4283.035116484468,0.0
5956.020437879552,0.0
5751.702767990563,0.0
4356.128624405219,0.0
3815.1512288763975,0.0
3787.7893423982796,0.0
3421.751959444803,0.0
5930.706398078517,0.0
3861.8563777101244,0.0
5918.7871477908475,0.0
5286.677812656263,0.0
4814.349066223387,0.0
4362.150361127327,0.0
5858.2858738495215,0.0
4915.955925355138,0.0
2873.786674674625,0.0
4848.602659382941,0.0
1418.1862624972102,0.0
2810.0553471554754,0.0
4566.380005619988,0.0
1461.3835586441432,0.0
4958.333745313049,0.0
4700.753206421066,0.0
2622.5112915680243,0.0
1190.6208700842635,0.0
4708.342949030021,0.0
2878.4951374884204,0.0
1310.4593067489718,0.0
1914.068044945421,0.0
2602.23465119967,0.0
1660.8808686692994,0.0
4489.372047157993,0.0
2013.3592593751252,0.0
1916.641918169284,0.0
1798.6844830669422,0.0
1827.0903471374231,0.0
3725.686391558051,0.0
1247.381832529234,0.0
1623.2547198172924,0.0
2867.32391586831,0.0
2901.3566738912778,0.0
2370.9655995558032,0.0
2818.267745509642,0.0
3490.944664241439,0.0
1824.893150357626,0.0
3879.954714880334,0.0
2226.9168352644338,0.0
3555.6659762482805,0.0
3960.6664382865692,0.0
3544.0022103877423,0.0
2683.5969120339937,0.0
4193.046110434761,0.0
1682.1588198654642,0.0
3893.620149274198,0.0
2078.8198290855944,0.0
2932.833234678647,0.0
2256.6350249529014,0.0
3641.984504892709,0.0
3182.3667810728493,0.0
3382.893678072318,0.0
3200.914742079654,0.0
4546.312285474108,0.0
2015.018476096484,0.0
3517.436733400583,0.0
4666.650339294835,0.0
4971.1818393760095,0.0
3288.2317694804497,0.0
2684.597927665082,0.0
4702.294548949612,0.0
4090.2205774366353,0.0
4177.810655748559,0.0
