198.81140951274614,0.0
-102.2005734471189,0.0
1287.7273913218596,0.0
91.65712292699227,0.0
286.5252972004471,0.0
1034.2001297457534,0.0
-103.1992575885912,0.0
115.55469180644246,0.0
549.2040367388618,0.0
318.54415790077616,0.0
-0.08663129426417981,0.0
504.68112208565566,0.0
447.20506127404474,0.0
922.7378261192861,0.0
-47.69316567242424,0.0
439.839875985842,0.0
1401.9596754365652,0.0
1825.015679734472,0.0
197.95182922923937,0.0
1298.5441121871486,0.0
544.4674370665308,0.0
639.6196447105685,0.0
646.7926225232102,0.0
839.8979490428744,0.0
1655.6477279933545,0.0
1525.4815449553003,0.0
1228.6874335571533,0.0
1006.471390774993,0.0
1244.0925132547331,0.0
1241.3949178316204,0.0
1736.6940823205923,0.0
1006.2351666766788,0.0
1348.0930661203317,0.0
1302.7123892586858,0.0
1298.8878722521094,0.0
1488.7550712020475,0.0
1472.6246617076702,0.0
2051.9750785728825,0.0
1389.068244630144,0.0
2196.0084800503455,0.0
1243.5497530876387,0.0
1153.450779013108,0.0
1464.4620106016482,0.0
1579.3235584455954,0.0
1489.3090589794763,0.0
1983.22727240806,0.0
1927.6702710737618,0.0
1605.7806470178932,0.0
1150.0103282654443,0.0
1277.7275594738967,0.0
1989.8384336511813,0.0
1345.1538718571992,0.0
591.2402995642167,0.0
825.2066015937141,0.0
930.4660908378039,0.0
1771.4783254492918,0.0
1042.5769378551115,0.0
2157.3989159619414,0.0
1377.6531173918925,0.0
1054.4244695443783,0.0
815.9068709304904,0.0
1395.1096875105954,0.0
774.927741798616,0.0
421.5818217892996,0.0
1040.6659440015064,0.0
748.0418365653081,0.0
1220.014805157664,0.0
647.8155469951683,0.0
-820.9359770445451,0.0
995.3975476321037,0.0
-428.21781697476223,0.0
1172.1254932795268,0.0
1299.494616366309,0.0
85.63176819135182,0.0
-343.5788536155643,0.0
-465.50221666436045,0.0
579.0623237674201,0.0
5.780747932408772,0.0
-243.5815192660857,0.0
-144.3481017459726,0.0
953.9154473773094,0.0
50.35709382908827,0.0
232.8721134462007,0.0
109.37570687820948,0.0
239.66305295636977,0.0
198.44881453915178,0.0
-709.054522934734,0.0
-559.6831973563142,0.0
-861.111823722754,0.0
-891.4806479513452,0.0
-51.1116472424053,0.0
-859.4729825687486,0.0
-700.7884373019432,0.0
-1066.320647085085,0.0
-1036.2301800694954,0.0
-430.0799884203258,0.0
-1141.1056538742544,0.0
-1180.0336816821275,0.0
-758.7874197266472,0.0
-771.6603066810845,0.0
-669.8229987467846,0.0
-993.089458932812,0.0
-2009.0956141092392,0.0
-829.7074638865846,0.0
-951.2103443880665,0.0
-648.2168865179069,0.0
-1630.2538827775488,0.0
15.849299585018798,0.0
-1880.0396760576054,0.0
-892.010242941883,0.0
-1319.8800891898732,0.0
-1595.2446615394747,0.0
-906.9334921181837,0.0
-1527.173006171695,0.0
-2540.0630281662125,0.0
-1976.4355303418597,0.0
-1176.7774238813777,0.0
-299.054595223967,0.0
-2116.403061233149,0.0
-1412.6141753202824,0.0
-694.3122261248184,0.0
-1049.5458876847636,0.0
-1576.7406527530286,0.0
-2083.928046809516,0.0
-2247.7402810113854,0.0
-1697.9529866693163,0.0
-1518.9306644473224,0.0
-2430.1703702930163,0.0
-2155.5125417442423,0.0
-1134.6190856592957,0.0
-1451.1758635612,0.0
-1616.3705768524878,0.0
-1381.9467237889128,0.0
-1616.037520604886,0.0
-667.14679986648,0.0
-338.4489579887196,0.0
-50.448516021521755,0.0
-695.1098484580962,0.0
-641.9280940327174,0.0
-229.26336339242619,0.0
-109.03106424205373,0.0
-105.28327751827487,0.0
-274.0164312752114,0.0
-1104.4894581039252,0.0
-1555.0283304743089,0.0
-270.5520263301279,0.0
-613.5874383008771,0.0
-608.6497668030429,0.0
-1010.2752247597937,0.0
-1172.80312866212,0.0
281.68979763068,0.0
-142.8712231452268,0.0
-854.9172003407975,0.0
-99.49198453661117,0.0
-103.79607450825583,0.0
71.21886564608963,0.0
1037.5219588411137,0.0
-78.76367236751003,0.0
-662.3909724860353,0.0
145.163700441413,0.0
-181.73489374948502,0.0
444.1098294007296,0.0
372.28176146083445,0.0
488.9635920145182,0.0
44.77098482589213,0.0
671.1815724984579,0.0
191.0606527454166,0.0
715.4277983678478,0.0
402.0369202915484,0.0
59.4211548375456,0.0
974.0364184129135,0.0
358.7335778428525,0.0
1480.6050196864167,0.0
1015.4477355440139,0.0
1064.9062536622528,0.0
936.8308274900563,0.0
925.283702718641,0.0
-144.90904117707828,0.0
1646.9308117576936,0.0
683.3342447372411,0.0
1519.3870188435158,0.0
833.7535771177961,0.0
1087.7553946969601,0.0
1026.2104579749375,0.0
714.0796839738591,0.0
1148.7649442765319,0.0
1544.703444347706,0.0
1058.2053142857756,0.0
669.3211734375612,0.0
1014.6254312571152,0.0
1461.7867424336737,0.0
1938.3261533247826,0.0
1761.8361175260015,0.0
1549.389796050774,0.0
859.8833101128257,0.0
1811.827818789311,0.0
1456.257335394648,0.0
1251.0337905901308,0.0
1863.5058822404592,0.0
1691.5415361924208,0.0
1652.5295641268783,0.0
868.3011463934986,0.0
1123.2705656595444,0.0
511.43832799877737,0.0
1375.9525659339236,0.0
1426.098517736452,0.0
1798.5741189104174,0.0
1418.1928067803046,0.0
1091.9629746652854,0.0
2310.2873900301847,0.0
709.6742752393732,0.0
548.0017827372841,0.0
851.4694799124711,0.0
1351.0282284838036,0.0
958.2048585591726,0.0
894.077971112022,0.0
463.7224020867884,0.0
1678.7537054259765,0.0
660.4788971803746,0.0
371.21591642498686,0.0
749.5561342113419,0.0
419.87282972548263,0.0
638.867857033168,0.0
1376.1000525589056,0.0
421.4053020390432,0.0
660.017464920456,0.0
385.8823641969906,0.0
382.586874706672,0.0
886.6362576039617,0.0
693.3982453686549,0.0
169.2952754209713,0.0
-235.22264079194775,0.0
173.9414479687675,0.0
634.6769537367688,0.0
139.4683289836142,0.0
28.186182007065796,0.0
-838.099509872719,0.0
437.7680960868435,0.0
-776.2582662394002,0.0
-762.6385058384548,0.0
-347.640793169374,0.0
-189.64976779740343,0.0
-264.33116995831256,0.0
-752.777417323349,0.0
-520.3115405652284,0.0
-816.7547966521122,0.0
-1418.7369999346456,0.0
-692.6927241146091,0.0
-957.3188676446621,0.0
-419.7275275658583,0.0
-774.9013710299788,0.0
-265.4999062275995,0.0
-458.91777972588494,0.0
-408.96679399305486,0.0
-270.59173767399864,0.0
-553.6588752147134,0.0
-1129.6255271678517,0.0
-325.10270868751763,0.0
-1497.3897293197745,0.0
-1116.4120986885882,0.0
-665.274267543205,0.0
-1306.6446467522856,0.0
-838.2279534229094,0.0
-1582.5682109371353,0.0
-1452.6068144451206,0.0
-984.9590653520804,0.0
-947.3158555534999,0.0
-751.8989403153647,0.0
-1370.7872049709388,0.0
-1224.1399373875824,0.0
-1055.3266782974135,0.0
-1125.9420537012002,0.0
-2050.192676770428,0.0
-1587.3436819844762,0.0
-674.7897192558129,0.0
-1977.0837347595689,0.0
-1158.1346740256088,0.0
-1584.8586418776736,0.0
-938.8792995450212,0.0
-1745.3094799549494,0.0
-1344.8908704609803,0.0
-2386.6036315381584,0.0
-1339.5502906857332,0.0
-836.1075481986522,0.0
-2089.952349829805,0.0
-755.9432959317123,0.0
-1665.3776933669055,0.0
-1264.6177501296952,0.0
-2602.9700249568104,0.0
-653.1009845258435,0.0
-1634.5892349814324,0.0
-1413.6361350813818,0.0
-1751.7087471047616,0.0
-1628.4516672100347,0.0
-436.973659700476,0.0
-1267.9622340572632,0.0
-515.0612060048279,0.0
-998.5293569015256,0.0
-729.4359870078572,0.0
-1115.548035147921,0.0
-571.9376840417757,0.0
482.9252884091461,0.0
-333.60855421841785,0.0
-430.9546005446573,0.0
-803.9108577656026,0.0
-22.491757548292867,0.0
156.80674357970827,0.0
-1290.0846897271313,0.0
-1127.3816713054837,0.0
690.1646034236819,0.0
-62.22081709833023,0.0
-183.6156537563396,0.0
68.79699942111412,0.0
381.89998736389765,0.0
310.3131350118599,0.0
-106.13149089812251,0.0
1032.4731806373723,0.0
85.02085084591243,0.0
-334.65279701148336,0.0
-66.71132531227204,0.0
223.66759629044356,0.0
162.0839080665857,0.0
289.81088324431306,0.0
509.1337574846241,0.0
-1145.1764079474387,0.0
145.3250171892833,0.0
1026.828095013684,0.0
902.0372682001613,0.0
304.43836108591097,0.0
428.5615697210961,0.0
1317.687730647724,0.0
638.7596839623025,0.0
581.1907893594898,0.0
1858.4597434813395,0.0
747.1713135221311,0.0
1342.2304968989854,0.0
1026.928611327022,0.0
1082.8890717643985,0.0
614.0159543415376,0.0
702.0435350064855,0.0
1804.9075877660237,0.0
593.9459024037369,0.0
1363.5580149839127,0.0
645.6413044239795,0.0
1080.898173787118,0.0
1230.5932641496204,0.0
535.6479789363644,0.0
1887.1448727517268,0.0
1282.1943088880835,0.0
2021.7778035281221,0.0
958.2018846005518,0.0
1856.5262491595818,0.0
2558.54978320339,0.0
1498.9522676011757,0.0
1130.0533026154471,0.0
1657.5309233014214,0.0
1434.4529742840248,0.0
1289.1736323380078,0.0
1273.2392410894906,0.0
1092.2553675347203,0.0
1503.9340834183324,0.0
1211.7158544506203,0.0
904.7900597701664,0.0
1721.8031423343011,0.0
1226.1243375060246,0.0
2620.1330142192787,0.0
1167.8119545606503,0.0
908.347522548524,0.0
929.3912901296671,0.0
1331.6448598740371,0.0
802.9990038714257,0.0
511.4901509749519,0.0
1878.857439820205,0.0
442.37294862828026,0.0
1732.8472714391419,0.0
1050.8601075296626,0.0
419.4328861592152,0.0
1718.2806857240184,0.0
749.4028234246992,0.0
366.58376134423963,0.0
820.0661841680636,0.0
1387.4229183728362,0.0
977.7630553401988,0.0
1032.4029398351468,0.0
1471.5987717803123,0.0
621.0693573946726,0.0
584.3209745736291,0.0
310.4045449372045,0.0
-420.6660927852102,0.0
207.04066870312712,0.0
1089.7865609389873,0.0
-643.119438966164,0.0
837.1309160382332,0.0
221.87545666185008,0.0
-426.43114220178927,0.0
-24.701202461914065,0.0
843.8041838920377,0.0
-421.74457529919,0.0
173.84176941769007,0.0
336.4305769915228,0.0
-715.0214061598762,0.0
12.9282360594014,0.0
-166.33616456375557,0.0
-711.8478781952088,0.0
-191.4962310001223,0.0
-758.9967967268278,0.0
-916.0900505374408,0.0
-1288.4217884750415,0.0
-481.6017080281343,0.0
-998.0810266988495,0.0
-1098.675059459857,0.0
-1402.9854381026885,0.0
-1538.623828735736,0.0
-1354.5280922692323,0.0
-635.4147258986666,0.0
-1405.8817141025852,0.0
-310.68717014632614,0.0
-898.2978101960387,0.0
-1092.4337064062693,0.0
-1700.4636781487459,0.0
-177.85318090150304,0.0
-1951.4269292786653,0.0
-981.1542991329893,0.0
-484.25523354851623,0.0
-1370.8437138876468,0.0
-1598.5435576907066,0.0
-1388.8888475005963,0.0
-916.191182222843,0.0
-706.8021040155852,0.0
-1092.957742089835,0.0
-1972.4270851581364,0.0
-1705.8864401836581,0.0
-1340.1432986094446,0.0
-2028.284517627872,0.0
-1497.6609348690204,0.0
-293.6289307405593,0.0
-1887.6028604638805,0.0
-813.2567566938284,0.0
-1859.979149926082,0.0
-1516.7546051674526,0.0
-1404.049003953451,0.0
-2031.0598156853541,0.0
-1377.2906631231544,0.0
-638.1752928442933,0.0
-924.1020800995914,0.0
-1010.448164473868,0.0
-1677.674560351051,0.0
-1295.47743582155,0.0
-1074.416598265896,0.0
-888.1280268793482,0.0
-424.90403574089055,0.0
-1597.4440293216107,0.0
-231.24045115910064,0.0
-1200.6126667307913,0.0
-1141.1052120163824,0.0
-1526.716255055445,0.0
-906.243839156343,0.0
-1022.7047314548608,0.0
-1441.4814979912821,0.0
-880.9746869521082,0.0
-659.9841696990687,0.0
-793.6930143174292,0.0
-183.62156714758572,0.0
-1045.338703058806,0.0
-65.19439014649328,0.0
-536.4523489840087,0.0
-237.82732599239785,0.0
-1239.4949297414491,0.0
-182.34232575221705,0.0
-234.40595816615453,0.0
255.30706446147644,0.0
-760.6192758839163,0.0
599.9731160042111,0.0
-537.326443523103,0.0
733.3138897795014,0.0
340.9997247663448,0.0
-210.39376579797212,0.0
1287.1415947094697,0.0
-292.5686960720442,0.0
230.41585343245896,0.0
461.75576130291444,0.0
646.4352368014017,0.0
572.681011657063,0.0
912.8465984123859,0.0
880.0853697399509,0.0
722.4298606901718,0.0
214.83611233601079,0.0
525.0142057071707,0.0
1160.3275243034864,0.0
260.04675788494376,0.0
886.7087855695071,0.0
-33.43535567337892,0.0
579.1466214639133,0.0
191.58074169009342,0.0
1763.3034752951858,0.0
130.86429151615175,0.0
993.1844038352095,0.0
1461.786146024342,0.0
1479.6151065360941,0.0
1553.0510090946084,0.0
1753.6672232093008,0.0
1477.0222337548903,0.0
1652.346889343736,0.0
1272.0113941269778,0.0
1336.6357931091911,0.0
515.3728770448589,0.0
1393.453480335214,0.0
1985.4068492725492,0.0
1044.0215819971763,0.0
774.3802457336282,0.0
1361.4644904183863,0.0
1931.8360957124123,0.0
1969.3936553694357,0.0
662.6087219133552,0.0
1611.7075505614112,0.0
1080.4397607561023,0.0
1515.949797442809,0.0
278.5518950118833,0.0
1817.724839298713,0.0
1201.8187664978936,0.0
1424.37782121097,0.0
1249.1292016828913,0.0
771.1852396020548,0.0
1555.330376179522,0.0
1026.1703422564728,0.0
848.0934423810759,0.0
1535.3066177422031,0.0
1180.0239938017448,0.0
829.1018308197126,0.0
1590.2859108094347,0.0
757.8776499537508,0.0
1071.4396436109082,0.0
1378.4779650564956,0.0
1426.2133653694782,0.0
1577.006266205677,0.0
1685.6409284490505,0.0
877.9167179565164,0.0
446.06379262264136,0.0
1588.4286376932853,0.0
1385.7936582347645,0.0
497.2713421847475,0.0
966.3404266641726,0.0
386.94949985247285,0.0
-263.4704698700106,0.0
1008.0989591554203,0.0
569.7445992201231,0.0
385.6956037381911,0.0
1145.0864107477814,0.0
878.1607621717154,0.0
-122.50154741829837,0.0
-405.58531657464164,0.0
-872.4057112358267,0.0
-15.613407084452135,0.0
-243.01494028666258,0.0
132.20900423271002,0.0
-167.67510619535392,0.0
-603.1448743938099,0.0
-435.9901485124793,0.0
-1101.8084139180874,0.0
221.99414926326983,0.0
-724.194596173016,0.0
-173.70219657057936,0.0
-831.4207875663487,0.0
-562.152762647417,0.0
-336.38315185412216,0.0
-779.829861158961,0.0
-1137.4053036957785,0.0
371.5534890994352,0.0
-936.8122382459842,0.0
-554.7054469600203,0.0
-977.589386476041,0.0
-1304.4534292608319,0.0
-313.4660600768739,0.0
-848.0215635960532,0.0
-868.975685072666,0.0
-2194.009641930138,0.0
-972.6823195429465,0.0
-686.1970624843143,0.0
-1114.8735875857185,0.0
-1331.4348610938162,0.0
-700.5745149952095,0.0
-1144.9246519811422,0.0
-957.5155914426293,0.0
-748.9558470944219,0.0
-821.3350381302942,0.0
-1969.9535435362968,0.0
-1198.8972992150734,0.0
-1734.2672824824122,0.0
-2362.6782664915245,0.0
-1270.7494519972684,0.0
-2261.7661482737585,0.0
-1630.6001112798394,0.0
-2593.892296645713,0.0
-1931.3425650297397,0.0
-1688.0446206644108,0.0
-1363.876642779824,0.0
-1667.68086717742,0.0
-1835.4351175553704,0.0
-1769.4510395987031,0.0
-602.7148041103371,0.0
-1563.1031848718799,0.0
-1302.3842561706551,0.0
-330.9939391703631,0.0
-2101.011700278854,0.0
-2258.105751750097,0.0
-1744.154879027259,0.0
-1416.2771764251122,0.0
-1717.5656109430922,0.0
-1069.4972451303524,0.0
-1112.883016438301,0.0
-1801.4536619852895,0.0
-911.4039991619053,0.0
-1684.2427621074455,0.0
-618.6103806061494,0.0
-686.4942549690237,0.0
234.50099045918682,0.0
-391.81048107358777,0.0
-901.8108337969383,0.0
-535.0293682226273,0.0
-583.9113277389117,0.0
-972.9702354510041,0.0
-1322.3942443266285,0.0
102.34885833031103,0.0
362.03892333590505,0.0
-598.6350873292724,0.0
-498.66448426267937,0.0
-499.99549432579846,0.0
264.7939371993524,0.0
416.4670880826841,0.0
-505.7130046204197,0.0
-267.35395102188727,0.0
-286.24064930278337,0.0
133.8182028043583,0.0
487.03367001477534,0.0
642.457257674751,0.0
58.82456745391323,0.0
-192.42575244810644,0.0
607.8979862636803,0.0
644.6727769478293,0.0
278.5289142758778,0.0
495.27957228067123,0.0
706.1890927940614,0.0
1048.3874148827979,0.0
655.930237922501,0.0
930.0067781782329,0.0
777.6028867525501,0.0
333.837725185123,0.0
1122.0874645776696,0.0
914.8938224658887,0.0
1432.2246293194066,0.0
375.43701157494513,0.0
627.5227618971944,0.0
1256.8813164512972,0.0
182.44276224856765,0.0
1052.4285088884005,0.0
831.2962670191325,0.0
970.2354136386778,0.0
1096.1079626056046,0.0
96.56036343605547,0.0
1300.9887432750254,0.0
1329.2978734762585,0.0
1853.4474609038837,0.0
2011.736230845454,0.0
1486.713177531314,0.0
1759.5863355504564,0.0
176.1775051382126,0.0
1610.395557225786,0.0
1958.2234119505529,0.0
1829.6297479537277,0.0
1586.831831785115,0.0
1192.095661706932,0.0
1260.3655741109367,0.0
1397.1524708889588,0.0
1564.6812341033058,0.0
1691.6722642780474,0.0
1291.27486801608,0.0
717.4283426260545,0.0
2237.487891292985,0.0
921.8195945822922,0.0
-29.7443196826066,0.0
2045.221017800675,0.0
1748.9182107933093,0.0
1361.4811078229666,0.0
1721.59731609339,0.0
1395.461287619823,0.0
753.9835732697939,0.0
1185.0277948773469,0.0
533.313977226275,0.0
806.813566247911,0.0
582.5098744488309,0.0
1111.3839369159277,0.0
1489.0861350827481,0.0
544.0133680566345,0.0
1085.7091315846674,0.0
-202.85114825500148,0.0
266.16273277569485,0.0
934.2553452062182,0.0
1189.0312253445027,0.0
1135.1755653269106,0.0
1117.8224043011373,0.0
-285.0338419319455,0.0
299.22388446373736,0.0
-835.7320557517069,0.0
312.2201891471299,0.0
417.2103340536888,0.0
71.85075171682453,0.0
-279.0557025315435,0.0
370.7417876007599,0.0
421.0797727031287,0.0
180.73908240126116,0.0
-245.21388581155713,0.0
10.32711093019926,0.0
-71.98600417429495,0.0
-68.02099301842401,0.0
80.08635896163804,0.0
-360.4195997916243,0.0
-1051.2889475494464,0.0
-464.6722221416525,0.0
-246.25396703769815,0.0
-669.9175529461287,0.0
-415.19885637808386,0.0
-952.0477496117771,0.0
79.10085077235419,0.0
-490.8426481557666,0.0
-697.0732356769128,0.0
-406.1755595445878,0.0
-497.67831434127845,0.0
-800.9649667701408,0.0
-404.4393783606628,0.0
-643.2321670188658,0.0
-905.2471307138932,0.0
-1003.915292115435,0.0
-1651.9047819894604,0.0
-1040.6365845681696,0.0
-1037.8389662910288,0.0
-1596.2138073887404,0.0
-497.3400096421532,0.0
-1235.1018625174559,0.0
-1745.618945466893,0.0
-1467.202159921674,0.0
-1387.8688527321099,0.0
-1375.7627357883728,0.0
-1680.3209264161085,0.0
-1310.5776060582853,0.0
-2113.138030110991,0.0
-1627.5770507731747,0.0
-1135.0258981861439,0.0
-1746.841980550619,0.0
-1017.2677873905814,0.0
-943.98218708573,0.0
-1734.2777849992888,0.0
-2605.3690349592457,0.0
-991.1774048506065,0.0
-694.0625649739435,0.0
-2198.998736172369,0.0
-1320.2721432497638,0.0
-1123.5790154964536,0.0
-2099.7953095490534,0.0
-1554.039053867301,0.0
-693.8470033075333,0.0
-1159.3368380747631,0.0
-1215.584557369137,0.0
-684.1095591395172,0.0
-1483.6720653338668,0.0
-2043.6541759048687,0.0
-405.17751672625764,0.0
-1458.5387897466362,0.0
-1018.1054222840921,0.0
-438.67038767559495,0.0
-874.3690720858352,0.0
-865.0006158544614,0.0
-1246.7986620134284,0.0
-535.3884381067937,0.0
324.89195377693716,0.0
-1046.8605461666616,0.0
-1294.2148412071867,0.0
-479.7126855256977,0.0
-970.7866542884256,0.0
-512.9396441228012,0.0
-465.2525301336337,0.0
-237.71163722198685,0.0
-272.1023044236815,0.0
-223.06899392926852,0.0
343.4196616636241,0.0
-694.4437258464408,0.0
-205.08612283156134,0.0
39.555790980515695,0.0
-681.6010917000717,0.0
-467.28104495979636,0.0
-153.54952647132026,0.0
-176.32456226165914,0.0
743.2987679694018,0.0
273.2653283706477,0.0
1733.3607751437523,0.0
120.61394334473803,0.0
181.5238021047058,0.0
1536.9003797975338,0.0
160.16788936508803,0.0
1533.280440141706,0.0
-924.330847834948,0.0
269.4464015703712,0.0
1317.5039861132693,0.0
1549.4189044364298,0.0
1004.6913618639882,0.0
485.8422296525826,0.0
796.9077453466483,0.0
1288.0258315840235,0.0
1146.247054028283,0.0
1494.049303083179,0.0
630.1214341071759,0.0
1502.6668838557314,0.0
1773.904492812082,0.0
2700.616580592403,0.0
1468.3124727942609,0.0
1558.2686263250882,0.0
890.2501443254637,0.0
634.9110650606876,0.0
113.16202319993454,0.0
1499.83052315848,0.0
2361.2843518444506,0.0
1308.8810386229247,0.0
179.43454933181056,0.0
1499.7146121562446,0.0
1308.2355147217115,0.0
1239.5984636148032,0.0
2303.8134040268756,0.0
2008.5969864952453,0.0
2252.386458307731,0.0
1006.471658952659,0.0
1621.3121054457679,0.0
879.2555358821103,0.0
2057.9743176401025,0.0
906.1720725665499,0.0
2026.4881119339989,0.0
1539.2527519841005,0.0
1545.484987044096,0.0
736.0385926234799,0.0
1721.7472562321782,0.0
406.27708028894824,0.0
671.3947625701642,0.0
892.8493208029229,0.0
2228.740231375097,0.0
1388.2362047385227,0.0
864.1258564641055,0.0
1423.781868974922,0.0
2326.6541609439773,0.0
1059.9956783744296,0.0
557.3660653652701,0.0
420.6140588479492,0.0
975.8011445921242,0.0
1795.5599436055218,0.0
857.5594494494363,0.0
711.4980834970854,0.0
251.2533867844897,0.0
193.01576327402734,0.0
1208.0264360616268,0.0
818.6892981762052,0.0
795.9343140345015,0.0
-125.70660401447367,0.0
784.4494724762185,0.0
648.2531327787325,0.0
1192.395627870382,0.0
856.7032376057934,0.0
172.99022169556915,0.0
420.0680058528082,0.0
390.7716975084934,0.0
82.38283369684075,0.0
-409.1415376383651,0.0
473.7672256215413,0.0
1080.9252329477151,0.0
-83.40515076857697,0.0
678.6066986055934,0.0
-382.32050408128475,0.0
-440.56497537350924,0.0
-340.90980637479333,0.0
-507.7091585948273,0.0
69.01104719496067,0.0
133.26778143218667,0.0
-1786.1362063229342,0.0
-180.53616566477456,0.0
-456.40553459996806,0.0
214.36674529455001,0.0
-1165.2661692071142,0.0
-695.4868243590305,0.0
-172.45873428156506,0.0
-355.88436658127785,0.0
-165.92357847264077,0.0
-1274.6106769208252,0.0
-1337.925616728131,0.0
-713.7819217837699,0.0
-1725.0103942468193,0.0
-872.7621820943612,0.0
-611.3373856470057,0.0
988.8383198411879,1.0
-1827.652236679297,0.0
-1492.8088341186751,0.0
-1418.3699806068423,0.0
-1010.9283564349626,0.0
-1220.1990644418006,0.0
-1529.2503175682023,0.0
-2198.5860947794754,0.0
-2232.543206434081,0.0
-1840.2057616775242,0.0
-1908.9647205646033,0.0
-1664.73251480305,0.0
-1944.8836346980515,0.0
-1439.5056683962332,0.0
-1682.2733144108472,0.0
-1269.1932895981188,0.0
-1418.0612152386868,0.0
-1085.7882353923012,0.0
-1867.859345287388,0.0
-1852.8929205022503,0.0
-1902.159567768022,0.0
-1242.0193423152862,0.0
-984.5689039837907,0.0
-742.3076747624582,0.0
-1183.4359539750988,0.0
-1333.0365902978342,0.0
-814.3016503659948,0.0
-1216.6977744478945,0.0
-1610.5073531405135,0.0
-778.2061591119535,0.0
-1368.60552257573,0.0
-1811.1456472166105,0.0
-1177.3541348921458,0.0
-1460.8958580125163,0.0
-1006.680798060578,0.0
-1268.4317796279718,0.0
-1049.6083622256508,0.0
-1131.830893162992,0.0
-844.0337165562393,0.0
-486.9410842056393,0.0
-672.9438406574661,0.0
-646.4013886693623,0.0
-48.35676773033532,0.0
-1242.6750219145902,0.0
-479.34176032972016,0.0
99.52901614593384,0.0
-167.04616461154183,0.0
193.6814251007345,0.0
-744.3632969565883,0.0
341.0155030685439,0.0
-537.1129472832838,0.0
387.6896481586037,0.0
64.18906541880773,0.0
435.9460217856013,0.0
-291.6693879938735,0.0
-41.28631916106319,0.0
-758.7255601584769,0.0
408.8858944731154,0.0
613.5774688056393,0.0
507.9315279839464,0.0
930.9141217652896,0.0
719.5055659050881,0.0
549.2928118547152,0.0
837.86602591971,0.0
330.08774658849825,0.0
1081.5281016982372,0.0
756.1278711263119,0.0
879.740519553624,0.0
719.1507636247039,0.0
470.5586391755898,0.0
479.4516487447324,0.0
741.50452621919,0.0
1285.0710215680572,0.0
181.50600107777848,0.0
1041.0633724603367,0.0
2867.1205295497994,0.0
1229.0508367574562,0.0
1109.6881476108924,0.0
1426.7607502028109,0.0
1144.2222825091194,0.0
1303.425788487014,0.0
1288.4011641289915,0.0
813.2738604509914,0.0
1958.7795505422887,0.0
1499.2693895051812,0.0
2010.252401426505,0.0
1500.1943507116985,0.0
1970.252534066056,0.0
1474.551390428109,0.0
2941.0759794259848,0.0
2056.5977698459046,0.0
2142.1201479727883,0.0
1454.623648793929,0.0
700.3174311406527,0.0
1326.3650736095512,0.0
1758.3815754541993,0.0
1564.476984627125,0.0
1174.0166842930662,0.0
1069.3193284195384,0.0
855.4937318260978,0.0
1236.6481668907477,0.0
1721.6233358626157,0.0
1705.2506443571701,0.0
1654.2653114942657,0.0
1236.7064932139942,0.0
1363.1877810001397,0.0
1259.6273747266173,0.0
1501.3205521586638,0.0
1400.2277814119186,0.0
1464.3751490734744,0.0
1097.4104773571066,0.0
1080.0183408459152,0.0
1706.9408918159547,0.0
1689.3024604562065,0.0
-102.09856964000244,0.0
1075.8575824343714,0.0
1098.462754609308,0.0
1240.1939166806922,0.0
-255.69465620586845,0.0
-133.9046499937623,0.0
431.5366725436977,0.0
693.2617295691512,0.0
15.087240830676365,0.0
1054.1577530245268,0.0
927.6404031507216,0.0
698.4567576982274,0.0
830.7439939403373,0.0
-270.87200347758505,0.0
200.68593197496847,0.0
-920.8132535082785,0.0
637.0900822003646,0.0
649.3181437876995,0.0
180.04764059531496,0.0
-551.2442157691379,0.0
-46.16134368586832,0.0
285.96806651591646,0.0
-781.351220520305,0.0
-158.39351304172362,0.0
31.004138307552353,0.0
-756.3429372213124,0.0
-692.4693027908977,0.0
143.17570739430704,0.0
-130.06503981339654,0.0
121.0415209876079,0.0
-455.50781034945015,0.0
-1082.0208014955651,0.0
-733.6982963638208,0.0
-1044.6923704311678,0.0
-916.5607977230802,0.0
-638.9587449455117,0.0
-180.76077539882692,0.0
-789.3319625330723,0.0
-26.851220601060845,0.0
-1618.4223034646243,0.0
-1125.6124480251415,0.0
-1042.9806421494795,0.0
-2132.7786926434883,0.0
-1925.900873409861,0.0
-1323.2642814419826,0.0
-1172.1211161481667,0.0
-936.3260763104427,0.0
-1182.1920823731332,0.0
-1423.3641539627545,0.0
-1916.9443644687026,0.0
-1304.3253124947767,0.0
-488.06802439569424,0.0
-1132.788698535888,0.0
-1757.7669378273008,0.0
-1249.1627552930133,0.0
-1122.2149959278383,0.0
-783.3062054903323,0.0
-1683.3740149521825,0.0
-1187.1915996341463,0.0
-1108.2897474722317,0.0
-1573.3402737838535,0.0
-1436.1784900661205,0.0
-1554.9779054062312,0.0
-1287.5728334720488,0.0
-1229.9903989807085,0.0
-1913.6709469049538,0.0
-1364.617052036658,0.0
-488.4680022361216,0.0
-1297.3906737593727,0.0
-2199.0208858972956,0.0
-565.0130090767168,0.0
-1283.7973136173832,0.0
-1078.595106589037,0.0
-846.0511677470301,0.0
-1294.7853662982416,0.0
-1546.5406401676694,0.0
-1375.319380422513,0.0
-858.0523595973746,0.0
-974.663942121526,0.0
-1009.1502325469007,0.0
162.4978309663311,0.0
-680.0400081403409,0.0
-302.4435182559739,0.0
358.1851726741977,0.0
-592.4971156664083,0.0
-837.2923380847766,0.0
-706.9022009681818,0.0
-474.5462287165235,0.0
332.4182703844268,0.0
147.69626473310444,0.0
-438.9728696858065,0.0
-617.4616846327838,0.0
116.55012319425799,0.0
684.8984425879846,0.0
-471.0855496525712,0.0
730.281805969416,0.0
112.13511647181895,0.0
32.59868168090868,0.0
-31.75463971254171,0.0
-226.02503265559082,0.0
-71.18364198700921,0.0
847.2483001915696,0.0
-367.58194358770874,0.0
144.25953014427077,0.0
408.03583000172995,0.0
-87.30377063394252,0.0
292.6952722034935,0.0
-170.3500721188101,0.0
938.8199227624352,0.0
951.859924623997,0.0
24.243595420443285,0.0
1440.6376833411405,0.0
260.35854347875,0.0
-86.20354842989093,0.0
10.109625246126257,0.0
1129.0430256368056,0.0
-196.10814253516742,0.0
995.5536542444877,0.0
1119.4749244889424,0.0
1552.4228624164373,0.0
873.5123755257592,0.0
1693.749231057749,0.0
963.2051291518897,0.0
1702.693387024016,0.0
728.7850173334075,0.0
1381.935100724332,0.0
1089.1180537091227,0.0
1402.0796279094407,0.0
2444.864338429921,0.0
1310.5080200354212,0.0
1375.132717618978,0.0
1485.7092537924195,0.0
1532.4934167463227,0.0
344.91560690505366,0.0
1782.9188599091715,0.0
709.8632104199212,0.0
468.72262070889406,0.0
1492.0069218907977,0.0
793.4116911569267,0.0
1496.5412431025336,0.0
1932.831330153947,0.0
1430.6497322705352,0.0
874.8437501511634,0.0
1364.3392112324275,0.0
2354.373490218657,0.0
1397.75676588599,0.0
2154.7573132737652,0.0
2013.1363781203847,0.0
657.5532362046516,0.0
1698.8634882411072,0.0
573.477398447845,0.0
1473.7829595232706,0.0
1425.565326636912,0.0
1023.532634152088,0.0
352.36101011968856,0.0
887.9713312588491,0.0
857.8162332858938,0.0
1120.8522776984446,0.0
872.6798756629496,0.0
1178.3526706551531,0.0
690.4436105770421,0.0
-18.014122234855563,0.0
734.7678798729634,0.0
1395.3656956882016,0.0
230.69199060447193,0.0
128.15036788250558,0.0
-336.27805954760106,0.0
1461.6666123636182,0.0
-20.21459118102308,0.0
924.2701929941067,0.0
462.2099145828704,0.0
209.39173014660156,0.0
281.2945134215962,0.0
1179.5205119644882,0.0
979.3757701239938,0.0
327.3573765119144,0.0
-200.89587538674309,0.0
717.7287670067801,0.0
324.70882799921645,0.0
-68.30187213096761,0.0
53.89687469059484,0.0
-556.870112620942,0.0
38.58877428641347,0.0
-453.0864684838614,0.0
-535.677367028269,0.0
-1062.979810998408,0.0
-425.44823793577365,0.0
-411.41808281198274,0.0
-1350.4757716629847,0.0
-507.68973149287956,0.0
-507.76947494961775,0.0
-167.12260823643123,0.0
-264.84561127453264,0.0
-1188.0270382983451,0.0
-229.12079501430185,0.0
-739.0576094357575,0.0
-1144.1258637606572,0.0
-1370.3289819592032,0.0
-579.269970184696,0.0
-683.9198383380078,0.0
-1351.9923697163729,0.0
-968.8332970242697,0.0
-1338.380311927961,0.0
-1638.48353020424,0.0
-1645.9190639195517,0.0
-945.5712476555053,0.0
-1138.418488861948,0.0
-1077.845913518616,0.0
-1175.6969945116202,0.0
-1265.6078969703362,0.0
-904.3703359618089,0.0
-2140.1267793994375,0.0
-964.5272855308089,0.0
-1954.1325411866019,0.0
-1428.6293610836885,0.0
-1325.3551318325756,0.0
-1379.0146206868444,0.0
-1149.4095469558713,0.0
-1805.464639151711,0.0
-578.0807300267367,0.0
-837.717253414709,0.0
-1022.2498042053103,0.0
-997.0951056348008,0.0
-1533.6468505403416,0.0
-2149.3062077738127,0.0
-2037.5908521518772,0.0
-1059.4928503767333,0.0
-2567.578130192664,0.0
-440.4661390053617,0.0
-987.64712844886,0.0
-1619.528794252072,0.0
-1419.2496061382592,0.0
-1943.635465657961,0.0
-1131.3205172146413,0.0
-779.3503942349826,0.0
-456.64364848234254,0.0
-1620.2264063628877,0.0
-440.1003305591021,0.0
-781.6142104232525,0.0
-834.7516433313967,0.0
-779.5454609835983,0.0
-571.8418519421883,0.0
165.01864528678584,0.0
82.66739076359329,0.0
-161.29180074314837,0.0
-839.5064280675412,0.0
-564.7748144715245,0.0
-30.15903548505213,0.0
-221.79411316909307,0.0
-702.057530533597,0.0
618.7105460740676,0.0
950.6938815039977,0.0
51.187766418201306,0.0
-298.95365891555826,0.0
-82.36609651822921,0.0
-526.4159460932219,0.0
-546.3943624704528,0.0
263.77382308401235,0.0
52.127998888906674,0.0
695.0162288433041,0.0
1687.315708716034,0.0
541.2779641848012,0.0
443.5373492823596,0.0
560.4577163024697,0.0
741.090999293724,0.0
1329.1148024525223,0.0
670.8664382189567,0.0
1146.9531220816543,0.0
245.1419363032254,0.0
311.2932168377605,0.0
737.744128321058,0.0
1313.7294190401576,0.0
451.8927825255724,0.0
1533.2484975019192,0.0
562.4662790876276,0.0
1190.1086554814935,0.0
1118.6378270825023,0.0
1891.7295807177964,0.0
678.2164201382564,0.0
761.7536056858219,0.0
1114.7313536372817,0.0
1647.9802563953333,0.0
1622.9554673835696,0.0
730.5833052223867,0.0
931.4552884682505,0.0
734.5678620019795,0.0
2240.315806669064,0.0
1703.5390297153374,0.0
1712.199815229364,0.0
334.1944179163535,0.0
1547.2240408579548,0.0
1302.6540975697483,0.0
1932.9668754276004,0.0
662.6379278854506,0.0
2185.858624872116,0.0
1762.8038264205777,0.0
1727.35801730227,0.0
920.0197203715632,0.0
2434.6370107388584,0.0
1560.5790636135273,0.0
1574.3165261793515,0.0
1441.6365561162324,0.0
1305.9988237064092,0.0
1478.5826224569983,0.0
1520.1328918744243,0.0
1920.8248204809224,0.0
1626.8094168282553,0.0
974.0086318828414,0.0
1387.0548364704005,0.0
1744.609867383825,0.0
961.6746088071592,0.0
1122.2251561457986,0.0
1759.064286921271,0.0
1341.6542090354774,0.0
872.0462100522636,0.0
1349.502350851655,0.0
1447.3236348358841,0.0
1327.4716309177004,0.0
1001.126553798382,0.0
1844.6551289784536,0.0
133.20896018479505,0.0
898.2553560195261,0.0
1026.904697613195,0.0
222.59932876157012,0.0
231.1877062208174,0.0
222.55558067197495,0.0
573.0229023051145,0.0
404.33021370326543,0.0
681.3844322814055,0.0
928.1643854169577,0.0
22.94359033201485,0.0
291.63563132342574,0.0
383.9889768617861,0.0
-915.2251089370012,0.0
-56.50133337476479,0.0
-860.5188325338203,0.0
-435.2118858812678,0.0
-554.0531119936029,0.0
381.6210189914635,0.0
-584.9376598545498,0.0
-653.6866445290104,0.0
-2.3887322545429583,0.0
-523.8005276625544,0.0
-1197.6719518881982,0.0
37.05512930093482,0.0
-93.56551603377056,0.0
-772.2527099767402,0.0
-1530.8104414832449,0.0
-1085.835989368747,0.0
-1273.048440390316,0.0
-70.30507988830323,0.0
-1220.839622825198,0.0
-564.7022567621696,0.0
-379.13289223375557,0.0
-889.2372157732739,0.0
-921.143362006831,0.0
-469.9075637423947,0.0
-662.9101947767817,0.0
-1917.6230302594859,0.0
-698.6062964606605,0.0
-2334.3569824951414,0.0
-1572.4832555981673,0.0
-879.5341502801127,0.0
-2191.753692235131,0.0
-807.0606062804591,0.0
-225.80864517655073,0.0
-1430.7708721996207,0.0
-2232.818910575614,0.0
-565.3016757965578,0.0
-1835.2627162057825,0.0
-2035.2020057304212,0.0
-1951.985222671821,0.0
-1702.954069219198,0.0
-1791.377522524655,0.0
-530.5141882207863,0.0
-1925.0453023535015,0.0
-2294.1582472462965,0.0
-2200.553286911154,0.0
-1652.062915997028,0.0
-611.4134340451168,0.0
-2119.988688567234,0.0
-1443.404799853792,0.0
-1021.3241903592639,0.0
-1544.221412210578,0.0
-1476.2687906567207,0.0
-1497.6816674109841,0.0
-1083.1937927510833,0.0
-1625.7552215002845,0.0
-507.8473092776653,0.0
-2105.405993443773,0.0
-666.0335279305709,0.0
-591.5028981603925,0.0
-1041.6196885649754,0.0
-1149.910149945238,0.0
-386.94091436364874,0.0
-1445.5847324680512,0.0
-1055.0492482515294,0.0
-1323.5219602802863,0.0
-722.1018991324994,0.0
-1217.7340789680638,0.0
-1094.6889404411581,0.0
-402.54003452781745,0.0
-662.1955398285636,0.0
-423.1608881407033,0.0
273.3943374879556,0.0
-1462.8093052101226,0.0
-677.2523223762635,0.0
-361.557056114708,0.0
387.06488818363727,0.0
-779.8647798756056,0.0
-219.57260012827098,0.0
167.61993966416472,0.0
-575.3293460339521,0.0
-216.32270534329632,0.0
