430.0370884327348,0.0
590.1202373617639,0.0
704.8785622775694,0.0
695.987031012928,0.0
508.40532464990247,0.0
239.83066041791943,0.0
102.22858979192254,0.0
149.73901249517144,0.0
258.00953531019627,0.0
291.0372168729467,0.0
302.83087403376055,0.0
390.65971980269086,0.0
493.3683925724134,0.0
550.4238643909254,0.0
609.0681654399156,0.0
669.6494403603441,0.0
637.3850815980542,0.0
543.7932675703221,0.0
557.2768513716395,0.0
701.598643869345,0.0
828.7458707322494,0.0
921.1331222248979,0.0
1022.8429860002304,0.0
1100.9498524285884,0.0
1148.5446906540942,0.0
1175.5467474639083,0.0
1144.8797242736562,0.0
1052.5540668164913,0.0
1012.2214248275385,0.0
1082.6693279284002,0.0
1137.786401199293,0.0
1112.026623820898,0.0
1098.113446136387,0.0
1191.3506316772593,0.0
1345.7147066443233,0.0
1434.8538879322762,0.0
1424.542523977063,0.0
1372.762490277636,0.0
1298.7062238832925,0.0
1240.6690865709602,0.0
1259.0620981351335,0.0
1337.9036108529685,0.0
1444.0822881849192,0.0
1528.4209101465433,0.0
1524.6633224174564,0.0
1466.1212147986337,0.0
1448.8151249218913,0.0
1466.5891656886945,0.0
1430.3891182106502,0.0
1350.8175141868055,0.0
1334.222466441837,0.0
1392.445875176264,0.0
1434.2826829446353,0.0
1432.8036278500686,0.0
1411.3566590962155,0.0
1348.6231036188283,0.0
1266.024536087936,0.0
1221.5556129502547,0.0
1256.5210730667088,0.0
1351.8056104187158,0.0
1343.9364897800097,0.0
1186.8459607857922,0.0
1067.5367876109383,0.0
1082.7055083668313,0.0
1158.0827388653506,0.0
1186.7111224018531,0.0
1108.7438360794104,0.0
983.9394704549147,0.0
856.9374540044372,0.0
742.7798431920079,0.0
663.5087772597889,0.0
656.2770572036983,0.0
734.9791965111111,0.0
807.3178434036377,0.0
788.1659144713747,0.0
650.8422019079776,0.0
485.66470610712275,0.0
357.0320286631037,0.0
234.2918770964373,0.0
162.781721434008,0.0
157.07718061958602,0.0
144.1106997715428,0.0
103.49787599669199,0.0
34.51419214762814,0.0
-51.03285223186877,0.0
-97.75918591290139,0.0
-99.63782213099374,0.0
-138.0101289354539,0.0
-212.63788620746598,0.0
-226.18140411976384,0.0
-211.5160538323573,0.0
-252.84425498759745,0.0
-340.29377649603856,0.0
-417.2942664664941,0.0
-475.22560237942366,0.0
-491.2171595255039,0.0
-453.16484433857687,0.0
-434.44460547222025,0.0
-465.86953397015924,0.0
-553.3025891660636,0.0
-732.9497022997576,0.0
-939.2482904343678,0.0
-1068.4877967353164,0.0
-1119.0083268957458,0.0
-1124.8097002277727,0.0
-1119.9095007026433,0.0
-1133.1006282626606,0.0
-1155.336945611261,0.0
-1145.036791797158,0.0
-1079.4025142318876,0.0
-996.4650211118155,0.0
-979.2952556049923,0.0
-1015.9005921910396,0.0
-1053.3555496724407,0.0
-1120.303253292572,0.0
-1224.133337823842,0.0
-1266.1995549837854,0.0
-1267.7005598672881,0.0
-1324.0697167184912,0.0
-1388.9576078869475,0.0
-1413.8809675759317,0.0
-1406.9004698072724,0.0
-1375.3232399766873,0.0
-1349.5151203169735,0.0
-1346.4680095544913,0.0
-1318.1450348099834,0.0
-1278.829149232104,0.0
-1295.634102127431,0.0
-1319.5916430870197,0.0
-1292.6159444555497,0.0
-1257.6921042766237,0.0
-1267.3957585233336,0.0
-1303.7397429018563,0.0
-1320.5694352178684,0.0
-1294.9363346535486,0.0
-1252.7902485515517,0.0
-1223.1543311099115,0.0
-1218.981445731639,0.0
-1231.365175551474,0.0
-1229.2185501850265,0.0
-1212.4172761007212,0.0
-1165.8219143455656,0.0
-1107.8022165220843,0.0
-1066.3731937773277,0.0
-1040.0521248632117,0.0
-993.8759901659648,0.0
-933.4280634654001,0.0
-920.9141805270631,0.0
-906.1304664103315,0.0
-820.4810461194626,0.0
-647.1370141242472,0.0
-498.34202890423387,0.0
-524.3442304717116,0.0
-622.489813573776,0.0
-595.2981083654047,0.0
-457.4459135837189,0.0
-364.9564342729605,0.0
-366.5371981298594,0.0
-398.66936911189805,0.0
-372.2322587286489,0.0
-242.46113370380027,0.0
-103.67368213131955,0.0
-41.103266913413385,0.0
57.20947792087356,0.0
219.7283089244923,0.0
310.04972651968734,0.0
355.9112786013086,0.0
431.18543409539495,0.0
490.22867912949846,0.0
544.697537475474,0.0
585.7470294371916,0.0
529.745535999769,0.0
482.5975235540018,0.0
587.1782990717612,0.0
788.0487160293965,0.0
929.6444844509493,0.0
938.1267584278665,0.0
897.2663173123038,0.0
878.8274132216499,0.0
910.065811841945,0.0
1022.6724136302308,0.0
1195.9834282068168,0.0
1330.5949447538312,0.0
1344.9442317314538,0.0
1266.9246065926022,0.0
1205.2270121849854,0.0
1212.4953839346697,0.0
1203.0826929024677,0.0
1192.8711872370386,0.0
1265.712344434693,0.0
1366.569988291091,0.0
1396.7828858379778,0.0
1335.4930967750145,0.0
1274.880908917354,0.0
1285.39645019751,0.0
1350.8237229306824,0.0
1405.9774397351862,0.0
1423.0195399825288,0.0
1404.6078787278543,0.0
1365.7002086488733,0.0
1394.4406941303118,0.0
1461.5752896570636,0.0
1470.5701207846848,0.0
1469.2895147657528,0.0
1512.792228203904,0.0
1612.1537802203666,0.0
1695.3872066745384,0.0
1631.8085357134842,0.0
1460.7278801918262,0.0
1417.3879440324365,0.0
1535.513233652511,0.0
1580.4854984205508,0.0
1508.5664354857456,0.0
1432.1767672397875,0.0
1382.5342438682326,0.0
1334.9480615614937,0.0
1267.069957809264,0.0
1183.8943763312157,0.0
1174.320648554143,0.0
1256.4912095157806,0.0
1261.4405378806239,0.0
1128.4357938556254,0.0
1016.2439136881798,0.0
977.8855479862547,0.0
899.9357391593613,0.0
800.758825264821,0.0
762.3320576056287,0.0
739.3176714112097,0.0
711.9145295510787,0.0
730.5161579474003,0.0
740.329169030001,0.0
631.9941681425738,0.0
509.8585066129411,0.0
474.8929891735319,0.0
399.4278215061745,0.0
217.35314107438955,0.0
93.44015433184192,0.0
147.73254643322517,0.0
244.3048876885789,0.0
249.57212108549794,0.0
196.32677100570544,0.0
126.26564427960595,0.0
74.5251056735352,0.0
70.42193601930549,0.0
67.66878826599965,0.0
46.767044563229945,0.0
-16.818596579160534,0.0
-140.78697171077522,0.0
-262.51088338163953,0.0
-377.321043004869,0.0
-506.5637007276894,0.0
-562.2570228283907,0.0
-536.5420305238688,0.0
-493.2398227701594,0.0
-477.76307222590805,0.0
-521.6554894036676,0.0
-601.1058496935308,0.0
-675.0530971621184,0.0
-706.757654477335,0.0
-725.2479742723413,0.0
-826.8479509265868,0.0
-950.2257843531132,0.0
-959.2793797358313,0.0
-933.3526075519455,0.0
-946.048329112058,0.0
-978.7406269830338,0.0
-1026.7303929254774,0.0
-1023.8017837162286,0.0
-956.0735024271177,0.0
-947.1846606751972,0.0
-1070.3695434094898,0.0
-1240.2905856927118,0.0
-1348.2226804961497,0.0
-1377.6621813681393,0.0
-1363.8344902818253,0.0
-1319.4354335262033,0.0
-1259.5638776200851,0.0
-1169.0449665266474,0.0
-1080.5246164757896,0.0
-1113.331592180596,0.0
-1257.121190545986,0.0
-1379.1959923958834,0.0
-1389.3292880533736,0.0
-1329.764747896533,0.0
-1251.1300569120692,0.0
-1208.3060059428533,0.0
-1196.5513167800257,0.0
-1206.5006737795895,0.0
-1275.2331820711704,0.0
-1345.809542129502,0.0
-1339.7862834688717,0.0
-1236.1065396523093,0.0
-1093.3251187510052,0.0
-1005.36842047745,0.0
-994.3667257248857,0.0
-1015.0747646498777,0.0
-1021.5282957843394,0.0
-1019.7376190677057,0.0
-966.1391327873606,0.0
-845.3057851492409,0.0
-755.5970097814734,0.0
-711.0260485221473,0.0
-699.6122285124843,0.0
-717.6088477332546,0.0
-706.842051256671,0.0
-656.2455671095933,0.0
-575.2848169958401,0.0
-465.2606487007474,0.0
-361.8174263083207,0.0
-261.9211919737824,0.0
-219.82133483073258,0.0
-258.9224016260814,0.0
-307.56748449712376,0.0
-296.73164481041727,0.0
-197.76974418891604,0.0
-102.3229302289202,0.0
-95.46798716180362,0.0
-117.53016965045771,0.0
-73.65753280296272,0.0
41.57701200500514,0.0
132.4839828247309,0.0
139.85572611062156,0.0
130.83479246037578,0.0
203.29749317006844,0.0
387.59588946091816,0.0
578.8655510226216,0.0
643.286237735432,0.0
566.4383114581284,0.0
500.16658439324107,0.0
564.5046336167468,0.0
655.9621766223888,0.0
691.4111092471516,0.0
712.695932641086,0.0
757.6140071663185,0.0
804.0237119564654,0.0
796.5956031859168,0.0
807.8765005434946,0.0
934.8641805863227,0.0
1085.9710999384565,0.0
1169.2020303954519,0.0
1230.3145502955608,0.0
1260.133436435145,0.0
1228.7801595867552,0.0
1198.3249255268704,0.0
1222.1137091466799,0.0
1258.838523762931,0.0
1268.0973951490687,0.0
1259.7471559980734,0.0
1197.9955232671875,0.0
1141.636212443306,0.0
1229.8052722240718,0.0
1409.1376418220514,0.0
1556.165670882822,0.0
1689.3118141793614,0.0
1795.2314984843406,0.0
1799.5181581625409,0.0
1722.580739943671,0.0
1654.8789959317533,0.0
1657.1324477347164,0.0
1677.059022795341,0.0
1600.76278538268,0.0
1460.8929160411456,0.0
1353.0929455902458,0.0
1288.9047522828694,0.0
1268.5077992986448,0.0
1315.623861854721,0.0
1408.1442712831697,0.0
1435.5641436555434,0.0
1423.7701000643906,0.0
1457.9498669438233,0.0
1512.8931434954882,0.0
1515.1940623352973,0.0
1424.778360951,0.0
1278.7898088459933,0.0
1184.5493346124379,0.0
1185.4789178683407,0.0
1193.2474443177741,0.0
1149.1987861890532,0.0
1088.7404041809234,0.0
1053.8786082821666,0.0
1061.4578311525445,0.0
1069.2711305092096,0.0
1065.1826713588416,0.0
1102.0328866956463,0.0
1152.792086915567,0.0
1118.1902721358792,0.0
987.9325527945009,0.0
857.2178543583143,0.0
812.0217350936146,0.0
764.520152384215,0.0
608.6514883595331,0.0
442.2824613669253,0.0
353.3699765375848,0.0
315.1884980850588,0.0
372.68522020125437,0.0
485.0535963537769,0.0
519.1642133229958,0.0
452.27836464084356,0.0
321.7726738278633,0.0
192.5281990007142,0.0
144.62005840718783,0.0
140.2685593247632,0.0
73.0315218431191,0.0
9.955616802392562,0.0
38.817411029805726,0.0
71.79027488776946,0.0
-13.424284334077802,0.0
-203.03272297454467,0.0
-364.04551447298206,0.0
-448.2137290211419,0.0
-494.00985648277265,0.0
-510.5110609258216,0.0
-493.66530764193095,0.0
-507.8683882270627,0.0
-590.1377553678296,0.0
-636.0477621887865,0.0
-622.2785064703852,0.0
-667.3079147907382,0.0
-779.9008829173811,0.0
-829.8775696538576,0.0
-803.3820499403004,0.0
-827.0767411757043,0.0
-925.164842458226,0.0
-947.4147410267203,0.0
-868.1454244393822,0.0
-882.7713003148682,0.0
-1033.060442062474,0.0
-1173.0019228728374,0.0
-1197.4904612986422,0.0
-1121.0129829849272,0.0
-1122.5294187580862,0.0
-1255.3605545265045,0.0
-1355.5181344782648,0.0
-1388.7446448425956,0.0
-1423.1777460712951,0.0
-1430.5389713651614,0.0
-1392.7803039658818,0.0
-1350.0307366119623,0.0
-1277.7043854744015,0.0
-1200.5683067217522,0.0
-1162.2696676155722,0.0
-1158.5062585295773,0.0
-1191.3855388033244,0.0
-1207.8893506184208,0.0
-1165.9435531434747,0.0
-1088.8025638773508,0.0
-1020.5612454604394,0.0
-1013.7446625466273,0.0
-1079.4422551597022,0.0
-1237.331483484067,0.0
-1388.2808717186688,0.0
-1363.1664005554703,0.0
-1231.7150486250591,0.0
-1161.7395800798574,0.0
-1123.8105945575792,0.0
-1046.5776935819208,0.0
-1022.3936604959534,0.0
-1070.313713249338,0.0
-1090.8572736567294,0.0
-1009.0152626968346,0.0
-875.9631163731367,0.0
-833.6426886333478,0.0
-857.7025692747821,0.0
-781.2398721959175,0.0
-604.0416238321291,0.0
-407.231424093462,0.0
-235.06690269637565,0.0
-172.76714981259752,0.0
-210.4230276514065,0.0
-252.33868343660188,0.0
-253.42406939823536,0.0
-187.85345318549827,0.0
-43.24552048713738,0.0
77.04196856714476,0.0
52.381140551785855,0.0
-63.7316728060725,0.0
-87.51087029034393,0.0
48.83063012938249,0.0
219.53070072963683,0.0
287.7052302350636,0.0
288.9924956196524,0.0
357.07466707157147,0.0
479.09772749104326,0.0
551.2943587011354,0.0
531.4310310920995,0.0
476.40366740853193,0.0
474.00492209158756,0.0
584.4555538496265,0.0
816.4189969848368,0.0
1059.6299704200244,0.0
1109.3005332848732,0.0
944.0237942454071,0.0
773.8118166287339,0.0
766.5773734270845,0.0
901.652574412182,0.0
1070.7054363407344,0.0
1192.520881165228,0.0
1257.6706682445392,0.0
1379.5613429120117,0.0
1469.5016016504758,0.0
1383.794278439797,0.0
1272.9782558116924,0.0
1251.31132628912,0.0
1281.7894306693765,0.0
1315.6727817453848,0.0
1341.7767863034817,0.0
1348.5051323154917,0.0
1382.417305061276,0.0
1505.7498662741136,0.0
1636.9986879520382,0.0
1637.2891100695308,0.0
1551.9419620057517,0.0
1536.102157326212,0.0
1520.184645303746,0.0
1387.5718051866347,0.0
1273.6700018391402,0.0
1305.9019388257443,0.0
1413.9007291924038,0.0
1506.3141756810855,0.0
1556.0403499182773,0.0
1574.8675632504642,0.0
1582.0977886208516,0.0
1595.178653299496,0.0
1613.714622715534,0.0
1606.510457537353,0.0
1550.7830190170578,0.0
1489.391960032388,0.0
1453.4193183535203,0.0
1428.2102993421572,0.0
1367.6782321179726,0.0
1324.0650739465239,0.0
1391.9009489339303,0.0
1484.4321783152427,0.0
1464.0137647192755,0.0
1355.6149584222414,0.0
1289.154865648082,0.0
1292.213091835384,0.0
1275.5021561445778,0.0
1248.6337753409566,0.0
1221.258971469372,0.0
1166.1263695035627,0.0
1151.150993565883,0.0
1150.8355435984042,0.0
1067.2669416154836,0.0
937.9782502290487,0.0
864.9175974962816,0.0
856.1100868680231,0.0
849.930186527478,0.0
827.2504739549927,0.0
770.8817384299142,0.0
650.1224195159039,0.0
515.6644732435935,0.0
398.3139712138972,0.0
321.76337757233534,0.0
333.715674103895,0.0
330.2358995435856,0.0
232.6416384846092,0.0
144.1141103159567,0.0
146.06798570261353,0.0
119.5950572129136,0.0
-34.774603307689816,0.0
-156.66909021271118,0.0
-159.88164538358453,0.0
-189.85548018847626,0.0
-278.89316873895444,0.0
-327.87531690263125,0.0
-309.89026472421875,0.0
-317.0584709030472,0.0
-383.34461181294546,0.0
-419.26469739643693,0.0
-428.38455878601116,0.0
-492.6757960675793,0.0
-578.6182930062672,0.0
-621.3775833757996,0.0
-642.1975286808138,0.0
-661.2133350399685,0.0
-654.6691481419839,0.0
-671.5143380602658,0.0
-709.4040619964587,0.0
-702.8609189831617,0.0
-683.664431795939,0.0
-713.0553209575174,0.0
-854.6958489575403,0.0
-1087.451795636487,0.0
-1227.7271844947124,0.0
-1182.4059382805094,0.0
-1010.2427614672646,0.0
-847.5362102166474,0.0
-812.6988067914759,0.0
-885.1967057696487,0.0
-976.5890068304898,0.0
-1043.6930442652813,0.0
-1084.7771835457595,0.0
-1139.8595378199823,0.0
-1201.9061156262753,0.0
-1202.415430107393,0.0
-1149.876848026871,0.0
-1161.1003559829403,0.0
-1276.4452981117877,0.0
-1333.0819811920949,0.0
-1273.5967597862139,0.0
-1215.7684345861653,0.0
-1166.3356196163554,0.0
-1124.9451347013112,0.0
-1109.772312160255,0.0
-1040.0685837710255,0.0
-931.5425902902683,0.0
-896.8619298513576,0.0
-949.6922579962777,0.0
-1050.706675332435,0.0
-1134.8853043565646,0.0
-1095.1493596308121,0.0
-909.7563646076146,0.0
-734.9326857341199,0.0
-697.8333165064422,0.0
-726.6653963778768,0.0
-753.0427954206006,0.0
-757.1075331684494,0.0
-664.5052826618083,0.0
-538.5856596722332,0.0
-553.8516297492806,0.0
-654.242372400889,0.0
-681.6909140853599,0.0
-603.1586475639419,0.0
-513.8923120050104,0.0
-457.6954632356346,0.0
-328.3391726889921,0.0
-99.06567856501981,0.0
35.552880278029946,0.0
-5.46354271577634,0.0
-62.95645154899367,0.0
-33.38590276142436,0.0
28.931283588482998,0.0
100.78406204080711,0.0
142.2863155817782,0.0
117.17706210821295,0.0
113.46744119636554,0.0
162.76583655813093,0.0
204.13240870245085,0.0
245.9387711287319,0.0
367.4804636834662,0.0
521.6264606786298,0.0
587.3842008532041,0.0
576.1849253028086,0.0
546.10666454657,0.0
549.2555072609022,0.0
661.9292316951421,0.0
794.6084933033285,0.0
836.8197962767066,0.0
835.6019040215762,0.0
861.4234464970377,0.0
903.3186139838953,0.0
928.6737501904765,0.0
994.4785617194086,0.0
1094.0267320617227,0.0
1177.9569780835966,0.0
1262.2259975930735,0.0
1311.33026012777,0.0
1261.0759255961866,0.0
1173.1615489624462,0.0
1159.9534708479555,0.0
1276.506301472624,0.0
1400.9474962781017,0.0
1471.0999288077544,0.0
1556.2063869548656,0.0
1624.1846635532938,0.0
1599.0907596327036,0.0
1487.1713941451305,0.0
1382.5899611828177,0.0
1361.8286516708017,0.0
1419.9166079087931,0.0
1524.0434489289607,0.0
1662.0377859046496,0.0
1781.9199706907627,0.0
1809.8961293458929,0.0
1752.0794390486942,0.0
1683.147669785402,0.0
1597.1343239236937,0.0
1533.2407694168455,0.0
1507.7861948081745,0.0
1458.9355740703527,0.0
1434.1671105588216,0.0
1473.1669086009579,0.0
1519.4901504375002,0.0
1543.2221868594056,0.0
1541.3534449567792,0.0
1507.8981300466537,0.0
1481.648325807728,0.0
1436.6501886304156,0.0
1364.5565550317463,0.0
1340.8420518539572,0.0
1400.1491937137457,0.0
1484.6028392413448,0.0
1474.7795781596494,0.0
1378.4827507974371,0.0
1280.761337994336,0.0
1143.2150669808914,0.0
1011.5767639678277,0.0
1002.2844034401969,0.0
1029.19245347589,0.0
955.9417497575218,0.0
877.8493233688515,0.0
912.8975813929075,0.0
937.4332789474646,0.0
886.2086246189314,0.0
871.2517452887812,0.0
878.497733936121,0.0
782.0070659401359,0.0
600.6115855047336,0.0
417.5521219714692,0.0
294.9021581304645,0.0
289.9796467109482,0.0
415.46223498830176,0.0
581.6342890216289,0.0
659.6691202067059,0.0
601.4980795201226,0.0
423.0282683527058,0.0
180.41720518762463,0.0
-30.21429355730127,0.0
-170.72386002954562,0.0
-215.25722745551874,0.0
-117.18023366057778,0.0
1.5445057382601164,0.0
10.227373409410875,0.0
-57.329929544861926,0.0
-155.43985476911797,0.0
-223.88150796263508,0.0
-266.92752601634095,0.0
-382.05249157751473,0.0
-525.4805143912804,0.0
-610.7280929851845,0.0
-622.5310322332964,0.0
-582.6583405054276,0.0
-593.8227103579708,0.0
-670.3369933160338,0.0
-726.0300263844305,0.0
-780.2126331401756,0.0
-874.4257259155321,0.0
-921.93490372708,0.0
-895.8134459032569,0.0
-861.5549082001222,0.0
-841.0458033509766,0.0
-836.5552265199336,0.0
-876.9676059789566,0.0
-1025.5615576670043,0.0
-1186.2810028933166,0.0
-1164.2063304269468,0.0
-1036.974441564831,0.0
-1036.920388991503,0.0
-1146.5134838281642,0.0
-1177.065485345471,0.0
-1101.5088064870677,0.0
-997.4728089225218,0.0
-911.0714302201991,0.0
-967.3338816207453,0.0
-1154.0469175301682,0.0
-1270.3143698449298,0.0
-1255.5636597889295,0.0
-1226.6450542473117,0.0
-1241.8491624729613,0.0
-1156.304369527797,0.0
-951.8600427119039,0.0
-845.2780898699266,0.0
-895.1219506011201,0.0
-969.9575737022648,0.0
-981.8026395630976,0.0
-982.9918133023415,0.0
-991.9806198575017,0.0
-920.6300669492657,0.0
-767.132233163887,0.0
-629.4031845431117,0.0
-575.5823268484379,0.0
-604.2694708402871,0.0
-699.2164593016242,0.0
-791.5270518868033,0.0
-803.9006557061366,0.0
-701.8073405976453,0.0
-514.9641531695844,0.0
-401.96842329877643,0.0
-418.2968736308227,0.0
-414.76029853956214,0.0
-336.08254293586185,0.0
-274.85535718581593,0.0
-229.42960996542598,0.0
-173.08983457506713,0.0
-127.03114940586553,0.0
-86.67379818396137,0.0
-45.30599275036963,0.0
18.396723530097887,0.0
56.68996159568777,0.0
67.64482364419905,0.0
132.73922498217172,0.0
223.6229941948109,0.0
275.97942648845753,0.0
317.14067152556174,0.0
423.09688885753593,0.0
553.0014382523456,0.0
617.2206169406779,0.0
615.2040704976192,0.0
573.3130852838183,0.0
542.8572700693684,0.0
531.5474288351791,0.0
512.578687859099,0.0
570.358687347699,0.0
697.1726932495365,0.0
757.5879347770076,0.0
826.5574973782374,0.0
964.53915956299,0.0
1044.7899550652394,0.0
1061.7261785340086,0.0
1109.5867179113152,0.0
1212.303139720024,0.0
1307.2246299413473,0.0
1305.7829910967482,0.0
1281.6529859601133,0.0
1360.1235692685484,0.0
1442.1906747521718,0.0
1399.0075597548475,0.0
1352.8186962174157,0.0
1482.596842493395,0.0
1642.5210379894704,0.0
1597.116147679294,0.0
1442.4397268947266,0.0
1425.19337784836,0.0
1555.5047277157448,0.0
1687.1303465315054,0.0
1758.7289319182737,0.0
1767.7607625881888,0.0
1747.8128775390057,0.0
1727.5691740684995,0.0
1711.4615638321948,0.0
1738.7745427740563,0.0
1768.471518147964,0.0
1718.5354584775268,0.0
1696.0243932666397,0.0
1782.0755358607908,0.0
1882.1651109047164,0.0
1866.5279307938756,0.0
1793.5321231422683,0.0
1816.5901138533352,0.0
1912.4982725275477,0.0
1913.72106738118,0.0
1753.2483576688212,0.0
1587.3205934723103,0.0
1567.2221968401543,0.0
1615.4358478788693,0.0
1651.0551730349196,0.0
1676.994784718376,0.0
1602.6781973175284,0.0
1500.9876931057722,0.0
1483.490449691864,0.0
1461.6417018898057,0.0
1344.7184474464123,0.0
1236.8630687897246,0.0
1251.3240428223319,0.0
1279.4995632427479,0.0
1180.9706727522832,0.0
980.9669293574945,0.0
840.088681444938,0.0
820.0185635520919,0.0
815.3477799441441,0.0
781.321783529202,0.0
757.4611064501868,0.0
769.8990679497706,0.0
815.0284375509165,0.0
846.341065298074,0.0
785.7497193040894,0.0
663.0790599174445,0.0
607.668255350701,0.0
628.1494564617966,0.0
591.4085397687178,0.0
433.91917722701334,0.0
292.94818644083966,0.0
288.81700097166726,0.0
355.6863488488284,0.0
367.1362109865599,0.0
250.7076131637904,0.0
83.15373834490939,0.0
-23.066371449033234,0.0
-53.23307994287588,0.0
-42.110269563839864,0.0
-28.922144034724184,0.0
-56.53390035116421,0.0
-157.5329032469741,0.0
-287.6944771002945,0.0
-354.87297735763775,0.0
-354.16350962830273,0.0
-348.82611536995415,0.0
-329.1095634534256,0.0
-301.077136374759,0.0
-347.77371198563856,0.0
-452.2450168976086,0.0
-540.5581728059138,0.0
-623.9862226335241,1.0
-676.0900437125439,0.0
-678.3626899734794,0.0
-594.8164003493246,0.0
-408.4811765841169,0.0
-328.4476492981015,0.0
-518.2648656522604,0.0
-782.3969656753413,0.0
-924.6925543175445,0.0
-1010.2572228959285,0.0
-1124.2650253682284,0.0
-1189.390733030783,0.0
-1160.8202804958187,0.0
-1088.6549338050822,0.0
-1061.2524101509089,0.0
-1075.957451738784,0.0
-1075.8533144088708,0.0
-1054.9226537825864,0.0
-1006.091905130036,0.0
-974.2481944365807,0.0
-1006.6686244682236,0.0
-1069.0583478872793,0.0
-1110.743001916127,0.0
-1141.6779948743258,0.0
-1114.850542812025,0.0
-988.600640354271,0.0
-897.3470498064264,0.0
-917.2574283324772,0.0
-920.0773491082122,0.0
-846.5205478367616,0.0
-735.4912482747244,0.0
-619.1771495052371,0.0
-544.4759694692348,0.0
-556.7009496956831,0.0
-673.0996026591457,0.0
-784.395868013485,0.0
-816.5519932469193,0.0
-822.0873051552658,0.0
-776.6574304264443,0.0
-642.9728405035596,0.0
-494.1348853041293,0.0
-396.27900916639004,0.0
-345.1815991385275,0.0
-367.26630136455964,0.0
-457.7622624483059,0.0
-449.34781612860405,0.0
-254.2619787118729,0.0
-101.51679046433547,0.0
-153.4032960788123,0.0
-252.8009704107083,0.0
-248.56188991391923,0.0
-153.99837868069713,0.0
-3.3200035016397753,0.0
147.63345046192615,0.0
221.81255436911763,0.0
222.19918607592655,0.0
264.70953224155693,0.0
424.5891869620297,0.0
600.7804158107687,0.0
655.3159325423813,0.0
619.3994799091079,0.0
635.2312182538849,0.0
691.4745010938527,0.0
720.6326311791388,0.0
746.4971102528342,0.0
777.8493648564048,0.0
824.7743427118518,0.0
910.0867095099683,0.0
983.533393957194,0.0
960.733615695334,0.0
853.8106313722178,0.0
791.6315025645949,0.0
849.0970539566838,0.0
942.8492017948298,0.0
1051.2721888632311,0.0
1162.5286231606167,0.0
1186.6772986165586,0.0
1216.6838305873687,0.0
1278.8214017570567,0.0
1314.0108623178244,0.0
1388.7929023873562,0.0
1489.2445796472693,0.0
1561.8707149619845,0.0
1555.7547033693365,0.0
1450.6211571883873,0.0
1319.5720953453706,0.0
1282.8619003431033,0.0
1426.0386336894596,0.0
1660.9846696398563,0.0
1850.653539191206,0.0
1927.536361267803,0.0
1892.0017888141745,0.0
1828.8149827316008,0.0
1790.4322530291986,0.0
1798.4121589662132,0.0
1843.4238283512057,0.0
1850.0664982578505,0.0
1796.3055662696709,0.0
1759.5892485537393,0.0
1802.521371786262,0.0
1862.9369633318004,0.0
1842.4503510581578,0.0
1766.6341652504088,0.0
1751.5029787776305,0.0
1814.3832177033948,0.0
1841.537551221712,0.0
1768.0747129256208,0.0
1649.4941750669934,0.0
1551.310060446241,0.0
1483.938640778265,0.0
1466.4013432429797,0.0
1548.745283394277,0.0
1659.5614748602031,0.0
1651.2576581080941,0.0
1548.118983181923,0.0
1461.3664844806544,0.0
1379.0397202842694,0.0
1298.27895278012,0.0
1227.8970831147499,0.0
1149.2667052252873,0.0
1148.0222225465054,0.0
1195.1860861565503,0.0
1150.2054590175928,0.0
1017.2698795566031,0.0
894.6162033222644,0.0
873.4539961026215,0.0
914.4428444225265,0.0
886.4946033872319,0.0
778.4349668907338,0.0
704.8228755614649,0.0
756.348345536734,0.0
843.3675512676679,0.0
840.028018642453,0.0
800.6124067879705,0.0
758.8266250007862,0.0
661.9725498490426,0.0
492.31772080437315,0.0
325.80894906160995,0.0
259.1702043390601,0.0
244.88481727650327,0.0
205.904652125432,0.0
159.07213746553091,0.0
90.45985093921547,0.0
8.21041068433963,0.0
-33.174318188447614,0.0
-10.358670343885509,0.0
18.255029719746258,0.0
-11.1277625577776,0.0
-46.34510933752933,0.0
-35.98249177686127,0.0
-58.87923652335846,0.0
-159.33963690054944,0.0
-277.7788642327916,0.0
-403.0587148171345,0.0
-502.2161066884519,0.0
-473.880044977668,0.0
-368.8153492231681,0.0
-353.1948078686248,0.0
-435.8308854286328,0.0
-527.7838448849042,0.0
-595.4923812489424,0.0
-655.0914449700639,0.0
-713.3309577399375,0.0
-749.9548007120965,0.0
-711.2504414403056,0.0
-633.4201025368562,0.0
-654.1721055596827,0.0
-736.6077692118332,0.0
-784.3274592238881,0.0
-806.6239871969567,0.0
-857.4119095072688,0.0
-980.8052106903893,0.0
-1030.8447442493543,0.0
-935.2400416081729,0.0
-916.8917425154555,0.0
-1065.9929833800784,0.0
-1221.1584033255003,0.0
-1266.9655340010495,0.0
-1246.3703879515022,0.0
-1213.21577633405,0.0
-1120.589324460042,0.0
-990.6636356308584,0.0
-933.4624874394839,0.0
-945.5581219713897,0.0
-911.592559222064,0.0
-824.7294307104373,0.0
-821.6007503740409,0.0
-960.5186082707415,0.0
-1081.997853867288,0.0
-1033.1850993978921,0.0
-866.4290572379322,0.0
-727.0955618590675,0.0
-660.2453515311109,0.0
-632.6874233907403,0.0
-607.03211694867,0.0
-587.7118910884001,0.0
-573.6914200180237,0.0
-521.8491361244929,0.0
-443.5755952774464,0.0
-386.83948797950586,0.0
-317.0811485047825,0.0
-210.0747296745143,0.0
-124.54686136497529,0.0
-132.99423707503428,0.0
-189.58596381508394,0.0
-220.90093309208538,0.0
-225.2145098767035,0.0
-139.8431976947663,0.0
40.63009932330719,0.0
136.83808829469646,0.0
131.26497874891373,0.0
148.06114830711465,0.0
187.57744460295964,0.0
256.187117240071,0.0
357.8573905880239,0.0
418.8831156979061,0.0
443.0400961922622,0.0
438.26226925403245,0.0
412.93390676348355,0.0
456.63880000258376,0.0
593.238059163001,0.0
734.8822803441674,0.0
832.8150039825528,0.0
902.8683955638072,0.0
935.6281215610785,0.0
920.4204379762966,0.0
911.8284118029668,0.0
948.8890709506438,0.0
982.1932195697221,0.0
1004.534203147945,0.0
1019.8889019720064,0.0
1044.9477211766286,0.0
1113.6715455196086,0.0
1182.9434999274918,0.0
1246.0289655455276,0.0
1340.639253819505,0.0
1402.4190963342328,0.0
1363.604933917953,0.0
1286.429300754306,0.0
1266.6191697006025,0.0
1373.0554738516723,0.0
1549.0858378605371,0.0
1641.952947825199,0.0
1591.4059364004781,0.0
1526.557468489639,0.0
1573.1039453655883,0.0
1701.8247367791512,0.0
1767.582876098141,0.0
1750.9956101894493,0.0
1787.0700992329653,0.0
1858.1136768283225,0.0
1880.2392917875538,0.0
1880.1989772671309,0.0
1858.7747441872098,0.0
1860.9455283172404,0.0
1921.8784834195517,0.0
1919.7766992596064,0.0
1823.135198074295,0.0
1760.2549573316414,0.0
1785.7682733275608,0.0
1795.439006574992,0.0
1711.385603436687,0.0
1649.2095478862548,0.0
1696.5824658872828,0.0
1729.218327962398,0.0
1671.985444300124,0.0
1608.7764467911334,0.0
1596.0594812251095,0.0
1622.5544447921957,0.0
1629.8199898540656,0.0
1587.98146320311,0.0
1537.6414349952338,0.0
1539.9239239866736,0.0
1560.600719935237,0.0
1480.5723112153617,0.0
1277.4660376082336,0.0
1111.11126904106,0.0
1139.9559091961692,0.0
1235.5128208712708,0.0
1210.00083266717,0.0
1123.1335790196422,0.0
1083.4118986509352,0.0
1081.911957000206,0.0
1114.0758599784876,0.0
1191.020275034192,0.0
1249.0746520895568,0.0
1219.263910645709,0.0
1108.468905899533,0.0
970.0277783388431,0.0
845.6730746232388,0.0
765.7770288882518,0.0
782.852381388329,0.0
802.5414385319664,0.0
693.9279763710108,0.0
551.1211092389476,0.0
518.989815451824,0.0
587.9972970779282,0.0
609.2683158511411,0.0
515.3434286817991,0.0
422.663200031495,0.0
361.6428439014736,0.0
266.98652473199445,0.0
155.82138716420704,0.0
36.83349220381704,0.0
-50.492163071434184,0.0
-120.20547885653241,0.0
-216.42498032321464,0.0
-269.3931821366947,0.0
-304.5001904449478,0.0
-402.3347994400236,0.0
-513.1569757179795,0.0
-549.7657121054451,0.0
-511.40849879207275,0.0
-518.0146895631487,0.0
-644.0826078816762,0.0
-694.6998195475713,0.0
-589.7712330937403,0.0
-525.6241669914949,0.0
-567.3975995257998,0.0
-594.1549554898197,0.0
-580.5932568973469,0.0
-623.6788621538667,0.0
-697.1496875942532,0.0
-709.2740540321448,0.0
-714.5190347207752,0.0
-710.7358946490947,0.0
-659.6845854466959,0.0
-633.5099901178494,0.0
-681.3092835198404,0.0
-755.3264789371206,0.0
-799.0808431283438,0.0
-823.3389713355009,0.0
-810.0797987917294,0.0
-774.8960662312905,0.0
-796.7834959207621,0.0
-836.9921478853862,0.0
-849.8379432170523,0.0
-874.3984368299807,0.0
-875.1245035876318,0.0
-777.3693565972518,0.0
-687.5207133199312,0.0
-726.7597670480556,0.0
-780.0506924246331,0.0
-772.9370976157122,0.0
-792.2984861006508,0.0
-843.8593231243316,0.0
-824.7888668430211,0.0
-729.055514371437,0.0
-662.974292341714,0.0
-674.4242348956553,0.0
-731.4635397917664,0.0
-717.6416361146706,0.0
-574.717275887886,0.0
-490.43176171092273,0.0
-581.7824650753306,0.0
-668.3883107330133,0.0
-611.1172155741846,0.0
-442.42308274037816,0.0
-298.98929107800836,0.0
-282.7355618378279,0.0
-324.09504979915147,0.0
-290.5966365136097,0.0
-120.96213113761048,0.0
109.26185953533226,0.0
243.7243113736275,0.0
197.21400182554123,0.0
85.47106820352774,0.0
82.21727872888489,0.0
168.4015149850625,0.0
224.0215542000401,0.0
214.48974846024595,0.0
189.17561882998268,0.0
202.92470100883017,0.0
243.60568434085928,0.0
302.4287454676309,0.0
395.2183120249624,0.0
518.4734557106265,0.0
642.752774239724,0.0
716.3146574564654,0.0
749.6397285296241,0.0
852.850554824161,0.0
1030.625239914493,0.0
1158.8809748064234,0.0
1213.5105722455667,0.0
1229.7732904490624,0.0
1266.3135589552535,0.0
1365.9745613224059,0.0
1424.0196867132274,0.0
1407.160156424444,0.0
1381.69246942281,0.0
1349.9129147318567,0.0
1317.480533276546,0.0
1379.8078093815893,0.0
1594.945760208266,0.0
1811.6661001718153,0.0
1852.5619417201322,0.0
1757.2367864115595,0.0
1700.8343921711853,0.0
1763.6309429289488,0.0
1879.4538869685848,0.0
1945.0326168019847,0.0
1944.4194104263336,0.0
1925.0441765414112,0.0
1927.1798586130262,0.0
2012.334936388835,0.0
2165.1249076916574,0.0
2210.5864615384444,0.0
2063.8141708509906,0.0
1917.3753846908996,0.0
1892.6429098981641,0.0
1929.233360934842,0.0
1986.5452166739171,0.0
2025.3285371395339,0.0
1983.0080165607105,0.0
1886.0533003668231,0.0
1881.3701738090003,0.0
1950.0921446990214,0.0
1914.4799474219235,0.0
1793.4678392874641,0.0
1737.0367466949833,0.0
1781.9079122435965,0.0
1852.3277953952093,0.0
1903.7345623300394,0.0
1933.3493919757589,0.0
1903.812846678672,0.0
1830.6195126191008,0.0
1760.3042861036038,0.0
1720.082400249923,0.0
1715.9018813548932,0.0
1695.0943059535682,0.0
1649.5406946010378,0.0
1633.4499455008956,0.0
1617.1199029885595,0.0
1560.6912110747055,0.0
1454.6784203570826,0.0
1363.2326910167226,0.0
1345.2163982473248,0.0
1350.2606409232474,0.0
1294.92092886543,0.0
1140.1442713925037,0.0
992.687789781946,0.0
946.4066306211542,0.0
944.6012975627649,0.0
931.3821867031554,0.0
907.040009964321,0.0
876.0262986504614,0.0
847.7820804940523,0.0
809.9077876111459,0.0
773.0811583919171,0.0
755.5180132665893,0.0
686.4940923401067,0.0
537.1623398114812,0.0
406.440924458222,0.0
390.65438369315115,0.0
463.7088008631631,0.0
556.064851121918,0.0
572.1193676268272,0.0
436.67314878255496,0.0
225.31598255523156,0.0
83.08290499473908,0.0
1.3409665865584635,0.0
-78.76183873888718,0.0
-92.89309614415517,0.0
-32.525578633769214,0.0
-20.694494137722952,0.0
-111.95683585096559,0.0
-249.86583925816873,0.0
-359.20564727533986,0.0
-421.2914455941949,0.0
-435.4257915120682,0.0
-451.12069148038034,0.0
-530.7972368760394,0.0
-642.2647640523378,0.0
-722.8075470639402,0.0
-721.0091048991108,0.0
-625.8774989711994,0.0
-565.8278630060144,0.0
-662.2424930024547,0.0
-806.4868729412473,0.0
-854.1475070792781,0.0
-814.1735407539252,0.0
-765.5394100123345,0.0
-735.4324039365116,0.0
-700.8728806401076,0.0
-648.9712110731056,0.0
-615.1129317814889,0.0
-623.4276097825557,0.0
-653.3151947780494,0.0
-684.839215977259,0.0
-721.078177920296,0.0
-772.3468140849543,0.0
-867.0562206669133,0.0
-978.4440088296911,0.0
-1037.6709757867745,0.0
-1016.3022175644614,0.0
-936.728967493522,0.0
-863.1729223643792,0.0
-860.0355926582724,0.0
-880.5576440008466,0.0
-829.391417603982,0.0
-761.5670073287754,0.0
-796.4347474556021,0.0
-854.31600592581,0.0
-808.2366441687558,0.0
-694.853429728124,0.0
-618.3095482395861,0.0
-616.1505834352657,0.0
-638.5135961736371,0.0
-611.5961076259995,0.0
-517.955317464146,0.0
-409.52964872116235,0.0
-310.40081385627406,0.0
-265.7036309439816,0.0
-315.6334924313499,0.0
-396.63779478441984,0.0
-435.09207772147965,0.0
-416.05641354263247,0.0
-361.1650769073252,0.0
-332.6230879652231,0.0
-356.8670283278312,0.0
-318.99248347863255,0.0
-148.57029571142235,0.0
32.87449000337855,0.0
109.95009128282823,0.0
142.34382130985762,0.0
190.3955612911459,0.0
233.42303724922985,0.0
300.62940676151646,0.0
