22059.573245691263,0.0
21902.025931560685,0.0
21752.27118766833,0.0
20197.465463004984,0.0
15058.785652869161,0.0
7586.641895343458,0.0
2421.15206486349,0.0
772.6386065192257,0.0
525.5757245611524,0.0
372.68386971766483,0.0
223.68591441700434,0.0
260.06328610780133,0.0
488.1214370320561,0.0
805.5506272825937,0.0
1029.9554245218958,0.0
984.9150446274917,0.0
800.6948909117585,0.0
736.828113894193,0.0
827.671875379498,0.0
952.5857763504987,0.0
1054.985985896854,0.0
1127.5452233183053,0.0
1173.8853077474255,0.0
1207.6175013517955,0.0
1247.622019757502,0.0
1362.9768884745104,0.0
1525.120421886256,0.0
1652.0225524085865,0.0
1727.0332582400615,0.0
1776.411807333239,0.0
1828.3124573306804,0.0
1804.790761057465,0.0
1677.9307939787248,0.0
1614.072349441755,0.0
1675.6742231996866,0.0
1733.2684876313824,0.0
1742.4133155485727,0.0
1773.1324264051684,0.0
1891.3023122666298,0.0
2079.6322535889226,0.0
2205.905526216982,0.0
2193.1202423985055,0.0
2141.1947453674775,0.0
2149.501626521815,0.0
2198.615310441136,0.0
2224.0122168987755,0.0
2114.5591482780114,0.0
1898.0302841186226,0.0
1707.9679407969381,0.0
1597.5171747526213,0.0
1583.9021510362315,0.0
1715.0443140221764,0.0
1922.8564380165496,0.0
1997.124818354165,0.0
1927.8999450426825,0.0
1885.5495183147984,0.0
1935.8405003553214,0.0
1948.2741192204908,0.0
1818.3800234530258,0.0
1709.8006248899874,0.0
1690.5198960069438,0.0
1608.7107702611368,0.0
1379.528649697465,0.0
1163.0656942534497,0.0
1163.0375158329705,0.0
1276.007758286284,0.0
1281.1033161499133,0.0
1195.5286318561211,0.0
1131.0352232919722,0.0
1089.796948735787,0.0
1039.054633486835,0.0
1007.5473230496201,0.0
1044.5428138668028,0.0
1071.630458059606,0.0
1032.6542566926062,0.0
964.2026872300659,0.0
878.3312113488847,0.0
807.4633794217131,0.0
826.585424263473,0.0
899.8552249380944,0.0
890.7255726327221,0.0
746.0247693870509,0.0
530.8313317258306,0.0
331.2510029895335,0.0
258.21716818634417,0.0
378.7987474152515,0.0
550.0452727550901,0.0
554.2494366339571,0.0
411.72979901550684,0.0
303.76783928729805,0.0
316.0395471980834,0.0
380.9131190381374,0.0
431.93340377139833,0.0
482.63428589210537,0.0
483.49157102646774,0.0
370.6970099532537,0.0
194.83227688272854,0.0
87.69079212529289,0.0
93.90249420313245,0.0
159.57194455339499,0.0
208.80160588482275,0.0
270.13419784829864,0.0
355.5484310478464,0.0
394.9613770821519,0.0
377.337676005009,0.0
276.5128820846852,0.0
129.87034033889333,0.0
61.65251523558056,0.0
70.72624907863239,0.0
106.72474234296122,0.0
174.26105669492475,0.0
283.1722666843211,0.0
423.1532748921252,0.0
519.7742800528152,0.0
528.2036288386188,0.0
433.77785135430753,0.0
364.32015319217425,0.0
395.7977806855659,0.0
427.3275968760255,0.0
471.6409978742099,0.0
573.3407752402942,0.0
672.3926090970989,0.0
793.5643411998676,0.0
907.8093245127138,0.0
954.0539631486669,0.0
960.0176215505928,0.0
935.391275439798,0.0
895.746303579954,0.0
948.5071132124576,0.0
1185.055109620354,0.0
1505.5348025190394,0.0
1646.7577978304332,0.0
1559.7549661748328,0.0
1501.8104631304286,0.0
1641.970828005681,0.0
1817.6809404978906,0.0
1876.0284434017508,0.0
1882.0532650560128,0.0
1898.9396298861404,0.0
1914.2670200287666,0.0
1877.6731439181094,0.0
1853.6201968085143,0.0
1918.0055059198241,0.0
2056.2120260372512,0.0
2260.015824469512,0.0
2465.34364501001,0.0
2546.629469014122,0.0
2508.095856329068,0.0
2461.917661763875,0.0
2483.332413326855,0.0
2563.084971079081,0.0
2688.1391618290327,0.0
2858.580385704049,0.0
3010.195284398409,0.0
3123.975110145194,0.0
3212.066967913556,0.0
3286.9044957383135,0.0
3487.9938168858516,0.0
3718.7000133541364,0.0
3722.5553837063608,0.0
3581.3674041009153,0.0
3539.5720247295726,0.0
3617.361717617309,0.0
3679.1672222688944,0.0
3719.2916616538714,0.0
3821.5115129087694,0.0
4040.397787494083,0.0
4295.698150510351,0.0
4373.815767094879,0.0
4268.157625014761,0.0
4131.674028617864,0.0
4055.9833085518762,0.0
4029.9071361416477,0.0
3999.679341052804,0.0
4033.814041590666,0.0
4091.3903834667162,0.0
4026.842814936804,0.0
3925.617462659452,0.0
3885.8714198575412,0.0
3902.2189588732112,0.0
3909.648339157245,0.0
3866.81604365704,0.0
3835.2359682631636,0.0
3806.4646367253604,0.0
3793.760536815101,0.0
3835.834579490354,0.0
3889.3336416876127,0.0
3968.475203973853,0.0
4061.3113102941797,0.0
4059.153042891143,0.0
3962.4211422222215,0.0
3851.9442207623542,0.0
3791.610680906742,0.0
3829.5465714826096,0.0
3889.0191762367845,0.0
3892.9835354839565,0.0
3906.901911847515,0.0
3900.6800440125053,0.0
3837.6167981745434,0.0
3811.9721844501905,0.0
3727.7002599162797,0.0
3523.992339728301,0.0
3360.239916673014,0.0
3255.6368296449973,0.0
3147.2807469138916,0.0
3087.121334718933,0.0
3167.066550843554,0.0
3323.2779960338644,0.0
3403.2336549974575,0.0
3396.703966020538,0.0
3316.162024685743,0.0
3178.08810634919,0.0
3054.4144247045247,0.0
2948.901038766075,0.0
2889.709663038584,0.0
2856.2318806945536,0.0
2747.2078969145855,0.0
2650.925222816229,0.0
2719.2002353308817,0.0
2824.131291852515,0.0
2735.4667205851524,0.0
2549.385282010438,0.0
2484.4993027252062,0.0
2464.4559709495074,0.0
2431.643256190894,0.0
2443.365953263376,0.0
2430.497472149243,0.0
2410.8462873801577,0.0
2423.4569061783855,0.0
2368.660873181049,0.0
2214.9935237411537,0.0
2123.0405954431553,0.0
2188.179322451961,0.0
2352.1321006173557,0.0
2392.5932316006733,0.0
2255.9194670680176,0.0
2202.4880061453555,0.0
2292.6994402189202,0.0
2350.7344654076915,0.0
2346.9328590918794,0.0
2412.549633011534,0.0
2454.4581939039936,0.0
2347.837716601753,0.0
2248.13131551829,0.0
2271.8187865949767,0.0
2338.399719541666,0.0
2412.616604797391,0.0
2444.267665020688,0.0
2285.219749242087,0.0
2121.3082784037333,0.0
2251.726452080053,0.0
2484.588444745209,0.0
2555.1241186882744,0.0
2554.1755404183964,0.0
2558.288643868062,0.0
2618.8640578881227,0.0
2823.529904809819,0.0
3092.2248981310995,0.0
3272.3828876947227,0.0
3280.505816463566,0.0
3201.5804784675074,0.0
3171.3019005234473,0.0
3181.8747133796487,0.0
3210.729996964807,0.0
3312.974535881833,0.0
3438.706211518392,0.0
3508.040112054766,0.0
3610.7683942184876,0.0
3830.530721617407,0.0
4017.598807458696,0.0
3979.68320103976,0.0
3758.044031904974,0.0
3622.647953574033,0.0
3694.452553582185,0.0
3941.4287553639188,0.0
4240.513102097508,0.0
4383.938835464928,0.0
4317.603266479346,0.0
4271.565661979096,0.0
4410.2720359560835,0.0
4630.6497502997145,0.0
4798.2447227473,0.0
4844.047846350003,0.0
4767.749892048595,0.0
4745.03646098505,0.0
4853.53232451085,0.0
4992.464944198265,0.0
5158.229990033223,0.0
5330.174794581218,0.0
5466.73649285909,0.0
5502.3860528516325,0.0
5392.5594860559695,0.0
5311.851748156832,0.0
5400.063515758258,0.0
5583.050775411461,0.0
5744.649909615637,0.0
5748.2014253054795,0.0
5639.303252089918,0.0
5656.389421892101,0.0
5786.769347427857,0.0
5867.635118099751,0.0
5902.709162170826,0.0
5970.632567922569,0.0
6033.910626323081,0.0
6076.358577989789,0.0
6179.26016732488,0.0
6334.821027169946,0.0
6430.8725711459,0.0
6374.71653157962,0.0
6164.700093890352,0.0
5994.764850507085,0.0
5999.822849204472,0.0
6062.39868232884,0.0
6044.102608465439,0.0
5940.434670686007,0.0
5843.450568985413,0.0
5845.614970800937,0.0
5957.483347114798,0.0
6135.775866050663,0.0
6291.676648688818,0.0
6334.937159698369,0.0
6264.165147393309,0.0
6137.177234039025,0.0
5969.007152660062,0.0
5864.319997402817,0.0
5861.589632184566,0.0
5830.392448553486,0.0
5792.779271383601,0.0
5888.101788448409,0.0
6084.0430606766195,0.0
6170.81552169723,0.0
6029.395228628175,0.0
5773.607069006512,0.0
5640.20732843438,0.0
5718.3654924556395,0.0
5833.14022980502,0.0
5816.140517537724,0.0
5684.69770217656,0.0
5526.135064406673,0.0
5423.961457225464,0.0
5401.481515208609,0.0
5371.683022823742,0.0
5276.7721175153365,0.0
5133.660906979703,0.0
5028.968897174339,0.0
5051.905930741983,0.0
5121.678529935728,0.0
5109.847043666664,0.0
5060.778957013609,0.0
5067.187167316406,0.0
5079.990289116293,0.0
5007.1429774558765,0.0
4884.204043518562,0.0
4755.488693544177,0.0
4681.556610476348,0.0
4733.661546663358,0.0
4782.942496178322,0.0
4666.163682808337,0.0
4514.62877178726,0.0
4513.522049632326,0.0
4575.813940542404,0.0
4585.682597892283,0.0
4531.999012095779,0.0
4424.936175478421,0.0
4376.30543342247,0.0
4443.210329128533,0.0
4521.878551329703,0.0
4557.187751405863,0.0
4508.535888809744,0.0
4336.779626463239,0.0
4159.792542002912,0.0
4082.7653778119866,0.0
4084.874723220497,0.0
4169.35899410723,0.0
4227.240057855776,0.0
4197.625596249622,0.0
4205.726009084074,0.0
4277.810544721494,0.0
4406.1644842011765,0.0
4560.409439743017,0.0
4636.2088261874815,0.0
4563.080321022816,0.0
4392.464145172914,0.0
4299.510529360278,0.0
4333.540137920311,0.0
4384.394064099473,0.0
4394.95639597918,0.0
4437.4953060131875,0.0
4590.427440705461,0.0
4828.12668496219,0.0
5066.690739701068,0.0
5273.008958687652,0.0
5372.568680366066,0.0
5380.34657519103,0.0
5493.721994998767,0.0
5617.196216649366,0.0
5510.281357842899,0.0
5285.447470020203,0.0
5134.745121265886,0.0
5065.6674775195725,0.0
5053.50987196716,0.0
5169.101192160526,0.0
5411.193058764504,0.0
5626.929624479095,0.0
5699.19714590718,0.0
5679.276630039896,0.0
5752.213517453888,0.0
5994.766871099464,0.0
6220.07499864183,0.0
6249.230192351886,0.0
6198.513843486839,0.0
6338.543184830482,0.0
6594.983261339624,0.0
6758.88738352293,0.0
6840.49384800918,0.0
6866.331311000696,0.0
6850.081643720902,0.0
6787.546733304811,0.0
6741.9503206448435,0.0
6882.520427624746,0.0
7160.588495889853,0.0
7369.201860135766,0.0
7440.2756438614815,0.0
7463.057656714454,0.0
7465.037940292723,0.0
7395.864760024184,0.0
7346.830172145427,0.0
7419.052872631934,0.0
7545.7852597449,0.0
7654.007013765919,0.0
7775.217478836642,0.0
7924.178915017816,0.0
7952.1020075681545,0.0
7846.749653082216,0.0
7790.681292842017,0.0
7757.518542211573,0.0
7699.424958300958,0.0
7716.9555385880485,0.0
7851.508691110655,0.0
7986.746853096057,0.0
8092.314031063907,0.0
8141.815951311883,0.0
8024.742303942725,0.0
7974.17163072341,0.0
8244.549260856067,0.0
8604.44963682228,0.0
8742.48919818548,0.0
8676.080764182396,0.0
8531.438552060446,0.0
8336.42809015298,0.0
8083.361423444789,0.0
7835.382677389576,0.0
7703.386786216485,0.0
7705.398220035908,0.0
7790.389704243222,0.0
7940.899233818563,0.0
8032.352781466006,0.0
7943.28599643708,0.0
7799.187839527172,0.0
7750.308566220565,0.0
7807.970726238976,0.0
7880.373609939995,0.0
7902.217432364469,0.0
7986.81859933663,0.0
8152.358752949201,0.0
8244.733875944708,0.0
8132.155163543389,0.0
7920.045807668134,0.0
7812.0433399179165,0.0
7784.335421131945,0.0
7803.826398659377,0.0
7814.857929556707,0.0
7747.864058746735,0.0
7663.38957678862,0.0
7593.281627061822,0.0
7572.874139347696,0.0
7569.5103326966155,0.0
7496.205669605175,0.0
7437.773098906847,0.0
7435.31162954898,0.0
7378.193734891928,0.0
7273.56931589271,0.0
7168.020360669666,0.0
6978.018821172842,0.0
6746.150671607556,0.0
6655.765637000732,0.0
6753.61627704921,0.0
6869.451269011227,0.0
6939.427906766787,0.0
7006.997936737567,0.0
7018.1411013496345,0.0
6972.6285812194965,0.0
6863.796969179032,0.0
6715.058774209619,0.0
6662.689175083223,0.0
6629.012453749297,0.0
6527.643306410514,0.0
6465.99418825653,0.0
6458.091559412286,0.0
6451.783053332247,0.0
6437.859305397632,0.0
6408.671943264211,0.0
6401.689856532821,0.0
6411.389078507727,0.0
6386.08176985524,0.0
6414.416369689365,0.0
6519.664154369197,0.0
6516.793466301361,0.0
6406.036306285451,0.0
6413.565408182275,0.0
6549.960327564078,0.0
6737.607776553976,0.0
6876.522383565782,0.0
6795.4329306535965,0.0
6599.866063641966,0.0
6566.507709481049,0.0
6705.771982059366,0.0
6805.636187405898,0.0
6773.1283181807075,0.0
6721.512437605292,0.0
6768.737035054283,0.0
6879.207510692231,0.0
6921.732476166206,0.0
6837.467668768664,0.0
6736.698648052369,0.0
6698.10855946831,0.0
6756.4706401532485,0.0
6888.094103314593,0.0
7025.494791438797,0.0
7195.612841694666,0.0
7380.291924573787,0.0
7472.919075010013,0.0
7446.382898821596,0.0
7352.333209452466,0.0
7321.239840230031,0.0
7434.664814400916,0.0
7617.186054852695,0.0
7746.773281095603,0.0
7797.0884256098425,0.0
7737.268742045444,0.0
7619.877462751742,0.0
7600.186560024455,0.0
7750.4638823188925,0.0
7888.850794408391,0.0
7949.742091520234,0.0
8047.17173553567,0.0
8147.429380945408,0.0
8255.083013364972,0.0
8398.350340096726,0.0
8512.551257085084,0.0
8645.251598818179,0.0
8795.46246751915,0.0
8921.809482543656,0.0
9062.806226616389,0.0
9195.111196619151,0.0
9226.504277305845,0.0
9144.839080117801,0.0
9126.214303013901,0.0
9237.292716501082,0.0
9357.39459527848,0.0
9470.607602249187,0.0
9602.617673001421,0.0
9705.53286279273,0.0
9787.839764779636,0.0
9898.584583914033,0.0
10020.030460815577,0.0
10123.387496569525,0.0
10189.972682735119,0.0
10163.016279307003,0.0
10029.379819143289,0.0
9889.799374028225,0.0
9843.624320823214,0.0
9898.249160077234,0.0
10003.220009053503,0.0
10101.014478359444,0.0
10118.59357761679,0.0
10079.61318610982,0.0
10078.53855053562,0.0
10103.967153939342,0.0
10069.341755793566,0.0
10029.44888553651,0.0
10113.942137738588,0.0
10241.015029409353,0.0
10242.497103974,0.0
10190.650146658865,0.0
10183.0611654345,0.0
10190.10331914881,0.0
10191.007115783887,0.0
10174.484390945678,0.0
10149.182086403564,0.0
10179.426711446908,0.0
10234.217885879325,0.0
10194.311586418316,0.0
10116.311770530698,0.0
10061.754655476445,0.0
9990.998397713183,0.0
9964.143024031033,0.0
9970.165771749529,0.0
9961.572754790905,0.0
9959.276172517455,0.0
10018.558591166335,0.0
10159.292155613282,0.0
10259.407028816278,0.0
10216.089834922559,0.0
10011.361443291713,0.0
9826.955138587464,0.0
9842.064257990103,0.0
9942.404087473986,0.0
9989.233568489974,0.0
9948.49613751953,0.0
9836.201858375238,0.0
9705.74586485403,0.0
9594.92374062151,0.0
9427.01361225157,0.0
9142.046132001855,0.0
8958.279497533162,0.0
9013.989300538231,0.0
9112.52285636062,0.0
9091.687841678875,0.0
9043.795931791534,0.0
8988.562144197082,0.0
8878.921414519444,0.0
8849.62985064798,0.0
8958.687739882947,1.0
9061.996828578192,1.0
9495.835671336592,1.0
12286.704829696664,0.0
20683.117763224647,0.0
32393.427313922257,0.0
38004.94883485468,0.0
32324.136922352416,0.0
20556.74105217029,0.0
12066.763336649286,0.0
9098.29392368895,0.0
8525.05938660612,0.0
8488.522867483218,0.0
8592.375227465927,0.0
8673.728693769604,0.0
8697.752150451675,0.0
8680.231677624708,0.0
8608.90194183203,0.0
8605.604452636695,0.0
8697.496070862657,0.0
8779.07308864825,0.0
8833.786834370834,0.0
8839.126367614143,0.0
8765.408002792763,0.0
8665.120931054333,0.0
8606.588494558595,0.0
8630.162432122086,0.0
8711.335978375795,0.0
8777.237876629802,0.0
8758.583544442645,0.0
8676.273568338704,0.0
8556.502775342693,0.0
8509.072307385462,0.0
8709.367606359137,0.0
9007.98446351427,0.0
9109.277866315279,1.0
9084.38386232559,1.0
9516.0680930354,1.0
12389.475926528508,0.0
20748.290003365986,0.0
32239.626936169658,0.0
37719.1164195478,0.0
32192.265242288224,0.0
20753.198719329972,0.0
12586.23354879241,0.0
9890.57435454585,0.0
9560.791064470568,0.0
9736.523486037802,0.0
9894.167467360126,0.0
9944.995587436635,0.0
10003.080172103737,0.0
10027.729605344304,0.0
9933.23121580096,0.0
9829.621195331294,0.0
9831.185049426604,0.0
9941.852398631541,0.0
10115.409237097943,0.0
10261.33429915702,0.0
10345.243197145352,0.0
10435.355130411172,0.0
10545.135617885242,0.0
10709.742863058103,0.0
10915.561959904093,0.0
10947.383872970544,0.0
10831.102040795831,0.0
10835.130684042602,0.0
10958.688719603175,0.0
11047.303376586842,0.0
11114.720177189867,0.0
11285.93694399342,0.0
11522.14568614803,0.0
11664.84894625443,0.0
11678.57380554511,0.0
11637.541697395722,0.0
11630.928522008346,0.0
11735.363447855632,0.0
11874.048935625755,0.0
11929.860736150293,0.0
11989.252647190495,0.0
12094.49748564053,0.0
12173.973420568893,0.0
12249.702792904349,0.0
12289.065799667787,0.0
12266.613101856885,0.0
12231.486941882997,0.0
12158.984408632226,0.0
12049.033128163108,0.0
12051.9719336639,0.0
12187.541561992184,0.0
12314.667595363338,0.0
12358.15554999011,0.0
12357.532741281011,0.0
12367.27019503464,0.0
12334.021397276241,0.0
12210.860169154186,0.0
12170.90093223899,0.0
12350.324946202707,0.0
12563.862226668722,0.0
12609.912693778648,0.0
12552.061820624724,0.0
12547.757374115405,0.0
12547.565947657964,0.0
12464.891190367482,0.0
12397.5192120393,0.0
12358.085512631935,0.0
12298.171502876796,0.0
12276.330563871012,0.0
12278.305776216397,0.0
12231.541255971773,0.0
12116.374987004885,0.0
11957.113891252216,0.0
11912.507359831212,0.0
12010.028197678344,0.0
12050.303758445652,0.0
12009.243522126917,0.0
11999.757118484991,0.0
11995.662093494757,0.0
11944.190795128963,0.0
11871.96823939958,0.0
11782.14277716082,0.0
11730.773238531023,0.0
11707.677320278877,0.0
11612.423489550349,0.0
11483.911828393275,0.0
11473.998496276092,0.0
11566.482289003015,0.0
11635.395267151596,0.0
11583.524960238925,0.0
11466.601197971462,0.0
11443.21137852497,0.0
11491.776401139554,0.0
11492.851938662228,0.0
11435.305813875686,0.0
11357.085710903208,0.0
11245.924772074617,0.0
11158.747989357753,0.0
11141.752089324516,0.0
11144.49046647508,0.0
11133.34009977568,0.0
11069.111780836927,0.0
10943.72435161389,0.0
10867.890722803026,0.0
10935.5116771911,0.0
11100.243128407397,0.0
11205.178653043295,0.0
11185.899191620669,0.0
11110.147005585024,0.0
10941.058676778877,0.0
10644.046836732588,0.0
10413.430496686726,0.0
10400.621353308807,0.0
10466.8580739649,0.0
10425.473184668488,0.0
10399.720660517336,0.0
10523.06423668059,0.0
10620.861609538151,0.0
10617.479160795096,0.0
10552.873648983974,0.0
10498.817674877564,0.0
10618.352861472824,0.0
10885.160852816638,0.0
11052.847979096563,0.0
10998.479681669694,0.0
10831.550287292845,0.0
10765.243748952429,0.0
10883.467252114793,0.0
10981.247448439244,0.0
10983.981507013385,0.0
11059.830120393572,0.0
11213.591685754121,0.0
11264.535129398586,0.0
11233.123333213134,0.0
11317.355130242377,0.0
11444.477694925932,0.0
11456.079375827663,0.0
11393.917518309805,0.0
11374.989809135308,0.0
11420.618702188001,0.0
11415.004249037893,0.0
11313.13162898056,0.0
11245.285267014071,0.0
11259.032743178923,0.0
11329.509481293011,0.0
11516.242955988244,0.0
11732.814397972725,0.0
11801.628183214505,0.0
11815.312712831186,0.0
11940.789869091184,0.0
12177.202106150717,0.0
12393.460529920325,0.0
12501.597036396835,0.0
12552.28263055073,0.0
12596.841902471126,0.0
12595.165007784954,0.0
12663.476900257278,0.0
12896.13027282867,0.0
13080.071908428628,0.0
13045.253298977645,0.0
12896.694114259424,0.0
12821.471036080953,0.0
12833.437412369598,0.0
12856.252761166234,0.0
12976.02764800227,0.0
13191.872981929351,0.0
13328.652229988886,0.0
13395.70279430826,0.0
13498.564674050649,0.0
13569.580009426543,0.0
13568.063063854703,0.0
13654.238882416194,0.0
13813.57522163365,0.0
13885.533815072136,0.0
13896.925826251183,0.0
13975.855982237212,0.0
14142.146671282477,0.0
14272.522047544735,0.0
14266.245541650582,0.0
14236.253904858624,0.0
14249.809672299496,0.0
14282.446510942045,0.0
14376.942786037385,0.0
14430.128781783782,0.0
14417.689066725274,0.0
14511.408670365145,0.0
14698.916749165772,0.0
14861.873097877344,0.0
14947.890865664107,0.0
14883.30086075348,0.0
14660.688367644158,0.0
14457.139533369274,0.0
14408.902320952438,0.0
14420.02577890462,0.0
14397.44724866403,0.0
14371.219218454946,0.0
14336.49681719593,0.0
14346.72809865901,0.0
14387.283044479798,0.0
14363.045653541372,0.0
14339.075165373715,0.0
14402.303384965071,0.0
14442.125978399861,0.0
14385.790549294012,0.0
14400.344068877832,0.0
14564.324335177793,0.0
14716.157611739465,0.0
14714.674746537952,0.0
14614.238316580744,0.0
14415.076063434812,0.0
14226.389810365119,0.0
14203.195014518831,0.0
14192.098944108388,0.0
14075.058374687102,0.0
14029.969102075382,0.0
14078.987597611345,0.0
14000.843109917596,0.0
13896.637394148325,0.0
13898.624894388173,0.0
13856.550870348778,0.0
13705.12594237678,0.0
13510.788258901694,0.0
13421.091441689332,0.0
13508.383449932877,0.0
13608.109891543389,0.0
13594.058143414604,0.0
13537.685067715844,0.0
13494.812961205134,0.0
13423.75268278127,0.0
13299.379444950251,0.0
13145.07028961673,0.0
12974.839368001296,0.0
12828.746130148409,1.0
12806.779024934294,1.0
13297.419830932427,1.0
16161.248875702651,0.0
24459.90991412835,0.0
35911.84881745352,0.0
41408.86127823744,0.0
35952.18360850087,0.0
24535.659956893785,0.0
16225.433195714528,0.0
13288.086384058211,0.0
12702.117249949588,0.0
12629.967407976153,0.0
12677.816531986025,0.0
12769.862994389623,0.0
12876.128325313977,0.0
12893.609853113589,0.0
12726.189776644256,0.0
12504.89068089911,0.0
12453.617673435094,0.0
12670.504476503476,0.0
12949.192557018883,0.0
13024.21475568955,0.0
12958.142428190666,0.0
12880.421971019347,0.0
12836.684010337414,0.0
12875.033049939624,0.0
13002.095689407353,0.0
13105.160619110598,0.0
13069.207490630934,0.0
12943.98732531039,0.0
12857.122245645669,0.0
12919.530448880305,0.0
13108.957153949073,0.0
13164.20605549783,0.0
13033.333858016378,0.0
12942.085267087918,0.0
12961.085416930013,0.0
13124.280968575917,0.0
13427.113771498616,0.0
13689.058715103612,0.0
13738.52454977636,0.0
13569.545139302516,0.0
13416.09511204117,0.0
13442.074768452716,0.0
13540.721486652441,0.0
13658.367873296798,0.0
13798.09042011701,0.0
13914.827353872908,0.0
13957.698990926552,0.0
13942.654536312817,0.0
14000.346132322356,0.0
14160.580689629383,0.0
14270.564486762854,0.0
14248.200210612826,0.0
14193.666771954517,0.0
14208.919540503843,0.0
14299.662834046723,0.0
14412.707823079978,0.0
14517.63303196293,0.0
14580.497794475092,0.0
14598.706065689317,0.0
14685.651832207608,0.0
14879.379632923423,0.0
15104.648423079663,0.0
15262.55365404796,0.0
15333.979995264903,0.0
15311.973288937374,0.0
15218.26060859449,0.0
15126.061866773447,0.0
15209.26858730529,0.0
15496.477878322075,0.0
15795.578190202234,0.0
16000.491263172247,0.0
16026.94174109542,0.0
16003.439727514047,0.0
16081.904521184351,0.0
16158.757222747348,0.0
16193.548381189437,0.0
16266.960994512427,0.0
16294.349706530102,0.0
16230.614838077761,0.0
16226.120642938913,0.0
16220.08459251169,0.0
16140.598319671055,0.0
16181.246393609787,0.0
16324.130574994142,0.0
16349.52676925697,0.0
16325.249232212209,0.0
16356.034141617754,0.0
16363.566440271412,0.0
16318.677317304173,0.0
16314.225067353638,0.0
16448.495917072763,0.0
16640.441067233074,0.0
16750.901771915855,0.0
16861.454217995124,0.0
16993.839397021686,0.0
16924.39117832004,0.0
16645.411279678086,0.0
16375.34616586147,0.0
16313.324567856605,0.0
16486.6783052429,0.0
16609.705481777968,0.0
16575.14699068232,0.0
16552.79301465298,0.0
16590.324439543547,0.0
16594.442233806334,0.0
16571.596600635035,0.0
16583.76802936586,0.0
16533.377884735168,0.0
16434.620964572827,0.0
16442.85460227557,0.0
16451.66926429694,0.0
16259.296258385146,0.0
16002.549340666228,0.0
15927.644358142745,0.0
16024.34841394983,0.0
16103.53647612928,0.0
16040.56852031491,0.0
15855.590872375366,0.0
15715.942720905081,0.0
15728.804702167798,0.0
15724.014018189067,0.0
15628.138887505693,0.0
15561.185409511872,0.0
15503.020361814853,0.0
15455.810479312451,0.0
15472.240031019865,0.0
15521.421793440893,0.0
15508.695649789866,0.0
15407.958594462683,0.0
15230.476298990736,0.0
15046.963183016987,0.0
14960.05804440435,0.0
15025.295570574091,0.0
15210.780473709478,0.0
15351.960764405096,0.0
15301.488242927382,0.0
15143.891925502065,0.0
15008.464332794374,0.0
14925.481568308056,0.0
14977.072586998982,0.0
15176.572570736847,0.0
15299.461489541674,0.0
15150.606144164582,0.0
14879.39747843739,0.0
14780.9108592378,0.0
14892.957946918928,0.0
14907.007415959763,0.0
14758.356183315236,0.0
14673.08478544791,0.0
14687.873687544527,0.0
14745.45862136201,0.0
14833.20308927074,0.0
14915.498849233085,0.0
14922.081851745603,0.0
14851.444575576734,0.0
14714.889869837663,0.0
14601.090719046562,0.0
14693.91723385311,0.0
14906.609515716846,0.0
14987.780240208003,0.0
14950.669242796035,0.0
14982.647584205608,0.0
15088.794634083037,0.0
15113.249588073999,0.0
15100.77872944815,0.0
15129.350015874385,0.0
15166.583153038324,0.0
15221.54828673402,0.0
15318.310894962633,0.0
15315.070955667421,0.0
15174.07475049382,0.0
15092.018647421646,0.0
15129.720294131614,0.0
15254.808014954258,0.0
15504.80788585405,0.0
15737.517688532269,0.0
15840.428723070474,0.0
15909.704773318455,0.0
15959.465426955006,0.0
15887.110611633656,0.0
15777.200419051784,0.0
15739.202876331068,0.0
15765.92269359688,0.0
15894.955288486597,0.0
16096.242399413533,0.0
16234.458731186842,0.0
16299.933415121805,0.0
16380.756074580157,0.0
16513.173480130652,0.0
16697.89356408284,0.0
16850.553837557876,0.0
16892.534420160835,0.0
16882.56568494849,0.0
16838.385739830446,0.0
16811.052389308767,0.0
16895.263183368686,0.0
17051.057258202447,0.0
17200.170245018166,0.0
17353.94140883924,0.0
17490.24257950859,0.0
17551.261306471577,0.0
17563.982971232876,0.0
17528.99124922521,0.0
17446.04203518763,0.0
17548.078280670485,0.0
17845.233660478803,0.0
18003.113381240884,0.0
17974.542027859527,0.0
17975.006131966275,0.0
18087.178485708806,0.0
18242.27502731449,0.0
18287.254955535012,0.0
18230.56231802668,0.0
18190.272716985208,0.0
18253.751782567055,0.0
18403.247909361868,0.0
18498.278863844065,0.0
18486.04944696049,0.0
18435.88732522941,0.0
18421.048095538932,0.0
18387.88336746941,0.0
18320.187572564028,0.0
18348.93232183107,0.0
18479.19677692503,0.0
18557.28409370423,0.0
18530.0124855812,0.0
18534.94644830231,0.0
18615.471145031133,0.0
18673.681603216188,0.0
18642.90290526424,0.0
18542.17019429871,0.0
18495.873882358057,0.0
18539.23177402618,0.0
18650.502133364138,0.0
18757.049623199528,0.0
18704.53129348475,0.0
18497.63321024901,0.0
18375.569487510213,0.0
18485.985562884653,0.0
18634.364235584755,0.0
18605.45614822353,0.0
18527.7980432314,0.0
18593.82878230954,0.0
18744.624788583824,0.0
18783.20737512064,0.0
18658.83372630403,0.0
18578.925993728448,0.0
18623.23055660902,0.0
18637.031840683558,0.0
18568.34934286321,0.0
18392.147193749057,0.0
18221.618816046102,0.0
18176.54448374869,0.0
18097.79702239521,0.0
17982.008153738585,0.0
17947.143823528753,0.0
17945.4612515225,0.0
17941.558923699107,0.0
17991.120461220296,0.0
18060.034340791295,0.0
18011.247897731784,0.0
17858.39912207795,0.0
17767.79362755148,0.0
17761.783104558413,0.0
17677.668457061958,0.0
17501.572494023556,0.0
17373.311168929198,0.0
17343.3016086491,0.0
17378.497571624266,0.0
17428.696309440376,0.0
17396.55568146684,0.0
17237.234351363484,0.0
17113.198806386194,0.0
17137.62125552364,0.0
17100.27267988598,0.0
16913.40936571093,0.0
16836.67982702563,0.0
16940.092906338166,0.0
17031.666196907383,0.0
17079.97169503895,0.0
17169.672201085315,0.0
17285.76145465767,0.0
17313.044478377513,0.0
17261.384548250648,0.0
17227.306383659823,0.0
17199.09161807946,0.0
17113.465157506143,0.0
17006.765961660047,0.0
16881.185205513913,0.0
16677.54195506598,0.0
16594.195230641933,0.0
16765.014492830924,0.0
16987.916425918458,0.0
17094.0230697295,0.0
17092.253986515927,0.0
17040.128108056862,0.0
17045.196805353567,0.0
17173.394505542812,0.0
17291.006800704286,0.0
17299.186563735602,0.0
17314.755301064226,0.0
17366.210532097328,0.0
17338.71424424743,0.0
17246.79025152935,0.0
17246.077343563164,0.0
17328.66625784585,0.0
17396.007171262794,0.0
17426.939886498898,0.0
17399.82133099517,0.0
17364.119074754773,0.0
17463.448197606423,0.0
17687.34322334842,0.0
17832.076002774116,0.0
17820.62170265502,0.0
17826.561203312966,0.0
17982.169156790907,0.0
18125.74620479578,0.0
18202.65074663669,0.0
18311.8482340542,0.0
18439.818472776642,0.0
18542.535914557226,0.0
18600.949938499438,0.0
18618.89667027316,0.0
18628.106824728984,0.0
18674.924510031316,0.0
18781.688215181304,0.0
18935.84183951546,0.0
19109.411412141668,0.0
19237.77352947164,0.0
19284.904728984635,0.0
19278.681853590024,0.0
19344.31416983552,0.0
19484.04079509825,0.0
19547.403669755764,0.0
19572.318992989534,0.0
19690.442032009883,0.0
19795.489461146215,0.0
19809.729101514866,0.0
19797.96134909473,0.0
19778.74678510042,0.0
19798.383393501274,0.0
19894.228197942422,0.0
20058.876657822428,0.0
20204.772287227403,0.0
20193.67850813682,0.0
20083.116365793034,0.0
20049.56956499577,0.0
20127.99789665087,0.0
20209.837561782733,0.0
20250.968933929358,0.0
20266.833427244277,0.0
20335.01235529293,0.0
20501.124858343548,0.0
20626.483405792562,0.0
20602.075691593407,0.0
20522.769544237708,0.0
20623.720673299318,0.0
20882.791918670344,0.0
20946.944372521295,0.0
20756.11022525694,0.0
20602.605534056733,0.0
20593.408308326874,0.0
20572.8307517701,0.0
20546.21287209726,0.0
20668.693305532845,0.0
20876.946139380216,0.0
20999.786838174765,0.0
21067.93180346333,0.0
21161.507002193583,0.0
21121.53230053333,0.0
20943.37178572502,0.0
20853.57918343654,0.0
20931.51407309568,0.0
21038.360717480486,0.0
21004.91574468048,0.0
20844.542737944936,0.0
20754.290834413074,0.0
20781.857369887937,0.0
20722.35774469205,0.0
20526.92070639248,0.0
20394.435042892575,0.0
20402.814952821136,0.0
20407.463359976457,0.0
20306.610087770077,0.0
20199.59590426526,0.0
20230.62721752296,0.0
20349.534009367526,0.0
20372.671265229867,0.0
20248.828861186743,0.0
20080.963955833802,0.0
19964.742909612578,0.0
19912.10823677508,0.0
19853.160101063848,0.0
19754.462024726028,0.0
19721.9568614435,0.0
19786.821723903602,0.0
19960.38668514725,0.0
20160.573311207707,0.0
20129.424198749108,0.0
19899.03111849125,0.0
19740.542939838568,0.0
19688.423556249938,0.0
19626.47413512257,0.0
19467.403440445814,0.0
19222.3031475825,0.0
19077.001326514142,0.0
19146.079026441883,0.0
19252.535431586028,0.0
19249.49357569148,0.0
19194.779505905626,0.0
19163.98367448442,0.0
19186.236663799944,0.0
19188.89781101729,0.0
19122.918119663304,0.0
19087.43870588068,0.0
19092.34969019613,0.0
18995.53083955814,0.0
18855.817396399856,0.0
18821.399339315787,0.0
18811.990825406025,0.0
18712.594504020657,0.0
18629.64231386391,0.0
18704.726185619656,0.0
18893.178383711533,0.0
19066.240849051064,0.0
19099.744155907752,0.0
18973.2175149987,0.0
18876.811313122926,0.0
18934.327173438407,0.0
19028.607255948653,0.0
19080.53907931037,0.0
19178.173233285528,0.0
19220.786600196243,0.0
19090.931911552587,0.0
18970.050909224283,0.0
18949.12311750423,0.0
18973.26312183642,0.0
19001.96525256181,0.0
19022.55021566246,0.0
19099.709037783818,0.0
19239.218907349765,0.0
19453.427989316435,0.0
19724.658125469694,0.0
19949.932471794065,0.0
20064.16315290152,0.0
20032.664689546113,0.0
19919.026502542416,0.0
19872.551544030925,0.0
19933.390397612475,0.0
19983.12968351295,0.0
19966.905767745957,0.0
19993.45189011016,0.0
20080.854635763197,0.0
20117.66876709907,0.0
20170.670656186492,0.0
20327.47094064391,0.0
20522.56651371405,0.0
20686.14854999209,0.0
20812.825599749776,0.0
20926.199427453495,0.0
20989.872733272536,0.0
21025.373874666402,0.0
21101.697898529223,0.0
21171.07877604453,0.0
21168.244704674147,0.0
21204.355740190636,0.0
21370.76849300017,0.0
21602.54682529001,0.0
21766.688361920456,0.0
21806.52149971814,0.0
21834.801355989162,0.0
21934.46609806186,0.0
22060.451206049132,0.0
22118.831910493063,0.0
22097.515768580386,0.0
22023.66500525381,0.0
21967.82536516383,0.0
22020.974288791924,0.0
22132.593056538935,0.0
22221.217835149102,0.0
22245.4629392972,0.0
22166.802118904998,0.0
22123.201963562817,0.0
22246.265653882874,0.0
22451.512357877462,0.0
22534.190562331696,0.0
22482.501153844052,0.0
22473.93719929754,0.0
22495.883074329362,0.0
22511.74758722715,0.0
22619.634698189882,0.0
22805.216944582866,0.0
22928.036747154638,0.0
22859.47836287697,0.0
22669.050842920635,0.0
22537.357947471606,0.0
22477.699813628326,0.0
22483.52823478707,0.0
22637.002947995235,0.0
22850.589149735504,0.0
22983.570107243322,0.0
23042.24105624054,0.0
23005.392607539296,0.0
22926.831329984183,0.0
22966.13933708612,0.0
23050.043959136707,0.0
23032.47305167196,0.0
23005.29690227508,0.0
22987.57921803926,0.0
22895.288053602286,0.0
22788.861758067247,0.0
22777.467349052124,0.0
22782.96405169669,0.0
22645.48275223785,0.0
22518.731105711326,0.0
22558.77240238569,0.0
22571.956915086714,0.0
22422.959513443988,0.0
22269.948807907876,0.0
22196.962123013138,0.0
22226.630367259342,0.0
22363.345246439054,0.0
22503.8516161794,0.0
22505.1879040396,0.0
22321.888587750684,0.0
