0.40003772455463465,0.0
0.40966917908493894,0.0
0.42920641047553865,0.0
0.4517129190776992,0.0
0.443758690853656,0.0
0.3883718079685627,0.0
0.3165186839225159,0.0
0.26109024969179107,0.0
0.22807853961886035,0.0
0.21219630449920177,0.0
0.20840476183596546,0.0
0.21845644866374425,0.0
0.23896804826052695,0.0
0.25613916840452217,0.0
0.26569158629059997,0.0
0.27468259097831116,0.0
0.28696122195962054,0.0
0.3016674987770356,0.0
0.3165431571781378,0.0
0.3291416581037141,0.0
0.33995631792474956,0.0
0.3553142446212548,0.0
0.3849338085239386,0.0
0.4279384183432936,0.0
0.46598613264411226,0.0
0.48898375577565867,0.0
0.49921354966165504,0.0
0.4870470531401799,0.0
0.44598559579359714,0.0
0.38639919443766546,0.0
0.3226606364896471,0.0
0.2698418386162569,0.0
0.2347411059284496,0.0
0.21681221972872758,0.0
0.21710754373583785,0.0
0.23406898384292038,0.0
0.2599350103395691,0.0
0.2781258186415775,0.0
0.2876106871720574,0.0
0.30308958795998164,0.0
0.3259000523420835,0.0
0.34295827559536335,0.0
0.34708298299279666,0.0
0.34380142477505427,0.0
0.3443553833649407,0.0
0.35934691535580165,0.0
0.39335053933669345,0.0
0.43791822136519887,0.0
0.4742414846448585,0.0
0.48963749730006384,0.0
0.4809506820182453,0.0
0.4522931655489615,0.0
0.41256437323460493,0.0
0.3660051221777259,0.0
0.312263572457938,0.0
0.259271308413479,0.0
0.22068727425882909,0.0
0.20271941769761842,0.0
0.19647906274942883,0.0
0.19378856628972538,0.0
0.19810225597736486,0.0
0.21256618217073894,0.0
0.23385757940304416,0.0
0.253962945888844,0.0
0.26176691385572287,0.0
0.25989799466754826,0.0
0.2621633499862015,0.0
0.2756898956758589,0.0
0.30061536664567784,0.0
0.33265890040472573,0.0
0.3674527165618479,0.0
0.4076599971237771,0.0
0.4512914935204385,0.0
0.4838418295453568,0.0
0.4939620081772368,0.0
0.4777143728371087,0.0
0.4408694318129862,0.0
0.39863573583654205,0.0
0.3485685215203962,0.0
0.288468827650905,0.0
0.23159966486544062,0.0
0.1981677894525589,0.0
0.19490459680515682,0.0
0.2076715224345088,0.0
0.2250399560257393,0.0
0.243150726057422,0.0
0.2552669472249208,0.0
0.25953789491831747,0.0
0.26883730995461014,0.0
0.2900217543246652,0.0
0.31079277931736715,0.0
0.32650906010278824,0.0
0.34512692064043854,0.0
0.3682958974526534,0.0
0.39653681712570965,0.0
0.4377834119448463,0.0
0.49098402878999337,0.0
0.5305466432203335,0.0
0.5326095257722996,0.0
0.4942340841223446,0.0
0.43291416050227344,0.0
0.3757770122840759,0.0
0.3284916069943219,0.0
0.28318804608067255,0.0
0.23846640017893475,0.0
0.2049187835454323,0.0
0.193812808683169,0.0
0.20195288811229434,0.0
0.2202666899266005,0.0
0.2399979904108668,0.0
0.2554734756987237,0.0
0.2673121061118429,0.0
0.27522214331838357,0.0
0.279076978547644,0.0
0.28866149967711835,0.0
0.31096122648536906,0.0
0.33727847989575177,0.0
0.3605099716341672,0.0
0.3934288508351347,0.0
0.44355068806124276,0.0
0.4886563609498054,0.0
0.5097337529829552,0.0
0.5108254061025002,0.0
0.48567686849814123,0.0
0.42672461890201885,0.0
0.357694800792806,0.0
0.3066228493205085,0.0
0.2699689362372197,0.0
0.2369362132770896,0.0
0.21085718955953353,0.0
0.20307571523310028,0.0
0.21688018966683634,0.0
0.23917063294888158,0.0
0.25546748553357634,0.0
0.2671590777099858,0.0
0.282962987464415,0.0
0.2987235933263097,0.0
0.305949965484882,0.0
0.308876290096561,0.0
0.327404476736636,0.0
0.3679491716725376,0.0
0.4118326791545876,0.0
0.4479156384902733,0.0
0.4829082562122397,0.0
0.5184998976609171,0.0
0.5402334458737134,0.0
0.5332285667375343,0.0
0.4965190341180564,0.0
0.44166088222414696,0.0
0.38021454093723034,0.0
0.3208431394841488,0.0
0.2699666460362864,0.0
0.23114940780948307,0.0
0.209232996931391,0.0
0.2100193707439831,0.0
0.22616758300640646,0.0
0.24124101290792344,0.0
0.2507246159713524,0.0
0.25855922063630876,0.0
0.2678339627931571,0.0
0.2805255068610436,0.0
0.2978027194699172,0.0
0.3170677050015639,0.0
0.3334623846553463,0.0
0.34498451332583463,0.0
0.3559983290977481,0.0
0.38209896303793217,0.0
0.4385150756442752,0.0
0.5086403839742923,0.0
0.5452131821422236,0.0
0.5318012487992811,0.0
0.49183633559602363,0.0
0.4358942487774146,0.0
0.3679685463594189,0.0
0.3050414914456373,0.0
0.2594131221239114,0.0
0.23298871089155912,0.0
0.22264880210422158,0.0
0.2233898833593148,0.0
0.23551552687783944,0.0
0.25328789078331615,0.0
0.26517213265645895,0.0
0.2711727975715164,0.0
0.2824945040673704,0.0
0.29979250315183625,0.0
0.31308436616848306,0.0
0.32042460737735645,0.0
0.32441288848079075,0.0
0.3298011064458361,0.0
0.34579988640795617,0.0
0.38097819999016685,0.0
0.4265417955768358,0.0
0.4646957389953763,0.0
0.4875304932570463,0.0
0.49405006443788607,0.0
0.4779259747586213,0.0
0.4384073449701929,0.0
0.3823069960953636,0.0
0.32211528738634,0.0
0.2775903158647436,0.0
0.2555313473039413,0.0
0.24405513674308502,0.0
0.23289853394425042,0.0
0.22752207846136377,0.0
0.23811253949115607,0.0
0.25562278953820516,0.0
0.26941178760258916,0.0
0.2832938440260015,0.0
0.29669416399551374,0.0
0.31057527018117365,0.0
0.32399806356487804,0.0
0.3308704796400507,0.0
0.33967261461718096,0.0
0.3614156679199115,0.0
0.39664421503235164,0.0
0.43934840378630546,0.0
0.4756184385466486,0.0
0.4956582100384269,0.0
0.5002089365663137,0.0
0.4893980614174207,0.0
0.4544245023875595,0.0
0.397435625071507,0.0
0.3352575976972805,0.0
0.27861229597637277,0.0
0.23241715628872023,0.0
0.2048329798881304,0.0
0.20087168868290203,0.0
0.21270464266693836,0.0
0.22724740531676926,0.0
0.24032803025137164,0.0
0.2523837283630553,0.0
0.2634465418225815,0.0
0.2751267537501925,0.0
0.2909176819399983,0.0
0.3099545683010152,0.0
0.32481951938356285,0.0
0.33522149169432447,0.0
0.3526321257469945,0.0
0.38382425109435814,0.0
0.4241628218668903,0.0
0.4667781520676733,0.0
0.4921474558470392,0.0
0.4842134369265527,0.0
0.45068086898920523,0.0
0.4038687056308596,0.0
0.3555232132882497,0.0
0.31172841482043745,0.0
0.2749110603606085,0.0
0.24416289348251544,0.0
0.21859483256889597,0.0
0.20440816963183817,0.0
0.2100899674319548,0.0
0.23050668187576473,0.0
0.254267998733565,0.0
0.27319396343688235,0.0
0.29204592452888,0.0
0.32576522272080166,0.0
0.3554946621023604,0.0
0.34669136639738096,0.0
0.32458248128294614,0.0
0.3336975242710887,0.0
0.36874714371560746,0.0
0.40659648507948193,0.0
0.44050139362819385,0.0
0.4682750248521191,0.0
0.49163247360807794,0.0
0.507081108430331,0.0
0.49202083480153264,0.0
0.4353473691356281,0.0
0.36092524915762986,0.0
0.29898362993205624,0.0
0.2595999433683608,0.0
0.23483948531383472,0.0
0.21607692330043146,0.0
0.20480842481183348,0.0
0.20634523907829133,0.0
0.2221898908272765,0.0
0.24672477926396227,0.0
0.26520673764874414,0.0
0.27348083540309376,0.0
0.2830348073723419,0.0
0.29340669703020317,0.0
0.3008506629051147,0.0
0.3100599968121436,0.0
0.327535276267221,0.0
0.3519604198419944,0.0
0.37900609661324897,0.0
0.41686539293522734,0.0
0.4666626434059937,0.0
0.504864855230115,0.0
0.5125834783190695,0.0
0.484668352593177,0.0
0.4278814469157779,0.0
0.3636014607795007,0.0
0.304578963263454,0.0
0.2572418764562757,0.0
0.22762557185894908,0.0
0.2134523578724538,0.0
0.2107048593339283,0.0
0.21855222568827568,0.0
0.2338815914180914,0.0
0.24548297249375797,0.0
0.2486996761636625,0.0
0.2547665883772309,0.0
0.27264761653490405,0.0
0.28941654641617437,0.0
0.29373159110594377,0.0
0.2997241591406579,0.0
0.3191418461674136,0.0
0.34903125427732573,0.0
0.3879451827779439,0.0
0.4361436535496887,0.0
0.48190613107791197,0.0
0.5036671074897867,0.0
0.4964855524778828,0.0
0.4664722307075042,0.0
0.41598098456141025,0.0
0.3547373903838812,0.0
0.2955226511321353,0.0
0.2489889684658718,0.0
0.22293536928364646,0.0
0.21236734677948757,0.0
0.2079582115905738,0.0
0.21355514005692117,0.0
0.2296089631405448,0.0
0.24924019966271665,0.0
0.26871326554999714,0.0
0.2818331966610302,0.0
0.28177378293789374,0.0
0.2777436626685587,0.0
0.28278771149648946,0.0
0.2994053962860844,0.0
0.3278202566007753,0.0
0.3651079703505869,0.0
0.4051480335875188,0.0
0.4453327547421102,0.0
0.4813273271989413,0.0
0.5051078292153138,0.0
0.5122192466535447,0.0
0.49343115530807374,0.0
0.43910157860252713,0.0
0.3643256073025218,0.0
0.3000202118050177,0.0
0.2615097074196125,0.0
0.23843632890237176,0.0
0.21806765296916153,0.0
0.20317362476977738,0.0
0.20395555225795203,0.0
0.2234583384602944,0.0
0.24177848155504905,0.0
0.24859599637182556,0.0
0.26178252422762477,0.0
0.278472788956979,0.0
0.2840980719318421,0.0
0.2878676431239812,0.0
0.3041511652050913,0.0
0.3315181052531206,0.0
0.3620667113948755,0.0
0.3912617981958108,0.0
0.41862028975314924,0.0
0.447161713774273,0.0
0.4765665072851286,0.0
0.4922457072951727,0.0
0.4767859426536989,0.0
0.4379244945008854,0.0
0.39015069116873347,0.0
0.3394178931279997,0.0
0.28885233048473535,0.0
0.24379145568703864,0.0
0.21540252533493448,0.0
0.2114317175546529,0.0
0.22711049268343933,0.0
0.2501011271987868,0.0
0.271791462524991,0.0
0.2902041823324111,0.0
0.3030746533145865,0.0
0.31177409383482424,0.0
0.3205852267279001,0.0
0.32846493052905035,0.0
0.33454341713666114,0.0
0.345340038826523,0.0
0.3687247277169608,0.0
0.3985062262162556,0.0
0.4247292335748877,0.0
0.4520645895664465,0.0
0.48003566658237334,0.0
0.4905975988610363,0.0
0.47392645452038645,0.0
0.43730362584662036,0.0
0.3859293538049706,0.0
0.32441388538972793,0.0
0.2710190709307435,0.0
0.23392359620642594,0.0
0.2080254046766176,0.0
0.19414278238024,0.0
0.19394278364437173,0.0
0.20157687592973164,0.0
0.21487448552688532,0.0
0.23499168107803733,0.0
0.25564271497468655,0.0
0.26911037031543716,0.0
0.2755557480378964,0.0
0.28526759601363655,0.0
0.3048068029072462,0.0
0.3231424800782976,0.0
0.33780852468687445,0.0
0.3678448164932187,0.0
0.4204629021633396,0.0
0.47440311024065374,0.0
0.5014838867750195,0.0
0.49224400856821515,0.0
0.45241953973640087,0.0
0.39504005521090174,0.0
0.3364221732316897,0.0
0.2846555735675992,0.0
0.2424708130879782,0.0
0.21478624973087254,0.0
0.20312306574739877,0.0
0.20591638607452134,0.0
0.2200364447427084,0.0
0.24027752825297496,0.0
0.2571194806496672,1.0
0.26636995705046357,1.0
0.269736146370708,1.0
0.25068643609869895,0.0
0.1922939188800341,0.0
0.11418829096603877,0.0
0.06245952762204583,0.0
0.07344722074338585,0.0
0.1540423682475496,0.0
0.2666302496046901,0.0
0.35617995207073594,0.0
0.415967719714726,0.0
0.4643264967254479,0.0
0.48615094171624823,0.0
0.4645839890977497,0.0
0.4129378083279908,0.0
0.35449435481493496,0.0
0.30559906475858356,0.0
0.2708000880253937,0.0
0.24221947311838846,0.0
0.2124019204767729,0.0
0.18873996151542716,0.0
0.1851320561193945,0.0
0.20132311238482864,0.0
0.22515777310004115,0.0
0.2453990783481054,0.0
0.2519257039578106,0.0
0.2490098961171112,0.0
0.25337984690687215,0.0
0.2680009330183439,0.0
0.2870617926707908,0.0
0.31088967343595264,0.0
0.3362077462381323,0.0
0.3657178788961144,0.0
0.4114024860386367,0.0
0.4629092296709896,0.0
0.499744493793736,0.0
0.5149215986702685,0.0
0.4956233018037598,0.0
0.436876280084451,0.0
0.3670148532923904,0.0
0.31047806359605223,0.0
0.2696476918838348,0.0
0.2391033826705513,0.0
0.2121442984153825,0.0
0.19359246433125787,0.0
0.19403272823681952,0.0
0.21351110496736606,0.0
0.23520828495131324,0.0
0.24563495292943027,0.0
0.2462846068016983,0.0
0.2407436654819331,0.0
0.23846740636419758,0.0
0.2506805048088862,0.0
0.2733310904492077,0.0
0.2981232287163139,0.0
0.32632963826974326,0.0
0.36729576254865715,0.0
0.42106623253770564,0.0
0.46767074281951243,0.0
0.4948340736902237,0.0
0.5034244808633024,0.0
0.48406359316905667,0.0
0.43070897301616273,0.0
0.36037953263523753,0.0
0.2973565247546591,0.0
0.2546572696918022,0.0
0.22769835082731674,0.0
0.20762017150456627,0.0
0.19481908602786638,0.0
0.19691628960323843,0.0
0.21496499835272417,0.0
0.23393988347389852,0.0
0.24497344585966924,0.0
0.25506791045911015,0.0
0.26430840223230395,0.0
0.27273102410735206,0.0
0.29111797210967705,0.0
0.3193208373993431,0.0
0.3412972751399356,0.0
0.3550668554672667,0.0
0.37691154676585464,0.0
0.41622611847674074,0.0
0.46319583906895545,0.0
0.49614633750347975,0.0
0.49579157741046076,0.0
0.46353661013101466,0.0
0.4192394552710201,0.0
0.37239346356677366,0.0
0.3241769992220378,0.0
0.27790548435235846,0.0
0.23185687496747634,0.0
0.1935440635159345,0.0
0.18148544884848725,0.0
0.1969650690604368,0.0
0.22076158523720613,0.0
0.23380284067797227,0.0
0.23542568024535138,0.0
0.24256392613803615,0.0
0.2623401912173714,0.0
0.2844435953905831,0.0
0.30394045240698453,0.0
0.3196741081741658,0.0
0.3307619661543234,0.0
0.34542343737505227,0.0
0.3736019483914382,0.0
0.41678706210514893,0.0
0.4589685168127872,0.0
0.4806267840361539,0.0
0.4752697875025168,0.0
0.4469109678641001,0.0
0.39914066622085537,0.0
0.34703929679468365,0.0
0.3031591217337428,0.0
0.26200774393471987,0.0
0.2280264187878259,0.0
0.20965348538408676,0.0
0.20252549692152386,0.0
0.20822518248172486,0.0
0.22891494470167068,0.0
0.2529569565529991,0.0
0.27329325863215037,0.0
0.3106078125270983,0.0
0.38080130286866276,0.0
0.44675290769627446,0.0
0.4533709374168801,0.0
0.410764050820011,0.0
0.37399875874291855,0.0
0.35910289018748415,0.0
0.3600868150199438,0.0
0.38330161094274795,0.0
0.42657651224490417,0.0
0.4651245141581532,0.0
0.47676998154236694,0.0
0.46011237576922004,0.0
0.42208511223303696,0.0
0.36966788725211897,0.0
0.3175591632882602,0.0
0.27793812798879997,0.0
0.2436732485863489,0.0
0.20792642958924226,0.0
0.18648407195469574,0.0
0.1892545870286002,0.0
0.1997482916766198,0.0
0.20393922933499162,0.0
0.20692483895830385,0.0
0.21636840713806388,0.0
0.22682826995038083,0.0
0.23196327895549512,0.0
0.24251440071870553,0.0
0.2655620616877182,0.0
0.29222425712169625,0.0
0.3205498508259868,0.0
0.3560577433323047,0.0
0.3955440275297932,0.0
0.42936408624626926,0.0
0.449217113630483,0.0
0.4503364593407052,0.0
0.4299655968590793,0.0
0.3906029009560157,0.0
0.34328160477506486,0.0
0.2970508358277053,0.0
0.25479153965804685,0.0
0.22166686449491438,0.0
0.19786557951722675,0.0
0.1835825047894576,0.0
0.1837431731797733,0.0
0.1967295534666302,0.0
0.21549183914542394,0.0
0.23066203074924885,0.0
0.23901773239669447,0.0
0.2541128553260842,0.0
0.27719526529267413,0.0
0.2926416587993544,0.0
0.3008649122220858,0.0
0.3093036745079209,0.0
0.3238584639399356,0.0
0.3539269526425691,0.0
0.3994564964396542,0.0
0.4424772597233133,0.0
0.47040856766432815,0.0
0.4810607406055696,0.0
0.46275803160810164,0.0
0.413626530733536,0.0
0.35752276649094816,0.0
0.3045825435245289,0.0
0.2526324878908384,0.0
0.20543927362541767,0.0
0.1674300343886129,0.0
0.1494325722856545,0.0
0.16216290131048255,0.0
0.19261073689108044,0.0
0.21772731399331088,0.0
0.2334686602562268,0.0
0.24429597989618376,0.0
0.25234425099949,0.0
0.26167244792242117,0.0
0.27233678193181365,0.0
0.28349926820236016,0.0
0.29551508395315257,0.0
0.3119693936772829,0.0
0.34035514791448573,0.0
0.37396167035855044,0.0
0.40094923007330885,0.0
0.41980257282905187,0.0
0.42767523639576943,0.0
0.4147707566704001,0.0
0.382306184753847,0.0
0.3421718893010061,0.0
0.30081199259023594,0.0
0.26100319844339603,0.0
0.2225652763568776,0.0
0.1909125359933718,0.0
0.18068875884755667,0.0
0.19450197994739712,0.0
0.21563089754110248,0.0
0.2293788766276798,0.0
0.23677933404042414,0.0
0.2448540626133523,0.0
0.2579602221359331,0.0
0.27453243319483417,0.0
0.28804256817926227,0.0
0.29968647133746373,0.0
0.3135159808664051,0.0
0.33272598177771345,0.0
0.3559458526378517,0.0
0.38577277158572787,0.0
0.42642789099263717,0.0
0.46256219048049757,0.0
0.4727526285814076,0.0
0.4510587030923232,0.0
0.40316831714169177,0.0
0.3447619408322756,0.0
0.29217388810294703,0.0
0.2524466987822537,0.0
0.22195656496624874,0.0
0.20209799744763132,0.0
0.19705426272505305,0.0
0.20493265745440373,0.0
0.219117711302315,0.0
0.2280524176069076,0.0
0.23295489077592801,0.0
0.23905981165506657,0.0
0.24006544211306613,0.0
0.23923472614658706,0.0
0.24829235445557085,0.0
0.2693668322197213,0.0
0.3025574581434215,0.0
0.34211125617031796,0.0
0.37730173162387975,0.0
0.41065187941317693,0.0
0.44831607136749374,0.0
0.47758102597626184,0.0
0.47917866318776164,0.0
0.4489783309972232,0.0
0.3979808170931021,0.0
0.33936100692220905,0.0
0.28833400383330177,0.0
0.25292758834847434,0.0
0.22908217801113406,0.0
0.21373842550741814,0.0
0.20502987281519364,0.0
0.20253347848261527,0.0
0.21019403347183796,0.0
0.22579544476428218,0.0
0.24287910042058983,0.0
0.26109643064428484,0.0
0.2802503329038646,0.0
0.2939343598780417,0.0
0.3014549868652228,0.0
0.31228888000950733,0.0
0.327008182012594,0.0
0.34447047486829,0.0
0.3673760702546328,0.0
0.3940989694262735,0.0
0.4259336899744292,0.0
0.4571092002696696,0.0
0.47253632183804856,0.0
0.46142491207204894,0.0
0.4222270663475686,0.0
0.36278249122999817,0.0
0.29657210569348025,0.0
0.24330788991311617,0.0
0.2123558400149904,0.0
0.19600396483795945,0.0
0.19168003854997723,0.0
0.2040050704247092,0.0
0.22776386646409244,0.0
0.24814883958539044,0.0
0.26094432889109614,0.0
0.2767274055167544,0.0
0.2952638299885723,0.0
0.30804682146698664,0.0
0.3145671182802626,0.0
0.3152013130737562,0.0
0.3172186365241902,0.0
0.3357485146106851,0.0
0.3718277290771384,0.0
0.4149358384154281,0.0
0.4570249223125899,0.0
0.4831056542241981,0.0
0.48002381170993963,0.0
0.4508352738764541,0.0
0.4023364461685126,0.0
0.34277173132258687,0.0
0.2864143003994583,0.0
0.2473330700916995,0.0
0.21988253063658258,0.0
0.19477959701648873,0.0
0.1792937732700952,0.0
0.18051353751267088,0.0
0.19283374321716718,0.0
0.20629231692067207,0.0
0.2157702203084799,0.0
0.22561839172927076,0.0
0.2392988274032188,0.0
0.2528848082139901,0.0
0.2650989416048522,0.0
0.27587694092007836,0.0
0.2900890763179191,0.0
0.3176866946285766,0.0
0.3556239508162776,0.0
0.4005967830306452,0.0
0.4514618675132733,0.0
0.488055732013703,0.0
0.495384375955862,0.0
0.4766031556548738,0.0
0.4328031504591125,0.0
0.37112144124642943,0.0
0.30938319549451465,0.0
0.2582583272617771,0.0
0.223293030047936,0.0
0.20195438527254914,0.0
0.18680835331389312,0.0
0.1824298296083816,0.0
0.19450064773054948,0.0
0.21645528750856668,0.0
0.23971545736193225,0.0
0.2606178497489377,0.0
0.2790915659617078,0.0
0.2897012421188614,0.0
0.2857132869269325,0.0
0.2807627676891337,0.0
0.29605520177250066,0.0
0.3271103740125819,0.0
0.3554123686765249,0.0
0.38476783436790163,0.0
0.4208323979424123,0.0
0.4495031923457877,0.0
0.4624048981233458,0.0
0.45551374458045174,0.0
0.42750052109857006,0.0
0.38362927694409293,0.0
0.32900143159647277,0.0
0.27518136224497475,0.0
0.23402034350972362,0.0
0.20351098707127738,0.0
0.18584035868166185,0.0
0.19054894724922042,0.0
0.21411318546398536,0.0
0.24073350290728596,0.0
0.2555252032660342,0.0
0.2606769912521777,0.0
0.26923228443900515,0.0
0.28769748749164903,0.0
0.30641872142650395,0.0
0.3142650833292209,0.0
0.32239648829059897,0.0
0.3419088033730974,0.0
0.3716485300878783,0.0
0.4119285201489485,0.0
0.4536583085163732,0.0
0.47916409645965796,0.0
0.4820575512285014,0.0
0.4620510128674456,0.0
0.41934972659781855,0.0
0.36133329233947875,0.0
0.3013667068596173,0.0
0.2514947448093469,0.0
0.21574928674965102,0.0
0.1957732619845597,0.0
0.19485901162710587,0.0
0.21193618385405533,0.0
0.23987177672577906,0.0
0.263286695761462,0.0
0.2685916798246223,0.0
0.26518038763795926,0.0
0.27464898873593324,0.0
0.30057729051333737,0.0
0.32695035359989955,0.0
0.3397190810454469,0.0
0.34044298639233084,0.0
0.3460559124861309,0.0
0.3678921238761311,0.0
0.40257377614076817,0.0
0.44069328746908726,0.0
0.46609636867897686,0.0
0.4691371162814118,0.0
0.4549829280601409,0.0
0.42235243028158154,0.0
0.3719147296172894,0.0
0.321222841141389,0.0
0.27829404633973953,0.0
0.23884515530709913,0.0
0.20741453983069374,0.0
0.19399489255964686,0.0
0.20212550949730618,0.0
0.22137236941743824,0.0
0.23931576114099704,0.0
0.25470290350232255,0.0
0.2726914240327957,0.0
0.29022142493049385,0.0
0.29973166013210883,0.0
0.3085406792005695,0.0
0.3208678232075803,0.0
0.3316864683147517,0.0
0.3438293531415621,0.0
0.36299435912940853,0.0
0.3914330566754383,0.0
0.42391126931407674,0.0
0.4460691105639253,0.0
0.44663678039032145,0.0
0.4265055589489706,0.0
0.394057950361727,0.0
0.357828720942843,0.0
0.3207114711938665,0.0
0.28160934055358045,0.0
0.24250559327379742,0.0
0.21304741356644274,0.0
0.205626494677159,0.0
0.21767288297792398,0.0
0.23306124968901265,0.0
0.24131540986452402,0.0
0.2484258986222485,0.0
0.26735136911728874,0.0
0.2894935614109865,0.0
0.29938043035993156,0.0
0.308695822431518,0.0
0.3259581446559544,0.0
0.34214131529676695,0.0
0.35783910760215437,0.0
0.3760850355432068,0.0
0.3979138405660849,0.0
0.424234219830519,0.0
0.45141694035002333,0.0
0.4650935077933718,0.0
0.4431564862738112,0.0
0.3906883597248874,0.0
0.33620074303353636,0.0
0.28889255917451817,0.0
0.24531981000487418,0.0
0.21056121100879002,0.0
0.1932316368907864,0.0
0.19597636738697397,0.0
0.20785630273123093,0.0
0.21930535310992777,0.0
0.2330819893453716,0.0
0.24976446059577168,0.0
0.2689042027153004,0.0
0.2882849862526754,0.0
0.3037623599290797,0.0
0.3179150832260659,0.0
0.3320708585254633,0.0
0.34412439538900697,0.0
0.3588348101739035,0.0
0.3808285543772891,0.0
0.4088961288283906,0.0
0.4426120459060958,0.0
0.47517433159313965,0.0
0.4897612747057975,0.0
0.47008266184260306,0.0
0.4193814688343859,0.0
0.35719502624146504,0.0
0.3011378005049241,0.0
0.25527410112596993,0.0
0.21729999425799038,0.0
0.19412320217524381,0.0
0.18472630046385116,0.0
0.18130694488529214,0.0
0.18455127483788258,0.0
0.19488643806512146,0.0
0.21312127790578583,0.0
0.2398752089802453,0.0
0.26370105529964705,0.0
0.27833859758524615,0.0
0.29596890905448264,0.0
0.3181213904235056,0.0
0.33247988174732945,0.0
0.339428059931762,0.0
0.3531832559550525,0.0
0.3753609097746924,0.0
0.4019974484799768,0.0
0.4335461224877066,0.0
0.45141750339549935,0.0
0.4354645315489041,0.0
0.3949631868610043,0.0
0.3444142106955694,0.0
0.29449737678121285,0.0
0.2556172609353596,0.0
0.225594655612806,0.0
0.19978144541419227,0.0
0.18262776009716608,0.0
0.17777941727929533,0.0
0.18218208424495586,0.0
0.19436484516529473,0.0
0.2148753303896147,0.0
0.23525627932329013,0.0
0.24691682973672074,0.0
0.25837673061906774,0.0
0.2762910548319733,0.0
0.29139192365269373,0.0
0.3033811325598029,0.0
0.32092489205779007,0.0
0.34569782769568314,0.0
0.38242020289255485,0.0
0.42727126243967795,0.0
0.4571758038974408,0.0
0.45694254692106967,0.0
0.4312813948969555,0.0
0.39030632357668177,0.0
0.3415303691341977,0.0
0.2977335186492862,0.0
0.262620508165593,0.0
0.23129156080339489,0.0
0.20667097566317041,0.0
0.19427823759151125,0.0
0.20033785816360883,0.0
0.2232997667661838,0.0
0.24266388620485785,0.0
0.24949828466541824,0.0
0.25538364080915876,0.0
0.2638610541298412,0.0
0.2741308116392169,0.0
0.2825620930791558,0.0
0.2858392940717543,0.0
0.2931312582148424,0.0
0.31195379871234635,0.0
0.3482337919729255,0.0
0.40274474370568636,0.0
0.45368502311660147,0.0
0.48366850660257865,0.0
0.4900213054112883,0.0
0.46849612349273223,0.0
0.41559563847407277,0.0
0.343573136240134,0.0
0.2839091237571414,0.0
0.24827648643719596,0.0
0.2209489355831376,0.0
0.19466878171876026,0.0
0.1864915924330795,0.0
0.20592707572638197,0.0
0.23075760222189118,0.0
0.24191052194640233,0.0
0.24675367741638013,0.0
0.24961317907448688,0.0
0.2503779605546386,0.0
0.25813029801763,0.0
0.27135034721635026,0.0
0.2784181203513525,0.0
0.28566740736768065,0.0
0.3105184041792881,0.0
0.3522707019484752,0.0
0.393175034416671,0.0
0.4220146673032931,0.0
0.4390917036062635,0.0
0.44955295485491054,0.0
0.4494794280408483,0.0
0.4251680078537037,0.0
0.3766536410295571,0.0
0.32057690075230444,0.0
0.27124161947293757,0.0
0.2318741269797966,0.0
0.20447119282107692,0.0
0.19595336659156987,0.0
0.20344046205032587,0.0
0.218560440016317,0.0
0.2366011915161748,0.0
0.2483853050486769,0.0
0.2518022206147223,0.0
0.25825333601836803,0.0
0.2741763363919034,0.0
0.2950320619084972,0.0
0.3158735725996045,0.0
0.334277476543248,0.0
0.3489703837550742,0.0
0.3630495877002969,0.0
0.38923718875633145,0.0
0.43509285232057243,0.0
0.47700724611887374,0.0
0.4876691729423974,0.0
0.46878594540588053,0.0
0.43127731200576014,0.0
0.3818854193874729,0.0
0.3311441138127961,0.0
0.2867712384022616,0.0
0.25252851921603947,0.0
0.2243999874793091,0.0
0.20444986323502282,0.0
0.20736440134237116,0.0
0.23169709059523785,0.0
0.2589515904787828,0.0
0.279655802237901,0.0
0.29436280128623715,0.0
0.3021713823236153,0.0
0.3006894502938466,0.0
0.2960314797643264,0.0
0.30278500195891245,0.0
0.324480153407646,0.0
0.3504248523897223,0.0
0.37490879962591717,0.0
0.39889804051920574,0.0
0.4212619069902025,0.0
0.44159192613992815,0.0
0.453235169117413,0.0
0.44559937161595486,0.0
0.41658667777333086,0.0
0.3693924429241397,0.0
0.31348902667986617,0.0
0.2633511495474579,0.0
0.22314509170136954,0.0
0.19871617655037732,0.0
0.1997450533553727,0.0
0.22177308376638633,0.0
0.24906030828302658,0.0
0.2706640421019178,0.0
0.2868806692371863,0.0
0.30269782212813506,0.0
0.31374820818453536,0.0
0.31809703902557607,0.0
0.3244732435322696,0.0
0.3366238070429135,0.0
0.3532275930482939,0.0
0.37320524714493825,0.0
0.3991055824715702,0.0
0.43489411258695015,0.0
0.4705509397040025,0.0
0.4910970606162656,0.0
0.493763791514491,0.0
0.4756380681940442,0.0
0.4323504511213095,0.0
0.372450864966248,0.0
0.3117717990808365,0.0
0.26036519560325655,0.0
0.22009856878420062,0.0
0.19211235010220162,0.0
0.18115263253891398,0.0
0.18934993502648054,0.0
0.20947097103732687,0.0
0.22885345213913308,0.0
0.24308451919082702,0.0
0.2522948605227021,0.0
0.2582924064452538,0.0
0.27088765904302364,0.0
0.29411309057579577,0.0
0.320268588941321,0.0
0.3408950738743023,0.0
0.3589113160484566,0.0
0.3815046740330879,0.0
0.40534759458644704,0.0
0.42771621410145244,0.0
0.4469560803545402,0.0
0.4504780551953292,0.0
0.4304601209522732,0.0
0.39560474489484754,0.0
0.3518900890440392,0.0
0.30497182701914066,0.0
0.2648899416093455,0.0
0.2315544339011922,0.0
0.20491612291911573,0.0
0.19170052146315347,0.0
0.19350325385312472,0.0
0.20402327343166612,0.0
0.21967210799628592,0.0
0.23922116115543807,0.0
0.25573023605462897,0.0
0.26605532336034726,0.0
0.26823206350923273,0.0
0.26938312263286357,0.0
0.28045944991448835,0.0
0.2980130725167206,0.0
0.31959281490376795,0.0
0.348801202879965,0.0
0.3833743490038592,0.0
0.4157868501648245,0.0
0.4381108149297133,0.0
0.44571629412358804,0.0
0.4336703328430427,0.0
0.3998043320804274,0.0
0.34970038428978756,0.0
0.29595352826329896,0.0
0.24929190572525547,0.0
0.21710913509923294,0.0
0.20141559586784558,0.0
0.19646919734332666,0.0
0.1993363035545674,0.0
0.21157178281718617,0.0
0.23079552240280174,0.0
0.25018026009533356,0.0
0.2641979769975947,0.0
0.27271948460353124,0.0
0.2763757139401199,0.0
0.2774723935138163,0.0
0.2851371834855705,0.0
0.3052003693003572,0.0
0.33271655149777546,0.0
0.35938665298348255,0.0
0.3864043680590072,0.0
0.4192716302765466,0.0
0.45145130741336364,0.0
0.46771850257488135,0.0
0.4537300285577252,0.0
0.40463393380053414,0.0
0.33746228705354125,0.0
0.28034552231423865,0.0
0.24112125982364638,0.0
0.21011842141478804,0.0
0.1876856047340344,0.0
0.18384022561594562,0.0
0.20003965427648837,0.0
0.22270293487941065,0.0
0.2390042512362269,0.0
0.2473206429598345,0.0
0.2526449269522929,0.0
0.2609998492932583,0.0
0.2745572352231759,0.0
0.28634604946064,0.0
0.29314880137148375,0.0
0.3024524174727948,0.0
0.3203516293286955,0.0
0.3459044863383519,0.0
0.3755854489365936,0.0
0.40403162382478836,0.0
0.42559742908373116,0.0
0.43499988105611537,0.0
0.42802210782943023,0.0
0.4006372825974287,0.0
0.35157843048807336,0.0
0.2937308856908503,0.0
0.24440843283456684,0.0
0.2162744471357426,0.0
0.20933892030052131,0.0
0.212793738159096,0.0
0.2222568411889991,0.0
0.23585907028055475,0.0
0.2446763105778668,0.0
0.2524290361675308,0.0
0.2656271486046079,0.0
0.27478727366541966,0.0
0.2782768253027575,0.0
0.2872944911390037,0.0
0.3034965937387498,0.0
0.32234807734346854,0.0
0.3439160262987981,0.0
0.37298262840152074,0.0
0.408972984245996,0.0
0.4463317273968827,0.0
0.46952110218180504,0.0
0.46175253424235896,0.0
0.42909909568709564,0.0
0.38414355722733257,0.0
0.3308394838563848,0.0
0.2811092820558431,0.0
0.24734480558155292,0.0
0.22672882079421333,0.0
0.21440047242772314,0.0
0.21100441541184672,0.0
0.21908069908882385,0.0
0.23444329139397949,0.0
0.2504481302048919,0.0
0.2633095909796583,0.0
0.27150905777165085,0.0
0.2812954212527054,0.0
0.29532069260171395,0.0
0.3114659202783699,0.0
0.3295788418110783,0.0
0.3448889269297966,0.0
0.36222056128012214,0.0
0.3910221031167835,0.0
0.42618415731912784,0.0
0.46048451520461986,0.0
0.485394255531362,0.0
0.48934517987674775,0.0
0.4711553272170492,0.0
0.43449749588566366,0.0
0.3854735384586995,0.0
0.3280203439900129,0.0
0.27051836859532574,0.0
0.22619549636278502,0.0
0.20400520400131592,0.0
0.20330293379405082,0.0
0.2159024910526941,0.0
0.23777766161378508,0.0
0.2655002604321842,0.0
0.28714067438315166,0.0
0.2948298957325431,0.0
0.2989851046500768,0.0
0.31144931340178256,0.0
0.3324935283431029,0.0
0.35404621476331155,0.0
0.3711902620888715,0.0
0.3886628667152199,0.0
0.41339379234826124,0.0
0.44330934758322454,0.0
0.46952711187300483,0.0
0.4752737755310902,0.0
0.4523367361001732,0.0
0.4163629009574805,0.0
0.38008960313223006,0.0
0.34293228914210605,0.0
0.3054987376343891,0.0
0.27213577667886796,0.0
0.23567961077520594,0.0
0.1987503152520494,0.0
0.18000055976169677,0.0
0.183322801148145,0.0
0.19529444560756107,0.0
0.2026294344129413,0.0
0.2095150756240699,0.0
0.22894111682623747,0.0
0.2561439143208314,0.0
0.2735511821101902,0.0
0.2760506563264606,0.0
0.2779589047460259,0.0
0.29384342506560207,0.0
0.322561568840911,0.0
0.3579771209563388,0.0
0.40344091433094526,0.0
0.4553607118134238,0.0
0.48820125797415737,0.0
0.48914947838140144,0.0
0.4719000704623889,0.0
0.4367929416205676,0.0
0.37851052575563404,0.0
0.3153431490203422,0.0
0.26322195703236523,0.0
0.22406487135251063,0.0
0.20314764107739053,0.0
0.20121760546602446,0.0
0.21204111973478743,0.0
0.22865217614788408,0.0
0.2453307918297689,0.0
0.2591995370582041,0.0
0.2659721428898053,0.0
0.2712352718077974,0.0
0.28730156079805214,0.0
0.3098397317126175,0.0
0.3281790647780043,0.0
0.34117312322335025,0.0
0.3505767091103343,0.0
0.3675837843566928,0.0
0.398731078059614,0.0
0.4393343944482774,0.0
0.4814081929482345,0.0
0.5033323395222401,0.0
0.4880294164216072,0.0
0.4487353091066247,0.0
0.39189391661773576,0.0
0.3192575400003607,0.0
0.25870967405749234,0.0
0.22564231975963306,0.0
0.21221828263384207,0.0
0.21348480549465915,0.0
0.2371893057144537,0.0
0.2945037616111397,0.0
0.357085928640266,0.0
0.3684522197293506,0.0
0.3362871617969824,0.0
0.31678049206700487,0.0
0.32569131501058685,0.0
0.3459438722606898,0.0
0.3630978212407296,0.0
0.3731474346133982,0.0
0.3824285165026292,0.0
0.40331645113392905,0.0
0.4417562727220419,0.0
0.48208873687068593,0.0
0.5017728093928142,0.0
0.49594556740824836,0.0
0.4710617247376922,0.0
0.4284342982240073,0.0
0.3704907780255069,0.0
0.3107893351181347,0.0
0.2618110080418657,0.0
0.22671947560205388,0.0
0.2067442402507266,0.0
0.20119405125343837,0.0
0.20469104870715696,0.0
0.21374972810910794,0.0
0.22858391938865913,0.0
0.24821124565263625,0.0
0.266658186278889,0.0
0.28300821090437284,0.0
0.297128609510618,0.0
0.306212509906787,0.0
0.31865709060071595,0.0
0.337805056854002,0.0
0.3581727778004149,0.0
0.3812379934089973,0.0
0.4089255005159998,0.0
0.4396416895881114,0.0
0.46618311111996935,0.0
0.47324195864684276,0.0
0.4544191571177531,0.0
0.41870005753885875,0.0
0.3752245311175154,0.0
0.3258656995533062,0.0
0.2789478167195214,0.0
0.2450088180719794,0.0
0.22404761771994944,0.0
0.21484202229378377,0.0
0.21769231550255408,0.0
0.2264191084092198,0.0
0.23727687935488093,0.0
0.25702669845361875,0.0
0.28290544889680336,0.0
0.3026814707569747,0.0
0.31519266517524425,0.0
0.32699032337075634,0.0
0.33700655468402047,0.0
0.33809437807851295,0.0
0.3416260665201606,0.0
0.3710333933398833,0.0
0.424562752007533,0.0
0.47638404709121707,0.0
0.5071246914249048,0.0
0.5123712214796576,0.0
0.49083698825538175,0.0
0.446091290697437,0.0
0.38777094029183634,0.0
0.3245131534103887,0.0
0.2701467779014722,0.0
0.23544037931659692,0.0
0.2179000003020762,0.0
0.21562202461206811,0.0
0.22326884179625467,0.0
0.2350465047125605,0.0
0.2530557905042685,0.0
0.27469111200789725,0.0
0.29370853965868404,0.0
0.30282148203387277,0.0
0.3044500832784712,0.0
0.3152548128109216,0.0
0.34011016066496447,0.0
0.3674318907640888,0.0
0.3845359182145706,0.0
0.4003376384162029,0.0
0.43700505643600657,0.0
0.4813468126218105,0.0
0.5050625304155764,0.0
0.5062918559307563,0.0
0.4864816223321749,0.0
0.4413856593350458,0.0
0.3842530513219158,0.0
0.33342005938596986,0.0
0.2918824174690183,0.0
0.2567611096314366,0.0
0.22852291817694922,0.0
0.21589562986489141,0.0
0.23130181060391738,0.0
0.27033526345221925,0.0
0.3048170317143918,0.0
0.3188537385605798,0.0
0.32398469150991716,0.0
0.33621940184810967,0.0
0.3583672516919316,0.0
0.3763991652164188,0.0
0.38021611462345545,0.0
0.3839348687862367,0.0
0.39878400998505004,0.0
0.4214342254753679,0.0
0.4530282489362659,0.0
0.4839917862065248,0.0
0.49555346631775304,0.0
0.4905419957768883,0.0
0.47861896048658303,0.0
0.4505464150373731,0.0
0.39669438983699346,0.0
0.33159400782491544,0.0
0.2750144556405444,0.0
0.23087332338895147,0.0
0.19708722347577143,0.0
0.17812126065854636,0.0
0.18172904752484936,0.0
0.2034267398985105,0.0
0.2240635112049176,0.0
0.23797394760904642,0.0
0.2543054627772526,0.0
0.27294270952195193,0.0
0.2875821826323859,0.0
0.30058713254966773,0.0
0.319356574562691,0.0
0.338191368903264,0.0
0.35245329892262606,0.0
0.37322674708971854,0.0
0.41292134949739073,0.0
0.4648632885572656,0.0
0.5071930976801236,0.0
0.5191168537507129,0.0
0.48931887667656326,0.0
0.43036095957987147,0.0
0.36900715578338544,0.0
0.3156841529439453,0.0
0.2653699930933903,0.0
0.22117551723596024,0.0
0.19454651732346565,0.0
0.18920631300999002,0.0
0.19818248305285582,0.0
0.2166025942766479,0.0
0.24033517402466414,0.0
0.2619988852145089,0.0
0.2783747179606309,0.0
0.29081843229536786,0.0
0.3030948280490215,0.0
0.3196321833376122,0.0
0.33898938562784875,0.0
0.3528243239167461,0.0
0.36017746839735687,0.0
0.37857624459975453,0.0
0.4160737452772907,0.0
0.4623544161258938,0.0
0.4995009759561593,0.0
0.5062871632934953,0.0
0.478448255099794,0.0
0.4334553188865245,0.0
0.38728544811095256,0.0
0.3376086372983695,0.0
0.288777086154947,0.0
0.25366207018743064,0.0
0.2325572689643273,0.0
0.22379820325854577,0.0
0.22377504107033339,0.0
0.23183578558498363,0.0
0.24900652892847916,0.0
0.26847536627608937,0.0
0.284724737484193,0.0
0.29860497151882565,0.0
0.3123143364221117,0.0
0.33378194782297954,0.0
0.3637049567180062,0.0
0.38798965632541366,0.0
