26692.622303167722,0.0
28117.674890616996,0.0
28679.575588106378,0.0
26833.21322382852,0.0
20467.65838052979,0.0
12528.75603861674,0.0
10135.581383747784,0.0
13334.54269603478,0.0
16776.98662384824,0.0
18611.265910518676,0.0
19551.37752359636,0.0
19805.633383109234,0.0
19210.388147545666,0.0
17762.131668753012,0.0
15708.508840383125,0.0
13511.238054381705,0.0
11652.484321814001,0.0
10339.592572151067,0.0
9595.29486433729,0.0
9439.32311765889,0.0
9790.751142496012,0.0
10453.876318429953,0.0
11352.32380111668,0.0
12433.360748601757,0.0
13535.473436163997,0.0
14504.827148413659,0.0
15219.273893716505,0.0
15548.936319096572,0.0
15602.470211347905,0.0
15718.024743593502,0.0
16167.872384924844,0.0
16965.64421835511,0.0
17936.736952806044,0.0
18991.578109563183,0.0
19979.577869804056,0.0
20458.129833024304,0.0
19904.698819915324,0.0
18154.16654041936,0.0
15652.585143391212,0.0
13283.863939659092,0.0
11551.008237091924,0.0
10351.438473142982,0.0
9552.148835483687,0.0
9187.474911142437,0.0
9338.454170801555,0.0
10037.331294172262,0.0
11125.656824371861,0.0
12328.958497723763,0.0
13464.782238312468,0.0
14466.900186271838,0.0
15348.812585030495,0.0
16106.802236553693,0.0
16619.517267662482,0.0
16845.844735087296,0.0
17154.94572127415,0.0
17726.657887346,0.0
18306.319891600397,0.0
18916.503873935286,0.0
19622.22457157572,0.0
19939.66672349138,0.0
19286.33181279989,0.0
17605.142688429336,0.0
15461.900326072197,0.0
13522.86847106621,0.0
12023.56164912449,0.0
10913.291806091873,0.0
10152.52059960451,0.0
9701.868084776059,0.0
9599.300316814759,0.0
10104.284704658612,0.0
11180.225890978445,0.0
12393.040316010098,0.0
13459.391328722324,0.0
14281.207016495924,0.0
14841.314941463079,0.0
15212.506327531839,0.0
15474.727967245886,0.0
15718.557247169501,0.0
16180.273856849346,0.0
17066.546061799756,0.0
18212.16850187998,0.0
19285.309870817724,0.0
20071.136924582403,0.0
20316.804510240047,0.0
19687.28967309052,0.0
18127.82459184097,0.0
15992.489528933196,0.0
13883.753584556933,0.0
12115.244967439605,0.0
10654.045684385928,0.0
9599.300068295544,0.0
9180.710503628312,0.0
9466.666474763097,0.0
10259.511986410753,0.0
11223.588877709299,0.0
12168.790778179411,0.0
13139.75444730143,0.0
14119.402888851722,0.0
14894.771199525077,0.0
15356.471961303694,0.0
15633.525529536068,0.0
15838.504744611246,0.0
16149.525581078124,0.0
16673.820497794684,0.0
17223.242802033823,0.0
17606.82427415237,0.0
17827.398300173398,0.0
17811.409146857026,0.0
17264.4493635702,0.0
15988.457679058496,0.0
14157.727406704302,0.0
12243.201216595022,0.0
10735.217381375287,0.0
9743.255022582756,0.0
9092.335310332684,0.0
8822.190377467256,0.0
8878.17084385398,0.0
9193.077404138907,0.0
10027.37109333243,0.0
11280.346422432489,0.0
12491.801468867012,0.0
13469.039758398796,0.0
14131.966051111644,0.0
14467.922147252419,0.0
14744.293641965065,0.0
15157.036894548684,0.0
15673.182925877587,0.0
16205.644434353724,0.0
16647.194808637814,0.0
16908.571128424057,0.0
17007.914306521903,0.0
16967.577235754885,0.0
16624.165754322006,0.0
15734.92498550114,0.0
14391.079834893237,0.0
12989.19427938493,0.0
11773.617274037337,0.0
10794.09523478316,0.0
10055.345095720015,0.0
9596.43562005075,0.0
9662.736452575768,0.0
10324.379437381902,0.0
11193.991946954675,0.0
12060.65074325794,0.0
12986.428205964132,0.0
13796.73137424569,0.0
14300.791990313292,0.0
14623.398786524305,0.0
14981.068683038538,0.0
15478.834995461564,0.0
16085.612807809004,0.0
16734.531515842184,0.0
17472.827926570426,0.0
18308.991248424187,0.0
18998.348100415562,0.0
19206.65480391979,0.0
18662.112697579338,0.0
17217.28899045234,0.0
15183.205524385576,0.0
13154.533946502557,0.0
11437.539616898448,0.0
10111.345174069904,0.0
9289.557265937663,0.0
9023.731075530039,0.0
9171.710067116095,0.0
9616.585866536068,0.0
10430.643082263841,0.0
11588.08699537621,0.0
12853.756930488136,0.0
13950.10196739867,0.0
14704.155196721917,0.0
15118.13379032398,0.0
15325.113277570734,0.0
15574.43601366039,0.0
16167.052720430465,0.0
17106.29463979358,0.0
18167.96537815644,0.0
19221.663021209417,0.0
20085.82048886512,0.0
20348.768405255403,0.0
19589.87170181279,0.0
17814.811487027528,0.0
15521.108291624234,0.0
13306.401355812683,0.0
11574.361303796548,0.0
10422.941699552714,0.0
9669.535013626182,0.0
9253.881914258447,0.0
9320.567631987871,0.0
9892.941914464804,0.0
10827.320613966864,0.0
11985.798815971351,0.0
13267.792634247971,0.0
14434.82142960152,0.0
15248.142301283578,0.0
15650.165521948853,0.0
15731.191847798591,0.0
15841.247144266654,0.0
16310.850782744503,0.0
17074.713901633677,0.0
17902.857499598977,0.0
18766.78322726233,0.0
19564.556290276072,0.0
19871.75386713636,0.0
19217.653508439562,0.0
17548.398959715065,0.0
15359.997428153145,0.0
13261.509967370012,0.0
11588.279955387514,0.0
10417.338885719024,0.0
9701.306000451676,0.0
9418.152335581455,0.0
9658.710466502196,0.0
10480.482676334492,0.0
11628.845615996903,0.0
12760.247195930535,0.0
13767.88737848641,0.0
14547.15775201789,0.0
14984.603249769601,0.0
15121.903674843768,0.0
15183.746479067073,0.0
15387.85117562499,0.0
15853.434415266172,0.0
16748.98125446768,0.0
18204.36059385277,0.0
19890.942652430578,0.0
21034.89140844399,0.0
21129.054827260614,0.0
20037.934191554836,0.0
17938.67331463014,0.0
15474.90503986164,0.0
13285.650754096321,0.0
11611.382667926706,0.0
10426.626879531957,0.0
9630.793580073105,0.0
9279.632641387674,0.0
9458.961715907231,0.0
10150.862708169518,0.0
11282.129623201054,0.0
12550.627879414322,0.0
13628.764191987462,0.0
14469.723147463486,0.0
15083.245699108125,0.0
15444.574789648868,0.0
15660.326756318991,0.0
15946.535365581542,0.0
16449.57213146711,0.0
17129.383511074997,0.0
17760.58250875912,0.0
18313.298377192164,0.0
18858.326327649334,0.0
19104.17267712384,0.0
18695.18011905242,0.0
17594.67295404259,0.0
16020.375213702126,0.0
14218.390493872921,0.0
12477.244081145252,0.0
11195.681942473797,0.0
10541.429718137559,0.0
10254.854231109139,0.0
10210.494842502296,0.0
10638.763758845284,0.0
11540.436268925128,0.0
12628.31105268081,0.0
13703.520868841688,0.0
14647.67436455121,0.0
15333.472366810609,0.0
15694.668759053457,0.0
15810.787676891663,0.0
15830.2233485632,0.0
15992.409558095203,0.0
16496.94091625357,0.0
17188.213673132053,0.0
17740.058591385114,0.0
18004.13293546434,0.0
17935.911250651345,0.0
17449.81379493226,0.0
16458.409541434496,0.0
14976.093083397755,0.0
13300.362882880134,0.0
11831.423409818424,0.0
10744.739569975645,0.0
10049.833034436184,0.0
9564.51102003719,0.0
9157.365484231519,0.0
9211.11917037185,0.0
9935.29858437299,0.0
11085.771131878862,0.0
12321.733054206285,0.0
13395.671207339157,0.0
14326.342913437991,0.0
15057.190483228427,0.0
15535.485284336823,0.0
16056.353938140437,0.0
16681.90123576868,0.0
17108.148694639312,0.0
17329.893456791455,0.0
17570.582368493317,0.0
17889.74447966438,0.0
17958.325035769485,0.0
17344.435254287964,0.0
16056.582035713436,0.0
14472.041536211478,0.0
12997.982384041881,0.0
11777.556322103079,0.0
10722.812783722666,0.0
9810.020397183554,0.0
9132.456656483695,0.0
8848.039075805613,0.0
9132.837297015525,0.0
10063.210967962155,0.0
11439.27649171768,0.0
12839.493824442286,0.0
14063.850463726843,0.0
15065.997441736048,0.0
15681.433574170422,0.0
15905.442772784769,0.0
16029.974820809848,0.0
16475.228514697323,0.0
17458.143908588412,0.0
18744.625509083347,0.0
19973.540770172844,0.0
20872.14429742904,0.0
21164.073423868827,0.0
20556.39771808752,0.0
18979.34901591686,0.0
16798.178861987013,0.0
14643.830623042697,0.0
12936.148254686457,0.0
11681.430176604528,0.0
10801.596241014779,0.0
10284.468441179199,0.0
10162.280208800103,0.0
10636.354386146826,0.0
11725.099203066235,0.0
13028.701670846658,0.0
14151.15210347452,0.0
14961.006527635753,0.0
15511.726758105793,0.0
15898.993775615048,0.0
16275.049494283097,0.0
16777.31751781949,0.0
17425.921068260912,0.0
18137.895099234254,0.0
18906.380540133076,0.0
19880.31011739414,0.0
20832.65182676738,0.0
21066.458524835216,0.0
20200.249566466726,0.0
18415.58781706562,0.0
16119.997365801317,0.0
13817.360414986197,0.0
11889.66062473436,0.0
10451.542885192355,0.0
9570.53975096886,0.0
9217.758734126055,0.0
9379.259565071516,0.0
10107.89757515668,0.0
11209.673841519243,0.0
12502.78680684537,1.0
13853.146420332318,0.0
14740.861800895329,0.0
14438.55077048605,0.0
12950.992083055782,0.0
12168.84258268509,0.0
13559.375054953318,0.0
15598.440297003262,0.0
16964.11549501289,0.0
17878.224164169776,0.0
18644.768259505952,0.0
19349.897565437117,0.0
19760.95331280599,0.0
19346.916353169585,0.0
17841.51602025825,0.0
15644.01861272992,0.0
13440.261565056355,0.0
11667.51183280529,0.0
10419.205441042392,0.0
9608.592997625357,0.0
9212.654188550052,0.0
9355.907226121257,0.0
10078.145921676585,0.0
11150.06575458012,0.0
12335.21130231386,0.0
13516.566729005683,0.0
14542.019293861447,0.0
15260.02579835005,0.0
15664.981742639913,0.0
15898.380032843774,0.0
16098.156093526535,0.0
16414.232564497383,0.0
17009.77436473018,0.0
17818.183700339352,0.0
18711.102496827643,0.0
19618.816921150592,0.0
20055.788171667522,0.0
19404.739536811052,0.0
17762.544164173436,0.0
15738.597912066065,0.0
13764.705827937596,0.0
12101.206359213913,0.0
10934.824151255421,0.0
10259.736453083358,0.0
9990.271656439074,0.0
10126.222455947027,0.0
10756.13840459903,0.0
11875.641487131497,0.0
13180.576526861669,0.0
14169.768032974991,0.0
14607.271204755622,0.0
14832.824299286198,0.0
15176.31702095964,0.0
15585.095150394587,0.0
15986.029152063089,0.0
16509.604558170635,0.0
17184.911381387494,0.0
17784.46593120543,0.0
18258.559149781628,0.0
18696.804400388402,0.0
18803.10833502618,0.0
18144.305063519012,0.0
16675.5828029996,0.0
14789.649300860301,0.0
12905.491769915754,0.0
11188.51765135699,0.0
9878.42553856,0.0
9222.284943943301,0.0
9144.857528668601,0.0
9403.058770831723,0.0
9950.693749675784,0.0
10795.625570786828,0.0
11840.61294494993,0.0
12939.319837211628,0.0
13916.485451602293,0.0
14671.53689031927,0.0
15194.295055313802,0.0
15603.687745211564,0.0
15919.792928161633,0.0
16135.591595937403,0.0
16483.863487967057,0.0
16951.480821238987,0.0
17286.458541471675,0.0
17459.37040933668,0.0
17454.67174642107,0.0
17060.55424903572,0.0
16115.340986830695,0.0
14700.611887189772,0.0
13092.580488296884,0.0
11582.070601825739,0.0
10362.310499522677,0.0
9597.531424922627,0.0
9249.31370485885,0.0
9151.398537095869,0.0
9448.804553146905,0.0
10272.434906640232,0.0
11414.906715060933,0.0
12564.893880209258,0.0
13491.4191092422,0.0
14190.924197094379,0.0
14794.01021092189,0.0
15375.814709344444,0.0
16002.871513403736,0.0
16724.490353528203,0.0
17322.942931952326,0.0
17529.717914124318,0.0
17391.68462641409,0.0
17203.496303681724,0.0
17025.54612229949,0.0
16543.95186768677,0.0
15546.816884276526,0.0
14188.457923103095,0.0
12759.894287877843,0.0
11449.522851200532,0.0
10353.158957577145,0.0
9567.80635740561,0.0
9094.483506872657,0.0
8925.692900658094,0.0
9305.454941430053,0.0
10349.762663469015,0.0
11660.096659061805,0.0
12831.023482571345,0.0
13837.659389604263,0.0
14736.004449174394,0.0
15513.399518754855,0.0
16143.763129736462,0.0
16742.387085259976,0.0
17511.54313238449,0.0
18375.27519296474,0.0
19013.42925359116,0.0
19331.91786276424,0.0
19445.15347824527,0.0
19215.14358380981,0.0
18310.050028435868,0.0
16643.177901908773,0.0
14530.4478415844,0.0
12485.39681719334,0.0
10856.696075649068,0.0
9716.890248056086,0.0
8949.344371550418,0.0
8520.73833653549,0.0
8570.244103673725,0.0
9120.21133116064,0.0
9991.636699753948,0.0
11069.11608399869,0.0
12325.5616716507,0.0
13565.69999157913,0.0
14487.608237714068,0.0
14946.435696188772,0.0
15128.92451441446,0.0
15381.50663489299,0.0
16010.039626653212,0.0
17079.624271532888,0.0
18251.146361172716,0.0
19230.66496468794,0.0
19907.325606262166,0.0
19963.139140787283,0.0
19090.177814726296,0.0
17468.780236642997,0.0
15422.76444577058,0.0
13344.38236271951,0.0
11603.060218664948,0.0
10257.724491147836,0.0
9260.275413676532,0.0
8796.740613320479,0.0
9019.278079042377,0.0
9881.928370115329,0.0
11174.201386631532,0.0
12661.27423173273,0.0
14181.553485127184,0.0
15345.40444401088,0.0
15790.682156749466,0.0
15744.10475059821,0.0
15744.738870041896,0.0
16105.461372433007,0.0
16798.746682869212,0.0
17718.247645549938,0.0
18808.084908466517,0.0
19942.16757508636,0.0
20803.032291618667,0.0
20877.93578981015,0.0
19699.486476715145,0.0
17443.333962006982,0.0
14871.650874144412,0.0
12634.234670777203,0.0
10965.775919775766,0.0
9779.932022211995,0.0
8965.618807715926,0.0
8607.622347162782,0.0
8722.588110227209,0.0
9085.515124432008,0.0
9576.705477189487,0.0
10337.526796479999,0.0
11328.601655033883,0.0
12169.850017180852,0.0
12618.534480808265,0.0
12839.523624235684,0.0
13032.981435538171,0.0
13196.5278303463,0.0
13363.487977105135,0.0
13779.323281273164,0.0
14565.304418419693,0.0
15481.150191877296,0.0
16145.915456850627,0.0
16224.473667725133,0.0
15583.840767204487,0.0
14348.760365245678,0.0
12765.431235425818,0.0
11115.750882230583,0.0
9673.005167423498,0.0
8638.639507590844,0.0
8070.039895489878,0.0
7925.846565820283,0.0
8148.690004555404,0.0
8614.433799506405,0.0
9236.856521699505,0.0
9981.805259703247,0.0
10787.263054925377,0.0
11550.894501230032,0.0
12148.142612539401,0.0
12383.871633902412,0.0
12232.62660160221,0.0
12086.280062172209,0.0
12335.626576538534,0.0
12887.95590499579,0.0
13413.969421938064,0.0
13884.61127024071,0.0
14365.405464912548,0.0
14590.884302396218,0.0
14102.460863212893,0.0
12798.99960649849,0.0
11109.434499200408,0.0
9609.209723154006,0.0
8511.15372179879,0.0
7697.7717903830435,0.0
7064.618203998913,0.0
6587.509451065237,0.0
6274.434025934764,0.0
6243.049235060426,0.0
6576.762253356074,0.0
7045.2070870618,0.0
7408.097789285946,0.0
7685.305365273994,0.0
7880.210095259847,0.0
7990.713674315065,0.0
8097.52248598011,0.0
8248.748235452756,0.0
8489.44943205448,0.0
8896.178436445707,0.0
9378.447476973686,0.0
9704.240878220731,0.0
9786.300972501851,0.0
9721.214223050312,0.0
9530.689523808396,0.0
9151.202388837008,0.0
8653.497213565754,0.0
8052.788499302815,0.0
7331.827865265137,0.0
6685.12084261322,0.0
6200.775021372578,0.0
5839.362958041377,0.0
5713.746156457201,0.0
5905.287846555088,0.0
6333.329615896702,0.0
6877.703007672671,0.0
7402.208042677009,0.0
7799.9179791284105,0.0
8095.4369063702015,0.0
8403.125249481283,0.0
8710.595105744222,0.0
8930.00033496001,0.0
9087.854193869565,0.0
9155.897498645629,0.0
9073.466181950233,0.0
9004.96192639019,0.0
9067.865574452126,0.0
9044.025515830888,0.0
8687.144024959134,0.0
8076.008756504794,0.0
7464.334047167759,0.0
6954.872865871552,0.0
6404.621390341987,0.0
5717.632520950803,0.0
5155.853017812624,0.0
4917.359783725676,0.0
4895.098687434815,0.0
5037.068948164654,0.0
5400.804012378606,0.0
5957.2759292455385,0.0
6513.792096010822,0.0
6921.142408228465,0.0
7259.727814628526,0.0
7572.0814768081345,0.0
7849.905833868886,0.0
8217.844798078973,0.0
8656.689174659365,0.0
9057.423525567609,0.0
9411.612902717921,0.0
9725.60577376954,0.0
10063.432036730048,0.0
10349.736156489176,0.0
10188.085918686911,0.0
9431.42745967795,0.0
8366.341925791134,0.0
7345.598272944447,0.0
6553.06984340604,0.0
6035.371589431297,0.0
5771.411075714238,0.0
5704.975518319388,0.0
5762.653114965537,0.0
5905.727179513942,0.0
6247.827338275608,0.0
6849.5840926882365,0.0
7535.310608580816,0.0
8069.687489461741,0.0
8422.975088002706,0.0
8697.910943735473,0.0
8988.46514061118,0.0
9306.090350707265,0.0
9542.439545930412,0.0
9774.65446387238,0.0
10191.820194882996,0.0
10777.72169319537,0.0
11346.079037593241,0.0
11581.563699871893,0.0
11337.282817165147,0.0
10613.265129685706,0.0
9453.256557357983,0.0
8347.13192225698,0.0
7645.812456502802,0.0
7090.35981289227,0.0
6487.426653417969,0.0
6039.299714442098,0.0
5947.393609662348,0.0
6172.461743516753,0.0
6545.160666241419,0.0
6973.530919175056,0.0
7452.825152815266,0.0
7939.136278691054,0.0
8321.19508919168,0.0
8506.063023095976,0.0
8517.982009150217,0.0
8478.370869469712,0.0
8619.49863077884,0.0
9240.245984581625,0.0
10238.448574676691,0.0
11094.309253368037,0.0
11552.229347323599,0.0
11674.240801452355,0.0
11442.479788816712,0.0
10837.335437198473,0.0
9877.109643632577,0.0
8804.26743145376,0.0
7963.612035905235,0.0
7395.360391372779,0.0
7024.33862091555,0.0
6836.012588087134,0.0
6833.562267213059,0.0
7023.729015717405,0.0
7367.336222215715,0.0
7762.056084055274,0.0
8069.536451079183,0.0
8238.59573037392,0.0
8313.88631056689,0.0
8288.255343179504,0.0
8175.01263397901,0.0
8164.033068169861,0.0
8584.75547102596,0.0
9200.848144696753,0.0
9226.040686154582,0.0
8737.180583686813,0.0
8442.261183978095,0.0
8433.62995544058,0.0
8305.38111297757,0.0
7869.5688544128925,0.0
7336.649869873296,0.0
7106.452684750643,0.0
7294.11406415731,0.0
7494.368270336365,0.0
7074.014698544432,0.0
6021.918389854008,0.0
5229.302397388173,0.0
5129.532791757839,0.0
5387.069082582995,0.0
5690.817894835979,0.0
5932.045837764624,0.0
6016.960185214544,0.0
5858.156120202413,0.0
5658.998797242933,0.0
5837.420206721699,0.0
6366.2135455505295,0.0
6923.7264806149915,0.0
7380.3170658493145,0.0
7733.088341622255,0.0
7960.710810527995,0.0
7995.208634554105,0.0
7858.230161956296,0.0
7582.468734139996,0.0
7122.432245140409,0.0
6524.484248168893,0.0
5974.015370236914,0.0
5577.863008777362,0.0
5260.404469577495,0.0
4938.311005428138,0.0
4707.708247720729,0.0
4681.7663628795035,0.0
4799.639748342013,0.0
4962.719747161561,0.0
5169.189045938619,0.0
5503.086496006106,0.0
5966.689411342644,0.0
6363.128812065751,0.0
6511.650748704893,0.0
6554.94787066462,0.0
6703.615054470854,0.0
6962.28854007414,0.0
7287.272068958221,0.0
7653.390935960262,0.0
8003.657944560751,0.0
8320.184643064249,0.0
8517.606854132742,0.0
8364.043630301248,0.0
7597.943903635156,0.0
5940.228325644541,0.0
4072.12376231524,0.0
3537.5534519645266,0.0
4222.638006024161,0.0
4785.742421530055,0.0
4850.768480296083,0.0
4863.348944096367,0.0
5115.368274766644,0.0
5531.610939636136,0.0
5909.976386027618,0.0
6202.80296654111,0.0
6465.80521312348,0.0
6710.631607982236,0.0
6913.84894103406,0.0
7080.0467269229275,0.0
7279.880954042684,0.0
7584.274299388952,0.0
7871.3901969842755,0.0
7994.878431991953,0.0
8077.93716367398,0.0
8213.173942000501,0.0
8274.537820924394,0.0
8090.075176549293,0.0
7541.723271221988,0.0
6760.603009206663,0.0
6054.620594850867,0.0
5560.782628373904,0.0
5223.895519573602,0.0
4977.742106092151,0.0
4796.8612170984825,0.0
4708.523630393448,0.0
4784.073203419375,0.0
5027.157617787574,0.0
5368.967739876354,0.0
5739.710640277852,0.0
6028.0634373602325,0.0
6209.177257011899,0.0
6398.204296949141,0.0
6624.839076600996,0.0
6839.4678883072565,0.0
7059.666206188837,0.0
7305.890490440629,0.0
7575.779407747487,0.0
7906.664919196757,0.0
8150.310420557722,0.0
8046.083996994212,0.0
7676.095685225752,0.0
7164.887393787783,0.0
6468.9928360498025,0.0
5757.872913149059,0.0
5265.394474933012,0.0
4931.7374948227725,0.0
4688.961372818786,0.0
4584.674326403758,0.0
4634.775554799853,0.0
4814.03459756732,0.0
5077.184423885534,0.0
5394.231076690414,0.0
5771.9943794009805,0.0
6204.691519622455,0.0
6599.821058008548,0.0
6907.239766965556,0.0
7169.614805151921,0.0
7342.843865868424,0.0
7384.849000018799,0.0
7454.287445709951,0.0
7746.54576294063,0.0
8151.36214759356,0.0
8405.814960788122,0.0
8450.13829811176,0.0
8243.38405687386,0.0
7683.841498233269,0.0
6833.913073450083,0.0
5972.417645291048,0.0
5344.566590677479,0.0
4927.517791687027,0.0
4587.463853555905,0.0
4334.073522005943,0.0
4174.4663691371525,0.0
4017.943237769105,0.0
3816.0491821333508,0.0
3554.6138393477813,0.0
3373.6703834656273,0.0
3347.758195200884,0.0
3380.1165648687843,0.0
3442.2510365030985,0.0
3608.8284033784616,0.0
3956.99770039087,0.0
4322.733236301743,0.0
4491.224944639626,0.0
4661.423236129538,0.0
5030.4035780941795,0.0
5447.964392868422,0.0
5656.174059190123,0.0
5498.81858256779,0.0
5056.913050069328,0.0
4567.218377854601,0.0
4146.979085304703,0.0
3779.9969507444353,0.0
3426.245169307297,0.0
3081.160913403422,0.0
2775.818742052494,0.0
2556.9456281484627,1.0
2510.3848322309163,1.0
2525.107234111658,1.0
2392.9373498659234,1.0
2106.122331484923,1.0
1673.8798736212343,1.0
1197.2364044213384,1.0
910.1112664150795,1.0
849.7347857566045,1.0
814.5435189292102,1.0
644.5015114419786,1.0
419.728306852215,1.0
285.37640392791417,1.0
246.14473489430918,1.0
241.7806309726823,1.0
240.62515635114983,1.0
233.59311058971699,1.0
217.19945555011716,1.0
193.280103459055,1.0
170.35676391459063,1.0
155.79743101630615,1.0
147.53405394033135,1.0
135.65214885809684,1.0
110.3690471934011,1.0
77.63756817922203,1.0
52.05569753413523,1.0
41.16455301250357,1.0
42.89026750205591,1.0
50.55504858644035,1.0
57.41756275446584,1.0
60.47110618868735,1.0
60.70489269710081,1.0
60.00873029958412,1.0
60.026133523694654,1.0
61.982076714247725,1.0
65.2359479347634,1.0
66.1340367314832,1.0
65.37890015087287,1.0
66.5691709221528,1.0
67.1964037978164,1.0
65.71444747292269,1.0
63.78882243136723,1.0
58.005436995848164,1.0
47.88161843333791,1.0
40.70374173572093,1.0
37.52184822951163,1.0
33.08957645050106,1.0
28.431956946659707,1.0
28.03186445680177,1.0
32.00744920192289,1.0
38.01929615437918,1.0
45.378524817564085,1.0
54.92278369688436,1.0
65.11911349144363,1.0
72.10617404568181,1.0
75.09682639064535,1.0
76.65923830891813,1.0
77.67544317364202,1.0
77.56909900739149,1.0
75.25437019194547,1.0
72.18401511393411,1.0
72.57162060296616,1.0
79.80509430332626,1.0
89.88510810443469,1.0
90.68697443866911,1.0
80.35026283945999,1.0
69.30879627919444,1.0
62.20963694748525,1.0
55.49916846669352,1.0
48.62795380657499,1.0
44.486943326728415,1.0
43.66431713912499,1.0
44.89996179672284,1.0
48.28853248848026,1.0
58.76990698533338,1.0
90.92458344497048,1.0
155.42325923359104,1.0
231.98943646608294,1.0
289.7379910320665,1.0
330.029257700774,0.0
361.7219519782392,0.0
415.0595184409284,0.0
800.0071733795004,0.0
2228.4909616175414,0.0
4950.364329779019,0.0
8232.09979695119,0.0
11624.31692058449,0.0
15021.04574311481,0.0
17371.795730202186,0.0
17655.243894128755,0.0
16318.33746676256,0.0
14485.740276886521,0.0
12802.32387895761,0.0
11408.369461838169,0.0
10394.3063361751,0.0
9868.89400803427,0.0
9874.592673879246,0.0
10474.463484602386,0.0
11697.644287542978,0.0
13220.260788606318,0.0
14572.681121849306,0.0
15602.559586047837,0.0
16274.603379797156,0.0
16599.445426408063,0.0
16799.741078848394,0.0
17132.664894325855,0.0
17610.761606778084,0.0
18268.589856432944,0.0
19275.803178387603,0.0
20604.165478885534,0.0
21644.472127853667,0.0
21658.056398401608,0.0
20685.892525875322,0.0
19142.13814481961,0.0
17268.667989657402,0.0
15304.358334840046,0.0
13412.727222933545,0.0
11715.248721043783,0.0
10479.25797108872,0.0
9993.713555824532,0.0
10322.140746754209,0.0
11176.439882503679,0.0
12199.398774222334,0.0
13397.313612665672,0.0
14916.342460689233,0.0
16620.913347006954,0.0
18133.67959998345,0.0
19072.439498335185,0.0
19351.793201927663,0.0
19433.726196994332,0.0
19859.51121727365,0.0
20632.438269866732,0.0
21485.616134869095,0.0
22391.071826567866,0.0
23339.84315934999,0.0
23714.22702103651,0.0
22730.24943790848,0.0
20516.7432745093,0.0
17821.799758980003,0.0
15289.880163583246,0.0
13286.911977178263,0.0
11821.303774481277,0.0
10784.436451990308,0.0
10306.786446662183,0.0
10497.473287481687,0.0
11206.886685728998,0.0
12270.871505045616,0.0
13669.211013821421,0.0
15225.022149866825,0.0
16563.31842148611,0.0
17424.920761223442,0.0
17798.77197329134,0.0
18025.14911956003,0.0
18452.54245341947,0.0
19287.396554839383,0.0
20613.03551482442,0.0
22075.79240662919,0.0
23025.86828222007,0.0
23081.87140583749,0.0
22451.752076498615,0.0
21469.15454858281,0.0
19971.254654241668,0.0
17805.7052023945,0.0
15422.446029265546,0.0
13467.119971406268,0.0
12184.654494732798,0.0
11436.621414030236,0.0
11163.246554683277,0.0
11470.872283195218,0.0
12326.678932590163,0.0
13584.197875943653,0.0
14929.143851525432,0.0
16002.150736738246,0.0
16875.878945736647,0.0
17627.40608974164,0.0
18126.29883669081,0.0
18444.679399901263,0.0
18816.022152961534,0.0
19422.23521311553,0.0
20243.63086138699,0.0
21120.499945113737,0.0
22074.848828027847,0.0
22992.234792791394,1.0
23351.117494162707,0.0
22483.447281061603,0.0
19677.83303794427,0.0
14840.278919131191,0.0
10767.339241269196,0.0
10301.716377453215,0.0
11322.988068965318,0.0
11473.126893293067,0.0
11191.325706993366,0.0
11356.216652795112,0.0
12151.134659244319,0.0
13235.464909322729,0.0
14300.815008187972,0.0
15306.855649120318,0.0
16254.266047258661,0.0
17040.279977417027,0.0
17575.39763541911,0.0
17930.595100759674,0.0
18132.1642765925,0.0
18252.44591836666,0.0
18529.80215668736,0.0
19340.149453293227,0.0
20970.35053227203,0.0
23105.054284338723,0.0
24798.646484532983,0.0
24899.37849091209,0.0
23138.172002739404,0.0
20451.106964891344,0.0
17800.60704546004,0.0
15447.189060351546,0.0
13440.974735358897,0.0
12050.272323699885,0.0
11496.100998605965,0.0
11739.38369371513,0.0
12577.223256778163,0.0
13621.699673086156,0.0
14682.529484578205,0.0
15761.653167692855,0.0
16686.09725426816,0.0
17261.961013605305,0.0
17575.54106677517,0.0
17899.862610868444,0.0
18607.23636202454,0.0
20101.28698477622,0.0
22123.451778441548,0.0
23686.48352716518,0.0
24348.209507387266,0.0
24487.04318930798,0.0
24414.026079688836,0.0
23857.706392839045,0.0
22332.146184290952,0.0
19976.46533876836,0.0
17479.586571508684,0.0
15240.259286263648,0.0
13412.624531327203,0.0
12243.657428104721,0.0
11938.61583583576,0.0
12533.46867366589,0.0
13861.646727406644,0.0
15617.774801250063,0.0
17493.57642822024,0.0
19053.87413162497,0.0
19995.375282977348,0.0
20546.345546235672,0.0
21017.88505432249,0.0
21469.375418316988,0.0
21884.357993410566,0.0
22197.5799768668,0.0
22496.969594193222,0.0
22914.28389185566,0.0
23414.44205668253,0.0
23901.399259595495,0.0
24039.840515396212,0.0
23303.61236679318,0.0
21736.662164273897,0.0
19737.091904619403,0.0
17479.669598518572,0.0
15249.343988006563,0.0
13471.696458446218,0.0
12309.86369688104,0.0
11679.660785088945,0.0
11599.451624958048,0.0
12324.317132578024,0.0
13949.459532995432,0.0
15977.053245173101,0.0
17640.42083240081,0.0
18747.486525629138,0.0
19591.7730014269,0.0
20359.763668183394,0.0
21000.43235376193,0.0
21471.11439042269,0.0
21936.779020699993,0.0
22647.08682651414,0.0
23351.224966433467,0.0
23321.458437721685,0.0
22462.102159818256,0.0
21342.032144525856,0.0
19931.51654113202,0.0
17935.176061597045,0.0
15631.374546422961,0.0
13605.501127916927,0.0
12172.915225190494,0.0
11263.254028803365,0.0
10668.78095300241,0.0
10326.701089471691,0.0
10488.313205441644,0.0
11324.903136962956,0.0
12589.42129624711,0.0
14062.569129684358,0.0
15448.810648618166,0.0
16314.930726798208,0.0
16677.763613297477,0.0
16894.929189027956,0.0
17200.310491494896,0.0
17516.869581262552,0.0
18038.67032037199,0.0
19051.91021278209,0.0
20017.988598900545,0.0
20670.163325642785,0.0
21654.044418767025,0.0
23144.154245711674,0.0
23897.796470556288,0.0
22637.13691784048,0.0
20053.14850818431,0.0
17397.845192256682,0.0
15010.165779994448,0.0
13091.293361488239,0.0
11802.359016403369,0.0
11265.479437266993,0.0
11686.631940800376,0.0
12982.882879088058,0.0
14842.019601802762,0.0
17121.926619219907,0.0
19538.09352209879,0.0
21555.945028222977,0.0
22931.59095353327,0.0
23562.27745737063,0.0
23345.31809791962,0.0
22738.984573554695,0.0
22730.167348385694,0.0
23574.234057762354,0.0
24702.136118394166,0.0
25841.484041021395,0.0
26801.934310440614,0.0
27140.26221734816,0.0
26315.755250596223,0.0
24076.30503870393,0.0
20971.728557641865,0.0
17942.08081338098,0.0
15583.252412374304,0.0
13987.059996743741,0.0
13094.340705198243,0.0
13025.482683779646,0.0
13884.63817332861,0.0
15393.429386713617,0.0
17157.10376763759,0.0
18934.31533776401,0.0
20476.621403382345,0.0
21556.296759198,0.0
22219.79249730988,0.0
22743.558908739265,0.0
23365.644265925228,0.0
24161.2103983988,0.0
25239.286887786486,0.0
26492.77283508641,0.0
27587.02309390863,0.0
28695.916209381347,0.0
29762.080971230043,0.0
29991.687476525316,0.0
28772.182406466545,0.0
26276.198066304216,0.0
23181.719805340865,0.0
20202.478587572907,0.0
17795.75926391255,0.0
16026.383228072931,0.0
14756.473533889382,0.0
14083.09069264987,0.0
14268.414916845357,0.0
15218.621167192368,0.0
16488.064823698296,0.0
17706.373364801086,1.0
18781.92542582816,0.0
19718.99062123792,0.0
19809.85727872878,0.0
17984.96880879175,0.0
16370.472750997693,0.0
17800.599422747873,0.0
20550.87327945951,0.0
22980.673347662076,0.0
25275.19635394911,0.0
27137.22708994145,0.0
28255.412899643634,0.0
28390.018260547582,0.0
27281.4610131264,0.0
25169.805024754514,0.0
22692.014007001875,0.0
20158.445512602564,0.0
17649.972671939333,0.0
15402.53969199136,0.0
13664.171328660694,0.0
12741.986777174274,0.0
12913.036360623031,0.0
14163.015156384317,0.0
16146.46198422874,0.0
18357.72192058955,0.0
20311.962691181052,0.0
21708.23515862482,0.0
22635.82690159589,0.0
23203.86212656783,0.0
23366.530420505176,0.0
23561.84993044104,0.0
24303.905427403555,0.0
25458.401070429172,0.0
26508.923794908824,0.0
27226.09281094963,0.0
27645.624721031574,0.0
27726.05116515878,0.0
27205.72401186601,0.0
25792.06954935771,0.0
23446.943694636586,0.0
20584.317978989282,0.0
17976.764937211432,0.0
16038.473832342514,0.0
14777.66328645311,0.0
14335.829977335969,0.0
15025.129671529558,0.0
16664.315110026608,0.0
18711.69249179414,0.0
20866.164713805894,0.0
22852.719998885204,0.0
24480.037144210168,0.0
25654.098290646652,0.0
26413.62949918145,0.0
26962.39408750401,0.0
27582.84732927185,0.0
28376.712572836404,0.0
28929.881273707782,0.0
29097.63874312115,0.0
29230.550555537975,0.0
29396.592385417254,0.0
29406.481850981196,0.0
28884.67686222124,0.0
27449.882597624226,0.0
25079.802492459952,0.0
22230.88367809182,0.0
19641.6310740491,0.0
17640.490575243526,0.0
16178.214561423809,0.0
15447.782484434538,0.0
15754.032764136327,0.0
17106.284440593594,0.0
19028.634175189025,0.0
20972.18471189195,0.0
22799.77943097197,0.0
24343.31711258463,0.0
25637.608007364826,0.0
27060.347886440883,0.0
28540.527911412944,0.0
29565.72175881063,0.0
30087.637198782482,0.0
30550.355055245152,0.0
31234.301115428385,0.0
32023.04058557497,0.0
32559.3153560217,0.0
32385.134392500953,0.0
31102.05861362191,0.0
28667.489855741616,0.0
25491.630042447527,0.0
22314.801592268403,0.0
19651.549258893105,0.0
17581.12889609433,0.0
16142.697038756864,0.0
15631.816443872187,0.0
16306.693381018706,0.0
17947.217902257413,0.0
19942.05287091665,0.0
21910.043373377706,0.0
23796.327979703594,0.0
25447.430946997327,0.0
26705.458816574155,0.0
27679.976668194533,0.0
28538.59826007433,0.0
29346.949263592618,0.0
30054.297586890825,0.0
30710.02081318939,0.0
31636.926583020217,0.0
33082.5301769744,0.0
34657.143639842514,0.0
35399.11941505126,0.0
34428.92047138915,0.0
31655.1696218906,0.0
27912.542393317453,0.0
24248.331300267026,0.0
21313.702618544594,0.0
19284.835510144054,0.0
18012.891899034796,0.0
17489.096380349933,0.0
17798.205312671173,0.0
18827.38498217746,0.0
20371.47620110395,0.0
22160.340884637164,0.0
23843.475052339127,0.0
25257.414997383392,0.0
26414.384227547074,0.0
27300.381716139273,0.0
27941.44532197772,0.0
28514.018927545116,0.0
29168.90205450119,0.0
30038.456797056606,0.0
31449.908390750687,0.0
33444.12456941459,0.0
35218.66626354182,0.0
35924.12998718851,0.0
35331.98019436163,0.0
33048.08916138355,0.0
29021.679995050676,0.0
24642.92715280979,0.0
21174.279910257876,0.0
18730.056137663683,0.0
17202.362541539303,0.0
16682.336696885683,0.0
17324.0199944934,0.0
18984.279670875632,0.0
21139.448279168002,0.0
23386.486069701095,0.0
25607.581700767932,0.0
27529.794614987106,0.0
28837.227860652405,0.0
29642.085555582806,0.0
30130.385417592555,0.0
30344.651092665295,0.0
30705.6268275181,0.0
31560.565118842147,0.0
32643.66059999101,0.0
33710.956410388964,0.0
34603.68693554544,0.0
34874.96800895726,0.0
34115.96363719598,0.0
31995.64130598497,0.0
28578.630966208813,0.0
24600.274922046185,0.0
20880.628192652617,0.0
18007.605565406335,0.0
16423.067296976464,0.0
16128.76735695613,0.0
16837.47536499547,0.0
18213.94361602056,0.0
19902.30441763105,0.0
21810.352440449748,0.0
23945.883901477464,0.0
25980.657497998025,0.0
27484.183093570908,0.0
28552.86461830283,0.0
29723.776275464756,0.0
31163.727798460994,0.0
32577.350635829258,0.0
33757.24516371053,0.0
34613.6384880698,0.0
35196.73947163196,0.0
35591.904186751315,0.0
35412.75455518554,0.0
34113.67004498445,0.0
31620.574314684374,0.0
28313.337858266197,0.0
24885.423574282133,0.0
21936.058459226442,0.0
19700.18648125776,0.0
18238.072284969927,0.0
17627.65802880852,0.0
17952.223211638997,0.0
19201.85069157235,0.0
21085.582771656384,0.0
23056.651079972908,0.0
24917.169465564573,0.0
