26848.891727381055,0.0
26780.691749402635,0.0
26426.80484421443,0.0
24294.69261861272,0.0
17978.34522049064,0.0
8932.703068684437,0.0
2654.9579915538543,0.0
575.0731959763442,0.0
279.68345715223546,0.0
285.6714788442707,0.0
316.2939511805259,0.0
374.6837015495851,0.0
460.740410697679,0.0
559.5680676977828,0.0
644.6343672260839,0.0
690.2752167532462,0.0
715.3878796773096,0.0
757.652241380344,0.0
822.0304514305981,0.0
890.9638035937835,0.0
956.2011283164132,0.0
1016.6483779291501,0.0
1072.8026024019232,0.0
1126.6125280033236,0.0
1180.7926906075238,0.0
1245.3515769911378,0.0
1316.1109767107525,0.0
1381.12405627583,0.0
1437.9439524051625,0.0
1490.3588091575498,0.0
1542.4324544594413,0.0
1582.8130283655287,0.0
1607.4181560342834,0.0
1640.3910566885547,0.0
1690.7815549272686,0.0
1739.7531337566566,0.0
1780.8239653831554,0.0
1824.144460249355,0.0
1879.262955451691,0.0
1943.6442021016042,0.0
1998.0548637797483,0.0
2031.2848596284139,0.0
2057.8310788288663,0.0
2092.111749968508,0.0
2131.2844914988978,0.0
2165.954907829013,0.0
2179.956979077303,0.0
2177.3085477717386,0.0
2177.3962416542713,0.0
2187.925826846037,0.0
2211.384612440793,0.0
2254.721040037859,0.0
2308.028460912657,0.0
2340.750266842893,0.0
2351.428988341035,0.0
2364.8080406584804,0.0
2390.433414963069,0.0
2409.3348579854696,0.0
2406.3250475504115,0.0
2405.1742651080026,0.0
2415.754774843434,0.0
2416.001580447723,0.0
2393.583299422636,0.0
2371.7587913129883,0.0
2380.126527770351,0.0
2403.657244378455,0.0
2410.2594194627122,0.0
2402.4352163588887,0.0
2396.4256461877803,0.0
2392.5514349996606,0.0
2386.058839784172,0.0
2381.1310415111157,0.0
2384.935329387688,0.0
2386.0887338769194,0.0
2376.4431874504266,0.0
2361.327645293992,0.0
2342.507773472055,0.0
2324.710047037615,0.0
2318.846609950033,0.0
2319.727691395421,0.0
2307.5325087525475,0.0
2274.5560206055925,0.0
2230.2761889461544,0.0
2187.2275579122306,0.0
2161.5534447089462,0.0
2163.0250272297512,0.0
2170.899165808358,0.0
2153.5719239969776,0.0
2114.025614709578,0.0
2078.631603844162,0.0
2059.8711218251183,0.0
2047.9511482230384,0.0
2033.2508477307579,0.0
2017.7729179579687,0.0
1994.3589398291876,0.0
1953.7761733741913,0.0
1903.4137465146352,0.0
1862.4618619158102,0.0
1837.446985896732,0.0
1820.58093833298,0.0
1800.8796211616955,0.0
1782.534944164169,0.0
1767.3329661513867,0.0
1745.137100992633,0.0
1714.3911186396053,0.0
1671.3412925961718,0.0
1621.468032956231,0.0
1582.8729509011494,0.0
1555.4412787937015,0.0
1531.9051798437254,0.0
1512.985824436461,0.0
1500.1638497843876,0.0
1491.9936153755384,0.0
1477.7125177249507,0.0
1450.8587783655462,0.0
1409.3542060197701,0.0
1371.8239128504179,0.0
1349.3584300296095,0.0
1327.3520580805437,0.0
1307.7071034056362,0.0
1296.956601913742,0.0
1286.429680614874,0.0
1279.7768524695375,0.0
1272.8290654620837,0.0
1256.7633430596293,0.0
1235.6577430096347,0.0
1210.9702357216847,0.0
1185.0125603262559,0.0
1173.4419027841047,0.0
1189.5836241754625,0.0
1218.9756672833205,0.0
1223.4229127442725,0.0
1195.8551169584862,0.0
1173.6993077374814,0.0
1181.5605254545064,0.0
1195.8611683563324,0.0
1194.4234493230024,0.0
1186.7365263526567,0.0
1182.0185257089247,0.0
1178.500807169397,0.0
1168.9003001218425,0.0
1162.6162511733728,0.0
1170.7077814668673,0.0
1191.0806548332187,0.0
1222.5677984374227,0.0
1255.8854779387889,0.0
1272.813260669809,0.0
1273.9869832296483,0.0
1275.7259127074562,0.0
1288.9803654413483,0.0
1312.421916058191,0.0
1344.17069106073,0.0
1384.2512678382623,0.0
1423.3435341103584,0.0
1458.6934041521959,0.0
1492.0715195032506,0.0
1525.2879393850453,0.0
1578.6140104048518,0.0
1638.00773390794,0.0
1666.2012760840946,0.0
1675.0756176364491,0.0
1700.1392297886225,0.0
1744.3159054838434,0.0
1787.8950970089845,0.0
1830.0343107764038,0.0
1882.889168128426,0.0
1954.3694828709927,0.0
2032.7930855057173,0.0
2087.1007137795755,0.0
2116.3083519034617,0.0
2142.6112818342863,0.0
2179.29111802007,0.0
2224.691053037232,0.0
2270.964179710403,0.0
2328.028725233362,0.0
2389.9000607540415,0.0
2435.386766506898,0.0
2476.861261797221,0.0
2528.5409467682725,0.0
2589.5966781642637,0.0
2650.533898750726,0.0
2705.295276396468,0.0
2762.7668862413348,0.0
2821.668433572393,0.0
2883.8713432068694,0.0
2954.943766830474,0.0
3028.5286050404625,0.0
3106.632374686972,0.0
3187.458509982437,0.0
3255.152877462079,0.0
3309.7137756841526,0.0
3362.8216728110924,0.0
3423.6946979660047,0.0
3499.2598690325594,0.0
3578.301565209316,0.0
3649.5581195737104,0.0
3722.473456187392,0.0
3792.606723287188,0.0
3854.5566947696175,0.0
3921.950379515641,0.0
3980.7632817309945,0.0
4022.0907323670804,0.0
4069.0229393899185,0.0
4124.27958741762,0.0
4178.6520303348925,0.0
4239.619788691685,0.0
4320.4686549319895,0.0
4411.855071759354,0.0
4491.550387243642,0.0
4558.0015759497865,0.0
4612.95503869923,0.0
4658.740259780668,0.0
4705.744779533093,0.0
4754.451811294726,0.0
4808.891227621943,0.0
4866.007851504058,0.0
4911.029226204882,0.0
4956.725339121568,0.0
5025.098334317486,0.0
5097.509115644273,0.0
5140.448844215213,0.0
5167.84045080196,0.0
5211.398140987609,0.0
5259.979793107853,0.0
5305.168230589979,0.0
5355.245586552327,0.0
5400.125679915284,0.0
5442.356039947501,0.0
5487.571951856484,0.0
5521.256060104507,0.0
5538.803248195607,0.0
5563.515494538085,0.0
5609.222418990372,0.0
5667.430148174567,0.0
5705.814128894359,0.0
5716.558814873821,0.0
5737.478090898635,0.0
5777.331967636479,0.0
5810.560486796484,0.0
5832.8430796527855,0.0
5863.242639691677,0.0
5888.222233513317,0.0
5889.642419913558,0.0
5890.088510129979,0.0
5906.487120742185,0.0
5927.146451679825,0.0
5946.951089473918,0.0
5958.616852060508,0.0
5940.6328183023,0.0
5920.016002153204,0.0
5940.256770355825,0.0
5973.494665095499,0.0
5981.2817082419515,0.0
5976.842545145389,0.0
5971.3270420277295,0.0
5972.233869487148,0.0
5992.327873167714,0.0
6020.011074205887,0.0
6033.152851004775,0.0
6019.6603142990325,0.0
5991.923419384505,0.0
5969.702063335513,0.0
5951.909126421457,0.0
5935.312853037002,0.0
5927.969580070217,0.0
5922.679747423242,0.0
5907.889053040332,0.0
5896.698783124384,0.0
5901.317847770992,0.0
5900.048487727854,0.0
5865.010253860964,0.0
5802.258576866262,0.0
5751.080988154627,0.0
5729.115278671163,0.0
5731.771467022962,0.0
5741.233321778276,0.0
5727.378169026042,0.0
5682.411373819359,0.0
5639.827476859202,0.0
5623.588060209034,0.0
5618.78496935293,0.0
5605.950751257507,0.0
5575.12735366016,0.0
5526.338962805135,0.0
5485.181771511234,0.0
5463.0038293917905,0.0
5445.2321246869615,0.0
5431.4119227210485,0.0
5418.611104230718,0.0
5400.858945979358,0.0
5368.70199751108,0.0
5315.732455208091,0.0
5267.3854754305285,0.0
5244.039898335184,0.0
5234.9877578589685,0.0
5223.414762951598,0.0
5189.527591841586,0.0
5140.013689746757,0.0
5109.57826073183,0.0
5096.437075167537,0.0
5076.9926665437415,0.0
5051.842891512059,0.0
5032.469759040113,0.0
5013.47931136647,0.0
4992.5723064870535,0.0
4981.60992661269,0.0
4979.508652827923,0.0
4970.0176950208215,0.0
4939.713441640253,0.0
4888.399212810284,0.0
4844.296084320546,0.0
4827.046198560444,0.0
4819.6179820228745,0.0
4801.9389519577935,0.0
4773.388585639094,0.0
4747.37367005271,0.0
4737.358239952131,0.0
4744.902792232843,0.0
4763.7433752978395,0.0
4780.997443856646,0.0
4783.572027320061,0.0
4771.282622460812,0.0
4752.54544037003,0.0
4729.5580840773,0.0
4717.539222971404,0.0
4722.087703832697,0.0
4724.2594253365105,0.0
4727.262408273678,0.0
4751.346116089196,0.0
4791.814448479209,0.0
4818.182732325913,0.0
4813.1519488335125,0.0
4793.253615467828,0.0
4792.878902788587,0.0
4824.9726002079315,0.0
4864.1023075386,0.0
4885.78529950939,0.0
4892.522110179534,0.0
4896.981039288121,0.0
4911.274193172922,0.0
4938.764141024396,0.0
4966.7826393284295,0.0
4986.905026855951,0.0
5001.559587963723,0.0
5023.301317789724,0.0
5065.059925943362,0.0
5115.06218285225,0.0
5154.610367575445,0.0
5190.114005790364,0.0
5235.005749721625,0.0
5282.114306380202,0.0
5318.024463755921,0.0
5347.860558074785,0.0
5378.018062567863,0.0
5417.251667127654,0.0
5475.868877465092,0.0
5535.099741902512,0.0
5571.178799812174,0.0
5603.136105747959,0.0
5657.829779189174,0.0
5722.564825625251,0.0
5780.462156688138,0.0
5829.853933164815,0.0
5872.167018734586,0.0
5923.5958537011575,0.0
5992.385562498942,0.0
6063.405896223903,0.0
6128.595224013337,0.0
6182.00159198917,0.0
6217.884951103434,0.0
6253.319699259139,0.0
6303.537518723677,0.0
6365.460497526372,0.0
6439.507104915013,0.0
6509.791122626629,0.0
6567.413502609378,0.0
6630.516165197392,0.0
6702.865427116795,0.0
6783.29028192318,0.0
6867.327285234282,0.0
6939.767557475516,0.0
6990.321894388548,0.0
7026.41706342781,0.0
7073.455569771585,0.0
7138.557816020361,0.0
7205.672830229413,0.0
7266.457656130255,0.0
7331.369689275143,0.0
7411.760687288856,0.0
7503.866114604813,0.0
7595.455022142891,0.0
7681.677543805164,0.0
7751.669266256032,0.0
7807.569658718727,0.0
7878.0223300584,0.0
7949.117165868931,0.0
7985.878484236637,0.0
8004.616343380306,0.0
8033.20505519251,0.0
8072.704187955092,0.0
8119.4962960919365,0.0
8183.8461940948555,0.0
8265.547258034972,0.0
8342.365763964332,0.0
8397.262627317428,0.0
8437.667723932234,0.0
8490.448137648142,0.0
8566.738385555138,0.0
8639.370465171096,0.0
8682.333429814686,0.0
8712.508401349794,0.0
8769.202706782573,0.0
8841.603747302299,0.0
8899.34127784306,0.0
8943.89375821138,0.0
8979.10792589575,0.0
9006.965181171005,0.0
9026.850253605735,0.0
9047.945471022971,0.0
9094.83673688498,0.0
9160.450994596891,0.0
9214.717850507664,0.0
9247.745471014912,0.0
9272.503496103725,0.0
9292.989362517928,0.0
9301.891289273306,0.0
9312.479320391887,0.0
9339.45238232622,0.0
9373.11962825889,0.0
9402.879822849696,0.0
9433.319355898402,0.0
9466.593715393166,0.0
9481.095442046593,0.0
9475.058927205162,0.0
9475.023238769969,0.0
9477.1698361248,0.0
9474.56319393554,0.0
9481.829762870055,0.0
9505.001391992573,0.0
9527.191802681815,0.0
9544.00851276466,0.0
9551.63539647731,0.0
9534.035035967785,0.0
9525.093850318928,0.0
9561.803479644264,0.0
9610.559559477364,0.0
9626.140491076536,0.0
9611.09907941921,0.0
9583.797426333875,0.0
9548.308176254515,0.0
9503.538582668654,0.0
9458.688216799257,0.0
9429.895256195487,0.0
9419.80431207752,0.0
9421.027247493854,0.0
9431.05332086521,0.0
9431.808875280669,0.0
9405.672437193858,0.0
9370.904968736599,0.0
9349.365538636705,0.0
9342.727431910082,0.0
9337.680487360258,0.0
9324.765363249588,0.0
9320.475738438083,0.0
9327.482516111031,0.0
9323.423848471191,0.0
9289.18046139888,0.0
9240.099958242368,0.0
9205.800564153904,0.0
9182.852380122833,0.0
9166.47678308374,0.0
9148.616929935664,0.0
9119.195319408424,0.0
9087.039523022013,0.0
9056.807448244253,0.0
9033.663696284788,0.0
9012.893930127862,0.0
8981.890077511536,0.0
8953.006122973933,0.0
8932.24446942092,0.0
8903.56178793301,0.0
8868.027700925517,0.0
8832.441258777963,0.0
8784.696601800344,0.0
8731.01208441814,0.0
8698.05885558347,0.0
8692.660541939458,0.0
8690.110207586506,0.0
8681.161900600882,0.0
8672.159350821037,0.0
8655.283565040922,0.0
8630.531261891312,0.0
8596.964067434274,0.0
8558.013445524603,0.0
8533.509527330349,0.0
8512.195364013609,0.0
8481.548297979461,0.0
8457.204090721947,0.0
8441.22935210951,0.0
8426.074701531401,0.0
8410.430058686754,0.0
8393.211854829555,0.0
8379.891702912897,0.0
8369.694053609968,0.0
8355.135429745835,0.0
8349.122718746097,0.0
8355.063164855075,0.0
8346.097355649348,0.0
8322.284089949067,0.0
8316.510699950662,0.0
8330.33852877461,0.0
8352.514067268019,0.0
8368.53263074692,0.0
8353.531207288548,0.0
8322.86469911703,0.0
8316.756702283035,0.0
8336.741117665197,0.0
8352.031314569915,0.0
8349.137946349414,0.0
8344.536886471455,0.0
8355.383920956592,0.0
8376.524399577918,0.0
8388.912757653337,0.0
8384.01459698794,0.0
8377.869102702789,0.0
8381.922794611239,0.0
8401.24123265623,0.0
8432.394290303533,0.0
8465.587762046067,0.0
8504.746246419352,0.0
8547.240873283572,0.0
8577.58908335455,0.0
8591.858787464796,0.0
8597.560768304318,0.0
8613.657202212678,0.0
8652.002891669983,0.0
8701.64185036499,0.0
8744.844805081791,0.0
8777.785303748764,0.0
8795.97826674201,0.0
8807.059123191972,0.0
8833.585561627297,0.0
8886.053592551178,0.0
8938.033599873706,0.0
8979.98621109649,0.0
9028.4721770588,0.0
9078.5838207143,0.0
9130.973956601909,0.0
9189.730356892216,0.0
9245.441486407168,0.0
9305.003707620499,0.0
9368.257075674024,0.0
9429.172320004714,0.0
9493.326471629982,0.0
9557.30771931032,0.0
9607.694899013568,0.0
9642.700145072926,0.0
9687.886101801085,0.0
9752.913133957454,0.0
9820.2195782395,0.0
9887.465070998,0.0
9958.352142954,0.0
10025.891237818028,0.0
10091.283286017433,0.0
10161.621247524652,0.0
10234.293334084414,0.0
10305.080557568897,0.0
10371.231275175025,0.0
10424.458724856093,0.0
10462.814611111822,0.0
10500.895423164126,0.0
10553.095109899454,0.0
10620.44563626737,0.0
10695.572665333166,0.0
10770.073870716025,0.0
10833.291477441287,0.0
10888.61653639797,0.0
10949.727828572813,0.0
11014.920876367212,0.0
11071.570571349794,0.0
11127.588271383278,0.0
11201.762845013374,0.0
11282.157636813861,0.0
11344.28688044054,0.0
11398.598967027827,0.0
11459.221638266994,0.0
11521.798250144218,0.0
11583.25886358757,0.0
11641.910971105817,0.0
11698.958486148276,0.0
11763.695448152374,0.0
11831.564979771347,0.0
11885.188543797822,0.0
11932.73829847975,0.0
11983.103258158304,0.0
12030.471623807965,0.0
12083.524347250757,0.0
12140.608712483845,0.0
12194.773263807154,0.0
12249.00644548915,0.0
12311.291311895646,0.0
12384.466509520305,0.0
12450.747403067786,0.0
12495.148141985186,0.0
12515.010126584937,0.0
12536.693777638995,0.0
12586.191509992943,0.0
12646.854743099908,0.0
12698.482592568746,0.0
12736.085990317399,0.0
12761.951820546581,0.0
12783.800364573653,0.0
12807.086743786042,0.0
12820.628293853295,0.0
12815.678041040119,0.0
12823.91685745287,0.0
12865.40588881317,0.0
12911.543221191561,0.0
12938.735787109676,0.0
12960.371568650995,0.0
12979.292200160548,0.0
12988.638157980056,0.0
13007.970354043817,0.0
13047.311191609111,1.0
13123.644951425616,1.0
13716.673038815381,1.0
17231.945618492005,0.0
27538.02746361643,0.0
41800.35185984563,0.0
48641.149511917756,0.0
41805.900055400234,0.0
27557.079752053018,0.0
17261.480514485746,0.0
13742.835896335726,0.0
13150.848170157116,0.0
13105.268799951004,0.0
13117.886331641514,0.0
13127.130513065435,0.0
13126.345529740436,0.0
13117.843634854438,0.0
13099.863505877642,0.0
13090.131686352403,0.0
13092.619359983393,0.0
13092.024460814999,0.0
13085.972206701068,0.0
13071.223668114906,0.0
13043.49985570834,0.0
13010.463528214626,0.0
12982.08019439977,0.0
12964.253133226282,0.0
12953.463714294512,0.0
12939.16791624539,0.0
12911.344736025523,0.0
12873.078822404173,0.0
12828.22583987974,0.0
12792.791086490712,0.0
12792.31084793455,0.0
12805.131330920563,0.0
12789.913903527206,1.0
12793.82058489555,1.0
13319.198864722674,1.0
16701.11674121848,0.0
26676.681803742627,0.0
40485.29678224546,0.0
47093.45026327529,0.0
40424.93014263187,0.0
26549.339276072566,0.0
16519.509510009324,0.0
13087.291130321853,0.0
12504.993689923635,0.0
12452.727897077326,0.0
12436.137140454304,0.0
12405.561651970023,0.0
12376.07975413669,0.0
12341.848180787958,0.0
12290.48219758423,0.0
12238.039168976886,0.0
12201.193740633542,0.0
12180.585705213247,0.0
12169.56869526895,0.0
12155.058105694703,0.0
12132.125444801164,0.0
12110.749811596927,0.0
12092.953924132848,0.0
12083.911616584648,0.0
12081.709126123298,0.0
12055.14023694209,0.0
12008.029627193551,0.0
11979.438858158032,0.0
11969.314376056735,0.0
11955.27000212523,0.0
11939.360092891056,0.0
11939.80234725635,0.0
11951.012016859899,0.0
11950.011894984525,0.0
11931.69837780665,0.0
11906.904525894173,0.0
11888.63436862262,0.0
11888.06693500207,0.0
11894.086447843838,0.0
11889.715593982948,0.0
11887.554617179672,0.0
11893.782086460555,0.0
11898.025506420718,0.0
11903.516480162507,0.0
11905.544787554134,0.0
11900.43966097778,0.0
11895.365976247771,0.0
11886.756485663866,0.0
11874.620219124461,0.0
11880.81827909353,0.0
11908.233403866305,0.0
11936.379433496702,0.0
11954.339894923065,0.0
11967.864669597286,0.0
11984.87231270355,0.0
11997.612942572283,0.0
11999.266904308528,0.0
12014.983613713386,0.0
12064.543495115888,0.0
12121.017756972697,0.0
12155.102247606526,0.0
12176.021455808885,0.0
12206.63540904436,0.0
12239.741929815591,0.0
12262.736578181975,0.0
12289.803042325022,0.0
12322.750250001496,0.0
12354.513612213139,0.0
12393.569109399856,0.0
12437.811127944246,0.0
12476.660995060818,0.0
12507.223255773011,0.0
12532.988944930032,0.0
12576.981373743565,0.0
12643.147440963861,0.0
12702.471624185671,0.0
12751.404841706755,0.0
12806.302185273067,0.0
12863.30702831789,0.0
12914.698256562233,0.0
12964.288839959388,0.0
13012.479087296842,0.0
13067.35571585925,0.0
13127.37930876078,0.0
13177.89604568472,0.0
13224.495691640665,0.0
13289.179343702546,0.0
13369.52850936809,0.0
13447.174777445829,0.0
13507.927069402971,0.0
13559.81597421323,0.0
13625.816574836981,0.0
13702.725388950372,0.0
13773.118769803663,0.0
13835.310399409305,0.0
13894.74498443684,0.0
13949.57096112882,0.0
14007.990238614384,0.0
14076.645970918247,0.0
14148.13926719059,0.0
14217.515933108058,0.0
14279.013350848356,0.0
14331.389308296391,0.0
14390.662795372999,0.0
14470.410631211578,0.0
14563.832882708157,0.0
14648.065799996408,0.0
14713.6848518193,0.0
14770.469403249075,0.0
14813.000756738364,0.0
14836.192057959168,0.0
14868.217568922519,0.0
14931.018448216182,0.0
15004.37532940922,0.0
15061.109565834357,0.0
15119.075344183331,0.0
15197.611900212029,0.0
15271.29257050831,0.0
15329.078276457592,0.0
15376.726889512576,0.0
15424.620919663683,0.0
15496.406065425666,0.0
15588.216110510375,0.0
15664.210059485808,0.0
15706.487440507237,0.0
15730.92156154544,0.0
15768.4538439641,0.0
15831.244039220275,0.0
15889.479969294527,0.0
15932.294373995795,0.0
15984.095543187492,0.0
16045.557603536978,0.0
16090.399664568895,0.0
16121.576416291702,0.0
16167.840652264133,0.0
16218.60747053874,0.0
16250.848108164811,0.0
16270.620480267691,0.0
16294.917150599282,0.0
16326.831438771955,0.0
16349.535172787622,0.0
16356.487463046107,0.0
16366.620498767083,0.0
16386.850011819282,0.0
16413.569611402545,0.0
16455.43718247623,0.0
16499.90690063835,0.0
16521.18714691726,0.0
16532.751713279333,0.0
16558.871225870567,0.0
16599.440119378665,0.0
16635.432299565186,0.0
16654.089016951933,0.0
16662.797550691077,0.0
16669.041981381088,0.0
16667.022829844595,0.0
16673.657662093156,0.0
16702.687701236002,0.0
16723.189975693753,0.0
16710.491624278908,0.0
16679.88845986591,0.0
16658.600550413183,0.0
16648.680139921566,0.0
16639.07570012164,0.0
16642.340949752434,0.0
16658.389813937203,0.0
16661.81932801645,0.0
16654.031478700697,0.0
16650.407385035523,0.0
16641.163572736914,0.0
16620.436431360053,0.0
16611.555282182788,0.0
16612.458057906955,0.0
16599.86876605699,0.0
16577.73368042277,0.0
16564.717426362364,0.0
16563.75171064965,0.0
16556.976531288456,0.0
16529.807096280107,0.0
16498.705367447834,0.0
16473.497016199188,0.0
16450.67965385643,0.0
16436.521487710226,0.0
16416.08452603305,0.0
16385.888104269558,0.0
16370.944590015171,0.0
16369.508399593775,0.0
16364.436369487177,0.0
16348.167919540827,0.0
16310.049721894586,0.0
16249.054668091254,0.0
16190.962911869414,0.0
16155.620243843694,0.0
16129.133488135374,0.0
16098.028421626961,0.0
16066.718583790394,0.0
16034.546147150742,0.0
16009.32234033815,0.0
15988.965806555083,0.0
15959.699703031009,0.0
15931.01953132357,0.0
15915.597839054384,0.0
15897.404286948278,0.0
15865.907301446188,0.0
15845.416832037774,0.0
15847.381371294947,0.0
15848.360233830374,0.0
15827.876300259239,0.0
15793.861818244222,0.0
15746.382042745181,0.0
15701.334802999274,0.0
15681.273326204298,0.0
15663.938094205714,0.0
15632.204529744478,0.0
15611.946418724112,0.0
15606.407423481898,0.0
15583.460098753761,0.0
15557.816103259393,0.0
15548.712205472724,0.0
15534.335479687612,0.0
15505.217043261431,0.0
15471.026561232646,0.0
15453.218361352472,0.0
15462.318111596745,0.0
15474.428436022468,0.0
15471.221658233062,0.0
15463.089991883604,0.0
15458.152655338816,0.0
15450.359244346193,0.0
15436.064860583234,0.0
15418.670614368253,0.0
15400.215946230559,0.0
15388.109522692945,1.0
15434.206514511097,1.0
16018.871038352685,1.0
19489.545846712077,0.0
29632.73757871433,0.0
43654.99634234333,0.0
50383.99757427575,0.0
43684.07978359205,0.0
29699.37617774175,0.0
19590.281728312708,0.0
16142.224201802883,0.0
15575.27094376131,0.0
15546.647326952709,0.0
15575.518625632496,0.0
15613.561190813727,0.0
15654.820459907442,0.0
15684.315445180802,0.0
15688.064689397273,0.0
15685.089230255058,0.0
15707.905073803848,0.0
15770.752994686663,0.0
15843.630572532456,0.0
15887.946249435672,0.0
15912.771504371722,0.0
15936.894049082095,0.0
15966.922607199045,0.0
16009.824751229504,0.0
16066.54077076974,0.0
16120.670704515063,0.0
16155.478558908768,0.0
16178.168972091411,0.0
16207.260702106541,0.0
16258.844978909548,0.0
16329.66267255465,0.0
16381.736235439223,0.0
16407.492006131426,0.0
16439.703775705693,0.0
16488.606237487722,0.0
16559.104396992607,0.0
16650.50822562609,0.0
16736.55954660681,0.0
16792.29798435131,0.0
16816.828087166166,0.0
16844.117345013157,0.0
16897.951278250188,0.0
16962.788102562186,0.0
17030.8005273989,0.0
17102.405918068893,0.0
17171.027024006366,0.0
17229.241104774006,0.0
17279.335462183288,0.0
17340.26351261892,0.0
17416.32583601679,0.0
17485.291199459236,0.0
17535.200413841405,0.0
17580.578798661067,0.0
17636.209733224874,0.0
17702.8913557315,0.0
17772.864647395072,0.0
17841.67864588897,0.0
17904.371045272655,0.0
17960.533890403865,0.0
18026.61249505565,0.0
18108.103991520977,0.0
18194.045254960765,0.0
18270.034927580782,0.0
18333.265023433454,0.0
18382.694644135743,0.0
18421.450342356842,0.0
18460.140642249764,0.0
18524.001686624066,0.0
18617.158597332393,0.0
18711.667864552554,0.0
18792.08670413745,0.0
18846.140452295804,0.0
18892.47218303723,0.0
18953.12651449634,0.0
19013.024619179865,0.0
19066.260565222587,0.0
19124.52911982193,0.0
19175.503256851764,0.0
19212.602196451193,0.0
19257.64621279473,0.0
19301.776463625738,0.0
19334.517881879416,0.0
19383.971667177248,0.0
19447.511138206213,0.0
19493.18490070539,0.0
19530.82106969601,0.0
19575.61293852428,0.0
19616.157089534358,0.0
19648.191512453766,0.0
19685.185154189396,0.0
19741.396182243534,0.0
19805.026108910806,0.0
19855.833716106983,0.0
19905.6510028065,0.0
19957.61661032311,0.0
19979.21240531447,0.0
19969.300894308955,0.0
19959.603944196322,0.0
19979.037319577677,0.0
20031.555614717734,0.0
20075.63069280337,0.0
20095.662828362045,0.0
20116.308173694055,0.0
20144.481383644496,0.0
20166.61375666002,0.0
20183.63100077751,0.0
20204.528283904107,0.0
20215.117951718057,0.0
20217.45394150737,0.0
20234.102018364545,0.0
20249.594501660067,0.0
20234.60918658338,0.0
20209.020711951296,0.0
20208.600872697003,0.0
20231.860828128607,0.0
20251.320031986892,0.0
20248.868743526316,0.0
20227.435763339527,0.0
20211.33811598247,0.0
20216.15308398814,0.0
20217.161446469367,0.0
20203.70019226179,0.0
20193.213958621694,0.0
20182.786561486264,0.0
20172.74329525397,0.0
20170.750932560517,0.0
20172.33471185184,0.0
20163.755063965025,0.0
20141.23505415693,0.0
20106.42873316899,0.0
20069.629354886314,0.0
20045.770109430818,0.0
20042.941350067184,0.0
20056.531276483696,0.0
20062.65452524378,0.0
20039.926764343218,0.0
20000.656549924544,0.0
19963.65785333714,0.0
19933.358948867855,0.0
19921.723574980435,0.0
19930.72106633025,0.0
19927.761852619384,0.0
19884.527478334207,0.0
19822.75976218528,0.0
19785.36953097204,0.0
19777.888573923672,0.0
19755.526470643737,0.0
19708.921935202405,0.0
19670.965359262547,0.0
19647.028497154464,0.0
19628.83400778386,0.0
19614.58988192931,0.0
19599.16724940351,0.0
19572.40265164137,0.0
19534.12372074107,0.0
19486.020203697695,0.0
19441.024392411535,0.0
19425.901319733533,0.0
19428.09433716177,0.0
19411.127145690778,0.0
19376.974064706745,0.0
19352.910992925437,0.0
19339.72740467482,0.0
19314.82864703409,0.0
19284.771292512047,0.0
19260.936306916825,0.0
19238.67130385428,0.0
19219.346699936974,0.0
19206.511744176056,0.0
19179.615526652422,0.0
19133.22486507865,0.0
19095.971794376856,0.0
19076.745038360343,0.0
19070.892672837523,0.0
19083.91846798318,0.0
19095.211366650998,0.0
19088.474223950583,0.0
19077.729227014945,0.0
19065.07693894025,0.0
19035.65791268614,0.0
19001.806099164456,0.0
18979.473666807655,0.0
18967.660749751423,0.0
18971.87451032441,0.0
18987.79099716825,0.0
18995.789889201136,0.0
18994.507119527992,0.0
18996.781844764755,0.0
19007.919142211984,0.0
19028.058905812806,0.0
19044.97888745303,0.0
19047.289692017745,0.0
19043.557196794074,0.0
19036.389478744408,0.0
19033.234223660416,0.0
19047.87816701312,0.0
19074.54047241251,0.0
19101.872968260635,0.0
19131.5448987014,0.0
19160.360757833125,0.0
19179.938141779952,0.0
19194.21365697137,0.0
19203.285685225812,0.0
19207.130218881655,0.0
19239.602985085086,0.0
19302.183539531114,0.0
19346.28954617522,0.0
19365.069176554385,0.0
19389.83291621623,0.0
19432.59126888379,0.0
19483.34591438781,0.0
19519.853817600822,0.0
19543.3332641933,0.0
19570.929617578335,0.0
19615.32381467572,0.0
19673.92105709976,0.0
19726.291606636714,0.0
19764.74430152936,0.0
19799.330066462848,0.0
19840.668306070107,0.0
19880.93715909295,0.0
19917.75297268102,0.0
19970.1146375155,0.0
20038.726834274166,0.0
20101.222114472366,0.0
20149.83570715483,0.0
20204.516078819834,0.0
20271.52552842192,0.0
20336.59507445887,0.0
20389.991540879015,0.0
20434.433508090468,0.0
20487.945800675014,0.0
20555.594811915525,0.0
20634.16909646167,0.0
20713.060810489635,0.0
20769.78852921966,0.0
20804.976143034015,0.0
20853.32287449539,0.0
20936.221777640283,0.0
21025.348726432214,0.0
21089.366068198455,0.0
21146.88689598575,0.0
21225.808228634178,0.0
21317.503425065883,0.0
21393.285729093273,0.0
21445.715594451704,0.0
21504.863976661152,0.0
21582.25009457406,0.0
21655.32558196406,0.0
21716.469020497072,0.0
21761.973748352873,0.0
21808.217521160674,0.0
21872.53507367361,0.0
21931.73613831705,0.0
21985.26219017831,0.0
22050.184668354348,0.0
22119.49797748025,0.0
22187.99009612122,0.0
22263.68409005664,0.0
22341.5564582457,0.0
22401.62712612811,0.0
22445.812023505623,0.0
22498.210430248437,0.0
22562.00621181177,0.0
22613.49657174172,0.0
22650.603558646068,0.0
22693.581941927278,0.0
22749.698243324918,0.0
22814.093239339316,0.0
22879.41637507392,0.0
22931.469358117716,0.0
22963.683873272425,0.0
22999.61498719099,0.0
23055.657156925972,0.0
23101.21679652425,0.0
23123.49927861184,0.0
23160.18778469858,0.0
23221.413093002717,0.0
23279.241016855936,0.0
23329.06798456052,0.0
23383.160571009525,0.0
23439.305825029154,0.0
23480.735811705257,0.0
23508.855849165906,0.0
23537.665525908462,0.0
23565.439276712572,0.0
23582.962895871577,0.0
23595.49855260874,0.0
23603.349336650073,0.0
23597.9036097781,0.0
23607.972674832283,0.0
23653.000177482267,0.0
23703.618743934458,0.0
23735.28834913085,0.0
23749.30543827243,0.0
23754.03054497701,0.0
23765.096510520965,0.0
23792.091898348855,0.0
23815.59908300548,0.0
23821.269225117445,0.0
23826.09253335754,0.0
23834.228372641475,0.0
23829.012106034388,0.0
23812.577756531646,0.0
23807.565694545287,0.0
23812.855321740375,0.0
23814.158425058926,0.0
23808.43377353235,0.0
23792.572261376343,0.0
23773.799332552953,0.0
23773.022162273213,0.0
23788.762272422508,0.0
23791.46234163737,0.0
23769.976925266095,0.0
23749.575300231227,0.0
23749.526839042646,0.0
23746.388524067203,0.0
23732.274445197792,0.0
23721.619294781816,0.0
23712.515245894483,0.0
23698.623536513016,0.0
23677.23562279954,0.0
23648.969682194813,0.0
23618.498160937666,0.0
23592.61793835688,0.0
23574.638926641757,0.0
23562.801820732435,0.0
23553.107955873624,0.0
23536.234285618906,0.0
23507.013965122165,0.0
23469.565368279356,0.0
23442.149649771498,0.0
23425.1608729929,0.0
23396.806601554643,0.0
23362.665190559026,0.0
23341.9352775097,0.0
23319.2432051411,0.0
23283.36365667729,0.0
23243.78096429389,0.0
23203.260547307844,0.0
23168.597644534675,0.0
23145.28788632781,0.0
23132.322499397214,0.0
23117.04602388757,0.0
23079.438459040965,0.0
23027.922364707272,0.0
22988.204532499014,0.0
22965.42742482525,0.0
22943.87854109553,0.0
22917.207875278742,0.0
22887.71832257811,0.0
22866.740309221484,0.0
22860.95876788934,0.0
22850.277541045274,0.0
22818.910698624048,0.0
22780.694296378926,0.0
22769.846412363026,0.0
22783.198943031555,0.0
22769.502238449855,0.0
22720.073238830788,0.0
22677.428047307098,0.0
22657.151346723393,0.0
22636.660697043233,0.0
22616.768812459803,0.0
22620.05193279914,0.0
22637.341462892367,0.0
22643.794886736876,0.0
22643.903537762137,0.0
22649.33570722866,0.0
22637.015542279947,0.0
22606.2910225839,0.0
22590.099518361774,0.0
22599.98893785748,0.0
22615.804215322856,0.0
22612.972695471897,0.0
22593.446251512356,0.0
22585.863818072117,0.0
22597.16135293819,0.0
22597.572594887042,0.0
22579.997620373495,0.0
22573.333574156808,0.0
22588.897860462308,0.0
22605.674970135537,0.0
22608.869914422292,0.0
22612.9067882174,0.0
22638.72649053496,0.0
22679.025089288978,0.0
22707.102782274487,0.0
22715.50041443068,0.0
22719.157216342617,0.0
22731.951126153934,0.0
22755.59317845799,0.0
22779.900931767377,0.0
22799.98823688674,0.0
22831.218891899232,0.0
22878.091600263873,0.0
22942.21966717713,0.0
23011.64263902854,0.0
23048.8434751825,0.0
23058.447570037522,0.0
23079.813710566705,0.0
23117.909223345643,0.0
23155.808999021658,0.0
23180.786972914328,0.0
23194.410896066816,0.0
23223.63649917498,0.0
23285.066381406374,0.0
23352.935615336217,0.0
23405.855382307127,0.0
23452.17924614134,0.0
23502.841203839445,0.0
23562.024024202,0.0
23619.122623219457,0.0
23666.959258876643,0.0
23719.887649640634,0.0
23779.293054848287,0.0
23824.473463730705,0.0
23863.925298309703,0.0
23919.1279903879,0.0
23978.363541513947,0.0
24024.870379717602,0.0
24074.06046508429,0.0
24146.454585758278,0.0
24235.51033549406,0.0
24322.467295332022,0.0
24389.232072505984,0.0
24432.778960141397,0.0
24480.685750450542,0.0
24550.890297332648,0.0
24626.31978756363,0.0
24695.429957937486,0.0
24770.96584187533,0.0
24838.244511360772,0.0
24880.15378034456,0.0
24923.010575375887,0.0
24979.988581175807,0.0
25043.068316908448,0.0
25106.320594156674,0.0
25167.860341302432,0.0
25237.04533482884,0.0
25314.674263937974,0.0
25402.50165255285,0.0
25497.920335289844,0.0
25585.93046068926,0.0
25657.038580327775,0.0
25706.16988237757,0.0
25742.53003248842,0.0
25787.780039655714,0.0
25847.722427475503,0.0
25905.12178955708,0.0
25951.977737506433,0.0
26004.061676989146,0.0
26063.975452243107,0.0
26115.50137431816,0.0
26168.318539776792,0.0
26235.134590220856,0.0
26306.411219372185,0.0
26371.98585445286,0.0
26431.05706370162,0.0
26487.037454900834,0.0
26534.62317059758,0.0
26576.928244943847,0.0
26623.964918600795,0.0
26668.78147728671,0.0
26701.883953298475,0.0
26739.41508723792,0.0
26794.64149429324,0.0
26858.12187206685,0.0
26910.52622282778,0.0
26943.61659998626,0.0
26973.773853159964,0.0
27013.047675405553,0.0
27054.89028077495,0.0
27085.65571318567,0.0
27103.589345495584,0.0
27112.64136070542,0.0
27123.066648524367,0.0
27148.089902205465,0.0
27180.37761609387,0.0
27208.10103424412,0.0
27225.255745194198,0.0
27226.25380996268,0.0
27231.15252207586,0.0
27259.085525384835,0.0
27297.79056381192,0.0
27317.531050513742,0.0
27316.60708770756,0.0
27320.823613674595,0.0
27328.363754133898,0.0
27333.927796892996,0.0
27351.787885539827,0.0
27379.88071325272,0.0
27397.817088348125,0.0
27386.929115334926,0.0
27357.33692394768,0.0
27335.303246869546,0.0
27322.782355034167,0.0
27318.84515902413,0.0
27335.452320527664,0.0
27359.908568305724,0.0
27371.791857503074,0.0
27372.041348777115,0.0
27357.600273773307,0.0
27336.312065996695,0.0
27331.389680725177,0.0
27332.212876542715,0.0
27317.584094096663,0.0
27300.87896929678,0.0
27284.894747620834,0.0
27257.449288574102,0.0
27227.352167406305,0.0
27210.4934804072,0.0
27195.547931065525,0.0
27159.31541711114,0.0
27124.15850793745,0.0
27112.78226348756,0.0
27097.078943961824,0.0
27057.415510864394,0.0
27016.8034874754,0.0
26987.48334189986,0.0
26972.773385365337,0.0
26973.34191733516,0.0
26974.216356967572,0.0
26954.65491487495,0.0
26908.081982693817,0.0
