375.6960858589321,0.0
276.43461565279193,0.0
281.6107769553192,0.0
275.0894869146541,0.0
191.50525830156957,0.0
86.47657832485108,0.0
28.862623036160695,0.0
21.99805139342891,0.0
37.02434904906435,0.0
44.6709775248867,0.0
32.53585054123648,0.0
19.141797541082617,0.0
20.287175740785397,0.0
24.85053992829684,0.0
19.573082361647895,0.0
10.925114763120465,0.0
6.840183040662834,0.0
5.880501538585607,0.0
5.171680125511746,0.0
5.1260364024087846,0.0
9.100453687539229,0.0
18.87546423606587,0.0
24.899619853651025,0.0
17.569270171145885,0.0
6.477002616053872,0.0
1.2694915412664445,0.0
0.14145774569108202,0.0
0.08094566986399744,0.0
0.48694027621996805,0.0
1.7510460935448322,0.0
3.809914140387309,0.0
6.423385647610972,0.0
10.86054818909312,0.0
16.8321030348351,0.0
21.122046945982994,0.0
26.569650147229527,0.0
34.96095743946627,0.0
34.43252921451041,0.0
22.363913981004856,0.0
11.349056563072708,0.0
6.423650774117379,0.0
4.925467535782265,0.0
4.698182963402151,0.0
4.505830872850333,0.0
4.578615722100967,0.0
5.487892702062897,0.0
5.948054812389513,0.0
4.871769600076283,0.0
2.932157513602438,0.0
1.223315229371982,0.0
0.32147523452567334,0.0
0.12285449495796925,0.0
0.5511581836856323,0.0
2.1931510191889307,0.0
5.7675578154360325,0.0
12.590279741939758,0.0
24.910312341252173,0.0
37.29973734213633,0.0
36.19804207875376,0.0
22.581180065144135,0.0
12.048286016103024,0.0
11.902920880716781,0.0
19.74696069890177,0.0
26.17794032725943,0.0
23.124335171239874,0.0
17.24194664784094,0.0
14.850618645383351,0.0
13.0917364002091,0.0
9.741682905782433,0.0
6.518126420144955,0.0
4.844328340965563,0.0
4.256012718046116,0.0
3.4379862976528712,0.0
1.9669055061552394,0.0
0.7082045870169884,0.0
0.1706245060155284,0.0
0.16759152098918906,0.0
0.6694151164333365,0.0
1.7411374151849233,0.0
2.880137422056163,0.0
4.54830007968083,0.0
11.78637508998484,0.0
30.742922770173244,0.0
50.72333942810638,0.0
49.49572259862256,0.0
30.897766946889554,0.0
16.48385565648633,0.0
14.790455391514056,0.0
24.771121549781892,0.0
37.91939201887477,0.0
38.78576425311757,0.0
28.33091189242588,0.0
22.528711772691146,0.0
20.867461622507793,0.0
13.371117634768522,0.0
5.075392182863607,0.0
1.61388759301589,0.0
0.6657749343389422,0.0
0.5555572102532013,0.0
1.373870525288696,0.0
2.890667574542496,0.0
4.7331906139946405,0.0
7.411880174337447,0.0
10.987657078313605,0.0
15.48824328386491,0.0
22.70610577803686,0.0
29.96365639826404,0.0
32.803751818750214,0.0
30.91573270870191,0.0
23.651107349213802,0.0
19.157628576971117,0.0
23.928028954003302,0.0
29.908379325479753,0.0
30.689651466822962,0.0
35.328403676367095,0.0
44.78961624530296,0.0
41.862396730560015,0.0
24.112770701104655,0.0
8.626967847291157,0.0
2.53143536668781,0.0
1.261532017527461,0.0
1.3127217437953387,0.0
1.792021790221294,0.0
1.9359568230093465,0.0
1.6349169008891153,0.0
2.120504742498885,0.0
3.901019432725782,0.0
8.275900613145213,0.0
18.19535486902241,0.0
29.970837492892556,0.0
39.23184937706329,0.0
47.433684068642506,0.0
46.669429412763115,0.0
34.46462513862423,0.0
23.241457621010362,0.0
18.716706217839977,0.0
19.864077811031134,0.0
26.948728017837034,0.0
31.603148134128183,0.0
24.597566445913294,0.0
14.781257679548137,0.0
11.145200632100508,0.0
10.431075885435117,0.0
8.07763757638652,0.0
4.328752940769181,0.0
1.6325031945379878,0.0
0.7961550587818327,0.0
0.823898050419635,0.0
0.9045188285869592,0.0
1.2148379235032714,0.0
1.946520242506934,0.0
3.122003650787731,0.0
5.6106871104725204,0.0
14.22159549820008,0.0
33.449799595460746,0.0
48.13713261365641,0.0
41.680262945656075,0.0
31.042069573163115,0.0
32.51851249384733,0.0
37.68603105617482,0.0
37.180108513246786,0.0
31.251285951160195,0.0
20.50569029581952,0.0
10.944356672777726,0.0
6.399988220365173,0.0
3.986723129092453,0.0
2.1077314778191103,0.0
1.1320266091259819,0.0
0.8724229933219723,0.0
1.1683868269140434,0.0
4.3054341190906324,0.0
12.736787013253386,0.0
21.313150710305813,0.0
24.14679136229706,0.0
22.3871770853339,0.0
16.48178316754028,0.0
11.956063692393746,0.0
12.450777822858349,0.0
14.741864110973614,0.0
16.338919559608335,0.0
18.787750756237962,0.0
25.252410190861323,0.0
32.44133278560477,0.0
35.76252984299723,0.0
34.76128293280594,0.0
27.010905984635993,0.0
17.480954869031773,0.0
11.500584080593447,0.0
8.16858989688249,0.0
5.956821898606922,0.0
4.428542026053693,0.0
3.587459496634905,0.0
3.148749845184938,0.0
3.098580350999196,0.0
3.3044875667692954,0.0
2.8459976391671766,0.0
1.5977495970932145,0.0
1.0500081576021718,0.0
3.2249856574143365,0.0
10.123226481693388,0.0
19.550304378654516,0.0
22.596442592395167,0.0
16.72126347234512,0.0
11.355472719644688,0.0
10.717495117248648,0.0
11.370420408471974,0.0
11.668013317546126,0.0
11.893052767682827,0.0
11.855421236933221,0.0
11.04886190585825,0.0
9.318721452283569,0.0
6.926540750606188,0.0
4.852896890349304,0.0
3.89428373320626,0.0
4.209624911334844,0.0
4.995438694044587,0.0
4.5825420337587035,0.0
2.609824478489698,0.0
0.9738508606452783,0.0
0.7769476116951636,0.0
1.5739566564670193,0.0
3.074923878616405,0.0
5.033237311208582,0.0
6.753296028860872,0.0
7.92161715378438,0.0
8.38226517528813,0.0
8.237073001575226,0.0
8.045359753143499,0.0
8.35132744873421,0.0
9.191535071210035,0.0
9.979763685970244,0.0
10.119364808848095,0.0
9.320265705024529,0.0
8.424444930726333,0.0
8.522194372082195,0.0
8.668005194290933,0.0
7.728997896839649,0.0
6.152957481254453,0.0
4.646893325731673,0.0
3.3036433271506134,0.0
1.8617875139188984,0.0
0.6979800337308473,0.0
0.2302706304366675,0.0
0.2575244614742253,0.0
0.3794395108735192,0.0
0.5646638413717893,0.0
1.6320529253976974,0.0
4.307479439018822,0.0
7.343084983648909,0.0
8.836533358837896,0.0
9.021731959658322,0.0
8.987952506566584,0.0
9.457080303457337,0.0
10.619579698099734,0.0
11.799662549719358,0.0
11.969286538157139,0.0
11.291304031065927,0.0
10.636308339385868,0.0
9.91191193290276,0.0
9.010414997891912,0.0
7.672606187429173,0.0
5.302716978677002,0.0
3.097906879231629,0.0
2.9889182935143626,0.0
3.8456952774120903,0.0
3.147921503400063,0.0
1.4306435567665976,0.0
0.3612872721190341,0.0
0.0703479502516224,0.0
0.18310777988802132,0.0
0.8806351911518939,0.0
2.5172388129619097,0.0
4.323272314683754,0.0
4.884592303842044,0.0
4.580164665676962,0.0
5.043375063106317,0.0
6.891171472353415,0.0
9.424013345602587,0.0
11.292922286614765,0.0
11.547722225736981,0.0
10.759214109687779,0.0
10.545425525097889,0.0
10.954287886373075,0.0
9.889431669674282,0.0
7.170714688637647,0.0
5.158163297393238,0.0
3.9936524568271325,0.0
2.563357694456593,0.0
1.9245858173687518,0.0
2.4928186363932223,0.0
2.9137561589029257,0.0
2.388159234074736,0.0
1.2960487874603497,0.0
0.7518287639260725,0.0
1.5177911648264757,0.0
3.897139388871571,0.0
9.51640629300675,0.0
19.364552377806653,0.0
25.22152717051854,0.0
19.286914205218846,0.0
10.451104912500229,0.0
7.646004545057723,0.0
8.567619902707113,0.0
9.294317123854634,0.0
10.05428116022888,0.0
11.521419975632496,0.0
12.60913111299269,0.0
12.989088232171959,0.0
12.815253210105192,0.0
11.561731317042423,0.0
9.414942041315298,0.0
6.864141921845235,0.0
4.226529807030479,0.0
2.1272768961783752,0.0
1.2754929202575283,0.0
1.8060128948931296,0.0
2.9762919537683987,0.0
4.014491338562442,0.0
5.122753155072059,0.0
6.569061790037187,0.0
7.69430616897075,0.0
7.900919381132277,0.0
7.388137832030399,0.0
6.941373607861812,0.0
7.977021972200068,0.0
11.088726427516503,0.0
14.0773837207613,0.0
14.27744244965763,0.0
12.422475757496262,0.0
10.87892136496179,0.0
10.00558350826391,0.0
9.567821871659742,0.0
10.544740034654732,0.0
12.081485127396455,0.0
11.971866750547084,0.0
9.72301781626097,0.0
6.055079993922502,0.0
2.6267785930090715,0.0
1.1134948374081193,0.0
1.669641369571105,0.0
3.158878047925228,0.0
4.455031374699102,0.0
5.549924813649217,0.0
6.351906295245643,0.0
6.342697527635747,0.0
6.171379059723001,0.0
6.901580618986171,0.0
8.316164961595353,0.0
9.48912350159881,0.0
9.955835271838215,0.0
10.21058521223192,0.0
10.612344415226671,0.0
10.867606740703895,0.0
10.85056766508644,0.0
10.65360107161425,0.0
10.573030921403166,0.0
10.269935240853632,0.0
8.797946916908597,0.0
6.302832226072774,0.0
4.143547576774889,0.0
3.2554524230342503,0.0
3.5577152034808948,0.0
3.7436818029846437,0.0
2.473545639793141,0.0
1.1714049038938639,0.0
1.3777245924549224,0.0
2.508057047565033,0.0
3.986400549408406,0.0
7.960595244130382,0.0
16.47893503743682,0.0
22.25382327934409,0.0
17.78495286376568,0.0
11.243472913948242,0.0
9.586672238741821,0.0
10.255162275643238,0.0
9.859539785491114,0.0
7.62986989923949,0.0
5.554611447552806,0.0
4.387641378758617,0.0
3.1678882290072203,0.0
1.9025380511785652,0.0
1.1498340309194999,0.0
0.7670927423201407,0.0
0.503396825587397,0.0
0.26285558974295975,0.0
0.0824203776399309,0.0
0.015599810864358531,0.0
0.030781861901224433,0.0
0.20026303297528927,0.0
0.7140238138019401,0.0
1.401062257591421,0.0
1.6258200635637372,0.0
1.8242912126155257,0.0
4.9786146135564,0.0
13.301287144994657,0.0
19.273760214173585,0.0
14.603849155115192,0.0
7.35256839230578,0.0
5.653097906663271,0.0
6.181173665628878,0.0
4.557613682090023,0.0
2.1482425314560465,0.0
1.4770169087546152,0.0
2.4263895688795243,0.0
3.9460945409292956,0.0
5.2701471214815765,0.0
5.702536731571885,0.0
4.997216592967952,0.0
3.348446415731761,0.0
1.5130516670222163,0.0
0.4070515718133135,0.0
0.06176978619788484,0.0
0.057852257127037066,0.0
0.6630440195531846,0.0
4.010213427794764,0.0
11.809737155672643,0.0
16.93897225455369,0.0
11.88887389238983,0.0
4.246512164930048,0.0
1.0058250991543598,0.0
0.34680516366751407,0.0
0.45617789355086785,0.0
1.279831603524748,0.0
2.3132421526100257,0.0
2.3834299122738973,0.0
1.559311924468434,0.0
1.0952369474599501,0.0
1.6781725867969826,0.0
3.19301561472774,0.0
5.279998707455724,0.0
7.578582417572355,0.0
9.051632498491617,0.0
9.124302595866373,0.0
8.668151675574885,0.0
8.369031011628419,0.0
8.314975938042275,0.0
8.276783466591404,0.0
7.72129485541079,0.0
6.142906165845046,0.0
3.6770437405568055,0.0
1.4969243349857568,0.0
0.5690171793280323,0.0
0.8418009438711478,0.0
1.6252565222172164,0.0
1.8266128755872495,0.0
1.107233895458963,0.0
0.3738438853947258,0.0
0.2155704119604195,0.0
0.4768642595469503,0.0
0.6815042538396998,0.0
0.5266107718740424,0.0
0.4987449218062496,0.0
1.1044422996592518,0.0
1.9133448152005001,0.0
2.23225190506329,0.0
1.9640744718810996,0.0
1.398740955179295,0.0
1.2831987964130234,0.0
1.4125879160754824,0.0
1.0020323512571312,0.0
0.6417945682208942,0.0
0.9977237899979924,0.0
1.3583239625756336,0.0
0.9449442926446884,0.0
0.32294712478313337,0.0
0.07958700585741471,0.0
0.1661998834781127,0.0
0.49750512012754117,0.0
0.9030649431227913,0.0
1.5928885660797536,0.0
3.151564381590402,0.0
4.671431507699827,0.0
6.887472009219119,0.0
13.717992762519831,0.0
20.146756736325653,0.0
17.424625644033966,0.0
10.454129128273777,0.0
6.040091491837782,0.0
4.450987788961641,0.0
4.099641097075834,0.0
3.3477011286943084,0.0
1.8030357598545959,0.0
0.6447031711914484,0.0
0.7256065833720092,0.0
1.895996331324821,0.0
2.70943170681419,0.0
1.9049007148772317,0.0
0.779474274539639,0.0
1.0592074808777483,0.0
4.69129078714697,0.0
13.070116922169936,0.0
18.597298984048493,0.0
13.120526859689813,0.0
4.674943999124322,0.0
1.1927325531505546,0.0
0.8817202522420717,0.0
0.9165245972239299,0.0
0.5525920273931522,0.0
0.17370618036769375,0.0
0.028940901142229997,0.0
0.022899581166962123,0.0
0.1756798641189306,0.0
0.8637326122241088,0.0
2.813695534005881,0.0
7.578386317707738,0.0
16.378466345995008,0.0
21.621236115255016,0.0
15.465827217271848,0.0
9.3923770117756,0.0
13.82739430588582,0.0
18.82461044245025,0.0
13.977123348817493,0.0
9.320682367204933,0.0
14.673419777349583,0.0
20.52827070278022,0.0
15.383337192725724,0.0
6.359109829980333,0.0
2.3553593645410094,0.0
1.9973011862766703,0.0
1.9186724785632234,0.0
1.1618738328034153,0.0
0.636412397299501,0.0
1.1015725059350139,0.0
2.34792816122938,0.0
3.771889402095492,0.0
4.844706530308876,0.0
5.863339822910402,0.0
8.045327326352604,0.0
9.762997852690377,0.0
7.813018625916644,0.0
3.8093979418981174,0.0
1.1353617908708602,0.0
0.22422239711823774,0.0
0.15581843882327254,0.0
0.5583880455130694,0.0
1.2833332590214015,0.0
1.5923639791245892,0.0
1.051412146409463,0.0
0.4944781365299114,0.0
0.526443667943032,0.0
0.6837183809251701,0.0
0.5333156124930096,0.0
0.916086549881894,0.0
4.5985285195180285,0.0
13.474810007440324,0.0
19.43146623244142,0.0
14.311325247127378,0.0
7.271134955456836,0.0
5.467164232010494,0.0
5.456312765632207,0.0
5.125262051545122,0.0
4.466146253703454,0.0
3.880997961719971,0.0
3.7158894758244663,0.0
3.690348276883258,0.0
3.946617420754281,0.0
5.180843138696552,0.0
6.976883500828313,0.0
8.849404386213912,0.0
12.208596474263505,0.0
14.989284397437626,0.0
15.693991790585478,0.0
23.62027662481363,0.0
40.47058510156734,0.0
48.04015594384805,0.0
36.1391842567441,0.0
18.86635042914906,0.0
9.007836823485285,0.0
5.957994029315324,0.0
8.351599570966773,0.0
16.419520272875992,0.0
22.078457316153305,0.0
17.025158865032214,0.0
8.81211107473925,0.0
5.032343176493606,0.0
4.21769572849013,0.0
4.234809620290953,0.0
4.764833594169712,0.0
7.663909539361221,0.0
14.55983259835808,0.0
18.99795297978367,0.0
14.288347750722583,0.0
7.364071058854884,0.0
4.519399443455023,0.0
4.666645536457099,0.0
8.45778371281597,0.0
17.52082070505186,0.0
24.76583759215073,0.0
22.566272729173534,0.0
16.40899910749291,0.0
11.965501774546086,0.0
11.764338010082835,0.0
17.203764406840804,0.0
20.588876632071223,0.0
14.048405867337715,0.0
5.0397911300542475,0.0
1.0162819070070077,0.0
0.510791103256292,0.0
1.2665682469797235,0.0
1.9310036013975957,0.0
1.545979968850594,0.0
0.8018196322160385,0.0
0.6986878355517392,0.0
1.5191958221314392,0.0
4.965905418077591,0.0
12.797618755795344,0.0
18.71524880164397,0.0
18.037788567987956,0.0
19.423573170874672,0.0
21.11247526138936,0.0
14.187837345722306,0.0
5.6381336175191565,0.0
2.4370442164505466,0.0
3.0227400043583628,0.0
6.923370832130471,0.0
14.840230498323551,0.0
19.633185736899,0.0
13.989963487862017,0.0
5.618028266474213,0.0
1.8934540519431353,0.0
1.1834245779671362,0.0
1.0053306640772761,0.0
0.9109166531747367,0.0
1.0244409493850877,0.0
1.1962579768860275,0.0
1.1792723484342253,0.0
0.7906706167095863,0.0
0.9353357729513733,0.0
4.2502072997247105,0.0
12.527041792879098,0.0
18.367923765311954,0.0
13.999376795192807,0.0
9.13435636155659,0.0
13.505849044995117,0.0
18.431150272651827,0.0
13.964672249125524,0.0
7.413193780287425,0.0
5.67088402620391,0.0
7.870159633530527,0.0
15.062744871835067,0.0
24.761037863171612,0.0
25.451560953893836,0.0
14.663280760689435,0.0
4.557923222603081,0.0
0.9507924825743673,0.0
0.4868140170065606,0.0
0.5557892988321463,0.0
0.6702820674987656,0.0
0.6946637514855115,0.0
0.7140238138018535,0.0
0.9047816198577967,0.0
0.938234971641855,0.0
0.6874261311039958,0.0
0.9944540410678735,0.0
2.5668935140188927,0.0
4.580008889036999,0.0
7.739837549679254,0.0
14.809203517762988,0.0
19.25440575321677,0.0
13.680942916267156,0.0
8.388268379473507,0.0
12.622135974230083,0.0
17.82732591914711,0.0
16.044161312792124,0.0
15.810270825730138,0.0
18.901400091992517,0.0
16.065267227234763,0.0
8.72557042664089,0.0
4.320088888192739,0.0
3.677871019066665,0.0
3.987244071985327,0.0
4.567515481967156,0.0
6.389945090573872,0.0
8.161618833962468,0.0
7.074807519340437,0.0
3.9829606416959926,0.0
1.4843653683831133,0.0
0.3522347996763683,0.0
0.09270633277812695,0.0
0.5881955656075842,0.0
3.8846059832462116,0.0
13.544775509046406,0.0
25.70610484536924,0.0
27.788316997164785,0.0
20.524223320773935,0.0
18.358091957510876,0.0
19.164023691147825,0.0
12.505133674262245,0.0
4.198816622364183,0.0
0.9287708444325043,0.0
0.8503098277875165,0.0
1.5961724896889402,0.0
2.7455990046789513,0.0
4.31845330697161,0.0
5.252735858456798,0.0
5.167036911248735,0.0
4.7756035856076995,0.0
3.8681428993179217,0.0
2.217486701939286,0.0
0.792549477381392,0.0
0.21934609800625468,0.0
0.35606844171802216,0.0
1.0806577102562285,0.0
2.2678077205848814,0.0
5.396084316493209,0.0
12.808735145797552,0.0
18.564852280699565,0.0
16.45459745387461,0.0
15.93147167143911,0.0
22.998488508985428,0.0
26.37755806682064,0.0
17.824496408046937,0.0
7.024156490528315,0.0
2.1672681248415167,0.0
1.378255441292612,0.0
1.527790180757086,0.0
1.5139521713248503,0.0
1.3661525151488556,0.0
1.1333954316268278,0.0
1.574877754531622,0.0
4.941134140432878,0.0
12.702935094046081,0.0
17.593988719050067,0.0
12.13937153620847,0.0
4.104741095462559,0.0
0.6772429262365371,0.0
0.05444328825619158,0.0
0.0042193742570808684,0.0
0.05333481595432842,0.0
0.662876915622195,0.0
4.010213427794737,0.0
11.809737155672682,0.0
16.938972254553754,0.0
11.88887389238985,0.0
4.2463868369818725,0.0
1.002541458231697,0.0
0.30506626002300097,0.0
0.19373706292104426,0.0
0.4746434023144106,0.0
1.281897061987071,0.0
2.81103431350949,0.0
5.300625431675762,0.0
9.409257623815865,0.0
16.0403147892116,0.0
19.479903464621913,0.0
13.144199429872062,0.0
4.829557200403592,0.0
1.407761203946148,0.0
0.6112603249429116,0.0
0.41209371664011485,0.0
0.4471962751748778,0.0
0.5246567139921007,0.0
1.0429722763305234,0.0
4.03224983851526,0.0
11.262041554011327,0.0
16.170311519939915,0.0
11.57230660556074,0.0
4.807810868235556,0.0
3.065083601574606,0.0
3.449727232825017,0.0
2.3812218866483863,0.0
0.9220939303014156,0.0
0.6104257877393002,0.0
1.0709590233893087,0.0
1.3323374850252068,0.0
1.0248970697845028,0.0
0.5923821317459625,0.0
0.2770127204434745,0.0
0.08344529797627123,0.0
0.013382866260672442,0.0
0.0010666963191261689,0.0
0.0001671039310041453,0.0
0.003367192888232173,0.0
0.044248280127389863,0.0
0.29914103788489155,0.0
1.099888436544773,0.0
2.4143256141364535,0.0
3.565659087121854,0.0
3.844569033008244,0.0
3.0871495674308536,0.0
2.3474305133567768,0.0
3.0423704827304294,0.0
4.374299625274788,0.0
4.599811142625594,0.0
4.416650114586374,0.0
4.628254015375833,0.0
4.329171844011202,0.0
3.836985848787717,0.0
3.858658825734349,0.0
3.7038889464270337,0.0
2.7605992145740954,0.0
1.5342750380344492,0.0
1.0922180364385234,0.0
1.4430546346506963,0.0
1.4923235905559653,0.0
0.8690941975646966,0.0
0.2671253757336987,0.0
0.04207311150654605,0.0
0.0077175301301563295,0.0
0.05742226647442971,0.0
0.3738438853948099,0.0
1.2655073688932386,0.0
2.2987508140476156,0.0
2.298792590030378,0.0
1.266574065212397,0.0
0.3873103036209414,0.0
0.14513153220871972,0.0
0.36598104733383635,0.0
1.479530133812414,0.0
5.961598398912329,0.0
15.584655746357058,0.0
22.427104788239458,0.0
18.31388707603855,0.0
11.40683413596502,0.0
8.206610813139246,0.0
5.043902034040224,0.0
1.9366520101298736,0.0
0.845700550430699,0.0
0.9644211944458756,0.0
1.262930918962874,0.0
1.4126244700269655,0.0
1.0854503619519342,0.0
0.6290168076472727,0.0
1.0553275165875207,0.0
2.9351788604725337,0.0
4.670127762347041,0.0
3.96694020280701,0.0
2.012536936521154,0.0
1.5917506191573663,0.0
3.4287931426093885,0.0
5.459958838454329,0.0
7.640905633412461,0.0
13.919184862503858,0.0
18.74580211994364,0.0
13.718536843540823,0.0
6.0699575928826235,0.0
2.5334311507564253,0.0
1.323108970123918,0.0
0.8573265206260844,0.0
0.6176604074064459,0.0
0.3197022591288254,0.0
0.09358629929688052,0.0
0.01453311454525312,0.0
0.00644195389725963,0.0
0.06632946754497959,0.0
0.4010171651812375,0.0
1.1829140690897997,0.0
1.744964919207567,0.0
1.833686512202414,0.0
4.37075799889437,0.0
11.87939504083745,0.0
17.301054131073073,0.0
12.588248813054673,0.0
4.639532845905579,0.0
0.918192139860777,0.0
0.45658855425814127,0.0
2.42238332202262,0.0
8.404024520060947,0.0
15.866608827058766,0.0
16.689919971525953,0.0
10.354367797277249,0.0
7.224496809006262,0.0
12.798871806426938,0.0
17.65015460464635,0.0
12.28444572583093,0.0
4.184003160127925,0.0
0.7728372902233859,0.0
0.332480929035958,0.0
0.5946380348141255,0.0
1.0292863654908109,0.0
1.4160781790361088,0.0
1.9376726914620912,0.0
5.294440145258516,0.0
13.630655717726764,0.0
19.00723682810381,0.0
13.304255773410146,0.0
5.157177582776588,0.0
4.172445395926483,0.0
11.01981430535959,0.0
19.990973474506063,0.0
22.334435799747148,0.0
17.91609221353592,0.0
12.902701908027844,0.0
9.745924343359057,0.0
8.67548801564741,0.0
8.713243946811408,0.0
7.48174825190685,0.0
4.7001766043961775,0.0
2.0047769830208577,0.0
0.5741835569923961,0.0
0.3962616340010455,0.0
0.9526618227747441,0.0
1.3853821269762394,0.0
1.167165538416186,0.0
1.2329602729409166,0.0
2.478670391644223,0.0
4.722313641801351,0.0
6.8891398670230135,0.0
7.020707156020768,0.0
4.627684932752556,0.0
2.0308030152370193,0.0
0.8272444886510398,0.0
0.5285376379252645,0.0
0.46440868765222426,0.0
0.518815043819521,0.0
0.976712299613926,0.0
1.6617629856472549,0.0
1.8632291161804309,0.0
1.443057635365082,0.0
0.9933818075117405,0.0
1.1358823647220408,0.0
1.396088512823087,0.0
1.0271140143882318,0.0
0.5572377972285151,0.0
0.39585300883372315,0.0
0.2945370440322569,0.0
0.414441807424637,0.0
1.0381963840797188,0.0
1.5926564110037875,0.0
1.304057671567358,0.0
0.7321267351935761,0.0
0.9573461033516555,0.0
2.1700353321403534,0.0
3.0889543549568588,0.0
2.5299308347384137,0.0
1.7721847021719537,0.0
2.423269252967124,0.0
3.3729360532516552,0.0
3.2276345004116336,0.0
3.392204871545855,0.0
4.9021444459085135,0.0
6.5219187664125755,0.0
7.155881699372235,0.0
6.908260911599294,0.0
5.2013062226318745,0.0
2.5201791113626353,0.0
0.6998342077664733,0.0
0.11800284592320993,0.0
0.10445932488317733,0.0
0.3821949320501718,0.0
1.304594065823397,0.0
4.743004500095681,0.0
12.255178839572341,0.0
17.096083344329045,0.0
12.292304614704179,0.0
5.3391653186017844,0.0
3.1369759207586116,0.0
3.63998110689312,0.0
3.575482773794802,0.0
2.3187046260739894,0.0
1.42850625149955,0.0
1.7661838832621188,0.0
2.4563471517941986,0.0
2.8398351523820473,0.0
2.9177490637994827,0.0
2.1614234316533696,0.0
0.9589426741698115,0.0
0.2401609758608791,0.0
0.03291525453942315,0.0
0.002384048534619968,0.0
0.0002924318792013651,0.0
0.005584137491867669,0.0
0.07268786947673975,0.0
0.4805623950558577,0.0
1.6621294201355614,0.0
3.110887502979387,0.0
3.2305856077749757,0.0
1.965740769169507,0.0
1.201240043383191,0.0
1.7264948202903334,0.0
2.4418945885001597,0.0
2.5113146493755467,0.0
2.436107304464128,0.0
2.8696561538125773,0.0
5.324677113270687,0.0
11.252705519822825,0.0
15.3380378840569,0.0
11.258604668630875,0.0
4.890544831597772,0.0
3.0000410657322614,0.0
3.8845136900304236,0.0
3.703536769139743,0.0
2.058918575308912,0.0
0.812330168229881,0.0
0.4520414750580442,0.0
0.40327288505331577,0.0
0.5531351151689274,0.0
0.6989450254631129,0.0
0.582757462115602,0.0
0.8440238899034829,0.0
2.1856819095184927,0.0
3.633718806997646,0.0
3.9805509494634377,0.0
5.549715834689081,0.0
11.575824838051146,0.0
17.560701258744825,0.0
15.193699464300346,0.0
7.426587174830839,0.0
2.415733250907964,0.0
1.544120356861956,0.0
2.4358379009357947,0.0
3.194834112748525,0.0
2.7616605568521777,0.0
1.6951730033375285,0.0
1.3472277673889212,0.0
1.4929166770600018,0.0
1.1906761927209502,0.0
0.7257828219630387,0.0
0.6902207276181092,0.0
1.2655879201444231,0.0
1.7123962917820967,0.0
1.261520748111844,0.0
0.8844741872345303,0.0
1.5255953655261234,0.0
2.4800768005430482,0.0
3.8895534650058172,0.0
7.652681203627879,0.0
10.988022632312607,0.0
9.340807526025841,0.0
6.009555709490939,0.0
6.866450442623111,0.0
13.429541627240592,0.0
18.311824826986157,0.0
16.256896655619265,0.0
17.222917066268725,0.0
23.233709626158635,0.0
26.263690225398108,0.0
23.762221483658497,0.0
14.54789836715252,0.0
5.251470820215576,0.0
1.2323322459243382,0.0
0.30042884494308025,0.0
0.265236820759328,0.0
0.3482788476093183,0.0
0.36121295026452943,0.0
1.2103852054018867,0.0
5.605438729189246,0.0
14.686542866120416,0.0
19.843317961962633,0.0
13.686453843415041,0.0
5.53652563384378,0.0
2.8950394174607035,0.0
2.8397005879012585,0.0
2.6662578620104207,0.0
2.7519632631619286,0.0
5.644183423076,0.0
13.104473281752684,0.0
17.78770184340399,0.0
12.760646659168206,0.0
6.344740818651797,0.0
4.608088558363312,0.0
3.9562326211682683,0.0
2.7692769461106943,0.0
1.8611346489800549,0.0
1.01951489886318,0.0
0.32648142160240223,0.0
0.05323903316355726,0.0
0.004266785276419923,0.0
0.0001671039310603588,0.0
0.00016710393109841098,0.0
0.004266785276470947,0.0
0.05516072836976722,0.0
0.37542412433217237,0.0
1.6263704521922413,0.0
5.5165129711154615,0.0
13.468993781369777,0.0
19.323761046317404,0.0
15.996831607528426,0.0
10.530260925903127,0.0
9.692897496318636,0.0
12.794451093257475,0.0
19.725477143377375,0.0
24.807858732628826,0.0
19.928824834917087,0.0
10.16161712327759,0.0
4.003471504603389,0.0
2.768500556756028,0.0
4.917048718803844,0.0
6.682633084460561,0.0
4.974600690046783,0.0
2.432707753623375,0.0
1.7369462741017407,0.0
1.8071128959398237,0.0
1.2429614382615124,0.0
0.9877160438171267,0.0
3.6251627906526886,0.0
10.603707431163675,0.0
15.719702278402112,0.0
12.833660368883688,0.0
10.471426732128787,0.0
16.63603271817277,0.0
24.18633265224072,0.0
27.477703046934515,0.0
35.210958474767246,0.0
45.66450644194529,0.0
43.938740744832266,0.0
31.80389589677731,0.0
26.80660931243678,0.0
28.15033420281156,0.0
22.580229614512806,0.0
13.873190362994373,0.0
9.64317976092094,0.0
7.305468735933472,0.0
4.444838583847729,0.0
2.2178180592563166,0.0
0.9343082794646999,0.0
0.26610280872408165,0.0
0.058608655705130165,0.0
0.18814864117770672,0.0
1.540263812841453,0.0
8.26359052848091,0.0
23.85787396578395,0.0
35.21313026911375,0.0
27.992123171758486,0.0
15.719560255018123,0.0
11.036568255441388,0.0
10.839526055249355,0.0
11.094369280161077,0.0
11.717932788082559,0.0
17.491898223265277,0.0
33.859755258400476,0.0
50.11308444100523,0.0
46.39115696158418,0.0
30.133179769788622,0.0
20.951654098441967,0.0
16.988774200001423,0.0
10.772889022118363,0.0
6.119329763997173,0.0
4.666229037625831,0.0
2.8954822367698076,0.0
0.9659531965035422,0.0
0.1623712831537938,0.0
0.08071006231131324,0.0
0.764200224281462,0.0
4.431630362834798,0.0
13.196356133409491,0.0
21.1126378516423,0.0
21.919597799486276,0.0
21.499872342519552,0.0
22.663180680294527,0.0
21.773913006161198,0.0
22.69933737028863,0.0
33.66233048668179,0.0
42.93475034877245,0.0
37.03802700830298,0.0
35.14099902165057,0.0
45.73732209955297,0.0
46.77171057496334,0.0
30.283583465976044,0.0
12.579475447237142,0.0
4.024202296715503,0.0
1.2926456177724805,0.0
0.34528085723245466,0.0
0.05386567290464791,0.0
0.004350337241808271,0.0
0.0024258245173675447,0.0
0.02975694156491697,0.0
0.20137150527712563,0.0
0.7295818486835495,0.0
1.5100423053572516,0.0
2.028239563100319,0.0
2.4222159450080802,0.0
4.266181229422549,0.0
11.674343765571331,0.0
27.699521912515852,0.0
40.50101563656732,0.0
39.128508852592766,0.0
35.273103979298085,0.0
30.775374174614363,0.0
19.06570464356094,0.0
7.731359898761044,0.0
2.6511959874957998,0.0
1.3526206610196714,0.0
1.1757502028077753,0.0
1.0101137140391434,0.0
0.5670415899729814,0.0
0.17583957300592573,0.0
0.0408810872392312,0.0
0.08242037763994214,0.0
0.237323657471663,0.0
0.3518971605855065,0.0
0.31982758707705666,0.0
0.36263318704065894,0.0
0.6747709459653983,0.0
1.4720058291788392,0.0
2.910595062388044,0.0
4.768997126726443,0.0
7.833705162041973,0.0
13.51817510865521,0.0
21.280687857850154,0.0
25.069027753078714,0.0
21.635112716045434,0.0
21.058855411141515,0.0
22.89751308784009,0.0
16.62265540052483,0.0
7.278959844109738,0.0
2.591529773013767,0.0
1.228360753050573,0.0
0.6411397769376527,0.0
0.8257096062120592,0.0
3.957675319667983,0.0
11.576114898951197,0.0
16.610225331031607,0.0
11.776198743807354,0.0
4.966839273514631,0.0
3.9258957663214833,0.0
7.765008763822412,0.0
14.632234982325494,0.0
18.366966153996504,0.0
12.959623321774378,0.0
6.108757838621706,0.0
7.3976093127759395,0.0
18.985725509897467,0.0
32.78568366523896,0.0
33.37687659023582,0.0
20.836614737324112,0.0
10.081244087598703,0.0
6.427941182755135,0.0
5.27941873235585,0.0
4.171852205346409,0.0
3.872810120993913,0.0
4.7126204895906145,0.0
7.149027752994956,0.0
11.220271023227028,0.0
15.326082261818213,0.0
17.82442873754885,0.0
15.654777796345067,0.0
8.73499049331219,0.0
3.065699992570016,0.0
1.0823492935316454,0.0
0.5041165312824839,0.0
0.16268506589108647,0.0
0.039939718868244205,0.0
0.08677071488170199,0.0
0.29372100360960535,0.0
0.7167920689268472,0.0
1.56077408386434,0.0
2.7987914021474762,0.0
4.150915285593829,0.0
7.057755395419524,0.0
13.12815553330128,0.0
17.092937181157314,0.0
14.11306033559121,0.0
12.233137139238119,0.0
16.20915677307526,0.0
18.073743079665363,0.0
15.11690592614696,0.0
15.307030695003622,0.0
16.48876413247935,0.0
11.115296654912317,0.0
4.437953821303433,0.0
2.048639270096207,0.0
2.6909306943391003,0.0
4.849726417963165,0.0
11.607779010909798,0.0
26.843794087115317,0.0
36.921900357355554,0.0
26.848427589566526,0.0
11.912986202043445,0.0
6.358985520352783,0.0
6.358670069149706,0.0
8.92216751939802,0.0
15.272687381518773,0.0
20.638634897904094,0.0
18.212602592642916,0.0
11.717995996561102,0.0
7.545037189957066,0.0
6.984412160082978,0.0
9.474923433476674,0.0
14.80390629073146,0.0
17.608506564989476,0.0
11.73947214397693,0.0
3.9880835510514028,0.0
0.9602159512127952,0.0
1.229631666894504,0.0
2.9591034002942527,0.0
6.781904146720557,0.0
14.14342421953975,0.0
19.025853808682495,0.0
14.193825305086033,0.0
6.9288331223983475,0.0
4.707953503556539,0.0
5.4789205639985585,0.0
6.1788646127424345,0.0
7.340580370406919,0.0
13.728920609751754,0.0
28.630705002611005,0.0
39.53999367534634,0.0
31.837652901652174,0.0
17.46116579522667,0.0
12.833245843342432,0.0
18.341074078366052,0.0
22.50517162775127,0.0
16.472960310899175,0.0
7.2806976416611455,0.0
2.3209172304847807,0.0
0.626497365239205,0.0
0.1296570492925505,0.0
0.016791835131562467,0.0
0.0024258245173329517,0.0
0.017566099571505973,0.0
0.13515528149227266,0.0
0.6063058279064465,0.0
1.8995801993083676,0.0
5.362542704899121,0.0
12.415451243036552,0.0
17.63631808900367,0.0
14.144892894551212,0.0
7.874700630792607,0.0
5.481885585662986,0.0
5.6533241066977595,0.0
6.809523102862793,0.0
12.829983760436638,0.0
38.93885625655924,1.0
102.56081733928278,1.0
202.29110389850723,1.0
391.0569808231684,1.0
760.1093570650493,0.0
1221.9788083772717,0.0
1558.9555406954275,0.0
1535.9242020086556,0.0
1061.7725243462696,0.0
466.237914847851,0.0
120.61399191777703,0.0
17.780460573802632,1.0
3.3299604355035597,1.0
20.881465172598695,1.0
137.96302640895868,0.0
493.2934410980111,1.0
1010.8159006889344,1.0
1299.6811330054688,1.0
1192.329666015268,0.0
994.2723519286828,0.0
985.2550444652214,0.0
1058.3713346458399,0.0
965.6587732563765,0.0
677.1754833280082,0.0
404.0119846679355,0.0
248.48423794350057,0.0
178.39990041645515,0.0
162.14532141284937,1.0
185.757233718972,0.0
254.01499237023222,0.0
444.7618803121519,0.0
756.4856169747947,0.0
834.4214887394068,0.0
507.4091628509339,1.0
160.3474809204822,1.0
25.600704744195998,0.0
2.9917933364698857,0.0
10.989050221000635,0.0
64.43618666929639,0.0
192.98950972237725,0.0
293.34782868580237,0.0
233.83077687911407,0.0
117.39590890846146,0.0
87.53897107477788,0.0
139.82775544219064,0.0
250.9196911512079,0.0
389.9577416784126,0.0
446.4854282199986,0.0
379.2118592402709,0.0
262.0006434415065,0.0
165.21879758188612,0.0
88.55918648452739,0.0
35.07000538107882,0.0
14.690375862006134,0.0
14.863085339547505,0.0
17.448305314630385,0.0
12.067730453605023,0.0
5.262915880842556,0.0
3.3402397121338656,0.0
3.7564079051547594,0.0
4.242972828448954,0.0
5.18973807179399,0.0
10.502344899223063,0.0
30.291775600922108,0.0
72.88017580012834,0.0
132.18957511118143,0.0
200.44154739250146,0.0
286.8611353918001,0.0
371.3332821394681,0.0
352.8323657547219,0.0
204.92308697072988,0.0
68.82604307535922,0.0
17.26450616869586,0.0
6.682275311800933,0.0
4.209948286443265,0.0
4.2825031587137845,0.0
6.268365475034528,0.0
9.909779006590984,0.0
17.104901849329153,0.0
25.901052949439638,0.0
25.618530410976685,0.0
14.743068970421081,0.0
5.01972878387201,0.0
1.802271463677578,0.0
4.2529349694283,0.0
12.059854438826235,0.0
17.922622499794603,0.0
14.923889897737475,0.0
10.770185074252028,0.0
9.82312188417559,0.0
7.967674181521404,0.0
5.964501891826864,0.0
6.375171455772735,0.0
11.435701033983792,0.0
22.695048795819126,0.0
31.661457012686057,0.0
36.778011455521955,0.0
66.96927542924247,1.0
141.22391136103786,1.0
256.85721865317464,1.0
446.46929354300954,1.0
756.629762564317,1.0
1144.4778176099735,1.0
1450.3345888306567,1.0
1569.4538524228349,1.0
1641.5246831066777,0.0
1807.600307906489,0.0
1914.4522880548225,0.0
1731.6998785025492,0.0
1235.7438710267484,0.0
690.4193103132766,0.0
