29660.72640263947,0.0
29656.775503184082,0.0
29274.42859740725,0.0
26879.074262160517,0.0
19853.676841678884,0.0
9825.523565450378,0.0
2878.553691317405,0.0
594.1287615161855,0.0
299.6126924300428,0.0
323.98307306878115,0.0
367.64816208441533,0.0
450.67633189407013,0.0
541.1340682410272,0.0
608.6221909761922,0.0
676.8525534909166,0.0
745.9926683281891,0.0
768.4471851283357,0.0
760.0330494357288,0.0
805.2933939958758,0.0
916.1510933165175,0.0
1018.2846841273372,0.0
1102.8568077078648,0.0
1191.9918629956398,0.0
1269.1501909863705,0.0
1330.8541995132746,0.0
1382.0751429736526,0.0
1404.188790196656,0.0
1395.1827098831016,0.0
1412.108920254251,0.0
1484.4733286256092,0.0
1548.9485548821565,0.0
1572.6153210750153,0.0
1602.0172148688102,0.0
1684.9931042527778,0.0
1798.4248001368935,0.0
1878.8630763990504,0.0
1909.1126828644185,0.0
1918.2732162237762,0.0
1915.9688646637092,0.0
1921.4147044580272,0.0
1964.9293245080098,0.0
2038.4762979138002,0.0
2125.418633066487,0.0
2201.0528939447117,0.0
2232.100584484946,0.0
2235.2735561824416,0.0
2258.768052622683,0.0
2299.480002198221,0.0
2312.684076233098,0.0
2303.6899917334126,0.0
2325.8788297206097,0.0
2385.182443537658,0.0
2435.7953862930494,0.0
2464.1834503109962,0.0
2482.0553532507724,0.0
2478.693864370379,0.0
2464.8406042076394,0.0
2469.599690011157,0.0
2513.695755965815,0.0
2587.518187849331,0.0
2608.978312236795,0.0
2554.933704968729,0.0
2519.260952373904,0.0
2550.4964017432744,0.0
2611.3389967415305,0.0
2648.0761636793345,0.0
2630.648649727,0.0
2589.048395299297,0.0
2545.6767631750163,0.0
2508.07542435635,0.0
2487.3010424911104,0.0
2501.9974190197945,0.0
2559.1314436218495,0.0
2612.354272593349,0.0
2618.9176152874084,0.0
2565.4179469263954,0.0
2497.1946828406126,0.0
2446.5743910016704,0.0
2398.1616453186466,0.0
2374.7142368783934,0.0
2383.5459170722575,0.0
2387.967750900228,0.0
2377.742438410585,0.0
2352.5041929522054,0.0
2318.1800421479425,0.0
2302.576535969677,0.0
2308.7201321536295,0.0
2295.7727204338403,0.0
2263.856128404972,0.0
2261.8452842799456,0.0
2273.2383582880448,0.0
2255.7644536470616,0.0
2214.3861348772552,0.0
2177.5128854474237,0.0
2149.480579671375,0.0
2141.780907145685,0.0
2160.5009636171635,0.0
2168.811496806667,0.0
2151.2540126534473,0.0
2104.897877074809,0.0
2011.5790522488257,0.0
1904.2299323545285,0.0
1834.9370814628455,0.0
1804.5510459816028,0.0
1796.0195671850797,0.0
1792.2824974596283,0.0
1778.9038951861835,0.0
1760.4468583253934,0.0
1757.8107550753032,0.0
1782.4649746256798,0.0
1815.3394086288224,0.0
1814.7514556440158,0.0
1786.7484778186117,0.0
1757.9301216868905,0.0
1713.9434146061533,0.0
1651.1071151956694,0.0
1618.9787830734433,0.0
1606.9457279151634,0.0
1567.1247064028207,0.0
1522.8188079736037,0.0
1498.4032293314658,0.0
1489.8646101107129,0.0
1493.5686177112273,0.0
1494.3043760744897,0.0
1483.576345262991,0.0
1485.5388646443557,0.0
1493.0576053142543,0.0
1472.473730315405,0.0
1448.4106911582714,0.0
1450.0700544452918,0.0
1455.9085979954477,0.0
1439.5682512720168,0.0
1410.1190097373635,0.0
1390.7732574289519,0.0
1393.0923429736072,0.0
1404.0871317527333,0.0
1409.225507013523,0.0
1402.0438528559825,0.0
1387.0535056117164,0.0
1379.9020025962736,0.0
1380.6911562146524,0.0
1397.0612991775008,0.0
1419.8283875533725,0.0
1434.9654200543803,0.0
1443.2550867792586,0.0
1462.2892578115134,0.0
1489.3020480950397,0.0
1493.098272734721,0.0
1498.920215599442,0.0
1541.2436595330003,0.0
1628.5527868158213,0.0
1704.52694040519,0.0
1693.7635470713285,0.0
1647.8348155632245,0.0
1665.9221847217439,0.0
1740.6872056617233,0.0
1793.8239303216626,0.0
1800.9057970838462,0.0
1793.8511104193915,0.0
1817.4310156815113,0.0
1894.1454050644907,0.0
1976.663108272902,0.0
2022.212618679403,0.0
2087.0265159387163,0.0
2185.4149117388515,0.0
2248.9107630032463,0.0
2291.4565725718094,0.0
2350.156460744529,0.0
2402.1070018368973,0.0
2453.172037029838,0.0
2498.9204561795736,0.0
2497.370973491218,0.0
2501.7018477174506,0.0
2583.651706926525,0.0
2715.388732491436,0.0
2818.8090034304355,0.0
2856.8390529239896,0.0
2871.535376729359,0.0
2898.9244403861285,0.0
2952.6842548265445,0.0
3048.717718936662,0.0
3176.6398772736366,0.0
3286.5304580411043,0.0
3337.4248960474565,0.0
3343.311839524225,0.0
3358.7444833169384,0.0
3410.1343474551936,0.0
3454.4586757917314,0.0
3499.668119559858,0.0
3587.8371000563056,0.0
3691.3062194179265,0.0
3760.511218043296,0.0
3784.949096804412,0.0
3810.8687104978985,0.0
3873.6069983133953,0.0
3964.986308692816,0.0
4052.241058836262,0.0
4121.355107850409,0.0
4173.621924532187,0.0
4216.508867530675,0.0
4294.2268057991605,0.0
4392.042449386662,0.0
4461.441567829095,0.0
4526.407221802597,0.0
4614.53327450874,0.0
4731.329435542405,0.0
4840.600618013311,0.0
4876.680286587777,0.0
4859.250528168628,0.0
4906.3651830889585,0.0
5034.8999297983,0.0
5127.001432504459,0.0
5160.6515071917465,0.0
5192.234696383484,0.0
5237.364890930192,0.0
5283.58509150665,0.0
5319.613884960251,0.0
5347.89747150731,0.0
5413.008182826252,0.0
5523.9927945272275,0.0
5595.955684559774,0.0
5598.34197366764,0.0
5610.80199964965,0.0
5659.893585298038,0.0
5688.606528659694,0.0
5706.098883809301,0.0
5753.467409481184,0.0
5807.887573238266,0.0
5859.356577921224,0.0
5933.115115894011,0.0
6001.592803485584,0.0
6009.823741496595,0.0
6010.13955853356,0.0
6053.177468292295,0.0
6074.780973773964,0.0
6041.702291019448,0.0
6036.614288063693,0.0
6119.734468453972,0.0
6222.765993538657,0.0
6278.588416448708,0.0
6303.6166897069825,0.0
6318.737883311499,0.0
6341.546812069298,0.0
6386.71807411269,0.0
6430.969068321722,0.0
6464.468924882295,0.0
6474.859837726652,0.0
6453.218336477923,0.0
6430.9526013040095,0.0
6410.373655348628,0.0
6380.732877853598,0.0
6386.1746664128195,0.0
6430.617968264079,0.0
6481.995234750934,0.0
6517.483625881978,0.0
6521.225904331777,0.0
6505.159533505932,0.0
6489.885107469151,0.0
6493.835977181749,0.0
6502.427524126591,0.0
6467.2903140587105,0.0
6419.212393962658,0.0
6426.524652672588,0.0
6449.390600936897,0.0
6450.858767840147,0.0
6440.286032366596,0.0
6420.039597669449,0.0
6423.375289530311,0.0
6457.275710658695,0.0
6459.680572730557,0.0
6393.839194078149,0.0
6302.618414287942,0.0
6240.629961381292,0.0
6216.1860805933275,0.0
6211.629728792565,0.0
6220.617925644633,0.0
6235.603690209664,0.0
6264.242184842144,0.0
6290.181410845908,0.0
6253.550504968777,0.0
6159.586727404374,0.0
6074.959852032948,0.0
6045.018447304758,0.0
6048.603267295603,0.0
6060.347819374483,0.0
6052.75233005462,0.0
6028.25379152091,0.0
5991.612776895984,0.0
5924.273191839127,0.0
5854.885032840007,0.0
5822.8967519859425,0.0
5838.946118976315,0.0
5873.70149645196,0.0
5880.073583932864,0.0
5847.021528335683,0.0
5797.333381913594,0.0
5754.159432082695,0.0
5714.556031174848,0.0
5700.47040628238,0.0
5719.724113475815,0.0
5723.010276329485,0.0
5703.370889772381,0.0
5666.899518815156,0.0
5615.55624228332,0.0
5578.628114492961,0.0
5561.751040706192,0.0
5560.2527538713375,0.0
5573.560378824406,0.0
5583.858090021401,0.0
5592.749421606867,0.0
5573.07723533788,0.0
5513.170546570096,0.0
5449.085952498983,0.0
5415.558129489106,0.0
5427.047495465183,0.0
5437.621079225648,0.0
5404.640914501454,0.0
5358.1442128475255,0.0
5345.828761230039,0.0
5370.493279808646,0.0
5384.167205399161,0.0
5357.195263351157,0.0
5323.358004257155,0.0
5331.86510933131,0.0
5398.022433374811,0.0
5469.245348680275,0.0
5478.409450666684,0.0
5418.336466183276,0.0
5365.323316848282,0.0
5379.693244524537,0.0
5409.541671163609,0.0
5413.185124120034,0.0
5411.683405174799,0.0
5424.061965975859,0.0
5439.249956925462,0.0
5429.511237006767,0.0
5431.310508427861,0.0
5493.386024815819,0.0
5569.789409070428,0.0
5614.364824662193,0.0
5650.115808628391,0.0
5672.462655802446,0.0
5666.428136804863,0.0
5663.197194977185,0.0
5689.5715607367265,0.0
5724.82657510191,0.0
5748.689404239197,0.0
5766.1178027661745,0.0
5759.1471518189655,0.0
5757.298943041343,0.0
5830.429381573064,0.0
5951.741590504289,0.0
6059.238804949249,0.0
6162.160537798157,0.0
6253.793732453383,0.0
6296.764510779519,0.0
6301.300335171672,0.0
6312.796292644958,0.0
6361.71256246508,0.0
6421.771018053314,0.0
6435.755735414942,0.0
6420.024381545347,0.0
6422.559527331827,0.0
6449.11550956394,0.0
6499.739006895049,0.0
6586.293869798633,0.0
6697.63086964458,0.0
6778.216560097818,0.0
6840.993563468015,0.0
6928.675497678634,0.0
7028.5454061606815,0.0
7103.686111580728,0.0
7133.913021230517,0.0
7137.8084708280085,0.0
7169.186763281377,0.0
7249.778034496995,0.0
7335.160493793964,0.0
7395.80946923631,0.0
7449.425389844849,0.0
7517.020051540312,0.0
7606.970460449846,0.0
7698.003876638573,0.0
7783.944061664044,0.0
7891.236383478275,0.0
8006.224219199445,0.0
8078.979801901499,0.0
8104.246515630679,0.0
8129.732633415684,0.0
8198.514839624833,0.0
8266.408785865215,0.0
8280.072964921714,0.0
8288.552710918437,0.0
8335.917597088444,0.0
8408.65787206431,0.0
8529.248795523237,0.0
8677.110913420081,0.0
8785.311987774572,0.0
8842.344472605158,0.0
8866.883641228036,0.0
8891.414602182453,0.0
8956.051692355157,0.0
9041.738126285936,0.0
9094.944335819859,0.0
9149.24614571663,0.0
9248.628485759684,0.0
9348.91162989353,0.0
9388.609780433686,0.0
9374.566997045662,0.0
9373.474226372562,0.0
9409.478015704899,0.0
9463.18609822656,0.0
9529.966775871364,0.0
9611.78221024188,0.0
9676.23076213431,0.0
9704.658979907284,0.0
9749.430722128847,0.0
9822.191106329845,0.0
9863.394637090523,0.0
9868.582526715421,0.0
9903.059275755624,0.0
9973.728820724236,0.0
10016.947198728467,0.0
10020.515500682845,0.0
10059.817061267342,0.0
10147.704513489673,0.0
10186.027136720357,0.0
10153.779260648507,0.0
10124.237463108302,0.0
10150.143843765652,0.0
10224.199534792995,0.0
10256.531225460929,0.0
10220.349162541452,0.0
10197.972313694077,0.0
10206.588500017948,0.0
10211.978912211314,0.0
10228.33624778036,0.0
10264.72017423973,0.0
10300.98458089512,0.0
10349.478485377576,0.0
10397.775466599584,0.0
10423.973292681214,0.0
10430.247302552214,0.0
10415.55808754153,0.0
10406.546779045822,0.0
10424.363131009486,0.0
10457.360387213897,0.0
10483.431601337532,0.0
10476.240465949588,0.0
10430.257637554152,0.0
10335.645082020586,0.0
10242.218808750082,0.0
10234.93933847409,0.0
10278.849117036336,0.0
10289.747100311924,0.0
10282.465373565077,0.0
10292.88625205627,0.0
10274.703508023653,0.0
10218.414366557596,0.0
10174.032392146342,0.0
10179.287057881935,0.0
10208.55612384727,0.0
10190.64807316348,0.0
10137.865174791066,0.0
10134.083232558785,0.0
10179.489208479623,0.0
10233.434868417466,0.0
10273.783179418437,0.0
10257.833016324088,0.0
10190.646237151055,0.0
10120.35743122532,0.0
10069.694570601207,0.0
10051.714660392496,0.0
10072.725642052248,0.0
10080.926714286603,0.0
10015.846983513853,0.0
9904.43958308475,0.0
9839.073137029362,0.0
9853.876769884231,0.0
9885.803741962936,0.0
9866.223415879032,0.0
9813.124320835439,0.0
9793.720258818073,0.0
9801.652710317874,0.0
9784.917551429944,0.0
9722.404753221483,0.0
9642.774087838548,0.0
9590.19708223231,0.0
9595.00127692975,0.0
9661.627627233047,0.0
9734.804912210633,0.0
9711.803278085166,0.0
9581.962538875514,0.0
9450.810676728908,0.0
9402.737140210053,0.0
9427.448142736133,0.0
9470.634208566033,0.0
9491.598699583048,0.0
9485.685352997807,0.0
9509.908062334785,0.0
9519.81032686272,0.0
9443.316318783616,0.0
9356.07631406891,0.0
9315.522313238844,0.0
9303.139024826929,0.0
9294.516317621228,0.0
9284.09686566735,0.0
9266.113846708731,0.0
9263.996137784474,0.0
9309.040756732931,0.0
9360.373172882386,0.0
9348.311517210188,0.0
9295.65071162577,0.0
9280.322417310566,0.0
9267.423867699668,0.0
9198.435189515592,0.0
9141.36809138548,0.0
9160.222571396638,0.0
9219.690134715358,0.0
9273.922722551046,0.0
9309.327318614247,0.0
9331.833304517877,0.0
9351.139062839435,0.0
9376.008531163881,0.0
9406.243620182957,0.0
9426.179064063843,0.0
9424.369682651732,0.0
9422.324474701154,0.0
9435.63580767473,0.0
9456.929375252847,0.0
9463.046379235479,0.0
9480.19302436608,0.0
9555.804055559896,0.0
9646.292969566572,0.0
9682.518824031134,0.0
9676.982025588422,0.0
9694.872549896247,0.0
9749.99525802677,0.0
9797.476023197536,0.0
9842.092584246657,0.0
9888.63956345431,0.0
9923.381044082418,0.0
9980.35904504098,0.0
10046.71299550931,0.0
10073.221651245489,0.0
10078.665387843152,0.0
10114.163384175174,0.0
10183.67616657155,0.0
10256.192255547736,0.0
10322.035309041768,0.0
10372.500124379438,0.0
10392.09540481675,0.0
10406.193697558407,0.0
10430.18167709672,0.0
10475.872891309773,0.0
10567.134507925906,0.0
10651.698781105959,0.0
10689.975403052693,0.0
10733.68208365052,0.0
10823.607106642641,0.0
10899.960834461102,0.0
10912.712342228004,0.0
10942.290077687237,0.0
11031.885530745269,0.0
11108.384211715593,0.0
11155.476409423882,0.0
11222.835906436201,0.0
11323.882781218372,0.0
11412.274191306744,0.0
11470.866054623593,0.0
11544.495074488872,0.0
11631.280448673275,0.0
11689.976396361852,0.0
11737.32329570742,0.0
11805.784475625109,0.0
11884.606439119778,0.0
11963.593354671442,0.0
12054.587131258235,0.0
12132.927485471633,0.0
12199.709028971964,0.0
12287.725108514252,0.0
12380.940410994728,0.0
12448.529583376376,0.0
12458.453258840187,0.0
12421.248116106948,0.0
12429.02074154897,0.0
12528.452117285166,0.0
12689.974901071062,0.0
12845.091181553404,0.0
12934.285490138323,0.0
12967.806208831078,0.0
12989.998604373553,0.0
13022.487472201445,0.0
13066.088704777367,0.0
13100.659377754082,0.0
13129.682972701465,0.0
13187.50703647264,0.0
13269.826801313351,0.0
13317.955350860608,0.0
13311.59263874045,0.0
13332.457669235442,0.0
13409.34573155869,0.0
13483.095468552774,0.0
13550.299064702498,0.0
13611.112413079834,0.0
13656.391827323223,0.0
13726.663940581697,0.0
13814.029806698121,0.0
13861.912991699835,0.0
13863.446584049745,0.0
13838.373043771307,0.0
13819.33776977112,0.0
13860.106008590055,0.0
13971.600925983725,0.0
14075.395137438441,0.0
14107.660337274705,0.0
14104.4579530488,0.0
14100.141999415095,0.0
14104.704720799846,0.0
14155.502544219045,0.0
14220.757136093393,0.0
14212.885736369457,0.0
14160.068632858683,0.0
14141.703573746918,0.0
14174.417424487501,0.0
14210.430859619835,0.0
14227.7954441448,0.0
14279.892758646598,0.0
14380.206354383188,0.0
14431.097999894846,0.0
14391.96345973922,0.0
14342.768184651572,0.0
14335.555077903406,0.0
14343.113192602945,0.0
14353.850952029345,0.0
14347.806506666995,0.0
14306.839862359331,0.0
14275.206584904388,0.0
14268.845421483651,0.0
14257.230478966574,0.0
14244.636771400712,0.0
14270.94970151633,0.0
14312.580272031371,0.0
14308.856553611533,0.0
14265.594227562919,0.0
14212.030013701866,0.0
14174.403031418611,0.0
14191.099089116608,0.0
14217.25196200152,0.0
14197.475316253065,0.0
14155.466069191356,0.0
14126.684906366172,0.0
14105.70646044014,0.0
14076.236539406571,0.0
14066.968436487836,0.0
14074.615082723567,0.0
14074.473123695474,0.0
14074.633299282752,0.0
14057.348957332328,0.0
13990.468151343512,0.0
13905.045602972206,0.0
13857.57423025514,0.0
13875.771267819677,0.0
13898.522293728736,0.0
13894.683339744843,0.0
13899.09185301839,0.0
13895.711277734143,0.0
13846.481786778675,0.0
13754.607970390463,0.0
13667.433610795677,0.0
13623.423579262833,0.0
13620.1455281809,0.0
13641.187809353272,0.0
13680.499236556714,0.0
13712.039980473484,0.0
13698.815850329129,0.0
13643.949908240216,0.0
13584.987646996577,0.0
13518.982940090456,0.0
13465.66507478404,0.0
13433.27249569664,0.0
13390.802067067394,0.0
13362.131686866933,0.0
13367.224624467583,0.0
13377.776796034905,0.0
13378.801759457761,0.0
13368.818915623731,0.0
13344.85083816014,0.0
13326.399375175535,0.0
13300.456499019669,0.0
13262.851450048754,0.0
13251.495655129498,0.0
13283.797149595635,0.0
13330.710568858245,0.0
13332.286092305123,0.0
13292.448604587325,0.0
13253.903451004542,0.0
13197.372620221196,0.0
13145.816602076879,0.0
13157.692569621653,0.0
13189.743082502913,0.0
13173.497167063266,0.0
13156.800090259956,0.0
13198.874347188414,0.0
13237.620837563918,0.0
13240.261946355324,0.0
13263.023434498931,0.0
13298.820608721706,0.0
13284.397073502145,0.0
13229.180232707688,0.0
13174.933421453783,0.0
13152.790249321739,0.0
13191.49461392313,0.0
13297.375623107535,0.0
13425.351348426617,0.0
13510.701292429741,0.0
13529.249692138073,0.0
13488.939623805833,0.0
13417.92118292644,0.0
13364.40740018917,0.0
13347.500242558925,0.0
13380.13065488674,0.0
13485.661240091977,0.0
13602.805102451757,0.0
13665.892494509611,0.0
13691.83943126325,0.0
13703.528426765846,0.0
13731.137818186762,0.0
13772.464453848668,0.0
13778.510008382009,0.0
13771.193691880982,0.0
13793.87645774506,0.0
13854.161265763918,0.0
13941.057144022887,0.0
14002.932932997599,0.0
14032.540468245386,0.0
14073.081822841948,0.0
14114.79907597846,0.0
14136.773067735303,0.0
14182.488435544841,0.0
14265.401986608782,0.0
14352.568821004652,0.0
14432.938287048431,0.0
14505.309477862385,0.0
14555.119016680663,0.0
14550.53556888862,0.0
14539.726287038613,0.0
14620.495846292966,0.0
14753.805914720744,0.0
14822.948925539258,0.0
14836.66943833687,0.0
14889.6468180211,0.0
14995.415787793907,0.0
15114.946445615986,0.0
15225.033111909957,0.0
15262.84993226094,0.0
15234.478261452787,0.0
15240.733675798996,0.0
15311.980185346916,0.0
15389.503688197721,0.0
15443.992861903083,0.0
15548.140499107642,0.0
15711.01754387647,0.0
15823.752890715534,0.0
15856.904511373383,0.0
15876.42497597472,0.0
15926.452541462639,0.0
15980.677591221636,0.0
16029.802129025735,0.0
16118.04835535786,0.0
16246.295636101117,0.0
16365.356278653691,0.0
16440.99454713309,0.0
16473.890640493228,0.0
16472.181423198857,0.0
16470.43891582606,0.0
16507.456644615715,0.0
16600.555965707907,0.0
16734.80335285585,0.0
16830.559648908154,0.0
16859.961836787188,0.0
16897.906368411674,0.0
16972.140207708948,0.0
17036.171451956187,0.0
17090.826011570683,0.0
17149.51680466647,0.0
17201.603873381093,0.0
17249.38996675135,0.0
17296.25004407783,0.0
17352.897460706175,0.0
17395.369569703387,0.0
17422.708209323337,0.0
17475.833321910013,0.0
17540.524567397777,0.0
17584.505303501075,0.0
17621.515003786273,0.0
17689.724602936913,0.0
17768.645700173725,0.0
17813.296566780304,0.0
17823.42334508843,0.0
17812.285161656986,0.0
17805.668347353316,0.0
17807.47061106749,0.0
17804.26139800148,0.0
17838.448275117393,0.0
17906.18757840629,0.0
17939.512678784202,0.0
17976.087335165295,0.0
18046.298499935023,0.0
18086.545234837417,0.0
18094.058409156813,0.0
18116.188042783877,0.0
18164.98532568036,0.0
18209.03126580079,0.0
18203.89499159644,0.0
18186.604240898778,0.0
18220.101399364783,0.0
18254.71741531843,0.0
18225.80033910372,0.0
18194.765062310646,0.0
18251.508554763135,0.0
18322.857266493436,0.0
18290.624685958403,0.0
18203.078549261845,0.0
18184.121176585424,0.0
18238.8770508803,0.0
18293.960620258273,0.0
18318.613405354776,0.0
18311.599524740937,0.0
18289.821191512816,0.0
18267.71858928904,0.0
18247.55525982153,0.0
18249.092965165153,0.0
18251.76585653574,0.0
18214.43237508824,0.0
18190.880252900126,0.0
18221.88248384218,0.0
18260.016533490296,0.0
18240.16541622157,0.0
18191.668455488278,0.0
18191.58360969282,0.0
18228.293650896187,0.0
18217.715190200226,0.0
18126.23529666646,0.0
18032.328685536082,0.0
18011.980924536583,0.0
18026.301141927244,0.0
18034.696008771156,0.0
18038.655671160708,0.0
17992.729821330253,0.0
17933.535703901176,0.0
17917.112296721043,0.0
17899.02644852903,0.0
17833.75037029841,0.0
17773.592239717258,0.0
17775.43115454393,0.0
17784.75977408783,0.0
17731.095139589088,0.0
17627.12118355929,0.0
17553.4870485424,0.0
17541.17675901782,0.0
17537.280925341052,0.0
17519.342087623685,0.0
17507.21414149968,0.0
17514.028579341597,0.0
17537.98390142587,0.0
17555.738136514952,0.0
17528.093260485624,0.0
17470.030095728085,0.0
17446.492210298475,0.0
17461.818278771898,0.0
17449.178819679728,0.0
17376.681699862165,0.0
17313.247038024892,0.0
17319.286219476326,0.0
17361.743186557283,0.0
17377.144978467106,0.0
17329.11028803209,0.0
17256.17265735007,0.0
17214.791862352857,0.0
17212.354447624177,0.0
17231.40181116703,0.0
17252.23523814881,0.0
17253.327291241192,0.0
17218.3101275939,0.0
17169.380668068065,0.0
17152.795149325157,0.0
17171.00787386956,0.0
17192.248721926895,0.0
17221.40418088982,0.0
17255.420195004815,0.0
17252.59175056933,0.0
17221.42045792904,0.0
17199.015052743653,0.0
17180.65478417935,1.0
17201.02309237195,0.0
17501.108575419523,0.0
19090.836897156925,0.0
22758.506459475644,0.0
25153.056265405143,0.0
22755.159850316086,0.0
19100.177208619025,0.0
17532.646687245397,0.0
17240.076137815413,0.0
17187.818775658947,0.0
17182.97519068539,0.0
17226.61090148416,0.0
17292.607016685746,0.0
17336.587657351003,0.0
17359.872273297104,0.0
17391.02367081025,0.0
17433.049412507047,0.0
17489.48743728517,0.0
17537.787628409493,0.0
17554.200030541822,0.0
17555.9300233364,0.0
17568.40686438695,0.0
17586.619288940405,0.0
17634.158483024166,0.0
17731.928312640637,0.0
17812.428136116567,0.0
17837.403911231322,0.0
17871.236952041854,0.0
17943.68161300567,0.0
18035.19350500401,0.0
18129.600656086433,0.0
18203.345790238734,0.0
18233.667383943663,0.0
18211.895234766347,0.0
18192.883653530134,0.0
18213.794918351774,0.0
18248.250429832766,0.0
18308.463133595353,0.0
18413.145633857323,0.0
18525.586288883926,0.0
18612.571077149572,0.0
18676.211688743988,0.0
18703.232804185554,0.0
18696.021269044948,0.0
18738.576766237948,0.0
18874.953753753372,0.0
18990.16314295154,0.0
19002.714929227368,0.0
18991.48772300597,0.0
19032.361582140653,0.0
19118.645364854416,0.0
19233.15606881084,0.0
19347.85081020708,0.0
19424.037970935613,0.0
19463.207704167762,0.0
19523.551685549563,0.0
19642.84196657418,0.0
19770.333197127624,0.0
19836.748698659005,0.0
19857.748293690154,0.0
19904.720291893715,0.0
19971.96603978051,0.0
20025.590311272368,0.0
20077.53132800779,0.0
20132.191072764126,0.0
20194.6259198554,0.0
20276.28342616107,0.0
20351.92558777193,0.0
20379.179629886443,0.0
20364.12488796496,0.0
20371.454671256906,0.0
20438.7670605164,0.0
20524.202186764775,0.0
20616.899272825198,0.0
20710.90683417949,0.0
20761.059252377356,0.0
20814.023600544548,0.0
20882.982168207465,0.0
20938.263791314683,0.0
21013.267634263884,0.0
21100.993889695936,0.0
21174.574309130923,0.0
21208.43505507236,0.0
21192.386241518976,0.0
21163.120185339798,0.0
21181.00298178072,0.0
21288.97533146061,0.0
21442.784561373635,0.0
21573.611839598976,0.0
21647.551175472105,0.0
21664.775953167722,0.0
21667.83269606827,0.0
21683.046266752684,0.0
21721.228352421567,0.0
21777.68165061362,0.0
21814.53666091049,0.0
21820.717514088203,0.0
21835.09599079232,0.0
21889.090737070677,0.0
21951.477014480417,0.0
21972.844474701775,0.0
21966.018998010924,0.0
21989.234994242728,0.0
22051.17798985219,0.0
22094.72967231501,0.0
22087.296077288127,0.0
22056.72837916814,0.0
22035.905872324678,0.0
22030.04465422186,0.0
22048.68131548247,0.0
22116.929745566813,0.0
22198.92390963813,0.0
22220.548214892955,0.0
22193.982526162374,0.0
22175.05520213459,0.0
22157.748513551705,0.0
22140.61420460236,0.0
22128.064823839075,0.0
22110.736131681948,0.0
22131.611427756307,0.0
22176.130603346435,0.0
22173.714802160135,0.0
22126.457060146346,0.0
22083.66962856973,0.0
22091.137000945047,0.0
22129.098325830724,0.0
22131.729061918366,0.0
22093.410923437572,0.0
22071.653685773115,0.0
22111.983749797295,0.0
22169.387094803125,0.0
22180.670917116546,0.0
22173.08439366797,0.0
22163.54635187443,0.0
22125.595082575444,0.0
22050.32501704604,0.0
21975.865367999428,0.0
21950.777847132566,0.0
21951.20542824935,0.0
21938.464941039412,0.0
21921.014169379472,0.0
21891.863031755885,0.0
21855.10317186219,0.0
21838.102971806376,0.0
21852.584003806278,0.0
21869.23022944894,0.0
21856.019292024655,0.0
21839.148640957923,0.0
21844.441467866287,0.0
21832.3248173965,0.0
21780.5659204276,0.0
21719.093133214876,0.0
21653.512019754442,0.0
21600.38689844672,0.0
21610.629006657313,0.0
21658.76707776524,0.0
21661.38746140403,0.0
21614.08417615208,0.0
21561.53117527155,0.0
21520.599325027215,0.0
21483.20927349338,0.0
21445.994657931555,0.0
21419.149157026004,0.0
21429.665046380986,0.0
21459.391642075207,0.0
21439.2155631656,0.0
21387.69011244025,0.0
21353.243421558473,0.0
21331.239004276085,0.0
21294.637785471437,0.0
21221.32214285511,0.0
21184.606168325663,0.0
21220.817551907556,0.0
21218.076745349554,0.0
21131.133991658004,0.0
21041.051408005016,0.0
21005.814949054533,0.0
21003.893347875506,0.0
21008.28991736317,0.0
21042.595124303214,0.0
21095.714099996174,0.0
21112.44456473227,0.0
21094.545778476673,0.0
21099.9746819382,0.0
21132.202563619514,0.0
21122.669122337997,0.0
21042.13671263021,0.0
20970.718324637677,0.0
20985.197410622073,0.0
21059.330692256408,0.0
21120.17334536741,0.0
21145.141138571955,0.0
21150.93794726063,0.0
21156.375519505546,0.0
21159.26755301127,0.0
21160.172702771804,0.0
21180.779724985525,0.0
21215.407826021,0.0
21240.010807261897,0.0
21271.97736231098,0.0
21323.507272344414,0.0
21365.151358669413,0.0
21360.546164510288,0.0
21332.736784923047,0.0
21318.619873183656,0.0
21319.094251445287,0.0
21365.66374137727,0.0
21461.079197778017,0.0
21515.314900331807,0.0
21519.60560756204,0.0
21536.311959044033,0.0
21565.636816295293,0.0
21610.805518570185,0.0
21673.83413375968,0.0
21717.74008220986,0.0
21744.440647974792,0.0
21757.93940213682,0.0
21762.464567203035,0.0
21803.011096824823,0.0
21891.57471730942,0.0
21984.062562018553,0.0
22056.007733987597,0.0
22115.370006935213,0.0
22157.431850321325,0.0
22176.841708409134,0.0
22201.010082604207,0.0
22249.540438962136,0.0
22297.62784619456,0.0
22341.654391572298,0.0
22383.615303037757,0.0
22431.887101043743,0.0
22503.515515208255,0.0
22576.845608845997,0.0
22648.487171243505,0.0
22737.36327691154,0.0
22811.150057844967,0.0
22835.81053116445,0.0
22842.573564262504,0.0
22879.48283976038,0.0
22981.10143448586,0.0
23118.963448400486,0.0
23216.349255629182,0.0
23242.98252106828,0.0
23263.659708417923,0.0
23341.460243787405,0.0
23461.681837178123,0.0
23551.42176947158,0.0
23600.913586391987,0.0
23677.904389126717,0.0
23773.47288197266,0.0
23845.461601001527,0.0
23907.260561573967,0.0
23959.219324795642,0.0
24023.876089329406,0.0
24118.841332916814,0.0
24182.916424873543,0.0
24200.23465467218,0.0
24235.162516756853,0.0
24315.078060908672,0.0
24387.594309990414,0.0
24413.55511109797,0.0
24450.94616328567,0.0
24543.729271257464,0.0
24629.446712557943,0.0
24670.319029452487,0.0
24708.408035957975,0.0
24772.005662388743,0.0
24855.388488167508,0.0
24929.15403018021,0.0
24978.24190058427,0.0
25022.97610018064,0.0
25093.983567173953,0.0
25174.017016503396,0.0
25203.217229280526,0.0
25170.288970711783,0.0
25155.41599653428,0.0
25238.08850955072,0.0
25353.734021429256,0.0
25408.010224667363,0.0
25430.835988685063,0.0
25476.625387538726,0.0
25540.83700823376,0.0
25621.122020215316,0.0
25723.00203261356,0.0
25814.45060924476,0.0
25860.77885129524,0.0
25865.384096752,0.0
25854.989685172393,0.0
25850.49313798,0.0
25867.089389374272,0.0
25931.090779793158,0.0
25995.07102006669,0.0
25993.250084022828,0.0
25972.828924550984,0.0
26006.495264961915,0.0
26089.415197551127,0.0
26146.798183404837,0.0
26144.7322364799,0.0
26141.63872068205,0.0
26152.749725736427,0.0
26145.245186660974,0.0
26127.68953289675,0.0
26104.411200945215,0.0
26095.204111800285,0.0
26092.985842008897,0.0
26075.57949657391,0.0
26077.984715822706,0.0
26087.432261467675,0.0
26063.441392942354,0.0
26030.968577170104,0.0
26033.780926786967,0.0
26072.244424887314,0.0
26086.136249034833,0.0
26038.045878233585,0.0
26025.829668967515,0.0
26089.699672038107,0.0
26131.08583609492,0.0
26117.287062051066,0.0
26109.02869402078,0.0
26119.023492010423,0.0
26098.59850476799,0.0
26060.9532902239,0.0
26052.16065669888,0.0
26044.89333546884,0.0
26040.2520270815,0.0
26057.46055720054,0.0
26060.323843220966,0.0
26024.221023215243,0.0
25973.161280365137,0.0
25935.536767180307,0.0
25905.978916786582,0.0
25893.575143548493,0.0
25890.53860684343,0.0
25857.251776453937,0.0
25813.21653476409,0.0
25781.41846554611,0.0
25742.288673928713,0.0
25713.728567752027,0.0
25733.271576827523,0.0
25747.56030106987,0.0
25695.81185701908,0.0
25635.843824616306,0.0
25605.10168259011,0.0
25560.029970636428,0.0
25497.820771843628,0.0
25470.170563740943,0.0
25480.17691618191,0.0
25474.532404702382,0.0
25429.27015484083,0.0
25360.50054129818,0.0
25326.76478830977,0.0
25357.379734466995,0.0
25358.161552290214,0.0
25270.446000632022,0.0
25184.875779664824,0.0
25171.384164503346,0.0
25213.755997729655,0.0
25243.445585550897,0.0
25209.361527975027,0.0
25146.511725847544,0.0
25121.486854098548,0.0
25165.13344507154,0.0
25239.60168102118,0.0
25266.471701998547,0.0
25203.040844967763,0.0
25107.498634180112,0.0
25067.145191754073,0.0
25072.493634322516,0.0
25063.371359211633,0.0
25022.489428805016,0.0
24974.71073861572,0.0
24947.64651167358,0.0
24935.27944742438,0.0
24933.268674899307,0.0
24949.630167909214,0.0
24982.675680991746,0.0
25017.691368087602,0.0
25028.76537175347,0.0
25021.224307127377,0.0
25050.420659231244,0.0
25118.763998257808,0.0
25164.01429283404,0.0
25174.12464873269,0.0
25166.85238629908,0.0
25171.693673049358,0.0
25210.20893779533,0.0
25229.860122249,0.0
25213.978836747814,0.0
25195.893390880206,0.0
25176.796595337735,0.0
25159.56693798063,0.0
25192.143104768853,0.0
25303.702745495073,0.0
25418.3468284828,0.0
25447.029820129355,0.0
25409.65867786354,0.0
25394.188718380974,0.0
25440.94164160101,0.0
25516.70790263102,0.0
25569.64889200477,0.0
25591.765516789434,0.0
25606.8758741084,0.0
25635.20159986416,0.0
25707.623013323617,0.0
25816.41126432456,0.0
25873.71386917108,0.0
25836.890976397637,0.0
25802.61164569845,0.0
25831.79682208303,0.0
25894.109143576286,0.0
25969.140116429644,0.0
26037.15675871695,0.0
26066.711956445175,0.0
26071.062786274993,0.0
26123.931271749047,0.0
26215.806420382884,0.0
26257.408333218653,0.0
26258.199048198723,0.0
26293.43300923189,0.0
26381.497085319166,0.0
26484.304708409454,0.0
26579.42724448802,0.0
26665.411686885833,0.0
26723.440481124133,0.0
26761.230318622915,0.0
26802.08010047507,0.0
26859.58655017745,0.0
26936.666485191203,0.0
27006.804794493448,0.0
27065.85151271212,0.0
27140.948014702164,0.0
27217.104245362752,0.0
27274.228761228864,0.0
27307.478474435135,0.0
27348.97986434834,0.0
27428.202640416923,0.0
27519.772956086388,0.0
27581.709361679917,0.0
27594.31718051707,0.0
27611.108340641847,0.0
27679.11616829189,0.0
27769.783583697616,0.0
27854.959520678218,0.0
27934.69913340235,0.0
28011.146243483014,0.0
28088.949518078476,0.0
28161.79188069293,0.0
28234.94277412243,0.0
28317.456430868504,0.0
28373.732751463573,0.0
28389.19747342383,0.0
28413.424493745177,0.0
28494.686107797163,0.0
28619.79211909498,0.0
28753.740326319552,0.0
28848.443486430926,0.0
28866.059742123154,0.0
28844.455758680615,0.0
28856.366205234182,0.0
28897.374360788723,0.0
28937.851314715022,0.0
29010.017573505163,0.0
29118.077016399522,0.0
29200.18120468496,0.0
29228.864831837087,0.0
29232.396823012903,0.0
29248.471742369322,0.0
29286.403596398934,0.0
29346.47772809752,0.0
29403.773016839532,0.0
29426.88953341943,0.0
29431.93211531095,0.0
29450.334139968763,0.0
29507.858674889278,0.0
29609.97547541705,0.0
29692.164430613502,0.0
29693.4394004541,0.0
29668.302886348632,0.0
29689.22418895701,0.0
29751.676240715573,0.0
29815.977228855478,0.0
29868.449581669083,0.0
29920.606539294702,0.0
29978.898703272615,0.0
30025.54226930486,0.0
30048.408130380754,0.0
30057.82817055025,0.0
30063.804507692053,0.0
30064.787436777227,0.0
30055.59754782647,0.0
30021.973131784212,0.0
29977.357116068153,0.0
29956.32155242986,0.0
29973.155928230302,0.0
30016.634610808367,0.0
30054.53332871696,0.0
30054.540885259987,0.0
30040.16045695316,0.0
30059.29348225626,0.0
30084.34379334146,0.0
30055.424873333806,0.0
30012.58078153987,0.0
30019.60457371705,0.0
30058.13743474458,0.0
30075.940334004972,0.0
30054.214155380512,0.0
30018.04826729748,0.0
30004.554282197718,0.0
30022.549777183125,0.0
30046.020427831598,0.0
30062.940631894722,0.0
30050.71704332176,0.0
29989.238675664248,0.0
29910.486092380037,0.0
29851.49889332134,0.0
29819.85477387764,0.0
29804.77046116982,0.0
29775.095047177412,0.0
29717.637854467328,0.0
29690.173636389554,0.0
29728.148828589834,0.0
29770.635989873543,0.0
29759.788389384536,0.0
29725.663315968843,0.0
29698.64681479462,0.0
29668.446755736684,0.0
29649.818097504565,0.0
