19416.125601386157,0.0
19327.8270293124,0.0
19061.209027312772,0.0
17524.862150238223,0.0
12973.039302641408,0.0
6465.316312653558,0.0
1967.5634502720163,0.0
504.32285798517773,0.0
319.32787151301454,0.0
334.0944078484675,0.0
364.42011685636515,0.0
432.3093880204934,0.0
538.3094713056564,0.0
661.6184906997076,0.0
765.2365597638781,0.0
813.3742254741755,0.0
832.2803812076722,0.0
874.3544243487053,0.0
946.4498732762779,0.0
1024.0702114355097,0.0
1095.679183522683,0.0
1159.7072550346757,0.0
1216.8030003410156,0.0
1269.6391654533584,0.0
1321.9579849545296,0.0
1387.6595210693654,0.0
1460.8973653624635,0.0
1525.0137288198055,0.0
1576.5801468816676,0.0
1620.8522434318422,0.0
1663.4735119279853,0.0
1688.6305482296298,0.0
1690.6344427613772,0.0
1703.0950333689775,0.0
1738.6141287186454,0.0
1770.9757588452583,0.0
1791.1680303405608,0.0
1813.3381620369175,0.0
1850.7996246510138,0.0
1900.0480672523536,0.0
1934.3371886206635,0.0
1938.094694311005,0.0
1931.5407590440893,0.0
1934.7903303380024,0.0
1943.9330942553968,0.0
1945.9414442141813,0.0
1918.3646610334083,0.0
1866.8550795479543,0.0
1818.4646357121333,0.0
1783.9873942584904,0.0
1766.956098250507,0.0
1777.1175345114234,0.0
1800.7568562350307,0.0
1795.4143687308083,0.0
1759.1439075927726,0.0
1726.4778352643682,0.0
1710.793913553486,0.0
1685.7732206233838,0.0
1630.3654663498053,0.0
1577.7574433384123,0.0
1541.789494070575,0.0
1491.841830873609,0.0
1410.8467000192165,0.0
1331.2846293655334,0.0
1294.4627236240185,0.0
1279.5598771079235,0.0
1242.0019968840945,0.0
1185.3749268865547,0.0
1132.3909902380562,0.0
1083.5985690725793,0.0
1032.4809255678515,0.0
984.9620020305821,0.0
951.1189105756903,0.0
915.2024597770547,0.0
865.9652602057753,0.0
810.9201092119531,0.0
752.6169522732662,0.0
697.7252022234748,0.0
661.5230048399305,0.0
636.8691850288265,0.0
596.2507378595939,0.0
529.0182728931543,0.0
448.44021234923775,0.0
372.036377423262,0.0
322.3465121319857,0.0
313.03508248552134,0.0
315.2813800781566,0.0
285.1401170177802,0.0
226.81066306747093,0.0
177.04862114968066,0.0
153.267188348956,0.0
141.8650013892587,0.0
129.47495635667644,0.0
118.9061519275329,0.0
100.20827892443636,0.0
60.537445515605505,0.0
10.18411052129412,0.0
-24.138298811879846,0.0
-33.35231090787603,0.0
-28.31479237517441,0.0
-24.337977551067606,0.0
-15.612896547548955,0.0
0.31390201504612114,0.0
9.291477044996533,0.0
9.107898129249518,0.0
-5.514192710456634,0.0
-27.002917923307574,0.0
-30.22178904666551,0.0
-15.40039134215316,0.0
7.267556047300795,0.0
38.70443636117825,0.0
80.88418510245174,0.0
131.70127271573946,0.0
176.0739984951256,0.0
204.90273060611466,0.0
215.1852795743814,0.0
232.73667111429776,0.0
272.87776138097735,0.0
315.1515632971055,0.0
362.0783669531355,0.0
422.62092165080435,0.0
484.5717323666161,0.0
552.8728224808812,0.0
621.5766150533796,0.0
678.25325450523,0.0
728.4301253523164,0.0
773.9842868656207,0.0
817.9789040063807,0.0
882.0539084160251,0.0
984.6010692354178,0.0
1105.3261123140028,0.0
1190.8933236944972,0.0
1231.2967129526453,0.0
1278.476798409484,0.0
1366.5235240008346,0.0
1462.449000589351,0.0
1535.2143851336593,0.0
1597.8667974808682,0.0
1663.076971070487,0.0
1728.221593941761,0.0
1783.0019833136835,0.0
1840.3457634009378,0.0
1915.4935903364826,0.0
2005.3771290194668,0.0
2108.2216627414664,0.0
2210.9559828340907,0.0
2288.0710768686586,0.0
2340.3126022842266,0.0
2390.264094488509,0.0
2453.0390408983462,0.0
2526.6616521536635,0.0
2608.3933709281896,0.0
2698.1521369950347,0.0
2782.8520786602953,0.0
2858.5539758920604,0.0
2927.6236919804933,0.0
2992.488149097852,0.0
3081.281679792048,0.0
3174.3756677193696,0.0
3219.8142968022025,0.0
3234.071599997466,0.0
3266.5219437441533,0.0
3321.1840290352866,0.0
3370.5734663397207,0.0
3413.480749557013,0.0
3466.7994959291004,0.0
3541.5203026011695,0.0
3621.366549526514,0.0
3663.093632658595,0.0
3665.334434029982,0.0
3658.9991207229305,0.0
3662.596728852449,0.0
3673.847770637522,0.0
3681.8632655983856,0.0
3700.494162927593,0.0
3721.460180626144,0.0
3715.318784675443,0.0
3699.361487914889,0.0
3693.456139924962,0.0
3696.531176208366,0.0
3695.459036540287,0.0
3681.904807101986,0.0
3668.3444860799787,0.0
3653.108075542519,0.0
3638.9202769557437,0.0
3633.65903873456,0.0
3628.6071104559765,0.0
3626.6971133509483,0.0
3625.5733584679524,0.0
3603.315753822219,0.0
3560.0789624040203,0.0
3512.2864776498004,0.0
3472.938972327809,0.0
3451.8523874202774,0.0
3433.589822129105,0.0
3402.65452248838,0.0
3372.3790993937623,0.0
3336.769987621117,0.0
3288.4999077610228,0.0
3246.734806366434,0.0
3192.1479899723736,0.0
3112.5426070761537,0.0
3040.2655766276453,0.0
2979.3063748360178,0.0
2917.049526015682,0.0
2864.1128871665096,0.0
2839.1979724208627,0.0
2829.50273448669,0.0
2804.2867225562372,0.0
2761.5924966047164,0.0
2704.054857542243,0.0
2635.1188997532654,0.0
2569.445975234306,0.0
2507.9068712040557,0.0
2456.3073287354555,0.0
2410.5866763911367,0.0
2350.3686840375844,0.0
2293.616907199182,0.0
2271.143551281668,0.0
2257.1775433227235,0.0
2205.242170113174,0.0
2134.888235508317,0.0
2090.429530233156,0.0
2056.511554059117,0.0
2021.5675045648422,0.0
1997.272503026294,0.0
1969.7236906775809,0.0
1942.5996512047093,0.0
1923.8706983238444,0.0
1893.4443643134814,0.0
1845.0202082183034,0.0
1811.141271064131,0.0
1811.1558203997683,0.0
1833.3263765885688,0.0
1832.731309104852,0.0
1798.5611147363647,0.0
1783.5212279844468,0.0
1799.8610279001086,0.0
1812.0425066066432,0.0
1814.087526274867,0.0
1832.5626355821455,0.0
1848.6414970340984,0.0
1837.0815108360657,0.0
1829.3264518934895,0.0
1848.9334328387458,0.0
1879.6093833681493,0.0
1914.2077676189508,0.0
1942.554003406619,0.0
1934.658939400614,0.0
1928.0832853014895,0.0
1983.3127011580536,0.0
2061.4928782035668,0.0
2109.021717669978,0.0
2144.2253605737797,0.0
2182.5335308721587,0.0
2234.285089885289,0.0
2317.142603104068,0.0
2414.8443273506223,0.0
2496.458209264595,0.0
2545.0193034965387,0.0
2577.639877114529,0.0
2621.6858192609557,0.0
2675.4944752403385,0.0
2734.411572495693,0.0
2809.4919744439358,0.0
2890.546582474722,0.0
2961.3187625239675,0.0
3039.871593225312,0.0
3143.0214182704685,0.0
3240.377105573581,0.0
3292.9365167418327,0.0
3308.938196869536,0.0
3342.8819570263713,0.0
3419.125100900651,0.0
3531.0780766083967,0.0
3653.7363742343678,0.0
3744.961411665482,0.0
3793.6975372516677,0.0
3846.3692794734243,0.0
3936.1293377703373,0.0
4042.0175596664967,0.0
4136.726825734523,0.0
4206.189257569136,0.0
4250.234851629472,0.0
4304.2952485018695,0.0
4383.968201171416,0.0
4468.767400651809,0.0
4557.8638695729305,0.0
4646.98254599475,0.0
4727.62131974867,0.0
4786.433077976861,0.0
4814.31455300684,0.0
4846.497018336261,0.0
4911.177018070772,0.0
4993.2781421597865,0.0
5069.228065315026,0.0
5111.312511158693,0.0
5128.688180671022,0.0
5169.522743259558,0.0
5231.190951216335,0.0
5280.706440573122,0.0
5318.773083523595,0.0
5361.253957068209,0.0
5400.525095571505,0.0
5433.277992203661,0.0
5475.924965333896,0.0
5526.864722071831,0.0
5563.388327020479,0.0
5566.730418835176,0.0
5536.547402451947,0.0
5512.065548080463,0.0
5520.575870186417,0.0
5538.321841143591,0.0
5537.321576028515,0.0
5516.681461390038,0.0
5495.044201808669,0.0
5491.140297304464,0.0
5507.136732927059,0.0
5534.315674857024,0.0
5554.753157883077,0.0
5550.240194211367,0.0
5520.546248065978,0.0
5477.422071050882,0.0
5423.968769547864,0.0
5381.422323955961,0.0
5357.6337802118105,0.0
5326.293765046462,0.0
5291.939181999925,0.0
5282.838164597358,0.0
5292.5373854279715,0.0
5278.688251446189,0.0
5217.304926337367,0.0
5131.505018096521,0.0
5069.275367353498,0.0
5048.751634940245,0.0
5034.647704096022,0.0
4993.004579239732,0.0
4927.432945265709,0.0
4855.703080989644,0.0
4794.815137100926,0.0
4749.592421094624,0.0
4702.544418299449,0.0
4642.091623517298,0.0
4571.766500422463,0.0
4509.202133780666,0.0
4472.555602577801,0.0
4445.595631502464,0.0
4402.4526562690235,0.0
4352.211703420888,0.0
4313.736133828288,0.0
4277.20610059644,0.0
4224.109634302289,0.0
4161.74479467569,0.0
4099.179013144496,0.0
4048.7635528914616,0.0
4025.010558274411,0.0
4001.9505996888793,0.0
3946.658217922618,0.0
3885.7842262100326,0.0
3856.875240080043,0.0
3842.4113561056206,0.0
3819.0450951654057,0.0
3784.602489044584,0.0
3741.2146822202353,0.0
3711.568146563038,0.0
3707.2789560817478,0.0
3707.417057255185,0.0
3700.8888526852684,0.0
3679.533359843948,0.0
3635.480007962889,0.0
3592.6147268048603,0.0
3572.25312476953,0.0
3570.2158389537017,0.0
3587.1857138420137,0.0
3601.141460360863,0.0
3599.7834409334314,0.0
3608.451580633957,0.0
3632.466893759743,0.0
3670.270955478601,0.0
3715.715758242491,0.0
3747.6879021410455,0.0
3751.9168311783924,0.0
3738.789243880021,0.0
3743.7107006793185,0.0
3776.629008633264,0.0
3815.2275873348917,0.0
3847.9144367978947,0.0
3889.2644355381453,0.0
3955.091433440098,0.0
4040.158960549731,0.0
4127.437967921144,0.0
4210.169106435672,0.0
4273.213998424368,0.0
4319.531977464491,0.0
4388.974677934663,0.0
4462.1467826872595,0.0
4490.321043111308,0.0
4496.162795863137,0.0
4518.431580492079,0.0
4558.551722493425,0.0
4611.431702690318,0.0
4691.301763795203,0.0
4797.809936466149,0.0
4899.93494830074,0.0
4973.883365294851,0.0
5029.922687283317,0.0
5105.376582943774,0.0
5215.663276095364,0.0
5322.874865942096,0.0
5390.7114854954825,0.0
5442.583229981038,0.0
5533.1187122938145,0.0
5647.169719617889,0.0
5742.3589538195165,0.0
5820.645990980535,0.0
5887.286158652416,0.0
5944.936936770038,0.0
5992.640083716899,0.0
6043.076659386341,0.0
6130.371680408012,0.0
6244.575941717287,0.0
6343.724605772155,0.0
6413.945072446854,0.0
6473.192260514654,0.0
6526.931376968296,0.0
6564.884662698634,0.0
6605.428957849245,0.0
6668.932027117763,0.0
6741.80916067807,0.0
6809.210373835337,0.0
6877.431573200985,0.0
6949.387001940906,0.0
6994.911876783923,0.0
7011.467288804615,0.0
7035.921957964318,0.0
7062.885294580974,0.0
7082.630775423574,0.0
7115.453073152875,0.0
7169.685504639416,0.0
7221.759560219144,0.0
7265.503970635905,0.0
7295.553863961305,0.0
7289.5345231864285,0.0
7294.577234594786,0.0
7362.14049943974,0.0
7445.406424504446,0.0
7481.388467905146,0.0
7473.613949796799,0.0
7447.623632037311,0.0
7409.069541729722,0.0
7356.417102053158,0.0
7302.4646749246285,0.0
7269.674644484257,0.0
7261.728592053343,0.0
7268.34525085142,0.0
7286.0377064060895,0.0
7289.657208442234,0.0
7254.688620319171,0.0
7206.574797216361,0.0
7175.771634775484,0.0
7164.6370518533095,0.0
7154.673339480177,0.0
7132.747282739915,0.0
7121.859752351471,0.0
7125.771408784354,0.0
7113.39650174276,0.0
7058.166393059803,0.0
6981.498513636005,0.0
6924.679828602156,0.0
6882.991534889197,0.0
6849.839407031069,0.0
6814.067438875641,0.0
6761.70836463788,0.0
6705.11535193842,0.0
6650.838137559085,0.0
6606.133036512286,0.0
6564.504295709593,0.0
6508.467587961418,0.0
6455.290206523134,0.0
6413.397345302777,0.0
6360.523156058803,0.0
6298.22555380261,0.0
6236.038342898781,0.0
6157.176131538102,0.0
6070.362891198362,0.0
6012.795055270743,0.0
5994.036939827042,0.0
5979.755905571959,0.0
5957.141752123726,0.0
5935.085680069714,0.0
5902.760075749406,0.0
5860.215744805396,0.0
5806.199230154754,0.0
5745.537923844358,0.0
5705.8859080037555,0.0
5671.61617641251,0.0
5625.33649935579,0.0
5588.852271406629,0.0
5565.075042220731,0.0
5543.525800529091,0.0
5522.407898799189,0.0
5500.236190430513,0.0
5484.647423518051,0.0
5474.57727217423,0.0
5459.6187913660915,0.0
5457.747414182393,0.0
5473.709306742789,0.0
5470.110373325257,0.0
5447.026519417569,0.0
5450.231715396234,0.0
5481.884817514249,0.0
5526.299965359659,0.0
5563.260723076321,0.0
5558.125824075388,0.0
5532.239259041307,0.0
5541.561791707996,0.0
5588.1877612784565,0.0
5629.2120186804395,0.0
5645.805782022593,0.0
5660.852475018232,0.0
5698.17808057351,0.0
5750.5450754350195,0.0
5791.37384254811,0.0
5808.714323391255,0.0
5824.823246265156,0.0
5855.560281327373,0.0
5907.898611971806,0.0
5976.981070974077,0.0
6049.087848829539,0.0
6129.595202127371,0.0
6214.753463160159,0.0
6282.916345773146,0.0
6328.515571544423,0.0
6361.911291428194,0.0
6409.404171159605,0.0
6487.398903376896,0.0
6580.54282386036,0.0
6664.052867856038,0.0
6732.500198170724,0.0
6779.538630636275,0.0
6815.695445876229,0.0
6872.272117838087,0.0
6963.778694381088,0.0
7053.319536423455,0.0
7127.513707658599,0.0
7209.316828900904,0.0
7291.798449840666,0.0
7375.770800708373,0.0
7466.829970062393,0.0
7551.781003987579,0.0
7640.134460843073,0.0
7731.580019445529,0.0
7817.639186338937,0.0
7905.994348477724,0.0
7991.817335621755,0.0
8056.348937252277,0.0
8097.029089450052,0.0
8149.377913782066,0.0
8226.781257198649,0.0
8304.73202642596,0.0
8379.91814966943,0.0
8457.444979753987,0.0
8527.537748819941,0.0
8591.829237175749,0.0
8660.16011457339,0.0
8728.865922734976,0.0
8792.05026575746,0.0
8845.865180984965,0.0
8878.762720023076,0.0
8888.024940926527,0.0
8893.972790167982,0.0
8916.651272768568,0.0
8957.509503544648,0.0
9006.299841963917,0.0
9051.349695442714,0.0
9077.85272543669,0.0
9090.566963421952,0.0
9108.57877055115,0.0
9129.564775986355,0.0
9136.004522573112,0.0
9138.973634717948,0.0
9164.696977702757,0.0
9196.630634605974,0.0
9200.766238150443,0.0
9191.735028996129,0.0
9189.296148908381,0.0
9187.481117289472,0.0
9182.118151927578,0.0
9170.958323301362,0.0
9155.790062255339,0.0
9149.669436239212,0.0
9146.374588357623,0.0
9121.838425320815,0.0
9087.56874499708,0.0
9056.075415559375,0.0
9019.406329874591,0.0
8989.789185133295,0.0
8965.06896315987,0.0
8935.717080660761,0.0
8906.04569807481,0.0
8887.322824479901,0.0
8883.656930900748,0.0
8870.447639686663,0.0
8826.992618847786,0.0
8749.752399569326,0.0
8675.587630751792,0.0
8640.847417055109,0.0
8622.518371191038,0.0
8592.641885625759,0.0
8544.436410203412,0.0
8481.24916168514,0.0
8413.990673823528,0.0
8350.4168736879,0.0
8275.119807517178,0.0
8176.080587946863,0.0
8097.560111424097,0.0
8067.640353252734,0.0
8046.653919700024,0.0
8001.903446637709,0.0
7952.171611900112,0.0
7901.55523815791,0.0
7840.641630265916,0.0
7796.79520644287,0.0
7781.54794066772,0.0
7758.687976338479,0.0
7714.964705523124,0.0
7661.814762794739,0.0
7615.151789477404,0.0
7579.849928956489,0.0
7532.906291308371,0.0
7475.552167591006,0.0
7446.724164595977,0.0
7436.064835426713,0.0
7405.4490065812,0.0
7366.933829704057,0.0
7348.672817074685,0.0
7353.232592945549,0.0
7355.00936496607,0.0
7347.321584974102,0.0
7333.41199025537,0.0
7310.8443921698145,0.0
7304.30482218011,0.0
7319.321685023436,0.0
7334.583944088471,0.0
7346.769284082129,0.0
7351.34426003584,0.0
7342.319399838611,0.0
7330.32193316252,0.0
7329.176825884457,0.0
7347.04577716687,0.0
7378.965767915384,0.0
7410.185469082684,0.0
7426.673905714175,0.0
7432.6375662212085,0.0
7433.348778984857,0.0
7450.986673142124,0.0
7520.991767455631,0.0
7613.101517354599,0.0
7668.450984708576,1.0
7724.530903181584,1.0
8160.811028125212,0.0
10638.001489135317,0.0
17530.92154881737,0.0
25499.410738441547,0.0
25539.415087986406,0.0
17662.14534477539,0.0
10882.49577768023,0.0
8529.796214802755,0.0
8202.088449389656,0.0
8250.48258838563,0.0
8347.095450878862,0.0
8435.234085028796,0.0
8502.56628249712,0.0
8572.362983993358,0.0
8636.29030903073,0.0
8676.905624871571,0.0
8716.360519635356,0.0
8777.664655897854,0.0
8861.5037554501,0.0
8958.419522508064,0.0
9049.990457037577,0.0
9129.14985423332,0.0
9209.585293893997,0.0
9293.908779058336,0.0
9389.120486993486,0.0
9492.355245423509,0.0
9559.970258431218,0.0
9597.093660691164,0.0
9657.911648175685,0.0
9742.159190491027,0.0
9818.484241175036,0.0
9889.563659341262,0.0
9980.580397647618,0.0
10083.58518552206,0.0
10166.420562752164,0.0
10221.817083574471,0.0
10264.697100078385,0.0
10313.011050389116,0.0
10382.174728062448,0.0
10456.572375693342,0.0
10512.434637543929,0.0
10567.17558655664,0.0
10629.276384980072,0.0
10684.183809959042,0.0
10736.291182032439,0.0
10778.943259854455,0.0
10806.939768080116,0.0
10830.173400311996,0.0
10843.604257841502,0.0
10847.179526637166,0.0
10871.276373311992,0.0
10919.859679150946,0.0
10964.369818648367,0.0
10989.578411278271,0.0
11003.46805408789,0.0
11017.04931745196,0.0
11019.528714120686,0.0
11001.416651028532,0.0
10997.738360544972,0.0
11036.05343602368,0.0
11078.903713148373,0.0
11085.532893400064,0.0
11068.83125477138,0.0
11060.680458589102,0.0
11051.119329090032,0.0
11022.674239051394,0.0
10995.1730447472,0.0
10971.224048382492,0.0
10941.090109965218,0.0
10916.676701730923,0.0
10895.165561425372,0.0
10861.949892155157,0.0
10813.12620928459,0.0
10753.688853641368,0.0
10715.830737839058,0.0
10705.19373245875,0.0
10681.53688947109,0.0
10640.078297952577,0.0
10603.751239793948,0.0
10567.356270047689,0.0
10520.318811296529,0.0
10468.126057720487,0.0
10411.518429370102,0.0
10361.940879274913,0.0
10317.44077278572,0.0
10257.811318016848,0.0
10191.030761950802,0.0
10147.926931288583,0.0
10125.333819315463,0.0
10097.882327820807,0.0
10046.020187212576,0.0
9981.132128412548,0.0
9935.40854211315,0.0
9904.595355652158,0.0
9864.641629363234,0.0
9813.404714037206,0.0
9758.668555253971,0.0
9698.058267820868,0.0
9643.193335653157,0.0
9603.5212086091,0.0
9568.93824945248,0.0
9532.74151397052,0.0
9487.099553657243,0.0
9430.470644695002,0.0
9385.339645256965,0.0
9370.78748812185,0.0
9377.523117003042,0.0
9373.887465501593,0.0
9346.926016334217,0.0
9310.413853428867,0.0
9256.96246604116,0.0
9179.639552524164,0.0
9117.811484567515,0.0
9102.160921156526,0.0
9104.669977868505,0.0
9087.625670400954,0.0
9076.000894922172,0.0
9096.828897830095,0.0
9114.814531526348,0.0
9114.685028370073,0.0
9104.544075160866,0.0
9098.925921216636,0.0
9130.82148535051,0.0
9194.912921660085,0.0
9241.360533544983,0.0
9245.292641822614,0.0
9228.847913604988,0.0
9235.134108710992,0.0
9281.103855580857,0.0
9325.270172022221,0.0
9352.512287657908,0.0
9396.810476639645,0.0
9459.095326816292,0.0
9502.763867546244,0.0
9531.905772660313,0.0
9586.517945117996,0.0
9651.825373762164,0.0
9695.721690398917,0.0
9726.586329690534,0.0
9768.014205445055,0.0
9824.243198438115,0.0
9871.77041835426,0.0
9901.407743539048,0.0
9939.423031587257,0.0
9995.349015890111,0.0
10064.063876773429,0.0
10157.513716048694,0.0
10258.120115671592,0.0
10329.859056943988,0.0
10391.36501827061,0.0
10476.298521841232,0.0
10584.380043753992,0.0
10688.985438552803,0.0
10772.211703675723,0.0
10844.198583792993,0.0
10915.217206396132,0.0
10977.042829716187,0.0
11053.07364576414,0.0
11162.283439667486,0.0
11261.464312176162,0.0
11316.107701134131,0.0
11347.346235013098,0.0
11392.911827091491,0.0
11455.498007712265,0.0
11519.555300738071,0.0
11602.396259559513,0.0
11703.737006071253,0.0
11788.049042735129,0.0
11857.121346753675,0.0
11932.205129577358,0.0
11999.519937638746,0.0
12050.74408098954,0.0
12118.1990045222,0.0
12198.85964193933,0.0
12260.170383337245,0.0
12307.476127389444,0.0
12366.615138628815,0.0
12441.526362223814,0.0
12507.20704506164,0.0
12543.217903014765,0.0
12572.345697529734,0.0
12608.142747939668,0.0
12645.611148635207,0.0
12693.3599207489,0.0
12730.480642107726,0.0
12752.020375266242,0.0
12792.69820489059,0.0
12849.987353421891,0.0
12899.930738904377,0.0
12931.917406551962,0.0
12931.036592494618,0.0
12895.784620796596,0.0
12861.983696414894,0.0
12857.200499685976,0.0
12862.03787627382,0.0
12857.688064646874,0.0
12850.252051741994,0.0
12838.776881816415,0.0
12834.106054385868,0.0
12833.317230550409,0.0
12817.21229086055,0.0
12798.998005245225,0.0
12796.310177547493,0.0
12786.831717102887,0.0
12755.906630499565,0.0
12737.38965649368,0.0
12747.236136831105,0.0
12752.83586310943,0.0
12725.709912382139,0.0
12676.93506082065,0.0
12606.641256792775,0.0
12537.00498147757,0.0
12499.473015623355,0.0
12463.110536748913,0.0
12404.135950287422,0.0
12358.632520995816,0.0
12331.183024800213,0.0
12277.132092755295,0.0
12217.035506415363,0.0
12177.752258837096,0.0
12128.997050852351,0.0
12057.672515572014,0.0
11977.32799639123,0.0
11917.92154291105,0.0
11894.199156667057,0.0
11872.986673260868,0.0
11828.86568222882,0.0
11776.40196915941,0.0
11726.998301737938,0.0
11672.332201578574,0.0
11607.430866130137,0.0
11537.131219657475,0.0
11464.374850234888,0.0
11398.36188000607,1.0
11382.762261906037,1.0
11760.082014945294,0.0
14177.042161015443,0.0
21031.477245912283,0.0
28985.032553522284,0.0
28978.785444573175,0.0
20995.07343265607,0.0
14077.982182469686,0.0
11582.110420961451,0.0
11118.672906460071,0.0
11038.431508969945,0.0
11010.29773390651,0.0
11002.542377506918,0.0
11005.485578438283,0.0
11013.411861886458,0.0
11005.537676306889,0.0
10962.467477561659,0.0
10910.746737296467,0.0
10895.704278047388,0.0
10937.223054302704,0.0
10993.588567248411,0.0
11011.124810084002,0.0
11002.506034391676,0.0
10993.928773439608,0.0
10994.630198738729,0.0
11014.34270599483,0.0
11054.403379734433,0.0
11092.004540809823,0.0
11103.866271351006,0.0
11100.033336076238,0.0
11106.297105923499,0.0
11145.065048798351,0.0
11211.801524967666,0.0
11253.633083244407,0.0
11260.00897770754,0.0
11276.544237446213,0.0
11317.471800581721,0.0
11389.600799631688,0.0
11491.947255487645,0.0
11587.928477391091,0.0
11642.76479641911,0.0
11655.17509880674,0.0
11672.409496909608,0.0
11727.539892132247,0.0
11798.885250423278,0.0
11875.501326591644,0.0
11957.918902523812,0.0
12036.928507071954,0.0
12102.14114737263,0.0
12156.68345494883,0.0
12226.881824935619,0.0
12318.661724163048,0.0
12401.01049808279,0.0
12457.214322097907,0.0
12507.428709090598,0.0
12572.167395327797,0.0
12652.473650542513,0.0
12737.477243765274,0.0
12820.91290442188,0.0
12895.803342027191,0.0
12961.511711520558,0.0
13040.863860432713,0.0
13141.444572074863,0.0
13247.924113423825,0.0
13340.187155398415,0.0
13414.259342156805,0.0
13468.627776523925,0.0
13507.58291348733,0.0
13545.833099487325,0.0
13618.452636496484,0.0
13731.12818683451,0.0
13844.904251810458,0.0
13938.230893921553,0.0
13993.971465223374,0.0
14038.034599562232,0.0
14101.06751909047,0.0
14162.0390481291,0.0
14212.691530500097,0.0
14269.273793331306,0.0
14314.59623896546,0.0
14339.472746457977,0.0
14374.259828820579,0.0
14406.607869321075,0.0
14421.921316229194,0.0
14459.31301580163,0.0
14515.122036842695,0.0
14544.867158895971,0.0
14562.235150223216,0.0
14588.386342719443,0.0
14607.458692500568,0.0
14613.536545511904,0.0
14625.392952840966,0.0
14662.904105039794,0.0
14709.675639330577,0.0
14737.563951653707,0.0
14763.080704976355,0.0
14790.639304939683,0.0
14775.017524733032,0.0
14714.684021270783,0.0
14653.856854296972,0.0
14632.851464937698,0.0
14657.237231937317,0.0
14669.268115648507,0.0
14647.2980352381,0.0
14625.726804497352,0.0
14614.258533170443,0.0
14594.084364992823,0.0
14566.576841298673,0.0
14544.345181050874,0.0
14507.727011342666,0.0
14459.673137227612,0.0
14431.692174365746,0.0
14402.346131656202,0.0
14330.911043151744,0.0
14245.154136708914,0.0
14194.97521414021,0.0
14178.402430198184,0.0
14157.28016990716,0.0
14106.498966060975,0.0
14030.238569289777,0.0
13962.45450981275,0.0
13924.934989212617,0.0
13883.368663152587,0.0
13823.01188751822,0.0
13768.250268226291,0.0
13715.122691504803,0.0
13664.179171224992,0.0
13626.188436704251,0.0
13595.014270088623,0.0
13551.620110304952,0.0
13490.836420789987,0.0
13415.051679328195,0.0
13338.678480516737,0.0
13282.585693937843,0.0
13258.112413213308,0.0
13258.910644380923,0.0
13251.796655837177,0.0
13207.06441944856,0.0
13141.909365346535,0.0
13082.57896035306,0.0
13035.288816666509,0.0
13016.740209939437,0.0
13029.715585752152,0.0
13028.880763166133,0.0
12974.842265911324,0.0
12897.892878390967,0.0
12857.790345804427,0.0
12862.249196574503,0.0
12848.921714308086,0.0
12804.777169799956,0.0
12775.599793451976,0.0
12768.857487317091,0.0
12773.010350654227,0.0
12785.540921689242,0.0
12799.28011825311,0.0
12800.043722044045,0.0
12787.550481386077,0.0
12764.105315908977,0.0
12747.658374208202,0.0
12775.411034284707,0.0
12829.816664573245,0.0
12860.02273526008,0.0
12868.700098008187,0.0
12893.737556224594,0.0
12936.144948772466,0.0
12964.37215582251,0.0
12987.446685139479,0.0
13021.107053008109,0.0
13058.765690381728,0.0
13102.214742607426,0.0
13156.274843147392,0.0
13192.21083081205,0.0
13202.329406261008,0.0
13226.357227079887,0.0
13276.53122368321,0.0
13346.233917219137,0.0
13442.982692693738,0.0
13537.935799860783,0.0
13608.254197030818,0.0
13673.305447948405,0.0
13735.857965768158,0.0
13775.067077127474,0.0
13807.94378653601,0.0
13856.534727315691,0.0
13919.285449797117,0.0
14003.69942624271,0.0
14103.593108615987,0.0
14191.487752387864,0.0
14265.320252426978,0.0
14342.801010873474,0.0
14431.152525607837,0.0
14530.407589558414,0.0
14623.390319894828,0.0
14694.085985010912,0.0
14754.262734737491,0.0
14807.39685919364,0.0
14863.704794323525,0.0
14942.230893779695,0.0
15034.781659033593,0.0
15125.416571395403,0.0
15216.321281826671,0.0
15302.91312646184,0.0
15373.392934975647,0.0
15433.116282600893,0.0
15482.100358565214,0.0
15520.197257022692,0.0
15594.430524345842,0.0
15706.756791645863,0.0
15789.444714969546,0.0
15832.864620455797,0.0
15880.521234580296,0.0
15949.057358502769,0.0
16024.482926803481,0.0
16075.768358082678,0.0
16104.553124129417,0.0
16134.657054915875,0.0
16183.692305558423,0.0
16248.012444101812,0.0
16299.149748629576,0.0
16326.37843445333,0.0
16343.680406725949,0.0
16365.836973101155,0.0
16381.964347161625,0.0
16388.757658595612,0.0
16412.687989378795,0.0
16454.76611403231,0.0
16483.890875956797,0.0
16489.298401664186,0.0
16498.814014551986,0.0
16521.217711211317,0.0
16536.714616944373,0.0
16531.83221231542,0.0
16510.4404741142,0.0
16497.725650178312,0.0
16500.841262531772,0.0
16515.42407678549,0.0
16526.82104068176,0.0
16503.85616501102,0.0
16447.5264410974,0.0
16406.273618786203,0.0
16410.0215052543,0.0
16419.485892662855,0.0
16391.19312455519,0.0
16351.214413790341,0.0
16338.550981207096,0.0
16341.362430836325,0.0
16319.886296254974,0.0
16263.944016059082,0.0
16215.581677235945,0.0
16191.022266293528,0.0
16159.06484728529,0.0
16109.292302358754,0.0
16036.740292193677,0.0
15964.407612339588,0.0
15916.627444909827,0.0
15861.317574657969,0.0
15797.904121880554,0.0
15750.357915281671,0.0
15709.13143828324,0.0
15667.17440233176,0.0
15635.86175498453,0.0
15608.405121013455,0.0
15557.193399617418,0.0
15485.096960522002,0.0
15425.86730264501,0.0
15384.136443917916,0.0
15327.103641610809,0.0
15252.070656836771,0.0
15187.426870128738,0.0
15143.476599389245,0.0
15113.639490912148,0.0
15087.862793537744,0.0
15046.556223911279,0.0
14980.746890115779,0.0
14923.393321455878,0.0
14897.479995098693,0.0
14860.571002215926,0.0
14795.00342800449,0.0
14753.381159390157,0.0
14749.944323020502,0.0
14745.933895788387,0.0
14735.06374038907,0.0
14734.526390551335,0.0
14741.349173086044,0.0
14732.288956742914,0.0
14709.394803620655,0.0
14692.240976686606,0.0
14678.501700632487,0.0
14655.41753696984,0.0
14630.374003170977,0.0
14603.844259364267,0.0
14563.882129151076,0.0
14550.631323638643,0.0
14591.185525478892,0.0
14644.676994302192,0.0
14676.949558614077,0.0
14689.80659462949,0.0
14694.876928836602,0.0
14713.904731263796,0.0
14760.210775627591,0.0
14806.72590981886,0.0
14833.428835162133,0.0
14863.918517178363,0.0
14903.922868989746,0.0
14930.17113875036,0.0
14945.55500317679,0.0
14981.506084835495,0.0
15036.369067710411,0.0
15090.149486067323,0.0
15138.502865763796,0.0
15176.982875426056,0.0
15215.523353711165,0.0
15283.098344738204,0.0
15377.510887610444,0.0
15457.467461730334,0.0
15507.300632128388,0.0
15562.032115176988,0.0
15648.325258280547,0.0
15733.375803325616,0.0
15806.032479628015,0.0
15886.21317054478,0.0
15971.080112176845,0.0
16051.623023540644,0.0
16123.881839852811,0.0
16188.524546874942,0.0
16251.86039636666,0.0
16323.15363207706,0.0
16406.811904549024,0.0
16500.183898324503,0.0
16597.499307801172,0.0
16685.57437489428,0.0
16757.010721566166,0.0
16817.336120178825,0.0
16891.76735553867,0.0
16980.64783456823,0.0
17053.434663192253,0.0
17117.690538145747,0.0
17199.94124691697,0.0
17278.584402414406,0.0
17337.79499825035,0.0
17390.58169993106,0.0
17440.602330359183,0.0
17497.128130851343,0.0
17567.624693717185,0.0
17650.50639537176,0.0
17727.977847855713,0.0
17771.995624224648,0.0
17794.117657927596,0.0
17829.969385803026,0.0
17886.552890521052,0.0
17941.842557832715,0.0
17986.852770824284,0.0
18024.650285829368,0.0
18070.87600434114,0.0
18134.71019343488,0.0
18188.05646491774,0.0
18208.825954775406,0.0
18216.17543528043,0.0
18257.6439959467,0.0
18328.73078689461,0.0
18358.005523277865,0.0
18333.30502542359,0.0
18313.751213690368,0.0
18320.981164814755,0.0
18323.505319794094,0.0
18322.411883131386,0.0
18349.095376839738,0.0
18390.76463018903,0.0
18412.816018625523,0.0
18421.491329820597,0.0
18433.031869162616,0.0
18415.317668682917,0.0
18367.454221409265,0.0
18335.316617763765,0.0
18335.01027188926,0.0
18338.512793555958,0.0
18311.659407335435,0.0
18257.21910432718,0.0
18215.120769375684,0.0
18195.08649957888,0.0
18155.750135575327,0.0
18087.30742162644,0.0
18030.074277871063,0.0
17999.89927046491,0.0
17967.62466159501,0.0
17912.75860682252,0.0
17855.492522265245,0.0
17825.095700005797,0.0
17811.521399401616,0.0
17777.725720439325,0.0
17713.455419833273,0.0
17639.643694231978,0.0
17575.750337308906,0.0
17524.300689664033,0.0
17471.265989695243,0.0
17409.99391951971,0.0
17362.026125922508,0.0
17333.780885059594,0.0
17327.661772285956,0.0
17327.17746607263,0.0
17280.25944816627,0.0
17193.509337421718,0.0
17121.884015814547,0.0
17072.4626656283,0.0
17021.847048774456,0.0
16952.484618850343,0.0
16866.721706528737,0.0
16802.248019563547,0.0
16782.339096737534,0.0
16771.286939464593,0.0
16739.47418080042,0.0
16698.687619193628,0.0
16664.30423213991,0.0
16642.29975417068,0.0
16618.06015636596,0.0
16581.739784169105,0.0
16553.464867815437,0.0
16535.303968887663,0.0
16498.572920705752,0.0
16455.232336969486,0.0
16435.312974893423,0.0
16422.625104831423,0.0
16393.952892262303,0.0
16370.866255189796,0.0
16382.04237088308,0.0
16418.477006184676,0.0
16454.15118349525,0.0
16463.96903310064,0.0
16443.805640164395,0.0
16432.13521643575,0.0
16454.0058186016,0.0
16485.71922327347,0.0
16511.2677989741,0.0
16548.452344418623,0.0
16576.883502479664,0.0
16572.783839983484,0.0
16572.829869976973,0.0
16595.394450703454,0.0
16629.34003296363,0.0
16666.432903250156,0.0
16704.06324437311,0.0
16755.266942382954,0.0
16821.15824302492,0.0
16904.17608514488,0.0
17000.68135508202,0.0
17089.77657362154,0.0
17158.22434193484,0.0
17198.93311792437,0.0
17224.68657487885,0.0
17265.602868631515,0.0
17329.7174973202,0.0
17392.988549282873,0.0
17444.225879788704,0.0
17505.32876363462,0.0
17579.857922483487,0.0
17645.17007518337,0.0
17714.670272886593,0.0
17805.975933670205,0.0
17905.73100314435,0.0
17999.706952252545,0.0
18086.704262307503,0.0
18171.387088976233,0.0
18246.28221255455,0.0
18315.632995709148,0.0
18393.28399217099,0.0
18469.461326496108,0.0
18530.85021865877,0.0
18599.824774513476,0.0
18694.75390522833,0.0
18802.392618743972,0.0
18895.728644900337,0.0
18963.191181784565,0.0
19027.482501535065,0.0
19105.275327832584,0.0
19187.352127621365,0.0
19254.614200217467,0.0
19304.518282480218,0.0
19342.464183739405,0.0
19382.630170715143,0.0
19443.330488732172,0.0
19514.260915409588,0.0
19578.86112231149,0.0
19628.68138037404,0.0
19655.854157303773,0.0
19688.21670483797,0.0
19752.323194829925,0.0
19831.022746180006,0.0
19882.840603237073,0.0
19905.33677547156,0.0
19934.365766165512,0.0
19967.331771775727,0.0
19996.794052504993,0.0
20042.562803209177,0.0
20101.710660796118,0.0
20145.801806426414,0.0
20148.800874237288,0.0
20124.754160649038,0.0
20110.18527824242,0.0
20107.78098215633,0.0
20116.218314112833,0.0
20152.123278155643,0.0
20197.801377604865,0.0
20224.805667288936,0.0
20234.431778524617,0.0
20222.41679383135,0.0
20199.676969746448,0.0
20198.52969174876,0.0
20204.19552129039,0.0
20187.173965057777,0.0
20166.099998855458,0.0
20144.88589403683,0.0
20106.59424715985,0.0
20063.515291648346,0.0
20037.800218194403,0.0
20013.715758864168,0.0
19959.000557229432,0.0
19904.82700437665,0.0
19882.847502481825,0.0
19853.978117218765,0.0
19790.935912293087,0.0
19725.80858093135,0.0
19675.691347005548,0.0
19645.26073390159,0.0
19635.50618085336,0.0
19625.644517172135,0.0
19586.86267391417,0.0
19510.070664942024,0.0
