22695.992476923144,0.0
20044.210743522533,0.0
16666.187040577137,0.0
13284.520318465942,0.0
10423.574391460188,0.0
8281.014007988577,0.0
7050.687621772598,0.0
6843.391191800677,0.0
7627.594676541926,0.0
9222.225476633377,0.0
11244.985446574581,0.0
13207.963342188765,0.0
14681.555593429994,0.0
15458.685731606636,0.0
15684.58835963734,0.0
15672.237559222862,0.0
15602.200531008903,0.0
15512.837242775415,0.0
15421.189820077378,0.0
15325.319432781127,0.0
15237.232049537444,0.0
15173.306922875629,0.0
15064.390230140069,0.0
14865.898346304388,0.0
14510.338542340298,0.0
13787.98509564491,0.0
12544.533762023157,0.0
10912.746021006009,0.0
9274.48132302813,0.0
7957.00221885766,0.0
7061.348545949339,0.0
6662.570541085277,0.0
6914.986702063788,0.0
7991.165629693778,0.0
9906.020876052267,0.0
12257.673000411134,0.0
14331.392804076604,0.0
15620.072599935329,0.0
16081.01627393438,0.0
15959.374832009804,0.0
15538.759958057395,0.0
15070.433829060728,0.0
14700.629807759608,0.0
14410.80136131603,0.0
14146.222318214615,0.0
13945.164236283616,0.0
13850.882561911469,0.0
13774.937345617047,0.0
13541.377946576176,0.0
12973.331934558964,0.0
11924.751889525134,0.0
10429.887214550383,0.0
8792.124238052462,0.0
7390.243452998286,0.0
6453.528828924236,0.0
6045.084513056254,0.0
6221.18119649765,0.0
7138.111346280734,0.0
8868.966845634106,0.0
11077.20840199232,0.0
13124.933988255305,0.0
14554.966769199276,0.0
15299.404761349791,0.0
15545.263986881855,0.0
15546.937295120459,0.0
15466.333466401638,0.0
15391.215422136976,0.0
15279.953546475892,0.0
15088.18609776386,0.0
15058.874103959824,0.0
15350.482940801647,0.0
15627.762061185578,0.0
15440.192456856677,0.0
14603.625656099895,0.0
13272.52113253074,0.0
11661.360333203103,0.0
9960.05161997015,0.0
8542.03970802503,0.0
7653.1271622899085,0.0
7402.0866609899795,0.0
7939.851694382774,0.0
9372.04655716991,0.0
11582.186241182073,0.0
14065.641633211233,0.0
16171.718689029976,0.0
17570.182019315835,0.0
18243.831188632765,0.0
18331.86406232445,0.0
18077.569821698173,0.0
17707.452699307072,0.0
17401.485443706213,0.0
17238.666421120437,0.0
17232.30333003161,0.0
17442.19343718949,0.0
17806.47426298312,0.0
18014.11599704181,0.0
17631.53797877784,0.0
16369.55194969112,0.0
14363.160512686349,0.0
12095.613701329756,0.0
10014.321222625354,0.0
8398.044450633382,0.0
7437.618114203022,0.0
7303.144449053658,0.0
8156.702939804382,0.0
9919.529910863466,0.0
12148.211606841305,0.0
14266.793539580724,0.0
15860.511777108773,0.0
16819.8243683151,0.0
17247.385469012544,0.0
17289.914729217402,0.0
17123.78915382445,0.0
16955.723352590558,0.0
16957.663218985646,0.0
17126.494046483796,0.0
17348.72791792207,0.0
17622.940867659734,0.0
17972.30966069859,0.0
18186.66482170191,0.0
17812.5558360401,0.0
16476.90022172211,0.0
14272.6651229109,0.0
11750.852912721168,0.0
9434.857279581498,0.0
7636.95062402505,0.0
6600.596768200588,0.0
6469.724466667338,0.0
7269.474375134047,0.0
8830.291379664197,0.0
10706.311428403631,0.0
12394.108864262216,0.0
13595.583559615146,0.0
14313.559468810245,0.0
14712.646321543883,0.0
14915.4969869765,0.0
15002.47182770165,0.0
15010.644853284339,0.0
14970.09488908007,0.0
14988.380057722205,0.0
15077.775311182004,0.0
15200.873441038706,0.0
15409.405329870979,1.0
15589.424790266155,1.0
15440.925784850233,0.0
15195.397975590073,0.0
15977.338499479249,0.0
17732.7241203231,0.0
18063.934183898084,0.0
15555.379423616796,0.0
11783.690501731246,0.0
9155.55569386835,0.0
8537.001675759897,0.0
9476.01778699978,0.0
11155.089064157175,0.0
12843.598383555587,0.0
14135.356019171802,0.0
14886.43873203334,0.0
15160.968374406997,0.0
15294.785114957049,0.0
15648.844329451129,0.0
16044.101852911119,0.0
15979.436413086843,0.0
15612.905304305066,0.0
15436.646785199817,0.0
15486.669875236976,0.0
15596.880513455166,0.0
15630.214138244786,0.0
15219.28105115351,0.0
14008.056422642328,0.0
12149.912232477947,0.0
10176.720026765217,0.0
8482.672516451004,0.0
7201.596763481416,0.0
6447.0012701379155,0.0
6438.109273111513,0.0
7285.555268591803,0.0
8783.90331036863,0.0
10554.408639561207,0.0
12242.939824589044,0.0
13560.787976505755,0.0
14337.35051237268,0.0
14631.595604553913,0.0
14632.73926240808,0.0
14509.808699498932,0.0
14426.716952115858,0.0
14481.149848107832,0.0
14574.418779930473,0.0
14536.482370103951,0.0
14374.074998543198,0.0
14211.828257323421,0.0
14046.49268356979,0.0
13648.358427583931,0.0
12767.202789599394,0.0
11406.965334477876,0.0
9837.094065302494,0.0
8383.455808605184,0.0
7234.026577398928,0.0
6469.507681956356,0.0
6150.291974449077,0.0
6403.165149691672,0.0
7418.7515156276495,0.0
9188.845969126032,0.0
11310.423349000685,0.0
13208.568698105344,0.0
14456.764344847983,0.0
14950.312197040774,0.0
14890.697742603554,0.0
14546.518477183394,0.0
14097.965243185983,0.0
13656.329258094165,0.0
13277.002684472738,0.0
13008.1401029626,0.0
12853.000264058313,0.0
12750.8392899939,0.0
12664.174655281975,0.0
12505.275937235,0.0
12042.515664786835,0.0
11093.503449852944,0.0
9761.520513346548,0.0
8369.400973628268,0.0
7206.926640165726,0.0
6405.444967498919,0.0
6043.4577490009,0.0
6252.772999478694,0.0
7173.713939650357,0.0
8787.02245984021,0.0
10722.416801105803,0.0
12422.554420332532,0.0
13543.024047650659,0.0
14077.398891864414,0.0
14245.10909157508,0.0
14260.10008005676,0.0
14172.426964881595,0.0
13987.806077167415,0.0
13814.537185530367,0.0
13818.219942827249,0.0
14034.84609831101,0.0
14384.620664190012,0.0
14668.198207373318,0.0
14540.781895741578,0.0
13723.612656020134,0.0
12249.17501472317,0.0
10484.418004075227,0.0
8851.305509838312,0.0
7589.388475165342,0.0
6846.331255675616,0.0
6814.472782691688,0.0
7615.322966048715,0.0
9118.667580855308,0.0
11007.61744990692,0.0
12901.616440884047,0.0
14419.574885559407,0.0
15327.193410116828,0.0
15692.616483568576,0.0
15764.124151619177,0.0
15720.191816315071,0.0
15625.782277411598,0.0
15482.26682424417,0.0
15325.705578888872,0.0
15281.855094809325,0.0
15433.572062284473,0.0
15714.065949883117,0.0
15892.748244768962,0.0
15596.944198454941,0.0
14518.622678823034,0.0
12787.614865246487,0.0
10965.19325654914,0.0
9408.495833079864,0.0
8086.123349262131,0.0
7156.804258312578,0.0
6951.5588497197095,0.0
7660.799809989334,0.0
9234.66793819688,0.0
11349.34977606064,0.0
13468.172673301977,0.0
15080.267050912516,0.0
15968.106085741532,0.0
16275.105534047405,0.0
16310.954749493463,0.0
16229.665253637822,0.0
16088.4875437456,0.0
16004.946796605156,0.0
16029.80892998587,0.0
16102.459006858851,0.0
16260.884913476846,0.0
16627.686332322355,0.0
16981.229756524514,0.0
16764.17028452842,0.0
15593.828114200187,0.0
13581.208491015534,0.0
11295.97964025668,0.0
9296.37262533972,0.0
7846.431662103975,0.0
7071.478705037874,0.0
7075.586893323143,0.0
7967.961063337995,0.0
9649.002244978827,0.0
11665.31633994427,0.0
13485.915949240898,0.0
14786.440934542601,0.0
15501.841748334804,0.0
15781.447930212958,0.0
15810.599576449444,0.0
15675.881942487207,0.0
15504.521153197644,0.0
15488.284399117638,0.0
15648.705045638279,0.0
15861.733087249726,0.0
16097.828977605268,0.0
16422.92278399483,0.0
16675.615271446404,0.0
16422.288226529396,0.0
15314.234747003386,0.0
13437.954108289534,0.0
11300.667338640369,0.0
9362.3367407786,0.0
7853.089052929713,0.0
6971.596622693387,0.0
6909.427463572751,0.0
7778.728958451483,0.0
9454.709201046935,0.0
11479.95817799923,0.0
13290.996156407984,0.0
14547.51588242334,0.0
15223.61955723726,0.0
15465.948566406994,0.0
15462.50160142616,0.0
15385.0218492267,0.0
15400.059035408927,0.0
15636.975601990054,0.0
15965.046118316965,0.0
16124.471874523151,0.0
16219.268671612888,0.0
16455.333202525973,0.0
16646.561399983824,0.0
16271.157098024914,0.0
14971.604290056528,0.0
12969.10118916686,0.0
10850.470288479584,0.0
9071.29049653097,0.0
7789.603480677122,0.0
7036.467202778069,0.0
6948.245405939319,0.0
7707.3395237387,0.0
9290.241849374705,0.0
11300.763507747331,0.0
13201.127284448668,0.0
14683.592201399128,0.0
15618.857851730909,0.0
15984.634679848812,0.0
15913.92345496964,0.0
15622.240100305353,0.0
15323.650716570219,0.0
15201.244921032288,0.0
15227.399554498208,0.0
15270.051235236242,0.0
15404.643775304912,0.0
15638.914030451731,0.0
15640.318331043956,0.0
15122.314323302922,0.0
14066.476812042596,0.0
12566.972404511742,0.0
10826.659970456172,0.0
9166.459438186677,0.0
7829.2069531097,0.0
6910.147272398842,0.0
6500.905853038011,0.0
6766.646204423107,0.0
7890.468526823315,0.0
9825.581812182729,0.0
12098.066131361471,0.0
14041.09339516141,0.0
15232.114012478361,0.0
15649.744336386679,0.0
15520.491326088893,0.0
15166.834174668453,0.0
14875.552728555776,0.0
14674.388545630713,0.0
14398.170423157133,0.0
14073.76238105065,0.0
13855.845861002104,0.0
13770.587084152568,0.0
13726.037106049778,0.0
13537.284241415708,0.0
12947.715674389321,0.0
11828.307812625973,0.0
10337.78764126922,0.0
8786.562355026192,0.0
7456.788717653776,0.0
6531.105500711958,0.0
6091.446387567954,0.0
6279.113343424044,0.0
7287.7308418531375,0.0
9111.061613340902,0.0
11312.27456480303,0.0
13257.952038658581,0.0
14565.438764744054,0.0
15209.335851558068,0.0
15414.96489228825,0.0
15432.53745591518,0.0
15369.815181297887,0.0
15208.94666597379,0.0
14867.3912874157,0.0
14350.29732433683,0.0
13982.362229066639,0.0
14096.288454609708,0.0
14534.756896374256,0.0
14844.612342345154,0.0
14522.993921249514,0.0
13249.115790151878,0.0
11289.832839028422,0.0
9331.437593618668,0.0
7849.3850939813265,0.0
7010.616545115075,0.0
6930.675207111544,0.0
7724.515570605799,0.0
9381.171624912606,0.0
11626.615702086123,0.0
13927.795521177488,0.0
15789.72809157028,0.0
17001.831780293425,0.0
17606.61553919361,0.0
17753.883115593417,0.0
17622.232568546482,0.0
17425.173308218647,0.0
17335.406118574414,0.0
17381.619192797196,0.0
17565.197761127838,0.0
17859.053902391737,0.0
18047.428366977776,0.0
17917.552399136603,0.0
17293.27436515708,0.0
15911.05377356612,0.0
13798.91817899349,0.0
11461.1123220281,0.0
9443.10423911342,0.0
8002.420338066873,0.0
7204.446029975846,0.0
7102.533630685986,0.0
7883.871823961297,0.0
9532.740684299593,0.0
11599.639196925837,0.0
13506.977142260415,0.0
14877.456802647297,0.0
15689.073751273476,0.0
16132.838905920149,0.0
16224.495468147885,0.0
15976.726181650569,0.0
15702.197017233626,0.0
15590.278398027733,0.0
15551.161918057267,0.0
15582.526589885108,0.0
15863.03555905668,0.0
16461.916073408072,0.0
17053.468719641518,0.0
16954.156474479092,0.0
15664.89953345088,0.0
13499.540719580527,0.0
11204.960121278535,0.0
9249.406452853062,0.0
7793.642757232585,0.0
6941.8756477829365,0.0
6857.306176732403,0.0
7721.732719756385,0.0
9458.879966087858,0.0
11569.707527799974,0.0
13463.09309075201,0.0
14816.618499462404,0.0
15580.367391154658,0.0
15847.772515596967,0.0
15793.864592991225,0.0
15642.31951833785,0.0
15585.98122276349,0.0
15674.920674062601,0.0
15804.004989889076,0.0
15955.311623376525,0.0
16230.04557074649,0.0
16601.128726387928,0.0
16790.621877683334,0.0
16367.326219226192,0.0
15087.520428389535,0.0
13120.913986530615,0.0
10940.828603888098,0.0
9010.40056333808,0.0
7552.540428348049,0.0
6720.725614357771,0.0
6704.139809088778,0.0
7613.394104568621,0.0
9371.358657450099,0.0
11577.718361088744,0.0
13613.836329271637,0.0
15042.491354429885,0.0
15728.891629000835,0.0
15782.768188888336,0.0
15506.60029618959,0.0
15210.376210758974,0.0
15094.919655528378,0.0
15158.184555796446,0.0
15260.028396726142,0.0
15398.474046514673,0.0
15640.898263707079,0.0
15915.872588438613,0.0
16031.310278179106,0.0
15656.172143635262,0.0
14500.099593398589,0.0
12685.258157659811,0.0
10693.702639899855,0.0
8978.296827106682,0.0
7744.598364625084,0.0
7071.213855143788,0.0
7137.375762185132,0.0
8149.7343467596875,0.0
10035.340552409407,0.0
12321.701913716835,0.0
14410.868914018736,0.0
15907.780968133347,0.0
16759.56166363248,0.0
17177.680785626748,0.0
17316.645495720997,0.0
17164.225116418576,0.0
16926.74192598996,0.0
16868.54342441722,0.0
16910.623955256015,0.0
16868.753204423203,0.0
16744.941486812302,0.0
16586.27256984043,0.0
16315.377178300161,0.0
15776.317295106039,0.0
14743.667233587115,0.0
13121.599108670076,0.0
11174.272717430373,0.0
9297.665075678879,0.0
7793.9281416856165,0.0
6832.163768250971,0.0
6450.735048502032,0.0
6798.399862065565,0.0
8083.496729421592,0.0
10187.30605768074,0.0
12535.930045151814,0.0
14427.129945112627,0.0
15485.96884483279,0.0
15754.131942093194,0.0
15518.26763002638,0.0
15076.294892536707,0.0
14591.015932705619,0.0
14133.749930478358,0.0
13745.013792099127,0.0
13439.783182385108,0.0
13241.569973668804,0.0
13172.048470644388,0.0
13124.144649703501,0.0
12863.99456742478,0.0
12182.351551456022,0.0
11044.650822509124,0.0
9657.842713946377,0.0
8344.990860367037,0.0
7316.059672841351,0.0
6595.623500019138,0.0
6225.367902141989,0.0
6420.165333103961,0.0
7449.652906018075,0.0
9305.399064069576,0.0
11466.519137074352,0.0
13239.358216481842,0.0
14286.874999993297,0.0
14724.085981999362,0.0
14846.289285920197,0.0
14795.09660954615,0.0
14593.881970328688,0.0
14352.966757296579,0.0
14193.326523262407,0.0
14174.64778260497,0.0
14409.063553023083,0.0
14889.356618017246,0.0
15230.598812855902,0.0
15006.171507152245,0.0
14109.472554017786,0.0
12590.439985673072,0.0
10683.37491522178,0.0
8878.664361684472,0.0
7529.305150964469,0.0
6755.13282696884,0.0
6715.541108056336,0.0
7629.835438302799,0.0
9408.64619133191,0.0
11561.268685402209,0.0
13535.360701364287,0.0
14968.300407884373,0.0
15751.45129518802,0.0
16024.900333031022,0.0
16031.667998423763,0.0
15921.728566955348,0.0
15766.817039356398,0.0
15638.03332826253,0.0
15574.086661720867,0.0
15576.603699437295,0.0
15666.320528701222,0.0
15856.397069678636,0.0
16004.074871084915,0.0
15660.276568444631,0.0
14440.15021268875,0.0
12494.690793595846,0.0
10397.030230719549,0.0
8655.790584389983,0.0
7436.94183629411,0.0
6758.521853034155,0.0
6756.62456419832,0.0
7636.179313364732,0.0
9344.302873146333,0.0
11436.342054915074,0.0
13372.01542478417,0.0
14792.149390209548,0.0
15527.548388260851,0.0
15663.26125580751,0.0
15528.434504294872,0.0
15379.392098354472,0.0
15291.041916243123,0.0
15294.718425127849,0.0
15382.208516448667,0.0
15499.17608791351,0.0
15740.725917520422,0.0
16181.25967361654,0.0
16512.298703782235,0.0
16184.941226159754,0.0
14914.522129263536,0.0
12922.484587972795,0.0
10741.219932873597,0.0
8863.411553975382,0.0
7501.781153941105,0.0
6747.261275620347,0.0
6739.93059226415,0.0
7599.305293341146,0.0
9207.584407966082,0.0
11115.579268621883,0.0
12834.467244593361,0.0
14099.375551077936,0.0
14811.89838288124,0.0
15045.587443804678,0.0
15018.432720169601,0.0
14881.928745552525,0.0
14745.89424400454,0.0
14716.583426613379,0.0
14825.582539051966,0.0
14993.182147405369,0.0
15137.319680736935,0.0
15349.960336516362,0.0
15638.50437651047,0.0
15588.354136694863,0.0
14655.334992380604,0.0
12828.577212495664,0.0
10729.40795145397,0.0
8890.290550345391,0.0
7443.183580893143,0.0
6528.2073872133715,0.0
6400.7226866826,0.0
7195.414484414816,0.0
8756.169300518932,0.0
10653.335429116187,0.0
12401.08617077591,0.0
13650.28671172426,0.0
14252.361067488242,0.0
14334.297056544645,0.0
14195.280981411026,0.0
14056.001976769723,0.0
14004.469309107651,0.0
14055.195234601471,0.0
14187.261902166034,0.0
14309.902419557904,0.0
14378.590874428382,0.0
14514.54147051883,0.0
14662.621868011043,0.0
14394.399021830319,0.0
13353.111928920265,0.0
11665.083247281418,0.0
9800.292083529112,0.0
8111.534831539779,0.0
6756.059447757444,0.0
5901.696998507725,0.0
5720.656586057369,0.0
6293.620436126299,0.0
7502.010929224478,0.0
9039.42349475497,0.0
10572.932565068975,0.0
11909.938233211866,0.0
12863.627217396312,0.0
13144.76637120133,0.0
12798.861027473187,0.0
12304.789058420962,0.0
11968.31835957846,0.0
11822.755817502604,0.0
11769.338886830566,0.0
11667.071910118786,0.0
11509.930932646435,0.0
11374.450924733248,0.0
11255.904957642555,0.0
11011.916095616682,0.0
10457.98400685179,0.0
9539.501810191607,0.0
8402.831587104785,0.0
7285.092336888108,0.0
6359.596958079588,0.0
5699.250771391507,0.0
5401.009609888762,0.0
5650.3989929198315,0.0
6625.78055851605,0.0
8260.871422394308,0.0
10130.808472261924,0.0
11688.51310250994,0.0
12601.921338810369,0.0
12873.26248429882,0.0
12740.497043643682,0.0
12441.885714262631,0.0
12083.837029888604,0.0
11732.929930040662,0.0
11417.337254718565,0.0
11140.581156197804,0.0
10947.685068411272,0.0
10868.04720081746,0.0
10791.438903136539,0.0
10517.109946249286,0.0
9927.51587930595,0.0
9027.280620010506,0.0
7929.099497927142,0.0
6819.836421138097,0.0
5888.020112531652,0.0
5278.441793721561,0.0
5024.696358232223,0.0
5190.710683267301,0.0
5978.293421143214,0.0
7436.594194066903,0.0
9224.680538569151,0.0
10778.883980812267,0.0
11737.612702227685,0.0
12136.496035182308,0.0
12181.054075366052,0.0
12061.140419979629,0.0
11906.442453295487,0.0
11716.65716483544,0.0
11459.587978837306,0.0
11212.561024055853,0.0
11106.071802381313,0.0
11173.975932402886,0.0
11302.923792749018,0.0
11249.702423689723,0.0
10730.782920043415,0.0
9681.410084931413,0.0
8358.341934543609,0.0
7077.684615812508,0.0
6056.390364898764,0.0
5462.008200260059,0.0
5375.306397250519,0.0
5837.615489419352,0.0
6879.983746241172,0.0
8354.531307009,0.0
9892.214277458317,0.0
11158.387762281905,0.0
11980.366443711893,0.0
12317.225025126998,0.0
12304.684697472825,0.0
12120.632875869007,0.0
11853.832401070642,0.0
11584.667325839755,0.0
11372.837371601872,0.0
11219.943744316452,0.0
11123.034988201574,0.0
11109.039072027464,0.0
11055.549582250113,0.0
10727.485757767334,0.0
9996.747923764638,0.0
8932.426966684136,0.0
7740.163563798026,0.0
6618.154747070387,0.0
5725.099158269847,0.0
5207.4496075254965,0.0
5168.741612749302,0.0
5710.664819658121,0.0
6838.964562020064,0.0
8288.68467533324,0.0
9642.110025379208,0.0
10614.62077752005,0.0
11178.004586744346,0.0
11424.788569281305,0.0
11485.110698704093,0.0
11427.728115372669,0.0
11277.816285472643,0.0
11118.207076441515,0.0
10996.088864398444,0.0
10926.05376833214,0.0
10917.168807912938,0.0
10910.840927624222,0.0
10853.35166333853,0.0
10552.165029338068,0.0
9765.211602782967,0.0
8595.87483732274,0.0
7426.408968754709,0.0
6550.20380629088,0.0
5984.513198399864,0.0
5642.387988434109,0.0
5683.077207294179,0.0
6368.908225292815,0.0
7703.08570399458,0.0
9362.002050402622,0.0
10912.099004186019,0.0
12126.56707237884,0.0
13064.53587516978,0.0
13716.131539891043,0.0
13894.837619405133,0.0
13636.691939494027,0.0
13197.811057313957,0.0
12803.056913889954,0.0
12516.204344525753,0.0
12356.449807838226,0.0
12380.205934387335,0.0
12559.301554981517,0.0
12687.962639062305,0.0
12458.725714618784,0.0
11630.88471493778,0.0
10225.951578002147,0.0
8574.534105577248,0.0
7001.194492773465,0.0
5716.694895242966,0.0
4933.793551369174,0.0
4734.932874673565,0.0
5089.81697645817,0.0
5913.769750818107,0.0
6984.038319794382,0.0
8033.452514862402,0.0
8878.917042949686,0.0
9386.807899652676,0.0
9533.83362069288,0.0
9483.082207651241,0.0
9409.207644077847,0.0
9374.916112339617,0.0
9381.164491731271,0.0
9327.375000518163,0.0
9132.825300713554,0.0
8942.946838298545,0.0
8888.202579790192,0.0
8880.97145028776,0.0
8730.179360651095,0.0
8270.011219413265,0.0
7484.333247822781,0.0
6602.826783380976,0.0
5885.7222706232815,0.0
5368.722214623372,0.0
5062.3861259536025,0.0
5121.6235235999675,0.0
5707.716031397114,0.0
6822.15715101692,0.0
8207.189977330125,0.0
9448.46149626445,0.0
10278.967824910209,0.0
10699.01239032764,0.0
10824.882417506418,0.0
10767.17941130301,0.0
10627.75700280843,0.0
10467.228855611178,0.0
10313.553410345896,0.0
10206.144492061418,0.0
10157.005633844012,0.0
10109.103041771188,0.0
9990.206171410753,0.0
9826.79646462966,0.0
9566.194303956514,0.0
9023.98841771029,0.0
8158.843062462682,0.0
7198.507966781177,0.0
6421.236599639183,0.0
5865.281974165645,0.0
5434.773178136848,0.0
5248.74250274508,0.0
5574.327764365222,0.0
6588.417305932818,0.0
8215.426126783306,0.0
10041.406781429268,0.0
11559.343393914038,0.0
12489.207001215065,0.0
12798.404987050993,0.0
12660.209143326965,0.0
12360.322110000901,0.0
12072.45963316867,0.0
11805.328594960896,0.0
11506.304861834966,0.0
11156.390262846813,0.0
10830.683315876377,0.0
10653.289279794959,0.0
10612.734615042655,0.0
10461.788981270473,0.0
9941.029091366196,0.0
9020.54402586119,0.0
7875.7198859679165,0.0
6699.200697304856,0.0
5654.4623810396115,0.0
4928.185436191257,0.0
4623.778051264953,0.0
4771.806426532198,0.0
5406.210418430312,0.0
6499.390868249132,0.0
7845.285881012989,0.0
9069.846246800791,0.0
9883.135655786495,0.0
10273.916870589546,0.0
10399.720906968618,0.0
10388.210581790308,0.0
10293.790917699715,0.0
10142.313243306324,0.0
9965.958195573296,0.0
9829.834611802136,0.0
9853.284769866206,0.0
10051.966543256534,0.0
10214.401077257156,0.0
10094.362919749037,0.0
9558.125673421595,0.0
8663.202475821112,0.0
7584.639678758855,0.0
6469.697755129149,0.0
5531.5580788379575,0.0
4993.561493932834,0.0
4942.027606527898,0.0
5396.159232740337,0.0
6259.406696538721,0.0
7290.365867814966,0.0
8228.412571723637,0.0
8900.577410651607,0.0
9247.361945663431,0.0
9298.001632818825,0.0
9187.988777693425,0.0
9095.590541329431,0.0
9085.989142627892,0.0
9005.049821646873,0.0
8780.26647311531,0.0
8575.12719427147,0.0
8503.754945839266,0.0
8580.634178534301,0.0
8691.966979394418,0.0
8567.21607182808,0.0
8014.94665096205,0.0
7144.776114686108,0.0
6292.487108917762,0.0
5775.29239805883,0.0
5612.191977002403,0.0
5598.454618152641,0.0
5810.9273494237,0.0
6540.565493996674,0.0
7838.882152246601,0.0
9399.315412536698,0.0
10815.5467899813,0.0
11835.356794009556,0.0
12398.512901733098,0.0
12604.790208993805,0.0
12633.607138362817,0.0
12576.139966710529,0.0
12486.470413601672,0.0
12418.018625914774,0.0
12322.539687525697,0.0
12245.170634216718,0.0
12304.860334723746,0.0
12501.93451898523,0.0
12666.293200061693,0.0
12537.126235455502,0.0
11835.383740172101,0.0
10484.588677197811,0.0
8834.410213834433,0.0
7315.079097054794,0.0
6160.13807250236,0.0
5490.522745971892,0.0
5374.181095169757,0.0
5852.168307268738,0.0
6848.91153200858,0.0
8123.092593335995,0.0
9356.895006661865,0.0
10261.691819714564,0.0
10727.369083213518,1.0
10907.610681885873,1.0
11074.201616165661,1.0
11739.399789309402,0.0
13813.088062120436,0.0
17300.314701757623,0.0
19973.230684407594,0.0
19283.208891832102,0.0
15845.658925748427,0.0
12873.588239968629,0.0
11621.71515067806,0.0
11074.745843301642,0.0
10403.238620673726,0.0
9436.105939091478,0.0
8240.053512786415,0.0
7022.03645975153,0.0
6049.500921922515,0.0
5478.624930563131,0.0
5419.3387481432865,0.0
5995.2143247581125,0.0
7175.378099772652,0.0
8645.69503565363,0.0
9950.12559677616,0.0
10799.266318898417,0.0
11209.635755281914,0.0
11333.412838254528,0.0
11306.646314058875,0.0
11197.298967682635,0.0
11054.767931920653,0.0
10981.442184683106,0.0
10984.938034833838,0.0
11000.378157887648,0.0
11061.48351451408,0.0
11209.09114567031,0.0
11272.72913722768,0.0
10959.845613044752,0.0
10156.835783932556,0.0
8983.126209096412,0.0
7685.4189066920635,0.0
6506.172908786715,0.0
5591.9339494714495,0.0
5062.4418891479345,0.0
5085.266405280266,0.0
5814.931045118639,0.0
7145.307384496664,0.0
8651.444962045514,0.0
9899.9645833156,0.0
10704.959230326054,0.0
11079.030295011773,0.0
11141.018164923194,0.0
11022.803512657132,0.0
10842.150457463038,0.0
10736.517313184573,0.0
10708.842655666893,0.0
10671.846417109113,0.0
10567.67469507629,0.0
10384.318486188877,0.0
10171.782814766955,0.0
9956.977632084101,0.0
9674.325154664955,0.0
9120.039725850676,0.0
8154.360025386566,0.0
6973.861752237682,0.0
5899.225681967047,0.0
5074.623761487098,0.0
4547.373981734976,0.0
4369.45558605119,0.0
4653.746242892085,0.0
5525.950258850041,0.0
6888.4447478442435,0.0
8338.970120195305,0.0
9426.998968308142,0.0
9952.491511406568,0.0
10025.250793516589,0.0
9864.430112648393,0.0
9606.47823009001,0.0
9327.18505390081,0.0
9083.263901409538,0.0
8882.983527975097,0.0
8671.738106616458,0.0
8434.795093118717,0.0
8265.573573194944,0.0
8213.105246016145,0.0
8134.276306358024,0.0
7784.654351134627,0.0
7099.060862224695,0.0
6253.4631649270705,0.0
5464.287221836932,0.0
4850.470444346656,0.0
4463.971250614578,0.0
4358.860882760258,0.0
4621.684992196068,0.0
5353.316046721611,0.0
6524.2248702499655,0.0
7845.714967684153,0.0
8916.778283249252,0.0
9509.623477481768,0.0
9692.505149042085,0.0
9675.318325899889,0.0
9632.051471941799,0.0
9605.87086637802,0.0
9515.140123252811,0.0
9324.347327070933,0.0
9133.197236966473,0.0
9095.843073840395,0.0
9218.130467983401,0.0
9282.129758989324,0.0
9016.053679450852,0.0
8320.809890468034,0.0
7353.2732866385495,0.0
6448.803578732688,0.0
5879.448441729886,0.0
5609.22430758984,0.0
5461.9900451560725,0.0
5574.869267318843,0.0
6265.547460124161,0.0
7568.749702860738,0.0
9180.619742784069,0.0
10710.345922448276,0.0
11875.36403497327,0.0
12589.17740661561,0.0
12927.136982282509,0.0
12977.75302732088,0.0
12805.307462586925,0.0
12557.596700461807,0.0
12408.098145972912,0.0
12359.867720533022,0.0
12348.144154647238,0.0
12387.596195132875,0.0
12495.944007276918,0.0
12552.47225072377,0.0
12265.022058935176,0.0
11401.806204816465,0.0
10068.262981115104,0.0
8587.79957112655,0.0
7244.770377056528,0.0
6238.370203047557,0.0
5706.281505598927,0.0
5758.605632145163,0.0
6475.683352635705,0.0
7752.189363077055,0.0
9238.961930083336,0.0
10569.216539505333,0.0
11506.071621297819,0.0
11990.568274499856,0.0
12123.399422692059,0.0
12035.025025493434,0.0
11922.205189949984,0.0
11992.29549334475,0.0
12191.266680688665,0.0
12195.309474831038,0.0
11972.845138576147,0.0
11874.25033699665,0.0
12014.81570790666,0.0
12168.36773112712,0.0
11947.159521291342,0.0
11076.374940558524,0.0
9715.621531409965,0.0
8302.54645999744,0.0
7148.217853469548,0.0
6302.955242685924,0.0
5765.21065885756,0.0
5677.159991995249,0.0
6219.535774581744,0.0
7390.840964573154,0.0
8869.99048783742,0.0
10202.731061579649,0.0
11121.608110787816,0.0
11605.55092720735,0.0
11774.764558655366,0.0
11716.595597426143,0.0
11448.84879752735,0.0
11151.698782105634,0.0
11085.493450694008,0.0
11227.410410815823,0.0
11424.250522141745,0.0
11661.07526230922,0.0
11937.892303235758,0.0
12141.341795416398,0.0
11997.874657584707,0.0
11286.081112522825,0.0
10101.9269381128,0.0
8745.240129506472,0.0
7480.685397186638,0.0
6493.466107510913,0.0
5946.826482477617,0.0
6006.88113413203,0.0
6763.124934863044,0.0
8128.840220351345,0.0
9822.8463177132,0.0
11437.78997173966,0.0
12597.05415999879,0.0
13193.206162469229,0.0
13412.432891810213,0.0
13394.142231081893,0.0
13166.51665662389,0.0
12879.77455675064,0.0
12719.59321570256,0.0
12692.11076731509,0.0
12711.94065762031,0.0
12759.40047585222,0.0
12842.441937124979,0.0
12879.806678061683,0.0
12609.876650426717,0.0
11763.628890272703,0.0
10375.91443871431,0.0
8802.978054211288,0.0
7367.402871434181,0.0
6234.84584060478,0.0
5571.699108136872,0.0
5503.785168996446,0.0
6113.668411007643,0.0
7346.062824433873,0.0
8851.878481535958,0.0
10182.039002576092,0.0
11068.209555701922,0.0
11478.658686601551,0.0
11527.468395369226,0.0
11354.117364241689,0.0
11119.203965705194,0.0
10982.956812293465,0.0
10962.127023555397,0.0
10966.039978301722,0.0
10911.548993116148,0.0
10796.658773528536,0.0
10699.51801012518,0.0
10634.185063656503,0.0
10467.091435440983,0.0
10002.609570456907,0.0
9159.679657958977,0.0
8062.442791045638,0.0
6989.78026456506,0.0
6144.790364192783,0.0
5566.129120439832,0.0
5354.31278493447,0.0
5715.657399959844,0.0
6809.335516660554,0.0
8564.19164250967,0.0
10528.129504770375,0.0
12154.642225039514,0.0
13134.445350128053,0.0
13350.19345763221,0.0
12934.363728196904,0.0
12282.477778230024,0.0
11710.954157867283,0.0
11284.792530286202,0.0
10970.611000387189,0.0
10725.951214737695,0.0
10542.59889087365,0.0
10425.991607708936,0.0
10357.178510767966,0.0
10205.19052304418,0.0
9739.662297990662,0.0
8894.399004226434,0.0
7779.707521070121,0.0
6502.191758767868,0.0
5295.824570729298,0.0
4508.294316804498,0.0
4218.9094797985235,0.0
4365.767922771822,0.0
4947.203339921137,0.0
5873.691474668805,0.0
6916.73598579771,0.0
7822.202476899233,0.0
8387.822990542934,0.0
8593.112757308976,0.0
8619.099163190469,0.0
8598.160577108043,0.0
8543.476585316357,0.0
8433.894741160517,0.0
8250.193798230646,0.0
8061.912253358725,0.0
8026.804236989801,0.0
8177.007275062099,0.0
8251.667921441272,0.0
7926.419009337007,0.0
7203.463575058279,0.0
6369.017844777569,0.0
5685.490124846053,0.0
5241.3444630277545,0.0
5018.696890968209,0.0
5095.5283752289115,0.0
5611.797216138428,0.0
6554.812142788384,0.0
7755.3094891131495,0.0
8988.50003067964,0.0
10022.206089826455,0.0
10728.28317241441,0.0
11138.662324860828,0.0
11321.08344887598,0.0
11325.2577800056,0.0
11241.719073172379,0.0
11173.105482561157,0.0
11113.512808209698,0.0
11047.787974859642,0.0
11080.444840204926,0.0
11230.088947275506,0.0
11358.680593351863,0.0
11209.922087719577,0.0
10530.730635400718,0.0
9322.489651405407,0.0
7958.991486640497,0.0
6908.689925254211,0.0
6281.864673139141,0.0
5939.328562147769,0.0
5958.987129504407,0.0
6531.707752517154,0.0
7680.424934825759,0.0
9203.273127554015,0.0
10752.32550484762,0.0
12020.563158589483,0.0
12882.00817732466,0.0
13352.036927172589,0.0
13495.709084281514,0.0
13426.861726078116,0.0
13259.95200416227,0.0
13097.052095256155,0.0
12986.541746541496,0.0
12937.022880263197,0.0
12945.799122345066,0.0
13053.65096839369,0.0
13216.955782533933,0.0
13092.52325072297,0.0
12310.003539411084,0.0
10873.938858796928,0.0
9133.173907572993,0.0
7496.545613644154,0.0
6217.040463533962,0.0
5439.989987921509,0.0
5215.88223837657,0.0
5525.331882676245,0.0
6334.5665754801585,0.0
7483.727759141436,0.0
8651.162943659841,0.0
9539.714167736958,0.0
10041.816011402378,0.0
10214.498613623486,0.0
10164.211685260316,0.0
10052.342521848053,0.0
10124.249142763052,0.0
10561.648157141588,0.0
11182.82349517601,0.0
11533.606749805931,0.0
11569.031648994058,0.0
11583.984051730065,0.0
11621.140145559713,0.0
11463.692147770202,0.0
10808.33807425625,0.0
9597.666811379726,0.0
8215.72123144599,0.0
7076.956083883427,0.0
6272.749672645209,0.0
5773.456296998737,0.0
5729.469124146486,0.0
6307.031108646499,0.0
7446.522255056133,0.0
8889.250391675743,0.0
10297.847450897181,0.0
11405.524571590558,0.0
12088.26979814011,0.0
12346.64605804662,0.0
12300.6285977491,0.0
12187.277428907437,0.0
12157.001532635752,0.0
12190.081383319415,0.0
12249.62974184445,0.0
12264.835883124957,0.0
12243.502593177333,0.0
12304.588295181402,0.0
12389.270494722958,0.0
12177.840127217229,0.0
11373.80427574378,0.0
10012.939559687198,0.0
8458.965730803297,0.0
7100.867758942366,0.0
6114.8044656670945,0.0
5520.016551215694,0.0
5397.161304152541,0.0
5892.076724383701,0.0
6968.679843383744,0.0
8349.633078454803,0.0
9702.322177189764,0.0
10778.608213469313,0.0
11482.266241747193,0.0
11815.73531412297,0.0
11820.16979627503,0.0
11640.006513744567,0.0
11495.658001786753,0.0
11479.732069834005,0.0
11493.65468206601,0.0
11454.251774636887,0.0
11363.657804648881,0.0
11260.052558174024,0.0
11141.729199792217,0.0
10900.941473339304,0.0
10358.706456188493,0.0
9446.471274545613,0.0
8287.647919565328,0.0
7137.742114080311,0.0
6208.081152623904,0.0
5562.053402073324,0.0
5250.928755776872,0.0
5376.591604453968,0.0
6084.9167497694725,0.0
7432.76319739879,0.0
9147.315301868932,0.0
10733.754484677114,0.0
11823.37326487414,0.0
12311.85445492909,0.0
12318.309081016234,0.0
12091.73541780173,0.0
11810.46308560884,0.0
11544.810835541179,0.0
11314.875603721403,0.0
11072.01682045839,0.0
10818.943328172387,0.0
10665.07965008632,0.0
10636.32004010452,0.0
10563.066474478504,0.0
10180.894172751745,0.0
9363.879976079432,0.0
8233.484958222713,0.0
7051.335263808045,0.0
6061.616566511752,0.0
5399.331793323824,0.0
5078.195531834301,0.0
5133.729292378079,0.0
5745.297304277529,0.0
7039.190838310014,0.0
8792.294997556604,0.0
10483.264184366499,0.0
11675.012185986468,0.0
12282.44870322046,0.0
12499.59129706244,0.0
12575.194892694555,0.0
12651.650510764064,0.0
12750.711616062254,0.0
12922.691822102735,0.0
13321.346979615846,0.0
13920.574657420804,0.0
14424.54935334637,0.0
14637.639274884328,0.0
14415.054255110575,0.0
13501.337906333167,0.0
11813.601122542497,0.0
9729.996734209439,0.0
7794.708932709981,0.0
6384.326986737222,0.0
5693.885046419916,0.0
5726.635262816687,0.0
6468.600959950918,0.0
7903.063593112846,0.0
9789.663232488794,0.0
11662.832245938573,0.0
13118.320923614343,0.0
14012.59788901262,0.0
14387.360555445292,0.0
14383.75306247558,0.0
14198.56697566768,1.0
14042.639293205359,1.0
14068.880632026072,1.0
14603.39230660599,1.0
16487.409881054467,1.0
19958.144114089366,0.0
23149.168179431348,0.0
24020.05414387691,0.0
