30351.449253973944,0.0
30247.831067526913,0.0
29924.9195886003,0.0
27609.70560659071,0.0
20484.93834060089,0.0
10218.26655883748,0.0
3091.661611059475,0.0
745.2680498398096,0.0
391.38816048071027,0.0
312.75314914308564,0.0
255.16153622162474,0.0
299.3344512308136,0.0
447.9593085752515,0.0
645.3861653803916,0.0
792.3849433730556,0.0
792.9758844746663,0.0
718.0645070509082,0.0
708.8975730514367,0.0
784.189053757356,0.0
878.3083017032229,0.0
960.4803595322422,0.0
1026.7323064765046,0.0
1079.0478148874624,0.0
1124.8448691116723,0.0
1174.4069955449359,0.0
1265.33166260643,0.0
1382.0830212621706,0.0
1480.028098736543,0.0
1550.1092531274805,0.0
1606.616450528161,0.0
1664.8689009575035,0.0
1682.4492229529542,0.0
1644.1615341932586,0.0
1640.5140316520478,0.0
1705.4850334716925,0.0
1768.61204383041,0.0
1805.6982680446579,0.0
1854.8323668677722,0.0
1951.8441880705852,0.0
2087.305298457762,0.0
2189.247150142582,0.0
2215.7448656136294,0.0
2221.144418308824,0.0
2259.492858755473,0.0
2320.1901746636186,0.0
2368.0939836199595,0.0
2342.6970265250525,0.0
2259.078068259326,0.0
2189.868926775722,0.0
2163.9508640489616,0.0
2190.6569001662906,0.0
2296.022805502673,0.0
2442.955741889637,0.0
2517.022096117594,0.0
2512.76272590581,0.0
2522.8387154003103,0.0
2582.990655957403,0.0
2622.1583692542317,0.0
2583.4445024490406,0.0
2555.8471466075953,0.0
2576.3103809122103,0.0
2562.1655696188845,0.0
2467.192908115962,0.0
2378.457071987938,0.0
2406.7607864826155,0.0
2495.7671619522225,0.0
2525.235170457007,0.0
2504.4762745818434,0.0
2494.251082829707,0.0
2495.6930593230295,0.0
2490.927242612222,0.0
2495.544365265997,0.0
2536.307058655395,0.0
2570.501625017142,0.0
2567.5256920695847,0.0
2547.246055055598,0.0
2516.181138139205,0.0
2491.934485142872,0.0
2515.2722835447366,0.0
2566.654289609786,0.0
2571.7426187756437,0.0
2501.5710758658643,0.0
2391.5226700245794,0.0
2288.424906462275,0.0
2252.617922879835,0.0
2320.5751242151246,0.0
2414.4884910441324,0.0
2415.873077079172,0.0
2335.7707903344913,0.0
2272.8159349406674,0.0
2273.621137654168,0.0
2301.3781578287744,0.0
2319.9221365962044,0.0
2336.6181644751355,0.0
2324.520879791883,0.0
2248.915363881499,0.0
2137.3363523606313,0.0
2061.5140444264684,0.0
2045.7511398711088,0.0
2060.7401725929253,0.0
2065.204393052098,0.0
2074.7025859113623,0.0
2095.7834395938335,0.0
2090.3443743140615,0.0
2052.4174452571233,0.0
1967.8053820501784,0.0
1856.894328520563,0.0
1787.3388838523078,0.0
1758.5724941909323,0.0
1743.2407825551777,0.0
1743.9102585437543,0.0
1765.993128892534,0.0
1803.9439691577468,0.0
1817.3261255746008,0.0
1781.8118089294057,0.0
1689.4921877341314,0.0
1609.9964640905523,0.0
1584.7383642598961,0.0
1558.8991138247986,0.0
1539.4865721977555,0.0
1550.853796416875,0.0
1560.416501065298,0.0
1581.7381082910179,0.0
1599.1000310305296,0.0
1579.3574225969269,0.0
1537.6843307011357,0.0
1479.4456839779277,0.0
1413.2073284589983,0.0
1397.5186879050736,0.0
1482.199941467489,0.0
1613.008423862189,0.0
1646.822675665398,0.0
1557.0908837995225,0.0
1483.9118947046916,0.0
1519.3690464404635,0.0
1575.1011216709328,0.0
1567.9935761941804,0.0
1533.53197225415,0.0
1506.1911816074758,0.0
1479.3039610804128,0.0
1425.555435668369,0.0
1380.1121374982697,0.0
1384.3615232564393,0.0
1430.4350017168101,0.0
1513.9408920529397,0.0
1600.0944361550428,0.0
1620.646698247633,0.0
1577.9719661339598,0.0
1533.1851666038262,0.0
1527.2986362910785,0.0
1555.3442745331795,0.0
1610.2933999002205,0.0
1692.254319958643,0.0
1766.343179122079,0.0
1822.271127798225,0.0
1866.6994283660424,0.0
1906.441497978326,0.0
2017.4545786016133,0.0
2147.1935207519655,0.0
2156.1345479396286,0.0
2088.825362468415,0.0
2078.3052274383676,0.0
2135.584821308691,0.0
2186.9111608841986,0.0
2229.1980671122524,0.0
2308.0425912824758,0.0
2453.144754358472,0.0
2620.834529415461,0.0
2694.876538792336,0.0
2671.673819567262,0.0
2634.4417223299533,0.0
2633.0165087947894,0.0
2661.2919510910856,0.0
2689.982547116204,0.0
2756.338108620291,0.0
2838.0537206065083,0.0
2855.876454446559,0.0
2856.256036355286,0.0
2892.554488297148,0.0
2961.78558543606,0.0
3028.512680375383,0.0
3070.1741393669554,0.0
3120.17498640268,0.0
3173.84818761037,0.0
3238.3320609599036,0.0
3334.6112394085308,0.0
3439.0106872332212,0.0
3559.1793509521704,0.0
3688.5245312260963,0.0
3767.8076817038805,0.0
3797.1601396773895,0.0
3820.4649328283026,0.0
3872.384055093195,0.0
3978.9995782782457,0.0
4098.447973854485,0.0
4188.693472039624,0.0
4285.2448227591785,0.0
4371.610826204585,0.0
4427.70332907487,0.0
4504.696372032819,0.0
4550.205834555033,0.0
4531.021130922049,0.0
4533.75475601829,0.0
4568.728575804591,0.0
4601.590516143282,0.0
4660.4860022039875,0.0
4795.304048256215,0.0
4971.182921022613,0.0
5105.003186330728,0.0
5191.075757900971,0.0
5236.066183891054,0.0
5248.821539075492,0.0
5268.364794641866,0.0
5296.623799826191,0.0
5348.806413900754,0.0
5413.583587159803,0.0
5435.741080524229,0.0
5463.210859187736,0.0
5578.497152976519,0.0
5711.895580920404,0.0
5738.009824839223,0.0
5709.076793817841,0.0
5743.959961375257,0.0
5801.018050071465,0.0
5848.811269298212,0.0
5918.436588942876,0.0
5972.195962299921,0.0
6019.701864060834,0.0
6082.126676186147,0.0
6105.165049317491,0.0
6071.629755113025,0.0
6068.84412026038,0.0
6148.652247926054,0.0
6279.290202475342,0.0
6339.741396805453,0.0
6300.7734120796185,0.0
6304.036015395864,0.0
6382.364823589456,0.0
6440.059230367372,0.0
6460.957624608458,0.0
6516.467131330327,0.0
6555.900689249012,0.0
6511.329744473945,0.0
6467.339277996724,0.0
6487.3172480514395,0.0
6527.468184574514,0.0
6568.6211872478725,0.0
6583.478476429071,0.0
6491.457131161359,0.0
6393.711521019444,0.0
6453.085782508741,0.0
6565.203699435036,0.0
6586.033274196609,0.0
6565.057114890006,0.0
6543.983192724801,0.0
6550.841062064467,0.0
6633.378346973287,0.0
6748.097296925627,0.0
6812.050241926121,0.0
6779.877736865629,0.0
6697.907000520868,0.0
6640.062498803436,0.0
6602.190754704585,0.0
6572.10268886182,0.0
6579.880598756231,0.0
6598.468414288939,0.0
6584.497694526396,0.0
6586.9342647184385,0.0
6651.398694918724,0.0
6696.52464852146,0.0
6617.788020237771,0.0
6437.755032988628,0.0
6303.446639409889,0.0
6280.800772370158,0.0
6352.507688135747,0.0
6451.721681821671,0.0
6465.505991414396,0.0
6364.542463298624,0.0
6274.14300735427,0.0
6283.915862920921,0.0
6337.896632665353,0.0
6363.044382136509,0.0
6321.930444799998,0.0
6214.509394140905,0.0
6136.504403255815,0.0
6130.2770309413045,0.0
6141.111150716776,0.0
6167.1643515845735,0.0
6197.315711534136,0.0
6209.0641299215495,0.0
6166.865196712234,0.0
6046.580747873224,0.0
5943.327780858191,0.0
5933.287202073099,0.0
5976.217243755768,0.0
6009.007968749657,0.0
5957.393446939536,0.0
5846.281737857558,0.0
5805.511226826244,0.0
5828.265014428242,0.0
5826.0348608388,0.0
5800.927900744213,0.0
5795.815148752618,0.0
5790.367275404395,0.0
5775.846912419041,0.0
5796.550955023902,0.0
5848.299347169502,0.0
5870.111473252843,0.0
5811.597268558579,0.0
5671.905443452397,0.0
5556.614734833563,0.0
5539.17780174597,0.0
5555.703630668789,0.0
5530.915810606345,0.0
5462.390647093957,0.0
5400.241424824758,0.0
5394.799262260852,0.0
5451.818899263998,0.0
5547.755385208731,0.0
5634.280217950389,0.0
5662.280653131234,0.0
5630.991329568946,0.0
5571.861393685361,0.0
5493.054761831463,0.0
5451.504660269688,0.0
5468.121344770726,0.0
5471.903596418468,0.0
5474.81639667077,0.0
5552.650986096756,0.0
5687.779458562366,0.0
5765.997654287064,0.0
5722.487501191348,0.0
5619.134156512047,0.0
5584.713513295036,0.0
5667.687273308445,0.0
5772.795429112714,0.0
5808.339241754797,0.0
5783.679576108163,0.0
5746.2612328466475,0.0
5741.4506694619895,0.0
5781.851118684984,0.0
5820.033486570983,0.0
5824.465933212153,0.0
5804.266564976325,0.0
5806.483587597339,0.0
5879.573092513032,0.0
5979.480748933262,0.0
6036.223792515437,0.0
6073.852978204697,0.0
6142.725726460451,0.0
6216.039975011691,0.0
6243.6138240810715,0.0
6244.701985621378,0.0
6243.323820269658,0.0
6272.33822779885,0.0
6370.4235179151165,0.0
6467.363950779571,0.0
6474.238907264171,0.0
6462.4048679225,0.0
6532.538787728034,0.0
6637.1908359831605,0.0
6713.244740567884,0.0
6754.555141583528,0.0
6766.569826633592,0.0
6810.045672777577,0.0
6915.971539045834,0.0
7027.796047661463,0.0
7115.443192150724,0.0
7156.740489625965,0.0
7130.311507884317,0.0
7100.224468765651,0.0
7123.648621529192,0.0
7189.184030320855,0.0
7298.5269500855,0.0
7392.312740788766,0.0
7437.346014058939,0.0
7501.703927590721,0.0
7599.6269151427405,0.0
7726.865823206332,0.0
7866.8420172832,0.0
7962.73502517419,0.0
7976.149759363006,0.0
7935.039748503299,0.0
7934.679832917907,0.0
8001.876843846529,0.0
8076.658646171141,0.0
8127.9203276571325,0.0
8194.9659308257,0.0
8320.448611611364,0.0
8490.40901187766,0.0
8659.179557476276,0.0
8808.734733751367,0.0
8898.522985423884,0.0
8936.6924501558,0.0
9030.650595541056,0.0
9128.435604177392,0.0
9099.191477306627,0.0
9004.13063053984,0.0
8947.772890037208,0.0
8934.212244302751,0.0
8950.024673941736,0.0
9033.774315865689,0.0
9184.80634114912,0.0
9319.969738395268,0.0
9375.56526834216,0.0
9379.529560405883,0.0
9432.590584375354,0.0
9576.553276906134,0.0
9709.772739746713,0.0
9734.934105845427,0.0
9715.354145082047,0.0
9798.334494407058,0.0
9943.469183896128,0.0
10037.103272804505,0.0
10084.854581212256,0.0
10101.206510933245,0.0
10093.652657886583,0.0
10059.957816016626,0.0
10034.575653645958,0.0
10109.643576863868,0.0
10258.728852430477,0.0
10369.26717281357,0.0
10404.260566223138,0.0
10412.32511808134,0.0
10408.470682434656,0.0
10365.348490567407,0.0
10332.686194548083,0.0
10365.558186468186,0.0
10427.692173553985,0.0
10479.401752953485,0.0
10537.875033231532,0.0
10611.191510823719,0.0
10618.4314607076,0.0
10552.98017698964,0.0
10514.222088231283,0.0
10487.844756339367,0.0
10447.857696150308,0.0
10449.017520740501,0.0
10513.888624757838,0.0
10579.20020302671,0.0
10628.46741126189,0.0
10647.359422812619,0.0
10575.77102338275,0.0
10540.562259796858,0.0
10680.218186142838,0.0
10868.830605803483,0.0
10936.97941076071,0.0
10894.160155532812,0.0
10809.071669643043,0.0
10696.893348140546,0.0
10553.45575541566,0.0
10413.131344459716,0.0
10336.27456786638,0.0
10332.701481250415,0.0
10374.650943748165,0.0
10452.62466850665,0.0
10498.836360104533,0.0
10447.189937941586,0.0
10365.96941695757,0.0
10336.9310458016,0.0
10366.230424922062,0.0
10403.905892786115,0.0
10414.414822634608,0.0
10459.408660880212,0.0
10548.768801519816,0.0
10598.624263275313,0.0
10537.245688720599,0.0
10421.983561715171,0.0
10363.631390645327,0.0
10349.21250845455,0.0
10360.697578485022,0.0
10367.778589240113,0.0
10332.578694803558,0.0
10288.021278164608,0.0
10251.412950089949,0.0
10241.95711917362,0.0
10241.858934469283,0.0
10203.76021855811,0.0
10173.78778376729,0.0
10174.280940522316,0.0
10145.015520704663,0.0
10089.857139702459,0.0
10034.128939772092,0.0
9932.353733103204,0.0
9807.680875485019,0.0
9759.858161687549,0.0
9814.30334016641,0.0
9878.350133298807,0.0
9917.236336291875,0.0
9954.585951901223,0.0
9960.983664964086,0.0
9936.286381598213,0.0
9876.850752823058,0.0
9795.400800960679,0.0
9766.077205500322,0.0
9746.598661689037,0.0
9689.945974890668,0.0
9654.558436907533,0.0
9648.060112842717,0.0
9642.064944447211,0.0
9631.556492876996,0.0
9612.369576514224,0.0
9604.89187906491,0.0
9606.118030798125,0.0
9587.924107388617,0.0
9598.553499274583,0.0
9650.676005820078,0.0
9643.61343366599,0.0
9577.502629288394,0.0
9575.430306625865,0.0
9643.168158458515,0.0
9738.498961900965,0.0
9807.03356440423,0.0
9755.59397836704,0.0
9641.62643358354,0.0
9615.71710771253,0.0
9683.559788975426,0.0
9729.809074229212,0.0
9703.904004101836,0.0
9667.510771815136,0.0
9684.846416623928,0.0
9736.57775001027,0.0
9751.353321642924,0.0
9697.191631233989,0.0
9634.146279530532,0.0
9605.075523992631,0.0
9628.944951434674,0.0
9692.907625538315,0.0
9760.287166792023,0.0
9845.790114021112,0.0
9939.584266185297,0.0
9983.703724544686,0.0
9963.444842051886,0.0
9906.963232641756,0.0
9885.305656449997,0.0
9942.905581260877,0.0
10038.772314316844,0.0
10106.552974534068,0.0
10131.966494677621,0.0
10098.269514032678,0.0
10034.115437592613,0.0
10024.04720306017,0.0
10107.439721236564,0.0
10185.381877959453,0.0
10222.222166497375,0.0
10280.060508223061,0.0
10340.599278490345,0.0
10406.369169530675,0.0
10492.768762886653,0.0
10564.643948309982,0.0
10647.9187263389,0.0
10742.093863818494,0.0
10824.692146591518,0.0
10916.706203560561,0.0
11005.467557047055,0.0
11040.82459065519,0.0
11016.196276398432,0.0
11027.434546785427,0.0
11110.838228353894,0.0
11200.759341787769,0.0
11288.557390786675,0.0
11388.22519745331,0.0
11473.71461705684,0.0
11549.653486448606,0.0
11642.737533201003,0.0
11743.318768507525,0.0
11835.73145273452,0.0
11909.806420186495,0.0
11934.64601301125,0.0
11903.091673110184,0.0
11869.947452361013,0.0
11889.259485570336,0.0
11965.032430554013,0.0
12069.7888292751,0.0
12172.201456948334,0.0
12232.496212682085,0.0
12263.51307126946,0.0
12316.620256469412,0.0
12385.573717624839,0.0
12423.229954617938,0.0
12459.355777827277,0.0
12564.454420442815,0.0
12693.957944003872,0.0
12756.29953751744,0.0
12790.742864401134,0.0
12850.32959944881,0.0
12918.873918369442,0.0
12985.007027188056,0.0
13042.516800977084,0.0
13096.036408648295,0.0
13180.495110558933,0.0
13278.946767711694,0.0
13326.424377902847,0.0
13353.648179179638,0.0
13394.020360426732,0.0
13425.884254413952,0.0
13481.856977763116,0.0
13555.85194221896,0.0
13621.935040689332,0.0
13691.394736904378,0.0
13794.221363809562,0.0
13941.135404824023,0.0
14065.617494956825,0.0
14111.626261723603,0.0
14069.283274523963,0.0
14037.385272011468,0.0
14113.34678529187,0.0
14234.883570449638,0.0
14326.403517585937,0.0
14369.28005193733,0.0
14372.131481230284,0.0
14363.920386804326,0.0
14365.121718345054,0.0
14333.895851689487,0.0
14237.52058291343,0.0
14194.675434730025,0.0
14280.518361055358,0.0
14387.954802498096,0.0
14428.644211983275,0.0
14452.7390703265,0.0
14470.890109286704,0.0
14457.41162059021,0.0
14485.560361006575,0.0
14586.0092041846,0.0
14661.001773763835,0.0
14674.559805659444,0.0
14657.127037319624,0.0
14651.201530316934,0.0
14669.59476960464,0.0
14650.136981712125,0.0
14595.864276713357,0.0
14611.258508679952,0.0
14668.207302505347,0.0
14663.913461730986,0.0
14630.592113612842,0.0
14643.775160434177,0.0
14710.177935037043,0.0
14760.749577979332,0.0
14777.359327368129,0.0
14768.591107804827,0.0
14727.769024351284,0.0
14721.197359600026,0.0
14763.661525299134,0.0
14797.763119867826,0.0
14814.514182995148,0.0
14801.68703743057,0.0
14743.155587088708,0.0
14667.513571440611,0.0
14611.975687393704,0.0
14598.540233737556,0.0
14613.916706935179,0.0
14618.501121806214,0.0
14574.645671553815,0.0
14493.782054003777,0.0
14390.227182976314,0.0
14323.797362906815,0.0
14390.001341057523,0.0
14507.614492048415,0.0
14517.052050637505,1.0
14485.685222537997,1.0
15053.313583993404,0.0
18845.79967766902,0.0
29590.21006518042,0.0
42023.846631841414,0.0
41969.90451734654,0.0
29431.627341949068,0.0
18617.109669771704,0.0
14792.410193353096,0.0
14159.743578210198,0.0
14119.629926200847,0.0
14169.978828804231,0.0
14192.193120943188,0.0
14154.904708139798,0.0
14121.105866268677,0.0
14068.774461398352,0.0
13951.390739879347,0.0
13828.95436803205,0.0
13763.77791298189,0.0
13758.123116764724,0.0
13786.96575690143,0.0
13801.171345468774,0.0
13782.152549348322,0.0
13767.154277323467,0.0
13763.626005391068,0.0
13790.82058083853,0.0
13841.449373961954,0.0
13798.523049186922,0.0
13676.248936597849,0.0
13620.802609820264,0.0
13631.87248871838,0.0
13625.512032313505,0.0
13609.309928674535,0.0
13651.391311665231,0.0
13730.742072785644,0.0
13761.215006725197,0.0
13723.604773158293,0.0
13658.39397329595,0.0
13614.19936755214,0.0
13632.806672395374,0.0
13672.50921968356,0.0
13669.652249536433,0.0
13671.35586812369,0.0
13700.694471794663,0.0
13718.761261106312,0.0
13737.602349355939,0.0
13739.525235595092,0.0
13710.73462037726,0.0
13678.020153921163,0.0
13627.983082323926,0.0
13560.622655528921,0.0
13557.780809287751,0.0
13630.228209681964,0.0
13701.22130062602,0.0
13729.86055742761,0.0
13737.668220719292,0.0
13754.293073397144,0.0
13750.708720429117,0.0
13701.377214027198,0.0
13700.49256459302,0.0
13822.146029614822,0.0
13965.502907519094,0.0
14020.837155958841,0.0
14022.720861275364,0.0
14056.797103724117,0.0
14096.127590392958,0.0
14093.54651951019,0.0
14102.216706018033,0.0
14128.960676549988,0.0
14147.373117469526,0.0
14189.253963647296,0.0
14246.778272893951,0.0
14280.392828900112,0.0
14279.322910940935,0.0
14256.71584442002,0.0
14298.873179801025,0.0
14420.657283011858,0.0
14513.486782487964,0.0
14564.158291985725,0.0
14634.01507718718,0.0
14708.709006986812,0.0
14759.42242980063,0.0
14800.537226497901,0.0
14833.65767126795,0.0
14889.177419939851,0.0
14961.442221336714,0.0
14995.68588465762,0.0
15012.959092444826,0.0
15095.777108156017,0.0
15235.203840548404,0.0
15362.571457824575,0.0
15424.858781006304,0.0
15452.268948459638,0.0
15530.975546886633,0.0
15649.112579914598,0.0
15741.559707050474,0.0
15802.135846302639,0.0
15851.367573612324,0.0
15882.457338983359,0.0
15926.259805571153,0.0
16007.792765757222,0.0
16099.485844559957,0.0
16182.924809245516,0.0
16236.66816204989,0.0
16256.203973744323,0.0
16301.665260511312,0.0
16424.038766488284,0.0
16597.998043529205,0.0
16738.05566326292,0.0
16809.054823334995,0.0
16847.75847757642,0.0
16834.010474733288,0.0
16748.896427066236,0.0
16698.06691636178,0.0
16763.827620048767,0.0
16870.587447590635,0.0
16916.690507478135,0.0
16969.131525867724,0.0
17100.46498290088,0.0
17215.59063715462,0.0
17273.288984687315,0.0
17295.244432818137,0.0
17320.458667264946,0.0
17437.60273863441,0.0
17632.31017561305,0.0
17770.462996162812,0.0
17785.129288708784,0.0
17735.86019104418,0.0
17738.63522111644,0.0
17839.091408895656,0.0
17925.67339328823,0.0
17957.772883835532,0.0
18026.888379603242,0.0
18135.627911921467,0.0
18185.646538787427,0.0
18188.085554237285,0.0
18250.698716872303,0.0
18333.912217543395,0.0
18351.544651678734,0.0
18326.342889753658,0.0
18322.00088199754,0.0
18350.154234576847,0.0
18347.826246436205,0.0
18290.56267845042,0.0
18249.30400354084,0.0
18249.983376900847,0.0
18279.123029476254,0.0
18369.171532636672,0.0
18473.162886356367,0.0
18494.519668996785,0.0
18483.712633880717,0.0
18531.64308719344,0.0
18637.91645265174,0.0
18731.274261700455,0.0
18763.92521414079,0.0
18763.52221927506,0.0
18758.076089000522,0.0
18725.844792837714,0.0
18730.159277675244,0.0
18822.450220528906,0.0
18886.871990909065,0.0
18830.981754666547,0.0
18712.018845331775,0.0
18631.875715127437,0.0
18598.184516846515,0.0
18569.498219308796,0.0
18592.76954732368,0.0
18667.609819592908,0.0
18698.812053746795,0.0
18691.552448958235,0.0
18703.35651812922,0.0
18697.502083864667,0.0
18651.943512403275,0.0
18653.961925117208,0.0
18695.741666118338,0.0
18690.015414665464,0.0
18651.462576971488,0.0
18649.881009661218,0.0
18696.14414105044,0.0
18723.255422778257,0.0
18676.48142022306,0.0
18617.3590901141,0.0
18582.569211757713,0.0
18558.875182765267,0.0
18569.629882486697,0.0
18558.76467238008,0.0
18513.11764088485,0.0
18526.234128015018,0.0
18591.446517105076,0.0
18644.420082989833,0.0
18656.70629748987,0.0
18588.27261879378,0.0
18435.136418661587,0.0
18293.709821869958,0.0
18238.1792603771,0.0
18216.37465972773,0.0
18177.69434828929,0.0
18138.5276161774,0.0
18096.27067824781,0.0
18080.037040258823,0.0
18081.8915056807,0.0
18050.09829090916,0.0
18020.07913230235,0.0
18039.154578054495,0.0
18047.15066726488,0.0
18004.48762488832,0.0
18002.071516651547,0.0
18082.642063266794,0.0
18158.2768153207,0.0
18152.15353888925,0.0
18093.847382053187,0.0
17983.472496371916,0.0
17880.439382125587,0.0
17869.08560471137,0.0
17865.92269132159,0.0
17806.695249757253,0.0
17788.18333145361,0.0
17822.417446453972,0.0
17788.962458278223,0.0
17742.80301244598,0.0
17755.87360294517,0.0
17746.376583509515,0.0
17678.74706511428,0.0
17589.099115315137,0.0
17557.68484794566,0.0
17623.8309098105,0.0
17697.949811121354,0.0
17711.31676916036,0.0
17702.76953587301,0.0
17702.637094160393,0.0
17688.185708412333,0.0
17645.69448783488,0.0
17587.834601566283,0.0
17522.18177170896,0.0
17471.70730340604,1.0
17519.55493996774,1.0
18201.96672492939,0.0
22087.737573745133,0.0
32929.4972606485,0.0
45490.78823577491,0.0
45575.18442711945,0.0
33151.94891457969,0.0
22376.075334161087,0.0
18507.16647690164,0.0
17815.318597089514,0.0
17728.178301413205,0.0
17740.70710058909,0.0
17801.43687074242,0.0
17885.57018103655,0.0
17977.53808824516,0.0
18021.25004458493,0.0
17964.36346431615,0.0
17878.13794181076,0.0
17884.377625628855,0.0
18036.44867429498,0.0
18222.026650302418,0.0
18296.624419499964,0.0
18294.262012909538,0.0
18285.352073887083,0.0
18294.70005339031,0.0
18348.45957797062,0.0
18450.215694751725,0.0
18538.616627187737,0.0
18551.056166447797,0.0
18514.59207898434,0.0
18498.65849862031,0.0
18563.602019980015,0.0
18697.30394245162,0.0
18757.625291349,0.0
18716.296130445717,0.0
18696.1550890632,0.0
18735.632958575316,0.0
18853.20350875498,0.0
19046.38962529864,0.0
19216.96192150694,0.0
19271.554231450606,0.0
19206.928592211505,0.0
19150.414751753153,0.0
19191.212429961433,0.0
19271.239048604573,0.0
19361.30574305609,0.0
19463.102733546937,0.0
19552.12661846511,0.0
19600.709311986044,0.0
19617.549402677156,0.0
19673.763180500955,0.0
19785.591947315395,0.0
19869.913936741483,0.0
19882.07821541786,0.0
19876.621801788813,0.0
19909.04889188549,0.0
19982.488147933007,0.0
20068.02125187863,0.0
20149.119138862487,0.0
20207.337815076382,0.0
20241.28972544483,0.0
20312.70425327649,0.0
20442.308408655445,0.0
20589.183410875678,0.0
20699.533292369342,0.0
20762.979579828087,0.0
20775.76074455985,0.0
20749.721648504605,0.0
20724.726598863806,0.0
20795.420349376247,0.0
20977.383244800727,0.0
21166.093749849773,0.0
21303.844919240913,0.0
21344.79273508675,0.0
21358.881006244857,0.0
21428.79038915182,0.0
21498.168194474318,0.0
21545.01259292939,0.0
21613.23543715143,0.0
21656.781821749802,0.0
21651.1141877536,0.0
21678.056679723202,0.0
21704.53399946714,0.0
21691.414672223233,0.0
21744.03575908101,0.0
21852.65192465842,0.0
21897.69033763918,0.0
21916.042856820597,0.0
21964.690698480335,0.0
22001.003938303475,0.0
22009.093987610355,0.0
22039.472415082982,0.0
22145.602406274065,0.0
22283.358255252915,0.0
22376.99117300572,0.0
22470.865420460363,0.0
22576.783431885404,0.0
22573.005122006052,0.0
22455.30952778748,0.0
22342.532718630246,0.0
22342.99710406557,0.0
22471.538498775746,0.0
22572.6508376501,0.0
22587.927882242948,0.0
22609.720969307447,0.0
22663.93314174343,0.0
22699.750610355986,0.0
22720.637914111714,0.0
22760.275856104432,0.0
22765.51865083395,0.0
22744.042231976422,0.0
22780.336723492685,0.0
22816.448673530438,0.0
22742.533514126873,0.0
22632.989148233544,0.0
22621.745393378653,0.0
22703.18288306158,0.0
22774.336362531896,0.0
22767.33081246403,0.0
22693.078321069894,0.0
22642.587742093012,0.0
22674.13257540689,0.0
22695.067873305565,0.0
22665.386555950285,0.0
22650.34350733609,0.0
22638.93648908968,0.0
22632.299156122877,0.0
22659.056050920302,0.0
22702.356909106747,0.0
22710.65038366305,0.0
22669.69280532564,0.0
22585.576821709423,0.0
22496.746599222402,0.0
22459.020292126817,0.0
22502.586050587113,0.0
22610.058427364325,0.0
22691.867930120854,0.0
22667.809141052527,0.0
22583.857409349013,0.0
22510.34923328132,0.0
22463.743132788964,0.0
22488.716685987325,0.0
22592.51559567649,0.0
22652.95736703782,0.0
22563.853683068282,0.0
22406.495442192765,0.0
22341.452282049795,0.0
22389.304557833744,0.0
22382.170044584233,0.0
22284.851279451483,0.0
22220.38680712877,0.0
22208.754663513253,0.0
22218.81532375964,0.0
22243.717260718746,0.0
22264.112024268947,0.0
22241.796240244377,0.0
22175.984405965402,0.0
22072.865233167828,0.0
21980.732431713317,0.0
21999.685400777158,0.0
22082.560858369805,0.0
22092.615108177775,0.0
22037.10696149049,0.0
22018.053445682544,0.0
22038.2788004735,0.0
22013.03303068002,0.0
21966.74209656336,0.0
21941.901684623735,0.0
21920.96304583316,0.0
21908.935597027674,0.0
21918.991009487898,0.0
21874.045942861154,0.0
21753.637005352888,0.0
21664.881087082376,0.0
21640.95727049598,0.0
21664.33653299332,0.0
21755.52699022837,0.0
21837.23735102857,0.0
21848.335641389025,0.0
21841.242158495355,0.0
21823.733052705837,0.0
21740.071177488204,0.0
21636.3650273481,0.0
21572.277467617867,0.0
21543.988212330605,0.0
21572.050396502465,0.0
21640.202711999955,0.0
21674.90156241036,0.0
21670.97899906192,0.0
21676.46378918141,0.0
21711.173146413526,0.0
21775.584534391954,0.0
21823.882401978284,0.0
21813.374779663252,0.0
21776.10865634694,0.0
21721.82301788697,0.0
21678.386234353962,0.0
21697.411639385333,0.0
21757.234713951468,0.0
21815.345361403346,0.0
21877.98963291578,0.0
21933.19926944135,0.0
21949.585226989548,0.0
21941.89901512581,0.0
21910.522258771078,0.0
21855.38285055619,0.0
21903.296220216256,0.0
22059.830445293206,0.0
22143.071465033314,0.0
22127.394580355467,0.0
22130.10117938523,0.0
22196.216761339605,0.0
22288.346007872926,0.0
22323.240273933414,0.0
22305.520133125163,0.0
22299.458834973037,0.0
22352.614053916852,0.0
22455.338404843398,0.0
22531.194893734366,0.0
22551.457651650144,0.0
22553.850483958595,0.0
22578.229939909805,0.0
22595.39185624444,0.0
22596.50223103962,0.0
22652.81021949282,0.0
22767.05469584853,0.0
22855.57036785088,0.0
22889.38350799493,0.0
22943.312168953373,0.0
23040.92123296701,0.0
23128.88666960677,0.0
23170.87410374222,0.0
23177.184698948302,0.0
23215.44536190726,0.0
23304.75462718187,0.0
23433.21179864695,0.0
23561.217890021304,0.0
23604.7079961061,0.0
23566.15054463618,0.0
23575.630940260544,0.0
23713.403052235415,0.0
23873.52625804992,0.0
23938.77505456618,0.0
23978.99529961662,0.0
24098.802832472527,0.0
24266.02942160354,0.0
24373.38020056683,0.0
24393.133495991686,0.0
24438.048295701687,0.0
24551.405514902868,0.0
24648.89946821106,0.0
24702.127044673958,0.0
24697.345817432044,0.0
24696.03085569223,0.0
24763.24044014814,0.0
24812.261823617573,0.0
24841.139281916014,0.0
24913.94181266335,0.0
25004.566188662135,0.0
25093.62477574394,0.0
25211.294976490364,0.0
25338.891715827263,0.0
25401.714137254756,0.0
25407.061980729857,0.0
25445.311583524726,0.0
25528.506647331862,0.0
25567.995199043955,0.0
25556.109811192928,0.0
25568.818539657783,0.0
25633.44431066192,0.0
25731.89495677923,0.0
25836.74492448587,0.0
25894.91999273291,0.0
25881.917624110498,0.0
25886.04686424717,0.0
25968.796036106258,0.0
26015.674998703857,0.0
25978.84872518642,0.0
25999.52271061448,0.0
26115.712091136524,0.0
26222.870988267245,0.0
26303.824897114067,0.0
26404.57552588195,0.0
26516.893129797198,0.0
26578.03385088157,0.0
26593.31011421671,0.0
26615.196736507653,0.0
26637.271856925443,0.0
26625.06344200591,0.0
26598.310382096253,0.0
26558.174774344676,0.0
26472.42760173213,0.0
26448.987821707295,0.0
26560.686968908434,0.0
26697.549881869527,0.0
26767.675641192287,0.0
26775.91878509618,0.0
26753.58489984447,0.0
26759.210427199996,0.0
26828.690757317418,0.0
26889.28563683593,0.0
26887.23331216873,0.0
26886.13526244182,0.0
26901.535655713396,0.0
26870.986224677825,0.0
26802.437060979628,0.0
26780.632118557613,0.0
26801.323825833377,0.0
26810.946291058735,0.0
26798.050421678774,0.0
26750.9287413166,0.0
26696.57355960726,0.0
26713.21256961663,0.0
26795.23303557758,0.0
26831.860321822125,0.0
26781.270284569076,0.0
26738.0117827157,0.0
26774.15984109112,0.0
26801.823891972377,0.0
26791.372860249023,0.0
26796.765222460202,0.0
26810.75193649483,0.0
26809.486606698556,0.0
26782.715411176887,0.0
26732.64059732473,0.0
26676.64534292643,0.0
26640.066459518424,0.0
26635.17927851912,0.0
26655.272102265935,0.0
26685.2444333587,0.0
26690.05340259921,0.0
26650.21962289981,0.0
26581.03600343013,0.0
26550.759939741904,0.0
26560.73335045671,0.0
26529.206216411996,0.0
26476.933643933316,0.0
26475.67901038537,0.0
26467.72818921302,0.0
26410.902277392364,0.0
26340.581472335365,0.0
26266.98257251489,0.0
26215.41418807283,0.0
26206.31766503037,0.0
26235.77477158928,0.0
26256.249498916965,0.0
26192.62527071739,0.0
26076.30620273713,0.0
26003.42822056932,0.0
25993.112640740896,0.0
25986.37787029809,0.0
25959.30689843563,0.0
25920.389949266704,0.0
25911.927655055297,0.0
25958.824385078406,0.0
25985.688410594215,0.0
25933.272080521376,0.0
25853.266978722702,0.0
25873.699493281278,0.0
25982.58336553816,0.0
25987.864634067104,0.0
25856.90792411981,0.0
25748.826407239427,0.0
25721.875232605376,0.0
25691.372841533936,0.0
25660.257849822217,0.0
25712.978554401958,0.0
25815.098989121016,0.0
25873.486182521337,0.0
25904.86877497017,0.0
25952.85738850763,0.0
25930.94608734546,0.0
25836.612148258886,0.0
25793.132259092046,0.0
25843.681410731344,0.0
25912.70786393255,0.0
25908.119665168662,0.0
25837.16598372231,0.0
25807.045880368707,0.0
25843.68293224742,0.0
25835.551657976906,0.0
25756.01863566481,0.0
25713.267443952645,0.0
25749.64830330226,0.0
25786.426035364882,0.0
25768.166485311503,0.0
25748.868424009637,0.0
25806.941308462545,0.0
25915.019567817733,0.0
25973.102842592347,0.0
25953.253537406803,0.0
25911.42286381973,0.0
25899.592043358778,0.0
25924.18069744332,0.0
25947.070847258274,0.0
25949.984263673297,0.0
25990.485348219936,0.0
26085.45222262288,0.0
26240.961440921565,0.0
26412.25899328664,0.0
26458.883396541278,0.0
26398.205121016443,0.0
26377.678947399654,0.0
26415.964557854186,0.0
26449.73654577024,0.0
26431.399501663393,0.0
26366.893848921845,0.0
26357.244499355234,0.0
26464.706807340313,0.0
26592.869436855508,0.0
26661.713769588034,0.0
26702.61299370953,0.0
26756.607843600665,0.0
26839.458511982368,0.0
26911.546597887635,0.0
26946.092688343047,0.0
26996.957944769343,0.0
27069.438405975376,0.0
27086.114028006552,0.0
27078.91854725136,0.0
27128.41100620237,0.0
27190.82534978136,0.0
27203.509247953705,0.0
27224.30567115506,0.0
27330.192784237042,0.0
27496.79642974475,0.0
27653.986647973987,0.0
27734.133268150403,0.0
27726.03764617621,0.0
27733.115661788623,0.0
27822.681952122344,0.0
27930.933895649316,0.0
28014.77480423051,0.0
28122.074606810456,0.0
28197.983495097513,0.0
28178.554365384356,0.0
28162.48675863159,0.0
28199.257692585037,0.0
28258.973753730465,0.0
28319.569775574917,0.0
28374.125948086315,0.0
28457.827618045263,0.0
28573.80494599319,0.0
28728.767068908233,0.0
28913.08729913012,0.0
29070.72610279877,0.0
29166.26479321115,0.0
29180.831589965263,0.0
29149.03503247382,0.0
29152.12852788586,0.0
29211.972142528884,0.0
29264.144735956153,0.0
29278.80917514587,0.0
29315.153848264537,0.0
29383.043531297368,0.0
29421.85955706719,0.0
29467.966682594724,0.0
29569.069159252515,0.0
29689.555154578644,0.0
29791.47194762104,0.0
29871.922141097955,0.0
29943.787147191448,0.0
29987.301068385354,0.0
30014.220436228043,0.0
30062.132737962256,0.0
30105.09018262005,0.0
30107.620291242063,0.0
30130.258779389205,0.0
30222.766111868652,0.0
30349.855413406185,0.0
30439.201633780944,0.0
30460.01642577293,0.0
30473.707061583696,0.0
30525.45595609366,0.0
30590.79182993912,0.0
30618.655692650562,0.0
30602.518327249552,0.0
30557.21112454329,0.0
30521.172713206208,0.0
30543.959384069618,0.0
30598.130382869622,0.0
30639.40520125082,0.0
30645.311449620483,0.0
30594.931830104797,0.0
30563.38830515658,0.0
30622.33902300638,0.0
30725.856752132502,0.0
30762.56652690969,0.0
30726.088888119233,0.0
30713.048055842806,0.0
30716.617245389723,0.0
30716.921518609906,0.0
30767.379901762815,0.0
30860.229038255544,0.0
30919.06885619848,0.0
30873.941271517808,0.0
30762.697791323295,0.0
30683.641222100756,0.0
30644.03252576359,0.0
30640.32998873148,0.0
30717.261139194477,0.0
30827.21055249483,0.0
30893.621289980845,0.0
30919.93231451246,0.0
30894.61362188149,0.0
30846.95380174659,0.0
30863.79817340168,0.0
30905.27987985048,0.0
30891.915536165146,0.0
30873.698434144782,0.0
30861.001537137032,0.0
30808.0954336871,0.0
30747.863756884326,0.0
30739.704516481434,0.0
30741.088662503957,0.0
30665.012214014303,0.0
30595.105372380553,0.0
30616.278641592024,0.0
30623.141385425126,0.0
30542.039468345964,0.0
30459.024872246588,0.0
30419.809115563392,0.0
30436.68770208072,0.0
30512.030064541304,0.0
30589.627635261284,0.0
30591.664373104562,0.0
30493.37690164187,0.0
