594.7943339187897,0.0
491.9075939779342,0.0
432.845581980704,0.0
370.4189236600621,0.0
256.761639632023,0.0
143.65580120132418,0.0
91.21116923887269,0.0
86.01635648683859,0.0
92.02630300073093,0.0
98.6778508844591,0.0
107.81004896243991,0.0
119.49370967804974,0.0
134.87951686103676,0.0
162.06418599156748,0.0
195.57571691279202,0.0
237.8019926993984,0.0
311.7143676974047,0.0
365.5911616706985,0.0
328.62672791677755,0.0
268.04327414388854,0.0
254.11149212765287,0.0
277.18702520771063,0.0
301.103217000158,0.0
299.4053487352939,0.0
275.6990883261704,0.0
239.2365301359735,0.0
194.22263389537756,0.0
147.1420277116857,0.0
108.0359286746192,0.0
82.73056994866474,0.0
69.9932149840822,0.0
67.61464996280571,0.0
75.69198449998085,0.0
94.39040056652713,0.0
126.37319555797761,0.0
170.33547588845178,0.0
210.06314422037144,0.0
234.11128187229548,0.0
247.08743133759893,0.0
258.72374936125556,0.0
301.8648853777471,0.0
435.3416965449937,0.0
642.7819578745118,0.0
778.1305610460495,0.0
719.9772455014619,0.0
530.7529124227711,0.0
374.8111512095645,0.0
303.7882095967972,0.0
271.1683917835163,0.0
241.93530601670096,0.0
200.181678017607,0.0
148.26372419464903,0.0
104.76542455399733,0.0
79.07857775038104,0.0
65.8478296114164,0.0
62.10697547478384,0.0
69.81213374201049,0.0
90.56592402900546,0.0
123.82714647897816,0.0
158.91740360238904,0.0
184.26358332016343,0.0
203.0795825334419,0.0
218.51459301976283,0.0
233.08331331604938,0.0
274.5245905129378,0.0
395.4582379492379,0.0
579.1818051996713,0.0
686.1885546314147,0.0
619.6514369182319,0.0
463.6818133289461,0.0
356.77553151426827,0.0
316.8160923959731,0.0
295.6046124571552,0.0
274.7218474629937,0.0
242.4974849540594,0.0
195.89997132342103,0.0
148.94871444518265,0.0
113.32820966717357,0.0
93.07613876241693,0.0
89.62316265942185,0.0
101.49869655130752,0.0
124.99315732585717,0.0
158.67295773254511,0.0
193.15722929268466,0.0
214.53412525879278,0.0
228.4572883023591,0.0
244.5274661748768,0.0
257.7895985991717,0.0
260.2043378708377,0.0
254.05783220052422,0.0
255.77121864010005,0.0
298.35621381506456,0.0
398.7068894908336,0.0
475.27143944426615,0.0
455.9669902507269,0.0
431.19654294600593,0.0
426.2891629911101,0.0
364.4486378714293,0.0
267.8357381203677,0.0
187.8199356750297,0.0
132.0107622792443,0.0
98.35736744339785,0.0
81.44579394297511,0.0
76.10447873377561,0.0
81.5426254348162,0.0
95.69505804313246,0.0
119.41809575578765,0.0
156.2839363915665,0.0
194.40128810185308,0.0
218.974983615731,0.0
233.27054218819296,0.0
238.4792337600109,0.0
236.26542569938135,0.0
233.95328144950378,0.0
237.71714869648645,0.0
257.6965886195551,0.0
294.0324272106764,0.0
321.35768197453746,0.0
322.6403051536833,0.0
310.0418834340177,0.0
290.08892899817783,0.0
259.85679027250177,0.0
215.07086088987526,0.0
160.5952544745241,0.0
113.39357885290464,0.0
83.83246388065099,0.0
69.8893823642463,0.0
67.98600302257405,0.0
76.14946747656255,0.0
91.72819188977999,0.0
118.0479904899987,0.0
156.77283715342904,0.0
193.3934682050876,0.0
217.31965006248507,0.0
236.1170701556,0.0
252.59181522685142,0.0
267.0499478220984,0.0
276.86828333983885,0.0
273.85651382424265,0.0
270.94412756805417,0.0
278.27441119818985,0.0
289.3055275459494,0.0
299.12077803329066,0.0
302.8540958044502,0.0
303.04731915426345,0.0
294.1330346790082,0.0
256.94521948421703,0.0
197.33815702401668,0.0
142.79184557077272,0.0
103.39450445659797,0.0
76.83677684710095,0.0
63.97994143178518,0.0
65.32625485107359,0.0
76.27530068426061,0.0
93.96465651160287,0.0
119.77603994659309,0.0
153.93188118115768,0.0
194.09454726038797,0.0
228.42204175379746,0.0
240.19675506562564,0.0
233.5292697612964,0.0
227.9381757420963,0.0
226.6379014431837,0.0
222.8606587389758,0.0
224.7441602796697,0.0
247.1833408291598,0.0
296.72003243069133,0.0
374.59633603371606,0.0
436.30114823937026,0.0
405.09203993589597,0.0
303.77038170594614,0.0
212.92372125902142,0.0
154.36254025902164,0.0
112.12541008199166,0.0
81.20269474152968,0.0
66.6365532576316,0.0
68.21870523160464,0.0
77.78070613865857,0.0
88.84352593910377,0.0
103.14596179955734,0.0
124.63216114458552,0.0
152.16857986996888,0.0
175.10070035288263,0.0
183.76409362146688,0.0
185.28671671753082,0.0
191.06203567771232,0.0
207.29557334805224,0.0
229.90745795473666,0.0
250.5482751260539,0.0
271.0158619545208,0.0
288.03322735438775,0.0
291.21637499736363,0.0
276.5896475474825,0.0
245.9652756338019,0.0
204.4557874543736,0.0
162.05144862972722,0.0
126.74487533817353,0.0
100.21633656746214,0.0
86.72161682080058,0.0
86.32427542392644,0.0
95.21944282373694,0.0
117.12859120837432,0.0
147.67257706914071,0.0
177.6899111655336,0.0
209.21913978727957,0.0
235.2905788254548,0.0
245.70185168791502,0.0
249.73120207590063,0.0
256.99060511881436,0.0
263.1903661352266,0.0
264.85009394415295,0.0
271.6825845002427,0.0
298.02678603350734,0.0
365.1251464400726,0.0
491.9860386483998,0.0
610.1127322640363,0.0
581.0547012614788,0.0
419.9684805527793,0.0
271.9208425166662,0.0
187.05236100970373,0.0
136.42802871877544,0.0
102.91283551773338,0.0
81.84917468357034,0.0
74.04072983999352,0.0
81.11718856693106,0.0
101.01642697195476,0.0
131.18714626511672,0.0
163.85271227419824,0.0
194.13610867269693,0.0
233.65876498843357,0.0
280.07295834190677,0.0
314.4610935440433,0.0
318.83287713075987,0.0
295.3310865437833,0.0
303.2740413674104,0.0
381.5526257611779,0.0
449.6049511558075,0.0
430.50925737535243,0.0
404.4932326118596,0.0
436.72520493575297,0.0
464.16464311319106,0.0
414.7778493174254,0.0
304.185516910861,0.0
201.12577158841074,0.0
136.20005172975667,0.0
99.35745902621859,0.0
82.14645788132015,0.0
83.98739742614383,0.0
99.93403707272354,0.0
126.37861484656558,0.0
166.40588245633728,0.0
203.87679431237706,0.0
224.91896853506205,0.0
258.80811397820014,0.0
332.3492093552326,0.0
393.70489118390867,0.0
372.679243860676,0.0
310.2359421101629,0.0
293.8278547525275,0.0
339.9076781290812,0.0
385.1006770963555,0.0
381.13302939781,0.0
358.28602927096375,0.0
346.4246505188229,0.0
369.560432854977,0.0
449.55719568019646,0.0
508.3821866987967,0.0
423.1939505110434,0.0
248.5087842256332,0.0
124.85124565987995,0.0
76.21552615158834,0.0
62.572122156429444,0.0
65.91181061277663,0.0
86.87167001612814,0.0
128.64499689370942,0.0
181.67606762634196,0.0
224.2576551859415,0.0
245.8064935011778,0.0
256.8019316407804,0.0
287.9204111072609,0.0
362.3297110903393,0.0
411.95370078195094,0.0
363.30047353692004,0.0
301.8719808907154,0.0
317.4448932798667,0.0
414.488642745317,0.0
545.8238782271154,0.0
595.2990049219762,0.0
500.11280090888,0.0
352.241168986338,0.0
251.2247143899368,0.0
188.14852731315014,0.0
131.18472233725296,0.0
87.26480570470434,0.0
67.21109718192393,0.0
69.5389450147599,0.0
85.43969419621604,0.0
110.02392144594383,0.0
150.95287603583085,0.0
197.72218746291014,0.0
230.84238318429428,0.0
254.95978890181772,0.0
270.75539965926237,0.0
270.85937899022696,0.0
262.9497186566616,0.0
257.9543165201212,0.0
259.6238630909249,0.0
269.0887505832577,0.0
279.8597431898396,0.0
284.5507692889731,0.0
285.78897351581884,0.0
292.96491043039657,0.0
305.8694232664565,0.0
306.9881991678402,0.0
277.161930928793,0.0
215.22472296748447,0.0
152.3509415445624,0.0
111.65017496718609,0.0
90.30115892412111,0.0
81.82378072993099,0.0
83.39573026346605,0.0
91.36907001780816,0.0
102.78268566201862,0.0
122.2945060132648,0.0
157.5873022566831,0.0
218.78938045897235,0.0
311.71155821016976,0.0
375.66644952920717,0.0
348.23878104273945,0.0
294.03011279946617,0.0
276.4439884853799,0.0
306.0970885075585,0.0
392.73379216526644,0.0
457.8054833809258,0.0
407.9317253545819,0.0
318.7498792045816,0.0
273.5902764976104,0.0
254.61702292671342,0.0
227.53189635253895,0.0
187.480979670882,0.0
149.41449837085116,0.0
119.95305622538982,0.0
99.2523527253853,0.0
90.48137100665353,0.0
92.37578625215427,0.0
97.43893814052478,0.0
103.91943659615768,0.0
117.65159318777702,0.0
141.54364933486534,0.0
171.7111070640108,0.0
201.13051175563447,0.0
234.20981680703855,0.0
312.84066848644966,0.0
473.26120968683904,0.0
584.6551332959805,0.0
521.1357998189463,0.0
438.485452764841,0.0
445.41189428797105,0.0
491.5871687207796,0.0
518.6904552953371,0.0
478.3022147935853,0.0
416.6454762723581,0.0
356.75454964044997,0.0
254.30460846046313,0.0
151.12898755554747,0.0
96.9012687006901,0.0
77.18035399212391,0.0
72.51137630857144,0.0
78.18536006077674,0.0
98.19489570968672,0.0
140.0762189956782,0.0
188.4016811148111,0.0
216.2342799247682,0.0
228.49692647199333,0.0
234.1188063012397,0.0
235.98093358288787,0.0
239.80771197473592,0.0
243.39272498385506,0.0
247.5841557724465,0.0
252.27575377739672,0.0
254.057453325347,0.0
263.1122050233178,0.0
293.2001643228394,0.0
372.08371178985743,0.0
520.0971105018108,0.0
596.8090229593439,0.0
457.20260711074246,0.0
250.136700003229,0.0
127.45023010733742,0.0
75.76979089196624,0.0
57.802768818931476,0.0
56.44872936235382,0.0
67.1927181263183,0.0
89.36068921025013,0.0
122.29908939001038,0.0
162.26842347948204,0.0
208.33655886019312,0.0
290.0699378061853,0.0
433.84289501576586,0.0
528.8661263908471,0.0
460.6903432569741,0.0
350.5408307396026,0.0
300.4981156670472,0.0
280.19341949585896,0.0
275.5250427195594,0.0
319.9568301079956,0.0
449.88537373599235,0.0
589.560264639414,0.0
572.7194660317592,0.0
408.7139008303125,0.0
255.7964898270645,0.0
169.60587497514908,0.0
120.22677662178528,0.0
90.83734879122308,0.0
77.82409234090785,0.0
78.31056960993602,0.0
88.39187312056109,0.0
104.6739538436894,0.0
130.6067983809856,0.0
164.04466172181088,0.0
194.10520345485838,0.0
222.58976699389692,0.0
247.23962162030642,0.0
270.25540659067644,0.0
317.1738825241457,0.0
354.5691254446932,0.0
324.2109041859884,0.0
277.46844091846896,0.0
290.7000587938853,0.0
385.1095325708955,0.0
512.6763522768703,0.0
581.0443379799783,0.0
557.8465468456778,0.0
492.29736768361266,0.0
419.51207776307575,0.0
303.00538238545226,0.0
178.36650975557575,0.0
108.35730391753837,0.0
83.9836244422223,0.0
79.21106360742134,0.0
84.59297906538684,0.0
99.0021012959795,0.0
125.12986614786514,0.0
162.3636292377829,0.0
205.9577981234601,0.0
272.6325695387775,0.0
393.82094882281825,0.0
524.266104818658,0.0
561.199121800783,0.0
523.4826274418407,0.0
463.17106230541765,0.0
368.99680655118954,0.0
303.81191045875295,0.0
321.76034092996485,0.0
414.05187280337196,0.0
551.0122758357435,0.0
597.8677403026953,0.0
457.84877670453926,0.0
274.9512326362041,0.0
167.06923822246603,0.0
112.41528058761257,0.0
82.063480305763,0.0
68.44398819088987,0.0
68.75902866541301,0.0
78.90351587583139,0.0
96.454572484173,0.0
122.32485333475768,0.0
148.2011774198692,0.0
161.6296842134141,0.0
172.75293559664686,0.0
217.36531774514532,0.0
315.2935941093927,0.0
388.06993231886025,0.0
353.6994597314881,0.0
286.501769564467,0.0
273.6990613358935,0.0
332.818156839093,0.0
451.017091790261,0.0
519.3175785629181,0.0
441.18130762830157,0.0
319.12562432181176,0.0
247.89768394802945,0.0
205.69227986070388,0.0
166.06333901068516,0.0
130.56264078746798,0.0
104.76283696498527,0.0
89.53360855845487,0.0
83.28003320548908,0.0
83.2536677735243,0.0
88.14527610656025,0.0
99.85097607392697,0.0
121.73912122514372,0.0
149.8454112245007,0.0
173.78495556636037,0.0
194.1898464156224,0.0
238.0274629954935,0.0
330.6941452718017,0.0
400.87476997183416,0.0
365.05201828508507,0.0
297.40793415704945,0.0
275.09017218368103,0.0
283.8382249188744,0.0
294.32941388378117,0.0
299.47000555648435,0.0
325.83970750491903,0.0
384.0195342280266,0.0
392.7790405455753,0.0
297.1204134379863,0.0
185.65670470480384,0.0
124.08570840575005,0.0
95.04673821412123,0.0
81.946616710482,0.0
81.14187161284246,0.0
87.69271683904917,0.0
98.32796283325548,0.0
114.93310820163632,0.0
144.87870482192668,0.0
212.0357668305405,0.0
346.2621353903687,0.0
483.87072734976175,0.0
487.18035583476853,0.0
377.72189514663273,0.0
289.19923471791606,0.0
260.1560843161603,0.0
293.8669456675425,0.0
417.2263348660942,0.0
589.3530926916571,0.0
724.7360939259904,0.0
786.1878259883268,0.0
733.2140052419485,0.0
555.6902090787211,0.0
337.08483760691325,0.0
187.90431369871126,0.0
123.31105415833701,0.0
97.78947149253709,0.0
88.12619330573357,0.0
90.18523517421161,0.0
104.15982146975952,0.0
132.2564378025311,0.0
164.8712681263839,0.0
184.82348417189468,0.0
194.12747451438807,0.0
201.42647758059496,0.0
207.50742764409722,0.0
222.0603831584267,0.0
278.4652835917351,0.0
397.1978142662423,0.0
476.5131352764953,0.0
414.6264546084208,0.0
330.30853961368297,0.0
341.4281311885377,0.0
421.07307529760124,0.0
457.09150613046177,0.0
369.8743482364834,0.0
233.44435004531212,0.0
141.02278508824682,0.0
104.61197941088861,0.0
91.40314468004688,0.0
80.72147416510501,0.0
74.88548699156772,0.0
78.76289836873998,0.0
97.93360841261325,0.0
135.31967046728192,0.0
177.18128563947806,0.0
210.50999531080168,0.0
258.13329890265817,0.0
344.0400987454692,0.0
400.47148695464404,0.0
356.8837414896132,0.0
289.33899362814225,0.0
264.59350001499917,0.0
267.8658376365735,0.0
288.0389926825183,0.0
329.1178772718319,0.0
378.56237543979756,0.0
419.38044013747367,0.0
448.47018389890417,0.0
423.18519996908515,0.0
318.83816172913623,0.0
202.94249287038053,0.0
129.8556934250076,0.0
95.7005424215876,0.0
83.98979683379493,0.0
82.13362097096719,0.0
86.10667830662089,0.0
99.48231940785145,0.0
124.59660166775953,0.0
155.0119603291391,0.0
176.4526170413537,0.0
185.3914584547156,0.0
189.6214414340162,0.0
193.36460397032025,0.0
201.6021182182601,0.0
216.8280208909347,0.0
231.33007731317926,0.0
241.57687269160564,0.0
263.75331094736435,0.0
333.8363741145485,0.0
466.9710718317801,0.0
554.7539311474413,0.0
484.42240240972933,0.0
354.12705799988265,0.0
264.7100763524188,0.0
199.93678316661976,0.0
146.0922305714478,0.0
109.18593390906086,0.0
88.33074601616362,0.0
79.27816437163608,0.0
80.48207163426125,0.0
92.1302330271995,0.0
117.64826310957885,0.0
153.21483920166696,0.0
182.2167522095066,0.0
198.28153445290283,0.0
207.86469681774307,0.0
214.40411057334674,0.0
218.09242834733487,0.0
222.34936260916402,0.0
234.3334431341949,0.0
262.86018108451594,0.0
325.9247885916236,0.0
431.1563671765147,0.0
537.6100788921456,0.0
588.7950039318483,0.0
539.0520158007434,0.0
402.583370784738,0.0
272.908777368864,0.0
190.05230766308043,0.0
135.92063898588688,0.0
99.91237658162333,0.0
79.27892442931429,0.0
72.0430582421018,0.0
77.62696728095386,0.0
95.93117872844842,0.0
123.49800939801395,0.0
149.04778077112908,0.0
162.14408100133875,0.0
169.08216082646584,0.0
182.0059046824193,0.0
205.50121966142297,0.0
236.89734636510926,0.0
256.3550099326572,0.0
254.73338854974332,0.0
283.48437327515904,0.0
387.4347586815391,0.0
485.3921729557823,0.0
491.3542377004178,0.0
470.8130537938977,0.0
430.72469639671476,0.0
335.21813095913467,0.0
235.4590943704476,0.0
160.3156347492704,0.0
102.96510202092654,0.0
65.75246673125005,0.0
48.1528829609521,0.0
45.8049689558726,0.0
54.07916100741803,0.0
66.28745168068689,0.0
80.60419555713528,0.0
106.0898998959864,0.0
148.03821828311905,0.0
183.01010146779603,0.0
187.36226255745993,0.0
181.3128133976138,0.0
185.53451308999396,0.0
195.26090055514692,0.0
201.51584128329463,0.0
210.95679848041945,0.0
264.2748158757529,0.0
400.8997894245491,0.0
521.1142319035221,0.0
479.3056877431849,0.0
343.7522998169716,0.0
243.80738435590936,0.0
194.42416844918057,0.0
163.44335944946351,0.0
131.93376039941288,0.0
98.04100709451272,0.0
68.37843857825577,0.0
49.21089907744826,0.0
41.92327076819702,0.0
42.7294190490499,0.0
49.31233094099815,0.0
67.16592449142574,0.0
102.4315866038215,0.0
143.8495508829121,0.0
171.97069818463171,0.0
199.42796027957405,0.0
256.0766473314903,0.0
309.26606285813745,0.0
289.3457745807838,0.0
228.6188540237979,0.0
223.82650599155716,0.0
311.08957299883383,0.0
400.47194882130333,0.0
386.2616475369328,0.0
319.9878629195343,0.0
274.2569096142438,0.0
234.0805984265057,0.0
181.17947550580604,0.0
131.95084835024588,0.0
100.33839576423777,0.0
86.52909920333535,0.0
81.95090725065197,0.0
77.5184063466846,0.0
77.51356924195021,0.0
90.91794922300765,0.0
120.69631617100329,0.0
157.22756683150246,0.0
186.39103821195613,0.0
204.20530879121452,0.0
212.4900053642711,0.0
215.55935006221443,0.0
221.85953716623695,0.0
253.07126120502278,0.0
333.2855346507564,0.0
419.782264466774,0.0
436.260473127773,0.0
419.9799152412829,0.0
440.13342649055954,0.0
462.94692228864864,0.0
414.8453480511165,0.0
300.5732245637969,0.0
205.32382371866086,0.0
156.24382368292976,0.0
118.79177341717454,0.0
88.0340493060919,0.0
72.49198664972278,0.0
71.96231163449602,0.0
86.62535866030099,0.0
117.64409454667313,0.0
155.80613134686033,0.0
181.66837331995023,0.0
190.71827166788805,0.0
193.1770491247805,0.0
194.99060693660445,0.0
194.55642517003344,0.0
190.3995507147384,0.0
191.9029593877534,0.0
208.65665558335482,0.0
237.76617747639216,0.0
278.2151223776028,0.0
332.08550145259636,0.0
369.88035868857503,0.0
357.1445831546429,0.0
310.7622753422404,0.0
254.98328373885727,0.0
193.04228964179686,0.0
134.2069266961449,0.0
91.83266697560383,0.0
71.06488051764437,0.0
67.77524352615919,0.0
74.51655856273011,0.0
88.95801250993988,0.0
115.38827249122241,0.0
149.53629980030627,0.0
177.8961366803634,0.0
197.31009213750258,0.0
207.5334891683055,0.0
212.38815089493707,0.0
229.402899323688,0.0
276.76438563004285,0.0
354.0763572205924,0.0
400.72615748944423,0.0
369.192697072062,0.0
351.5028328001403,0.0
416.4735388293418,0.0
484.88970684608864,0.0
478.05766172636106,0.0
413.9598674880082,0.0
309.40923286959367,0.0
206.43898727323625,0.0
143.63331657831387,0.0
110.24540972173425,0.0
90.10735224649552,0.0
79.24370886110074,0.0
79.6426805857863,0.0
92.92313680094313,0.0
116.10958946258482,0.0
140.77251021562424,0.0
161.55645779322472,0.0
189.72179808353687,0.0
256.68365725047147,0.0
398.8106902774472,0.0
552.007361246412,0.0
580.3899608077221,0.0
483.4983099772171,0.0
378.35150548902027,0.0
363.2126681637369,0.0
400.48107917667284,0.0
386.8968953773295,0.0
325.0571073218896,0.0
274.5145242550311,0.0
247.41749503613727,0.0
217.8349596722147,0.0
177.5229275179164,0.0
145.99832751688078,0.0
123.38885897061856,0.0
94.92774866754556,0.0
73.15477966722858,0.0
71.8157869404347,0.0
86.08142661566238,0.0
109.43215344279301,0.0
132.0369178738849,0.0
144.28407093923678,0.0
153.19523923765317,0.0
167.49843014569527,0.0
181.07210907420767,0.0
186.5535172985126,0.0
190.46313645816804,0.0
196.78225525196083,0.0
202.56655540676553,0.0
211.8727016748283,0.0
231.7106174306181,0.0
258.3756306812718,0.0
271.0145143598343,0.0
259.53647596623057,0.0
242.2891150188104,0.0
220.2231566411044,0.0
178.79983662568847,0.0
130.5106573550104,0.0
93.59520914214777,0.0
71.77930738421479,0.0
64.42635326213538,0.0
68.51572106731739,0.0
78.6812071797234,0.0
91.85676668776543,0.0
109.05021910815627,0.0
129.56657920795843,0.0
151.53201158659607,0.0
174.11352958036923,0.0
192.89440215308733,0.0
212.90933599631293,0.0
267.2065919299115,0.0
380.71956741270606,0.0
464.58383133565405,0.0
432.99329040780754,0.0
401.2086595264838,0.0
408.0627330310677,0.0
362.9394890954059,0.0
286.1023357275682,0.0
222.8669489156802,0.0
173.24206546997735,0.0
138.63071547187414,0.0
119.24627990675711,0.0
103.7239360257784,0.0
83.66405738020862,0.0
67.94868476435855,0.0
65.31652127023888,0.0
70.70042525053645,0.0
78.76190880391552,0.0
92.62241400344564,0.0
119.29292819779694,0.0
159.5575271519176,0.0
198.83475899069572,0.0
223.91528119505261,0.0
231.57465304658953,0.0
225.82517867793118,0.0
224.57330636833186,0.0
236.98940989925205,0.0
263.60018114897673,0.0
310.8412088495793,0.0
382.46927494634497,0.0
423.8491553806787,0.0
369.0912284280159,0.0
276.2344841153756,0.0
208.20441709334688,0.0
154.65534540615894,0.0
108.62673303852776,0.0
76.75948452607018,0.0
60.26838826631082,0.0
56.79557135295409,0.0
63.59932625767767,0.0
78.84964598775352,0.0
103.08654693580708,0.0
137.8692376353304,0.0
178.64594172082462,0.0
216.58842469922718,0.0
252.90025356866377,0.0
287.56758717485314,0.0
308.6728782083633,0.0
310.4905941485914,0.0
289.1400564971334,0.0
264.0013527299549,0.0
270.4622538805587,0.0
309.7171495243353,0.0
337.7245231376378,0.0
321.40632109309394,0.0
291.65123123457164,0.0
266.22587781002215,0.0
222.01797973845413,0.0
167.60160871343328,0.0
124.87024826762597,0.0
91.75126551160956,0.0
68.25400280816812,0.0
59.776242727380904,0.0
65.007190830641,0.0
78.52337710094554,0.0
98.36128183850875,0.0
128.0502961550637,0.0
167.9760152717946,0.0
215.18907459715015,0.0
253.4677674088161,0.0
257.45947542043075,0.0
241.36486971547873,0.0
238.1126065418515,0.0
249.49533552273473,0.0
261.2740370413905,0.0
274.21355610908324,0.0
282.3738305689505,0.0
278.5941613158193,0.0
270.9049717720793,0.0
259.7937387216426,0.0
236.84215525840216,0.0
199.45224574783697,0.0
150.81910271756337,0.0
102.80116706089878,0.0
68.49223615969771,0.0
51.383253042070834,0.0
47.6302366770922,0.0
51.58976208053232,0.0
61.35747543184692,0.0
82.02675163829419,0.0
112.36805204159728,0.0
137.2422390629265,0.0
157.01863086531475,0.0
195.55225970809,0.0
252.74600894463887,0.0
293.0054124900273,0.0
304.72047300718543,0.0
293.34408386977225,0.0
257.1540450433507,0.0
245.4359449149455,0.0
295.8428400861731,0.0
344.9760761844505,0.0
324.89195566124914,0.0
271.40010811731406,0.0
220.03264193263982,0.0
171.6920928630779,0.0
135.18864413076147,0.0
110.43392021821127,0.0
89.98201971642702,0.0
73.5232127938666,0.0
63.74976305765842,0.0
63.33424628863994,0.0
74.87171586430381,0.0
102.95425749336422,0.0
148.06377859200379,0.0
187.28558079850853,0.0
202.88204007261916,0.0
215.31297314390363,0.0
230.9700192220518,0.0
233.68815019439666,0.0
235.65369517344638,0.0
260.90819531546305,0.0
279.47192465992265,0.0
259.80272916853176,0.0
253.25885449612656,0.0
294.82352531484446,0.0
325.0271195531734,0.0
289.1044484647419,0.0
226.7933666229894,0.0
172.73072681565952,0.0
123.45177358942132,0.0
83.5374542103703,0.0
58.784519752527906,0.0
48.64949611486619,0.0
49.04101491718211,0.0
55.31193129706263,0.0
66.47798269356555,0.0
85.35519977372775,0.0
109.76336991912754,0.0
123.2812391546666,0.0
109.38452005160022,0.0
88.51971455055553,0.0
111.32268303034,0.0
194.75338831271944,0.0
298.7142522476964,0.0
343.0360611094715,0.0
308.35793870933617,0.0
281.7661675678785,0.0
279.88068610117455,0.0
253.65891131535852,0.0
219.17825338081218,0.0
193.12896821143485,0.0
167.79437480374852,0.0
139.99781263961216,0.0
111.78271157926423,0.0
88.38661601079433,0.0
72.043610084607,0.0
62.5532644199632,0.0
58.959378104328906,0.0
60.03653945335484,0.0
66.61163320932785,0.0
80.50685513039119,0.0
99.90661906974074,0.0
120.6131851742623,0.0
140.74893899507038,0.0
164.58947987353656,0.0
200.7988251508366,0.0
224.7558085888784,0.0
207.4533722051016,0.0
183.96249721099375,0.0
191.80593109015342,0.0
235.81356051281614,0.0
286.14836513722486,0.0
288.17978958047314,0.0
245.46174572689822,0.0
210.4738886641998,0.0
211.29546041843648,0.0
242.04883028095406,0.0
249.86599561480838,0.0
190.79812614836703,0.0
111.6713291461518,0.0
64.40556245734447,0.0
49.520405083363706,0.0
51.75769647977625,0.0
58.49488540272523,0.0
66.74122960099672,0.0
80.67369373898974,0.0
100.72861006094996,0.0
121.03654762644923,0.0
137.08733344652302,0.0
145.6678299203968,0.0
146.38410411225252,0.0
145.093709207016,0.0
148.34386473519302,0.0
158.0751487076449,0.0
172.52933616007186,0.0
189.88585269113236,0.0
216.4171914599881,0.0
259.174103348237,0.0
287.8238357960072,0.0
260.5744919688989,0.0
198.4391999343432,0.0
143.60192720844785,0.0
108.64415067254834,0.0
88.35153793715018,0.0
75.0992549484176,0.0
67.05412210703736,0.0
65.78797604150685,0.0
76.14165183942248,0.0
103.35987472490028,0.0
134.39909895888317,0.0
150.61448426944747,0.0
159.15675884332592,0.0
170.3833222824288,0.0
181.80277889972263,0.0
190.8661303897498,0.0
191.96768984007502,0.0
185.92616386700857,0.0
183.72139437245974,0.0
186.1119564911114,0.0
186.38822870705184,0.0
184.61139031497902,0.0
180.53632417069582,0.0
174.6038419419516,0.0
167.68384006294932,0.0
150.9289568622809,0.0
119.23034834451795,0.0
84.36359655569544,0.0
61.44055855172532,0.0
52.92865572411716,0.0
50.98172163484315,0.0
51.366406779158076,0.0
57.23043773806325,0.0
72.78996994161125,0.0
98.42410128956384,0.0
122.48159411537989,0.0
133.1121005143978,0.0
135.3165587460626,0.0
136.05724467863266,0.0
138.30618152734527,0.0
143.65131327186427,0.0
143.70600720940604,0.0
132.85998885634726,0.0
124.72072181010013,0.0
123.08427301881093,0.0
117.35244199775862,1.0
102.41787027453128,1.0
77.15646749435487,1.0
49.81478393879718,1.0
32.10718684964597,1.0
22.71987596401436,1.0
15.754430027779362,1.0
9.585013749085247,0.0
5.182401055863566,1.0
5.769100258430367,1.0
20.06490070590415,1.0
53.8628053186291,1.0
77.29841771101563,1.0
59.042783829648556,1.0
28.837086006174644,1.0
15.63172420361756,1.0
13.329426433171289,1.0
12.82977399249358,1.0
11.328248876970404,1.0
8.728872071673122,1.0
6.2872340243065645,1.0
5.592789844998859,1.0
6.5648041552393215,1.0
7.322154044515868,1.0
6.489774013210701,1.0
5.0745023223514725,1.0
4.317879318981405,1.0
4.1613209471617205,1.0
3.8879867840118196,1.0
3.089250450756271,1.0
2.089098498732463,1.0
1.586893003411725,0.0
1.9777885817424792,1.0
5.273491783061661,1.0
20.200578087522807,1.0
53.323115833051745,1.0
75.59053284315938,1.0
55.755129210787786,1.0
23.735082213421755,1.0
9.538465481018601,1.0
7.840172265401605,1.0
9.100900760396177,1.0
9.00244994509674,1.0
7.1778272637572815,1.0
4.994731669039986,1.0
3.6627846565606044,1.0
3.4575543279686087,1.0
3.65482887043549,1.0
3.439931300507315,1.0
2.831339445183294,1.0
2.431992755089014,1.0
1.9418747536670342,1.0
1.1514996650019462,1.0
0.5312565417094013,1.0
0.3638252113078495,1.0
0.47938185877546785,1.0
0.7805621612606933,1.0
1.532647233328116,1.0
2.5096520507251494,0.0
3.050789207240483,1.0
5.291905122966237,1.0
18.96978293662828,1.0
51.225867986175246,1.0
73.08288516240908,1.0
53.432650507766304,1.0
22.438420131506575,1.0
9.658662394110955,1.0
8.264008991893649,1.0
8.327142711382235,1.0
7.956115153646508,1.0
7.857767456091789,1.0
7.786423164028362,1.0
7.616742379710516,1.0
6.912988178578217,1.0
5.301706264355358,1.0
4.044266432748776,1.0
3.968175231128657,1.0
4.563923296896549,0.0
5.48846966221534,1.0
8.676821115994958,0.0
23.698621287036488,0.0
58.36325226284372,0.0
87.24167019149151,0.0
87.39225773163503,0.0
92.37515958969321,0.0
125.3971642085288,0.0
172.94202823468123,0.0
220.10490830216597,0.0
256.23584755978027,0.0
278.15603589115324,0.0
293.8673350514759,0.0
308.1588608786361,0.0
315.47985724336036,0.0
322.4980153397534,0.0
347.01032460186326,0.0
370.70569142494384,0.0
361.71586012707223,0.0
333.5779443221968,0.0
300.09363018021133,0.0
262.87352049720107,0.0
222.9468915739318,0.0
178.06457373301322,0.0
135.17690355146263,0.0
106.30022377846419,0.0
101.0363602590259,0.0
124.76206712232899,0.0
154.21868601130882,0.0
164.88207766333733,0.0
185.66727915750653,0.0
214.3550893173294,0.0
216.06041391003097,0.0
214.4404144359391,0.0
231.8602727578171,0.0
250.959325529457,0.0
261.8211340069387,0.0
277.8866988373235,0.0
311.10950302177963,0.0
336.333179892436,0.0
325.1787918748971,0.0
311.2527808056566,0.0
320.54795781451816,0.0
330.4673803117597,0.0
322.9525100868868,0.0
296.57099149648633,0.0
248.73507159899407,0.0
188.2783084213338,0.0
137.61035670624025,0.0
114.1823507164465,0.0
123.7154055105541,0.0
137.16080503831165,0.0
123.59654649768252,0.0
114.45435895033606,0.0
138.04489622143302,0.0
177.54630909638882,0.0
215.50094726172406,0.0
244.1646735799043,0.0
253.15909624577316,0.0
261.0289152861216,0.0
315.1200876402643,0.0
415.61922178218856,0.0
485.24249897830197,0.0
462.38828129444784,0.0
386.2110006236331,0.0
341.5658594029357,0.0
365.50257306958645,0.0
431.57173527565016,0.0
456.31878083556126,0.0
387.000533319445,0.0
279.88330870178146,0.0
197.59191962774145,0.0
144.9523083854929,0.0
111.23752794523104,0.0
92.62662853275168,0.0
88.89093952944881,0.0
106.75270944783217,0.0
152.2544157294265,0.0
197.06150801394782,0.0
209.2012594065447,0.0
211.82156733100854,0.0
227.36056958254514,0.0
254.2462085786079,0.0
292.5402571249505,0.0
319.4078378125108,0.0
306.9459301393563,0.0
283.94689941480465,0.0
285.0730477231129,0.0
305.21390833120375,0.0
323.83449030043926,0.0
325.7830033483375,0.0
311.175474644035,0.0
297.67548171245073,0.0
291.70002934637563,0.0
264.55679051748774,0.0
200.35034537870393,0.0
136.18962197855726,0.0
100.47201326800031,0.0
87.02269508242699,0.0
93.48575320175509,0.0
127.1382176014773,0.0
161.73215750900914,0.0
165.95251767675214,0.0
168.31965398867493,0.0
183.63757762831474,0.0
181.50751034789795,0.0
177.78085166130302,0.0
217.20175282712194,0.0
276.3941211863101,0.0
308.262397348864,0.0
303.16633953743155,0.0
296.6109338153436,0.0
305.5004957648382,0.0
311.8758256525043,0.0
309.92744517675163,0.0
314.05552659519566,0.0
322.1443874954197,0.0
308.10754695156356,0.0
260.9823511458586,0.0
201.57701459571123,0.0
150.52747212143748,0.0
125.01570473423864,0.0
135.71838893493828,0.0
149.74027504650377,0.0
130.30931048016444,0.0
106.5408329777638,0.0
110.66570507941307,0.0
138.4677866651632,0.0
179.52012098699296,0.0
227.713019167007,0.0
278.32424537620295,0.0
308.2906924867346,0.0
296.40791838820246,0.0
273.8101784511976,0.0
276.3993158356231,0.0
303.713374285039,0.0
341.9548863155325,0.0
391.35041084636407,0.0
459.0903568234883,0.0
497.0755835684323,0.0
447.76383156193225,0.0
356.0184891551635,0.0
274.546422123775,0.0
198.04008759230697,0.0
133.43004910639644,0.0
96.09965851210416,0.0
83.0359403402198,0.0
92.59913573627118,0.0
128.40074452609358,0.0
164.4881326731053,0.0
172.63061312326423,0.0
173.82420566462557,0.0
186.68408219837124,0.0
208.89373095528407,0.0
232.94696072128434,0.0
262.8114371978306,0.0
339.3000868383563,0.0
474.96665560095494,0.0
573.5320356772813,0.0
559.6569724891524,0.0
476.6938832581456,0.0
384.373085001125,0.0
327.7105173551267,0.0
303.48341949949184,0.0
279.5884141409577,0.0
251.6516761643529,0.0
213.9085581064283,0.0
159.80028116399748,0.0
109.12968609713504,0.0
82.63142444162315,0.0
81.69587576020449,0.0
100.36836650307957,0.0
119.07072440230824,0.0
116.80838641634705,0.0
114.28865823659555,0.0
135.2843920230988,0.0
178.65486159318093,0.0
257.21638650930595,0.0
407.91212462909635,0.0
580.6631687149396,0.0
638.1622464891648,0.0
548.0399656404962,0.0
396.754948609412,0.0
288.014621951771,0.0
251.3301804122737,0.0
255.2926698199043,0.0
267.7755362181823,0.0
269.8047138137316,0.0
258.1108019110386,0.0
236.9816576018125,0.0
208.49177629273555,0.0
175.06623477369024,0.0
138.65743870617737,0.0
102.08539846023385,0.0
76.87461303048873,0.0
70.50944021742181,0.0
71.29030454136242,0.0
66.8593886564456,0.0
65.18665879999432,0.0
78.2185677439825,0.0
111.54216481939027,0.0
160.1147440930555,0.0
203.99780982823358,0.0
230.0290680111393,0.0
244.96531456889653,0.0
266.5771333218851,0.0
310.35929399037354,0.0
363.0717611102618,0.0
402.8826138339125,0.0
411.8284139347201,0.0
378.38527689195325,0.0
339.5602180247713,0.0
315.45407145746185,0.0
283.5289043762533,0.0
232.59913991143011,0.0
171.75885262646756,0.0
122.24225234824637,0.0
100.00853595474466,0.0
104.78131296047673,0.0
109.28978005733572,0.0
96.24536718607222,0.0
93.32553787964991,0.0
119.0374718573677,0.0
154.48796395715596,0.0
179.92036954811275,0.0
206.6460801799909,0.0
248.46562208951661,0.0
301.4810869815578,0.0
382.659840782813,0.0
467.2581258208475,0.0
468.1121328102903,0.0
428.96244756674236,0.0
427.3651466579064,0.0
412.6334088790657,0.0
362.7989607545136,0.0
319.72743276690596,0.0
293.9008817125964,0.0
270.8940038572294,0.0
235.14421038032876,0.0
183.8922053586493,0.0
135.96387795773072,0.0
103.8738805882365,0.0
81.98122005278286,0.0
77.04183941597562,0.0
100.89022969664087,0.0
133.3140935138299,0.0
155.6335117794764,0.0
201.29027791110417,0.0
291.7543865619291,0.0
364.9369026269237,0.0
361.3886496780295,0.0
336.73639611827025,0.0
365.76568746911886,0.0
464.3220444254341,0.0
514.7029239915231,0.0
417.8766740782566,0.0
307.5277366932916,0.0
310.0964629157808,0.0
414.79064673533424,0.0
536.9927146694005,0.0
542.2072361920663,0.0
406.21362611158133,0.0
258.8631840807448,0.0
174.98096287380392,0.0
128.80342322818072,0.0
93.73753289031245,0.0
76.82572975421931,0.0
89.46944915034605,0.0
110.87248415924286,0.0
116.73131191647637,0.0
129.68040096360954,0.0
161.35580241763424,0.0
188.43508566837798,0.0
202.57645378236603,0.0
216.4532660342883,0.0
252.49707152115863,0.0
335.93196448324153,0.0
484.76140383689386,0.0
616.587739008928,0.0
