2870.2359861050254,0.0
2875.178169776175,0.0
2998.7041014952806,0.0
2941.342251634768,0.0
2280.5240492238613,0.0
1220.4034011778617,0.0
501.5249090618101,0.0
324.4144245149103,0.0
319.4933495474982,0.0
253.79146367028073,0.0
180.64868154996893,0.0
213.2273785521637,0.0
355.52255936844,0.0
548.9378624118426,0.0
689.0156647572126,0.0
674.7194704494093,0.0
580.6362171199944,0.0
555.3776555139943,0.0
618.6082705325642,0.0
701.232904492437,0.0
770.8379886546627,0.0
823.2162993221278,0.0
860.4301946957152,0.0
890.2620517918915,0.0
923.511066205572,0.0
999.7217308655096,0.0
1102.5247334387414,0.0
1184.9316421179415,0.0
1237.3934024645591,0.0
1274.9324665790598,0.0
1313.6559722861703,0.0
1308.9132033467156,0.0
1244.7017854321566,0.0
1216.2593364402496,0.0
1259.3356151097391,0.0
1299.7731878447066,0.0
1312.1043617267767,0.0
1336.4096903672921,0.0
1410.3944418445742,0.0
1524.1378635206338,0.0
1601.9065504986627,0.0
1599.5855558656185,0.0
1574.372965836867,0.0
1583.15411602634,0.0
1614.784434517345,0.0
1632.2938485274692,0.0
1572.0212028213996,0.0
1449.8505323094103,0.0
1342.2339373344025,0.0
1279.5840978988533,0.0
1271.7436981622748,0.0
1346.1343462909156,0.0
1463.745529771001,0.0
1504.1783193835445,0.0
1461.7152996311652,0.0
1433.8979953610444,0.0
1458.3687902942456,0.0
1460.379066989062,0.0
1380.0859210650588,0.0
1311.1817188568011,0.0
1292.5807363174883,0.0
1237.3232888009193,0.0
1096.8079736432378,0.0
962.6971808095915,0.0
951.6351769406625,0.0
1004.3767731793939,0.0
994.4277256609596,0.0
931.6299066022713,0.0
879.9687002979723,0.0
840.6811193119171,0.0
795.001075113484,0.0
759.3807495163741,0.0
762.0294993549561,0.0
758.0431212469373,0.0
715.2630230360636,0.0
654.6422407089478,0.0
583.0865774755088,0.0
519.1672442702483,0.0
505.83062376287904,0.0
522.5589954388412,0.0
491.16765274387257,0.0
381.2186092609777,0.0
229.99160939402236,0.0
86.8094490137218,0.0
15.214300690426017,0.0
53.63122369424438,0.0
120.21962982823426,0.0
90.33133145932472,0.0
-24.374571498501073,0.0
-120.06175672492257,0.0
-147.640474432046,0.0
-145.81075648560332,0.0
-152.5969782671088,0.0
-160.21599970303097,0.0
-196.99305709382622,0.0
-299.4313665378366,0.0
-438.5270572463258,0.0
-538.7686771583718,0.0
-574.557236332187,0.0
-576.7126370621002,0.0
-588.6527013669676,0.0
-593.9860646544403,0.0
-585.8052759480648,0.0
-604.1940510659124,0.0
-655.4212129249962,0.0
-754.4179927416092,0.0
-879.7238262545418,0.0
-960.1372112475184,0.0
-996.2519254514121,0.0
-1016.8544416060628,0.0
-1019.2462006594784,0.0
-997.736371663702,0.0
-958.167884613394,0.0
-943.104109581164,0.0
-978.1586096968067,0.0
-1071.6688173272398,0.0
-1150.3770069274772,0.0
-1170.7206334618877,0.0
-1190.410449742018,0.0
-1202.096011959329,0.0
-1180.1759699630156,0.0
-1158.9697243061032,0.0
-1124.2352276133681,0.0
-1092.547871315857,0.0
-1098.8239820431734,0.0
-1127.133474555027,0.0
-1171.8711741192892,0.0
-1224.0655795571172,0.0
-1222.146798128615,0.0
-1113.733282752484,0.0
-955.9566609387438,0.0
-899.48264530383,0.0
-972.3060636894668,0.0
-1027.0477331552224,0.0
-966.8596203749853,0.0
-884.7872692074903,0.0
-868.3564375038516,0.0
-880.284844959876,0.0
-884.3552281585352,0.0
-887.6477963869248,0.0
-918.9726457144928,0.0
-941.3883183175299,0.0
-911.4077614186616,0.0
-837.3797521760465,0.0
-723.99494806182,0.0
-607.9290667240208,0.0
-561.0746693567293,0.0
-581.0040478528646,0.0
-603.4738231365903,0.0
-585.3959794650594,0.0
-532.0704587675001,0.0
-450.9657201495167,0.0
-342.0395059894876,0.0
-242.07359211499636,0.0
-161.9667542637419,0.0
-94.77980064006141,0.0
-33.41288542378703,0.0
101.9984084748329,0.0
256.0890013992676,0.0
281.9622177662437,0.0
226.4311135878494,0.0
229.4344902108922,0.0
302.49486668525094,0.0
367.9345596170318,0.0
422.4439821031619,0.0
513.9472083415645,0.0
673.640656598993,0.0
855.5111203211909,0.0
937.1827010913486,0.0
914.8172090936488,0.0
875.9360102713006,0.0
872.9359779830352,0.0
899.344857204927,0.0
924.2999232621731,0.0
986.9597573882738,0.0
1063.812718611614,0.0
1071.4202158042262,0.0
1058.6303165492416,0.0
1081.568071903627,0.0
1137.0629740165264,0.0
1187.798041753633,0.0
1210.0083786008397,0.0
1238.828981669323,0.0
1269.3325865895413,0.0
1309.018508844418,0.0
1379.9605078981695,0.0
1457.2377025546634,0.0
1548.8964581981481,0.0
1647.9991535019842,0.0
1692.2093129119742,0.0
1681.6720549831086,0.0
1662.578207300242,0.0
1671.418150749435,0.0
1735.6565014365779,0.0
1811.2582807970805,0.0
1854.010611819073,0.0
1901.3084088122243,0.0
1935.8274581530432,0.0
1936.4615806508023,0.0
1957.1010786383845,0.0
1942.6594499082098,0.0
1858.2307889508127,0.0
1795.0088992591948,0.0
1763.9058019085696,0.0
1728.82369485671,0.0
1719.4374038481687,0.0
1788.3066959879009,0.0
1898.8062547904622,0.0
1963.529284102268,0.0
1976.5560047896508,0.0
1944.9707529796326,0.0
1878.1561613390131,0.0
1817.253110773518,0.0
1764.3675729749912,0.0
1735.5830834270034,0.0
1719.0590624268539,0.0
1656.7741393122021,0.0
1599.2554126063842,0.0
1633.4141359082628,0.0
1685.9856197255783,0.0
1625.0990114385108,0.0
1505.8183112451627,0.0
1453.3237134985675,0.0
1423.888467983504,0.0
1384.5224830768273,0.0
1368.047529732258,0.0
1334.8893165844036,0.0
1295.2617114121408,0.0
1271.5442248415607,0.0
1206.6872835111335,0.0
1082.7030080550394,0.0
991.5859005278629,0.0
987.9936109017832,0.0
1038.5981406733208,0.0
1016.1455524311382,0.0
889.9710085811842,0.0
809.2378979494098,0.0
808.5975640399231,0.0
787.4345150556417,0.0
728.8354855152548,0.0
708.0394362483671,0.0
671.7973704791293,0.0
548.7145535975768,0.0
427.8930962650546,0.0
376.1264628407052,0.0
347.41102149162265,0.0
321.6548485014188,0.0
270.2114100836889,0.0
108.35686261014658,0.0
-57.38280414845056,0.0
-55.564626140847984,0.0
4.040668678753581,0.0
-30.072510927811358,0.0
-105.7664730297752,0.0
-179.08829933895285,0.0
-220.4828299405503,0.0
-179.64777168150167,0.0
-102.30684452539438,0.0
-75.70261555059825,0.0
-147.52503218632447,0.0
-268.98068758527296,0.0
-362.23778253761475,0.0
-431.634121107468,0.0
-489.9676996028434,0.0
-505.55591645212445,0.0
-506.85007204643335,0.0
-539.4719363311809,0.0
-551.8788514816972,0.0
-496.05269173260297,0.0
-457.61493320407396,0.0
-546.5614628435687,0.0
-739.1481103714353,0.0
-880.6642514213585,0.0
-901.7317047367933,0.0
-820.582724587211,0.0
-707.5832705360131,0.0
-681.6077321669785,0.0
-773.5381655170729,0.0
-851.5349383815959,0.0
-821.3355526647747,0.0
-741.8758774906773,0.0
-690.0664640209566,0.0
-705.3451168963488,0.0
-787.813147588752,0.0
-836.7931301157053,0.0
-807.7669139462828,0.0
-758.3804229486955,0.0
-690.6413185314564,0.0
-616.3251862219269,0.0
-559.1871493859077,0.0
-556.7119804857367,0.0
-634.3843644135742,0.0
-692.193337785802,0.0
-650.0585752816945,0.0
-550.4208670256271,0.0
-459.78935201232053,0.0
-456.4160138246556,0.0
-514.1891297235986,0.0
-496.5754218702141,0.0
-410.85399118952887,0.0
-350.27453768658637,0.0
-312.72920583945245,0.0
-253.21395579035837,0.0
-193.23578776162898,0.0
-142.10445349301585,0.0
-53.32024111536188,0.0
68.60024823382055,0.0
159.36486505726575,0.0
165.8255185031576,0.0
86.96574277729164,0.0
33.77071808532618,0.0
83.41709139186396,0.0
168.5467798352477,0.0
209.82009363560215,0.0
204.56439705110438,0.0
205.39489482687088,0.0
265.15643977492346,0.0
389.78424891332105,0.0
554.3805931413531,0.0
707.9675577042267,0.0
798.7430334819564,0.0
825.7848513810216,0.0
822.0734248829236,0.0
796.0864366715138,0.0
807.626035534468,0.0
878.5873353981771,0.0
934.1439749648986,0.0
986.7818529536765,0.0
1116.1572538243515,0.0
1303.6188533045242,0.0
1428.8854697029738,0.0
1423.6505609514086,0.0
1352.9475286515658,0.0
1352.2058209808974,0.0
1472.3390777481286,0.0
1613.0179791149646,0.0
1677.6645013378734,0.0
1676.0549995735362,0.0
1658.0475020400252,0.0
1671.3168063135154,0.0
1729.0631664842904,0.0
1781.315591076811,0.0
1794.836890290408,0.0
1779.172410671786,0.0
1783.7878718076897,0.0
1859.6350727088457,0.0
1960.3164665466659,0.0
2012.1531825037064,0.0
2040.427767815488,0.0
2098.1114775121214,0.0
2156.9810957501018,0.0
2164.2143078975528,0.0
2140.0656815165066,0.0
2109.8087615449003,0.0
2108.0243237187265,0.0
2175.4221343412473,0.0
2238.1215544045995,0.0
2202.5626527643494,0.0
2143.8589591157756,0.0
2167.9844536166834,0.0
2225.035849973291,0.0
2248.6280048517165,0.0
2232.334235928988,0.0
2181.9327126072612,0.0
2161.4111384589933,0.0
2203.435285786974,0.0
2248.551987435549,0.0
2265.174075853877,0.0
2230.036108110918,0.0
2120.714688269489,0.0
2004.708842676804,0.0
1942.26155010247,0.0
1921.460617737206,0.0
1944.179620706175,0.0
1948.0381299731475,0.0
1898.1987602920326,0.0
1866.4024466641167,0.0
1867.7381371949189,0.0
1897.84042707083,0.0
1939.3720403940447,0.0
1932.6499456655101,0.0
1837.384008048269,0.0
1683.1091337643084,0.0
1570.208731120895,0.0
1527.015836387822,0.0
1490.5432991330783,0.0
1428.1845738033485,0.0
1381.4302362186145,0.0
1395.2969776639886,0.0
1455.226444380751,0.0
1513.2932423414825,0.0
1550.6623716147521,0.0
1524.7943368355318,0.0
1444.3997878163216,0.0
1422.6460676338845,0.0
1404.9876411121766,0.0
1253.8543624487725,0.0
1033.800401512612,0.0
854.9545127690786,0.0
721.7612931181012,0.0
620.229543019084,0.0
591.0773047607646,0.0
633.7493070560596,0.0
660.8737354200997,0.0
605.5475873098816,0.0
497.29985371531683,0.0
442.2601812760217,0.0
484.548275452217,0.0
517.3214314237388,0.0
438.29138840468744,0.0
314.2090909878749,0.0
300.20482814966823,0.0
353.87085473767996,0.0
355.7124623434137,0.0
311.749222857744,0.0
237.32717315675848,0.0
140.4331513148623,0.0
18.812251152341467,0.0
-91.18439808050738,0.0
-92.50569716905703,0.0
-12.882536726620854,0.0
29.30899655776883,0.0
-4.788730628826844,0.0
-63.94123187693833,0.0
-132.28419732991335,0.0
-238.53422697821313,0.0
-330.300738599918,0.0
-349.5712177812232,0.0
-334.467207703011,0.0
-326.70800975081033,0.0
-308.1656579034007,0.0
-270.30271727484904,0.0
-298.2457019458611,0.0
-398.93092102951596,0.0
-467.751025203837,0.0
-519.7534485490625,0.0
-582.2803144169583,0.0
-597.7042947589089,0.0
-542.2809900477472,0.0
-482.600446277199,0.0
-436.0224730405753,0.0
-417.64532531789644,0.0
-490.7434294491493,0.0
-521.8423850973734,0.0
-365.2393023486475,0.0
-153.47223524584376,0.0
-64.87432501557383,0.0
-89.50074672320606,0.0
-155.10869721573582,0.0
-245.7817462011861,0.0
-365.9701176640365,0.0
-479.56895810158414,0.0
-523.1357197850784,0.0
-486.4167626515171,0.0
-398.7074522548936,0.0
-270.0884354209125,0.0
-171.98428420392764,0.0
-174.04492817478373,0.0
-204.50853048376663,0.0
-177.43946953554268,0.0
-86.46458240253672,0.0
15.730439404261542,0.0
91.63049701049455,0.0
206.0000495527633,0.0
369.11997966399105,0.0
492.6074075815875,0.0
500.8540472071736,0.0
454.08701571058066,0.0
468.77215008331984,0.0
531.122808646483,0.0
622.0331357546,0.0
709.473917208041,0.0
753.449197331332,0.0
788.4686251278591,0.0
832.6061954185719,0.0
905.9309541215354,0.0
989.5757463565604,0.0
1033.5616101742605,0.0
1086.2886111001021,0.0
1171.1236282321147,0.0
1224.5473004914506,0.0
1250.4856691849625,0.0
1275.4460651066456,0.0
1251.4291958954996,0.0
1202.6560538375638,0.0
1233.9573847367521,0.0
1371.943383117577,0.0
1518.959121999854,0.0
1638.2868803246615,0.0
1754.6537100829032,0.0
1836.9723010144257,0.0
1884.9622090741507,0.0
1894.6617252116478,0.0
1879.3358700134838,0.0
1916.8844558026415,0.0
1962.6926927275972,0.0
1967.1627850430257,0.0
1991.6799141226059,0.0
2044.1568139607182,0.0
2094.6141645631174,0.0
2137.669370587282,0.0
2168.839371022132,0.0
2209.483307543068,0.0
2256.346481061347,0.0
2279.744637309128,0.0
2330.3633537151672,0.0
2421.456468300244,0.0
2446.9998287338244,0.0
2407.06715162669,0.0
2431.123837638614,0.0
2525.1828586280753,0.0
2644.7605846917336,0.0
2732.5690806398343,0.0
2690.505713939662,0.0
2578.983182380852,0.0
2556.43565120644,0.0
2628.8240367856774,0.0
2674.738102903643,0.0
2640.9491143227096,0.0
2592.3364819285143,0.0
2596.4692585741573,0.0
2632.9971655817117,0.0
2626.8334494154624,0.0
2544.32781163123,0.0
2448.688885103098,0.0
2385.03489830961,0.0
2373.345675188776,0.0
2400.1280959454266,0.0
2426.817097236494,0.0
2468.9258043766627,0.0
2516.1488607416463,0.0
2507.53206828049,0.0
2427.653394619073,0.0
2306.198805957205,0.0
2217.9957375124327,0.0
2209.8695883417627,0.0
2238.7536528291967,0.0
2234.89559515785,0.0
2183.345477918911,0.0
2066.5663500895334,0.0
1914.798894449494,0.0
1817.103426768008,0.0
1815.0112316656084,0.0
1804.5311385968705,0.0
1748.2471384234816,0.0
1711.615910540493,0.0
1675.4905246595,0.0
1642.6459300140373,0.0
1629.4015902091157,0.0
1598.8802876306474,0.0
1578.483301743254,0.0
1567.8076700172405,0.0
1543.3240007946297,0.0
1527.250706490123,0.0
1506.3846031486287,0.0
1428.078588314662,0.0
1285.5388330498643,0.0
1179.7687659880316,0.0
1149.1018717658244,0.0
1124.588235163619,0.0
1097.2708524697398,0.0
1082.011580037332,0.0
1051.5352800227179,0.0
1010.8490337922038,0.0
988.1831727076047,0.0
973.5212790864517,0.0
950.513706657077,0.0
908.5945584765159,0.0
815.3833908336538,0.0
663.4807628973995,0.0
510.6927911333993,0.0
414.0266403167993,0.0
377.8264900651347,0.0
373.30441034532015,0.0
367.61925327270535,0.0
319.0386832751665,0.0
241.19686650806852,0.0
188.27099896918938,0.0
153.80708428982402,0.0
88.30761611883223,0.0
23.20923296604686,0.0
32.81475875213814,0.0
70.32799636458286,0.0
39.48988003507933,0.0
-18.28187712278843,0.0
-47.07377854240315,0.0
-63.82801868727412,0.0
-80.4213969133412,0.0
-103.30801105345776,0.0
-127.5329074130456,0.0
-116.26301929516438,0.0
-87.26092640650322,0.0
-108.8286005335601,0.0
-148.57540117930913,0.0
-171.29282888551785,0.0
-199.71848147305255,0.0
-199.47925575002438,0.0
-176.93682444485643,0.0
-159.34426527748948,0.0
-134.78805154088778,0.0
-71.67846001903324,0.0
41.29063311790782,0.0
134.1366529470776,0.0
147.89870888019638,0.0
72.19085811979949,0.0
10.987223699943351,0.0
66.80245759363213,0.0
174.0863609746189,0.0
253.27925900023558,0.0
284.7646647786638,0.0
277.5926056855913,0.0
262.2177669596951,0.0
260.1581102396703,0.0
227.34982115613053,0.0
129.31925926048783,0.0
90.91677187149993,0.0
191.18806417016143,0.0
317.379934342353,0.0
376.4707870462243,0.0
421.17879932071406,0.0
462.6481430952036,0.0
473.78012056711697,0.0
531.5948433088683,0.0
668.4173249626085,1.0
784.1583109335501,1.0
873.3250048856073,1.0
1125.933731505231,0.0
1837.3933426895856,0.0
2834.161361991832,0.0
3328.1783579476055,0.0
2905.473970195713,0.0
2030.7489160337561,0.0
1436.1112818431423,0.0
1239.6597737945729,0.0
1219.3098984216829,0.0
1287.3381711266788,0.0
1416.0986312663986,0.0
1529.7467892209027,0.0
1608.9559079344972,0.0
1662.6421496492512,0.0
1683.6616907909317,0.0
1741.6707871466813,0.0
1852.1086246394957,0.0
1954.450617317696,0.0
2039.1166723510928,0.0
2093.117010318402,0.0
2099.3591514885543,0.0
2087.8118034110166,0.0
2097.5161634413257,0.0
2151.500707520244,0.0
2235.6580470722556,0.0
2308.1903327405203,0.0
2329.35917070385,0.0
2311.076306307664,0.0
2268.290951746629,0.0
2263.835232437488,0.0
2398.1039470461174,0.0
2585.5071393712383,0.0
2656.0006167952374,1.0
2633.4619246876578,1.0
2660.3791140917,1.0
2936.615406317276,0.0
3697.808122934746,0.0
4707.133637771218,0.0
5170.740648755756,0.0
4668.387810444403,0.0
3672.7919289182546,0.0
3003.623310581968,0.0
2812.6594457848514,0.0
2828.5579609330935,0.0
2922.276444236678,0.0
2985.078185323648,0.0
2983.028264113606,0.0
2982.222993868618,0.0
2959.423424913102,0.0
2865.6142022693707,0.0
2763.8802058023175,0.0
2719.7442559631018,0.0
2735.5383289159545,0.0
2784.8839062883553,0.0
2816.0339864924185,0.0
2809.3921890866563,0.0
2804.1217012508173,0.0
2808.0345053260125,0.0
2841.36815102016,0.0
2896.4333374242456,0.0
2850.100805492282,0.0
2717.3111388099705,0.0
2651.886733379998,0.0
2653.4975726384905,0.0
2633.8040938508047,0.0
2600.7985687482546,0.0
2626.183317872316,0.0
2687.85856348898,0.0
2695.185400009469,0.0
2627.975628017328,0.0
2528.8579912696664,0.0
2449.025184828155,0.0
2432.4850692590585,0.0
2435.3855776332603,0.0
2390.7811478192925,0.0
2348.3044462089756,0.0
2332.287037921335,0.0
2301.8376598372233,0.0
2269.6890150807885,0.0
2217.28145960896,0.0
2130.15975190899,0.0
2036.581517947751,0.0
1922.5148142366224,0.0
1788.0299913166136,0.0
1719.3277476986757,0.0
1727.8190854588922,0.0
1732.8213442585086,0.0
1691.374873251681,0.0
1626.2121376190212,0.0
1568.6196792576623,0.0
1488.1387875100322,0.0
1357.983625392531,0.0
1277.3706472638025,0.0
1324.362555945108,0.0
1392.9390253169684,0.0
1367.724085036496,0.0
1285.195834483079,0.0
1235.5781587401416,0.0
1190.6200267243569,0.0
1100.784487937686,0.0
1022.1164885156668,0.0
961.8948174583302,0.0
892.4309220930227,0.0
847.288921911052,0.0
818.3333399982788,0.0
764.0389947581604,0.0
673.1655185846992,0.0
559.6465007121565,0.0
514.3991254348001,0.0
553.160287058683,0.0
561.759147647284,0.0
526.3953589428457,0.0
511.7169500864775,0.0
502.71628195348455,0.0
469.1571295925624,0.0
426.2629325939614,0.0
375.8087941601136,0.0
349.86463335990015,0.0
342.5631593812061,0.0
296.35174716460244,0.0
233.46191876544958,0.0
240.805518826635,0.0
309.05260997487284,0.0
366.0117049378139,0.0
355.95458222311714,0.0
310.7319623186109,0.0
321.0926532065138,0.0
374.6100898879467,0.0
402.8122784120644,0.0
399.24934216058864,0.0
385.5743409460733,0.0
354.68254099293506,0.0
339.08960475607944,0.0
365.16554492078467,0.0
403.93567446475686,0.0
436.0575663887671,0.0
438.9997407316248,0.0
408.0433328387453,0.0
406.4956371158171,0.0
488.0354599558604,0.0
626.0295970265961,0.0
730.5307063752539,0.0
764.5538162783237,0.0
766.7957823531674,0.0
716.0509473565993,0.0
592.417097776794,0.0
507.07540363527085,0.0
546.6365986171696,0.0
631.5445477075606,0.0
654.8104477294105,0.0
686.9228116412264,0.0
804.2178620159443,0.0
906.5962852277233,0.0
950.6574605824921,0.0
959.1951109171474,0.0
973.2239986508006,0.0
1086.0259065591438,0.0
1282.4476977845763,0.0
1421.3123247460767,0.0
1432.1437976406921,0.0
1377.5688002036793,0.0
1379.5943231862097,0.0
1486.1996676928354,0.0
1579.9395195591878,0.0
1618.0279812397987,0.0
1696.700468750116,0.0
1818.6460185067244,0.0
1880.313340485807,0.0
1893.3678930398858,0.0
1971.144199823735,0.0
2071.9341977569675,0.0
2104.9806177321693,0.0
2094.15620726754,0.0
2106.4234245192843,0.0
2153.959735843252,0.0
2170.422933075929,0.0
2130.0093059538103,0.0
2107.303614394314,0.0
2129.526284883705,0.0
2182.4229267582814,0.0
2300.069634337509,0.0
2432.9698412928187,0.0
2479.417961911284,0.0
2492.4554181388676,0.0
2567.6710587160774,0.0
2704.578166522029,0.0
2828.116299968773,0.0
2887.9212647354125,0.0
2913.023576539613,0.0
2932.831042825077,0.0
2924.3945255356552,0.0
2954.292809203784,0.0
3076.582323028534,0.0
3169.2863324686073,0.0
3135.0573400190774,0.0
3034.068037060995,0.0
2973.48344406635,0.0
2961.274627971975,0.0
2953.7654072993773,0.0
3000.3092254000953,0.0
3100.441200922067,0.0
3153.9156077808016,0.0
3166.1274033727927,0.0
3197.5635676049264,0.0
3209.530928338205,0.0
3178.783296237032,0.0
3197.1272422521492,0.0
3256.295816020326,0.0
3264.412823582918,0.0
3236.8885625545404,0.0
3247.139844545043,0.0
3306.576322068928,0.0
3344.6630593755103,0.0
3303.7726612768906,0.0
3248.637982101942,0.0
3217.8367511493316,0.0
3197.418278968554,0.0
3211.939487106745,0.0
3202.3800409896453,0.0
3154.875217474765,0.0
3167.8567692893594,0.0
3234.2991920045683,0.0
3286.493093296471,0.0
3294.496562836396,0.0
3216.1795917861364,0.0
3047.351900273018,0.0
2889.476589968842,0.0
2820.6297490575303,0.0
2785.9177291529704,0.0
2732.0996555522997,0.0
2676.4352091259084,0.0
2616.1987617701584,0.0
2582.044686570568,0.0
2565.640998450482,0.0
2512.563911905179,0.0
2460.112334614891,0.0
2458.1088509629476,0.0
2443.2553771253374,0.0
2373.9280028677617,0.0
2345.8220660544785,0.0
2403.9463765823834,0.0
2455.8081630615798,0.0
2420.597495584034,0.0
2329.473753343226,0.0
2182.594160743209,0.0
2042.518031057112,0.0
1998.0379592835639,0.0
1961.3348472651971,0.0
1864.8306063237221,0.0
1810.4146393418148,0.0
1810.7904425355423,0.0
1739.2611847654032,0.0
1653.7347012322482,0.0
1629.956613570676,0.0
1581.8920198561302,0.0
1472.1596668565155,0.0
1338.810319567856,0.0
1266.3438271090158,0.0
1296.1919313923747,0.0
1334.1227705467195,0.0
1307.8593524714342,0.0
1258.3185516204867,0.0
1217.4626859216955,0.0
1161.4128132221417,0.0
1075.7742388750219,0.0
973.9255536644046,0.0
863.8824841609592,0.0
767.8476800241425,1.0
725.9647635579512,1.0
766.443444456681,1.0
1002.9875475175397,0.0
1657.6302323092157,0.0
2551.778758896486,0.0
2982.3971376912477,0.0
2565.9010511225288,0.0
1679.4783852788823,0.0
1004.2808730338285,0.0
712.5416447864867,0.0
604.8900495474035,0.0
580.2577541547201,0.0
607.2228592025298,0.0
659.4490120227983,0.0
720.4748438067652,0.0
731.2952794929301,0.0
636.8477398625871,0.0
512.1414207149929,0.0
485.3746350942885,0.0
612.7227948542856,0.0
775.9940272031489,0.0
823.1480492761958,0.0
789.9958550276087,0.0
750.644602959585,0.0
731.2046246664553,0.0
759.2031895189959,0.0
838.4155676587781,0.0
904.2785608774321,0.0
890.9070620581347,0.0
826.7726038386882,0.0
784.9399783180015,0.0
828.9089072470457,0.0
945.9181044681154,0.0
986.3769764101417,0.0
920.5240409358346,0.0
877.6162035264404,0.0
898.08169087106,0.0
1001.3452974628249,0.0
1184.7825334312324,0.0
1345.0019811027116,0.0
1383.728665810029,0.0
1297.5332268452303,0.0
1220.3887331990086,0.0
1246.1406609146516,0.0
1313.639905581163,0.0
1392.142732365195,0.0
1483.4001589067384,0.0
1561.5972163216468,0.0
1597.5876597954689,0.0
1600.4951030054967,0.0
1645.128046033983,0.0
1748.5462816293555,0.0
1823.2436718159624,0.0
1822.1985605478053,0.0
1802.769877049222,0.0
1823.3339913741174,0.0
1887.1492703151619,0.0
1963.749033095708,0.0
2035.704369617479,0.0
2083.57112892741,0.0
2105.8546329947026,0.0
2167.481801566726,0.0
2290.2306482123395,0.0
2431.006135699864,0.0
2533.162189598992,0.0
2585.7438238550885,0.0
2584.7599389184325,0.0
2542.6434965227586,0.0
2501.3145484703764,0.0
2560.3424121789876,0.0
2736.093304407992,0.0
2918.544383230489,0.0
3046.9393703094524,0.0
3073.0070264841534,0.0
3070.3272115212576,0.0
3125.884629807669,0.0
3180.3526154233627,0.0
3210.5551045536254,0.0
3262.6820181192015,0.0
3288.2475966613483,0.0
3261.411420594658,0.0
3268.26492914857,0.0
3273.9859668588824,0.0
3237.3806930527917,0.0
3269.2892091552903,0.0
3359.4456090299323,0.0
3382.0080386580375,0.0
3375.7929115901393,0.0
3400.759533284516,0.0
3412.0425845428126,0.0
3392.9199304178414,0.0
3396.547836277884,0.0
3479.190526846312,0.0
3594.415785905566,0.0
3662.5144773089573,0.0
3730.180979854621,0.0
3809.8448596497055,0.0
3773.4032242604007,0.0
3616.426943678601,0.0
3463.9884903767097,0.0
3430.0980002780366,0.0
3530.386184635549,0.0
3601.2251841269776,0.0
3581.172431244257,0.0
3567.43767382069,0.0
3587.30503622305,0.0
3587.326823118857,0.0
3571.1770234961577,0.0
3574.329407773663,0.0
3540.8867288393585,0.0
3478.9592563354827,0.0
3477.4944954366065,0.0
3475.5398990621943,0.0
3357.5362336416283,0.0
3201.814117935264,0.0
3149.354052255229,0.0
3194.2821571509385,0.0
3228.282994802089,0.0
3179.969447773501,0.0
3060.8673098598424,0.0
2966.7934348377153,0.0
2959.1160965647923,0.0
2940.384217217727,0.0
2868.540998242001,0.0
2812.303119835636,0.0
2760.1379515226495,0.0
2713.284386998916,0.0
2701.9116763511242,0.0
2708.3334487994866,0.0
2678.3454160775855,0.0
2597.0041342268296,0.0
2470.7669985786083,0.0
2340.136422338993,0.0
2263.8980501215838,0.0
2273.8651565422833,0.0
2351.786082355368,0.0
2403.445190705357,0.0
2344.4804314374032,0.0
2223.316001098199,0.0
2114.0117662099565,0.0
2033.9277587549743,0.0
2030.1194003571136,0.0
2110.24926203702,0.0
2145.7740969713914,0.0
2024.9808710045722,0.0
1833.4499944853483,0.0
1740.1898216725374,0.0
1766.8885521270543,0.0
1736.90299050876,0.0
1613.219814774589,0.0
1525.3445147061734,0.0
1494.3243639792047,0.0
1487.410831451493,0.0
1497.4130147533913,0.0
1503.9867508174395,0.0
1466.9436816831037,0.0
1385.4702195548414,0.0
1266.0899343106485,0.0
1159.6336021498448,0.0
1171.4477469215178,0.0
1251.9038061729502,0.0
1257.100380097716,0.0
1194.6755978657125,0.0
1171.9845669850295,0.0
1191.99384683814,0.0
1165.5082868265565,0.0
1118.2222621692472,0.0
1094.8434776259955,0.0
1076.8890558610337,0.0
1069.612883461586,0.0
1086.855992278347,0.0
1047.476566621547,0.0
929.9147059895539,0.0
846.8679774986158,0.0
833.2226636762695,0.0
870.4997068943946,0.0
980.2463317876462,0.0
1081.0876747369648,0.0
1108.651972995076,0.0
1118.0626702265574,0.0
1117.4595116274813,0.0
1048.141532437235,0.0
958.583588089436,0.0
911.5225645567855,0.0
902.8865421163883,0.0
954.2512559629306,0.0
1048.4487504600459,0.0
1108.0279941512852,0.0
1127.4918438625268,0.0
1157.3234863106372,0.0
1218.316040739842,0.0
1310.9089431356595,0.0
1386.8236070796397,0.0
1401.0673706824582,0.0
1387.2984664312644,0.0
1355.6981664711775,0.0
1335.5254124621488,0.0
1381.0265085024796,0.0
1469.3326825879135,0.0
1555.6376151882978,0.0
1646.4433441030963,0.0
1729.0836113348662,0.0
1770.4543352065941,0.0
1786.007593977431,0.0
1776.0732172470484,0.0
1740.5036489330605,0.0
1812.6824157890412,0.0
1998.398000111358,0.0
2106.141381570818,0.0
2108.876162940329,0.0
2129.9757655906265,0.0
2216.754451783913,0.0
2329.7913650425908,0.0
2381.412665791056,0.0
2376.4153727242606,0.0
2382.373628750314,0.0
2449.272225581139,0.0
2566.8973628860313,0.0
2654.750400373233,0.0
2682.543503092843,0.0
2689.919373039491,0.0
2718.7670444894293,0.0
2738.301123471749,0.0
2739.1750057341087,0.0
2796.320304083295,0.0
2912.573742965701,0.0
2999.8465110255192,0.0
3027.607290945895,0.0
3074.553250930768,0.0
3165.4476380250167,0.0
3244.1419273426072,0.0
3272.369571397306,0.0
3260.9440931220975,0.0
3281.00905185176,0.0
3352.641888605146,0.0
3463.300880041016,0.0
3571.2989550614516,0.0
3588.1582271101615,0.0
3516.467888301133,0.0
3493.118867454916,0.0
3602.5648528362603,0.0
3733.319942111505,0.0
3762.0258478719556,0.0
3762.1933008134442,0.0
3843.9267888985846,0.0
3973.388625292769,0.0
4037.6845247638857,0.0
4007.6628963519142,0.0
4002.0111761395087,0.0
4066.3044762528084,0.0
4111.8547069556125,0.0
4108.806490834381,0.0
4042.7359819649714,0.0
3978.378157107672,0.0
3984.2420052806874,0.0
3969.122513630978,0.0
3931.0123357649345,0.0
3937.3886865542286,0.0
3960.838484598676,0.0
3981.0187653943913,0.0
4029.7494812138634,0.0
4087.4326386498974,0.0
4075.524396540421,0.0
4001.777347800305,0.0
3961.372766451105,0.0
3967.06053618184,0.0
3925.6251737207535,0.0
3829.0780008808447,0.0
3757.4467689742896,0.0
3739.5692495420885,0.0
3756.492268741459,0.0
3779.4423925116357,0.0
3752.656321501152,0.0
3650.4398804068487,0.0
3565.8182565825923,0.0
3563.5929728062356,0.0
3523.374707869788,0.0
3394.920068548478,0.0
3326.924473247829,0.0
3359.491085845988,0.0
3382.6987279808404,0.0
3378.572469402114,0.0
3395.6215608587863,0.0
3425.2846242466057,0.0
3401.6320468180957,0.0
3330.3535282553466,0.0
3266.77012018724,0.0
3204.222177778608,0.0
3106.530716325526,0.0
2994.5652229048274,0.0
2869.6449159449967,0.0
2697.9486577077396,0.0
2593.139712190418,0.0
2631.9555738149265,0.0
2698.7545560803633,0.0
2696.9139130962153,0.0
2631.630348924938,0.0
2535.934609183106,0.0
2471.511978541171,0.0
2476.2191437639935,0.0
2473.5871344590473,0.0
2407.116705197345,0.0
2343.813974635928,0.0
2300.1089965069195,0.0
2210.3532309319808,0.0
2082.979373454623,0.0
2007.2315884463883,0.0
1978.700148973332,0.0
1941.0716683695005,0.0
1882.3512979988109,0.0
1790.2688521343264,0.0
1693.2765810658384,0.0
1673.7409958495816,0.0
1725.7949422820282,0.0
1732.8997458469664,0.0
1651.073364179211,0.0
1579.8428062623545,0.0
1595.0806468855471,0.0
1604.314691896883,0.0
1576.3784113358222,0.0
1568.0671362225057,0.0
1571.7599523645415,0.0
1562.365444734797,0.0
1529.0922238249404,0.0
1474.252899021476,0.0
1416.1315894561687,0.0
1381.378227951427,0.0
1382.8931787307818,0.0
1413.591455883869,0.0
1457.5558457076556,0.0
1477.8784537587487,0.0
1454.0255284561151,0.0
1402.052003044137,0.0
1393.746193399685,0.0
1430.4734400682926,0.0
1426.1527616862943,0.0
1402.5710975145519,0.0
1435.190344199341,0.0
1463.2121314001263,0.0
1442.1829121572648,0.0
1409.2652425490307,0.0
1375.1372260778933,0.0
1366.3554176469502,0.0
1404.3508662128743,0.0
1484.916362725537,0.0
1557.940065111816,0.0
1544.282464323499,0.0
1476.8987691589175,0.0
1456.862246251077,0.0
1504.1966490994898,0.0
1556.731069472303,0.0
1589.1925637878105,0.0
1610.4098170561763,0.0
1664.789923892961,0.0
1778.4308867646112,0.0
1871.88162589718,0.0
1882.6786529694787,0.0
1865.1044824552398,0.0
1953.7716102762847,0.0
2135.9481334744305,0.0
2209.405735540451,0.0
2139.6802940080415,0.0
2094.0946769008774,0.0
2133.8326289103934,0.0
2169.657185257765,0.0
2204.5387680804433,0.0
2327.2249459795835,0.0
2501.3548349471407,0.0
2628.7976965770063,0.0
2727.036788950195,0.0
2841.8454283965193,0.0
2882.0688059830436,0.0
2844.933344164624,0.0
2860.0523983759485,0.0
2972.7451584701785,0.0
3103.389533299612,0.0
3154.958915080682,0.0
3134.9707694514386,0.0
3156.127441961992,0.0
3245.602706110985,0.0
3285.927323649679,0.0
3248.971215984974,0.0
3248.4824305146635,0.0
3328.931678197176,0.0
3407.367662993879,0.0
3425.363145998005,0.0
3439.6565104891524,0.0
3532.678231161954,0.0
3675.549284642126,0.0
3762.9566055741557,0.0
3765.4265483900417,0.0
3741.7702105646067,0.0
3746.6248092633045,0.0
3786.6846052686747,0.0
3821.7786150378865,0.0
3832.6185963797966,0.0
3879.734105418959,0.0
3980.8426779839906,0.0
4142.299262098218,0.0
4316.971532284159,0.0
4357.013466700569,0.0
4280.6791460383365,0.0
4243.12240405301,0.0
4263.963566083437,0.0
4276.550281009729,0.0
4230.788609725452,0.0
4132.928246578261,0.0
4089.286512789957,0.0
4165.386253952574,0.0
4259.781371795492,0.0
4288.281640807,0.0
4283.925558701505,0.0
4289.930188988256,0.0
4322.91330357604,0.0
4341.219482768631,0.0
4316.709257353263,0.0
4306.110468601039,0.0
4315.047820509967,0.0
4262.103849866075,0.0
4180.944734968205,0.0
4156.412245293874,0.0
4142.518261467617,0.0
4073.403867211836,0.0
4010.0182952334526,0.0
4033.4519088832144,0.0
4118.140331938333,0.0
4190.371668730341,0.0
4179.068447769276,0.0
4072.5428867454125,0.0
3979.7259905007595,0.0
3971.5607720722355,0.0
3981.011436304406,0.0
3962.8352854130844,0.0
3967.5218230864875,0.0
3937.4655994218765,0.0
3805.490193065152,0.0
3675.583818350426,0.0
3599.9373647251305,0.0
3547.2178944993066,0.0
3494.332523894319,0.0
3434.128451045815,0.0
3403.7640851935153,0.0
3406.6657815147223,0.0
3450.027482779498,0.0
3523.8530724611624,0.0
3569.3044521147194,0.0
3549.244662749999,0.0
3443.9504579309237,0.0
3289.9792121484247,0.0
3172.975399234184,0.0
3116.0804522534004,0.0
3051.636962831351,0.0
2948.3817241037823,0.0
2868.7373929735895,0.0
2823.219754748696,0.0
2748.1698566903483,0.0
2681.9885845015547,0.0
2675.008568916605,0.0
2689.882631682444,0.0
2686.798335581695,0.0
2662.8319314392925,0.0
2631.66242290398,0.0
2572.609871800429,0.0
2498.164635614655,0.0
2447.997741129178,0.0
2394.9156236268345,0.0
2301.698334089536,0.0
2232.157545007566,0.0
2238.762194637796,0.0
2284.47765700728,0.0
2293.2883310873003,0.0
2232.886246883254,0.0
2167.982146542625,0.0
2146.208413671144,0.0
2141.8927915187664,0.0
2101.3790118359957,0.0
2017.867596151757,0.0
1907.0335390442883,0.0
1809.3904634277264,0.0
1777.1470473897757,0.0
1781.4788950993618,0.0
1775.8353445301725,0.0
1736.6107163225286,0.0
1641.8308529457092,0.0
1570.5840435783932,0.0
1598.3083128067653,0.0
1676.6948595418821,0.0
1688.5553851489308,0.0
1627.1890339904407,0.0
1594.286259741589,0.0
1582.6649805553368,0.0
1571.4065564182536,0.0
1616.7184366987403,0.0
1710.4171738669788,0.0
1772.083826782489,0.0
1728.0735083422737,0.0
1618.19022303526,0.0
1545.8491206392398,0.0
1518.651818629213,0.0
1532.8266267383929,0.0
1635.393293846871,0.0
1776.1889845850135,0.0
1874.5892385244501,0.0
1934.1489955153834,0.0
1942.6658315179395,0.0
1930.8884280183631,0.0
1990.1311503381005,0.0
2078.357661804281,0.0
2111.836666780207,0.0
2143.088281898974,0.0
2182.9339097106094,0.0
2183.151388918094,0.0
2178.24371358601,0.0
2230.612828258241,0.0
2295.3936561759797,0.0
2280.9143450269735,0.0
2275.067794350787,0.0
2367.091242024108,0.0
2445.9545451468925,0.0
2434.0229981503476,0.0
2421.727103125877,0.0
2457.042523205538,0.0
2552.7772485189057,0.0
2711.2915634164624,0.0
2873.2990820869427,0.0
2956.773094186415,0.0
2935.5158019867276,0.0
