353.1847837248268,0.0
323.77910918851654,0.0
292.45374809378,0.0
264.5046884715862,0.0
204.17565198488515,0.0
106.00397727974594,0.0
31.56138609594811,0.0
5.569275870847112,0.0
1.475726773910473,0.0
0.9889886203077796,0.0
0.7847628839870197,0.0
1.0583909221267562,0.0
1.9097838943056658,0.0
2.923941936920683,0.0
3.287710220338781,0.0
2.5879034658415914,0.0
1.6834742064671564,0.0
1.7068454588187376,0.0
2.4329554093127785,0.0
2.83521550940412,0.0
2.7098405804910892,0.0
2.712873565517351,0.0
2.873712548108688,0.0
2.654849360565421,0.0
2.265590920858724,0.0
2.019920507497849,0.0
1.5098752014262853,0.0
0.7295818486835746,0.0
0.20145505724267002,0.0
0.03189033420309304,0.0
0.02894090114226166,0.0
0.16496608322801193,0.0
0.5310028850985787,0.0
1.0718475424869414,0.0
1.9173441183707385,0.0
3.3385590710218995,0.0
4.827971589089114,0.0
5.491909743357346,0.0
4.870062190011199,0.0
3.5832758486276592,0.0
2.733378024859131,0.0
2.665902105466945,0.0
2.8816146715852526,0.0
2.7762505992872204,0.0
2.803997618355247,0.0
3.4684467502725465,0.0
4.230579473829153,0.0
4.54432018602741,0.0
4.2606827586304465,0.0
3.288568699950106,0.0
2.2559594540765873,0.0
1.5665679801578043,0.0
1.1425331985329352,0.0
0.9095997156554213,0.0
0.7879037075460094,0.0
1.1926169194362979,0.0
2.251623605535927,0.0
3.305202565810865,0.0
3.7264676492002087,0.0
3.6432254782185955,0.0
3.4672206415720535,0.0
3.011106656258718,0.0
2.617159227623444,0.0
2.5743219322294992,0.0
2.5196873489261096,0.0
2.5725694627808666,0.0
3.0397483283701145,0.0
3.6404658605356155,0.0
4.033919800937345,0.0
3.98021395511047,0.0
3.5297030222985373,0.0
3.206648722188607,0.0
3.5966762043039058,0.0
4.451386238632823,0.0
4.75792364607477,0.0
3.8712124382957445,0.0
2.3328617567745686,0.0
1.2211993261494132,0.0
0.863753802626096,0.0
0.8026723260806093,0.0
0.6494619676127924,0.0
0.6615692576406813,0.0
0.8807005904959383,0.0
1.0732868072400463,0.0
1.3962319933927247,0.0
2.0602411495556696,0.0
3.0767496874682174,0.0
3.8708641564289143,0.0
4.229775169903022,0.0
4.635575850928754,0.0
4.968925706219562,0.0
5.141094430998022,0.0
4.880852542519784,0.0
3.9028915550766996,0.0
3.1596316897181214,0.0
3.4651539746897284,0.0
4.49710876234445,0.0
4.960538086262079,0.0
3.938074781054051,0.0
2.296483622007026,0.0
1.2575356849342418,0.0
0.7957412115832252,0.0
0.5848340588736753,0.0
0.5012877195164346,0.0
0.44966669319324293,0.0
0.4407867794042177,0.0
0.7693126876381465,0.0
1.5133289469943547,0.0
2.298640638006501,0.0
2.7429077870543863,0.0
2.8009145025908477,0.0
2.830647157588511,0.0
2.945412051200555,0.0
3.073346072638337,0.0
3.3025864286975346,0.0
3.7548806144739233,0.0
4.523967844697297,0.0
5.174688661515364,0.0
5.071440492439995,0.0
4.720528033811824,0.0
4.851584893873184,0.0
5.175800134531537,0.0
5.030049870662293,0.0
4.2374095469455595,0.0
2.6814304997402507,0.0
1.0965265976976257,0.0
0.3503302303757297,0.0
0.3538095379355442,0.0
0.6202533358548633,0.0
0.8595462827480409,0.0
1.3218211630657837,0.0
2.1804527015185933,0.0
2.9556651671927856,0.0
3.2427946023897603,0.0
3.156181856778894,0.0
3.2038949557648895,0.0
3.4148321479606962,0.0
3.4129961265465107,0.0
3.6227235223730023,0.0
4.185065830031296,0.0
4.324577116828528,0.0
3.7056352819299905,0.0
2.808230486884446,0.0
2.756352520549684,0.0
3.5115858948922276,0.0
3.5691598307039496,0.0
3.005829156660774,0.0
2.6487643259768907,0.0
1.97035611899909,0.0
1.119558420155946,0.0
0.935465441092381,0.0
1.048583465462136,0.0
0.7274036793482997,0.0
0.36297039561694694,0.0
0.5474217370998563,0.0
1.2659303507519812,0.0
2.0748844401420268,0.0
2.6150174802297914,0.0
2.8494591927845283,0.0
2.8921167533530965,0.0
3.0249981111655413,0.0
3.0043594719019358,0.0
2.3660960672687854,0.0
1.6439104714435504,0.0
1.690343054851966,0.0
2.0782986310442593,0.0
2.174880715219457,0.0
2.549191413277557,0.0
3.502098405897924,0.0
4.129499013017094,0.0
3.7805353711972565,0.0
2.7815476431226562,0.0
1.5175637541539122,0.0
0.6713396291577166,0.0
0.40829450672349854,0.0
0.2549315330259045,0.0
0.1628744665726053,0.0
0.27914611308165527,0.0
0.5400111275501595,0.0
0.9558231364636547,0.0
1.5517394330190346,0.0
2.063063316037757,0.0
2.7839799821052025,0.0
3.8307125569325087,0.0
3.997064923630566,0.0
3.4103470654240464,0.0
3.7264508229905697,0.0
4.56491275616006,0.0
4.374448957103796,0.0
3.6121211786214915,0.0
3.42389390289152,0.0
3.5047733111913706,0.0
3.173530853691061,0.0
2.8610030369166553,0.0
2.5677550650803536,0.0
2.114192676566281,0.0
2.467288313220307,0.0
4.065183777578476,0.0
6.770308977620863,0.0
8.727515928569872,0.0
7.334474756622608,0.0
4.463429686920408,0.0
2.624327986404552,0.0
2.1707692620096912,0.0
2.392269127982437,0.0
2.342930694116608,0.0
2.168169172899619,0.0
2.529732299396783,0.0
3.3661405600883647,0.0
4.255613561212746,0.0
5.899382438715226,0.0
9.247451048336034,0.0
11.676305732912677,0.0
10.291466791210471,0.0
7.792019187877752,0.0
5.693003223242902,0.0
4.118690308974733,0.0
4.712344105207401,0.0
7.804300063139474,0.0
9.672757211919194,0.0
6.931017410232685,0.0
2.9624525519046645,0.0
0.9686678074478211,0.0
0.46433765038959723,0.0
0.5452387604296361,0.0
0.8483628716754853,0.0
1.3717667574405168,0.0
2.147090062361781,0.0
3.074592008262815,0.0
3.7263073424209177,0.0
3.9303451155495757,0.0
3.82401280229544,0.0
3.4718584359803892,0.0
3.3915960554012874,0.0
5.030617758177327,0.0
8.99563552110576,0.0
11.43875061659761,0.0
8.714352102757116,0.0
4.904247417526427,0.0
4.035675968284239,0.0
4.934423659377486,0.0
5.138364205413719,0.0
4.113606041863463,0.0
4.24260909662147,0.0
6.802473741251097,0.0
8.799896727296844,0.0
7.103408990589527,0.0
3.59408640857971,0.0
1.212153254321772,0.0
0.37141350086100594,0.0
0.49772721331788694,0.0
1.2308870576154975,0.0
2.219063844711389,0.0
2.79267114140938,0.0
2.951818114352281,0.0
4.126951690459497,0.0
7.3573358447004,0.0
10.93984157321619,0.0
11.379765182173932,0.0
8.64702569903287,0.0
6.171987661644097,0.0
5.5635970470207905,0.0
6.7733015292291965,0.0
10.038455378270358,0.0
12.05127465045799,0.0
9.22426574991965,0.0
6.0956151004207575,0.0
7.619842160146765,0.0
11.143870476854573,0.0
12.276601707328565,0.0
10.387186102960715,0.0
6.019738020467859,0.0
2.1092038463880796,0.0
0.7387887274592775,0.0
0.9899409913427843,0.0
1.9141779973469488,0.0
3.0938514438945837,0.0
4.125014096975472,0.0
5.186475620163862,0.0
7.052022439642463,0.0
9.597039754776596,0.0
10.789480171293853,0.0
10.054138840083308,0.0
9.252663661961087,0.0
8.335690057202452,0.0
6.765720532855041,0.0
5.192361324195053,0.0
3.827568483950667,0.0
3.1206736896094913,0.0
3.1534367277970663,0.0
2.904176265969571,0.0
2.2418615887743236,0.0
1.831890755704588,0.0
1.8548762263454588,0.0
1.7441658738716244,0.0
1.2931036305384347,0.0
0.8025742854139253,0.0
0.5201323960350818,0.0
0.6579537621827461,0.0
1.0491445738494083,0.0
1.5625325035555349,0.0
2.712324244812812,0.0
3.840558903866037,0.0
3.8008469164150394,0.0
4.498497266116826,0.0
7.999608599078368,0.0
10.845788975134301,0.0
8.755701860466564,0.0
5.102882645795347,0.0
4.16825720266795,0.0
5.112518024522578,0.0
5.431926593555954,0.0
4.525619768284844,0.0
3.572623408115929,0.0
4.014144862809008,0.0
6.389873026595273,0.0
8.138131803019109,0.0
6.508550123683307,0.0
3.58300403888816,0.0
1.7531148849028992,0.0
0.9633696500339511,0.0
1.0369363744503293,0.0
1.6423102367052098,0.0
2.2512219095301353,0.0
2.665798594259383,0.0
2.650118479462502,0.0
2.8295902931133408,0.0
4.786640266180365,0.0
8.764891280854036,0.0
10.940264290746942,0.0
8.032225536501386,0.0
3.702890400950479,0.0
1.6566443031806677,0.0
1.382983969068767,0.0
1.5922732823156722,0.0
1.659177401056728,0.0
1.6168151057039573,0.0
1.977611977166191,0.0
3.8205574457317852,0.0
7.8263763451901704,0.0
11.600083449917976,0.0
13.473224792092026,0.0
13.836376169806252,0.0
10.889422137834476,0.0
6.5780541973190285,0.0
3.8904837137477126,0.0
2.982344593845611,0.0
3.7695938960574082,0.0
4.4959295708343285,0.0
3.6710968143372567,0.0
3.0331203538341236,0.0
3.6030174334845246,0.0
5.604196873195897,0.0
10.05256602463631,0.0
14.395507015186272,0.0
14.199956195115735,0.0
10.976751571593223,0.0
8.81529803659854,0.0
8.033575712995829,0.0
8.226626289586122,0.0
9.9881381438373,0.0
11.775267935142411,0.0
11.43633238424867,0.0
10.328317525031094,0.0
10.399149282349034,0.0
9.375517610411865,0.0
5.568129289458354,0.0
2.083109034785063,0.0
0.8419772164400482,0.0
0.8228332927309254,0.0
1.013207954280402,0.0
0.9694618806520711,0.0
1.1091259328484737,0.0
2.3816334795034355,0.0
4.8893629869293465,0.0
6.937291498652799,0.0
6.730341873130792,0.0
5.209216949373444,0.0
4.480932112944971,0.0
5.048008531579521,0.0
5.923680472260571,0.0
5.582355881110138,0.0
4.399775707359521,0.0
5.381967686858064,0.0
9.511021884130765,0.0
12.208292426077982,0.0
10.368764274941766,0.0
9.02934919362784,0.0
9.763641883815108,0.0
7.763178647566581,0.0
3.5822959690080287,0.0
0.9478681976916938,0.0
0.30335913383533036,0.0
0.5795689931549322,0.0
1.0489867365883188,0.0
1.3965384992767966,0.0
1.8689047968831811,0.0
2.371928223452861,0.0
2.632922680162392,0.0
3.9610866423730133,0.0
8.000079242157012,0.0
12.26968616091936,0.0
13.546967621391367,0.0
13.165730650175014,0.0
11.478532266813971,0.0
8.915677023018203,0.0
6.872775920369252,0.0
5.9929436255101685,0.0
8.196496364383613,0.0
13.99067394473844,0.0
17.02432941600157,0.0
12.333303851713152,0.0
6.017753941634676,0.0
3.0268851111783905,0.0
1.5377050088807844,0.0
0.49355860071803387,0.0
0.13500120764182527,0.0
0.3550045629171529,0.0
1.124067506573318,0.0
1.9761787611946506,0.0
2.300944135289955,0.0
2.5837864270905246,0.0
3.0746413596035884,0.0
3.319693938351286,0.0
4.3737991081904015,0.0
7.633874805159435,0.0
10.60216972885794,0.0
10.240509754945888,0.0
9.376520862519484,0.0
10.228606139769006,0.0
10.521043212390426,0.0
9.81935982010479,0.0
10.466337858733302,0.0
10.924012708664351,0.0
7.737551691161335,0.0
3.657457342381698,0.0
2.987178275597265,0.0
6.091061221859575,0.0
8.528350427122927,0.0
6.299515015451633,0.0
2.7588374779482403,0.0
1.5063366624461119,0.0
1.8707809837917908,0.0
2.658867479761984,0.0
3.3603817944937004,0.0
3.89780087014213,0.0
4.455096808021035,0.0
5.217191551524926,0.0
7.328706687291824,0.0
10.18988419269703,0.0
11.580242414927165,0.0
12.084208952365808,0.0
11.04342884265263,0.0
7.6265132982419335,0.0
5.440413182356904,0.0
6.947373683050473,0.0
10.492214806130836,0.0
12.835077350595935,0.0
11.404032230476256,0.0
6.793545917533499,0.0
2.850742875064173,0.0
1.23863804295077,0.0
0.7023418589595498,0.0
0.3347784614497,0.0
0.1233850168445308,0.0
0.20532356192374884,0.0
0.6951775779812217,0.0
1.6605117299595766,0.0
3.5284190908030078,0.0
6.777215805551049,0.0
8.903975593182047,0.0
7.061442805701227,0.0
4.124133568615993,0.0
3.2053156046562887,0.0
3.476741186893567,0.0
4.727130726194023,0.0
7.845221483250792,0.0
10.218353539353453,0.0
9.345296672044388,0.0
8.590308882243688,0.0
8.601109979859903,0.0
6.311161210367254,0.0
3.432222920348344,0.0
2.1298255633074374,0.0
1.5938882372554277,0.0
1.0008355196548422,0.0
0.4274874651090221,0.0
0.13651722720876372,0.0
0.18913888730102765,0.0
0.5537840516604534,0.0
0.915544270388616,0.0
0.8417265265657088,0.0
0.6121924632027236,0.0
0.9279621449171442,0.0
1.82395390040721,0.0
2.5490458778859737,0.0
3.1074643434047453,0.0
4.818598734080946,0.0
7.436704738151035,0.0
9.39707437520448,0.0
11.509986255204993,0.0
13.36043724814356,0.0
12.508861851598684,0.0
10.082143213859286,0.0
8.06444046484768,0.0
6.81788360302952,0.0
6.021673108956366,0.0
4.957864622380935,0.0
3.4608918802485746,0.0
2.0110557456159244,0.0
1.286950195891559,0.0
1.0654025878753037,0.0
0.8087573606691096,0.0
0.6113073595158218,0.0
0.6497033568393557,0.0
1.0999894779257604,0.0
2.0360629914415376,0.0
2.8801341280675476,0.0
2.7787171218851245,0.0
1.9209498159626661,0.0
1.2594374862118618,0.0
1.2834128983580055,0.0
1.496227605264255,0.0
1.5996174146190665,0.0
1.9848597249458357,0.0
2.298914005349747,0.0
2.1868626772990973,0.0
2.3912133724368303,0.0
3.297305796375412,0.0
3.875032237832642,0.0
3.3651878374387696,0.0
2.630554229258483,0.0
1.9125855706579062,0.0
0.9721136598023888,0.0
0.2961916048241041,0.0
0.1386923958296853,0.0
0.34851783232282113,0.0
0.7660435354165817,0.0
1.2615800135101285,0.0
1.8010573199545614,0.0
2.2854666516595126,0.0
2.3761262293424434,0.0
2.101372892691279,0.0
2.361264924182292,0.0
3.535818627569394,0.0
5.063128432695305,0.0
6.335287415304183,0.0
6.268421558795021,0.0
4.540985634461858,0.0
2.8438537852580925,0.0
1.949363063922864,0.0
1.5711321366581459,0.0
1.949506510514627,0.0
2.443081258726347,0.0
1.941382708543995,0.0
0.8867468498160288,0.0
0.2277612539538021,0.0
0.0318903342030652,0.0
0.002551152465620367,0.0
0.005625913474643644,0.0
0.07187182905411472,0.0
0.473913914571658,0.0
1.666846474552148,0.0
3.423247303908282,0.0
4.72236155172983,0.0
5.009616314875018,0.0
4.402051220177629,0.0
3.5854092412658463,0.0
3.227945847300288,0.0
3.307619255668141,0.0
3.4484473816444177,0.0
3.3148190466736267,0.0
3.4489839207779966,0.0
4.335087836038312,0.0
5.007756289580118,0.0
4.6782955274405404,0.0
3.8219191958233045,0.0
2.654149381421097,0.0
1.5545909574229875,0.0
1.1212934001891308,0.0
0.9584334223177072,0.0
0.5560427722468559,0.0
0.17596490095405964,0.0
0.05520532187069904,0.0
0.17694804530766914,0.0
0.5670833659556377,0.0
1.0100301620736618,0.0
1.1713191311187154,0.0
1.2660586794145394,0.0
1.7261728798125713,0.0
2.3998312748596593,0.0
2.5681349103676157,0.0
2.1051005028207634,0.0
1.6058485499721638,0.0
1.2835382263062483,0.0
1.1531419584094453,0.0
1.4584812076383122,0.0
2.4767662188802824,0.0
3.7384466105654792,0.0
4.262104533968038,0.0
3.952610896313621,0.0
3.36659696436542,0.0
2.7857551630007378,0.0
2.013341090277929,0.0
1.2975230310445682,0.0
0.8928078805238072,0.0
0.5032540082236185,0.0
0.1638576109262098,0.0
0.04215666347195695,0.0
0.11328579150662933,0.0
0.45408609369938324,0.0
1.1880721909819354,0.0
2.222832318909126,0.0
3.1471584624201205,0.0
3.530522975349981,0.0
3.443531245180093,0.0
3.113757462691231,0.0
2.672445100745238,0.0
2.5543139601373723,0.0
3.289665187046879,0.0
5.348470419612506,0.0
7.752505949307943,0.0
7.908291332112271,0.0
5.699819685087361,0.0
3.66015530617071,0.0
3.075024821965452,0.0
3.866852186489135,0.0
5.922846113029819,0.0
6.941748498184873,0.0
4.770961329523178,0.0
2.0482735436600894,0.0
0.8179243862742026,0.0
0.3676348141009052,0.0
0.3241493616127518,0.0
0.928527529443311,0.0
2.113039048238985,0.0
2.958786031509699,0.0
2.6676884916628585,0.0
2.0695661444316116,0.0
3.2131619601598667,0.0
7.012838352891093,0.0
10.706894379843833,0.0
11.449427244295498,0.0
10.888387401608167,0.0
10.976347971442134,0.0
11.235454197820774,0.0
11.058670308415335,0.0
11.467030162481045,0.0
12.589128346470526,0.0
11.984879039340546,0.0
8.633100408202425,0.0
6.46545106322724,0.0
5.97194752012236,0.0
3.8446074093987517,0.0
1.3028485720735776,0.0
0.32028180282402874,0.0
0.4334722365228789,0.0
0.9757120805410975,0.0
1.6879764957328427,0.0
2.6842911588042746,0.0
3.7390314743238995,0.0
4.0697639984077085,0.0
3.9149124425940935,0.0
4.741713292761534,0.0
7.3732657848101,0.0
9.255253043187915,0.0
7.490190695135941,0.0
4.232367965834264,0.0
2.5351095137650113,0.0
2.093384994741259,0.0
1.8223908828262538,0.0
1.6739446929805388,0.0
1.7503844591539808,0.0
1.8518014653364092,0.0
1.789308524355865,0.0
1.6687164127135177,0.0
1.5230531343799802,0.0
1.9281129023400208,0.0
3.597949277040548,0.0
4.678848794950797,0.0
3.233944826427159,0.0
1.305750875110541,0.0
0.6007077682773692,0.0
0.5935915292373962,0.0
1.0794792993345308,0.0
2.285560001491018,0.0
3.432975236236742,0.0
3.5016549339093643,0.0
3.054436527663384,0.0
2.8157297202614817,0.0
2.7627174892831117,0.0
3.125492564804486,0.0
5.102019457696587,0.0
6.96907469170595,0.0
6.136039139899183,0.0
5.560933462711899,0.0
8.329417013349513,0.0
12.028901014500981,0.0
11.942950286340299,0.0
7.64223669713743,0.0
3.3785335200126996,0.0
1.1637118268260207,0.0
0.2923695827792302,0.0
0.07147354845892077,0.0
0.1913140559219509,0.0
0.6472450230091333,0.0
1.2440284026398067,0.0
1.4822934284822937,0.0
1.3296343805357616,0.0
1.2677102394920179,0.0
1.596508452985339,0.0
2.2046705807934814,0.0
3.3989542772196013,0.0
6.284993290354064,0.0
10.065020702975067,0.0
12.050087317375006,0.0
11.120939430607411,0.0
7.9933681326930595,0.0
5.8327773002965015,0.0
7.2827756983628325,0.0
9.420242783755167,0.0
8.545872759545867,0.0
6.902984738413147,0.0
5.93906449220928,0.0
3.907420069540026,0.0
1.6643406454897611,0.0
0.571479425786974,0.0
0.348060649839447,0.0
0.4118705795254866,0.0
0.6277504980843439,0.0
1.4702460670586268,0.0
2.8483477197683627,0.0
3.7505781871605857,0.0
3.9875115040961706,0.0
4.235524472695424,0.0
4.428406768229596,0.0
4.5467908212198225,0.0
5.741277512322475,0.0
8.186928573861328,0.0
9.186182110581395,0.0
7.116213010338797,0.0
4.636460174710993,0.0
3.693148809820733,0.0
3.897312487748364,0.0
4.5002525397721,0.0
5.693712170045015,0.0
8.522764679491909,0.0
10.015917144069546,0.0
6.596728125201451,0.0
2.19865860241438,0.0
0.3867691076300551,0.0
0.18950009856702107,0.0
0.47893357945187026,0.0
0.7467252490828555,0.0
0.918553632053605,0.0
1.6505977271961652,0.0
2.8626894438154267,0.0
3.6347533943811428,0.0
3.862520118567508,0.0
3.9796481558880177,0.0
3.777941282324829,0.0
2.693704893699092,0.0
1.626057294033912,0.0
1.5818578697274288,0.0
1.9080461962446535,0.0
2.0204928211855266,0.0
2.351900161299836,0.0
2.808644168095309,0.0
2.9290665386024135,0.0
2.4499294844641843,0.0
1.6269903076493415,0.0
1.2012879533116654,0.0
1.1299644340644674,0.0
1.0293309589918396,0.0
0.8519685692673882,0.0
0.5143363779151476,0.0
0.2583852785939754,0.0
0.37499113296499226,0.0
0.8078659910266112,0.0
1.503340560903448,0.0
2.5227097578800093,0.0
3.3779293267474886,0.0
3.278704978601507,0.0
2.4077044209338174,0.0
1.6936296964890434,0.0
1.6285217618098629,0.0
1.9214981257696024,0.0
2.3623355331301616,0.0
3.1261712586032044,0.0
3.6023796524969844,0.0
3.2487960850127537,0.0
2.6704939481267926,0.0
2.276887392495261,0.0
2.0020916166554343,0.0
1.7485192118278112,0.0
1.4734135146932377,0.0
1.102382661120502,0.0
0.5812822726389566,0.0
0.17592312497133042,0.0
0.028857349176796318,0.0
0.018632795890636756,0.0
0.12018492788729569,0.0
0.4801091252013212,0.0
1.0902161056943491,0.0
1.538017551561453,0.0
1.8190756272968438,0.0
2.5646789774605216,0.0
4.072402482950511,0.0
6.006579267050516,0.0
6.639675151754678,0.0
5.743218620064627,0.0
6.508888641154747,0.0
8.703868723165325,0.0
8.552272556940947,0.0
6.201028791983076,0.0
4.4886302150290485,0.0
4.018258253458202,0.0
4.615465411861633,0.0
5.883570003193341,0.0
6.954167647296073,0.0
6.960028816893365,0.0
5.207827700865313,0.0
4.183362296719801,0.0
5.173382964972702,0.0
5.345837024782822,0.0
3.4254066902438898,0.0
1.6461409928338908,0.0
1.2333370706681652,0.0
2.0825031497007065,0.0
4.34559853708851,0.0
6.384373900839641,0.0
6.311248825130943,0.0
6.027629267668892,0.0
6.910338985445913,0.0
7.152863849243683,0.0
5.7272997534444,0.0
3.6221663605924057,0.0
2.0815441599045075,0.0
1.553089426557214,0.0
1.622261400544774,0.0
1.6837484857249037,0.0
1.7129988934655864,0.0
1.9032136117458256,0.0
1.9132019978367028,0.0
1.4601559763807808,0.0
0.8562208658425148,0.0
0.4385698348005264,0.0
0.33402649376032273,0.0
0.367371643501597,0.0
0.3331269013722157,0.0
0.4295373057816903,0.0
0.8280644417024507,0.0
1.533797481612622,0.0
2.469018400754313,0.0
2.9883870926035327,0.0
2.993921479876672,0.0
3.409771751022021,0.0
3.972877630856375,0.0
4.002582715886016,0.0
3.8101559115233554,0.0
3.6054452788459086,0.0
3.265829309370942,0.0
3.044226994274534,0.0
3.2776389454883392,0.0
3.725147296270307,0.0
3.379020309633785,0.0
2.1205506991696623,0.0
0.8739395806438331,0.0
0.21992074920226196,0.0
0.03209921411677956,0.0
0.01568336282980988,0.0
0.08365417788996693,0.0
0.2803381373489984,0.0
0.6356472675197927,0.0
1.3128304100296904,0.0
2.376237068589483,0.0
3.3787780084927777,0.0
4.097379971976399,0.0
4.423223017341092,0.0
4.261512525366249,0.0
3.961405698835148,0.0
3.781361658160141,0.0
4.583059391657623,0.0
7.054483128497755,0.0
9.299878450067451,0.0
8.772296951058914,0.0
6.381704349080031,0.0
4.231590452478768,0.0
3.3338496259412724,0.0
3.608208975145496,0.0
5.053593166289617,0.0
6.071371164847717,0.0
4.6481003359183655,0.0
2.302147515027044,0.0
0.833917255702477,0.0
0.2842760688044874,0.0
0.2920053707989281,0.0
0.5034803775528661,0.0
0.7405358897125296,0.0
0.9861017479415458,0.0
1.3871767529270764,0.0
2.2090758221305435,0.0
2.943996941004805,0.0
3.4741521365888617,0.0
4.878889352867153,0.0
5.914423266374571,0.0
4.58122885849994,0.0
2.9570538034822875,0.0
2.736462866420692,0.0
3.1609571145098916,0.0
3.8829123130683074,0.0
4.663628232973451,0.0
5.007437233625304,0.0
5.036024216173149,0.0
5.2433547648846215,0.0
5.1371936996905285,0.0
3.8064417121928407,0.0
1.8131379859068149,0.0
0.5005960951275302,0.0
0.09280512151386437,0.0
0.15864254393583663,0.0
0.7202701010621322,0.0
2.043658194337712,0.0
3.6284687465488243,0.0
4.2722357374226965,0.0
3.7731238497331225,0.0
3.1201461526188803,0.0
2.9966206717373325,0.0
3.2274803100614524,0.0
3.3402431404122166,0.0
3.788249768095906,0.0
4.878924614384693,0.0
5.039864638357005,0.0
3.706578357431037,0.0
2.648856248516139,0.0
2.720876516151587,0.0
4.320551754249364,0.0
8.638678245760806,0.0
13.344346021891495,0.0
12.73543106566573,0.0
7.238537049606422,0.0
2.6573586385090593,0.0
0.7889226604316075,0.0
0.28371303760505384,0.0
0.42659808528321264,0.0
1.0999894779257695,0.0
2.260087334617998,0.0
3.2318641847220606,0.0
3.107326582084531,0.0
2.3063223935824455,0.0
1.7913938750557055,0.0
1.7526606691558988,0.0
1.734233752464661,0.0
1.3572724181636593,0.0
0.8904389838962756,0.0
1.1055173507337157,0.0
2.169311066428757,0.0
3.1470476231730937,0.0
3.2789411457967725,0.0
2.946972847464545,0.0
2.6679640815140773,0.0
2.300192582296881,0.0
1.7942933093881317,0.0
1.5802330657353738,0.0
1.4408376900470652,0.0
0.9756183160132876,0.0
0.42330423179817855,0.0
0.10991859861837878,0.0
0.028773797211286672,0.0
0.08246215362264993,0.0
0.2505394198013419,0.0
0.43201704165625465,0.0
0.5537422756776813,0.0
0.6713905398005844,0.0
0.7089879861170066,0.0
0.8075683371161319,0.0
1.2229994228401277,0.0
1.5319708775450425,0.0
1.3297179325012458,0.0
1.219623095291814,0.0
1.629934801365343,0.0
2.025212213110557,0.0
2.210835868128294,0.0
2.5493258758859128,0.0
2.8052739744927564,0.0
2.4153232471912864,0.0
1.5691604939098742,0.0
1.0989227816066611,0.0
1.103390092041305,0.0
0.9977975440975417,0.0
0.5660584456192788,0.0
0.1768644933421922,0.0
0.054305729482569294,0.0
0.16684881996973525,0.0
0.5255440755548914,0.0
1.0001010413809988,0.0
1.4467973966873136,0.0
1.7158355486488954,0.0
1.700665234108494,0.0
1.8295804612694064,0.0
2.0321949014566747,0.0
2.0159063167483997,0.0
1.864159411260703,0.0
1.5955647312877124,0.0
1.5076491221625008,0.0
1.7893167471014668,0.0
2.2238990152281994,0.0
2.5592549965785043,0.0
2.558104748293941,0.0
2.2073996119757697,0.0
1.668148674860572,0.0
1.014324234631517,0.0
0.4264625447726352,0.0
0.1100439265665974,0.0
0.028773797211267046,0.0
0.08246215362262439,0.0
0.25058119578407195,0.0
0.4330419619925655,0.0
0.5658077897228034,0.0
0.7350945695843555,0.0
0.8242439789596306,0.0
0.6591579218244672,0.0
0.36949054743854043,0.0
0.33620466309555513,0.0
0.736185552470643,0.0
1.0979632606143663,0.0
0.9591431993280277,0.0
0.6747607334031308,0.0
0.6201135192054091,0.0
0.8371308874684734,0.0
1.2080169850470073,0.0
1.6459869361918482,0.0
2.17869187731442,0.0
2.419852823738511,0.0
1.863423507392939,0.0
0.9922460479282972,0.0
0.3981390167016275,0.0
0.19229720027552602,0.0
0.33095173275129164,0.0
0.5768628721327982,0.0
0.5880705697725668,0.0
0.398797219863194,0.0
0.35832462578155383,0.0
0.5408271679727961,0.0
0.8833766562134364,0.0
1.3119992176999278,0.0
1.4264716794327792,0.0
1.1482160240791293,0.0
1.0043776245233822,0.0
1.2102514190661853,0.0
1.4776802999695837,0.0
1.6935970551663901,0.0
1.8934515949841824,0.0
2.1708095965801686,0.0
2.1588066313341514,0.0
1.559019492589208,0.0
1.3119338183558986,0.0
1.715734507267916,0.0
1.863270892163192,0.0
1.390194586046243,0.0
0.6725262993839829,0.0
0.1901220316546476,0.0
0.028815573194061077,0.0
0.0033254169054949246,0.0
0.014449562579779727,0.0
0.09452766766780486,0.0
0.3296343805357852,0.0
0.6549329125308985,0.0
0.8120531369662977,0.0
0.671348763817856,0.0
0.44961042850933985,0.0
0.571311375963601,0.0
1.061484084465817,0.0
1.2549999330843111,0.0
0.8165143134551646,0.0
0.4318408030651983,0.0
0.6475281882184388,0.0
1.2515818295532388,0.0
1.8491410487441824,0.0
2.067014294782172,0.0
1.6261416259040746,0.0
0.9119590629265654,0.0
0.38381478207012654,0.0
0.17797296564402026,0.0
0.2506647477495694,0.0
0.3396227666266698,0.0
0.23621518516983583,0.0
0.08020343303624845,0.0
0.01325753831245371,0.0
0.001066696319075228,0.0
4.177598275541212e-05,0.0
8.581936088162518e-16,0.0
-8.581936088162517e-15,0.0
1.0298323305795021e-14,0.0
-3.432774435265007e-15,0.0
-3.432774435265007e-15,0.0
-9.440129696978769e-15,0.0
-2.3171227438038798e-14,0.0
-1.6305678567508786e-14,0.0
-2.6604001873303805e-14,0.0
-6.007355261713762e-15,0.0
-1.8880259393957538e-14,0.0
-1.8880259393957538e-14,0.0
-1.5876581763100657e-14,0.0
-1.8022065785141286e-14,0.0
-1.3302000936651903e-14,0.0
-1.6305678567508786e-14,0.0
-2.102574341599817e-14,0.0
4.290968044081259e-16,0.0
-9.011032892570643e-15,0.0
-3.003677630856881e-15,0.0
-6.007355261713762e-15,0.0
-8.581936088162517e-15,0.0
-1.1156516914611271e-14,0.0
-5.1491616528975105e-15,0.0
2.5745808264487552e-15,0.0
-1.9738453002773793e-14,0.0
-1.5018388154284408e-14,0.0
-1.544748495869253e-14,0.0
-1.2014710523427525e-14,0.0
-1.4160194545468154e-14,0.0
-2.5745808264487556e-14,0.0
-1.8451162589549412e-14,0.0
-2.48876146556713e-14,0.0
-4.269513203860853e-14,0.0
-1.544748495869253e-14,0.0
-3.604413157028257e-14,0.0
-1.8880259393957538e-14,0.0
-2.832038909093631e-14,0.0
-1.9738453002773793e-14,0.0
-1.6305678567508786e-14,0.0
-8.581936088162517e-15,0.0
-1.2872904132243778e-14,0.0
-2.917858269975256e-14,0.0
-1.544748495869253e-14,0.0
1.7163872176325036e-15,0.0
-6.007355261713762e-15,0.0
-9.011032892570643e-15,0.0
-2.3171227438038798e-14,0.0
-3.64732283746907e-14,0.0
-1.0727420110203147e-14,0.0
1.3302000936651903e-14,0.0
-1.1156516914611271e-14,0.0
-2.0596646611590042e-14,0.0
-2.0596646611590042e-14,0.0
-9.440129696978769e-15,0.0
4.1775982730524506e-05,0.0
0.0010666963190726535,0.0
0.01325753831242968,0.0
0.08020343303622615,0.0
0.23617340918705812,0.0
0.33851429432481894,0.0
0.23617340918704569,0.0
0.08020343303623516,0.0
0.01325753831243912,0.0
0.0010666963190898173,0.0
8.355196549366036e-05,0.0
0.0010666963190778026,0.0
0.013257538312431398,0.0
0.08032876098447007,0.0
0.23958237805804541,0.0
0.3837039428230778,0.0
0.5453301204444183,0.0
1.21953954332628,0.0
2.4121056688184943,0.0
3.144830678569443,0.0
3.0072474182475175,0.0
2.641636598950036,0.0
2.324089018312277,0.0
1.763799303531375,0.0
0.954223564931226,0.0
0.5562089642633339,0.0
1.0596247223768238,0.0
2.1560292415491236,0.0
3.080895057425141,0.0
3.2218340226484563,0.0
2.5481163622030922,0.0
1.8074012331851936,0.0
1.380189125236136,0.0
0.943347437949173,0.0
0.6651400103794397,0.0
1.6450332999294976,0.0
4.584039386825814,0.0
6.6834194842748875,0.0
4.919311816210633,0.0
2.0766661349954334,0.0
0.9131845423991232,0.0
0.6878412537271403,0.0
0.8015912730701567,0.0
1.5371418310442184,0.0
2.2081173632221267,0.0
1.9213193836823905,0.0
1.3727946784911982,0.0
1.3583936890458503,0.0
1.8709914230075815,0.0
2.119141854929504,0.0
1.6481446153972519,0.0
1.3253584605993256,0.0
1.7122298510570053,0.0
2.1946068315047897,0.0
2.3833227369471186,0.0
2.641619109534495,0.0
2.9778473959913736,0.0
2.8589623309041023,0.0
2.0736506398919587,0.0
1.0045029524715947,0.0
0.2879751162278989,0.0
0.08418799899570045,0.0
0.2626102878875797,0.0
0.8573118487288386,0.0
1.6803987822522004,0.0
2.4036993648444875,0.0
2.7484205079552,0.0
2.37449373380089,0.0
1.701832971808588,0.0
1.1567719425685552,0.0
0.699252609249323,0.0
0.6813901651697728,0.0
1.5988970955142798,0.0
3.7739430228799082,0.0
6.4957839672879105,0.0
7.122296488165404,0.0
4.9780065256863315,0.0
3.245898871489973,0.0
3.043840600852458,0.0
2.8775344182858444,0.0
2.4867736695070985,0.0
2.1488775106415132,0.0
1.477621034571298,0.0
0.7837379636506926,0.0
0.5433220557544873,0.0
0.7962740867965511,0.0
1.0578248743946796,0.0
0.9009845317677293,0.0
0.9317693943833057,0.0
1.5763329976337943,0.0
2.500586794479698,0.0
3.198710425478986,0.0
3.041033039263027,0.0
2.3687212223435066,0.0
2.38825167199177,0.0
3.0506188174336097,0.0
3.600776797563733,0.0
3.7814558684115536,0.0
3.484284003756714,0.0
2.845564478724063,0.0
2.5822417936312427,0.0
3.409712485623754,0.0
4.413366093144192,0.0
4.2782789960284555,0.0
3.1506122079881864,0.0
1.7934854917111471,0.0
0.934069890952441,0.0
0.7146974515571153,0.0
0.6211947042257058,0.0
0.5087993704470851,0.0
0.779370136993344,0.0
1.4866885424212155,0.0
2.122968168931598,0.0
2.1658922996917913,0.0
1.7516455466855962,0.0
1.6802643196439113,0.0
2.1701931694013754,0.0
2.611166879660487,0.0
2.5898888190847527,0.0
2.474497700427857,0.0
2.2444786717800675,0.0
1.9074712623620806,0.0
2.0990306201393953,0.0
2.7981548849078215,0.0
3.3545041630387624,0.0
3.5724289829255187,0.0
3.5067198891661007,0.0
3.4102278714215943,0.0
3.2771646724673658,0.0
2.5746459275291587,0.0
1.6128331769487843,0.0
0.9862270758897562,0.0
0.517536466872403,0.0
0.16427537075363885,0.0
0.03895892784147352,0.0
0.16294183852502753,0.0
1.069035324040217,0.0
3.735121574179446,0.0
7.124654409842627,0.0
7.667850474442921,0.0
4.857964415162827,0.0
2.1752617885783376,0.0
1.1985729961342397,0.0
1.1264203551976095,0.0
1.4657533271493495,0.0
2.24464590772086,0.0
3.344230920426701,0.0
4.410235101429156,0.0
5.97957909211645,0.0
8.829714359012057,0.0
10.189847887454164,0.0
8.144780645664223,0.0
6.5925374650036215,0.0
6.235952943453566,0.0
4.395941349974603,0.0
2.077850219203612,0.0
0.7414394287073656,0.0
0.18983195310221443,0.0
0.0426997512476297,0.0
0.10105317353052805,0.0
0.384965030354691,0.0
1.004436889921654,0.0
1.9447771887137713,0.0
2.672901620022725,0.0
2.6483504945966234,0.0
2.5043615686109555,0.0
3.2974882023828824,0.0
5.440646016862383,0.0
7.723864277196548,0.0
7.68758560868961,0.0
5.358385051603946,0.0
3.4224659936081716,0.0
2.836354153510402,0.0
2.7013465634131886,0.0
2.3024111020209346,0.0
1.9119172869438394,0.0
1.7069799214270636,0.0
1.5435594983742915,0.0
1.3518971605855148,0.0
1.013215762329697,0.0
0.7290164641573795,0.0
0.69753198590757,0.0
0.7767926431385698,0.0
1.4536326913276925,0.0
3.4802174609521663,0.0
4.991831157004332,0.0
3.6726073478533214,0.0
1.520578586051498,0.0
0.7524800224161581,0.0
0.7987226227607355,0.0
0.7914419169940293,0.0
0.7487698677242716,0.0
0.6915913438032102,0.0
0.689227669206983,0.0
1.3476305412968959,0.0
3.6093611620605115,0.0
7.222888451583266,0.0
10.001242919091803,0.0
11.31487222667009,0.0
11.711538956776524,0.0
9.590981344263712,0.0
5.272482861209772,0.0
1.917708117010405,0.0
0.5193837275648902,0.0
0.11017160784162625,0.0
0.029901748745370528,0.0
0.11230500047981104,0.0
0.5460241321379865,0.0
2.080813760247253,0.0
5.771509506813027,0.0
10.342062898039135,0.0
11.837329142020845,0.0
9.099625595477585,0.0
5.074989676639377,0.0
2.59602244326894,0.0
2.0586264419344364,0.0
2.2248135110138527,0.0
1.9201550613929022,0.0
1.5658579204609977,0.0
1.883659821422752,0.0
2.535257519182082,0.0
2.9830328381917823,0.0
3.119534913493417,0.0
2.59349973870793,0.0
1.5325044159642842,0.0
0.7146586762887144,0.0
0.29359567566143924,0.0
0.08570401856265226,0.0
0.026723956538607242,0.0
0.08242037763989774,0.0
0.25173144406864895,0.0
0.4485164449086843,0.0
0.6747432439876065,0.0
1.160323314106996,0.0
1.8219017064077458,0.0
2.202080619081528,0.0
2.0359939281772736,0.0
1.4738812732490063,0.0
1.0375883116563114,0.0
1.4064167093265985,0.0
2.3083225182132736,0.0
2.804045528283773,0.0
3.001093983600639,0.0
3.51218169942409,0.0
4.323412379842752,0.0
4.664906146714677,0.0
3.866448039864421,1.0
2.880018607915663,1.0
4.352431571861105,1.0
18.26891703890717,1.0
67.41983452990472,1.0
158.36584751938707,1.0
248.65289373683265,1.0
295.4323916259569,1.0
305.17598669449205,1.0
304.18722376361177,1.0
309.03522564267314,1.0
311.5712717924227,1.0
298.9603341295402,1.0
284.52004729924045,1.0
282.16256962039864,1.0
283.0516751526303,1.0
279.4549973205534,1.0
280.7648418639374,1.0
288.27714773399646,1.0
291.1272238744979,1.0
284.67818271584537,1.0
276.5558462142013,1.0
283.44672239090266,1.0
308.7610109962887,1.0
333.65439645420827,1.0
345.79214927188195,1.0
347.59833608823266,1.0
342.97107695331766,1.0
344.61628065415465,1.0
363.0307536006353,1.0
391.655057046421,1.0
407.82161186094123,1.0
395.3599048717467,1.0
363.6995258252432,1.0
335.9021870537469,1.0
323.90189677289214,1.0
322.3714163471973,1.0
321.97942612930495,1.0
318.5116787347807,1.0
324.3834761192006,1.0
343.4330653665408,1.0
358.99960159955117,1.0
363.50817516673516,1.0
