21.847873972907227,0.0
21.852552783635442,0.0
21.716726152812516,0.0
21.169460534466797,0.0
19.132815044991844,0.0
15.778820418760024,0.0
13.207666904809122,0.0
12.566777926998544,0.0
13.081528511600151,0.0
13.606827618397396,0.0
13.573628590749491,0.0
13.525328162104401,0.0
13.88252699494015,0.0
14.263762956617885,0.0
14.421641517780825,0.0
14.085877787865671,0.0
13.461761942352771,0.0
13.276553483762681,0.0
13.418587683851227,0.0
13.3816860965191,0.0
13.332296870036293,0.0
13.691115860263224,0.0
13.986212639546046,0.0
13.921587574893262,0.0
13.70387370175483,0.0
13.490495129013649,0.0
13.628106626067433,0.0
13.710484303981682,0.0
13.619294981261602,0.0
13.696645574256143,0.0
13.821468561121264,0.0
14.235165095944117,0.0
14.496254366878313,0.0
14.335901051473083,0.0
14.075234689047752,0.0
13.548174943193382,0.0
13.132865919205873,0.0
13.276260962508736,0.0
13.971410728474803,0.0
14.683228659116315,0.0
14.556396615073085,0.0
14.31159394749759,0.0
14.602366139803353,0.0
14.902615697653765,0.0
14.617355763225191,0.0
13.407371905804292,0.0
12.160725060003726,0.0
11.908303473267683,0.0
12.604411802774333,0.0
13.379291865145454,0.0
13.443771155186552,0.0
13.23649534518137,0.0
13.36868899657479,0.0
13.82085980483611,0.0
14.18052013623612,0.0
14.063580101202561,0.0
13.774890934833499,0.0
13.727891511047495,0.0
13.810027968949475,0.0
13.689064552476822,0.0
13.540138121920767,0.0
13.756597451110387,0.0
13.99203642283128,0.0
14.09021249418873,0.0
14.338292566929603,0.0
14.50993423527558,0.0
14.464376516877671,0.0
14.298633595161734,0.0
13.78788759555448,0.0
12.894713231439614,0.0
12.213256481152186,0.0
12.307786100817857,0.0
12.771220238760664,0.0
12.781409698002367,0.0
12.518974253330313,0.0
12.372068950888071,0.0
12.40397687195463,0.0
12.588779324403218,0.0
12.524089501940525,0.0
12.217718079835622,0.0
12.14106556319137,0.0
12.317544117729133,0.0
12.514775682905317,0.0
12.589227243165437,0.0
12.550874569356207,0.0
12.636606631652676,0.0
13.129604403555568,0.0
13.600525578008375,0.0
13.766413938515603,0.0
13.821357006079289,0.0
13.698871108251685,0.0
13.571574328739407,0.0
13.65461372898875,0.0
13.807522011977417,0.0
13.792641394704598,0.0
13.782841909180195,0.0
14.194905184364016,0.0
14.660447025553376,0.0
14.847073452876286,0.0
15.339681290389514,0.0
15.845039793849738,0.0
15.452109252332932,0.0
14.55183117919293,0.0
14.384025603497696,0.0
14.908360755558824,0.0
15.21848574964565,0.0
15.38790447037631,0.0
15.567158371959138,0.0
15.641371215250944,0.0
15.500384940951271,0.0
15.2380798304114,0.0
15.370042666450079,0.0
16.011253148142558,0.0
16.585077835446157,0.0
16.841190097859418,0.0
17.14216744641212,0.0
17.37284013026097,0.0
16.917695657362454,0.0
16.036003613173065,0.0
15.58276520104387,0.0
15.901127807012273,0.0
16.50234894523145,0.0
16.578549799561262,0.0
15.957261459797987,0.0
15.166152438589858,0.0
14.875023749743203,0.0
15.033730502590938,0.0
15.266279044286927,0.0
15.439485040580585,0.0
15.415334784716427,0.0
15.23761687285282,0.0
15.115285846813562,0.0
15.318527064121774,0.0
15.812790563920469,0.0
15.893011820967903,0.0
15.662633767850968,0.0
15.855403588841481,0.0
16.60198470432908,0.0
17.347076229405037,0.0
17.744020635050546,0.0
17.670776840755675,0.0
17.12805601474888,0.0
16.46036727835114,0.0
16.322209923174796,0.0
16.589774037809317,0.0
16.467082351447086,0.0
16.244336437326236,0.0
16.241590122333516,0.0
16.091147959352924,0.0
15.817992874721302,0.0
15.702956875329793,0.0
15.602566229834911,0.0
15.326456845390762,0.0
14.838071654172829,0.0
14.167470800042668,0.0
13.50807187003948,0.0
13.166264000130942,0.0
13.316629601696205,0.0
13.857879759667956,0.0
14.537254847862252,0.0
15.107051041730168,0.0
15.441228340220846,0.0
15.297035288454019,0.0
14.758731472214363,0.0
14.5163422591473,0.0
14.731256788814965,0.0
14.78464796660459,0.0
14.436978290929172,0.0
14.231817769570156,0.0
14.398406569918587,0.0
14.207664590929527,0.0
12.996675632520944,0.0
11.653080019396821,0.0
11.373571531044954,0.0
12.031946100166975,0.0
12.5711027631356,0.0
12.441064356103011,0.0
12.270355413691703,0.0
12.397163505749857,0.0
12.383839187681467,0.0
12.329625725802703,0.0
12.661623996104312,0.0
13.608347112596032,0.0
14.699329741447913,0.0
14.90825746196516,0.0
14.2896669267967,0.0
13.548220031988015,0.0
13.023902983091284,0.0
12.825026314142306,0.0
12.732709478642112,0.0
12.539012676771137,0.0
12.291626632951237,0.0
12.10703269647754,0.0
12.074129622214713,0.0
12.231815226287434,0.0
12.47899638834631,0.0
12.782505115677402,0.0
13.396388260264006,0.0
13.912625611186686,0.0
13.7378872435586,0.0
13.44002849638978,0.0
13.370341810501056,0.0
13.240288126402152,0.0
13.232805198187148,0.0
13.533668325316468,0.0
14.121358580610137,0.0
14.90126875805895,0.0
15.534760670216789,0.0
15.941022359566556,0.0
16.078201622501332,0.0
15.606570491264284,0.0
14.697671563079394,0.0
14.000808657898867,0.0
13.462855971792997,0.0
12.984249142851295,0.0
12.932277911351743,0.0
12.97188951298669,0.0
12.564616491827119,0.0
12.042807340081952,0.0
11.945925455948087,0.0
12.447801843200146,0.0
13.261484504635947,0.0
13.673777084651357,0.0
13.422134423805774,0.0
13.01346243521204,0.0
12.949284361554916,0.0
13.280676340972592,0.0
13.649330228917066,0.0
13.43394840731716,0.0
12.86132057337126,0.0
12.922315010951689,0.0
13.929164327458357,0.0
14.898190340222385,0.0
14.822089503086714,0.0
14.139388426114266,0.0
13.614912562236876,0.0
13.267780652816052,0.0
12.810904465249877,0.0
12.485955189279073,0.0
12.847544172284477,0.0
13.207187342208128,0.0
12.851719510031069,0.0
12.787852207852929,0.0
13.180258297352323,0.0
13.308703413286672,0.0
13.30277865221273,0.0
13.230717319714277,0.0
13.377353090659126,0.0
13.550316858095268,0.0
13.338485466431017,0.0
13.04742782054232,0.0
12.635913501480339,0.0
11.997594206213304,0.0
11.532754845831047,0.0
11.804435281690923,0.0
12.851286702037633,0.0
13.751967069296057,0.0
14.402882283806605,0.0
15.36754742745391,0.0
15.99653990368178,0.0
15.665090780714426,0.0
14.824612473745669,0.0
14.107031200759605,0.0
13.822833760718535,0.0
13.627601337040831,0.0
13.047517087288558,0.0
12.053179108020434,0.0
11.145835903037602,0.0
10.93296450853475,0.0
11.405003007892597,0.0
12.286667687783915,0.0
13.224129952402166,0.0
13.545333523253037,0.0
13.042950290555726,0.0
12.38562748340542,0.0
12.146162021425686,0.0
12.297814547881057,0.0
12.475319721840846,0.0
12.427047789209608,0.0
12.527233765350786,0.0
12.931504880350174,0.0
13.26212273383699,0.0
13.433866012222984,0.0
13.427542084765655,0.0
13.080682385587181,0.0
12.57356034381386,0.0
12.176347646103062,0.0
12.130914765747548,0.0
12.429115235551052,0.0
12.832305835900042,0.0
13.207877809614436,0.0
13.299243129828334,0.0
13.070847934494852,0.0
12.93388227505194,0.0
12.848240124184214,0.0
12.505842758419721,0.0
12.205583427711563,0.0
12.234875505621206,0.0
12.1813199219899,0.0
11.700939809021655,0.0
11.382892372077258,0.0
11.736274980173473,0.0
12.483035109761381,0.0
13.080964273992757,0.0
13.342431517060362,0.0
13.381435168281039,0.0
13.391976152215959,0.0
13.563192891807423,0.0
13.868083993045673,0.0
13.908745016342277,0.0
13.522909919506331,0.0
13.178672952207526,0.0
13.32243185805252,0.0
13.89590362193273,0.0
14.371963652501417,0.0
14.133219059567661,0.0
13.678003965844626,0.0
13.664188956781436,0.0
13.35463576767271,0.0
12.477128421746718,0.0
11.775832247990467,0.0
11.5861436933299,0.0
11.969873240757126,0.0
12.724471162834442,0.0
13.200507255206627,0.0
13.046898813427525,0.0
12.55330052478224,0.0
12.214963073148338,0.0
12.187265743350224,0.0
12.288960393108058,0.0
12.278225288375623,0.0
12.038626582445168,0.0
11.957883081500494,0.0
12.287758446026354,0.0
12.68457659322419,0.0
12.89539329562838,0.0
12.965458409033872,0.0
12.930987646012671,0.0
13.072291455009136,0.0
13.764119742865406,0.0
14.68809221454619,0.0
15.42251443265466,0.0
16.083842101272122,0.0
16.466998618229386,0.0
16.03883034073974,0.0
14.888173646957606,0.0
13.850593067589386,0.0
13.599072410375992,0.0
13.75996787833565,0.0
13.931755873821713,0.0
14.087226198655852,0.0
14.218057887803525,0.0
14.389796117728759,0.0
14.290757599259667,0.0
14.281299643551655,0.0
14.812999818570608,0.0
15.194898734436963,0.0
14.803762843711604,0.0
14.144376071715511,0.0
14.223900773899492,0.0
14.755788351238552,0.0
14.82656943160466,0.0
14.665102735217385,0.0
14.621923489678943,0.0
14.635656031418865,0.0
14.804138388603779,0.0
15.113595313957644,0.0
15.5096954816406,0.0
15.76321143995849,0.0
15.455782785799862,0.0
14.994954549262584,0.0
14.859906780343987,0.0
14.753098374319839,0.0
14.633924957207025,0.0
14.854314573264013,0.0
15.341653716045078,0.0
15.729279106970141,0.0
15.735502234950909,0.0
14.978122047313107,0.0
13.87401931325654,0.0
13.443606756429373,0.0
13.72080340777852,0.0
13.961703489449814,0.0
13.926031909144854,0.0
13.757936088631123,0.0
13.458743042341084,0.0
13.462400848753399,0.0
13.969898513411108,0.0
14.206820398538767,0.0
14.000607257537363,0.0
14.010186005564128,0.0
14.375942931479157,0.0
14.428679829919254,0.0
13.623599603536578,0.0
12.76656816405424,0.0
12.634147505857038,0.0
12.918042943137056,0.0
13.134580466304877,0.0
13.34281615317577,0.0
14.061541131028665,0.0
15.108605468078688,0.0
15.784917663656215,0.0
16.069461889927123,0.0
15.997343821136953,0.0
15.308782064756274,0.0
14.042246249552335,0.0
12.914094741326801,0.0
12.654444426894893,0.0
12.990226096768518,0.0
13.0142946656897,0.0
12.476951128845547,0.0
12.045780418934893,0.0
12.066638850118581,0.0
12.179747680019444,0.0
12.232047816058111,0.0
12.521011697375398,0.0
12.900261551877149,0.0
12.890496289026077,0.0
12.749365535184866,0.0
12.737782218207602,0.0
12.728294198989989,0.0
12.767592042200805,0.0
12.938063114456686,0.0
12.915435336694289,0.0
12.721343788005191,0.0
13.05090008367833,0.0
14.141719332038653,0.0
15.020171708359243,0.0
14.823865472756042,0.0
14.240118980362896,0.0
14.05240541237624,0.0
14.613434023930353,0.0
15.292457456491299,0.0
15.296168510750748,0.0
14.710470092825924,0.0
13.840201867202063,0.0
13.349940152615899,0.0
13.36153484501697,0.0
13.478595480900461,0.0
13.734437810264104,0.0
13.841989648420014,0.0
13.75202150226872,0.0
13.618792893335108,0.0
13.442569022441099,0.0
13.377464314142223,0.0
13.432711262336468,0.0
13.722974437149151,0.0
14.00686075126398,0.0
14.152210701361925,0.0
14.380429078915345,0.0
14.425408889981965,0.0
14.328546861552566,0.0
14.073802018358643,0.0
13.724196948505861,0.0
13.807095962763393,0.0
14.370551538862589,0.0
14.996884011893655,0.0
15.147684018783911,0.0
14.794472796368503,0.0
14.273424114533075,0.0
13.953255325464799,0.0
13.994005368925507,0.0
14.055300635868418,0.0
14.069172505251512,0.0
14.141181529276318,0.0
14.256251527980659,0.0
14.197102856436663,0.0
13.668607184591462,0.0
13.213375001284502,0.0
13.427609157094055,0.0
13.95898944806462,0.0
13.887468771216506,0.0
13.250804382668772,0.0
13.072613192925216,0.0
13.37179258099926,0.0
13.447131622976077,0.0
13.174932079869595,0.0
12.568298290321001,0.0
12.08793078422293,0.0
12.322791277191497,0.0
13.156189083707703,0.0
14.069083465189092,0.0
14.373343605495359,0.0
14.26391292240684,0.0
14.458752162192152,0.0
14.871837168095967,0.0
15.248589401637215,0.0
15.386276432506367,0.0
14.825247016729866,0.0
14.03577259120165,0.0
13.606629543297469,0.0
13.442841084904384,0.0
13.71458550474031,0.0
14.225336856634394,0.0
14.556177420560713,0.0
14.739222607256742,0.0
15.0195596047217,0.0
15.341099374234345,0.0
15.232279652810993,0.0
14.985145800021469,0.0
15.021720377183271,0.0
15.08068899255925,0.0
14.95429072715882,0.0
14.624474795110064,0.0
14.344141300403752,0.0
14.474029319184426,0.0
14.717390518760846,0.0
14.709203572244908,0.0
14.78138525960457,0.0
15.234459713786775,0.0
15.725158428396167,0.0
15.786732833975357,0.0
15.771637109517876,0.0
15.926677793865673,0.0
15.750435684116736,0.0
15.197682379785022,0.0
14.890479853687792,0.0
15.03974447546512,0.0
15.19811143573572,0.0
15.161647670989884,0.0
15.365316120822474,0.0
15.685928266109006,0.0
15.335390425386507,0.0
14.352664641562718,0.0
13.510426870641355,0.0
13.022978015862053,0.0
12.966861467469736,0.0
13.512656478487513,0.0
14.239388264983376,0.0
14.71575001804806,0.0
14.94851963973452,0.0
15.36711862245615,0.0
15.994935037067183,0.0
16.227585155693372,0.0
15.873339705602262,0.0
15.277470278568014,0.0
14.872165444022844,0.0
14.934948528076168,0.0
15.259795684163144,0.0
15.326943160873384,0.0
15.197131734939887,0.0
15.393567981495137,0.0
15.932167616813176,0.0
16.163034408538344,0.0
16.044410382444532,0.0
16.043444106607065,0.0
15.839759680475117,0.0
15.173593014959119,0.0
14.289873448231107,0.0
13.45908956804931,0.0
13.072992583708167,0.0
13.143974924725724,0.0
13.532081573682966,0.0
14.043107103921692,0.0
14.47789196297385,0.0
14.670595782830807,0.0
14.545573868663556,0.0
14.309144170550931,0.0
13.958551957801372,0.0
13.453586982664355,0.0
13.00785148373398,0.0
12.74793465267056,0.0
12.694144193088256,0.0
12.822604496279556,0.0
12.891139623157107,0.0
12.785672126397651,0.0
13.037428278755087,0.0
14.282796773177813,0.0
15.742287704229081,0.0
16.018882566336014,0.0
15.414131333684782,0.0
14.884995844575789,0.0
14.488247793243948,0.0
14.29166726383007,0.0
14.313928526138715,0.0
14.3353009613381,0.0
14.409984995551952,0.0
14.456098366090306,0.0
14.491478477177555,0.0
14.565444681917098,0.0
14.357659586206845,0.0
14.198883981081053,0.0
14.52470975881009,0.0
15.018470948932976,0.0
15.28489386016551,0.0
15.271505818668313,0.0
14.871092913653229,0.0
14.158272888274087,0.0
13.610959832024246,0.0
13.624544192988703,0.0
14.323183951812176,0.0
15.085061046567366,0.0
15.343570725887492,0.0
15.593641719987811,0.0
15.859626661099377,0.0
15.546942825486411,0.0
15.070296087062893,0.0
14.40477251631951,0.0
13.586711114332484,0.0
13.541342650288353,0.0
13.981425142108137,0.0
14.357663388781619,0.0
15.115801799380922,0.0
15.840761070646813,0.0
15.834580451650051,0.0
15.413317910596776,0.0
15.034994833227161,0.0
14.808443151680125,0.0
14.81948817687805,0.0
15.152461030987046,0.0
15.260967538044047,0.0
14.574262423900333,0.0
13.53673658329777,0.0
13.03997086748677,0.0
13.294554804357638,0.0
13.955232061116696,0.0
14.53211766566776,0.0
14.80235240742394,0.0
14.85942445376906,0.0
14.819306672734978,0.0
14.677086385568566,0.0
14.228251121640088,0.0
13.682824130127262,0.0
13.867150465362371,0.0
14.88780476906341,0.0
16.048884308373058,0.0
16.531416630834862,0.0
15.7808841179532,0.0
14.511214067802133,0.0
13.759155530112336,0.0
13.604681894939047,0.0
13.652209363110083,0.0
13.850330959387572,0.0
14.304627768127576,0.0
14.691787960033665,0.0
14.640062650851052,0.0
14.156511754325896,0.0
13.636587763922641,0.0
13.515648917178853,0.0
13.85212683085106,0.0
14.278104253025104,0.0
14.534538910870292,0.0
14.791871816889845,0.0
14.994726996718889,0.0
14.96522568648784,0.0
15.000951435232505,0.0
15.11173252658644,0.0
14.842301367097658,0.0
14.43727644092092,0.0
14.206756010018442,0.0
14.163772081602104,0.0
14.404381079105667,0.0
14.72902255897281,0.0
14.7079294474028,0.0
14.240292405115719,0.0
13.779315947944937,0.0
13.562149008296105,0.0
13.332735478952817,0.0
12.891365599485873,0.0
12.607666463069343,0.0
12.941303825440512,0.0
13.458972624149382,0.0
13.639436555882048,0.0
13.841063432964038,0.0
14.306474691375122,0.0
14.889093791317553,0.0
15.629372830331326,0.0
16.06610006623468,0.0
15.573511468279941,0.0
14.537211467627577,0.0
13.763315491959297,0.0
13.561640388971071,0.0
13.640436017891766,0.0
13.673515727257143,0.0
13.666902380691095,0.0
13.797153648294987,0.0
14.139489469739246,0.0
14.396129793404787,0.0
14.355403913898625,0.0
14.199892887983372,0.0
14.04893781940404,0.0
13.80395693679596,0.0
13.318583529304904,0.0
12.923091345213313,0.0
13.097482426258678,0.0
13.414937335839134,0.0
13.539984210150129,0.0
13.971205283683888,0.0
14.628896911748123,0.0
14.891444045180267,0.0
14.815437848129573,0.0
14.799586817755571,0.0
14.87569404895449,0.0
14.891231757512253,0.0
14.973958217607825,0.0
15.385185162595121,0.0
15.59509464447755,0.0
15.135444865947996,0.0
14.787813296923982,0.0
14.648606521614813,0.0
14.38885931511407,0.0
14.172669275969593,0.0
13.888211368434947,0.0
13.763577110752031,0.0
14.012512310192784,0.0
14.260015635991447,0.0
14.08444212869283,0.0
13.741250730235002,0.0
13.800310591381711,0.0
14.350225396026378,0.0
15.181444088362914,0.0
16.00578173177873,0.0
16.1976490015872,0.0
15.864304170667436,0.0
15.697720130938192,0.0
15.670026557083787,0.0
15.185498818466078,0.0
14.052322625350547,0.0
13.034769619981699,0.0
12.772344128326527,0.0
12.788372466987068,0.0
12.483438108115601,0.0
12.00230711054014,0.0
11.610086881830863,0.0
11.589736400527876,0.0
11.923915018263981,0.0
12.455228844666566,0.0
13.371215986574386,0.0
13.912488120722873,0.0
13.320048382279204,0.0
12.694030811051991,0.0
12.769934252564976,0.0
12.93938468899064,0.0
12.943011206606894,0.0
13.282814373378132,0.0
13.956733242030564,0.0
14.245018086504919,0.0
13.984950112679298,0.0
13.588911695183501,0.0
13.562889479457958,0.0
13.90235301176185,0.0
13.771239255226764,0.0
12.895507696646149,0.0
12.44389411213036,0.0
12.758877679372805,0.0
13.01618580516164,0.0
13.01633309190358,0.0
13.212714969520073,0.0
13.761505509059111,0.0
14.170914180739596,0.0
14.167431048962833,0.0
14.111497998039928,0.0
14.081998681818758,0.0
13.812017653258783,0.0
13.302199402535637,0.0
12.719253114194721,0.0
12.41218554441832,0.0
12.779822185384791,0.0
13.62707068417511,0.0
14.164579606952557,0.0
14.227197874322282,0.0
14.347466648046625,0.0
14.366842075014116,0.0
14.079208157923574,0.0
13.905307536451188,0.0
13.701274138809088,0.0
13.260138969318202,0.0
12.959140934581484,0.0
13.08144838866147,0.0
13.542009892250542,0.0
14.067784182139395,0.0
14.229434066566043,0.0
14.08154516616547,0.0
14.18083027987825,0.0
14.41939562413856,0.0
14.469715452794103,0.0
14.123944259612367,0.0
13.364546674863123,0.0
13.004410810360849,0.0
13.020452059738876,0.0
12.862586882776872,0.0
12.808762415140032,0.0
12.61232458463327,0.0
12.292475054431687,0.0
12.229258066724551,0.0
12.161786852702711,0.0
11.94212107221133,0.0
11.675759991614624,0.0
11.76400971840415,0.0
12.437486955408087,0.0
13.002757382741189,0.0
13.034959181511208,0.0
12.669865681152451,0.0
11.840539431300385,0.0
11.030160502910174,0.0
10.946463784793668,0.0
11.71675891716788,0.0
12.765465853176718,0.0
13.62090268321799,0.0
14.1027184939917,0.0
13.810951936605274,0.0
13.036198489061041,0.0
12.334245750092652,0.0
11.969515531416954,0.0
12.122767847556391,0.0
12.687074531621352,0.0
13.330967699538562,0.0
13.636330274649456,0.0
13.832926551833994,0.0
14.543469082794084,0.0
15.29225226072011,0.0
15.339341660507351,0.0
14.995169772483441,0.0
14.794861745060127,0.0
14.573949924791403,0.0
14.07914072084209,0.0
13.776711203411686,0.0
13.528034531035454,0.0
13.117845378892115,0.0
13.37597774224868,0.0
14.267402447835424,0.0
14.725967509953975,0.0
14.739201994677371,0.0
14.84089671645066,0.0
14.984488423364706,0.0
14.93818072074224,0.0
14.554414213626215,0.0
13.99888184408868,0.0
13.730508773605639,0.0
14.04451604859184,0.0
14.677457638468816,0.0
15.14049892793706,0.0
15.25864787719518,0.0
15.052724150713866,0.0
14.837913886635455,0.0
14.513469956940755,0.0
13.848134940372994,0.0
13.322405122322616,0.0
13.159155500146767,0.0
13.47899675603483,0.0
13.977890929180715,0.0
14.337229312944103,0.0
15.009076896449791,0.0
15.616785034172459,0.0
15.409977537113644,0.0
14.936050117174883,0.0
14.873416199370801,0.0
14.776727933480048,0.0
14.359667386556485,0.0
14.181093455788961,0.0
13.953686910186233,0.0
13.485812414294983,0.0
13.678307914024286,0.0
14.578121706971366,0.0
15.114951472885428,0.0
14.802553353352511,0.0
14.381613787235475,0.0
14.669298078068689,0.0
15.237973095707737,0.0
15.29891795130156,0.0
14.98577967699717,0.0
14.584205896092367,0.0
13.99635790279188,0.0
13.340856636999998,0.0
13.234347097192776,0.0
13.509937699689742,0.0
13.430469749723214,0.0
13.439086611829726,0.0
13.767734386717976,0.0
13.928981363890067,0.0
13.852695159774058,0.0
13.869283114626452,0.0
14.173691962978602,0.0
14.462642892179787,0.0
14.154544655218059,0.0
13.188737055447927,0.0
12.268358354657856,0.0
11.959645506890194,0.0
12.35404746216149,0.0
13.179460925241376,0.0
13.949718403935952,0.0
14.330979968079596,0.0
14.172840559896743,0.0
13.57421560194052,0.0
13.250187061402121,0.0
13.314589149175207,0.0
13.477471652704327,0.0
14.133283655850853,0.0
15.256160545725743,0.0
16.576302417290375,0.0
17.28801868012098,0.0
16.717781867713274,0.0
15.679294585007908,0.0
14.890464839284196,0.0
14.757322016617625,0.0
15.14553539743217,0.0
15.426333963687478,0.0
15.360628480755464,0.0
14.792108241397987,0.0
14.066628685691352,0.0
13.859310547574944,0.0
14.199074407482206,0.0
14.469242188938672,0.0
14.287907770181107,0.0
13.935618366629061,0.0
13.776262777443296,0.0
13.75913758585174,0.0
13.956387583214225,0.0
14.204068289639363,0.0
14.462526776105749,0.0
14.950269297842754,0.0
15.257040510591468,0.0
15.298414189715348,0.0
15.176758498017769,0.0
14.689740148421231,0.0
14.085326005709431,0.0
14.341634487552447,0.0
15.394713807819233,0.0
15.984548993960246,0.0
15.921439346283645,0.0
15.632934896058403,0.0
15.290688600278523,0.0
15.16700375526858,0.0
15.130066167069321,0.0
14.86865559418091,0.0
14.558581908150215,0.0
14.338592867598251,0.0
14.671376901077313,0.0
15.803061407647771,0.0
17.23071818142563,0.0
18.036798217737623,0.0
17.69957896025264,0.0
16.63760272056051,0.0
15.335207554662842,0.0
14.242289869554298,0.0
14.001000779441569,0.0
14.093518043023657,0.0
13.369677225047889,0.0
12.166961404433835,0.0
11.331293533657375,0.0
11.077243286549056,0.0
11.348347954332175,0.0
11.7248796874378,0.0
11.809358398261688,0.0
11.7620122003791,0.0
11.685114370015011,0.0
11.443872455181278,0.0
11.50699635412889,0.0
12.19089590885664,0.0
12.661544862354246,0.0
12.430920020433023,0.0
12.401671261499873,0.0
12.836100291563364,0.0
13.03224778559812,0.0
12.783409953311168,0.0
12.152938123402686,0.0
11.215351954105223,0.0
10.381349497687435,0.0
10.04793076266301,0.0
10.377628543103885,0.0
11.062344443391298,0.0
11.324478295493224,0.0
11.423412130333345,0.0
12.552774298436391,0.0
14.507940548905195,0.0
15.667178435870039,0.0
15.463507956050554,0.0
14.709557348905593,0.0
13.73105270299692,0.0
12.528799730169297,0.0
11.587399768872306,0.0
11.1470943483229,0.0
11.069044893483047,0.0
11.569051230994237,0.0
12.793758106633389,0.0
13.878752063686317,0.0
13.971366747375699,0.0
13.5566816876893,0.0
13.1620168927934,0.0
12.753162605390008,0.0
12.525888761280022,0.0
12.750105024384002,0.0
12.992005417600401,0.0
12.687566484907052,0.0
12.359914451004979,0.0
12.64269083882544,0.0
13.07089145817981,0.0
13.009466156887202,0.0
12.609309985305595,0.0
12.19083631280557,0.0
11.619968178173739,0.0
11.234710936974041,0.0
11.420998895003127,0.0
11.686153094711216,0.0
11.8667325926895,0.0
12.224441206981043,0.0
12.729273012280476,0.0
12.823938677114823,0.0
12.379954022904078,0.0
12.068824999161688,0.0
11.996397638739559,0.0
11.838225673500668,0.0
11.683995253031208,0.0
11.830945995812414,0.0
12.591008363975032,0.0
13.41488921561377,0.0
13.058501311535078,0.0
11.825201374905934,0.0
10.85569694848709,0.0
10.453098925603996,0.0
10.56176839165676,0.0
11.267157318782429,0.0
12.224308328786694,0.0
12.771700822562519,0.0
12.714320448367245,0.0
12.476062527155388,0.0
12.391940482116043,0.0
12.437852055259311,0.0
12.498382432256529,0.0
12.517868197693941,0.0
12.768195956081156,0.0
13.183384579014302,0.0
12.92353890572801,0.0
12.149932684334637,0.0
11.873983561343943,0.0
12.280526328390485,0.0
12.597287727067433,0.0
12.323839661541648,0.0
12.158670754468744,0.0
12.446263797272954,0.0
12.501995175930164,0.0
12.171172936369695,0.0
11.88941557409481,0.0
11.72246487304369,0.0
11.425233531549631,0.0
11.248511446325914,0.0
11.551466858426046,0.0
12.14374146627558,0.0
12.5673344818772,0.0
12.75338957734389,0.0
12.878909420195713,0.0
12.818584597270267,0.0
12.590296822856025,0.0
12.426165451063683,0.0
12.497215729226888,0.0
12.782855011776824,0.0
13.329004393541446,0.0
13.854921247635865,0.0
13.931434525654039,0.0
13.865799258717006,0.0
13.816720990183946,0.0
13.215180289439681,0.0
12.127621518281593,0.0
11.11628758053582,0.0
10.518251596739505,0.0
10.240379258468725,0.0
10.194881514336444,0.0
10.74198359861448,0.0
12.023276307775195,0.0
13.299665716990175,0.0
13.580939616873996,0.0
13.167256423145343,0.0
12.849630644464312,0.0
12.621677422611825,0.0
12.37493844098218,0.0
12.32514005858971,0.0
12.619262089862012,0.0
13.262164262267211,0.0
13.772015979843708,0.0
13.57728908839404,0.0
13.054158499118046,0.0
12.7831018168703,0.0
12.871668901203483,0.0
13.393517935072975,0.0
13.919478394616348,0.0
13.766129131138813,0.0
13.319968714258849,0.0
13.100510926444484,0.0
12.686192546451661,0.0
11.719339508024415,0.0
10.790504693281976,0.0
10.795472426366093,0.0
11.769250535236035,0.0
13.100927544960077,0.0
14.062450162179134,0.0
14.318945354482189,0.0
14.349665579658629,0.0
14.474598787023906,0.0
14.472586800620098,0.0
14.196673646509446,0.0
13.768926735294748,0.0
13.809045182864534,0.0
14.654902743830162,0.0
15.307117559117403,0.0
14.791072102098,0.0
13.666777424777655,0.0
13.181291644656365,0.0
13.552128756772623,0.0
13.891791901055964,0.0
13.984272031585073,0.0
14.343963797711481,0.0
14.6891997242761,0.0
14.634268007097026,0.0
14.567614157401746,0.0
14.89911280778644,0.0
15.300851524864472,0.0
15.25767683296361,0.0
15.1357601839143,0.0
15.399870651200052,0.0
15.519456790773523,0.0
14.891150158406095,0.0
13.886602523417785,0.0
13.00484221758589,0.0
12.33154247558149,0.0
12.140345464501742,0.0
12.746309398673162,0.0
13.876098649628716,0.0
14.713531426132894,0.0
14.862149374423522,0.0
14.596895673894156,0.0
14.399021280261767,0.0
14.442202842076945,0.0
14.493013365046373,0.0
14.284007628336983,0.0
13.839337583529787,0.0
13.36197853395834,0.0
13.225042618939824,0.0
13.716139386073177,0.0
14.533374769230386,0.0
15.201805016507096,0.0
15.64435045436478,0.0
15.486808796926816,0.0
14.561282576359893,0.0
13.60879104155992,0.0
13.321278827259723,0.0
13.707384938960239,0.0
14.201167048743697,0.0
14.483486856201178,0.0
14.578373951804009,0.0
14.513961405503947,0.0
14.488175165285543,0.0
14.713093304793158,0.0
15.241655883498888,0.0
15.569271800077106,0.0
15.476816116124237,0.0
15.394158185866793,0.0
15.602085059741224,0.0
15.801565830759323,0.0
15.434315917255718,0.0
14.442803443488952,0.0
13.50567081375055,0.0
13.314583315146756,0.0
14.01755205319585,0.0
15.310342165403862,0.0
16.559637091292334,0.0
16.985546947266492,0.0
16.56872747611665,0.0
16.136446707531416,0.0
15.897463222956173,0.0
15.768114693707506,0.0
15.582632347393043,0.0
15.082148054422403,0.0
14.601634987260896,0.0
14.432072640585943,0.0
14.427944276285052,0.0
14.24268102874532,0.0
13.599176899374031,0.0
12.744298494147099,0.0
12.112121176787506,0.0
12.02481313623087,0.0
12.666741409297517,0.0
13.348303648570116,0.0
13.04217342614764,0.0
11.896838111550023,0.0
10.873215134775984,0.0
10.956562123561472,0.0
12.321405931065458,0.0
13.814268971859192,0.0
14.417346070359232,0.0
14.117629502322917,0.0
13.566565853179277,0.0
13.917320011116644,0.0
14.84593199166531,0.0
14.63375853474049,0.0
13.449837511131138,0.0
12.534364792814214,0.0
12.024939861987042,0.0
11.667252776453815,0.0
11.732403684227558,0.0
12.351741418458651,0.0
13.312080381677882,0.0
14.082925575109028,0.0
14.584950028292093,0.0
15.246153033081622,0.0
15.715065005828068,0.0
15.29855807762374,0.0
14.183492021053608,0.0
13.101727681483371,0.0
12.382841834497478,0.0
11.890606328888786,0.0
11.497643973287007,0.0
11.665070873516997,0.0
12.58620421568283,0.0
13.52143437049895,0.0
13.588325632396547,0.0
13.108155135240207,0.0
12.836337084191298,0.0
12.913171761445822,0.0
13.343001238140095,0.0
13.604854964143293,0.0
13.363621025236366,0.0
13.24754768358645,0.0
13.129405497057316,0.0
12.6397899917093,0.0
12.41233751321462,0.0
12.68609715372477,0.0
12.964593604190666,0.0
13.436282946907365,0.0
14.601826674080785,0.0
15.874682632109325,0.0
16.544298461819952,0.0
16.554135816009428,0.0
15.92461425769042,0.0
15.067381565333525,0.0
14.8837033442914,0.0
15.518525652349927,0.0
16.275140901651973,0.0
16.85731307490744,0.0
17.161924135639406,0.0
17.034724412294562,0.0
16.812131298352426,0.0
16.51482198831086,0.0
15.94944200112354,0.0
15.499948402524737,0.0
15.303321985677846,0.0
14.94966545648894,0.0
14.549875117523476,0.0
14.601742787667014,0.0
15.08507259304761,0.0
15.685412333172454,0.0
16.197068974744987,0.0
16.282107334155015,0.0
15.944375369243708,0.0
15.602216398930901,0.0
15.031774224741596,0.0
13.720208989134651,0.0
12.426034840030633,0.0
12.552843702795702,0.0
13.800947063334029,0.0
14.575574068792514,0.0
14.428317263685893,0.0
14.134748793237339,0.0
14.197562094156988,0.0
14.317617820879494,0.0
13.889969383379452,0.0
13.279649925861415,0.0
13.024351010738508,0.0
12.613956491482668,0.0
12.009711744109309,0.0
11.791158012063674,0.0
12.159175437481853,0.0
13.110329499677396,0.0
14.3325567187132,0.0
15.640658436479542,0.0
16.58983363995862,0.0
16.758926533012502,0.0
16.557180307470365,0.0
16.37876837909026,0.0
16.340622943202046,0.0
16.308271914689605,0.0
15.892039768352294,0.0
15.009349846373906,0.0
14.263579282353481,0.0
14.194394586426803,0.0
14.417764702041666,0.0
14.460609474273769,0.0
14.495446494259992,0.0
14.751282920003895,0.0
15.022930063989289,0.0
15.018803986238531,0.0
14.521429121135196,0.0
13.85592663394585,0.0
13.61936867211931,0.0
13.630937752638738,0.0
13.73478050345817,0.0
14.191478820814256,0.0
14.890624040050103,0.0
15.392419895598822,0.0
15.601854637700457,0.0
15.601201573757693,0.0
15.4597708745414,0.0
15.126995166581352,0.0
14.402840959487898,0.0
13.351270920343664,0.0
12.587194908113576,0.0
12.66015581105966,0.0
13.423293677313428,0.0
14.020987896565606,0.0
13.93642717123511,0.0
13.823587653356181,0.0
14.079261221864176,0.0
14.484532756435055,0.0
14.855663707201673,0.0
14.960701848237639,0.0
14.593203408192046,0.0
13.994742809127102,0.0
13.720685471235468,0.0
13.643488521345468,0.0
13.824178183965962,0.0
14.662946516107805,0.0
15.590265310156942,0.0
15.621066914111378,0.0
14.80596871092927,0.0
14.248786148397812,0.0
14.054141653067765,0.0
13.345418027947943,0.0
12.265052465843182,0.0
11.525283366573593,0.0
11.527641596834183,0.0
12.156612752482943,0.0
12.919246868288981,0.0
13.632178366968494,0.0
13.84892582785037,0.0
13.182786623381032,0.0
12.064429046580456,0.0
11.380282597338912,0.0
11.39757603161414,0.0
11.691150293159088,0.0
11.901992482206214,0.0
12.008387445608985,0.0
12.01037714331659,0.0
12.07022168880285,0.0
12.463670209086263,0.0
13.04337014389579,0.0
13.435126362821974,0.0
13.899876075532578,0.0
14.971066308862149,0.0
16.34299502218879,0.0
16.955509540983062,0.0
16.43981332047536,0.0
15.547045904482413,0.0
14.982010159536516,0.0
14.732493705638506,0.0
14.61502794640644,0.0
14.694869736444538,0.0
14.948547777579494,0.0
15.29480396357339,0.0
15.892378988425198,0.0
17.052012414050207,0.0
18.338632116935226,0.0
18.853272514904024,0.0
18.626348612176393,0.0
18.075201981427504,0.0
17.356224477225453,0.0
16.68940734660981,0.0
16.133747294340658,0.0
15.675719907692281,0.0
15.604457255213129,0.0
15.968068589733086,0.0
16.500164529445524,0.0
16.893691847447077,0.0
17.013720384211712,0.0
16.87889663346175,0.0
16.675822230729207,0.0
16.490332722562208,0.0
16.14054583182453,0.0
15.93207172918482,0.0
15.830133739218455,0.0
15.435743643318588,0.0
14.883352075018225,0.0
14.473938927379654,0.0
14.546092456706292,0.0
15.324659891782334,0.0
16.353481868900733,0.0
16.945135579864417,0.0
17.013748436083805,0.0
16.573520309403634,0.0
15.820939800067288,0.0
15.253958276739521,0.0
15.20339845377159,0.0
15.606611947740785,0.0
16.424002834623,0.0
17.177816642687873,0.0
17.207453767348344,0.0
16.576502434825827,0.0
15.793335347474699,0.0
15.349732476582412,0.0
15.221843469283977,0.0
15.133907890851217,0.0
14.978159796190404,0.0
14.555459561030496,0.0
14.130641413831997,0.0
14.40666463326789,0.0
15.34016869282637,0.0
16.120217070430144,0.0
16.072467755685246,0.0
15.589116072980671,0.0
15.33292235198976,0.0
15.1477936449603,0.0
14.930280396856476,0.0
14.857791355857433,0.0
14.892821777054346,0.0
14.91733090860629,0.0
14.758908940004009,0.0
14.529205269119995,0.0
14.721318400435946,0.0
15.283778605415424,0.0
15.654569182335093,0.0
15.81658455561216,0.0
16.068675524828137,0.0
15.924551170010954,0.0
15.40926889090143,0.0
15.306907982765225,0.0
15.60652647010225,0.0
15.657511223201011,0.0
15.386360819310173,0.0
15.059042229669103,0.0
14.656704707101195,0.0
14.307823578894965,0.0
14.016827179913117,0.0
13.748871754946283,0.0
13.751446176367182,0.0
13.963690472188292,0.0
13.883569482301791,0.0
13.569455414132204,0.0
13.476022639908267,0.0
13.81677006883125,0.0
14.266434431207264,0.0
14.508629578424173,0.0
14.791627603806253,0.0
15.109066165779959,0.0
15.412978330600756,1.0
15.82463504365715,1.0
16.198319109150557,1.0
16.67323661114752,1.0
17.72606389296137,1.0
19.12977377032026,1.0
20.246923684888067,1.0
21.229835639963113,1.0
