10393.411222800938,0.0
10196.211995558127,0.0
10289.852519306825,0.0
9788.779455435304,0.0
7429.025728700835,0.0
3864.846432115405,0.0
1426.2883957486147,0.0
724.2700148949448,0.0
605.5752304109234,0.0
349.76811659100343,0.0
76.61795883443969,0.0
83.30501948044842,0.0
380.39640964648584,0.0
813.1844769214049,0.0
1105.8052237470843,0.0
991.4320102948748,0.0
667.1979962641368,0.0
525.7937449041204,0.0
619.2573316503272,0.0
765.1415759026851,0.0
877.9034910037432,0.0
946.5143879836266,0.0
976.5074576083214,0.0
988.5258652884996,0.0
1011.18138589233,0.0
1149.023592755954,0.0
1358.8881220749117,0.0
1516.7198700413837,0.0
1597.369242341394,0.0
1640.5978495431466,0.0
1689.0311548366408,0.0
1624.7833262390911,0.0
1405.6496438845393,0.0
1283.2963010855735,0.0
1352.233013865473,0.0
1416.6155961099305,0.0
1409.2258346292745,0.0
1436.0080564198079,0.0
1596.629267271217,0.0
1864.9360821021903,0.0
2040.90936201388,0.0
2008.0567664135247,0.0
1917.5311754364895,0.0
1919.6565229748862,0.0
1985.0331369406679,0.0
2016.0328826213663,0.0
1844.512397691535,0.0
1512.4670475727007,0.0
1221.8972503410434,0.0
1053.1736999622235,0.0
1032.3221899070743,0.0
1231.8050158328965,0.0
1548.5812799036933,0.0
1664.5954138991267,0.0
1564.7528999499364,0.0
1506.7441554390357,0.0
1590.0149142220978,0.0
1617.0936435723077,0.0
1429.8828097468484,0.0
1275.8891512315406,0.0
1257.9032597839382,0.0
1146.1791038733877,0.0
812.3012571132606,0.0
498.3979286349574,0.0
512.5901992517938,0.0
698.3319089449402,0.0
721.4148727671466,0.0
607.7983464709795,0.0
526.4733302919918,0.0
480.6586314584343,0.0
420.724937276257,0.0
390.0781453057299,0.0
463.1800633430327,0.0
521.3376786469793,0.0
479.52517188508284,0.0
393.02252916644665,0.0
279.99590115316715,0.0
189.42506949289802,0.0
234.68003723899903,0.0
361.46807541394645,0.0
363.14855842341643,0.0
159.21401918631344,0.0
-151.9505365765233,0.0
-440.1484155742437,0.0
-537.6217493041501,0.0
-342.9701828958639,0.0
-72.51331538760256,0.0
-55.66260985971568,0.0
-261.7371697910461,0.0
-416.54602378072667,0.0
-390.52995822446934,0.0
-286.05463139649993,0.0
-203.70322462568885,0.0
-123.04734824914972,0.0
-119.05155140977354,0.0
-288.28688450772773,0.0
-554.2701777248951,0.0
-717.6565866384195,0.0
-710.9610154036147,0.0
-615.7465559825607,0.0
-546.8584404226448,0.0
-461.13939565397067,0.0
-340.4873301426058,0.0
-290.9414498459849,0.0
-329.2093194102376,0.0
-494.8827981228849,0.0
-731.4140261660623,0.0
-850.8495544969826,0.0
-854.9034088053676,0.0
-819.7679402905541,0.0
-738.4575082974626,0.0
-596.0801631747672,0.0
-408.2121531109785,0.0
-287.4356297313756,0.0
-301.5528316094028,0.0
-472.723766053725,0.0
-607.5485404076746,0.0
-591.0729432233193,0.0
-575.8826363827076,0.0
-542.6819413336397,0.0
-423.95661077835376,0.0
-310.48678057140717,0.0
-164.75944000224635,0.0
-30.670638311096717,0.0
-0.5649472972901814,0.0
-32.45672970775062,0.0
-111.63177781739078,0.0
-214.47771827526626,0.0
-178.42298095427137,0.0
134.835748377163,0.0
574.2964833482743,0.0
741.8655355176029,0.0
563.5260433198058,0.0
428.56878628411397,0.0
592.7981150299493,0.0
810.3656892197464,0.0
850.0118925428254,0.0
810.2006016539801,0.0
786.5889994696628,0.0
760.458364331944,0.0
655.6912275991266,0.0
569.8791516224923,0.0
617.9130378920051,0.0
777.751670405372,0.0
1037.02519191087,0.0
1298.8733156416374,0.0
1373.40766181425,0.0
1267.0859418240252,0.0
1149.677430095103,0.0
1135.0708235874592,0.0
1209.3313998471979,0.0
1352.8030897694325,0.0
1565.678946566346,0.0
1750.8779419674927,0.0
1879.7037746620058,0.0
1970.5914906983944,0.0
2042.4076168802653,0.0
2306.254427650174,0.0
2615.992953939998,0.0
2583.6835680106296,0.0
2333.1338166499418,0.0
2234.176382462235,0.0
2317.4011617072924,0.0
2377.7557625558215,0.0
2406.65856952239,0.0
2530.8821839614525,0.0
2833.0135979647885,0.0
3191.6732313704465,0.0
3283.752100933899,0.0
3099.297690965885,0.0
2869.7146797707296,0.0
2733.6202301957073,0.0
2674.11533013372,0.0
2609.8699014867093,0.0
2644.538671275351,0.0
2716.217560167864,0.0
2604.6905050251125,0.0
2439.217312817894,0.0
2368.2838762535034,0.0
2383.731077070844,0.0
2387.1930587978927,0.0
2316.106488017394,0.0
2263.50962342967,0.0
2216.60460986544,0.0
2195.421654863869,0.0
2258.492859589193,0.0
2340.1991828518417,0.0
2462.0126576491216,0.0
2605.8188705025145,0.0
2607.148944229283,0.0
2466.5946690872656,0.0
2306.3879483618384,0.0
2223.130724922691,0.0
2289.5769740688247,0.0
2389.5895267545097,0.0
2406.556719617693,0.0
2439.4527342495685,0.0
2442.6900047053996,0.0
2360.68420506974,0.0
2335.970100607198,0.0
2223.1822308857268,0.0
1930.2614467696976,0.0
1698.2707527981345,0.0
1556.1782210204954,0.0
1408.7542551062795,0.0
1334.5189700913947,0.0
1472.4416089635447,0.0
1725.87468906481,0.0
1864.0080465055084,0.0
1871.2943270574815,0.0
1766.5312443071198,0.0
1574.578832806631,0.0
1404.186288769223,0.0
1260.9710602207265,0.0
1187.4665588720175,0.0
1152.4265315733849,0.0
1002.594606207372,0.0
871.4665510585452,0.0
988.6471390390994,0.0
1160.579361343469,0.0
1038.87050136986,0.0
768.9601488597449,0.0
681.5096891846936,0.0
660.9531102817132,0.0
620.0778778983844,0.0
645.5221484088867,0.0
632.65836170506,0.0
608.3784935764763,0.0
631.7033184993392,0.0
551.8083890556004,0.0
321.05203965360533,0.0
182.33316995123002,0.0
279.9047783665603,0.0
525.5706092764182,0.0
582.9923493194844,0.0
370.99077115507583,0.0
283.4463511678712,0.0
411.714031531024,0.0
489.79367521787424,0.0
472.8008622432554,0.0
559.2903306017955,0.0
608.3710368940841,0.0
431.20758249863115,0.0
262.9569429412453,0.0
279.83492486193654,0.0
360.0649708363807,0.0
450.3182310690634,0.0
474.6611599033301,0.0
209.01089231614728,0.0
-65.47769352364688,0.0
103.84344879631098,0.0
426.71109011930736,0.0
502.60421055686135,0.0
468.9822572919906,0.0
441.6801563841286,0.0
498.49538723957,0.0
772.0339301583579,0.0
1141.220506501472,0.0
1375.2956181708043,0.0
1347.9899220442942,0.0
1187.9238366272805,0.0
1100.4325486702644,0.0
1073.778229563924,0.0
1073.8754001206055,0.0
1184.1499371342054,0.0
1329.1699234197063,0.0
1388.1465543144545,0.0
1496.9835367492103,0.0
1782.278382849336,0.0
2017.5860635103736,0.0
1912.075284402036,0.0
1528.2343365008746,0.0
1274.5442720444278,0.0
1334.0628610410045,0.0
1658.407046772671,0.0
2061.4754779777977,0.0
2229.0261402066335,0.0
2079.283249041562,0.0
1960.3569745509546,0.0
2121.0961757960613,0.0
2405.64161675829,0.0
2610.659024780811,0.0
2631.8199317082112,0.0
2468.7256063623227,0.0
2387.2249102423166,0.0
2504.8171265066458,0.0
2669.1171406580766,0.0
2874.736467411434,0.0
3090.4939786571904,0.0
3253.573467031389,0.0
3264.9003810605195,0.0
3057.1145545650184,0.0
2894.4018817784663,0.0
2988.308553053841,0.0
3226.7185241863795,0.0
3433.945204110087,0.0
3403.29288903196,0.0
3203.786012679418,0.0
3196.1726971641533,0.0
3361.2917797601863,0.0
3452.8786413227276,0.0
3476.596210445119,0.0
3551.4428683752385,0.0
3620.721285326318,0.0
3659.9691109890277,0.0
3792.173149358166,0.0
4005.557771245888,0.0
4130.444614641762,0.0
4026.6071149472164,0.0
3691.550816463573,0.0
3418.6771616179417,0.0
3412.0831481693294,0.0
3494.0455170178225,0.0
3455.1980475757214,0.0
3288.722419250884,0.0
3133.8684005188616,0.0
3130.5011950137236,0.0
3294.568871817185,0.0
3560.5731717306235,0.0
3794.1248427360624,0.0
3858.6642118002205,0.0
3752.0522098663073,0.0
3561.7192331963424,0.0
3310.36998908521,0.0
3156.3025733740214,0.0
3157.676947253346,0.0
3117.1389225109497,0.0
3067.99827344984,0.0
3221.017544146028,0.0
3527.2531880322067,0.0
3669.2782987424366,0.0
3466.973007744151,0.0
3092.474025137173,0.0
2903.8894225772538,0.0
3036.053287208789,0.0
3224.2459355849874,0.0
3213.655755741552,0.0
3030.4345195338765,0.0
2806.6181517060304,0.0
2668.471099596297,0.0
2651.1788509035937,0.0
2623.0366681134274,0.0
2496.5414589404945,0.0
2297.206530809563,0.0
2155.9998033014176,0.0
2207.8078956953177,0.0
2330.3330572501227,0.0
2329.1977239319363,0.0
2271.450961306661,0.0
2297.280368730288,0.0
2332.3650002386457,0.0
2237.3880551737175,0.0
2066.0759706532963,0.0
1885.4032367249436,0.0
1786.9206633213937,0.0
1878.3587507848013,0.0
1964.7119084095757,0.0
1798.9734419109852,0.0
1579.7238499511018,0.0
1587.0573503967662,0.0
1689.25957806353,0.0
1711.0608786451132,0.0
1635.5754302451826,0.0
1478.1459845204033,0.0
1407.878448396171,0.0
1511.1183095536078,0.0
1630.8375196035352,0.0
1683.6095327116732,0.0
1607.9773424612702,0.0
1344.6936905750558,0.0
1072.0527854656025,0.0
949.1650985055893,0.0
944.5074740321065,0.0
1062.961195248748,0.0
1139.6473015473218,0.0
1082.4353228714904,0.0
1080.7381070515407,0.0
1174.2916243487975,0.0
1351.4235381485194,0.0
1566.17878766427,0.0
1660.7201686477538,0.0
1528.4292229698583,0.0
1247.1377216677633,0.0
1081.8317549355454,0.0
1107.1431096447072,0.0
1156.4428121046392,0.0
1143.3495784403087,0.0
1177.2201272083662,0.0
1376.7157598824883,0.0
1703.1027323504272,0.0
2029.4887990136074,0.0
2305.8231940631576,0.0
2419.4240734444543,0.0
2392.9935384620344,0.0
2525.178759317716,0.0
2671.557394733681,0.0
2468.3668693242357,0.0
2085.8088368917156,0.0
1814.47809815052,0.0
1665.769216468781,0.0
1602.3690729798968,0.0
1731.4913983467832,0.0
2051.311549667212,0.0
2330.6514529213027,0.0
2392.405737245026,0.0
2314.221235658542,0.0
2376.1073849593067,0.0
2694.2566446819574,0.0
2986.0513136453037,0.0
2980.907215072731,0.0
2854.808716241803,0.0
3017.2228770076504,0.0
3355.7661223238374,0.0
3554.411439683426,0.0
3628.7191603525475,0.0
3618.8936518090404,0.0
3545.70389396184,0.0
3402.8689995719205,0.0
3286.1044330311292,0.0
3451.490148172253,0.0
3825.466573811329,0.0
4095.017441082418,0.0
4157.207124386146,0.0
4147.114577503371,0.0
4106.38866427841,0.0
3958.9158087700985,0.0
3842.8621347033927,0.0
3911.257651018111,0.0
4063.1786111744327,0.0
4188.20948008165,0.0
4334.05181172228,0.0
4523.084448446619,0.0
4530.259448139742,0.0
4337.105153801905,0.0
4219.839327564131,0.0
4138.59143089149,0.0
4021.0257868275953,0.0
4019.293315947052,0.0
4196.0485563237735,0.0
4375.3166967580455,0.0
4511.194421053958,0.0
4563.768554368809,0.0
4365.870191377112,0.0
4270.115395228083,0.0
4661.441027376613,0.0
5189.7451746818615,0.0
5383.96047906618,0.0
5270.426152033125,0.0
5040.075060723383,0.0
4735.052841404074,0.0
4343.715795935047,0.0
3961.5731834721787,0.0
3756.369434730411,0.0
3755.3494483274285,0.0
3881.292087485888,0.0
4107.751360405465,0.0
4246.236990276814,0.0
4112.960131567906,0.0
3897.72509868437,0.0
3827.7928070092917,0.0
3920.2487832490087,0.0
4036.168960185777,0.0
4076.7179006899296,0.0
4213.271997439124,0.0
4473.283523569571,0.0
4623.565290205579,0.0
4464.686956887676,0.0
4156.075419053145,0.0
4005.736429601907,0.0
3977.583233314215,0.0
4021.483545777583,0.0
4053.1703789683324,0.0
3967.335763264294,0.0
3855.5048182565506,0.0
3765.7873058515943,0.0
3751.5670510394066,0.0
3763.3694692452923,0.0
3669.531316335543,0.0
3598.2877483009756,0.0
3611.7423694713552,0.0
3542.4637170939586,0.0
3401.1965402337323,0.0
3258.3395165649804,0.0
2987.458604740143,0.0
2652.9082092893755,0.0
2531.993742719699,0.0
2695.374492772649,0.0
2885.4228402051535,0.0
3005.489468065524,0.0
3121.243616526024,0.0
3150.898328354128,0.0
3094.045025220982,0.0
2940.542474903701,0.0
2725.750761555857,0.0
2655.7729117909535,0.0
2613.04474995338,0.0
2466.828281764218,0.0
2379.569072809489,0.0
2372.438882801529,0.0
2366.4953310884443,0.0
2347.763734924592,0.0
2304.6336482733304,0.0
2293.7517659892874,0.0
2306.7272094285845,0.0
2265.3344214928043,0.0
2303.654488026456,0.0
2456.8676848282853,0.0
2445.032493101894,0.0
2268.4812606330565,0.0
2269.3573549510666,0.0
2463.6536383333855,0.0
2733.946333818518,0.0
2928.9700397081383,0.0
2789.6199978982218,0.0
2475.5402753748153,0.0
2405.3115468699393,0.0
2594.696352855672,0.0
2722.9535776403536,0.0
2649.447711809935,0.0
2545.5446582697728,0.0
2589.7002319813687,0.0
2728.090283877956,0.0
2762.273001200582,0.0
2603.2578471221086,0.0
2417.9203441430554,0.0
2325.330157545885,0.0
2378.131987587792,0.0
2540.5277206108913,0.0
2710.470403953085,0.0
2928.762669441476,0.0
3167.9867621241733,0.0
3266.9082804919826,0.0
3184.5666845175574,0.0
2999.1551421024965,0.0
2908.1093800263743,0.0
3034.878276926925,0.0
3265.4237045464133,0.0
3415.1993151363326,0.0
3444.4253931097937,0.0
3306.478544999931,0.0
3080.9451149798037,0.0
3002.792395711849,0.0
3181.418250320294,0.0
3341.7735460567324,0.0
3384.6803341345244,0.0
3482.7229385493424,0.0
3584.975366877848,0.0
3698.420018911685,0.0
3865.817071145774,0.0
3989.388823005678,0.0
4141.165215062434,0.0
4319.721121729108,0.0
4462.534806311671,0.0
4627.939905958602,0.0
4780.69348927291,0.0
4781.3505736837915,0.0
4611.6021333643575,0.0
4537.918808239731,0.0
4661.212819674652,0.0
4798.979178922332,0.0
4927.205378334326,0.0
5084.80772813243,0.0
5199.390384149544,0.0
5283.845962087366,0.0
5412.424225240604,0.0
5558.341770663045,0.0
5678.091447503874,0.0
5743.453432174907,0.0
5668.586832920881,0.0
5433.654273544914,0.0
5191.08726353158,0.0
5091.216561639611,0.0
5145.258702103237,0.0
5276.91293219709,0.0
5399.181993151422,0.0
5401.591618408994,0.0
5319.946303702217,0.0
5297.169150721062,0.0
5316.02104857833,0.0
5245.56396743543,0.0
5168.684304250945,0.0
5281.525550995045,0.0
5460.326717918746,0.0
5450.670291041575,0.0
5361.866262811141,0.0
5341.5338409013175,0.0
5344.837238089338,0.0
5340.337006053372,0.0
5310.934043695517,0.0
5269.684335522568,0.0
5313.873960577946,0.0
5396.573487971738,0.0
5337.353725140394,0.0
5221.809017864071,0.0
5142.992522101548,0.0
5040.89042090448,0.0
5006.377810091308,0.0
5022.731234085548,0.0
5018.050540733886,0.0
5023.919382992245,0.0
5123.91539955733,0.0
5348.04452563768,0.0
5511.577986011162,0.0
5458.91673377028,0.0
5162.798998529536,0.0
4898.090473657605,0.0
4935.812931526453,0.0
5103.007233779271,0.0
5189.715031928469,0.0
5144.345825293741,0.0
4991.050079363641,0.0
4810.534456535051,0.0
4659.905748285468,0.0
4423.025989975537,0.0
4009.1005379057156,0.0
3748.2429976598514,0.0
3849.567714323544,0.0
4015.5028876465694,0.0
4000.60943482612,0.0
3944.4676723877274,0.0
3876.8328859334683,0.0
3726.4349165817116,0.0
3697.0673870100613,0.0
3874.8525108408344,1.0
4005.1400570354936,1.0
4181.027725485347,1.0
5431.829833727968,0.0
9394.722576433196,0.0
15013.131796546568,0.0
17703.387394054524,0.0
14921.604424678193,0.0
9235.317262420298,0.0
5151.098811186954,0.0
3650.112618253422,0.0
3280.437026062298,0.0
3267.5195355391133,0.0
3427.5249268065754,0.0
3550.602178051793,0.0
3585.578768355246,0.0
3556.3043553610655,0.0
3444.1948696590302,0.0
3433.5489138767152,0.0
3565.427356322459,0.0
3680.202629045052,0.0
3752.8234027814487,0.0
3749.221775756149,0.0
3624.4820680073167,0.0
3458.0047316311675,0.0
3353.1477792549936,0.0
3370.956546615833,0.0
3474.3604314538065,0.0
3553.1253664516244,0.0
3502.44659292627,0.0
3353.9566176176313,0.0
3147.3004452499167,0.0
3048.607654550009,0.0
3323.2282808504415,0.0
3745.1670455726157,0.0
3865.6890554192773,1.0
3756.9886174324183,1.0
3898.0750469589416,1.0
5319.454860498859,0.0
9453.116527267608,0.0
15081.133994366768,0.0
17723.20699694748,0.0
14951.128976430427,0.0
9320.796195665389,0.0
5387.639002283345,0.0
4151.865509459977,0.0
4086.2760874832493,0.0
4345.880409853598,0.0
4540.46807044761,0.0
4571.253765103163,0.0
4612.376470425322,0.0
4602.343168984589,0.0
4411.553307453768,0.0
4206.54032295065,0.0
4160.2670485551425,0.0
4278.748468296307,0.0
4492.141905570482,0.0
4663.576245372346,0.0
4741.105732486833,0.0
4828.005607401186,0.0
4944.718649262458,0.0
5144.504649847647,0.0
5406.83816000625,0.0
5406.217561727087,0.0
5181.88541746102,0.0
5139.973963743046,0.0
5279.370369292217,0.0
5366.452826085186,0.0
5422.082425442822,0.0
5635.4236920398025,0.0
5947.830886276852,0.0
6119.587981134643,0.0
6097.091253771615,0.0
5992.682975533168,0.0
5941.326843670804,0.0
6059.003481960879,0.0
6229.584205580032,0.0
6275.9309052973285,0.0
6328.880059114684,0.0
6452.427690484145,0.0
6538.265006139465,0.0
6619.747288688637,0.0
6647.5632312453845,0.0
6583.246239599066,0.0
6501.170408966673,0.0
6363.992320259529,0.0
6171.627025308278,0.0
6151.531571528112,0.0
6333.588317216149,0.0
6504.391906694174,0.0
6550.198218364148,0.0
6530.813315152532,0.0
6528.647087058972,0.0
6462.997502928361,0.0
6262.872007332274,0.0
6190.1566434705155,0.0
6450.8608850769615,0.0
6764.692863450494,0.0
6826.652925014504,0.0
6732.9163111395665,0.0
6721.651856608072,0.0
6718.051149294046,0.0
6591.081801672576,0.0
6488.645943659902,0.0
6429.825130913205,0.0
6341.334128200393,0.0
6311.714258029578,0.0
6319.355178552895,0.0
6254.448021298502,0.0
6087.200285600628,0.0
5854.334124108556,0.0
5795.956664120773,0.0
5953.574882659339,0.0
6025.517184457193,0.0
5975.280372240676,0.0
5973.6160136904455,0.0
5980.852577517164,0.0
5917.098292301436,0.0
5822.566773804393,0.0
5701.954328396897,0.0
5640.000135754382,0.0
5621.231391414131,0.0
5493.643514756743,0.0
5316.014910372064,0.0
5318.0056659361935,0.0
5475.034807444088,0.0
5596.463711837117,0.0
5535.155493773947,0.0
5375.3475464654775,0.0
5356.882487183938,0.0
5447.043697106632,0.0
5465.0625285534015,0.0
5394.027822016014,0.0
5291.278236395642,0.0
5138.187788858036,0.0
5020.80644083336,0.0
5008.955453923715,0.0
5026.253457316965,0.0
5021.771666308731,0.0
4936.162312584575,0.0
4757.140316096253,0.0
4652.136621305206,0.0
4763.150486003376,0.0
5020.018018766021,0.0
5185.316638106861,0.0
5161.54293599392,0.0
5051.132359419725,0.0
4798.273335461219,0.0
4350.600238405629,0.0
4002.044490633382,0.0
3981.6293130362587,0.0
4079.4011562730543,0.0
4012.936088703284,0.0
3968.668779022249,0.0
4148.482562323421,0.0
4288.154820401325,0.0
4273.2485309691165,0.0
4164.197427244858,0.0
4069.570193079416,0.0
4236.01247558792,0.0
4623.7055909275205,0.0
4859.899743649455,0.0
4758.619952600626,0.0
4485.517754309524,0.0
4363.111797370218,0.0
4518.351482480106,0.0
4641.1650830603385,0.0
4618.711300711556,0.0
4705.409668393093,0.0
4908.545032131373,0.0
4954.732537694679,0.0
4874.960700719045,0.0
4968.8010235895,0.0
5126.229228629308,0.0
5107.637410889437,0.0
4976.240144039263,0.0
4909.079754598473,0.0
4938.461636306168,0.0
4889.252017658711,0.0
4693.404628562382,0.0
4548.071687345946,0.0
4525.27174689587,0.0
4587.448458989232,0.0
4824.717323642503,0.0
5106.40506004748,0.0
5163.905726457652,0.0
5137.415245734594,0.0
5279.523517340159,0.0
5589.00140989644,0.0
5867.604119478208,0.0
5982.321691155796,0.0
6009.880940092716,0.0
6027.9979680479755,0.0
5976.0653646887195,0.0
6029.982430621914,0.0
6332.559728096561,0.0
6561.557764300447,0.0
6459.795208774662,0.0
6186.219115003478,0.0
6023.9135159908155,0.0
5993.905928111151,0.0
5980.775937091401,0.0
6114.861401982028,0.0
6394.884166435607,0.0
6555.9596747232645,0.0
6612.277887852658,0.0
6723.564454230892,0.0
6787.5260386399195,0.0
6742.671445948757,0.0
6831.449464216849,0.0
7031.930378922586,0.0
7101.30135871809,0.0
7080.173308809615,0.0
7162.393682177981,0.0
7377.995651915043,0.0
7540.527812566802,0.0
7497.633911387488,0.0
7420.2042645148595,0.0
7410.029402949406,0.0
7430.127576031689,0.0
7545.243155946191,0.0
7599.324166701224,0.0
7555.607859262685,0.0
7673.993084814899,0.0
7935.780671691038,0.0
8161.955549666524,0.0
8273.274934730825,0.0
8158.296360031166,0.0
7805.805156059787,0.0
7483.7000040416515,0.0
7398.095405870658,0.0
7403.8272547451115,0.0
7360.097601155252,0.0
7312.356327010119,0.0
7253.256615653405,0.0
7263.6351628790435,0.0
7321.335584952652,0.0
7282.437528256792,0.0
7245.333962779249,0.0
7341.504122815939,0.0
7403.587589504156,0.0
7321.484278834776,0.0
7347.864740057194,0.0
7601.498350235408,0.0
7837.906247738724,0.0
7843.475561848993,0.0
7700.395455825475,0.0
7408.956538291739,0.0
7134.305495282262,0.0
7110.894790200569,0.0
7106.608749562216,0.0
6942.80738685487,0.0
6888.551696439731,0.0
6977.295525276911,0.0
6874.229661854109,0.0
6732.235415782622,0.0
6751.321449665037,0.0
6704.109811064293,0.0
6491.7591121214355,0.0
6214.707447359516,0.0
6096.105592078816,0.0
6245.331335395277,0.0
6413.371567418899,0.0
6409.217385487433,0.0
6340.898486715012,0.0
6292.792579406419,0.0
6201.760525000594,0.0
6029.722688540292,0.0
5811.97475898432,0.0
5569.648963861587,0.0
5361.751593121531,1.0
5303.500643610161,1.0
5573.889080155409,1.0
6985.13685260636,0.0
10946.27006759195,0.0
16375.755215908848,0.0
18989.740777787945,0.0
16450.779383225617,0.0
11094.341876320723,0.0
7137.019717499475,0.0
5634.052214948882,0.0
5237.488442160424,0.0
5170.638191155108,0.0
5246.517920651747,0.0
5386.4123897613035,0.0
5546.463018394187,0.0
5570.811986268494,0.0
5314.020041307437,0.0
4974.273627084686,0.0
4890.276891527711,0.0
5210.467621878272,0.0
5622.644691590825,0.0
5725.189486200667,0.0
5612.750071157066,0.0
5481.1477550328755,0.0
5399.408956265495,0.0
5440.305962421145,0.0
5613.865775616459,0.0
5749.581895197098,0.0
5673.457981677809,0.0
5460.770507087339,0.0
5304.604219924426,0.0
5372.777072007003,0.0
5631.6434056992175,0.0
5686.085080825195,0.0
5457.549305710294,0.0
5287.578435112457,0.0
5283.049729311128,0.0
5495.355403385345,0.0
5917.639625181889,0.0
6276.842871354551,0.0
6313.423590415595,0.0
6018.4038460046,0.0
5745.795455340042,0.0
5743.602689703957,0.0
5850.3676207473345,0.0
5984.957974171472,0.0
6152.086769464928,0.0
6283.644324899593,0.0
6302.721227053939,0.0
6233.509763934769,0.0
6273.728629575596,0.0
6468.537091407576,0.0
6586.853599223633,0.0
6504.54859729837,0.0
6373.244609338226,0.0
6347.252340847706,0.0
6435.272497646777,0.0
6556.911436889138,0.0
6666.2186939628045,0.0
6711.920003960295,0.0
6690.159836325978,0.0
6772.554552779139,0.0
7016.729963658953,0.0
7308.93060952226,0.0
7499.601729174623,0.0
7559.894508303004,0.0
7479.356835859859,0.0
7290.925040151005,0.0
7105.4336119188,0.0
7186.013717617555,0.0
7575.99060911587,0.0
7984.795275479653,0.0
8252.00982118989,0.0
8250.198291986284,0.0
8173.828879072854,0.0
8252.781501879736,0.0
8330.410867253613,0.0
8345.572798929481,0.0
8420.372261899538,0.0
8426.799483780413,0.0
8296.667497980177,0.0
8257.488391635632,0.0
8217.344192800103,0.0
8067.482581594747,0.0
8100.791377671301,0.0
8290.219786464413,0.0
8303.387580050026,0.0
8242.905256239914,0.0
8267.236322275256,0.0
8257.917355249321,0.0
8170.831086341045,0.0
8146.462038184553,0.0
8333.502889211937,0.0
8609.341273905022,0.0
8763.451569435652,0.0
8919.237156617994,0.0
9109.578189373282,0.0
8996.094598827225,0.0
8567.123641900698,0.0
8153.11575801606,0.0
8055.293935927082,0.0
8314.980135749998,0.0
8499.9294105742,0.0
8447.84570836898,0.0
8415.555877556464,0.0
8475.154445774931,0.0
8485.455840223207,0.0
8456.174475290374,0.0
8481.02951412409,0.0
8412.353295659866,0.0
8271.56889879807,0.0
8293.650689766144,0.0
8317.564572016903,0.0
8038.01310067419,0.0
7661.911371465868,0.0
7561.678403302398,0.0
7721.770623279122,0.0
7856.011231377652,0.0
7775.776273628934,0.0
7511.476302840667,0.0
7316.197145134222,0.0
7352.014573353981,0.0
7361.432712187033,0.0
7233.291691874564,0.0
7149.067929046225,0.0
7078.231845767296,0.0
7023.989497595581,0.0
7065.970857637704,0.0
7157.377341627509,0.0
7154.93368982127,0.0
7019.079666517179,0.0
6766.787710655367,0.0
6504.966272265362,0.0
6388.820531676238,0.0
6502.296629466062,0.0
6797.07601748309,0.0
7024.155683449234,0.0
6960.560317316582,0.0
6734.104812085777,0.0
6540.324937321315,0.0
6424.964255223245,0.0
6512.212371728101,0.0
6822.188370605897,0.0
7015.181318921473,0.0
6795.939624082428,0.0
6390.41733241038,0.0
6244.96542471907,0.0
6416.743717602512,0.0
6438.959993957473,0.0
6213.69322898473,0.0
6082.928727328752,0.0
6102.126459047987,0.0
6184.627919648067,0.0
6311.291517020836,0.0
6428.226692070281,0.0
6429.1180752347545,0.0
6311.669829139806,0.0
6092.969186134684,0.0
5907.15381097358,0.0
6032.380856723222,0.0
6337.396181787648,0.0
6441.897236626814,0.0
6365.918203442901,0.0
6392.925879807579,0.0
6530.615762299224,0.0
6543.213035083133,0.0
6498.458908539261,0.0
6514.325981226311,0.0
6541.852921157827,0.0
6594.788588700888,0.0
6709.570147631729,0.0
6671.713022478987,0.0
6424.138939807541,0.0
6264.453367136341,0.0
6284.704413245773,0.0
6435.964133083654,0.0
6775.049903944836,0.0
7086.8849209254495,0.0
7201.315703816983,0.0
7263.875035108299,0.0
7295.979686100885,0.0
7142.472542244345,0.0
6931.338108428134,0.0
6828.243879216624,0.0
6822.368310317592,0.0
6970.65164139518,0.0
7227.6875807232755,0.0
7388.820907685591,0.0
7439.490048455951,0.0
7513.028411467156,0.0
7664.341228301827,0.0
7894.570449443124,0.0
8076.162196409643,0.0
8090.250421727944,0.0
8025.755499100096,0.0
7909.583847872438,0.0
7819.048438048547,0.0
7897.4810172561065,0.0
8084.498844007866,0.0
8261.772217303447,0.0
8446.524868348866,0.0
8605.349372942545,0.0
8650.853314668067,0.0
8623.926950490624,0.0
8525.518125546174,0.0
8355.320892092703,0.0
8465.797819294883,0.0
8872.339252903736,0.0
9069.123896350004,0.0
8984.839786598997,0.0
8945.53318716813,0.0
9076.324741554477,0.0
9273.20567604427,0.0
9304.699405200863,0.0
9183.624346880899,0.0
9088.649099709535,0.0
9151.980813511858,0.0
9346.800271370686,0.0
9460.615910868837,0.0
9413.587909432903,0.0
9310.623351601806,0.0
9262.568448771464,0.0
9188.283279377878,0.0
9063.268969013827,0.0
9085.6760402086,0.0
9263.199046345213,0.0
9363.329629861946,0.0
9305.617345750292,0.0
9298.173300552315,0.0
9406.628835942429,0.0
9482.865345034683,0.0
9426.00636856317,0.0
9264.836085151523,0.0
9187.51901239586,0.0
9247.31427938289,0.0
9411.3082563202,0.0
9569.591280018829,0.0
9488.641639892396,0.0
9175.516949994806,0.0
8992.070701312063,0.0
9161.626522457234,0.0
9389.874574318552,0.0
9351.138263196714,0.0
9239.825029103715,0.0
9347.01221715225,0.0
9583.508491314993,0.0
9651.267594330126,0.0
9473.469690016835,0.0
9363.850114359888,0.0
9442.991713314732,0.0
9476.776645130569,0.0
9386.50508763798,0.0
9134.238044958933,0.0
8891.151200112641,0.0
8838.383671874108,0.0
8735.136526286247,0.0
8576.245086038203,0.0
8540.100729266547,0.0
8554.406577657637,0.0
8565.535329390363,0.0
8657.654752943607,0.0
8779.088444122579,0.0
8722.428447181772,0.0
8508.2347937856,0.0
8388.02645717253,0.0
8395.546345767987,0.0
8284.589279266445,0.0
8034.0915973890105,0.0
7855.500621948662,0.0
7825.0202855805765,0.0
7892.5905616774235,0.0
7982.197989304076,0.0
7946.517091009749,0.0
7717.648244753687,0.0
7541.313053617566,0.0
7588.661554189632,0.0
7541.597728254727,0.0
7267.325919862573,0.0
7158.594760462592,0.0
7321.264409901764,0.0
7464.85171481707,0.0
7541.766043120868,0.0
7680.043937995098,0.0
7856.943261565446,0.0
7898.157135371002,0.0
7818.572258643541,0.0
7764.18150131858,0.0
7717.228402516565,0.0
7581.963518260197,0.0
7413.338735428948,0.0
7214.649667109823,0.0
6896.350177984759,0.0
6758.509130019896,0.0
7003.637555335446,0.0
7326.013554066646,0.0
7470.152301886627,0.0
7449.54805207104,0.0
7351.220518371812,0.0
7337.882843844162,0.0
7509.292518537863,0.0
7663.177470082542,0.0
7650.016824529986,0.0
7646.560864604649,0.0
7695.9447137540565,0.0
7624.465691771173,0.0
7454.125415219665,0.0
7420.4101382541185,0.0
7511.390204201299,0.0
7578.015917344913,0.0
7588.316972616014,0.0
7509.5952495508,0.0
7416.732859732086,0.0
7527.042691659043,0.0
7824.7437950053945,0.0
8001.685759315758,0.0
7941.3997096237135,0.0
7906.5402745043075,0.0
8097.27508755385,0.0
8269.043654649538,0.0
8339.246305810435,0.0
8457.664786737916,0.0
8603.911626492232,0.0
8711.451462157374,0.0
8751.53260104983,0.0
8730.027830209081,0.0
8695.010233615618,0.0
8716.660975129435,0.0
8828.845511331969,0.0
9012.640379641904,0.0
9225.797824338044,0.0
9370.626098294088,0.0
9392.699898964434,0.0
9334.26332889607,0.0
9384.806535756108,0.0
9547.787307928233,0.0
9595.65926508106,0.0
9585.851572254538,0.0
9717.60273362313,0.0
9830.1916772868,0.0
9806.088756328838,0.0
9743.389050603371,0.0
9670.233485954148,0.0
9656.722952341506,0.0
9759.430393554834,0.0
9967.210536624963,0.0
10147.660475524375,0.0
10091.705177969328,0.0
9886.413403926435,0.0
9798.820601884825,0.0
9881.859375187545,0.0
9971.334234677606,0.0
10000.539404897694,0.0
9992.871437171281,0.0
10065.730481396002,0.0
10288.160667749831,0.0
10450.380159793747,0.0
10387.49729588901,0.0
10243.051297810936,0.0
10372.808559457626,0.0
10743.294292717288,0.0
10820.435474985545,0.0
10513.368463145642,0.0
10264.319830904735,0.0
10235.129615813788,0.0
10190.268297600474,0.0
10137.809186037786,0.0
10312.440705057541,0.0
10618.350322127466,0.0
10796.551487625975,0.0
10893.494283448412,0.0
11030.373387544869,0.0
10966.655702313774,0.0
10695.300125564116,0.0
10559.010934193222,0.0
10677.811099597766,0.0
10841.660590060841,0.0
10794.54550736209,0.0
10556.640243989952,0.0
10425.999813558805,0.0
10474.734205324963,0.0
10392.839822264948,0.0
10106.330914070886,0.0
9916.035969351859,0.0
9939.768521897937,0.0
9958.720492257551,0.0
9818.87134746032,0.0
9670.443581820175,0.0
9731.531749384101,0.0
9926.17229641953,0.0
9976.476634714321,0.0
9804.905217078254,0.0
9567.14489193016,0.0
9407.851955491065,0.0
9345.022819360678,0.0
9272.840527860253,0.0
9140.650214749037,0.0
9108.652652428298,0.0
9223.941348498423,0.0
9503.58483879839,0.0
9823.341545651509,0.0
9792.896925311677,0.0
9460.729274697625,0.0
9236.9680265609,0.0
9173.681531544516,0.0
9095.013432000835,0.0
8868.840477171152,0.0
8511.876349719118,0.0
8305.180923915404,0.0
8422.031648515775,0.0
8594.596610973258,0.0
8600.617674047247,0.0
8527.517544762943,0.0
8489.595337722116,0.0
8530.866894623045,0.0
8541.38871654264,0.0
8446.909658632874,0.0
8397.366120834005,0.0
8407.676368708158,0.0
8262.796983679342,0.0
8051.696898080693,0.0
7998.52558996527,0.0
7981.792572198604,0.0
7827.498090905155,0.0
7696.628240953778,0.0
7803.3630087948795,0.0
8080.108121582863,0.0
8332.058967843353,0.0
8371.355978692534,0.0
8167.020302703341,0.0
8006.708439206791,0.0
8077.706446949397,0.0
8202.775303829496,0.0
8262.235125018557,0.0
8389.29708023719,0.0
8431.594920025063,0.0
8211.465053188978,0.0
8003.412582984739,0.0
7945.092747594293,0.0
7953.49650473228,0.0
7967.371927213588,0.0
7967.566485916532,0.0
8051.978083583362,0.0
8229.381514645665,0.0
8518.49516084472,0.0
8892.615763896427,0.0
9196.001173841983,0.0
9330.231066076625,0.0
9242.881001758984,0.0
9030.201239398817,0.0
8918.113528762728,0.0
8967.413865534887,0.0
8999.021497583428,0.0
8929.996976400535,0.0
8924.895376428856,0.0
9011.141337929794,0.0
9020.202651291162,0.0
9053.165823456493,0.0
9242.63713317804,0.0
9489.590368605113,0.0
9688.486513823274,0.0
9831.23930629222,0.0
9953.62468756365,0.0
10000.651306296948,0.0
10004.959302318399,0.0
10070.997610984177,0.0
10126.57667630982,0.0
10073.023752713409,0.0
10078.575578057686,0.0
10281.509426544717,0.0
10583.659138091783,0.0
10783.885841500789,0.0
10796.524561359493,0.0
10792.221529724684,0.0
10896.514127698105,0.0
11041.293343858213,0.0
11084.531935963787,0.0
11007.998702840676,0.0
10852.845993754172,0.0
10725.855789167166,0.0
10764.71758359043,0.0
10893.060480641661,0.0
10987.69696539523,0.0
10986.068237786438,0.0
10829.938872018258,0.0
10728.07288915792,0.0
10879.604975448372,0.0
11156.77075904534,0.0
11249.8550968715,0.0
11141.042296536276,0.0
11098.878787237545,0.0
11104.307631228496,0.0
11101.99806056556,0.0
11240.385741739716,0.0
11497.814576696073,0.0
11661.812997346866,0.0
11537.820732486052,0.0
11231.001461338317,0.0
11014.581896121548,0.0
10908.685062336737,0.0
10903.403665170708,0.0
11123.026270030407,0.0
11435.120733288697,0.0
11626.796887299843,0.0
11707.563999188953,0.0
11645.318519384924,0.0
11521.43936035847,0.0
11577.32167506967,0.0
11702.090002349796,0.0
11674.733279138189,0.0
11634.201636304322,0.0
11609.298989631263,0.0
11472.861188236646,0.0
11316.278941303131,0.0
11304.658012329604,0.0
11319.738514860333,0.0
11119.617776845484,0.0
10936.776123002488,0.0
11007.255271659384,0.0
11038.04177166826,0.0
10824.354796466936,0.0
10605.41497472108,0.0
10508.2938385344,0.0
10567.164401122362,0.0
10788.605539636681,0.0
11016.344412336102,0.0
11034.03826596035,0.0
10772.837305013023,0.0
