4.699504574460173,0.0
5.908069356339774,0.0
7.535282094580347,0.0
9.284837035412231,0.0
10.822281207576456,0.0
11.95820498916695,0.0
12.62137371020934,0.0
12.95525241227745,0.0
12.987694482842274,0.0
12.668585351994219,0.0
12.323178395122095,0.0
12.353745264469294,0.0
12.77850118832229,0.0
13.198877225641628,0.0
13.021175620201165,0.0
11.723951955623354,0.0
9.488682848548894,0.0
7.1381932824508905,0.0
5.282003273844362,0.0
4.058457054739997,0.0
3.4804085970897156,0.0
3.62790429771591,0.0
4.443925172136006,0.0
5.7328822928900625,0.0
7.1946954915815855,0.0
8.603623118675708,0.0
10.040811595331887,0.0
11.438423861770172,0.0
12.463275293008246,0.0
12.824815325950059,0.0
12.607969679756529,0.0
12.263649784895966,0.0
11.856648857544725,0.0
11.54591014431291,0.0
11.816754886063816,0.0
12.576606712663597,0.0
13.276971217078932,0.0
13.440168047521754,0.0
12.687551708336354,0.0
11.047050827239675,0.0
8.824345255963399,0.0
6.543173259432762,0.0
4.7723737361767995,0.0
3.6603702671385774,0.0
3.1513222143256465,0.0
3.3153405106226006,0.0
4.1691843738260195,0.0
5.485654791399915,0.0
6.9259107503646105,0.0
8.339084242908791,0.0
9.75344549934778,0.0
10.897609873353852,0.0
11.405189393133817,0.0
11.573825594875334,0.0
11.855843176786072,1.0
12.182075210274508,1.0
12.266343798366794,0.0
11.462386859403889,0.0
8.802010541771839,0.0
5.565397985132304,0.0
5.506635941851598,0.0
8.478029166398706,0.0
10.372333983641877,0.0
9.846485722496698,0.0
8.440486278096374,0.0
7.109988844226928,0.0
5.734533478138304,0.0
4.534535939117611,0.0
4.104320875305025,0.0
4.538752350353864,0.0
5.575264684112461,0.0
7.071657786541721,0.0
8.875377244008087,0.0
10.646584667852654,0.0
12.103632780718462,0.0
13.177401443372911,0.0
13.91031154529559,0.0
14.393057637405322,0.0
14.690508017307824,0.0
14.84855320402998,0.0
14.940473289366798,0.0
15.101526904886281,0.0
15.422848133905957,0.0
15.84094260768448,0.0
16.2692431096139,0.0
16.339542303335826,0.0
15.436930788670814,0.0
13.449199418403786,0.0
10.903151386248735,0.0
8.420098579255153,0.0
6.414235690516433,0.0
5.010685666249119,0.0
4.2287977177564775,0.0
4.159662581472302,0.0
4.84589862882052,0.0
6.115061070977865,0.0
7.737539796151639,0.0
9.511775533636843,0.0
11.117518203083254,0.0
12.319750197890215,0.0
13.107843253558311,0.0
13.57083405884277,0.0
13.892743100915055,0.0
14.277874066154931,0.0
14.804780367462362,0.0
15.690968624301519,0.0
16.9656763132933,0.0
17.963715734074007,0.0
18.027665941194478,0.0
17.247266520827417,0.0
16.01062705244247,0.0
14.252882206565008,0.0
11.873942517044586,0.0
9.182611558565984,0.0
6.801830406534862,0.0
5.203351821510393,0.0
4.439178315738698,0.0
4.471802903411176,0.0
5.242352449772428,0.0
6.499296317543983,0.0
7.983186766803852,0.0
9.55728277990218,0.0
11.04118783028196,0.0
12.1647108200771,0.0
12.782935038701496,0.0
13.011018064657465,0.0
13.139724798974084,0.0
13.39355525855627,0.0
13.73267059497468,0.0
14.057797020905694,0.0
14.373761524132195,0.0
14.701853815628914,0.0
15.008439631474637,0.0
15.047821286366931,0.0
14.394111701219364,0.0
12.846396607826463,0.0
10.757447346786531,0.0
8.667557250885839,0.0
6.85772070109999,0.0
5.4603826376421365,0.0
4.541922033768266,0.0
4.272554124631078,0.0
4.92140037849028,0.0
6.489590719396686,0.0
8.606641480524475,0.0
10.773599974449878,0.0
12.658252310242915,0.0
14.117132179080434,0.0
15.081024825277396,0.0
15.639373379226944,0.0
15.965159151206388,0.0
16.195976582132335,0.0
16.38214985988194,0.0
16.427090306825008,0.0
16.386746482245055,0.0
16.3769177741677,0.0
16.289720077297133,0.0
15.998752290972119,0.0
15.245151307662477,0.0
13.660607545256502,0.0
11.393575623869674,0.0
9.03864014119458,0.0
6.9688734018822425,0.0
5.303865565741935,0.0
4.199725100381045,0.0
3.853427228455279,0.0
4.447242914458511,0.0
6.1744714714625415,0.0
8.754819107702575,0.0
11.167224565935909,0.0
12.687301497218261,0.0
13.59034480372285,0.0
14.349493466002333,0.0
15.064149928133297,0.0
15.71020367039921,0.0
16.26536874045279,0.0
16.65123002368173,1.0
16.89925460937633,1.0
17.331197776145856,0.0
18.400506869899687,0.0
20.206832478367325,0.0
21.682744375806053,0.0
20.941542152104333,0.0
17.521489988052465,0.0
13.107557652340716,0.0
9.564259070551369,0.0
7.28120493681656,0.0
5.705240720311914,0.0
4.802993120322023,0.0
4.881678295721363,0.0
5.736090006916339,0.0
7.015809936134906,0.0
8.564715439015263,0.0
10.136239489686222,0.0
11.441486025359755,0.0
12.381992935743208,0.0
13.047430181139493,0.0
13.653521223908866,0.0
14.258852726390659,0.0
14.635667389684656,0.0
14.723930332202753,0.0
14.867978655807498,0.0
15.346428844822427,0.0
16.105933316853537,0.0
16.694995594130756,0.0
16.53042837917922,0.0
15.478017423875334,0.0
13.648561567840062,0.0
11.138444374658562,0.0
8.447826666661754,0.0
6.256470223533683,0.0
4.8791118014784365,0.0
4.372079866095479,0.0
4.657752986735833,0.0
5.510605251622391,0.0
6.750198291753886,0.0
8.269015958333716,0.0
9.842718628453563,0.0
11.10493054858576,0.0
11.91604227207106,0.0
12.467703210506265,0.0
12.99538665214846,0.0
13.5908873677925,0.0
14.10526201838413,0.0
14.444464787975209,0.0
14.745050487494636,0.0
15.129555839019725,0.0
15.635771929356377,0.0
16.074603929602134,0.0
15.995955435673633,0.0
14.980233961522071,0.0
13.054688225651937,0.0
10.590551209320596,0.0
8.016557550964189,0.0
5.858236416945418,0.0
4.461732961492146,0.0
3.857869780860682,0.0
4.013289139766765,0.0
4.915095713010838,0.0
6.374855433528093,0.0
8.045350193406218,0.0
9.635032068017015,0.0
10.927733490439058,0.0
11.837699754817068,0.0
12.45373547727342,0.0
12.864465458630079,0.0
13.103563399923264,0.0
13.337057929827266,0.0
13.728109510156093,0.0
14.1866041004969,0.0
14.677815999793964,0.0
15.236160928231953,0.0
15.636257432601537,0.0
15.497301505363964,0.0
14.501108145736634,0.0
12.64535659524944,0.0
10.299060843487235,0.0
7.927067694566537,0.0
5.8893327241521956,0.0
4.463713435634794,0.0
3.8748364474106984,0.0
4.168019832389864,0.0
5.064045816019449,0.0
6.304064054084831,0.0
7.825442836033054,0.0
9.385390053172767,0.0
10.672925460078599,0.0
11.642555131341261,0.0
12.406221850063751,0.0
13.049611946693513,0.0
13.59111984819808,0.0
13.966707872097071,0.0
14.199755125609995,0.0
14.482821317520218,0.0
14.92621699332002,0.0
15.419867030666817,0.0
15.733891400995704,0.0
15.558662072815784,0.0
14.63027326088127,0.0
12.840435858827439,0.0
10.412739282753124,0.0
7.8896404315288,0.0
5.80857973071414,0.0
4.461952765490926,0.0
3.9316915412825004,0.0
4.19368163537408,0.0
5.188124254557193,0.0
6.7255718241817615,0.0
8.4649755249982,0.0
10.051184576345518,0.0
11.225022705856592,0.0
11.981940017468737,0.0
12.528011014456908,0.0
12.990452724941347,0.0
13.389429634037095,0.0
13.665953842153518,0.0
13.77932850111228,0.0
13.94451301202253,0.0
14.383175313868467,0.0
15.006051208750826,0.0
15.577576188399023,0.0
15.817521400310978,0.0
15.176762099070785,0.0
13.382504613951774,0.0
10.901020130881305,0.0
8.307446595665397,0.0
6.038463523945769,0.0
4.447385546196787,0.0
3.6771973681825756,0.0
3.6967026087393253,0.0
4.519542789816287,0.0
6.161407868492904,0.0
8.334931777395678,0.0
10.502630917803108,0.0
12.274992378075538,0.0
13.646755766205926,0.0
14.737177870137971,0.0
15.467420561513366,0.0
15.79708852087109,0.0
16.02648737078456,0.0
16.23429757244591,0.0
16.257640118020564,0.0
16.20926117081783,0.0
16.32391583098544,0.0
16.492321791821396,0.0
16.304414124067026,0.0
15.438596724178934,0.0
13.839938972058809,0.0
11.593879410388666,0.0
9.081618871023858,0.0
6.815689848289337,0.0
5.06160329567057,0.0
3.9957585281498957,0.0
3.754011138947379,0.0
4.428846470533885,0.0
5.973767796283636,0.0
8.087765151588309,0.0
10.315812674080401,0.0
12.17114491123109,0.0
13.41716422037313,0.0
14.31173371222804,0.0
15.13490762243237,0.0
15.790211417159314,0.0
16.202087165104125,0.0
16.54577636590457,0.0
16.99511298078552,0.0
17.650006236933816,0.0
18.16731005875781,0.0
17.92522499387238,0.0
17.00956536749301,0.0
15.622364424034911,0.0
13.497480595540809,0.0
10.779523451802797,0.0
8.068577459987674,0.0
5.873257164144965,0.0
4.5453846791606365,0.0
4.080772210458185,0.0
4.3258325213051245,0.0
5.200654015504383,0.0
6.515358712266985,0.0
7.955855746301494,0.0
9.249815269193531,0.0
10.372472965854358,0.0
11.31564847706521,0.0
11.787636032840386,0.0
11.773680719254886,0.0
11.881108180513035,0.0
12.51174783467875,0.0
13.38914356732602,0.0
14.12049195619034,0.0
14.788677288445651,0.0
15.62182914800332,0.0
16.389848390015953,0.0
16.359791816464785,0.0
14.985071647383139,0.0
12.6137970821664,0.0
9.953374967926841,0.0
7.440334560699447,0.0
5.456324077612077,0.0
4.267442580856076,0.0
3.9286031754303856,0.0
4.348931772642351,0.0
5.240595988941627,0.0
6.3973597029202525,0.0
7.760254373140024,0.0
9.189707402354424,0.0
10.455575050125752,0.0
11.307725975797124,0.0
11.785323641106407,0.0
12.180692227513621,0.0
12.620588459746056,0.0
13.223266264517784,0.0
14.10910079717669,0.0
15.011699365740965,0.0
15.58967175751717,0.0
15.939294189892957,0.0
16.13699802803132,0.0
15.838715208121815,0.0
14.67723578803202,0.0
12.707135390444158,0.0
10.250808737457776,0.0
7.724816277721225,0.0
5.575906880204482,0.0
4.120884674392377,0.0
3.494695642254399,0.0
3.725895022430684,0.0
4.7641218501351865,0.0
6.369913329651963,0.0
8.151514312056467,0.0
9.749252374967227,0.0
10.921666716279118,0.0
11.67229104824425,0.0
12.132949727743297,0.0
12.416304458056182,0.0
12.6696630618519,0.0
13.01315048749969,0.0
13.481864881639826,0.0
13.971490815535498,0.0
14.477132587612248,0.0
15.128158395281849,0.0
15.814202919390892,0.0
16.08575616226381,0.0
15.291476191078797,0.0
13.160374158456433,0.0
10.33992660433476,0.0
7.694538619016348,0.0
5.670641587734764,0.0
4.417154625105329,0.0
3.9429116596214193,0.0
4.18951883933263,0.0
5.107802910070931,0.0
6.53551974093153,0.0
8.194781057007534,0.0
9.848270623846068,0.0
11.232401223026013,0.0
12.214956587568219,0.0
12.836081987192518,0.0
13.124148546066936,0.0
13.232380278866726,0.0
13.401481014950184,0.0
13.766688838178515,0.0
14.298937970627177,0.0
14.940022112258871,0.0
15.708746682355976,0.0
16.299235410244822,0.0
16.09353256855015,0.0
14.851096117975285,0.0
12.857889607537825,0.0
10.503668425574798,0.0
8.185586795043703,0.0
6.224188484138666,0.0
4.798770094365145,0.0
4.004286131118583,0.0
3.9253903622486805,0.0
4.620378726630544,0.0
5.99929643741863,0.0
7.799880297147521,0.0
9.601495150191338,0.0
10.965999335872572,0.0
11.807019300755814,0.0
12.263266820519751,0.0
12.478700449333694,0.0
12.66278794331389,0.0
12.903337590497292,0.0
13.128058980882798,0.0
13.396444012681755,0.0
13.823949394329297,0.0
14.307773211011785,0.0
14.661623099643023,0.0
14.568182435367902,0.0
13.663541342209452,0.0
11.956195726481564,0.0
9.875537717691007,0.0
7.7896793770901995,0.0
5.864807702823658,0.0
4.332492645230273,0.0
3.449608301695918,0.0
3.4293987263577974,0.0
4.425115268963833,0.0
6.2788728774767275,0.0
8.608668565486003,0.0
10.909109232405436,0.0
12.605356441967357,0.0
13.517735552646208,0.0
13.943808534646658,0.0
14.300086412264443,0.0
14.75479029560108,0.0
15.202166269428039,0.0
15.540569488139623,0.0
15.681300267076171,0.0
15.64444089521281,0.0
15.633219543713919,0.0
15.72505068072227,0.0
15.576064618788006,0.0
14.675368454563788,0.0
12.95440871178844,0.0
10.716617501466999,0.0
8.361672143024306,0.0
6.353613920210862,0.0
5.01378303682082,0.0
4.388850413422082,0.0
4.37749102417667,0.0
4.989317422847785,0.0
6.313293656931898,0.0
8.20099138181325,0.0
10.214189794883326,0.0
11.968684761185381,0.0
13.33640497384518,0.0
14.271383549114212,0.0
14.860288719961316,0.0
15.331008857997132,0.0
15.64381778183811,0.0
15.648863272814372,0.0
15.592936972909383,0.0
15.829999251771548,0.0
16.298731930996862,0.0
16.50384426703957,0.0
15.799689504285405,0.0
13.95216816651773,0.0
11.481265334287475,0.0
8.983000796372147,0.0
6.760348903158604,0.0
5.1130364133896,0.0
4.255699114747801,0.0
4.08224524749238,0.0
4.451158249661906,0.0
5.358817805288948,0.0
6.713671626955872,0.0
8.286477408068476,0.0
9.89223132044681,0.0
11.494518454950844,0.0
13.256959202011062,0.0
14.973354257429461,0.0
15.7554789715644,0.0
15.297730598869812,0.0
14.555710694300567,0.0
14.265497911631986,0.0
14.435057113615754,0.0
14.956425748467094,0.0
15.676140530989684,0.0
16.12258579281166,0.0
15.561790863980951,0.0
13.747156995037333,0.0
11.13000335076811,0.0
8.390466580676474,0.0
6.056221261423903,0.0
4.453830618059174,0.0
3.675970901391985,0.0
3.656193967176156,0.0
4.300296544706763,0.0
5.417277028325776,0.0
6.763415257825714,0.0
8.20695426839348,0.0
9.721665532308863,0.0
11.172101075008817,0.0
12.301682724601704,0.0
12.984719768054926,0.0
13.360401167681513,0.0
13.59057028484209,0.0
13.741168788345567,0.0
13.880429204648914,0.0
14.194711471055005,0.0
14.855175465028292,0.0
15.658734248592683,0.0
16.065637732244692,0.0
15.464174779135327,0.0
13.707860402450695,0.0
11.23868507107415,0.0
8.689350455006714,0.0
6.533665664469908,0.0
4.946033429072683,0.0
4.007323146385417,0.0
3.877961566463257,0.0
4.523412864864082,0.0
5.755069114549334,0.0
7.36922785908917,0.0
8.985017856786227,0.0
10.270175383356495,0.0
11.21918610410458,0.0
11.923602886201737,0.0
12.403543908142687,0.0
12.73554387517805,0.0
13.004804337179827,0.0
13.246763672851571,0.0
13.608311588201225,0.0
14.254627562292372,0.0
15.041695688160214,0.0
15.421403772550681,0.0
15.16965757989371,0.0
14.381506473929226,0.0
12.884038676595136,0.0
10.73616789851412,0.0
8.418578716736937,0.0
6.358222196956175,0.0
4.830947655728853,0.0
4.054511936541857,0.0
4.092198651466232,0.0
4.777400891738986,0.0
5.877306310859478,0.0
7.268627591245794,0.0
8.812677945216244,0.0
10.217780007209516,0.0
11.239840698355902,0.0
11.896535031535862,0.0
12.371898039419905,0.0
12.772262278372674,0.0
13.140617544778847,0.0
13.56316391879318,0.0
14.036505355117278,0.0
14.414759843496507,0.0
14.748372944550953,0.0
15.175703088712433,0.0
15.304305206121072,0.0
14.51359469151039,0.0
12.776484382085371,0.0
10.51216392006177,0.0
8.153226653454233,0.0
6.0917652620797025,0.0
4.568150827516542,0.0
3.715148765461781,0.0
3.6681240650522287,0.0
4.462356803130542,0.0
5.858053925530189,0.0
7.451439935112551,0.0
9.070382536613895,0.0
10.584734781510043,0.0
11.727787528803285,0.0
12.423270978749139,0.0
12.747566139173628,0.0
12.859053382812455,0.0
13.084615979808968,0.0
13.528933075733077,0.0
14.04555581448782,0.0
14.581031649700636,0.0
15.103726138184419,0.0
15.42507814634144,0.0
15.293922797780795,0.0
14.4787949506751,0.0
12.904290605395783,0.0
10.88941174001092,0.0
8.802037550099795,0.0
6.795524012971836,0.0
5.095054978175609,0.0
3.9743068037966673,0.0
3.531084039769568,0.0
3.9470498076183946,0.0
5.350098304832803,0.0
7.392354295393746,0.0
9.519173594961257,0.0
11.378580340660395,0.0
12.811993467362694,0.0
13.804704405864966,0.0
14.459416845999012,0.0
14.815600557919797,0.0
14.954709467708643,0.0
15.058511398859693,0.0
15.124721328386022,0.0
15.100039617648944,0.0
15.177976067557694,0.0
15.410192689595585,0.0
15.452653506116762,0.0
14.788749902961474,0.0
13.18874020573478,0.0
10.921217874969487,0.0
8.469938923184868,0.0
6.287352548576221,0.0
4.70920954726496,0.0
3.7660645129872607,0.0
3.323660503900792,0.0
3.5179104721247447,0.0
4.612434207815734,0.0
6.502029642471558,0.0
8.74030923456647,0.0
10.8481203682222,0.0
12.399143662742851,0.0
13.393684574062993,0.0
14.100250451777535,0.0
14.627556446254054,0.0
15.142941990488639,0.0
15.602669250810877,0.0
15.69749727779613,0.0
15.53833619793601,0.0
15.5118293613188,0.0
15.704719237813917,0.0
15.639641961700047,0.0
14.728334723522325,0.0
12.851718253946723,0.0
10.409013477603521,0.0
8.04778972773126,0.0
6.180070008457931,0.0
4.843150978314858,0.0
4.064479872977585,0.0
3.9672671918768345,0.0
4.649200391802237,0.0
5.950764198599105,0.0
7.4674943040901045,0.0
8.883847931253113,0.0
10.082879102984302,0.0
11.113746622805316,0.0
11.960110303920457,0.0
12.49230870534378,0.0
12.748554816435512,0.0
12.960800930995468,0.0
13.279903644278091,0.0
13.710294281944687,0.0
14.279821438995045,0.0
15.058932019992929,0.0
15.872476585925648,0.0
16.09904491312989,0.0
15.29598077087951,0.0
13.556116838235758,0.0
11.11899644628002,0.0
8.46077028839656,0.0
6.199499334065785,0.0
4.635169279676125,0.0
3.827348750048397,0.0
3.870146025245286,0.0
4.696444127053377,0.0
5.975153331274565,0.0
7.423195526315729,0.0
8.87077686117453,0.0
10.159605917351481,0.0
11.185093920394957,0.0
11.954173955069995,0.0
12.461765506865312,0.0
12.703695066873669,0.0
12.913146800278106,0.0
13.289282619065851,0.0
13.666369805332257,0.0
14.060234734095639,0.0
14.729171442412946,0.0
15.509865699068133,0.0
15.738467852817896,0.0
14.846713743272902,0.0
12.879519372685868,0.0
10.312386093664818,0.0
7.72958079564726,0.0
5.6595021476045195,0.0
4.367751283386974,0.0
3.853444185758249,0.0
3.998707626959704,0.0
