-150.825996176457,0.0
-116.5588102427727,0.0
-74.05439102551404,0.0
-32.16111310769111,0.0
-1.7300600576062937,0.0
20.988911344481753,0.0
48.24253560473238,0.0
83.58240565414526,0.0
119.05738669453022,0.0
149.45847926984715,0.0
179.22553091753005,0.0
214.6660395976451,0.0
255.9832200557319,0.0
299.9491843500117,0.0
340.8262997492455,0.0
373.0642456240921,0.0
400.7240310342222,0.0
431.91788196826553,0.0
467.7013273629769,0.0
504.27253249578695,0.0
539.8372527172799,0.0
574.1450248319018,0.0
607.2886584042027,0.0
639.6741708311841,0.0
671.8728616544618,0.0
706.029349381844,0.0
741.2284968668556,0.0
774.8797081645004,0.0
806.4415334248275,0.0
836.7174675626899,0.0
866.5706123254466,0.0
893.5392691242288,0.0
916.7298258199326,0.0
941.3367081288783,0.0
969.2990746669695,0.0
996.5415602006559,0.0
1021.65371997499,0.0
1046.8126446327385,0.0
1074.0657620468585,0.0
1102.8544389110402,0.0
1129.0187023539288,0.0
1150.129300574768,0.0
1169.3018435612605,0.0
1189.6352026823758,0.0
1210.5056061773826,0.0
1229.8763424989534,0.0
1244.2503995126565,0.0
1254.4843990828847,0.0
1264.750057056285,0.0
1276.699951714418,0.0
1290.8613817068788,0.0
1308.7241265717616,0.0
1328.1428359119905,0.0
1342.5185340120847,0.0
1351.5288232495227,0.0
1360.5027761795163,0.0
1371.4918941601063,0.0
1380.3974261653823,0.0
1383.9368631076393,0.0
1387.2306373163121,0.0
1392.4018959018936,0.0
1394.6856888219456,0.0
1391.4168096563972,0.0
1387.6067204663434,0.0
1389.6345973381951,0.0
1394.2543777697285,0.0
1394.5402608233437,0.0
1391.028189477245,0.0
1387.2177529638518,0.0
1383.1751232569009,0.0
1377.8723529461786,0.0
1372.209444491045,0.0
1367.7304135148888,0.0
1361.9786252134031,0.0
1353.1955581595917,0.0
1342.529892645277,0.0
1330.3621526235756,0.0
1317.7118672734275,0.0
1306.9331319941673,0.0
1296.9074853059249,0.0
1283.3611650361775,0.0
1264.6340182461133,0.0
1242.7724423535644,0.0
1220.4825119731022,0.0
1201.2490807247946,0.0
1187.1830370201271,0.0
1173.8141689520262,0.0
1154.3301601240487,0.0
1129.378894643634,0.0
1104.6533762402505,0.0
1082.851119441853,0.0
1061.8658111721927,0.0
1039.6286988636605,0.0
1016.5784887103376,0.0
991.1783814809639,0.0
961.4445962931272,0.0
928.9788808472999,0.0
897.928731170857,0.0
869.7106660432885,0.0
842.6541464573606,0.0
814.3997305775912,0.0
785.861643514852,0.0
757.435608960732,0.0
726.9462043226877,0.0
694.0690733117447,0.0
658.0062874695634,0.0
619.9519886001799,0.0
583.8229278849514,0.0
549.6072186495784,0.0
515.7505355999091,0.0
482.4220477408683,0.0
449.95510033569803,0.0
418.05224467341435,0.0
384.4068489492834,0.0
347.6402618914103,0.0
307.3196567874304,0.0
267.4779633407162,0.0
230.52333632974032,0.0
193.3219295028943,0.0
156.30076226968734,0.0
120.88594605331681,0.0
85.22461657210155,0.0
50.12175338826426,0.0
14.696044190417718,0.0
-22.93733934881097,0.0
-61.88038753933438,0.0
-101.79995548647118,0.0
-142.17851021676066,0.0
-179.6198576400274,0.0
-211.23052562932125,0.0
-240.11019715036764,0.0
-274.47725257266694,0.0
-315.8366769589974,0.0
-356.09582966564204,0.0
-389.9274337885486,0.0
-422.39639632676,0.0
-458.2655653282122,0.0
-495.46753802984796,0.0
-531.9932570768816,0.0
-568.2032606212545,0.0
-605.6473879344966,0.0
-642.2772592071149,0.0
-675.6864240333397,0.0
-706.3053861724612,0.0
-734.3646426516679,0.0
-761.8453269616355,0.0
-792.6560942070747,0.0
-826.6385740779659,0.0
-860.2517233695025,0.0
-891.112550531465,0.0
-919.4864777229794,0.0
-945.757939637876,0.0
-969.9006949791848,0.0
-993.9041269422183,0.0
-1018.3415354432125,0.0
-1042.8104327542424,0.0
-1066.8999786604152,0.0
-1086.217651493233,0.0
-1103.7720275380632,0.0
-1127.5813728002,0.0
-1155.0634399624998,0.0
-1178.5400831780867,0.0
-1197.3614668150735,0.0
-1215.759929639205,0.0
-1233.8985032829905,0.0
-1249.136992880145,0.0
-1259.7512696998367,0.0
-1268.2432457740738,0.0
-1281.294539998824,0.0
-1299.1003022471932,0.0
-1316.8565896510227,0.0
-1331.6823933630403,0.0
-1343.9191098700094,0.0
-1355.2436623042774,0.0
-1363.5016993735294,0.0
-1369.9693327169803,0.0
-1379.2030189311135,0.0
-1388.5204175781118,0.0
-1394.8417268059375,0.0
-1398.3329662856395,0.0
-1401.0296679178516,0.0
-1404.2265151572892,0.0
-1405.9956296154714,0.0
-1406.6024172063626,0.0
-1405.6330506108236,0.0
-1401.8769298917844,0.0
-1396.6961395959443,0.0
-1389.6494290645737,0.0
-1381.116412545987,0.0
-1374.5093306486542,0.0
-1369.821883323878,0.0
-1364.528707218645,0.0
-1356.636160626059,0.0
-1344.6454001529382,0.0
-1330.971345340756,0.0
-1318.039499311861,0.0
-1303.8101122967432,0.0
-1289.238855346744,0.0
-1275.4892102172487,0.0
-1259.621206098435,0.0
-1244.6596036765457,0.0
-1232.5255731700706,0.0
-1218.2401187752912,0.0
-1201.2185801857065,0.0
-1183.4497703999584,0.0
-1163.3237923629213,0.0
-1137.9791161296466,0.0
-1109.4357534409344,0.0
-1082.4935563786248,0.0
-1057.4936306428897,0.0
-1034.0661430799514,0.0
-1011.7161986133343,0.0
-988.2115897680859,0.0
-963.4570340999138,0.0
-936.5929784687804,0.0
-908.2887095080207,0.0
-881.7414583276351,0.0
-854.2086126016239,0.0
-820.9569893479508,0.0
-786.0198366153157,0.0
-756.6382691479567,0.0
-729.8236806509649,0.0
-698.7507844974338,0.0
-665.8384613037789,0.0
-632.918495773503,0.0
-598.2214891556542,0.0
-563.9404549339098,0.0
-529.5440976294124,0.0
-493.8357335708632,0.0
-459.9659143526936,0.0
-428.94783325741366,0.0
-395.7760696353901,0.0
-357.4888112352108,0.0
-315.93965431664594,0.0
-278.1226693439055,0.0
-245.74617976966897,0.0
-210.67736166558083,0.0
-171.05039232514707,0.0
-132.40225890236405,0.0
-95.68935114965491,0.0
-56.82499770973401,0.0
-18.754276061862658,0.0
14.58464247732048,0.0
48.03697862410579,0.0
85.22709060947145,0.0
123.60639606300688,0.0
162.04442717764695,0.0
198.9426403060832,0.0
229.63369712802893,0.0
259.91680676925813,0.0
299.14401293169925,0.0
341.277745149773,0.0
377.99665068541304,0.0
412.124274450232,0.0
446.03650369220304,0.0
481.32157856135194,0.0
520.703468764177,0.0
561.6513274408253,0.0
599.3624941504078,0.0
631.1992652129045,0.0
659.8045290876155,0.0
689.4107712020344,0.0
719.7540864736143,0.0
750.1080494751742,0.0
782.1809929534785,0.0
814.3908570709742,0.0
844.2164424080565,0.0
874.4545635196549,0.0
907.7097271933383,0.0
939.2734260317865,0.0
963.1038437590822,0.0
980.4789034644676,0.0
999.8444954340389,0.0
1024.977240518182,0.0
1054.859839702951,0.0
1085.622601894359,0.0
1110.7418566007368,0.0
1128.5101588430646,0.0
1146.1259685263974,0.0
1168.7320358540933,0.0
1193.0878829695173,0.0
1214.970116241731,0.0
1232.2068730469186,0.0
1244.7798275245796,0.0
1258.1867104011394,0.0
1274.852669724974,0.0
1291.6126027693217,0.0
1308.3471115379336,0.0
1324.4030656921072,0.0
1338.472574185904,0.0
1348.4972125009958,0.0
1353.0761214005622,0.0
1357.6772097252356,0.0
1366.6785041072576,0.0
1377.7537461809372,0.0
1387.2603556244544,0.0
1390.9139601859993,0.0
1390.1424847279675,0.0
1392.4176737391708,0.0
1397.3417891824781,0.0
1399.813078002208,0.0
1399.9491997210266,0.0
1400.2162016560271,0.0
1399.4410536935272,0.0
1397.119061179385,0.0
1395.800596478349,0.0
1395.2449049267664,0.0
1391.9407357514542,0.0
1382.9875059859296,0.0
1368.338391860976,0.0
1354.076787713404,0.0
1344.436633909197,0.0
1335.7427631040441,0.0
1323.6650395080105,0.0
1308.0697658161257,0.0
1291.8496636004284,0.0
1277.910724950227,0.0
1266.5924366785757,0.0
1256.5475846474224,0.0
1245.0023400680104,0.0
1229.138412671317,0.0
1208.9226142241744,0.0
1186.1777329841657,0.0
1161.3862061521147,0.0
1137.8398496848524,0.0
1116.7565246436418,0.0
1094.0614184216188,0.0
1070.4585242777307,0.0
1050.3283309563656,0.0
1032.6717939673497,0.0
1010.9285016100727,0.0
981.3828715796069,0.0
947.6169586429816,0.0
917.0657436068866,0.0
892.5393497475146,0.0
868.5712876019995,0.0
839.9007069324629,0.0
807.0874699153977,0.0
772.8852656127212,0.0
739.9285841458117,0.0
708.9655091797212,0.0
677.2872303246454,0.0
643.100934798759,0.0
606.9553386670354,0.0
571.5840296185199,0.0
539.8020762488562,0.0
509.0971027992193,0.0
475.4638361687168,0.0
440.3128914075395,0.0
406.57025393140117,0.0
372.7184774945432,0.0
335.89392237122564,0.0
297.23218619919646,0.0
258.14352132511283,0.0
220.54749481051164,0.0
186.69903454377732,0.0
152.58187499710695,0.0
113.10267782701756,0.0
72.39887429029775,0.0
36.29664026309109,0.0
2.091400021928554,0.0
-33.82358815687147,0.0
-71.7739496132137,0.0
-111.41759320468249,0.0
-149.22706009886318,0.0
-183.3892733635494,0.0
-217.13275472863975,0.0
-252.16130159299223,0.0
-289.72359080431715,0.0
-331.0225304681391,0.0
-372.34023036751586,0.0
-410.35624212244744,0.0
-445.6992675820913,0.0
-478.24393795813813,0.0
-511.38166133536066,0.0
-546.9969174168773,0.0
-581.1419572436936,0.0
-612.9698179978265,0.0
-642.6986440680577,0.0
-671.2569363927073,0.0
-701.8910900567408,0.0
-736.7866732017819,0.0
-774.3084695895816,0.0
-808.9444785004688,0.0
-839.1262608678,0.0
-868.2835155238582,0.0
-898.1838456820367,0.0
-926.5403211005101,0.0
-950.8735808051275,0.0
-971.9651378352984,0.0
-992.4231172636038,0.0
-1013.264194120289,0.0
-1036.8028719621161,0.0
-1062.5494931602948,0.0
-1084.2984428467885,0.0
-1105.0230057152348,0.0
-1132.2406888825894,0.0
-1162.4080604927108,0.0
-1189.4881512125514,0.0
-1213.2282986793246,0.0
-1234.3853639674887,0.0
-1250.72277126247,0.0
-1262.2632860649883,0.0
-1273.7814318618005,0.0
-1288.9321529864148,0.0
-1306.0936258720812,0.0
-1319.4525560427787,0.0
-1326.58983216329,0.0
-1333.3485707204532,0.0
-1345.3232421260175,0.0
-1358.858015463661,0.0
-1365.460977723844,0.0
-1367.4513511509342,0.0
-1371.3676408700703,0.0
-1376.8800015765348,0.0
-1383.1487712911967,0.0
-1389.7376134123206,0.0
-1396.7712639135073,0.0
-1402.262265413484,0.0
-1400.9018417239768,0.0
-1394.210646918774,0.0
-1388.6705773574888,0.0
-1386.4123276492082,0.0
-1384.6367265191234,0.0
-1382.4808265900924,0.0
-1381.5219680796033,0.0
-1378.899319474877,0.0
-1371.4449043576556,0.0
-1361.2523301808367,0.0
-1350.6126054811073,0.0
-1338.5420166428326,0.0
-1324.582198819005,0.0
-1313.4011609501495,0.0
-1305.3883240851237,0.0
-1294.8291998502655,0.0
-1282.5580331701851,0.0
-1270.0823657452931,0.0
-1254.2601142421938,0.0
-1233.8039206096187,0.0
-1212.3705296579524,0.0
-1190.922911839714,0.0
-1170.3006794413404,0.0
-1153.980350845851,0.0
-1134.6714855088128,0.0
-1104.414802343435,0.0
-1070.4785072634259,0.0
-1042.6373659384342,0.0
-1020.3627259024365,0.0
-999.716933873507,0.0
-979.8452057047673,0.0
-961.0076715545994,0.0
-941.2453406656408,0.0
-917.1034305842626,0.0
-888.0382854003567,0.0
-855.6709031694172,0.0
-820.5710003720883,0.0
-786.6656835472319,0.0
-757.785188899717,0.0
-730.0210391892492,0.0
-698.6893058646986,0.0
-663.4604427026308,0.0
-627.2371874544546,0.0
-592.0922432101501,0.0
-554.5011104762083,0.0
-513.9211535525794,0.0
-475.20941099376876,0.0
-442.5239684316848,0.0
-412.58927670982047,0.0
-379.0521785770365,0.0
-342.6878839522762,0.0
-304.56281535054137,0.0
-266.45074435394713,0.0
-230.56152320615706,0.0
-195.02766207116386,0.0
-158.88120307706373,0.0
-121.04506397811953,0.0
-82.57304613502133,0.0
-46.22162307901922,0.0
-9.363366640487143,0.0
29.25916158667362,0.0
66.14842804386828,0.0
101.4979482876846,0.0
136.73704782008303,0.0
169.2176040257156,0.0
200.24388773322792,0.0
235.5316991601978,0.0
276.51617295664846,0.0
317.8319368767124,0.0
357.4485733006322,0.0
396.69840730034036,0.0
433.85935078250077,0.0
468.8953784697254,0.0
501.5691284649266,0.0
532.5861315816221,0.0
566.1892931079584,0.0
599.9168968627384,0.0
631.0346932740739,0.0
662.8823071102587,0.0
695.8732000016864,0.0
728.3473393903543,0.0
759.9909930138338,0.0
790.5398782927065,0.0
821.1441944992897,0.0
851.6073572306485,0.0
880.2866413979872,0.0
909.9379341958246,0.0
941.2688933112648,0.0
968.4598091734497,0.0
991.4976174623349,0.0
1017.4506952128789,0.0
1046.631630950658,0.0
1076.589842219257,0.0
1104.1743480818675,0.0
1124.0008720268245,0.0
1139.3604603008134,0.0
1158.9088822673862,0.0
1182.9579740183178,0.0
1204.849394519809,0.0
1221.6565216071072,0.0
1236.9167653211484,0.0
1254.3151416170547,0.0
1272.7255814606572,0.0
1288.0269170708887,0.0
1298.3660859686297,0.0
1307.1912105514623,0.0
1316.9608470160476,0.0
1328.758282340224,0.0
1341.835423492587,0.0
1354.0725617608466,0.0
1366.3099799477468,0.0
1377.9755054960924,0.0
1385.7256426344884,0.0
1388.7092169203002,0.0
1388.5441692423942,0.0
1389.3193944459222,0.0
1393.591869621247,0.0
1398.9996418752532,0.0
1401.7208953253548,0.0
1400.9335009030317,0.0
1395.6743079511398,0.0
1387.5954238788838,0.0
1381.568507814337,0.0
1379.864699310388,0.0
1376.791798702027,0.0
1370.3016036097722,0.0
1363.97634471305,0.0
1356.7687924525173,0.0
1348.8320134610335,0.0
1341.0609107471316,0.0
1331.4397230610318,0.0
1321.4710170054557,0.0
1311.1363350483107,0.0
1299.1521967549709,0.0
1286.7393365777098,0.0
1273.180598126493,0.0
1255.6008074588447,0.0
1233.6347785868513,0.0
1212.8172823229258,0.0
1195.2539946057864,0.0
1177.1799628312567,0.0
1158.1140291703055,0.0
1138.8791540014095,0.0
1117.992889003615,0.0
1095.7400674444677,0.0
1073.6770362692123,0.0
1051.2676224286058,0.0
1027.6296396231726,0.0
1002.1980017173696,0.0
973.2143629884472,0.0
940.2880629056065,0.0
906.5974637419538,0.0
875.2777568885552,0.0
846.5826255714958,0.0
818.9530911749284,0.0
790.6088873511993,0.0
759.2836870065877,0.0
725.7416833061153,0.0
692.9663454642293,0.0
660.6235111175173,0.0
626.0238859484665,0.0
590.9078796499358,0.0
559.3622734856166,0.0
528.8469883071664,0.0
494.1154588229051,0.0
457.456094220746,0.0
421.9510165962308,0.0
386.6956184998932,0.0
351.06288705499907,0.0
314.722943688289,0.0
277.97064055765213,0.0
242.8457427725473,0.0
208.40051802804734,0.0
170.92170470968315,0.0
132.2068738983661,0.0
94.20808287245085,0.0
55.70646739317791,0.0
18.608864983181203,0.0
-17.406930428953924,0.0
-53.806230973937865,0.0
-89.9107165093327,0.0
-123.96509256150999,0.0
-155.3239638174012,0.0
-187.7904409155218,0.0
-224.56434795887137,0.0
-266.1870885604552,0.0
-306.9414852501389,0.0
-341.19018230029417,0.0
-372.4933734817221,0.0
-405.17793149442554,0.0
-440.29026800516993,0.0
-477.30801330539566,0.0
-514.5374523668452,0.0
-550.7740195939755,0.0
-588.4022980497601,0.0
-629.2821529567533,0.0
-666.5543652387898,0.0
-695.8665978423016,0.0
-723.3631530428818,0.0
-754.1086971054325,0.0
-785.1923124011726,0.0
-815.978521510106,0.0
-847.9250075728131,0.0
-876.7916978391892,0.0
-900.791510624335,0.0
-925.5343437780348,0.0
-953.072738024829,0.0
-981.6344414696315,0.0
-1008.7535455736786,0.0
-1033.674424127616,0.0
-1059.9603397940116,0.0
-1087.4198509167863,0.0
-1110.0197105171264,0.0
-1129.3636191082476,0.0
-1151.3571383324906,0.0
-1174.1309019655591,0.0
-1193.3215208307463,0.0
-1208.5295330426798,0.0
-1223.7196524990397,0.0
-1239.9247077533296,0.0
-1256.6396783276646,0.0
-1274.2390815238227,0.0
-1288.895094132014,0.0
-1299.747660520734,0.0
-1310.0946255091105,0.0
-1320.446520274726,0.0
-1331.50118301588,0.0
-1344.1816983434437,0.0
-1356.8363962398728,0.0
-1367.3178476352862,0.0
-1374.3556984539425,0.0
-1378.7126734574451,0.0
-1382.6676739212403,0.0
-1388.3876824485772,0.0
-1395.2138540035749,0.0
-1402.3219193000223,0.0
-1406.267964111483,0.0
-1401.5532255635253,0.0
-1392.8580373370794,0.0
-1389.40927605792,1.0
-1388.106043043628,1.0
-1360.881172334833,0.0
-1198.980590986771,0.0
-749.5115000873607,0.0
-230.4574753662273,0.0
-225.5491837192484,0.0
-733.2583685474305,0.0
-1168.1437978006584,0.0
-1313.6255481585165,0.0
-1326.7688571679353,0.0
-1314.5261976757486,0.0
-1296.9675125147796,0.0
-1280.1520161938745,0.0
-1265.8658218243588,0.0
-1250.4946009608725,0.0
-1235.320761034757,0.0
-1223.038174090292,0.0
-1210.2066813010642,0.0
-1193.2535036055613,0.0
-1172.0648575640362,0.0
-1148.09896113148,0.0
-1124.2031268841313,0.0
-1101.4659389953088,0.0
-1077.7610301892478,0.0
-1052.678504311964,0.0
-1025.1291791583135,0.0
-995.5529136627839,0.0
-970.7078676887755,0.0
-949.796815940942,0.0
-924.4226957749428,0.0
-894.6252894241924,0.0
-865.2614478839109,0.0
-835.9167387986872,0.0
-802.6906998911958,0.0
-766.8168877322408,0.0
-733.2803075991516,0.0
-703.2109846039741,0.0
-674.3017112687717,0.0
-643.7770956977392,0.0
-609.2554139261102,0.0
-573.1636428138764,0.0
-539.1930060549357,0.0
-504.65522522540346,0.0
-468.24703705915454,0.0
-432.2349410526277,0.0
-395.9511221734861,0.0
-360.4405881122937,0.0
-326.52400925441253,0.0
-292.68479287014367,0.0
-259.7209327830218,0.0
-227.65886227473013,0.0
-191.81159487571452,0.0
-151.58526837334338,0.0
-111.42610228868757,0.0
-73.71597703525059,0.0
-37.241760336156375,0.0
-0.3222385624092824,0.0
35.34468237925364,0.0
68.26209961897818,0.0
103.82878418415224,0.0
146.28589130710952,0.0
189.8004588429537,0.0
228.02762841466648,0.0
262.9330934305825,0.0
299.424014749794,0.0
335.9240327330685,0.0
369.6920934717764,0.0
403.76548880932677,0.0
438.5129729157826,0.0
472.38994608602513,0.0
507.2042511137785,0.0
542.4819937178031,0.0
575.9223365977014,0.0
606.8821981078232,0.0
636.0965767683184,0.0
668.5139273781854,0.0
704.9688065944174,0.0
739.1868607258547,0.0
770.3871379859378,0.0
802.0823919399014,0.0
833.4266418432754,0.0
862.741052919334,0.0
890.8352034132471,0.0
917.7832826266059,0.0
945.3180131952296,0.0
973.0965779765955,0.0
997.9482523927392,0.0
1021.0692683219223,0.0
1047.1962526697873,0.0
1075.799560426691,0.0
1102.9100682913947,0.0
1125.4603478299773,0.0
1145.1765815738706,0.0
1167.0089767560316,0.0
1190.2620854891716,0.0
1211.1740667766985,0.0
1229.3781051498613,0.0
1246.0461469984127,0.0
1260.7771285117221,0.0
1275.3390741219216,0.0
1291.1644947358266,0.0
1306.6579093860428,0.0
1320.7518044746162,0.0
1332.2049753510648,0.0
1340.7518760614134,0.0
1349.85062819459,0.0
1362.4332672858316,0.0
1377.03749278221,0.0
1388.7369016009254,0.0
1395.5043800489875,0.0
1399.455457388499,0.0
1399.428266760382,0.0
1394.333123595487,0.0
1390.2549083364413,0.0
1391.9346954073064,0.0
1395.0206912179206,0.0
1393.6606488680932,0.0
1391.7158424418585,0.0
1393.368396321002,0.0
1393.1455788142043,0.0
1388.678384770978,0.0
1381.2211903337022,0.0
1373.0263398575516,0.0
1369.2073497459787,0.0
1368.9442652318912,0.0
1364.521068457003,0.0
1352.0917105869949,0.0
1335.0951140674917,0.0
1320.2206031199864,0.0
1310.106955893363,0.0
1298.340569395731,0.0
1282.5943728003426,0.0
1268.1501059726174,0.0
1255.1707194204735,0.0
1238.0056653399172,0.0
1217.3104231999544,0.0
1199.3050679690652,0.0
1181.7253570124421,0.0
1159.6233457222595,0.0
1134.324939368434,0.0
1109.5147340425347,0.0
1085.8796713613858,0.0
1059.8101068398496,0.0
1029.9154122988634,0.0
1000.2993282090766,0.0
972.4739698045947,0.0
945.6821190947805,0.0
921.8119228220166,0.0
898.1782920585881,0.0
869.2392998872745,0.0
837.9221124484812,0.0
809.4826925258653,0.0
783.9194456276083,0.0
757.1499165651755,0.0
726.4434532622793,0.0
693.4146336734003,0.0
659.6989081039926,0.0
624.0666245338721,0.0
590.1878507273841,0.0
561.0475117342424,0.0
529.9970157895053,0.0
491.7357573700459,0.0
449.58373504238153,0.0
409.43274188236506,0.0
371.74610001234896,0.0
334.16069806181986,0.0
299.40461009762134,0.0
267.47952539480406,0.0
232.9264605833228,0.0
196.06771342180255,0.0
160.24049795767567,0.0
123.35416870954515,0.0
84.1633276829733,0.0
47.718867297149096,0.0
13.59487103380095,0.0
-23.21037542892381,0.0
-61.827372636261785,0.0
-98.21233995454813,0.0
-131.71514611712487,0.0
-166.17043007532942,0.0
-204.70670589960037,0.0
-243.75643060778046,0.0
-281.1837279440067,0.0
-317.72771930366366,0.0
-352.0204684163372,0.0
-387.268258303029,0.0
-424.2065241459841,0.0
-457.4254923895229,0.0
-487.2870660533545,0.0
-517.4745547722653,0.0
-549.6048023825449,0.0
-585.962087478207,0.0
-626.7548220949645,0.0
-666.4098416096117,0.0
-700.634328635684,0.0
-732.4128887463386,0.0
-764.6401602337222,0.0
-796.3530354077728,0.0
-827.6826332270965,0.0
-856.933819117583,0.0
-884.5455619597814,0.0
-913.4797976341541,0.0
-941.6793503340715,0.0
-966.4022146600587,0.0
-991.0976213896879,0.0
-1018.0292119663713,0.0
-1041.9462097380888,0.0
-1060.3722989735256,0.0
-1078.3567026701662,0.0
-1100.3098656905936,0.0
-1124.5151449395728,0.0
-1150.9531222071942,0.0
-1176.189932569213,0.0
-1195.3566548257559,0.0
-1213.250282820296,0.0
-1233.5606940726593,0.0
-1250.704028063499,0.0
-1263.9778485903266,0.0
-1280.3091974829122,0.0
-1296.522978463732,0.0
-1308.468502840795,0.0
-1320.8493468968138,0.0
-1335.7070531426111,0.0
-1350.955646260614,0.0
-1361.967762303837,0.0
-1366.4735975728465,0.0
-1369.6283215976125,0.0
-1375.3861879177919,0.0
-1381.5073522013554,0.0
-1386.2426085257878,0.0
-1390.8993247589356,0.0
-1396.26641084001,0.0
-1401.6134219036906,0.0
-1406.5039748476945,0.0
-1409.6495921911267,1.0
-1407.0623449142677,1.0
-1376.9076251344757,0.0
-1215.0058881235414,0.0
-768.7499188878916,0.0
-251.8010608155485,0.0
-242.2919277059843,0.0
-741.2146346630205,0.0
-1172.875692699996,0.0
-1323.2070667975772,0.0
-1343.5648490300348,0.0
-1338.1697844149223,0.0
-1327.0208762888649,0.0
-1312.28645263303,0.0
-1295.369209279885,0.0
-1277.1750843361222,0.0
-1260.9442677787433,0.0
-1249.7016384476638,0.0
-1239.3541579414373,0.0
-1222.8983703741194,0.0
-1197.2727923825898,0.0
-1168.9588403958248,0.0
-1146.2907337123956,0.0
-1127.322666441423,0.0
-1108.0134061555002,0.0
-1086.9487863275706,0.0
-1062.6374607736725,0.0
-1034.8882983964315,0.0
-1007.2504288550666,0.0
-983.3456597271272,0.0
-961.6323270215021,0.0
-938.1286541717404,0.0
-909.3766305897149,0.0
-876.0920278965274,0.0
-846.479072721046,0.0
-822.1844532678883,0.0
-796.1526222017707,0.0
-766.189556047239,0.0
-731.2509153280204,0.0
-691.4992697750437,0.0
-652.6120185444765,0.0
-619.9867673356299,0.0
-593.8307661684862,0.0
-566.8319188131234,0.0
-533.8743455395669,0.0
-498.3246255148553,0.0
-461.88552021064015,0.0
-424.48161837764496,0.0
-387.54623145609605,0.0
-352.69510516349595,0.0
-319.4497297657587,0.0
-283.7370044247579,0.0
-244.64429874094463,0.0
-206.981578596753,0.0
-173.3433131047251,0.0
-140.6116621586038,0.0
-105.61315515140274,0.0
-68.19076917264681,0.0
-30.033159453096605,0.0
7.884510631216161,0.0
44.476783697733666,0.0
79.64051542411178,0.0
116.90758868863777,0.0
157.44852862026406,0.0
198.88362984901585,0.0
238.09163470106645,0.0
274.451850353637,0.0
307.7247605030116,0.0
338.56975714185273,0.0
369.260043444369,0.0
405.2238581079722,0.0
447.33614764566494,0.0
489.5551664822069,0.0
528.5354819304458,0.0
561.6150656535682,0.0
592.8005116086198,0.0
626.8321770841783,0.0
660.4435049786127,0.0
692.3465155136653,0.0
725.049574105833,0.0
755.8799973952192,0.0
783.404617151918,0.0
812.3161177116302,0.0
840.6902604574152,0.0
866.254356985718,0.0
895.0562442027498,0.0
926.5163372549716,0.0
953.7302799385683,0.0
978.8051558217928,0.0
1005.0054231819646,0.0
1029.8591804808411,0.0
1052.4350217278309,0.0
1075.6260633111692,0.0
1102.4958502226307,0.0
1130.4880753751536,0.0
1155.225667665267,0.0
1179.249531949544,0.0
1203.2257646105866,0.0
1220.1300207627278,0.0
1229.7065705806829,0.0
1238.787245118015,0.0
1253.5988916095512,0.0
1274.9848354149367,0.0
1293.9786670263754,0.0
1307.206651282168,0.0
1319.9779711236167,0.0
1333.7754956482286,0.0
1345.6644045613061,0.0
1355.8364179459925,0.0
1366.2240284645195,0.0
1373.7598186655312,0.0
1378.8797714616187,0.0
1386.4443069218223,0.0
1393.1108757109826,0.0
1392.5490258905431,0.0
1389.0397227467931,0.0
1390.2930683584175,0.0
1395.9829005451986,0.0
1400.1773513170467,0.0
1398.966059945158,0.0
1392.9767481193664,0.0
1387.4506462577037,0.0
1385.74430920752,0.0
1382.5232602584947,0.0
1375.4851295301846,0.0
1368.3903604770549,0.0
1360.6082301150846,0.0
1352.2075448770854,0.0
1344.8409578800329,0.0
1337.5427539876089,0.0
1327.3493235119006,0.0
1313.446260643646,0.0
1296.1909518893776,0.0
1277.8045473166687,0.0
1261.509376116535,0.0
1249.0522724024227,0.0
1239.4408031655535,0.0
1227.5259073764998,0.0
1208.6983788999878,0.0
1185.6165233856025,0.0
1162.3421948170471,0.0
1139.834870412363,0.0
1120.6797450704873,0.0
1105.3067800638216,0.0
1086.6924776722744,0.0
1058.7349836063152,0.0
1026.1301800971257,0.0
998.140235962099,0.0
975.9655961230056,0.0
949.9533161491246,0.0
918.0924490366718,0.0
887.4855726862554,0.0
859.3002888993724,0.0
831.7606912184252,0.0
804.4900822758935,0.0
776.3924590654148,0.0
745.2863336062013,0.0
711.1455625525975,0.0
674.3460352782539,0.0
637.6889001659216,0.0
606.9592303337671,0.0
579.4613400071307,0.0
547.3407865637957,0.0
511.0367765615855,0.0
476.44609327578604,0.0
443.7531295948919,0.0
408.09900510982766,0.0
370.9127144846838,0.0
334.6641572298031,0.0
298.3654015403155,0.0
262.32788719853545,0.0
227.3333265251418,0.0
188.96567898911076,0.0
146.06990309974952,0.0
104.83866158980098,0.0
67.2065518515323,0.0
32.18792638299769,0.0
0.9878594487892014,0.0
-30.820916053469595,0.0
-66.7349568402326,0.0
-103.71110714471102,0.0
-141.27730345185117,0.0
-182.61929579349425,0.0
-225.05737449143965,0.0
-265.131224104405,0.0
-303.0366557802638,0.0
-337.5658210940672,0.0
-369.63113688481604,0.0
-403.44407809786367,0.0
-439.2783497025556,0.0
-474.3440823816451,0.0
-507.4762832251143,0.0
-538.62391043526,0.0
-570.4021717976067,0.0
-605.2465588205707,0.0
-641.2884169968628,0.0
-677.9440537710603,0.0
-713.5858996142807,0.0
-745.2191134133803,0.0
-774.0692995174467,0.0
-802.5628633650334,0.0
-830.3185504444344,0.0
-858.0043988000525,0.0
-887.4072368283845,0.0
-917.656914160196,0.0
-948.7112105876192,0.0
-980.5543966394476,0.0
-1005.8634573580566,0.0
-1024.2985972418871,0.0
-1046.317822779301,0.0
-1073.3785972673986,0.0
-1098.7074666785684,0.0
-1119.6939036822205,0.0
-1138.4745832142528,0.0
-1159.8274137076805,0.0
-1183.4702507556983,0.0
-1205.685945389909,0.0
-1223.7205270795905,0.0
-1238.1150700145968,0.0
-1253.257693687702,0.0
-1270.7892902790184,0.0
-1288.5243513422572,0.0
-1304.1550940147433,0.0
-1319.3516171594354,0.0
-1334.6114412626848,0.0
-1345.8205487888813,0.0
-1352.811129769013,0.0
-1360.3921276414492,0.0
-1370.2233146211827,0.0
-1377.9875377370909,0.0
-1382.32001590992,0.0
-1386.28475027212,0.0
-1391.9679109691717,0.0
-1398.7704880939955,0.0
-1402.7926305132523,0.0
-1402.9299607843532,0.0
-1399.8640476291812,0.0
-1395.872303149636,0.0
-1395.7936610761576,0.0
-1399.4841200825358,0.0
-1399.4506724429539,0.0
-1391.0708538010717,0.0
-1380.4461086327435,0.0
-1374.3284628796807,0.0
-1368.6968666192356,0.0
-1357.5284778024286,0.0
-1342.6787381970037,0.0
-1330.3304207532142,0.0
-1322.0842141318244,0.0
-1311.4509609988902,0.0
-1295.943520049486,0.0
-1280.4233277528058,0.0
-1266.5329557945613,0.0
-1255.0712948559355,0.0
-1242.5059854402402,0.0
-1225.0989480395972,0.0
-1207.8534809185758,0.0
-1190.8922203065297,0.0
-1170.535958107687,0.0
-1148.299271199871,0.0
-1125.3105879331413,0.0
-1099.844411855663,0.0
-1072.9899143147745,0.0
-1049.0628966893744,0.0
-1027.6571946080217,0.0
-1003.5827003117972,0.0
-976.1611729263693,0.0
-950.5141523466832,0.0
-927.0996902174194,0.0
-901.5596674724334,0.0
-872.3380384803136,0.0
-840.4947965833975,0.0
-807.6279581686828,0.0
-776.8131739993358,0.0
-749.4810786140428,0.0
-720.5657648593372,0.0
-686.5464217134864,0.0
-654.0375570608845,0.0
-625.8153221570491,0.0
-593.7691230612891,0.0
-555.7316567504281,0.0
-517.7463161595206,0.0
-480.8249955348823,0.0
-442.3415134884151,0.0
-402.7932952580506,0.0
-365.81763551607736,0.0
-331.13265400291516,0.0
-295.740592092129,0.0
-260.0359099325669,0.0
-226.0287691552155,0.0
-192.60746559406027,0.0
-159.73037462464472,0.0
-129.27911434442072,0.0
-95.06413001452049,0.0
-52.91676705633189,0.0
-9.196645657916548,0.0
30.777416726399057,0.0
67.2588026408259,0.0
102.02416804480467,0.0
138.4183712596183,0.0
178.48228754945694,0.0
218.00025972894494,0.0
253.8496225846287,0.0
289.66685815973085,0.0
326.32077701926215,0.0
360.18852473976165,0.0
391.7016674863896,0.0
425.71453831094385,0.0
461.9564064500724,0.0
497.31634043437504,0.0
531.109123787445,0.0
562.6348181684879,0.0
593.4224462353709,0.0
627.9519555866102,0.0
665.8750019364393,0.0
700.787029308602,0.0
730.2547034564973,0.0
759.6989017298148,0.0
793.246483814154,0.0
825.8119359156154,0.0
855.6653251270365,0.0
885.8911159650748,0.0
916.049089194335,0.0
944.7435305285995,0.0
971.3619341946556,0.0
996.0095661958904,0.0
1019.666409623238,0.0
1043.7709487739082,0.0
1069.0098902098987,0.0
1094.976916050719,0.0
1120.7830681659218,0.0
1144.3913738483334,0.0
1164.6616998733193,0.0
1182.457033241514,0.0
1201.6912125371216,0.0
1222.424859505869,0.0
1239.9337632758013,0.0
1255.3977289297502,0.0
1272.9348021454944,0.0
1289.2068121416485,0.0
1301.7709012554876,0.0
1312.651591496832,0.0
1322.4248394666395,0.0
1332.5364092070643,0.0
1344.1524061150653,0.0
1357.036691981623,0.0
1368.441782595643,0.0
1374.0324647498296,0.0
1375.608913021904,0.0
1378.7000073297054,0.0
1384.3999332164042,0.0
1389.3055109717695,0.0
1392.033700751437,0.0
1393.068566726003,0.0
1394.8420926767685,0.0
1398.785110744911,0.0
1400.5529689071518,0.0
1396.7315126750575,0.0
1390.2964945216283,0.0
1388.6206504786892,0.0
1391.0139006850986,0.0
1386.416514548204,0.0
1372.9506774585707,0.0
1359.7824254005163,0.0
1350.2699569716517,0.0
1339.5402522647053,0.0
1327.7672160542934,0.0
1319.8197621535244,0.0
1313.7207979620764,0.0
1304.113502827653,0.0
1291.968888342374,0.0
1279.8068621833886,0.0
1262.654422292156,0.0
1240.376004492886,0.0
1220.0817390529667,0.0
1204.269264979019,0.0
1188.5992444360918,0.0
1167.780442298806,0.0
1142.2435121715357,0.0
1118.1760475938738,0.0
1097.085509277751,0.0
1072.564087987425,0.0
1043.0936801325417,0.0
1014.9211354084076,0.0
990.5024657538993,0.0
965.3207789657118,0.0
936.2017149541792,0.0
906.2739091815943,0.0
880.0724108444463,0.0
856.0410628262402,0.0
828.4410879544722,0.0
795.6844415882193,0.0
761.0148778894463,0.0
727.4480039823139,0.0
695.3759361140661,0.0
662.6262575858527,0.0
628.1695985749186,0.0
595.3449163473957,0.0
565.1483892372324,0.0
537.9545084578788,0.0
511.21072566572303,0.0
476.8529010267578,0.0
435.90703214458784,0.0
396.8912038119429,0.0
360.9062839763592,0.0
324.33176922151813,0.0
284.4533359700887,0.0
241.64012051493842,0.0
201.73755391119252,0.0
168.35847041767613,0.0
135.97801702704038,0.0
100.01558875915241,0.0
62.30596007592742,0.0
25.24079920273987,0.0
-10.244069518250052,0.0
-46.40208194074474,0.0
-84.74719359815973,0.0
-122.14909710176461,0.0
-158.27440879555388,0.0
-197.55349887797874,0.0
-238.11889717146911,0.0
-275.30276544881036,0.0
-311.59741280839114,0.0
-350.5829236480861,0.0
-388.89996737506385,0.0
-422.0873122295797,0.0
-451.52091766274435,0.0
-481.21206115866664,0.0
-515.0282409629017,0.0
-553.5871801994437,0.0
-590.9059939246096,0.0
-623.0811748776039,0.0
-653.7607400395439,0.0
-685.4005063883022,0.0
-715.2176836934872,0.0
-746.3456054161788,0.0
-782.441879501115,0.0
-817.7973950499237,0.0
-849.5382302457367,0.0
-879.3619377145244,0.0
-908.5156492388234,0.0
-937.3746893744757,0.0
-963.8899343057865,0.0
-987.8588435562253,0.0
-1008.8732475755945,0.0
-1027.4662899563127,0.0
-1046.8446280569528,0.0
-1069.0278695625454,0.0
-1095.0832127203028,0.0
-1122.9984060794905,0.0
-1148.0754278261763,0.0
-1169.037412448834,0.0
-1189.5771802737343,0.0
-1211.396426859225,0.0
-1231.0703606492023,0.0
-1248.0154664340926,0.0
-1265.7081462077638,0.0
-1282.040041832478,0.0
-1294.2504188275464,0.0
-1304.3775451078843,0.0
-1314.5952079071835,0.0
-1325.0590145524006,0.0
-1335.0165670035567,0.0
-1345.596408918573,0.0
-1356.1123939710099,0.0
-1364.3914742135494,0.0
-1371.9204531536354,0.0
-1380.7354342622132,0.0
-1387.3440164819885,0.0
-1388.8751310805876,0.0
-1387.3564961740228,0.0
-1386.949694761286,0.0
-1389.4249231680774,0.0
-1391.2434644398909,0.0
-1389.8018015930543,0.0
-1386.5086724871187,0.0
-1384.304830805782,0.0
-1383.5672749496334,0.0
-1383.4435975593242,0.0
-1381.7225975172732,0.0
-1375.553573367319,0.0
-1366.5209902119802,0.0
-1357.17992099023,0.0
-1348.8302494697514,0.0
-1342.6830710774302,0.0
-1334.4191918269782,0.0
-1319.9196668487846,0.0
-1301.8382409656358,0.0
-1286.5986508797414,0.0
-1274.57851556963,0.0
-1260.2240415365889,0.0
-1243.940075276892,0.0
-1226.8836479285699,0.0
-1205.9913836021572,0.0
-1181.7242009755626,0.0
-1158.4966103619768,0.0
-1140.3527987810871,0.0
-1125.1286940797186,0.0
-1107.1793942344134,0.0
-1086.1038913032983,0.0
-1062.1239548695237,0.0
-1032.682071390146,0.0
-1000.5395151709528,0.0
-970.1249426061765,0.0
-941.2604951649214,0.0
-914.6309654184689,0.0
-888.5708855458257,0.0
-858.1005351955441,0.0
-825.5382707146298,0.0
-795.484528867934,0.0
-765.0834578240568,0.0
-733.7614708524962,0.0
-704.1764564870036,0.0
-674.4592808984892,0.0
-641.2142164292211,0.0
-606.9160737582731,0.0
-576.601421637457,0.0
-545.4800847207473,0.0
-508.68848888421974,0.0
-472.3231277275676,0.0
-440.65303448293713,0.0
-408.7497838852292,0.0
-374.0084790348019,0.0
-335.7489405438707,0.0
-293.8628617711339,0.0
-251.61573144751273,0.0
-213.5176199241767,0.0
-181.02335940933764,0.0
