380381.11709846446,0.0
322621.5205030747,0.0
276689.35844498157,0.0
233979.90674880985,0.0
175561.06949409118,0.0
139443.5122207486,0.0
215990.02266353765,0.0
380401.64630145894,0.0
495786.4553852437,0.0
515318.52143168414,0.0
479213.6576990255,0.0
419379.1438406267,0.0
356276.8512524918,0.0
306887.206671413,0.0
276925.294215555,0.0
261828.49696130436,0.0
255558.19781423343,0.0
256021.92738099498,0.0
266877.36679299996,0.0
296362.8753201798,0.0
348696.07860443194,0.0
412979.62394505634,0.0
467181.5900629994,0.0
497527.2539155859,0.0
509918.4713544026,0.0
517563.03404253407,0.0
524630.0649776832,0.0
531072.5108082601,0.0
536800.1438181993,0.0
536243.8682044337,0.0
525175.9476777659,0.0
509874.14641786076,0.0
495394.81511696277,0.0
476090.88410944596,0.0
442794.88525970624,0.0
394399.6721876521,0.0
341458.5517437752,0.0
297509.26988953,0.0
269029.8586943761,0.0
253848.195160144,0.0
247018.7294084573,0.0
246409.9865425078,0.0
254577.15323189972,0.0
278358.62853476376,0.0
322617.0284994182,0.0
380484.6016742281,0.0
436399.97826408583,0.0
478918.4989800505,0.0
504891.6564905949,0.0
518065.1371418196,0.0
526238.8764232268,0.0
536499.3750391356,0.0
551129.0357538298,0.0
565430.0775392443,0.0
572201.3699022013,0.0
571050.4548213254,0.0
563209.9380021795,0.0
538753.7020238371,0.0
486501.2677677598,0.0
413418.074914053,0.0
342996.29852425645,0.0
294314.1759569809,0.0
268457.82349058386,0.0
256982.90217073858,0.0
254015.4494403529,0.0
260376.95245186755,0.0
284415.88682827045,0.0
336649.32166792534,0.0
416094.49135072174,0.0
502172.862630482,0.0
568632.9763245822,0.0
612214.4271090619,0.0
646585.3313246804,0.0
671235.3667047486,0.0
684056.198514935,0.0
691317.2386718646,0.0
696273.6376130626,0.0
693380.7527568816,0.0
677146.8945920608,0.0
657373.2097967204,0.0
641727.7018596132,0.0
613072.2681777381,0.0
551164.5282602591,0.0
462858.6513275943,0.0
376847.13357497525,0.0
316167.35764432454,0.0
283334.4752898643,0.0
269038.8520828801,0.0
265302.783410533,0.0
271869.3636433339,0.0
297586.9723345426,0.0
353184.5722546791,0.0
436626.940887671,0.0
527547.3426818933,0.0
600293.3969273765,0.0
642133.9786347495,0.0
658833.0009386794,0.0
665729.5301338206,0.0
673429.8607420399,0.0
682192.0362988828,0.0
689991.7483417266,0.0
690262.2346578244,0.0
675894.8871532901,0.0
654567.334142981,0.0
634184.3625257784,0.0
603250.494487977,0.0
544898.5533618957,0.0
461176.49360250856,0.0
377125.4937175031,0.0
317335.4575812781,0.0
285384.4320740705,0.0
271543.15296700486,0.0
267938.9664344443,0.0
274697.7752910567,0.0
300536.7634279167,0.0
356033.2176761216,0.0
439018.1382655267,0.0
528293.6750674661,0.0
597945.7887832955,0.0
636193.418811106,0.0
648651.6279967421,0.0
651250.0284028591,0.0
657760.3757210271,0.0
667644.6794436951,0.0
674922.5428721625,0.0
671698.8475521365,0.0
653446.7585496482,0.0
632678.830048891,0.0
619332.4832356301,0.0
595750.9081305006,0.0
540329.4091581292,0.0
457488.21525464946,0.0
374514.34819008905,0.0
315452.91585456295,0.0
283550.4262449152,0.0
269602.1219100726,0.0
266050.645100033,0.0
272755.06950345705,0.0
297640.8282730655,0.0
350296.7183184402,0.0
428275.79875253886,0.0
509610.4006411726,0.0
568155.1940596205,0.0
600824.8601382563,0.0
622174.7112664329,0.0
637469.1578243207,0.0
646299.7582334457,0.0
651896.9800266753,0.0
655306.4390950192,0.0
650250.2980875979,0.0
632489.2526194082,0.0
611463.0883493137,0.0
594448.5094916851,0.0
567955.8853313766,0.0
509151.3625934239,0.0
415822.40554217674,0.0
325375.0673909029,0.0
275802.6751918901,0.0
258265.43515420367,0.0
251657.06213478022,0.0
250831.7967655134,0.0
258670.34576650435,0.0
285137.6132621394,0.0
341829.2107729774,0.0
426050.0331429689,0.0
515215.27823259844,0.0
584120.8710396887,0.0
622985.3709935197,0.0
637664.0519512934,0.0
639231.1420790392,0.0
637117.5761516772,0.0
636931.1831868164,0.0
638415.9989509248,0.0
631787.4082904869,0.0
608701.7477764563,0.0
578044.0283746368,0.0
550563.7642521485,0.0
520699.3169433855,0.0
476391.1814464955,0.0
416170.7432357211,0.0
353428.7264347521,0.0
304571.6512628975,0.0
275064.338349061,0.0
260197.66580818366,0.0
254225.6623017675,0.0
255380.89536848807,0.0
267696.41010963,0.0
299617.29768289474,0.0
353865.0770647011,0.0
416809.08604969096,0.0
467220.21484807355,0.0
495706.34746427153,0.0
507525.5040268888,0.0
511394.8843699568,0.0
513077.03981460375,0.0
516431.4601150808,0.0
523457.4800376959,0.0
528555.81860113,0.0
521394.6935413152,0.0
505284.5251902298,0.0
491699.7214617354,0.0
475913.1702210668,0.0
446065.9412148343,0.0
400886.78110438574,0.0
350556.5202515396,0.0
308039.52335691237,0.0
279920.4771761238,0.0
265041.85670373985,0.0
258979.2961056672,0.0
259046.6053911147,0.0
267728.14259286114,0.0
292412.288012537,0.0
337543.4831498537,0.0
394420.60852242936,0.0
444859.70106985985,0.0
477380.52969324647,0.0
493932.1189976286,0.0
502419.18096080684,0.0
509190.8145010196,0.0
518916.36383720604,0.0
534319.5916248641,0.0
550912.7837770674,0.0
560625.0773507095,0.0
562858.4245198191,0.0
559488.3011705306,0.0
539619.8037252439,0.0
489332.7704540657,0.0
416178.5727995143,0.0
346563.5045721602,0.0
299381.53971366415,0.0
274332.5983454663,0.0
263203.4770816291,0.0
260451.42694304982,0.0
266616.42659534543,0.0
290018.36033664754,0.0
341839.78414665937,0.0
422127.8957511068,0.0
512726.15548422135,0.0
588757.6048667224,0.0
636526.445102407,0.0
659647.838920659,0.0
668575.543068552,0.0
670962.2440876513,0.0
671919.6822587815,0.0
674166.3521169572,0.0
671336.2499179583,0.0
655139.7165881156,0.0
634712.3573566736,0.0
620565.6195810732,0.0
596908.9062886859,0.0
540051.9096595669,0.0
453864.4215382604,0.0
368808.489839393,0.0
309876.7119924445,0.0
279078.5580043545,0.0
266514.25800413056,0.0
264312.46137049363,0.0
272248.4378088749,0.0
299059.4979916324,0.0
355573.78804463265,0.0
439087.6952126751,0.0
528209.7041860202,0.0
598407.4252122823,0.0
638693.2529058357,0.0
654998.7129047103,0.0
661339.2044520809,0.0
667637.9086445709,0.0
672190.3291882481,0.0
671227.4805590374,0.0
665339.4786958387,0.0
652148.5915037118,0.0
637185.7890751429,0.0
624773.3203239167,0.0
599311.3388591621,0.0
541381.3132975822,0.0
455873.6841395008,0.0
371552.45883468265,0.0
312828.94205757807,0.0
282140.1105819361,0.0
269333.52410244034,0.0
266465.334342858,0.0
273982.40915233677,0.0
301097.6953839074,0.0
358268.5214195506,0.0
442031.36099643545,0.0
531127.5687223941,0.0
602033.2048228775,0.0
643506.8103709319,0.0
659053.7612823101,0.0
661181.7879271989,0.0
662863.1011793558,0.0
666475.8994564839,0.0
667502.9892967221,0.0
663394.7223184856,0.0
650367.1445141743,0.0
632141.5404308926,0.0
615023.5381794639,0.0
588228.5638798755,0.0
533327.2831347384,0.0
452180.25033631094,0.0
370433.02217699494,0.0
311545.71590394416,0.0
279355.3034778994,0.0
265718.39819576783,0.0
263003.1986606752,0.0
270752.98087122134,0.0
297183.1458112554,0.0
351690.60010277416,0.0
432727.39386108343,0.0
522442.70671613776,0.0
595248.7307726159,0.0
637103.3557051546,0.0
652690.7686888177,0.0
651141.8129357316,0.0
637924.0426172835,0.0
628527.6202479843,0.0
637075.3514514634,0.0
647058.0235367478,0.0
643373.5715241808,0.0
635108.2536221476,0.0
621795.7854508965,0.0
586074.78906826,0.0
522008.6264135054,0.0
439726.59250310005,0.0
360917.678343835,0.0
305085.61806348566,0.0
274103.5724307396,0.0
258829.69118385846,0.0
253796.44359824967,0.0
261615.079779923,0.0
290226.0715915687,0.0
348840.78232377267,0.0
434524.2364973417,0.0
525355.8020092947,0.0
596238.277136049,0.0
637092.9765860023,0.0
652606.195235342,0.0
649643.3724588054,0.0
639232.8743994517,0.0
633519.1830305222,0.0
625061.9535673731,0.0
607936.5376982356,0.0
593183.8617785441,0.0
576419.371705867,0.0
549559.0732603557,0.0
516445.06083810504,0.0
472650.32218159566,0.0
413192.6073283643,0.0
350013.5889141398,0.0
300535.09839472413,0.0
270649.2119114667,0.0
255814.77375476682,0.0
250124.12139855846,0.0
251049.7277614288,0.0
262481.66773348185,0.0
295879.320218123,0.0
355754.1662343707,0.0
424248.8428083821,0.0
477512.22694054275,0.0
507424.2058766719,0.0
520536.81759923254,0.0
526372.329790543,0.0
530807.7687698137,0.0
536442.2932341977,0.0
543618.2250828124,0.0
547613.6418345385,0.0
541687.3595664646,0.0
526907.6058618098,0.0
509208.1739197391,0.0
487356.6374679843,0.0
454402.5128510842,0.0
408602.56723349146,0.0
356785.21839397855,0.0
309976.5928742621,0.0
276778.1050422837,0.0
258218.6778438146,0.0
250212.51849982998,0.0
249950.49441400295,0.0
259723.5622319014,0.0
286664.5919896823,0.0
335256.60998084926,0.0
397569.2897242608,0.0
456635.700625863,0.0
500119.98268606246,0.0
525748.952596492,0.0
537435.075317515,0.0
542473.7823304064,0.0
548526.1612412219,0.0
558911.5341175615,0.0
569942.3758611573,0.0
575164.0691207653,0.0
574204.0072414397,0.0
567627.1432664572,0.0
544610.419671656,0.0
493569.3246999696,0.0
421439.85790282773,0.0
351111.03053552663,0.0
301029.0128259497,0.0
273119.1828256662,0.0
260094.98501698655,0.0
256321.73378569042,0.0
262565.4432324502,0.0
287313.357441755,0.0
341406.93295582954,0.0
423423.8956866834,0.0
513535.2444900042,0.0
587991.9253048439,0.0
635547.123238387,0.0
659994.966306233,0.0
670957.8418039278,0.0
676298.1862024259,0.0
679810.2964177666,0.0
680731.1949917134,0.0
676776.3515138167,0.0
667870.2538245356,0.0
656972.3931251753,0.0
644307.751009152,0.0
615393.9018895684,0.0
552529.3163469536,0.0
461795.1981485625,0.0
373701.94966955634,0.0
313395.9239228131,0.0
282218.37154549785,0.0
269092.8412479505,0.0
266018.57162190543,0.0
273530.6713023304,0.0
300899.4183748254,0.0
358786.383134886,0.0
443524.68513089523,0.0
532165.2108502953,0.0
600153.5397781378,0.0
639658.2522244428,0.0
658020.0517750435,0.0
664732.0905234761,0.0
666038.426436916,0.0
663473.6673470576,0.0
654863.2917273571,0.0
648249.627177716,0.0
652516.370062484,0.0
656207.3177240831,0.0
648236.7084922781,0.0
619330.5809014649,0.0
557611.6624719542,0.0
470138.5014780644,0.0
385571.71869751165,0.0
327491.1797554162,0.0
297430.54696214275,0.0
285032.4923708991,0.0
282582.11928707216,0.0
290849.3557094178,0.0
319345.93998305703,0.0
378400.8577949215,0.0
463756.38594422216,0.0
552795.0338925512,0.0
621650.8941085899,0.0
661231.7440811052,0.0
677808.9657416523,0.0
682777.8639060565,0.0
684628.4796117002,0.0
687826.4766190364,0.0
691848.6276082832,0.0
687937.919990506,0.0
670411.3376942276,0.0
649803.2184045834,0.0
632829.3157608412,0.0
604705.0081903882,0.0
546575.9922329889,0.0
461776.3479621847,0.0
377991.84814680676,0.0
319855.2174479183,0.0
289702.00350154476,0.0
277392.01712651877,0.0
275098.74708515394,0.0
283316.75919167366,0.0
311457.1975855237,0.0
370094.882675603,0.0
455153.6280565164,0.0
543707.2504002857,0.0
611059.5582420367,0.0
647457.7690231542,0.0
659815.230860834,0.0
661880.9957339118,0.0
663623.3616596418,0.0
668247.3970439682,0.0
673706.7153203,0.0
670797.1366313592,0.0
655216.8889497574,0.0
638015.838859873,0.0
624436.384045659,0.0
598808.1685726162,0.0
542823.3332242997,0.0
460732.17645433126,0.0
379483.7529453827,0.0
322781.3125002515,0.0
293242.3486919671,0.0
281005.37522976624,0.0
278422.8865151707,0.0
286449.84965146857,0.0
315055.6204192954,0.0
374764.0706198001,0.0
460673.81933868834,0.0
549512.8116306645,0.0
617220.9615535322,0.0
654202.224710123,0.0
665910.014349724,0.0
665244.3308508768,0.0
664011.0963023012,0.0
664812.9705062992,0.0
662347.2199225299,0.0
651804.7664388749,0.0
632109.194595766,0.0
607538.9980057742,0.0
582804.1650318566,0.0
550287.5328167785,0.0
496442.9157133472,0.0
423763.6906368596,0.0
353780.9505854911,0.0
304413.91520163894,0.0
276952.23272177984,0.0
264128.8167238213,0.0
259985.1287312953,0.0
263099.166195544,0.0
278092.177187643,0.0
313744.8057319837,0.0
371471.69515373383,0.0
434144.242547343,0.0
478310.51427533367,0.0
500272.52431252704,0.0
511860.0979376322,0.0
518062.1341937062,0.0
520792.8590098093,0.0
524983.8835136387,0.0
533586.7696264321,0.0
542383.0276306475,0.0
542346.0920316286,0.0
531927.3940591234,0.0
516368.97742366063,0.0
493863.74532647466,0.0
455637.5681913902,0.0
399274.9450931283,0.0
337861.147366121,0.0
290482.3964347881,0.0
263534.00623200036,0.0
251149.6498528892,0.0
246683.63828705138,0.0
248003.2801793268,0.0
258823.7387540668,0.0
287425.33175234066,0.0
337318.8447596086,0.0
397192.51169626677,0.0
448056.3751894557,0.0
480214.92294089694,0.0
496829.1645544856,0.0
505494.25075891934,0.0
513014.66967821016,0.0
523821.54452042823,0.0
538140.3099042472,0.0
551251.1630404193,0.0
559448.1687539262,0.0
561621.9300328713,0.0
553816.0389116085,0.0
529171.288369008,0.0
479049.9361969524,0.0
409166.7030421873,0.0
342457.5490571118,0.0
296622.6715859174,0.0
272337.9433080627,0.0
262008.9585615679,0.0
260248.7884510621,0.0
268218.659988893,0.0
295011.7791930748,0.0
352013.8492834798,0.0
438100.16399184224,0.0
532856.7364925697,0.0
609889.4235108874,0.0
655329.8477650458,0.0
674009.5668515961,0.0
679415.1391077699,0.0
683042.2650546893,0.0
689955.0593056013,0.0
698708.1830070503,0.0
700313.4998635427,0.0
688322.3913656403,0.0
671531.8761105209,0.0
655825.7321739228,0.0
624849.3741424492,0.0
560210.483890169,0.0
469803.7478820775,0.0
383507.11785163963,0.0
324646.34525689227,0.0
294191.38557425555,0.0
281646.3218147406,0.0
279438.08018052025,0.0
287570.1302207861,0.0
313630.59901461855,0.0
367297.61887327005,0.0
450100.17363971565,0.0
544656.6175470424,0.0
620200.8514305343,0.0
661261.0777258835,1.0
674190.4329883287,0.0
667109.3941429224,0.0
633617.7733642824,0.0
575195.0317991175,0.0
552704.6815915925,0.0
602838.1872168477,0.0
652943.2320104552,0.0
660468.4823463811,0.0
648243.9648640675,0.0
619334.7671722304,0.0
558714.1799642628,0.0
471533.0849539889,0.0
386141.28689568315,0.0
325957.4511928012,0.0
293265.42116062343,0.0
279579.8848314083,0.0
277775.5689862003,0.0
287447.82084231015,0.0
316960.70977529854,0.0
376544.4173756196,0.0
462146.6901039386,0.0
550860.296056918,0.0
618255.7685579959,0.0
654530.9413157093,0.0
665887.2863030817,0.0
666437.7239152322,0.0
668617.8470875572,0.0
676865.7855124616,0.0
687198.7219301385,0.0
688646.9154624646,0.0
674976.65056341,0.0
655778.8670209999,0.0
638727.0962859018,0.0
611160.7081993553,0.0
554221.911062443,0.0
470355.319418346,0.0
387196.42544237117,0.0
329446.8504706058,0.0
299309.2674271066,0.0
286086.8946739153,0.0
280651.06605527335,0.0
283911.1518345108,0.0
308147.9760242962,0.0
363906.92419038276,0.0
443831.98341397813,0.0
526629.6273979378,0.0
594438.0010729516,0.0
639332.8634345041,0.0
669100.8308103187,0.0
705060.2100389544,0.0
758736.443756515,0.0
799322.7336577727,0.0
773628.1166232864,0.0
694213.1550352802,0.0
626315.941432353,0.0
591483.5732544953,0.0
570424.2706542185,0.0
539857.4992384947,0.0
483692.0059815911,0.0
406867.4631337774,0.0
333230.922486291,0.0
282212.4879395545,0.0
255335.63248222438,0.0
243871.93919461724,0.0
240298.37745076438,0.0
245355.3079714997,0.0
269928.4604506962,0.0
325014.2111872638,0.0
405370.13134288415,0.0
488519.1337640663,0.0
552748.8383422659,0.0
589727.8803453624,0.0
604285.311401383,0.0
606908.1755107639,0.0
605986.3042842387,0.0
605743.8773270407,0.0
605461.7116180363,0.0
597483.6287071101,0.0
576580.6143582325,0.0
550809.2507887927,0.0
527697.9308054049,0.0
501016.0821021624,0.0
458403.2744178497,0.0
398727.82126797223,0.0
337561.7353048061,0.0
291784.9486623687,0.0
265769.81154617964,0.0
253917.88665242455,0.0
249050.5922629251,0.0
248429.48537971897,0.0
258663.27867002212,0.0
293161.2712732562,0.0
353878.4485166425,0.0
420082.20110098185,0.0
466793.83575658465,0.0
487085.430200678,0.0
491783.6653010396,0.0
489561.48824630864,0.0
480587.11326435016,0.0
478414.73575447896,0.0
497819.07666257524,0.0
520773.3320970952,0.0
526521.6532284432,0.0
517635.7068908431,0.0
503134.5485123922,0.0
482751.39669935027,0.0
450208.6887975075,0.0
405432.6172777072,0.0
357173.71808655775,0.0
314747.61480491963,0.0
283908.09131524106,0.0
266144.4232285697,0.0
258371.70996595162,0.0
257959.8682199844,0.0
267847.36384229106,0.0
295328.74893760437,0.0
342944.01820633834,0.0
399111.2663983717,0.0
445857.2689344315,0.0
474770.4291822678,0.0
489147.1961949456,0.0
495944.29004244105,0.0
501550.2207127583,0.0
510929.2803462394,0.0
526492.9921629804,0.0
544985.2607495087,0.0
558796.1661627983,0.0
564634.102910716,0.0
561014.3340536706,0.0
538212.4902304878,0.0
486962.28558956966,0.0
416062.92056323844,0.0
348575.30016595876,0.0
301475.14706352213,0.0
276059.8961587468,0.0
265169.8569176618,0.0
263032.64608140115,0.0
270432.0528977232,0.0
296589.7377889901,0.0
352576.58502704493,0.0
435576.6118802467,0.0
523969.19473067013,0.0
593653.6042700629,0.0
635292.6404808881,0.0
655237.8844522778,0.0
663654.3952894147,0.0
667729.1414702181,0.0
672810.2614470749,0.0
680152.5124882917,0.0
682804.6658439664,0.0
674506.2264739554,0.0
660843.629956376,0.0
645022.7038726311,0.0
612417.9029981209,0.0
546463.5911444096,0.0
454397.6341206272,0.0
367559.10671085725,0.0
312097.6572184747,0.0
286079.19822458405,0.0
275792.99169939815,0.0
274166.0315980755,0.0
282335.4957520624,0.0
307324.39129979967,0.0
349547.4515474161,0.0
390452.9170248908,0.0
418390.18593032134,0.0
450475.97204796656,0.0
494163.9092736562,0.0
526963.5479499643,0.0
541824.4519086812,0.0
566038.1078678152,0.0
604033.4368044557,0.0
636366.2930537066,0.0
650650.9886417213,0.0
643182.90551087,0.0
624605.7704237829,0.0
606087.6615391091,0.0
577043.085731368,0.0
519007.73427747854,0.0
435364.9337554124,0.0
353458.4862405312,0.0
296709.5212814785,0.0
266814.42697741196,0.0
253793.13570881335,0.0
250450.36596506022,0.0
258178.036344072,0.0
287169.0971140575,0.0
348093.14731095766,0.0
435388.6738979345,0.0
524308.0067302824,0.0
590998.2749150108,0.0
628345.9185618204,0.0
643758.955849313,0.0
648493.4947633464,0.0
651079.1122523999,0.0
656183.9591348271,0.0
663310.7433007384,0.0
663941.5649095669,0.0
651027.948442985,0.0
632244.2928569344,0.0
614763.9993339139,0.0
586365.1060832872,0.0
529167.9919391881,0.0
445652.60381203477,0.0
361841.98763203475,0.0
302391.0667869981,0.0
270873.69030785054,0.0
257321.38032381333,0.0
253657.9717736433,0.0
260948.63712827477,0.0
290052.61665882467,0.0
351691.66843843565,0.0
438758.71190775844,0.0
525639.5071504758,0.0
589133.7919170937,0.0
623050.9430430302,0.0
636303.9675862858,0.0
640749.588470796,0.0
643196.2164816163,0.0
646928.2387168163,0.0
651778.1447321019,0.0
650226.6816693308,0.0
635619.0395642355,0.0
615411.9307759228,0.0
597172.4251038522,0.0
569078.5590863168,0.0
513058.15263441484,0.0
431639.1575059347,0.0
348447.1601113145,0.0
284265.3540496047,0.0
248921.67548611242,0.0
241217.9332646116,0.0
246266.82054650292,0.0
257314.3315661272,0.0
285501.4264683281,0.0
343637.42888691893,0.0
426756.5225094265,0.0
509882.8187570933,0.0
569351.811746517,0.0
599660.1224542824,0.0
610166.4566451235,0.0
611788.7257864254,0.0
610864.5765246445,0.0
610311.4035502148,0.0
610271.5176000623,0.0
604065.4262490616,0.0
584615.7915060567,0.0
558458.7882756067,0.0
533987.3853932489,0.0
504659.6371370233,0.0
458653.762108511,0.0
396326.2487421456,0.0
332306.97773378185,0.0
282146.86317281314,0.0
252438.75156234298,0.0
240407.72704355247,0.0
237702.85592185968,0.0
240752.4231680363,0.0
255735.4406532209,0.0
292143.1376525764,0.0
348980.30376907595,0.0
408381.07323809696,0.0
451491.1865779091,0.0
474401.06292568386,0.0
483721.6231559068,0.0
487109.05805798864,0.0
488773.30495980283,0.0
491064.2117495393,0.0
496438.55465266004,0.0
502198.3692640264,0.0
499765.0983961,0.0
486112.80761571,0.0
467311.77229169424,0.0
445837.05811699235,0.0
413142.59360241995,0.0
361751.5611483327,0.0
302460.4525379253,0.0
256729.62872404754,0.0
231082.8165221443,0.0
219259.45606886086,0.0
215847.36689282538,0.0
218393.56436378404,0.0
229518.9714928172,0.0
259182.75299291004,0.0
311969.83266046847,0.0
372767.55369407736,0.0
420862.49212015513,0.0
449084.94160575635,0.0
462404.53208872786,0.0
468359.2707050078,0.0
472758.14653689926,0.0
480091.750649803,0.0
493424.1547806985,0.0
510523.664933077,0.0
524383.7481419189,0.0
531846.2421535087,0.0
530029.582803538,0.0
507181.3495634202,0.0
455230.8246648054,0.0
385099.4127319184,0.0
318776.93473091535,0.0
271840.8497956037,0.0
246520.27793576443,0.0
236049.31131067532,0.0
233818.66927219278,0.0
240841.59385644752,0.0
267454.66173335514,0.0
324809.95031366474,0.0
408850.4225599208,0.0
496954.4243269885,0.0
565392.4235613245,0.0
606329.7229403359,0.0
626995.6171987217,0.0
636128.3668896483,0.0
639331.9971683043,0.0
640905.8365888454,0.0
642375.3095402576,0.0
640255.1279687486,0.0
629793.9391217304,0.0
613767.8400587689,0.0
595978.9839819743,0.0
564796.0700467696,0.0
501222.69395793637,0.0
410162.0449156643,0.0
325015.2707070556,0.0
269525.2581303507,0.0
241733.73198214424,0.0
230512.72075698833,0.0
229025.30987678224,0.0
239268.11956957914,0.0
271897.62330011383,0.0
337081.02378302155,0.0
426558.1816522092,0.0
512830.32759477966,0.0
573531.0607745297,0.0
605393.5766760306,0.0
617438.2185208736,0.0
619454.8730938772,0.0
618918.7591296638,0.0
622187.472339185,0.0
629746.5151805419,0.0
632046.2113945661,0.0
620053.792511809,0.0
597517.4605516205,0.0
570082.7997548074,0.0
531720.979207224,0.0
473082.40670554154,0.0
399206.89970001794,0.0
329645.00108304503,0.0
280897.53874789167,0.0
254685.99963775827,0.0
243427.55282375164,0.0
241017.86338237397,0.0
248556.85296454086,0.0
276309.81693603355,0.0
335542.8082140483,0.0
419203.2460385078,0.0
500455.00041589263,0.0
557702.6934094363,0.0
587810.1515486169,0.0
599378.3850503742,0.0
603259.1254561499,0.0
606226.6305255621,0.0
611802.3628112477,0.0
615474.793970114,0.0
603958.7121747574,0.0
584082.5110343023,0.0
577456.8054083695,0.0
574717.9475401883,0.0
552671.0299144993,0.0
498961.1899544989,0.0
419713.38894989574,0.0
341357.8844998219,0.0
286588.25187314296,0.0
257871.8880611867,0.0
246137.34547613552,0.0
243778.15974286143,0.0
252099.00510328906,0.0
281464.5453018822,0.0
341398.5425634734,0.0
424169.38220153097,0.0
504257.74147997383,0.0
560712.0205340036,0.0
590845.7594961333,0.0
604545.9237338707,0.0
611338.2178715199,0.0
615147.9639303886,0.0
616084.940717708,0.0
614915.4913162126,0.0
609660.9981597606,0.0
596951.3302265409,0.0
582964.0146891291,0.0
570737.2690845091,0.0
548742.8307560675,0.0
500395.4383797121,0.0
426282.3056753882,0.0
350079.5176639998,0.0
293725.88223844435,0.0
262695.7982199825,0.0
250378.20990200297,0.0
246204.66599626275,0.0
249856.46730264995,0.0
273581.8941857016,0.0
329240.22256660566,0.0
411985.2276528308,0.0
496887.899766317,0.0
557132.9109522057,0.0
583326.5945751698,0.0
588907.7407559919,0.0
592141.125176817,0.0
598220.5462478013,0.0
604443.8826088612,0.0
607046.4644732713,0.0
596257.6506221568,0.0
563592.9424149782,0.0
528912.4086871858,0.0
514837.2219444806,0.0
501175.6424539427,0.0
461994.2350340128,1.0
399022.4280768838,1.0
329888.44189971423,0.0
266774.7611389508,0.0
200570.14095109847,0.0
136485.94689081938,0.0
123688.01863648344,0.0
174806.47956656615,0.0
239122.10278088466,0.0
297111.84315395035,0.0
361692.23537665996,0.0
425923.08709597855,0.0
472520.27507371944,0.0
496687.77995527594,0.0
504937.4929992105,0.0
506067.06696996756,0.0
506010.35166132357,0.0
507216.9547742626,0.0
511701.6281491605,0.0
516787.62471356586,0.0
514077.1464087855,0.0
501527.5167645549,0.0
483776.02855134965,0.0
460695.4388846612,0.0
426281.2307123927,0.0
377073.612472704,0.0
321163.07285530504,0.0
273816.6742526366,0.0
244109.0496042469,0.0
230490.02865898155,0.0
226398.53562397265,0.0
228239.2327353222,0.0
240710.884027532,0.0
273060.5628599058,0.0
325726.5386712153,0.0
381005.67632892,0.0
417586.82952045306,0.0
438117.2711739418,0.0
457599.92911145894,0.0
474073.7193288243,0.0
483729.29702519166,0.0
491985.77880909777,0.0
503478.48586584756,0.0
516440.6986186893,0.0
526460.88707786,0.0
532965.4076644445,0.0
532870.8671258683,0.0
512856.1694468079,0.0
462787.99244759156,0.0
392216.1322466683,0.0
324725.0887163172,0.0
278133.8873769204,0.0
253924.10557731974,0.0
244213.04656518405,0.0
242704.5975548858,0.0
250462.98086829117,0.0
277020.5533450487,0.0
332806.86441996985,0.0
415073.73235553346,0.0
503491.53071552183,0.0
573489.8396630172,0.0
614618.1088071223,0.0
634275.4161716679,0.0
643781.102037574,0.0
650895.3603561721,0.0
660028.2099500368,0.0
669452.7172852375,0.0
671023.5052911948,0.0
657957.4124152163,0.0
637512.6067977706,0.0
616988.8860354341,0.0
584328.2113030059,0.0
522812.19221306883,0.0
437429.9188461544,0.0
355158.50346574164,0.0
297062.9924828213,0.0
264207.61983648635,0.0
249417.96320612117,0.0
246959.40798542634,0.0
256994.29522666652,0.0
288097.6445186376,0.0
350109.1170097556,0.0
436480.8021650855,0.0
521815.04226712475,0.0
583772.4163455238,0.0
617880.1106574622,0.0
633693.8757275896,0.0
641895.5423955093,0.0
646646.9434239736,0.0
648388.1563945814,0.0
648205.3224718678,0.0
643748.1358839252,0.0
630534.5938822293,0.0
612175.8040578793,0.0
591540.9545782115,0.0
559221.5706835721,0.0
502195.29324390914,0.0
423401.68754130584,0.0
345798.6727508965,0.0
291879.64891819685,0.0
265240.19556844584,0.0
255884.4605176393,0.0
255457.30657517933,0.0
264546.507282875,0.0
294055.24919161777,0.0
355730.8526969108,0.0
441631.65481930994,0.0
524053.20242414734,0.0
581571.4338221892,0.0
611720.023235446,0.0
623882.4591412973,0.0
628069.2891108431,0.0
629812.5311120043,0.0
632145.8437165697,0.0
635255.8115596417,0.0
632967.9848435415,0.0
622873.1306091296,0.0
611305.1792191935,0.0
596696.6781266727,0.0
564836.9915397381,0.0
501847.16854449466,0.0
415180.1621350081,0.0
334734.62796420103,0.0
282276.65064335783,0.0
256416.46700924137,0.0
245933.93737479515,0.0
243670.34552991172,0.0
251952.7174080112,0.0
282419.427932057,0.0
345722.5740933389,0.0
432815.1136453609,0.0
515639.19167724164,0.0
573639.8339194455,0.0
605670.5866289561,0.0
620417.2646383566,0.0
626567.4047568081,0.0
630415.4837554669,0.0
635653.0943914603,0.0
641675.0888105159,0.0
641725.9893665373,0.0
630418.2502031501,0.0
614298.9617040046,0.0
597807.5829779006,0.0
568757.3491940943,0.0
512133.057063065,0.0
432305.1546097275,0.0
354202.7690643979,0.0
299604.3461057851,0.0
270852.0688921331,0.0
259279.4074969019,0.0
258318.66880149234,0.0
268529.3714133895,0.0
298540.298985958,0.0
357815.16535660264,0.0
440304.37691064895,0.0
521967.9963378472,0.0
580082.9740693126,0.0
609122.6357222387,0.0
618848.6607299726,0.0
620716.4041238289,0.0
621480.6063954252,0.0
624208.6302245351,0.0
626247.6837260692,0.0
616769.0090654736,0.0
587147.6011902841,0.0
546233.5899763659,0.0
505700.336148612,0.0
463218.98898377974,0.0
415011.08388984867,0.0
362014.97415685595,0.0
309958.36054341204,0.0
268333.3436226067,0.0
241398.86613072013,0.0
227423.37016464872,0.0
222954.47752352562,0.0
226418.23702872774,0.0
241539.90304339677,0.0
274392.422433333,0.0
322307.9639738655,0.0
371325.4677741805,0.0
410685.9410986142,0.0
438894.5712126119,0.0
454628.70060043863,0.0
459093.73062558303,0.0
460425.92273524916,0.0
463945.29809378996,0.0
470629.5095390515,0.0
476376.08197999693,0.0
474384.2152939721,0.0
463474.72443324915,0.0
445241.22383832105,0.0
418675.63839999156,0.0
384517.44293679134,0.0
346147.41447047464,0.0
310361.36666986323,0.0
283247.7871827247,0.0
265251.855559374,0.0
255204.1287888128,0.0
252319.20525599402,0.0
257054.07970372622,0.0
273639.4035801549,0.0
309797.83934663545,0.0
364210.7301539093,0.0
419071.59830817697,0.0
456739.9459803026,0.0
474833.26408119727,0.0
480871.7797453626,0.0
482437.38604823104,0.0
485531.14297583443,0.0
494378.97943650885,0.0
510056.14071114885,0.0
529354.8710782509,0.0
545023.2003641141,0.0
553993.0336500567,0.0
555112.784638921,0.0
537084.5811163315,0.0
488192.9936202351,0.0
416681.24799104023,0.0
347511.4105823352,0.0
299648.3426904704,0.0
274523.7423752714,0.0
264219.3959741865,0.0
262637.24518610165,0.0
271200.0338173514,0.0
300042.78570687555,0.0
359755.8260380173,0.0
445198.1153662268,0.0
533551.5826921639,0.0
602181.5925342954,0.0
643178.3837637698,0.0
663568.1990371504,0.0
673646.2761068994,0.0
679181.7155117027,0.0
683939.9956673182,0.0
689241.0237921161,0.0
689043.2165621576,0.0
676597.6354779933,0.0
655171.9409895485,0.0
626016.5014275927,0.0
581104.1311101594,0.0
514580.570226677,0.0
430946.86326650117,0.0
351189.2297093869,0.0
296319.25368451996,0.0
268177.3751541413,0.0
257022.76448385514,0.0
255791.58107382242,0.0
266348.1043976029,0.0
299810.1433236205,0.0
366192.4261330011,0.0
456536.78188876197,0.0
543590.8261664842,0.0
605145.3413998571,0.0
638416.7122702973,0.0
654140.9864165585,0.0
662723.0051523222,0.0
668826.6716399486,0.0
675381.2070557079,0.0
682994.6029584575,0.0
685089.1868018758,0.0
675560.7333452208,0.0
660678.5590204963,0.0
644456.6165985775,0.0
612798.2241712675,0.0
549669.7588963577,0.0
461915.77704771986,0.0
377875.76744761347,0.0
320411.87994586333,0.0
290835.3099816959,0.0
279002.4821810143,0.0
277660.14325106976,0.0
288397.2633607552,0.0
321521.02429544553,0.0
385219.85734320065,0.0
466318.1471234102,0.0
533200.4897144155,0.0
571685.7272328568,0.0
593690.9659280584,0.0
609475.5899472884,0.0
623343.2070930735,0.0
636950.8842917337,0.0
649979.0166655034,0.0
661807.1257335215,0.0
666624.7189142568,0.0
658861.5498991918,0.0
644707.4314723526,0.0
629281.9464604933,0.0
600430.3599378185,1.0
542040.4524273574,1.0
458687.3387566142,1.0
374328.1288369678,1.0
299796.5982219519,1.0
227305.54039757763,1.0
183803.04224530133,0.0
196980.574615251,0.0
222322.7176640395,0.0
243223.24615375642,0.0
301018.5807251771,0.0
398379.3550655573,0.0
487138.2254704568,0.0
535679.0820499688,0.0
551757.1188670904,0.0
552744.3433306885,0.0
549686.8602725932,0.0
547302.6147065045,0.0
547237.2257024065,0.0
548370.672237956,0.0
544636.8117029634,0.0
531316.0766303189,0.0
513731.66841267707,0.0
494985.0519555785,0.0
466052.5208912944,0.0
423229.7533372963,0.0
373195.00939441554,0.0
321214.92806180194,0.0
276224.1451237884,0.0
248042.28238954628,0.0
236425.06533148792,0.0
235389.73640182934,0.0
245604.11014407736,0.0
279474.9791867321,0.0
347791.27937173605,0.0
438723.09356376063,0.0
519274.71534317447,0.0
562365.3095867459,0.0
568277.0630501318,0.0
557251.4709327864,0.0
544762.8366763698,0.0
537718.3678080393,0.0
538746.851432878,0.0
540596.5253915292,0.0
532516.4281451614,0.0
512905.05704223696,0.0
490461.64990110043,0.0
472320.17206027306,0.0
453695.5193081667,0.0
423328.8238860583,0.0
377105.1122037794,0.0
325218.05149323307,0.0
283122.3733465764,0.0
257446.74410933242,0.0
244991.5256913758,0.0
240763.32970855894,0.0
244457.28943127888,0.0
263668.47566190484,0.0
307947.1080511848,0.0
373530.4237826224,0.0
440197.73215713527,0.0
488120.8505988064,0.0
511442.30434265715,0.0
515825.8726679022,0.0
512646.8988523536,0.0
512903.6476891252,0.0
517945.94851381285,0.0
522132.7032081986,0.0
520629.21298947086,0.0
511693.39211284486,0.0
497150.61699988565,0.0
480766.64633429114,0.0
461137.311211276,0.0
429488.7382813859,0.0
382098.99142957444,0.0
329769.4765028127,0.0
287633.03383848234,0.0
261680.8359337879,0.0
248709.75240940432,0.0
243911.7811835933,0.0
246370.13136379377,0.0
261420.7147787407,0.0
296816.6615950832,0.0
351656.4606082516,0.0
411701.3065152757,0.0
460612.80298035225,0.0
491068.7936206621,0.0
505014.64448282175,0.0
509961.38372242195,0.0
513755.51392577385,0.0
520196.03635771514,0.0
528232.0322620624,0.0
531773.0746933572,0.0
525511.5557085815,0.0
512224.82711105596,0.0
495771.1353959454,0.0
470951.71787011327,0.0
429706.36331729055,0.0
373514.10578017373,0.0
316643.28725867224,0.0
274730.415525767,0.0
251619.26145401347,0.0
241907.09488456207,0.0
240834.80493864193,0.0
250699.74437033082,0.0
282861.0660877594,0.0
347983.3336909566,0.0
436835.672688885,0.0
518735.5881278145,0.0
565066.4491984552,0.0
572225.8469530627,0.0
560708.8978795081,0.0
549873.8172886325,0.0
545648.6457075654,0.0
546590.7947689795,0.0
548778.9599977884,0.0
545844.4099750601,0.0
533356.7573041167,0.0
516066.1340715465,0.0
499809.19236140745,0.0
477661.90121813864,0.0
437363.0483604391,0.0
