2975.5004721898144,0.0
2861.0928228531297,0.0
2816.851295588759,0.0
2621.9662337642626,0.0
1966.990000883621,0.0
1038.703812268764,0.0
441.6223124371702,0.0
316.6421487382195,0.0
351.0616914163762,0.0
353.6054427937918,0.0
351.05258260197667,0.0
416.2511424453901,0.0
551.5510298026435,0.0
718.5428232493637,0.0
848.9340088543513,0.0
876.6692170700604,0.0
850.1624181681159,0.0
866.0817160968122,0.0
937.0648391321697,0.0
1017.9118122094128,0.0
1087.3408862113831,0.0
1142.4655277077875,0.0
1184.497935608898,0.0
1218.391431798858,0.0
1251.0791878926602,0.0
1308.2429996491,0.0
1379.137862948186,0.0
1433.0779190690873,0.0
1463.793285141138,0.0
1481.0437715002868,0.0
1495.311732324738,0.0
1477.4968510900655,0.0
1417.185912889363,0.0
1376.4811958004384,0.0
1378.7300222833169,0.0
1375.6642797219138,0.0
1350.7644128617985,0.0
1330.2465711469647,0.0
1338.793742533092,0.0
1370.063627793643,0.0
1374.8352524707343,0.0
1324.508380552544,0.0
1256.5258296413676,0.0
1208.1391823841313,0.0
1172.2741007603618,0.0
1125.0360151628868,0.0
1025.1452787314824,0.0
883.1749803093066,0.0
749.181976189722,0.0
643.225560149221,0.0
571.9660759549116,0.0
553.527249804263,0.0
562.7418019079101,0.0
521.4028650608561,0.0
426.0498881985692,0.0
340.5230898113902,0.0
289.6256012913954,0.0
224.91134646157215,0.0
107.64855259567328,0.0
-0.8306592912099419,0.0
-74.89770985462812,0.0
-170.9646871728798,0.0
-320.44841549534556,0.0
-463.35541684093704,0.0
-523.4168712622837,0.0
-539.0057146717211,0.0
-592.3321368507476,0.0
-676.7596255945297,0.0
-750.3741580338285,0.0
-812.1683125726878,0.0
-874.1832192525688,0.0
-925.5192809742422,0.0
-947.6274654267335,0.0
-969.6237504635777,0.0
-1012.3317919586549,0.0
-1061.9753093180104,0.0
-1113.9488219866057,0.0
-1156.0601394446837,0.0
-1160.2473068266263,0.0
-1139.8274536323488,0.0
-1145.7188800711406,0.0
-1197.7388384602093,0.0
-1271.587786098549,0.0
-1335.1349957688892,0.0
-1347.00021481314,0.0
-1282.1908768463886,0.0
-1194.114263902341,0.0
-1164.0947680531285,0.0
-1184.637130224943,0.0
-1188.1875703045928,0.0
-1142.8897738228748,0.0
-1074.1201374336981,0.0
-1006.8307517299388,0.0
-936.134608662112,0.0
-880.6930176631203,0.0
-864.5116047382104,0.0
-868.9160507320706,0.0
-844.9341418865372,0.0
-776.135933458289,0.0
-682.8734528884362,0.0
-593.7199133729845,0.0
-498.2781233618635,0.0
-392.34073476260824,0.0
-302.3343080164694,0.0
-232.65367482765242,0.0
-193.34513062005175,0.0
-170.74170684227312,0.0
-118.76192065310232,0.0
-38.118867245593115,0.0
52.09847768527398,0.0
153.32079832256053,0.0
268.92963732994565,0.0
394.7912886393104,0.0
502.84270439874365,0.0
576.0717106891738,0.0
608.7307756037732,0.0
648.2574506329483,0.0
722.7429192703073,0.0
794.2826185399365,0.0
867.3843088313685,0.0
958.4608573986256,0.0
1044.883492034671,0.0
1135.6850446520916,0.0
1219.8263294094245,0.0
1274.3284299778586,0.0
1309.3657405389577,0.0
1328.3988313790012,0.0
1337.0982855356042,0.0
1375.4319080802686,0.0
1477.3963425826867,0.0
1605.6317647452956,0.0
1661.8365832725674,0.0
1627.677554322863,0.0
1599.13893053529,0.0
1639.2910215995878,0.0
1687.4621629128003,0.0
1686.5978257597892,0.0
1661.0057831460792,0.0
1634.3194617686434,0.0
1601.9732597734,0.0
1545.258919775268,0.0
1488.3406166769842,0.0
1459.667744295398,0.0
1453.925020019523,0.0
1468.1998094884486,0.0
1478.7515579594256,0.0
1438.9050059312542,0.0
1350.4394914844288,0.0
1255.4385721909136,0.0
1182.2137052274977,0.0
1127.5549170309519,0.0
1086.8531461645994,0.0
1060.4077763026621,0.0
1024.5309797706707,0.0
972.4155690162168,0.0
908.8907654412728,0.0
838.9001766530804,0.0
814.8197468486674,0.0
800.8983838125733,0.0
701.7366093172717,0.0
548.1890126122615,0.0
431.8083962970194,0.0
360.45655711950735,0.0
283.8618821747806,0.0
200.22241424532666,0.0
141.1270325102398,0.0
127.26110430138091,0.0
128.986741693255,0.0
66.8936446253984,0.0
-61.17738545818565,0.0
-197.84867913998355,0.0
-308.6416651442788,0.0
-397.45329491027957,0.0
-484.085914337117,0.0
-542.7162173766512,0.0
-588.3767660419952,0.0
-675.1690207844624,0.0
-770.990687514393,0.0
-839.0105341667229,0.0
-881.0572678618338,0.0
-921.2295900304234,0.0
-974.8097772177239,0.0
-1018.7092875740136,0.0
-1055.967073420013,0.0
-1081.5409669162132,0.0
-1080.9082990016934,0.0
-1070.1934230619972,0.0
-1044.053596689407,0.0
-1006.9310617449081,0.0
-999.3932984165446,0.0
-1021.3056194735864,0.0
-1042.5431990785344,0.0
-1039.3231617109188,0.0
-993.7648148765197,0.0
-934.6063083403507,0.0
-890.7211583411681,0.0
-837.8148900713627,0.0
-787.2746099919328,0.0
-752.9707804161999,0.0
-699.9136176091419,0.0
-664.1555843590007,0.0
-668.6136251886464,0.0
-654.0366978829745,0.0
-613.5124504779294,0.0
-570.7817966747516,0.0
-506.73317155922336,0.0
-387.3533976641654,0.0
-236.76749438727,0.0
-112.20856946909348,0.0
-17.812046592601778,0.0
50.75216487348587,0.0
99.30324152053203,0.0
154.3507357609552,0.0
216.95679809881668,0.0
297.28766091717597,0.0
387.30566611486734,0.0
448.87172996713474,0.0
514.5898940493017,0.0
640.7759691567271,0.0
779.3523107306386,0.0
844.0461435587684,0.0
870.4198790697965,0.0
939.7366587906508,0.0
1023.1801773468021,0.0
1098.9368911236938,0.0
1188.0918354277612,0.0
1264.5538197718759,0.0
1334.6889085571631,0.0
1412.8012195251217,0.0
1461.4377684230449,0.0
1468.6146737572178,0.0
1494.039927660037,0.0
1573.1001540541633,0.0
1683.851435563887,0.0
1743.1484704796467,0.0
1730.8117283216252,0.0
1743.8784098183994,0.0
1804.769265632245,0.0
1847.7623133843867,0.0
1861.704428830908,0.0
1895.5189112331268,0.0
1914.4054545837039,0.0
1871.754956546951,0.0
1825.5784317127845,0.0
1819.3652258720122,0.0
1823.107995028604,0.0
1823.7049359560508,0.0
1802.4965752993674,0.0
1704.2931130359789,0.0
1598.56752211808,0.0
1597.1189338703584,0.0
1628.4846564151846,0.0
1594.0180244285204,0.0
1527.8110209846877,0.0
1458.636681964642,0.0
1405.8992803663477,0.0
1402.5390954458783,0.0
1418.9258746187347,0.0
1398.3827015286756,0.0
1310.0228723535745,0.0
1185.8532194307313,0.0
1076.8166197967012,0.0
980.3122928659664,0.0
888.2343764758112,0.0
821.474706935497,0.0
761.74028585447,0.0
679.5533581852713,0.0
608.76720344365,0.0
580.9419860549489,0.0
540.5423842962394,0.0
416.1492133942231,0.0
223.50813659133144,0.0
63.72097728237268,0.0
-17.72621578826545,0.0
-32.448833911304234,0.0
-26.043050280045275,0.0
-75.72405497282024,0.0
-201.36382843807297,0.0
-316.78787055974607,0.0
-360.3191238700155,0.0
-370.13398622180864,0.0
-396.13229977367655,0.0
-463.80078545112434,0.0
-572.9991374472213,0.0
-657.9163097153597,0.0
-689.3541902586151,0.0
-704.7114730969794,0.0
-705.1379556688154,0.0
-698.162997677019,0.0
-699.1374150111171,0.0
-732.374539469966,0.0
-814.3814713398134,0.0
-879.8896634544042,0.0
-876.6355068312407,0.0
-832.2229919329077,0.0
-789.958126540431,0.0
-800.8159869855652,0.0
-847.7693155934526,0.0
-841.8403413690828,0.0
-787.79544376516,0.0
-746.4471276108704,0.0
-716.4747693437192,0.0
-668.6155930848456,0.0
-616.969553711048,0.0
-567.7015163972839,0.0
-490.6169421730422,0.0
-388.78417220799975,0.0
-304.2426469107467,0.0
-271.78108456757315,0.0
-292.22356039714055,0.0
-293.4090662318745,0.0
-225.22130845420097,0.0
-131.75278694563764,0.0
-64.91365976984466,0.0
-26.65492578021651,0.0
17.09871330621204,0.0
100.56603615298822,0.0
227.38758801151715,0.0
381.10444714754334,0.0
528.2567353781341,0.0
634.8449436370629,0.0
700.0286138074905,0.0
745.0624618758288,0.0
775.2321935279582,0.0
829.2751880072191,0.0
921.225607462318,0.0
1002.083551847678,0.0
1079.75838546996,0.0
1205.942371688037,0.0
1368.2627371664073,0.0
1488.1173087596885,0.0
1520.7857644407566,0.0
1508.459589705561,0.0
1539.2197359974796,0.0
1646.0749277550474,0.0
1763.4735438588414,0.0
1828.3204545215722,0.0
1846.8483236035902,0.0
1851.4255398118287,0.0
1873.0109754830617,0.0
1920.1088958623163,0.0
1960.066572244128,0.0
1971.1520855874799,0.0
1959.5316916999936,0.0
1957.4047034620078,0.0
1997.954488823403,0.0
2050.933498243417,0.0
2068.329583683441,0.0
2066.643642403763,0.0
2080.438224161771,0.0
2091.373782849091,0.0
2065.094072835029,0.0
2014.8854149141207,0.0
1957.3202862177097,0.0
1915.0518308286298,0.0
1914.7420911997797,0.0
1908.3837590788391,0.0
1835.1571791607219,0.0
1744.1870754682836,0.0
1704.7235306489288,0.0
1684.4366652602407,0.0
1640.2656964472826,0.0
1568.2375201540924,0.0
1472.3429412945486,0.0
1394.519015819045,0.0
1356.2968528990568,0.0
1319.1768169417028,0.0
1262.8267604000916,0.0
1172.3432800469225,0.0
1033.3759468156627,0.0
890.1836901662344,0.0
782.2985860422141,0.0
702.2274153097075,0.0
651.4619118067163,0.0
589.6160044729402,0.0
494.2527271492638,0.0
412.39375751243216,0.0
354.13447748330435,0.0
316.8862092428677,0.0
289.60013192760465,0.0
233.62214102643605,0.0
122.92953121100378,0.0
-23.00121454428125,0.0
-138.5282872865202,0.0
-204.9785121982944,0.0
-263.2071112782284,0.0
-334.2810633562681,0.0
-390.98799605897574,0.0
-403.83093226198537,0.0
-382.15458396287727,0.0
-357.06512685247054,0.0
-340.72467401137243,0.0
-360.7603953483783,0.0
-411.41393811568963,0.0
-418.86492068441504,0.0
-418.6154211092637,0.0
-500.29541633016083,0.0
-621.8196715408899,0.0
-711.4178220570172,0.0
-766.2160366763815,0.0
-795.3736899588399,0.0
-772.4116890242326,0.0
-697.7681735928062,0.0
-628.4807613207439,0.0
-608.2640307235043,0.0
-618.0008957209765,0.0
-588.6671627659058,0.0
-491.6693754413656,0.0
-396.8183475249996,0.0
-370.97188532834474,0.0
-370.83269874311867,0.0
-295.51713147801223,0.0
-172.89863927872338,0.0
-81.10411957747017,0.0
-16.4695340700022,0.0
30.736519754886327,0.0
65.43893988282049,0.0
85.87835214993599,0.0
115.44816746530829,0.0
217.09508599995021,0.0
372.4338487764506,0.0
503.9966256075319,0.0
586.1367442109221,0.0
651.9210559609106,0.0
711.3620623559808,0.0
745.4159967232152,0.0
787.9000482560706,0.0
876.2966154266949,0.0
985.4358331929922,0.0
1087.806403929834,0.0
1194.9064359594915,0.0
1311.989046553817,0.0
1383.2693118700697,0.0
1403.9297641969956,0.0
1441.8592404792175,0.0
1486.9723097389174,0.0
1521.1812484973336,0.0
1581.7880328439014,0.0
1684.0242329296095,0.0
1784.2600865085183,0.0
1870.9653804024013,0.0
1934.0987902026386,0.0
1932.2362518736336,0.0
1952.1993658365072,0.0
2088.796489103717,0.0
2255.512370316112,0.0
2336.003214531852,0.0
2336.6521994317645,0.0
2304.4634952578335,0.0
2249.750194234781,0.0
2169.5709975265377,0.0
2087.4356119989175,0.0
2044.690558562468,0.0
2048.036717093883,0.0
2078.419003956018,0.0
2129.3250412917714,0.0
2154.281619423217,0.0
2107.9914650855812,0.0
2037.3402471641996,0.0
1998.46999144457,0.0
1995.6868982395945,0.0
1994.8239240506557,0.0
1971.6186530270602,0.0
1968.4852235659032,0.0
1992.3446802410992,0.0
1985.8302276060522,0.0
1899.91546146603,0.0
1774.1173832127595,0.0
1684.6191103380916,0.0
1622.7249731373586,0.0
1576.2837525984878,0.0
1524.7317775748527,0.0
1442.3223541559312,0.0
1351.8753651241134,0.0
1265.506034227789,0.0
1196.635891519583,0.0
1133.3150793178588,0.0
1043.3207088648608,0.0
958.5502474816159,0.0
894.5875366463094,0.0
810.3894515032334,0.0
708.8690526776875,0.0
607.654641380637,0.0
475.8124142567883,0.0
329.473315131232,0.0
237.29967966502392,0.0
216.96786653007985,0.0
205.15803098864706,0.0
178.2570762083874,0.0
152.68843171074724,0.0
108.48844144256547,0.0
45.76003982226801,0.0
-37.80550374570889,0.0
-133.30285531565173,0.0
-189.71565333041605,0.0
-235.89027726799296,0.0
-303.9363829231303,0.0
-353.647759347871,0.0
-379.6853412307348,0.0
-401.42338693994435,0.0
-422.2234655080894,0.0
-444.8793374644779,0.0
-455.36116875416576,0.0
-455.7001348786025,0.0
-465.17204931505165,0.0
-450.69197977499346,0.0
-403.5905172334903,0.0
-392.9564116423675,0.0
-418.7498055692607,0.0
-396.62061429498647,0.0
-322.6973302124291,0.0
-226.03848749815077,0.0
-144.06676115284762,0.0
-140.8241576378007,0.0
-177.06000393248533,0.0
-149.65683421710673,0.0
-54.88761936270517,0.0
27.94488403562784,0.0
63.95850652751469,0.0
95.23160852561965,0.0
165.58081202716522,0.0
261.5081757957129,0.0
333.8286631313168,0.0
360.3508835930837,0.0
381.999120325459,0.0
427.8970480909679,0.0
510.77523977895606,0.0
621.540211297507,0.0
734.7507340050133,0.0
860.2042997858798,0.0
990.8662352568474,0.0
1086.6878191651579,0.0
1137.2925149343912,0.0
1161.7006287271336,0.0
1208.352231655387,0.0
1307.4376242444,0.0
1430.5621254185976,0.0
1531.941435555437,0.0
1601.5118308175624,0.0
1627.5281784835393,0.0
1629.389702482351,0.0
1664.8375318271312,0.0
1760.6438792951983,0.0
1848.7466447122247,0.0
1904.4831204462778,0.0
1970.2474823326347,0.0
2033.3055983036365,0.0
2095.222899455813,0.0
2166.4052706558177,0.0
2222.601774698243,0.0
2281.468743775543,0.0
2342.556270103861,0.0
2390.3574891050303,0.0
2439.197264067302,0.0
2480.3311807592404,0.0
2479.324419075052,0.0
2431.643779592732,0.0
2403.0293984128466,0.0
2418.394432736621,0.0
2432.748766425362,0.0
2440.2199631847047,0.0
2450.4771536897033,0.0
2445.7448287279544,0.0
2429.304797604796,0.0
2419.591905498402,0.0
2410.131256928731,0.0
2390.3372745366323,0.0
2353.410474388749,0.0
2278.35009944539,0.0
2160.452238167201,0.0
2037.525299929508,0.0
1946.8715710309434,0.0
1891.4846525282053,0.0
1852.7778608233064,0.0
1809.5354197385625,0.0
1734.758591045495,0.0
1637.5442599361581,0.0
1553.423025752219,0.0
1478.4189097559265,0.0
1380.511070230169,0.0
1280.4342292093556,0.0
1226.867257744571,0.0
1189.5693068872963,0.0
1106.067056941932,0.0
1003.6203516118508,0.0
918.9390461152612,0.0
841.2514285570303,0.0
763.0875923866525,0.0
680.5112930825882,0.0
597.0204910375496,0.0
536.8868852715647,0.0
488.7964080779462,0.0
408.4918848422138,0.0
317.33622799566547,0.0
238.52249434087813,0.0
157.47060845927206,0.0
96.81376252525766,0.0
52.62764540179602,0.0
7.36239019599289,0.0
-31.015898306603777,0.0
-41.728562547892054,0.0
-17.22851188267263,0.0
-2.960388573779995,0.0
-37.198653732542326,0.0
-126.57309801443346,0.0
-203.1944338340302,0.0
-200.13908560726426,0.0
-160.03315477918602,0.0
-134.64847256507213,0.0
-136.7048386889239,0.0
-160.25450559494502,0.0
-185.41515483446733,0.0
-198.14469285853406,0.0
-227.15917508488613,0.0
-294.9400861794535,0.0
-320.14651482699435,0.0
-251.30577726487184,0.0
-161.9636746315783,0.0
-112.82103115468378,0.0
-69.60862125987651,0.0
-25.16689022925054,0.0
2.7255408210412524,0.0
64.13536816981885,0.0
179.9074285895153,0.0
282.7871470297439,0.0
347.8776272604366,0.0
395.8255059673607,0.0
455.53294833679206,0.0
535.5299339209737,0.0
592.909169715567,0.0
629.4763195822019,0.0
716.6065792084962,0.0
834.7261045705028,0.0
913.0309978072439,0.0
973.3120388929296,0.0
1067.0650732691372,0.0
1198.583866561609,0.0
1320.1946832535775,0.0
1419.1469155156337,0.0
1501.0125469903912,0.0
1560.898433977348,0.0
1643.9680041426632,0.0
1760.0529194538374,0.0
1869.4807876943366,0.0
1965.7874369182416,0.0
2040.2929487245488,0.0
2081.650864898177,0.0
2109.1946503334216,0.0
2148.179704006483,0.0
2213.43507085966,0.0
2295.5973602288027,0.0
2367.2674088563904,0.0
2402.4001908601313,0.0
2408.62573020253,0.0
2395.566783722637,0.0
2404.066989953665,0.0
2499.4652107855586,0.0
2625.900856523929,0.0
2672.6284211144225,1.0
2658.517307720658,1.0
2714.2949406041935,0.0
3152.043321963055,0.0
4371.8607320514875,0.0
5764.37033046795,0.0
5739.365554168953,0.0
4301.075522278836,0.0
3061.0242882577995,0.0
2628.4971567806388,0.0
2554.736852884173,0.0
2546.171825069814,0.0
2566.616552693751,0.0
2562.0478880766086,0.0
2512.2121052375123,0.0
2460.4323252351273,0.0
2391.7384552987332,0.0
2274.372905259423,0.0
2149.649826970772,0.0
2060.4829632615247,0.0
2008.6119105997145,0.0
1977.0735986664315,0.0
1932.3795917977018,0.0
1862.002804916573,0.0
1791.7187620602137,0.0
1726.8757663927397,0.0
1680.9250871631446,0.0
1649.1206582294517,0.0
1551.4821900740221,0.0
1398.0169790440434,0.0
1289.248094823807,0.0
1225.2308619595317,0.0
1148.659880349809,0.0
1065.0108988338325,0.0
1021.2788383784219,0.0
1003.3196175095875,0.0
952.3140808888518,0.0
855.3524363688363,0.0
740.4580581425793,0.0
641.2276357840112,0.0
586.566130239054,0.0
548.1066036336464,0.0
482.4203294409059,0.0
422.0458098746633,0.0
383.0193842024477,0.0
338.8558586575225,0.0
298.00518229864053,0.0
248.50833837435587,0.0
181.06627652674464,0.0
114.20210417950452,0.0
38.86100265867062,0.0
-44.83729671072331,0.0
-80.65522808854297,0.0
-61.11594261687815,0.0
-38.781270971325,0.0
-41.64502976829446,0.0
-54.90452980759078,0.0
-58.19986282854784,0.0
-71.43088118348699,0.0
-112.121444087777,0.0
-115.69216178112467,0.0
-31.367879202891185,0.0
71.63483470930635,0.0
117.9850494024727,0.0
131.3048718689187,0.0
170.22865824192655,0.0
216.1601608147477,0.0
236.61515745837625,0.0
267.90704826785657,0.0
314.5525106246472,0.0
358.26546331878785,0.0
420.6683777627333,0.0
496.19483435231587,0.0
557.5062665175715,0.0
596.9921589204438,0.0
623.4400133944094,0.0
695.8027865785825,0.0
824.0283907936949,0.0
933.392575938432,0.0
1014.5817958864213,0.0
1109.406723526892,0.0
1207.7603934103067,0.0
1289.6090829740328,0.0
1364.546452036734,0.0
1433.4018724703608,0.0
1516.7507550852165,0.0
1610.4460271572668,0.0
1676.6590124578572,0.0
1729.5646117816661,0.0
1825.4985939798619,0.0
1958.0790752257262,0.0
2079.962833543539,0.0
2154.545581001858,0.0
2202.311972498464,0.0
2282.144062845685,0.0
2385.69225921132,0.0
2468.092732703016,0.0
2524.917753165788,0.0
2570.0699533820434,0.0
2598.724591123714,0.0
2631.895136901497,0.0
2686.606297396864,0.0
2743.8295537342938,0.0
2790.8318631234565,0.0
2812.8199548119096,0.0
2806.62839906514,0.0
2813.4461996138643,0.0
2868.2063426549676,0.0
2953.5186510165786,0.0
3010.748159342843,0.0
3015.797409159332,0.0
2993.9136843128495,0.0
2931.3230582407905,0.0
2815.120737339577,0.0
2717.8538346474297,0.0
2696.0751100872844,0.0
2698.0584256735697,0.0
2654.2171860365584,0.0
2610.6522070576234,0.0
2617.2931231289426,0.0
2609.0963179928312,0.0
2557.9875201196455,0.0
2479.0498457248314,0.0
2399.2568973328407,0.0
2379.6611657972708,0.0
2410.657121858624,0.0
2400.516880231407,0.0
2303.6030779528282,0.0
2161.0376371527677,0.0
2052.652870831283,0.0
2010.0429654849884,0.0
1956.9957836148108,0.0
1865.9644679233024,0.0
1800.0136512943095,0.0
1761.2443726787633,0.0
1682.5197776658792,0.0
1571.796697490074,0.0
1503.294915733608,0.0
1450.1864318638056,0.0
1353.674572419316,0.0
1229.6693518087134,0.0
1122.1605615267765,0.0
1039.4276579252466,0.0
938.5697783410949,0.0
803.0997771284881,0.0
681.9498562498088,0.0
593.1739213045886,0.0
527.7850125457335,0.0
508.2841528258184,0.0
502.69268243468645,0.0
444.9923414256264,0.0
370.00620423157295,0.0
340.27277208149616,0.0
355.6988860981969,0.0
367.5726586827633,0.0
343.261160951727,0.0
301.859073642009,0.0
262.6892350739503,0.0
210.9330836998236,0.0
190.10246981673876,0.0
235.52892276125158,0.0
267.79661668509,0.0
223.5221198913597,0.0
141.96475820961672,0.0
92.9909534878151,0.0
81.7985619819401,0.0
79.9050672975484,0.0
119.43958103360049,0.0
200.0431093314669,0.0
256.30615453597767,0.0
291.6507110264916,0.0
345.3859819270881,0.0
392.1632606307467,0.0
416.6836562246706,0.0
478.6158384179088,0.0
572.3899595712616,0.0
637.9287616612429,0.0
685.0629188310955,0.0
761.4139995812596,0.0
874.1774053856319,0.0
977.1291737443221,0.0
1032.4459170089992,0.0
1082.0405997940252,0.0
1150.7698982868378,0.0
1229.246628248804,0.0
1333.1727048046307,0.0
1423.772437082286,0.0
1491.6941178758254,0.0
1600.7695779824332,0.0
1746.0961797406753,0.0
1883.218572651472,0.0
1992.294623567491,0.0
2045.5384102085213,0.0
2039.8917017441138,0.0
2041.1568412259355,0.0
2099.896880159454,0.0
2180.017067229999,0.0
2246.504953845751,0.0
2310.3023716470966,0.0
2369.3330681330694,0.0
2443.284064451188,0.0
2526.4424603798134,0.0
2583.0654387054274,0.0
2637.200537830995,0.0
2721.0692173903913,0.0
2793.1800414008762,0.0
2826.1807871513597,0.0
2882.229810799676,0.0
2990.465563332535,0.0
3090.426225432856,0.0
3129.2798906032176,0.0
3127.185874453715,0.0
3084.1147262225345,0.0
3040.723989556401,0.0
3054.7857943168333,0.0
3068.984645106272,0.0
3039.2146283855504,0.0
3031.8365817935482,0.0
3055.1030392522393,0.0
3026.431401518029,0.0
2983.5712887763766,0.0
2975.9155348216823,0.0
2947.4353115769823,0.0
2873.828501856905,0.0
2779.9719417515835,0.0
2721.0316602345542,0.0
2724.1203865996185,0.0
2727.948743937269,0.0
2685.551165791183,0.0
2623.749515518091,0.0
2563.5432636694513,0.0
2489.550789360157,0.0
2392.583969469923,0.0
2281.5671172532157,0.0
2161.9399646103957,0.0
2048.5428390007496,1.0
1971.1795282972594,1.0
1986.9841159229252,0.0
2355.6394597650997,0.0
3478.3926227574584,0.0
4797.323973299676,0.0
4774.466665140338,0.0
3375.409243492856,0.0
2111.0391152585253,0.0
1571.680842830931,0.0
1373.0865052413785,0.0
1250.6847424074958,0.0
1168.4646257101822,0.0
1118.8101133365053,0.0
1086.1549865549068,0.0
1060.092325391431,0.0
1002.415961561596,0.0
877.4824411627642,0.0
734.4138002107557,0.0
656.9891096044413,0.0
682.0378149334659,0.0
732.7368960923891,0.0
710.192081424024,0.0
637.9279927179024,0.0
564.4162528693286,0.0
506.8341779891973,0.0
483.2692164248653,0.0
496.31481336765745,0.0
504.0111217689282,0.0
463.5220708061385,0.0
393.49269297407847,0.0
341.6159980915557,0.0
349.33553597307076,0.0
408.37674185740843,0.0
421.27197652489434,0.0
368.6353783767539,0.0
334.7041554164223,0.0
345.806500083687,0.0
414.5662453693897,0.0
539.2214409876357,0.0
652.321074053817,0.0
689.7339507510479,0.0
649.1292748057054,0.0
617.7131086170814,0.0
656.5252064496158,0.0
725.575986153043,0.0
804.6799120708563,0.0
894.8178585005076,0.0
978.993716625915,0.0
1038.0298685648177,0.0
1077.681116003952,0.0
1146.5029736421268,0.0
1255.40572006839,0.0
1347.1425310977645,0.0
1390.8457013429186,0.0
1423.6712748866057,0.0
1483.433937686296,0.0
1572.0221692665557,0.0
1669.3418672157998,0.0
1763.7945683914747,0.0
1842.467747322569,0.0
1904.1476146296036,0.0
1990.9113712025164,0.0
2116.7165501925037,0.0
2253.243450399204,0.0
2363.344755248743,0.0
2439.6570001918694,0.0
2479.3613648175774,0.0
2490.3501456494932,0.0
2499.7413318307526,0.0
2572.2338891671734,0.0
2718.309255839882,0.0
2866.0860341263756,0.0
2975.802738622299,0.0
3015.8464428099683,0.0
3034.0317977009786,0.0
3086.9227252490796,0.0
3135.7393131168506,0.0
3165.276313586811,0.0
3205.5514247874335,0.0
3224.8929545344577,0.0
3206.4031092300365,0.0
3206.1499838345203,0.0
3201.412785530362,0.0
3165.333687901039,0.0
3170.157421814072,0.0
3209.214733795701,0.0
3200.5265365509026,0.0
3169.444041065547,0.0
3155.113722014336,0.0
3128.378887918572,0.0
3078.440036262448,0.0
3040.055102379307,0.0
3050.022033977348,0.0
3078.221266693223,0.0
3072.858810432337,0.0
3064.5360478004004,0.0
3061.534964885197,0.0
2980.5585040270867,0.0
2818.923987284864,0.0
2658.3606356383793,0.0
2573.3974792423915,0.0
2574.4544004184327,0.0
2555.129013566678,0.0
2475.6243783291516,0.0
2399.549987068271,0.0
2344.947153422801,0.0
2277.2452149647856,0.0
2199.105381540567,0.0
2133.9164167073586,0.0
2045.5181405275587,0.0
1939.4670262177558,0.0
1874.0038073305568,0.0
1809.6714423117712,0.0
1671.420721118962,0.0
1510.5647119166806,0.0
1419.2432533964156,0.0
1393.8793904075758,0.0
1364.124074411475,0.0
1283.688319792409,0.0
1160.3123357965442,0.0
1056.6628255937248,0.0
1012.9445931109323,0.0
965.8421426545872,0.0
888.1307521894668,0.0
824.768628842939,0.0
768.3987563190678,0.0
719.9737470023556,0.0
699.2866011693552,0.0
694.9255463369622,0.0
671.6627709033579,0.0
619.8421112466069,0.0
543.7385443202895,0.0
469.7985744474151,0.0
436.367339236237,0.0
464.1934391252266,0.0
541.3783953961969,0.0
606.4970718352098,0.0
604.5284860599359,0.0
566.9761246627675,0.0
542.0335754642499,0.0
540.9232303308335,0.0
594.2038343168224,0.0
706.743102939879,0.0
794.621051576779,0.0
784.8702943707452,0.0
733.0918420932065,0.0
749.2447690349624,0.0
847.2587204393811,0.0
911.7884068230688,0.0
918.4775963022473,0.0
951.4844743767985,0.0
1024.2685358069257,0.0
1115.2171559445396,0.0
1219.364363047458,0.0
1323.1622552064998,0.0
1400.1211805187263,0.0
1449.406153231567,0.0
1474.9576196429632,0.0
1509.5873925537505,0.0
1621.633029008372,0.0
1778.42507206979,0.0
1885.8502973229722,0.0
1948.558878351241,0.0
2036.1905942530973,0.0
2150.3519375047736,0.0
2232.585957106265,0.0
2299.31720294734,0.0
2379.366346175733,0.0
2460.3755806399486,0.0
2545.4638337729775,0.0
2643.3541855271537,0.0
2700.874055650793,0.0
2703.6924441874103,0.0
2724.990044933278,0.0
2787.2462216669346,0.0
2878.172342176955,0.0
3011.579817919798,0.0
3134.215568185274,0.0
3203.922992360446,0.0
3256.4410332905163,0.0
3296.903675335712,0.0
3286.898931419749,0.0
3257.883167185226,0.0
3250.6258554899255,0.0
3262.3728130947734,0.0
3307.104281034052,0.0
3373.568750123898,0.0
3411.245114940199,0.0
3416.527159611904,0.0
3422.3130603479317,0.0
3442.170513818314,0.0
3476.421641788045,0.0
3493.6567109972334,0.0
3464.627117378148,0.0
3411.363647558223,0.0
3340.615271895263,0.0
3271.583422610106,0.0
3239.7731898357697,0.0
3230.44848919066,0.0
3214.5930178732656,0.0
3196.6470587055774,0.0
3168.574301268925,0.0
3109.03374942896,0.0
3028.3452081050127,0.0
2926.986643390671,0.0
2805.1380055398904,0.0
2750.019198000958,0.0
2765.7024722204164,0.0
2727.683493674846,0.0
2618.660872625483,0.0
2519.3698229360016,0.0
2460.981918483076,0.0
2418.1460455762226,0.0
2334.06769494275,0.0
2212.223377984198,0.0
2097.0068585364847,0.0
2021.3498570582024,0.0
1978.950698041604,0.0
1917.699533157028,0.0
1818.2091785809246,0.0
1706.6661340786027,0.0
1610.716857613782,0.0
1510.6376915524231,0.0
1400.6712303547413,0.0
1329.9802889611806,0.0
1300.7320366500048,0.0
1255.8242590977327,0.0
1175.6568851158202,0.0
1111.807145876598,0.0
1080.6889761829248,0.0
1045.9695563408713,0.0
982.9564443236438,0.0
898.9298752221849,0.0
840.4740929961596,0.0
820.8751937667274,0.0
832.1431398965519,0.0
847.2752194454437,0.0
808.7552551346491,0.0
718.4008363711457,0.0
665.5407433347726,0.0
705.3091201321147,0.0
765.1188079583511,0.0
764.6253495975302,0.0
751.7722534806347,0.0
798.332926221308,0.0
882.2479556260074,0.0
929.9137915350984,0.0
922.2859048706694,0.0
936.6532174716704,0.0
1002.6352505477521,0.0
1062.3279039168203,0.0
1096.1524309040992,0.0
1094.5695516741653,0.0
1099.6136748917957,0.0
1155.76207585438,0.0
1203.383634142461,0.0
1240.9655269772336,0.0
1312.266115976356,0.0
1399.1858444713855,0.0
1488.2198740497142,0.0
1599.8477917025668,0.0
1721.0265913429612,0.0
1800.2853721361664,0.0
1842.3867069385178,0.0
1909.065579638166,0.0
2008.3255935290006,0.0
2079.101960226454,0.0
2115.870405011014,0.0
2170.466366853858,0.0
2261.359530750398,0.0
2375.8702235116148,0.0
2494.917585243091,0.0
2581.830536168955,0.0
2619.5365791744366,0.0
2668.339915762066,0.0
2770.15369013682,0.0
2846.1990635955644,0.0
2863.41978004339,0.0
2918.4228309638675,0.0
3037.0487583401423,0.0
3147.369619968828,0.0
3237.3921494296446,0.0
3338.463973422199,0.0
3444.7486984865945,0.0
3513.0327648524562,0.0
3546.7927278123607,0.0
3581.8655186846877,0.0
3613.7069365399707,0.0
3618.5486747990517,0.0
3609.818704324116,0.0
3588.2192204388975,0.0
3531.566390313456,0.0
3513.814840667263,0.0
3584.870265281506,0.0
3669.2742870507673,0.0
3703.981550171095,0.0
3692.3243752182852,0.0
3655.7934940611426,0.0
3634.572819213431,0.0
3653.3339701969135,0.0
3662.255494045387,0.0
3624.548539921604,0.0
3583.9350774299296,0.0
3551.191547231649,0.0
3483.6170092062935,0.0
3386.808540429726,0.0
3319.04713889464,0.0
3277.5909222387772,0.0
3225.8849034452733,0.0
3156.2723460105976,0.0
3060.9304217721638,0.0
2958.5894349728965,0.0
2903.129718992886,0.0
2890.937163251628,0.0
2846.2786998915817,0.0
2740.7187866371587,0.0
2639.3611276634147,0.0
2591.9003996822044,0.0
2538.320634816719,0.0
2458.5669196872527,0.0
2389.917351834407,0.0
2327.6709350737283,0.0
2255.7430498699673,0.0
2167.3706020026357,0.0
2064.3315055796024,0.0
1958.8125431623864,0.0
1868.451410117057,0.0
1801.922206603886,0.0
1754.8703340506997,0.0
1717.180474858873,0.0
1665.0514759177086,0.0
1585.3476199149923,0.0
1488.7723767295217,0.0
1422.3449232741198,0.0
1387.1779984913774,0.0
1327.3822845520162,0.0
1257.3600021072573,0.0
1226.484398285623,0.0
1195.3104421755766,0.0
1135.0332348653849,0.0
1070.0274176869823,0.0
1007.3930472862786,0.0
964.5647733371627,0.0
955.622270608031,0.0
977.9208657719306,0.0
998.8827955343718,0.0
966.9963721751448,0.0
903.79107812398,0.0
875.1760293182524,0.0
894.221238266816,0.0
920.4112623884049,0.0
937.2628355391133,0.0
950.5024894091929,0.0
989.0292011897601,0.0
1069.7939106820934,0.0
1140.9419012973785,0.0
1161.6753519065214,0.0
1167.2704098166962,0.0
1245.3438165881803,0.0
1387.4686155716668,0.0
1461.7024960845722,0.0
1445.429884623718,0.0
1447.5366525774375,0.0
1507.7226420315951,0.0
1567.642257658174,0.0
1629.0359840304495,0.0
1749.540335228764,0.0
1905.245836425363,0.0
2031.9782672533177,0.0
2140.9079311503983,0.0
2261.637949942222,0.0
2334.5256809569746,0.0
2357.5270735359004,0.0
2414.877958534653,0.0
2535.874993554556,0.0
2668.385228499551,0.0
2748.933225433701,0.0
2782.1809575262123,0.0
2841.3464097569904,0.0
2943.9086976256676,0.0
3013.081682704586,0.0
3030.3107354799113,0.0
3069.515448402009,0.0
3159.471776834959,0.0
3245.9176041304613,0.0
3290.5830833948917,0.0
3330.2662721552547,0.0
3418.5202849500415,0.0
3536.3644080903,0.0
3615.014540379849,0.0
3635.126717334627,0.0
3634.9088165849807,0.0
3649.86198027215,0.0
3684.254974804929,0.0
3711.8270013283764,0.0
3719.9422219293656,0.0
3748.0004802137337,0.0
3807.5146377146025,0.0
3902.6076623972654,0.0
4002.5583670748524,0.0
4011.022075319088,0.0
3939.9242076239784,0.0
3890.4291633610815,0.0
3875.3842098472983,0.0
3851.4246360997836,0.0
3785.9927954829445,0.0
3683.267494768728,0.0
3612.6603858296503,0.0
3617.009919850457,0.0
3630.3477841075733,0.0
3597.965316548855,0.0
3541.569383114008,0.0
3489.5127622000796,0.0
3452.82384109981,0.0
3404.562726801561,0.0
3326.6084507362066,0.0
3256.160812571394,0.0
3197.12200335446,0.0
3096.6727997549638,0.0
2977.00541273291,0.0
2893.6710565038265,0.0
2816.9585209340935,0.0
2704.209831460391,0.0
2595.4159947200806,0.0
2543.69670319921,0.0
2532.661224986545,0.0
2514.5389620468873,0.0
2443.2751232045243,0.0
2311.5194574480875,0.0
2190.5307727568097,0.0
2126.805343674409,0.0
2076.9077733776135,0.0
2011.5999630403976,0.0
1964.02931863028,0.0
1896.8852386860917,0.0
1766.6103488575104,0.0
1641.1924761509213,0.0
1554.8502803698689,0.0
1487.3549658828786,0.0
1423.8358139472416,0.0
1359.797872038016,0.0
1319.6118975114841,0.0
1305.6496929747004,0.0
1322.7235744028283,0.0
1364.426861892189,0.0
1392.5045229127397,0.0
1382.8286012466663,0.0
1322.6035448459718,0.0
1235.6970547541273,0.0
1177.9515099135763,0.0
1164.4558659703368,0.0
1151.1039766848705,0.0
1117.4914781631137,0.0
1104.2551200055889,0.0
1118.1840201254345,0.0
1117.706892558825,0.0
1127.7515773779558,0.0
1181.0050822885507,0.0
1252.9929233741805,0.0
1317.6173310933805,0.0
1372.8062675471315,0.0
1427.2927284220968,0.0
1467.4014429164524,0.0
1501.0610624035605,0.0
1553.901123072797,0.0
1607.9595667367992,0.0
1638.7272971618572,0.0
1687.5300644876916,0.0
1788.290297040433,0.0
1916.5873415587953,0.0
2022.5860393845865,0.0
2084.929258894995,0.0
2145.483913314615,0.0
2234.980201269085,0.0
2336.36765479374,0.0
2414.353523344115,0.0
2464.180690600888,0.0
2495.737801711947,0.0
2535.101180744525,0.0
2615.9697272640583,0.0
2719.231273768749,0.0
2814.2233531061884,0.0
2885.241432045315,0.0
2917.649140692509,0.0
2962.6825909472136,0.0
3069.205840572549,0.0
3205.4400465127487,0.0
3294.723785431674,0.0
3332.4148848567825,0.0
3384.52524427822,0.0
3446.121939156163,0.0
3503.332151177239,0.0
3592.5629519136073,0.0
3708.2696392427715,0.0
3797.8438429097064,0.0
3813.1080128529125,0.0
3779.8404672132224,0.0
3765.2946720009154,0.0
3774.296135775795,0.0
3804.276072513114,0.0
3885.7871554933777,0.0
3986.0630953358595,0.0
4052.5037404777763,0.0
4087.391599216005,0.0
4082.759090428794,0.0
4058.6513781584094,0.0
4074.6065541231255,0.0
4103.272289509429,0.0
4090.1415689195387,0.0
4069.5275237153423,0.0
4048.5857558999032,0.0
3996.0096876645734,0.0
3934.426730091953,0.0
3904.6653587897445,0.0
3877.661384367008,0.0
3793.8618470151573,0.0
3710.7600862564173,0.0
3686.7414796236703,0.0
3649.6840476367984,0.0
3549.245397168569,0.0
3444.6317588329002,0.0
3367.3925203380145,0.0
3326.1686709877436,0.0
3322.802882370145,0.0
3318.9700492951833,0.0
3261.5331482981837,0.0
3133.749010076789,0.0
