3225.0818246243252,0.0
3454.257069371342,0.0
3584.7876928858277,0.0
3360.126183506927,0.0
2471.521036971758,0.0
1201.5432227522074,0.0
387.80383763225603,0.0
247.62824270318367,0.0
368.440623236834,0.0
407.29626748913563,0.0
416.64620517274994,0.0
539.6210078944562,0.0
684.4372139517359,0.0
760.3519659471793,0.0
838.063976406527,0.0
918.0313449932981,0.0
858.2166675362804,0.0
705.7752628095753,0.0
712.9093557717815,0.0
915.1653731298113,0.0
1090.787206658727,0.0
1213.3939249980494,0.0
1348.983624551304,0.0
1448.2070771771948,0.0
1500.6913611457096,0.0
1521.276664197532,0.0
1454.413135413554,0.0
1294.1183249949256,0.0
1210.633579319743,0.0
1292.0240574551772,0.0
1349.39642167661,0.0
1284.586026159545,0.0
1236.5104265080943,0.0
1347.9586655575067,0.0
1550.0285036478435,0.0
1653.498225888261,0.0
1607.1504594711928,0.0
1497.8940197885097,0.0
1354.5401382885334,0.0
1234.520773476045,0.0
1228.4013121889461,0.0
1312.3222845424407,0.0
1436.7706865916011,0.0
1528.1732663898094,0.0
1487.3788132649659,0.0
1364.3860630054287,0.0
1303.1313977559835,0.0
1294.5027270794483,0.0
1205.2163173243664,0.0
1051.2703388278242,0.0
992.0858783790967,0.0
1045.523598644477,0.0
1075.089962459975,0.0
1040.5738291879304,0.0
977.0772178897007,0.0
852.796122458255,0.0
699.9490512323833,0.0
605.5386413468874,0.0
631.5672251624802,0.0
749.5319213917209,0.0
714.6922539266192,0.0
458.1702458641584,0.0
260.20829102536504,0.0
265.7744960652789,0.0
363.74002816585266,0.0
394.00870707661124,0.0
267.04876284969174,0.0
72.48431197779074,0.0
-122.71242626651612,0.0
-295.90883037372726,0.0
-413.992036274997,0.0
-421.2202980756998,0.0
-296.69719798020907,0.0
-178.60032729885725,0.0
-194.37363767438615,0.0
-383.92075523591706,0.0
-611.8967880732896,0.0
-781.7900327195989,0.0
-939.4760784227643,0.0
-1017.011945135306,0.0
-992.5422722758124,0.0
-975.5035136411636,0.0
-996.4257801934964,0.0
-1056.3993998723404,0.0
-1137.752081166903,0.0
-1157.546610493017,0.0
-1106.7886234542366,0.0
-1107.3647171082052,0.0
-1158.9710905933518,0.0
-1115.8629386103942,0.0
-1027.3576208547927,0.0
-1019.6662673015503,0.0
-1078.0928200147657,0.0
-1118.0004351817372,0.0
-1126.5875125725695,0.0
-1069.7154869259941,0.0
-929.3822886558393,0.0
-815.6373884325928,0.0
-774.782854214587,0.0
-815.7556295848816,0.0
-992.9521769449508,0.0
-1208.3350163156626,0.0
-1306.7311952843636,0.0
-1285.8390028687334,0.0
-1196.7788907380072,0.0
-1090.70407693081,0.0
-1010.9473086466703,0.0
-944.1665356653361,0.0
-828.2886965349976,0.0
-629.3820450312023,0.0
-404.63523270455266,0.0
-278.70674380496365,0.0
-233.85961398185572,0.0
-191.04463508479492,0.0
-193.39782390405173,0.0
-252.22001843178717,0.0
-219.9785951775979,0.0
-128.6594184929245,0.0
-121.44557269908286,0.0
-129.13868722104087,0.0
-79.34199952482194,0.0
15.645311270311277,0.0
144.65609169580304,0.0
261.9868251047568,0.0
341.97163763145977,0.0
456.35796839700464,0.0
583.5484697206599,0.0
622.815443637678,0.0
647.3201616223548,0.0
743.8887034510805,0.0
847.9583499985619,0.0
880.6088960358541,0.0
868.6268713584815,0.0
881.000972539598,0.0
951.9687460106665,0.0
1042.5320572290668,0.0
1109.099883048477,0.0
1132.1644496515373,0.0
1124.9730793222,0.0
1134.009779888959,0.0
1159.3909730304235,0.0
1223.73712726739,0.0
1299.4871862396342,0.0
1344.6451835443654,0.0
1361.4137180698515,0.0
1402.1597049896257,0.0
1458.528201917152,0.0
1437.3614573973957,0.0
1413.8966947104918,0.0
1490.934633136693,0.0
1693.7465867862625,0.0
1854.2764180508163,0.0
1747.5536486333312,0.0
1527.4494497010087,0.0
1489.8918328316993,0.0
1613.0258678377775,0.0
1663.2831514292725,0.0
1567.8587883261478,0.0
1422.066951124724,0.0
1359.5835175899128,0.0
1447.654152705794,0.0
1545.2007585064816,0.0
1524.7637842333668,0.0
1554.2741256378056,0.0
1676.6024896305912,0.0
1687.6702482125409,0.0
1629.2787803560798,0.0
1612.3445590295967,0.0
1568.7658958954373,0.0
1516.2795371555767,0.0
1441.9191477228737,0.0
1220.6995940062225,0.0
1011.551986890729,0.0
1028.7916662869761,0.0
1189.6777149067348,0.0
1261.4925086367846,0.0
1133.9396001963576,0.0
932.8118305828314,0.0
765.9182685485465,0.0
674.3979643562327,0.0
706.0330953724251,0.0
830.181302796088,0.0
898.2515419831221,0.0
788.374910199619,0.0
542.6361362224017,0.0
324.14466458092045,0.0
212.05088554017092,0.0
78.35010821935693,0.0
-52.88534107400384,0.0
-55.77726282644566,0.0
-12.498429991297467,0.0
-70.57700152820584,0.0
-261.00657518701297,0.0
-445.4675172420017,0.0
-518.2005522251415,0.0
-503.27657701646183,0.0
-498.1301792256172,0.0
-544.2644796365486,0.0
-637.5143943987177,0.0
-755.3033923153603,0.0
-765.4404956049733,0.0
-711.6022286761878,0.0
-738.259414537627,0.0
-773.5996493322414,0.0
-735.0486257939014,0.0
-605.9307405696486,0.0
-494.0071343509266,0.0
-594.9782412811734,0.0
-849.92178772234,0.0
-906.4389836620875,0.0
-714.0062171378452,0.0
-624.0733129585809,0.0
-702.1822403128356,0.0
-779.9764430650353,0.0
-810.7513261646005,0.0
-831.5650098722119,0.0
-875.9824043623495,0.0
-936.6266559606966,0.0
-880.4530117147583,0.0
-680.4203705877213,0.0
-589.776194137762,0.0
-699.6579659854808,0.0
-772.42303533015,0.0
-728.8425308671692,0.0
-739.023984208449,0.0
-775.6772575688719,0.0
-716.23717960352,0.0
-628.8587997258688,0.0
-543.4564891452497,0.0
-384.80895828068384,0.0
-235.26715180980992,0.0
-258.9272790209896,0.0
-299.7776104871339,0.0
-206.87235855462728,0.0
-171.75970488354614,0.0
-293.7823631519688,0.0
-326.4464283506241,0.0
-90.26171170382192,0.0
210.83489107533683,0.0
376.4084919062853,0.0
455.24247911189843,0.0
509.4560662132996,0.0
591.3400840761911,0.0
744.4675287992369,0.0
899.1623260764597,0.0
1025.8769819172505,0.0
1087.521286965312,0.0
1057.2481973910749,0.0
1028.5365049903062,0.0
1008.0525949625638,0.0
963.4984960492011,0.0
1026.3472715530932,0.0
1208.0604015975784,0.0
1412.7351554015677,0.0
1572.051146422646,0.0
1638.4712391437724,0.0
1647.3851017365719,0.0
1660.0312472805397,0.0
1731.1854387399374,0.0
1817.1189344055822,0.0
1773.311101602196,0.0
1691.4099509623393,0.0
1775.0765015686545,0.0
1905.2629712396688,0.0
1971.5347833953012,0.0
2001.6231918906306,0.0
2002.4125099856183,0.0
2072.9492403156064,0.0
2233.901658257254,0.0
2299.958015046695,0.0
2161.3247289945875,0.0
1945.752694113215,0.0
1816.0414320378475,0.0
1796.8655502028341,0.0
1835.4294214211366,0.0
1912.7010879440043,0.0
2006.0650573656976,0.0
2138.2696060685744,0.0
2260.4469733660835,0.0
2193.9007500157677,0.0
1954.1913186712236,0.0
1740.1697150238215,0.0
1687.0842101976084,0.0
1731.767253357503,0.0
1798.5072708788662,0.0
1805.2361160421513,0.0
1759.2089334775492,0.0
1674.6208060467827,0.0
1496.10957762825,0.0
1309.1582031813925,0.0
1231.4733421506473,0.0
1294.8123414872382,0.0
1411.6911854584698,0.0
1441.6522560811102,0.0
1351.7929563838543,0.0
1210.1434050840235,0.0
1085.8192149994634,0.0
970.0898831823788,0.0
928.4900944886522,0.0
984.4145747538034,0.0
990.8201769680129,0.0
927.0131146951398,0.0
811.2408811331796,0.0
649.4206974226975,0.0
529.0004547506844,0.0
466.8665186600774,0.0
449.15167960909145,0.0
474.2192720026277,0.0
488.9884854054913,0.0
498.31488367663644,0.0
421.2462573613202,0.0
223.03134194266875,0.0
11.31078889929915,0.0
-110.22099316455761,0.0
-98.35996364036912,0.0
-90.08707628901925,0.0
-212.5561433815054,0.0
-376.1004263053545,0.0
-438.36742294988255,0.0
-390.9640448953778,0.0
-376.9705136454854,0.0
-484.82879357857024,0.0
-613.7270096106461,0.0
-616.826243919498,0.0
-448.4441756235901,0.0
-265.4534522479631,0.0
-268.11154489607344,0.0
-477.8343132287713,0.0
-666.9978186177184,0.0
-655.6412325150906,0.0
-598.6383217761444,0.0
-620.3746386019759,0.0
-658.0491394084676,0.0
-654.9363190486996,0.0
-644.1081695417772,0.0
-708.3630643848371,0.0
-738.9638731180715,0.0
-590.5613974022895,0.0
-400.30681876590694,0.0
-305.9756377570961,0.0
-239.01352420372928,0.0
-213.16487982701943,0.0
-273.19948998049637,0.0
-326.168026335363,0.0
-292.2024443881282,0.0
-233.23208394048888,0.0
-209.84171608410398,0.0
-207.34446380855414,0.0
-279.4443982297616,0.0
-338.174474487393,0.0
-175.23211444435938,0.0
129.32208464050748,0.0
390.4086061060881,0.0
635.478675559035,0.0
844.3893063990358,0.0
905.5221126768288,0.0
849.2766698688748,0.0
810.9753522949717,0.0
881.3843498966975,0.0
981.9949142338908,0.0
941.9989047590499,0.0
810.0959678671611,0.0
729.3413147179341,0.0
716.8074887384839,0.0
772.5429106027392,0.0
931.8571574803826,0.0
1161.4063643903794,0.0
1295.4334878748052,0.0
1372.4841318409344,0.0
1519.9314949289728,0.0
1699.7803495036678,0.0
1801.8422818757956,0.0
1765.8578994096474,0.0
1647.2360058440167,0.0
1606.5074751149389,0.0
1708.4898198543221,0.0
1820.6473019417756,0.0
1854.8986777698615,0.0
1864.0670370267217,0.0
1910.8646614287597,0.0
2020.318315752309,0.0
2129.005779650961,0.0
2218.5551172595556,0.0
2367.9304270804487,0.0
2536.4631709748146,0.0
2575.2814434006377,0.0
2468.7989864181714,0.0
2359.459306407898,0.0
2375.8982081813597,0.0
2386.421167464246,0.0
2232.0238780597037,0.0
2059.1804179384467,0.0
1999.5298688088808,0.0
2012.9349130551482,0.0
2166.6281005434216,0.0
2399.3988643574066,0.0
2511.753542943594,0.0
2469.565226250221,0.0
2328.7650213697984,0.0
2186.4933635861403,0.0
2162.6599634659106,0.0
2200.6464760647395,0.0
2140.992841382043,0.0
2084.1217893349235,0.0
2161.517195407594,0.0
2241.631606962242,0.0
2141.2902497931273,0.0
1881.1827962756056,0.0
1660.5541019927796,0.0
1551.7221816845688,0.0
1497.1108036370558,0.0
1483.1834006756555,0.0
1516.0773065051708,0.0
1499.4071267030063,0.0
1377.8048218863205,0.0
1307.779829002528,0.0
1324.3571294326562,0.0
1250.1646417509983,0.0
1072.1772944448244,0.0
985.5035181689684,0.0
1011.0114398609853,0.0
959.0870023523137,0.0
793.5957597309307,0.0
739.6964930535976,0.0
835.9829428156513,0.0
789.8664270047238,0.0
538.91054678582,0.0
301.95891867132906,0.0
236.58220586897474,0.0
321.21107989140415,0.0
287.9076963981944,0.0
56.931593768885946,0.0
-125.94607445713972,0.0
-209.28263273847315,0.0
-295.0176512181013,0.0
-340.66886004069215,0.0
-319.0811389306947,0.0
-290.2472503053049,0.0
-217.22532565291047,0.0
-137.0042721222323,0.0
-114.85807069747862,0.0
-144.24049652893726,0.0
-228.21119268355986,0.0
-287.26067097152117,0.0
-258.27793232145,0.0
-176.0146698699685,0.0
-106.44559863871115,0.0
-128.17901658375044,0.0
-257.7616764847543,0.0
-524.6106024800771,0.0
-780.1820744942988,0.0
-771.0950242848429,0.0
-601.7556559228135,0.0
-523.5017100507602,0.0
-492.2232676227623,0.0
-401.0222480406883,0.0
-388.2220410613504,0.0
-482.35803376412906,0.0
-534.4140417887379,0.0
-432.0364562364085,0.0
-251.89262212873996,0.0
-206.61703029436623,0.0
-259.7549480918824,0.0
-161.3256596856832,0.0
88.95723580726391,0.0
369.5389749605628,0.0
614.0824536777812,0.0
694.8888076158602,0.0
626.7498758766553,0.0
552.955602209111,0.0
540.988531060946,0.0
629.471335107109,0.0
836.8849156748624,0.0
1008.3389872277537,0.0
963.0715756149991,0.0
781.1437693193782,0.0
737.7786240172948,0.0
934.4408199906344,0.0
1182.6718941350523,0.0
1277.3529769440936,0.0
1271.7907244639703,0.0
1366.1544750566509,0.0
1541.1139349304976,0.0
1641.1584837969801,0.0
1602.9519020571483,0.0
1511.6482353305278,0.0
1498.6846371491104,0.0
1654.200086634519,0.0
1991.107353748009,0.0
2344.17602358233,0.0
2406.5912697819967,0.0
2146.2331676078493,0.0
1877.634187355624,0.0
1852.26957711055,0.0
2039.1394762348466,0.0
2275.9346533101375,0.0
2440.970104341481,0.0
2520.0974923541053,0.0
2683.1713600571984,0.0
2797.3244902924216,0.0
2647.300873520895,0.0
2458.594143027624,0.0
2402.3577024625797,0.0
2423.172225519449,0.0
2448.0454385399557,0.0
2460.2462874928933,0.0
2442.4333623136167,0.0
2464.384662250817,0.0
2619.367621621186,0.0
2785.343156011678,0.0
2754.3416372212455,0.0
2594.310657094203,0.0
2537.7120998314153,0.0
2480.3850242807616,0.0
2247.7229251964573,0.0
2042.6379316384464,0.0
2056.088563818628,0.0
2182.7643983606768,0.0
2285.925424813074,0.0
2325.0783070598577,0.0
2317.9886642981437,0.0
2293.6809924839454,0.0
2278.405763437991,0.0
2271.6890299737956,0.0
2226.9241341185043,0.0
2110.1076899345535,0.0
1985.5664976986893,0.0
1899.9871580816555,0.0
1831.5472907658263,0.0
1711.3428700908094,0.0
1617.7593399383775,0.0
1692.5267518059661,0.0
1805.8252098981811,0.0
1751.6026263437166,0.0
1567.3896622496527,0.0
1447.9223231386256,0.0
1434.6375315325972,0.0
1393.911436596954,0.0
1340.260742059441,0.0
1288.2575249775398,0.0
1197.1928836840539,0.0
1168.9056960177597,0.0
1165.305350079517,0.0
1039.822585327403,0.0
848.7707153959441,0.0
744.9459887321617,0.0
740.4485752581955,0.0
743.0404269868925,0.0
724.1353714271353,0.0
658.0430820605417,0.0
498.82497716462666,0.0
322.4558244916799,0.0
175.11448933133406,0.0
92.31559928665759,0.0
145.53092946290803,0.0
179.08092125158504,0.0
75.10324124126609,0.0
-11.855661276027122,0.0
40.13650885359018,0.0
52.93374301350941,0.0
-122.50254853784843,0.0
-245.99701738411184,0.0
-188.4779104825841,0.0
-167.87756500597592,0.0
-232.66179691538113,0.0
-234.44576945293895,0.0
-133.0159867593254,0.0
-66.46960416747945,0.0
-85.80003753550479,0.0
-57.09292217497833,0.0
14.17552815152709,0.0
5.074450959400023,0.0
-34.33745340865393,0.0
-7.103042012345765,0.0
54.78812106163502,0.0
120.99969279738177,0.0
226.9337627685643,0.0
299.0787150811775,0.0
340.7515353090274,0.0
449.8312010203851,0.0
578.5076717675577,0.0
634.8352976744729,0.0
523.2366977272733,0.0
275.1493575674347,0.0
165.36293623349522,0.0
333.1321004875262,0.0
690.2181241852225,0.0
1032.2256463739795,0.0
1181.550091351814,0.0
1168.717595001015,0.0
1125.9740158718278,0.0
1117.7723855088627,0.0
1146.4764210932058,0.0
1151.9136794868202,0.0
1144.3947096314398,0.0
1226.306840921822,0.0
1384.7145251017087,0.0
1444.4302900039797,0.0
1344.7888881061722,0.0
1329.4925368825823,0.0
1484.3441324374858,0.0
1632.7279875770391,0.0
1764.3654964653058,0.0
1879.6087517971675,0.0
1951.0637688651825,0.0
2099.525940946751,0.0
2301.314224648753,0.0
2387.5200330321018,0.0
2337.5424811360062,0.0
2210.1701904486763,0.0
2102.6889686184472,0.0
2175.3971315703648,0.0
2460.7773388680907,0.0
2724.740303858722,0.0
2776.7558725874314,0.0
2724.3155740204393,0.0
2669.8208047527182,0.0
2642.994521215505,0.0
2755.2044153162697,0.0
2911.561379097847,0.0
2850.690419308284,0.0
2656.597479924314,0.0
2566.0997509907816,0.0
2628.744922230834,0.0
2701.932441964903,0.0
2720.133367874464,0.0
2842.5696783801686,0.0
3109.4348115315292,0.0
3229.3997090749945,0.0
3081.3007446077113,0.0
2903.696617841298,0.0
2851.846045481222,0.0
2844.562253518389,0.0
2847.2644095524315,0.0
2800.405115569255,0.0
2649.878201442328,0.0
2527.7384702157233,0.0
2481.563766634861,0.0
2420.311279094077,0.0
2356.770730602331,0.0
2409.9792025359397,0.0
2509.6042720010905,0.0
2474.6819115969647,0.0
2322.6159073036856,0.0
2140.6896680047093,0.0
2007.24664536326,0.0
2036.8725326341691,0.0
2095.7755712912667,0.0
2018.7797646399667,0.0
1876.6535207689913,0.0
1775.2635216575982,0.0
1698.4950946584656,0.0
1597.8073266050656,0.0
1558.8783242473748,0.0
1571.9734383595649,0.0
1563.462448037715,0.0
1557.5542255103685,0.0
1501.370956905472,0.0
1299.0550401824812,0.0
1043.3216978406242,0.0
902.7774052729683,0.0
960.1739253519719,0.0
1033.2326332644755,0.0
1029.086767916014,0.0
1051.7186960438764,0.0
1053.3247643361044,0.0
920.3902479781492,0.0
662.5059780707593,0.0
420.9448026953015,0.0
310.4832808424481,0.0
323.87567496914136,0.0
412.1624884791712,0.0
557.2871700329358,0.0
681.550184150185,0.0
674.5622988064736,0.0
545.6150620956845,0.0
406.69028115507314,0.0
248.9559618503342,0.0
131.22319090625837,0.0
78.01199023708025,0.0
-3.242287809697527,0.0
-41.37691820893041,0.0
23.083011923530993,0.0
105.59953322033071,0.0
161.35887392802724,0.0
185.83301006907075,0.0
170.01971810353615,0.0
171.97469469599102,0.0
152.75315956484457,0.0
99.76803299921946,0.0
125.97538651491823,0.0
283.15240653195525,0.0
484.4765475088364,0.0
550.9156354537002,0.0
493.99905925534625,0.0
440.95014829094686,0.0
334.06059339952094,0.0
241.63372398417548,0.0
337.87089106821907,0.0
493.50595669068093,0.0
504.04449840430505,0.0
512.0142606471853,0.0
693.8831298571195,0.0
864.1565337845433,0.0
924.8172321963517,0.0
1043.3850434237204,0.0
1198.4934832182653,0.0
1201.1885821993478,0.0
1079.366115804135,0.0
957.3954838797297,0.0
927.9335011029966,0.0
1076.5088296635377,0.0
1421.7783338072716,0.0
1829.018214642775,0.0
2104.916845963052,0.0
2177.130517422236,0.0
2069.1456156715435,0.0
1864.7406459112933,0.0
1707.5569476889186,0.0
1654.39007065172,0.0
1743.6312954017599,0.0
2044.8018093328126,0.0
2374.881373501722,0.0
2537.7820758470302,0.0
2583.81719466238,0.0
2581.1103443837046,0.0
2619.561959077154,0.0
2692.473643776154,0.0
2653.5458054430846,0.0
2568.0705361366113,0.0
2565.322414785757,0.0
2667.9051182162366,0.0
2842.960248780092,0.0
2936.393285713544,0.0
2926.5380811938635,0.0
2942.2585632242744,0.0
2954.4275318577793,0.0
2900.632234438905,0.0
2910.6206338382212,0.0
3024.567514395752,0.0
3144.2235962362297,0.0
3236.6746115682104,0.0
3298.4069122437754,0.0
3286.0544996698995,0.0
3104.7470811207218,0.0
2898.3016271462934,0.0
2958.64120970729,0.0
3169.435599090989,0.0
3182.644330661561,0.0
3024.523205485945,0.0
2977.725267119554,0.0
3082.8238320364167,0.0
3223.5798369876984,0.0
3330.9776506432513,0.0
3217.8079491828234,0.0
2902.455627747382,0.0
2685.953515151361,0.0
2659.154895598996,0.0
2647.161261968268,0.0
2562.8061148179536,0.0
2623.258408182441,0.0
2855.881714253628,0.0
2936.170888292025,0.0
2776.602507835379,0.0
2574.266914282762,0.0
2461.1781677985487,0.0
2359.176561518574,0.0
2240.860810984526,0.0
2238.509640477014,0.0
2355.0930233760105,0.0
2444.209936386946,0.0
2404.0699833508666,0.0
2237.0546118958305,0.0
1967.7924376266135,0.0
1699.7802781575042,0.0
1549.1086240048437,0.0
1567.8045545969708,0.0
1711.6610843438257,0.0
1743.4205530293566,0.0
1580.2938856380106,0.0
1446.0671521873812,0.0
1423.8518125751366,0.0
1375.2636316081823,0.0
1303.0828223559324,0.0
1247.6350123630907,0.0
1177.4765462120972,0.0
1099.7690902562647,0.0
1024.8637218889423,0.0
984.9953070186572,0.0
908.9331737458862,0.0
794.0686178345157,0.0
762.7232635056708,0.0
772.697004847431,0.0
727.9065069909079,0.0
669.5429599776697,0.0
711.6744636308157,0.0
793.3466484063115,0.0
780.5156115940792,0.0
672.5670361458266,0.0
509.18718636349536,0.0
367.4216040252898,0.0
258.9962631644737,0.0
143.92307964490556,0.0
148.78955425494271,0.0
262.17802662542937,0.0
281.34579482440915,0.0
318.6792920754605,0.0
464.83873260588314,0.0
530.0581319043571,0.0
506.0454661256792,0.0
534.021874511164,0.0
649.8797258035828,0.0
759.803801911554,0.0
731.1429737890955,0.0
674.2604183541584,0.0
776.8200956788342,0.0
890.4984938470084,0.0
822.256897408807,0.0
755.1595810287185,0.0
957.2328987092425,0.0
1209.9740845992806,0.0
1160.5730273986667,0.0
952.8190634960793,0.0
956.1436545650348,0.0
1185.597093171117,0.0
1421.986890341734,0.0
1573.2874166810275,0.0
1635.543686589363,0.0
1658.906645003851,0.0
1686.1739333238447,0.0
1723.8072793657923,0.0
1830.4672586156712,0.0
1944.4922795994316,0.0
1942.828498313599,0.0
1985.636345502227,0.0
2194.2433423187153,0.0
2426.8450965076067,0.0
2488.843938137943,0.0
2467.4481813065095,0.0
2592.23233691968,0.0
2828.210801143232,0.0
2924.197718383861,0.0
2779.5855262860027,0.0
2628.178745075344,0.0
2696.3581088172928,0.0
2867.7770005456705,0.0
3021.013411679396,0.0
3160.204646758514,0.0
3149.4476331521787,0.0
3097.6911850205984,0.0
3171.8346039354337,0.0
3239.028378287873,0.0
3163.1646021657643,0.0
3100.0340972728754,0.0
3219.0733449642094,0.0
3357.4095369337197,0.0
3304.516447377336,0.0
3098.003663935097,0.0
2978.2632053188286,0.0
3037.523204832725,0.0
3117.7291142637414,0.0
3151.690034531503,0.0
3198.4612431290266,0.0
3297.0536353619295,0.0
3441.9378804291696,0.0
3563.3313759041803,0.0
3544.1576920938405,0.0
3428.99378187798,0.0
3411.4914465079964,0.0
3504.502030661767,0.0
3508.561249975301,0.0
3328.4518778031215,0.0
3169.739566365418,0.0
3212.616769818875,0.0
3358.430781212533,0.0
3417.793053376536,0.0
3282.154143929744,0.0
3066.4826365229665,0.0
2939.241027262484,0.0
2922.4945031662187,0.0
2964.1944507054545,0.0
3005.619613211897,0.0
2982.60313087567,0.0
2846.3816279851208,0.0
2663.2581928336836,0.0
2571.325396554324,0.0
2578.002800541243,0.0
2588.6107518453314,0.0
2617.841433390733,0.0
2656.7040899987906,0.0
2580.900914440274,0.0
2415.9305811817944,0.0
2272.646264161072,0.0
2134.3212801780355,1.0
2041.7537249360655,0.0
2034.4529603409849,0.0
2216.3961254976243,0.0
2652.39603328706,0.0
2865.9136114009702,0.0
2439.0045291853544,0.0
1837.7854005955173,0.0
1519.6708128386927,0.0
1348.0001492079982,0.0
1145.3718979887715,0.0
1016.0755725567992,0.0
1026.2900054603033,0.0
1101.0474013642474,0.0
1108.1207406478786,0.0
1051.6114554309322,0.0
1016.8980580327259,0.0
1013.1126149628312,0.0
1050.9660271830742,0.0
1063.3323146610267,0.0
979.5015177779991,0.0
850.9480847821093,0.0
753.6771843623804,0.0
672.8702760763057,0.0
679.0378262731979,0.0
834.6669193008001,0.0
938.4862694118136,0.0
876.4746826587138,0.0
840.8141025219927,0.0
920.3712992911683,0.0
1056.9248916244474,0.0
1202.308122244456,0.0
1286.313425623937,0.0
1241.100318115376,0.0
1040.8623134667992,0.0
849.3094196183208,0.0
777.3609473038142,0.0
746.3568581791445,0.0
792.7669694414759,0.0
972.4458405795042,0.0
1175.8847218595101,0.0
1304.0033885032221,0.0
1363.1085052541353,0.0
1313.593887060527,0.0
1162.5750330443573,0.0
1160.6512905055372,0.0
1439.241153519111,0.0
1655.2561457458278,0.0
1565.5464885387046,0.0
1405.412993045571,0.0
1401.2061733853254,0.0
1532.9239029144758,0.0
1749.2583980901422,0.0
1966.498611739519,0.0
2069.1605684949477,0.0
2061.6391015079616,0.0
2117.4944541385053,0.0
2349.3639784239167,0.0
2605.7947998465243,0.0
2680.0456602018457,0.0
2618.7806144819324,0.0
2634.9281875961174,0.0
2711.430741036982,0.0
2747.107957907232,0.0
2777.5236826394926,0.0
2815.759415450863,0.0
2876.851225486283,0.0
2994.9056974217465,0.0
3094.5821010354002,0.0
3049.4219841559234,0.0
2877.5261003800606,0.0
2771.872386722307,0.0
2844.60537510009,0.0
2970.8138497882937,0.0
3118.0765406022583,0.0
3268.624248659434,0.0
3287.69914725674,0.0
3314.5294429392425,0.0
3388.448539990489,0.0
3420.9440894677737,0.0
3511.6787112032016,0.0
3639.7924883543665,0.0
3725.155346390045,0.0
3691.505920174779,0.0
3508.487375279685,0.0
3285.621588910466,0.0
3203.067519750933,0.0
3389.0030207824625,0.0
3711.4740721324906,0.0
3965.24121805888,0.0
4049.2333702034043,0.0
3964.061084674774,0.0
3836.760641614272,0.0
3745.978001378453,0.0
3724.082371376268,0.0
3757.1784894087714,0.0
3732.4087227774776,0.0
3616.8591304407223,0.0
3526.6385293228104,0.0
3555.6246121366157,0.0
3610.8051085204615,0.0
3544.915923097927,0.0
3396.3769968729193,0.0
3339.086966533373,0.0
3399.1200633888575,0.0
3406.229499471157,0.0
3263.3385604471864,0.0
3053.7087891267315,0.0
2875.6044427124384,0.0
2744.758411459391,0.0
2689.7941383312204,0.0
2785.8094685866863,0.0
2925.9698758785075,0.0
2889.3233324474118,0.0
2712.3762347556226,0.0
2561.856890700979,0.0
2419.9749538393253,0.0
2282.56979627664,0.0
2162.9626243346656,0.0
2033.3677588213516,0.0
2022.1721262316835,0.0
2086.0782740972186,0.0
2014.6526379650793,0.0
1814.2698371018216,0.0
1632.1748535184179,0.0
1605.0804217865473,0.0
1674.138880761293,0.0
1643.0646719500933,0.0
1495.1872077549142,0.0
1402.1675716044613,0.0
1499.905318782252,0.0
1654.1654155472017,0.0
1676.4667330726256,0.0
1648.1486146181685,0.0
1619.7192284034136,0.0
1512.251000380873,0.0
1299.183163398379,0.0
1094.27019288359,0.0
1042.3797467443628,0.0
1072.3082162761302,0.0
1068.6064129058725,0.0
1056.4564928184448,0.0
1014.9399342183764,0.0
956.1877448245999,0.0
961.7639040679652,0.0
1066.5380877053053,0.0
1182.9329856560828,0.0
1215.2846738009912,0.0
1241.6140463276529,0.0
1338.8132558076124,0.0
1388.6549550958928,0.0
1324.6339539208784,0.0
1235.8547152591495,0.0
1138.8440626829768,0.0
1082.8129487145318,0.0
1219.4346923155376,0.0
1472.487303453833,0.0
1592.8694327517983,0.0
1567.1873051028585,0.0
1528.4666305660444,0.0
1526.774800103055,0.0
1537.7328297948025,0.0
1551.0151991927517,0.0
1596.745316262712,0.0
1755.1582166350029,0.0
1971.8003050363984,0.0
2040.1669396179354,0.0
2015.2998002904903,0.0
2041.3671987261696,0.0
2104.2172902716625,0.0
2122.858016322371,0.0
2030.978269875122,0.0
2046.9833298205722,0.0
2278.9299379875233,0.0
2392.702853626781,0.0
2252.975624459916,0.0
2101.2710656363192,0.0
2110.2670858333145,0.0
2215.407132084027,0.0
2335.8323071972177,0.0
2541.613309054737,0.0
2799.3431253216568,0.0
2944.0272363481367,0.0
2980.620589473032,0.0
3081.7493203894155,0.0
3257.4908905172447,0.0
3303.0269352629152,0.0
3130.866063287285,0.0
2979.770920254758,0.0
3078.5807426314555,0.0
3348.7682382334665,0.0
3572.484694514327,0.0
3682.1425866777545,0.0
3727.381635848245,0.0
3764.1431295748816,0.0
3785.734514511196,0.0
3793.6663898293978,0.0
3852.504439140443,0.0
3945.1724803363145,0.0
3999.816395119319,0.0
4068.2168769268856,0.0
4186.688915722612,0.0
4267.304524058497,0.0
4201.522843467871,0.0
4058.062541595537,0.0
3946.983956093868,0.0
3870.9649637336092,0.0
3924.0086428419677,0.0
4114.3505046119835,0.0
4173.445880129491,0.0
4075.204370277458,0.0
4005.753463341513,0.0
3965.790453927741,0.0
3965.0456752213013,0.0
4009.6569867438247,0.0
3989.4260172004006,0.0
3910.2258385384544,0.0
3784.1684098464193,0.0
3624.0500932746977,0.0
3564.307395742641,0.0
3640.937953683028,0.0
3722.6136364222734,0.0
3736.572282135712,0.0
3706.8077193678664,0.0
3619.5028358657187,0.0
3458.959801100586,0.0
3307.23573547578,0.0
3223.105397092118,0.0
3132.8614563487786,0.0
3026.01588149532,0.0
2908.835065818599,0.0
2806.6309112342956,0.0
2770.586071339951,0.0
2736.4265948516295,0.0
2694.3758109350706,0.0
2701.2323641773028,0.0
2660.904670550318,0.0
2472.1929209459377,0.0
2228.618143575747,0.0
2073.8691972527317,0.0
2111.416513336313,0.0
2256.6852193304117,0.0
2281.135931473171,0.0
2094.789828005702,0.0
1891.312649796046,0.0
1859.2443016446764,0.0
1955.0613728147644,0.0
1961.596640932997,0.0
1850.0429028502813,0.0
1822.8465347344131,0.0
1853.7094432668528,0.0
1817.167228189299,0.0
1753.472011061815,0.0
1663.9617253465165,0.0
1616.1645213971335,0.0
1662.8973479400781,0.0
1621.8424474732597,0.0
1445.9180286387893,0.0
1327.404771990543,0.0
1348.2179897355056,0.0
1352.2845202444773,0.0
1222.9927808242849,0.0
1133.5385438733022,0.0
1215.26483242767,0.0
1282.0019390275388,0.0
1221.1936456269939,0.0
1158.4742429843875,0.0
1178.382173642055,0.0
1263.9581179418058,0.0
1327.5828975316315,0.0
1324.4124205921028,0.0
1315.1567106416676,0.0
1391.2501118533824,0.0
1501.2814368169825,0.0
1466.6939126046677,0.0
1253.8059858833328,0.0
1101.8471276946766,0.0
1247.9638731667324,0.0
1499.482333669961,0.0
1574.897894498743,0.0
1563.4224868877475,0.0
1627.3359756809134,0.0
1753.013743372168,0.0
1933.360523132014,0.0
2184.7504846453544,0.0
2411.5228862414506,0.0
2510.0626142811147,0.0
2490.373184660459,0.0
2432.0404649526135,0.0
2397.2595407450053,0.0
2431.202867443201,0.0
2612.202747474939,0.0
2798.5863308684607,0.0
2793.9153835415937,0.0
2738.820169633211,0.0
2849.963577792047,0.0
3112.719111438407,0.0
3303.741431009734,0.0
3321.6405099608787,0.0
3340.496128223164,0.0
3405.530640727963,0.0
3418.6013126910257,0.0
3405.032573434647,0.0
3377.50920792628,0.0
3394.855737006284,0.0
3435.711382288197,0.0
3433.6815229495487,0.0
3492.9567254715475,0.0
3575.21169791712,0.0
3559.4464416518363,0.0
3519.893269141853,0.0
3586.908327775976,0.0
3761.365074335086,0.0
3863.375830217695,0.0
3781.117042741642,0.0
3806.33471154905,0.0
4058.7998847366684,0.0
4244.2367994281,0.0
4264.8937697179235,0.0
4301.760526985364,0.0
4392.589311975723,0.0
4391.996850485141,0.0
4339.201976619799,0.0
4371.507444483367,0.0
4407.236764323782,0.0
4449.535440420824,0.0
4555.626946018976,0.0
4617.402345353636,0.0
4561.2924792182675,0.0
4458.82304015778,0.0
4394.604768282125,0.0
4352.532897593195,0.0
4359.640297746957,0.0
4392.6246027901925,0.0
4333.226075834457,0.0
4239.574535702104,0.0
4180.20172265476,0.0
4096.687594648173,0.0
4042.4117969257327,0.0
4129.333491797638,0.0
4198.249427392522,0.0
4067.810161898008,0.0
3910.5145853014224,0.0
3838.0890263580095,0.0
3720.60258205869,0.0
3549.6998875185,0.0
3479.643959375389,0.0
3519.7101356717444,0.0
3510.8964860196324,0.0
3381.7427924401113,0.0
3180.3627974111632,0.0
3081.4657076009603,0.0
3172.574467316365,0.0
3172.7547890318647,0.0
2907.047055554956,0.0
2645.9471753011435,0.0
2598.167239711684,0.0
2715.3997031140048,0.0
2793.211662115859,0.0
2679.245442379059,0.0
2478.0185576173376,0.0
2388.274798123306,0.0
2502.115896052458,0.0
2706.6891471798185,0.0
2768.101023981813,0.0
2559.017542760754,0.0
2253.1115682401783,0.0
2110.9041353972357,0.0
2104.1522218578934,0.0
2053.3902460794848,0.0
1907.0912786740548,0.0
1739.4833190492723,0.0
1632.989769720189,0.0
1569.6998653602159,0.0
1536.6997109897582,0.0
1557.936743854856,0.0
1628.400960357096,0.0
1704.2154664537964,0.0
1708.088855541769,0.0
1655.923072666947,0.0
1712.8649367802243,0.0
1886.1016403573883,0.0
1989.9341034708907,0.0
1988.4069034534955,0.0
1934.4784803237721,0.0
1916.1236275764322,0.0
1997.6349520195322,0.0
2022.228271257786,0.0
1940.1294946811174,0.0
1850.722305586185,0.0
1757.509243979886,0.0
1669.0163523808462,0.0
1728.1999743499352,0.0
2022.0381422768614,0.0
2324.010564141953,0.0
2368.3698958370805,0.0
2214.420817960067,0.0
2124.4840264941868,0.0
2218.762708760626,0.0
2398.0780443523686,0.0
2507.668615661277,0.0
2523.563974284393,0.0
2516.7167560005278,0.0
2547.3474703103475,0.0
2707.4747200193738,0.0
2973.926408612933,0.0
3084.4829702398606,0.0
2911.8149363804364,0.0
2744.2169144283985,0.0
2763.3304744889165,0.0
2878.531562227333,0.0
3028.8199797834304,0.0
3155.212738345565,0.0
3163.7803893944215,0.0
3093.9699341566065,0.0
3165.627058086183,0.0
3350.277886322696,0.0
3381.464521136422,0.0
3287.3274404143176,0.0
3292.301978531064,0.0
3451.16626576198,0.0
3650.2175610386757,0.0
3822.4745330821306,0.0
3963.5428531514603,0.0
4017.2287853057237,0.0
4006.5103453450256,0.0
4000.8625778049322,0.0
4040.822659479867,0.0
4135.073196547384,0.0
4204.496408545204,0.0
4236.709479106437,0.0
4312.69585431886,0.0
4387.750762446205,0.0
4401.959477458908,0.0
4340.910371016192,0.0
4300.499671714168,0.0
4368.707559487746,0.0
4469.900495729493,0.0
4478.907150810883,0.0
4337.058689042225,0.0
4204.106622954604,0.0
4220.484283809385,0.0
4301.113701927839,0.0
4362.13864504087,0.0
4403.865619358953,0.0
4432.8427639224055,0.0
4463.101333657666,0.0
4475.966383834609,0.0
4487.340562163259,0.0
4524.42761280222,0.0
4481.215367618886,0.0
4314.430311697599,0.0
4172.191438704031,0.0
4198.742408310125,0.0
4354.96287066441,0.0
4536.66412240848,0.0
4600.625299179772,0.0
4434.198558160319,0.0
4150.615958098415,0.0
3967.1424365925063,0.0
3870.8686520935426,0.0
3773.6695312431043,0.0
3771.9494820605355,0.0
3878.529061829445,0.0
3909.1659914855295,0.0
3782.2008003964124,0.0
3582.256587131008,0.0
3422.0780358948277,0.0
3329.737077331415,0.0
3306.3680534189534,0.0
3277.9010622703427,0.0
3150.934715558652,0.0
2973.793912625333,0.0
2840.532337910092,0.0
2828.282340597963,0.0
2953.626975293886,0.0
3024.331120453239,0.0
2858.697077279563,0.0
2619.5774570869494,0.0
2523.4209628269655,0.0
2556.951914864188,0.0
2602.0029259347775,0.0
2617.9803861280934,0.0
2639.437055996811,0.0
2685.811226581688,0.0
2704.2277809171615,0.0
2658.6709648041665,0.0
2580.124997366221,0.0
2498.5780497101014,0.0
2409.5411325877103,0.0
2297.6831024348335,0.0
2120.56262888318,0.0
1918.380606450091,0.0
1794.3619880531626,0.0
1791.204924506974,0.0
1875.4693331328283,0.0
1951.0514686873237,0.0
1921.573229143583,0.0
1857.1619101414008,0.0
1900.7210278974635,0.0
1969.8938031514604,0.0
1885.9707160816774,0.0
1768.3668006193236,0.0
1807.336129288559,0.0
1948.0196991214575,0.0
2034.4626155032652,0.0
2010.4618848911045,0.0
1950.7395891045323,0.0
1965.8710816035764,0.0
2082.002772307548,0.0
2221.346865529582,0.0
2347.836585103741,0.0
2393.863008199507,0.0
2299.210043594552,0.0
2159.0624198914265,0.0
2083.6859765799113,0.0
2095.4358999741157,0.0
2161.876538381896,0.0
2189.7950902120133,0.0
2139.5522297170446,0.0
2183.222160597448,0.0
2426.2540116714667,0.0
2686.5596709622896,0.0
2791.234308493485,0.0
2829.6249241854966,0.0
2892.052758366674,0.0
2947.470989116895,0.0
3039.5548626740865,0.0
