22072.273596863764,0.0
21950.909402709527,0.0
21835.240119668695,0.0
20300.590198077676,0.0
15145.488715508236,0.0
7619.262217565463,0.0
2394.797687207142,0.0
700.6729648534815,0.0
415.5049468767672,0.0
226.31375173798676,0.0
41.652666204886735,0.0
43.01143413352811,0.0
236.81499125842976,0.0
520.876452210735,0.0
712.9211893867272,0.0
636.6468936299614,0.0
422.4348385772985,0.0
329.93117124776126,0.0
393.60291321596156,0.0
492.91613245419194,0.0
571.3898236241579,0.0
621.7956495012139,0.0
647.850258402981,0.0
663.2554041905943,0.0
686.9772429737862,0.0
788.1749857687432,0.0
938.3631841180704,0.0
1055.5828767026292,0.0
1123.2498457683018,0.0
1167.6837013741178,0.0
1217.0934335572692,0.0
1193.58358233259,0.0
1069.281342234391,0.0
1010.5636474922109,0.0
1079.920359581897,0.0
1147.9084577823853,0.0
1170.104792816668,0.0
1216.545476549468,0.0
1353.1130652281963,0.0
1562.5165464150489,0.0
1712.5325310888036,0.0
1726.1460937503878,0.0
1703.256180094621,0.0
1743.2096512503474,0.0
1826.548909782243,0.0
1888.7121165259532,0.0
1818.521646553674,0.0
1643.7011658540457,0.0
1497.7364865576528,0.0
1433.710278920531,0.0
1468.778561610262,0.0
1650.7890068815914,0.0
1911.5751380858762,0.0
2040.8386797966496,0.0
2028.5404022705552,0.0
2044.9533192407139,0.0
2155.7449329205615,0.0
2230.312441822827,0.0
2164.0771094611137,0.0
2120.568830973621,0.0
2167.6551635332444,0.0
2153.388968507583,0.0
1992.8021691147567,0.0
1845.8602974748903,0.0
1916.149453574505,0.0
2100.101156712768,0.0
2176.7078417006105,0.0
2163.0374389267718,0.0
2170.703189562952,0.0
2201.739202318168,0.0
2223.245375430745,0.0
2263.8189481245627,0.0
2372.5853318819018,0.0
2470.9912173456332,0.0
2502.737970717351,0.0
2504.2717646663596,0.0
2487.506389261417,0.0
2484.7246585862013,0.0
2570.7733049810845,0.0
2709.672241060858,0.0
2764.738120873117,0.0
2682.66523034877,0.0
2528.4004784638705,0.0
2387.920692287967,0.0
2372.033309132504,0.0
2547.6845412508796,0.0
2771.804717399882,0.0
2826.5710887057285,0.0
2732.190785615346,0.0
2669.8381112789375,0.0
2725.0863651889313,0.0
2830.205762766846,0.0
2918.6480951238664,0.0
3003.85931530596,0.0
3036.2326166041,0.0
2951.8826381864073,0.0
2801.3196134983937,0.0
2716.2713511940788,0.0
2741.3081533080162,0.0
2822.481053499861,0.0
2883.845216143243,0.0
2953.9023996567266,0.0
3044.596784868952,0.0
3085.817425901959,0.0
3066.507524784048,0.0
2960.4878305248,0.0
2805.133555010907,0.0
2724.685727025121,0.0
2718.0164618499434,0.0
2734.7709386927977,0.0
2779.5808866716734,0.0
2862.3087053808745,0.0
2972.6812348843546,0.0
3036.3071647493366,0.0
3008.399812931175,0.0
2874.347074711178,0.0
2762.0298147200156,0.0
2747.479118896318,0.0
2729.881744135833,0.0
2722.044895579365,0.0
2768.6529374605825,0.0
2809.7587225492275,0.0
2870.222689762008,0.0
2921.0960268648246,0.0
2901.4080125212918,0.0
2838.985716986925,0.0
2743.6324344201457,0.0
2631.0362463241563,0.0
2608.7424094631633,0.0
2768.2570792167216,0.0
3009.8531615961965,0.0
3070.474043022981,0.0
2901.2854897623056,0.0
2759.709392636929,0.0
2814.9325843546644,0.0
2904.5425094241327,0.0
2875.77135543488,0.0
2793.8052800126875,0.0
2721.9761224390522,0.0
2648.0120635591175,0.0
2521.7002905028203,0.0
2407.652951842289,0.0
2381.9174965245243,0.0
2430.0268630649193,0.0
2543.906658559651,0.0
2659.6324178151135,0.0
2651.7858613580415,0.0
2524.7359357098617,0.0
2390.802232254348,0.0
2325.365071561124,0.0
2319.3098726402873,0.0
2359.7385029712163,0.0
2446.8716059479048,0.0
2516.627996135827,0.0
2550.127761968951,0.0
2559.6432489558038,0.0
2557.7294888528513,0.0
2684.0099090435665,0.0
2841.962572137504,0.0
2775.2282092858854,0.0
2565.717966553355,0.0
2457.9664970134913,0.0
2472.2598149545424,0.0
2473.116859090963,0.0
2454.9234376580985,0.0
2501.533040130143,0.0
2667.5878706341728,0.0
2872.9008330736833,0.0
2903.934256164976,0.0
2754.148107756332,0.0
2576.5393938175393,0.0
2462.7667867072337,0.0
2401.685871776221,0.0
2339.5579110736685,0.0
2344.9179336137254,0.0
2376.8594481137884,0.0
2289.8247061571396,0.0
2169.2610801466626,0.0
2113.3203676208245,0.0
2116.6050339794924,0.0
2114.085064588252,0.0
2064.392259122781,0.0
2029.0094926808474,0.0
1999.4560159107878,0.0
1988.9468897425045,0.0
2036.1435562566528,0.0
2097.637506068965,0.0
2187.585053186253,0.0
2293.9714442669297,0.0
2308.0354950322626,0.0
2230.1203832995816,0.0
2140.9720471437686,0.0
2104.3912979978168,0.0
2168.411882773076,0.0
2256.2042879158316,0.0
2290.6224861133496,0.0
2337.0236360891095,0.0
2365.204578895426,0.0
2338.351739857481,0.0
2350.6094028876846,0.0
2305.81287827516,0.0
2143.03198482306,0.0
2021.5342460982495,0.0
1960.387340680054,0.0
1896.5608716613501,0.0
1881.8748253147264,0.0
2008.1061579458778,0.0
2211.2844431590524,0.0
2338.7549106276656,0.0
2380.154814760365,0.0
2347.8239380943232,0.0
2258.1094134230216,0.0
2182.8107813344955,0.0
2125.556194842646,0.0
2114.3765252319827,0.0
2128.5338682944553,0.0
2066.640587477143,0.0
2016.8582837365325,0.0
2130.879636838109,0.0
2280.6817963137037,0.0
2235.8946424035507,0.0
2092.581511816884,0.0
2069.242588986943,0.0
2089.4164515622974,0.0
2095.386232077515,0.0
2144.3558954761043,0.0
2167.102253467445,0.0
2181.341628906556,0.0
2226.031028971267,0.0
2201.4193445144847,0.0
2075.9642871631577,0.0
2010.179173402821,0.0
2099.3741798921455,0.0
2285.210157580356,0.0
2345.3255125708515,0.0
2226.0268744789087,0.0
2187.6472052093104,0.0
2290.548841995731,0.0
2358.880294815756,0.0
2362.955294381047,0.0
2434.009003061773,0.0
2478.9012195885994,0.0
2372.803782358281,0.0
2271.158757204785,0.0
2290.451181673803,0.0
2350.1921656281434,0.0
2415.1419726357703,0.0
2435.1228120053775,0.0
2262.0316796876505,0.0
2081.740236882733,0.0
2193.4839362930034,0.0
2405.425124561321,0.0
2452.8476481994758,0.0
2426.6532500809612,0.0
2403.453100066434,0.0
2434.7184775432015,0.0
2608.1534129683027,0.0
2843.7776168132928,0.0
2989.11084464427,0.0
2960.7456628334435,0.0
2843.7640048909907,0.0
2773.9603414565586,0.0
2743.6428300608177,0.0
2730.349929818152,0.0
2789.2994176906664,0.0
2870.703533215027,0.0
2894.7948335095375,0.0
2951.4857929645877,0.0
3124.5389730170145,0.0
3264.3512903991227,0.0
3178.760523844203,0.0
2909.155773750157,0.0
2725.63411732494,0.0
2749.284726580968,0.0
2948.2109753444643,0.0
3199.482426037877,0.0
3295.465609835542,0.0
3182.191097993634,0.0
3089.851088604442,0.0
3183.023898594688,0.0
3358.768266199819,0.0
3482.7602623539765,0.0
3486.119415950049,0.0
3368.66332520408,0.0
3306.20232238413,0.0
3376.4835304904677,0.0
3478.8541048105085,0.0
3609.826478133785,0.0
3748.8615480132576,0.0
3854.506556387802,0.0
3861.338867072512,0.0
3724.8969310518864,0.0
3619.873950214493,0.0
3686.1644259723885,0.0
3849.713529503635,0.0
3994.4419787733063,0.0
3983.769568304355,0.0
3863.368279398308,0.0
3871.74078286831,0.0
3996.2595521103353,0.0
4074.1740054534134,0.0
4109.258026991383,0.0
4180.198158912642,0.0
4249.539028138924,0.0
4301.128990315182,0.0
4416.27859425776,0.0
4587.213890408551,0.0
4701.780260632648,0.0
4667.286907403318,0.0
4482.081953359973,0.0
4340.10137439281,0.0
4376.245041194227,0.0
4473.018815770592,0.0
4492.007694457391,0.0
4428.679961538279,0.0
4375.0531110081565,0.0
4423.547220274787,0.0
4584.666863171039,0.0
4815.0750940301195,0.0
5025.892807360821,0.0
5126.802245504737,0.0
5116.336068637456,0.0
5052.230087667565,0.0
4949.431655984169,0.0
4912.5140867800765,0.0
4979.85424032935,0.0
5020.926471766103,0.0
5057.674737586222,0.0
5229.3392364903375,0.0
5503.4871409228845,0.0
5670.210827444768,0.0
5610.362367403361,0.0
5437.63898228761,0.0
5388.6658678139465,0.0
5552.478259712225,0.0
5753.997687791164,0.0
5824.693378214648,0.0
5781.754597534949,0.0
5712.360505410101,0.0
5699.874085298667,0.0
5767.45265016882,0.0
5827.935510520781,0.0
5823.379479806624,0.0
5770.546796021025,0.0
5755.906855357452,0.0
5868.519456957727,0.0
6027.4414521871195,0.0
6104.084197402201,0.0
6142.6671678981265,0.0
6235.756536506536,0.0
6334.125778461502,0.0
6345.586291405369,0.0
6305.555803880417,0.0
6258.210902617901,0.0
6263.975397463551,0.0
6393.970191656673,0.0
6519.204725435501,0.0
6476.317228439291,0.0
6396.489188417068,0.0
6464.786780054625,0.0
6594.066621846082,0.0
6668.397599031003,0.0
6676.546193376069,0.0
6628.585859968686,0.0
6636.233579833262,0.0
6756.503895284889,0.0
6885.541036950223,0.0
6968.144908521343,0.0
6963.6415877972795,0.0
6832.8218653406575,0.0
6693.499586324071,0.0
6650.81201822602,0.0
6683.888637508716,0.0
6795.927200290255,0.0
6877.915444771074,0.0
6868.9335178365245,0.0
6894.170928479821,0.0
6979.882714168179,0.0
7118.346646689798,0.0
7279.183538277517,0.0
7358.062706538587,0.0
7284.5144138588985,0.0
7109.998113502527,0.0
7009.68986729908,0.0
7032.942706902859,0.0
7069.636552794135,0.0
7062.700690331577,0.0
7084.454756039923,0.0
7213.373010885167,0.0
7423.892975323945,0.0
7632.1818649915285,0.0
7805.204273306244,0.0
7868.528337092099,0.0
7837.216906086824,0.0
7908.740703258056,0.0
7987.697368569405,0.0
7833.700164531233,0.0
7559.324848901617,0.0
7356.732027931132,0.0
7233.528998953724,0.0
7165.1290727108535,0.0
7222.482705490736,0.0
7404.466415532228,0.0
7558.352312807167,0.0
7567.157395532337,0.0
7482.29591567704,0.0
7488.948776166541,0.0
7664.012429276853,0.0
7820.764204809107,0.0
7780.436752673884,0.0
7659.452857466243,0.0
7728.571879347228,0.0
7913.601421827879,0.0
8005.737481734109,0.0
8015.360866462642,0.0
7969.142264876432,0.0
7880.904801599673,0.0
7746.59053880873,0.0
7629.562017674932,0.0
7699.184392529008,0.0
7906.924280525492,0.0
8045.961950410287,0.0
8048.342938948645,0.0
8003.442674740923,0.0
7938.875756878317,0.0
7804.411686631978,0.0
7691.460181756127,0.0
7701.253780798526,0.0
7767.154669607984,0.0
7816.248034115645,0.0
7880.134224793008,0.0
7973.6718013661475,0.0
7948.162845229869,0.0
7791.45655962148,0.0
7686.193428305758,0.0
7606.070681972674,0.0
7503.321914921544,0.0
7478.566445040741,0.0
7573.261157989933,0.0
7671.121012718718,0.0
7741.83648159659,0.0
7759.053614274002,0.0
7612.296208614779,0.0
7534.670639142792,0.0
7780.643747205083,0.0
8118.8051351058975,0.0
8237.780032158762,0.0
8154.983673520066,0.0
7996.626328763094,0.0
7790.563239156172,0.0
7529.089861338879,0.0
7275.327483069522,0.0
7140.142017162467,0.0
7141.52280777739,0.0
7228.401442381703,0.0
7383.268871777912,0.0
7481.498236904154,0.0
7401.566698990302,0.0
7268.8992182675975,0.0
7233.67669289059,0.0
7307.147125983107,0.0
7397.430250885952,0.0
7439.141905012446,0.0
7545.509496298717,0.0
7734.621259141238,0.0
7852.275578871594,0.0
7766.5820928363355,0.0
7582.858712530318,0.0
7504.63421261405,0.0
7507.984274118921,0.0
7559.698302400048,0.0
7604.0003174889725,0.0
7571.204305295768,0.0
7521.732853713335,0.0
7487.309042818244,0.0
7503.14116553363,0.0
7536.445521014577,0.0
7500.109662146034,0.0
7478.817933915853,0.0
7513.54034419044,0.0
7493.520265880042,0.0
7425.778698205736,0.0
7356.769223913272,0.0
7202.836182508645,0.0
7006.439023514984,0.0
6950.802327496327,0.0
7082.555179348832,0.0
7231.324736987917,0.0
7333.149011932992,0.0
7431.362981864854,0.0
7471.832405234761,0.0
7454.217528512543,0.0
7371.747318610002,0.0
7247.730217984551,0.0
7218.341141671386,0.0
7205.808145750269,0.0
7123.653964675223,0.0
7079.203572940616,0.0
7086.400638164771,0.0
7093.014886368019,0.0
7089.764116770333,0.0
7068.932367246894,0.0
7067.926347628937,0.0
7081.165473254629,0.0
7056.910988247971,0.0
7083.766243744177,0.0
7184.963371065058,0.0
7175.437611884057,0.0
7055.393998693531,0.0
7050.9845041571225,0.0
7172.774190838872,0.0
7343.1415933779035,0.0
7462.099511711427,0.0
7358.381267976724,0.0
7137.524422214817,0.0
7076.232181301869,0.0
7184.94228235322,0.0
7251.661961574245,0.0
7183.455398529841,0.0
7093.629036086498,0.0
7100.179858380994,0.0
7167.567784361544,0.0
7164.661864103341,0.0
7032.684075532908,0.0
6881.991890791424,0.0
6791.345897083932,0.0
6795.602147444388,0.0
6871.157878193924,0.0
6950.621983674233,0.0
7061.032492007865,0.0
7184.335603332783,0.0
7214.025310181054,0.0
7123.101383296016,0.0
6963.328778336573,0.0
6865.296209178374,0.0
6910.688070585434,0.0
7024.207892690231,0.0
7083.953975403741,0.0
7063.7195354243595,0.0
6932.775538910546,0.0
6743.821077885969,0.0
6652.265845368789,0.0
6730.5169810883235,0.0
6796.856417392385,0.0
6785.820496010255,0.0
6811.585404397104,0.0
6840.583399996235,0.0
6877.525145872587,0.0
6950.7707978559365,0.0
6995.782168193515,0.0
7060.266172918028,0.0
7143.373859925943,0.0
7203.869359330909,0.0
7280.40303336946,0.0
7349.768134209981,0.0
7319.876988671789,0.0
7178.713052650545,0.0
7102.501991777952,0.0
7158.030394102991,0.0
7224.738934798041,0.0
7286.832000219534,0.0
7370.1083199861705,0.0
7426.784569653101,0.0
7465.4515532522955,0.0
7535.255050629321,0.0
7618.552924375583,0.0
7686.644937774384,0.0
7720.9324884932785,0.0
7664.724801190011,0.0
7504.95675794705,0.0
7342.432002079446,0.0
7276.561554121546,0.0
7314.795492689432,0.0
7406.729322475128,0.0
7494.883738831382,0.0
7506.256434627875,0.0
7464.533485532529,0.0
7464.203776028293,0.0
7493.8818104058855,0.0
7467.020708819579,0.0
7438.410670818303,0.0
7537.702254589708,0.0
7683.079232466522,0.0
7706.354707231722,0.0
7679.767353938735,0.0
7700.874441341733,0.0
7740.012814484981,0.0
7776.370161271117,0.0
7798.609072974074,0.0
7815.320918340796,0.0
7890.770413846873,0.0
7993.889288696165,0.0
8005.35966607331,0.0
7981.705834392978,0.0
7984.378686005336,0.0
7973.645568169996,0.0
8009.510397303103,0.0
8080.849193438924,0.0
8140.061951306555,0.0
8207.950064471977,0.0
8339.680831919855,0.0
8555.006904326121,0.0
8731.734966871874,0.0
8766.924434062556,0.0
8642.46549326781,0.0
8539.957541580445,0.0
8638.457096476846,0.0
8823.539971639084,0.0
8956.323268681737,0.0
9002.606506641274,0.0
8978.254048483355,0.0
8936.513841605909,0.0
8915.033098580165,0.0
8836.940693411243,0.0
8642.11744925114,0.0
8548.671464120887,0.0
8694.72826595389,0.0
8883.485448386717,0.0
8952.601613718805,0.0
8994.240313924935,0.0
9027.96969576618,0.0
9006.579375406312,0.0
9064.681987765363,0.0
9260.153489367103,1.0
9449.153651404367,1.0
9972.290288607905,1.0
12877.265896155663,0.0
21443.351719066748,0.0
33343.04881468493,0.0
39063.770705146235,0.0
33387.41208836373,0.0
21589.11974762684,0.0
13104.126458533925,0.0
10183.562644485257,0.0
9673.862884198117,0.0
9701.604377156236,0.0
9867.478702749235,0.0
10008.26106787197,0.0
10089.030842478398,0.0
10125.500958588027,0.0
10105.338845196338,0.0
10150.324810531136,0.0
10287.560662956248,0.0
10411.493890447238,0.0
10505.533351491193,0.0
10547.132042404139,0.0
10506.576679532025,0.0
10436.33336583721,0.0
10404.708895880645,0.0
10452.04501812986,0.0
10553.8315367117,0.0
10637.20031280575,0.0
10632.87640470842,0.0
10561.776523073488,0.0
10450.118049090768,0.0
10407.731041779594,0.0
10610.036142327375,0.0
10907.670529347266,0.0
11005.051882972439,1.0
10973.728820042305,1.0
11400.616424639622,1.0
14291.112052260958,0.0
22722.37947719762,0.0
34320.5743902469,0.0
39845.43692309994,0.0
34241.34816150578,0.0
22651.068980789598,0.0
14362.974465069314,0.0
11605.43785826779,0.0
11238.683415865486,0.0
11380.432254170752,0.0
11502.663964064557,0.0
11516.366044822418,0.0
11535.711565728066,0.0
11520.129521071192,0.0
11384.03041549507,0.0
11237.575902403558,0.0
11195.178949564537,0.0
11260.898351667178,0.0
11388.650696595607,0.0
11488.046436938872,0.0
11524.833730614922,0.0
11567.364851181503,0.0
11629.238620868011,0.0
11745.74647582139,0.0
11903.406372758098,0.0
11887.141470891112,0.0
11722.97643894362,0.0
11679.455469279823,0.0
11755.925901048608,0.0
11798.041548882047,0.0
11819.67240077333,0.0
11945.93834729414,0.0
12138.150795213893,0.0
12237.928747922715,0.0
12209.912550840667,0.0
12128.433452406729,0.0
12082.773474037493,0.0
12149.663975175941,0.0
12252.405449683218,0.0
12273.967305549397,0.0
12300.892413272431,0.0
12375.537879916035,0.0
12426.361194697634,0.0
12475.458872319485,0.0
12490.279972327051,0.0
12445.438553959375,0.0
12390.134652722667,0.0
12299.717417064836,0.0
12174.160683441673,0.0
12163.843543648954,0.0
12288.540951965404,0.0
12407.20659086724,0.0
12444.667897281219,0.0
12440.46787911926,0.0
12449.086991637356,0.0
12417.181866340616,0.0
12297.823178897526,0.0
12264.115921421231,0.0
12452.225661080372,0.0
12676.860492784335,0.0
12736.392236413885,0.0
12694.37214764013,0.0
12708.207734763992,0.0
12728.419380795489,0.0
12668.358675287896,0.0
12625.753934941722,0.0
12613.177261474122,0.0
12582.141203091862,0.0
12591.124967118598,0.0
12625.792314007256,0.0
12613.503069647133,0.0
12534.506145169229,0.0
12413.014805351531,0.0
12407.680408138529,0.0
12545.873567496352,0.0
12628.115515862488,0.0
12630.20591816742,0.0
12664.94113998645,0.0
12706.02226650509,0.0
12700.562248077158,0.0
12675.064032724125,0.0
12632.551505503276,0.0
12628.956911010218,0.0
12653.96952375699,0.0
12607.027839188013,0.0
12526.900709166326,0.0
12565.31209849474,0.0
12705.927940235351,0.0
12822.64706230929,0.0
12818.123690935015,0.0
12747.95458160947,0.0
12770.594586927078,0.0
12864.332887870098,0.0
12909.594563553219,0.0
12895.118262614616,0.0
12858.724206901023,0.0
12788.020077195999,0.0
12739.807689466683,0.0
12760.163159978201,0.0
12798.522113488521,0.0
12821.146868780663,0.0
12788.736929372471,0.0
12693.103476712815,0.0
12644.85563648185,0.0
12737.794521709116,0.0
12925.480722637185,0.0
13050.917060789683,0.0
13049.59850223997,0.0
12989.186316791522,0.0
12832.74126908246,0.0
12545.605528531405,0.0
12322.033168641992,0.0
12313.376630256824,0.0
12380.821152274244,0.0
12337.651792629815,0.0
12307.08113905873,0.0
12422.537727434827,0.0
12509.35033704952,0.0
12491.86279544276,0.0
12410.015737017717,0.0
12335.572121809284,0.0
12431.570454944933,0.0
12671.695810975678,0.0
12809.564510438098,0.0
12722.258542288095,0.0
12519.295321467755,0.0
12413.88839903209,0.0
12489.981023715174,0.0
12542.642317066597,0.0
12497.318252336718,0.0
12522.224574542026,0.0
12622.220882192109,0.0
12616.643339138327,0.0
12526.027975359946,0.0
12548.452544131162,0.0
12611.248761398703,0.0
12556.094975519565,0.0
12424.843815155247,0.0
12334.593347675233,0.0
12306.771307653498,0.0
12225.687719603327,0.0
12046.442210020194,0.0
11899.437897658998,0.0
11832.36506595487,0.0
11820.485606123237,0.0
11923.456970368346,0.0
12054.993615664214,0.0
12037.636124361074,0.0
11964.151808973373,0.0
12001.603887141739,0.0
12149.278285991712,0.0
12276.231430893971,0.0
12294.64208858276,0.0
12255.32938735232,0.0
12209.766991670862,0.0
12117.994778872353,0.0
12096.387766481195,0.0
12239.44874707771,0.0
12334.27433269703,0.0
12210.965267828415,0.0
11974.689593349938,0.0
11812.671177467619,0.0
11738.90906895573,0.0
11677.20670330015,0.0
11713.816485868536,0.0
11847.98879800483,0.0
11904.72392645437,0.0
11893.493160915457,0.0
11919.967182541219,0.0
11916.615341183919,0.0
11842.875378039196,0.0
11859.091832387927,0.0
11950.847728005248,0.0
11957.715604252522,0.0
11906.612743842454,0.0
11925.745091126671,0.0
12035.031144731445,0.0
12111.285868012545,0.0
12053.858016506378,0.0
11975.764010523655,0.0
11944.340238727918,0.0
11935.188258687762,0.0
11991.148228468068,0.0
12009.106005289508,0.0
11964.79540202816,0.0
12030.044268266787,0.0
12192.5180742714,0.0
12333.906354008528,0.0
12401.845366815363,0.0
12322.682361561523,0.0
12089.012367422538,0.0
11877.924567814323,0.0
11825.663255649742,0.0
11836.267118758082,0.0
11816.656477331975,0.0
11796.860181809841,0.0
11772.003164726633,0.0
11795.496796606418,0.0
11852.667974339465,0.0
11848.351309380056,0.0
11847.550463191039,0.0
11937.135597087756,0.0
12006.434805623836,0.0
11982.622343190824,0.0
12032.666216355916,0.0
12235.019817037273,0.0
12428.01974658244,0.0
12470.402130994751,0.0
12416.429972388043,0.0
12266.226801453837,0.0
12128.885821159485,0.0
12159.30969462166,0.0
12203.988966599492,0.0
12144.760012173043,0.0
12159.394809620639,0.0
12269.922862607602,0.0
12254.943575302183,0.0
12215.426260793205,0.0
12283.490607878712,0.0
12308.745096758486,0.0
12225.76183702117,0.0
12100.839031423,0.0
12081.38922018517,0.0
12239.618446198067,0.0
12410.829868845309,0.0
12468.668187571224,0.0
12484.447661592547,0.0
12513.848362093384,0.0
12515.039601470555,0.0
12462.756024655557,0.0
12380.23538227904,0.0
12281.354104839163,0.0
12206.052895716299,1.0
12254.586521481862,1.0
12819.81321244679,1.0
15783.818139408477,0.0
24240.061690542756,0.0
35872.53143198713,0.0
41471.47364976822,0.0
36007.595557992696,0.0
24542.61881042827,0.0
16220.301058173245,0.0
13317.632199991547,0.0
12784.151262393316,0.0
12766.029447031908,0.0
12866.14803891406,0.0
13008.342996568974,0.0
13162.546639892365,0.0
13225.684384650289,0.0
13101.572189064467,0.0
12921.17219969994,0.0
12908.335005329984,0.0
13161.1458334437,0.0
13473.203771310738,0.0
13579.005472734483,0.0
13541.092363213738,0.0
13488.887216018795,0.0
13468.00337738549,0.0
13526.534436892109,0.0
13671.102454036816,0.0
13788.997947666228,0.0
13765.208746845929,0.0
13649.500365926127,0.0
13569.515688600695,0.0
13636.199880420407,0.0
13827.331261053218,0.0
13881.752670182248,0.0
13747.565900276115,0.0
13650.566573460334,0.0
13661.436441918566,0.0
13814.184346453661,0.0
14104.319726319183,0.0
14351.390307081916,0.0
14383.882746561434,0.0
14195.913701049993,0.0
14021.545279601956,0.0
14024.769744426389,0.0
14098.92069950827,0.0
14190.431015240823,0.0
14302.481249879225,0.0
14390.1172561034,0.0
14402.570284422081,0.0
14355.903523844974,0.0
14380.885885403566,0.0
14507.443562132688,0.0
14582.904351904095,0.0
14525.294416408578,0.0
14434.917810884192,0.0
14413.856429729058,0.0
14467.942203173166,0.0
14544.114707085893,0.0
14612.081367562498,0.0
14638.03061883261,0.0
14619.49541705004,0.0
14669.998352662442,0.0
14827.711874174875,0.0
15017.521856725538,0.0
15140.649388544292,0.0
15178.103202370583,0.0
15123.051343077574,0.0
14997.340943207108,0.0
14874.309552321352,0.0
14927.963636245355,0.0
15187.012282919011,0.0
15459.452699659216,0.0
15639.31190712049,0.0
15642.416107039828,0.0
15597.37300037048,0.0
15656.195293564895,0.0
15715.393085152184,0.0
15734.601301746297,0.0
15794.58249836581,0.0
15810.765865422374,0.0
15738.121081081072,0.0
15727.076399689553,0.0
15716.907780667607,0.0
15635.759688656095,0.0
15677.263737025447,0.0
15823.562824369896,0.0
15854.96798207298,0.0
15839.32248736343,0.0
15881.385355694554,0.0
15902.85811820934,0.0
15874.58225110382,0.0
15889.419996689747,0.0
16045.655165700413,0.0
16262.23016915721,0.0
16399.971101318788,0.0
16540.432636914247,0.0
16705.327934737492,0.0
16670.956756351963,0.0
16429.58049619275,0.0
16199.599153175664,0.0
16180.088936564798,0.0
16398.32318831771,0.0
16568.535691781544,0.0
16583.39730298755,0.0
16612.622589306764,0.0
16703.81139411008,0.0
16763.578379207032,0.0
16798.28235165521,0.0
16869.807501125502,0.0
16880.474186024425,0.0
16844.371698532308,0.0
16916.74758445827,0.0
16991.07846768356,0.0
16865.477994438777,0.0
16676.638685006677,0.0
16670.651828896673,0.0
16837.15691029102,0.0
16986.898483965222,0.0
16995.10359150279,0.0
16881.783383263177,0.0
16814.139915393847,0.0
16899.21502387964,0.0
16966.70573570474,0.0
16943.039016005227,0.0
16948.078931514643,0.0
16961.549749072256,0.0
16985.47551725864,0.0
17072.39794653475,0.0
17191.287686027183,0.0
17247.34322561238,0.0
17214.321202046583,0.0
17103.348264725257,0.0
16985.001443965637,0.0
16961.784075282027,0.0
17089.097601117526,0.0
17334.91599204153,0.0
17534.55930137675,0.0
17540.554431815606,0.0
17437.30883084747,0.0
17353.997041582064,0.0
17320.78103612881,0.0
17419.67973127758,0.0
17663.92260258081,0.0
17828.88847524825,0.0
17719.347786927512,0.0
17484.600110319006,0.0
17419.63463301742,0.0
17562.182216995963,0.0
17603.636297080866,0.0
17479.224275509474,0.0
17414.9630531939,0.0
17447.47548085891,0.0
17519.445826190407,0.0
17618.192394281505,0.0
17708.068115860784,0.0
17718.776574105897,0.0
17648.78441667817,0.0
17509.3752603486,0.0
17389.209504737726,0.0
17472.15135772846,0.0
17671.441720767398,0.0
17735.70077867585,0.0
17678.182577818417,0.0
17686.279069721837,0.0
17765.097158930577,0.0
17758.81017027347,0.0
17712.225046780866,0.0
17703.35685898947,0.0
17699.87878748964,0.0
17710.920710539423,0.0
17760.613978499212,0.0
17707.230450965973,0.0
17513.09415727293,0.0
17374.984923506338,0.0
17353.809398232428,0.0
17417.290270139634,0.0
17603.0531524305,0.0
17769.00033545346,0.0
17802.732387425294,0.0
17800.526897900552,0.0
17776.621566389444,0.0
17628.538498030346,0.0
17440.963778668476,0.0
17323.49498926038,0.0
17269.069689040436,0.0
17315.419168743898,0.0
17432.623786292694,0.0
17485.499329137034,0.0
17464.518185992492,0.0
17457.915119528,0.0
17502.08362482049,0.0
17597.879643963148,0.0
17661.08968063167,0.0
17613.24352531896,0.0
17513.221594582705,0.0
17378.91210609652,0.0
17261.52273406413,0.0
17255.900352463177,0.0
17322.232571453274,0.0
17382.402343850063,0.0
17447.894804215794,0.0
17496.725903420498,0.0
17471.225270880044,0.0
17398.518038990467,0.0
17279.325022110454,0.0
17113.536364793083,0.0
17134.226108474406,0.0
17351.655594007563,0.0
17431.55401379143,0.0
17326.866009796875,0.0
17253.194002139728,0.0
17293.322272040557,0.0
17378.573626104826,0.0
17356.009299498313,0.0
17234.170343520538,0.0
17131.22414132079,0.0
17134.62270269096,0.0
17226.695233577535,0.0
17267.034588593327,0.0
17202.914791012656,0.0
17103.726733925312,0.0
17042.783128009858,0.0
16966.486479995998,0.0
16858.675811456404,0.0
16850.36093939938,0.0
16946.652784267455,0.0
16993.87976416874,0.0
16938.878822855728,0.0
16919.226633157043,0.0
16978.31397477502,0.0
17018.234937938047,0.0
16972.30713490649,0.0
16859.5517405596,0.0
16804.338749335522,0.0
16841.859161403972,0.0
16950.338125798535,0.0
17057.10096939315,0.0
17007.759288233316,0.0
16806.947692517428,0.0
16693.822967336935,0.0
16815.967489627994,0.0
16978.795419713024,0.0
16966.983348512418,0.0
16908.988730868357,0.0
16997.166093016152,0.0
17172.50267345482,0.0
17237.92596044275,0.0
17142.594892160083,0.0
17093.829180713943,0.0
17171.26880948914,0.0
17220.08809730148,0.0
17188.192976074628,0.0
17050.43081360608,0.0
16919.875338885653,0.0
16916.184474258916,0.0
16880.10631413819,0.0
16808.145753001096,0.0
16818.140100755867,0.0
16862.216423962473,0.0
16904.84183225414,0.0
17001.567643857787,0.0
17118.149404224663,0.0
17117.40118843145,0.0
17012.82769702198,0.0
16970.601524473732,0.0
17012.94191080106,0.0
16977.018175489982,0.0
16848.8227038137,0.0
16768.042478404655,0.0
16784.967396697175,0.0
16866.42601360713,0.0
16962.092682891216,0.0
16974.50494625598,0.0
16858.70399842325,0.0
16777.04196849991,0.0
16842.580073115427,0.0
16844.981914194243,0.0
16696.400251191702,0.0
16656.384154312203,0.0
16794.847326583505,0.0
16919.716737855128,0.0
16999.478478709414,0.0
17118.714352525196,0.0
17262.342190787862,0.0
17315.096365582507,0.0
17286.77491698669,0.0
17273.84288801882,0.0
17264.52792793062,0.0
17195.506770549993,0.0
17103.07612246914,0.0
16989.390918402827,0.0
16795.240077429105,0.0
16718.95863322351,0.0
16894.39827324629,0.0
17119.464161629974,0.0
17225.273096595207,0.0
17220.745688973384,0.0
17163.408206979388,0.0
17160.825629621133,0.0
17278.952233405245,0.0
17384.09965707997,0.0
17377.452959684346,0.0
17375.871901798368,0.0
17407.898240050406,0.0
17358.744083903817,0.0
17242.989142931317,0.0
17216.33375165359,0.0
17270.93570507381,0.0
17308.317601176317,0.0
17307.39686637208,0.0
17246.61308188627,0.0
17175.52131776652,0.0
17237.82880551817,0.0
17423.16666721247,0.0
17527.90758351323,0.0
17475.13155816498,0.0
17438.528082061006,0.0
17550.483949407833,0.0
17649.41522568486,0.0
17680.798758164983,0.0
17743.72120645087,0.0
17824.786073436775,0.0
17880.093721036956,0.0
17890.721370088464,0.0
17860.63463364171,0.0
17821.695069767517,0.0
17820.378692630737,0.0
17879.156664338097,0.0
17985.606026788744,0.0
18111.886122136046,0.0
18193.50673066929,0.0
18194.57714490187,0.0
18143.106234885036,0.0
18164.43426864427,0.0
18260.930043523276,0.0
18282.263565076428,0.0
18266.477192800423,0.0
18345.350163125506,0.0
18412.72064673338,0.0
18390.975211528174,0.0
18345.02997969285,0.0
18293.55797331246,0.0
18282.966073989082,0.0
18350.716409267752,0.0
18489.505506174475,0.0
18611.873676095893,0.0
18579.676642927374,0.0
18450.523042873483,0.0
18400.979255133985,0.0
18466.082633254864,0.0
18537.341644781805,0.0
18570.70346053949,0.0
18581.670661241602,0.0
18647.8799467744,0.0
18814.999926283403,0.0
18944.386496006617,0.0
18927.064622998856,0.0
18857.933156544554,0.0
18972.17248948929,0.0
19247.66373581036,0.0
19331.379794620552,0.0
19163.258152009046,0.0
19035.613619410946,0.0
19055.416402905008,0.0
19066.964343188072,0.0
19075.57653726215,0.0
19236.364188968197,0.0
19485.967471583575,0.0
19653.161507932753,0.0
19768.615997940662,0.0
19912.403928473792,0.0
19925.48600212095,0.0
19803.161067321616,0.0
19771.911657077093,0.0
19911.020338477505,0.0
20081.588689035103,0.0
20114.32513762975,0.0
20022.499725247417,0.0
20003.06288614554,0.0
20103.608286220882,0.0
20119.142893207943,0.0
20000.68247406221,0.0
19946.99851256994,0.0
20035.883813638276,0.0
20122.616060526154,0.0
20105.296240444222,0.0
20083.132948584553,0.0
20200.19734974141,0.0
20406.18138506831,0.0
20517.299481047063,0.0
20482.19872119317,0.0
20403.691527527528,0.0
20377.297873817457,0.0
20414.812535143614,0.0
20446.18688423557,0.0
20437.834903552943,0.0
20495.54946304747,0.0
20650.357553679332,0.0
20913.439295171644,0.0
21202.566774861996,0.0
21259.633890705958,0.0
21116.58479856733,0.0
21044.422138563514,0.0
21077.465259358512,0.0
21099.372763538257,0.0
21022.713121692686,0.0
20858.44027394009,0.0
20792.247394617072,0.0
20938.583752425275,0.0
21120.320135289043,0.0
21190.45482685675,0.0
21206.693024753018,0.0
21244.50847849421,0.0
21332.919452015336,0.0
21399.177576668826,0.0
21394.13098143094,0.0
21416.822947642613,0.0
21477.050998669056,0.0
21432.607728811854,0.0
21342.246807830637,0.0
21354.082405289773,0.0
21387.758784435147,0.0
21328.214755011577,0.0
21281.824596684946,0.0
21390.12887496252,0.0
21608.414882984845,0.0
21807.88607083069,0.0
21864.34107528659,0.0
21757.283782025148,0.0
21676.845910393724,0.0
21746.817104817786,0.0
21850.03425232225,0.0
21907.38630724899,0.0
22006.93199249103,0.0
22047.962995629183,0.0
21913.053486198984,0.0
21783.673223546793,0.0
21750.836261740904,0.0
21759.698147457628,0.0
21769.80050937303,0.0
21768.51758124668,0.0
21820.600026211643,0.0
21931.890644348186,0.0
22114.80904137718,0.0
22351.754170695163,0.0
22539.8318006219,0.0
22614.041987217646,0.0
22539.79230908917,0.0
22380.77016791979,0.0
22286.381206106336,0.0
22296.88318348702,0.0
22293.97414980443,0.0
22222.905912374074,0.0
22192.530914316678,0.0
22221.058448635435,0.0
22197.16922542111,0.0
22187.768533013328,0.0
22280.598616579242,0.0
22410.29038547035,0.0
22507.171151421382,0.0
22565.987431153237,0.0
22610.48048960684,0.0
22604.393763240463,0.0
22569.397281121725,0.0
22574.628394939737,0.0
22572.46371074101,0.0
22497.77408746573,0.0
22461.86196584681,0.0
22556.225762571074,0.0
22716.070266886716,0.0
22808.53285322331,0.0
22777.08019512288,0.0
22734.60392193509,0.0
22764.176660713816,0.0
22820.86601612307,0.0
22810.87673062228,0.0
22722.24298921558,0.0
22582.250495672466,0.0
22461.565066733063,0.0
22451.280558181537,0.0
22500.99076711757,0.0
22529.340245314517,0.0
22495.047336990705,0.0
22359.68525203925,0.0
22261.31526655003,0.0
22331.630280886267,0.0
22486.23403382158,0.0
22520.4542630958,0.0
22422.565627427073,0.0
22370.129340081392,0.0
22350.592162879588,0.0
22327.41940835503,0.0
22398.765550257816,0.0
22550.34755326433,0.0
22641.74609706083,0.0
22544.377460634005,0.0
22327.77642542375,0.0
22172.566149155176,0.0
22092.05980667348,0.0
22079.71585624107,0.0
22217.694327799127,0.0
22418.4543536484,0.0
22541.26680861353,0.0
22592.408250505126,0.0
22550.64438323522,0.0
22469.750709925698,0.0
22509.2722032052,0.0
22595.893074296186,0.0
22583.492191544923,0.0
22563.88511013998,0.0
22556.07519506808,0.0
22475.964696919644,0.0
22383.92085853275,0.0
22389.034460366245,0.0
22413.083542053682,0.0
22296.113049348318,0.0
22191.74014559233,0.0
22255.933291869198,0.0
22294.94381752911,0.0
22173.343766629605,0.0
22049.195282631586,0.0
22006.425830299926,0.0
22067.553321634627,0.0
22236.85359210377,0.0
22410.953022368445,0.0
22446.769235254127,0.0
22298.71385395349,0.0
