4123.297455451273,0.0
3991.400373114501,0.0
3970.244258016941,0.0
3731.9223876540486,0.0
2815.2449862049134,0.0
1480.8905449082508,0.0
601.8878751183142,0.0
391.767398263821,0.0
404.53956471050105,0.0
364.9914708072996,0.0
317.93094648467405,0.0
375.59518387517744,0.0
541.7532405576266,0.0
757.6187291338899,0.0
918.5502491980826,0.0
923.3345984280407,0.0
846.3898745792126,0.0
836.1676198836825,0.0
912.1814734738982,0.0
1005.1954896695061,0.0
1082.666025451695,0.0
1140.2671108408838,0.0
1179.9542559381125,0.0
1209.4154116665027,0.0
1239.3682449018586,0.0
1309.2890422242654,0.0
1402.7539802184376,0.0
1472.734130521009,0.0
1509.6542209508848,0.0
1528.5249728612068,0.0
1545.456431476406,0.0
1515.8155195134423,0.0
1423.6322683255405,0.0
1364.1914448658995,0.0
1373.3046183662648,0.0
1376.8906867965525,0.0
1349.5726114573317,0.0
1331.5356669479825,0.0
1360.6035965613758,0.0
1426.9875089175896,0.0
1455.0988238250407,0.0
1400.9799069450687,0.0
1321.9981180082837,0.0
1275.2194506315757,0.0
1249.6907514237114,0.0
1208.6434573663755,0.0
1088.6273019903977,0.0
905.745835315162,0.0
736.6785087395341,0.0
612.0723639667871,0.0
542.0106002607986,0.0
554.1606082068304,0.0
609.7620132935905,0.0
588.669445822418,0.0
485.421518332193,0.0
397.8172837605665,0.0
363.75717359384515,0.0
308.75014912826293,0.0
173.20942230431655,0.0
51.081018944942414,0.0
-18.470574106852844,0.0
-122.15926464689008,0.0
-308.34608798125294,0.0
-485.13465810900425,0.0
-535.6540282846679,0.0
-518.9309470363334,0.0
-561.2503572780719,0.0
-652.5710971804942,0.0
-728.7193451832832,0.0
-788.2813106543936,0.0
-849.8587328549099,0.0
-896.8482388861429,0.0
-900.9031253551957,0.0
-906.8047342287579,0.0
-946.6038737573449,0.0
-999.2553433184543,0.0
-1057.7772833072509,0.0
-1103.5389688192495,0.0
-1093.5514232294456,0.0
-1048.307012498315,0.0
-1045.9825878057184,0.0
-1117.0259783491736,0.0
-1224.1851178514141,0.0
-1318.1827985589123,0.0
-1335.5403575657135,0.0
-1237.9141149646978,0.0
-1107.2437926684258,0.0
-1068.294287668981,0.0
-1109.5405433424064,0.0
-1127.2973104592384,0.0
-1072.6425763842187,0.0
-984.460347879682,0.0
-900.9747273190384,0.0
-814.6175101983274,0.0
-753.9434772495486,0.0
-755.6993438253108,0.0
-791.1379869228039,0.0
-785.017194517912,0.0
-712.0189051307822,0.0
-603.2547891911157,0.0
-502.44438563341106,0.0
-393.50706546687786,0.0
-269.85416579296304,0.0
-171.89524388031208,0.0
-106.23098881642133,0.0
-88.12946796355223,0.0
-96.4708459035858,0.0
-60.39714579397986,0.0
19.15264406358629,0.0
113.04627787859428,0.0
223.63710944082533,0.0
356.27246617566345,0.0
504.7687500490799,0.0
626.2258880692635,0.0
694.698700943821,0.0
701.5243366606974,0.0
719.642391679783,0.0
792.3056470392422,0.0
861.5030022928797,0.0
934.2949943352712,0.0
1036.0045009850576,0.0
1132.0460438217733,0.0
1236.40890935174,0.0
1332.2791442095847,0.0
1384.5168969894696,0.0
1408.8445568547008,0.0
1410.6761732041405,0.0
1398.8093825260153,0.0
1434.6581087918198,0.0
1570.4664046067867,0.0
1748.984141639841,0.0
1819.4465585652592,0.0
1753.7796268025406,0.0
1699.3035083050825,0.0
1752.8276616057801,0.0
1821.288614310339,0.0
1817.1634591626391,0.0
1777.7581712911142,0.0
1739.334550139229,0.0
1694.8776923772473,0.0
1615.663438423891,0.0
1538.7396059418188,0.0
1507.7197565195938,0.0
1514.401430017753,0.0
1554.2596880796666,0.0
1590.8034640780336,0.0
1552.3432469576717,0.0
1441.5276004011148,0.0
1322.8379118306543,0.0
1239.6166485709482,0.0
1186.8339994140504,0.0
1157.3064989569805,0.0
1151.3753959625078,0.0
1132.5709911032138,0.0
1090.3187148929385,0.0
1031.8930991534005,0.0
964.7394304574793,0.0
969.0766006818268,0.0
989.9019421963949,0.0
880.6880054338659,0.0
688.6227404440995,0.0
554.0243457647737,0.0
488.7980609018364,0.0
415.6510552093178,0.0
331.65952873720994,0.0
285.1330756382469,0.0
307.65216682312195,0.0
353.5849856531513,0.0
300.9331743638268,0.0
146.23106083278975,0.0
-22.63365120604865,0.0
-152.9050668437943,0.0
-250.70484774319962,0.0
-346.5546372670394,0.0
-400.9653370889869,0.0
-437.1296522945335,0.0
-538.1797977663797,0.0
-654.9748259600871,0.0
-731.111193899989,0.0
-769.4961494966117,0.0
-807.1994392617476,0.0
-867.7554905491021,0.0
-915.8162870829391,0.0
-956.1141507636,0.0
-980.97346717525,0.0
-968.163326621197,0.0
-942.4670506471193,0.0
-895.7206820112882,0.0
-834.7645293505356,0.0
-821.8582792960755,0.0
-856.8007252503738,0.0
-893.3657616163108,0.0
-895.0485804666763,0.0
-834.3909623460024,0.0
-755.4550108830738,0.0
-702.501293746495,0.0
-638.2029231967248,0.0
-579.9721797174634,0.0
-549.0229892207751,0.0
-491.59205208073377,0.0
-462.9116434501339,0.0
-498.05166618729726,0.0
-505.9999346178949,0.0
-476.04300610652876,0.0
-444.4935083656155,0.0
-381.9069241711098,0.0
-235.96846514306483,0.0
-43.562238669624,0.0
107.63325638748783,0.0
211.4145659230526,0.0
274.57135423648253,0.0
306.18159316205845,0.0
347.0725505364775,0.0
399.0286948127114,0.0
477.805251731771,0.0
571.2276268449561,0.0
620.9358452560429,0.0
677.1149374386431,0.0
826.3317570695339,0.0
994.9760171790141,0.0
1050.8312029081117,0.0
1048.616714842099,0.0
1113.1703284758594,0.0
1200.4261605470172,0.0
1277.059360423248,0.0
1375.5623817954956,0.0
1456.0381013636788,0.0
1528.385056240333,0.0
1614.6759125434876,0.0
1657.5636891100942,0.0
1638.773448523509,0.0
1650.0238570557922,0.0
1745.708780283633,0.0
1892.2492697029284,0.0
1962.15400665087,0.0
1924.5350243672276,0.0
1928.3474647367389,0.0
2008.0498815054866,0.0
2062.8499682936103,0.0
2075.6740796595464,0.0
2121.617630630281,0.0
2147.3052512564086,0.0
2081.2332828590243,0.0
2012.41257490506,0.0
2007.5631440125705,0.0
2020.625811188907,0.0
2031.4710297830097,0.0
2011.4325276506543,0.0
1875.784504859541,0.0
1731.0686121722565,0.0
1748.7608657948965,0.0
1819.1406946600578,0.0
1790.7694237079781,0.0
1715.8680173861503,0.0
1638.4885640693487,0.0
1588.300778638206,0.0
1615.7363295588877,0.0
1675.2150784158496,0.0
1679.6515846536258,0.0
1581.5258665281708,0.0
1429.813388117241,0.0
1302.5393108760143,0.0
1195.5696755799079,0.0
1096.319958187626,0.0
1036.694975304929,0.0
988.4734735407714,0.0
906.2706284087765,0.0
841.8719889481742,0.0
843.5435495633363,0.0
825.9156998545909,0.0
679.247426971199,0.0
427.53979026810975,0.0
225.7613237526281,0.0
143.5481471308818,0.0
162.9249879417652,0.0
213.78093626535053,0.0
177.49375797207543,0.0
23.42971327930246,0.0
-116.3280131074477,0.0
-147.2790350822773,0.0
-128.12787190677838,0.0
-135.5611064483325,0.0
-208.80076676833477,0.0
-347.74135343944704,0.0
-451.50833027614885,0.0
-475.3968306899177,0.0
-476.87710606110284,0.0
-457.7927919890575,0.0
-429.7676495502927,0.0
-416.41768333798046,0.0
-455.1017049403186,0.0
-571.1919948511559,0.0
-664.579085357462,0.0
-655.0983343521465,0.0
-585.120633147343,0.0
-521.0998125772086,0.0
-541.2472531453786,0.0
-619.4253900198133,0.0
-619.08986157661,0.0
-547.5233821625197,0.0
-497.9938432640295,0.0
-468.4259823013068,0.0
-413.86252057522694,0.0
-355.8710988117028,0.0
-303.8356453238781,0.0
-211.34376463299782,0.0
-83.01206647575107,0.0
16.75509599375196,0.0
34.68577790710479,0.0
-30.371400833547877,0.0
-67.57660150580607,0.0
0.09172783514813392,0.0
105.1113673009336,0.0
167.97019470506706,0.0
185.81562532487797,0.0
211.07620629692255,0.0
296.4042581390579,0.0
447.5374475858255,0.0
639.3763533887468,0.0
820.7381189377854,0.0
939.6133482824549,0.0
994.8711543283899,0.0
1019.2827207273544,0.0
1021.1169098259228,0.0
1059.9683793042689,0.0
1157.5269958062631,0.0
1238.7643004906142,0.0
1315.9681379974832,0.0
1468.6016602478242,0.0
1677.8261909910161,0.0
1823.1798137503217,0.0
1836.1826798567538,0.0
1781.7030946917782,0.0
1795.0143709418412,0.0
1926.88368922346,0.0
2076.8456247910767,0.0
2148.1970410164777,0.0
2150.600767167136,0.0
2133.8134424173413,0.0
2145.421114680875,0.0
2198.548380972915,0.0
2243.162087372726,0.0
2245.976725499937,0.0
2216.5034621676714,0.0
2204.188215554218,0.0
2259.9775445236646,0.0
2337.483348926373,0.0
2363.0509590229126,0.0
2362.001886707431,0.0
2387.3610658547095,0.0
2410.973565715384,0.0
2380.099796775181,0.0
2315.0912676920143,0.0
2241.3323993002277,0.0
2193.5284406228725,0.0
2212.5268361104604,0.0
2224.5973834300644,0.0
2136.3428480264365,0.0
2023.051166922301,0.0
1990.8818405121312,0.0
1990.1275712599909,0.0
1954.6089844349801,0.0
1878.114215638294,0.0
1766.6445317459227,0.0
1684.418207086149,0.0
1664.3382181284242,0.0
1647.1943648434249,0.0
1601.6473118787571,0.0
1504.6833915023128,0.0
1334.1339830701156,0.0
1157.7549280105336,0.0
1036.0470857630387,0.0
957.3562252520406,0.0
923.8129731640761,0.0
873.2920475531479,0.0
771.2083121002117,0.0
689.5510631622858,0.0
643.6527411764891,0.0
629.3855947916802,0.0
629.6432080863304,0.0
584.965680237063,0.0
455.2773642865486,0.0
270.318123808805,0.0
130.6659353290062,0.0
64.83718798417813,0.0
10.016078189047679,0.0
-66.24535086938934,0.0
-122.3114033332378,0.0
-113.03440292324473,0.0
-52.856472921938774,0.0
10.397898445755985,0.0
57.978773820289355,0.0
47.41541232113529,0.0
-12.529499084542831,0.0
-8.653649403451224,0.0
4.515031811623119,0.0
-110.59359080148081,0.0
-289.4431037404177,0.0
-421.9403851869361,0.0
-503.69439382779393,0.0
-548.7677911321541,0.0
-516.5318230100055,0.0
-407.6487316798994,0.0
-309.61477852241256,0.0
-289.4746194012558,0.0
-317.8577914472451,0.0
-288.80965813836804,0.0
-158.40155327490555,0.0
-33.68273851920879,0.0
-17.162980367963325,0.0
-42.327164704963934,0.0
45.705519733281065,0.0
204.26493164425995,0.0
313.5818257563541,0.0
379.38992051055425,0.0
416.73895058077375,0.0
433.30991177477756,0.0
426.53346211657555,0.0
432.4386827650202,0.0
547.748025204642,0.0
744.3963921355232,0.0
903.6689964297902,0.0
986.3660967113573,0.0
1043.3777670730612,0.0
1090.222717664712,0.0
1097.838687947652,0.0
1118.271671138587,0.0
1209.191798529132,0.0
1332.1384820990177,0.0
1445.0578404672217,0.0
1565.7488413385706,0.0
1702.4266062086308,0.0
1769.6500783671358,0.0
1760.1772414828263,0.0
1778.3196128304933,0.0
1808.7448126938446,0.0
1823.8376376793808,0.0
1880.9651450808187,0.0
2003.6251778409667,0.0
2124.995710436716,0.0
2227.500348633797,0.0
2295.8404175801015,0.0
2266.557955017947,0.0
2272.9613752393248,0.0
2460.6057422438803,0.0
2696.823888597076,0.0
2803.1727647188673,0.0
2789.5069230605177,0.0
2727.9988977113912,0.0
2634.5151562037913,0.0
2504.576055153064,0.0
2374.2777423091948,0.0
2307.0748761049877,0.0
2313.2540586144137,0.0
2363.573704244279,0.0
2448.0276625006227,0.0
2495.2864044503194,0.0
2435.8153533016425,0.0
2341.5117043439086,0.0
2298.4660733232663,0.0
2313.225818268859,0.0
2333.2981455138856,0.0
2321.378996696896,0.0
2342.4613939913143,0.0
2407.071627376853,0.0
2427.0883346665023,0.0
2327.1800700123094,0.0
2167.865275061601,0.0
2065.9147089232624,0.0
2007.8593178696974,0.0
1974.9225260926428,0.0
1935.4150782476236,0.0
1849.6906081010725,0.0
1752.6169041700134,0.0
1662.6335418522456,0.0
1600.181454892628,0.0
1546.7705286442304,0.0
1452.8028217708406,0.0
1367.0622154880077,0.0
1313.3010050337473,0.0
1228.3856459528226,0.0
1116.6271953569405,0.0
1004.9160003955101,0.0
845.632593653049,0.0
663.3734196365326,0.0
563.339136915943,0.0
572.5031650694649,0.0
593.5659884977282,0.0
590.1563839338409,0.0
587.3379173578211,0.0
554.3487717381591,0.0
491.2219752367521,0.0
394.29630973674125,0.0
277.1233884174683,0.0
217.87484699667826,0.0
172.1921280388529,0.0
90.71730722862759,0.0
35.05836066810141,0.0
13.333081286075297,0.0
-4.251128104812371,0.0
-22.90901580871315,0.0
-46.975148790864914,0.0
-54.961657619859814,0.0
-50.014627999195184,0.0
-61.73009698130747,0.0
-39.354880771369984,0.0
30.4117072154141,0.0
41.57152655938359,0.0
-5.796541479144064,0.0
17.7572786900925,0.0
118.2096695040219,0.0
251.02023991984225,0.0
358.8240810043573,0.0
343.4216984570125,0.0
265.10942908336534,0.0
282.1860295072637,0.0
400.45847252905435,0.0
498.34461532894824,0.0
522.426482094421,0.0
537.3775931151857,0.0
610.545197005583,0.0
721.3420833836634,0.0
794.4302727249108,0.0
795.8948235419298,0.0
788.6672267921799,0.0
817.5770260615407,0.0
902.3048076750783,0.0
1029.0486826488193,0.0
1158.9263353389374,0.0
1307.1262277747364,0.0
1463.01202112271,0.0
1565.2933244022538,0.0
1598.2078220969856,0.0
1591.0982359919262,0.0
1618.4469290971397,0.0
1726.7335345899746,0.0
1872.5460181716721,0.0
1985.7882762857403,0.0
2051.1692775131773,0.0
2050.8147485870886,0.0
2014.6329013679094,0.0
2031.3574894558276,0.0
2142.200175777177,0.0
2242.8581111214075,0.0
2295.6125207400573,0.0
2365.6271657351235,0.0
2433.472940239042,0.0
2501.6542141946074,0.0
2586.2322771544686,0.0
2650.084904378109,0.0
2720.382247090231,0.0
2796.504753358604,0.0
2854.721586807967,0.0
2917.0654096691464,0.0
2970.163474491191,0.0
2961.2157349864706,0.0
2883.2924105731213,0.0
2837.278281449682,0.0
2861.405735706526,0.0
2886.641499198213,0.0
2903.9630693047843,0.0
2928.184722392127,0.0
2932.0016550271403,0.0
2920.4091297271793,0.0
2921.643375470394,0.0
2925.7113965011335,0.0
2916.304239707323,0.0
2882.9136597093884,0.0
2793.2334515648995,0.0
2639.9545724353407,0.0
2480.989213023939,0.0
2373.465752589397,0.0
2321.864138621567,0.0
2297.5461269713423,0.0
2267.8334922588097,0.0
2191.169333297007,0.0
2081.374997230032,0.0
1992.8258047856689,0.0
1919.2759906969275,0.0
1811.4455174034588,0.0
1700.9968331975963,0.0
1662.465991452551,0.0
1649.2965017025883,0.0
1565.4745219276863,0.0
1452.6675319728254,0.0
1367.0423536075036,0.0
1291.9126847979987,0.0
1215.6591915422814,0.0
1132.0858206006421,0.0
1046.405160097004,0.0
995.7065195113122,0.0
962.4812003116199,0.0
878.6777953852605,0.0
776.9332570631644,0.0
692.6972294196652,0.0
603.4672029338601,0.0
543.8444521800596,0.0
507.6877298950022,0.0
467.95584348974467,0.0
436.764907480694,0.0
445.8972187157726,0.0
506.840786302936,0.0
549.7836031315221,0.0
515.9234471244757,0.0
395.0206121699083,0.0
291.18254479405493,0.0
307.04387871107366,0.0
377.16068079156696,0.0
422.06550706642616,0.0
422.21980447097127,0.0
386.7370323238679,0.0
346.12065908486943,0.0
321.9226924520042,0.0
270.0985970912703,0.0
156.17927324227568,0.0
105.00495752367554,0.0
195.59673779532642,0.0
315.1624901878183,0.0
370.62765067527704,0.0
414.64369419807053,0.0
458.2747241810546,0.0
474.32902720036,0.0
539.7212219524564,0.0
686.6837962230869,1.0
815.5843093832584,1.0
927.4294805262282,1.0
1244.458941275147,0.0
2113.00435484471,0.0
3317.911037911952,0.0
3917.7617033381066,0.0
3423.272148340301,0.0
2387.670198240387,0.0
1687.4788056213974,0.0
1473.4266331899182,0.0
1473.2580597258648,0.0
1568.6431521914178,0.0
1725.5578517389836,0.0
1867.406494417166,0.0
1974.630188263156,0.0
2055.936752626278,0.0
2103.975757601878,0.0
2188.199500381207,0.0
2323.8467569534637,0.0
2450.1969672895234,0.0
2557.4793703610812,0.0
2632.5196739052117,0.0
2658.0478663382246,0.0
2663.8629029233066,0.0
2688.8447767073735,0.0
2755.8700425462457,0.0
2850.6893732071103,0.0
2931.3736235217934,0.0
2958.0643657362957,0.0
2942.5651483413744,0.0
2899.729352836991,0.0
2892.306120954817,0.0
3020.6205453671746,0.0
3199.0266203350093,0.0
3257.4624756933495,1.0
3220.353117272317,1.0
3236.7238901217183,1.0
3538.756070208902,0.0
4415.49849187797,0.0
5596.188001355478,0.0
6133.377106332193,0.0
5509.774250100898,0.0
4276.367923990951,0.0
3418.4931632289545,0.0
3133.9941560416473,0.0
3096.698924701137,0.0
3142.6323325796257,0.0
3155.9973947465282,0.0
3102.3792449748994,0.0
3048.0150881806526,0.0
2969.8453977104814,0.0
2819.0450737405495,0.0
2658.899419058956,0.0
2555.141137223337,0.0
2510.3207993901224,0.0
2498.286407724367,0.0
2467.52458515345,0.0
2398.6788258858865,0.0
2331.1575588462388,0.0
2273.022466171627,0.0
2244.764323666886,0.0
2238.949631752605,0.0
2132.7065410272776,0.0
1941.233673804053,0.0
1818.6111059398054,0.0
1764.7651488022636,0.0
1691.610221182881,0.0
1607.3892376915296,0.0
1584.050836775843,0.0
1599.7362568924675,0.0
1564.0413434062277,0.0
1457.0054359187234,0.0
1321.4766789445612,0.0
1208.8581275768925,0.0
1163.358086490854,0.0
1141.3141723356784,0.0
1075.958935226847,0.0
1017.090808582894,0.0
989.1940453327455,0.0
951.5162996905926,0.0
916.9147758126563,0.0
866.9393165391575,0.0
787.2286055978311,0.0
706.11813761457,0.0
609.6373408140936,0.0
497.9010565439292,0.0
457.1372672880212,0.0
498.76678579743407,0.0
542.0990833268371,0.0
544.1488174445086,0.0
527.6048569409579,0.0
523.692223932817,0.0
501.87280938652066,0.0
435.26360764017227,0.0
422.9663057543347,0.0
542.911475369246,0.0
688.9295925322023,0.0
745.4787813553519,0.0
748.8549476059106,0.0
789.0839738125758,0.0
837.7015545612255,0.0
844.9427868073121,0.0
866.6106340262188,0.0
909.7285730377727,0.0
946.3401603128738,0.0
1009.7298444793698,0.0
1091.4715416471024,0.0
1149.7394134841752,0.0
1172.9833117783908,0.0
1174.8188836404213,0.0
1245.8382053353462,0.0
1401.4469227727436,0.0
1527.137861271645,0.0
1608.7703224350018,0.0
1710.6490661200762,0.0
1817.421374607922,0.0
1898.5052566834086,0.0
1968.778827623195,0.0
2029.6734420001515,0.0
2112.9179798967825,0.0
2212.307951443517,0.0
2269.958495169613,0.0
2307.774970636085,0.0
2412.350229885962,0.0
2574.0435897222615,0.0
2720.3621178663116,0.0
2795.2864761639435,0.0
2830.387594209109,0.0
2916.1467786849803,0.0
3039.8831797349335,0.0
3132.8846215949497,0.0
3188.475992108013,0.0
3228.1008586923745,0.0
3244.4614860006013,0.0
3269.8977215565214,0.0
3330.621591220016,0.0
3397.518834049662,0.0
3451.1263880498873,0.0
3468.811542497402,0.0
3445.774009100857,0.0
3445.2598047217966,0.0
3520.906878059115,0.0
3646.061794419924,0.0
3730.7777491959478,0.0
3738.091148364048,0.0
3706.7410701504145,0.0
3615.5848611391657,0.0
3444.8039610210553,0.0
3305.6836427220305,0.0
3284.9589255855813,0.0
3303.2178095733148,0.0
3253.635076894507,0.0
3206.8818131629027,0.0
3239.495274963476,0.0
3251.5950570331133,0.0
3200.0166751786537,0.0
3107.8065135487873,0.0
3016.2477625316783,0.0
3018.9055890268774,0.0
3100.9243362622115,0.0
3121.437625649175,0.0
3010.2923743598926,0.0
2830.44941943545,0.0
2704.260122167784,0.0
2680.057308310035,0.0
2640.7572488260544,0.0
2543.9425712845814,0.0
2486.223013170622,0.0
2470.6665657664753,0.0
2394.104348897645,0.0
2268.586495812382,0.0
2207.83327261423,0.0
2170.5222251696964,0.0
2066.280359206871,0.0
1919.3621668093194,0.0
1797.1081327105524,0.0
1712.0688565393582,0.0
1598.2692111040706,0.0
1430.2653759963553,0.0
1282.9936950294245,0.0
1184.0167854651281,0.0
1119.4119984293852,0.0
1123.575699979882,0.0
1147.3191425945652,0.0
1089.231164993275,0.0
1002.6333222871591,0.0
983.3794557248541,0.0
1031.2319009436744,0.0
1071.3625831863637,0.0
1053.6222982091444,0.0
1007.2385418240023,0.0
961.7975180006798,0.0
894.5093895404158,0.0
872.0926971788446,0.0
948.7236972057942,0.0
1002.5252343178822,0.0
936.2288903373392,0.0
810.0657514217231,0.0
731.2384315511283,0.0
707.7347413776429,0.0
695.8744130513838,0.0
744.9860612065063,0.0
854.5593887736261,0.0
924.2828892424737,0.0
959.4656632236139,0.0
1020.4891107693152,0.0
1068.5351737170245,0.0
1080.2139494957144,0.0
1147.1700078615825,0.0
1260.9567068804408,0.0
1329.50112439599,0.0
1368.0005007629763,0.0
1449.643020115223,0.0
1585.5949446975835,0.0
1705.0640388278075,0.0
1750.1525935460888,0.0
1785.3110709198018,0.0
1848.8237010857708,0.0
1926.436192949917,0.0
2042.3927976665843,0.0
2137.352500956552,0.0
2197.122972111251,0.0
2319.8025281371592,0.0
2498.027514878159,0.0
2663.7468010116545,0.0
2786.6742793778894,0.0
2824.3344207210234,0.0
2772.191234319212,0.0
2731.3630487431615,0.0
2779.583236170123,0.0
2861.618595997171,0.0
2923.892955374936,0.0
2983.3360212656553,0.0
3036.898562333695,0.0
3114.9187382906453,0.0
3208.7567290487577,0.0
3263.6902469776524,0.0
3316.729947880552,0.0
3417.42129167764,0.0
3502.2010315734,0.0
3529.192844113678,0.0
3593.853143574839,0.0
3740.9659950137525,0.0
3877.8286971003326,0.0
3923.436786067562,0.0
3908.771027734553,0.0
3833.826419639283,0.0
3761.0168409499565,0.0
3779.0065906277923,0.0
3799.865695948654,0.0
3755.9228359034087,0.0
3748.991980896804,0.0
3791.7190887038096,0.0
3757.3677144728117,0.0
3703.8239717892516,0.0
3706.82955720451,0.0
3680.36328236157,0.0
3587.0750268839975,0.0
3465.063828120519,0.0
3398.8946080858623,0.0
3430.080585488234,0.0
3464.487326495484,0.0
3429.9507114906382,0.0
3367.5153729756316,0.0
3309.285663770099,0.0
3231.5382973101,0.0
3120.0471542396454,0.0
2988.371577223153,0.0
2844.719438947549,0.0
2711.5206612117313,1.0
2629.7113338495974,1.0
2634.339831126119,1.0
2872.1469873580804,0.0
3620.6207729381995,0.0
4669.987935064033,0.0
5161.054128810125,0.0
4602.769274940897,0.0
3447.9430032893447,0.0
2554.801642558274,0.0
2147.7725203361274,0.0
1969.87141702681,0.0
1882.7819334682192,0.0
1847.6031306677492,0.0
1837.5674716696358,0.0
1836.433224790636,0.0
1785.4394417210156,0.0
1629.7621043065756,0.0
1444.642526900004,0.0
1358.5038516553775,0.0
1427.7382161030919,0.0
1534.3615915698583,0.0
1526.531918275681,0.0
1440.2480940333426,0.0
1349.7942075453798,0.0
1281.4459385854102,0.0
1262.883762523028,0.0
1298.0235033132758,0.0
1322.4294062869312,0.0
1270.330292984352,0.0
1170.297760056272,0.0
1095.4825052111773,0.0
1109.4557605980624,0.0
1199.5131761226853,0.0
1216.1063990235982,0.0
1129.501430304733,0.0
1068.9678970930395,0.0
1074.9320408523695,0.0
1166.8020767024773,0.0
1341.9225115028316,0.0
1496.856727409828,0.0
1533.2706354336713,0.0
1447.662183688384,0.0
1373.9185635741278,0.0
1405.786629119313,0.0
1482.006401215334,0.0
1571.711557167567,0.0
1676.519398734653,0.0
1770.4707415774217,0.0
1824.2652951199902,0.0
1846.8635044270652,0.0
1912.902320986353,0.0
2039.262384347942,0.0
2138.2516035961694,0.0
2162.6564012154586,0.0
2169.638670761823,0.0
2217.373506554967,0.0
2308.9146501326895,0.0
2413.5883494499785,0.0
2513.7570900976575,0.0
2589.7675026708885,0.0
2639.915997823556,0.0
2728.921811213427,0.0
2878.357414887253,0.0
3044.9252797112003,0.0
3171.780784224595,0.0
3247.775220197781,0.0
3268.729452065252,0.0
3246.8949309860213,0.0
3224.017537627449,0.0
3299.500543259957,0.0
3489.55299751777,0.0
3684.0044899457366,0.0
3821.9614545718096,0.0
3855.0262878302397,0.0
3856.6640081566184,0.0
3913.7565566556627,0.0
3966.887090069948,0.0
3992.8024119731026,0.0
4037.6287632120925,0.0
4052.830511970419,0.0
4012.5314750952116,0.0
4002.801682739757,0.0
3988.812114119092,0.0
3929.376738967996,0.0
3935.358218888025,0.0
3996.5279733709003,0.0
3987.096196593912,0.0
3945.9459714309805,0.0
3933.117734022526,0.0
3903.8415395603156,0.0
3841.504596324963,0.0
3799.386150537346,0.0
3833.886658930881,0.0
3898.72294802956,0.0
3914.3472422740115,0.0
3927.6270552466585,0.0
3951.1762695126886,0.0
3857.086851446255,0.0
3641.1343883245345,0.0
3428.60520238277,0.0
3333.7316462408025,0.0
3372.3742124289315,0.0
3381.141551198569,0.0
3298.833465705158,0.0
3222.907040537552,0.0
3180.8977833618756,0.0
3119.612487929387,0.0
3042.9817795512977,0.0
2986.737239378164,0.0
2895.239621883165,0.0
2776.856398476967,0.0
2720.7904821463435,0.0
2666.3419457257096,0.0
2498.2003975964885,0.0
2294.94053799061,0.0
2197.7812168970772,0.0
2201.0802162609375,0.0
2196.7461332978733,0.0
2113.60734310218,0.0
1963.3956987296513,0.0
1842.1238179439404,0.0
1811.3446133422842,0.0
1773.779725821688,0.0
1687.5323990097477,0.0
1621.4659634031807,0.0
1564.180375550851,0.0
1517.0324280939114,0.0
1510.2940062333678,0.0
1526.3655860755587,0.0
1511.1134670905415,0.0
1449.6481183961614,0.0
1348.4638153827314,0.0
1248.0825186347074,0.0
1207.291847830513,0.0
1257.8893018584906,0.0
1381.5895785368252,0.0
1484.1254772011007,0.0
1481.0654725689722,0.0
1420.7464477564026,0.0
1377.123254044758,0.0
1367.433406126828,0.0
1438.5925688827379,0.0
1598.106641902497,0.0
1717.2591783025282,0.0
1684.1478614813466,0.0
1584.1482420675288,0.0
1586.0487997714501,0.0
1711.303462819053,0.0
1783.0210394449673,0.0
1763.9272093054633,0.0
1783.254234415604,0.0
1861.764750319032,0.0
1966.4150404921572,0.0
2089.709374228929,0.0
2210.990059653013,0.0
2289.747487061058,0.0
2324.8401033115924,0.0
2322.4578370729187,0.0
2333.0932101265466,0.0
2461.7509626791043,0.0
2658.458321049742,0.0
2778.9683621694285,0.0
2830.5735055731043,0.0
2920.284094688674,0.0
3050.7240046881625,0.0
3132.3586134403054,0.0
3190.5471647110994,0.0
3269.667689994317,0.0
3350.91420182154,0.0
3439.2251277374917,0.0
3548.1347588292565,0.0
3596.2042996283544,0.0
3561.5876454247527,0.0
3556.7079176132843,0.0
3616.1896592890234,0.0
3721.305689036146,0.0
3893.369591050706,0.0
4050.788167609392,0.0
4128.98740354203,0.0
4182.90529672012,0.0
4220.51362513494,0.0
4182.961551964239,0.0
4118.592714647536,0.0
4090.031934492552,0.0
4093.114818208913,0.0
4149.344593174647,0.0
4241.501071818334,0.0
4292.101511050424,0.0
4295.6377541115135,0.0
4302.602782515932,0.0
4333.82036110577,0.0
4389.781396491325,0.0
4422.27950390059,0.0
4386.414792068643,0.0
4315.958603429413,0.0
4221.225362788332,0.0
4131.62684450571,0.0
4101.581437797738,0.0
4108.411216963017,0.0
4107.5189166745195,0.0
4105.633223269698,0.0
4090.331449757013,0.0
4028.769279944765,0.0
3936.673970320255,0.0
3814.665108528337,0.0
3662.898594969213,0.0
3615.074184385632,0.0
3677.3083891475844,0.0
3658.431012377038,0.0
3531.754229026202,0.0
3421.008704247708,0.0
3373.8735096652144,0.0
3351.2990325000233,0.0
3265.9879585173053,0.0
3123.1179430854068,0.0
2990.6466930961337,0.0
2918.9442977680987,0.0
2898.182788229785,0.0
2848.248688249244,0.0
2739.2374604117285,0.0
2611.172044823902,0.0
2506.317471758083,0.0
2394.258932579647,0.0
2266.0138472125464,0.0
2196.8701628553767,0.0
2190.01214556974,0.0
2157.688659146569,0.0
2069.695154122477,0.0
2005.0436547570034,0.0
1988.799387496121,0.0
1965.1020081824865,0.0
1895.9584752499306,0.0
1792.4403153728144,0.0
1725.9328135610167,0.0
1716.7381365756721,0.0
1752.5216213919805,0.0
1791.784984841078,0.0
1746.220309434698,0.0
1618.5674532560874,0.0
1545.8482875282389,0.0
1612.6273639675937,0.0
1707.509275532142,0.0
1707.2056397733556,0.0
1685.2763475150666,0.0
1751.8542155865096,0.0
1873.1090365678972,0.0
1936.1332051719535,0.0
1911.7411287677644,0.0
1918.5657453460751,0.0
2002.1074242933232,0.0
2073.5834058485098,0.0
2103.0240970277564,0.0
2075.8723354759745,0.0
2056.711186646815,0.0
2113.8796988079125,0.0
2155.985511736016,0.0
2180.8172030164073,0.0
2255.631913528214,0.0
2352.7812706867126,0.0
2451.6726297124833,0.0
2583.8627459978634,0.0
2729.4778264391975,0.0
2809.6865792319604,0.0
2831.9434823101287,0.0
2891.12204826283,0.0
2999.6557985025934,0.0
3064.005356318131,0.0
3075.851708952017,0.0
3114.8869386136994,0.0
3209.6089325405196,0.0
3340.7215455802275,0.0
3479.106418524754,0.0
3568.654507279267,0.0
3583.3262036232045,0.0
3615.8026985469087,0.0
3730.544069210739,0.0
3806.8231993961813,0.0
3794.0636332685276,0.0
3840.633519086689,0.0
3986.315577798936,0.0
4120.87602129338,0.0
4226.0361165523445,0.0
4350.011056931351,0.0
4483.956052170582,0.0
4561.669580967608,0.0
4588.581752091784,0.0
4619.76711096534,0.0
4648.333308854489,0.0
4637.88312530133,0.0
4609.082891730008,0.0
4563.06430717535,0.0
4465.834849406646,0.0
4430.9029724479715,0.0
4534.868314564827,0.0
4661.96860481557,0.0
4715.478040226103,0.0
4700.507987881465,0.0
4650.0217059732095,0.0
4625.654907258305,0.0
4665.232624613575,0.0
4692.272091120019,0.0
4650.277998833671,0.0
4606.277952585517,0.0
4576.740794608087,0.0
4496.073769595523,0.0
4372.781988948248,0.0
4296.198242422362,0.0
4262.017161033868,0.0
4214.044918420795,0.0
4140.420847286452,0.0
4029.022934171943,0.0
3908.464916156723,0.0
3861.2873855482853,0.0
3881.8091029398897,0.0
3853.6883433217176,0.0
3733.1502148534296,0.0
3619.9382126974447,0.0
3590.149839725252,0.0
3551.5453530151412,0.0
3473.19725668573,0.0
3412.1455403734903,0.0
3361.0186003008243,0.0
3294.978000116679,0.0
3203.4880065722828,0.0
3089.1185687525667,0.0
2970.4118349918,0.0
2874.275466759881,0.0
2813.866273831648,0.0
2782.353461333553,0.0
2764.0707953445326,0.0
2722.3572113780087,0.0
2636.920721000988,0.0
2524.0520617291195,0.0
2455.76853091055,0.0
2433.6567951015263,0.0
2371.8487450859593,0.0
2292.334977126697,0.0
2270.7711082827705,0.0
2246.541872997867,0.0
2175.3655792362765,0.0
2094.5648009480847,0.0
2014.9652843571953,0.0
1963.2583648006732,0.0
1960.9965748807874,0.0
2004.080512016467,0.0
2042.492138424586,0.0
1997.171478615902,0.0
1901.1387929684784,0.0
1855.5177644100033,0.0
1880.3678325082556,0.0
1913.5390085003141,0.0
1929.764523855209,0.0
1937.8645747181706,0.0
1982.2232412983828,0.0
2088.9011816953584,0.0
2178.3958937176067,0.0
2188.178695727971,0.0
2172.4534990883935,0.0
2265.741200374138,0.0
2455.2057653788243,0.0
2538.5027276740743,0.0
2481.040356276122,0.0
2450.00305677852,0.0
2506.4259044345363,0.0
2560.9137445925144,0.0
2616.270012627682,0.0
2761.067251173232,0.0
2958.7622999097716,0.0
3111.0357107426557,0.0
3235.1764405785316,0.0
3376.758776632834,0.0
3444.425034767872,0.0
3435.195812878557,0.0
3478.4766006319855,0.0
3619.3775969507215,0.0
3778.0675149906647,0.0
3857.311267695367,0.0
3864.4194762714856,0.0
3911.8901887726015,0.0
4026.6963303746215,0.0
4091.172152570879,0.0
4076.996276673955,0.0
4097.731512075341,0.0
4197.67022225739,0.0
4293.69045597462,0.0
4327.202783296001,0.0
4354.792599734904,0.0
4458.747298824398,0.0
4610.055347492271,0.0
4703.282365903394,0.0
4708.84516941432,0.0
4685.457626142182,0.0
4687.672519920237,0.0
4722.112910570282,0.0
4748.55023057354,0.0
4747.652602049381,0.0
4779.92017032784,0.0
4863.055506074891,0.0
5003.413201677298,0.0
5153.875291838757,0.0
5166.624878860353,0.0
5059.9599212023395,0.0
4989.092815093489,0.0
4973.717005644528,0.0
4947.267633244059,0.0
4859.7523788544795,0.0
4717.536385420267,0.0
4627.065895370824,0.0
4654.005737495492,0.0
4697.0643947723,0.0
4672.218305321407,0.0
4612.6841472572205,0.0
4561.868067666839,0.0
4536.587165803178,0.0
4495.394890175867,0.0
4410.369436736654,0.0
4338.464326630027,0.0
4285.537140639317,0.0
4170.409638841222,0.0
4026.9926893790876,0.0
3940.377311813428,0.0
3864.828267697184,0.0
3734.742203434842,0.0
3611.3256308388973,0.0
3575.9269307490595,0.0
3603.2394956493863,0.0
3619.807957132387,0.0
3554.809135018274,0.0
3396.8063096840633,0.0
3254.9773328714336,0.0
3200.5068707418664,0.0
3166.594622320082,0.0
3108.2262763135604,0.0
3076.1116864515225,0.0
3012.856811135173,0.0
2851.4868171851454,0.0
2696.180838813532,0.0
2599.3092023362733,0.0
2529.7061457827103,0.0
2464.432961372212,0.0
2396.4773273728324,0.0
2363.123786289601,0.0
2367.9098763992374,0.0
2418.1252202044648,0.0
2503.853376663284,0.0
2566.3194720454694,0.0
2568.4329309933555,0.0
2490.499717171846,0.0
2369.0889685058773,0.0
2289.839263014713,0.0
2275.8683277101086,0.0
2259.4771493245153,0.0
2209.3429916499726,0.0
2187.8110955374436,0.0
2205.3020447737545,0.0
2198.0440642815634,0.0
2204.3078243621676,0.0
2274.2786376066438,0.0
2370.4452570066996,0.0
2452.8148389337844,0.0
2518.267362728643,0.0
2580.270226277779,0.0
2617.917138747738,0.0
2643.45800021008,0.0
2696.3099701449732,0.0
2749.0129520219434,0.0
2764.0685939791642,0.0
2804.999133635868,0.0
2923.9739241276966,0.0
3083.649525755031,0.0
3207.6932536147674,0.0
3263.4727757689698,0.0
3315.3682167341517,0.0
3410.6761360478426,0.0
3523.384319037544,0.0
3599.4934979652926,0.0
3631.8592615936273,0.0
3635.810858973668,0.0
3651.516483655242,0.0
3730.840833992965,0.0
3844.6181181804754,0.0
3945.9599928604052,0.0
4010.9279357363457,0.0
4017.220897468484,0.0
4043.607324419518,0.0
4165.213526542294,0.0
4333.428173059042,0.0
4430.770651242672,0.0
4450.2590079026695,0.0
4493.314783429412,0.0
4552.500098078184,0.0
4606.654520556819,0.0
4711.758563773252,0.0
4859.41750071935,0.0
4969.017521037076,0.0
4966.735980373567,0.0
4892.216885557282,0.0
4848.733739499794,0.0
4843.765396250802,0.0
4873.436757704105,0.0
4984.683930391132,0.0
5127.280548221799,0.0
5220.559012735073,0.0
5268.051733329103,0.0
5257.554510955316,0.0
5219.8350877328,0.0
5246.247737387846,0.0
5294.816823316814,0.0
5281.8924173343175,0.0
5260.096478746906,0.0
5240.37246849259,0.0
5174.640173282685,0.0
5097.564033119609,0.0
5071.726480342529,0.0
5052.461448828913,0.0
4948.314039436454,0.0
4847.411407674698,0.0
4839.2416530996725,0.0
4813.0413480192465,0.0
4691.457550787175,0.0
4565.216721323333,0.0
4482.603772501639,0.0
4456.748289904333,0.0
4490.34351175914,0.0
4524.446339454991,0.0
4477.382623652957,0.0
4323.315311017797,0.0
