2704.5711202460975,0.0
2678.5089844572017,0.0
2928.322767804081,0.0
3032.598331313982,0.0
2434.537077993475,0.0
1368.9561306934086,0.0
655.0631551253282,0.0
520.4372136141295,0.0
513.9960234222395,0.0
346.99721156919117,0.0
161.72940658439418,0.0
187.08595348289776,0.0
431.14303351476195,0.0
776.9729770950585,0.0
1016.1558589119221,0.0
947.0993648128442,0.0
718.5869440145015,0.0
627.0862903115034,0.0
711.8152403504719,0.0
834.9173140394607,0.0
931.7203106914113,0.0
993.8281910076133,0.0
1025.3568780199403,0.0
1041.8380380628582,0.0
1064.8262851675863,0.0
1173.2282747081547,0.0
1334.4058080442094,0.0
1454.6394613140587,0.0
1514.9070616863228,0.0
1545.2120271691795,0.0
1577.7266168042725,0.0
1523.414546810551,0.0
1350.398576140665,0.0
1248.7328828968887,0.0
1289.796712214583,0.0
1325.706489511916,0.0
1305.7205630021,0.0
1309.872237089564,0.0
1413.4605101830987,0.0
1596.773585581888,0.0
1708.8059219663546,0.0
1661.6355347957071,0.0
1569.4662006505891,0.0
1545.881264865216,0.0
1568.7459846520944,0.0
1564.4061081396885,0.0
1405.9607383420303,0.0
1125.2060441157234,0.0
874.7751132150773,0.0
715.4530405595418,0.0
666.9887243191613,0.0
784.2025579694802,0.0
989.3819426701289,0.0
1042.4427304759708,0.0
932.0932293384129,0.0
853.0454932993947,0.0
880.5104925227541,0.0
865.47514222245,0.0
688.6620051128453,0.0
537.0982952317538,0.0
488.52512657611317,0.0
369.55906888849665,0.0
83.33914324185407,0.0
-187.16956081236546,0.0
-209.1665832799805,0.0
-100.75980128631645,0.0
-114.225524393423,0.0
-229.8514031205724,0.0
-319.9130986921329,0.0
-381.8768688498518,0.0
-453.1220478548603,0.0
-500.7733821352126,0.0
-468.5068302419768,0.0
-445.8691066553393,0.0
-496.9867981839996,0.0
-580.0354375999079,0.0
-681.2233644875344,0.0
-763.4946106490131,0.0
-741.1728266845926,0.0
-655.2030206293396,0.0
-661.5863424357327,0.0
-821.0772717558096,0.0
-1059.341084346443,0.0
-1278.0263268027063,0.0
-1350.423072394484,0.0
-1199.9402497180297,0.0
-989.9293610963949,0.0
-969.1537486585952,0.0
-1114.4499104505155,0.0
-1218.768021645928,0.0
-1184.2884758352593,0.0
-1088.3437967276918,0.0
-1006.927747916454,0.0
-924.6559830404366,0.0
-898.1900913340967,0.0
-1000.51553768994,0.0
-1173.9378703604223,0.0
-1267.9869290557758,0.0
-1231.7769253312777,0.0
-1126.9866019271353,0.0
-1040.4349466608896,0.0
-939.626833672763,0.0
-810.9940778591889,0.0
-734.7229108259089,0.0
-723.5434325459731,0.0
-807.4724137644856,0.0
-943.9285486534931,0.0
-991.100074658834,0.0
-950.4120240781865,0.0
-879.5374397177361,0.0
-773.338267645224,0.0
-620.7085505590908,0.0
-433.5536410266063,0.0
-297.03765851826506,0.0
-262.50940789660825,0.0
-346.85074394970997,0.0
-404.15789480015184,0.0
-347.7678335029213,0.0
-293.0577778341511,0.0
-225.60311007853682,0.0
-94.56444493840135,0.0
31.358593590720304,0.0
180.35267673137216,0.0
319.1285314516184,0.0
377.81248247675256,0.0
387.97752882850455,0.0
360.60562149706374,0.0
313.402597008322,0.0
369.017933405337,0.0
631.7792184354785,0.0
987.5421490526817,0.0
1135.5697226892678,0.0
1019.8670205469809,0.0
934.3257235701825,0.0
1072.038143491324,0.0
1247.2661343050322,0.0
1285.2960083966839,0.0
1260.421935552986,0.0
1244.8264074769047,0.0
1224.3257491378804,0.0
1141.3982701752711,0.0
1069.7121649262206,0.0
1096.0083691243449,0.0
1203.6283495626722,0.0
1383.2260649115144,0.0
1561.659051756028,0.0
1595.5410179539958,0.0
1489.7711537313724,0.0
1372.58715731155,0.0
1330.0359317945827,0.0
1351.6438199934755,0.0
1422.6254395263281,0.0
1543.1938603795431,0.0
1640.111504265254,0.0
1691.7920290659852,0.0
1712.2500455348875,0.0
1715.8341583746594,0.0
1862.0732734243832,0.0
2040.722909712027,0.0
1958.9432164900784,0.0
1710.3621019913337,0.0
1574.407231282519,0.0
1574.3236913371782,0.0
1555.4105367298143,0.0
1511.3430764973507,0.0
1538.0185336113561,0.0
1697.970933664075,0.0
1899.7074536665316,0.0
1899.3974315437106,0.0
1689.7028478877126,0.0
1445.5565484439373,0.0
1271.8227152921795,0.0
1155.9250039332635,0.0
1036.631585182566,0.0
992.4082316440985,0.0
976.6946514605257,0.0
823.3766066929629,0.0
630.2560580061188,0.0
509.6529595068344,0.0
455.59058229340746,0.0
393.96776446940595,0.0
277.7179182186995,0.0
177.27823526621518,0.0
83.15692704020071,0.0
10.648975060589065,0.0
4.120386418084453,0.0
14.175560308398714,0.0
57.18247495305896,0.0
119.6080298899742,0.0
77.38864011940362,0.0
-68.89606038127758,0.0
-226.81392311536254,0.0
-323.2959371347336,0.0
-303.29088453265445,0.0
-254.40282417549884,0.0
-264.60314725424706,0.0
-259.0666784774686,0.0
-272.1478294797345,0.0
-345.7602211438216,0.0
-372.2122189866967,0.0
-461.2386796386093,0.0
-682.329152924601,0.0
-853.4170133662094,0.0
-952.6160286378588,0.0
-1051.8422951705245,0.0
-1091.810727098377,0.0
-967.597302732619,0.0
-752.2217577978149,0.0
-620.0316057830646,0.0
-582.8233216082544,0.0
-626.4675179287298,0.0
-732.267362149929,0.0
-818.1852407132461,0.0
-880.0768283055917,0.0
-885.9298028734208,0.0
-859.458613312114,0.0
-916.5268362105447,0.0
-956.4582462548427,0.0
-806.0061707608744,0.0
-611.4954877154289,0.0
-636.1880612995168,0.0
-770.4219414960967,0.0
-764.6670905288652,0.0
-706.3820499172492,0.0
-661.6200068744154,0.0
-565.1518808771847,0.0
-496.1940266841386,0.0
-434.64709552171325,0.0
-336.15328232683817,0.0
-314.8294459773291,0.0
-406.87439329072015,0.0
-429.0796504986292,0.0
-272.73428095572524,0.0
-4.66975292676347,0.0
120.88979554415411,0.0
42.41057992315106,0.0
57.11409689633076,0.0
233.76177559193926,0.0
371.2494842925519,0.0
435.4570961239653,0.0
576.1072997454701,0.0
686.5838020477747,0.0
624.0676651957077,0.0
565.9345710396094,0.0
645.0541866992564,0.0
769.2643240490661,0.0
898.0993199496985,0.0
974.0297343641857,0.0
827.6542354443172,0.0
671.1242469546044,0.0
846.1075848764642,0.0
1133.2499880053576,0.0
1229.9421434075039,0.0
1239.855980478184,0.0
1250.3431972794672,0.0
1320.040949713029,0.0
1548.987510234107,0.0
1845.6576374629215,0.0
2035.7064036719948,0.0
2023.709435506846,0.0
1906.7417644481106,0.0
1839.8240381547512,0.0
1814.0603589144146,0.0
1803.6909150387735,0.0
1871.7106624061514,0.0
1961.1612475906127,0.0
1980.844540235093,0.0
2033.4239757019961,0.0
2214.547915355613,0.0
2353.2671461564473,0.0
2230.02191554347,0.0
1892.0844486132012,0.0
1648.0257201526722,0.0
1636.1939121829525,0.0
1820.1698589212158,0.0
2059.5440609339785,0.0
2117.1492126201624,0.0
1931.3825925629515,0.0
1765.2929151117519,0.0
1806.9790860676608,0.0
1938.9228144921801,0.0
2007.7630360942858,0.0
1934.9146804070772,0.0
1720.286620539664,0.0
1564.860169455191,0.0
1557.5934933612934,0.0
1583.6405099927856,0.0
1639.1700572182947,0.0
1700.8784706336141,0.0
1721.5768729254626,0.0
1626.6991403358613,0.0
1365.6328188980638,0.0
1138.1450138888188,0.0
1104.2527261292616,0.0
1179.551666844415,0.0
1231.6313210551298,0.0
1104.6639576849468,0.0
851.0393885122006,0.0
743.4498098365115,0.0
767.6860456878245,0.0
738.032587346036,0.0
659.0210092419461,0.0
620.7674537719148,0.0
580.7017128595122,0.0
520.5914298638503,0.0
533.548756391343,0.0
610.9094697773251,0.0
624.7572782753872,0.0
469.4093992203403,0.0
143.18697401423069,0.0
-132.14354604111918,0.0
-202.2661234110081,0.0
-201.21743165357896,0.0
-286.9408485357872,0.0
-464.43093094264043,0.0
-628.3862226728423,0.0
-673.0524473229116,0.0
-586.2672643425227,0.0
-417.3875664103403,0.0
-267.8082767198679,0.0
-240.5766686295832,0.0
-337.24195830652206,0.0
-491.72615706531235,0.0
-686.8446999374081,0.0
-803.0298494696463,0.0
-796.3502788477214,0.0
-815.8478324986723,0.0
-836.3861043518931,0.0
-698.834404118273,0.0
-440.2008658622949,0.0
-300.26077640502325,0.0
-415.11210806624393,0.0
-654.8500035536393,0.0
-749.1416715420808,0.0
-596.2796101546495,0.0
-396.30411690495697,0.0
-341.786039890705,0.0
-413.1311858577976,0.0
-510.7960910806682,0.0
-539.6075934299209,0.0
-473.18480640390277,0.0
-411.18971935954556,0.0
-419.91457076104695,0.0
-480.3138696076446,0.0
-493.7143429411158,0.0
-358.4921342560432,0.0
-167.2517288299235,0.0
-67.03826804381919,0.0
-7.479867974210102,0.0
117.02185197154562,0.0
250.06744994773032,0.0
286.1691961901393,0.0
265.6174715183306,0.0
238.70396703016854,0.0
274.27729394771336,0.0
453.402776350631,0.0
628.5247365411458,0.0
612.817030520599,0.0
555.951998402707,0.0
669.1606209386699,0.0
852.6866854757806,0.0
973.8846661044691,0.0
1019.7206432692149,0.0
1001.5032600645666,0.0
1046.6648122839788,0.0
1220.144359663186,0.0
1403.0968002078632,0.0
1532.2664307390044,0.0
1560.9962572295865,0.0
1444.3064779933359,0.0
1316.6126737630395,0.0
1297.85296605309,0.0
1364.0132695092311,0.0
1518.5822176186055,0.0
1636.860482456136,0.0
1649.09876648379,0.0
1698.1757325036167,0.0
1813.9500560835468,0.0
1987.471193114994,0.0
2183.912640231316,0.0
2283.970836512738,0.0
2207.0358253788295,0.0
2011.8051336407348,0.0
1898.3260786094381,0.0
1922.9094157826405,0.0
1959.6860138336872,0.0
1943.4033731671898,0.0
1956.6415522637371,0.0
2089.0226195409787,0.0
2311.3226075525026,0.0
2527.7574478427446,0.0
2700.5873932761992,0.0
2744.790160443374,0.0
2677.5975353495146,0.0
2724.6439659885386,0.0
2776.9816745906464,0.0
2560.0360080685573,0.0
2202.4847610556876,0.0
1923.9376619106072,0.0
1733.171485248963,0.0
1602.1927407311564,0.0
1612.163854347487,0.0
1761.9155659047194,0.0
1877.0870092887524,0.0
1824.1625946292397,0.0
1662.0203492135513,0.0
1602.3677838511212,0.0
1733.2101583643275,0.0
1841.387923353644,0.0
1722.836520496011,0.0
1510.7373583162728,0.0
1514.5991470648667,0.0
1649.8453600263736,0.0
1678.1168408442584,0.0
1611.4660307975603,0.0
1480.5590766021692,0.0
1301.3871899064136,0.0
1069.5155566557512,0.0
857.5355186045055,0.0
859.1421561851489,0.0
1019.0927878665173,0.0
1101.3103365577717,0.0
1028.3636487958197,0.0
902.5618209993554,0.0
755.6533909368118,0.0
530.4502851599813,0.0
331.5782760656874,0.0
274.8816159136189,0.0
284.4168915825725,0.0
277.06483079123603,0.0
289.10429620992767,0.0
337.6817438933163,0.0
253.0822624942053,0.0
21.582491096109127,0.0
-148.00879786341045,0.0
-285.59771869298675,0.0
-445.619581284733,0.0
-512.9948669835466,0.0
-440.2430267490864,0.0
-360.1049921874702,0.0
-307.10847940756696,0.0
-311.2719783954939,0.0
-498.72955576821334,0.0
-603.0996589343151,0.0
-333.60802897850715,0.0
45.41832178283879,0.0
178.28616311992184,0.0
84.917417252965,0.0
-90.48422482043729,0.0
-316.0919882022105,0.0
-600.7156140090077,0.0
-872.2611011831932,0.0
-1004.0998059810271,0.0
-975.7210858183734,0.0
-845.5204040918726,0.0
-633.5642658511302,0.0
-482.3067228801924,0.0
-530.6662465261492,0.0
-635.4461567407064,0.0
-625.17750514091,0.0
-487.1251368790637,0.0
-326.38239514147614,0.0
-217.78141367890282,0.0
-32.10843149092887,0.0
251.1500045596337,0.0
455.6666373307372,0.0
430.59597566129867,0.0
296.08387013866593,0.0
284.4703637142633,0.0
368.23533954707136,0.0
509.243732662164,0.0
643.5753249927166,0.0
691.4135832421969,0.0
721.5803142797891,0.0
770.1058734334918,0.0
876.9991694892115,0.0
1004.5890948585449,0.0
1053.1346868204896,0.0
1119.1628687544503,0.0
1249.258321436847,0.0
1316.6654117881164,0.0
1329.1839688970674,0.0
1339.6645719698863,0.0
1252.316056663467,0.0
1115.4296500135015,0.0
1138.1164690299086,0.0
1373.4374055096062,0.0
1626.5433501511445,0.0
1824.1587219662008,0.0
2015.5943474555459,0.0
2138.8128287853374,0.0
2193.240298141927,0.0
2170.961974635912,0.0
2098.4343571322916,0.0
2131.0656967453615,0.0
2179.848494824539,0.0
2145.838139657037,0.0
2151.508089124388,0.0
2212.6573523548245,0.0
2269.4938885302286,0.0
2311.30138249015,0.0
2329.1628491257784,0.0
2365.7219460851607,0.0
2414.5219607202184,0.0
2416.383442946129,0.0
2472.4716462839087,0.0
2609.279449665857,0.0
2615.3420162481802,0.0
2490.8671832836485,0.0
2494.2071257224475,0.0
2637.4279632953903,0.0
2831.858331153978,0.0
2963.2863090449987,0.0
2836.077831963588,0.0
2570.8448732344086,0.0
2483.7584829685793,0.0
2586.8053782471943,0.0
2637.867011443014,0.0
2530.851722315258,0.0
2395.2993634212326,0.0
2366.118223004432,0.0
2402.81756290765,0.0
2355.7079221610147,0.0
2157.7681696848285,0.0
1935.21437511592,0.0
1778.172664732402,0.0
1726.617915054354,0.0
1753.7457592672258,0.0
1782.7324024011766,0.0
1844.640707410927,0.0
1919.0239471030743,0.0
1884.3882116261595,0.0
1710.07549892646,0.0
1455.4170772457217,0.0
1269.7998449389697,0.0
1246.7428039813612,0.0
1300.4244212953718,0.0
1291.7807082866723,0.0
1191.0754601147983,0.0
963.4065520734257,0.0
669.1842721899601,0.0
486.16000096900063,0.0
497.257607508037,0.0
495.07376868198065,0.0
405.0176404908176,0.0
357.72499156714713,0.0
315.0380035881471,0.0
282.52596724834274,0.0
292.7719428490917,0.0
272.2221457782083,0.0
275.5515999204191,0.0
301.95655357856316,0.0
304.4866250104941,0.0
327.45042589155804,0.0
344.48042651504886,0.0
250.50818538317563,0.0
31.934256205321745,0.0
-109.79211045230605,0.0
-98.25933615929569,0.0
-71.09850366410376,0.0
-46.262962426682414,0.0
5.803558470378588,0.0
30.58342761214078,0.0
37.95336833244661,0.0
84.11169289876669,0.0
148.94425649230385,0.0
199.692883574307,0.0
215.12922734523008,0.0
130.49569731086495,0.0
-69.13601286810015,0.0
-268.61566940351287,0.0
-354.39483978784614,0.0
-317.99660768608805,0.0
-217.05064293476886,0.0
-117.2797167108413,0.0
-102.15117530995434,0.0
-144.68083170110177,0.0
-137.00571875537653,0.0
-92.22871606647439,0.0
-109.3302025477283,0.0
-125.82904828685842,0.0
6.271380088520285,0.0
193.36909127085192,0.0
243.17992816491792,0.0
238.08638694760012,0.0
289.3890466893884,0.0
363.0387957932367,0.0
435.0919378855683,0.0
492.4236359372863,0.0
544.6714450252925,0.0
665.0722197995968,0.0
817.9454374527245,0.0
866.7861518503898,0.0
875.977230192102,0.0
915.5274098355341,0.0
939.8463151962083,0.0
1017.2862486380839,0.0
1134.9386395690653,0.0
1238.2226642709345,0.0
1350.703059868443,0.0
1535.2068552197718,0.0
1814.1031502828473,0.0
2047.5969765993498,0.0
2117.891342557417,0.0
2004.1074447788556,0.0
1913.5281120710833,0.0
2050.535424161951,0.0
2284.229288097672,0.0
2455.7721726317072,0.0
2525.9269166885056,0.0
2512.6593650548753,0.0
2476.651134203207,0.0
2460.7681226398163,0.0
2377.0525134581844,0.0
2156.6929446439885,0.0
2048.7474208028034,0.0
2210.9067894666973,0.0
2418.2327131971183,0.0
2485.1664339370363,0.0
2516.918291806094,0.0
2535.772137473864,0.0
2487.731052434846,0.0
2526.5324264880737,0.0
2716.5169019681425,0.0
2852.398200147328,0.0
2858.5991220961405,0.0
2799.0013829182494,0.0
2762.8020249206165,0.0
2776.8794235560395,0.0
2710.6981863214446,0.0
2570.6287432381528,0.0
2576.032041450697,0.0
2667.8980697750367,0.0
2630.4252033217927,0.0
2531.2742996831116,0.0
2529.0559092473522,0.0
2637.9087890680767,0.0
2712.909136982806,0.0
2716.045251398793,0.0
2665.398596317573,0.0
2547.019047102556,0.0
2500.182395503779,0.0
2556.007219750685,0.0
2594.0689934100938,0.0
2595.5845312847823,0.0
2534.973330715272,0.0
2378.4742571981874,0.0
2186.2180231341167,0.0
2036.438028478414,0.0
1975.423966113133,0.0
1975.379842205837,0.0
1953.2670003479911,0.0
1830.1551477381154,0.0
1630.1562020135952,0.0
1383.4399983692194,0.0
1215.7012685443117,0.0
1327.5697055093924,0.0
1548.6264878774452,0.0
1539.8408724257013,1.0
1346.3891478835144,1.0
1221.1569265580636,0.0
1406.18067815567,0.0
2094.7963406044387,0.0
2863.344247671309,0.0
2737.3820991564207,0.0
1721.656378487341,0.0
856.5918749621403,0.0
575.59061526223,0.0
537.1444702304387,0.0
554.2960698344699,0.0
663.3063492182113,0.0
711.5948145874431,0.0
637.441485955985,0.0
573.1315295029997,0.0
472.4564700685794,0.0
237.76750956512774,0.0
-4.9575175353584715,0.0
-124.89348371209287,0.0
-117.29932358069215,0.0
-34.72913664655875,0.0
19.634989512760892,0.0
6.734844335315654,0.0
4.72146597898044,0.0
29.181811229714164,0.0
120.47444884956889,0.0
263.22546726697163,0.0
211.73767516149016,0.0
-4.250971056584813,0.0
-77.9473569659445,0.0
-10.11362657458519,0.0
22.889674462714797,0.0
36.86947258045215,0.0
174.7191664834294,0.0
392.1782892511412,0.0
508.2331155221713,0.0
482.4052288197674,0.0
399.52240279087243,0.0
361.4829975182723,0.0
455.8372400342671,0.0
594.8389410023034,0.0
644.6567051705088,0.0
704.0230930791748,0.0
821.1824573508054,0.0
914.2467615114042,0.0
1008.2985756251743,0.0
1065.9816283792052,0.0
1058.1189366616518,0.0
1040.7384089329973,0.0
985.491644597815,0.0
892.1578982780632,0.0
932.3426493837636,0.0
1128.438935181111,0.0
1319.1063452907485,0.0
1418.2593588994564,0.0
1470.8672638890037,0.0
1538.963209203025,0.0
1561.3961605474249,0.0
1484.342557972692,0.0
1505.3574155819852,0.0
1779.7952217242448,0.0
2095.7628397418366,0.0
2222.705842779492,0.0
2233.026750783138,0.0
2306.3574004541497,0.0
2385.9751855619493,0.0
2372.6983333181884,0.0
2377.991147146715,0.0
2416.036575456205,0.0
2431.2659471304387,0.0
2490.321026080547,0.0
2576.6623841320716,0.0
2607.1485259824353,0.0
2559.068795091698,0.0
2459.947715101812,0.0
2490.907105335809,0.0
2683.095911878999,0.0
2808.508132962057,0.0
2839.3940999535116,0.0
2904.525782702892,0.0
2973.7757138194083,0.0
2986.6510117848698,0.0
2973.3683028590967,0.0
2937.3311076055365,0.0
2942.3987918281855,0.0
2976.762211650662,0.0
2925.5160563902564,0.0
2832.9438860708487,0.0
2872.385736134397,0.0
3025.194584451247,0.0
3147.330771778048,0.0
3127.6169676509376,0.0
3029.6156572752498,0.0
3034.410025899517,0.0
3117.263235061569,0.0
3141.6436543758628,0.0
3094.7723344716283,0.0
3019.9531391080536,0.0
2903.133877534097,0.0
2809.3221595749437,0.0
2791.2806240343994,0.0
2791.3732030449173,0.0
2771.195331213354,0.0
2685.9946319162154,0.0
2526.5692603322254,0.0
2419.444633848403,0.0
2471.9499115057492,0.0
2631.202011986474,0.0
2718.016170976066,0.0
2658.879819668925,0.0
2531.2777966484105,0.0
2293.1975248388467,0.0
1905.235706236382,0.0
1589.51180118136,0.0
1519.1340408206925,0.0
1535.7102633025377,0.0
1426.125323902947,0.0
1331.3408297576568,0.0
1403.9890160597329,0.0
1444.712340637673,0.0
1367.271270584849,0.0
1217.487539330107,0.0
1077.5354095563355,0.0
1133.8634511492573,0.0
1356.5893764400403,0.0
1464.4087741702704,0.0
1317.0655316059706,0.0
1039.843836025846,0.0
876.489456724425,0.0
923.0567233350706,0.0
945.568650884408,0.0
858.9898375705525,0.0
855.6293505138592,0.0
941.1617129688779,0.0
909.3015065364151,0.0
783.6151093488057,0.0
790.4921209330199,0.0
846.9986460730978,0.0
772.3361687523744,0.0
614.3851442116081,0.0
506.9798097499137,0.0
474.6452501984495,0.0
385.2456786693721,0.0
187.50804791563115,0.0
30.423862925996726,0.0
-31.521674569302093,0.0
-26.600236771748733,0.0
113.32317495764096,0.0
289.6399420912728,0.0
299.56887813011355,0.0
249.0384916252289,0.0
328.84590860224847,0.0
538.1004675865146,0.0
727.1203781425014,0.0
795.478770211624,0.0
801.1285103322748,0.0
802.7605445121279,0.0
754.5978764417192,0.0
789.4595368368416,0.0
1015.1679026115528,0.0
1188.3407623426822,0.0
1114.7180258035598,0.0
914.2827388969483,0.0
800.7555451029901,0.0
789.9497362931602,0.0
794.6284621916296,0.0
913.1390691432881,0.0
1144.428291593092,0.0
1288.366211253694,0.0
1355.5677692675206,0.0
1466.5474060595911,0.0
1543.9427324964536,0.0
1541.1990319630336,0.0
1641.2857989221573,0.0
1827.515006981864,0.0
1916.3883187050249,0.0
1938.4394054438426,0.0
2039.919757400498,0.0
2243.3690216074524,0.0
2407.8399443217213,0.0
2418.1313437313424,0.0
2403.1496081630403,0.0
2439.6174538464625,0.0
2499.459173858364,0.0
2631.4204078981484,0.0
2717.5064195213045,0.0
2729.8079898621013,0.0
2864.449727946765,0.0
3107.1665654812077,0.0
3322.6283430030535,0.0
3450.853332806879,0.0
3407.546192866957,0.0
3184.1047966179094,0.0
2982.711207174431,0.0
2958.893416733926,0.0
3002.9056087909034,0.0
3008.3039176223247,0.0
3009.2999493318184,0.0
3000.2396944436264,0.0
3042.0690910984786,0.0
3117.9617576020505,0.0
3119.143854744041,0.0
3119.8378011138993,0.0
3219.258612616568,0.0
3290.950630920041,0.0
3251.7068818706493,0.0
3292.2841451817676,0.0
3502.3269966547705,0.0
3697.1698320324417,0.0
3715.463688573345,0.0
3619.2504018310033,0.0
3408.7311098563664,0.0
3208.6101459003585,0.0
3195.9374435512264,0.0
3195.427813186229,0.0
3072.187000131909,0.0
3029.4222207124617,0.0
3092.422163804989,0.0
3008.377911065855,0.0
2892.780871744496,0.0
2896.7185959424814,0.0
2848.5316403598235,0.0
2673.634814840341,0.0
2447.9405106610598,0.0
2340.0368185293614,0.0
2432.598276072428,0.0
2537.6552992335783,0.0
2511.0466887819903,0.0
2434.443410980378,0.0
2371.6591501411303,0.0
2275.1098476430525,0.0
2116.139378546873,0.0
1921.5062874305672,0.0
1707.2759833130747,0.0
1517.7028653676196,1.0
1430.1399735344137,1.0
1468.8642348659214,0.0
1702.201883900846,0.0
2301.4031536009497,0.0
3011.1583480011464,0.0
3103.7272155158485,0.0
2500.496256572369,0.0
1843.3675619458818,0.0
1453.2995954129028,0.0
1207.9857693494184,0.0
1028.822504715026,0.0
956.5140799147448,0.0
980.4614298668196,0.0
1052.9021468337721,0.0
1141.3112465807078,0.0
1128.085411270977,0.0
903.4854770358987,0.0
617.2671355589586,0.0
525.2977844070764,0.0
739.7551146062574,0.0
1024.947213765215,0.0
1077.6509261285003,0.0
969.4079692321005,0.0
848.158508392495,0.0
766.0842539539848,0.0
778.1899315001323,0.0
892.0904261374563,0.0
979.0594869139121,0.0
907.7292695650536,0.0
734.9712812471053,0.0
606.6170798311155,0.0
649.4109605858511,0.0
837.9498246541131,0.0
873.8478590859557,0.0
697.7764323974931,0.0
567.6476619635279,0.0
564.1533587027261,0.0
726.0781095164234,0.0
1048.2128249543694,0.0
1324.3111512752541,0.0
1358.329517691466,0.0
1143.43917225843,0.0
946.9282143224762,0.0
956.02492762968,0.0
1048.735444681952,0.0
1163.7214374409132,0.0
1304.4686824751584,0.0
1419.4646019136003,0.0
1450.5473373529414,0.0
1415.9012844862764,0.0
1464.7510045637841,0.0
1631.1083943919052,0.0
1740.371431190675,0.0
1698.7036332307625,0.0
1620.5086625548784,0.0
1622.2185744818669,0.0
1710.3025097463433,0.0
1823.9464772070892,0.0
1928.3466466819891,0.0
1984.6785256906737,0.0
1989.9273700908636,0.0
2073.5915885504264,0.0
2279.087169506654,0.0
2520.4077773962877,0.0
2684.513747573898,0.0
2749.521896406737,0.0
2707.4440796704735,0.0
2583.0607585018815,0.0
2459.9823400419864,0.0
2536.833681695624,0.0
2846.2503692772916,0.0
3168.7218972494493,0.0
3383.0292326260665,0.0
3392.864972912711,0.0
3345.0215552520754,0.0
3413.0384652358034,0.0
3478.56458253243,0.0
3495.374505027602,0.0
3555.6341959286838,0.0
3562.633895272842,0.0
3464.8465687889266,0.0
3434.05680973055,0.0
3400.828422455919,0.0
3283.0184162954138,0.0
3301.800186938385,0.0
3436.7425158958376,0.0
3436.8421495989,0.0
3379.597981515363,0.0
3384.694237748564,0.0
3362.6920568795513,0.0
3280.303464249644,0.0
3243.6540331864267,0.0
3365.074040712526,0.0
3552.015883108742,0.0
3645.547553413771,0.0
3738.918867968628,0.0
3857.0239240107267,0.0
3744.3942524175054,0.0
3392.296532922943,0.0
3050.358995230862,0.0
2946.1425632014734,0.0
3110.940775935049,0.0
3218.423549421385,0.0
3146.124339406801,0.0
3088.0929019673868,0.0
3098.8762522917687,0.0
3071.9596569560968,0.0
3014.787417203079,0.0
2998.2446485333744,0.0
2910.92807199328,0.0
2769.1296490434474,0.0
2750.4118789534004,0.0
2733.2807569717393,0.0
2487.297995133056,0.0
2168.8373842631613,0.0
2059.257374432207,0.0
2146.9344515619678,0.0
2215.867414391069,0.0
2123.7233483699397,0.0
1893.5776338957862,0.0
1716.6630010495876,0.0
1715.4806173944264,0.0
1695.6769383827302,0.0
1573.4048757215453,0.0
1485.8063371819592,0.0
1409.9166836991853,0.0
1348.2432984383463,0.0
1361.0025655838685,0.0
1412.9296602507734,0.0
1395.8972925731155,0.0
1280.095986554939,0.0
1078.402711009527,0.0
871.6061377298297,0.0
776.9613157718895,0.0
857.9034750799049,0.0
1077.9776658940214,0.0
1249.1694262264316,0.0
1203.1128872969693,0.0
1036.3444445359278,0.0
896.5346747240342,0.0
818.2269667457505,0.0
895.1981809524295,0.0
1142.625957061243,0.0
1303.9445299979818,0.0
1156.1555394514319,0.0
869.8568163810905,0.0
782.0780546676878,0.0
935.9328199828433,0.0
978.8500897736826,0.0
836.8156506379978,0.0
768.016486670086,0.0
814.2550819026304,0.0
910.0026296827298,0.0
1040.711470796344,0.0
1165.5862944799405,0.0
1204.2359702294095,0.0
1154.817290792418,0.0
1030.1195945525499,0.0
931.321409136078,0.0
1068.3572417555897,0.0
1341.9786691015488,0.0
1464.8573660100499,0.0
1451.9874389287127,0.0
1517.2987107353442,0.0
1666.4616938225354,0.0
1721.2810237156248,0.0
1732.7684226461135,0.0
1789.867909365187,0.0
1855.4575641023862,0.0
1939.7723653827547,0.0
2070.1809470570347,0.0
2084.5615117337748,0.0
1939.6630034316436,0.0
1860.0853173853316,0.0
1915.1974864655147,0.0
2067.908566458536,0.0
2360.9868579128306,0.0
2631.8749552045547,0.0
2751.944076778518,0.0
2830.968948854163,0.0
2884.9988197466027,0.0
2796.7427844112813,0.0
2662.737631276401,0.0
2607.983043426299,0.0
2624.203767346169,0.0
2754.303034869697,0.0
2963.9006876902954,0.0
3098.3620060981098,0.0
3146.614154630225,0.0
3209.2789224195776,0.0
3327.758508714821,0.0
3502.862172507885,0.0
3638.2189716415755,0.0
3644.027201239612,0.0
3587.409622404651,0.0
3488.666058223807,0.0
3406.1711123367104,0.0
3448.164292813932,0.0
3569.053212328311,0.0
3679.494200059136,0.0
3792.519738183253,0.0
3882.935784095778,0.0
3884.7889928900518,0.0
3829.0113567821895,0.0
3716.3800853462612,0.0
3546.7343244774124,0.0
3586.3252013665697,0.0
3846.8624855376274,0.0
3946.4561958020286,0.0
3831.356709866658,0.0
3747.8987941789596,0.0
3790.6900002158327,0.0
3881.3114662177704,0.0
3845.090309004385,0.0
3691.8467300775123,0.0
3556.653788493773,0.0
3539.503764247861,0.0
3620.301114986868,0.0
3638.739584989054,0.0
3534.6934130462214,0.0
3387.5580606241697,0.0
3281.217889343534,0.0
3154.5767073836228,0.0
2989.3152872533296,0.0
2935.2568743715274,0.0
2998.398222477455,0.0
3003.341238620331,0.0
2889.5195625925926,0.0
2814.2827096253236,0.0
2827.382229540383,0.0
2817.149434407356,0.0
2707.5905907630477,0.0
2520.627091659704,0.0
2398.5386166684298,0.0
2381.724229778851,0.0
2445.5037106078094,0.0
2507.047107690253,0.0
2390.170799780561,0.0
2100.3666397842403,0.0
1911.0553983794975,0.0
1991.0370959400645,0.0
2118.1994946898794,0.0
2046.7360180031062,0.0
1923.589324981215,0.0
1968.697479798741,0.0
2114.8195987513477,0.0
2136.9835342438014,0.0
1977.2738826384284,0.0
1872.7051576844128,0.0
1914.4177715440696,0.0
1925.679963747253,0.0
1847.118435330749,0.0
1650.1314271942113,0.0
1464.0257981273078,0.0
1425.6220339068234,0.0
1353.091208824085,0.0
1242.5396089055873,0.0
1228.6802871892805,0.0
1256.9008628386118,0.0
1286.6768496548568,0.0
1381.532721224489,0.0
1502.3953616960769,0.0
1492.5756027116734,0.0
1367.5301186799397,0.0
1317.120259259773,0.0
1366.7369945954865,0.0
1330.3501013556668,0.0
1191.9413984871364,0.0
1111.0702553353876,0.0
1145.153521597462,0.0
1256.2469056927443,0.0
1386.7976968945616,0.0
1425.3912766965022,0.0
1320.5855617641112,0.0
1257.7708135258767,0.0
1366.0150595203268,0.0
1404.9111184825567,0.0
1273.9803003946317,0.0
1269.6179359875307,0.0
1471.5618058432121,0.0
1660.2346828554907,0.0
1799.4822978444906,0.0
1985.7765301057395,0.0
2201.7211636657094,0.0
2315.4588577217387,0.0
2338.005237395378,0.0
2379.3831138676983,0.0
2425.9544404118933,0.0
2405.1823142481053,0.0
2358.336719184903,0.0
2287.6789530750984,0.0
2125.359848557481,0.0
2097.7615522184174,0.0
2357.595498796433,0.0
2673.7698488133833,0.0
2853.1348648611147,0.0
2905.6728554260144,0.0
2896.8963133736224,0.0
2949.4856961417445,0.0
3138.5851257231952,0.0
3311.2593624606984,0.0
3354.4172835602412,0.0
3401.3688994253253,0.0
3484.5294014056094,0.0
3472.571648668723,0.0
3381.9697112048584,0.0
3390.4266347437056,0.0
3488.8124696651357,0.0
3564.4577624890953,0.0
3593.1199517842465,0.0
3550.018170918899,0.0
3491.62549164839,0.0
3581.9875809264854,0.0
3809.134661118516,0.0
3940.318008601183,0.0
3887.5552209993352,0.0
3849.1825699215283,0.0
3976.360165556413,0.0
4084.4115801381818,0.0
4110.982578273744,0.0
4169.221258222441,0.0
4243.780266378396,0.0
4284.475012464742,0.0
4269.666907170004,0.0
4203.877465901136,0.0
4123.50922983073,0.0
4081.672337273643,0.0
4104.0638685070935,0.0
4176.52734742194,0.0
4267.303497274026,0.0
4302.773782251924,0.0
4242.004076297342,0.0
4117.073052350694,0.0
4071.2661652228553,0.0
4107.3903735915665,0.0
4053.8118949169084,0.0
3954.1126938251787,0.0
3958.97385029466,0.0
3947.2497030711556,0.0
3830.418405745433,0.0
3682.799322909485,0.0
3525.889268307262,0.0
3412.8770550761406,0.0
3386.7395500172456,0.0
3439.317664689141,0.0
3470.883846360172,0.0
3323.811431410739,0.0
3064.116674534327,0.0
2893.7235553635132,0.0
2852.8700790833927,0.0
2817.822971620896,0.0
2738.469708512526,0.0
2632.739015094201,0.0
2589.5463268824756,0.0
2661.28611586305,0.0
2689.7851620732436,0.0
2550.7654789084163,0.0
2352.864031538197,0.0
2364.981069792259,0.0
2562.0632743046513,0.0
2541.008636213446,0.0
2233.4094549845254,0.0
1973.42786529582,0.0
1883.4747867386952,0.0
1785.8662715021328,0.0
1686.8718145905598,0.0
1763.8850972853163,0.0
1944.7012167656787,0.0
2033.8780251726319,0.0
2066.6206008250124,0.0
2134.567113192515,0.0
2056.1737503644727,0.0
1826.211824837751,0.0
1703.5596000371384,0.0
1778.9174898682948,0.0
1893.7154590791033,0.0
1854.6509767701336,0.0
1676.9789487301434,0.0
1585.7896331876766,0.0
1635.5300812218252,0.0
1592.0689115932857,0.0
1399.4961479391618,0.0
1284.939381439456,0.0
1337.303022371206,0.0
1391.2679221763551,0.0
1330.427272415056,0.0
1268.1185385903939,0.0
1368.9213332075574,0.0
1575.3356655675284,0.0
1677.3592093592372,0.0
1616.2765483511432,0.0
1509.4878438412397,0.0
1466.051555370927,0.0
1499.3640555374188,0.0
1529.3097385188512,0.0
1517.4200183471253,0.0
1584.4503501056463,0.0
1765.7308421825032,0.0
2073.90884100462,0.0
2414.9093527654813,0.0
2493.7174047518633,0.0
2346.6784922827446,0.0
2283.2434664084813,0.0
2342.4577408038854,0.0
2391.238245524651,0.0
2329.524402027366,0.0
2169.651050830007,0.0
2123.579351614281,0.0
2321.8738532632287,0.0
2561.981781213377,0.0
2675.7666395812666,0.0
2728.957063597912,0.0
2807.5796385180274,0.0
2944.586720644436,0.0
3056.66679417527,0.0
3087.46618296095,0.0
3149.937386673834,0.0
3255.0752621371435,0.0
3240.2183787531585,0.0
3172.295654592506,0.0
3220.3288297250224,0.0
3292.3276316873553,0.0
3256.6565501777154,0.0
3234.663607680175,0.0
3387.8776264354324,0.0
3665.0479306839848,0.0
3918.8683175526517,0.0
4007.288901441244,0.0
3906.744873898438,0.0
3834.3106608057246,0.0
3931.276024314538,0.0
4063.6624545786976,0.0
4140.972638529547,0.0
4263.701338264844,0.0
4316.695655212296,0.0
4165.7133154024705,0.0
4017.9951717620984,0.0
3977.4509955980375,0.0
3981.3647425451654,0.0
3983.466182170657,0.0
3969.2930258259453,0.0
4012.792391002883,0.0
4120.622876546803,0.0
4306.967585272462,0.0
4551.723375313418,0.0
4737.354738430428,0.0
4789.629305937122,0.0
4669.064521738372,0.0
4448.468259881334,0.0
4298.587710564428,0.0
4265.484387214357,0.0
4214.083384701801,0.0
4081.9267205410088,0.0
3993.4716550210437,0.0
3969.629563730544,0.0
3883.34096420086,0.0
3811.1678273630487,0.0
3853.4857103880877,0.0
3935.7561240405603,0.0
3978.531550229134,0.0
3975.9673914020163,0.0
3955.350847767868,0.0
3875.430868653694,0.0
3761.140439175105,0.0
3691.6468838196456,0.0
3612.7289690277507,0.0
3450.1702589264223,0.0
3331.322300327893,0.0
3360.91467184744,0.0
3465.121852585271,0.0
3492.3566989756464,0.0
3378.2359126300753,0.0
3251.9366034380505,0.0
3208.5694151494267,0.0
3197.0053053399292,0.0
3110.290930566112,0.0
2934.9575035489647,0.0
2702.3770567747674,0.0
2493.478579546762,0.0
2412.525848826743,0.0
2402.1220904514266,0.0
2369.508221284445,0.0
2267.702590225795,0.0
2052.9796846434624,0.0
1883.2368943850072,0.0
1909.0896491605909,0.0
2034.2753999312906,0.0
2025.1149198242183,0.0
1868.3534382089858,0.0
1766.9784382097735,0.0
1706.7725296631684,0.0
1646.1117511548828,0.0
1697.2384864554906,0.0
1843.931245493967,0.0
1925.8542032068042,0.0
1796.1829332756317,0.0
1534.4231005315385,0.0
1346.9826730404168,0.0
1249.1154986973102,0.0
1233.3814469619429,0.0
1393.6664380924624,0.0
1629.9704183452575,0.0
1781.517186503245,0.0
1855.4659651089933,0.0
1827.5349648143688,0.0
1759.1261572310948,0.0
1832.4667339783507,0.0
1963.7410515208437,0.0
1985.9460980257445,0.0
2003.8989310528905,0.0
2039.2217702536234,0.0
1995.738632596327,0.0
1942.30751598366,0.0
2003.4408387285787,0.0
2089.646064937898,0.0
2018.0455190369871,0.0
1963.9933525929662,0.0
2105.5215421202843,0.0
2221.1196672238407,0.0
2155.8982343371345,0.0
2090.2584229186764,0.0
2119.8995744439103,0.0
2270.357502076619,0.0
2546.3216850548097,0.0
2829.492317522959,0.0
2956.199702751652,0.0
2874.152111988693,0.0
