18814.05110746963,0.0
18857.258240832267,0.0
18628.661996417813,0.0
17071.00166648624,0.0
12563.22086680116,0.0
6195.7580245271,0.0
1846.1349447824732,0.0
506.86857725454365,0.0
432.54459853002675,0.0
480.057255944119,0.0
518.4925759531944,0.0
651.7158240083205,0.0
802.4314148757298,0.0
894.8670826774228,0.0
987.8635918016332,0.0
1081.6997917399408,0.0
1057.847334509317,0.0
955.5311290731254,0.0
984.9489226113675,0.0
1175.6581062390371,0.0
1342.685060512745,0.0
1463.9659384753088,0.0
1594.4693247692812,0.0
1692.9953426696775,0.0
1750.85019974744,0.0
1780.37074115418,0.0
1735.2112252162487,0.0
1610.3634070254493,0.0
1547.7621413631002,0.0
1620.8328603255231,0.0
1672.083113019237,0.0
1619.6783306228137,0.0
1579.4706355226813,0.0
1670.5488553916678,0.0
1835.5032676116498,0.0
1916.6108260804954,0.0
1871.224104486958,0.0
1771.8726869470665,0.0
1642.6525253835057,0.0
1531.530960150353,0.0
1514.1090792894229,0.0
1570.5880149182271,0.0
1659.785656739025,0.0
1720.464723314751,0.0
1670.0668712946574,0.0
1550.399493623294,0.0
1481.5994961033634,0.0
1456.1969969261406,0.0
1363.1921558940992,0.0
1216.0588324487353,0.0
1147.8588280629285,0.0
1173.6236202027433,0.0
1179.6863859836176,0.0
1132.660946602158,0.0
1061.9571147933377,0.0
941.1984351036118,0.0
797.3891322872909,0.0
703.2105762213017,0.0
710.4968062425027,0.0
795.6162569172553,0.0
754.6361251585938,0.0
530.2528831064319,0.0
356.25324945279664,0.0
353.6277757090335,0.0
429.82897508311834,0.0
451.47441696666726,0.0
344.01120569009163,0.0
182.25853093671458,0.0
22.140889021864037,0.0
-117.3954406522968,0.0
-208.6742831806471,0.0
-205.16045876996787,0.0
-89.38182455331834,0.0
23.489173299247035,0.0
27.220009383907946,0.0
-111.44111278255698,0.0
-279.6347920421305,0.0
-396.89083426199096,0.0
-501.4712529164651,0.0
-536.747162454821,0.0
-484.5277831417828,0.0
-436.1032538800416,0.0
-416.98239453455,0.0
-428.1375723384262,0.0
-454.9071210116973,0.0
-428.2217642601999,0.0
-340.6751315544032,0.0
-293.9982017301845,0.0
-288.0493549643787,0.0
-201.4277835856928,0.0
-75.38294967670318,0.0
-15.28594289012716,0.0
-9.02766842867491,0.0
13.810213495495884,0.0
63.74366586527332,0.0
169.07335259825467,0.0
344.640036787418,0.0
498.5109835708467,0.0
591.9015953577433,0.0
617.178654222166,0.0
528.8022211293292,0.0
408.32890764584664,0.0
384.9531915482896,0.0
460.4055821710912,0.0
591.8734915478193,0.0
736.5177780943332,0.0
858.0214712799764,0.0
967.325000750978,0.0
1116.0034399805663,0.0
1332.1714716497959,0.0
1567.9724626210048,0.0
1719.2988964311178,0.0
1800.7776941684172,0.0
1878.1641220867427,0.0
1915.343177625451,0.0
1902.7516729602273,0.0
1963.2693845397469,0.0
2070.103472752347,0.0
2103.754973205373,0.0
2121.817609722877,0.0
2184.5624930854774,0.0
2281.6527217001308,0.0
2403.7067327617538,0.0
2512.558557805311,0.0
2586.761695685338,0.0
2686.104856551064,0.0
2792.5590609720807,0.0
2822.129772163718,0.0
2835.8233023618877,0.0
2906.0528176669804,0.0
2979.0175263936503,0.0
2988.958718449781,0.0
2958.2686788497217,0.0
2944.540810294358,0.0
2976.406206473584,0.0
3021.44525785205,0.0
3043.4214361757704,0.0
3026.1910330931405,0.0
2980.9333725572146,0.0
2946.5519803954408,0.0
2923.300516137842,0.0
2930.207129046268,0.0
2944.4690792891697,0.0
2931.2575338083197,0.0
2892.60527229373,0.0
2872.3802690652524,0.0
2863.8286865755617,0.0
2789.4955965904396,0.0
2712.3392967791256,0.0
2718.3059638226446,0.0
2828.702927827507,0.0
2903.6460261386615,0.0
2755.799341829565,0.0
2513.705524193502,0.0
2424.3549291922645,0.0
2469.7726235104174,0.0
2455.457691386089,0.0
2320.9517912854317,0.0
2145.9712896198484,0.0
2042.215324058226,0.0
2065.989934230125,0.0
2099.8970437768235,0.0
2037.8879791592635,0.0
2020.2026153722932,0.0
2082.798890655861,0.0
2055.721422466117,0.0
1974.0193569019282,0.0
1930.359893453182,0.0
1868.1352710618833,0.0
1802.2981663953462,0.0
1722.1892832606893,0.0
1523.7360748776548,0.0
1339.5808105208023,0.0
1348.5311651073598,0.0
1481.6965885363647,0.0
1545.1220378459802,0.0
1446.911559761695,0.0
1292.00383138563,0.0
1170.3269977044197,0.0
1116.2040646008477,0.0
1169.4808315887171,0.0
1304.5967520198242,0.0
1397.6298049151962,0.0
1346.9222783087844,0.0
1187.5037277674994,0.0
1055.2971457359515,0.0
1016.2046599997383,0.0
963.3875029934377,0.0
916.7922045228745,0.0
981.2350803913312,0.0
1088.0455140181655,0.0
1114.0452552238116,0.0
1033.2078361457645,0.0
960.6657013768561,0.0
984.3896050415092,0.0
1084.0861642474829,0.0
1178.2800171980145,0.0
1232.1202138712042,0.0
1248.823535560669,0.0
1246.9487638371895,0.0
1336.4421421006386,0.0
1480.60484114745,0.0
1558.6895455242636,0.0
1630.2790662514149,0.0
1763.9246653434095,0.0
1973.227825898826,0.0
2168.032547931513,0.0
2184.857778602353,0.0
2072.5249512299238,0.0
2124.555156528738,0.0
2382.7689329210198,0.0
2553.825903665727,0.0
2582.7778325252616,0.0
2609.704561497912,0.0
2673.2588363998425,0.0
2742.259205978368,0.0
2788.4445952326523,0.0
2817.699719840828,0.0
2940.7002880727096,0.0
3179.747361291199,0.0
3323.4503778098983,0.0
3295.597728766251,0.0
3294.1263442116056,0.0
3384.902636438834,0.0
3425.912425321487,0.0
3439.7462887111324,0.0
3528.45087653228,0.0
3635.068100116949,0.0
3734.542139820862,0.0
3889.4966427660192,0.0
4031.190625756498,0.0
4022.742999665795,0.0
3994.1960795021646,0.0
4071.3874732981094,0.0
4094.604459339045,0.0
3981.0343277065567,0.0
3936.2408206267783,0.0
4109.939904043075,0.0
4332.167457772656,0.0
4435.89867257999,0.0
4461.924831908017,0.0
4462.175415294139,0.0
4480.403546179176,0.0
4553.11154463518,0.0
4622.392823472639,0.0
4663.816864905355,0.0
4646.680526823252,0.0
4548.837156962447,0.0
4448.482252166432,0.0
4351.441847338222,0.0
4231.067150652376,0.0
4197.273421004881,0.0
4259.922508109887,0.0
4339.367195702079,0.0
4378.967952228911,0.0
4339.4228286232155,0.0
4250.5813558093405,0.0
4163.852109362636,0.0
4125.260317422714,0.0
4098.702735863467,0.0
3964.0392485576745,0.0
3798.047676626783,0.0
3770.9022134851375,0.0
3783.7033243623055,0.0
3744.7311571887285,0.0
3677.4646496967193,0.0
3587.996253388095,0.0
3559.257171528467,0.0
3608.8204125084185,0.0
3582.505867922288,0.0
3389.0909426723583,0.0
3135.406150918147,0.0
2957.49398515441,0.0
2876.216611765403,0.0
2847.828409206934,0.0
2856.7212525720665,0.0
2884.2836557881824,0.0
2949.711892103155,0.0
3012.471969615008,0.0
2923.7614549864024,0.0
2696.729564134724,0.0
2497.3329769114307,0.0
2438.476725872472,0.0
2467.607195620567,0.0
2521.690623761216,0.0
2532.3717562918714,0.0
2505.750902946471,0.0
2453.6928417756294,0.0
2330.04366122353,0.0
2206.0630718451434,0.0
2179.856375428435,0.0
2277.8424244493904,0.0
2426.9949840271747,0.0
2510.0966430994813,0.0
2499.587038229386,0.0
2452.0415412026978,0.0
2424.9195500286096,0.0
2410.7521853471135,0.0
2463.9724873240666,0.0
2603.8580047407063,0.0
2707.557322072274,0.0
2757.550528524199,0.0
2768.7696130115587,0.0
2745.849377896148,0.0
2761.3891604865325,0.0
2829.140109722088,0.0
2937.197899905813,0.0
3083.8437664644753,0.0
3224.4540046255506,0.0
3362.702078940275,0.0
3430.7066853043234,0.0
3399.1012111055984,0.0
3357.238565755037,0.0
3391.176457140111,0.0
3536.532506531082,0.0
3678.6848068464305,0.0
3711.204446965495,0.0
3708.4469446464923,0.0
3788.6988422973054,0.0
3958.5552501939364,0.0
4098.3182020642835,0.0
4133.852795942943,0.0
4148.830323903902,0.0
4265.307791399084,0.0
4521.008216092235,0.0
4784.776426046605,0.0
4889.295554249218,0.0
4816.379515949394,0.0
4755.505049054855,0.0
4856.42340513089,0.0
4989.719243945619,0.0
5051.415964925098,0.0
5093.630973350157,0.0
5163.435553829152,0.0
5233.048732804432,0.0
5233.249123221965,0.0
5254.538561104305,0.0
5417.968325257561,0.0
5609.065304242557,0.0
5712.85930971112,0.0
5786.440796595007,0.0
5818.304110048339,0.0
5771.099170905034,0.0
5722.32993855071,0.0
5738.617852156989,0.0
5768.378966607723,0.0
5761.1748957059535,0.0
5729.352656804893,0.0
5628.2592471881935,0.0
5531.389997546292,0.0
5612.598641333256,0.0
5805.325862376013,0.0
5955.470237153039,0.0
6086.158899674866,0.0
6180.855918343451,0.0
6146.773576622188,0.0
6009.55710009032,0.0
5882.353956047271,0.0
5841.178020957241,0.0
5820.918643900197,0.0
5679.521355683471,0.0
5457.969969844779,0.0
5275.9340648529815,0.0
5148.050800693015,0.0
5074.772705905402,0.0
5085.961541845123,0.0
5154.243455609903,0.0
5141.8450295112,0.0
5081.343834646146,0.0
5079.384466608994,0.0
5104.7297161690985,0.0
5065.948157081428,0.0
4913.237567004305,0.0
4693.236459008557,0.0
4540.229315341942,0.0
4508.689558402542,0.0
4488.531286123638,0.0
4406.725953582148,0.0
4307.720382607029,0.0
4244.1956355358125,0.0
4237.398140312167,0.0
4234.812083474295,0.0
4221.46919893557,0.0
4263.543176977843,0.0
4327.441131725253,0.0
4289.332188350004,0.0
4136.498798886714,0.0
3987.967305801638,0.0
3951.229828711373,0.0
3916.6941053693745,0.0
3751.9741131383435,0.0
3579.3665088098687,0.0
3508.77433292232,0.0
3506.84953386047,0.0
3629.7432982033392,0.0
3826.486008292312,0.0
3930.7824502203202,0.0
3914.1933594016573,0.0
3823.343277454565,0.0
3739.190749650583,0.0
3761.653178283135,0.0
3843.4338661976453,0.0
3851.461570534097,0.0
3869.328722412331,0.0
4006.501501404952,0.0
4153.107501232039,0.0
4156.203921911258,0.0
4032.8059975661554,0.0
3948.7850020236656,0.0
3964.159678922581,0.0
4030.6229250427673,0.0
4136.567979230467,0.0
4286.773398099616,0.0
4400.517207409837,0.0
4431.2610588920625,0.0
4509.113754710952,0.0
4662.876990216246,0.0
4744.244182672707,0.0
4741.929151596423,0.0
4818.176467879038,0.0
4989.941505830884,0.0
5098.673598729369,0.0
5113.787048804464,0.0
5222.557082384663,0.0
5456.6993746348435,0.0
5571.790322826251,0.0
5515.3066553487015,0.0
5469.257010131501,0.0
5564.564502521231,0.0
5782.791291252832,0.0
5900.085269791317,0.0
5849.520425002838,0.0
5835.590213470264,0.0
5900.76890764747,0.0
5959.653749103779,0.0
6047.273859589613,0.0
6185.893635257882,0.0
6325.130234192977,0.0
6495.441862355446,0.0
6665.662196681797,0.0
6781.060630157314,0.0
6846.810577017423,0.0
6860.097772819524,0.0
6886.976212496786,0.0
6979.850251281606,0.0
7109.550890922196,0.0
7220.900257823998,0.0
7248.21195637077,0.0
7177.5719826711065,0.0
6984.361352797449,0.0
6792.370368784539,0.0
6812.828924712031,0.0
6958.672545528875,0.0
7020.352899869793,0.0
7034.691330669522,0.0
7090.888399142027,0.0
7073.706774216007,0.0
6959.476057719978,0.0
6872.5933197727545,0.0
6906.91193503516,0.0
6998.705366016485,0.0
6970.902520913019,0.0
6854.145111225398,0.0
6857.134398279002,0.0
6980.399541972036,0.0
7122.8999715581285,0.0
7229.65513197945,0.0
7194.540061255331,0.0
7030.255412136661,0.0
6856.659288385662,0.0
6730.417075189928,0.0
6684.144744139907,0.0
6733.676606560081,0.0
6750.3019941047405,0.0
6583.748171379603,0.0
6301.223524442845,0.0
6132.668174091944,0.0
6163.1485187985145,0.0
6235.998098332512,0.0
6180.661157260725,0.0
6042.056372432198,0.0
5987.554757873575,0.0
6001.50704448625,0.0
5954.713361030941,0.0
5794.822740152091,0.0
5593.287497350456,0.0
5460.141928610446,0.0
5470.9760184433335,0.0
5636.977401831072,0.0
5820.785909599277,0.0
5766.974750895774,0.0
5449.140835694487,0.0
5129.901332629477,0.0
5019.278647455361,0.0
5091.749757539075,0.0
5212.286388140282,0.0
5279.711394050547,0.0
5282.4890931566515,0.0
5362.4815617292115,0.0
5409.119281479114,0.0
5243.112972614799,0.0
5052.643197088018,0.0
4980.556359007004,0.0
4980.757656922088,0.0
4992.473698988537,0.0
5001.814789198575,0.0
4994.35550541386,0.0
5028.283243397813,0.0
5181.343853829632,0.0
5351.734848102909,0.0
5365.978611360655,0.0
5280.629522167388,0.0
5289.387092576721,0.0
5305.2507699182925,0.0
5182.45772642036,0.0
5089.993773426187,0.0
5186.8540270011035,0.0
5384.982957903068,0.0
5570.09696082951,0.0
5708.141091928268,0.0
5813.616075418792,0.0
5910.390916435579,0.0
6020.003445360072,0.0
6141.691764521682,0.0
6236.212933274487,0.0
6274.81801094526,0.0
6310.732050829718,0.0
6382.459933766253,0.0
6471.373632929234,0.0
6519.579653864187,0.0
6591.986163862622,0.0
6806.311671228555,0.0
7053.853120465142,0.0
7162.342381547409,0.0
7162.60788053088,0.0
7216.555081167383,0.0
7358.2709707378135,0.0
7475.880793577113,0.0
7581.033217377937,0.0
7685.429141224205,0.0
7754.683993128092,0.0
7873.27780751497,0.0
8009.0285004007865,0.0
8039.316801523287,0.0
8010.699026374214,0.0
8050.1928792463,0.0
8167.520016978517,0.0
8285.42224085658,0.0
8379.731930526017,0.0
8428.715040118332,0.0
8393.774668150214,0.0
8337.985632910928,0.0
8299.600922031848,0.0
8308.004372919602,0.0
8422.584068799943,0.0
8513.354438022521,0.0
8481.886275839614,0.0
8456.908491615952,0.0
8539.981897516589,0.0
8582.489241774916,0.0
8460.10884465788,0.0
8373.069754057264,0.0
8428.989529291794,0.0
8446.181546561169,0.0
8384.285494849699,0.0
8367.099917560889,0.0
8428.256099319573,0.0
8452.735878963853,0.0
8398.172382676923,0.0
8376.398002436777,0.0
8383.04541898349,0.0
8315.836971592134,0.0
8216.754820112425,0.0
8166.905952697466,0.0
8139.902463270733,0.0
8110.75414135688,0.0
8109.301360809368,0.0
8074.58989836053,0.0
8009.74078872602,0.0
7996.7351321838005,0.0
7996.092748714832,0.0
7931.545609735158,0.0
7723.808437927027,0.0
7399.509823710645,0.0
7188.192297399992,0.0
7206.396681454762,0.0
7380.986197078946,0.0
7541.977046075969,0.0
7541.725795485884,0.0
7406.128237886498,0.0
7245.892973605364,0.0
7115.201231386749,0.0
7016.460978221363,0.0
6899.932905734015,0.0
6774.639720181008,0.0
6726.369543866792,0.0
6744.74575164914,0.0
6684.096436933503,0.0
6494.226025312032,0.0
6378.706040062864,0.0
6409.43815746751,0.0
6439.505414315343,0.0
6460.665444044934,0.0
6473.522229306295,0.0
6455.526756481448,0.0
6507.670203983973,0.0
6610.4597949314075,0.0
6623.291747141942,0.0
6529.198788362773,0.0
6377.385873752342,0.0
6249.133814499384,0.0
6278.239550334002,0.0
6491.904175721688,0.0
6695.038315964591,0.0
6728.847634387631,0.0
6683.002279694335,0.0
6642.903689645489,0.0
6633.329803116806,0.0
6747.109042503551,0.0
6905.069618539649,0.0
6889.200570673959,0.0
6769.444101145717,0.0
6743.1323346413055,0.0
6851.4301722938635,0.0
6975.267981183522,0.0
7059.816395775173,0.0
7237.621294061673,0.0
7541.962967558969,0.0
7729.680555992883,0.0
7699.477838006538,0.0
7649.975781032684,0.0
7710.323761020948,0.0
7812.508665749564,0.0
7927.362879995784,0.0
8004.888642439383,0.0
7999.613109114568,0.0
8021.272808923971,0.0
8109.158350697824,0.0
8186.970970131645,0.0
8264.980107002462,0.0
8442.038207259346,0.0
8659.098205069895,0.0
8764.866148618592,0.0
8773.444736445765,0.0
8757.201867549,0.0
8781.052626787086,0.0
8940.13332634765,0.0
9122.488360509757,0.0
9189.999383228527,0.0
9201.283893429476,0.0
9244.232001669141,0.0
9305.035457463577,0.0
9342.859460395699,0.0
9428.791812038678,0.0
9554.378208274504,0.0
9657.902186235746,0.0
9759.239707483935,0.0
9814.007888557411,0.0
9742.0040793408,0.0
9620.274134887317,0.0
9589.159879003504,0.0
9717.436856752089,0.0
9852.919215425158,0.0
9917.99248353185,0.0
9999.19475275307,0.0
10056.52688505957,0.0
9995.22175766203,0.0
9823.178933454052,0.0
9658.115904620952,0.0
9595.679967529459,0.0
9629.799196222457,0.0
9719.643307142609,0.0
9850.171036383803,0.0
9956.633251704245,0.0
9947.046251767457,0.0
9829.237219268609,0.0
9696.677246867008,0.0
9542.124333577998,0.0
9414.757292391847,0.0
9335.183000332761,0.0
9226.402871772825,0.0
9147.951845306112,0.0
9149.63732420468,0.0
9161.206383154524,0.0
9145.543966181192,0.0
9099.140190876917,0.0
9014.768766935016,0.0
8941.129116793638,0.0
8846.05425797006,0.0
8719.365155980304,0.0
8655.569945693653,0.0
8698.17488711355,0.0
8775.130083438567,0.0
8737.50813179049,0.0
8595.276130051298,0.0
8454.870211947578,0.0
8268.534215643207,0.0
8093.581411493487,0.0
8075.622642741618,0.0
8107.238182832822,0.0
8018.281233823898,0.0
7927.94704800639,0.0
7983.725514286582,0.0
8031.298382367806,0.0
7989.278782699432,0.0
7997.675430679808,0.0
8038.995618265259,0.0
7956.003021870425,0.0
7772.25854715212,0.0
7591.750361788568,0.0
7492.011960385019,0.0
7544.619677613905,0.0
7765.377921464258,0.0
8042.187753467272,0.0
8214.083979319987,0.0
8220.947187256788,0.0
8082.543375196349,0.0
7868.892038575754,0.0
7699.907775779099,0.0
7623.074973867999,0.0
7670.513678230298,0.0
7900.280678740219,0.0
8159.845571043511,0.0
8285.762649787695,0.0
8320.014692617302,0.0
8319.415052504462,0.0
8358.914965728787,0.0
8432.902666531809,0.0
8419.348432123372,0.0
8372.627728037423,0.0
8400.445728434574,0.0
8521.547766891257,0.0
8708.417457296315,0.0
8832.435134058207,0.0
8875.382614282258,0.0
8944.536931451346,0.0
9015.427569575912,0.0
9035.816074394414,0.0
9113.672798150108,0.0
9282.269397074158,0.0
9459.448060152657,0.0
9617.515701557695,0.0
9753.282967610236,0.0
9830.322410055547,0.0
9769.25413468514,0.0
9689.707079316759,0.0
9834.793916590945,0.0
10107.222397563288,0.0
10216.49713245628,0.0
10184.205849646336,0.0
10245.716843067292,0.0
10434.552426511946,0.0
10653.485485975802,0.0
10844.664578848648,0.0
10851.691007044683,0.0
10689.592596051687,0.0
10609.071713726538,0.0
10685.589171161877,0.0
10773.029331328113,0.0
10798.434081676967,0.0
10942.606620246903,0.0
11228.100170534062,0.0
11384.091223857082,0.0
11337.360903407747,0.0
11252.011085210705,0.0
11237.895300138058,0.0
11229.637845300487,0.0
11204.198365593411,0.0
11271.690701897176,0.0
11434.426024705019,0.0
11570.185500444808,0.0
11593.961614025377,0.0
11507.620370036613,0.0
11331.593205274788,0.0
11152.08756561084,0.0
11065.827716877573,0.0
11116.13857476872,0.0
11266.122039733957,0.0
11317.931797926087,0.0
11202.533096459534,0.0
11106.528326219488,0.0
11099.242240913236,0.0
11065.333518395691,0.0
11007.178704193626,0.0
10958.47484868468,0.0
10893.09307645499,0.0
10817.10795022544,0.0
10739.26738160107,0.0
10686.579384032953,0.0
10599.795859663061,0.0
10476.897691666341,0.0
10420.043723725421,0.0
10394.226389097035,0.0
10319.520819467341,0.0
10230.470473999652,0.0
10222.391947638582,0.0
10244.676898223888,0.0
10185.782391576638,0.0
10045.424665057162,0.0
9856.927764200786,0.0
9684.770221569866,0.0
9538.97106146461,0.0
9386.433113642086,0.0
9332.950934032498,0.0
9369.252002382445,0.0
9326.537980423558,0.0
9298.762794505996,0.0
9361.76344617306,0.0
9357.556397242668,0.0
9279.466773948261,0.0
9245.478786632304,0.0
9285.748991454844,0.0
9322.27857481767,0.0
9244.680950889735,0.0
9145.186344308157,0.0
9180.469990649306,0.0
9227.053794159901,0.0
9124.16707381063,0.0
9024.62209464209,0.0
9152.061688432435,0.0
9324.452244103362,0.0
9247.764013618686,0.0
9042.017642174356,0.0
9015.36094209864,0.0
9180.448047781618,0.0
9354.609938161931,0.0
9461.195776293236,0.0
9496.974511757258,0.0
9503.815153907131,0.0
9517.442300446579,0.0
9543.270562791638,0.0
9630.224438978408,0.0
9726.891231156416,0.0
9730.656641893445,0.0
9775.03615323674,0.0
9961.153911466403,0.0
10170.723602623979,0.0
10241.42806865732,0.0
10245.906856368756,0.0
10375.49241182977,0.0
10600.917383595928,0.0
10712.637305279077,0.0
10626.649222628052,0.0
10537.771928512866,0.0
10634.625488781809,0.0
10820.057398868279,0.0
10992.675726990843,0.0
11155.77232598036,0.0
11195.867802966768,0.0
11203.633455149284,0.0
11318.054515471938,0.0
11428.182972475355,0.0
11420.350526138669,0.0
11424.269854331189,0.0
11581.029326184249,0.0
11754.638225675428,0.0
11769.372132331233,0.0
11656.401236665202,0.0
11615.975638559412,0.0
11724.808771137972,0.0
11850.931957987124,0.0
11938.141207832374,0.0
12035.499657105292,0.0
12175.361879058564,0.0
12352.949996445746,0.0
12509.917643018385,0.0
12548.49123743714,0.0
12505.68966993391,0.0
12542.83689741329,0.0
12670.514040673097,0.0
12722.282638243352,0.0
12618.633448001678,0.0
12530.857409670456,0.0
12609.098670665277,0.0
12771.011224377815,0.0
12858.603781004278,0.0
12781.29831726193,0.0
12634.895224051152,0.0
12559.80818093872,0.0
12574.395942764455,0.0
12635.232016834152,0.0
12693.336769711303,0.0
12695.20049114621,0.0
12600.16718164798,0.0
12463.532929847579,0.0
12400.461622830539,0.0
12417.172531451417,0.0
12434.764762286417,0.0
12465.5404915877,0.0
12502.064249085559,0.0
12440.766845196978,0.0
12302.986999418556,0.0
12181.239529601591,0.0
12062.176439001476,1.0
11991.2979405892,0.0
12124.777447605127,0.0
13076.475520349077,0.0
15314.910508409781,0.0
16717.999475538636,0.0
15110.958428392618,0.0
12708.996942072506,0.0
11618.510648149373,0.0
11311.331104005265,0.0
11112.629611224977,0.0
10986.379622357354,0.0
10976.520049532055,0.0
11020.179897708207,0.0
11007.250386849892,0.0
10941.291657368949,0.0
10893.63061417965,0.0
10872.018010041927,0.0
10885.518203179885,0.0
10878.29217208349,0.0
10791.508674423361,0.0
10668.208781099474,0.0
10571.882220056923,0.0
10490.28495330129,0.0
10482.313983928574,0.0
10600.170177979722,0.0
10676.127313638319,0.0
10615.200824199204,0.0
10577.709425267722,0.0
10637.8204918865,0.0
10747.052104197122,0.0
10865.297682299537,0.0
10934.064782862319,0.0
10896.82612094899,0.0
10732.093528349938,0.0
10576.388043598126,0.0
10522.205341334593,0.0
10503.962031683699,0.0
10552.06070879247,0.0
10713.058223411199,0.0
10895.623786493843,0.0
11017.113468401325,0.0
11082.746190118234,0.0
11059.450970422457,0.0
10953.105387941016,0.0
10972.595174931335,0.0
11227.426511821637,0.0
11431.457227050958,0.0
11381.867104383431,0.0
11274.7596120074,0.0
11298.76989967481,0.0
11437.120358251976,0.0
11646.926194432022,0.0
11858.280743323328,0.0
11974.781548296249,0.0
11999.977347738817,0.0
12078.463535954294,0.0
12304.036233802393,0.0
12550.292935534284,0.0
12644.731008560917,0.0
12626.135527017981,0.0
12671.922241033972,0.0
12767.746343517923,0.0
12829.123282576467,0.0
12885.586991513266,0.0
12947.928174803648,0.0
13028.570226523143,0.0
13155.84095081305,0.0
13266.815550404264,0.0
13255.95204811948,0.0
13138.246212175303,0.0
13074.510992290489,0.0
13158.166740424838,0.0
13284.984210003178,0.0
13427.858494518454,0.0
13571.908550543942,0.0
13604.716163738294,0.0
13642.31896503476,0.0
13717.470714871175,0.0
13756.336166538753,0.0
13841.987760574957,0.0
13957.01534038186,0.0
14034.598200456317,0.0
14011.15004199265,0.0
13861.36827670096,0.0
13676.589238168794,0.0
13607.054825887462,0.0
13759.67400431881,0.0
14024.467625573354,0.0
14230.359914017723,0.0
14293.138382821744,0.0
14213.380200733343,0.0
14097.083430700344,0.0
14009.905998087732,0.0
13978.92765256106,0.0
13992.65985797007,0.0
13957.106162481927,0.0
13844.9327687996,0.0
13753.065874955138,0.0
13759.900574797857,0.0
13788.008648341178,0.0
13714.73106665186,0.0
13572.234783026306,0.0
13505.651218233857,0.0
13536.85897930227,0.0
13524.047042659224,0.0
13386.414490147941,0.0
13193.526203398986,0.0
13027.456303273819,0.0
12901.464105510198,0.0
12839.555826129912,0.0
12904.486013104326,0.0
13007.312505744521,0.0
12963.939529710084,0.0
12804.935253723303,0.0
12669.442033039128,0.0
12542.746721655483,0.0
12421.495239850867,0.0
12316.903909193583,0.0
12205.907950585699,0.0
12195.651643251433,0.0
12250.122333178777,0.0
12193.942309609634,0.0
12032.499227174058,0.0
11888.62914265006,0.0
11876.377418971606,0.0
11946.722857069077,0.0
11936.03965982609,0.0
11830.454284062454,0.0
11773.11317087324,0.0
11877.334781750618,0.0
12031.190377201568,0.0
12077.510675412994,0.0
12084.090890322319,0.0
12093.00887934576,0.0
12038.40918099458,0.0
11898.089150230053,0.0
11766.830044191378,0.0
11765.345049591104,0.0
11834.178323843653,0.0
11876.972639362191,0.0
11914.619125397456,0.0
11929.561362088034,0.0
11931.7907909725,0.0
11989.183447300551,0.0
12130.674052614899,0.0
12283.094276539337,0.0
12366.526348116964,0.0
12445.863704660122,0.0
12585.052881511363,0.0
12685.345577067657,0.0
12691.114612487372,0.0
12676.475448548135,0.0
12655.025420010781,0.0
12667.611152827796,0.0
12840.510006143542,0.0
13109.980198558253,0.0
13268.133552131041,0.0
13303.613967832202,0.0
13327.150194755808,0.0
13380.302495784417,0.0
13442.560599014383,0.0
13505.135153286014,0.0
13592.966860805349,0.0
13772.783904316235,0.0
13999.017118011525,0.0
14099.323982548449,0.0
14119.444721966274,0.0
14179.440279468387,0.0
14267.373050416672,0.0
14315.58300818319,0.0
14268.660223998906,0.0
14308.599614177181,0.0
14525.39829351822,0.0
14640.383322847552,0.0
14540.642049383985,0.0
14427.488453210704,0.0
14444.8459340742,0.0
14538.845264669477,0.0
14642.036969864434,0.0
14812.828720339981,0.0
15023.361980415159,0.0
15136.07434276893,0.0
15155.119649532193,0.0
15224.468421689986,0.0
15352.572181733738,0.0
15368.716607609917,0.0
15200.02714460932,0.0
15045.671198088006,0.0
15096.554854309124,0.0
15287.316040733025,0.0
15436.43940112067,0.0
15487.708484268178,0.0
15482.661815239395,0.0
15468.103178461104,0.0
15438.623136038046,0.0
15395.662033995364,0.0
15393.244702711958,0.0
15417.332255021003,0.0
15408.22045288695,0.0
15409.298687846227,0.0
15451.067952698557,0.0
15460.44214984449,0.0
15347.153586033746,0.0
15168.73719364457,0.0
15017.202080309458,0.0
14895.025250488363,0.0
14880.832206915962,0.0
14981.737012331214,0.0
14974.076043495592,0.0
14836.34219702905,0.0
14723.973050398465,0.0
14637.792979116357,0.0
14586.154736505245,0.0
14574.41147599367,0.0
14510.910688396572,0.0
14400.773693202502,0.0
14254.316947283909,0.0
14082.419908178166,0.0
13997.376514043175,0.0
14029.393608010914,0.0
14069.152624515522,0.0
14056.156259913341,0.0
14010.57042262269,0.0
13921.022333354627,0.0
13774.55834044318,0.0
13639.719059960302,0.0
13565.618526733168,0.0
13490.893512657034,0.0
13406.877918695736,0.0
13318.86019771023,0.0
13247.993301957466,0.0
13236.985243038818,0.0
13232.260807290791,0.0
13225.668074068959,0.0
13264.548893703724,0.0
13268.749541114548,0.0
13153.840601375989,0.0
12997.733491799034,0.0
12920.152990472694,0.0
13007.273788302218,0.0
13188.463398205924,0.0
13273.036779740183,0.0
13185.824673303763,0.0
13088.144309697262,0.0
13137.024540168875,0.0
13295.98700032349,0.0
13383.756556602406,0.0
13376.098901885323,0.0
13441.585647637761,0.0
13558.050947209344,0.0
13620.633869392086,0.0
13662.637170592881,0.0
13684.908059560501,0.0
13743.474593876448,0.0
13882.091382755601,0.0
13948.452501667532,0.0
13903.005674340713,0.0
13905.773421369637,0.0
14024.75273994473,0.0
14129.504622412886,0.0
14122.491569359025,0.0
14147.815703328155,0.0
14314.683288961603,0.0
14467.561880745327,0.0
14512.300480786618,0.0
14553.354099361066,0.0
14660.917238186807,0.0
14820.56211998118,0.0
14958.95220825574,0.0
15038.42471031802,0.0
15109.336407760044,0.0
15247.671910498335,0.0
15410.322914085089,0.0
15448.17963861931,0.0
15332.94128604965,0.0
15263.87248308473,0.0
15438.515473411378,0.0
15696.04547312922,0.0
15801.586872555534,0.0
15829.382101765364,0.0
15914.61429015193,0.0
16045.815840382902,0.0
16216.981324126484,0.0
16441.692457014196,0.0
16640.13560359866,0.0
16725.883903859492,0.0
16707.264463223102,0.0
16650.641285903832,0.0
16607.897605768125,0.0
16616.742878656478,0.0
16742.554643534288,0.0
16867.290702652168,0.0
16827.265043305193,0.0
16739.85673482097,0.0
16785.85921153518,0.0
16953.236340338553,0.0
17055.941188140572,0.0
17009.629982392533,0.0
16959.66116591261,0.0
16943.968742172354,0.0
16880.965172744527,0.0
16792.02403919734,0.0
16687.994069427536,0.0
16618.20824433045,0.0
16565.153716542867,0.0
16473.779976450613,0.0
16431.279937186322,0.0
16406.02681668378,0.0
16297.468327462044,0.0
16167.843064774372,0.0
16126.191425341829,0.0
16173.596658283364,0.0
16160.427977747268,0.0
15993.808630992948,0.0
15917.357441641076,0.0
16031.301453482327,0.0
16090.63639640542,0.0
16014.216421782938,0.0
15953.305286595178,0.0
15939.73122628668,0.0
15852.61897397217,0.0
15725.006364954337,0.0
15671.704729585135,0.0
15624.932058196928,0.0
15587.619835662023,0.0
15607.77773493099,0.0
15595.549281240417,0.0
15489.863265960817,0.0
15350.61304157095,0.0
15248.586475588383,0.0
15170.578736068332,0.0
15139.33549615064,0.0
15135.6149478246,0.0
15060.981374138853,0.0
14964.052210884649,0.0
14902.097795544285,0.0
14826.516010545822,0.0
14781.901612583824,0.0
14861.671134151164,0.0
14933.125390767493,0.0
14845.077725092753,0.0
14741.356196082652,0.0
14715.094652010295,0.0
14657.911975546062,0.0
14562.773813141008,0.0
14558.21402581435,0.0
14651.854498061683,0.0
14710.98667707416,0.0
14675.87252085818,0.0
14586.453257797424,0.0
14588.20438452797,0.0
14753.886102130164,0.0
14849.02162716367,0.0
14727.476856169693,0.0
14614.518585136688,0.0
14683.881712441716,0.0
14894.983483063408,0.0
15077.049590358065,0.0
15102.711795966428,0.0
15058.77017408701,0.0
15110.578367139204,0.0
15334.561720738166,0.0
15636.246103910573,0.0
15820.225888465573,0.0
15779.937259602237,0.0
15659.788696288482,0.0
15676.597844319584,0.0
15806.409244264303,0.0
15899.177092249342,0.0
15911.529821857634,0.0
15904.950688197718,0.0
15947.758584566904,0.0
16024.617987041074,0.0
16124.364800704954,0.0
16266.576128358645,0.0
16446.692227910433,0.0
16627.755363309436,0.0
16744.957244580073,0.0
16811.205277813493,0.0
16963.859254306444,0.0
17208.586940351383,0.0
17390.2435414586,0.0
17478.55590982867,0.0
17517.40399475585,0.0
17579.882343670724,0.0
17719.358469731003,0.0
17804.887073137223,0.0
17794.768039158127,0.0
17771.68969091375,0.0
17738.417218004717,0.0
17701.92705103858,0.0
17781.306114812855,0.0
18048.990510571464,0.0
18316.046968948383,0.0
18360.859146043014,0.0
18232.861897750274,0.0
18150.78837892785,0.0
18214.899465377286,0.0
18342.56095108638,0.0
18404.81854912493,0.0
18381.795029196044,0.0
18332.783459660397,0.0
18308.152044908788,0.0
18384.805155812912,0.0
18543.624274478138,0.0
18566.196227414675,0.0
18346.599779724533,0.0
18125.479469551476,0.0
18054.57272778359,0.0
18058.622033453354,0.0
18087.08789755963,0.0
18091.12955617136,0.0
17992.783767262863,0.0
17825.310477823787,0.0
17772.398541638628,0.0
17810.701350274398,0.0
17718.453274841257,0.0
17519.53289721884,0.0
17401.49667392979,0.0
17410.44855020323,0.0
17452.0193719442,0.0
17470.800045056414,0.0
17463.568741424348,0.0
17383.914623003573,0.0
17251.439476476393,0.0
17124.51222558947,0.0
17037.370227058946,0.0
16997.68588262434,0.0
16939.91785377728,0.0
16854.160441509568,0.0
16808.347227416692,0.0
16765.60316482093,0.0
16676.35946046601,0.0
16528.974507404826,0.0
16403.766503896604,0.0
16374.437729375124,0.0
16378.253431992236,0.0
16311.156649943514,0.0
16124.520961472936,0.0
15951.81783418426,0.0
15910.390488802082,0.0
15929.530235950806,0.0
15939.524555480419,0.0
15940.812165492573,0.0
15939.012144830771,0.0
15945.958505578978,0.0
15946.190052568089,0.0
15953.050866225714,0.0
15989.282152332838,0.0
15966.52444156099,0.0
15848.703375697287,0.0
15759.30058369349,0.0
15818.540347824888,0.0
15993.732947451954,0.0
16197.90918020186,0.0
16311.529488550492,0.0
16240.52077831701,0.0
16079.12276990475,0.0
16008.293089599727,0.0
16017.04762005728,0.0
16031.66485603864,0.0
16132.260936644081,0.0
16329.238928987232,0.0
16468.671530767668,0.0
16482.145098618028,0.0
16439.87324048387,0.0
16435.499988124935,0.0
16492.053609812963,0.0
16610.087128030103,0.0
16727.435098860504,0.0
16765.801360925085,0.0
16765.049568949937,0.0
16803.162357042638,0.0
16944.00541603545,0.0
17200.9521821419,0.0
17413.259469844572,0.0
17428.96658207173,0.0
17383.395109299257,0.0
17456.554280433633,0.0
17636.91129494569,0.0
17825.477713935703,0.0
17987.949793981377,0.0
18152.68603771372,0.0
18335.449648853686,0.0
18491.71781387114,0.0
18591.034958090768,0.0
18658.821149478183,0.0
18719.67873130756,0.0
18769.477272745367,0.0
18795.06160854736,0.0
18760.68887425648,0.0
18699.540705287334,0.0
18697.36683488154,0.0
18789.470068103183,0.0
18947.690548115774,0.0
19091.64171727256,0.0
19140.73106818453,0.0
19153.221055421818,0.0
19248.07888140844,0.0
19356.47576176465,0.0
19329.26994604591,0.0
19265.920378986033,0.0
19324.977545782353,0.0
19460.64446238265,0.0
19542.85768498308,0.0
19524.753309197407,0.0
19468.65902934506,0.0
19466.823675370644,0.0
19541.126345393586,0.0
19626.81277075637,0.0
19693.941584033666,0.0
19686.297437248544,0.0
19553.854288184837,0.0
19376.183134866526,0.0
19245.453472051937,0.0
19180.558522501055,0.0
19154.72954726187,0.0
19090.54358785747,0.0
18955.26747568955,0.0
18892.71317990366,0.0
18991.159361915452,0.0
19099.15474691533,0.0
19072.920993056923,0.0
18987.358708524924,0.0
18918.1941749934,0.0
18839.969576033785,0.0
18789.54056055455,0.0
