759.4391921426698,0.0
812.1268227558933,0.0
914.8366160640717,0.0
954.4251572506118,0.0
772.9778880516158,0.0
445.0831662872093,0.0
240.23846690852753,0.0
231.57009560950704,0.0
282.5176623425227,0.0
306.7367873168537,0.0
327.1245833221431,0.0
389.2540776580157,0.0
494.5755712844691,0.0
619.3132390680562,0.0
721.2134938668947,0.0
759.4055427838888,0.0
763.7968236810842,0.0
794.130741055754,0.0
858.192396210871,0.0
928.0040318685378,0.0
990.3763908921146,0.0
1043.4937153510698,0.0
1088.073934262345,0.0
1127.14755263936,0.0
1164.9686347496158,0.0
1217.3833064984003,0.0
1277.7136860238388,0.0
1326.9515249729723,0.0
1361.1850016478068,0.0
1386.4133694065013,0.0
1409.082299650809,0.0
1411.162414924773,0.0
1386.1787769918608,0.0
1372.4941862382811,0.0
1384.5084739857994,0.0
1392.340302973739,0.0
1385.7393743067482,0.0
1380.8801345360694,0.0
1392.9895576718927,0.0
1418.1116968574404,0.0
1425.7786369843209,0.0
1398.273643005881,0.0
1358.71687034474,0.0
1330.1114999010076,0.0
1308.0545162963826,0.0
1277.7442089674093,0.0
1213.6310848547269,0.0
1122.2292045807528,0.0
1034.4683639889304,0.0
962.7325246191533,0.0
911.1232452276528,0.0
890.8327392314972,0.0
886.2882693762605,0.0
849.1245562592765,0.0
777.1965885020717,0.0
709.9760341017276,0.0
662.800491362756,0.0
605.719561335696,0.0
514.7930196869454,0.0
427.95594418986667,0.0
361.0710145623008,0.0
279.27740496976764,0.0
163.17338703014286,0.0
49.88218506129037,0.0
-13.405463448240312,0.0
-50.38000652319769,0.0
-111.83316797669497,0.0
-193.6167108974239,0.0
-269.7653762404031,0.0
-339.6031087694747,0.0
-410.5178863132307,0.0
-475.70885895438516,0.0
-523.6413387613864,0.0
-572.2489471256937,0.0
-634.3341457056848,0.0
-701.3018159752199,0.0
-770.2237446035767,0.0
-833.4772634373576,0.0
-873.6238368340092,0.0
-898.807391866029,0.0
-940.4185597632754,0.0
-1010.614897296388,0.0
-1094.273216570836,0.0
-1171.4259752045984,0.0
-1216.3845504577832,0.0
-1213.5915327424739,0.0
-1195.964413506949,0.0
-1213.6813695318747,0.0
-1262.000830520932,0.0
-1299.045401893744,0.0
-1305.0100974283805,0.0
-1295.4783660526862,0.0
-1285.771917506002,0.0
-1272.7633035048277,0.0
-1267.8868159163123,0.0
-1285.8829397593072,0.0
-1315.1043265891276,0.0
-1325.1722367603438,0.0
-1305.8322726238118,0.0
-1269.5762375433246,0.0
-1233.9827731033092,0.0
-1192.538181744438,0.0
-1142.5602889052448,0.0
-1100.313054980536,0.0
-1068.442660476876,0.0
-1053.0949187068418,0.0
-1045.7587723760757,0.0
-1017.8864315079173,0.0
-969.8702741891808,0.0
-913.4712513607409,0.0
-847.7692272924837,0.0
-770.6446893077906,0.0
-684.6320552726299,0.0
-607.0690440179353,0.0
-548.467864413936,0.0
-512.3831936248203,0.0
-469.4920367765065,0.0
-402.4415271276755,0.0
-334.69328259030755,0.0
-263.4925209007325,0.0
-178.73133362809355,0.0
-94.4501163636916,0.0
-5.1202760277669075,0.0
82.36785159991756,0.0
153.73343731106257,0.0
215.18721735370318,0.0
268.78095248907454,0.0
317.92537775457924,0.0
387.23057050759337,0.0
497.6073914758602,0.0
625.8386417665074,0.0
711.0189532356228,0.0
741.6827087483249,0.0
777.0431466693535,0.0
855.9564697338789,0.0
940.761367554067,0.0
996.0281687026428,0.0
1036.6306904044418,0.0
1077.0217203784694,0.0
1114.214390340036,0.0
1136.4739913967937,0.0
1158.572065269126,0.0
1197.927637877077,0.0
1251.0807018581659,0.0
1316.0557484345532,0.0
1377.9983685207744,0.0
1407.873134221384,0.0
1406.6056330101646,0.0
1400.0434837947307,0.0
1405.5204004277293,0.0
1420.8819835265724,0.0
1443.1115545553487,0.0
1472.2308002384993,0.0
1493.4335555587963,0.0
1502.3557958101997,0.0
1501.83356982703,0.0
1494.7792356119007,0.0
1513.4396524685012,0.0
1535.5775413200395,0.0
1502.080920400909,0.0
1431.9109057136807,0.0
1381.5676380361647,0.0
1355.8118945911144,0.0
1323.4682967691456,0.0
1283.3405775271626,0.0
1254.888405671519,0.0
1250.8396190055144,0.0
1252.8164972290404,0.0
1211.6766420569866,0.0
1126.0544846705493,0.0
1031.4084282258764,0.0
949.0491753368211,0.0
876.5704853832342,0.0
801.7430318714707,0.0
740.560394133813,0.0
683.7657915009394,0.0
597.9570062917431,0.0
503.0450119490841,0.0
421.87634127419216,0.0
353.40473754887773,0.0
282.82524496172397,0.0
200.79539367818364,0.0
121.70906376139715,0.0
43.81558471790116,0.0
-29.62867485274323,0.0
-89.49537933761911,0.0
-145.59627509469942,0.0
-194.46036600079944,0.0
-238.65816154269302,0.0
-303.08887440850054,0.0
-387.47695915481114,0.0
-472.9961176145966,0.0
-544.7347441276985,0.0
-591.4246011816687,0.0
-630.6173871227817,0.0
-679.9436866055665,0.0
-724.1550691702789,0.0
-770.0622937762877,0.0
-826.0088619978239,0.0
-870.1249262817083,0.0
-924.4662010202194,0.0
-1002.9658550763614,0.0
-1068.7510616423863,0.0
-1117.312002890308,0.0
-1163.094082628556,0.0
-1194.0485684076712,0.0
-1188.9159455686531,0.0
-1162.388690451134,0.0
-1149.6353857045965,0.0
-1152.9986528900622,0.0
-1169.5928700028974,0.0
-1195.6185541304535,0.0
-1214.4905050822633,0.0
-1225.3664224545414,0.0
-1221.78366811579,0.0
-1208.5449819441083,0.0
-1209.0755808873653,0.0
-1203.069474595296,0.0
-1155.5704721273962,0.0
-1096.1828004490576,0.0
-1078.139799642079,0.0
-1079.3543272624117,0.0
-1049.494672244405,0.0
-1006.307020048761,0.0
-963.2214400931254,0.0
-907.157050183515,0.0
-854.2173693621507,0.0
-800.4514955362035,0.0
-737.0149876495889,0.0
-687.0807187042736,0.0
-658.0883827272891,0.0
-613.1640163029883,0.0
-530.4869303472831,0.0
-423.6998793951652,0.0
-344.3023525615914,0.0
-304.87528281283664,0.0
-245.53633303382546,0.0
-152.55403105083806,0.0
-66.71102743350677,0.0
4.937790704647092,0.0
92.4711542369964,0.0
174.18734807513493,0.0
221.07112052430145,0.0
268.784622568485,0.0
344.0001689743316,0.0
427.93538874366067,0.0
512.2514458207896,0.0
585.1642660624067,0.0
612.2942314933422,0.0
636.3359530305966,0.0
726.1486300548615,0.0
837.2711633720111,0.0
908.4291416972575,0.0
960.4191510056921,0.0
1010.7457922447738,0.0
1071.1184869954047,0.0
1161.6148713238445,0.0
1263.6234676493848,0.0
1341.8097445838391,0.0
1376.7871707015133,0.0
1388.0598895266726,0.0
1406.843819947423,0.0
1431.25188088714,0.0
1455.9981435309958,0.0
1493.732510973326,0.0
1532.88293836188,0.0
1554.9693270603425,0.0
1580.6790231809382,0.0
1629.2908796123784,0.0
1666.2410029802918,0.0
1647.155140506227,0.0
1581.5665636294946,0.0
1531.798427194278,0.0
1525.7985888251167,0.0
1556.2216252323728,0.0
1594.7254048757025,0.0
1593.4319663882388,0.0
1539.9352024523212,0.0
1487.4155550083972,0.0
1473.922427512068,0.0
1475.780369750169,0.0
1462.0819892434765,0.0
1417.0321910034345,0.0
1340.698963017297,0.0
1273.7733776131713,0.0
1234.3255800085378,0.0
1199.2651787284196,0.0
1167.9328432345314,0.0
1135.7421725449192,0.0
1093.2880091343793,0.0
1025.6407082819317,0.0
922.7143541127122,0.0
825.0032722610815,0.0
764.9768835500367,0.0
725.7367316596827,0.0
680.6909212823094,0.0
598.5205404129199,0.0
489.96828239702216,0.0
410.2790720878728,0.0
356.7469787453369,0.0
292.02397551126865,0.0
217.1918584514774,0.0
150.6204713554242,0.0
83.87759859975667,0.0
13.446600746738392,0.0
-41.69914320633383,0.0
-83.1460567606541,0.0
-136.5708305402476,0.0
-223.16149712062085,0.0
-343.1006642234174,0.0
-451.439391654597,0.0
-516.8571085182833,0.0
-566.2831969126606,0.0
-631.4806271860845,0.0
-713.3224208211401,0.0
-790.4076878043833,0.0
-841.2497716377417,0.0
-863.2731728366715,0.0
-866.3353577290943,0.0
-870.8119195560392,0.0
-897.4192202050731,0.0
-946.3788005174066,0.0
-1004.2593811349973,0.0
-1067.5136846810324,0.0
-1111.9215322707428,0.0
-1128.549103353427,0.0
-1147.4505450042752,0.0
-1163.5053612486843,0.0
-1144.535495224217,0.0
-1097.9906676690873,0.0
-1072.2873387467164,0.0
-1094.908501842673,0.0
-1139.6147619984267,0.0
-1151.8098364286082,0.0
-1110.9677372127865,0.0
-1057.5228024307992,0.0
-1030.4092774789808,0.0
-1025.7137252500768,0.0
-1023.3818270121658,0.0
-1004.250366130731,0.0
-963.0599727676695,0.0
-920.0192638672474,0.0
-888.6040694851829,0.0
-865.0599203601643,0.0
-829.5551677531502,0.0
-761.669113623675,0.0
-680.2208690372364,0.0
-615.0326190282823,0.0
-556.0552894280736,0.0
-482.0899698949272,0.0
-404.6657724871664,0.0
-345.2322835011935,0.0
-295.79712377862046,0.0
-246.35177343529514,0.0
-183.14295811871682,0.0
-89.95290573831267,0.0
3.2530789480556965,0.0
58.5749285138945,0.0
106.08172364497135,0.0
188.27567824872105,0.0
284.84020524281726,0.0
368.8147701506727,0.0
437.3997864126051,0.0
492.71321386780363,0.0
560.3303500107916,0.0
653.2045755008608,0.0
747.1676543388274,0.0
829.2824561708703,0.0
889.967481849054,0.0
919.9832340411535,0.0
946.3308387670544,0.0
993.0911215599102,0.0
1055.2717659417867,0.0
1133.4407523779585,0.0
1202.278002706529,0.0
1247.5687115491403,0.0
1298.0538563123212,0.0
1359.6512736325174,0.0
1430.446184119435,0.0
1503.3039475287885,0.0
1554.0332146541525,0.0
1566.2660477903944,0.0
1551.7816624361772,0.0
1550.9191812863517,0.0
1574.9918086632956,0.0
1598.5216433507258,0.0
1608.2835136758256,0.0
1620.9222850473552,0.0
1654.5139726035081,0.0
1703.1370604861875,0.0
1747.4340518243146,0.0
1779.7809676146915,0.0
1783.0118488900396,0.0
1760.6243823670627,0.0
1758.2213389452781,0.0
1753.830261988941,0.0
1692.0315083410076,0.0
1598.8689128811445,0.0
1518.7624570704902,0.0
1453.5530978740192,0.0
1397.6623708232564,0.0
1367.568536377738,0.0
1363.1268029079206,0.0
1349.2158184683647,0.0
1298.9717753521475,0.0
1224.4001212394494,0.0
1168.3834847693968,0.0
1148.8233096144522,0.0
1122.7929509908897,0.0
1049.2082399934711,0.0
955.1119611108358,0.0
903.1686875777089,0.0
876.4438837955535,0.0
826.9434121022309,0.0
757.2583188659651,0.0
673.7423752016919,0.0
579.7874884279638,0.0
474.66155448852476,0.0
373.19285113872644,0.0
314.67302423495363,0.0
288.11008172035366,0.0
245.9844639468232,0.0
172.82190473726897,0.0
89.45391093988329,0.0
2.457780774175559,0.0
-99.5557301075289,0.0
-195.29252484327012,0.0
-261.19512977662924,0.0
-312.4493672714413,0.0
-365.69412672494025,0.0
-413.4544740727727,0.0
-452.1245439972592,0.0
-515.848354736897,0.0
-607.2656163738576,0.0
-684.0712379799342,0.0
-752.1852824878493,0.0
-822.4888658937929,0.0
-871.6285550479471,0.0
-889.9124765297175,0.0
-904.0597869638882,0.0
-920.9585176316734,0.0
-946.5935564918456,0.0
-1006.3725782889699,0.0
-1046.425179555605,0.0
-1007.962047603606,0.0
-944.3300069761369,0.0
-927.3399809855027,0.0
-952.9391892192019,0.0
-991.9793182676614,0.0
-1038.0204517817335,0.0
-1092.8398986559664,0.0
-1141.8816733032404,0.0
-1159.582903510119,0.0
-1141.824819594309,0.0
-1100.4360188676608,0.0
-1039.5114743255651,0.0
-987.8763497282721,0.0
-973.6500145853945,0.0
-967.9741952668568,0.0
-936.2877832098065,0.0
-876.10091598364,0.0
-808.7320788629622,0.0
-749.3944684065212,0.0
-672.0920780199708,0.0
-572.7925764212101,0.0
-487.23091565323824,0.0
-446.00096789099246,0.0
-424.9634665727012,0.0
-377.3218732819771,0.0
-308.77512075502693,0.0
-227.1709286127348,0.0
-145.56970144606598,0.0
-80.24661336049672,0.0
-17.45599798802962,0.0
49.921178173478,0.0
129.80512131684569,0.0
214.42304140932097,0.0
283.4627875171279,0.0
356.25624807326835,0.0
442.0466009520895,0.0
515.0629883861535,0.0
576.7143983835479,0.0
637.5106287175965,0.0
677.9378364631838,0.0
707.5878169673895,0.0
768.5393539421646,0.0
871.352489327219,0.0
976.5137520456312,0.0
1069.070424809903,0.0
1158.8355674530433,0.0
1233.1348037565303,0.0
1291.7138373651076,0.0
1332.840687486741,0.0
1361.731719346979,0.0
1409.656787897372,0.0
1458.5212080074557,0.0
1488.2295954872814,0.0
1523.4187675137055,0.0
1567.1849783929526,0.0
1607.3628790515131,0.0
1641.707830998951,0.0
1668.3465356907086,0.0
1695.828774768122,0.0
1722.794567935344,0.0
1737.2426300226405,0.0
1759.5690648078942,0.0
1795.0951966640457,0.0
1801.0848308859952,0.0
1777.5674100844205,0.0
1776.7250937988738,0.0
1801.0003453953232,0.0
1832.496002842349,0.0
1848.1646438638998,0.0
1808.5207192917624,0.0
1737.9674537190513,0.0
1700.4185678668998,0.0
1698.352464890087,0.0
1682.9277913314077,0.0
1632.7880017484624,0.0
1574.180789260628,0.0
1534.445863290283,0.0
1505.5005732025584,0.0
1457.2117680827514,0.0
1376.1516930637574,0.0
1287.9320392086263,0.0
1210.8806753172712,0.0
1153.2009879179193,0.0
1109.6127468454185,0.0
1064.7371262829236,0.0
1024.992554237051,0.0
986.397059858376,0.0
924.5615091941743,0.0
833.448603916249,0.0
725.2014265638056,0.0
630.1563982435803,0.0
567.367000235424,0.0
519.6624570534854,0.0
459.11845523008157,0.0
379.89505315512577,0.0
275.1090543301093,0.0
157.12965909581158,0.0
62.027678416005614,0.0
6.71806642123936,0.0
-50.53050441941,0.0
-124.62399985895271,0.0
-189.01618391264958,0.0
-251.25928038948865,0.0
-310.0762904635764,0.0
-358.7374323981135,0.0
-411.95631921621174,0.0
-458.54967118054975,0.0
-498.54572388144476,0.0
-541.2995594172036,0.0
-577.7382184213905,0.0
-613.0711358828923,0.0
-668.4114336111218,0.0
-746.4027583087615,0.0
-806.2570895717873,0.0
-832.4507616058995,0.0
-852.7032777001174,0.0
-870.5676841116854,0.0
-880.0083759384148,0.0
-891.9804967292148,0.0
-904.4402521194593,0.0
-905.9956557844442,0.0
-900.6781084258696,0.0
-895.0817821405589,0.0
-893.4806856881942,0.0
-908.9503620076143,0.0
-944.5099457848287,0.0
-976.9122035877951,0.0
-983.24227072646,0.0
-961.8179574173595,0.0
-924.3189424062037,0.0
-884.0682290883196,0.0
-857.9815616634288,0.0
-840.6722934527397,0.0
-810.4247550924438,0.0
-769.9656591854266,0.0
-739.3762036473742,0.0
-706.1305786022159,0.0
-640.4364127215774,0.0
-561.3099075200377,0.0
-507.7071180383249,0.0
-463.10902760401484,0.0
-405.16118995254243,0.0
-340.8745903330991,0.0
-275.22411391229855,0.0
-211.00404357902568,0.0
-146.41512245621382,0.0
-66.81528656775937,0.0
20.4332536229126,0.0
87.59918625893374,0.0
147.52691042721054,0.0
214.19505024310382,0.0
278.2300717327416,0.0
353.27304343199086,0.0
436.5499598971842,0.0
516.8689148777653,0.0
598.8231724431297,0.0
694.9374104122669,0.0
809.5651014848019,0.0
914.3049450781986,0.0
985.2011425667737,0.0
1017.8773612302213,0.0
1054.0477032893975,0.0
1134.843697020312,0.0
1233.675337169047,0.0
1318.3136079351657,0.0
1380.6927920862095,0.0
1424.306909207308,0.0
1461.2837471487342,0.0
1500.1581683067716,0.0
1523.045406820659,0.0
1515.934626822191,0.0
1529.0297743870578,0.0
1594.086135460022,0.0
1665.5771336581697,0.0
1705.938250002425,0.0
1736.3466846533245,0.0
1761.2369227629463,0.0
1769.643324946787,0.0
1792.569921380332,0.0
1843.037338355646,1.0
1881.0916567477454,1.0
1908.9826949489507,1.0
2025.3807541622389,0.0
2386.283214028817,0.0
2899.9543655506313,0.0
3143.7944288714275,0.0
2880.552832237006,0.0
2348.954298174698,0.0
1961.2306778562615,0.0
1799.01360058293,0.0
1734.415541065671,0.0
1707.3418213891382,0.0
1701.6537390069723,0.0
1686.4686414945027,0.0
1654.122690608002,0.0
1608.3621014040323,0.0
1546.4700576078508,0.0
1496.6875188547851,0.0
1465.4148278465168,0.0
1428.4476538645654,0.0
1382.1186475168934,0.0
1321.393015227109,0.0
1239.5887236054664,0.0
1148.9942433662025,0.0
1065.559115855686,0.0
998.7844172084349,0.0
943.2098636201935,0.0
882.2195731311026,0.0
800.0302329246621,0.0
701.6747913662481,0.0
593.4116566293218,0.0
500.79611726025854,0.0
464.52081122441496,0.0
450.328819053262,0.0
389.9449817277237,1.0
293.61876471217977,1.0
223.53468245648546,1.0
283.2336214274962,0.0
608.0277104845195,0.0
1086.3116676039401,0.0
1288.9803067088012,0.0
955.9691194792164,0.0
323.35521656408866,0.0
-140.20374137150418,0.0
-328.0864727335219,0.0
-393.3245313867656,0.0
-417.13268995037316,0.0
-449.27248016886,0.0
-503.8046580275396,0.0
-553.9699900650958,0.0
-608.9966822639,0.0
-688.5106314318666,0.0
-766.9735502262624,0.0
-817.8755601726654,0.0
-840.1829087479202,0.0
-844.4431696698601,0.0
-851.4386983621977,0.0
-869.0074964061771,0.0
-881.3203765576991,0.0
-885.1944001931155,0.0
-872.4515999485242,0.0
-846.1804773958032,0.0
-856.0025215291308,0.0
-895.9115517826033,0.0
-903.9464819524214,0.0
-880.2796815163532,0.0
-860.5622967822567,0.0
-841.6373019816048,0.0
-794.6854354647313,0.0
-728.7000552636347,0.0
-680.3063185262326,0.0
-657.7501011532019,0.0
-643.97400811047,0.0
-618.4802074031165,0.0
-563.6766147609655,0.0
-497.3873830556428,0.0
-446.7526007612451,0.0
-391.94224998755953,0.0
-323.3310119927516,0.0
-257.5856568779036,0.0
-189.7710664529634,0.0
-127.56972730703414,0.0
-77.01683551496957,0.0
-26.941109826322766,0.0
16.78106334092091,0.0
53.9512927916107,0.0
119.07601042120574,0.0
216.51870427005207,0.0
313.5272979918632,0.0
392.5489602148467,0.0
462.5018721221885,0.0
535.7500907445391,0.0
599.774612330632,0.0
643.5365464007997,0.0
706.7746908283908,0.0
820.7044867413297,0.0
942.3605918366588,0.0
1025.010043647023,0.0
1083.1179962902208,0.0
1152.8121658028567,0.0
1222.4810669023586,0.0
1271.9403252714237,0.0
1323.5590974523482,0.0
1380.0606772784174,0.0
1430.0837642351728,0.0
1486.95822639197,0.0
1547.2173865960087,0.0
1593.947277599271,0.0
1622.4469931435938,0.0
1638.1695356037576,0.0
1677.6007488697996,0.0
1746.9399397637521,0.0
1800.0459045946957,0.0
1831.235956539964,0.0
1866.4519535952124,0.0
1899.5470101726778,0.0
1918.2489014513008,0.0
1928.6167430257747,0.0
1931.3021345410468,0.0
1939.1771536996382,0.0
1949.8379921476226,0.0
1940.0647574518296,0.0
1918.8017695614544,0.0
1921.0709693270917,0.0
1943.1227031688707,0.0
1955.887416085512,0.0
1936.942292917036,0.0
1899.1697059719922,0.0
1879.1991176607785,0.0
1872.0937216328618,0.0
1850.342901773175,0.0
1811.4414550059512,0.0
1764.2204010408004,0.0
1705.9326605295194,0.0
1649.8081198086725,0.0
1606.6102442950396,0.0
1564.8092155651918,0.0
1516.7662703071105,0.0
1453.5664717640434,0.0
1373.4816142316577,0.0
1302.2050550703439,0.0
1261.5575533119072,0.0
1241.0023477346479,0.0
1204.4945106065445,0.0
1137.338092773254,0.0
1055.341158512352,0.0
950.1767392202778,0.0
814.047327547688,0.0
691.983652919588,0.0
619.1179034175132,0.0
563.6218580025125,0.0
482.61407444662314,0.0
404.7349268233189,0.0
360.98180601572517,0.0
311.25106244858046,0.0
238.28699253421289,0.0
151.50781914948885,0.0
67.67254617175848,0.0
24.60036727666451,0.0
16.40957771045184,0.0
-13.571121542930426,0.0
-93.52598097710289,0.0
-198.0058529074359,0.0
-277.6377602308305,0.0
-312.88686705804605,0.0
-350.88859705011475,0.0
-408.6988542543557,0.0
-447.3576211557131,0.0
-465.61072801445533,0.0
-505.0257611671004,0.0
-560.7485802588457,0.0
-586.9632201457102,0.0
-600.3432167256618,0.0
-637.3381908813599,0.0
-688.2138710291605,0.0
-725.8820461041385,0.0
-745.3428576844942,0.0
-773.2497405271739,0.0
-819.9309429649367,0.0
-855.2710370413631,0.0
-868.2532171968205,0.0
-864.586005338006,0.0
-830.513114620719,0.0
-785.9684764324644,0.0
-771.937156890791,0.0
-767.0551305450451,0.0
-732.8239686023544,0.0
-669.4737360322944,0.0
-607.2979391179515,0.0
-566.64904627079,0.0
-535.8956312955634,0.0
-503.26499115329034,0.0
-478.0940048915841,0.0
-433.65136951360654,0.0
-348.2620313202593,0.0
-271.19926708278,0.0
-241.82037168669922,0.0
-236.0132035858277,0.0
-210.73685476124595,0.0
-162.93211058079498,0.0
-110.36038609544438,0.0
-33.30063454975604,0.0
67.88555032179862,0.0
152.62029071235796,0.0
222.8917564216696,0.0
302.8843447744681,0.0
376.8098451768698,0.0
435.1010228800108,0.0
514.551829274031,0.0
611.6252976012079,0.0
689.0889836029778,0.0
752.9436845218096,0.0
832.5649333787165,0.0
932.3398708246488,0.0
1023.6333490931186,0.0
1083.012512367464,0.0
1136.3551891892173,0.0
1199.000992019414,0.0
1265.1238452739851,0.0
1344.418709659711,0.0
1412.9037557363654,0.0
1464.798329221626,0.0
1539.5802450421072,0.0
1634.2347960222835,0.0
1721.2982493215768,0.0
1788.5327584341903,0.0
1818.7954703658527,0.0
1810.2397323404298,0.0
1803.6031022427228,0.0
1830.2063920562698,0.0
1867.793839164725,0.0
1894.7843173081515,0.0
1918.0162882617126,0.0
1936.2836457938554,0.0
1961.8414088952504,0.0
1991.243400973795,0.0
2002.4790761534157,0.0
2010.5108877652287,0.0
2035.358421833931,0.0
2051.4657266002105,0.0
2042.0217170215392,0.0
2045.5634785551263,0.0
2080.212779824516,0.0
2108.690905774791,0.0
2098.437726896935,0.0
2062.0255920746818,0.0
1999.5438757027964,0.0
1936.2393772197383,0.0
1907.940685757964,0.0
1879.3145080448035,0.0
1823.1941664123706,0.0
1780.7154131123125,0.0
1757.0827136937496,0.0
1701.333301163987,0.0
1636.9060435154202,0.0
1594.4365468176923,0.0
1539.3733004796275,0.0
1456.779128932751,0.0
1362.1220748433793,0.0
1289.595289302038,0.0
1256.0425011843427,0.0
1223.6429580799559,0.0
1163.4288466353346,0.0
1092.0527598779715,0.0
1022.5632060371519,0.0
945.5094553092007,0.0
855.2662226895111,0.0
757.4033468819968,0.0
655.3318790241486,0.0
558.1983316967269,1.0
482.7551534102965,1.0
445.03097021581885,1.0
513.3789357646097,0.0
816.0445764072651,0.0
1262.7658816848393,0.0
1463.4263390912163,0.0
1181.5313569427728,0.0
616.8348442295452,0.0
172.7726075334118,0.0
-40.711746761460645,0.0
-145.21073003992237,0.0
-208.65102025087862,0.0
-249.205672401062,0.0
-277.8379062202718,0.0
-301.0569412640214,0.0
-342.5013866821097,0.0
-424.22782690749443,0.0
-515.882985510935,0.0
-565.6866478064666,0.0
-550.8905716400791,0.0
-519.0220588072024,0.0
-531.2572336447182,0.0
-573.0796404372093,0.0
-614.5489575584097,0.0
-645.075994265023,0.0
-653.5098627894444,0.0
-638.2808380878606,0.0
-625.3681648468116,0.0
-641.2934809897148,0.0
-674.5638583589356,0.0
-695.7257408648263,0.0
-679.1899524820026,0.0
-630.109144830991,0.0
-608.785868956462,0.0
-627.2429853832671,0.0
-633.4308641583741,0.0
-611.1059184731274,0.0
-552.4978797297892,0.0
-458.73107004313437,0.0
-371.5462204847707,0.0
-330.63080962328905,0.0
-337.4592780325103,0.0
-338.14297322722757,0.0
-294.97178181093847,0.0
-232.70347090076035,0.0
-163.84991350366127,0.0
-87.83471573076953,0.0
-15.196395919051977,0.0
42.178262699024785,0.0
87.81928608868398,0.0
151.72181017944928,0.0
240.60465309872464,0.0
319.04415426395275,0.0
367.9278188177695,0.0
410.2039969251356,0.0
469.2285913918226,0.0
546.1438308919546,0.0
628.499836894268,0.0
709.0998707212025,0.0
779.934726447051,0.0
840.2287454912614,0.0
915.9738918687959,0.0
1015.7750047800962,0.0
1122.0958192149462,0.0
1211.941492867565,0.0
1280.7328132156088,0.0
1326.700219598209,0.0
1354.696609104646,0.0
1381.462027622347,0.0
1446.9730790036483,0.0
1557.6819824203149,0.0
1669.1137191126581,0.0
1756.6530529755091,0.0
1800.7225337341758,0.0
1830.8557760216306,0.0
1881.9956064536661,0.0
1930.1311603331533,0.0
1965.8276582149301,0.0
2007.6120108789721,0.0
2035.8667538240836,0.0
2040.1089193164019,0.0
2054.971396870367,0.0
2066.36989012382,0.0
2057.661768858331,0.0
2073.4813168362507,0.0
2109.6685248692174,0.0
2115.497709800639,0.0
2106.60777932437,0.0
2107.1677071290333,0.0
2099.1135041592647,0.0
2075.732232115592,0.0
2058.4806145540447,0.0
2070.0774586676603,0.0
2091.8659452522606,0.0
2091.788515185531,0.0
2088.7355289149245,0.0
2087.7981283525883,0.0
2037.4437345071901,0.0
1935.9869575429675,0.0
1833.9378499962338,0.0
1777.3564330296686,0.0
1772.6648847891895,0.0
1754.0541002303735,0.0
1696.9009933238956,0.0
1640.5234699678651,0.0
1596.0665155115294,0.0
1542.1470254260887,0.0
1480.406258829109,0.0
1425.3050222231213,0.0
1354.4871936337136,0.0
1271.394457062899,0.0
1212.047920081133,0.0
1152.0639121605473,0.0
1045.0552611123776,0.0
922.7711540258446,0.0
842.2088464681872,0.0
801.186026209668,0.0
756.2379685403721,0.0
678.7809670935986,0.0
573.642887708251,0.0
479.6179937507608,0.0
421.61609886303773,0.0
360.5424626548222,0.0
279.6221538031616,0.0
206.71651610496374,0.0
137.34332034777844,0.0
72.16226852347039,0.0
23.486270876113263,0.0
-15.662633888170214,0.0
-66.98481482102335,0.0
-136.3657833002618,0.0
-221.07393479480754,0.0
-304.66554042118395,0.0
-363.3368977298512,0.0
-384.16202683314054,0.0
-374.39897022862505,0.0
-371.9270381304949,0.0
-410.66390320455974,0.0
-471.0258398425552,0.0
-523.1080470846599,0.0
-559.8648403953921,0.0
-562.2938500557196,0.0
-527.2777063934979,0.0
-506.59834700701765,0.0
-545.265877374553,0.0
-608.7946487406996,0.0
-629.0893919999374,0.0
-597.433263686701,0.0
-585.0445902076995,0.0
-606.8834662910646,0.0
-610.8158290547507,0.0
-588.4249809046574,0.0
-552.9833084914084,0.0
-507.4738586227607,0.0
-460.19004506957805,0.0
-427.4317626769309,0.0
-409.64076777647205,0.0
-404.3110699633881,0.0
-391.0902398087868,0.0
-327.66517884148647,0.0
-234.18343382790488,0.0
-168.7907075136468,0.0
-128.5717320870686,0.0
-70.4335501762129,0.0
6.643458287896077,0.0
66.53328257349592,0.0
119.40333004933272,0.0
183.07825788470686,0.0
249.91354661508487,0.0
321.82645996901084,0.0
404.1915237526606,0.0
464.10392442278953,0.0
492.66737058570567,0.0
535.0878027398564,0.0
605.2134340231631,0.0
695.3866880135002,0.0
814.0802184497219,0.0
928.2914403393895,0.0
1011.8711815318637,0.0
1086.827059554901,0.0
1156.2355518388238,0.0
1196.2404950349367,0.0
1226.179720785512,0.0
1271.1427478323162,0.0
1329.3009971807544,0.0
1409.1669059502667,0.0
1503.6457027487918,0.0
1581.355868622791,0.0
1639.9191550274938,0.0
1699.5239554139841,0.0
1768.4018716729147,0.0
1846.59057493198,0.0
1914.5038156608052,0.0
1953.8886304559794,0.0
1978.1966681619028,0.0
1991.428531533677,0.0
2005.2829744304893,0.0
2041.5387091141172,0.0
2090.908908576483,0.0
2135.277159256411,0.0
2177.2146701172055,0.0
2211.579405744236,0.0
2225.0046272072973,0.0
2223.7025481260653,0.0
2207.802965268835,0.0
2177.2549667193202,0.0
2185.830359465209,0.0
2235.893720237496,0.0
2250.3132957544262,0.0
2218.2488822784253,0.0
2189.484611793136,0.0
2183.1651889320988,0.0
2183.4934620533572,0.0
2155.2379420891516,0.0
2100.442172407365,0.0
2046.4583295233886,0.0
2013.5604362432573,0.0
1997.7731484484555,0.0
1966.806795113404,0.0
1908.6149457325112,0.0
1839.3407630682498,0.0
1776.0408496162488,0.0
1706.4928467013162,0.0
1627.1211818552897,0.0
1568.3199244597545,0.0
1531.4362429587156,0.0
1481.1814015926184,0.0
1405.4666551246212,0.0
1336.2253218157052,0.0
1283.6601896906395,0.0
1225.3712540803283,0.0
1146.1675222730084,0.0
1050.6387686538578,0.0
967.6884851358908,0.0
905.6422699259804,0.0
859.6810472693744,0.0
813.2403341749442,0.0
730.8987503548399,0.0
613.9320633373457,0.0
517.7354847462676,0.0
476.5700287388437,0.0
445.7325923375835,0.0
375.7316856941354,0.0
296.40650554268194,0.0
252.33781221503781,0.0
230.09407161256004,0.0
184.37881672351733,0.0
103.63579158110221,0.0
35.878293240599845,0.0
-0.35142922958278955,0.0
-40.62554965316819,0.0
-96.81635529460321,0.0
-174.58671373578045,0.0
-247.70934007900013,0.0
-288.44613926862763,0.0
-333.43179791026273,0.0
-383.3664316418145,0.0
-410.95997833490094,0.0
-427.17308892308233,0.0
-440.12884907108804,0.0
-436.94126931180756,0.0
-425.4570105633174,0.0
-437.2891681787686,0.0
-469.2869195330335,0.0
-483.0793318859504,0.0
-473.5264893498564,0.0
-478.20335433400317,0.0
-500.35216257539895,0.0
-507.758199532071,0.0
-488.84782575577924,0.0
-451.3186038523934,0.0
-406.8375334004549,0.0
-377.9599674482706,0.0
-375.13548141811407,0.0
-360.9829086829129,0.0
-309.5059152144746,0.0
-269.34812792164695,0.0
-260.89589515475103,0.0
-224.37631715577612,0.0
-143.78728861190828,0.0
-63.59359819045667,0.0
8.784046516790625,0.0
92.70864866403782,0.0
184.53666336310462,0.0
257.4985739578557,0.0
313.6794753903107,0.0
375.1588000810701,0.0
439.0328912659561,0.0
490.49702389647564,0.0
537.7315334979584,0.0
581.0342723867877,0.0
606.5386533195815,0.0
659.8093266330541,0.0
771.528266566052,0.0
894.8500054631465,0.0
990.5925644082832,0.0
1060.605467845601,0.0
1117.9553740223748,0.0
1187.2573678360225,0.0
1283.525681656217,0.0
1375.705368181334,0.0
1440.7919656766446,0.0
1505.5554377954065,0.0
1576.3885687044392,0.0
1626.6125155617108,0.0
1659.4074771594412,0.0
1710.5254511660062,0.0
1777.9838553749628,0.0
1838.8907875981597,0.0
1888.221655744431,0.0
1920.8490116794806,0.0
1948.064519905961,0.0
2002.8955208523544,0.0
2082.82196866107,0.0
2140.7347152620887,0.0
2158.774099147687,0.0
2176.923061698478,0.0
2225.6430792304845,0.0
2267.5664098974576,0.0
2290.042052599694,0.0
2315.8780274439623,0.0
2341.9354726787706,0.0
2358.0472463280785,0.0
2359.821108923987,0.0
2348.157844549719,0.0
2330.4068937024645,0.0
2317.301406793846,0.0
2314.0460772916554,0.0
2317.8041836072953,0.0
2322.192066470602,0.0
2312.3793563599183,0.0
2280.146309483355,0.0
2232.029803870016,0.0
2197.038172340721,0.0
2175.811847339355,0.0
2133.7629498085494,0.0
2079.783727292894,0.0
2044.407282945487,0.0
2003.2661710311015,0.0
1938.5895994215539,0.0
1865.5063835972696,0.0
1788.481613517099,0.0
1718.3878250010416,0.0
1664.0402490382328,0.0
1623.9299880632032,0.0
1578.056458435195,0.0
1494.7280263359019,0.0
1387.4316758378866,0.0
1297.1105089036994,0.0
1232.0508641633503,0.0
1167.4202500884735,0.0
1093.259295985026,0.0
1013.3542611090228,0.0
945.8315386087,0.0
901.4411739635456,0.0
848.3998242516901,0.0
761.7705794767678,0.0
663.663483415191,0.0
608.5597915424132,0.0
591.5619676105282,0.0
531.4064290240931,0.0
414.4336237316803,0.0
308.2981014730832,0.0
237.87828736008558,0.0
167.43107620404442,0.0
98.36675934331346,0.0
66.6571732462002,0.0
57.85140591089006,0.0
32.599779090782945,0.0
-1.863616181542991,0.0
-26.911652218444253,0.0
-79.10509422944182,0.0
-159.39673739156586,0.0
-215.3981871323513,0.0
-228.69950415751092,0.0
-231.249755728126,0.0
-262.0216481927063,0.0
-317.86838107654575,0.0
-353.26569877363653,0.0
-357.1668230107105,0.0
-376.82491752303605,0.0
-423.5019624513954,0.0
-451.29650120378585,0.0
-442.23627490097914,0.0
-429.70975965680736,0.0
-437.23424145439367,0.0
-441.9286570140426,0.0
-410.5700978057716,0.0
-354.8033802051111,0.0
-317.0866996022558,0.0
-309.3276086429601,0.0
-307.86761682598575,0.0
-290.74148377343244,0.0
-255.31532106181004,0.0
-217.8520777640326,0.0
-186.20987142530132,0.0
-136.09176912999465,0.0
-60.46347566875835,0.0
43.12064374430863,0.0
155.54229523153415,0.0
217.08808903118006,0.0
234.9719183308222,0.0
271.5680771192753,0.0
334.6251662995506,0.0
397.1179382293146,0.0
438.6871739171903,0.0
461.6730342353091,0.0
508.7356934624477,0.0
606.0905457178046,0.0
712.6623218019987,0.0
794.3254964724586,0.0
864.1924207330048,0.0
939.474280112398,0.0
1026.6607476669435,0.0
1108.7564606404096,0.0
1174.2115622163528,0.0
1245.6758253158778,0.0
1325.2051822547921,0.0
1379.7794211455964,0.0
1422.7564557922365,0.0
1488.1189161160287,0.0
1557.1292305150528,0.0
1603.0450499775336,0.0
1650.2292304726666,0.0
1731.1651617672633,0.0
1835.3604565804826,0.0
1932.9250051696272,0.0
1995.0358430959948,0.0
2016.8091612756482,0.0
2041.9751855331826,0.0
2098.962459195969,0.0
2160.603462826999,0.0
2208.5207117758823,0.0
2262.9234926583076,0.0
2300.468918959695,0.0
2293.965957071966,0.0
2285.20948412433,0.0
2295.1302245098445,0.0
2311.009694271084,0.0
2323.4598985771445,0.0
2329.526522297207,0.0
2344.1222365288363,0.0
2368.5765627703327,0.0
2405.747773996165,0.0
2451.5773506865157,0.0
2482.334772945838,0.0
2483.0453595841977,0.0
2445.7624826760857,0.0
2385.230304810528,0.0
2335.984820406201,0.0
2307.3845880749973,0.0
2272.2078091013686,0.0
2217.9090601488037,0.0
2169.7067843614955,0.0
2131.911370476928,0.0
2078.9512862596807,0.0
2026.392707307775,0.0
1994.6189398877023,0.0
1968.6881260411549,0.0
1932.6730863606035,0.0
1885.5200016267802,0.0
1832.8730905633397,0.0
1766.5373940704642,0.0
1691.6916175005877,0.0
1624.4739502976022,0.0
1554.0827627561976,0.0
1465.6810733033237,0.0
1385.1507717020224,0.0
1333.8069231526479,0.0
1296.8996019020917,0.0
1243.9732129327833,0.0
1162.1882307253804,0.0
1077.8042278348596,0.0
1010.1999124138554,0.0
949.2142269882022,0.0
873.4093352847327,0.0
780.2297982216465,0.0
676.1763161561689,0.0
577.7579036139537,0.0
506.1946859491333,0.0
450.04931439071146,0.0
390.7381398821217,0.0
318.92060419352237,0.0
225.9097293040802,0.0
143.74080465789953,0.0
102.97324995495742,0.0
84.29303145693316,0.0
40.62293093525202,0.0
-30.59568181541219,0.0
-88.2479677862474,0.0
-135.1000933468658,0.0
-179.4612177227916,0.0
-198.5675461069914,0.0
-195.61188337899992,0.0
-202.9051855600003,0.0
-250.03716220784918,0.0
-320.8881539205768,0.0
-373.7132184668208,0.0
-405.3880873338756,0.0
-417.3811786896763,0.0
-390.7022671374442,0.0
-345.5339128922875,0.0
-314.3439884935916,0.0
-295.68710500459616,0.0
-294.4776555365255,0.0
-298.3311682574295,0.0
-270.46585501334175,0.0
-227.84795229896147,0.0
-204.25572777521674,0.0
-178.569623057875,0.0
-146.48334505537,0.0
-127.49340031911369,0.0
-107.76820886562338,0.0
-62.24201172580275,0.0
-9.08447973412703,0.0
14.66414848893963,0.0
44.31772285418352,0.0
115.72434777029116,0.0
184.0202232398783,0.0
217.79264892621796,0.0
253.35032746060526,0.0
309.8873424181741,0.0
392.42020968996945,0.0
501.7501038755099,0.0
613.8309033297096,0.0
695.4483438911828,0.0
735.8827381009254,0.0
