6404.755464063465,0.0
6220.813033761063,0.0
6283.541627934976,0.0
6007.547294407083,0.0
4580.150195284265,0.0
2421.2287217212383,0.0
970.8463500880639,0.0
597.9428962171256,0.0
560.4014067404095,0.0
395.00072803000126,0.0
213.64586189652402,0.0
247.8871025555872,0.0
505.79963784092257,0.0
867.4661824331108,0.0
1119.1986765022161,0.0
1054.3104194022078,0.0
825.2318913400146,0.0
735.764949399096,0.0
826.0509652811712,0.0
954.7460814591701,0.0
1055.5209732093135,0.0
1119.7313609041546,0.0
1151.562688217028,0.0
1166.9067931879983,0.0
1187.8348284753115,0.0
1295.2065531229093,0.0
1455.5616858296319,0.0
1572.8420893045045,0.0
1627.5563234351505,0.0
1650.467842626289,0.0
1674.5697652410247,0.0
1608.6307317204732,0.0
1420.0105121982647,0.0
1303.5413402537642,0.0
1332.4275254338918,0.0
1355.148997466552,0.0
1319.75626731731,0.0
1308.3419850517014,0.0
1398.152159974177,0.0
1569.0581242446628,0.0
1666.3684804704874,0.0
1600.0533993324611,0.0
1487.253866946148,0.0
1444.4791098383207,0.0
1449.1395285054634,0.0
1425.8445796958315,0.0
1244.6321381134208,0.0
938.197137306301,0.0
663.086813989842,0.0
481.7114536476482,0.0
414.42282203391494,0.0
517.5193028972798,0.0
711.4612375606723,0.0
750.287748844437,0.0
622.534940097688,0.0
527.8783676000156,0.0
543.510363120406,0.0
516.8050003748411,0.0
325.6104453040426,0.0
161.7144381544925,0.0
104.88918826485434,0.0
-22.484671313247937,0.0
-319.60080905600665,0.0
-598.8541149029489,0.0
-621.5672617142732,0.0
-508.7284358653202,0.0
-518.8468396679084,0.0
-631.6673624189613,0.0
-716.2367864849216,0.0
-769.9222141255,0.0
-831.0072122606324,0.0
-865.7770805932561,0.0
-816.4921024846946,0.0
-774.9297122411155,0.0
-806.8221752429363,0.0
-869.3175307820215,0.0
-948.3047821041297,0.0
-1005.8376011505973,0.0
-954.1459460182549,0.0
-835.2478920492686,0.0
-809.0959433352149,0.0
-938.0296597145325,0.0
-1145.9394041811859,0.0
-1332.1085273728659,0.0
-1366.763135640037,0.0
-1171.5062085089355,0.0
-913.8747875286962,0.0
-848.955284451254,0.0
-953.1332500022286,0.0
-1014.3290276033108,0.0
-932.423510121103,0.0
-786.8235346431911,0.0
-655.5692388846006,0.0
-523.0488289779397,0.0
-447.4974995525054,0.0
-503.88523400299465,0.0
-633.2464977840888,0.0
-681.5290840738288,0.0
-596.7505811827633,0.0
-442.3015885063631,0.0
-307.34062219461146,0.0
-158.73674093454602,0.0
17.242662590640865,0.0
138.23904063012526,0.0
191.03413194652694,0.0
144.69455336249553,0.0
42.69874089631674,0.0
30.234153394520813,0.0
105.68412322955095,0.0
209.78659432427295,0.0
347.66292928863055,0.0
530.557809833121,0.0
746.1379620259899,0.0
906.9922374557125,0.0
960.3764407099407,0.0
888.881759460945,0.0
841.9539250770565,0.0
908.33051123011,0.0
969.6808050630614,0.0
1040.723672985625,0.0
1173.5120245102905,0.0
1297.5902625763115,0.0
1441.8170374712145,0.0
1572.0540932578842,0.0
1616.6787732994073,0.0
1608.057451704323,0.0
1557.4646152092516,0.0
1483.0790606542357,0.0
1510.6530687107463,0.0
1747.1729190906515,0.0
2075.717571362343,0.0
2188.132754109498,0.0
2027.122084535026,0.0
1894.0134525351987,0.0
1986.8337631723841,0.0
2115.3441206782727,0.0
2100.6164821737993,0.0
2018.9514291561243,0.0
1944.495879308187,0.0
1862.8870248732762,0.0
1715.352999681546,0.0
1577.5925496753978,0.0
1538.7117397585585,0.0
1581.846577206114,0.0
1697.6352116742848,0.0
1811.3350408821116,0.0
1776.2137991124746,0.0
1597.5277268540178,0.0
1406.9517010800118,0.0
1292.921219558725,0.0
1244.9469581480666,0.0
1248.1222395461277,0.0
1302.9139077813404,0.0
1334.5066485674324,0.0
1321.0237466169865,0.0
1277.075665010955,0.0
1217.6127272191468,0.0
1306.382668157062,0.0
1430.6280939509065,0.0
1290.4376410139878,0.0
981.9993417972473,0.0
791.9275826529653,0.0
744.2579313610438,0.0
680.6339040524421,0.0
594.766172579663,0.0
585.1264760163664,0.0
715.9805960097385,0.0
893.7149297815231,0.0
868.5669464550906,0.0
633.151553208988,0.0
366.8865567263229,0.0
177.35982281551034,0.0
51.77555914319031,0.0
-72.54577004436773,0.0
-115.11768958626448,0.0
-123.61333378512379,0.0
-268.25718081781616,0.0
-448.7923227755607,0.0
-550.0982839508877,0.0
-578.317934624752,0.0
-609.4341565522354,0.0
-691.7378295124589,0.0
-753.1025139516408,0.0
-803.3406405089968,0.0
-826.8762550396976,0.0
-778.3537259397551,0.0
-708.5332792352418,0.0
-600.7873131823915,0.0
-469.1503367455877,0.0
-440.95865588554517,0.0
-515.8115059043151,0.0
-599.178941925929,0.0
-616.3903588029517,0.0
-511.2549561961623,0.0
-373.8066993256623,0.0
-294.46731014960005,0.0
-196.812662132647,0.0
-116.33055782659378,0.0
-96.26531393974705,0.0
-26.533083173460284,0.0
-19.905577774196203,0.0
-147.91157560661463,0.0
-224.25546061873328,0.0
-226.8205181611052,0.0
-229.63451797969714,0.0
-172.25408592096463,0.0
52.54039913333656,0.0
369.58756582370444,0.0
599.8727419249135,0.0
730.9883820649918,0.0
777.1028715477405,0.0
757.0705679361934,0.0
754.6718853398934,0.0
773.8582460585418,0.0
847.151855906991,0.0
949.9673113939506,0.0
963.2819641087875,0.0
990.0238112199827,0.0
1207.5128350485654,0.0
1465.5408213920418,0.0
1494.0600364513346,0.0
1405.2608482814924,0.0
1454.7049342812625,0.0
1552.5776775247348,0.0
1631.0203063262732,0.0
1756.7475295303552,0.0
1848.4444253980373,0.0
1926.6069491760877,0.0
2036.61341211212,0.0
2061.434842312061,0.0
1963.9231345905016,0.0
1931.8289776384813,0.0
2076.567961994756,0.0
2329.6560457700625,0.0
2430.5638594418415,0.0
2316.2781274086283,0.0
2291.5078150236477,0.0
2426.8248852843844,0.0
2516.226059807745,0.0
2524.8761295592158,0.0
2606.3868568627886,0.0
2651.657679942854,0.0
2514.5012710908695,0.0
2376.9279844048037,0.0
2375.3498489844546,0.0
2415.552180847313,0.0
2456.322203068671,0.0
2438.9732471365965,0.0
2190.1715133896014,0.0
1927.6646860214535,0.0
2001.959435882474,0.0
2188.561554335924,0.0
2177.656337114894,0.0
2075.8516927863748,0.0
1973.0368672066004,0.0
1929.6779009042123,0.0
2048.6806299756427,0.0
2236.615258512209,0.0
2315.1707733607905,0.0
2186.9273590115677,0.0
1951.7663747636614,0.0
1768.9598353281347,0.0
1629.7742455632008,0.0
1508.1890957918342,0.0
1469.1481435092846,0.0
1454.645370323022,0.0
1371.5747434299349,0.0
1325.5186204396803,0.0
1414.8604856937277,0.0
1464.7278627621683,0.0
1250.4142545619493,0.0
820.6869087855578,0.0
492.1144912777999,0.0
406.7833346300193,0.0
527.6385228699596,0.0
711.024935897821,0.0
714.099207430334,0.0
473.9423196822939,0.0
260.36351112760065,0.0
266.3331537863876,0.0
371.56236417105447,0.0
419.0043372877314,0.0
328.2311236673593,0.0
99.24380359849421,0.0
-61.89261631660141,0.0
-63.95300571461729,0.0
-24.622288056977116,0.0
52.17438657400661,0.0
142.53005298096744,0.0
198.03314045980375,0.0
142.18839805429172,0.0
-76.97199535221738,0.0
-254.81581040637485,0.0
-227.475305627313,0.0
-81.62207487581347,0.0
46.84658185458602,0.0
-1.9896284553955776,0.0
-174.6622195021785,0.0
-191.92705777518455,0.0
-68.61586230329732,0.0
4.637315455083414,0.0
32.17165513181942,0.0
106.02794388680813,0.0
182.2354834468088,0.0
241.75315608410554,0.0
379.64692680219105,0.0
586.655380163343,0.0
731.2794247768903,0.0
704.7974360280707,0.0
505.0761191814513,0.0
358.99180462391513,0.0
424.2818192820077,0.0
563.1347832467492,0.0
613.2326819632011,0.0
569.0181731008516,0.0
537.9795503570377,0.0
628.0697598125396,0.0
851.317832651318,0.0
1156.7028490822206,0.0
1439.873017213897,0.0
1594.789280443074,0.0
1619.4494647428166,0.0
1581.1741567609529,0.0
1497.1816888261278,0.0
1489.6385539290256,0.0
1603.201732199006,0.0
1684.7570884076224,0.0
1759.72790819554,0.0
1990.8900091699675,0.0
2340.007006334925,0.0
2561.0377532195917,0.0
2514.2238212294014,0.0
2332.463975402367,0.0
2292.608612154153,0.0
2498.7002806352257,0.0
2745.5321452216067,0.0
2835.5770487623136,0.0
2788.788316746182,0.0
2707.087339749582,0.0
2687.94169241731,0.0
2758.3369670750008,0.0
2816.0987341561035,0.0
2793.280717262183,0.0
2709.4288162228786,0.0
2665.7287651103125,0.0
2766.4166955312003,0.0
2916.682855509281,0.0
2965.94501020266,0.0
2965.986515407056,0.0
3025.2194573494435,0.0
3086.04275135748,0.0
3040.566776266147,0.0
2930.338604323501,0.0
2807.1784874728824,0.0
2741.947989557993,0.0
2818.050761022188,0.0
2884.5879172907216,0.0
2750.429486057861,0.0
2569.353043345923,0.0
2558.2463427906005,0.0
2615.269832575397,0.0
2604.8883623415154,0.0
2514.173786661635,0.0
2355.158758298071,0.0
2258.905206712784,0.0
2292.4317102691375,0.0
2334.3963756285025,0.0
2320.4383040219495,0.0
2203.2130342029723,0.0
1937.0973707952528,0.0
1660.337891132499,0.0
1496.3418051418714,0.0
1420.971845922693,0.0
1438.2753187071007,0.0
1420.9093088920101,0.0
1297.844169678592,0.0
1215.9720534646724,0.0
1206.3365762361618,0.0
1260.192766045535,0.0
1342.2614217972123,0.0
1330.6652537309396,0.0
1143.169790002472,0.0
840.3050359846418,0.0
627.4574709194608,0.0
562.6731269027607,0.0
517.2544555893376,0.0
424.6105662169969,0.0
369.6471250970254,0.0
444.46390597331344,0.0
619.3265517085048,0.0
796.2556364753567,0.0
936.7377500774941,0.0
953.7714387191846,0.0
865.1323920256992,0.0
902.1687090835312,0.0
953.2749058456702,0.0
737.0603716832351,0.0
385.41505618697084,0.0
123.400352576567,0.0
-40.04106750147623,0.0
-133.6817262442508,0.0
-74.44388593218196,0.0
136.33790372125713,0.0
319.7914501623056,0.0
338.88186548250684,0.0
253.73974291826443,0.0
281.11104791585154,0.0
510.9300760233702,0.0
724.4322219243536,0.0
712.1518385666677,0.0
610.2575120902758,0.0
735.6215186752296,0.0
1001.1836603485692,0.0
1162.2476483204778,0.0
1230.7562414421664,0.0
1237.7141708756728,0.0
1199.0707258951782,0.0
1109.8266610883184,0.0
1043.9180683632687,0.0
1199.3946531451209,0.0
1519.1518031664405,0.0
1760.733860477557,0.0
1844.2818764209455,0.0
1874.1555932450865,0.0
1882.3923470537695,0.0
1809.8743957111153,0.0
1763.3341445035833,0.0
1861.004923181184,0.0
2024.5539747891246,0.0
2168.2996666787058,0.0
2328.9435447024184,0.0
2523.586743026982,0.0
2577.8198063395403,0.0
2477.1270724488168,0.0
2435.0880996201226,0.0
2420.629661921716,0.0
2377.554116215903,0.0
2423.4237634092397,0.0
2606.5352648199964,0.0
2790.489805093564,0.0
2939.572446827524,0.0
3022.712463839325,0.0
2910.3501992050196,0.0
2875.254508829206,0.0
3215.220577673092,0.0
3659.125490075975,0.0
3842.2284325432056,0.0
3784.798081837364,0.0
3634.5120635899534,0.0
3423.8969712560074,0.0
3143.8581278051174,0.0
2868.251003639796,0.0
2726.8546697596075,0.0
2740.7128948303584,0.0
2850.024587390709,0.0
3034.3022790361238,0.0
3147.647483067857,0.0
3047.8137121133386,0.0
2881.7327406738436,0.0
2825.3409543774637,0.0
2891.9091844020545,0.0
2973.967386576257,0.0
2995.0865750063754,0.0
3087.996423194811,0.0
3274.038957338678,0.0
3372.8291150297164,0.0
3230.1203254603165,0.0
2969.4353510445835,0.0
2829.307875742526,0.0
2781.948693757764,0.0
2788.7051588934405,0.0
2784.5112632115506,0.0
2688.021623509398,0.0
2570.2477455079124,0.0
2468.6022595531044,0.0
2424.5843104665537,0.0
2400.0830127054264,0.0
2293.375267198146,0.0
2203.9041968438405,0.0
2179.9274581600093,0.0
2092.040247892836,0.0
1948.7476126132465,0.0
1804.7260372859666,0.0
1562.2990623149576,0.0
1271.4596342528484,0.0
1147.0233803964131,0.0
1243.8549030426254,0.0
1362.7156740072749,0.0
1428.9600907197985,0.0
1493.5721285359332,0.0
1493.3954874891126,0.0
1428.2534769716717,0.0
1290.4274163028524,0.0
1107.4077563628805,0.0
1038.831955351307,0.0
993.8049219600324,0.0
871.2239263118289,0.0
796.9022399712442,0.0
787.2938387190187,0.0
781.3511089103952,0.0
768.2997644265173,0.0
739.1828189943648,0.0
737.8622481747459,0.0
757.8472356580103,0.0
738.581073666197,0.0
783.8217005130606,0.0
920.7636354629841,0.0
932.6805666927797,0.0
819.768446946646,0.0
846.7761244280655,0.0
1025.995806063402,0.0
1266.4415302111433,0.0
1450.9216861405816,0.0
1378.7643160333598,0.0
1173.4027480501118,0.0
1158.6796112268667,0.0
1346.6417093781145,0.0
1488.8687410099808,0.0
1476.3353112235063,0.0
1441.5004199395446,0.0
1522.3031956237874,0.0
1676.8886204577548,0.0
1751.4598864432276,0.0
1676.9313989532968,0.0
1582.256272384461,0.0
1559.3816567926729,0.0
1648.8381788101494,0.0
1822.6987347767506,0.0
2001.7577480419907,0.0
2217.3765910698753,0.0
2448.1139286761613,0.0
2568.9543606966945,0.0
2547.9782347952223,0.0
2445.4955196240517,0.0
2414.115453887439,0.0
2549.185668719027,0.0
2762.2420701505275,0.0
2910.2531428235825,0.0
2962.24593257425,0.0
2881.958744499259,0.0
2730.8267542533945,0.0
2690.5615891980146,0.0
2845.6932627065066,0.0
2983.1966784596457,0.0
3026.1848603593758,0.0
3108.1303253078536,0.0
3189.519046037814,0.0
3275.672209030836,0.0
3399.6173178975605,0.0
3485.618285292143,0.0
3589.386719536021,0.0
3709.794136251845,0.0
3798.43778367309,0.0
3900.473720858302,0.0
3988.644200697955,0.0
3955.0534983589228,0.0
3785.5820897797616,0.0
3686.548687452949,0.0
3736.143372136303,0.0
3793.2033956641217,0.0
3839.256056439676,0.0
3904.551067901339,0.0
3933.1957439539287,0.0
3935.325706750847,0.0
3968.581336670187,0.0
4012.4153371294537,0.0
4033.348627757807,0.0
4009.7466788370107,0.0
3875.386941716421,0.0
3615.1449796600464,0.0
3347.2443273548124,0.0
3188.291642939635,0.0
3147.2259132038175,0.0
3165.2542123449066,0.0
3175.3109673762992,0.0
3092.164788235576,0.0
2943.810407922978,0.0
2841.1573113246372,0.0
2771.150373585839,0.0
2632.731969616533,0.0
2490.3477264828134,0.0
2496.1052445242735,0.0
2554.501108723541,0.0
2468.8999100873293,0.0
2324.192036885419,0.0
2234.9152105412018,0.0
2166.6393586051745,0.0
2095.2968647207335,0.0
2007.9122494936544,0.0
1914.8419842415074,0.0
1891.628209823989,0.0
1902.1783352333648,0.0
1807.0582558624171,0.0
1672.7270437409716,0.0
1571.4041047586252,0.0
1456.8196270875221,0.0
1399.4791325016542,0.0
1386.5905653591026,0.0
1362.6387559827715,0.0
1352.189848081648,0.0
1420.0370563731221,0.0
1589.4911453534091,0.0
1717.6380133683656,0.0
1684.0921554437552,0.0
1467.7841190984552,0.0
1281.4758276811226,0.0
1334.9350892961977,0.0
1494.2644757612343,0.0
1596.9097048456215,0.0
1602.8759634626495,0.0
1530.7738462195873,0.0
1442.9702716094546,0.0
1383.5469897774851,0.0
1262.4740256408975,0.0
1009.319434155915,0.0
879.421427851426,0.0
1034.4463068789582,0.0
1243.8629791763376,0.0
1317.4756613227798,0.0
1363.0825763568218,0.0
1403.4614738241746,0.0
1383.181363377815,0.0
1459.7006309671638,0.0
1699.2798377322956,1.0
1902.0001235520058,1.0
2111.003695519707,1.0
2981.7226205024613,0.0
5549.19923244118,0.0
9146.905615450418,0.0
10896.894117402368,0.0
9242.960707182972,0.0
5825.194188831017,0.0
3419.340416316099,0.0
2590.82774319728,0.0
2452.7470874439928,0.0
2555.7971970709236,0.0
2788.221243719994,0.0
2989.9633349841097,0.0
3121.1813842091897,0.0
3199.9907178646977,0.0
3211.669047433517,0.0
3298.5352786821795,0.0
3492.049529664979,0.0
3668.3467369150167,0.0
3807.7363721568336,0.0
3883.5610215417273,0.0
3860.780013380191,0.0
3800.588774042076,0.0
3782.741078786445,0.0
3854.256012209691,0.0
3986.226437373008,0.0
4093.13326337628,0.0
4093.677856850362,0.0
4012.184339870769,0.0
3879.1979679202027,0.0
3823.1843923257147,0.0
4049.427398106763,0.0
4382.924731390286,0.0
4476.186874654823,1.0
4382.57721694434,1.0
4444.707236142999,1.0
5322.653610966739,0.0
7905.36067918988,0.0
11418.948813375573,0.0
13047.496193847237,0.0
11252.75497570942,0.0
7645.992038921427,0.0
5117.9073593041085,0.0
4290.571551080831,0.0
4199.416404314007,0.0
4324.380878794135,0.0
4390.886323160413,0.0
4325.101043218481,0.0
4262.163726675942,0.0
4154.746545231729,0.0
3902.821870097218,0.0
3635.5884568640854,0.0
3487.2358912766467,0.0
3462.7476685565075,0.0
3508.4050083206344,0.0
3518.619709270451,0.0
3453.5470034708856,0.0
3393.494034508662,0.0
3354.6626214399153,0.0
3378.662059737022,0.0
3449.9965495082706,0.0
3317.1195617005487,0.0
3010.8036965248893,0.0
2845.800048355901,0.0
2821.6478890258527,0.0
2757.921094004781,0.0
2671.1640752146036,0.0
2708.186623545381,0.0
2823.985937245681,0.0
2833.4028637902175,0.0
2695.3241380275413,0.0
2497.0722154369546,0.0
2343.4692476692726,0.0
2324.633570587276,0.0
2351.016464410089,0.0
2285.8343091802776,0.0
2230.665331930489,0.0
2235.3375265738377,0.0
2216.297091267291,0.0
2199.622995459485,0.0
2147.391660765635,0.0
2030.0549731704502,0.0
1905.3855889064182,0.0
1744.6656768943092,0.0
1547.9954085491238,0.0
1491.5740162862437,0.0
1598.6542045361944,0.0
1704.1593503444417,0.0
1720.1295338333264,0.0
1692.9121625643072,0.0
1686.3276002219097,0.0
1637.9229677288351,0.0
1492.7378200836024,0.0
1453.4407362475895,0.0
1679.428537599826,0.0
1953.67283514235,0.0
2039.9989169827443,0.0
2012.7240852129282,0.0
2056.0488015478636,0.0
2111.904587451292,0.0
2078.684497132045,0.0
2070.6601842065206,0.0
2102.3755238096505,0.0
2116.862985454932,0.0
2182.3929494163717,0.0
2281.960338945849,0.0
2330.277500425666,0.0
2303.9753870212066,0.0
2231.154081674725,0.0
2297.3230195292035,0.0
2534.261047260745,0.0
2708.1122164494304,0.0
2790.25437188618,0.0
2912.4745343323602,0.0
3043.6827292607904,0.0
3121.6521594988503,0.0
3177.1143066971804,0.0
3213.3064735314233,0.0
3295.417947900676,0.0
3411.0719884987534,0.0
3442.215178128656,0.0
3433.944252650409,0.0
3563.623313682622,0.0
3811.83527991752,0.0
4030.6380881675686,0.0
4105.767249610428,0.0
4102.052517928568,0.0
4204.772955417682,0.0
4388.2539411478865,0.0
4512.238258740161,0.0
4563.308650031391,0.0
4585.531486347372,0.0
4564.190052982551,0.0
4565.603328500163,0.0
4643.545296295329,0.0
4738.644469228924,0.0
4811.247727689636,0.0
4815.204041041624,0.0
4740.808545323049,0.0
4717.478296787926,0.0
4854.966131641183,0.0
5098.828842626876,0.0
5265.184107379471,0.0
5278.469925229689,0.0
5217.900757541892,0.0
5040.2277703403715,0.0
4704.891103198862,0.0
4439.390508706506,0.0
4421.007784468437,0.0
4487.27334428781,0.0
4419.6461031109075,0.0
4362.507955748583,0.0
4472.219025364211,0.0
4544.388539678393,0.0
4490.581376507404,0.0
4357.733723799669,0.0
4230.05753553449,0.0
4298.65600674928,0.0
4532.923098133851,0.0
4644.576951190642,0.0
4489.917323496549,0.0
4197.421796826266,0.0
4016.9988773473515,0.0
4047.1973085825302,0.0
4048.3185868844303,0.0
3933.3337944203568,0.0
3899.4879824787945,0.0
3952.7499993361353,0.0
3881.854887526758,0.0
3711.132686340415,0.0
3672.805109444492,0.0
3682.0663419030616,0.0
3553.8144270125226,0.0
3337.3372898814214,0.0
3170.0274949594545,0.0
3077.249071706551,0.0
2923.8040993451464,0.0
2657.3787331794047,0.0
2430.921742575014,0.0
2300.521879780777,0.0
2237.4494285416663,0.0
2311.7867845306882,0.0
2422.7149367901056,0.0
2362.6440200394136,0.0
2240.3910314244035,0.0
2251.7558322527125,0.0
2396.0672417051856,0.0
2520.14862354954,0.0
2521.301947461068,0.0
2459.153154476942,0.0
2394.078545515114,0.0
2279.374456423732,0.0
2251.379499253995,0.0
2420.8041111555467,0.0
2538.387148459674,0.0
2405.2052335459857,0.0
2144.404733556042,0.0
1975.196838866366,0.0
1913.9392233173419,0.0
1871.358364692775,0.0
1948.3813867323977,0.0
2144.0440827345783,0.0
2253.328919623726,0.0
2287.206316704037,0.0
2369.274264812343,0.0
2420.3066511195,0.0
2392.6405380797814,0.0
2473.848195590833,0.0
2646.8525988334936,0.0
2723.5938332530363,0.0
2735.3688378387237,0.0
2832.0656436245154,0.0
3036.76309516813,0.0
3204.964137240242,0.0
3218.548096946629,0.0
3209.577928713701,0.0
3256.6205245264327,0.0
3330.8202727244093,0.0
3482.048432550884,0.0
3589.268019505077,0.0
3623.764832370558,0.0
3786.4366467816685,0.0
4062.536759098237,0.0
4313.226695527111,0.0
4476.8884268712845,0.0
4466.9776029480245,0.0
4274.524953361295,0.0
4106.5967632389165,0.0
4122.437366773488,0.0
4209.398215497337,0.0
4258.211963788432,0.0
4303.771944574567,0.0
4340.10999001609,0.0
4429.517675516826,0.0
4554.574421390695,0.0
4603.619528756727,0.0
4652.553005618929,0.0
4802.892312756395,0.0
4924.858770935273,0.0
4933.003754472223,0.0
5022.677851999221,0.0
5285.601970783589,0.0
5532.350763456231,0.0
5597.402094441354,0.0
5544.201080185123,0.0
5372.816063124878,0.0
5210.929928993265,0.0
5239.883484050604,0.0
5279.903323593033,0.0
5192.6219042015055,0.0
5186.212594578384,0.0
5286.501624057625,0.0
5234.291010963561,0.0
5147.876349081563,0.0
5182.045923233964,0.0
5160.801464223592,0.0
5007.648842100827,0.0
4800.353697990179,0.0
4711.677633029934,0.0
4826.335334171516,0.0
4951.657196814858,0.0
4939.883441861022,0.0
4874.727009247561,0.0
4821.606898598645,0.0
4731.774826313838,0.0
4575.890684330018,0.0
4381.418903541462,0.0
4164.871778994795,0.0
3971.9812155934574,1.0
3889.628425764301,1.0
4028.4718454240015,1.0
4880.160695362637,0.0
7316.74271279934,0.0
10670.024315252598,0.0
12274.3655966962,0.0
10659.913719096287,0.0
7268.302819886851,0.0
4730.649368800896,0.0
3712.4130277751838,0.0
3387.0127454496837,0.0
3286.7728181794027,0.0
3294.3156884793493,0.0
3351.3184034589854,0.0
3424.1493700607048,0.0
3392.3832998990265,0.0
3143.6544820650606,0.0
2831.5620659220845,0.0
2718.4614073898088,0.0
2919.432719820877,0.0
3193.0089488384647,0.0
3228.5046702941468,0.0
3099.341610070452,0.0
2957.2412542916213,0.0
2855.7743737194282,0.0
2851.400524790191,0.0
2952.002667750102,0.0
3025.717325068198,0.0
2937.967995373543,0.0
2747.1059677846933,0.0
2602.65500367918,0.0
2634.5693822094663,0.0
2816.8553972822424,0.0
2843.7225555107243,0.0
2654.3924457069797,0.0
2513.2319523684932,0.0
2502.961464031313,0.0
2663.342342201926,0.0
2989.0384651758995,0.0
3268.6564002326318,0.0
3301.253372863599,0.0
3079.8135643457663,0.0
2878.2675530819074,0.0
2888.483492392338,0.0
2985.390212293443,0.0
3106.079028976232,0.0
3254.076526582913,0.0
3376.5342942050506,0.0
3413.7840231859054,0.0
3384.4030887241015,0.0
3441.27275267402,0.0
3619.1847374688737,0.0
3739.1111520009435,0.0
3704.800802369933,0.0
3633.4331305516193,0.0
3644.26445595242,0.0
3743.844306149829,0.0
3869.7599801985452,0.0
3986.256809889536,0.0
4053.4588940164613,0.0
4068.193243333324,0.0
4163.10519780136,0.0
4382.612046154003,0.0
4638.482775456985,0.0
4814.780849589235,0.0
4889.001829279905,0.0
4852.8856334999555,0.0
4731.761177314572,0.0
4611.258015963783,0.0
4694.8923371118435,0.0
5016.056024752271,0.0
5349.711630231946,0.0
5571.569345875761,0.0
5582.87753697376,0.0
5534.0523242335385,0.0
5602.929706212714,0.0
5668.1820468938295,0.0
5682.412303723863,0.0
5740.072345705241,0.0
5742.034722124778,0.0
5635.4880811645,0.0
5596.508258556524,0.0
5553.9415496136335,0.0
5423.617312524516,0.0
5432.252001092822,0.0
5558.939053706725,0.0
5546.456508960458,0.0
5474.283065392087,0.0
5465.141043539194,0.0
5427.420738604934,0.0
5327.0694912592,0.0
5272.930480385445,0.0
5380.211689792757,0.0
5554.139118667141,0.0
5631.903635054893,0.0
5709.171145468586,0.0
5811.551221905611,0.0
5677.302902841503,0.0
5297.576571208579,0.0
4928.329853008261,0.0
4802.905068255647,0.0
4953.4845401073335,0.0
5045.710026368433,0.0
4954.171560734657,0.0
4877.869004474163,0.0
4872.82044733517,0.0
4829.965051606549,0.0
4757.041688994144,0.0
4726.810393428528,0.0
4625.194722615223,0.0
4468.995142547126,0.0
4440.301104513528,0.0
4414.684024514648,0.0
4156.049966203483,0.0
3824.7585260141086,0.0
3709.2655878280575,0.0
3797.7331448773084,0.0
3868.8427316406496,0.0
3776.7748053423693,0.0
3545.2361504671453,0.0
3370.2771285600534,0.0
3377.4949782290973,0.0
3367.722750143051,0.0
3255.0475849179425,0.0
3180.048183158546,0.0
3119.1954199481315,0.0
3075.0586286978014,0.0
3109.3463493819163,0.0
3185.8958038751593,0.0
3193.855624863197,0.0
3102.6361796832243,0.0
2925.3896390357463,0.0
2744.864332289561,0.0
2681.1753253336155,0.0
2799.2668124058446,0.0
3061.6930209335615,0.0
3275.660556900916,0.0
3268.506266325514,0.0
3139.067221894028,0.0
3038.5820652702932,0.0
3002.3336796261146,0.0
3126.3084893190785,0.0
3425.9269461562485,0.0
3638.083216472974,0.0
3534.070191433649,0.0
3288.5870412382865,0.0
3246.910461855991,0.0
3453.0672304604354,0.0
3545.5284484403287,0.0
3448.265530072073,0.0
3425.732966916275,0.0
3520.6028168668927,0.0
3665.538087773846,0.0
3845.4537720394565,0.0
4018.3628078859565,0.0
4101.695712208748,0.0
4093.391229699666,0.0
4006.387736138078,0.0
3944.219880247523,0.0
4121.893951721178,0.0
4437.527226646774,0.0
4596.471685993264,0.0
4613.946487150453,0.0
4709.07366653446,0.0
4887.529247404678,0.0
4966.545594236066,0.0
4998.286032423306,0.0
5073.800674498285,0.0
5154.93898904182,0.0
5252.0979039338345,0.0
5393.245343665658,0.0
5412.143867118426,0.0
5264.40205532147,0.0
5180.1703124652795,0.0
5230.50871959455,0.0
5377.374447680265,0.0
5664.587599137267,0.0
5925.534625202887,0.0
6028.3892670352125,0.0
6085.68668758466,0.0
6113.912045735655,0.0
5992.897955428031,0.0
5821.649869492078,0.0
5728.35865458533,0.0
5704.629287263528,0.0
5794.533953935921,0.0
5962.946431868429,0.0
6051.499064975164,0.0
6048.9778738317,0.0
6058.660255868575,0.0
6123.138180444076,0.0
6243.408908704401,0.0
6320.876101341199,0.0
6263.686005497963,0.0
6140.831631028111,0.0
5973.323766079957,0.0
5821.20521143223,0.0
5795.634253550635,0.0
5850.107442774379,0.0
5893.284626199865,0.0
5938.759700710931,0.0
5960.950849597431,0.0
5892.503796495623,0.0
5765.368152596723,0.0
5580.588370199365,0.0
5338.248200142512,0.0
5311.486951052286,0.0
5512.553918069015,0.0
5550.281317250828,0.0
5369.8220176228615,0.0
5223.89303820462,0.0
5209.695943860714,0.0
5247.085624547803,0.0
5157.256351144646,0.0
4950.489210919994,0.0
4765.4337399333335,0.0
4704.775133683336,0.0
4748.10654320717,0.0
4731.303608566027,0.0
4592.909731571571,0.0
4414.457173354525,0.0
4282.066681112997,0.0
4133.249993210623,0.0
3949.3490059625515,0.0
3884.027063341853,0.0
3943.519721760122,0.0
3948.1290793515495,0.0
3835.8371518282106,0.0
3767.9603427112766,0.0
3795.5177533760566,0.0
3804.0664662749723,0.0
3715.7116412237256,0.0
3552.898679646945,0.0
3461.4159897051227,0.0
3482.6139500793274,0.0
3591.1240215823686,0.0
3701.961207359374,0.0
3634.442369293538,0.0
3394.074171496907,0.0
3260.957758321923,0.0
3407.9489043146014,0.0
3607.227457721375,0.0
3606.6732603959913,0.0
3556.69535034081,0.0
3682.5047750318513,0.0
3914.9589413705976,0.0
4023.2380786868457,0.0
3947.733403690675,0.0
3931.1099028281988,0.0
4066.5104900162346,0.0
4172.516426757073,0.0
4187.985581139515,0.0
4083.307143249485,0.0
3990.7101489072375,0.0
4050.1189652911694,0.0
4074.857512766631,0.0
4060.6185700111732,0.0
4145.155615688324,0.0
4272.173829464519,0.0
4399.817147459909,0.0
4592.873830270167,0.0
4810.977723741619,0.0
4893.216363160343,0.0
4855.119941693257,0.0
4890.9775580324085,0.0
5026.5124879462555,0.0
5070.761589743343,0.0
5007.021636552503,0.0
4998.554640298001,0.0
5103.943094942949,0.0
5284.041439445426,0.0
5479.618816656391,0.0
5576.252289524137,0.0
5521.000916510736,0.0
5503.676857069955,0.0
5656.380987228315,0.0
5732.541358221132,0.0
5629.020914994336,0.0
5649.471276132844,0.0
5875.501699480299,0.0
6081.9608591993065,0.0
6231.713622480004,0.0
6423.577882645658,0.0
6639.683659036692,0.0
6744.865545754518,0.0
6750.414311998801,0.0
6769.1173455033395,0.0
6787.037854121367,0.0
6729.891875758776,0.0
6640.060823525583,0.0
6519.964907589908,0.0
6300.185537518705,0.0
6212.892649249887,0.0
6414.767714501863,0.0
6669.136780824345,0.0
6778.2327037327905,0.0
6752.503989839963,0.0
6659.331476305646,0.0
6624.70627661645,0.0
6725.913663714375,0.0
6806.486928822035,0.0
6750.811392675303,0.0
6695.8315657850035,0.0
6675.093495097414,0.0
6554.328979750519,0.0
6350.7672341184025,0.0
6246.896423247406,0.0
6233.720718288305,0.0
6196.1297748438155,0.0
6109.651133237756,0.0
5949.265224122322,0.0
5773.2360830865355,0.0
5750.085079220111,0.0
5867.929586637601,0.0
5888.6019088723415,0.0
5722.309105389749,0.0
5572.714044314327,0.0
5595.122706996481,0.0
5600.624025379789,0.0
5525.672756077831,0.0
5486.594565014704,0.0
5468.006025633375,0.0
5418.807251135369,0.0
5317.144591187068,0.0
5167.964099804609,0.0
5008.874022640482,0.0
4894.59191947609,0.0
4851.7227289299535,0.0
4866.007067224418,0.0
4905.125951471119,0.0
4893.838583055807,0.0
4790.38416018317,0.0
4627.815223279398,0.0
4553.143430998618,0.0
4569.377232738039,0.0
4500.712145121154,0.0
4391.903891245677,0.0
4397.455197962169,0.0
4393.24009577999,0.0
4288.546513291492,0.0
4159.540822301228,0.0
4028.225837767072,0.0
3949.0629520156217,0.0
3966.0232711507642,0.0
4070.6432048290712,0.0
4160.583891801517,0.0
4074.140493271763,0.0
3878.805603462852,0.0
3781.3466062734196,0.0
3822.791222448029,0.0
3876.085824678796,0.0
3889.613137273542,0.0
3881.4743497424365,0.0
3942.5088513488727,0.0
4126.106455087066,0.0
4269.821301957493,0.0
4245.932128798815,0.0
4165.426139137274,0.0
4303.536694593089,0.0
4634.200528288666,0.0
4743.866706558248,0.0
4562.015025976293,0.0
4430.725494752014,0.0
4475.038887640901,0.0
4512.411372020371,0.0
4548.835235671509,0.0
4765.691106886055,0.0
5088.534768869712,0.0
5316.61109034469,0.0
5485.564988624238,0.0
5688.884247093262,0.0
5740.066057216446,0.0
5633.324962549697,0.0
5633.575429194447,0.0
5833.368280036973,0.0
6069.777217989059,0.0
6144.288208632711,0.0
6072.157817286939,0.0
6083.724281226359,0.0
6234.441954655707,0.0
6284.006258831285,0.0
6174.79556754491,0.0
6139.302341011454,0.0
6268.368167068077,0.0
6392.29159067778,0.0
6391.524432797308,0.0
6382.014102899128,0.0
6532.25083150004,0.0
6783.130627378042,0.0
6919.268274781185,0.0
6880.362928587843,0.0
6786.646428375525,0.0
6749.826483053536,0.0
6783.589032682674,0.0
6805.802203752665,0.0
6777.045998480349,0.0
6821.121467368377,0.0
6974.300308481258,0.0
7249.631987470184,0.0
7550.808204710549,0.0
7575.595398691526,0.0
7361.409141772098,0.0
7225.605820752673,0.0
7208.4174141254725,0.0
7173.67861639343,0.0
7019.093091312925,0.0
6757.584990346012,0.0
6606.70432759277,0.0
6700.595064656314,0.0
6831.996071619486,0.0
6828.939087119368,0.0
6759.170225794456,0.0
6711.255740802005,0.0
6719.3788672754645,0.0
6698.5730782882565,0.0
6591.514063354764,0.0
6514.416508049983,0.0
6479.004162365241,0.0
6319.021736598649,0.0
6103.536070443563,0.0
6006.257599495462,0.0
5933.37900036697,0.0
5750.460782366006,0.0
5582.355972830452,0.0
5595.0990176610085,0.0
5736.635682527607,0.0
5856.4562879058785,0.0
5809.432486603811,0.0
5571.86815316357,0.0
5366.698270614173,0.0
5339.172679970392,0.0
5352.3963678009295,0.0
5314.02638541378,0.0
5327.459929823273,0.0
5275.0526390177365,0.0
5019.577303330667,0.0
4773.786978591281,0.0
4644.506990652696,0.0
4567.760678526704,0.0
4496.405367318914,0.0
4415.876627676358,0.0
4402.2003575503195,0.0
4462.411302226504,0.0
4611.231003790325,0.0
4828.213737784812,0.0
4993.025106879191,0.0
5029.686678296254,0.0
4897.808962839595,0.0
4672.06540907855,0.0
4527.483192262838,0.0
4511.266353501438,0.0
4484.937278442752,0.0
4384.418113937142,0.0
4337.179574586889,0.0
4364.53664179989,0.0
4336.1160731582495,0.0
4330.217029650563,0.0
4449.519738523975,0.0
4617.402663494595,0.0
4752.187738672626,0.0
4847.610995118091,0.0
4931.3430373170295,0.0
4960.784514341099,0.0
4961.14907235643,0.0
5013.2167407155985,0.0
5061.033307858766,0.0
5028.132655039772,0.0
5044.626482316378,0.0
5217.424917252772,0.0
5470.416160834317,0.0
5647.7749494231775,0.0
5683.04335013604,0.0
5708.14112136519,0.0
5820.063905383837,0.0
5965.914247395973,0.0
6035.57332808314,0.0
6014.734851453456,0.0
5935.049878267731,0.0
5878.9622105235885,0.0
5952.83394294317,0.0
6097.3384108064265,0.0
6216.9096421411205,0.0
6262.907147454799,0.0
6190.035839069063,0.0
6159.661166736375,0.0
6325.696196978766,0.0
6589.032135852446,0.0
6709.730802457497,0.0
6673.790901449454,0.0
6688.8628959194075,0.0
6739.994040507961,0.0
6784.161064986567,0.0
6936.064806270485,0.0
7178.760462694672,0.0
7347.617903592064,0.0
7291.879201735708,0.0
7092.785430016919,0.0
6961.670202051188,0.0
6913.972408357867,0.0
6941.898014586412,0.0
7141.533427021021,0.0
7410.272049443532,0.0
7583.2439426981755,0.0
7667.731219486909,0.0
7638.819826980689,0.0
7559.445241529077,0.0
7616.4102828824125,0.0
7723.869391066662,0.0
7710.743899533627,0.0
7684.582251423855,0.0
7667.691484480211,0.0
7561.67047897387,0.0
7437.294761666711,0.0
7422.408635092312,0.0
7425.5404029333595,0.0
7259.5293480463715,0.0
7104.4040739028715,0.0
7142.960846128284,0.0
7148.511892394482,0.0
6962.672625498183,0.0
6770.730193277118,0.0
6671.176084102285,0.0
6690.6056723911615,0.0
6834.26389629048,0.0
6981.353676926072,0.0
6964.589487336233,0.0
6730.852622087072,0.0
