6417.248523551932,0.0
6325.786218471835,0.0
6613.784742308242,0.0
6541.470171956827,0.0
5095.107569732946,0.0
2737.3987414108196,0.0
1120.3215560240585,0.0
695.9102538335674,0.0
606.2362356215635,0.0
307.05927828731507,0.0
-15.945325446713385,0.0
-27.35343069173755,0.0
284.85597349820785,0.0
748.557715110925,0.0
1056.7789465765852,0.0
912.603817910018,0.0
535.499405581241,0.0
362.5851879164106,0.0
451.8342960167488,0.0
600.2368787693729,0.0
712.6345299832551,0.0
776.8003080438135,0.0
798.9378763576298,0.0
802.065402301199,0.0
818.0671264939688,0.0
963.3425621547193,0.0
1189.883260876717,0.0
1359.6465457013626,0.0
1444.6676217462943,0.0
1489.2240167791924,0.0
1540.7771473108985,0.0
1468.1366300185275,0.0
1224.341034022856,0.0
1089.5018438130974,0.0
1168.812478713314,0.0
1244.3002783924292,0.0
1241.1487135956306,0.0
1277.2663209428329,0.0
1463.571148248153,0.0
1770.9400008761763,0.0
1976.7342419852127,0.0
1951.2762768412404,0.0
1862.7723549459602,0.0
1878.5023873173814,0.0
1965.7112592588578,0.0
2015.7023632687494,0.0
1841.2925205761906,0.0
1489.1783355018708,0.0
1184.1377954050624,0.0
1015.5724615945694,0.0
1012.3952131404909,0.0
1255.199502655346,0.0
1629.241861317492,0.0
1780.4659888718058,0.0
1692.006952754196,0.0
1650.6054983040176,0.0
1766.8746811958845,0.0
1820.9582356247597,0.0
1636.8210289249143,0.0
1489.8614685032148,0.0
1494.4081720905087,0.0
1394.6770309001301,0.0
1047.6631806665978,0.0
722.7737846084843,0.0
762.8649586702137,0.0
993.6202722784024,0.0
1042.986142686709,0.0
939.7732043060211,0.0
871.9857198527166,0.0
843.1247579488232,0.0
797.8722644115612,0.0
784.4586005087514,0.0
885.6801476740727,0.0
969.3542453233421,0.0
940.7710237733503,0.0
861.3817877411694,0.0
751.3321665713205,0.0
665.0652056275017,0.0
728.6921230960162,0.0
881.7188810391675,0.0
894.0917032095019,0.0
676.1451034283186,0.0
337.322886024337,0.0
22.478238427439184,0.0
-81.72695255394041,0.0
137.51714768834972,0.0
439.4035002037328,0.0
457.25824709084475,0.0
225.19221747160194,0.0
48.34563302845961,0.0
70.8885619030055,0.0
178.8642873397406,0.0
260.30436832273534,0.0
337.93003945760245,0.0
328.29529577748275,0.0
123.91085196301029,0.0
-190.09951404671327,0.0
-391.8629312804773,0.0
-406.2609022643834,0.0
-324.0599116577661,0.0
-273.06445345108756,0.0
-205.21829731082792,0.0
-100.34666691234995,0.0
-76.43854611205343,0.0
-152.052534676728,0.0
-371.21259319356113,0.0
-670.935042001019,0.0
-841.9779123039989,0.0
-886.1935291528595,0.0
-888.3237272482983,0.0
-840.529359729454,0.0
-726.1673662617223,0.0
-562.5015035069774,0.0
-474.75856731728845,0.0
-538.3217221880888,0.0
-777.7708982153982,0.0
-977.765547881421,0.0
-1010.2713684022683,0.0
-1045.021249923926,0.0
-1060.4421366811782,0.0
-981.2911910917773,0.0
-908.5037483264124,0.0
-800.2232282733414,0.0
-705.198727139697,0.0
-726.1003526985122,0.0
-816.0877619540632,0.0
-958.6721108326778,0.0
-1127.4597432164155,0.0
-1141.395246779712,0.0
-846.4329383860954,0.0
-410.5218537322914,0.0
-276.62250988869823,0.0
-526.9998210992782,0.0
-728.2602525296891,0.0
-595.5805130133747,0.0
-402.47478981795325,0.0
-406.2212355228658,0.0
-497.1190151391452,0.0
-568.5927885193003,0.0
-641.3688731719564,0.0
-800.0602488310507,0.0
-935.9451622961973,0.0
-921.0504832047319,0.0
-779.8106920877806,0.0
-525.8992829650508,0.0
-267.03053969851055,0.0
-214.46213928298974,0.0
-360.9235452571975,0.0
-517.3834693791972,0.0
-557.0096965108652,0.0
-495.24126403054333,0.0
-353.8897388561447,0.0
-132.6796150155237,0.0
60.39404674014183,0.0
193.44277132796333,0.0
287.0296228821815,0.0
362.1923728886903,0.0
653.9204326522549,0.0
999.589945206519,0.0
967.4483946465107,0.0
695.3089900149083,0.0
594.8034528856319,0.0
699.9820548173332,0.0
782.6203278589888,0.0
833.158418455045,0.0
992.6786699422807,0.0
1353.0787919552301,0.0
1779.2365465375758,0.0
1911.4997137785615,0.0
1738.75117970691,0.0
1518.496787171481,0.0
1404.9642126301178,0.0
1379.286386956339,0.0
1350.8787853207093,0.0
1435.0379745066487,0.0
1562.7886592821496,0.0
1488.949473830077,0.0
1357.2981264101925,0.0
1333.005400295673,0.0
1406.891774662008,0.0
1469.3730172087844,0.0
1450.7079626318302,0.0
1454.3343941301316,0.0
1465.8905596762345,0.0
1507.5478342497588,0.0
1644.3258894284775,0.0
1803.061021409807,0.0
2007.5177925103542,0.0
2237.3979236523114,0.0
2309.508360526691,0.0
2224.3648295892617,0.0
2117.8652885141655,0.0
2097.3794558821696,0.0
2243.7324551546963,0.0
2427.5129933832877,0.0
2518.780335589777,0.0
2627.538553847443,0.0
2702.8946078348986,0.0
2682.828735454122,0.0
2725.8265418587634,0.0
2669.9425702387084,0.0
2412.5615757870078,0.0
2221.8323041265944,0.0
2129.8442815016233,0.0
2030.4572992361423,0.0
2010.9154888009043,0.0
2225.744735243427,0.0
2567.2333747028783,0.0
2778.3502890648924,0.0
2841.653815414686,0.0
2777.9316288874284,0.0
2614.722507074753,0.0
2472.9374596748057,0.0
2358.706801237652,0.0
2319.2527445268456,0.0
2319.6860644748763,0.0
2189.3261396069315,0.0
2076.651292308244,0.0
2237.114300802718,0.0
2455.197182165769,0.0
2343.056820031666,0.0
2062.4890113280917,0.0
1981.4469110866905,0.0
1971.241835145665,0.0
1934.7492670685845,0.0
1968.3465945228763,0.0
1955.5407576138325,0.0
1926.2265435124775,0.0
1946.0653752284134,0.0
1847.1696966139236,0.0
1576.5014595897594,0.0
1404.400350702901,0.0
1491.4215091407966,0.0
1739.413191541809,0.0
1774.0507946122161,0.0
1505.0081929099447,0.0
1370.7058759881374,0.0
1472.8629473892356,0.0
1515.472110167276,0.0
1448.6343378826252,0.0
1493.404664916469,0.0
1493.044452530009,0.0
1237.4607236296529,0.0
988.4689546201115,0.0
942.2906330409094,0.0
963.4904749351117,0.0
992.8219860781277,0.0
945.8864680006587,0.0
573.40236329165,0.0
188.42115237975892,0.0
294.8713007983788,0.0
569.8310393931177,0.0
567.6678655411013,0.0
441.52379596645267,0.0
320.47789856578044,0.0
291.2785094573287,0.0
501.679947393228,0.0
817.0948427797746,0.0
980.8617080000896,0.0
852.6194757742469,0.0
575.7010726463728,0.0
378.82531101578394,0.0
249.11239154356875,0.0
148.81177316963146,0.0
170.96409054607784,0.0
231.80347970760766,0.0
197.08306954914602,0.0
218.2538766690155,0.0
436.40936528721136,0.0
599.7084509416854,0.0
384.64791882496314,0.0
-139.03371101357635,0.0
-516.5112836522737,0.0
-543.856222476314,0.0
-274.7344054187398,0.0
83.90610333728166,0.0
182.49452592252405,0.0
-69.80956713332448,0.0
-285.38958662714,0.0
-187.1102034795776,0.0
51.72175105128857,0.0
204.95531328318228,0.0
156.62739596113127,0.0
-93.55723364449919,0.0
-249.56741877730144,0.0
-180.49023332459694,0.0
-55.79884930515687,0.0
118.63340211842255,0.0
308.2192706229154,0.0
443.1547243507924,0.0
413.27303201338265,0.0
143.6977904190375,0.0
-71.44633685945776,0.0
3.3695886213508106,0.0
243.43204343245492,0.0
453.2654458545678,0.0
402.8726890614611,0.0
169.1229213821876,0.0
153.56328273092808,0.0
334.8950920586908,0.0
439.0457808411746,0.0
472.3276219826425,0.0
567.1854567680259,0.0
660.5066066728095,0.0
725.0465396159024,0.0
897.6615965838222,0.0
1165.2091087085714,0.0
1338.7924126249843,0.0
1262.2854408094395,0.0
932.8481717122353,0.0
676.962127201635,0.0
721.7046792083179,0.0
869.1807334037879,0.0
886.2682284667617,0.0
765.2714073837105,0.0
661.0592899411955,0.0
729.1778907109583,0.0
987.2463892599737,0.0
1362.2271306225693,0.0
1704.399891664365,0.0
1861.6217649102152,0.0
1831.3524769632427,0.0
1710.735618297635,0.0
1524.869315849665,0.0
1449.7605554122383,0.0
1549.957661670517,0.0
1605.618017179185,0.0
1653.6219110867996,0.0
1928.349149841951,0.0
2375.1240929308574,0.0
2640.446988673293,0.0
2523.6367894248892,0.0
2216.0691790066876,0.0
2116.1024753789625,0.0
2373.5902884849143,0.0
2693.683535426344,0.0
2792.559582917417,0.0
2699.1057076687835,0.0
2560.057333359515,0.0
2515.7263786376784,0.0
2605.0549460272555,0.0
2681.238246424772,0.0
2646.669092281724,0.0
2529.5287628897686,0.0
2475.3712073527827,0.0
2634.114574060647,0.0
2869.435391363906,0.0
2964.7893103976735,0.0
2994.6023027861092,0.0
3114.7074779276845,0.0
3242.195905550505,0.0
3221.8237836713133,0.0
3113.2088693766864,0.0
2990.719822521283,0.0
2956.0848606508625,0.0
3129.0467040553954,0.0
3292.4114467064996,0.0
3171.115501637419,0.0
2986.038870971242,0.0
3048.7937194566093,0.0
3212.659717135844,0.0
3282.4481373661074,0.0
3239.2592044857556,0.0
3100.072233114415,0.0
3053.0131435013627,0.0
3194.1052543238015,0.0
3348.5079679945065,0.0
3423.3083563319374,0.0
3350.0552170211636,0.0
3062.766658193506,0.0
2759.8530728775313,0.0
2618.383519319977,0.0
2603.263023893547,0.0
2719.9247075938065,0.0
2784.869680735648,0.0
2695.577895753378,0.0
2662.8955917240805,0.0
2731.0896142010133,0.0
2887.2197201201457,0.0
3080.1991754032947,0.0
3134.4269405257764,0.0
2931.317920146364,0.0
2557.5887123991306,0.0
2308.2670877797514,0.0
2266.5268480529444,0.0
2247.0290310896817,0.0
2153.7587854310163,0.0
2108.5652034532186,0.0
2243.6617288757448,0.0
2516.0901450666092,0.0
2784.7801738798066,0.0
2994.1932229726526,0.0
3019.089901566169,0.0
2884.91929298077,0.0
2924.2623467520207,0.0
2976.5723550717476,0.0
2637.1840037850434,0.0
2095.7366012107327,0.0
1675.871405845442,0.0
1390.4860423508628,0.0
1198.27099840596,0.0
1218.7781430400914,0.0
1450.2036339041767,0.0
1635.4774986202888,0.0
1577.7148751337525,0.0
1363.5707108307429,0.0
1304.9299774959375,0.0
1531.3514065222676,0.0
1728.5209405890614,0.0
1595.517969307453,0.0
1328.449885314368,0.0
1383.288269574082,0.0
1635.1867002605084,0.0
1732.643102431351,0.0
1693.2081230250387,0.0
1561.8585066813275,0.0
1361.9364936265351,0.0
1086.6744998705344,0.0
842.822388912373,0.0
915.610445856284,0.0
1223.3772522921279,0.0
1417.9422471475468,0.0
1384.9378407297902,0.0
1274.8993317373786,0.0
1134.3684782272094,0.0
878.8113572425523,0.0
662.1790305634366,0.0
654.9585240264024,0.0
744.9799807150283,0.0
809.5011326038143,0.0
901.7547337025005,0.0
1046.7808138577261,0.0
994.225833012555,0.0
723.6452825995923,0.0
542.5728737803369,0.0
406.72817236016306,0.0
235.68738117664117,0.0
198.86899498796498,0.0
366.0723617328572,0.0
541.4933971590953,0.0
674.086425789663,0.0
719.4622401737176,0.0
491.5861238767834,0.0
382.93044023065687,0.0
821.9297323636013,0.0
1418.9138423841425,0.0
1649.56806750997,0.0
1543.1777492538793,0.0
1312.209432204275,0.0
1003.5197805096387,0.0
604.0877934148,0.0
220.14278077715667,0.0
38.30119937800987,0.0
88.79428437948512,0.0
285.5733021867533,0.0
599.0923012830367,0.0
819.4415023349777,0.0
741.9345704073011,0.0
577.6832751719352,0.0
579.4796680049541,0.0
766.1833619672705,0.0
983.0080574680007,0.0
1119.778075930034,0.0
1367.0545146723618,0.0
1755.2046235887974,0.0
2024.4986510772846,0.0
1952.7716504000791,0.0
1717.2587630081855,0.0
1660.5569720451874,0.0
1742.2850677044416,0.0
1906.4244921902366,0.0
2058.960633629236,0.0
2082.4565048318677,0.0
2078.545801037342,0.0
2100.538190541867,0.0
2207.6108255488357,0.0
2344.457976657107,0.0
2364.296817551611,0.0
2409.6088625987463,0.0
2549.270947558443,0.0
2596.688516440195,0.0
2563.57644811799,0.0
2528.044900757122,0.0
2349.1315965184176,0.0
2098.2224600584154,0.0
2083.718893387915,0.0
2384.0290017949087,0.0
2712.182549213068,0.0
2960.3808244480947,0.0
3201.488782617221,0.0
3344.257930866626,0.0
3388.018347436316,0.0
3321.273035657193,0.0
3183.1734289889046,0.0
3202.9130100777757,0.0
3249.4519975946378,0.0
3177.0950997507116,0.0
3166.4659037784945,0.0
3240.9586261116956,0.0
3312.5489161923233,0.0
3365.5293227362777,0.0
3386.8322917322926,0.0
3439.368876238953,0.0
3513.672734613232,0.0
3522.561224097024,0.0
3615.157323368528,0.0
3830.5177025677453,0.0
3856.98017675761,0.0
3694.8358810189466,0.0
3724.819922293239,0.0
3964.6741036336252,0.0
4283.658735453448,0.0
4513.379150653292,0.0
4365.426713024521,0.0
4017.4685328733385,0.0
3935.377395636831,0.0
4136.702475281949,0.0
4264.476955199031,0.0
4162.201178989936,0.0
4020.6418768552694,0.0
4038.4673070863682,0.0
4155.829834337459,0.0
4151.933452193084,0.0
3927.810934949975,0.0
3669.282501869002,0.0
3508.970507730265,0.0
3505.576279899345,0.0
3619.374157039619,0.0
3736.9130196528054,0.0
3903.7413981465884,0.0
4089.487514102464,0.0
4114.850723842888,0.0
3934.402512328255,0.0
3635.3394470833514,0.0
3437.5817324720715,0.0
3478.709620898834,0.0
3631.988295932783,0.0
3692.213942696433,0.0
3615.3130529689515,0.0
3349.600606974214,0.0
2983.8673631100746,0.0
2779.846831273632,0.0
2859.518661201382,0.0
2916.978937717503,0.0
2842.070706320151,0.0
2827.1097643189573,0.0
2815.6486131117776,0.0
2815.6934326470478,0.0
2875.0723697803296,0.0
2885.1967477733556,0.0
2926.473409270393,0.0
2997.554231486533,0.0
3029.0905513228713,0.0
3086.2442324455883,0.0
3130.025662962255,0.0
3005.467194547167,0.0
2692.4226175141876,0.0
2487.701234757257,0.0
2503.8436744383057,0.0
2537.9452838715165,0.0
2563.4986898169172,0.0
2624.0315603337076,0.0
2639.17697549148,0.0
2623.488398837774,0.0
2659.803871477152,0.0
2718.506131334434,0.0
2751.3581529431012,0.0
2727.130939874107,0.0
2550.4565529582305,0.0
2199.421248411916,0.0
1843.8379243848256,0.0
1651.1734064296425,0.0
1634.0529471486034,0.0
1707.6870648666877,0.0
1775.3723947153865,0.0
1714.266836068171,0.0
1564.3265573846584,0.0
1484.7207738138482,0.0
1456.349535466982,0.0
1333.5569591520336,0.0
1208.6627296729716,0.0
1300.0311153165987,0.0
1469.9644876602088,0.0
1435.3351565565838,0.0
1317.8319507653712,0.0
1281.7714662104024,0.0
1277.2587919417233,0.0
1269.2988899449092,0.0
1238.8472995287218,0.0
1200.4119003187898,0.0
1262.2381601458762,0.0
1372.0505561339828,0.0
1328.9792497210044,0.0
1228.2273894162047,0.0
1173.2901751918828,0.0
1097.2907335142477,0.0
1101.281483803179,0.0
1166.5492520555986,0.0
1212.9607173878615,0.0
1275.5508892932153,0.0
1447.2154813166874,0.0
1761.217163009176,0.0
2011.812326724207,0.0
2025.6711279215956,0.0
1772.2952376895744,0.0
1557.445664589576,0.0
1682.598670176531,0.0
1955.0761362399803,0.0
2141.0142597373183,0.0
2182.8063565929574,0.0
2107.139991147132,0.0
2003.6448272717269,0.0
1935.6797768645372,0.0
1773.7794945941605,0.0
1416.6821987714243,0.0
1231.5916205483845,0.0
1451.0374307905663,0.0
1743.6083438972878,0.0
1835.9147856504455,0.0
1883.090322414143,0.0
1918.0330403422035,0.0
1861.199870203335,0.0
1939.1922056111512,0.0
2247.3269633550885,1.0
2494.4892327090092,1.0
2699.156201823777,1.0
3589.866578224731,0.0
6313.091273130004,0.0
10172.077566230384,0.0
12043.545444448453,0.0
10225.385235490445,0.0
6507.18449276973,0.0
3887.1670799800245,0.0
2938.7153229384385,0.0
2726.1940296157477,0.0
2813.155013798064,0.0
3081.8632169196394,0.0
3306.2551139306174,0.0
3429.5382271736903,0.0
3478.0998035426155,0.0
3431.1054248971645,0.0
3493.535048664278,0.0
3710.953210316415,0.0
3905.566960374604,0.0
4049.373781121076,0.0
4104.343810189543,0.0
4020.381913366696,0.0
3885.7645302572514,0.0
3815.4413108964413,0.0
3877.2768578860837,0.0
4029.9421360538213,0.0
4150.686539683491,0.0
4122.811293097205,0.0
3981.480635440655,0.0
3770.7858305907416,0.0
3675.603950355616,0.0
3991.2530791886975,0.0
4466.195942925551,0.0
4600.687201798641,1.0
4467.813145147394,1.0
4518.085304796779,1.0
5493.7132677623595,0.0
8338.436856070859,0.0
12179.948976868829,0.0
13950.788888472904,0.0
11992.317799126042,0.0
8088.390678366678,0.0
5400.978896308598,0.0
4571.014703274526,0.0
4547.528414109878,0.0
4792.4502150155,0.0
4953.646904671774,0.0
4928.513933399483,0.0
4911.3001295902695,0.0
4833.696840508422,0.0
4551.598300241644,0.0
4250.500086718618,0.0
4123.059230165759,0.0
4176.125994296924,0.0
4332.126407435986,0.0
4438.8887944325825,0.0
4438.767145149983,0.0
4446.879402569101,0.0
4486.154946166366,0.0
4616.051433603693,0.0
4813.906720534933,0.0
4717.624285703981,0.0
4371.067814506884,0.0
4226.448737336419,0.0
4282.718249919999,0.0
4280.047209068917,0.0
4241.844952951141,0.0
4378.841656644091,0.0
4625.95575345589,0.0
4716.574770287562,0.0
4591.227098895557,0.0
4375.136631971427,0.0
4218.702958183925,0.0
4251.195424590654,0.0
4343.544482320864,0.0
4298.774539107673,0.0
4262.680735197688,0.0
4306.661583251994,0.0
4310.337401759467,0.0
4310.99560081587,0.0
4253.911611245991,0.0
4096.426138585747,0.0
3921.465823214247,0.0
3687.610954364112,0.0
3394.9046384159515,0.0
3296.6370380390927,0.0
3426.192668428621,0.0
3546.171837142976,0.0
3530.0906780795735,0.0
3444.618942707927,0.0
3381.5773786941145,0.0
3251.2369881564973,0.0
2974.668118195097,0.0
2843.425736698643,0.0
3086.8670102890073,0.0
3393.090863476949,0.0
3422.688916196814,0.0
3282.7504324310207,0.0
3238.394944323182,0.0
3206.392242134586,0.0
3040.9272959806076,0.0
2906.6297622586744,0.0
2824.7448839825806,0.0
2713.7063755587715,0.0
2672.052229535725,0.0
2675.7145536916505,0.0
2602.453366613514,0.0
2419.0789175393975,0.0
2166.4244622479287,0.0
2111.6822800923414,0.0
2300.996638230811,0.0
2398.548976068754,0.0
2363.6448112689277,0.0
2386.2563717943553,0.0
2422.1496844479057,0.0
2382.319598928645,0.0
2311.4315209499437,0.0
2214.6144573336533,0.0
2186.079084522336,0.0
2208.495359035878,0.0
2112.5690523232292,0.0
1963.6013852807696,0.0
2017.0793803346098,0.0
2245.516932191414,0.0
2436.602739033808,0.0
2426.43901384285,0.0
2308.642864699325,0.0
2350.0160742944227,0.0
2514.0007884932047,0.0
2599.255652202686,0.0
2586.809660507552,0.0
2540.3296519057776,0.0
2438.9327880995775,0.0
2378.238832045611,0.0
2435.804288994593,0.0
2526.462480414213,0.0
2593.375158018868,0.0
2570.33396200978,0.0
2443.5115300585817,0.0
2399.10422972842,0.0
2595.0042299235206,0.0
2952.9687486944977,0.0
3208.5987682536716,0.0
3253.226561677562,0.0
3200.7175532687033,0.0
2988.8117504585152,0.0
2559.087382374998,0.0
2238.552509842739,0.0
2281.976169032804,0.0
2455.552422064553,0.0
2444.8201408439672,0.0
2457.1593411241897,0.0
2717.1487119808908,0.0
2930.598258186567,0.0
2970.033317064667,0.0
2902.614389937312,0.0
2849.0810858928644,0.0
3083.857239963051,0.0
3562.5390048625236,0.0
3870.1777274648753,0.0
3799.7098358617222,0.0
3535.435968293598,0.0
3436.254955994985,0.0
3643.4042330710786,0.0
3811.725332508095,0.0
3815.5823438721895,0.0
3938.1048373852614,0.0
4187.369155310092,0.0
4259.07414979647,0.0
4187.690818988292,0.0
4306.627803444598,0.0
4493.422227166189,0.0
4481.391605101089,0.0
4340.899346099612,0.0
4269.004627790869,0.0
4301.681286217124,0.0
4244.030496555326,0.0
4020.347074865186,0.0
3850.095999947291,0.0
3813.474806120822,0.0
3868.730263300311,0.0
4116.212520805115,0.0
4410.540237354678,0.0
4452.818805521142,0.0
4399.152611029095,0.0
4530.744539871468,0.0
4846.302772936805,0.0
5125.262397326373,0.0
5219.668541711853,0.0
5215.005977229114,0.0
5197.864119939955,0.0
5100.882438875347,0.0
5119.934136725197,0.0
5414.067692856809,0.0
5624.736108621842,0.0
5465.804104693358,0.0
5114.287037136976,0.0
4885.3658540180595,0.0
4802.555653908857,0.0
4737.507068650575,0.0
4835.399344219394,0.0
5094.92462423193,0.0
5221.383133268104,0.0
5230.683706298296,0.0
5300.715563257866,0.0
5317.742001912719,0.0
5213.438339402815,0.0
5257.762589798728,0.0
5426.419948808,0.0
5449.27266516061,0.0
5371.630476792412,0.0
5409.352768127807,0.0
5595.972558833767,0.0
5724.074534000744,0.0
5624.188651134065,0.0
5486.613821800811,0.0
5424.738433017645,0.0
5397.495057139437,0.0
5477.033630735585,0.0
5489.755588820362,0.0
5394.827020165243,0.0
5481.592957806384,0.0
5729.31651970168,0.0
5938.82610608189,0.0
6021.991951406301,0.0
5854.841950829625,0.0
5424.952590798539,0.0
5030.547463733782,0.0
4901.080158704921,0.0
4875.028524148452,0.0
4795.725221640848,0.0
4713.790951702822,0.0
4621.07920415186,0.0
4607.58640978762,0.0
4648.673458565111,0.0
4584.1738012285205,0.0
4523.609428116674,0.0
4613.32235377945,0.0
4667.042977007368,0.0
4562.227397711926,0.0
4580.088706132084,0.0
4852.80413341272,0.0
5108.253136948633,0.0
5108.66439632977,0.0
4945.488227628428,0.0
4619.018067204633,0.0
4313.027097665459,0.0
4288.421427565023,0.0
4286.815585069307,0.0
4109.338497024481,0.0
4055.404163151637,0.0
4162.193726847832,0.0
4057.010360014597,0.0
3909.9509325097993,0.0
3943.5618727569513,0.0
3904.7079858426337,0.0
3683.3120007559787,0.0
3391.091232362316,0.0
3276.339362438553,0.0
3460.719431063042,0.0
3667.005687795587,0.0
3682.529201497638,0.0
3627.4479890035877,0.0
3595.594426592536,0.0
3516.6145776152102,0.0
3348.044911254444,0.0
3129.0877535783125,0.0
2883.181329825498,0.0
2675.6056678396603,1.0
2627.177666151571,1.0
2853.6758891257464,1.0
3850.3863309135104,0.0
6526.84201081506,0.0
10159.843822049674,0.0
11919.453704256977,0.0
10279.301614562473,0.0
6777.686942744376,0.0
4160.526768992738,0.0
3112.5499810405054,0.0
2793.2223470545223,0.0
2748.728696316146,0.0
2854.7447928429706,0.0
3030.9838318759494,0.0
3228.886680378134,0.0
3274.9287745759325,0.0
3007.1843915633535,0.0
2646.1844207307586,0.0
2568.8584292584524,0.0
2940.373969812992,0.0
3413.2135504388407,0.0
3540.3420687299345,0.0
3427.0700564842828,0.0
3291.3169817015278,0.0
3209.884059239728,0.0
3263.745423307848,0.0
3464.043882873889,0.0
3620.9933258433985,0.0
3540.9273311214174,0.0
3307.622574500285,0.0
3135.9795377499872,0.0
3212.780744199372,0.0
3500.584675121039,0.0
3559.636761496864,0.0
3302.5216128332363,0.0
3109.391041156685,0.0
3099.2195462903837,0.0
3329.2306231599746,0.0
3791.821471704845,0.0
4183.109446622718,0.0
4214.260585854438,0.0
3875.319961708941,0.0
3560.341219038912,0.0
3545.395104001184,0.0
3650.826014845446,0.0
3786.382974668823,0.0
3957.362811252217,0.0
4088.0134206542702,0.0
4092.7908101960843,0.0
3998.6786066607897,0.0
4025.796172240191,0.0
4224.466739322794,0.0
4337.560541004857,0.0
4226.986062240165,0.0
4061.563393604073,0.0
4013.1054660257882,0.0
4091.3628203717,0.0
4206.925013621781,0.0
4308.716992906584,0.0
4339.73847678455,0.0
4295.765901696518,0.0
4367.874666810586,0.0
4620.268873828029,0.0
4926.405587030649,0.0
5119.896604761681,0.0
5168.697726175697,0.0
5061.238953005004,0.0
4834.2399656662155,0.0
4611.11906873946,0.0
4684.798138659558,0.0
5103.554370281731,0.0
5544.040422168572,0.0
5827.764138534513,0.0
5812.93965095101,0.0
5716.056009118455,0.0
5793.012595550569,0.0
5869.505557772978,0.0
5877.520260592891,0.0
5952.994220076933,0.0
5953.485441672487,0.0
5803.131049701839,0.0
5755.176122326537,0.0
5707.3383768353215,0.0
5538.595408255504,0.0
5574.944360673109,0.0
5786.288791616544,0.0
5802.698558127163,0.0
5738.381931417483,0.0
5769.707430826209,0.0
5764.821611461874,0.0
5674.614012814504,0.0
5655.431060911464,0.0
5872.750959330933,0.0
6190.087098227669,0.0
6373.102108151221,0.0
6559.115954769991,0.0
6784.693055993805,0.0
6673.183653291415,0.0
6211.568951442835,0.0
5767.5967013433765,0.0
5676.481264078962,0.0
5984.165322065679,0.0
6209.511072866709,0.0
6171.8292342630575,0.0
6156.908996492441,0.0
6244.930707788382,0.0
6278.692500102547,0.0
6268.940820013003,0.0
6319.916564529928,0.0
6267.1962639728,0.0
6134.551463636567,0.0
6183.433239829049,0.0
6234.535825634775,0.0
5947.987690130342,0.0
5554.005687880083,0.0
5467.01052499654,0.0
5669.621857276292,0.0
5843.245416101934,0.0
5777.862236565426,0.0
5507.2372708293615,0.0
5312.9717539786925,0.0
5375.373422462528,0.0
5407.769530890795,0.0
5286.359089401789,0.0
5213.044465537057,0.0
5153.767591813083,0.0
5112.019223355654,0.0
5176.350969116258,0.0
5294.601843313454,0.0
5307.234747938399,0.0
5170.148907154139,0.0
4902.166379011,0.0
4622.209975885973,0.0
4502.959171069336,0.0
4637.785387683388,0.0
4972.853235756497,0.0
5230.969862209093,0.0
5163.914477871948,0.0
4913.897345637358,0.0
4698.505371309259,0.0
4568.611414045275,0.0
4662.402305927403,0.0
5002.239072093668,0.0
5209.99817598449,0.0
4957.043397866572,0.0
4494.841870149935,0.0
4320.165777288188,0.0
4496.624324030867,0.0
4504.6757166096995,0.0
4235.334425847588,0.0
4069.232939253599,0.0
4068.1074577254403,0.0
4135.521938243153,0.0
4250.191107066929,0.0
4352.159114169493,0.0
4323.126408130857,0.0
4160.571382845901,0.0
3883.5504385417466,0.0
3641.4011585957737,0.0
3743.758658760655,0.0
4044.590183296749,0.0
4120.678011325326,0.0
3994.3813566038766,0.0
3981.262756475743,0.0
4089.957045342808,0.0
4058.122047732427,0.0
3961.2311476025475,0.0
3930.66877164088,0.0
3912.0264608888097,0.0
3920.695316841792,0.0
3997.321690529832,0.0
3903.280567198167,0.0
3575.1421770039697,0.0
3344.2404693982903,0.0
3313.1277259579606,0.0
3427.45297205893,0.0
3750.5612518850353,0.0
4043.182764172687,0.0
4116.048722212816,0.0
4131.248733387984,0.0
4112.73310741011,0.0
3887.927288076753,0.0
3599.3923594043795,0.0
3431.6307201581976,0.0
3372.713566043809,0.0
3486.130413313886,0.0
3721.459241029979,0.0
3851.034179313879,0.0
3858.7615571849756,0.0
3893.152762347396,0.0
4015.4275795754324,0.0
4226.965817564135,0.0
4385.907545756126,0.0
4360.060073592004,0.0
4248.4933016236855,0.0
4081.2531767759206,0.0
3944.4848326285783,0.0
3997.8086681719255,0.0
4174.108509762823,0.0
4341.769818086062,0.0
4520.044307670112,0.0
4671.827336754408,0.0
4699.924897628124,0.0
4649.916298714829,0.0
4522.920403971231,0.0
4318.655665272623,0.0
4429.464780870284,0.0
4872.525686776928,0.0
5084.905272401941,0.0
4987.271286653672,0.0
4942.543236655608,0.0
5090.005729260301,0.0
5313.917698784385,0.0
5356.661106577491,0.0
5232.510773435324,0.0
5140.325667863114,0.0
5227.247207521466,0.0
5463.415100481514,0.0
5612.310493853048,0.0
5585.048868392371,0.0
5498.3616651387865,0.0
5475.584249802153,0.0
5426.366244265476,0.0
5323.392214717209,0.0
5387.148082259582,0.0
5626.1372534175525,0.0
5781.5126377585075,0.0
5763.660824720026,0.0
5804.129972563354,0.0
5975.883381773576,0.0
6113.976319739929,0.0
6106.038898685375,0.0
5984.007551793382,0.0
5957.203067107029,0.0
6084.792422067896,0.0
6330.028123318875,0.0
6570.462060059452,0.0
6546.062364566048,0.0
6264.556583006149,0.0
6128.554294297852,0.0
6386.4786005322585,0.0
6710.6262163399515,0.0
6738.379842302177,0.0
6685.970053874893,0.0
6877.218053079035,0.0
7212.706008248053,0.0
7360.55989843869,0.0
7235.127921467062,0.0
7185.442746261516,0.0
7345.558496218882,0.0
7454.748835377639,0.0
7425.266528316367,0.0
7214.730955072812,0.0
7013.505323088094,0.0
7023.042785071825,0.0
6975.1828492640925,0.0
6864.025971299783,0.0
6887.971136221603,0.0
6966.4047168100915,0.0
7039.494541660562,0.0
7200.776215565974,0.0
7392.59450316911,0.0
7383.9690993333015,0.0
7197.650353834598,0.0
7113.448486314261,0.0
7168.794352836609,0.0
7089.542620880997,0.0
6852.133928906341,0.0
6691.797326266614,0.0
6693.241996993536,0.0
6800.651566306355,0.0
6929.329389682516,0.0
6915.214937993496,0.0
6682.654416918159,0.0
6505.059098099604,0.0
6572.849130781401,0.0
6531.9233618841145,0.0
6234.425856775568,0.0
6117.43562160959,0.0
6298.733674498597,0.0
6454.980552733093,0.0
6533.182297877327,0.0
6675.824603477511,0.0
6857.585023544129,0.0
6884.45815965113,0.0
6773.017795136903,0.0
6685.765974494646,0.0
6602.960515122247,0.0
6418.061340705673,0.0
6192.26594716696,0.0
5929.28650218212,0.0
5529.51059849425,0.0
5326.972823654978,0.0
5547.134077070178,0.0
5849.802406580015,0.0
5950.706860631728,0.0
5864.955973839263,0.0
5689.498852760211,0.0
5605.537954848615,0.0
5724.2132698475425,0.0
5820.514221056022,0.0
5728.148444879058,0.0
5643.967741950543,0.0
5616.116974756697,0.0
5451.407490243453,0.0
5174.47388947685,0.0
5047.563176653157,0.0
5057.5547708030035,0.0
5038.718894623427,0.0
4955.638799345009,0.0
4772.091695447113,0.0
4571.594673308742,0.0
4596.192829438825,0.0
4828.502149030511,0.0
4925.735724862035,0.0
4758.449424136026,0.0
4619.163377051391,0.0
4730.851618429539,0.0
4821.509493154108,0.0
4799.394654469486,0.0
4831.40440364427,0.0
4895.03872703853,0.0
4916.434944508499,0.0
4863.782677673989,0.0
4743.807302222304,0.0
4610.201403733358,0.0
4541.261869036622,0.0
4574.864158779616,0.0
4690.127336230066,0.0
4840.207653888501,0.0
4916.5491396458765,0.0
4858.747388533982,0.0
4713.9863963453545,0.0
4693.329721382253,0.0
4800.783158037716,0.0
4783.2410300787205,0.0
4704.768369459465,0.0
4787.257419581913,0.0
4851.96135994178,0.0
4768.1987961744035,0.0
4645.270766087778,0.0
4514.612786547466,0.0
4454.354375437111,0.0
4527.561075359254,0.0
4721.920757133686,0.0
4890.154335107741,0.0
4799.638982662888,0.0
4547.349957166714,0.0
4430.555969912559,0.0
4508.221868013953,0.0
4597.641414512676,0.0
4624.605009670506,0.0
4615.177469032489,0.0
4700.040032600578,0.0
4956.044847645664,0.0
5149.703171750313,0.0
5097.4795794769925,0.0
4959.111270747419,0.0
5130.533890852622,0.0
5574.450676159305,0.0
5696.392728145962,0.0
5395.171618383008,0.0
5162.916334037471,0.0
5179.678347447783,0.0
5183.230291889093,0.0
5182.464743966887,0.0
5438.487145648195,0.0
5844.548936614427,0.0
6112.281681119345,0.0
6293.258277999093,0.0
6522.234250755357,0.0
6531.356702288183,0.0
6312.640811279987,0.0
6247.35946082922,0.0
6468.935856721664,0.0
6743.428603070532,0.0
6785.7216184208255,0.0
6618.089121762095,0.0
6572.079524340671,0.0
6727.760682137296,0.0
6739.905529320182,0.0
6525.969241900526,0.0
6420.569218805246,0.0
6554.624730508862,0.0
6684.39397393133,0.0
6638.240604671755,0.0
6583.14674621949,0.0
6761.633856238952,0.0
7088.936917649111,0.0
7255.548455534629,0.0
7174.947740582335,0.0
7020.193531550591,0.0
6952.067906460368,0.0
6990.381903680935,0.0
7017.144114256676,0.0
6975.7597876060445,0.0
7044.317303745576,0.0
7275.01972081547,0.0
7686.655322901554,0.0
8140.738306488062,0.0
8202.648845511629,0.0
7926.145160760795,0.0
7767.505639909857,0.0
7784.493598863294,0.0
7781.198715570696,0.0
7610.391018971579,0.0
7290.501219231975,0.0
7134.182213533504,0.0
7334.132379836631,0.0
7592.104910208255,0.0
7660.583708668084,0.0
7636.733369332412,0.0
7647.639724126493,0.0
7742.171940165812,0.0
7797.851786229769,0.0
7731.93513829334,0.0
7711.20628585572,0.0
7752.184247158329,0.0
7615.451323684111,0.0
7399.963355181928,0.0
7355.141026622804,0.0
7345.719489456407,0.0
7178.001287082923,0.0
7031.136323899295,0.0
7143.489084083811,0.0
7439.821027330318,0.0
7703.319394467573,0.0
7724.911403840045,0.0
7470.141805159009,0.0
7259.204847085817,0.0
7300.593153099211,0.0
7397.095033482579,0.0
7415.571749566979,0.0
7504.360728284397,0.0
7493.963067536755,0.0
7186.73364677955,0.0
6888.297963350126,0.0
6751.977620122111,0.0
6685.505152658661,0.0
6620.837452541303,0.0
6536.796375180931,0.0
6542.488561360302,0.0
6647.8351792734165,0.0
6873.832308058177,0.0
7190.929447702969,0.0
7425.963670218907,0.0
7469.577709979543,0.0
7263.613908092076,0.0
6915.394787387038,0.0
6676.572216552668,0.0
6615.019354834716,0.0
6531.632820416668,0.0
6334.318474971145,0.0
6206.446283796349,0.0
6178.764484925052,0.0
6063.92568627175,0.0
5974.669399101586,0.0
6058.8188099386925,0.0
6206.393346161034,0.0
6300.1651577803605,0.0
6331.371734528824,0.0
6340.069463740034,0.0
6265.2912956338505,0.0
6143.603116157666,0.0
6091.4927104284325,0.0
6028.848871531626,0.0
5846.082940521097,0.0
5730.672734415833,0.0
5836.748629697135,0.0
6055.27761880704,0.0
6162.615025923749,0.0
6063.633907868383,0.0
5948.475755414874,0.0
5957.071248678058,0.0
6013.818399249948,0.0
5960.838914517264,0.0
5778.032672893587,0.0
5511.3866049894405,0.0
5279.926177979146,0.0
5237.069520347247,0.0
5297.979186565814,0.0
5325.703204323787,0.0
5250.760812325971,0.0
5008.4746389842685,0.0
4831.327408344069,0.0
4941.075407191466,0.0
5195.628831414913,0.0
5250.378184344339,0.0
5085.5866891992355,0.0
5000.227084670373,0.0
4973.161109912023,0.0
4942.867709743203,0.0
5074.606363831621,0.0
5344.314914570339,0.0
5515.544111673538,0.0
5371.769256986355,0.0
5030.046049114437,0.0
4794.472700571419,0.0
4687.433753704528,0.0
4697.879493793186,0.0
4964.108797829776,0.0
5338.6812602067985,0.0
5584.596644919947,0.0
5712.373626526496,0.0
5686.205766822845,0.0
5596.581825151834,0.0
5712.0777523081315,0.0
5909.184496788146,0.0
5941.803105995677,0.0
5964.460023684093,0.0
6009.080437898147,0.0
5933.989075380562,0.0
5840.752377034923,0.0
5912.972903480443,0.0
6018.860836168013,0.0
5889.0049464974845,0.0
5781.972251652085,0.0
5960.286583637393,0.0
6097.62973094365,0.0
5965.879646253281,0.0
5831.079537790851,0.0
5834.445851754428,0.0
6013.7944718247345,0.0
6376.224553630409,0.0
6747.578033728718,0.0
6886.835643333436,0.0
6717.133659390345,0.0
