0.0,0.0
8.043882017422533,0.0
116.04388201742253,0.0
26.087764034845065,0.0
44.1316460522676,0.0
30.087764034845065,0.0
116.08776403484507,0.0
12.043882017422533,0.0
16.0,0.0
42.04388201742253,0.0
106.0,0.0
20.043882017422533,0.0
22.0,0.0
105.95611798257747,0.0
7.956117982577466,0.0
25.956117982577467,0.0
25.912235965154935,0.0
99.8683539477324,0.0
-2.1316460522676017,0.0
-0.13164605226760173,0.0
95.91223596515493,0.0
-4.131646052267602,0.0
-6.087764034845067,0.0
-2.0877640348450672,0.0
113.95611798257747,0.0
14.0,0.0
14.0,0.0
60.0,0.0
44.04388201742253,0.0
20.043882017422533,0.0
32.04388201742253,0.0
116.08776403484507,0.0
32.087764034845065,0.0
38.1316460522676,0.0
138.08776403484507,0.0
42.1316460522676,0.0
48.1316460522676,0.0
34.17552806969013,0.0
86.1316460522676,0.0
18.087764034845065,0.0
10.043882017422533,0.0
22.087764034845065,0.0
30.043882017422533,0.0
12.043882017422533,0.0
10.087764034845067,0.0
106.04388201742253,0.0
10.087764034845067,0.0
12.087764034845067,0.0
26.1316460522676,0.0
26.1316460522676,0.0
34.1316460522676,0.0
18.087764034845065,0.0
126.04388201742253,0.0
16.043882017422533,0.0
26.087764034845065,0.0
30.1316460522676,0.0
126.08776403484507,0.0
26.087764034845065,0.0
46.1316460522676,0.0
36.1316460522676,0.0
66.1316460522676,0.0
28.1316460522676,0.0
34.1316460522676,0.0
68.08776403484507,0.0
98.1316460522676,0.0
28.175528069690134,0.0
28.219410087112667,0.0
124.21941008711266,0.0
26.263292104535203,0.0
30.219410087112667,0.0
62.219410087112664,0.0
36.2632921045352,0.0
42.2632921045352,0.0
34.219410087112664,0.0
140.21941008711266,0.0
64.2632921045352,0.0
36.219410087112664,0.0
44.17552806969013,0.0
130.1316460522676,0.0
34.087764034845065,0.0
22.087764034845065,0.0
28.1316460522676,0.0
132.17552806969013,0.0
60.219410087112664,0.0
44.17552806969013,0.0
42.219410087112664,0.0
124.17552806969013,0.0
46.1316460522676,0.0
32.087764034845065,0.0
60.1316460522676,0.0
18.087764034845065,0.0
26.1316460522676,0.0
38.1316460522676,0.0
62.17552806969013,0.0
28.175528069690134,0.0
26.175528069690134,0.0
126.21941008711266,0.0
38.17552806969013,0.0
34.17552806969013,0.0
50.219410087112664,0.0
62.17552806969013,0.0
34.17552806969013,0.0
26.1316460522676,0.0
28.087764034845065,0.0
130.08776403484507,0.0
18.043882017422533,0.0
44.087764034845065,0.0
26.043882017422533,0.0
114.04388201742253,0.0
22.0,0.0
15.956117982577467,0.0
28.0,0.0
52.0,0.0
9.956117982577467,0.0
14.0,0.0
57.95611798257747,0.0
-2.0438820174225336,0.0
10.0,0.0
4.043882017422534,0.0
96.0,0.0
5.956117982577466,0.0
-0.043882017422533615,0.0
83.91223596515493,0.0
25.956117982577467,0.0
11.912235965154933,0.0
19.912235965154935,0.0
97.8683539477324,0.0
1.8244719303098655,0.0
13.868353947732398,0.0
3.8244719303098655,0.0
83.8683539477324,0.0
51.912235965154935,0.0
5.912235965154933,0.0
9.956117982577467,0.0
52.0,0.0
24.043882017422533,0.0
36.087764034845065,0.0
26.087764034845065,0.0
106.04388201742253,0.0
12.0,0.0
1.9561179825774664,0.0
29.956117982577467,0.0
63.912235965154935,0.0
-10.131646052267602,0.0
-10.175528069690134,0.0
91.8683539477324,0.0
19.912235965154935,0.0
29.8683539477324,0.0
23.824471930309866,0.0
17.780589912887333,0.0
73.82447193030987,0.0
-0.17552806969013446,0.0
109.8683539477324,0.0
7.8244719303098655,0.0
15.780589912887333,0.0
11.824471930309866,0.0
45.8683539477324,0.0
51.8683539477324,0.0
3.8683539477323983,0.0
-2.1316460522676017,0.0
-2.1316460522676017,0.0
97.91223596515493,0.0
5.956117982577466,0.0
64.0,0.0
33.95611798257747,0.0
-4.087764034845067,0.0
3.9122359651549328,0.0
21.912235965154935,0.0
1.9122359651549328,0.0
-8.087764034845067,0.0
-0.13164605226760173,0.0
113.82447193030987,0.0
9.824471930309866,0.0
-2.219410087112667,0.0
81.78058991288734,0.0
7.7367078954647965,0.0
-8.219410087112667,0.0
17.780589912887333,0.0
37.780589912887336,0.0
7.7367078954647965,0.0
-10.307174121957736,0.0
5.7367078954647965,0.0
83.78058991288734,0.0
-6.1755280696901345,0.0
-4.1755280696901345,0.0
17.824471930309866,0.0
-6.131646052267602,0.0
1.8683539477323983,0.0
-8.131646052267602,0.0
91.91223596515493,0.0
-10.131646052267602,0.0
-6.131646052267602,0.0
-12.175528069690134,0.0
-10.175528069690134,0.0
-2.1316460522676017,0.0
31.912235965154935,0.0
105.95611798257747,0.0
25.912235965154935,0.0
9.956117982577467,0.0
15.956117982577467,0.0
112.0,0.0
6.0,0.0
23.956117982577467,0.0
26.0,0.0
116.04388201742253,0.0
26.043882017422533,0.0
24.043882017422533,0.0
88.04388201742253,0.0
78.08776403484507,0.0
26.087764034845065,0.0
32.087764034845065,0.0
114.08776403484507,0.0
16.1316460522676,0.0
38.1316460522676,0.0
100.08776403484507,0.0
34.04388201742253,0.0
6.0,0.0
4.0,0.0
126.04388201742253,0.0
2.0,0.0
16.0,0.0
26.0,0.0
132.04388201742253,0.0
28.043882017422533,0.0
18.0,0.0
19.956117982577467,0.0
122.0,0.0
28.043882017422533,0.0
34.04388201742253,0.0
38.087764034845065,0.0
128.1316460522676,0.0
32.087764034845065,0.0
20.043882017422533,0.0
8.043882017422533,0.0
34.04388201742253,0.0
10.087764034845067,0.0
16.087764034845065,0.0
28.1316460522676,0.0
18.175528069690134,0.0
20.175528069690134,0.0
26.175528069690134,0.0
48.17552806969013,0.0
30.219410087112667,0.0
40.2632921045352,0.0
40.307174121957736,0.0
146.35105613938026,0.0
48.307174121957736,0.0
44.35105613938027,0.0
48.35105613938027,0.0
150.3949381568028,0.0
38.35105613938027,0.0
44.307174121957736,0.0
44.2632921045352,0.0
132.2632921045352,0.0
42.219410087112664,0.0
38.219410087112664,0.0
46.219410087112664,0.0
48.17552806969013,0.0
20.219410087112667,0.0
30.263292104535203,0.0
28.263292104535203,0.0
114.21941008711266,0.0
20.219410087112667,0.0
18.175528069690134,0.0
110.1316460522676,0.0
26.175528069690134,0.0
26.219410087112667,0.0
28.219410087112667,0.0
34.219410087112664,0.0
56.2632921045352,0.0
44.307174121957736,0.0
42.307174121957736,0.0
58.35105613938027,0.0
36.307174121957736,0.0
54.35105613938027,0.0
64.30717412195773,0.0
206.2632921045352,0.0
66.2632921045352,0.0
42.2632921045352,0.0
36.2632921045352,0.0
144.30717412195773,0.0
42.307174121957736,0.0
36.2632921045352,0.0
28.263292104535203,0.0
122.2632921045352,0.0
26.219410087112667,0.0
22.175528069690134,0.0
26.219410087112667,0.0
130.2632921045352,0.0
50.307174121957736,0.0
46.307174121957736,0.0
46.35105613938027,0.0
154.3949381568028,0.0
68.43882017422533,0.0
70.48270219164786,0.0
64.43882017422533,0.0
168.43882017422533,0.0
76.43882017422533,0.0
64.3949381568028,0.0
70.43882017422533,0.0
162.48270219164786,0.0
68.5265842090704,0.0
84.57046622649293,0.0
66.57046622649293,0.0
92.61434824391547,0.0
66.61434824391547,0.0
72.61434824391547,0.0
56.57046622649293,0.0
158.61434824391546,0.0
70.65823026133799,0.0
64.61434824391547,0.0
66.65823026133799,0.0
158.61434824391546,0.0
70.61434824391547,0.0
70.61434824391547,0.0
60.57046622649293,0.0
116.57046622649293,0.0
76.57046622649293,0.0
86.57046622649293,0.0
82.5265842090704,0.0
178.57046622649293,0.0
66.5265842090704,0.0
62.52658420907041,0.0
72.5265842090704,0.0
162.5265842090704,0.0
72.48270219164786,0.0
78.43882017422533,0.0
70.43882017422533,0.0
130.3949381568028,0.0
72.43882017422533,0.0
50.48270219164787,0.0
52.48270219164787,0.0
144.43882017422533,0.0
42.3949381568028,0.0
44.438820174225334,0.0
36.3949381568028,0.0
142.35105613938026,0.0
44.3949381568028,0.0
74.43882017422533,0.0
62.48270219164787,0.0
158.48270219164786,0.0
56.438820174225334,0.0
68.43882017422533,0.0
102.3949381568028,0.0
172.3949381568028,0.0
80.43882017422533,0.0
82.48270219164786,0.0
54.48270219164787,0.0
150.48270219164786,0.0
62.48270219164787,0.0
58.438820174225334,0.0
94.3949381568028,0.0
54.35105613938027,0.0
34.307174121957736,0.0
24.263292104535203,0.0
128.21941008711266,0.0
18.175528069690134,0.0
22.219410087112667,0.0
22.219410087112667,0.0
120.21941008711266,0.0
28.263292104535203,0.0
30.219410087112667,0.0
24.219410087112667,0.0
56.2632921045352,0.0
38.2632921045352,0.0
36.2632921045352,0.0
76.30717412195773,0.0
178.35105613938026,0.0
76.3949381568028,0.0
60.438820174225334,0.0
64.48270219164786,0.0
182.48270219164786,0.0
58.438820174225334,0.0
68.48270219164786,0.0
88.48270219164786,0.0
134.48270219164786,0.0
62.52658420907041,0.0
54.52658420907041,0.0
70.57046622649293,0.0
160.5265842090704,0.0
54.57046622649293,0.0
52.57046622649293,0.0
54.57046622649293,0.0
156.57046622649293,0.0
60.61434824391547,0.0
66.65823026133799,0.0
58.61434824391547,0.0
76.57046622649293,0.0
66.57046622649293,0.0
68.61434824391547,0.0
70.57046622649293,0.0
160.5265842090704,0.0
76.57046622649293,0.0
80.57046622649293,0.0
58.52658420907041,0.0
168.5265842090704,0.0
52.48270219164787,0.0
58.438820174225334,0.0
54.48270219164787,0.0
154.48270219164786,0.0
54.48270219164787,0.0
52.48270219164787,0.0
44.48270219164787,0.0
110.48270219164786,0.0
48.48270219164787,0.0
42.438820174225334,0.0
46.438820174225334,0.0
146.43882017422533,0.0
46.48270219164787,0.0
70.43882017422533,0.0
48.48270219164787,0.0
78.5265842090704,0.0
54.52658420907041,0.0
62.57046622649293,0.0
76.57046622649293,0.0
104.61434824391547,0.0
90.57046622649293,0.0
68.57046622649293,0.0
66.57046622649293,0.0
108.57046622649293,0.0
72.5265842090704,0.0
66.5265842090704,0.0
82.5265842090704,0.0
160.57046622649293,0.0
74.57046622649293,0.0
62.61434824391547,0.0
60.57046622649293,0.0
96.61434824391547,0.0
62.658230261338,0.0
66.70211227876054,0.0
70.65823026133799,0.0
112.61434824391547,0.0
68.61434824391547,0.0
66.61434824391547,0.0
72.61434824391547,0.0
102.61434824391547,0.0
64.57046622649293,0.0
70.57046622649293,0.0
80.61434824391547,0.0
80.65823026133799,0.0
92.70211227876054,0.0
90.70211227876054,0.0
94.74599429618307,0.0
194.70211227876052,0.0
80.70211227876054,0.0
80.70211227876054,0.0
86.70211227876054,0.0
178.74599429618308,0.0
86.70211227876054,0.0
86.70211227876054,0.0
66.65823026133799,0.0
166.61434824391546,0.0
64.65823026133799,0.0
66.65823026133799,0.0
70.70211227876054,0.0
162.658230261338,0.0
62.658230261338,0.0
68.61434824391547,0.0
74.61434824391547,0.0
154.57046622649293,0.0
72.61434824391547,0.0
74.57046622649293,0.0
82.57046622649293,0.0
184.57046622649293,0.0
76.61434824391547,0.0
80.65823026133799,0.0
86.70211227876054,0.0
196.70211227876052,0.0
92.70211227876054,0.0
100.74599429618307,0.0
96.7898763136056,0.0
112.83375833102815,0.0
90.83375833102815,0.0
92.87764034845067,0.0
92.92152236587322,0.0
134.96540438329572,0.0
93.00928640071828,0.0
101.05316841814081,0.0
101.05316841814081,0.0
203.09705043556335,0.0
111.09705043556335,0.0
115.14093245298587,0.0
123.14093245298587,0.0
149.14093245298585,0.0
119.14093245298587,0.0
121.18481447040841,0.0
119.14093245298587,0.0
133.1848144704084,0.0
133.1848144704084,0.0
147.1848144704084,0.0
139.1848144704084,0.0
225.22869648783094,0.0
131.1848144704084,0.0
147.22869648783094,0.0
141.27257850525348,0.0
239.27257850525348,0.0
129.27257850525348,0.0
127.27257850525348,0.0
137.31646052267598,0.0
167.27257850525348,0.0
113.22869648783094,0.0
113.22869648783094,0.0
113.18481447040841,0.0
207.14093245298585,0.0
111.09705043556335,0.0
103.09705043556335,0.0
111.09705043556335,0.0
139.09705043556335,0.0
121.09705043556335,0.0
111.14093245298587,0.0
109.09705043556335,0.0
227.0531684181408,0.0
121.05316841814081,0.0
115.05316841814081,0.0
117.09705043556335,0.0
219.09705043556335,0.0
119.14093245298587,0.0
113.18481447040841,0.0
121.18481447040841,0.0
217.22869648783094,0.0
149.27257850525348,0.0
141.27257850525348,0.0
115.22869648783094,0.0
229.27257850525348,0.0
131.31646052267598,0.0
133.36034254009854,0.0
229.40422455752108,0.0
139.4481065749436,0.0
145.49198859236614,0.0
151.53587060978867,0.0
181.53587060978867,0.0
155.49198859236614,0.0
147.4481065749436,0.0
155.49198859236614,0.0
247.53587060978867,0.0
159.53587060978867,0.0
163.49198859236614,0.0
161.4481065749436,0.0
217.40422455752108,0.0
149.36034254009854,0.0
149.36034254009854,0.0
127.316460522676,0.0
233.27257850525348,0.0
143.31646052267598,0.0
135.36034254009854,0.0
125.316460522676,0.0
229.31646052267598,0.0
121.27257850525348,0.0
123.27257850525348,0.0
123.22869648783094,0.0
153.27257850525348,0.0
121.27257850525348,0.0
127.316460522676,0.0
135.36034254009854,0.0
247.40422455752108,0.0
143.4481065749436,0.0
141.40422455752108,0.0
137.36034254009854,0.0
241.40422455752108,0.0
151.36034254009854,0.0
151.31646052267598,0.0
161.27257850525348,0.0
169.27257850525348,0.0
143.31646052267598,0.0
149.36034254009854,0.0
137.36034254009854,0.0
249.31646052267598,0.0
177.27257850525348,0.0
143.31646052267598,0.0
137.31646052267598,0.0
171.31646052267598,0.0
133.36034254009854,0.0
127.316460522676,0.0
119.27257850525348,0.0
195.27257850525348,0.0
127.27257850525348,0.0
121.27257850525348,0.0
133.27257850525348,0.0
223.22869648783094,0.0
131.27257850525348,0.0
141.27257850525348,0.0
131.31646052267598,0.0
167.36034254009854,0.0
137.31646052267598,0.0
127.27257850525348,0.0
137.27257850525348,0.0
243.27257850525348,0.0
139.31646052267598,0.0
141.27257850525348,0.0
157.31646052267598,0.0
245.36034254009854,0.0
143.31646052267598,0.0
143.36034254009854,0.0
149.36034254009854,0.0
225.36034254009854,0.0
133.40422455752108,0.0
137.4481065749436,0.0
137.4481065749436,0.0
163.40422455752108,0.0
129.40422455752108,0.0
131.40422455752108,0.0
135.4481065749436,0.0
239.4481065749436,0.0
133.40422455752108,0.0
147.36034254009854,0.0
167.40422455752108,0.0
143.40422455752108,0.0
159.40422455752108,0.0
157.4481065749436,0.0
155.49198859236614,0.0
207.53587060978867,0.0
225.53587060978867,0.0
183.5797526272112,0.0
161.5797526272112,0.0
159.53587060978867,0.0
257.5797526272112,0.0
153.5797526272112,0.0
149.53587060978867,0.0
159.5797526272112,0.0
199.5797526272112,0.0
147.53587060978867,0.0
149.5797526272112,0.0
175.5797526272112,0.0
179.62363464463374,0.0
159.62363464463374,0.0
153.5797526272112,0.0
193.5797526272112,0.0
159.53587060978867,0.0
153.53587060978867,0.0
159.53587060978867,0.0
159.53587060978867,0.0
155.49198859236614,0.0
151.49198859236614,0.0
155.49198859236614,0.0
165.53587060978867,0.0
269.5797526272112,0.0
173.53587060978867,0.0
181.49198859236614,0.0
171.53587060978867,0.0
253.5797526272112,0.0
165.53587060978867,0.0
141.49198859236614,0.0
153.53587060978867,0.0
235.49198859236614,0.0
141.49198859236614,0.0
137.49198859236614,0.0
155.53587060978867,0.0
239.53587060978867,0.0
157.53587060978867,0.0
155.53587060978867,0.0
161.49198859236614,0.0
263.5358706097887,0.0
169.53587060978867,0.0
155.5797526272112,0.0
155.62363464463374,0.0
257.62363464463374,0.0
165.5797526272112,0.0
153.53587060978867,0.0
157.49198859236614,0.0
209.49198859236614,0.0
217.49198859236614,0.0
165.53587060978867,0.0
161.5797526272112,0.0
165.5797526272112,0.0
259.5358706097887,0.0
161.5797526272112,0.0
161.62363464463374,0.0
183.5797526272112,0.0
159.5797526272112,0.0
151.62363464463374,0.0
153.62363464463374,0.0
249.62363464463374,0.0
155.62363464463374,0.0
159.6675166620563,0.0
161.7113986794788,0.0
187.7113986794788,0.0
163.75528069690134,0.0
171.7113986794788,0.0
171.6675166620563,0.0
175.7113986794788,0.0
155.6675166620563,0.0
155.62363464463374,0.0
171.6675166620563,0.0
261.6675166620563,0.0
167.7113986794788,0.0
173.75528069690134,0.0
181.79916271432387,0.0
265.7552806969013,0.0
183.79916271432387,0.0
175.75528069690134,0.0
173.7113986794788,0.0
167.6675166620563,0.0
165.7113986794788,0.0
161.7113986794788,0.0
167.7113986794788,0.0
163.75528069690134,0.0
163.7113986794788,0.0
163.6675166620563,0.0
171.7113986794788,0.0
211.7113986794788,0.0
181.6675166620563,0.0
167.6675166620563,0.0
159.62363464463374,0.0
267.6675166620563,0.0
171.7113986794788,0.0
177.7113986794788,0.0
183.6675166620563,0.0
269.62363464463374,0.0
171.62363464463374,0.0
159.5797526272112,0.0
169.5797526272112,0.0
271.5797526272112,0.0
153.53587060978867,0.0
151.5797526272112,0.0
155.5797526272112,0.0
175.62363464463374,0.0
147.5797526272112,0.0
153.5797526272112,0.0
161.62363464463374,0.0
219.5797526272112,0.0
155.53587060978867,0.0
153.49198859236614,0.0
157.49198859236614,0.0
183.4481065749436,0.0
155.4481065749436,0.0
139.40422455752108,0.0
163.4481065749436,0.0
167.4481065749436,0.0
147.40422455752108,0.0
143.36034254009854,0.0
143.40422455752108,0.0
243.40422455752108,0.0
143.4481065749436,0.0
137.40422455752108,0.0
143.4481065749436,0.0
229.49198859236614,0.0
165.4481065749436,0.0
139.40422455752108,0.0
145.40422455752108,0.0
173.36034254009854,0.0
131.36034254009854,0.0
139.40422455752108,0.0
131.36034254009854,0.0
187.36034254009854,0.0
133.31646052267598,0.0
129.31646052267598,0.0
143.36034254009854,0.0
155.31646052267598,0.0
133.27257850525348,0.0
135.27257850525348,0.0
137.31646052267598,0.0
139.36034254009854,0.0
137.36034254009854,0.0
139.40422455752108,0.0
141.4481065749436,0.0
163.49198859236614,0.0
147.49198859236614,0.0
157.53587060978867,0.0
165.53587060978867,0.0
219.5797526272112,0.0
229.62363464463374,0.0
161.5797526272112,0.0
157.5797526272112,0.0
227.62363464463374,0.0
179.5797526272112,0.0
149.62363464463374,0.0
159.6675166620563,0.0
191.6675166620563,0.0
151.62363464463374,0.0
161.5797526272112,0.0
165.62363464463374,0.0
167.62363464463374,0.0
175.62363464463374,0.0
159.5797526272112,0.0
165.5797526272112,0.0
187.53587060978867,0.0
249.49198859236614,0.0
159.4481065749436,0.0
155.40422455752108,0.0
169.40422455752108,0.0
247.4481065749436,0.0
155.40422455752108,0.0
139.36034254009854,0.0
159.40422455752108,0.0
235.36034254009854,0.0
163.40422455752108,0.0
135.40422455752108,0.0
133.36034254009854,0.0
219.40422455752108,0.0
139.40422455752108,0.0
127.36034254009854,0.0
151.40422455752108,0.0
189.4481065749436,0.0
141.49198859236614,0.0
153.49198859236614,0.0
155.53587060978867,0.0
189.5797526272112,0.0
159.5797526272112,0.0
163.62363464463374,0.0
179.6675166620563,0.0
191.7113986794788,0.0
179.6675166620563,0.0
163.62363464463374,0.0
157.62363464463374,0.0
171.5797526272112,0.0
163.62363464463374,0.0
159.5797526272112,0.0
163.53587060978867,0.0
167.49198859236614,0.0
231.49198859236614,0.0
141.49198859236614,0.0
147.49198859236614,0.0
151.53587060978867,0.0
243.5797526272112,0.0
149.53587060978867,0.0
161.53587060978867,0.0
163.49198859236614,0.0
163.4481065749436,0.0
147.40422455752108,0.0
153.40422455752108,0.0
157.4481065749436,0.0
161.40422455752108,0.0
151.36034254009854,0.0
177.40422455752108,0.0
139.36034254009854,0.0
251.40422455752108,0.0
155.4481065749436,0.0
143.40422455752108,0.0
157.40422455752108,0.0
161.40422455752108,0.0
213.40422455752108,0.0
145.4481065749436,0.0
137.4481065749436,0.0
139.4481065749436,0.0
239.40422455752108,0.0
143.4481065749436,0.0
143.4481065749436,0.0
149.49198859236614,0.0
215.49198859236614,0.0
145.53587060978867,0.0
149.49198859236614,0.0
145.4481065749436,0.0
235.40422455752108,0.0
141.36034254009854,0.0
149.36034254009854,0.0
145.36034254009854,0.0
139.36034254009854,0.0
173.36034254009854,0.0
133.31646052267598,0.0
149.36034254009854,0.0
153.36034254009854,0.0
153.31646052267598,0.0
137.31646052267598,0.0
131.36034254009854,0.0
229.31646052267598,0.0
153.36034254009854,0.0
141.31646052267598,0.0
121.27257850525348,0.0
221.27257850525348,0.0
119.27257850525348,0.0
127.27257850525348,0.0
131.27257850525348,0.0
225.22869648783094,0.0
129.27257850525348,0.0
127.27257850525348,0.0
137.31646052267598,0.0
237.36034254009854,0.0
145.40422455752108,0.0
147.40422455752108,0.0
133.36034254009854,0.0
147.40422455752108,0.0
149.4481065749436,0.0
151.40422455752108,0.0
157.40422455752108,0.0
239.36034254009854,0.0
155.31646052267598,0.0
143.36034254009854,0.0
153.40422455752108,0.0
261.4481065749436,0.0
171.4481065749436,0.0
151.40422455752108,0.0
147.40422455752108,0.0
233.36034254009854,0.0
129.31646052267598,0.0
123.27257850525348,0.0
137.31646052267598,0.0
229.36034254009854,0.0
155.40422455752108,0.0
141.36034254009854,0.0
129.31646052267598,0.0
197.36034254009854,0.0
143.40422455752108,0.0
141.40422455752108,0.0
155.40422455752108,0.0
241.40422455752108,0.0
139.40422455752108,0.0
143.4481065749436,0.0
165.4481065749436,0.0
193.40422455752108,0.0
221.36034254009854,0.0
147.40422455752108,0.0
135.36034254009854,0.0
143.40422455752108,0.0
243.40422455752108,0.0
139.4481065749436,0.0
145.49198859236614,0.0
139.49198859236614,0.0
243.53587060978867,0.0
183.5797526272112,0.0
157.62363464463374,0.0
163.6675166620563,0.0
259.62363464463374,0.0
149.5797526272112,0.0
149.53587060978867,0.0
169.53587060978867,0.0
249.49198859236614,0.0
147.4481065749436,0.0
147.40422455752108,0.0
139.36034254009854,0.0
219.31646052267598,0.0
149.31646052267598,0.0
143.31646052267598,0.0
145.36034254009854,0.0
159.36034254009854,0.0
221.31646052267598,0.0
157.36034254009854,0.0
135.36034254009854,0.0
155.40422455752108,0.0
267.40422455752105,0.0
135.36034254009854,0.0
127.36034254009854,0.0
129.31646052267598,0.0
229.36034254009854,0.0
127.36034254009854,0.0
135.36034254009854,0.0
135.36034254009854,0.0
235.36034254009854,0.0
141.40422455752108,0.0
141.36034254009854,0.0
135.36034254009854,0.0
207.36034254009854,0.0
169.40422455752108,0.0
153.40422455752108,0.0
151.40422455752108,0.0
147.40422455752108,0.0
157.4481065749436,0.0
143.4481065749436,0.0
163.49198859236614,0.0
165.4481065749436,0.0
153.49198859236614,0.0
185.53587060978867,0.0
157.53587060978867,0.0
151.49198859236614,0.0
165.53587060978867,0.0
175.49198859236614,0.0
153.53587060978867,0.0
151.5797526272112,0.0
155.62363464463374,0.0
153.5797526272112,0.0
249.53587060978867,0.0
159.5797526272112,0.0
155.53587060978867,0.0
165.53587060978867,0.0
151.5797526272112,0.0
261.62363464463374,0.0
175.5797526272112,0.0
177.62363464463374,0.0
161.62363464463374,0.0
171.5797526272112,0.0
159.5797526272112,0.0
169.53587060978867,0.0
165.49198859236614,0.0
161.53587060978867,0.0
145.49198859236614,0.0
151.53587060978867,0.0
163.53587060978867,0.0
153.53587060978867,0.0
147.49198859236614,0.0
153.53587060978867,0.0
147.49198859236614,0.0
135.4481065749436,0.0
131.40422455752108,0.0
133.36034254009854,0.0
147.36034254009854,0.0
137.36034254009854,0.0
215.40422455752108,0.0
147.36034254009854,0.0
141.40422455752108,0.0
135.36034254009854,0.0
235.36034254009854,0.0
143.40422455752108,0.0
159.36034254009854,0.0
137.31646052267598,0.0
149.27257850525348,0.0
227.27257850525348,0.0
129.27257850525348,0.0
141.27257850525348,0.0
133.22869648783094,0.0
165.1848144704084,0.0
177.22869648783094,0.0
123.22869648783094,0.0
131.27257850525348,0.0
119.27257850525348,0.0
229.31646052267598,0.0
125.316460522676,0.0
133.31646052267598,0.0
145.36034254009854,0.0
141.31646052267598,0.0
131.27257850525348,0.0
131.22869648783094,0.0
131.27257850525348,0.0
203.31646052267598,0.0
129.31646052267598,0.0
133.36034254009854,0.0
131.36034254009854,0.0
159.40422455752108,0.0
155.36034254009854,0.0
143.36034254009854,0.0
131.31646052267598,0.0
139.36034254009854,0.0
139.40422455752108,0.0
135.36034254009854,0.0
141.36034254009854,0.0
235.36034254009854,0.0
125.316460522676,0.0
129.31646052267598,0.0
117.27257850525348,0.0
217.22869648783094,0.0
109.18481447040841,0.0
111.18481447040841,0.0
111.14093245298587,0.0
195.09705043556335,0.0
119.14093245298587,0.0
117.14093245298587,0.0
119.09705043556335,0.0
195.14093245298585,0.0
131.1848144704084,0.0
129.22869648783094,0.0
119.18481447040841,0.0
161.22869648783094,0.0
129.22869648783094,0.0
129.1848144704084,0.0
125.22869648783094,0.0
143.1848144704084,0.0
187.22869648783094,0.0
135.22869648783094,0.0
129.22869648783094,0.0
127.18481447040841,0.0
197.14093245298585,0.0
115.18481447040841,0.0
127.14093245298587,0.0
117.18481447040841,0.0
195.14093245298585,0.0
121.18481447040841,0.0
111.18481447040841,0.0
127.22869648783094,0.0
241.27257850525348,0.0
129.22869648783094,0.0
137.27257850525348,0.0
165.27257850525348,0.0
223.27257850525348,0.0
131.31646052267598,0.0
135.36034254009854,0.0
147.40422455752108,0.0
157.40422455752108,0.0
253.4481065749436,0.0
157.49198859236614,0.0
147.4481065749436,0.0
137.4481065749436,0.0
143.49198859236614,0.0
135.4481065749436,0.0
133.4481065749436,0.0
137.40422455752108,0.0
133.40422455752108,0.0
235.40422455752108,0.0
133.36034254009854,0.0
123.316460522676,0.0
139.36034254009854,0.0
223.31646052267598,0.0
131.31646052267598,0.0
141.36034254009854,0.0
147.40422455752108,0.0
213.40422455752108,0.0
145.36034254009854,0.0
153.40422455752108,0.0
137.36034254009854,0.0
205.36034254009854,0.0
151.31646052267598,0.0
145.31646052267598,0.0
135.27257850525348,0.0
151.22869648783094,0.0
193.27257850525348,0.0
141.22869648783094,0.0
145.1848144704084,0.0
131.14093245298585,0.0
207.14093245298585,0.0
121.14093245298587,0.0
111.14093245298587,0.0
105.09705043556335,0.0
199.14093245298585,0.0
111.14093245298587,0.0
105.09705043556335,0.0
101.09705043556335,0.0
229.14093245298585,0.0
125.18481447040841,0.0
131.1848144704084,0.0
133.1848144704084,0.0
211.1848144704084,0.0
111.18481447040841,0.0
125.18481447040841,0.0
121.18481447040841,0.0
217.14093245298585,0.0
137.09705043556335,0.0
123.14093245298587,0.0
113.14093245298587,0.0
121.18481447040841,0.0
113.14093245298587,0.0
107.09705043556335,0.0
113.05316841814081,0.0
115.05316841814081,0.0
219.09705043556335,0.0
103.05316841814081,0.0
109.05316841814081,0.0
107.00928640071828,0.0
189.0531684181408,0.0
101.05316841814081,0.0
127.09705043556335,0.0
185.0531684181408,0.0
147.00928640071828,0.0
112.96540438329573,0.0
124.96540438329573,0.0
158.96540438329572,0.0
175.00928640071828,0.0
133.00928640071828,0.0
113.00928640071828,0.0
117.00928640071828,0.0
223.0531684181408,0.0
111.00928640071828,0.0
110.96540438329573,0.0
118.96540438329573,0.0
121.00928640071828,0.0
121.05316841814081,0.0
123.00928640071828,0.0
118.96540438329573,0.0
117.00928640071828,0.0
113.00928640071828,0.0
100.96540438329573,0.0
105.00928640071828,0.0
203.00928640071828,0.0
102.96540438329573,0.0
107.00928640071828,0.0
100.96540438329573,0.0
128.96540438329572,0.0
118.96540438329573,0.0
102.92152236587322,0.0
110.96540438329573,0.0
103.00928640071828,0.0
106.96540438329573,0.0
108.96540438329573,0.0
110.96540438329573,0.0
104.92152236587322,0.0
112.96540438329573,0.0
117.00928640071828,0.0
109.00928640071828,0.0
121.00928640071828,0.0
105.00928640071828,0.0
111.00928640071828,0.0
117.05316841814081,0.0
123.09705043556335,0.0
215.09705043556335,0.0
101.05316841814081,0.0
107.00928640071828,0.0
88.96540438329573,0.0
196.96540438329572,0.0
95.00928640071828,0.0
105.00928640071828,0.0
109.05316841814081,0.0
103.00928640071828,0.0
104.96540438329573,0.0
102.92152236587322,0.0
106.96540438329573,0.0
203.00928640071828,0.0
101.05316841814081,0.0
113.09705043556335,0.0
105.09705043556335,0.0
133.09705043556335,0.0
189.09705043556335,0.0
125.09705043556335,0.0
107.05316841814081,0.0
119.05316841814081,0.0
217.09705043556335,0.0
125.09705043556335,0.0
133.09705043556335,0.0
123.09705043556335,0.0
131.0531684181408,0.0
223.0531684181408,0.0
101.00928640071828,0.0
96.96540438329573,0.0
108.96540438329573,0.0
178.96540438329572,0.0
102.96540438329573,0.0
105.00928640071828,0.0
117.05316841814081,0.0
215.0531684181408,0.0
133.09705043556335,0.0
131.14093245298585,0.0
127.14093245298587,0.0
245.14093245298585,0.0
141.14093245298585,0.0
125.14093245298587,0.0
131.14093245298585,0.0
127.18481447040841,0.0
125.14093245298587,0.0
115.09705043556335,0.0
127.14093245298587,0.0
207.14093245298585,0.0
125.18481447040841,0.0
115.14093245298587,0.0
117.09705043556335,0.0
205.09705043556335,0.0
125.09705043556335,0.0
109.14093245298587,0.0
109.09705043556335,0.0
139.14093245298585,0.0
115.14093245298587,0.0
135.14093245298585,0.0
121.09705043556335,0.0
229.14093245298585,0.0
129.1848144704084,0.0
125.18481447040841,0.0
133.22869648783094,0.0
121.18481447040841,0.0
169.1848144704084,0.0
121.22869648783094,0.0
139.22869648783094,0.0
137.22869648783094,0.0
121.27257850525348,0.0
129.27257850525348,0.0
129.22869648783094,0.0
135.22869648783094,0.0
223.27257850525348,0.0
121.27257850525348,0.0
121.27257850525348,0.0
125.27257850525348,0.0
213.27257850525348,0.0
127.316460522676,0.0
127.27257850525348,0.0
119.27257850525348,0.0
239.31646052267598,0.0
141.31646052267598,0.0
161.31646052267598,0.0
137.31646052267598,0.0
179.27257850525348,0.0
143.31646052267598,0.0
133.27257850525348,0.0
129.22869648783094,0.0
123.18481447040841,0.0
159.1848144704084,0.0
121.18481447040841,0.0
137.1848144704084,0.0
905.1409324529859,1.0
149.1848144704084,0.0
117.18481447040841,0.0
115.14093245298587,0.0
121.14093245298587,0.0
129.1848144704084,0.0
135.1848144704084,0.0
117.14093245298587,0.0
111.09705043556335,0.0
109.14093245298587,0.0
201.09705043556335,0.0
113.09705043556335,0.0
115.09705043556335,0.0
121.05316841814081,0.0
209.00928640071828,0.0
124.96540438329573,0.0
111.00928640071828,0.0
113.05316841814081,0.0
207.0531684181408,0.0
103.05316841814081,0.0
105.05316841814081,0.0
113.00928640071828,0.0
190.96540438329572,0.0
112.92152236587322,0.0
98.92152236587322,0.0
96.92152236587322,0.0
102.92152236587322,0.0
198.92152236587322,0.0
94.96540438329573,0.0
92.96540438329573,0.0
86.92152236587322,0.0
110.96540438329573,0.0
97.00928640071828,0.0
93.00928640071828,0.0
96.96540438329573,0.0
180.96540438329572,0.0
93.00928640071828,0.0
92.96540438329573,0.0
103.00928640071828,0.0
201.00928640071828,0.0
131.0531684181408,0.0
125.00928640071828,0.0
115.05316841814081,0.0
139.09705043556335,0.0
217.09705043556335,0.0
135.14093245298585,0.0
127.14093245298587,0.0
117.09705043556335,0.0
121.14093245298587,0.0
137.14093245298585,0.0
135.1848144704084,0.0
129.22869648783094,0.0
133.27257850525348,0.0
151.22869648783094,0.0
123.18481447040841,0.0
125.22869648783094,0.0
121.27257850525348,0.0
129.22869648783094,0.0
219.27257850525348,0.0
129.31646052267598,0.0
129.27257850525348,0.0
123.22869648783094,0.0
163.22869648783094,0.0
137.22869648783094,0.0
127.18481447040841,0.0
151.1848144704084,0.0
127.14093245298587,0.0
221.1848144704084,0.0
145.14093245298585,0.0
145.1848144704084,0.0
121.14093245298587,0.0
121.09705043556335,0.0
153.14093245298585,0.0
121.14093245298587,0.0
127.18481447040841,0.0
119.14093245298587,0.0
121.18481447040841,0.0
213.14093245298585,0.0
119.18481447040841,0.0
113.14093245298587,0.0
115.09705043556335,0.0
207.14093245298585,0.0
115.14093245298587,0.0
127.14093245298587,0.0
113.09705043556335,0.0
111.09705043556335,0.0
209.14093245298585,0.0
123.09705043556335,0.0
119.14093245298587,0.0
127.18481447040841,0.0
211.14093245298585,0.0
137.14093245298585,0.0
141.1848144704084,0.0
119.14093245298587,0.0
113.14093245298587,0.0
145.1848144704084,0.0
119.22869648783094,0.0
141.27257850525348,0.0
129.27257850525348,0.0
127.27257850525348,0.0
231.31646052267598,0.0
137.27257850525348,0.0
129.27257850525348,0.0
117.22869648783094,0.0
165.22869648783094,0.0
169.22869648783094,0.0
115.22869648783094,0.0
119.27257850525348,0.0
121.27257850525348,0.0
215.27257850525348,0.0
135.27257850525348,0.0
123.22869648783094,0.0
123.18481447040841,0.0
129.1848144704084,0.0
207.22869648783094,0.0
131.22869648783094,0.0
149.22869648783094,0.0
135.22869648783094,0.0
139.22869648783094,0.0
159.27257850525348,0.0
139.27257850525348,0.0
147.31646052267598,0.0
143.27257850525348,0.0
147.31646052267598,0.0
129.27257850525348,0.0
125.27257850525348,0.0
123.27257850525348,0.0
121.22869648783094,0.0
217.27257850525348,0.0
115.22869648783094,0.0
119.22869648783094,0.0
123.18481447040841,0.0
187.22869648783094,0.0
151.27257850525348,0.0
139.27257850525348,0.0
115.22869648783094,0.0
131.27257850525348,0.0
175.27257850525348,0.0
143.31646052267598,0.0
143.31646052267598,0.0
135.31646052267598,0.0
133.27257850525348,0.0
171.22869648783094,0.0
157.1848144704084,0.0
119.14093245298587,0.0
121.18481447040841,0.0
119.14093245298587,0.0
223.1848144704084,0.0
131.1848144704084,0.0
123.22869648783094,0.0
123.27257850525348,0.0
133.27257850525348,0.0
199.22869648783094,0.0
121.27257850525348,0.0
129.27257850525348,0.0
131.31646052267598,0.0
197.36034254009854,0.0
137.31646052267598,0.0
159.27257850525348,0.0
147.31646052267598,0.0
143.31646052267598,0.0
155.27257850525348,0.0
133.27257850525348,0.0
151.22869648783094,0.0
133.22869648783094,0.0
147.27257850525348,0.0
169.31646052267598,0.0
161.36034254009854,0.0
171.40422455752108,0.0
143.36034254009854,0.0
161.40422455752108,0.0
163.4481065749436,0.0
159.40422455752108,0.0
159.4481065749436,0.0
143.49198859236614,0.0
141.49198859236614,0.0
137.49198859236614,0.0
173.53587060978867,0.0
143.53587060978867,0.0
143.53587060978867,0.0
