-55.0290961951488,0.0
970.5447958253103,0.0
914.3851996545224,0.0
2135.923976348364,0.0
2910.010944981854,0.0
1977.2479322886436,0.0
2201.9616651222295,0.0
1438.1445571530185,0.0
623.946408590904,0.0
1443.0473195410855,0.0
867.536287478125,0.0
1656.5483258103063,0.0
737.7659913522591,0.0
-252.08162093035526,0.0
214.65868421505786,0.0
135.05927930355165,0.0
-660.5733758207646,0.0
-1344.301436670097,0.0
-1299.5247836061571,0.0
-1268.284534243687,0.0
-310.7846329346946,0.0
-1130.7838084478472,0.0
-300.1735070999546,0.0
-495.0378725896446,0.0
734.8050804289475,0.0
1566.0449465824302,0.0
1605.5496645314402,0.0
1496.83308609363,0.0
2526.4560375014025,0.0
2682.837409032862,0.0
2843.355953247092,0.0
3572.2427587395746,0.0
3675.663312132505,0.0
4525.301932415297,0.0
3546.2175400453343,0.0
4562.920959821637,0.0
4603.976755128937,0.0
5541.954216218979,0.0
4857.5702320926175,0.0
3990.6791357118645,0.0
3050.812123150892,0.0
3931.608429365765,0.0
3215.978367269722,0.0
3227.1937360562024,0.0
3963.492653377125,0.0
3126.0301703700025,0.0
4139.676791132115,0.0
4210.611299576145,0.0
4984.868460117077,0.0
5124.049943741577,0.0
5083.040956666597,0.0
4116.384864413075,0.0
3385.7551744869324,0.0
3220.6718415635223,0.0
4402.379907902315,0.0
5338.7675896022865,0.0
4202.711160115735,0.0
4127.660750993955,0.0
5188.658846821737,0.0
5107.3281240750875,0.0
5416.784873073017,0.0
5122.553009836937,0.0
5210.485621793667,0.0
4268.450209045524,0.0
5032.480068724807,0.0
6001.302358023429,0.0
6614.816636067173,0.0
7003.723016524273,0.0
7697.2126345148845,0.0
7071.982654307192,0.0
6856.229603181702,0.0
7561.588716853945,0.0
7708.770599382145,0.0
6647.845334101023,0.0
6594.493190853702,0.0
7626.111808017195,0.0
6660.278864324293,0.0
5836.226193136059,0.0
4966.410048090487,0.0
4006.5951331483348,0.0
3989.1934379139248,0.0
4881.328511358367,0.0
5879.24093294599,0.0
6390.718972441233,0.0
5764.07674901584,0.0
6569.7579152550825,0.0
5774.224178816929,0.0
4724.463706713667,0.0
3921.3350773997945,0.0
4744.493647486777,0.0
3761.1960947926545,0.0
4808.078901642857,0.0
4776.905683168918,0.0
5555.985312157769,0.0
5637.614898089769,0.0
5487.499391966419,0.0
6100.1150932792325,0.0
5299.2886889333895,0.0
5194.994667710479,0.0
6120.909177218622,0.0
5217.707728495339,0.0
5273.049678339238,0.0
4272.906666366177,0.0
3517.7956901261746,0.0
3395.7651029270746,0.0
2805.248475010302,0.0
3515.740918733425,0.0
2656.671899451212,0.0
2571.4909537027224,0.0
1847.34297661811,0.0
686.3766839128376,0.0
1548.35132628845,0.0
1758.89267732781,0.0
628.7384819127177,0.0
1525.80440421792,0.0
627.0577439612279,0.0
620.8501978345377,0.0
1472.10967093482,0.0
2413.0330583664722,0.0
1459.55382129053,0.0
548.6784764506878,0.0
762.7729532312877,0.0
-294.4793938700948,0.0
562.8495819432877,0.0
-293.86807009908466,0.0
-200.22989311791457,0.0
-1159.1072356327172,0.0
-2017.1736922999194,0.0
-1235.5029523242672,0.0
-2051.9399097310293,0.0
-1143.0471884465571,0.0
-357.7851894256146,0.0
-217.3088561861946,0.0
401.34972175595783,0.0
1490.33763295454,0.0
2136.990094743332,0.0
3157.6390713124447,0.0
3142.4745132704347,0.0
2281.0239380609924,0.0
1508.10203662773,0.0
439.9422407230976,0.0
832.4064583227779,0.0
-351.74948947929465,0.0
-1045.161027266227,0.0
-1961.3453759600293,0.0
-1032.217697068017,0.0
197.66304368289525,0.0
-885.4239894269572,0.0
-1874.2954708646296,0.0
-2746.7794058056725,0.0
-1601.2489026041494,0.0
-1624.2636999211093,0.0
-764.9985487540471,0.0
-1662.659204593229,0.0
-2552.4430976200324,0.0
-1602.7342871582193,0.0
-450.4077318145969,0.0
-604.3101024496568,0.0
-653.023514317407,0.0
-214.36532223195718,0.0
-342.8511862149071,0.0
484.69991121267526,0.0
1550.762437677778,0.0
2440.26730023129,0.0
1448.9307763361676,0.0
982.7953374035753,0.0
738.4390809614154,0.0
651.4519170869655,0.0
861.9026801024854,0.0
961.0489692902158,0.0
412.39846104274284,0.0
-655.9459424494498,0.0
-554.1224359309795,0.0
-1418.9160325911735,0.0
-1389.0318653184827,0.0
-2151.434463039794,0.0
-1129.1797369930523,0.0
-910.2995611414822,0.0
-973.3962738685623,0.0
-1747.6228116639645,0.0
-2838.320458708846,0.0
-1644.702289057514,0.0
-811.1451448059524,0.0
-88.92419791192833,0.0
218.01887602866054,0.0
202.39932656231076,0.0
1326.006824241983,0.0
1123.1204772936926,0.0
1230.9046752434729,0.0
2098.441818131815,0.0
1395.971955374343,0.0
1533.2400003114926,0.0
602.8361819588808,0.0
858.8264244905608,0.0
1539.2883613209833,0.0
2485.5375695841158,0.0
3713.312859533898,0.0
2621.608667520776,0.0
3720.237917855468,0.0
3689.3755490889976,0.0
4709.96269972079,0.0
4928.85499151052,0.0
4119.644005203057,0.0
4810.82066417697,0.0
5496.865224961102,0.0
6137.064219962903,0.0
5976.264705779013,0.0
6020.942956748873,0.0
6873.189372001045,0.0
6994.678417791234,0.0
6970.274149575165,0.0
7097.299622109784,0.0
7913.5109071440265,0.0
7850.308764176947,0.0
7328.376692720934,0.0
6584.3560542292435,0.0
5553.567909408779,0.0
5488.87166338279,0.0
6626.928981528473,0.0
5730.59346740584,0.0
5572.1137908039,0.0
5826.6093017268295,0.0
6653.593847213622,0.0
6730.420510495693,0.0
5811.83547844052,0.0
5348.656464046577,0.0
5988.33466538408,0.0
6730.613773657133,0.0
6983.428850426512,0.0
7884.950570478344,0.0
8625.867110502457,0.0
7565.477105980915,0.0
7005.908088655402,0.0
7179.613116560382,0.0
7129.000215134993,0.0
8008.785175052274,0.0
8111.094183995915,0.0
8781.030830362577,0.0
9937.11821383398,0.0
9821.70858254632,0.0
9924.349760554718,0.0
9978.76991014418,0.0
10754.364622117073,0.0
11493.162894381414,0.0
12610.860498320835,0.0
13097.280850390009,0.0
12420.399694846317,0.0
13321.590823526349,0.0
13336.85334403495,0.0
14343.751892741722,0.0
13378.00868309433,0.0
12550.649983690806,0.0
11631.440805919294,0.0
11607.370309381524,0.0
10857.318625891792,0.0
10906.704992059891,0.0
10470.826062565062,0.0
9962.92775093697,0.0
10790.447022112094,0.0
11543.955885648575,0.0
11699.327778384213,0.0
10664.568677164983,0.0
10663.936443187533,0.0
9927.40423547312,0.0
9156.060235199478,0.0
9824.69726168287,0.0
10584.062707225452,0.0
10473.194823591102,0.0
10558.128757778351,0.0
11325.118629504534,0.0
12247.425240422535,0.0
12305.374614442457,0.0
12993.162692941798,0.0
12534.114060039266,0.0
13069.876737948609,0.0
12304.029226590017,0.0
11006.111326130485,0.0
11348.501822279715,0.0
11074.965451566804,0.0
11320.612847770033,0.0
12092.649879223634,0.0
11969.791974862117,0.0
11293.483119481003,0.0
11022.770114898323,0.0
11011.684985216656,0.0
10074.801073245264,0.0
9229.12383934685,0.0
10259.143078463892,0.0
11032.209139773506,0.0
11936.514972652076,0.0
11742.771835760546,0.0
12671.236111171129,0.0
13491.31329433016,0.0
14125.670736568125,0.0
15350.369996881716,0.0
14268.225321770566,0.0
14322.250778078764,0.0
14323.438825042726,0.0
13320.31881133698,0.0
14129.351700387353,0.0
15115.144113962175,0.0
15721.721413918847,0.0
16929.23555158071,0.0
16627.08191869402,0.0
17717.688271793773,0.0
17685.170783899914,0.0
17497.877778788934,0.0
16682.81805480147,0.0
17338.282461632203,0.0
18350.507241265124,0.0
17567.351116859543,0.0
18304.541610452656,0.0
17369.628107715664,0.0
17338.818413307043,0.0
17408.675786862183,0.0
16678.21022031475,0.0
16487.74937343001,0.0
16530.48312917615,0.0
16388.71995986505,0.0
15746.372827735218,0.0
16708.13882880656,0.0
15875.123039126689,0.0
15798.439034342378,0.0
15480.962803999719,0.0
15774.363161240508,0.0
14921.227914685625,0.0
13974.779739660695,0.0
14051.522339869214,0.0
13080.893789843582,0.0
14144.367701813375,0.0
14900.877251908605,0.0
14770.084718092345,0.0
14076.182214730004,0.0
13447.981777367091,0.0
14126.875177357924,0.0
13421.302338486872,0.0
12614.023085758738,0.0
13389.045689995892,0.0
14236.424169868977,0.0
15107.007836224057,0.0
15293.800484015024,0.0
14249.990710213366,0.0
14444.611146274055,0.0
13557.058203384782,0.0
13357.060251506091,0.0
14361.401340182885,0.0
15544.856783224484,0.0
15454.053854306267,0.0
15618.914005148996,0.0
15795.931091116865,0.0
14932.671793399295,0.0
14024.32236171915,0.0
13177.613886717118,0.0
12298.768404182487,0.0
11704.640564752153,0.0
10778.604329794962,0.0
9758.291668883889,0.0
10797.006924896934,0.0
10639.883528422703,0.0
10905.653622901333,0.0
11534.081557562466,0.0
11205.458476995384,0.0
11029.4561611364,0.0
11975.360634819684,0.0
12068.368998954615,0.0
12225.124454854775,0.0
13156.318920549047,0.0
14066.78478471686,0.0
14853.18986576251,0.0
15682.448604677735,0.0
16725.796906763637,0.0
16871.993997164474,0.0
15944.367005244647,0.0
16962.219161354846,0.0
16895.810400002094,0.0
17102.878580009787,0.0
18046.77771261455,0.0
18080.64507192317,0.0
19005.98651552034,0.0
18446.11000101606,0.0
19252.53394652736,0.0
19361.88803751612,0.0
19182.72147520752,0.0
19381.16932667743,0.0
20427.979999464093,0.0
21208.097806050606,0.0
20162.99600557309,0.0
19667.715232142647,0.0
19460.73727964615,0.0
20518.19205926641,0.0
19980.479201763854,0.0
19098.131507848677,0.0
20079.13999282171,0.0
20046.567043751933,0.0
19197.52379502636,0.0
19159.97392375928,0.0
18664.397097481888,0.0
17676.100875199016,0.0
18502.900308690256,0.0
18751.647762783265,0.0
18833.524921973265,0.0
18988.451055875914,0.0
18740.632572615905,0.0
18819.740652458917,0.0
18868.999225006275,0.0
18064.756568417375,0.0
18115.844264746625,0.0
18173.210737727662,0.0
19291.312521438776,0.0
18218.382596118383,0.0
19161.103517495023,0.0
20190.986341052587,0.0
20290.401281055318,0.0
20962.10321006242,0.0
21033.545887867804,0.0
22056.785752195112,0.0
21292.88181283894,0.0
21174.51964296459,0.0
21065.58493268471,0.0
21477.633700952843,0.0
20614.86044485937,0.0
20384.46654872257,0.0
20490.23220791937,0.0
21171.694156937898,0.0
21478.148120800543,0.0
22487.717765297013,0.0
21255.72682042454,0.0
22239.839642426512,0.0
23135.373847911287,0.0
24007.789898822055,0.0
22999.238380598184,0.0
22459.41355315211,0.0
22225.78858659591,0.0
22418.939428414415,0.0
22503.04300757051,0.0
22415.150258440714,0.0
21693.102865010544,0.0
21586.96738703364,0.0
22375.50964124481,0.0
23394.462650034984,0.0
24124.73558294376,0.0
24390.98454299436,0.0
25032.53250580813,0.0
24274.189118622257,0.0
24191.105689830256,0.0
23796.314863610558,0.0
23987.751729870557,0.0
24953.61171532823,0.0
24163.618580105158,0.0
23840.71303698286,0.0
23368.322366547385,0.0
22305.518093734114,0.0
23133.868502393685,0.0
23021.719482003886,0.0
23878.374727699556,0.0
23183.879399624784,0.0
23220.911837901687,0.0
22026.48181132947,0.0
22139.378715738414,0.0
21445.23601760984,0.0
22165.042653510012,0.0
21600.004759163043,0.0
21466.58069942564,0.0
21365.184534831642,0.0
22130.81451774431,0.0
23000.650468187785,0.0
23717.636551291915,0.0
23854.544474142356,0.0
23932.841849054257,0.0
24720.069777281526,0.0
25325.5900632197,0.0
26062.956187610103,0.0
26219.971678314454,0.0
27121.24784786312,0.0
28066.01366795467,0.0
28577.66891632611,0.0
29616.073693556806,0.0
30435.135385480917,0.0
30526.107692590827,0.0
31213.58568015606,0.0
31149.01283975916,0.0
31889.431686676304,0.0
31941.5978596317,0.0
31936.83561786578,0.0
32242.002649760703,0.0
33091.41193388542,0.0
31892.931333474782,0.0
32625.825952738185,0.0
32492.738677012047,0.0
32773.814258628954,0.0
32560.420685152967,0.0
33810.80352552119,0.0
32549.375285443624,0.0
33513.706613264556,0.0
34805.97019486826,0.0
34196.0602915038,0.0
34353.781077762906,0.0
34170.01176068315,0.0
35194.811368140494,0.0
34176.34789784903,0.0
33421.794246044825,0.0
33368.468886775816,0.0
32394.063251463624,0.0
31672.702762170113,0.0
30926.705078950683,0.0
30996.61691664339,0.0
30636.012257867507,0.0
30771.6335075213,0.0
30943.23872428465,0.0
31530.975523386303,0.0
30503.46612533497,0.0
29841.234874162765,0.0
29844.29919134274,0.0
29975.415720342688,0.0
30790.972610544348,0.0
30879.16637984943,0.0
31673.222049370394,0.0
32644.294426381755,0.0
32570.637992736192,0.0
33636.689880874415,0.0
34282.773210375584,0.0
34427.67536307436,0.0
33447.16566517703,0.0
34463.32653623396,0.0
35317.84474943144,0.0
36006.7877055195,0.0
37081.683658555296,0.0
38131.97888768142,0.0
38963.16813922743,0.0
39791.09367607272,0.0
39663.686809144965,0.0
39124.769790683225,0.0
38169.664472105345,0.0
39004.29565681791,0.0
40157.93925021114,0.0
39907.491247677426,0.0
39219.71853396873,0.0
38521.848381032985,0.0
37624.69410145551,0.0
36701.036018461346,0.0
36735.51140803524,0.0
36017.97211124317,0.0
35227.1964526438,0.0
36079.20980802737,0.0
37149.52099736234,0.0
36175.49812599687,0.0
36153.597525197765,0.0
35498.9188872715,0.0
35224.3740364486,0.0
34735.72686359873,0.0
35667.5049479774,0.0
35639.7759021171,0.0
36452.577511567666,0.0
37461.50424365765,0.0
38619.11094297681,0.0
39264.58987524519,0.0
38275.37892487581,0.0
37859.356597021746,0.0
38625.18283710202,0.0
37828.63560385175,0.0
36948.45892263247,0.0
36298.2579747906,0.0
36451.9907202596,0.0
37222.84226085567,0.0
38147.55496328104,0.0
38420.57933747725,0.0
37464.678582003166,0.0
36682.1227757465,0.0
37553.303853409365,0.0
37805.19907331277,0.0
37643.12136142557,0.0
38793.57682479195,0.0
37994.895654303065,0.0
37047.2100662567,0.0
37272.906780483696,0.0
37355.8002721052,0.0
37371.8494487624,0.0
37612.5990526603,0.0
36334.75988073502,0.0
37356.0157123751,0.0
37394.299805547096,0.0
38504.76622236557,0.0
39599.190724607644,0.0
38812.10069418117,0.0
37869.049431396605,0.0
37976.7224095164,0.0
37912.486154939004,0.0
38905.83622980057,0.0
38092.12348271,0.0
38871.72906682447,0.0
39844.552683871545,0.0
39058.26645252617,0.0
40157.37007160025,0.0
39915.94077748855,0.0
39837.14625283515,0.0
41096.66435185781,0.0
41814.46532196799,0.0
41908.406105455884,0.0
41257.00492117392,0.0
41100.59784258142,0.0
41195.73714944132,0.0
42321.856917811885,0.0
42245.346864488485,0.0
41426.66298480282,0.0
40522.742214263744,0.0
41299.18019174911,0.0
41291.297805216214,0.0
41479.55641412181,0.0
42641.83606776768,0.0
43317.99991733376,0.0
44201.10083984013,0.0
44249.650864663134,0.0
45049.78784350311,0.0
44952.282444157405,0.0
44608.56425095424,0.0
45115.9187179548,0.0
45151.5688097859,0.0
44129.471122801035,0.0
45194.098390851505,0.0
45210.0822028486,0.0
44363.12885499844,0.0
45050.9998630866,0.0
45494.494159711,0.0
46362.09906893588,0.0
46240.48118263078,0.0
45170.377341778505,0.0
45395.415645028406,0.0
44422.75538570524,0.0
44416.40356088434,0.0
44621.089572524834,0.0
44307.361928458835,0.0
43532.11298357986,0.0
43502.52141698936,0.0
43589.09968945796,0.0
44251.15130332674,0.0
45209.8674375026,0.0
44513.21929215974,0.0
43613.31017468126,0.0
44289.10197795364,0.0
45323.40878722581,0.0
44088.445830226534,0.0
43467.59500020976,0.0
44440.711055703134,0.0
43398.69714053216,0.0
43457.43499246386,0.0
43251.556009947555,0.0
44388.90623924474,0.0
44043.26735789174,0.0
44208.07786909303,0.0
44195.70866508514,0.0
43352.31508170845,0.0
44083.679275025635,0.0
44382.186533854634,0.0
44825.0309431053,0.0
45865.57693375268,0.0
45455.123263313275,0.0
44926.421033257604,0.0
44102.752790835635,0.0
43024.49846131745,0.0
43215.791572197755,0.0
43145.124989895754,0.0
44057.97496967323,0.0
44672.47248747171,0.0
44631.39092889421,0.0
43648.47866416054,0.0
44658.5434556265,0.0
45370.41514523088,0.0
44730.0374185101,0.0
44630.305618271406,0.0
45722.150934104175,0.0
45292.61148530108,0.0
45551.553061428975,0.0
45321.052870095176,0.0
46045.70667912205,0.0
47128.90031903952,0.0
46863.98274652442,0.0
47748.5364473045,0.0
46906.30244284762,0.0
46140.029882955445,0.0
46834.550239828124,0.0
46206.88704667965,0.0
45053.27747148728,0.0
46067.991186558545,0.0
46043.11034316855,0.0
46742.15156108492,0.0
47665.5569350735,0.0
48485.37654076717,0.0
47808.6355103683,0.0
48730.37704157426,0.0
47546.1955521037,0.0
46915.95064120382,0.0
45926.65627356645,0.0
46552.091037558916,0.0
46693.93980817512,0.0
46837.78844892722,0.0
47657.7906441097,0.0
46483.65363899362,0.0
45989.710697389746,0.0
46861.130033317124,0.0
46748.49213930982,0.0
45844.302335531946,0.0
46174.84492854445,0.0
45072.90624451508,0.0
45951.756388982045,0.0
46688.67084634382,0.0
46674.30858985422,0.0
45806.17751129935,0.0
45094.48034636548,0.0
45327.13222249158,0.0
44532.80100692851,0.0
44530.3649392665,0.0
44519.042884416005,0.0
43496.14111946594,0.0
44261.718544799405,0.0
44396.33118847241,0.0
45032.102644334576,0.0
44454.915942804706,0.0
44724.44585232751,0.0
45431.99044852178,0.0
44722.1225576162,0.0
43823.57861146344,0.0
42846.426100606855,0.0
43189.719590751956,0.0
42148.43107228169,0.0
42080.77004908229,0.0
41389.30760342261,0.0
42100.96486626999,0.0
42434.19105046409,0.0
41576.296039760615,0.0
40659.884910478446,0.0
41552.823334328015,0.0
41775.21028994692,0.0
42444.87368939059,0.0
41646.38053269352,0.0
42730.525941736385,0.0
43539.430113657356,0.0
42901.20488935109,0.0
41961.46963123132,0.0
42187.60464481002,0.0
41301.107477370744,0.0
41028.811844156044,0.0
42059.39149105082,0.0
41576.82131159685,0.0
41566.90564386535,0.0
40568.39588492337,0.0
40585.64935393267,0.0
41797.58602818975,0.0
40778.218595553466,0.0
40298.901733254,0.0
40360.4975211805,0.0
40896.12089521357,0.0
41896.183480795145,0.0
41913.56168239855,0.0
43072.57376499081,0.0
43762.83190233099,0.0
44600.132924165555,0.0
45158.095236876856,0.0
45962.775812390035,0.0
46007.154121563835,0.0
46755.463301821204,0.0
47761.87934713138,0.0
47044.870206339605,0.0
46881.645799826605,0.0
47948.517372182774,0.0
47190.7494702749,0.0
48300.561149094276,0.0
49099.29634558754,0.0
49241.84525732785,0.0
48307.98321399678,0.0
47360.111774256504,0.0
48377.44652225668,0.0
48279.97593978328,0.0
48655.99306294118,0.0
47916.1778116021,0.0
47797.855082516005,0.0
46886.31908540494,0.0
46335.26445761096,0.0
45418.39375370438,0.0
44551.67590824442,0.0
44790.600613324415,0.0
45478.25064546869,0.0
44903.050497661614,0.0
43854.831163838244,0.0
44916.40780520791,0.0
44167.362049482246,0.0
44807.86198250181,0.0
45065.970609236116,0.0
44191.08115468985,0.0
45192.50679485302,0.0
45059.839559434215,0.0
44327.586048041645,0.0
45407.51395847391,0.0
46161.40528508279,0.0
47139.976994938355,0.0
47051.239314451355,0.0
47849.89042529484,0.0
48868.141032755106,0.0
48754.44830643051,0.0
49480.58858222508,0.0
50826.72361592665,0.0
51442.771038918916,0.0
50520.17760115825,0.0
50026.87910526008,0.0
49929.124124532274,0.0
49020.24575904351,0.0
49952.62653822738,0.0
49081.77301202831,0.0
48411.53080679574,0.0
47535.06332237186,0.0
47252.97177898516,0.0
47518.00723869566,0.0
47575.02481988976,0.0
48438.59521591973,0.0
48933.55226506341,0.0
48345.43497673744,0.0
48619.327783910136,0.0
47620.302623370655,0.0
46459.73248056648,0.0
45606.501058536815,0.0
45867.41477618551,0.0
46646.073497284386,0.0
45920.59034765842,0.0
44975.646499065544,0.0
45805.07745656611,0.0
44950.76028225744,0.0
45801.336974812315,0.0
46479.077732657686,0.0
46046.63846646361,0.0
45580.339069080714,0.0
45736.87920827101,0.0
45659.74298434281,0.0
46789.393773472184,0.0
46678.620800167286,0.0
46471.73344421548,0.0
45687.26806139492,0.0
46645.69227902089,0.0
46756.37266258079,0.0
47363.00590300636,0.0
47179.87795685476,0.0
48026.23996593234,0.0
47505.865844020955,0.0
46129.96221259179,0.0
45867.02329047371,0.0
44581.929863989244,0.0
44534.72156001715,0.0
44584.51332614904,0.0
44653.778968731945,0.0
44552.56664083415,0.0
43393.73241410767,0.0
44508.16001344535,0.0
44494.357008071245,0.0
43633.70394085767,0.0
43403.41654663507,0.0
44075.97353321634,0.0
43437.636212229074,0.0
44197.45204495745,0.0
43333.337628512774,0.0
42425.1051986199,0.0
42467.4394382585,0.0
42453.3311457996,0.0
42563.0609832833,0.0
42562.241453086404,0.0
41463.02011435972,0.0
42359.225928725195,0.0
42417.983864350696,0.0
43382.08543733606,0.0
44045.27452301465,0.0
44686.413456281014,0.0
44900.35685847771,0.0
43978.670267248846,0.0
45049.811111597315,0.0
45720.01991208749,0.0
44726.454737001615,0.0
44733.31792082661,0.0
43850.67640590505,0.0
43060.67296811557,0.0
43907.577773580444,0.0
44846.21947984022,0.0
45624.45114174728,0.0
45532.49102103439,0.0
44595.071777454614,0.0
44779.27414260332,0.0
43829.43968605285,0.0
42994.943457978574,0.0
42243.5006176077,0.0
43181.100054918265,0.0
43714.20617909895,0.0
44890.45913636661,0.0
43729.31505825715,0.0
43010.51676269247,0.0
43871.40258226225,0.0
44678.665744431215,0.0
44889.70663571861,0.0
68057.54107092171,1.0
44823.08724176812,0.0
44754.910956747015,0.0
45519.012162792285,0.0
45795.10862512978,0.0
44553.060395002016,0.0
43901.243640209745,0.0
44659.75582821072,0.0
44032.01978298755,0.0
44924.94013355262,0.0
44783.22308857851,0.0
45884.859347667385,0.0
46570.14033458276,0.0
46805.09768891596,0.0
47646.15748883004,0.0
48597.466393998904,0.0
49292.37778248908,0.0
50313.95132015494,0.0
49423.68032770208,0.0
48480.6422954984,0.0
47856.955129214635,0.0
48094.922859055834,0.0
46984.73248497856,0.0
46223.160604020886,0.0
45516.23827729371,0.0
44623.99888172225,0.0
44042.83387247877,0.0
43946.46304601097,0.0
44188.92888029237,0.0
44862.54150514914,0.0
44736.19258126484,0.0
44118.21254085757,0.0
44870.90485925594,0.0
44917.15356508664,0.0
45933.618722082916,0.0
46127.69362105931,0.0
45255.01381942515,0.0
45371.789812425144,0.0
44584.42347422347,0.0
45374.67022606084,0.0
45166.98390773425,0.0
45616.82362681035,0.0
45846.47607685314,0.0
45655.15370685204,0.0
46409.08398087441,0.0
45733.323082210445,0.0
45730.254186574144,0.0
45904.21457987315,0.0
46917.65157164601,0.0
47007.229419774216,0.0
46997.633253279215,0.0
46923.140249408716,0.0
48061.992639754986,0.0
48193.93071297009,0.0
49230.81980714666,0.0
48105.493460468286,0.0
49150.06318579205,0.0
50164.48799067964,0.0
50072.82189475333,0.0
49356.718463587255,0.0
50245.84632416694,0.0
49409.344676844456,0.0
50372.00027895643,0.0
51393.920014288,0.0
52251.756357003775,0.0
51349.7861154633,0.0
50338.57616962143,0.0
51436.7958644147,0.0
50732.67506889014,0.0
50492.55802614194,0.0
51985.620103788904,0.0
52458.45079817418,0.0
51697.14011058811,0.0
52932.75366510248,0.0
52548.91727263418,0.0
52099.551967117004,0.0
52024.059583883005,0.0
51315.03547072083,0.0
50559.23746114716,0.0
51249.66709479484,0.0
50471.083028888854,0.0
51104.183560164834,0.0
51399.30819497384,0.0
51609.13416917434,0.0
50810.17704642516,0.0
51899.624700817134,0.0
50845.47108339726,0.0
50075.69961602808,0.0
49209.212543965215,0.0
48320.424205932446,0.0
48508.024262484345,0.0
48510.213006163445,0.0
49365.206182069815,0.0
48424.250471421845,0.0
49410.60759988961,0.0
48680.40422938995,0.0
48696.90798829435,0.0
49444.66885525192,0.0
48587.934214741545,0.0
47895.23899357807,0.0
47122.862940467094,0.0
47032.1355308417,0.0
46999.580029742094,0.0
46949.387456879806,0.0
46161.80808585032,0.0
45188.18798687756,0.0
46157.41381867182,0.0
46391.45929557552,0.0
47259.8289323656,0.0
47029.2487990093,0.0
48028.280140616174,0.0
48017.54511526857,0.0
47812.876791835864,0.0
48975.966585782146,0.0
47788.18035584317,0.0
47009.035859886295,0.0
46419.61027971403,0.0
47091.6313310228,0.0
47987.80939202827,0.0
47813.01892441997,0.0
48688.04314061564,0.0
48898.832387323644,0.0
49687.12894677831,0.0
48766.723528244846,0.0
48666.086272326946,0.0
47822.50499161317,0.0
49049.00053667855,0.0
49609.43980481321,0.0
48867.25282973844,0.0
48852.602680828946,0.0
48833.06573756615,0.0
47898.27103595066,0.0
47692.44029702057,0.0
46842.0775975158,0.0
46174.64701010642,0.0
45044.213046013356,0.0
45244.81988050396,0.0
44233.95074390339,0.0
43367.26077725411,0.0
44157.02059809049,0.0
44201.00706028758,0.0
43450.53952644041,0.0
44235.133759301185,0.0
44987.61412222656,0.0
45956.251750866126,0.0
45165.71803825906,0.0
45799.418614118724,0.0
45831.518209929825,0.0
44922.25630260435,0.0
45604.908752619915,0.0
44725.137996774356,0.0
45904.30963984782,0.0
45753.22209574252,0.0
45711.13657836792,0.0
44753.867390594154,0.0
43909.69756140569,0.0
44705.29032181915,0.0
43807.67845324558,0.0
44666.40623798035,0.0
43633.71016678818,0.0
44884.32037761876,0.0
44668.85935080265,0.0
45380.43309371853,0.0
46397.2716398259,0.0
45294.36030646382,0.0
46418.478490109905,0.0
46145.360091102004,0.0
45894.682840025,0.0
47184.36937982907,0.0
48000.97466348295,0.0
48615.92302656591,0.0
48525.28704527611,0.0
49321.673732544485,0.0
50359.90021652986,0.0
49299.81312672709,0.0
49413.92419394129,0.0
50384.545153336956,0.0
49601.11632247639,0.0
49392.81242060369,0.0
48612.45703171572,0.0
48655.28720336732,0.0
48830.79202066202,0.0
47646.21559764094,0.0
46708.86107088147,0.0
47542.51194346775,0.0
46976.693164125274,0.0
46907.56759564177,0.0
47875.44922066985,0.0
48633.64832494322,0.0
48708.08073963011,0.0
47838.64872985745,0.0
48687.54062498722,0.0
47763.35319677844,0.0
48007.33340455305,0.0
46962.637168589965,0.0
47111.38780116367,0.0
46210.816902528895,0.0
45568.187790243224,0.0
46322.605507828295,0.0
45360.49298023053,0.0
44566.58383420056,0.0
43720.39145534478,0.0
43512.27077604568,0.0
44001.86485138428,0.0
43957.92309598609,0.0
42910.30057137571,0.0
43945.27747994608,0.0
43965.440589283084,0.0
42977.32915572331,0.0
43334.63671903901,0.0
44026.00678244748,0.0
44981.31560600185,0.0
45052.16634286866,0.0
44928.283558143055,0.0
44963.92491731526,0.0
45137.34250317396,0.0
45262.11190152516,0.0
45251.73224191905,0.0
44519.45388043778,0.0
43666.940061886315,0.0
44606.531876216686,0.0
44425.65788977788,0.0
45593.55945595016,0.0
44612.628675225686,0.0
43849.34967673321,0.0
43091.433048530336,0.0
42964.34323680984,0.0
44072.45533907401,0.0
43232.16593622424,0.0
43260.403027472435,0.0
42482.552903669064,0.0
43623.98172309874,0.0
43384.83553467183,0.0
44435.870023994314,0.0
43367.43563103124,0.0
42790.03360350306,0.0
42016.420729007295,0.0
42329.85230487349,0.0
42093.28484164909,0.0
43031.19676187406,0.0
43034.53412928656,0.0
43292.47379773836,0.0
43477.53481123746,0.0
44120.419252584536,0.0
43420.82394945047,0.0
42844.50357382809,0.0
42663.45030690439,0.0
43756.44277417417,0.0
44647.66718388174,0.0
43648.713813399365,0.0
43159.734687576994,0.0
44034.83424771916,0.0
43944.93945918087,0.0
43099.240206519695,0.0
44086.14931405036,0.0
44295.77910129777,0.0
43331.96422898329,0.0
44096.43320404897,0.0
43507.54610244029,0.0
43679.456035693394,0.0
43506.239794819994,0.0
42816.989677439225,0.0
43616.96669597359,0.0
44697.15133939797,0.0
43863.543926707396,0.0
43931.3982765126,0.0
43915.042190504595,0.0
43097.98583452022,0.0
44202.29406764329,0.0
45021.463947613665,0.0
45036.51628363636,0.0
44719.52903018106,0.0
45001.929265600265,0.0
45295.28004041067,0.0
46059.46808982584,0.0
46866.88992175161,0.0
47002.66694927791,0.0
46191.40912459693,0.0
45355.816064536564,0.0
44654.802575532594,0.0
44815.855667049196,0.0
45647.38156561616,0.0
45712.79966716046,0.0
46415.14685813764,0.0
45728.11487345636,0.0
44676.619602862396,0.0
43946.34699136592,0.0
45114.62537146939,0.0
45734.09754360146,0.0
46582.63264210554,0.0
47431.27031343821,0.0
47615.79848894821,0.0
47796.297470048215,0.0
47608.75379503511,0.0
47543.16833421441,0.0
46979.748839458334,0.0
46647.42764562034,0.0
47750.24080057081,0.0
47572.169089819305,0.0
47507.85485346311,0.0
47785.757318074015,0.0
46565.63570064024,0.0
46750.05545900564,0.0
45931.42176086557,0.0
45016.80722054439,0.0
44871.854837593986,0.0
44990.80770030339,0.0
44877.041416256485,0.0
46154.187906126164,0.0
46551.56685946204,0.0
46514.577161903624,0.0
47706.11106668701,0.0
48582.58138592988,0.0
48438.662348521284,0.0
48425.82224832128,0.0
48525.958226605886,0.0
48593.80011153869,0.0
48217.40962960338,0.0
49412.37493019436,0.0
48401.318571162585,0.0
47458.71585908631,0.0
48494.83851529288,0.0
48436.309788031285,0.0
49317.63328791654,0.0
48246.79607287588,0.0
47494.29324317351,0.0
47414.208649280205,0.0
47293.312084585705,0.0
48405.78008668478,0.0
47328.84201398941,0.0
48138.99447846438,0.0
48185.23836958119,0.0
48143.67389734258,0.0
47125.78400381391,0.0
48039.83362810008,0.0
49196.546754313254,0.0
48846.817021355055,0.0
49654.42915572762,0.0
48893.11783160386,0.0
48827.174569255854,0.0
49548.18937835562,0.0
49456.83333849252,0.0
49665.11595100313,0.0
50412.151025788604,0.0
50431.304254178,0.0
49452.87656700272,0.0
49264.096226382826,0.0
50308.986329831896,0.0
50566.6512127438,0.0
50077.800978692205,0.0
50113.363972891995,0.0
50049.326738953096,0.0
51006.26081855377,0.0
50337.0988315444,0.0
50131.972345381,0.0
50961.30443141937,0.0
50818.51961185917,0.0
50965.43678334897,0.0
51066.832751146765,0.0
50339.697518442204,0.0
51071.602702606266,0.0
49933.9481620872,0.0
49106.11679199572,0.0
48369.386168184654,0.0
48285.03496065106,0.0
48311.113075483154,0.0
48111.772485922855,0.0
47352.62961227138,0.0
48147.75596442475,0.0
48144.08062108675,0.0
47307.03514227689,0.0
47343.10170135868,0.0
48253.58172887185,0.0
48332.962790217956,0.0
47337.84488643168,0.0
46440.33810016571,0.0
47606.28772104578,0.0
46678.500649559704,0.0
46651.888876879806,0.0
46784.09496055581,0.0
45612.10225476594,0.0
45131.84698237486,0.0
44187.399563405095,0.0
44953.39952017996,0.0
45870.58285115694,0.0
45822.461850405234,0.0
45823.172269148236,0.0
45668.94141261403,0.0
45113.812133986765,0.0
44449.00702733299,0.0
43610.00367284792,0.0
43406.890689433625,0.0
43404.00801196582,0.0
43471.29847451922,0.0
43621.63803194792,0.0
44557.23956463399,0.0
44464.482218271594,0.0
43727.69468743422,0.0
44489.4151641753,0.0
45454.14053010727,0.0
45579.65296983687,0.0
45059.87922558499,0.0
44657.91488092119,0.0
45490.19320334606,0.0
44812.18897777069,0.0
45618.25113847426,0.0
45794.22074636936,0.0
46670.148924000736,0.0
45980.111848455264,0.0
46618.49175765173,0.0
47503.597207784915,0.0
47894.70741058221,0.0
48649.18112865008,0.0
48567.83477987148,0.0
47747.63890404191,0.0
48730.38742875788,0.0
48928.83605285568,0.0
49714.881340674256,0.0
50863.08755703132,0.0
51652.9778556026,0.0
50849.92547512543,0.0
50027.710782641356,0.0
50918.17020025493,0.0
51858.994639401295,0.0
51224.137039968424,0.0
51848.21029366591,0.0
53068.068862244574,0.0
52100.1704431647,0.0
51437.809575087726,0.0
51408.69435768692,0.0
51319.94378856242,0.0
50731.577907749655,0.0
50679.56749969456,0.0
50099.76640427008,0.0
50791.08295096326,0.0
49881.69838696518,0.0
50921.98681158565,0.0
50162.56502372388,0.0
49338.06211000931,0.0
50335.841140225384,0.0
50358.47642142579,0.0
51306.673888731355,0.0
50600.82875391988,0.0
51345.279875707856,0.0
50781.81018191378,0.0
51613.342265226755,0.0
50811.56230834518,0.0
49771.66400141421,0.0
50903.39713151448,0.0
50933.31520349748,0.0
51162.96377693208,0.0
50427.44132260521,0.0
50466.277417126505,0.0
51100.11979679918,0.0
50334.41437573111,0.0
51335.45018449788,0.0
52132.555438429255,0.0
51259.396491387684,0.0
51601.21901926618,0.0
52424.82849677945,0.0
51680.18900034469,0.0
51508.64526798268,0.0
52520.46427649066,0.0
53326.09684989673,0.0
54272.30555448689,0.0
54443.5795613096,0.0
54359.0482821788,0.0
55238.21589974937,0.0
54379.0719823466,0.0
54401.1742021002,0.0
53646.13233521732,0.0
53991.384186599826,0.0
53739.102133656226,0.0
53715.45742008452,0.0
54570.62638684281,0.0
54751.1632051967,0.0
54748.8915728423,0.0
54852.7118358579,0.0
53951.78468467762,0.0
53253.22133948286,0.0
53256.39335580685,0.0
54176.86261774752,0.0
54096.48896377412,0.0
54218.27305641052,0.0
54089.05000038052,0.0
54224.548749907626,0.0
54964.7120516266,0.0
54911.691784192095,0.0
55715.681225080974,0.0
54924.553550834404,0.0
55785.94939642986,0.0
55090.3433405487,0.0
55017.3270170116,0.0
54948.9390064253,0.0
54056.36801015113,0.0
55207.245355698804,0.0
54132.70367872852,0.0
54006.39309074503,0.0
53239.992879568556,0.0
54157.23126284692,0.0
55099.422919019504,0.0
54979.4985435398,0.0
54132.96014611173,0.0
54842.82480605011,0.0
55052.7035410893,0.0
55815.42744431367,0.0
55878.15714302787,0.0
55960.814012069466,0.0
54918.6687387982,0.0
53985.30016128832,0.0
53048.247028495956,0.0
52192.12280555468,0.0
52991.82439177355,0.0
52266.54192363119,0.0
52883.420219496555,0.0
52828.07521602476,0.0
53796.49563955372,0.0
54845.8810553789,0.0
54706.1494242757,0.0
53747.30379936042,0.0
54724.2021789801,0.0
54576.0435011953,0.0
55440.07397877307,0.0
56297.97755487224,0.0
55535.18598754007,0.0
54673.9899690513,0.0
55507.473017963566,0.0
55445.07511084377,0.0
