0.0,0.0
0.9023588495493399,0.0
0.9117517643654599,0.0
0.9231482494395697,0.0
0.9286402077913497,0.0
0.6629246478515098,0.0
0.8890038468733298,0.0
0.8260024181687099,0.0
0.69699665566949,0.0
0.6437837684931799,0.0
0.8420065255777099,0.0
0.8573600795581798,0.0
0.79368611050743,0.0
0.70748306068914,0.0
0.82713629151189,0.0
0.7886171501808901,0.0
0.7409156040039102,0.0
0.8163005088288804,0.0
0.7431004578561304,0.0
0.8208196972669504,0.0
0.9073704550934102,0.0
0.8443426011699803,0.0
0.8588977643803404,0.0
0.7257067733788403,0.0
0.779085175455,0.0
0.84454124645871,0.0
0.80333043832388,0.0
0.80864713576784,0.0
0.7888320556332499,0.0
0.8056031315972298,0.0
0.8667807568435598,0.0
0.9328987858763798,0.0
0.8388832269427697,0.0
0.7728829221360096,0.0
0.8200676301301497,0.0
0.7426120361310397,0.0
0.7987044205306196,0.0
0.9109383348009394,0.0
0.8801149394776897,0.0
0.8954739993103598,0.0
0.8721743351263398,0.0
0.8676904380512798,0.0
0.8803830772679699,0.0
0.8086237036652998,0.0
0.8876987162485899,0.0
0.8655003923375398,0.0
0.9194744140607298,0.0
0.9258677529824098,0.0
0.8412570461806796,0.0
0.9325198970207297,0.0
0.8906946384960497,0.0
0.8526420350226299,0.0
0.85211834022463,0.0
0.8214710142230398,0.0
0.9646171857843298,0.0
0.9116727594509697,0.0
0.9569611868172597,0.0
0.9051700571593897,0.0
0.9423861353519296,0.0
0.9952166906640396,0.0
0.9301863866459598,0.0
0.9281501956704498,0.0
0.9464402045297496,0.0
0.9566369707813698,0.0
0.7609887674521395,0.0
0.9930052667267295,0.0
1.0176795578657893,0.0
0.8223338724644793,0.0
0.9691406276771892,0.0
0.9916074373994893,0.0
0.9799908120250493,0.0
1.0229197766252793,0.0
1.0229197766252793,0.0
1.0118594921787594,0.0
1.0145908391125094,0.0
0.9831412257701492,0.0
1.0065953072764293,0.0
0.9762813492215194,0.0
0.9365963824556996,0.0
0.6691975123752297,0.0
0.9433782626540798,0.0
0.8183466752784296,0.0
0.9050312271801795,0.0
0.8618552519946993,0.0
0.8760737220763295,0.0
0.7370203731088392,0.0
0.6596241904249796,0.0
0.8496787343499698,0.0
0.8542684453936796,0.0
0.8636841283760597,0.0
0.8217981912598598,0.0
0.8258912192765596,0.0
0.8610299106684497,0.0
0.8120771085425496,0.0
0.8976447524287894,0.0
0.7167625151016894,0.0
0.8327787093890193,0.0
0.8674688666315196,0.0
0.8268776940452394,0.0
0.8516787859724293,0.0
0.8588569824679895,0.0
0.7809310988659395,0.0
0.9417024399391997,0.0
0.6980280848069799,0.0
0.9571539635124597,0.0
0.85102656434036,0.0
0.9690840437451698,0.0
0.8254165602246599,0.0
0.7754710263434299,0.0
0.8781037185956999,0.0
0.8675624384390201,0.0
0.8544224421363901,0.0
0.8813072643041401,0.0
0.8187908332912401,0.0
0.8714055154052199,0.0
0.8347464701015002,0.0
0.8346734697699302,0.0
0.8919921345960699,0.0
0.9189943426822199,0.0
0.82697521763311,0.0
0.8561307438868002,0.0
0.8776133592425202,0.0
0.7462385288443902,0.0
0.9036450943336801,0.0
0.7953272479673202,0.0
0.8425629940823901,0.0
0.8445862253504104,0.0
0.7365266975450706,0.0
0.8089556390726703,0.0
0.8651984028285906,0.0
0.9144869543960503,0.0
0.9392486142183702,0.0
0.9493351216994202,0.0
0.9364153547836801,0.0
0.91262413074384,0.0
0.89983173058712,0.0
0.8898105772396798,0.0
0.8869519733397798,0.0
0.9491059928147398,0.0
0.95388397717997,0.0
0.9357167055558501,0.0
0.9314363463570601,0.0
0.9475386040213702,0.0
0.9181353943937703,0.0
0.7412687787470205,0.0
0.8789838856497804,0.0
0.9434638584938603,0.0
0.8974053471787904,0.0
0.9196602279892805,0.0
0.8609943564258407,0.0
0.9048429496938706,0.0
0.9257732957966105,0.0
0.8843004678231904,0.0
0.8026628308434405,0.0
0.6803720985705207,0.0
0.7556247929642206,0.0
0.7853305056276404,0.0
0.7768581563579804,0.0
0.7531181991406004,0.0
0.7655253665273003,0.0
0.8364666606549804,0.0
0.8561618775070001,0.0
0.8197098718501502,0.0
0.87618828362119,0.0
0.8183961508220802,0.0
0.8250914724897401,0.0
0.7959187686948502,0.0
0.8019934334691103,0.0
0.7742156556913302,0.0
0.8122091841630301,0.0
0.5235991237543103,0.0
0.7005342123190106,0.0
0.9060501488165404,0.0
0.6025930306696107,0.0
0.6873887263035107,0.0
0.6925866308440809,0.0
0.8066526609037307,0.0
0.8690761425617107,0.0
0.9194641977615207,0.0
0.8240570125459008,0.0
0.705618447328571,0.0
0.7951129614198408,0.0
0.7716271216420206,0.0
0.7955695306365105,0.0
0.8849201010879606,0.0
0.9152389296156305,0.0
0.8429981670383203,0.0
0.9386690266274104,0.0
0.9048040645060903,0.0
0.8566360500093603,0.0
0.7674147368027003,0.0
0.8404875749656703,0.0
0.7867847163250006,0.0
0.7566509627445805,0.0
0.8198243621933304,0.0
0.8213471407190502,0.0
0.8496718906456903,0.0
0.8579524000409704,0.0
0.86093955390259,0.0
0.8407929468514401,0.0
0.8990909529995799,0.0
0.8685080774403,0.0
0.8429588090034001,0.0
0.8928460482227499,0.0
0.8623653884648298,0.0
0.9239226731184899,0.0
0.9224776818907399,0.0
0.86322945285586,0.0
0.9087740878207299,0.0
0.7582869386487898,0.0
0.8492435911430898,0.0
0.9206245110450698,0.0
0.8869750270447495,0.0
0.9830510818444097,0.0
0.9519576137462298,0.0
0.8914219911232498,0.0
0.96843592545792,0.0
0.96972389986825,0.0
0.9566134161525599,0.0
0.97083576272582,0.0
0.92948177568571,0.0
0.9505945694400602,0.0
0.9626063480556099,0.0
0.9402919866850299,0.0
0.6170761446780799,0.0
0.8387947768176001,0.0
0.96597035784016,0.0
0.9268485145619599,0.0
0.9419221352318699,0.0
0.7368987207390297,0.0
0.7599271470025596,0.0
0.8980076790192597,0.0
0.87045076896348,0.0
0.8862449663206099,0.0
0.7904176813926299,0.0
0.8432123552934798,0.0
0.9169809736933897,0.0
0.8782094086275096,0.0
0.8377132721550695,0.0
0.9211827406050095,0.0
0.8597432075358795,0.0
0.8480636865706597,0.0
0.8449003285373193,0.0
0.8272438170198693,0.0
1.0210947989355392,0.0
1.035427170023579,0.0
0.961851460434579,0.0
0.877582662499029,0.0
0.9160472575866889,0.0
0.9651626685480988,0.0
0.9494855382944889,0.0
0.892417352851819,0.0
0.7544144338068692,0.0
0.8583873500957191,0.0
0.9330066251890494,0.0
0.8556125893282392,0.0
0.8142637510979492,0.0
0.9989880187704494,0.0
1.0112568827321593,0.0
0.9992893768909192,0.0
0.9700661817146392,0.0
0.8223966595409892,0.0
0.9422294230484293,0.0
0.9346131957648396,0.0
0.8866912161896195,0.0
0.8980848548158795,0.0
0.8718620759636293,0.0
0.7935841451539893,0.0
1.0076899526662693,0.0
0.8421230016164093,0.0
0.9785447273058391,0.0
0.9419161993917391,0.0
0.9093246479654389,0.0
0.9713036196348791,0.0
0.8482384657984491,0.0
0.9635338455123591,0.0
0.9189785152663292,0.0
0.8972218374146791,0.0
0.9746207851955692,0.0
0.9032640918068291,0.0
0.9285644881979691,0.0
0.956823429899329,0.0
0.8704944752940491,0.0
0.9523857103102492,0.0
0.8994990846294292,0.0
0.9239442120778792,0.0
0.9348402813112795,0.0
0.9197467629419893,0.0
0.9388716741543391,0.0
0.9343267879167592,0.0
0.901493846744389,0.0
1.0235141929711191,0.0
0.9718729692876189,0.0
1.0062831432981487,0.0
1.0047201194889785,0.0
0.9982559088335887,0.0
0.9722188597582387,0.0
0.9967431958037587,0.0
1.0165249019857787,0.0
0.9844999168134088,0.0
0.9554803888527386,0.0
1.0604996459767984,0.0
1.0978814614942882,0.0
0.9527246440820484,0.0
1.116929633997628,0.0
0.7922276232352082,0.0
0.6694734706605081,0.0
0.9560655004275983,0.0
1.038648704870008,0.0
1.044867332480148,0.0
1.0304815788433084,0.0
1.006386758640058,0.0
0.6674527570328082,0.0
0.9884587128075781,0.0
0.49959729398936814,1.0
0.5309888705456383,1.0
1.0433696377516284,0.0
0.8109275648254882,0.0
0.2488141141861483,1.0
0.6009441470696084,0.0
0.5023046900104283,1.0
1.0726809687220984,0.0
1.0406310516196684,0.0
1.0895097384795784,0.0
0.8451445352229685,0.0
0.9515847014499785,0.0
0.9843339069536589,0.0
0.9631837746374488,0.0
0.9728465168555088,0.0
0.9748552083882687,0.0
0.9132366952658586,0.0
0.7339149267484686,0.0
0.9591291040858687,0.0
0.5866286559009388,0.0
0.4009124725420687,1.0
0.32707228663696886,1.0
0.27959312108817896,1.0
0.5432982904270587,0.0
0.30497568195356867,1.0
0.22835508037281854,1.0
0.41740750901033846,1.0
0.9491106635336087,0.0
0.9708399103833587,0.0
0.8485999145518789,0.0
0.9720852686358988,0.0
0.8428840354536887,0.0
0.8861596641121585,0.0
0.9840043197773185,0.0
0.9599259657674886,0.0
0.9733013078377184,0.0
0.8510889741673187,0.0
0.9457022232706389,0.0
1.0186221988691289,0.0
0.970936268756069,0.0
0.9648456637175592,0.0
0.8858751648493293,0.0
0.9055639090321697,0.0
0.9739759990347393,0.0
0.8351340992980093,0.0
0.8583896414342594,0.0
0.8506196842665992,0.0
0.9227634409035094,0.0
0.7719185047709993,0.0
0.9169469497992891,0.0
0.8800731613572991,0.0
0.9790150645357792,0.0
0.8579607588694391,0.0
0.9042781411725689,0.0
1.0486057640594788,0.0
0.9772355802651187,0.0
0.8657737575432487,0.0
1.0691145387759187,0.0
0.7673335036694487,0.0
0.9070492428024086,0.0
0.8953376930256387,0.0
0.9548493558905486,0.0
0.9379086421255285,0.0
0.9852638376333585,0.0
1.0038046734736383,0.0
0.9693845370878083,0.0
1.0051264392911683,0.0
0.9832683518371084,0.0
0.8817430751409684,0.0
0.9367289940529283,0.0
0.9548797313195282,0.0
0.8156928021481681,0.0
0.9078681641521682,0.0
0.9604841618945683,0.0
0.9368003423528882,0.0
0.9616100054931381,0.0
0.9960990561823584,0.0
1.0554223079168183,0.0
1.0818671580524384,0.0
1.0495157456407884,0.0
1.0653255062265885,0.0
0.9452241887359385,0.0
0.9729578580741185,0.0
0.9747565973694288,0.0
0.9990150796705386,0.0
0.9560891104968685,0.0
0.9944647288268587,0.0
0.9886016413345584,0.0
1.0198472388100686,0.0
1.0010731940357085,0.0
0.9140598004335885,0.0
0.9500290185038688,0.0
0.9473916103863088,0.0
0.9511400277301987,0.0
0.9586599981408586,0.0
0.9130787132741688,0.0
0.9635936820911286,0.0
0.9310608223705885,0.0
1.0309895974346484,0.0
1.0881257759061582,0.0
1.0073768686718683,0.0
1.0473512776162681,0.0
1.0332535542435883,0.0
0.9246316424904982,0.0
1.0859557328696583,0.0
1.0578263556824383,0.0
1.0207038257813585,0.0
0.8271895826769584,0.0
0.9990526859520483,0.0
1.0171076744043483,0.0
0.9745355513096483,0.0
0.9840054194095682,0.0
1.0868445915490483,0.0
0.9444482719633082,0.0
1.0533726486841681,0.0
0.993045389522888,0.0
0.945790964871498,0.0
0.9960241313321181,0.0
0.9584847834167981,0.0
0.9450458272518082,0.0
1.1087772529612683,0.0
0.9992471575423282,0.0
0.9797409177443082,0.0
1.0808679506093883,0.0
1.0276832327868282,0.0
0.8866955241786281,0.0
1.0931382002296979,0.0
1.047688828421548,0.0
1.0607843216883277,0.0
0.9849439643620079,0.0
0.9590678051136879,0.0
0.9849280299362779,0.0
1.0088068305379778,0.0
1.0464920959244477,0.0
1.036875931701798,0.0
1.027525456165868,0.0
0.9815963914551481,0.0
1.0054261713800483,0.0
1.0107557064352282,0.0
0.9506585962338481,0.0
1.009769438986238,0.0
0.9341723455153279,0.0
0.932001417222198,0.0
0.8630082282138781,0.0
0.9562059657519881,0.0
1.0090335763318183,0.0
1.0051695150431983,0.0
1.0217156552049385,0.0
1.0195868721195884,0.0
0.9572753106451383,0.0
1.014130628337238,0.0
1.0240338745644282,0.0
0.9345910840041778,0.0
1.008196808452888,0.0
1.061712037717328,0.0
0.9383604751167278,0.0
1.1049388821516777,0.0
0.9667792492780676,0.0
1.1522533207566674,0.0
1.1767109596353473,0.0
1.0955498516248272,0.0
0.8858437180724571,0.0
1.027101462364247,0.0
1.037991017027557,0.0
1.054123726371067,0.0
0.8957303629824267,0.0
1.0044891012850068,0.0
0.9634631742498165,0.0
1.0390702264531966,0.0
1.1066834305183066,0.0
0.8282682384982567,0.0
1.1144175884711065,0.0
1.1563055984668766,0.0
1.1521780212439166,0.0
1.2056121434077365,0.0
1.2382383022531964,0.0
1.2187675503967665,0.0
1.1492152540392964,0.0
1.1116954089171864,0.0
1.1984196387444364,0.0
1.1183511860208264,0.0
1.067779396185656,0.0
1.124355326685346,0.0
1.1410543150417862,0.0
1.178826133962966,0.0
1.2194925830595962,0.0
1.1647571624730964,0.0
1.2292897595512664,0.0
1.1649857144957865,0.0
1.1841142226748467,0.0
1.1034679067086166,0.0
1.1677295372138268,0.0
1.1057924595531967,0.0
1.1437017187112668,0.0
1.1381631559081467,0.0
1.1948709462397566,0.0
1.1097185059561567,0.0
1.1547043611410368,0.0
1.153454052004077,0.0
1.1440962626414568,0.0
1.2007396005574666,0.0
1.0330984481240468,0.0
1.0297436354385168,0.0
0.9940903278451265,0.0
1.1149850651068964,0.0
1.1258636704029663,0.0
1.1080824612425861,0.0
1.0738592484895662,0.0
1.1248782825388464,0.0
0.9468654865723263,0.0
1.176725793199286,0.0
1.1100726633738258,0.0
1.1932490081424758,0.0
1.1879044430451857,0.0
1.2216439881005956,0.0
1.1162971904295056,0.0
1.1964249044265256,0.0
1.1284087120790756,0.0
1.2539963692521057,0.0
1.2924876148285156,0.0
1.2043118702452655,0.0
1.1597630536864854,0.0
1.2938038938051555,0.0
1.2780352155932058,0.0
1.2500725006240658,0.0
1.240878478782236,0.0
1.013057279841056,0.0
1.204233979771446,0.0
1.1435308782329363,0.0
1.149133149060576,0.0
1.211854534769216,0.0
1.0666183334404162,0.0
1.159389013180546,0.0
1.167922818695736,0.0
1.175096793758216,0.0
1.1486632351904364,0.0
1.1842979418522261,0.0
1.1631128817507763,0.0
1.137844064914866,0.0
1.156977950862506,0.0
1.200639642316026,0.0
1.1428030026243858,0.0
1.211322918794676,0.0
1.226913757264686,0.0
1.213050099507306,0.0
1.233058528368236,0.0
1.1727218744609962,0.0
1.1858160068422663,0.0
1.1367978580170464,0.0
1.165418982747306,0.0
1.132175286107306,0.0
1.1475556901332258,0.0
1.0809650717174861,0.0
1.162306222609386,0.0
1.1012044147009163,0.0
1.227135968667286,0.0
1.192434910571376,0.0
1.225554218777136,0.0
1.2217139186832862,0.0
1.1635097846098663,0.0
1.1565428790907362,0.0
1.172176629304026,0.0
1.0937421435928962,0.0
1.2125655378291662,0.0
1.1305614604131065,0.0
1.231532171136346,0.0
1.200167879105616,0.0
1.2490833173504161,0.0
1.1041263214420458,0.0
1.108144636157816,0.0
0.9589049993753661,0.0
1.0750983996191763,0.0
1.1850253905175563,0.0
1.103383605293956,0.0
1.0579983558861064,0.0
1.021431046798626,0.0
1.041799373499006,0.0
1.041121855064196,0.0
1.088171601175016,0.0
1.1859079707515958,0.0
1.189985013235066,0.0
1.2255631138209457,0.0
1.208551783782196,0.0
1.2709890060911457,0.0
1.200237913696116,0.0
1.197141544612046,0.0
1.2316787862830758,0.0
1.1452994281974758,0.0
1.2601541641668257,0.0
1.1561491109757958,0.0
1.249940629947916,0.0
1.2933542364510258,0.0
1.1674962747278257,0.0
1.2399292351557758,0.0
1.2435694206397256,0.0
1.2861263315209557,0.0
1.1639713493520853,0.0
1.1162988403831855,0.0
1.2301147278062654,0.0
1.2900291494961953,0.0
1.2669588942550254,0.0
1.2315928299785652,0.0
1.1862897917612354,0.0
1.2697208759311553,0.0
1.3026133181086152,0.0
1.2088957224611454,0.0
1.2824825403379454,0.0
1.2346461160645654,0.0
1.2660473195118453,0.0
1.2614179126369551,0.0
1.274212958889215,0.0
1.2236246687502554,0.0
1.2239416790560653,0.0
1.1950249558924753,0.0
1.2416029632965555,0.0
1.2406173434506456,0.0
1.2975955731709554,0.0
1.2102707274834055,0.0
1.2065501877259257,0.0
1.2600559891897856,0.0
1.2561957523261953,0.0
1.2703610743106952,0.0
1.0957669365727856,0.0
1.2455848763743156,0.0
1.1576822421056954,0.0
1.2003992292843955,0.0
1.2389658506559955,0.0
1.1916749971553056,0.0
1.2655909930727454,0.0
1.2185607981498057,0.0
1.1955339223362556,0.0
1.2283157928533655,0.0
1.2233812286415455,0.0
1.2158194601586054,0.0
1.1885255272239954,0.0
1.2671273411778154,0.0
1.1942418903268355,0.0
1.2165483855285355,0.0
1.1565386704581853,0.0
1.1646483307824853,0.0
1.229535273220055,0.0
1.2815631240434353,0.0
1.2208347393513352,0.0
1.2310411110717054,0.0
1.1392436309119756,0.0
1.0033294774754755,0.0
1.0733516004701056,0.0
1.0306081026666554,0.0
1.0675682039232754,0.0
1.0678662024436654,0.0
1.0484113575222054,0.0
1.2276780681902153,0.0
1.2999355998382351,0.0
1.1817474265882653,0.0
1.2491458462545253,0.0
1.2265420053353753,0.0
1.253264830164325,0.0
1.165293418426295,0.0
1.2336718002132352,0.0
1.246623591792535,0.0
1.2811862119971449,0.0
1.269403333043055,0.0
1.2587352292176148,0.0
1.165412576430595,0.0
0.655530397955425,1.0
0.955951197840785,0.0
1.180543623523605,0.0
1.133770875237035,0.0
1.043006505211785,0.0
1.1204934864922251,0.0
1.078336079937875,0.0
0.8896150632225748,0.0
0.7874648200378747,1.0
1.1223615556406248,0.0
0.8046472520027745,1.0
0.9347990857875548,0.0
1.244281529252755,0.0
1.147896601120235,0.0
1.2297680818768548,0.0
1.1885084639180947,0.0
1.2211951862448749,0.0
1.2621868440964048,0.0
1.2108223710667652,0.0
1.246128208778075,0.0
1.2733037317319549,0.0
1.246407283958225,0.0
1.172409828461085,0.0
0.9819895920888351,0.0
0.9042674960192152,0.0
1.0804576149689251,0.0
1.160938371213605,0.0
1.136077981680185,0.0
1.081627019443135,0.0
1.1336731709552552,0.0
1.1635713783269552,0.0
1.1009311407744453,0.0
1.0715773656795453,0.0
1.1010641329032553,0.0
1.0861238769801054,0.0
1.2005077677836953,0.0
1.2317152539344953,0.0
1.2463571988569453,0.0
1.2542881438539553,0.0
1.2357447739603253,0.0
1.251721862667805,0.0
1.1361701318990454,0.0
1.2517515901911855,0.0
1.2638661962152755,0.0
1.2708866706788855,0.0
1.1778521570616758,0.0
1.2434543945063057,0.0
1.090712255248016,0.0
0.8737141632230657,0.0
0.8891322302197957,0.0
1.0188486589720958,0.0
1.171161556078136,0.0
1.086815023665416,0.0
1.0621693596236357,0.0
1.0616835853121858,0.0
1.104409483224286,0.0
1.1110844601031657,0.0
1.1792832150974955,0.0
0.9917012907056059,0.0
1.1790418232332058,0.0
1.100775189649286,0.0
1.103361939709476,0.0
1.183140337425736,0.0
1.1912903539329058,0.0
1.2062469314520659,0.0
1.215202831796406,0.0
1.204710491082646,0.0
1.1949373611567762,0.0
1.0683339561626561,0.0
1.203632849761006,0.0
1.100617501034356,0.0
1.0519970908575562,0.0
1.003624523067776,0.0
0.981006061109516,0.0
1.131008692769596,0.0
1.047262439099856,0.0
1.0876768020009657,0.0
1.2229160554674054,0.0
1.1436702572656254,0.0
1.1950883383250654,0.0
1.1941531989061656,0.0
1.2003036623495853,0.0
1.2000893643497652,0.0
1.0815685375123154,0.0
1.0887405226652054,0.0
1.2297204559082053,0.0
1.1639101559604152,0.0
1.1676661104583252,0.0
1.258581883295505,0.0
1.2100777580073552,0.0
1.2560065582848052,0.0
1.2565723446640653,0.0
1.1500770769762652,0.0
1.2691819257758852,0.0
1.2720487411624353,0.0
1.1916626218426054,0.0
1.0600916801965055,0.0
1.0335804239066455,0.0
1.1043642328338057,0.0
1.1775255422102657,0.0
1.143876405570166,0.0
1.0977407027710357,0.0
0.9247574518765858,0.0
1.0416681203879357,0.0
1.103672870211536,0.0
1.1620175700318858,0.0
1.143576562454066,0.0
0.6863284668299359,1.0
0.9404004556819959,0.0
0.770549958124856,0.0
0.7056035048865059,1.0
1.147366978199016,0.0
1.239952839315336,0.0
1.137409667066546,0.0
1.2258437713411157,0.0
1.2460136280014356,0.0
1.2128794477245155,0.0
1.2534380813632755,0.0
1.1856514152454753,0.0
1.2148087609117555,0.0
1.1935760685875751,0.0
1.245710858950325,0.0
1.267247335923785,0.0
1.208158342447975,0.0
1.1969449446732452,0.0
1.174264335941475,0.0
1.2651072002287254,0.0
1.2332105909245752,0.0
1.2383522236164852,0.0
1.1282306502522355,0.0
1.1500520056243055,0.0
1.0917078352015555,0.0
1.1191037994920356,0.0
1.1448063085426154,0.0
1.2480574904202355,0.0
1.1840155942869353,0.0
1.2394020083925155,0.0
1.0691505814166655,0.0
1.1716826112606056,0.0
1.1801306393600859,0.0
1.2077462021767258,0.0
1.1252431596894057,0.0
1.1775743617581358,0.0
1.047389956812896,0.0
1.1949245864631362,0.0
1.1436685905404058,0.0
1.195371958455476,0.0
1.1006562985401358,0.0
1.2011619749842557,0.0
1.2229814377487758,0.0
1.207389603406256,0.0
1.1062424776139859,0.0
1.106354625070356,0.0
1.0928715400165459,0.0
1.1868458719672557,0.0
1.186485323180976,0.0
1.1318951901489958,0.0
1.1588354966711156,0.0
1.2152554821009156,0.0
1.1441138931443655,0.0
1.2305709259806155,0.0
1.1466158241053455,0.0
1.2432451470766357,0.0
1.1680324655846857,0.0
1.2034195043374258,0.0
1.113413094552256,0.0
1.170186007035906,0.0
1.2182608544959859,0.0
1.1286235116338559,0.0
1.171949685179086,0.0
1.1610323600919161,0.0
1.162976113447736,0.0
1.193817845945276,0.0
1.135678137476356,0.0
1.2286046184127462,0.0
1.1953322386400962,0.0
1.171927457524696,0.0
1.1355918976211061,0.0
1.1061057275864261,0.0
1.145240139442726,0.0
1.091082617711476,0.0
1.2117045841932064,0.0
1.1539472809788163,0.0
1.1936655325845862,0.0
1.1071471133081765,0.0
1.117627567643346,0.0
1.0923337568281162,0.0
1.122876198738506,0.0
1.211351071069226,0.0
1.231464455488236,0.0
1.0281356498970458,0.0
1.0461376145225358,0.0
1.041389877816926,0.0
1.0583955037592159,0.0
1.098850316284906,0.0
1.0662606134774157,0.0
1.0833085481176261,0.0
0.9796769640264961,0.0
1.0488248886988458,0.0
1.036080027470336,0.0
1.1151442722240357,0.0
1.0681483285769158,0.0
1.102705441573936,0.0
1.1377051488795358,0.0
1.143105249576966,0.0
1.149661484287396,0.0
1.1625526540144762,0.0
1.1387957534063962,0.0
1.143146938968946,0.0
1.192891845352806,0.0
1.093987181341026,0.0
1.154128117475326,0.0
1.194347987566966,0.0
1.098405315479376,0.0
1.188105219789326,0.0
0.9969176959988159,0.0
1.1571865067980258,0.0
1.1165759664262658,0.0
1.1028655107218257,0.0
1.1296449676705258,0.0
1.1082472288379859,0.0
1.1619163650177562,0.0
1.116443088125126,0.0
1.0904674997940962,0.0
1.107524110569736,0.0
1.157713755437046,0.0
1.1362984044396758,0.0
1.1555588761423756,0.0
1.2034830897354456,0.0
1.2324105938475154,0.0
1.2071000615928955,0.0
1.1968544314327751,0.0
1.260534920849485,0.0
1.2010922396957453,0.0
1.2682687085741053,0.0
1.2319651685433655,0.0
1.2589982772954256,0.0
1.2644545057516356,0.0
1.2461515990627157,0.0
1.1671609745440659,0.0
1.2174221863816062,0.0
1.164289713097496,0.0
1.162394683168026,0.0
1.1855220023665463,0.0
1.096054521694646,0.0
1.125472368065306,0.0
1.144831577030776,0.0
1.138920051786906,0.0
1.109725010773936,0.0
1.115170662866786,0.0
1.1680841152586658,0.0
1.176677734238086,0.0
1.211984843392666,0.0
1.157685263017556,0.0
1.155333176270056,0.0
1.1661264489129062,0.0
1.197531152206066,0.0
1.1964795874516958,0.0
1.224134190497036,0.0
1.164995178174666,0.0
1.1929454804056059,0.0
1.169652385236796,0.0
1.1430443892066462,0.0
1.137848100723226,0.0
1.1512662376459657,0.0
1.0912317005642658,0.0
1.0440412465800257,0.0
1.1372204692236356,0.0
1.058069599315346,0.0
1.1548655544425657,0.0
1.160995654574216,0.0
1.1691453319860257,0.0
1.0809295144371756,0.0
1.1047675720114354,0.0
1.0121708014692856,0.0
1.0287910175279955,0.0
1.0308021024793355,0.0
1.1592139483059756,0.0
1.0019602530651053,0.0
1.1414364227814953,0.0
1.1383859263770353,0.0
1.0844606375828254,0.0
1.1507924295346954,0.0
1.1219376139859354,0.0
1.1619819747947755,0.0
1.1910240655455053,0.0
1.1616335275660852,0.0
1.0044895801035552,0.0
0.9087791999880651,0.0
1.1547403353658752,0.0
1.1391294267296554,0.0
1.1056260253789854,0.0
1.0810438243308855,0.0
1.0556004664139855,0.0
1.1354618376656256,0.0
1.0945741142661056,0.0
1.0728254444513254,0.0
1.0642052144035354,0.0
1.0858801990775955,0.0
1.0612026279109557,0.0
1.0962661020812055,0.0
1.1569108991648955,0.0
1.1538982960737658,0.0
1.120319243729876,0.0
1.1603751287475659,0.0
1.167370372857916,0.0
1.1946724202674561,0.0
1.2363798335632559,0.0
1.138167935245726,0.0
1.1965500301503358,0.0
1.233598093873926,0.0
1.204075391801396,0.0
1.1418109109078858,0.0
1.095303011870036,0.0
1.042355619947716,0.0
1.0464651708663062,0.0
1.0509587146646862,0.0
1.0247987950613162,0.0
1.1111635025496862,0.0
1.0270889414071065,0.0
1.1125377792991464,0.0
1.1082954440538062,0.0
1.0801631762199664,0.0
1.0440783698791463,0.0
1.098571679106236,0.0
1.090515083640876,0.0
1.1792576073524361,0.0
1.129670333392216,0.0
1.136324115805126,0.0
1.166058086282826,0.0
1.1214426418201562,0.0
1.1161505773555662,0.0
1.1256438143171863,0.0
1.068745582124596,0.0
1.0864183993204661,0.0
1.0767424458423358,0.0
1.032292159037576,0.0
1.075338682226986,0.0
1.121383411698396,0.0
1.096566026477426,0.0
1.0706198685785662,0.0
1.0988496128679759,0.0
1.046696625022096,0.0
1.078438868198056,0.0
1.051127271992966,0.0
1.083727770727176,0.0
0.999168768691686,0.0
0.9927298120917161,0.0
1.1117856037884564,0.0
1.101857087028986,0.0
1.0754688704150865,0.0
1.0908533560480564,0.0
1.1281522510542066,0.0
1.1304338343096167,0.0
1.0992392720364066,0.0
1.0905367639477466,0.0
1.0656487229526268,0.0
1.1475406485979365,0.0
1.0423122774442466,0.0
1.0332008065336662,0.0
0.9335255114667265,0.0
0.9801106182248465,0.0
0.9749987344410763,0.0
0.9776569574352965,0.0
1.0804770451112462,0.0
0.9271319798519666,0.0
1.0138975598117663,0.0
1.0214084162117962,0.0
1.0857285257101763,0.0
1.0762205447741964,0.0
1.0203036253078666,0.0
1.1317516423303164,0.0
1.1092735994550866,0.0
1.1137294197802765,0.0
1.0416483180944265,0.0
1.0337320156523766,0.0
1.0545385318982663,0.0
1.0179705573744464,0.0
1.1162433202310762,0.0
1.1368163001276763,0.0
1.1408198994656362,0.0
1.0908576965885364,0.0
1.0855774315322462,0.0
1.134076391168926,0.0
1.025708685690736,0.0
1.0165424734103357,0.0
1.1174832388065958,0.0
1.1843230966710458,0.0
1.0371069487852456,0.0
1.0746724360126558,0.0
1.1268082278618956,0.0
1.1601073151827856,0.0
1.0873609599612657,0.0
1.0189639485873356,0.0
1.2054876522939657,0.0
1.1400460712246958,0.0
1.1427661183429059,0.0
1.156861040323836,0.0
1.183228407917476,0.0
1.1281222651429061,0.0
1.223647362380426,0.0
1.220077575193166,0.0
1.231626804361756,0.0
1.2761493018369658,0.0
1.263414836655556,0.0
1.130911219079166,0.0
1.2078814873316657,0.0
1.132545408199296,0.0
1.026992113822816,0.0
0.8615005710756761,0.0
1.140387134056966,0.0
1.1227307240835263,0.0
1.0942069950503963,0.0
1.0683373487142263,0.0
1.0565068697813764,0.0
1.0785470261612566,0.0
0.9213137490570666,0.0
1.0021560644372767,0.0
1.1015457497271568,0.0
1.0393109682356567,0.0
1.120360801160407,0.0
1.0797110605664666,0.0
1.1232917428960865,0.0
1.1137741584799867,0.0
1.1652202273517167,0.0
0.9990832825172167,0.0
1.1373848195560465,0.0
1.1316559315888066,0.0
1.1928960261970065,0.0
1.0814644813698264,0.0
1.1610464960744566,0.0
0.9080063437283965,0.0
0.9607125368485065,0.0
0.8419597408517465,0.0
0.8896861013773867,0.0
1.0421611547329668,0.0
0.9305612036959865,0.0
0.9526171285790563,0.0
0.9463351473320465,0.0
1.0009409073095668,0.0
1.0033180102599069,0.0
0.9431326733592769,0.0
1.0871035463810268,0.0
1.075942513352707,0.0
1.0825184939026768,0.0
1.040570514734727,0.0
1.092931794551407,0.0
1.1082120013886367,0.0
1.0703542567498967,0.0
1.1026567354894667,0.0
1.077645007215327,0.0
1.0836373853953072,0.0
1.115319810239917,0.0
1.072189046213827,0.0
1.024160759189157,0.0
1.0429434097180872,0.0
1.0970007753868072,0.0
1.022878595642117,0.0
1.002913333017577,0.0
1.0606339814860268,0.0
1.089318299688717,0.0
1.062372620881197,0.0
1.067108894407457,0.0
0.977919012739707,0.0
1.031823106124737,0.0
1.0219817765453072,0.0
0.938799594255027,0.0
1.032316353423027,0.0
0.9588824322197071,0.0
1.032167961735757,0.0
1.065797267029307,0.0
1.130340420873167,0.0
0.947516125303437,0.0
1.020282458699047,0.0
0.9720840458759771,0.0
1.0294386430024371,0.0
0.9650855592571272,0.0
0.9964305511927971,0.0
1.136665388289287,0.0
1.102134220301157,0.0
1.1015176090792371,0.0
1.066046511897807,0.0
1.1027018268122775,0.0
1.0773752840622173,0.0
1.1069491638048072,0.0
1.0609472794653572,0.0
1.129267091129017,0.0
1.044405159476427,0.0
1.137080324805667,0.0
1.1644528925724669,0.0
1.1453657360293568,0.0
1.1427278222521866,0.0
1.156244105009987,0.0
1.1148170168545568,0.0
1.117542588944517,0.0
1.135800994909037,0.0
1.157658221533957,0.0
1.133943544177817,0.0
1.115627426964567,0.0
1.179884637205757,0.0
1.1311968639108672,0.0
1.0708835029953372,0.0
1.116197379360887,0.0
0.976164323610847,0.0
1.142440101441347,0.0
1.086991177033047,0.0
0.9659429343175967,0.0
1.0085454293788767,0.0
1.0918023756927466,0.0
1.1074027065339667,0.0
1.017276533622807,0.0
1.0888123438486867,0.0
1.0988305801451668,0.0
1.1791200220568867,0.0
1.1151347019740168,0.0
1.1475025147444766,0.0
1.1317802796170167,0.0
1.101715495251347,0.0
1.150572523617147,0.0
1.1048856401321872,0.0
1.097086536772827,0.0
1.152181836051847,0.0
1.1533704820537671,0.0
1.137200830908987,0.0
1.1549409767109269,0.0
1.0865193038377168,0.0
1.1945995095874566,0.0
1.1387726128399167,0.0
1.0669132521181566,0.0
1.1624176112562066,0.0
1.0748270331296366,0.0
1.0463635919029566,0.0
1.1010901451267767,0.0
1.1896576180621665,0.0
1.1236222738451567,0.0
1.1552062646342067,0.0
1.0467851342013466,0.0
1.0258586086582966,0.0
0.9530557762876766,0.0
1.0131574023293866,0.0
1.0766412180022968,0.0
1.0531754869074268,0.0
1.1355773422577968,0.0
1.0809545914652865,0.0
1.1141491828768768,0.0
1.1341919140122467,0.0
1.0920624635056566,0.0
1.1191161212142067,0.0
1.1264286052824566,0.0
1.1017208335275366,0.0
1.0652389134881766,0.0
1.1444598830155466,0.0
1.0938086074171864,0.0
1.0660636810077364,0.0
1.0805632360581066,0.0
1.1322354610136263,0.0
1.1338971000718265,0.0
1.1124581005644363,0.0
0.9396155897260262,0.0
1.0179627801140363,0.0
1.0938755120582364,0.0
1.0327960349542762,0.0
1.0665445560819962,0.0
1.0437581254696162,0.0
1.1139786372318663,0.0
1.1429622306081761,0.0
1.0773314917388563,0.0
1.132280532522236,0.0
1.231686105096586,0.0
1.125162181259006,0.0
1.2423266227650362,0.0
1.184055285936096,0.0
1.2298819329936361,0.0
1.160568027525016,0.0
1.1525286775359962,0.0
1.0732371407142862,0.0
1.1003417788471161,0.0
1.0925712259190064,0.0
0.9833804813005165,0.0
1.0385655375803964,0.0
0.9278060274570565,0.0
1.0477427815134766,0.0
1.0105164432209766,0.0
1.0239193691898465,0.0
1.0853425427347465,0.0
0.9775962986223765,0.0
1.1283890394475067,0.0
1.0731682329986565,0.0
1.1312113223586167,0.0
1.1269030433309566,0.0
1.1243513819122968,0.0
1.0750445681814966,0.0
1.1258183594454267,0.0
1.0882837483799965,0.0
1.1402968473193467,0.0
1.0916429276710968,0.0
1.097563042044037,0.0
1.074926558077617,0.0
1.082598612598757,0.0
1.046123646035047,0.0
0.9851654902993869,0.0
1.0758659048329369,0.0
0.9467886416380469,0.0
0.962388597332477,0.0
1.0997149872784773,0.0
0.9834967775306672,0.0
0.9731735441379572,0.0
1.0146883724108673,0.0
1.0690177799788674,0.0
1.1079959987256773,0.0
1.1142032904957473,0.0
1.0352203938348072,0.0
1.0759469428374173,0.0
1.108203340232237,0.0
1.116702616191257,0.0
1.071656246904527,0.0
1.0863118380033372,0.0
1.065118265571297,0.0
1.0643501480322768,0.0
0.9625702888373572,0.0
0.971552812856787,0.0
1.089274534673677,0.0
1.0251634270921368,0.0
1.0755889758972468,0.0
1.131656680397557,0.0
1.1467240282128266,0.0
1.1096180315952868,0.0
1.0830576621276966,0.0
1.0594633195490566,0.0
1.0738677254522269,0.0
1.1500864209877366,0.0
1.1559123380469967,0.0
1.1530776374245164,0.0
1.1721852150339764,0.0
1.1702220258214462,0.0
1.1573878458889961,0.0
1.1563520768082964,0.0
1.1059850894500263,0.0
1.1331696399308964,0.0
1.1711628329824764,0.0
1.1284834800338062,0.0
1.1601770781254162,0.0
1.1692358470554762,0.0
1.1469874971245262,0.0
1.2192134884366563,0.0
1.1917747044150064,0.0
1.1329710190046964,0.0
1.2065054090272365,0.0
1.1509002867973066,0.0
1.1713148012383965,0.0
1.1507879471116467,0.0
1.1469528174844366,0.0
0.9799088197675865,0.0
1.022524645984047,0.0
1.0842153694734367,0.0
1.0752480911163365,0.0
1.1447527622958864,0.0
1.1164150799626966,0.0
1.0795600398335965,0.0
1.0478142294049466,0.0
0.7635662713350765,0.0
0.9325381110686866,0.0
1.1553447388253368,0.0
1.1604084291571266,0.0
1.1414504146903266,0.0
1.1162928887254766,0.0
1.1695301794812567,0.0
1.1951217526600668,0.0
1.2037703632655665,0.0
1.1873496745345267,0.0
1.1261369977470665,0.0
1.1881453684052365,0.0
1.1365487890118966,0.0
1.1005149381144865,0.0
1.1731324336930464,0.0
1.0665341237643466,0.0
1.1147116515283466,0.0
1.0781954385087165,0.0
1.1492470199136462,0.0
1.1736610005595862,0.0
1.106649468528906,0.0
1.1323326322061962,0.0
1.1529746696176262,0.0
1.1057298859979863,0.0
1.111362622723596,0.0
1.1555982780951162,0.0
1.1761499518407663,0.0
1.1691622403507562,0.0
1.0901312477087863,0.0
1.1698251888860562,0.0
1.1921121330839062,0.0
1.2035908859434863,0.0
1.1341639057252761,0.0
1.2266227842821462,0.0
1.1958522023840066,0.0
1.1598409426412764,0.0
1.1868786331070362,0.0
1.1515357373768662,0.0
1.2251466125873163,0.0
1.0396512313646964,0.0
1.2065668656028063,0.0
1.1732461925861462,0.0
1.1713551630291463,0.0
1.155511532194076,0.0
1.1461835493805763,0.0
1.213478270322486,0.0
1.1163873025060462,0.0
1.1657135086274564,0.0
1.0754822942822961,0.0
1.1187022290637862,0.0
1.0110897863870663,0.0
1.1420685412678664,0.0
1.1833710509367263,0.0
1.1661621685062464,0.0
1.2184634884908863,0.0
1.2145642578228062,0.0
1.2051424988654762,0.0
1.1108020141803363,0.0
1.133588413195486,0.0
1.0320331725309564,0.0
1.1049185402134358,0.0
1.1492257724589758,0.0
1.0292569948460062,0.0
0.6687183961951961,1.0
0.5055878945088064,1.0
0.6974909569776064,0.0
0.6100729245160166,1.0
0.5628362686375065,1.0
0.9177766055045566,0.0
1.1877127463856865,0.0
1.1111475644711564,0.0
1.0542795658482662,0.0
1.1896848808646263,0.0
1.123131338747846,0.0
1.1148979241747463,0.0
1.176077037184336,0.0
1.1905996679077462,0.0
1.041205173091206,0.0
1.069056989763806,0.0
1.088391365671006,0.0
1.1705891171837162,0.0
1.1815320193856262,0.0
