-336.89418093196,0.0
313.44695136431704,0.0
-161.869914235887,0.0
1364.7029597103642,0.0
890.744698657841,0.0
207.08091821459192,0.0
987.851269019631,0.0
1059.78773941286,0.0
906.620541529048,0.0
634.569991797511,0.0
1548.98639830867,0.0
1142.867238816537,0.0
523.024363363754,0.0
-414.231290731463,0.0
1450.562038200293,0.0
873.0477792239531,0.0
805.3994486125761,0.0
1238.6117918670789,0.0
1218.777376828399,0.0
1139.074638762959,0.0
1490.6387024803662,0.0
1317.339626042999,0.0
1103.251934689376,0.0
15.990967844123986,0.0
1588.9263345306529,0.0
1380.8313387585,0.0
1344.9182488735198,0.0
647.658289739472,0.0
1330.6386944522972,0.0
1821.714709499277,0.0
2333.000175328367,0.0
1676.5073238483337,0.0
1936.3119005018139,0.0
1823.7853174275308,0.0
958.815738572629,0.0
1597.885697426571,0.0
1588.135747415631,0.0
1880.447519286748,0.0
2343.5753713561007,0.0
1993.706721290404,0.0
1320.7253159119373,0.0
1369.7298825230837,0.0
1706.158890767457,0.0
1585.2004225222872,0.0
999.1461869912299,0.0
802.360385240913,0.0
1464.529935895654,0.0
1626.9438407405942,0.0
1227.6489457494079,0.0
1704.403304971061,0.0
1380.3668357495321,0.0
633.5471648010721,0.0
947.2030553201239,0.0
83.96997911696062,0.0
1537.0101168215542,0.0
1898.8604805384011,0.0
422.13142567773605,0.0
-15.644966634287982,0.0
921.1907270076019,0.0
467.6442164156435,0.0
1767.6853930444508,0.0
375.0573212257391,0.0
697.69466613493,0.0
132.785876634266,0.0
-219.06560010623105,0.0
351.591980769872,0.0
-659.4143270602549,0.0
1043.187089428065,0.0
403.83987809692695,0.0
1297.184572493708,0.0
317.652073240024,0.0
-247.17316626647812,0.0
410.3768231528349,0.0
-615.5811974241249,0.0
-840.253593642155,0.0
82.38734613919792,0.0
-496.932589544705,0.0
-435.264453566326,0.0
-571.191835873871,0.0
-1102.5688127050362,0.0
-1124.326323356766,0.0
-783.558986460109,0.0
36.78360148814903,0.0
-1311.249829154695,0.0
-319.870189933883,0.0
-339.92272845624495,0.0
-91.41730446075292,0.0
-973.7191182612291,0.0
-747.647630766116,0.0
-666.536750685219,0.0
-1235.3239381688259,0.0
-143.690281422937,0.0
-156.53700836903704,0.0
-253.01987773583994,0.0
247.20697902433602,0.0
-284.76942218224804,0.0
-1113.6968976184348,0.0
-837.209501437082,0.0
-1154.2673023767618,0.0
-573.3010252950651,0.0
-746.3928730732321,0.0
-342.55034667997995,0.0
-945.3236844283192,0.0
-451.192395019415,0.0
-836.357817847636,0.0
395.295033410671,0.0
22.437435478467023,0.0
53.492627121015914,0.0
-166.683860809529,0.0
466.210837064032,0.0
-855.2215929056549,0.0
-555.2702657577661,0.0
540.850041656612,0.0
-648.993311528355,0.0
-199.48909043204,0.0
-360.754551576974,0.0
-245.856268226844,0.0
-11.9875369193398,0.0
618.400672331377,0.0
195.69105966693505,0.0
-41.65372785373373,0.0
1034.506812162813,0.0
131.37211770940496,0.0
360.61263500163994,0.0
341.355040647234,0.0
853.5066199875861,0.0
363.42395108985306,0.0
316.56796384722895,0.0
171.622784325338,0.0
294.98646197641506,0.0
702.3814618984891,0.0
548.3695956527649,0.0
1213.4094805315158,0.0
296.468489976416,0.0
1473.04538382257,0.0
662.3392013913631,0.0
1514.0375866610739,0.0
1435.431265865564,0.0
1273.750984279797,0.0
1497.64505537577,0.0
391.137657781703,0.0
2093.874874130743,0.0
447.6875229655441,0.0
985.0089784398692,0.0
515.5950411310719,0.0
864.302324857299,0.0
2546.941188101106,0.0
1299.038286807229,0.0
461.64038116782194,0.0
133.91699285844982,0.0
1396.571621964222,0.0
1134.8334321211819,0.0
1096.519747033659,0.0
614.156709358122,0.0
156.76923709554399,0.0
492.12760941953206,0.0
1723.4732974426292,0.0
815.6553985966291,0.0
368.59272536508615,0.0
2091.266914207319,0.0
1269.090728913219,0.0
1001.732562515666,0.0
1792.177569297953,0.0
1784.89720571918,0.0
781.8697843683881,0.0
2119.326875259696,0.0
730.1298770713059,0.0
37.459339762247,0.0
667.914366570853,0.0
794.3292177603761,0.0
1729.202669378279,0.0
334.83055533095603,0.0
456.257785019493,0.0
-38.184348453633106,0.0
-247.77914304628706,0.0
-293.00058286690194,0.0
215.767624221333,0.0
840.1566854184648,0.0
200.95823103682392,0.0
90.65200383208503,0.0
-1436.6238106779213,0.0
-173.7996513948409,0.0
-521.9880133906371,0.0
-1368.695840575314,0.0
-361.6103140788,0.0
-796.604840666607,0.0
151.67831455771602,0.0
-1119.097357996477,0.0
-999.467949384988,0.0
-1191.977283918148,0.0
-980.251130062738,0.0
-722.244446218689,0.0
-1524.07085844241,0.0
-728.918801050553,0.0
-1743.025876482591,0.0
-1564.683437065974,0.0
-123.16691353276221,0.0
-1625.7535735121742,0.0
-751.734906577293,0.0
-1211.4724037426872,0.0
-675.172792096814,0.0
-6.41726202796229,0.0
-217.20973362073852,0.0
-1134.7085037677,0.0
-2068.279372149483,0.0
511.121873988115,0.0
-483.454336218127,0.0
-551.7635253128801,0.0
-712.449245465752,0.0
-421.62837746636603,0.0
-774.9955763809759,0.0
-443.04476237210804,0.0
-732.125361496069,0.0
-1233.7731205542389,0.0
-66.97584748043101,0.0
115.56300435293561,0.0
-975.267807509996,0.0
-1448.6170662568,0.0
-246.311396597613,0.0
-709.346462661241,0.0
-1575.2827618622598,0.0
-585.8571924160141,0.0
-738.7251162459249,0.0
-525.906888912416,0.0
-1043.99990731878,0.0
482.81256310057296,0.0
-472.411656408681,0.0
-960.3166057746027,0.0
82.66095381070741,0.0
323.5828840925305,0.0
-145.33944063902106,0.0
-1238.277262390136,0.0
-84.06626621056799,0.0
645.612206409085,0.0
379.953952547597,0.0
570.7629924982649,0.0
1003.4840152867739,0.0
270.30774213691893,0.0
1717.570271685288,0.0
1197.315758244604,0.0
1658.367284012208,0.0
1909.975043360238,0.0
1681.0961395805252,0.0
1293.380280603624,0.0
2605.190640703649,0.0
1099.7052854829378,0.0
1819.620981448662,0.0
2178.236434078086,0.0
2291.0662984844657,0.0
3130.918231083293,0.0
2576.5295718269663,0.0
2644.531347278289,0.0
2305.268955865562,0.0
2260.554812083822,0.0
2683.654168770665,0.0
2972.9101902871653,0.0
1094.9022765862371,0.0
2607.8702259202782,0.0
2671.824964740615,0.0
2406.536622865042,0.0
3179.194555173472,0.0
2342.718752911055,0.0
2420.0387224283154,0.0
2918.679862693798,0.0
3262.211583053791,0.0
2622.666752579098,0.0
2388.9018960134053,0.0
1975.0238637044051,0.0
2436.3330228170544,0.0
2235.892698646682,0.0
2729.272198722649,0.0
3068.100154832979,0.0
2511.211249767346,0.0
4247.3066937145295,0.0
3008.375619597166,0.0
3370.144818933509,0.0
1351.488156539316,0.0
2954.318266621082,0.0
1801.55986485608,0.0
2968.271423104332,0.0
2775.7392278053185,0.0
2290.870809635009,0.0
3040.204245014731,0.0
1889.965647929312,0.0
1898.2856554508019,0.0
1475.8045798212802,0.0
1458.739863257062,0.0
2403.961185034795,0.0
2197.856900965632,0.0
2576.028692500639,0.0
1753.036403398594,0.0
2234.117069335186,0.0
2228.0024627975126,0.0
1388.914853152048,0.0
3186.669727772807,0.0
2089.391746383815,0.0
2358.5460478593004,0.0
2388.82228007656,0.0
1636.958036701024,0.0
1563.0614603671042,0.0
2276.83898351844,0.0
1292.4930531095138,0.0
2992.363757803561,0.0
1650.6233741914539,0.0
2822.5846099798123,0.0
2681.220857478031,0.0
1845.2657814323363,0.0
1910.783713410762,0.0
1126.897188992887,0.0
1935.5607682772,0.0
2136.064620289151,0.0
1709.943788190554,0.0
1226.8518455835313,0.0
1072.7058586266912,0.0
1366.112862883072,0.0
1789.509414693989,0.0
913.9264668080118,0.0
1078.4173296578128,0.0
415.43953554711084,0.0
1222.5621773869798,0.0
1777.5224112088376,0.0
1726.9198732229681,0.0
1344.445878508459,0.0
-117.31164819484638,0.0
1149.4881233430258,0.0
998.120670341949,0.0
426.7480673190232,0.0
716.4628769010411,0.0
31.247367726803077,0.0
1016.0462786027042,0.0
625.387311613226,0.0
-24.6880192211529,0.0
515.2451544210872,0.0
1345.7533672306008,0.0
595.4562436255692,0.0
1073.4521776874228,0.0
1093.3153576095249,0.0
762.6294385299459,0.0
751.9035801038211,0.0
841.302496948103,0.0
1580.5469571961105,0.0
524.7212750773572,0.0
1291.3048664600628,0.0
926.2914735902718,0.0
-79.48114191658715,0.0
584.4851649489773,0.0
2045.087194534838,0.0
1514.9412048601962,0.0
2123.527992897505,0.0
2782.037279424197,0.0
2495.7212518647602,0.0
2003.227107142755,0.0
1781.6898155401323,0.0
1411.7571350241592,0.0
2310.049897375732,0.0
1719.531872708445,0.0
702.62287779047,0.0
1465.194543066898,0.0
586.9579228295377,0.0
1594.518148678675,0.0
507.69703394627095,0.0
2558.459413951675,0.0
1575.717299744179,0.0
1893.216066961382,0.0
2103.135780361252,0.0
2593.034606715312,0.0
2829.655872205849,0.0
2968.6091220002863,0.0
2547.927186009583,0.0
2313.945127863253,0.0
3032.329313062267,0.0
3445.5410116756266,0.0
2763.74060018665,0.0
3354.044749321177,0.0
2802.859690141747,0.0
3470.0078528204567,0.0
3716.465543728284,0.0
3600.7845482850944,0.0
3756.105291828591,0.0
4688.713323497034,0.0
4304.787375132781,0.0
4511.518917747161,0.0
3424.911453018821,0.0
4023.4979944034603,0.0
4701.399836721648,0.0
4184.167431876005,0.0
2925.402559193818,0.0
4122.654401968971,0.0
2896.064334823171,0.0
3610.233091515918,0.0
4612.435480496842,0.0
4072.4976348248238,0.0
4441.120458831281,0.0
3988.086261693751,0.0
3594.9841373737036,0.0
3119.190657248224,0.0
4306.556379218166,0.0
3291.44392523658,0.0
2970.9125537805667,0.0
3777.8402016686373,0.0
3840.139210087817,0.0
4230.831814200207,0.0
2822.937474306547,0.0
2879.200342967707,0.0
2804.779493357747,0.0
2628.23257665845,0.0
2568.53768938101,0.0
2540.68728732748,0.0
3548.731642516857,0.0
2186.607665732581,0.0
2419.697102199518,0.0
3047.571851572964,0.0
3231.4851462805236,0.0
2269.011850627371,0.0
2339.585500686416,0.0
2961.200210095758,0.0
3020.642585763481,0.0
2262.417015395519,0.0
1553.5215397216498,0.0
3181.4310707677805,0.0
2828.059572809444,0.0
1599.2291891983452,0.0
1881.5920399082079,0.0
1035.5289242246567,0.0
2232.25337403816,0.0
2870.6725229116223,0.0
917.6107107119028,0.0
1460.4588877293502,0.0
1616.640286638418,0.0
1678.9812779901602,0.0
762.6989124740851,0.0
1951.9010863987285,0.0
809.1861439815482,0.0
1584.5770709354993,0.0
1882.4379388052646,0.0
1421.3709236227262,0.0
1845.9005711521188,0.0
1323.518169954472,0.0
1100.60699309011,0.0
1917.996652117843,0.0
1454.7588943861972,0.0
2637.699520193974,0.0
1797.756865279423,0.0
2130.336089200746,0.0
1780.987019232803,0.0
47.61609117536227,0.0
944.8177657619622,0.0
1603.036838395335,0.0
1841.546505510762,0.0
466.588057551412,0.0
2142.87858627085,0.0
1187.9366521212612,0.0
1275.1317655546973,0.0
876.1735367417748,0.0
1105.7634927849922,0.0
1829.212308635419,0.0
2119.7451009845295,0.0
622.0415322202182,0.0
1265.2253937757623,0.0
2017.136262276058,0.0
1675.1306429552421,0.0
3015.6743364612607,0.0
2580.3085044686927,0.0
2292.907482585939,0.0
2175.587049296871,0.0
2528.156795412135,0.0
2200.895103237013,0.0
2994.053413994943,0.0
3527.899851181322,0.0
3522.9101563740787,0.0
2707.379877604084,0.0
2482.797879959062,0.0
3375.279508776058,0.0
3885.15641698979,0.0
4589.6248749052775,0.0
3357.331608317267,0.0
4479.444852169001,0.0
4619.692767384718,0.0
5213.832393441918,0.0
4762.128615113144,0.0
4656.325145977445,0.0
4435.985323519444,0.0
4845.952945946941,0.0
4997.681619804592,0.0
6531.015946473772,0.0
6782.357514837289,0.0
5294.204616432631,0.0
5014.43543322211,0.0
4567.991466803056,0.0
5967.30461321676,0.0
5149.468025993209,0.0
7158.776145267757,0.0
5352.26146670802,0.0
6068.312517512126,0.0
8242.975373892972,0.0
5615.835175147483,0.0
6412.686223100904,0.0
5674.316977965534,0.0
6620.08862517803,0.0
5843.100780019603,0.0
6237.025670386727,0.0
6046.127528469637,0.0
5438.4425814393,0.0
5952.587689530312,0.0
6346.8901244472145,0.0
6668.546270174925,0.0
5055.426981484416,0.0
5650.984800800365,0.0
6397.379777596725,0.0
5283.400251181802,0.0
4359.07724665784,0.0
5057.804108869168,0.0
5010.153812130047,0.0
5524.928656640908,0.0
5378.988660108105,0.0
5681.780408049455,0.0
5419.766749335622,0.0
5939.365869390909,0.0
5489.003105443439,0.0
6413.914633466627,0.0
5451.640527262243,0.0
5950.059432043343,0.0
5118.356706045686,0.0
5783.275332780314,0.0
5716.69812893081,0.0
4901.249660978008,0.0
5803.073681267244,0.0
6586.785697942911,0.0
6382.9812206915485,0.0
6156.960653173445,0.0
5363.051274112987,0.0
6432.995771400678,0.0
5635.32583342048,0.0
5411.517794084128,0.0
6607.819095142265,0.0
5231.24088563472,0.0
5604.5794971655405,0.0
5927.48118583268,0.0
5354.397731448425,0.0
4658.166211608858,0.0
4530.666081107843,0.0
4747.693976065903,0.0
4633.615462794015,0.0
4439.572288597119,0.0
5218.557923682827,0.0
4276.176076690905,0.0
3877.63607823824,0.0
4358.727415897259,0.0
2826.9141542068032,0.0
4047.3139827861633,0.0
4195.841282007346,0.0
3764.4589229771004,0.0
3379.914628779098,0.0
3872.163869672132,0.0
5029.377030586002,0.0
3897.3285546098678,0.0
2878.9152104499544,0.0
4424.33988412835,0.0
3833.572726861751,0.0
3680.592797223716,0.0
3155.5644850602603,0.0
3660.888227540276,0.0
4052.1784253776113,0.0
3494.401698626485,0.0
3627.352626845824,0.0
4560.403582358859,0.0
3712.886278241142,0.0
3643.8110789565294,0.0
3550.632985942738,0.0
4403.168365600589,0.0
3408.711669561943,0.0
4575.91457568544,0.0
4454.247006823414,0.0
3670.6935285738173,0.0
4427.02604756002,0.0
4549.420369872715,0.0
4377.589525023224,0.0
5215.136488894813,0.0
2978.593714730793,0.0
3604.6729948295674,0.0
3551.5652732490394,0.0
4586.394996787309,0.0
5554.499859039906,0.0
5536.90670445009,0.0
4827.043051610314,0.0
5109.264818196103,0.0
4627.921192529809,0.0
5169.3375345145905,0.0
5057.940546417533,0.0
4653.730933518381,0.0
5118.394611283167,0.0
5144.5604549732,0.0
6183.682030072397,0.0
4944.872687997616,0.0
4438.021240972786,0.0
6208.780306912814,0.0
5562.16934047693,0.0
5841.68896759585,0.0
6504.116299956704,0.0
5673.347026150344,0.0
5971.667264450584,0.0
7173.07422367907,0.0
6712.51863944085,0.0
6648.653282503285,0.0
6207.777151764657,0.0
5862.250492844344,0.0
5724.728262665164,0.0
6468.010355409994,0.0
7859.14100151648,0.0
7080.492424398308,0.0
7230.675769895905,0.0
7363.876078190795,0.0
7150.089775029821,0.0
6637.082408788651,0.0
8737.371708220006,0.0
7224.431829257662,0.0
7316.461926748012,0.0
6393.154113194625,0.0
7381.117898996792,0.0
7394.3308699178015,0.0
7263.045212872405,0.0
6575.2792096415415,0.0
8508.54601617594,0.0
8629.991254527129,0.0
8042.123360838059,0.0
6927.043514993861,0.0
7894.480064344112,0.0
7220.395173482425,0.0
7158.532673189965,0.0
8042.8335439423245,0.0
6611.8477839741345,0.0
6830.764202629188,0.0
6675.289723998588,0.0
7041.763910295098,0.0
6272.927733096965,0.0
6833.036992165991,0.0
7416.092609033385,0.0
7092.891168378108,0.0
6395.640310664465,0.0
7303.884163188502,0.0
5490.275904451761,0.0
6424.971521124988,0.0
7067.316460634125,0.0
6124.114389885468,0.0
6394.213415320358,0.0
5483.792389917055,0.0
6870.826323187615,0.0
5340.758650393501,0.0
6095.574962982205,0.0
6060.840234207125,0.0
6024.003925614397,0.0
5608.997897361344,0.0
6972.127409510755,0.0
5272.399086834977,0.0
6247.665475217989,0.0
4448.853720198034,0.0
5834.778284212849,0.0
5904.469486685945,0.0
4838.445104344838,0.0
5740.357023670927,0.0
5473.522377128736,0.0
5895.684763696605,0.0
4986.300403480232,0.0
4858.96436866713,0.0
4233.766172257362,0.0
5099.884006264934,0.0
4634.921305942318,0.0
5547.702505439993,0.0
5168.916854446876,0.0
6408.833000191729,0.0
4559.163233068493,0.0
5789.4401265977085,0.0
4832.967496078688,0.0
4437.683402840727,0.0
5646.78395893122,0.0
4540.400129467989,0.0
4863.595170027607,0.0
4888.747853799189,0.0
5254.254696133287,0.0
4729.963726663542,0.0
5716.138012201715,0.0
4350.96215940772,0.0
5258.858287067494,0.0
5229.290379462552,0.0
4725.201108037862,0.0
5223.653172788182,0.0
5258.141722968625,0.0
6022.017721299481,0.0
6509.887722741124,0.0
5002.180968225882,0.0
5969.423454832768,0.0
5329.345654545119,0.0
4484.946432613004,0.0
5186.755554172524,0.0
5894.779041137868,0.0
5912.12135099433,0.0
4431.950789585798,0.0
5989.486786850548,0.0
6226.243139043089,0.0
5770.034095946238,0.0
5481.308425752998,0.0
6997.810875882246,0.0
5815.643609737874,0.0
6063.038118065499,0.0
5670.552969712029,0.0
5624.366613575471,0.0
5465.9870580941215,0.0
6001.03467772805,0.0
7041.270595765579,0.0
7194.162824618801,0.0
7170.163817335122,0.0
7099.541942149621,0.0
6209.806959371765,0.0
5887.532188675362,0.0
6447.515800951852,0.0
5529.719980406869,0.0
6602.531573447752,0.0
7742.249718999001,0.0
7121.389522606699,0.0
7576.562152431881,0.0
7179.747509731134,0.0
6422.953044882128,0.0
7850.522493696457,0.0
6789.65519319227,0.0
6362.341176054981,0.0
6847.965293686664,0.0
6176.497301703471,0.0
7514.962023997061,0.0
7229.746472610174,0.0
6673.978690970077,0.0
6777.373282578294,0.0
7584.6401786805545,0.0
6672.050607482141,0.0
6608.124510038944,0.0
7531.260072712281,0.0
7215.177760189526,0.0
7842.055959830641,0.0
7112.503038599514,0.0
7876.593942165264,0.0
7368.799779166887,0.0
5888.428763600037,0.0
6514.781346587824,0.0
7789.904813900607,0.0
7460.196397728227,0.0
6414.2060246929195,0.0
6192.14544224028,0.0
7594.241557180107,0.0
6435.42717237134,0.0
7685.257299186804,0.0
7637.054911604593,0.0
5992.0864191323,0.0
6418.6414370837865,0.0
6157.693977212286,0.0
7285.910144532085,0.0
6314.318284486641,0.0
5996.559817647638,0.0
8137.4613856790675,0.0
7667.780652177835,0.0
7507.113682064395,0.0
6780.887830345941,0.0
7207.029774689288,0.0
7348.0402054840415,0.0
6253.408408704591,0.0
6947.391201897849,0.0
6904.961895611552,0.0
7791.396124581279,0.0
7287.853209825686,0.0
7562.581102074497,0.0
6737.149687575199,0.0
5851.226272316382,0.0
6332.786309104778,0.0
5543.789859188195,0.0
6875.195840464528,0.0
6932.281392639971,0.0
6061.494732004831,0.0
5359.648850659754,0.0
6274.558445799288,0.0
5559.27979987924,0.0
5074.018787424324,0.0
5827.483442432635,0.0
4882.906886662214,0.0
5720.5568978506835,0.0
4450.496480449118,0.0
5199.34230811237,0.0
5282.259334123127,0.0
4164.402139373909,0.0
5056.095185039622,0.0
4601.591160470107,0.0
5123.508835373828,0.0
4294.832304375735,0.0
4505.605723083217,0.0
5406.730161228044,0.0
4859.93358367246,0.0
5327.687981604918,0.0
4744.402713481827,0.0
4428.152003749763,0.0
5104.1564521034325,0.0
4440.505636133371,0.0
3831.5771977654585,0.0
6005.359391622119,0.0
4925.582793506397,0.0
4398.843591546174,0.0
5802.274000610082,0.0
5274.128780924419,0.0
4840.952685836111,0.0
5229.201027637087,0.0
4987.345248998405,0.0
5652.9811534833525,0.0
5407.014333815759,0.0
4118.043435366718,0.0
5285.515853680386,0.0
5532.9729274338315,0.0
5685.635682720947,0.0
4199.899741112032,0.0
5302.825574381077,0.0
6558.315613621495,0.0
5842.386103636138,0.0
4412.991522513679,0.0
4366.288755233562,0.0
5598.465412584734,0.0
5442.689177310938,0.0
5991.159295704014,0.0
5565.807242329077,0.0
5659.235538072914,0.0
5652.926616567117,0.0
5854.079979199744,0.0
5288.548145160789,0.0
7186.710213725094,0.0
5228.011527454459,0.0
6059.072250258594,0.0
5849.973956183664,0.0
7329.9249464157,0.0
6978.549978893941,0.0
6200.92342733443,0.0
6554.832248266464,0.0
7282.370328778011,0.0
7932.73411526605,0.0
7091.634421234688,0.0
6431.8260964186875,0.0
6665.261151599785,0.0
8210.349480531837,0.0
5930.683605800061,0.0
8627.168028207194,0.0
6753.1505841008275,0.0
6702.232495710878,0.0
7083.900584664378,0.0
7551.170841765057,0.0
7254.402660106967,0.0
5937.59885898087,0.0
7360.551239770227,0.0
7447.107336288237,0.0
7455.02199104395,0.0
6567.06056459964,0.0
6001.196913144677,0.0
6991.853401750999,0.0
6807.771146585586,0.0
6780.05916503745,0.0
6550.254240536703,0.0
6854.590027563393,0.0
6901.2575222620435,0.0
7496.088024840374,0.0
7590.913502458503,0.0
6479.614776050136,0.0
6862.252575342753,0.0
7205.168249626733,0.0
7878.69399593078,0.0
7200.264983931667,0.0
6416.571387398654,0.0
7426.901142569254,0.0
7063.694000805897,0.0
8181.931324324524,0.0
7500.53330146231,0.0
6794.849774494364,0.0
6844.182557643104,0.0
6620.136277596327,0.0
6803.09201842449,0.0
6875.922995680807,0.0
7351.726191744385,0.0
7103.151425939691,0.0
6667.57441434075,0.0
6155.616910642635,0.0
6940.626925569044,0.0
6359.116428193517,0.0
6286.37194184322,0.0
6578.126469965564,0.0
6993.29863350909,0.0
5593.301058012707,0.0
7062.317727770875,0.0
5495.897247603297,0.0
5900.9312616528605,0.0
5941.005562518167,0.0
5735.286305770964,0.0
6568.744627913235,0.0
8171.748164814095,1.0
6033.524970276874,0.0
5601.771232077854,0.0
5175.066902539296,0.0
6272.160995775581,0.0
4287.385737597798,0.0
4936.78093501272,0.0
4465.564590225324,0.0
5213.536246220597,0.0
5334.5186678334885,0.0
4536.274754170011,0.0
5582.373625554311,0.0
4763.138266560772,0.0
5637.696044097328,0.0
5507.906675309762,0.0
5867.772126336004,0.0
5078.151380119807,0.0
5746.10829630432,0.0
5284.938048832797,0.0
4585.201742333525,0.0
5310.817281736535,0.0
6175.779991491156,0.0
4721.662045658093,0.0
4824.1831805042375,0.0
5169.1209132275035,0.0
4683.696486088057,0.0
5587.43807983226,0.0
4946.346347774101,0.0
5818.78306257949,0.0
4906.750052528244,0.0
4127.642396636034,0.0
4860.127998950086,0.0
4298.297778854386,0.0
4287.801768126588,0.0
4903.528646219904,0.0
5552.346659583394,0.0
5141.758157926176,0.0
5443.635033552847,0.0
5413.29072196395,0.0
5014.397130083943,0.0
3864.051848562739,0.0
5653.153015409687,0.0
6457.426043519867,0.0
5379.1779162427465,0.0
4816.119100815914,0.0
5282.2361075210865,0.0
5044.972717774449,0.0
5599.047955411027,0.0
6195.507184227814,0.0
6372.037958055044,0.0
6105.058931556185,0.0
5547.848070540184,0.0
6704.70878326052,0.0
7070.382007184731,0.0
7771.312115143218,0.0
6226.48979239713,0.0
6961.792741917778,0.0
7562.361072073665,0.0
6928.414476529905,0.0
7213.483582492368,0.0
7254.104989246045,0.0
7001.111687405328,0.0
7370.780014931735,0.0
8005.615068815592,0.0
7907.045548918669,0.0
7362.1766741522915,0.0
6329.186836653065,0.0
7306.286313693192,0.0
7647.039924530456,0.0
6351.990087433125,0.0
9095.768038281323,0.0
7278.562383285629,0.0
7365.695552079502,0.0
8960.235275822779,0.0
7025.676705076659,0.0
8509.793638919902,0.0
7955.5994846784315,0.0
8280.667812142516,0.0
8397.695588967708,0.0
7560.434396399505,0.0
7578.060879435809,0.0
6487.165208462315,0.0
7597.499411619885,0.0
8328.087058910634,0.0
8260.917590897598,0.0
9217.160930679445,0.0
8012.885556024108,0.0
8082.256225116871,0.0
7721.498373430954,0.0
7263.470004538107,0.0
7909.810536224606,0.0
7729.906682896487,0.0
7655.021425849904,0.0
6975.042287730297,0.0
7493.777416331044,0.0
7762.697352204026,0.0
7662.920840513707,0.0
7125.538067992195,0.0
6839.895755947437,0.0
7291.748212344501,0.0
7391.5747241285735,0.0
6832.672931856454,0.0
6538.435549861443,0.0
6170.083895193093,0.0
6220.564388654537,0.0
5444.318052778919,0.0
5938.251082388906,0.0
6861.369386142726,0.0
6915.318542177103,0.0
5772.321311873933,0.0
6422.028635909521,0.0
6273.82540195937,0.0
5264.66530543533,0.0
6666.284091117786,0.0
4985.017035211445,0.0
5137.323249207283,0.0
6144.492131195346,0.0
5376.732329682313,0.0
5618.00502289786,0.0
4788.625230864176,0.0
4949.179812370702,0.0
5857.757240186536,0.0
5644.666875565445,0.0
5220.641591610807,0.0
4758.191424289623,0.0
4692.002602188485,0.0
6466.809477720647,0.0
5270.822384260971,0.0
5679.542321395267,0.0
5637.451450638917,0.0
5580.6230447048965,0.0
5149.5016073590195,0.0
4273.791583925824,0.0
4234.078548765101,0.0
5019.089711524886,0.0
3740.693403173582,0.0
4709.241401003949,0.0
3978.486255865507,0.0
3898.682739855166,0.0
3809.478004241957,0.0
4102.681108449071,0.0
4560.450637289455,0.0
4465.52423339535,0.0
4232.397592470029,0.0
4970.8840359339265,0.0
5270.57181304118,0.0
4521.119813275602,0.0
4797.106829107244,0.0
4579.164906998237,0.0
4060.9734963768155,0.0
3982.2939416611507,0.0
5690.881256181497,0.0
5165.548561520416,0.0
5130.181537878856,0.0
4716.06992503842,0.0
4809.568335979582,0.0
4814.48505969619,0.0
4671.853787510932,0.0
4961.146282050139,0.0
4215.906363491068,0.0
6257.954762026289,0.0
5455.668302438229,0.0
5086.752729847866,0.0
6081.676861234963,0.0
5019.2995670064865,0.0
6490.671499471933,0.0
5423.540476547223,0.0
4454.16785302543,0.0
6658.07601003961,0.0
6743.448434486607,0.0
5923.458225583165,0.0
5655.459749871465,0.0
5638.07176759764,0.0
6697.093447014698,0.0
5790.82376332162,0.0
6418.042906625631,0.0
7157.987571341638,0.0
7470.804272180781,0.0
6637.56615904295,0.0
6950.499039820184,0.0
7225.823784534904,0.0
8086.738317264564,0.0
6569.554796813667,0.0
6149.52445628879,0.0
6217.6548793203965,0.0
7441.5892245024,0.0
7166.4639879934,0.0
7807.829510929857,0.0
7502.258030094774,0.0
7840.713872710254,0.0
7660.092716498397,0.0
7730.5638950811945,0.0
7284.983003582457,0.0
8341.244719864168,0.0
7336.162480099099,0.0
7945.7233942085695,0.0
7563.924547026583,0.0
8324.736088163907,0.0
7899.464632683583,0.0
7210.378774567796,0.0
7262.58285250397,0.0
7070.270705571202,0.0
6009.261461380772,0.0
8057.100343807611,0.0
7708.836025594672,0.0
6573.329207507925,0.0
7317.165810696802,0.0
7224.198302868892,0.0
6323.798734316486,0.0
7717.991041493905,0.0
6885.094824170422,0.0
7222.60208926391,0.0
7306.98235900656,0.0
6511.43187547217,0.0
6420.098998792139,0.0
6935.99867145379,0.0
7225.87998951125,0.0
6903.27214429989,0.0
7055.902410822852,0.0
6663.326627358295,0.0
6854.417912373712,0.0
5739.686792690922,0.0
6937.9724718403095,0.0
5944.066164555152,0.0
5917.392735444386,0.0
5909.165309650468,0.0
5005.431819292007,0.0
5908.789607753135,0.0
5518.010226236847,0.0
5295.6921340271565,0.0
5176.590273221161,0.0
6213.933465537698,0.0
4786.748797541408,0.0
5414.938121574735,0.0
3986.6294496744335,0.0
4752.326170356551,0.0
4639.738693335754,0.0
5675.9889632459435,0.0
4252.991983585084,0.0
4370.608145339031,0.0
4021.187664546404,0.0
4811.211619306741,0.0
5276.900548729541,0.0
4080.6365350367137,0.0
4306.032430426181,0.0
5085.314044390294,0.0
3924.132651085234,0.0
4751.952503164191,0.0
4681.504995282887,0.0
3585.813621176482,0.0
4774.821186519974,0.0
4645.966226868031,0.0
3918.620967298693,0.0
3528.407450121157,0.0
3916.1174369112077,0.0
4545.543482702761,0.0
3645.681427211188,0.0
3058.141408494322,0.0
3848.269600195702,0.0
4336.339718449724,0.0
3288.744557125632,0.0
3652.38586826864,0.0
3260.627973496713,0.0
4129.7005610100305,0.0
3871.898142538868,0.0
3942.076439271468,0.0
3644.186853087959,0.0
3485.6992545951653,0.0
4504.766922060864,0.0
4257.7020207183705,0.0
4135.011407279981,0.0
2536.609088210215,0.0
3627.011045647564,0.0
4775.29254867971,0.0
4326.812998635998,0.0
4080.548980876389,0.0
4551.033779987065,0.0
4506.938299970738,0.0
4362.833418978791,0.0
4829.170836260404,0.0
5447.683511988264,0.0
5361.646119194791,0.0
5569.558881927811,0.0
4922.716071559347,0.0
5493.710703719401,0.0
4443.206294870114,0.0
4836.800175488077,0.0
6305.0113084991135,0.0
5327.014682682291,0.0
5380.535393409557,0.0
5441.680065271305,0.0
6251.337771979535,0.0
7049.732265277755,0.0
6209.114326094405,0.0
5920.089739621875,0.0
7122.124332134737,0.0
5652.425642176757,0.0
6894.087698495185,0.0
6125.008939889295,0.0
5869.656983413485,0.0
7149.2386736945045,0.0
5446.480514603618,0.0
6317.045907913128,0.0
6417.80992126254,0.0
6093.270916887224,0.0
5502.6923675801645,0.0
6095.374518963305,0.0
5650.617281977404,0.0
7716.712271332612,0.0
5851.860828528897,0.0
5758.059049817118,0.0
7448.308727159735,0.0
7731.707992593061,0.0
7165.288147669892,0.0
7186.282087432611,0.0
7713.521540846721,0.0
8097.268932354022,0.0
6495.499328646081,0.0
8209.01126536152,0.0
7481.163864466871,0.0
7059.438424108284,0.0
8062.9416258257515,0.0
7882.692123306611,0.0
8193.260655540369,0.0
7196.571359938702,0.0
7622.345186391564,0.0
7342.726991955505,0.0
6879.495942735125,0.0
8218.615040784422,0.0
7188.989249942686,0.0
7173.477662454921,0.0
7451.648583421262,0.0
7335.4520607372615,0.0
6562.992769616695,0.0
7004.743145858812,0.0
8529.40348069583,0.0
7027.341764234039,0.0
6986.796508185656,0.0
7350.86647217039,0.0
7110.80628933284,0.0
6676.067828596757,0.0
6317.552095035707,0.0
7296.260975975966,0.0
6970.4204854940335,0.0
7098.451036882203,0.0
6474.482528293386,0.0
5667.657513879696,0.0
6663.220033237463,0.0
7847.250349852564,0.0
5690.924411046503,0.0
5876.652474886903,0.0
5614.422141649483,0.0
6203.55941460391,0.0
6941.333250483984,0.0
6040.381790063733,0.0
6051.1159286376,0.0
5423.66287670032,0.0
6088.884289679931,0.0
6547.98203084565,0.0
7010.903705738023,0.0
6573.061152510851,0.0
5195.379383175423,0.0
5200.382822960177,0.0
5610.1547959788,0.0
5223.386556050639,0.0
5327.8170661941895,0.0
4421.847428610393,0.0
4721.257832490502,0.0
4545.716429530006,0.0
4506.9643279862175,0.0
4450.436009194221,0.0
4584.2625027353815,0.0
4914.248943400449,0.0
5236.572616519809,0.0
4462.953586276729,0.0
4123.125615236461,0.0
5584.8343733911315,0.0
5104.263442356095,0.0
4939.351239869005,0.0
5481.757282373765,0.0
3901.016467491988,0.0
5410.228341356111,0.0
4841.095997254374,0.0
4494.87394890709,0.0
4821.587335100167,0.0
4540.110125364948,0.0
4473.821859986328,0.0
3711.57345240601,0.0
4864.436809874771,0.0
5523.584613225024,0.0
5400.458390867958,0.0
4406.114975174397,0.0
4303.441576223697,0.0
4510.863556864377,0.0
5085.869673159737,0.0
5457.190839619974,0.0
4937.578490711024,0.0
5245.3125499909365,0.0
4827.257707001354,0.0
5312.708825588101,0.0
5752.585514152021,0.0
7013.869355730754,0.0
5086.672664820194,0.0
4962.5761863528505,0.0
5503.031503638854,0.0
5252.591080416201,0.0
5891.1273893957205,0.0
5943.668040259798,0.0
6411.541500107762,0.0
5392.357851747607,0.0
5471.4127651759045,0.0
7047.678965837225,0.0
6532.766793959721,0.0
5986.673556514812,0.0
5842.937525360865,0.0
6333.590430951982,0.0
7023.361698694633,0.0
6624.4337881639,0.0
7839.706610185846,0.0
7447.889295543264,0.0
7350.564450713768,0.0
7162.586448475589,0.0
7205.499357405357,0.0
7468.714218588664,0.0
8103.782084774126,0.0
6941.204754759134,0.0
8437.75775169575,0.0
7569.7752609878335,0.0
8063.397466990607,0.0
7673.110653173997,0.0
7011.949142318446,0.0
7823.69727470619,0.0
7318.73477605596,0.0
8161.0073958153025,0.0
7261.233004113939,0.0
6622.807081679672,0.0
7276.5685652110005,0.0
7302.277721700182,0.0
7034.130112403965,0.0
7489.2162251443115,0.0
7292.765293796332,0.0
7521.54390072366,0.0
7774.693359123183,0.0
7088.86337217807,0.0
7975.457418560662,0.0
7676.37986801604,0.0
7495.427444228631,0.0
6249.233608262475,0.0
7290.594461934722,0.0
7116.487262358021,0.0
7835.690480839452,0.0
7950.986794746004,0.0
7818.5903813872455,0.0
6636.923468749832,0.0
6621.010434912036,0.0
7084.556891732611,0.0
6638.53868151189,0.0
6148.866796612821,0.0
7383.520163153211,0.0
7064.6637702627695,0.0
7159.267438191692,0.0
6109.273166212042,0.0
6643.55969899864,0.0
6260.510394539286,0.0
6510.851013636803,0.0
7012.419054751723,0.0
6375.763679688914,0.0
6342.85670268991,0.0
5965.615117745113,0.0
5824.074624237233,0.0
5925.408614054446,0.0
7242.398336955766,0.0
5895.039741522196,0.0
5577.4726914735065,0.0
5486.107351556493,0.0
6097.285675326803,0.0
5899.389928487633,0.0
6184.338958696903,0.0
5696.532903889027,0.0
6122.42114399674,0.0
5984.0830806544,0.0
6245.483772120826,0.0
5752.300662122827,0.0
6172.548394576496,0.0
5480.220662450536,0.0
5981.292062129187,0.0
5484.934439564393,0.0
5163.011983145103,0.0
4972.05767934838,0.0
5080.9774376026535,0.0
5166.90908089034,0.0
5723.172340456664,0.0
5362.377445025903,0.0
5032.383741929283,0.0
4738.307455837144,0.0
6168.982611667993,0.0
5081.244360417297,0.0
4532.124123580723,0.0
4841.67803667682,0.0
5266.838433478496,0.0
5813.021212178923,0.0
5330.529223952113,0.0
5319.236920354566,0.0
4853.985963091716,0.0
5872.796020378323,0.0
5661.05686090527,0.0
6038.65285269846,0.0
6513.3122705714995,0.0
5677.423835840613,0.0
5335.287298164566,0.0
4983.77677390554,0.0
5000.8887400803615,0.0
5006.107742905199,0.0
5620.789133095492,0.0
4820.4630252690295,0.0
4730.805165814069,0.0
5512.665708776066,0.0
6661.163468945553,0.0
6208.108020904143,0.0
5807.409660246686,0.0
6643.334345698224,0.0
6162.898900351313,0.0
6499.80230028515,0.0
6811.485751638847,0.0
7300.33203082159,0.0
7350.515734570443,0.0
7556.94380880877,0.0
7469.093241456199,0.0
