-19.413646152003,0.0
160.36051327417314,0.0
184.41859726450733,0.0
414.17293508955646,0.0
529.0655350594911,0.0
449.36120818394545,0.0
544.3291102492125,0.0
507.08731132364676,0.0
456.418057582853,0.0
580.6105623485247,0.0
589.8383658501419,0.0
704.9274840792947,0.0
624.676930686096,0.0
525.3518054922773,0.0
676.7711251579653,0.0
687.2215591008583,0.0
634.6629872967885,0.0
609.6535099259456,0.0
648.6087252918638,0.0
682.8596287100818,0.0
831.6281236450567,0.0
766.6556876853549,0.0
880.1775862750966,0.0
851.0300617066565,0.0
1063.905020232908,0.0
1173.12776801507,0.0
1199.43550308509,0.0
1186.15996194731,0.0
1341.3831501179018,0.0
1392.7039131502117,0.0
1443.3780548776517,0.0
1516.4363282653135,0.0
1548.9914896089333,0.0
1649.4508023432852,0.0
1522.5932721448034,0.0
1662.2472000045952,0.0
1671.6164553700553,0.0
1787.446318793937,0.0
1728.7874866767052,0.0
1621.5305589585232,0.0
1493.737710509772,0.0
1587.5646841700236,0.0
1513.5555392884419,0.0
1502.4458246481117,0.0
1553.7969721465333,0.0
1443.157178847022,0.0
1562.0013870961734,0.0
1559.0717230510934,0.0
1613.1093833889852,0.0
1624.2417936658053,0.0
1587.5429443295352,0.0
1433.5591279895034,0.0
1338.4479439839317,0.0
1265.1733490228419,0.0
1413.9307118679333,0.0
1498.365429413945,0.0
1293.4132798988733,0.0
1237.4156504061332,0.0
1349.649904952615,0.0
1289.4484879388742,0.0
1328.1518060269252,0.0
1211.0349120577093,0.0
1190.7319273305832,0.0
1027.0164710410495,0.0
1056.4270641804792,0.0
1137.400761983226,0.0
1126.5079665235867,0.0
1178.8000588606087,0.0
1186.9299398142134,0.0
1099.5740315071127,0.0
995.0733043957777,0.0
1004.5813558764924,0.0
992.1761498244693,0.0
791.4218943299796,0.0
727.0529834159286,0.0
818.9749304866443,0.0
642.0455992703996,0.0
501.4146365592549,0.0
349.110846804901,0.0
173.87844644920557,0.0
118.79927115467606,0.0
175.52731911094617,0.0
259.71481863185693,0.0
219.71414859511964,0.0
131.63496004493192,0.0
168.1052354997206,0.0
38.00143861127293,0.0
-156.50250519904483,0.0
-287.0157157377075,0.0
-242.9973213516248,0.0
-417.8511910997055,0.0
-314.55981926415075,0.0
-364.8895008025588,0.0
-327.98923921678505,0.0
-347.072305021869,0.0
-424.26263682261305,0.0
-426.21583007580256,0.0
-545.9146446104892,0.0
-607.2252471860832,0.0
-524.6081986364013,0.0
-666.0753293263531,0.0
-681.8781983734332,0.0
-844.9677082885748,0.0
-943.6089385611066,0.0
-999.8426236300567,0.0
-1052.8565127775883,0.0
-1013.7676225425965,0.0
-1131.9902847666283,0.0
-1171.601174541948,0.0
-1251.55134247686,0.0
-1441.5261653436519,0.0
-1354.31554483081,0.0
-1310.5813500532302,0.0
-1486.898786495002,0.0
-1384.89655047104,0.0
-1498.0328926877119,0.0
-1502.0460745121318,0.0
-1405.92165295146,0.0
-1284.8753488071884,0.0
-1404.23325388112,0.0
-1510.7423673319217,0.0
-1448.6128668343217,0.0
-1588.7982484743934,0.0
-1479.5809454363718,0.0
-1564.6418162787234,0.0
-1525.8835620319833,0.0
-1633.472130005135,0.0
-1713.456444610577,0.0
-1614.5958859124253,0.0
-1680.468460267627,0.0
-1545.6456300718253,0.0
-1440.8762397006733,0.0
-1378.2278479401234,0.0
-1313.0417268980018,0.0
-1125.88357878201,0.0
-1050.6304643442882,0.0
-878.1957728411463,0.0
-848.3316154781065,0.0
-912.5422521284083,0.0
-952.890295043102,0.0
-1067.7612271715877,0.0
-928.8707452077316,0.0
-1071.4296622735235,0.0
-1087.3508076740882,0.0
-1159.508432659112,0.0
-1001.1315215934842,0.0
-765.0137046114355,0.0
-877.8673978118612,0.0
-966.0489576773468,0.0
-1023.9566736003617,0.0
-807.4715705951849,0.0
-768.572801085747,0.0
-624.9184530573972,0.0
-688.257669306254,0.0
-749.5279899596176,0.0
-582.5497393906539,0.0
-363.7748765119407,0.0
-358.3522498992774,0.0
-326.2586797592549,0.0
-169.6615484391812,0.0
-158.8075631614072,0.0
-25.03879608766647,0.0
169.23310066228726,0.0
317.58858471526503,0.0
226.30945196084826,0.0
268.74720809049757,0.0
245.59178394144752,0.0
261.76391818870957,0.0
353.07541628052854,0.0
414.73510992017054,0.0
430.7217201251758,0.0
312.28889552068307,0.0
370.81224103090796,0.0
301.7813849458864,0.0
338.9994104078243,0.0
293.2035655697887,0.0
460.05211031932737,0.0
540.9326197623614,0.0
547.8757712505915,0.0
492.3804258901596,0.0
354.01226257495784,0.0
556.0486087270697,0.0
663.9574882597715,0.0
741.422656729163,0.0
832.036154492213,0.0
838.0208679136831,0.0
1012.3574069191247,0.0
966.3004363234347,0.0
997.767675142655,0.0
1100.2954665035065,0.0
1041.4787684653747,0.0
1074.1839979714348,0.0
952.7207028192131,0.0
1011.5748864588229,0.0
1055.5398068568447,0.0
1165.4582355598866,0.0
1345.365780292948,0.0
1171.8909540888267,0.0
1314.4604424088582,0.0
1287.0467538364783,0.0
1405.4253408534305,0.0
1437.8391160239498,0.0
1326.306339819448,0.0
1354.15665120988,0.0
1378.7037624830618,0.0
1511.0480374870817,0.0
1436.2597526921816,0.0
1412.236346706942,0.0
1471.7778121375434,0.0
1463.8087289869434,0.0
1416.7216932475833,0.0
1406.7421794528634,0.0
1450.1994704325452,0.0
1388.2734120956852,0.0
1328.8023672554234,0.0
1210.9784155180118,0.0
1018.29585092063,0.0
950.30492858793,0.0
1067.7074985431177,0.0
905.716260795842,0.0
810.1578353600031,0.0
819.3714721012,0.0
852.8042250655546,0.0
814.6702850100237,0.0
642.216667899754,0.0
585.7250110232493,0.0
568.1595507287191,0.0
576.3358855286887,0.0
580.1510791585987,0.0
628.2940130505275,0.0
635.0051410379742,0.0
423.0224597062445,0.0
339.2405835597297,0.0
321.80484010218373,0.0
246.96827090889974,0.0
289.15869228901147,0.0
253.90573128805676,0.0
242.91645047662948,0.0
356.9026034074017,0.0
267.14326035255993,0.0
233.84794579432693,0.0
188.88486066160294,0.0
207.96005917340165,0.0
218.46482786915038,0.0
326.9832386737041,0.0
274.79191919907487,0.0
168.6629612817261,0.0
225.02086950728585,0.0
177.16278869258883,0.0
263.1982990372635,0.0
88.25067452212181,0.0
-49.762019437867025,0.0
-209.7560934537256,0.0
-260.2968637295527,0.0
-373.6526710123315,0.0
-401.9463698946724,0.0
-552.7595863417114,0.0
-598.6648572776342,0.0
-543.5175416848915,0.0
-505.36437330891954,0.0
-496.9398293452598,0.0
-669.8665047483814,0.0
-697.2461114059315,0.0
-789.522574684983,0.0
-888.5401001880148,0.0
-859.421906162903,0.0
-804.8202404122112,0.0
-849.4088436989814,0.0
-841.5467495412615,0.0
-778.1354557821096,0.0
-672.612168505768,0.0
-664.706756616518,0.0
-614.5959781397161,0.0
-612.9643963568279,0.0
-597.1149510070562,0.0
-669.4000511878979,0.0
-875.6667291157196,0.0
-780.8631003775297,0.0
-841.5494503414495,0.0
-766.9300008804696,0.0
-676.677438470898,0.0
-691.9523120426978,0.0
-725.3056273450097,0.0
-774.0581297563995,0.0
-754.1443811795396,0.0
-847.8099424051115,0.0
-916.039317597503,0.0
-744.6896122179314,0.0
-637.1956774162297,0.0
-494.1548716226579,0.0
-509.066232318448,0.0
-356.15662832469604,0.0
-229.26553531186437,0.0
-148.26899865174266,0.0
85.59239723884889,0.0
-27.00938379134277,0.0
31.456154788865206,0.0
77.79094235038644,0.0
-10.348837097344358,0.0
124.03853580308532,0.0
304.882645442023,0.0
389.66136096506284,0.0
629.4038211781306,0.0
604.7882794169975,0.0
816.3294346508111,0.0
862.3682103412391,0.0
869.4061569762282,0.0
837.6699274348885,0.0
940.1532413127732,0.0
1134.413520665311,0.0
1111.9768512656651,0.0
1236.242488457549,0.0
1175.205019300723,0.0
1224.296764278147,0.0
1299.0806768037612,0.0
1290.1267236333224,0.0
1297.734304793319,0.0
1364.7017347718834,0.0
1383.9226041935374,0.0
1395.8195269609278,0.0
1575.0266184598377,0.0
1536.6504188309978,0.0
1569.6981123250898,0.0
1540.1155728169856,0.0
1666.0101156048097,0.0
1618.545793784069,0.0
1545.9731875661041,0.0
1612.7570903325573,0.0
1531.3357951479625,0.0
1726.6049044983322,0.0
1841.7038895657,0.0
1849.372804774401,0.0
1832.5955711783142,0.0
1830.9041642376906,0.0
1919.277522073218,0.0
1894.0666990498655,0.0
1840.8545403681937,0.0
1948.0259729259355,0.0
2071.6732402997573,0.0
2199.149942704229,0.0
2270.771446489499,0.0
2146.397917953417,0.0
2215.552043999427,0.0
2126.6531558912857,0.0
2090.0702111447954,0.0
2238.1684955725073,0.0
2429.7543223047287,0.0
2413.946819852219,0.0
2461.1887711543286,0.0
2509.074992516259,0.0
2409.455781424297,0.0
2295.7869029521553,0.0
2195.4047154387936,0.0
2084.279309833912,0.0
2043.5880058426205,0.0
1915.3557496927585,0.0
1760.470812169767,0.0
1887.6223235706987,0.0
1827.4264393741785,0.0
1873.1209176574587,0.0
1887.7985132000404,0.0
1897.8708946314787,0.0
1823.1715456788486,0.0
1912.0636079508804,0.0
1901.6381834044005,0.0
1905.2810490729803,0.0
1983.6171034462122,0.0
2054.471021532714,0.0
2091.4204052214154,0.0
2137.2828843570173,0.0
2235.9864503524886,0.0
2224.391344985629,0.0
2057.2980643573874,0.0
2143.8212422651386,0.0
2072.308648929127,0.0
2069.1852543668947,0.0
2131.7389918576177,0.0
2081.118864357378,0.0
2135.9524763259433,0.0
2051.9099731015526,0.0
2073.6398087812013,0.0
2037.0888172577147,0.0
1925.5172948143195,0.0
1909.6779048996937,0.0
1988.769665777034,0.0
1998.707758433616,0.0
1783.2896905301002,0.0
1708.0975041358586,0.0
1584.7298130136476,0.0
1663.367074326622,0.0
1575.9753439672415,0.0
1400.0429540055218,0.0
1458.3579085282695,0.0
1378.4458694866653,0.0
1210.9062671015056,0.0
1129.92552745323,0.0
1053.3494404743835,0.0
850.8917629990262,0.0
870.914813191871,0.0
864.889092132141,0.0
816.758752815342,0.0
788.0874256729819,0.0
657.073233742728,0.0
610.7511799831459,0.0
557.8089301578079,0.0
408.8174211706232,0.0
358.6713993748202,0.0
311.43099946444624,0.0
415.8350180825429,0.0
203.36298365984214,0.0
265.851985894294,0.0
352.3012125320488,0.0
323.57051156375576,0.0
321.74298050828577,0.0
289.4814671125206,0.0
381.4946283979241,0.0
260.6294588587525,0.0
185.70696261528246,0.0
115.3137384188326,0.0
180.56692525917265,0.0
42.935727604650765,0.0
-51.90234433419914,0.0
-58.29347290272926,0.0
-36.322459848277504,0.0
13.477145433742635,0.0
124.36040400844422,0.0
-93.56834261461722,0.0
15.776220649644074,0.0
104.9587601167957,0.0
190.77173461954771,0.0
40.24999770063573,0.0
12.400123867054162,0.0
-55.904580327666054,0.0
-12.269206727465871,0.0
6.031340913883923,0.0
-17.132243693155942,0.0
-78.67242479791753,0.0
-101.32901150622774,0.0
-13.696312930105933,0.0
135.521551147556,0.0
213.31294411779777,0.0
296.2273149367577,0.0
356.27368740849965,0.0
303.1109894429576,0.0
303.8604140534578,0.0
227.11988287812778,0.0
302.8950785795978,0.0
457.85649100361934,0.0
408.1933286957278,0.0
358.8725511255477,0.0
394.8668263626457,0.0
281.6527759669241,0.0
411.9452044896559,0.0
424.70475296072595,0.0
566.0270302237777,0.0
554.723768280309,0.0
611.0454798823539,0.0
474.99447053653114,0.0
553.9289397779602,0.0
549.0640007732376,0.0
664.8357827012201,0.0
695.7208150469205,0.0
716.8912586880506,0.0
747.3805155098865,0.0
879.5236579078812,0.0
1039.2908264435769,0.0
1160.7292080556967,0.0
1255.7843534848807,0.0
1336.4599543238237,0.0
1477.8023541353054,0.0
1573.0293465613072,0.0
1702.372443691092,0.0
1804.7647331006237,0.0
1976.473134308723,0.0
2159.3573484004455,0.0
2231.2116830331042,0.0
2437.849309325367,0.0
2588.0213901396396,0.0
2672.7847652635455,0.0
2788.4032711795744,0.0
2832.2745745974207,0.0
2960.216750916521,0.0
3032.5605660654383,0.0
3089.456326819787,0.0
3224.7972877924262,0.0
3377.0228951484655,0.0
3246.433757237609,0.0
3366.4306120969486,0.0
3384.7393881452026,0.0
3507.7471381468117,0.0
3502.5796018969327,0.0
3749.3565575274997,0.0
3593.952084846973,0.0
3764.0567726539934,0.0
4016.3710453636904,0.0
3900.9713600354303,0.0
3980.2907871146404,0.0
3970.10855900304,0.0
4145.986911326621,0.0
4039.2448176043604,0.0
3997.9247040656983,0.0
4012.5162471589783,0.0
3910.3320856411965,0.0
3870.637514334765,0.0
3822.2481658909537,0.0
3858.9741954859132,0.0
3782.9455348530337,0.0
3831.5604716563635,0.0
3886.8779736398337,0.0
3924.769710255055,0.0
3789.272511905574,0.0
3744.7821255046515,0.0
3746.6526404907418,0.0
3778.7323066100817,0.0
3862.064829479013,0.0
3877.9430084041132,0.0
3950.5650554459953,0.0
4065.9465661342365,0.0
4032.5871387703164,0.0
4167.156043220838,0.0
4191.58320093319,0.0
4206.58248042619,0.0
4052.2537003550083,0.0
4164.00707398848,0.0
4231.915557108472,0.0
4255.009463624664,0.0
4374.630866584946,0.0
4485.641569006547,0.0
4538.258105498269,0.0
4587.830761933551,0.0
4511.993815583721,0.0
4450.13202760839,0.0
4279.610869594177,0.0
4322.654146501191,0.0
4445.5273628594305,0.0
4328.3420135705965,0.0
4218.855266533619,0.0
4105.100216776672,0.0
3938.6857526273084,0.0
3763.958490378685,0.0
3711.766177560689,0.0
3587.051708984041,0.0
3442.30639519145,0.0
3474.2668558281807,0.0
3561.066411463389,0.0
3366.1097016914778,0.0
3292.684860573994,0.0
3177.832982281828,0.0
3038.161361216289,0.0
2964.5197811173593,0.0
3011.276796471995,0.0
2933.288851856196,0.0
2948.8267375281403,0.0
3014.391905455388,0.0
3117.9287890758765,0.0
3090.239441612142,0.0
2886.8202166486385,0.0
2830.430515752977,0.0
2834.1122299219173,0.0
2680.889107887604,0.0
2506.715972242383,0.0
2392.0352527026953,0.0
2362.4928398433885,0.0
2370.3223019103316,0.0
2418.429316978093,0.0
2422.023562171442,0.0
2233.308982632665,0.0
2090.1367108196673,0.0
2128.873230599415,0.0
2131.75210949556,0.0
2029.960220151518,0.0
2144.409418628755,0.0
2004.0369457634658,0.0
1827.1152584126503,0.0
1831.0141866469203,0.0
1800.09811316249,0.0
1753.8962210581703,0.0
1767.1675550008501,0.0
1514.8446270777984,0.0
1610.5788438160503,0.0
1578.0593013164205,0.0
1700.871347595792,0.0
1821.761285800194,0.0
1705.8398116264218,0.0
1552.2389406884704,0.0
1548.6516206533504,0.0
1503.3747866305403,0.0
1609.9380865458718,0.0
1498.9445119321904,0.0
1555.6010239712718,0.0
1664.2206113349039,0.0
1567.6326892963618,0.0
1713.5756546106538,0.0
1640.075928820874,0.0
1610.7511309665938,0.0
1805.3126913998956,0.0
1863.596030809847,0.0
1886.048340687157,0.0
1841.5369485054557,0.0
1804.8258035550953,0.0
1835.0247216806554,0.0
2010.305336870987,0.0
2001.3911862790271,0.0
1926.2224045193057,0.0
1831.576067190704,0.0
1926.7646787244155,0.0
1944.7954954004356,0.0
2015.3214953601755,0.0
2216.091283655587,0.0
2294.468996601819,0.0
2427.961663969251,0.0
2471.1842096317014,0.0
2587.4493033559083,0.0
2597.161059821555,0.0
2667.1506816079936,0.0
2713.981554573751,0.0
2763.183594317489,0.0
2664.5415179649654,0.0
2859.0970877707873,0.0
2907.9900258797743,0.0
2858.7191206877546,0.0
2961.013391554621,0.0
3123.4542023496415,0.0
3274.227171073743,0.0
3294.147338944772,0.0
3193.5635395602653,0.0
3304.2052412125204,0.0
3230.3152996399167,0.0
3283.222008025705,0.0
3390.8311840676724,0.0
3366.165093763809,0.0
3345.2028422961025,0.0
3394.13185406462,0.0
3473.080906700397,0.0
3578.1299337747237,0.0
3759.2506775735083,0.0
3759.2362692940746,0.0
3707.022929273773,0.0
3815.2878515934995,0.0
4015.0907324802433,0.0
3876.0988084549836,0.0
3893.941759109898,0.0
4076.5696814437997,0.0
3985.2371092068142,0.0
4053.645456717485,0.0
4053.398676723712,0.0
4274.839812531122,0.0
4236.806149345908,0.0
4328.432227596855,0.0
4373.466894701502,0.0
4325.814038093555,0.0
4437.260862130297,0.0
4557.877007464531,0.0
4592.470537853273,0.0
4778.619611197964,0.0
4712.879852649445,0.0
4736.634515799073,0.0
4683.048730279101,0.0
4562.407996632989,0.0
4643.638442130329,0.0
4655.814193103939,0.0
4796.475967398881,0.0
4858.661038639102,0.0
4872.3017816811125,0.0
4764.02002135186,0.0
4921.178445799522,0.0
4999.743917304304,0.0
4972.633287963492,0.0
4960.283404434413,0.0
5129.438092917684,0.0
5028.015977315994,0.0
5100.667002193015,0.0
5045.596432934264,0.0
5111.400561702286,0.0
5266.719779169147,0.0
5195.808513332848,0.0
5295.5499243308095,0.0
5193.549169036108,0.0
5108.681517439236,0.0
5152.756025245837,0.0
5098.785012733436,0.0
4907.787773409184,0.0
5027.059901774826,0.0
4999.257433004415,0.0
5033.225457578017,0.0
5122.509077191349,0.0
5183.12485303874,0.0
5101.230027143499,0.0
5183.82263961737,0.0
4967.876552984699,0.0
4891.897686995588,0.0
4722.032825058618,0.0
4721.020870965828,0.0
4715.827476977304,0.0
4709.422002482275,0.0
4753.087143558546,0.0
4527.256543306841,0.0
4474.162899357723,0.0
4526.420362711942,0.0
4446.6765224205665,0.0
4284.325331004119,0.0
4315.5787219353915,0.0
4100.174107679728,0.0
4148.172785714982,0.0
4158.812563595768,0.0
4097.561457251212,0.0
3938.245065350756,0.0
3818.2631597839204,0.0
3818.0667840931465,0.0
3675.685842435192,0.0
3614.206458127398,0.0
3550.0555231634917,0.0
3347.930693223536,0.0
3360.798727625965,0.0
3333.383722212724,0.0
3312.8278667362565,0.0
3224.55875524073,0.0
3231.8577288698925,0.0
3230.104288889771,0.0
3108.521369227556,0.0
2939.001179587841,0.0
2749.829040603318,0.0
2778.028145319792,0.0
2573.654023358024,0.0
2497.963940896358,0.0
2384.7759192957565,0.0
2388.9713388248383,0.0
2418.690962842148,0.0
2265.8017424718973,0.0
2099.0526723471357,0.0
2154.0658114658454,0.0
2160.0581726588653,0.0
2160.489141673457,0.0
2029.1870526911755,0.0
2138.694076919717,0.0
2179.2216887305094,0.0
2093.588221022707,0.0
1932.3608157139554,0.0
1950.0360237389057,0.0
1805.9111956669337,0.0
1699.4511599752439,0.0
1807.1379693543154,0.0
1772.0451816302439,0.0
1738.4788316922838,0.0
1575.1001932903619,0.0
1552.459716072872,0.0
1716.425632284024,0.0
1553.7841887708018,0.0
1531.5794199404902,0.0
1528.5539108130604,0.0
1527.587690302152,0.0
1647.7342356033944,0.0
1639.749462006664,0.0
1804.8907680873456,0.0
1852.079195265037,0.0
1939.0796598160089,0.0
2078.146806155659,0.0
2161.0524686961307,0.0
2172.7833060185208,0.0
2245.4635967845024,0.0
2386.3534048891343,0.0
2330.761170994482,0.0
2297.587078230692,0.0
2460.0731040372843,0.0
2400.0626682926522,0.0
2577.471959974534,0.0
2677.090817432246,0.0
2731.960093011066,0.0
2634.3758964702743,0.0
2534.9803635035323,0.0
2697.8015831341454,0.0
2698.187012718685,0.0
2821.5033101589943,0.0
2782.0104775338114,0.0
2781.7544693891305,0.0
2701.224017996107,0.0
2714.433008844576,0.0
2635.239905295767,0.0
2570.1479482290333,0.0
2668.0051385283673,0.0
2760.439433132626,0.0
2773.3680384376503,0.0
2666.07519512838,0.0
2857.2033286249716,0.0
2828.261102221393,0.0
2913.0582600459065,0.0
3022.0411483425137,0.0
2962.82574345591,0.0
3141.819944627729,0.0
3152.1736077393293,0.0
3130.7447518383974,0.0
3330.8496289147165,0.0
3447.593104981876,0.0
3621.9855824178403,0.0
3644.436612224301,0.0
3772.659408478448,0.0
3956.9831276567575,0.0
3972.560836025544,0.0
4081.482448043011,0.0
4348.8431372449895,0.0
4428.674693802373,0.0
4356.74378880932,0.0
4394.1599494160055,0.0
4410.702476003161,0.0
4340.145581300203,0.0
4497.459345230275,0.0
4434.848910779551,0.0
4422.631036737272,0.0
4356.506526534903,0.0
4320.024116257063,0.0
4422.511792068469,0.0
4470.44033441697,0.0
4602.183391733921,0.0
4638.105002175042,0.0
4638.1010182994205,0.0
4735.953240432031,0.0
4627.641218314409,0.0
4476.351494734607,0.0
4402.166151568936,0.0
4490.247748646605,0.0
4587.760010732367,0.0
4541.154805145736,0.0
4436.536555985014,0.0
4541.696853798186,0.0
4456.632782495194,0.0
4563.494114883195,0.0
4624.183183820477,0.0
4641.530736746396,0.0
4526.780420069245,0.0
4569.6631938265555,0.0
4550.732367796265,0.0
4717.529231844707,0.0
4686.075201916187,0.0
4628.043846792038,0.0
4541.586652114045,0.0
4656.718339537987,0.0
4674.226033582287,0.0
4695.381238698699,0.0
4633.798039819139,0.0
4712.590447488941,0.0
4682.364901060099,0.0
4431.122659930407,0.0
4463.217699199546,0.0
4231.667941760394,0.0
4194.029078623384,0.0
4179.543391598354,0.0
4168.389155412304,0.0
4111.944050892474,0.0
3904.466430068142,0.0
4034.878749922889,0.0
3996.267452450139,0.0
3860.774702964603,0.0
3763.9208628419497,0.0
3775.571888515089,0.0
3693.123613605264,0.0
3724.700791811163,0.0
3582.104042069078,0.0
3427.1486063851244,0.0
3393.2401954685924,0.0
3343.9504558120634,0.0
3325.536624949308,0.0
3278.0199489980005,0.0
3069.883919939868,0.0
3129.3429976085104,0.0
3095.186010631427,0.0
3170.993155772786,0.0
3169.296790533243,0.0
3161.617205612418,0.0
3165.7310218417474,0.0
3000.215482935368,0.0
3102.160786693293,0.0
3101.362007252027,0.0
2917.3533587206316,0.0
2868.2834518695336,0.0
2713.026275705137,0.0
2581.783857335389,0.0
2627.276226997949,0.0
2696.7030365893797,0.0
2725.5387664685422,0.0
2653.509208245335,0.0
2487.0229330913553,0.0
2487.1186323033917,0.0
2318.965033079515,0.0
2181.220639187172,0.0
2065.6808168296943,0.0
2140.8672574724696,0.0
2113.4779837206397,0.0
2251.9781435718587,0.0
2035.811919391774,0.0
1934.2072540077318,0.0
1995.608642249154,0.0
2044.6137864776556,0.0
2063.7579186399253,0.0
3957.1751762543345,1.0
1981.2108552774055,0.0
1933.2784916493156,0.0
1978.647940292747,0.0
2022.098258899777,0.0
1799.7446734673854,0.0
1730.284720800614,0.0
1780.8606813926053,0.0
1721.011063145324,0.0
1809.5137895945154,0.0
1756.2203222283854,0.0
1901.7709499058972,0.0
1942.463472532489,0.0
1991.1045847615692,0.0
2075.3625594976006,0.0
2189.7037524434822,0.0
2240.196436149324,0.0
2376.218963048806,0.0
2267.261016951864,0.0
2146.613355036652,0.0
2109.6021328604706,0.0
2173.654318468981,0.0
2015.598605003199,0.0
1948.629879425327,0.0
1897.4118696728256,0.0
1800.440670654484,0.0
1784.8632055581618,0.0
1773.6580734307918,0.0
1850.8953420894718,0.0
1918.691056704874,0.0
1904.593557628414,0.0
1887.5551799045218,0.0
1980.158447837074,0.0
2014.6958601586139,0.0
2177.6810842048894,0.0
2252.7951964632366,0.0
2177.379099908359,0.0
2235.180000521819,0.0
2183.9987550917117,0.0
2295.104967799546,0.0
2273.07928771441,0.0
2420.48705503328,0.0
2512.394924392549,0.0
2497.295286321533,0.0
2603.6482432390767,0.0
2587.420826742231,0.0
2622.677467441239,0.0
2703.856593209052,0.0
2879.1064933879065,0.0
2939.5856165047862,0.0
2975.0057786356515,0.0
2994.0745336193127,0.0
3202.7032348374973,0.0
3274.9850814751635,0.0
3457.666543536073,0.0
3329.361949213485,0.0
3513.885732436299,0.0
3690.5110110112328,0.0
3705.0049479267786,0.0
3680.692021308515,0.0
3824.2432252301905,0.0
3768.214494131224,0.0
3929.5878676301218,0.0
4105.529203524096,0.0
4238.746797521268,0.0
4163.344777724675,0.0
4059.132557073981,0.0
4251.467836576622,0.0
4224.0865347939725,0.0
4193.066134306165,0.0
4483.505398333629,0.0
4511.422577063927,0.0
4464.951191546953,0.0
4685.838636751404,0.0
4612.014367726762,0.0
4641.5385240188525,0.0
4643.940482099632,0.0
4604.072675899891,0.0
4550.719177923079,0.0
4623.34718432388,0.0
4561.027129767459,0.0
4615.76200420291,0.0
4703.749969563721,0.0
4768.1974528723,0.0
4693.97809827657,0.0
4858.828232129921,0.0
4715.721797329369,0.0
4643.689133269697,0.0
4545.076686434156,0.0
4438.935376227354,0.0
4485.239286917904,0.0
4482.207164135574,0.0
4574.325933826545,0.0
4447.480365814284,0.0
4569.575329895256,0.0
4493.051224873114,0.0
4484.508242217284,0.0
4539.9988879447355,0.0
4425.6136420750045,0.0
4351.470056492822,0.0
4255.147316989141,0.0
4210.22214594813,0.0
4178.48422103953,0.0
4140.54017439986,0.0
4033.5204823471586,0.0
3877.2160161995666,0.0
3974.086168143188,0.0
4002.557540397168,0.0
4070.54241426967,0.0
3977.01905840792,0.0
4075.613568041732,0.0
4035.6461409830117,0.0
3944.686702632812,0.0
4081.395106736074,0.0
3857.612818670992,0.0
3737.387524910845,0.0
3664.692398793788,0.0
3671.1699598539453,0.0
3734.1278732884048,0.0
3643.320805480207,0.0
3699.162563499105,0.0
3705.580689884385,0.0
3737.7829442688435,0.0
3574.610604625627,0.0
3499.433772824225,0.0
3354.957043233213,0.0
3497.453784555032,0.0
3469.0016932471317,0.0
3349.583685869328,0.0
3294.908105146047,0.0
3238.903640958133,0.0
3069.9094043620767,0.0
2966.2544432680384,0.0
2819.1236418503236,0.0
2719.0914551758333,0.0
2500.7470637150036,0.0
2502.3004714306708,0.0
2315.43400331098,0.0
2166.0419345879627,0.0
2198.644855306691,0.0
2162.363279363669,0.0
2044.7977995646675,0.0
2078.345252834492,0.0
2104.5629733682117,0.0
2187.126310281621,0.0
2063.0215989182507,0.0
2061.907556373232,0.0
2029.3249930747593,0.0
1878.2898572046188,0.0
1893.3907397683352,0.0
1752.5397608526368,0.0
1897.5906034449042,0.0
1824.7817177123134,0.0
1781.403293989401,0.0
1626.6071509774865,0.0
1502.3866462487351,0.0
1556.9192170321867,0.0
1422.3355547227552,0.0
1496.4516116415966,0.0
1330.742282837925,0.0
1508.8093012221966,0.0
1434.5909305803666,0.0
1478.2289406273383,0.0
1601.9484452371303,0.0
1427.4807204177282,0.0
1582.4912080551803,0.0
1502.9562654422305,0.0
1431.1090389288104,0.0
1634.349679617692,0.0
1718.339639172144,0.0
1752.6193852205956,0.0
1729.5798585775256,0.0
1814.244839380447,0.0
1962.809413635319,0.0
1818.714346561987,0.0
1855.8650661874071,0.0
1992.8531098537592,0.0
1925.329584824127,0.0
1885.509066076427,0.0
1822.4552767370453,0.0
1850.6008817489555,0.0
1914.5029471236853,0.0
1753.181737860534,0.0
1656.889540788332,0.0
1772.9806651839338,0.0
1775.130538405922,0.0
1784.5934007465019,0.0
1939.7471952770638,0.0
2042.6374292612354,0.0
2093.2473802567156,0.0
2024.8833562188738,0.0
2155.0416095299056,0.0
2075.1589033176597,0.0
2174.221493344193,0.0
2065.7192633362656,0.0
2142.505325806868,0.0
2072.9116547883173,0.0
2070.288177797297,0.0
2183.4038224890305,0.0
2100.481097715381,0.0
2061.314899019556,0.0
2009.3399979724522,0.0
1999.848614185144,0.0
2169.539696448394,0.0
2202.888977161766,0.0
2100.8629898827617,0.0
2289.587773480694,0.0
2339.922041774358,0.0
2253.4590624859215,0.0
2390.1338721971874,0.0
2490.756231621768,0.0
2658.775760825335,0.0
2721.390476452035,0.0
2733.7273164710095,0.0
2786.4651360039616,0.0
2873.9513642497336,0.0
2948.344298589716,0.0
2987.4033283552158,0.0
2962.223440563417,0.0
2905.3750791256257,0.0
3063.725883008013,0.0
3055.497891192505,0.0
3270.2385007151465,0.0
3176.2874494010352,0.0
3136.8692164015292,0.0
3097.5276570455494,0.0
3096.9421925676734,0.0
3289.8887736821557,0.0
3225.1642724762796,0.0
3259.9088649639057,0.0
3208.02718876877,0.0
3403.2062516986016,0.0
3364.4693724347676,0.0
3533.0151716087234,0.0
3399.7428810584515,0.0
3390.41956525611,0.0
3328.933554004008,0.0
3422.517059129018,0.0
3373.2246533180178,0.0
3501.3352843921703,0.0
3509.47898017427,0.0
3580.79764010335,0.0
3631.3687089715395,0.0
3675.6404552180315,0.0
3616.85489753376,0.0
3587.5283643115777,0.0
3535.838112820628,0.0
3686.9200111321998,0.0
3784.1681840962015,0.0
3638.01098269921,0.0
3620.3728171515277,0.0
3707.08668627683,0.0
3665.95185806943,0.0
3550.5771752417677,0.0
3659.6352580926996,0.0
3688.99128695202,0.0
3537.1731891154177,0.0
3583.1345529298596,0.0
3523.385853178548,0.0
3535.1116506419175,0.0
3456.511574867028,0.0
3365.337800481996,0.0
3410.886260716248,0.0
3526.45018479243,0.0
3392.9754350680278,0.0
3367.285531976868,0.0
3318.405932293958,0.0
3184.3288582158866,0.0
3298.011034344148,0.0
3337.20842944198,0.0
3290.52268933936,0.0
3157.4699117318232,0.0
3176.750421727092,0.0
3197.679994428823,0.0
3216.6576590752557,0.0
3245.7058557455657,0.0
3223.2493789892287,0.0
3078.8133672482877,0.0
2927.375534093946,0.0
2809.732108399468,0.0
2790.850306976567,0.0
2821.7290318230007,0.0
2777.3996788612208,0.0
2774.4096882043677,0.0
2658.202328235377,0.0
2448.452384420235,0.0
2320.9200078746862,0.0
2436.8079057266777,0.0
2412.191305608471,0.0
2446.4480608168155,0.0
2481.007867003995,0.0
2467.2869340011125,0.0
2452.98753600534,0.0
2344.9378214070166,0.0
2268.7623311214224,0.0
2187.2551690049404,0.0
2044.2579082760026,0.0
2148.3268917178534,0.0
2046.7006321613494,0.0
1975.2683947026944,0.0
1992.6413111636016,0.0
1748.9289141265515,0.0
1744.8455255255585,0.0
1606.6394468945869,0.0
1445.2767252278659,0.0
1361.107110355596,0.0
1346.122811786552,0.0
1273.155918029785,0.0
1436.744714694536,0.0
1376.7036557705605,0.0
1328.6995563899416,0.0
1475.8236880867175,0.0
1544.162356055935,0.0
1474.560137427075,0.0
1440.5711145434352,0.0
1437.601624758585,0.0
1428.474794663215,0.0
1307.690598892115,0.0
1470.1764474701467,0.0
1312.6983189463651,0.0
1175.0057996288535,0.0
1303.536665965895,0.0
1275.410355178945,0.0
1368.8856155436968,0.0
1207.539888247255,0.0
1130.0853864625335,0.0
1105.7468427959934,0.0
1073.2963222955934,0.0
1237.677504651745,0.0
1086.4704439626535,0.0
1178.068697740905,0.0
1197.771620558025,0.0
1197.282156707155,0.0
1070.4423449869034,0.0
1197.829781100075,0.0
1389.6237684586865,0.0
1319.1741198495167,0.0
1425.9099724138282,0.0
1375.8227718137866,0.0
1384.4878025302567,0.0
1475.3270806496582,0.0
1481.5437849315783,0.0
1566.4857218779082,0.0
1669.8631383131603,0.0
1710.1056485931101,0.0
1618.0579971994982,0.0
1608.5483676081283,0.0
1795.2702759826302,0.0
1903.4014976508874,0.0
1821.8046109809102,0.0
1876.0171193358383,0.0
1906.0931902807774,0.0
2077.546986493995,0.0
2076.617784071337,0.0
2074.2201780348423,0.0
2216.412647006761,0.0
2232.024183403498,0.0
2322.7467683165796,0.0
2402.608850216882,0.0
2392.412784750454,0.0
2513.647484746275,0.0
2399.4295535517713,0.0
2365.025582944303,0.0
2354.3057814878985,0.0
2389.4771327173626,0.0
2453.095758866855,0.0
2459.0228659929157,0.0
2442.992134464551,0.0
2582.0371649613908,0.0
2637.7022907325486,0.0
2601.0359491839367,0.0
2666.146147264253,0.0
2833.27195900046,0.0
2908.3652689289047,0.0
2828.974470831184,0.0
2773.8026983266836,0.0
3003.410273232124,0.0
2938.6316080130528,0.0
2982.1772489284754,0.0
3065.2671107622286,0.0
2934.4910403856325,0.0
2979.623591233075,0.0
2904.435933446067,0.0
3022.992494614688,0.0
3178.73006639659,0.0
3207.028733546267,0.0
3246.1381138382535,0.0
3243.7817301055993,0.0
3258.375665642457,0.0
3242.968224760818,0.0
3180.9667855894263,0.0
3158.3580225424066,0.0
3184.9679404374065,0.0
3227.4230804648764,0.0
3288.9724091441767,0.0
3427.977618665928,0.0
3422.743904608698,0.0
3371.6958629446162,0.0
3459.219349091878,0.0
3596.3709246282697,0.0
3637.60449755837,0.0
3632.578287746768,0.0
3533.7792623406776,0.0
3627.21771514404,0.0
3574.229118351318,0.0
3655.96008283859,0.0
3695.2524799741095,0.0
3789.8652718718013,0.0
3723.76607647724,0.0
3752.5055084010514,0.0
3841.9597013244434,0.0
3923.867199296944,0.0
3974.903098986605,0.0
3930.853662769705,0.0
3816.5863937250633,0.0
3918.8396383265654,0.0
3939.2895073558648,0.0
3986.4534432697365,0.0
4124.111184606449,0.0
4167.71976350027,0.0
4044.010396321918,0.0
3913.2368486814366,0.0
3976.149926925148,0.0
4049.91935890521,0.0
3961.008325866288,0.0
3949.7116191061605,0.0
4089.192295508182,0.0
3909.3741718560905,0.0
3806.1106191092185,0.0
3741.935573335387,0.0
3660.9073829457566,0.0
3571.8797011696647,0.0
3497.3520847541586,0.0
3407.7699644853383,0.0
3399.6030511920267,0.0
3223.173203595834,0.0
3302.179070552762,0.0
3162.115518302723,0.0
3004.4886853823796,0.0
3069.936344486476,0.0
3006.350088156751,0.0
3057.7885611022825,0.0
2927.950873394107,0.0
2926.2712396047027,0.0
2832.18770100279,0.0
2852.2935601398817,0.0
2696.829488891562,0.0
2480.346537252463,0.0
2577.3234553132293,0.0
2513.701110976139,0.0
2501.5354466111294,0.0
2363.9774478847735,0.0
2303.7954482826804,0.0
2275.137832645476,0.0
2131.5930677991037,0.0
2198.4654171505963,0.0
2213.962360862585,0.0
2045.500725782268,0.0
2067.8757137164293,0.0
2093.3351856615436,0.0
1961.245330634952,0.0
1855.810128438684,0.0
1933.4646122010777,0.0
1959.7896714725903,0.0
2023.7066508799983,0.0
2012.2397324097992,0.0
1936.9680335992452,0.0
1988.9029532170687,0.0
1840.3577633199902,0.0
1798.0346947898104,0.0
1680.117549630348,0.0
1724.6702890315282,0.0
1618.2692697445782,0.0
1572.6344548730183,0.0
1632.8953855438601,0.0
1644.1064715424402,0.0
1610.8207523299802,0.0
1607.0966530824803,0.0
1469.8755590801184,0.0
1386.9552394055468,0.0
1364.8080283385266,0.0
1458.6884707563584,0.0
1420.1914411285982,0.0
1436.0465032292682,0.0
1390.1700063550184,0.0
1414.7034079912883,0.0
1475.2505826425404,0.0
1456.6849224301102,0.0
1538.788921617932,0.0
1457.8211633228902,0.0
1559.8245714092018,0.0
1508.5031255839203,0.0
1497.7570513597002,0.0
1490.7443420075904,0.0
1396.599736163348,0.0
1585.4865052859805,0.0
1449.6876834942882,0.0
1437.7605111199684,0.0
1385.7371383448367,0.0
1524.4188866739482,0.0
1671.8033938715503,0.0
1670.8343353550704,0.0
1607.4148378257084,0.0
1701.90221628031,0.0
1791.8870420846204,0.0
1904.0460854269218,0.0
1960.334189130112,0.0
2023.6286487985049,0.0
1922.0785081064073,0.0
1850.1535797333036,0.0
1778.9652893746227,0.0
1730.1127220047642,0.0
1864.0056137106228,0.0
1851.6323654224511,0.0
1941.4749284738466,0.0
1981.8562891303447,0.0
2164.2012262976095,0.0
2368.3719055424904,0.0
2390.379837916655,0.0
2324.924585637861,0.0
2513.2076476193315,0.0
2535.4522587182273,0.0
2696.12404568953,0.0
2855.730474096893,0.0
2843.516948974307,0.0
2806.396206025842,0.0
2960.657192689322,0.0
3006.9939770687497,0.0
