523.484416867388,0.0
184.8389000400811,0.0
953.1589631675815,0.0
1243.19717401307,0.0
1203.3734472661235,0.0
258.53788135089303,0.0
593.370144907504,0.0
709.1613130120105,0.0
681.173446962974,0.0
1975.8555459874924,0.0
1149.7781788210302,0.0
806.1814768330136,0.0
505.426255205211,0.0
697.4025911049375,0.0
755.6737989952995,0.0
768.0938341490745,0.0
869.0408348338049,0.0
222.87077745698355,0.0
814.8677763948026,0.0
169.13202050942562,0.0
849.539247937975,0.0
903.0874306427127,0.0
1057.341001697275,0.0
1356.271317723865,0.0
1247.1125173729474,0.0
1717.4531476184802,0.0
1965.10748862934,0.0
1238.26703379783,0.0
1219.2037225620595,0.0
1759.8135242091525,0.0
1632.2396619885926,0.0
1716.1434979549551,0.0
1740.015555546055,0.0
1851.8236409361675,0.0
2160.458882443495,0.0
2526.777016794217,0.0
2421.8402253098275,0.0
2020.59699745796,0.0
2432.0832928888176,0.0
1530.5199316155051,0.0
2086.396574608712,0.0
1762.563638887945,0.0
1057.9693396773855,0.0
837.6288735645455,0.0
859.487536115142,0.0
604.8438181990755,0.0
554.7961393031891,0.0
1599.118242524815,0.0
1616.9082007727334,0.0
1104.7853018309434,0.0
1229.8168965157474,0.0
660.534536263675,0.0
1513.2107511955323,0.0
103.72111772211252,0.0
555.489796356582,0.0
828.7108209126364,0.0
675.5310959632591,0.0
273.54649708069104,0.0
-418.64512978387256,0.0
-98.02111153971657,0.0
496.57359153850246,0.0
274.54627372739446,0.0
-175.16694396084358,0.0
-127.67128019940003,0.0
-250.57399452515938,0.0
351.53934720354107,0.0
-162.78383051039737,0.0
521.3597126835275,0.0
651.3903158690529,0.0
305.3916529205884,0.0
246.36655236679644,0.0
535.0226351399159,0.0
131.20458985823484,0.0
95.71583822399248,0.0
395.6104526417905,0.0
784.4098384428308,0.0
152.0787149668705,0.0
-189.4111570647899,0.0
-744.9153365382526,0.0
-1184.957019610585,0.0
-914.250992230475,0.0
167.74766486763542,0.0
213.59100613858016,0.0
54.8487250833723,0.0
-228.89774672178987,0.0
31.934774841622584,0.0
423.95483026180506,0.0
-284.54371199009756,0.0
164.05182847340905,0.0
189.95439354764534,0.0
285.59854639228706,0.0
-322.9421181846426,0.0
101.01781939301247,0.0
27.208737833623104,0.0
702.779762443037,0.0
578.4854783016341,0.0
714.2484806613875,0.0
1279.134618619679,0.0
854.2193223148267,0.0
1477.6407642506574,0.0
1246.134085730376,0.0
690.3075371507421,0.0
615.877369122038,0.0
748.624683373218,0.0
352.49441882218804,0.0
915.5486369673285,0.0
466.66231426356876,0.0
1522.3556836552325,0.0
735.7385391631294,0.0
1491.1754275939802,0.0
490.59184435733255,0.0
570.896888238623,0.0
1063.08660785115,0.0
917.5949959049375,0.0
520.192020988266,0.0
1492.7298329484775,0.0
672.1328880628245,0.0
1566.39204734909,0.0
1924.7405404959122,0.0
1614.54133298224,0.0
1341.7312476342572,0.0
1527.2131162329279,0.0
831.5737569835449,0.0
1214.3568193811475,0.0
902.980675105795,0.0
2048.434786644075,0.0
1821.7533965120228,0.0
1116.50126704481,0.0
752.4631804107128,0.0
1050.35675854585,0.0
1913.9903766347024,0.0
1333.012542597445,0.0
1860.785903690475,0.0
1358.3751034066277,0.0
2262.8967632559697,0.0
1802.6515387101526,0.0
1900.322522176225,0.0
1992.989259521355,0.0
1777.2618296450823,0.0
1504.30341701715,0.0
1922.6095625616476,0.0
1607.6155806737875,0.0
1177.1780321492345,0.0
590.4288521355425,0.0
342.3190266752399,0.0
616.5703192544725,0.0
640.741086379805,0.0
629.2860095028325,0.0
716.9112384101397,0.0
-255.3659338843895,0.0
991.42294321701,0.0
-223.27442876295208,0.0
429.1744969229626,0.0
1141.19471998044,0.0
230.27490559405737,0.0
-90.50606931853815,0.0
-194.59876191442942,0.0
321.7107641519825,0.0
-2.07580568839046,0.0
-230.11942334722534,0.0
-24.166667910926435,0.0
-207.29761999826303,0.0
1235.6844581970877,0.0
984.1911045417288,0.0
313.1156393914995,0.0
-13.227947887545042,0.0
-599.9605953434531,0.0
-80.89214672988294,0.0
-653.716340781179,0.0
-987.387782894667,0.0
-85.14196950226335,0.0
-1523.6590678709172,0.0
-1315.419953849738,0.0
-1722.6743996257223,0.0
-1904.1401833120685,0.0
-1536.080516370414,0.0
-2218.5104914637623,0.0
-1709.1913953549456,0.0
-1888.0713363881346,0.0
-2472.835302877035,0.0
-2175.0933799752593,0.0
-2110.027616821838,0.0
-1958.2150030962555,0.0
-1088.4901461355091,0.0
-1271.365232965858,0.0
-1520.825574389408,0.0
-1181.2849567074195,0.0
-1532.1529095413025,0.0
-1290.4663687823954,0.0
-501.9387553027323,0.0
-1157.2993273275256,0.0
-1048.1969296092075,0.0
-468.74052306799905,0.0
-1545.3947065089,0.0
-585.7269958210849,0.0
34.98198898475397,0.0
-854.6063390992415,0.0
-575.5770731754001,0.0
-452.04788854216145,0.0
-425.65578192934254,0.0
-356.18263598550004,0.0
-220.82694716800492,0.0
519.2723826915036,0.0
547.0991471703051,0.0
929.4208268178055,0.0
1333.6519805599528,0.0
627.9049752807815,0.0
1199.4911595069734,0.0
1152.287376726918,0.0
1058.646536201318,0.0
1733.2379045468151,0.0
1455.831092933515,0.0
1316.7990379893395,0.0
1744.3521669410475,0.0
2316.941933694075,0.0
2043.135322366832,0.0
819.870007393678,0.0
1540.53917721991,0.0
2156.9401522825624,0.0
992.773135128628,0.0
2315.20357510809,0.0
1586.80076145932,0.0
2220.7353632080517,0.0
2093.5025381745027,0.0
2658.1054639105605,0.0
1237.3021001629977,0.0
2066.97998157133,0.0
1963.2324381537928,0.0
2620.0922342892727,0.0
3639.353698025915,0.0
2366.3130251274574,0.0
2771.4070573800745,0.0
2539.5273981848427,0.0
3258.6579150389725,0.0
2241.6532536943023,0.0
3091.0133598549355,0.0
3594.598012207335,0.0
3021.7542746244176,0.0
3065.55169208283,0.0
3284.71542534354,0.0
3547.32893300958,0.0
2910.15138846821,0.0
4197.504070483163,0.0
3738.5417545544647,0.0
2740.0505126901876,0.0
3672.13794115353,0.0
4499.0197765286775,0.0
3646.08544377577,0.0
3959.8434749790003,0.0
4195.718494553253,0.0
3241.8234349677705,0.0
3816.2554053182776,0.0
3500.867416410425,0.0
4034.363745029145,0.0
3396.6538904795925,0.0
2936.3457526725224,0.0
2797.7707605781925,0.0
2781.2109248157103,0.0
2319.1139466083323,0.0
2877.441765884135,0.0
2901.7219182723247,0.0
2678.0780139294425,0.0
1906.7697227816725,0.0
2668.31071952219,0.0
2050.1697401236474,0.0
2939.6907812398103,0.0
1280.7414501390854,0.0
1737.7832746408053,0.0
1199.3822818982364,0.0
1882.8608501788249,0.0
2336.9695083792444,0.0
2838.3844906279774,0.0
2114.351737626219,0.0
1511.437619185422,0.0
2041.0672258283191,0.0
2136.0093115896866,0.0
1672.1624051693348,0.0
2085.9375542340167,0.0
1371.610947335117,0.0
771.3378850852168,0.0
2024.7242645096856,0.0
1138.7938302443144,0.0
1590.3661940048557,0.0
1519.39811314948,0.0
1436.4080962473931,0.0
1747.5168744762645,0.0
713.540196903133,0.0
475.3439270437325,0.0
1263.727100575536,0.0
1369.4375208797314,0.0
1731.4026529164355,0.0
2379.35520068015,0.0
1206.3843420241235,0.0
2108.717661330039,0.0
2477.4329337431955,0.0
2478.081437666203,0.0
2000.621300444452,0.0
2486.997181914411,0.0
2300.6411812794095,0.0
2413.574764604654,0.0
2646.4682230536914,0.0
3583.39497900868,0.0
3544.3149422876077,0.0
4135.2827146937425,0.0
3514.403675069896,0.0
3183.9145392097057,0.0
3606.181331530461,0.0
3658.4117397722553,0.0
3825.457376274354,0.0
4061.4040103754733,0.0
3438.521963814063,0.0
4069.8420662729113,0.0
3806.031835744468,0.0
4469.937192850005,0.0
4572.3296391403255,0.0
4924.752317890152,0.0
4244.552244757682,0.0
4857.663656121133,0.0
4358.364277268593,0.0
3792.9341024841497,0.0
4906.384725040162,0.0
4372.1442236862695,0.0
4325.47980050752,0.0
4438.43582344204,0.0
5275.99004035814,0.0
5324.324707643847,0.0
4939.261882349665,0.0
4483.751855643095,0.0
3898.8500808491026,0.0
4819.378641554375,0.0
5472.701016773468,0.0
5416.112557901557,0.0
5027.570527171015,0.0
4811.842535662532,0.0
4644.723389431855,0.0
4987.293382295163,0.0
4636.68056526938,0.0
4898.894795770412,0.0
5040.376325574375,0.0
4895.000390516368,0.0
5143.445699269458,0.0
5486.549279203555,0.0
5193.8633519460545,0.0
4958.535596996083,0.0
4872.130887481702,0.0
5742.110256565435,0.0
5386.919294326277,0.0
5463.232290177797,0.0
5398.873731584428,0.0
4913.725462238597,0.0
5023.299303851774,0.0
5316.130903483802,0.0
4707.81749264035,0.0
3650.9622620341574,0.0
4003.824437374965,0.0
3922.708775471332,0.0
3378.8125358264,0.0
3898.0575286418825,0.0
3442.548130489582,0.0
3015.733993746402,0.0
3905.847633636755,0.0
3416.8464975535526,0.0
3459.6360115597727,0.0
3816.098644765835,0.0
3393.3946321117446,0.0
2565.234837915255,0.0
3433.0991602409777,0.0
2858.09224593618,0.0
3460.1927541311525,0.0
4217.748473419995,0.0
3266.1872753752496,0.0
3938.6905863391175,0.0
3340.773000947155,0.0
3617.2693136574976,0.0
4067.3114197180776,0.0
3780.2530130337773,0.0
4280.08566284691,0.0
3213.323907810887,0.0
3481.7489894675655,0.0
3238.5601828880917,0.0
3661.3875156156464,0.0
3245.4677034832434,0.0
3266.2508455987454,0.0
3152.3608751029356,0.0
3981.351938953959,0.0
4142.664491493797,0.0
4029.0751401053462,0.0
4486.005640221152,0.0
3288.7268814336962,0.0
3846.214613739323,0.0
4660.719520201603,0.0
3306.998595137974,0.0
3264.5266519189786,0.0
2887.938722446007,0.0
2836.1393097192517,0.0
2371.4215412277126,0.0
2202.3860481245956,0.0
2470.311111405678,0.0
3014.0967187640726,0.0
2923.9549278743443,0.0
2776.3246124793227,0.0
2222.9191284158946,0.0
3280.159634731913,0.0
3241.2517233650324,0.0
3764.2473975739076,0.0
2162.066938719616,0.0
2862.779423773824,0.0
3759.5999107376847,0.0
3377.7930596906735,0.0
3739.005259756295,0.0
3702.478077577168,0.0
3821.9558542053,0.0
4217.20853228147,0.0
3405.9462115082865,0.0
4086.7209069506926,0.0
4784.391387758715,0.0
4943.861558901593,0.0
4793.369648964012,0.0
4644.100050207222,0.0
5120.529894302943,0.0
4518.73014265078,0.0
4146.76841756306,0.0
4678.64740281786,0.0
4935.806118352192,0.0
5242.063289405032,0.0
5245.898380336105,0.0
5528.9286573160725,0.0
6417.425077045305,0.0
5139.616859636348,0.0
6423.819647104289,0.0
5737.0296934684575,0.0
5623.188348639855,0.0
5206.657462935786,0.0
5914.782211369615,0.0
6223.776866904445,0.0
5561.015426622655,0.0
6775.416288966982,0.0
5720.106353866982,0.0
5371.728294504956,0.0
6533.178579931098,0.0
7813.98523255584,0.0
7539.697622862621,0.0
7666.726532575574,0.0
7266.23682558579,0.0
7153.577760159571,0.0
6800.90270400372,0.0
6373.31698231298,0.0
6313.008729726623,0.0
6517.78151727888,0.0
6266.613802835131,0.0
6358.924320413318,0.0
6825.082775482225,0.0
6370.972155875258,0.0
6079.883996121678,0.0
6512.045239226771,0.0
5947.311662888378,0.0
6947.727360347459,0.0
5733.248869541995,0.0
6246.170065023835,0.0
6269.131752596692,0.0
6699.076733401075,0.0
6701.308741874653,0.0
5140.286574333622,0.0
6181.4280295631615,0.0
5734.031433734344,0.0
6047.238898211998,0.0
6872.661096355281,0.0
5955.896113436711,0.0
6410.464520788981,0.0
6243.571371517422,0.0
6230.096785701595,0.0
7159.814123104577,0.0
6409.028524387988,0.0
6561.41242182237,0.0
7082.279905085343,0.0
7319.727470331635,0.0
6712.096095560817,0.0
7711.775475271989,0.0
6902.44093927743,0.0
6950.720168927633,0.0
6282.532627816323,0.0
7336.516949312665,0.0
7457.133904029644,0.0
6969.110991698655,0.0
7706.152665243944,0.0
7615.747715428678,0.0
7117.325513452095,0.0
7991.103590743428,0.0
6579.627991534463,0.0
7267.350858637138,0.0
7454.384772382547,0.0
6885.2721164492705,0.0
6927.651052865994,0.0
7206.649321637215,0.0
7247.704555981081,0.0
7438.434422387376,0.0
7330.21194530581,0.0
7041.002105855151,0.0
7915.969827227466,0.0
7138.28120099988,0.0
6895.029139415612,0.0
7359.05083289511,0.0
7645.189437423148,0.0
6016.724056016561,0.0
6619.019594691376,0.0
6729.341516966932,0.0
6611.176746963135,0.0
7689.208239535093,0.0
7195.903949263082,0.0
6732.722524244385,0.0
6519.83037197862,0.0
6980.838045629939,0.0
7078.0601541508395,0.0
7022.276488930589,0.0
6770.663387941262,0.0
7310.046063893723,0.0
7355.766695880615,0.0
8449.301195678137,0.0
7415.273859354418,0.0
8086.51028339224,0.0
7960.260069603863,0.0
8061.527597360782,0.0
8325.51687280869,0.0
8540.695482287572,0.0
8745.262488102146,0.0
9901.48233331195,0.0
9615.032374241151,0.0
10435.556044891913,0.0
9804.465313572395,0.0
10420.358943978228,0.0
10030.420711489778,0.0
11058.047084369126,0.0
9919.412925714832,0.0
11236.849555366765,0.0
10529.687794084168,0.0
10975.528285971937,0.0
9680.882168332104,0.0
10606.475017634622,0.0
10556.30071127546,0.0
9600.501797750348,0.0
10332.967687087868,0.0
10140.560509843697,0.0
9354.813639734213,0.0
10757.012719250737,0.0
10161.762166389108,0.0
10385.356888326667,0.0
10744.356393993667,0.0
10102.404820825213,0.0
10651.981149114134,0.0
10195.382009540579,0.0
10998.520233745174,0.0
10127.474348004082,0.0
10157.345646395666,0.0
11011.37571361796,0.0
11008.39366869241,0.0
11186.704778889842,0.0
11273.806003723941,0.0
11025.739659146539,0.0
11039.166271966731,0.0
11039.600383989968,0.0
10831.456485025865,0.0
10602.192339348023,0.0
10616.921135445702,0.0
10934.539591508496,0.0
10525.399840000808,0.0
10349.062662309378,0.0
9743.852960137816,0.0
9865.502204677732,0.0
9747.022139076445,0.0
10232.304578748217,0.0
9914.190540308096,0.0
9923.537980304709,0.0
9452.552236833457,0.0
9578.744230236352,0.0
9232.844167293551,0.0
8884.069375510833,0.0
8744.117781726742,0.0
9697.684569172503,0.0
8661.12934182853,0.0
8773.538694697492,0.0
8887.821322491842,0.0
8919.228688462636,0.0
9121.809797038728,0.0
8872.429663916326,0.0
8451.008490364353,0.0
8175.311290199303,0.0
8846.623432223552,0.0
8664.798171891965,0.0
7822.139550188622,0.0
8908.600934309206,0.0
8026.882287301818,0.0
8291.801288138497,0.0
8509.768499324899,0.0
8190.579522087768,0.0
8646.597279932968,0.0
8092.256814906836,0.0
9522.178365854183,0.0
9013.318897399673,0.0
9303.46133219227,0.0
8843.19478845981,0.0
7863.051323948879,0.0
9032.538458416693,0.0
8938.771884325972,0.0
8942.49091592882,0.0
8733.824744731348,0.0
8709.733635484961,0.0
8788.78212348421,0.0
8303.44135820968,0.0
9437.402440189182,0.0
8310.488682345222,0.0
8516.583221064711,0.0
8790.885949049481,0.0
9959.09947931867,0.0
9171.39901855144,0.0
9288.160429440059,0.0
9756.69270131045,0.0
9578.04240047032,0.0
8751.71726469729,0.0
10376.8239800964,0.0
9930.771881221,0.0
10022.536100637379,0.0
10104.85623750136,0.0
9959.53382869687,0.0
21370.474617770113,1.0
21370.474617770113,1.0
21143.95280448125,1.0
10023.55924715051,0.0
10892.451743846848,0.0
10071.382601693938,0.0
10537.008603974187,0.0
10031.341038371767,0.0
10762.459396609034,0.0
10811.918025609835,0.0
10544.342178363746,0.0
11607.865015753518,0.0
11072.065075613991,0.0
11020.680005277158,0.0
11450.527813428485,0.0
11494.880379757189,0.0
11963.03788228978,0.0
12066.735686331947,0.0
11413.050343383606,0.0
11878.692170170938,0.0
11191.169726689375,0.0
11711.717666420345,0.0
11456.422539362355,0.0
12393.465426503608,0.0
11904.569125883698,0.0
11987.565705400659,0.0
12020.553395443789,0.0
11001.747127886105,0.0
11694.369648919528,0.0
12942.872008543898,0.0
12681.20343667427,0.0
12657.398358713264,0.0
12594.799899115193,0.0
12380.65800826073,0.0
12410.120117204977,0.0
22828.473262343225,1.0
22828.473262343225,1.0
22828.473262343225,1.0
11699.387167491588,0.0
12250.066181719561,0.0
12614.87052917404,0.0
11559.216528386267,0.0
12769.46459337404,0.0
13026.895110721474,0.0
12272.96931782887,0.0
12344.58933730364,0.0
12965.251828479963,0.0
12122.943624719903,0.0
11923.179895354762,0.0
11776.795785900384,0.0
12014.884985227285,0.0
12285.667507445687,0.0
12664.030473388728,0.0
12280.5467417465,0.0
12257.461425189776,0.0
12133.661367065104,0.0
11691.861633126719,0.0
12501.644013945785,0.0
12151.709154635642,0.0
11020.386458736146,0.0
11484.289307158955,0.0
11677.174171620649,0.0
12047.46923465785,0.0
11643.675701726532,0.0
11666.5913836836,0.0
12292.530601263023,0.0
12075.71744586031,0.0
11461.816595617818,0.0
11207.095361259995,0.0
10958.858175839057,0.0
10974.786514520018,0.0
11569.131242723297,0.0
11282.49737318042,0.0
10689.453625772278,0.0
11359.195731987496,0.0
10621.247817206568,0.0
11277.407283888359,0.0
10780.692289082035,0.0
10657.174203678096,0.0
10110.804061918934,0.0
10797.536838178215,0.0
9957.699873768017,0.0
10203.637188620478,0.0
10265.333179634945,0.0
10190.291818673173,0.0
10160.065459987214,0.0
9770.38308004912,0.0
9769.938490660481,0.0
10090.303871014501,0.0
9410.395423130149,0.0
9025.848677958842,0.0
9949.44087888966,0.0
10555.664820360724,0.0
10408.735116074531,0.0
9922.0309210779,0.0
10284.005315863073,0.0
10749.002743483601,0.0
9685.934010373097,0.0
9723.598401342495,0.0
10034.278636317355,0.0
9404.367613619603,0.0
9543.616677149863,0.0
9809.03270049754,0.0
9576.326354645564,0.0
10135.129129257493,0.0
9305.634111169951,0.0
8821.112541943958,0.0
10213.04253414593,0.0
9986.79575767863,0.0
10173.770825478492,0.0
9997.46223474446,0.0
10933.117876612294,0.0
10393.245728558095,0.0
11095.255156173123,0.0
10135.22878271782,0.0
10593.419097198112,0.0
10422.607840332199,0.0
10833.150953206237,0.0
10179.15749594649,0.0
10661.398059654639,0.0
10792.181152645238,0.0
10932.215551960206,0.0
11242.476855533798,0.0
10679.756304020728,0.0
11064.224280309487,0.0
10957.390205072134,0.0
11326.619419555242,0.0
11093.548089571947,0.0
11887.600085055717,0.0
11507.712702080918,0.0
11629.12904532237,0.0
12235.091997086252,0.0
12410.761618313256,0.0
12491.152798686086,0.0
13006.775597236518,0.0
12505.725024059828,0.0
12776.88077196148,0.0
13037.008350225253,0.0
13349.817688463489,0.0
13720.45942694646,0.0
13546.680372392664,0.0
13350.43237203245,0.0
13872.080726539585,0.0
13126.608592434237,0.0
12742.340928917834,0.0
12643.993236005383,0.0
12953.90454196228,0.0
13056.341281691824,0.0
11896.868322280703,0.0
13462.257151993024,0.0
12616.02569286918,0.0
12636.7565638129,0.0
12550.450501386527,0.0
11564.796154517386,0.0
11528.664931339352,0.0
11956.93177807816,0.0
12279.19205805151,0.0
11911.085507698563,0.0
11636.48333395748,0.0
10333.25229060129,0.0
11621.30987909311,0.0
11348.901845919867,0.0
10891.68652560876,0.0
11037.29175607758,0.0
11034.729805327628,0.0
11687.411785342021,0.0
10267.365756311061,0.0
10840.924725292518,0.0
11131.51051217596,0.0
11089.818424138573,0.0
10983.764241371515,0.0
10724.666667715304,0.0
11006.770811505648,0.0
11449.73775595089,0.0
10578.968571793699,0.0
10677.798538236642,0.0
11048.495208019336,0.0
10919.180186132078,0.0
10531.947798471765,0.0
11501.811465386023,0.0
10503.901515384914,0.0
10398.691376189381,0.0
10320.774821380182,0.0
10730.06639085999,0.0
10472.748101870438,0.0
10484.951282619955,0.0
9778.584464594165,0.0
10455.117671220925,0.0
9982.667206362275,0.0
9604.870882556817,0.0
10829.831767484051,0.0
10748.11512172562,0.0
10456.755705555279,0.0
9729.587077609965,0.0
9138.314492960522,0.0
9495.78878345273,0.0
8948.16734643068,0.0
9007.948858058653,0.0
9846.853295835761,0.0
9243.285082084649,0.0
9468.55402263866,0.0
9185.827162366088,0.0
10266.037684215182,0.0
9353.155654488353,0.0
9652.08689901328,0.0
10127.99652491686,0.0
10078.740390104682,0.0
9773.9369847221,0.0
10298.634298425433,0.0
10318.555150638083,0.0
11165.772347030792,0.0
10368.33351197177,0.0
10364.419844818882,0.0
11203.984826721633,0.0
10504.231702903795,0.0
11333.992567192814,0.0
11931.952842991059,0.0
10807.887005544544,0.0
11281.603257462602,0.0
11400.6638851897,0.0
11330.472167324819,0.0
11584.977235702188,0.0
11833.61437410308,0.0
11213.197955174948,0.0
10867.026760338349,0.0
10760.308050949556,0.0
11664.374986633598,0.0
10810.834067042939,0.0
11512.560969617876,0.0
10905.787714331967,0.0
11297.28239145962,0.0
11658.928687650046,0.0
11566.582247133189,0.0
11302.292409683938,0.0
11200.040494919082,0.0
12107.571344415683,0.0
11010.141106038642,0.0
11662.661643342863,0.0
11465.682611626613,0.0
12683.33766894894,0.0
11658.052874699511,0.0
12496.248517726051,0.0
12350.662225027445,0.0
11594.12975972665,0.0
12687.098335068102,0.0
12767.189724977421,0.0
12265.773767311659,0.0
11675.48786727976,0.0
13617.908277724733,0.0
12377.355476579221,0.0
11859.73663486615,0.0
12698.586835410058,0.0
11829.169942724306,0.0
12225.358856232659,0.0
11993.68963998145,0.0
11762.746723410013,0.0
12384.391189084103,0.0
12485.903668749139,0.0
12117.062415540262,0.0
11852.164659800848,0.0
11645.604812027266,0.0
11428.545625832283,0.0
11317.845583992395,0.0
11458.769040288478,0.0
11437.60611633367,0.0
10871.79922625446,0.0
10546.072906991876,0.0
10965.850869104479,0.0
11133.07868002452,0.0
11199.32682285049,0.0
21468.5159622094,1.0
21468.5159622094,1.0
21468.5159622094,1.0
11423.293411294202,0.0
11299.452868094251,0.0
10878.06807031495,0.0
10208.163100254258,0.0
10493.738739497021,0.0
10284.882257680998,0.0
10628.905819150481,0.0
10509.66022676019,0.0
11426.576550596592,0.0
10707.334254373074,0.0
10478.872968424905,0.0
10282.323332927837,0.0
10717.31625956836,0.0
12372.153934436014,0.0
11610.279443460975,0.0
11590.555359871443,0.0
11038.11387019817,0.0
10765.861311715957,0.0
10595.617745970578,0.0
10641.881315157145,0.0
10760.436973527763,0.0
10296.001887980021,0.0
9597.909476882869,0.0
9501.376288017887,0.0
8862.166773408017,0.0
9930.798961674776,0.0
10444.906119148778,0.0
9093.405757984288,0.0
9500.438205270357,0.0
9397.464539192639,0.0
9296.691145858968,0.0
10488.98264936212,0.0
10568.20573401993,0.0
10739.9064544172,0.0
10158.948003488358,0.0
9029.678863609537,0.0
10262.390528972448,0.0
9835.98794676373,0.0
10102.831094812609,0.0
10350.988143395129,0.0
10350.5636893902,0.0
10947.639494277551,0.0
10201.163948880057,0.0
10270.358829446799,0.0
10704.826753790498,0.0
11298.95423046038,0.0
10861.08455579061,0.0
10832.80321127113,0.0
10779.110801739871,0.0
11199.532749253372,0.0
11479.406959026623,0.0
11431.345969070455,0.0
12055.985159089872,0.0
11240.701713133325,0.0
12335.926131929758,0.0
11891.283825900227,0.0
12843.016804287925,0.0
12442.610265490268,0.0
12971.165628803165,0.0
12640.422694402369,0.0
13028.635370689939,0.0
12997.112888030562,0.0
11994.35192787528,0.0
13779.238702302768,0.0
12813.823548094751,0.0
14282.649023826758,0.0
13419.490992534727,0.0
13333.09137063858,0.0
14128.494797048053,0.0
14021.60256969319,0.0
13833.006601165274,0.0
14018.528690352654,0.0
14524.842701748501,0.0
13216.02441559249,0.0
13568.529216801136,0.0
13705.245814094997,0.0
13035.914508182908,0.0
12661.618510405595,0.0
14182.186071819287,0.0
13314.940518766238,0.0
13187.666447821188,0.0
13359.545581494076,0.0
13355.121266313137,0.0
13103.998887386695,0.0
12496.186130389244,0.0
12448.08430434404,0.0
12906.70526151413,0.0
12722.917601277599,0.0
12210.679204823218,0.0
13643.359750141892,0.0
12980.200659099799,0.0
12238.275170068911,0.0
12215.881922191309,0.0
10863.386141866089,0.0
12748.02045436443,0.0
12290.013143205128,0.0
11558.666195757976,0.0
11384.491359114581,0.0
11425.394788117152,0.0
11732.257357584072,0.0
10838.319145202802,0.0
11370.63201498473,0.0
10937.609239485439,0.0
10485.460407974999,0.0
10577.40408064922,0.0
11599.540695009291,0.0
10699.957858740621,0.0
10342.057104422205,0.0
10231.283086971136,0.0
10733.014790458226,0.0
11012.974539032288,0.0
10719.541471486526,0.0
10212.140989052123,0.0
9215.62081864353,0.0
10005.090351872152,0.0
10736.234742240787,0.0
9344.117682834607,0.0
10722.087086109368,0.0
9813.566639843828,0.0
10508.63743601361,0.0
9752.492080713819,0.0
10627.928107109969,0.0
9786.227077128677,0.0
10399.992077412588,0.0
10099.04168961966,0.0
9694.627742460158,0.0
9544.846628137988,0.0
9679.415114002008,0.0
9776.309464069185,0.0
10490.716806881866,0.0
9933.037478111162,0.0
9219.08895484517,0.0
9367.648651663098,0.0
8876.812006181808,0.0
8832.655619251565,0.0
8952.592709476163,0.0
10250.917621771074,0.0
9280.189497201874,0.0
9043.179278689102,0.0
8329.153852465764,0.0
10036.511302821047,0.0
10348.083641964462,0.0
9000.463014749937,0.0
9955.858979869461,0.0
9679.11503858892,0.0
9915.085083024147,0.0
9959.38703220416,0.0
10435.510946459968,0.0
10407.969597328829,0.0
10433.714976769359,0.0
10639.99436384201,0.0
9590.832108289069,0.0
9713.843761081635,0.0
11071.136621025347,0.0
10448.473752883696,0.0
10851.753091829909,0.0
9968.210052751614,0.0
11753.180639763039,0.0
10726.257387312737,0.0
11461.624269754939,0.0
11466.594057293481,0.0
11811.86745186741,0.0
11367.834556692813,0.0
12228.091357563322,0.0
12315.450656761332,0.0
11881.823024353956,0.0
11826.415127396947,0.0
12970.871858273931,0.0
11909.622034628,0.0
13466.674984816183,0.0
13765.123938876066,0.0
13610.300744751341,0.0
13199.692606325552,0.0
14366.380922431556,0.0
13375.081278792553,0.0
13077.949182268632,0.0
13127.55495834391,0.0
12800.21752155618,0.0
12821.542489864441,0.0
13226.878764814377,0.0
12953.075216904937,0.0
12951.652803115358,0.0
12864.332808738138,0.0
12893.038121220787,0.0
13055.180358297319,0.0
14127.4533644982,0.0
13144.315335311241,0.0
13427.807791814666,0.0
13209.33243933693,0.0
12659.743035743188,0.0
12678.88195433445,0.0
12867.255219971446,0.0
12527.847320541605,0.0
12557.292071636002,0.0
12357.731136061298,0.0
12694.626830643912,0.0
11689.23568041151,0.0
12385.450085082908,0.0
10749.482903778066,0.0
10681.044757393385,0.0
11870.968023698135,0.0
11844.365557170564,0.0
10559.852313276311,0.0
11392.230917055495,0.0
10565.120000523613,0.0
11463.687431750983,0.0
10756.666186792192,0.0
10819.097201021385,0.0
10885.254714534858,0.0
10434.737629301417,0.0
11214.895652455707,0.0
10788.833363417298,0.0
10914.055557658738,0.0
10300.560736553569,0.0
10382.777029347657,0.0
10356.614141311145,0.0
9239.992985735851,0.0
9726.196993111804,0.0
9792.064208689915,0.0
10443.77759415357,0.0
9532.532599637034,0.0
9189.498101961743,0.0
9526.931661577139,0.0
8991.47200433939,0.0
9899.050764985852,0.0
8516.90683310874,0.0
9017.88592603327,0.0
8581.682371245908,0.0
8894.24201835028,0.0
9377.74640505582,0.0
9577.643083413222,0.0
8730.10604223725,0.0
8036.346392612598,0.0
8257.889446180865,0.0
9121.053156033704,0.0
8567.660073746965,0.0
8448.231093450677,0.0
8827.492076624238,0.0
9180.216092252507,0.0
9624.529788626667,0.0
9341.92692519009,0.0
8518.489450601399,0.0
9672.156789401226,0.0
8814.275853463016,0.0
9634.830083808527,0.0
9862.786108092,0.0
8318.167789468847,0.0
9662.056259529625,0.0
9231.150421551827,0.0
8997.582766075378,0.0
9215.095440023764,0.0
9516.351759212657,0.0
9568.309428131088,0.0
9347.828646476455,0.0
10332.500252271917,0.0
9994.231505440835,0.0
9792.188242318036,0.0
9499.540004547256,0.0
10109.847254133281,0.0
10195.602327923396,0.0
10054.519004345686,0.0
9886.086463197526,0.0
10075.817307750585,0.0
10200.186536387206,0.0
10284.155345653551,0.0
10802.332563962445,0.0
10840.573623012728,0.0
10141.486771172338,0.0
11061.577191040347,0.0
11449.397786231217,0.0
10534.114489685187,0.0
10596.53237939337,0.0
11997.463386169522,0.0
11582.343076407013,0.0
11791.42279315084,0.0
11318.139126101967,0.0
11963.657747988254,0.0
11797.635615193336,0.0
11849.595478240477,0.0
11971.464223368748,0.0
12289.159215248059,0.0
12173.039547970566,0.0
11132.175683081034,0.0
11969.336719301133,0.0
10982.309331252125,0.0
10926.26690320766,0.0
11973.336154900579,0.0
12545.006302224432,0.0
12453.391838060772,0.0
12528.675274163594,0.0
12324.955554551163,0.0
12023.292069800813,0.0
12087.41291255801,0.0
12749.74447337618,0.0
12094.641395812374,0.0
12381.394169811123,0.0
12345.320887644171,0.0
12606.819819140652,0.0
11384.300451717929,0.0
11631.883199507629,0.0
11626.952181371867,0.0
11053.905132466076,0.0
11243.465388488574,0.0
11003.023883768496,0.0
10647.486543726054,0.0
10535.260596828557,0.0
11696.247009521,0.0
11331.138394535119,0.0
11752.085163143813,0.0
10642.655772672804,0.0
11951.175301814115,0.0
11577.180715369326,0.0
11170.694343434005,0.0
11499.609970073554,0.0
11314.301824863865,0.0
11606.34232558966,0.0
11259.255286016725,0.0
10805.217056619851,0.0
10945.460403725156,0.0
10561.826791543215,0.0
11150.964477866888,0.0
10445.059313160174,0.0
10907.389955049883,0.0
10344.071137618332,0.0
10828.855314861652,0.0
10255.617893037153,0.0
10030.398644697503,0.0
10631.262319622794,0.0
10698.739219707873,0.0
9718.081320925514,0.0
10258.515594830642,0.0
10551.092537697825,0.0
10109.134355736307,0.0
10548.441380379358,0.0
10190.891258259171,0.0
9991.682316011678,0.0
10119.432739486117,0.0
10119.34540054808,0.0
11004.77268807027,0.0
10377.588125205959,0.0
10449.760281417803,0.0
9958.247008747043,0.0
10444.40869178651,0.0
10114.75745264732,0.0
10512.361937675392,0.0
10563.207726020912,0.0
10051.174854190322,0.0
10966.632195510534,0.0
10902.907922680562,0.0
11256.602456512177,0.0
10560.528638051812,0.0
10198.693637460292,0.0
12049.148867941456,0.0
11890.940395111897,0.0
11187.654138204047,0.0
10850.941401539047,0.0
11212.629932519812,0.0
11571.459881892697,0.0
10586.448751605201,0.0
11175.49751972588,0.0
11180.432904041729,0.0
11925.079569971727,0.0
10860.123922738687,0.0
12392.757729921737,0.0
11781.397951901024,0.0
11550.961357209617,0.0
11511.063489187109,0.0
11690.839848783686,0.0
12137.014359221215,0.0
12518.819024661309,0.0
12089.39809284507,0.0
11551.263034114345,0.0
12183.776388916933,0.0
12469.628217957925,0.0
11649.490155268402,0.0
11536.764205178162,0.0
11993.559989017813,0.0
12037.66837136466,0.0
11641.975577959427,0.0
11147.302961894326,0.0
11517.537684517867,0.0
12489.319722422959,0.0
12489.24490138844,0.0
12397.65591692896,0.0
12036.567573117329,0.0
12058.102805202949,0.0
11472.384791472654,0.0
12111.467106281892,0.0
11035.706045574781,0.0
11695.375576609582,0.0
11716.486822815132,0.0
11567.45046188094,0.0
13079.349384605755,0.0
12981.333739916234,0.0
11632.341318061011,0.0
12248.348272533596,0.0
12417.083457877758,0.0
12450.351429905817,0.0
12221.479259242826,0.0
11718.959369898026,0.0
11301.727213907136,0.0
11747.456009781235,0.0
12395.456441484988,0.0
11838.480123198296,0.0
12390.740056915769,0.0
11657.687607768687,0.0
12242.621154959561,0.0
12517.909804599292,0.0
12289.931011646553,0.0
11996.036425784254,0.0
12836.675704160945,0.0
12031.580678279934,0.0
11688.660679559714,0.0
11860.405517026715,0.0
12332.417797314478,0.0
12098.72706266042,0.0
11838.270447972593,0.0
11864.711957470261,0.0
11936.622743250387,0.0
12157.97383181076,0.0
12881.53810206944,0.0
11689.009601094469,0.0
11749.358662783952,0.0
11979.358383441166,0.0
12364.619018816153,0.0
11303.33841463745,0.0
11533.48077847722,0.0
12373.90598810113,0.0
10696.534483764068,0.0
10815.780439141949,0.0
10680.922923563285,0.0
10373.595828176278,0.0
10833.447715446066,0.0
10071.344431269517,0.0
10488.333376448176,0.0
10018.725667129522,0.0
10269.484064571214,0.0
10991.407575505644,0.0
11008.659957419888,0.0
11193.876257068194,0.0
11095.075436096296,0.0
10490.004612829714,0.0
10380.258901367139,0.0
10497.987634199255,0.0
10293.450619667163,0.0
10285.560418041096,0.0
9799.844288448345,0.0
10722.381131820515,0.0
9875.542238393213,0.0
9715.091263445982,0.0
10503.230306159354,0.0
10121.944473611991,0.0
10945.865763150445,0.0
10648.723877104909,0.0
11099.732901398984,0.0
10808.365772652576,0.0
11051.351515451639,0.0
10706.462361662256,0.0
11350.630665258896,0.0
10963.666209519159,0.0
11173.27982644128,0.0
11828.928954020434,0.0
11899.351520039923,0.0
12714.619608294262,0.0
12175.034117753847,0.0
12383.234477098942,0.0
12117.719523615353,0.0
12624.48065356653,0.0
12312.50886711363,0.0
12433.09130513331,0.0
12371.31679655964,0.0
12192.314170681742,0.0
12405.851902805523,0.0
12973.293603330992,0.0
12406.323446590632,0.0
13197.01207461908,0.0
12019.455260389568,0.0
12147.881781688788,0.0
12473.53301394761,0.0
13062.39799796889,0.0
13552.602744309279,0.0
12536.743140404,0.0
13085.44494493831,0.0
13579.244181035821,0.0
12964.54225461572,0.0
13800.275450846155,0.0
13658.751120915254,0.0
14449.744536870898,0.0
14122.850487779533,0.0
13358.438874547592,0.0
13471.909331678982,0.0
13445.535791107,0.0
13145.564024608673,0.0
13337.10765392558,0.0
14173.337673354901,0.0
13469.141213841169,0.0
14188.440308215719,0.0
14443.143990176111,0.0
13809.173364569011,0.0
13705.52855916633,0.0
14899.738897744033,0.0
13964.260645915841,0.0
14409.620455552886,0.0
14771.037550264477,0.0
14225.718075759985,0.0
14081.941216838322,0.0
13251.66585246739,0.0
14321.394036295807,0.0
12912.069790878053,0.0
12925.498185395878,0.0
12899.608190725085,0.0
14028.04029671258,0.0
12520.172727491077,0.0
13329.91671791385,0.0
13072.169828203401,0.0
13089.735090493863,0.0
13229.13344007607,0.0
13569.304770217792,0.0
13986.949092204663,0.0
13289.970787417387,0.0
13782.112589548598,0.0
12161.275578983637,0.0
13052.878644824572,0.0
13819.062440808917,0.0
13270.961765773627,0.0
