14.0,0.0
42374.767181536736,0.0
573629.7671815368,0.0
588418.5343630734,0.0
585300.3015446102,0.0
530149.5343630734,0.0
453762.5343630735,0.0
356399.7671815367,0.0
289215.0,0.0
283373.7671815367,0.0
256857.0,0.0
268369.7671815367,0.0
251031.0,0.0
238641.23281846326,0.0
257758.23281846326,0.0
317864.2328184633,0.0
393401.4656369265,0.0
444506.6984553898,0.0
469914.6984553898,0.0
453315.6984553898,0.0
489977.4656369265,0.0
479131.6984553898,0.0
497012.4656369265,0.0
505058.4656369265,0.0
541280.2328184632,0.0
522628.0,0.0
504756.0,0.0
497496.0,0.0
504147.7671815367,0.0
475669.7671815367,0.0
413182.7671815367,0.0
363853.5343630735,0.0
314064.5343630735,0.0
306639.3015446102,0.0
281081.5343630735,0.0
290987.3015446102,0.0
289160.3015446102,0.0
307997.06872614694,0.0
305564.3015446102,0.0
338330.5343630735,0.0
403757.7671815367,0.0
477804.5343630735,0.0
509130.7671815367,0.0
530917.7671815368,0.0
552487.5343630734,0.0
538904.7671815368,0.0
562859.5343630734,0.0
579258.5343630734,0.0
622453.3015446102,0.0
629914.3015446102,0.0
611915.3015446102,0.0
605319.5343630734,0.0
583252.7671815368,0.0
523901.7671815367,0.0
441865.5343630735,0.0
363558.3015446102,0.0
308786.5343630735,0.0
292132.5343630735,0.0
299565.3015446102,0.0
297693.3015446102,0.0
297587.3015446102,0.0
308527.3015446102,0.0
354979.3015446102,0.0
440221.5343630735,0.0
567091.3015446102,0.0
676281.068726147,0.0
660326.8359076837,0.0
750371.8359076837,0.0
773051.6030892204,0.0
764229.8359076837,0.0
771030.8359076837,0.0
787136.6030892204,0.0
812778.6030892204,0.0
760054.8359076837,0.0
712701.8359076837,0.0
745671.6030892204,0.0
729222.8359076837,0.0
641402.068726147,0.0
505031.3015446102,0.0
379382.5343630735,0.0
326010.5343630735,0.0
319161.3015446102,0.0
326615.06872614694,0.0
340528.83590768365,0.0
323799.06872614694,0.0
350642.83590768365,0.0
387332.06872614694,0.0
477348.3015446102,0.0
576302.5343630734,0.0
678423.3015446102,0.0
691026.5343630734,0.0
715849.3015446102,0.0
699154.3015446102,0.0
743622.068726147,0.0
743043.068726147,0.0
748973.068726147,0.0
795569.8359076837,0.0
743655.068726147,0.0
701417.068726147,0.0
721191.8359076837,0.0
690830.068726147,0.0
638535.068726147,0.0
508473.3015446102,0.0
377811.5343630735,0.0
327120.5343630735,0.0
290659.7671815367,0.0
297988.5343630735,0.0
279871.7671815367,0.0
279292.7671815367,0.0
276132.0,0.0
310355.2328184633,0.0
434209.0,0.0
547092.0,0.0
614302.2328184632,0.0
649586.0,0.0
652037.2328184632,0.0
610615.2328184632,0.0
666293.0,0.0
680883.7671815368,0.0
678173.0,0.0
678735.2328184632,0.0
646523.2328184632,0.0
568066.4656369266,0.0
617433.2328184632,0.0
595843.4656369266,0.0
539332.4656369266,0.0
408444.6984553898,0.0
282554.93127385306,0.0
247086.6984553898,0.0
210256.93127385306,0.0
217124.6984553898,0.0
230724.46563692653,0.0
230858.46563692653,0.0
258370.23281846326,0.0
324159.0,0.0
436442.7671815367,0.0
567663.5343630734,0.0
634940.5343630734,0.0
603875.7671815368,0.0
632357.0,0.0
627616.2328184632,0.0
631802.2328184632,0.0
619636.4656369266,0.0
608551.6984553898,0.0
610833.931273853,0.0
585418.6984553898,0.0
565110.4656369266,0.0
550043.6984553898,0.0
534565.931273853,0.0
467936.16409231635,0.0
375713.93127385306,0.0
174221.93127385306,0.0
229146.6984553898,0.0
190521.93127385306,0.0
167867.16409231635,0.0
186814.93127385306,0.0
199985.6984553898,0.0
213433.6984553898,0.0
262630.6984553898,0.0
377347.6984553898,0.0
488109.6984553898,0.0
581310.4656369266,0.0
622458.2328184632,0.0
647713.0,0.0
623081.2328184632,0.0
604737.4656369266,0.0
600716.4656369266,0.0
605339.4656369266,0.0
629887.4656369266,0.0
580369.4656369266,0.0
517558.6984553898,0.0
488864.93127385306,0.0
471822.93127385306,0.0
416000.16409231635,0.0
341186.16409231635,0.0
242718.3969107796,0.0
208559.16409231635,0.0
187781.16409231635,0.0
176295.16409231635,0.0
156844.3969107796,0.0
139973.62972924288,0.0
159978.3969107796,0.0
196551.16409231635,0.0
279888.93127385306,0.0
370698.93127385306,0.0
425809.93127385306,0.0
459239.6984553898,0.0
464360.6984553898,0.0
465064.6984553898,0.0
481276.4656369265,0.0
464989.6984553898,0.0
470412.6984553898,0.0
480542.93127385306,0.0
480413.93127385306,0.0
432397.6984553898,0.0
467821.4656369265,0.0
472351.2328184633,0.0
430743.4656369265,0.0
389635.2328184633,0.0
325854.2328184633,0.0
295284.0,0.0
269815.0,0.0
243960.23281846326,0.0
256373.0,0.0
271197.7671815367,0.0
272841.7671815367,0.0
287758.7671815367,0.0
339010.7671815367,0.0
435100.5343630735,0.0
495079.5343630735,0.0
520745.5343630735,0.0
529825.5343630734,0.0
548899.3015446102,0.0
557286.3015446102,0.0
541258.5343630734,0.0
546430.7671815368,0.0
560157.0,0.0
571610.0,0.0
571759.7671815368,0.0
566735.0,0.0
573304.0,0.0
514839.0,0.0
424145.7671815367,0.0
335740.7671815367,0.0
284572.0,0.0
250179.23281846326,0.0
258829.0,0.0
272776.7671815367,0.0
273437.7671815367,0.0
297996.5343630735,0.0
359261.3015446102,0.0
445408.5343630735,0.0
541470.7671815368,0.0
634496.7671815368,0.0
668953.7671815368,0.0
699212.5343630734,0.0
703194.5343630734,0.0
720491.3015446102,0.0
731721.068726147,0.0
730297.068726147,0.0
760307.068726147,0.0
725295.068726147,0.0
687886.8359076837,0.0
718978.6030892204,0.0
743907.3702707571,0.0
700147.1374522939,0.0
557795.3702707571,0.0
463629.1374522939,0.0
414747.1374522939,0.0
409471.90463383065,0.0
387091.1374522939,0.0
370782.3702707571,0.0
356094.6030892204,0.0
368325.6030892204,0.0
403814.83590768365,0.0
515617.83590768365,0.0
624172.8359076837,0.0
690053.068726147,0.0
735474.8359076837,0.0
754872.6030892204,0.0
752286.6030892204,0.0
737624.8359076837,0.0
776515.8359076837,0.0
711743.068726147,0.0
738775.3015446102,0.0
712791.068726147,0.0
701534.8359076837,0.0
709650.8359076837,0.0
712403.8359076837,0.0
667304.6030892204,0.0
561233.3702707571,0.0
451722.3702707571,0.0
416339.1374522939,0.0
382106.3702707571,0.0
390445.1374522939,0.0
372716.3702707571,0.0
356820.6030892204,0.0
370063.6030892204,0.0
422447.6030892204,0.0
535955.6030892204,0.0
656462.3702707571,0.0
740566.3702707571,0.0
755383.6030892204,0.0
766188.6030892204,0.0
751161.6030892204,0.0
730029.8359076837,0.0
747002.068726147,0.0
733511.8359076837,0.0
775317.6030892204,0.0
768425.3702707571,0.0
728239.3702707571,0.0
743097.1374522939,0.0
758830.9046338307,0.0
722307.6718153673,0.0
621975.4389969041,0.0
500715.6718153673,0.0
448001.6718153673,0.0
424714.6718153673,0.0
401270.90463383065,0.0
417263.6718153673,0.0
432024.43899690406,0.0
461359.2061784408,0.0
532065.9733599776,0.0
625713.9733599776,0.0
759045.7405415142,0.0
848080.7405415142,0.0
873949.7405415142,0.0
865434.9733599776,0.0
877173.7405415142,0.0
896419.507723051,0.0
790649.7405415142,0.0
887887.507723051,0.0
892677.7405415142,0.0
860487.7405415142,0.0
835687.7405415142,0.0
867699.9733599776,0.0
800291.9733599776,0.0
752065.9733599776,0.0
639833.9733599776,0.0
523071.2061784408,0.0
489406.97335997754,0.0
453720.2061784408,0.0
445701.2061784408,0.0
431217.2061784408,0.0
440739.2061784408,0.0
438223.43899690406,0.0
475167.6718153673,0.0
589574.6718153673,0.0
685730.9046338307,0.0
783577.6718153673,0.0
824059.4389969041,0.0
834813.4389969041,0.0
828017.6718153673,0.0
756268.9046338307,0.0
785297.6718153673,0.0
811113.9046338307,0.0
693993.1374522939,0.0
743964.9046338307,0.0
757718.6718153673,0.0
708237.4389969041,0.0
699360.4389969041,0.0
651656.6718153673,0.0
574761.6718153673,0.0
474071.90463383065,0.0
425284.90463383065,0.0
418093.6718153673,0.0
423421.43899690406,0.0
419782.43899690406,0.0
419794.43899690406,0.0
424567.43899690406,0.0
415133.6718153673,0.0
493183.90463383065,0.0
568240.1374522939,0.0
609648.3702707571,0.0
612354.6030892204,0.0
602986.8359076837,0.0
588185.068726147,0.0
609821.8359076837,0.0
611787.8359076837,0.0
620499.8359076837,0.0
654656.6030892204,0.0
630355.8359076837,0.0
601429.8359076837,0.0
603412.6030892204,0.0
593059.6030892204,0.0
561083.6030892204,0.0
523349.3702707571,0.0
479670.1374522939,0.0
437265.90463383065,0.0
422291.6718153673,0.0
424766.43899690406,0.0
419350.43899690406,0.0
402235.6718153673,0.0
421773.43899690406,0.0
437819.43899690406,0.0
493923.43899690406,0.0
591852.2061784408,0.0
661145.2061784408,0.0
716693.9733599776,0.0
725980.2061784408,0.0
746746.9733599776,0.0
744198.9733599776,0.0
747836.9733599776,0.0
759415.9733599776,0.0
798033.7405415142,0.0
820388.507723051,0.0
786716.7405415142,0.0
783040.9733599776,0.0
777954.9733599776,0.0
735444.7405415142,0.0
622327.9733599776,0.0
516001.2061784408,0.0
488517.97335997754,0.0
468490.97335997754,0.0
444119.2061784408,0.0
440584.2061784408,0.0
425399.43899690406,0.0
420673.6718153673,0.0
483074.43899690406,0.0
592332.4389969041,0.0
700997.4389969041,0.0
787774.4389969041,0.0
823888.4389969041,0.0
841742.4389969041,0.0
846232.4389969041,0.0
833673.6718153673,0.0
836089.6718153673,0.0
846140.6718153673,0.0
848707.4389969041,0.0
834943.6718153673,0.0
816962.4389969041,0.0
842552.2061784408,0.0
837722.2061784408,0.0
790615.9733599776,0.0
659514.9733599776,0.0
560995.7405415142,0.0
495592.97335997754,0.0
476579.97335997754,0.0
468687.97335997754,0.0
466258.97335997754,0.0
450791.2061784408,0.0
463641.2061784408,0.0
517001.2061784408,0.0
646447.9733599776,0.0
757926.9733599776,0.0
847861.7405415142,0.0
855504.9733599776,0.0
885390.7405415142,0.0
904450.507723051,0.0
916047.2749045878,0.0
902364.507723051,0.0
897578.7405415142,0.0
817249.7405415142,0.0
902178.7405415142,0.0
874752.7405415142,0.0
877346.7405415142,0.0
856527.9733599776,0.0
792092.9733599776,0.0
684257.7405415142,0.0
590369.507723051,0.0
557603.2749045878,0.0
538829.2749045878,0.0
547568.0420861244,0.0
530314.2749045878,0.0
529971.2749045878,0.0
545193.2749045878,0.0
599510.2749045878,0.0
731559.0420861244,0.0
822910.2749045878,0.0
901207.2749045878,0.0
912502.507723051,0.0
904787.7405415142,0.0
918656.507723051,0.0
919812.507723051,0.0
935442.2749045878,0.0
926501.507723051,0.0
952031.507723051,0.0
887454.7405415142,0.0
853741.7405415142,0.0
845111.9733599776,0.0
852932.7405415142,0.0
784504.9733599776,0.0
661912.9733599776,0.0
551216.9733599776,0.0
518741.74054151424,0.0
514942.507723051,0.0
524265.2749045878,0.0
522820.2749045878,0.0
523100.2749045878,0.0
552827.0420861244,0.0
622498.8092676613,0.0
754238.576449198,0.0
861557.576449198,0.0
955366.3436307346,0.0
993889.1108122715,0.0
1013396.8779938081,0.0
1016559.6451753449,0.0
1043414.4123568817,0.0
1038106.4123568817,0.0
1069849.1795384183,0.0
1089647.1795384183,0.0
1058102.9467199552,0.0
1032654.9467199551,0.0
1040365.9467199551,0.0
1038335.9467199551,0.0
997453.7139014918,0.0
866086.9467199551,0.0
774652.7139014918,0.0
725556.7139014918,0.0
707932.7139014918,0.0
700914.7139014918,0.0
714849.4810830285,0.0
698615.7139014918,0.0
728031.4810830285,0.0
800764.2482645652,0.0
917735.2482645652,0.0
1024629.2482645652,0.0
1101516.2482645651,0.0
1142948.015446102,0.0
1132594.2482645651,0.0
1100394.4810830285,0.0
1098561.4810830285,0.0
1094127.7139014918,0.0
1077442.9467199552,0.0
1050670.1795384183,0.0
1035666.1795384183,0.0
989026.1795384183,0.0
979116.1795384183,0.0
963238.1795384183,0.0
932363.9467199551,0.0
808242.1795384183,0.0
709348.4123568817,0.0
664057.4123568817,0.0
646266.4123568817,0.0
651501.1795384183,0.0
650004.1795384183,0.0
666057.9467199551,0.0
687468.7139014918,0.0
713177.7139014918,0.0
802152.4810830285,0.0
913294.2482645652,0.0
964085.2482645652,0.0
929588.4810830285,0.0
978822.2482645652,0.0
991658.015446102,0.0
1006199.7826276387,0.0
1023882.5498091755,0.0
1045640.3169907122,0.0
1088689.0841722488,0.0
1105812.8513537857,0.0
1078189.8513537857,0.0
1052928.0841722488,0.0
1025893.3169907122,0.0
1008382.084172249,0.0
960341.8513537857,0.0
866455.8513537857,0.0
807942.084172249,0.0
772970.3169907122,0.0
750269.5498091755,0.0
731243.7826276387,0.0
731202.7826276387,0.0
718313.015446102,0.0
720060.2482645652,0.0
797674.015446102,0.0
896493.7826276387,0.0
938814.015446102,0.0
961299.015446102,0.0
958629.2482645652,0.0
960851.2482645652,0.0
950078.4810830285,0.0
975128.2482645652,0.0
991784.2482645652,0.0
1036733.015446102,0.0
1036659.7826276387,0.0
1084964.5498091755,0.0
1068395.3169907122,0.0
1062687.5498091755,0.0
988678.7826276387,0.0
905580.5498091755,0.0
806126.7826276387,0.0
752059.015446102,0.0
720115.2482645652,0.0
713321.2482645652,0.0
728174.015446102,0.0
744741.7826276387,0.0
758018.7826276387,0.0
791207.015446102,0.0
889192.2482645652,0.0
1018118.015446102,0.0
1116200.015446102,0.0
1142832.015446102,0.0
1173079.7826276387,0.0
1145888.015446102,0.0
1138185.2482645651,0.0
1140560.2482645651,0.0
1154683.2482645651,0.0
1180326.2482645651,0.0
1147012.2482645651,0.0
1094102.4810830285,0.0
1122124.2482645651,0.0
1117481.2482645651,0.0
1059660.015446102,0.0
950542.7826276387,0.0
823048.015446102,0.0
759053.2482645652,0.0
740125.2482645652,0.0
732098.2482645652,0.0
746551.015446102,0.0
733515.2482645652,0.0
760713.015446102,0.0
833332.7826276387,0.0
895773.015446102,0.0
1060633.7826276387,0.0
1140392.7826276387,0.0
1164612.7826276387,0.0
1190142.5498091755,0.0
1188732.3169907122,0.0
1196418.3169907122,0.0
1116553.5498091755,0.0
825730.5498091755,1.0
1222667.5498091755,0.0
1206812.3169907122,0.0
1168089.3169907122,0.0
1158287.5498091755,0.0
1139306.7826276387,0.0
1093171.5498091755,0.0
968878.5498091755,0.0
858886.5498091755,0.0
825493.3169907122,0.0
814917.084172249,0.0
823320.8513537857,0.0
823502.8513537857,0.0
841960.6185353225,0.0
857532.6185353225,0.0
895935.8513537857,0.0
1029173.6185353225,0.0
1135967.6185353226,0.0
1197596.8513537857,0.0
1237821.6185353226,0.0
1240922.6185353226,0.0
1209231.8513537857,0.0
1230241.6185353226,0.0
1237739.6185353226,0.0
1271573.3857168593,0.0
1295528.3857168593,0.0
1242729.6185353226,0.0
1206953.6185353226,0.0
1194297.8513537857,0.0
1188993.8513537857,0.0
1139183.8513537857,0.0
1015814.8513537857,0.0
890810.084172249,0.0
842955.084172249,0.0
823347.084172249,0.0
832420.8513537857,0.0
848125.6185353225,0.0
818141.8513537857,0.0
814599.084172249,0.0
885400.8513537857,0.0
1018634.6185353225,0.0
1083726.8513537857,0.0
1151668.0841722488,0.0
1209017.8513537857,0.0
1192851.0841722488,0.0
1222408.0841722488,0.0
1260719.0841722488,0.0
1439789.8513537857,0.0
1411909.8513537857,0.0
1169288.8513537857,0.0
1162240.8513537857,0.0
1113920.0841722488,0.0
1125907.8513537857,0.0
1117131.8513537857,0.0
1074455.6185353226,0.0
981853.3857168591,0.0
889854.3857168591,0.0
829050.6185353225,0.0
796197.8513537857,0.0
774153.084172249,0.0
774571.084172249,0.0
766786.084172249,0.0
793383.8513537857,0.0
861586.6185353225,0.0
974316.6185353225,0.0
1055449.8513537857,0.0
1142923.6185353226,0.0
1188645.3857168593,0.0
1176191.6185353226,0.0
1174170.6185353226,0.0
1185957.3857168593,0.0
1185686.3857168593,0.0
1185873.3857168593,0.0
1204625.3857168593,0.0
1170991.152898396,0.0
1156866.9200799325,0.0
1139263.9200799325,0.0
1145048.6872614692,0.0
1093444.9200799325,0.0
995821.1528983958,0.0
932997.9200799325,0.0
872336.1528983958,0.0
837856.3857168591,0.0
847230.1528983958,0.0
846232.1528983958,0.0
858796.9200799325,0.0
868980.6872614693,0.0
902877.4544430061,0.0
980901.6872614693,0.0
1084633.454443006,0.0
1123623.6872614692,0.0
1108828.9200799325,0.0
1084303.152898396,0.0
1110560.9200799325,0.0
1115353.9200799325,0.0
1026593.9200799325,0.0
1144471.6872614692,0.0
1152617.9200799325,0.0
1136562.152898396,0.0
1127476.9200799325,0.0
1118111.9200799325,0.0
1090788.152898396,0.0
1062561.152898396,0.0
986103.3857168591,0.0
949823.1528983958,0.0
919261.9200799325,0.0
884440.9200799325,0.0
856897.1528983958,0.0
837836.3857168591,0.0
833207.3857168591,0.0
823016.6185353225,0.0
837908.6185353225,0.0
899954.6185353225,0.0
961485.8513537857,0.0
1029557.6185353225,0.0
1049292.6185353226,0.0
1076536.3857168593,0.0
1061668.6185353226,0.0
1064266.6185353226,0.0
1087508.3857168593,0.0
1084720.6185353226,0.0
1103019.8513537857,0.0
1102100.0841722488,0.0
1098160.0841722488,0.0
1090947.3169907122,0.0
1086873.3169907122,0.0
1010510.5498091755,0.0
927848.3169907122,0.0
845751.3169907122,0.0
787146.5498091755,0.0
754872.7826276387,0.0
763387.5498091755,0.0
762842.5498091755,0.0
778775.3169907122,0.0
774074.5498091755,0.0
840981.3169907122,0.0
967963.084172249,0.0
1060598.3169907122,0.0
1124637.5498091755,0.0
1151796.5498091755,0.0
1148390.7826276387,0.0
1154490.7826276387,0.0
1169474.5498091755,0.0
1154881.7826276387,0.0
1165900.7826276387,0.0
1174756.015446102,0.0
1147789.015446102,0.0
1138426.7826276387,0.0
1125161.015446102,0.0
1105108.2482645651,0.0
1027898.2482645652,0.0
927404.015446102,0.0
808050.7826276387,0.0
783026.7826276387,0.0
781068.5498091755,0.0
789777.3169907122,0.0
804971.084172249,0.0
805860.084172249,0.0
834721.8513537857,0.0
890178.8513537857,0.0
1005286.6185353225,0.0
973041.3857168591,0.0
1003083.6185353225,0.0
1050967.6185353226,0.0
1183894.3857168593,0.0
1048055.6185353225,0.0
1141305.3857168593,0.0
1217438.152898396,0.0
1235657.152898396,0.0
1261854.3857168593,0.0
1219242.6185353226,0.0
1189648.3857168593,0.0
1192337.3857168593,0.0
1188412.3857168593,0.0
1116509.6185353226,0.0
995922.6185353225,0.0
873578.8513537857,0.0
810764.084172249,0.0
775717.3169907122,0.0
752664.5498091755,0.0
748938.5498091755,0.0
764390.3169907122,0.0
762602.5498091755,0.0
803836.7826276387,0.0
941961.5498091755,0.0
1032643.7826276387,0.0
1121220.5498091755,0.0
1145187.5498091755,0.0
1138040.7826276387,0.0
1150787.5498091755,0.0
1152339.5498091755,0.0
1138804.7826276387,0.0
1165213.5498091755,0.0
1206438.3169907122,0.0
1189296.0841722488,0.0
1151927.0841722488,0.0
1171016.8513537857,0.0
1180307.6185353226,0.0
1126315.6185353226,0.0
1025766.3857168591,0.0
929741.1528983958,0.0
892478.9200799325,0.0
858227.1528983958,0.0
834171.3857168591,0.0
831864.3857168591,0.0
813818.6185353225,0.0
842081.3857168591,0.0
887282.6185353225,0.0
995278.8513537857,0.0
1080489.0841722488,0.0
1152064.0841722488,0.0
1170832.0841722488,0.0
1173559.0841722488,0.0
1191809.8513537857,0.0
1208361.6185353226,0.0
1193419.8513537857,0.0
1200579.8513537857,0.0
1207237.0841722488,0.0
1158847.3169907122,0.0
1103510.5498091755,0.0
1104061.5498091755,0.0
1116683.3169907122,0.0
1046442.5498091755,0.0
914746.7826276387,0.0
828267.5498091755,0.0
763070.7826276387,0.0
708000.5498091755,0.0
767038.3169907122,0.0
749405.5498091755,0.0
749678.5498091755,0.0
762359.5498091755,0.0
815127.5498091755,0.0
950985.3169907122,0.0
1050330.3169907122,0.0
1117071.3169907122,0.0
1112208.5498091755,0.0
1135082.3169907122,0.0
1129528.3169907122,0.0
1146251.0841722488,0.0
1142604.0841722488,0.0
1156784.8513537857,0.0
1162288.0841722488,0.0
1107908.3169907122,0.0
1048869.5498091755,0.0
1024317.7826276387,0.0
1008262.7826276387,0.0
964930.7826276387,0.0
883997.7826276387,0.0
803694.7826276387,0.0
740511.015446102,0.0
720144.7826276387,0.0
726608.7826276387,0.0
708008.015446102,0.0
706266.015446102,0.0
725687.7826276387,0.0
738902.015446102,0.0
833624.7826276387,0.0
902318.015446102,0.0
921423.2482645652,0.0
941052.2482645652,0.0
941017.2482645652,0.0
943023.2482645652,0.0
946280.2482645652,0.0
927593.4810830285,0.0
945772.2482645652,0.0
967934.2482645652,0.0
984631.015446102,0.0
975484.7826276387,0.0
963959.5498091755,0.0
958274.5498091755,0.0
917710.7826276387,0.0
886049.5498091755,0.0
791755.3169907122,0.0
746356.5498091755,0.0
726102.5498091755,0.0
700754.7826276387,0.0
684079.015446102,0.0
703108.7826276387,0.0
723527.5498091755,0.0
744894.3169907122,0.0
826012.3169907122,0.0
892110.5498091755,0.0
941692.5498091755,0.0
946021.7826276387,0.0
938231.015446102,0.0
924778.2482645652,0.0
942337.015446102,0.0
962590.7826276387,0.0
987854.5498091755,0.0
1004526.7826276387,0.0
1004241.015446102,0.0
1015086.7826276387,0.0
1049509.5498091755,0.0
1040692.5498091755,0.0
975158.5498091755,0.0
880591.5498091755,0.0
803936.5498091755,0.0
771492.3169907122,0.0
755916.3169907122,0.0
735572.5498091755,0.0
718710.7826276387,0.0
732024.5498091755,0.0
728211.7826276387,0.0
797417.5498091755,0.0
912204.5498091755,0.0
1033295.3169907122,0.0
1129546.0841722488,0.0
1149287.0841722488,0.0
1185358.8513537857,0.0
1206187.6185353226,0.0
1220848.3857168593,0.0
1237151.152898396,0.0
1222897.3857168593,0.0
1216823.6185353226,0.0
1189063.8513537857,0.0
1152824.8513537857,0.0
1136704.0841722488,0.0
1110324.3169907122,0.0
1050554.5498091755,0.0
876172.7826276387,0.0
766702.015446102,0.0
720924.015446102,0.0
703854.015446102,0.0
713715.7826276387,0.0
711304.7826276387,0.0
697368.015446102,0.0
730704.7826276387,0.0
792174.7826276387,0.0
940554.5498091755,0.0
1039387.5498091755,0.0
1086467.7826276387,0.0
1103998.7826276387,0.0
1094482.015446102,0.0
1110129.7826276387,0.0
1101458.7826276387,0.0
1102243.7826276387,0.0
1116157.7826276387,0.0
1142286.7826276387,0.0
1128149.5498091755,0.0
1082231.7826276387,0.0
1060838.7826276387,0.0
1041705.7826276387,0.0
993339.5498091755,0.0
897233.5498091755,0.0
810388.5498091755,0.0
765136.5498091755,0.0
765184.3169907122,0.0
757390.3169907122,0.0
771989.084172249,0.0
756752.3169907122,0.0
782035.084172249,0.0
853964.8513537857,0.0
978554.8513537857,0.0
1060023.0841722488,0.0
1127125.8513537857,0.0
1139308.0841722488,0.0
1148269.8513537857,0.0
1172164.6185353226,0.0
1184625.3857168593,0.0
1171162.6185353226,0.0
1173680.8513537857,0.0
1219621.6185353226,0.0
1065397.8513537857,0.0
1149535.8513537857,0.0
1147723.6185353226,0.0
1161466.3857168593,0.0
1097822.6185353226,0.0
995149.3857168591,0.0
895725.3857168591,0.0
832804.6185353225,0.0
812082.6185353225,0.0
793382.8513537857,0.0
774587.084172249,0.0
788170.8513537857,0.0
790288.084172249,0.0
860524.8513537857,0.0
985483.8513537857,0.0
1074196.8513537857,0.0
1122234.0841722488,0.0
1146726.8513537857,0.0
1144421.0841722488,0.0
1128752.3169907122,0.0
1120516.5498091755,0.0
1110270.7826276387,0.0
1089059.7826276387,0.0
1124249.7826276387,0.0
1088493.5498091755,0.0
1067492.7826276387,0.0
1074533.5498091755,0.0
1059744.7826276387,0.0
1022887.7826276387,0.0
924056.5498091755,0.0
814482.7826276387,0.0
749714.015446102,0.0
696481.2482645652,0.0
710031.2482645652,0.0
700670.2482645652,0.0
691236.2482645652,0.0
688350.4810830285,0.0
719798.7139014918,0.0
856257.4810830285,0.0
955467.4810830285,0.0
1050601.2482645651,0.0
1055054.2482645651,0.0
1050686.015446102,0.0
1062721.015446102,0.0
1069460.015446102,0.0
1095062.7826276387,0.0
1077706.015446102,0.0
1081407.2482645651,0.0
1031758.4810830285,0.0
911070.2482645652,0.0
1009722.015446102,0.0
997845.015446102,0.0
969236.7826276387,0.0
893240.7826276387,0.0
815828.5498091755,0.0
743560.7826276387,0.0
738367.7826276387,0.0
558521.015446102,1.0
487949.7826276387,1.0
738170.5498091755,0.0
729140.7826276387,0.0
761374.7826276387,0.0
848405.7826276387,0.0
918021.015446102,0.0
962926.015446102,0.0
962373.2482645652,0.0
950988.4810830285,0.0
926460.7139014918,0.0
932846.7139014918,0.0
912857.9467199551,0.0
896454.1795384183,0.0
937057.9467199551,0.0
934979.9467199551,0.0
891058.1795384183,0.0
896861.9467199551,0.0
890131.7139014918,0.0
884277.4810830285,0.0
809392.7139014918,0.0
751280.4810830285,0.0
697100.4810830285,0.0
656351.7139014918,0.0
664243.4810830285,0.0
650723.7139014918,0.0
663508.4810830285,0.0
664734.4810830285,0.0
690168.4810830285,0.0
743242.7139014918,0.0
813181.9467199551,0.0
873649.7139014918,0.0
813868.9467199551,0.0
901026.7139014918,0.0
886518.9467199551,0.0
909574.7139014918,0.0
910852.7139014918,0.0
940030.4810830285,0.0
978286.2482645652,0.0
970624.4810830285,0.0
983668.2482645652,0.0
1003916.2482645652,0.0
999558.2482645652,0.0
954345.015446102,0.0
874441.7826276387,0.0
804569.5498091755,0.0
763235.5498091755,0.0
764266.3169907122,0.0
774543.084172249,0.0
758893.3169907122,0.0
757729.3169907122,0.0
786229.084172249,0.0
823893.3169907122,0.0
929055.3169907122,0.0
1023197.5498091755,0.0
1108031.5498091755,0.0
1129851.5498091755,0.0
1125083.7826276387,0.0
1121113.015446102,0.0
1128609.7826276387,0.0
1136010.015446102,0.0
1136122.015446102,0.0
1184202.7826276387,0.0
1166436.5498091755,0.0
1125509.5498091755,0.0
1112615.7826276387,0.0
1115088.5498091755,0.0
1041175.7826276387,0.0
916711.7826276387,0.0
797029.015446102,0.0
754131.015446102,0.0
705669.2482645652,0.0
683937.4810830285,0.0
696470.2482645652,0.0
685972.4810830285,0.0
685381.7139014918,0.0
727515.9467199551,0.0
853261.9467199551,0.0
951394.9467199551,0.0
1019211.9467199551,0.0
1021568.1795384183,0.0
1044647.9467199551,0.0
1051332.9467199552,0.0
1042895.1795384183,0.0
1044771.1795384183,0.0
1048964.9467199552,0.0
1088974.7139014918,0.0
1053185.7139014918,0.0
1033762.7139014918,0.0
1019492.7139014918,0.0
1008275.7139014918,0.0
952304.7139014918,0.0
846207.7139014918,0.0
727806.9467199551,0.0
660272.1795384183,0.0
665829.9467199551,0.0
659695.9467199551,0.0
677473.7139014918,0.0
662479.9467199551,0.0
657327.1795384183,0.0
700226.4123568817,0.0
832091.4123568817,0.0
938777.1795384183,0.0
983730.4123568817,0.0
999040.4123568817,0.0
989827.6451753449,0.0
1004726.4123568817,0.0
1009753.4123568817,0.0
1018440.1795384183,0.0
1014319.4123568817,0.0
1015032.6451753449,0.0
956096.8779938081,0.0
959158.8779938081,0.0
950544.8779938081,0.0
954694.6451753449,0.0
898118.6451753449,0.0
761869.6451753449,0.0
666458.6451753449,0.0
639598.4123568817,0.0
609673.6451753449,0.0
588568.8779938081,0.0
586186.8779938081,0.0
599559.6451753449,0.0
630811.4123568817,0.0
674527.6451753449,0.0
792443.8779938081,0.0
900645.6451753449,0.0
956507.6451753449,0.0
961403.8779938081,0.0
987492.6451753449,0.0
989469.6451753449,0.0
972969.8779938081,0.0
996770.6451753449,0.0
984361.8779938081,0.0
1009994.8779938081,0.0
976611.8779938081,0.0
933655.1108122715,0.0
952027.8779938081,0.0
956444.6451753449,0.0
886534.8779938081,0.0
773485.8779938081,0.0
672799.8779938081,0.0
609265.1108122715,0.0
607208.8779938081,0.0
614887.6451753449,0.0
615072.6451753449,0.0
619250.6451753449,0.0
633893.6451753449,0.0
691004.6451753449,0.0
823138.4123568817,0.0
935621.1795384183,0.0
1002753.1795384183,0.0
996173.4123568817,0.0
983966.6451753449,0.0
967573.8779938081,0.0
963449.8779938081,0.0
984484.6451753449,0.0
989593.6451753449,0.0
1022520.4123568817,0.0
960601.6451753449,0.0
872595.8779938081,0.0
848280.1108122715,0.0
810625.8779938081,0.0
779739.6451753449,0.0
746092.4123568817,0.0
687322.1795384183,0.0
652057.1795384183,0.0
623735.1795384183,0.0
614423.1795384183,0.0
612381.1795384183,0.0
597986.4123568817,0.0
603994.4123568817,0.0
647616.1795384183,0.0
718560.1795384183,0.0
777338.1795384183,0.0
809059.1795384183,0.0
819795.4123568817,0.0
854838.4123568817,0.0
808657.6451753449,0.0
812212.8779938081,0.0
801417.8779938081,0.0
815917.8779938081,0.0
830419.8779938081,0.0
847033.6451753449,0.0
836255.4123568817,0.0
837205.4123568817,0.0
811600.1795384183,0.0
800462.9467199551,0.0
754362.9467199551,0.0
705467.9467199551,0.0
690509.9467199551,0.0
664715.9467199551,0.0
662063.9467199551,0.0
669476.7139014918,0.0
662695.9467199551,0.0
650946.1795384183,0.0
693445.9467199551,0.0
774856.9467199551,0.0
863739.7139014918,0.0
881860.9467199551,0.0
874034.1795384183,0.0
876525.1795384183,0.0
875493.1795384183,0.0
886110.9467199551,0.0
885714.1795384183,0.0
908994.9467199551,0.0
944855.9467199551,0.0
963605.9467199551,0.0
942325.1795384183,0.0
975432.9467199551,0.0
993540.7139014918,0.0
936620.7139014918,0.0
850798.4810830285,0.0
748033.7139014918,0.0
706527.7139014918,0.0
705599.4810830285,0.0
700492.4810830285,0.0
698990.4810830285,0.0
715591.2482645652,0.0
728110.2482645652,0.0
770686.4810830285,0.0
887694.4810830285,0.0
1006502.2482645652,0.0
1085434.2482645651,0.0
1112863.2482645651,0.0
1122314.2482645651,0.0
1134011.2482645651,0.0
1150883.015446102,0.0
1137134.2482645651,0.0
1142469.2482645651,0.0
1181686.015446102,0.0
1152593.015446102,0.0
1118957.015446102,0.0
1121984.015446102,0.0
1041984.2482645652,0.0
1015870.015446102,0.0
881703.2482645652,0.0
761974.4810830285,0.0
700045.7139014918,0.0
682928.7139014918,0.0
676897.7139014918,0.0
675815.7139014918,0.0
661393.9467199551,0.0
693443.7139014918,0.0
761632.7139014918,0.0
874098.9467199551,0.0
976792.9467199551,0.0
1055128.7139014918,0.0
1073214.7139014918,0.0
1063417.9467199552,0.0
1059257.1795384183,0.0
1076515.9467199552,0.0
1065577.1795384183,0.0
1073230.1795384183,0.0
1100190.1795384183,0.0
1054794.4123568817,0.0
1010199.6451753449,0.0
1000846.8779938081,0.0
1005709.6451753449,0.0
956472.4123568817,0.0
831825.4123568817,0.0
725008.4123568817,0.0
676018.4123568817,0.0
642453.6451753449,0.0
619779.8779938081,0.0
603125.1108122715,0.0
604734.1108122715,0.0
622445.1108122715,0.0
688899.1108122715,0.0
813436.1108122715,0.0
925056.8779938081,0.0
906774.8779938081,0.0
938154.1108122715,0.0
950783.8779938081,0.0
984802.6451753449,0.0
1001181.6451753449,0.0
994191.8779938081,0.0
1006431.8779938081,0.0
1049699.6451753448,0.0
1008267.8779938081,0.0
995450.6451753449,0.0
998099.6451753449,0.0
1007240.4123568817,0.0
933317.6451753449,0.0
831042.4123568817,0.0
741953.1795384183,0.0
693877.1795384183,0.0
691103.9467199551,1.0
411258.94671995507,1.0
665468.1795384183,1.0
655382.9467199551,1.0
596814.9467199551,1.0
667412.7139014918,1.0
862548.4810830285,0.0
994489.2482645652,0.0
988283.4810830285,0.0
990123.7139014918,0.0
988879.4810830285,0.0
1007688.2482645652,0.0
983436.4810830285,0.0
1002028.2482645652,0.0
1018173.015446102,0.0
1017961.2482645652,0.0
973867.4810830285,0.0
942240.4810830285,0.0
946509.4810830285,0.0
913394.7139014918,0.0
837284.7139014918,0.0
794226.9467199551,0.0
740247.7139014918,0.0
666304.9467199551,0.0
659749.7139014918,0.0
639161.9467199551,0.0
627589.1795384183,0.0
638863.9467199551,0.0
654895.9467199551,0.0
743209.7139014918,0.0
861159.9467199551,0.0
977429.7139014918,0.0
1011978.9467199551,0.0
993164.7139014918,0.0
964051.9467199551,0.0
939469.1795384183,0.0
930338.9467199551,0.0
947552.9467199551,0.0
959728.9467199551,0.0
938464.1795384183,0.0
908381.1795384183,0.0
887890.9467199551,0.0
864626.1795384183,0.0
871724.9467199551,0.0
866587.7139014918,0.0
792255.9467199551,0.0
721222.9467199551,0.0
692182.7139014918,0.0
657585.9467199551,0.0
648925.9467199551,0.0
662593.7139014918,0.0
677339.4810830285,0.0
696242.2482645652,0.0
739162.2482645652,0.0
830804.2482645652,0.0
931207.015446102,0.0
965487.2482645652,0.0
978292.2482645652,0.0
967632.4810830285,0.0
940080.4810830285,0.0
949993.4810830285,0.0
958891.4810830285,0.0
983415.2482645652,0.0
981693.2482645652,0.0
974006.2482645652,0.0
952270.2482645652,0.0
917763.4810830285,0.0
894808.7139014918,0.0
874584.7139014918,0.0
825848.4810830285,0.0
757991.4810830285,0.0
712357.4810830285,0.0
693888.4810830285,0.0
683540.4810830285,0.0
697547.2482645652,0.0
695284.2482645652,0.0
716551.015446102,0.0
730507.2482645652,0.0
820225.015446102,0.0
880188.2482645652,0.0
931366.2482645652,0.0
960184.2482645652,0.0
952405.4810830285,0.0
962860.2482645652,0.0
952758.4810830285,0.0
955846.4810830285,0.0
954564.7139014918,0.0
984314.4810830285,0.0
988485.2482645652,0.0
961827.2482645652,0.0
942286.4810830285,0.0
941056.2482645652,0.0
902174.2482645652,0.0
847505.015446102,0.0
769531.015446102,0.0
730682.015446102,0.0
699423.2482645652,0.0
677506.4810830285,0.0
661731.7139014918,0.0
646394.9467199551,0.0
676545.7139014918,0.0
726394.9467199551,0.0
871920.7139014918,0.0
972100.7139014918,0.0
1051366.4810830285,0.0
1031410.2482645652,0.0
1012303.2482645652,0.0
983069.4810830285,0.0
998361.2482645652,0.0
1000678.2482645652,0.0
1021243.015446102,0.0
1046939.7826276387,0.0
1010059.015446102,0.0
962956.2482645652,0.0
970704.015446102,0.0
970963.015446102,0.0
910735.2482645652,0.0
835407.2482645652,0.0
746812.4810830285,0.0
704516.4810830285,0.0
702940.2482645652,0.0
711774.015446102,0.0
