256.096340565995,0.0
127.11729555221575,0.0
517.8714742513499,0.0
696.5227854921208,0.0
714.0255076272956,0.0
245.783245978375,0.0
425.3304192798708,0.0
476.39971043417586,0.0
457.534599874852,0.0
1129.3244229331488,0.0
721.052615880802,0.0
592.6251887738979,0.0
442.32572503768,0.0
533.5808120358171,0.0
581.7472216744831,0.0
608.1281245887831,0.0
656.7747906735742,0.0
340.7171240929133,0.0
652.5580020206814,0.0
359.7743628747194,0.0
737.9194016213742,0.0
766.8090997832114,0.0
888.9963163995742,0.0
1060.9077991461043,0.0
1055.5642273128074,0.0
1334.2317517820402,0.0
1482.87970333078,0.0
1155.48256913961,0.0
1196.398860275253,0.0
1489.773321295123,0.0
1456.7517141611029,0.0
1549.158475287886,0.0
1590.7706698977358,0.0
1697.2538551580888,0.0
1856.7236073348058,0.0
2087.7974062490784,0.0
2066.6508969242886,0.0
1922.1266421255414,0.0
2131.4452585992285,0.0
1698.268633427206,0.0
1977.407279510233,0.0
1869.146200494226,0.0
1530.6431272802427,0.0
1449.8877014060229,0.0
1508.393380656846,0.0
1387.3171751391828,0.0
1408.5770305958558,0.0
1942.1451227334358,0.0
1994.0540962306486,0.0
1763.6910019152488,0.0
1843.3879938040986,0.0
1560.1931129558857,0.0
1970.6516283095827,0.0
1294.620654108963,0.0
1548.5633400819356,0.0
1713.1246971435287,0.0
1623.6229975067959,0.0
1431.8815569447258,0.0
1117.5662220873137,0.0
1274.4663772654535,0.0
1562.8599588508287,0.0
1449.3211136040889,0.0
1221.8055353654668,0.0
1213.0792154635728,0.0
1161.6580477780697,0.0
1462.0279084629847,0.0
1213.5881782966994,0.0
1526.7294028277215,0.0
1587.7039312025222,0.0
1369.6255878324425,0.0
1310.6986446381106,0.0
1440.6169334646543,0.0
1207.3309389920894,0.0
1129.6500225512696,0.0
1234.8670247123464,0.0
1402.4815404437204,0.0
1024.6180598307235,0.0
786.3299334265736,0.0
440.78425113991386,0.0
149.1881796556148,0.0
224.4385329379355,0.0
715.8006096883967,0.0
698.1932737037826,0.0
578.4071745568023,0.0
352.10654853649163,0.0
433.62608478198047,0.0
534.182704613204,0.0
94.92450564276766,0.0
220.08786763033058,0.0
180.60507632773465,0.0
130.7153015210938,0.0
-221.15628335863528,0.0
-90.57018925432834,0.0
-182.3553255431235,0.0
70.2157807324416,0.0
-68.64450228566045,0.0
-58.703929618319535,0.0
117.85043432336062,0.0
-167.65302859248334,0.0
81.73536403952153,0.0
-129.64176177774937,0.0
-477.03127964162843,0.0
-609.5728057177114,0.0
-639.4891955857231,0.0
-904.8659395862642,0.0
-721.1441504458192,0.0
-987.0518740606442,0.0
-558.440770715513,0.0
-1006.864821938147,0.0
-720.389256567854,0.0
-1290.0773358800827,0.0
-1284.99019184432,0.0
-1097.200015457,0.0
-1239.838838109643,0.0
-1459.0321323672,0.0
-1048.213890011418,0.0
-1489.0915748873529,0.0
-1065.94941712985,0.0
-901.094050154327,0.0
-1102.65453560621,0.0
-1281.9163131733526,0.0
-1211.2578563445927,0.0
-1589.013153292066,0.0
-1391.7336577089327,0.0
-1572.9901125738559,0.0
-1015.7290986746839,0.0
-1146.7956809160016,0.0
-1507.4779753703056,0.0
-1653.4709559444286,0.0
-1514.6722247387497,0.0
-1051.3856639920245,0.0
-1290.170531401866,0.0
-1004.0215842489438,0.0
-1195.6580599203628,0.0
-694.948471482955,0.0
-857.4631673337631,0.0
-742.9910959041242,0.0
-648.6065635164991,0.0
-722.784337326947,0.0
-821.1182867585741,0.0
-577.6788311247209,0.0
-667.5971858741709,0.0
-832.2269034646267,0.0
-1070.0202715745986,0.0
-1139.0827304799636,0.0
-906.3615389399188,0.0
-793.1726555581508,0.0
-738.1970481842716,0.0
-632.3763034323466,0.0
-1042.7125116156135,0.0
-322.45517313662856,0.0
-825.9063366799196,0.0
-392.9866709068062,0.0
27.02512191919641,0.0
-345.5562442840685,0.0
-385.2765158310906,0.0
-318.37668283989433,0.0
30.660512251419334,0.0
-30.970030277708645,0.0
-45.82944163649364,0.0
151.27138850029144,0.0
179.25788555195123,0.0
1001.7454671992872,0.0
994.56700279235,0.0
737.6096645484431,0.0
647.812359641677,0.0
450.70744324952426,0.0
792.5299035565442,0.0
598.2855777355433,0.0
518.7198638969321,0.0
1019.4171846193512,0.0
372.69463018373244,0.0
550.1566931989283,0.0
401.89871496408546,0.0
382.55790315739546,0.0
606.9264694765427,0.0
357.42760661095554,0.0
665.4310578165555,0.0
633.1043574462756,0.0
376.7087133895327,0.0
547.91190711341,0.0
644.6100964658926,0.0
779.5580787487354,0.0
1261.3538386467885,0.0
1202.3769203593783,0.0
1106.4748772098683,0.0
1315.9106101082316,0.0
1161.5862568055313,0.0
1292.6076928112714,0.0
1708.3019157159742,0.0
1370.0478421084113,0.0
1422.922505801341,0.0
1679.7489843815983,0.0
1143.9939293317484,0.0
1621.4993220271513,0.0
1929.0094512456642,0.0
1493.7554201852072,0.0
1582.575589120134,0.0
1634.7525331188772,0.0
1613.873776801467,0.0
1632.0022079282098,0.0
1657.0392595326,0.0
1952.6482888458872,0.0
1939.94271778409,0.0
2097.4009797644726,0.0
2240.840498763263,0.0
1838.5595725884427,0.0
2058.243785054033,0.0
1994.4528700232459,0.0
1883.901696392946,0.0
2146.8754295426857,0.0
1942.2807064135059,0.0
1825.2429931687986,0.0
1961.9983451635787,0.0
2146.5832001908957,0.0
1916.0197858275726,0.0
1220.1029486282598,0.0
1495.73460925667,0.0
1741.4365958769029,0.0
1072.54858482575,0.0
1641.18855928722,0.0
1206.82737758475,0.0
1460.5574943854829,0.0
1320.6902460536928,0.0
1498.00235345423,0.0
705.0523762193191,0.0
1056.95475672312,0.0
953.4126389965909,0.0
1201.3721650450627,0.0
1649.6227874150559,0.0
978.3439104724347,0.0
1086.0535402250548,0.0
884.0575102036549,0.0
1170.7788402090528,0.0
610.5023403467729,0.0
986.8366068751227,0.0
1174.6650808670659,0.0
860.1334618981107,0.0
849.6421844702265,0.0
905.7794679670136,0.0
985.7905322798737,0.0
628.4456842416528,0.0
1236.7235262733025,0.0
993.7514869633462,0.0
489.74583395607107,0.0
932.7426350283372,0.0
1283.7838499727582,0.0
859.5617068729862,0.0
987.1044009837965,0.0
1101.1171947063783,0.0
592.7537427355602,0.0
834.6521856624382,0.0
644.1831322475193,0.0
893.3091718577585,0.0
550.6820816158015,0.0
319.1599792572705,0.0
247.58078332290847,0.0
216.5183304225236,0.0
13.398430312551454,0.0
311.69902681140036,0.0
329.4330514039493,0.0
206.44111272250552,0.0
-160.58407844993656,0.0
202.36437973574158,0.0
-107.50339822232536,0.0
365.14194565426556,0.0
-406.83525556934546,0.0
-164.06985865493152,0.0
-406.6347378062453,0.0
-28.56984955886867,0.0
238.59115631776513,0.0
508.3582823508791,0.0
201.55187493604615,0.0
-88.46026337645992,0.0
219.59796683606214,0.0
272.41395296050416,0.0
52.56268056179522,0.0
284.1047840732523,0.0
-35.65018188891872,0.0
-299.3239372582227,0.0
365.43079041368514,0.0
-37.621461025907934,0.0
191.77348650688737,0.0
187.2492661016563,0.0
176.70902652362724,0.0
337.0047910213165,0.0
-160.79637197870238,0.0
-226.39257868166044,0.0
209.6553630168753,0.0
311.38176216924114,0.0
516.234716661414,0.0
882.0860620676561,0.0
356.82470014067496,0.0
845.873617780131,0.0
1073.310922301015,0.0
1076.705910023212,0.0
867.289090106699,0.0
1128.549604147176,0.0
1038.432198231992,0.0
1137.3682461017759,0.0
1294.2902109155639,0.0
1794.8526728426796,0.0
1817.4479557020309,0.0
2125.8543894811937,0.0
1862.6922471711428,0.0
1719.2894293274933,0.0
1943.4887068232513,0.0
1964.5392727995916,0.0
2084.6614568757714,0.0
2238.0724129713467,0.0
1927.7392415360982,0.0
2273.8402880103554,0.0
2138.5470890956153,0.0
2478.439586465779,0.0
2543.577725364444,0.0
2709.217308687813,0.0
2391.506607030774,0.0
2706.3168471142744,0.0
2477.1842180849526,0.0
2194.1629211062505,0.0
2775.7694005300177,0.0
2508.4468299743835,0.0
2501.563621859382,0.0
2573.0966229861338,0.0
2999.397277989465,0.0
3018.4901721129518,0.0
2826.120090681369,0.0
2621.514524207889,0.0
2332.508377068246,0.0
2823.7056692375095,0.0
3184.850193201382,0.0
3177.7728359461917,0.0
2987.3323157547693,0.0
2882.086105780766,0.0
2844.673666356339,0.0
3013.8421246862263,0.0
2844.6971024515833,0.0
3019.3100845252457,0.0
3135.5454662047187,0.0
3112.140505577992,0.0
3260.269958688722,0.0
3433.597106636359,0.0
3318.2330332389893,0.0
3209.746310645486,0.0
3196.2428430246964,0.0
3672.5589119092188,0.0
3550.057142125812,0.0
3617.1847924052718,0.0
3615.7363933933516,0.0
3408.6455562751016,0.0
3470.783475754019,0.0
3622.5264336328355,0.0
3333.458264111393,0.0
2824.83328069161,0.0
3005.339754959947,0.0
2973.2177304113948,0.0
2714.279416155092,0.0
3018.0479822897346,0.0
2822.7208726602544,0.0
2640.6146099637945,0.0
3123.3176190474774,0.0
2887.1554734119145,0.0
2931.6076479073745,0.0
3149.8916349223273,0.0
2964.0674589373475,0.0
2578.4748275897873,0.0
3042.42194582912,0.0
2799.033522678593,0.0
3129.5069098186564,0.0
3534.0984231766392,0.0
3100.8364520449213,0.0
3438.0329539907616,0.0
3130.0434049737887,0.0
3290.7734348947224,0.0
3512.317712990562,0.0
3370.9315081665623,0.0
3633.537951280675,0.0
3105.7209280514644,0.0
3249.912271627858,0.0
3097.8166096451646,0.0
3312.055222292448,0.0
3091.6207934488475,0.0
3081.9277016670776,0.0
3003.5188844693375,0.0
3405.04342240735,0.0
3477.1598976039236,0.0
3368.58219557698,0.0
3536.147177276367,0.0
2913.5529210651275,0.0
3167.9889999607703,0.0
3501.953902341048,0.0
2772.7979692380545,0.0
2725.5892827975576,0.0
2490.6617846606587,0.0
2390.3246721567357,0.0
2107.2555599711445,0.0
1944.7113872181737,0.0
1993.568892361023,0.0
2218.5217638874988,0.0
2109.690647641066,0.0
1970.7927759137829,0.0
1631.6281816641767,0.0
2078.467302470344,0.0
1987.69397551854,0.0
2170.331751047598,0.0
1290.7322471839989,0.0
1557.9852008495259,0.0
1920.247650119191,0.0
1678.1601950263598,0.0
1755.529720164404,0.0
1681.3982701718708,0.0
1683.3884473926075,0.0
1798.5772984878236,0.0
1345.6161679842908,0.0
1601.0560811621906,0.0
1887.0480424251064,0.0
1867.2584347279617,0.0
1718.5660814885016,0.0
1571.6667734540856,0.0
1732.1585644967636,0.0
1345.2415741374787,0.0
1094.1949581465217,0.0
1287.1443236491987,0.0
1369.5876458131956,0.0
1456.6987656857777,0.0
1420.1194680677152,0.0
1479.4040213787375,0.0
1881.0323087886682,0.0
1226.2558974589106,0.0
1827.6191180635303,0.0
1425.0269726160725,0.0
1306.1123463766303,0.0
1064.4640428367602,0.0
1376.5650164721303,0.0
1497.3224140076352,0.0
1146.7997440276672,0.0
1696.6739008387303,0.0
1162.3730011046166,0.0
999.7040983574892,0.0
1579.7036705004305,0.0
2222.414937637607,0.0
2087.3029457682737,0.0
2174.558905789523,0.0
1964.8951778839003,0.0
1922.1293239725912,0.0
1766.4280189515973,0.0
1578.5219723158534,0.0
1596.3246449063386,0.0
1704.7581015727023,0.0
1616.2171175912083,0.0
1678.2231295796676,0.0
1927.242537063576,0.0
1773.6755928181494,0.0
1682.1509552951916,0.0
1969.9156401023224,0.0
1730.5532895699466,0.0
2281.9675834438203,0.0
1732.0126020543103,0.0
2051.8979360948993,0.0
2113.691037849496,0.0
2420.9378760269224,0.0
2478.5074536268557,0.0
1795.9407181543604,0.0
2388.4631924827977,0.0
2277.002996400237,0.0
2539.6154861246755,0.0
3054.6165744949103,0.0
2697.5872862560313,0.0
3012.666163904569,0.0
3046.738458567929,0.0
3156.846614746528,0.0
3729.000726436405,0.0
3458.161399745769,0.0
3651.0171656222283,0.0
4024.1583269645203,0.0
4258.536502823374,0.0
4079.2379151975265,0.0
4685.3737103310295,0.0
4384.268675050729,0.0
4523.185295377412,0.0
4288.718392851362,0.0
4916.638888292835,0.0
5064.661028062705,0.0
4913.067461765086,0.0
5358.426243732315,0.0
5418.440410117098,0.0
5232.977163003386,0.0
5759.214314753597,0.0
5143.229663699638,0.0
5550.759876688648,0.0
5710.1644158272875,0.0
5518.044704779901,0.0
5578.040698207278,0.0
5793.43407977849,0.0
5888.641609704793,0.0
6031.427587658623,0.0
6023.974618152513,0.0
5923.881848929073,0.0
6410.610103169547,0.0
6041.453856028884,0.0
5929.32971581205,0.0
6180.405105244381,0.0
6318.385303849318,0.0
5515.589867940495,0.0
5799.303752973732,0.0
5859.659083762212,0.0
5803.840726555322,0.0
6328.616286849822,0.0
6080.557515795992,0.0
5864.594084196495,0.0
5723.396567224421,0.0
5907.575629124479,0.0
5931.417215730079,0.0
5876.4069696226,0.0
5743.3893026496025,0.0
5971.708347850083,0.0
5976.5938993347245,0.0
6490.347558265688,0.0
5938.497838039988,0.0
6239.0104562244505,0.0
6146.377383663714,0.0
6140.349842631924,0.0
6189.404313864181,0.0
6255.322317433984,0.0
6313.5874909731465,0.0
6834.977263259139,0.0
6648.730647628912,0.0
7001.942273697665,0.0
6643.523584531057,0.0
6893.421393351211,0.0
6628.402479533801,0.0
7033.828708537998,0.0
6378.911196136335,0.0
6967.777819730797,0.0
6565.975826674401,0.0
6706.023501315931,0.0
5973.051381477977,0.0
6325.935744769305,0.0
6201.855653885113,0.0
5635.300408816389,0.0
5916.683540206749,0.0
5724.851036090977,0.0
5243.799521330664,0.0
5877.2612732562175,0.0
5535.152029336299,0.0
5551.565767470317,0.0
5657.475130977207,0.0
5253.912445514604,0.0
5456.620822574524,0.0
5147.56460874267,0.0
5500.071337372044,0.0
5014.354207974764,0.0
4993.246355986107,0.0
5377.61671842706,0.0
5345.372807885583,0.0
5404.376113023654,0.0
5378.053114755643,0.0
5190.529165896649,0.0
5177.025856839209,0.0
5116.5992820108295,0.0
4957.004213346527,0.0
4789.940351548721,0.0
4766.762934754554,0.0
4916.281134445275,0.0
4713.254667670118,0.0
4605.259486213628,0.0
4268.683053979108,0.0
4290.3964262631025,0.0
4240.831419685922,0.0
4467.590602443165,0.0
4304.138210177509,0.0
4325.151570120997,0.0
4070.4535753046002,0.0
4110.306345671027,0.0
3943.3938120958937,0.0
3777.419447094569,0.0
3715.828499818601,0.0
4191.191674100666,0.0
3673.66972240837,0.0
3763.3988348399453,0.0
3834.23035245092,0.0
3887.987323246094,0.0
4027.118940370059,0.0
3903.3977575181666,0.0
3696.982707144408,0.0
3584.8528319236048,0.0
3937.0789206405957,0.0
3894.872289040458,0.0
3487.1071102461096,0.0
4067.0398550942077,0.0
3685.2082336631875,0.0
3821.435407545541,0.0
3978.6368988391264,0.0
3851.9133428840005,0.0
4104.663374863122,0.0
3885.2437235691937,0.0
4636.395516159416,0.0
4417.772849605585,0.0
4568.205041601838,0.0
4373.242782408104,0.0
3923.8636108367455,0.0
4547.207364228004,0.0
4530.757737154337,0.0
4539.923347825341,0.0
4444.791396659072,0.0
4482.8180165528875,0.0
4549.070339047741,0.0
4338.739275024322,0.0
4941.413702495251,0.0
4437.773215168256,0.0
4585.387229095692,0.0
4743.999598562919,0.0
5360.783283196757,0.0
4998.648422034589,0.0
5056.464388745894,0.0
5329.00261903284,0.0
5262.673065368304,0.0
4857.250037888628,0.0
5693.435738602727,0.0
5494.415990863949,0.0
5536.14185744278,0.0
5616.068878693134,0.0
5562.462983050516,0.0
8799.123924745867,1.0
8799.123924745867,1.0
8666.656255150083,1.0
5659.316511308626,0.0
6078.108387697201,0.0
5691.8776565423605,0.0
5934.729651139291,0.0
5702.44869735724,0.0
6053.268537476348,0.0
6092.402482102148,0.0
5976.541424041638,0.0
6533.45072354133,0.0
6308.374015459674,0.0
6277.0469164162605,0.0
6481.340961242017,0.0
6540.807677648331,0.0
6807.912168652653,0.0
6853.826185304861,0.0
6529.808366304587,0.0
6797.081036817801,0.0
6457.569785658938,0.0
6731.133726083377,0.0
6625.880743681828,0.0
7126.06440329902,0.0
6907.86046075269,0.0
6970.01395118027,0.0
7008.39427888317,0.0
6511.396396893628,0.0
6895.438831762671,0.0
7530.333480638921,0.0
7449.039396363194,0.0
7484.731726638607,0.0
7480.402403964037,0.0
7380.883352347884,0.0
7401.07548736904,0.0
10262.166738775919,1.0
10262.166738775919,1.0
10262.166738775919,1.0
7168.27139104291,0.0
7488.922944417874,0.0
7697.244033926894,0.0
7189.388591660951,0.0
7833.159565290323,0.0
8010.983666312667,0.0
7650.773114263304,0.0
7715.838085616064,0.0
8070.860878954098,0.0
7688.393430989707,0.0
7619.727013610647,0.0
7576.626911653967,0.0
7742.59631174493,0.0
7923.802332227993,0.0
8135.072412009843,0.0
7994.475567653036,0.0
7985.674805081862,0.0
7926.424247474899,0.0
7753.722485694103,0.0
8148.31612135039,0.0
7974.219953069137,0.0
7459.721140351159,0.0
7701.936984779639,0.0
7831.447890642253,0.0
8045.768940809236,0.0
7879.469507699818,0.0
7876.331745071306,0.0
8209.23867316292,0.0
8084.297375460306,0.0
7762.752513746503,0.0
7614.38077272346,0.0
7509.998901575683,0.0
7510.500660754273,0.0
7791.199303694242,0.0
7660.011435865026,0.0
7332.825246541783,0.0
7620.394420529119,0.0
7260.064303203302,0.0
7556.974790388933,0.0
7265.50840494895,0.0
7175.3610523279995,0.0
6853.853998216918,0.0
7175.90708179497,0.0
6748.546808428363,0.0
6827.6861808703525,0.0
6792.261897904769,0.0
6687.241000495897,0.0
6623.156060765557,0.0
6358.990292316484,0.0
6304.342269109254,0.0
6404.144386397374,0.0
5990.724974422391,0.0
5762.878087887946,0.0
6150.952423509403,0.0
6403.483576653397,0.0
6242.415163346174,0.0
5935.104851210353,0.0
6062.907598811727,0.0
6196.246624526584,0.0
5580.964134838472,0.0
5502.837851502151,0.0
5578.925052944567,0.0
5172.507796430833,0.0
5163.292452212282,0.0
5193.629888856881,0.0
5023.45670817603,0.0
5218.596473988349,0.0
4713.2038196307885,0.0
4376.817851150611,0.0
5001.979283036294,0.0
4814.77258858669,0.0
4852.227095487117,0.0
4669.729003415044,0.0
5075.694983416858,0.0
4761.531643291276,0.0
5013.011739268573,0.0
4453.537465025993,0.0
4611.38603701577,0.0
4442.17523916399,0.0
4581.386754067065,0.0
4224.273121449506,0.0
4382.234942271954,0.0
4392.942231499552,0.0
4389.58625766321,0.0
4494.419473537597,0.0
4197.405489175027,0.0
4323.778039566225,0.0
4213.5455333287555,0.0
4361.607220482413,0.0
4240.700208309759,0.0
4626.111702515998,0.0
4419.815375277265,0.0
4484.547066217941,0.0
4790.496739899091,0.0
4890.322097167767,0.0
4926.22573073236,0.0
5201.066880666527,0.0
4961.443375609889,0.0
5125.598464333666,0.0
5288.807647530196,0.0
5438.8468126174575,0.0
5643.276184902126,0.0
5607.53186685135,0.0
5521.771084678241,0.0
5834.76317560512,0.0
5532.293156066308,0.0
5388.930247901229,0.0
5367.7672158125715,0.0
5550.220649916103,0.0
5678.427995662171,0.0
5171.533985192533,0.0
6000.828405258747,0.0
5632.480102275989,0.0
5713.105747240919,0.0
5722.83530659491,0.0
5295.705472102062,0.0
5335.7310508747005,0.0
5605.475532120083,0.0
5847.475975396473,0.0
5775.750742319275,0.0
5708.386303958912,0.0
5139.764578878009,0.0
5883.367552835132,0.0
5821.806619576159,0.0
5714.371961452513,0.0
5880.965111844333,0.0
5954.084212768809,0.0
6391.4667491178825,0.0
5793.700639628452,0.0
6149.1962757416795,0.0
6409.417247790623,0.0
6506.643773254655,0.0
6571.668338174028,0.0
6539.204353940548,0.0
6791.9197254224,0.0
7121.898407382574,0.0
6786.079255766514,0.0
6944.2883260664275,0.0
7233.40162709735,0.0
7275.726699813433,0.0
7146.08802415598,0.0
7677.492255888907,0.0
7265.411287185657,0.0
7265.212941093803,0.0
7318.562540325487,0.0
7563.475309434373,0.0
7478.8996441379,0.0
7522.511731982457,0.0
7232.641439463807,0.0
7615.2085555447975,0.0
7431.883739955467,0.0
7312.458429238621,0.0
7972.6983804835945,0.0
7946.29207695094,0.0
7834.742463309881,0.0
7484.0164962028975,0.0
7195.353692373956,0.0
7366.2509539070725,0.0
7111.754596387133,0.0
7171.548710274645,0.0
7564.559075692672,0.0
7247.704206322749,0.0
7375.174475761452,0.0
7206.483925980259,0.0
7743.414792216692,0.0
7301.3867016482745,0.0
7404.462844484193,0.0
7611.701675761802,0.0
7558.126857401972,0.0
7375.700360982293,0.0
7616.867205498485,0.0
7585.847030090465,0.0
7955.910245894274,0.0
7496.598883862783,0.0
7465.516577938895,0.0
7822.187204859236,0.0
7444.836804990888,0.0
7791.074920100287,0.0
8043.075906418251,0.0
7407.160935066697,0.0
7550.442575851445,0.0
7518.265820074653,0.0
7391.711447232619,0.0
7444.006638420629,0.0
7491.9964424520695,0.0
7113.7355483517495,0.0
6868.5529972695995,0.0
6717.944314978748,0.0
7104.38926684232,0.0
6609.138034099509,0.0
6852.5515452434865,0.0
6477.668287646227,0.0
6612.806707260999,0.0
6690.292542908937,0.0
6589.62960358708,0.0
6362.186979464857,0.0
6214.848144738364,0.0
6584.061205363114,0.0
5973.940581783983,0.0
6220.989231403893,0.0
6054.095980177124,0.0
6558.99709118315,0.0
6012.151888710514,0.0
6356.880607346784,0.0
6244.224312307177,0.0
5834.9478378758995,0.0
6332.443408620533,0.0
6315.274297240072,0.0
5994.493208448649,0.0
5676.167861696683,0.0
6599.082346673765,0.0
5924.667741363093,0.0
5628.228272827972,0.0
5976.267345957619,0.0
5491.696545034267,0.0
5672.293762677909,0.0
5548.703855407953,0.0
5428.347237396685,0.0
5706.142398517485,0.0
5710.7527207950825,0.0
5509.881114923262,0.0
5340.991218524569,0.0
5203.435400709437,0.0
5063.509993028343,0.0
5021.692526834017,0.0
5105.59768955525,0.0
5112.840342182151,0.0
4812.8901740082065,0.0
4632.819177821113,0.0
4863.101341201779,0.0
4972.180070939212,0.0
5012.406202862736,0.0
7732.309146050913,1.0
7732.309146050913,1.0
7732.309146050913,1.0
5195.21549446807,0.0
5152.113329161053,0.0
4943.423711662984,0.0
4614.699402616593,0.0
4798.021449929333,0.0
4697.449213664453,0.0
4911.807697628264,0.0
4878.9754558676195,0.0
5375.513498542745,0.0
5072.723316527554,0.0
4988.99121695145,0.0
4943.173360086185,0.0
5206.728015312249,0.0
6067.262613328837,0.0
5746.215537659207,0.0
5744.961922201395,0.0
5483.307510726585,0.0
5358.716326074956,0.0
5305.651680696804,0.0
5336.655090519403,0.0
5402.809586350855,0.0
5183.577924381506,0.0
4849.736648299361,0.0
4809.6892578401485,0.0
4525.478390998216,0.0
5075.986324760417,0.0
5376.443595512139,0.0
4742.252257852675,0.0
4945.770088135217,0.0
4942.600167670453,0.0
4918.156287501032,0.0
5547.096253428503,0.0
5609.314909110122,0.0
5694.382260529899,0.0
5432.35891313045,0.0
4879.81498989727,0.0
5525.104791999549,0.0
5336.663825658839,0.0
5486.6252253093,0.0
5626.844458693709,0.0
5644.9217152202,0.0
5976.3559381455325,0.0
5606.851461401599,0.0
5657.480814057439,0.0
5886.334823914749,0.0
6214.592799887003,0.0
6016.150206846953,0.0
6017.755375205173,0.0
6006.725564865223,0.0
6249.096730389305,0.0
6400.950423749206,0.0
6414.075671532577,0.0
6712.830981271594,0.0
6350.840906032187,0.0
6923.32012576987,0.0
6721.22818991701,0.0
7180.592159609587,0.0
7022.3617142209505,0.0
7275.415364478517,0.0
7151.998956609921,0.0
7380.631492630784,0.0
7404.478049522137,0.0
6910.491181499404,0.0
7780.36824268696,0.0
7349.174900957514,0.0
8065.697619268791,0.0
7664.09356893165,0.0
7664.715226655664,0.0
8097.261806531327,0.0
8045.852891773435,0.0
7998.551183638737,0.0
8113.214261009487,0.0
8363.755615211694,0.0
7748.960105426784,0.0
7925.599577710191,0.0
7997.333284712837,0.0
7718.837831923801,0.0
7541.815603751537,0.0
8335.37050367221,0.0
7939.946798424031,0.0
7906.82509084387,0.0
7998.677516719267,0.0
8047.9786606609005,0.0
7933.485470046217,0.0
7644.706183995035,0.0
7629.7293374177725,0.0
7862.557952643919,0.0
7802.80764293,0.0
7582.241578853058,0.0
8334.245573590513,0.0
8017.523009535729,0.0
7705.172014317013,0.0
7700.74955191281,0.0
7066.833827218099,0.0
8036.926587393553,0.0
7817.063695715359,0.0
7462.502430393807,0.0
7379.293816275053,0.0
7421.711521385214,0.0
7592.840279611284,0.0
7175.248515712534,0.0
7431.9019710966,0.0
7214.771111879698,0.0
7029.8682982544005,0.0
7087.47154248749,0.0
7619.676620516353,0.0
7188.281254013384,0.0
7041.2947979701075,0.0
6991.201320098167,0.0
7238.291964765227,0.0
7396.1695716095,0.0
7227.738608398147,0.0
6952.082026453254,0.0
6434.574270249121,0.0
6831.178511455844,0.0
7196.508216851127,0.0
6498.975872961517,0.0
7175.01881811708,0.0
6708.313157269649,0.0
7044.663371849672,0.0
6625.0422624392995,0.0
7022.155085355809,0.0
6554.941163838537,0.0
6840.04267207247,0.0
6674.9711923988025,0.0
6413.130681156869,0.0
6294.75258549251,0.0
6312.735248970769,0.0
6287.966950020507,0.0
6584.311765125517,0.0
6234.364180770984,0.0
5805.590798645961,0.0
5796.322389608558,0.0
5493.842849969938,0.0
5386.0385884210855,0.0
5356.518521459182,0.0
5944.827416281885,0.0
5400.066407805175,0.0
5190.887742344192,0.0
4790.392516836945,0.0
5572.828761249607,0.0
5671.569491945711,0.0
4914.589800177368,0.0
5326.534377861641,0.0
5113.6490761410605,0.0
5129.439649758187,0.0
5094.67485597281,0.0
5227.715504227148,0.0
5158.000976590481,0.0
5093.0433300145005,0.0
5116.95635510584,0.0
4505.985105465608,0.0
4469.242423596966,0.0
5080.673516100727,0.0
4681.801525117775,0.0
4829.607439469857,0.0
4306.477140033474,0.0
5133.710850170138,0.0
4566.236480878713,0.0
4884.621816710221,0.0
4848.308453451904,0.0
4937.724954322921,0.0
4687.351714761985,0.0
5056.167014534583,0.0
5050.164253798834,0.0
4814.377618110337,0.0
4767.02077492008,0.0
5310.054646746983,0.0
4756.42011897,0.0
5508.795331420495,0.0
5649.595794202378,0.0
5529.394330782765,0.0
5309.921285414731,0.0
5887.724988185308,0.0
5371.066930360925,0.0
5219.91396302588,0.0
5221.026506263294,0.0
5063.895180856351,0.0
5081.713554981151,0.0
5270.092747542059,0.0
5130.783349669697,0.0
5172.4886678658995,0.0
5133.219644157947,0.0
5176.751111618367,0.0
5311.549907883589,0.0
5895.712058267713,0.0
5457.177577192533,0.0
5620.51150206656,0.0
5585.745454789443,0.0
5349.582702929609,0.0
5417.036951252499,0.0
5549.234942820157,0.0
5448.5377719028875,0.0
5509.924990488514,0.0
5462.544522847351,0.0
5723.955704603024,0.0
5288.43602755609,0.0
5687.796956158878,0.0
4949.1215986539655,0.0
5001.058706793565,0.0
5670.520149810155,0.0
5746.951270280855,0.0
5188.211976734312,0.0
5709.595436904485,0.0
5398.974719170055,0.0
5911.643632362082,0.0
5661.587099536612,0.0
5810.090080207796,0.0
5960.7536042472075,0.0
5837.154042870277,0.0
6315.287345510827,0.0
6203.153238750807,0.0
6360.028493530098,0.0
6154.805273383257,0.0
6288.7633675460975,0.0
6346.7487270141155,0.0
5869.939157625872,0.0
6218.643690803266,0.0
6338.158777490155,0.0
6763.725398149168,0.0
6379.205806991586,0.0
6270.029165532322,0.0
6490.90709861506,0.0
6303.673071285719,0.0
6840.763671092873,0.0
6211.443473537509,0.0
6521.353325172009,0.0
6347.700519396647,0.0
6579.924050960879,0.0
6870.255094611479,0.0
7039.653336185302,0.0
6649.404018013449,0.0
6330.241611652986,0.0
6454.509158479963,0.0
6909.9787707743035,0.0
6668.3508576111435,0.0
6656.264588507776,0.0
6861.965108209446,0.0
7050.253109087486,0.0
7278.886954277386,0.0
7169.262394070799,0.0
6747.334150945187,0.0
7287.900676552264,0.0
6862.028800093523,0.0
7274.355353341476,0.0
7392.59956677404,0.0
6596.387368793836,0.0
7208.678478928354,0.0
6992.343603733896,0.0
6846.894863272326,0.0
6896.534124396024,0.0
7026.7940128473265,0.0
7009.866134267617,0.0
6834.569444398574,0.0
7288.725598051997,0.0
7049.371280014903,0.0
6895.3318206254935,0.0
6694.152955126723,0.0
6910.21985455169,0.0
6910.644759198853,0.0
6797.8315107498765,0.0
6626.151341923114,0.0
6649.388746181224,0.0
6638.922845670804,0.0
6585.467906667191,0.0
6786.388459772574,0.0
6751.444308575878,0.0
6333.2685603024765,0.0
6706.197435757627,0.0
6818.260740075346,0.0
6292.677522155567,0.0
6266.75958289532,0.0
6895.467911374042,0.0
6614.562084036252,0.0
6617.63609954349,0.0
6287.583220552287,0.0
6505.443782170744,0.0
6349.041832329174,0.0
6322.034842049226,0.0
6308.796181497996,0.0
6414.436165037109,0.0
6266.117355583046,0.0
5667.2670300222535,0.0
5988.71831474584,0.0
5463.401885239704,0.0
5395.484924846096,0.0
5869.258600921959,0.0
6112.854591771293,0.0
6012.795963490812,0.0
5996.858255366133,0.0
5847.051213238812,0.0
5651.991373326962,0.0
5616.838806338229,0.0
5898.687002519178,0.0
5560.729728521442,0.0
5664.5348347875115,0.0
5613.319444686333,0.0
5710.505405102553,0.0
5063.123628758879,0.0
5159.2618070850895,0.0
5113.088457270596,0.0
4791.926174461043,0.0
4868.2268550121835,0.0
4737.022274757794,0.0
4552.275477176593,0.0
4510.9035704683265,0.0
5094.8376449116295,0.0
4913.32368091543,0.0
5140.426261319382,0.0
4621.530265995695,0.0
5265.801203991035,0.0
5089.504749414035,0.0
4899.496174327265,0.0
5071.220608859265,0.0
4993.449261406746,0.0
5172.697366002478,0.0
4997.786082287956,0.0
4772.2441144744025,0.0
4882.2754207271155,0.0
4715.872492536286,0.0
5048.235532157998,0.0
4705.115030502995,0.0
4934.442083004512,0.0
4684.870026062962,0.0
4948.771958311362,0.0
4717.722534775705,0.0
4614.178083850802,0.0
4958.578196047995,0.0
5020.908076002305,0.0
4571.015424826805,0.0
4843.598511744842,0.0
5038.516781373545,0.0
4874.295152046047,0.0
5119.368732429258,0.0
4996.34123167547,0.0
4907.214641324517,0.0
4999.439443112068,0.0
5050.528395194051,0.0
5512.62571525196,0.0
5234.554279880131,0.0
5319.714475826234,0.0
5106.993694912144,0.0
5350.154984407871,0.0
5215.42977891464,0.0
5457.4280293033535,0.0
5507.504244387804,0.0
5281.633674325733,0.0
5753.196103803284,0.0
5745.199355414174,0.0
5962.338144466577,0.0
5622.026402021123,0.0
5466.184574296084,0.0
6413.290261737717,0.0
6355.726833184707,0.0
6030.973537156737,0.0
5884.902884256667,0.0
6058.141274932644,0.0
6272.834095791017,0.0
5786.464771719564,0.0
6069.45322375634,0.0
6066.388817525618,0.0
6446.425400681317,0.0
5941.182757257118,0.0
6706.056111231217,0.0
6400.537006430955,0.0
6324.555605154068,0.0
6320.000301801588,0.0
6401.177217001516,0.0
6634.368050625805,0.0
6857.867513025747,0.0
6663.107609677598,0.0
6393.707780367436,0.0
6697.082619294642,0.0
6874.616124077895,0.0
6468.260293225621,0.0
6429.969738153862,0.0
6670.666848069862,0.0
6688.355843673599,0.0
6491.501767524007,0.0
6246.818045721284,0.0
6469.098932720846,0.0
6986.2000806570595,0.0
7006.98099234266,0.0
6983.677845425369,0.0
6829.258495461489,0.0
6840.963999005447,0.0
6556.382171925845,0.0
6871.4765967270305,0.0
6370.28844077211,0.0
6718.475595655091,0.0
6755.015048578911,0.0
6708.95665322206,0.0
7497.447773020934,0.0
7477.463451758314,0.0
6824.498514505061,0.0
7176.340685489784,0.0
7309.837009998646,0.0
7355.728256996017,0.0
7251.998968033064,0.0
7036.324195048653,0.0
6884.1658088403165,0.0
7110.704386439884,0.0
7479.491808321396,0.0
7237.161764654447,0.0
7558.76348668445,0.0
7208.082968257206,0.0
7544.914029165249,0.0
7729.785441068661,0.0
7646.213740706693,0.0
7551.352736305926,0.0
7988.800697049815,0.0
7598.754007549522,0.0
7477.037486601355,0.0
7584.148732488395,0.0
7858.498468198168,0.0
7786.317361895741,0.0
7699.529770213434,0.0
7708.050279251241,0.0
7737.074191393267,0.0
7880.717220752581,0.0
8268.026864694824,0.0
7672.854615607041,0.0
7731.640702445425,0.0
7871.166084622567,0.0
8040.932153591183,0.0
7500.86710845374,0.0
7611.5849887103,0.0
8018.21493367824,0.0
7169.2137249092675,0.0
7217.865055713668,0.0
7117.835373456275,0.0
6974.063315937958,0.0
7159.299423998646,0.0
6787.472946237287,0.0
6946.048726685715,0.0
6668.159074163783,0.0
6783.058975527835,0.0
7103.818407410445,0.0
7098.778709926267,0.0
7129.662532840115,0.0
7062.205002173649,0.0
6701.003606482525,0.0
6622.684487734898,0.0
6609.563532659644,0.0
6436.228817435912,0.0
6399.903155181206,0.0
6105.757175579156,0.0
6497.958534952386,0.0
6000.897856116942,0.0
5859.051644546902,0.0
6200.767046094215,0.0
5925.290629342632,0.0
6280.819007323666,0.0
6086.453166674757,0.0
6213.107356672015,0.0
5997.052057749695,0.0
6062.832876066897,0.0
5796.728070517565,0.0
6035.170139997145,0.0
5790.359066323968,0.0
5836.82243107475,0.0
6101.1220080052535,0.0
6057.419322088834,0.0
6378.0658026404435,0.0
6058.081974968567,0.0
6060.900801143664,0.0
5854.403545455374,0.0
6004.76751402102,0.0
5777.47974165167,0.0
5762.99408939439,0.0
5660.78399805509,0.0
5524.582526529854,0.0
5560.511239557934,0.0
5771.551681122563,0.0
5430.027753499034,0.0
5733.1848088518,0.0
5076.350519712108,0.0
5082.649707457717,0.0
5210.00979875603,0.0
5447.489776111241,0.0
5639.9557813152005,0.0
5099.262124429551,0.0
5327.240786770911,0.0
5553.708949906764,0.0
5220.151440201314,0.0
5621.505861667157,0.0
5505.549362572224,0.0
5893.101187183717,0.0
5694.744365666515,0.0
5308.348493475574,0.0
5355.586661342603,0.0
5317.10325462523,0.0
5192.586526472283,0.0
5269.49710700214,0.0
5687.82133804802,0.0
5335.558940558378,0.0
5727.27366202171,0.0
5896.200517615974,0.0
5613.226329805693,0.0
5572.27286295124,0.0
6213.7084195411335,0.0
5796.1630174627535,0.0
6079.760732069517,0.0
6304.687042685377,0.0
6090.141491059418,0.0
6054.142472218184,0.0
5686.148549874711,0.0
6250.9604076096075,0.0
5606.854970712066,0.0
5705.237575366227,0.0
5744.173296497065,0.0
6393.992482728067,0.0
5735.649734692148,0.0
6235.0498925007905,0.0
6214.825899397384,0.0
6309.791231634764,0.0
6444.68163135613,0.0
6722.952676812154,0.0
7019.027628573194,0.0
6793.064211868247,0.0
7149.799050146819,0.0
6430.735579897348,0.0
6941.083596625934,0.0
7433.936749897057,0.0
7262.584900055187,0.0
