371.131591581221,0.0
174.9627859482354,0.0
734.572095543073,0.0
983.5345401965913,0.0
998.9494303915052,0.0
317.6195417378131,0.0
570.3243984648032,0.0
639.9585888829171,0.0
607.795659026388,0.0
1568.09653837032,0.0
970.858687382588,0.0
771.1967774281321,0.0
545.876659765576,0.0
669.4002733551708,0.0
726.2096192449039,0.0
750.5085804272471,0.0
809.4396864823498,0.0
339.31454701672783,0.0
773.7423075643197,0.0
331.70666437540876,0.0
856.47252794922,0.0
881.2714695034398,0.0
1033.1648258133498,0.0
1259.2956127706598,0.0
1224.2349806547497,0.0
1599.20557079668,0.0
1788.21573041974,0.0
1286.91555411271,0.0
1314.3534712769,0.0
1709.6542145269702,0.0
1631.40706701744,0.0
1730.3843560752402,0.0
1758.33217421187,0.0
1875.94773006091,0.0
2076.3224722522,0.0
2372.8433395093402,0.0
2306.9991056172003,0.0
2058.5877958970405,0.0
2328.83109336323,0.0
1668.5447393077502,0.0
2039.2711576229,0.0
1842.17065788036,0.0
1318.5194736659303,0.0
1164.6935018762151,0.0
1209.2696744996792,0.0
1000.990003273629,0.0
992.3983314793102,0.0
1729.4821727110702,0.0
1766.522555852,0.0
1399.13453467075,0.0
1481.5952496348202,0.0
1043.173586409588,0.0
1610.21795428592,0.0
602.2298399947041,0.0
938.6992753227112,0.0
1147.3858033209183,0.0
996.8204968479201,0.0
696.7064449083042,0.0
217.7316637517992,0.0
426.5057700174322,0.0
827.9036562689992,0.0
649.7698554021138,0.0
309.1092556595512,0.0
291.2069419691532,0.0
207.37093055304723,0.0
635.6418555499654,0.0
272.25871114196354,0.0
728.2993929704595,0.0
818.9127367389494,0.0
515.4782645373546,0.0
442.2482369228436,0.0
642.2718464110175,0.0
323.18502309977237,0.0
236.14351227997156,0.0
413.8761294058496,0.0
681.9537232643395,0.0
170.5655076190675,0.0
-135.30614196292663,0.0
-593.01687206909,0.0
-969.1871508956199,0.0
-814.2466006934399,0.0
-56.8999647445728,0.0
-33.072663680095616,0.0
-153.87759664655925,0.0
-418.8303179923697,0.0
-241.78131935112958,0.0
-27.257459988903634,0.0
-591.2504310754797,0.0
-335.1868290801478,0.0
-321.5092298921028,0.0
-313.39209133924675,0.0
-746.7311920081798,0.0
-475.7494631306098,0.0
-527.8335056672596,0.0
-75.8283541246027,0.0
-188.54798887259756,0.0
-87.4421382660995,0.0
263.3335963031363,0.0
-56.79872889556452,0.0
395.31766710611157,0.0
188.24409795525935,0.0
-218.28489105167478,0.0
-309.69308472121975,0.0
-252.07313074014183,0.0
-538.5172607344678,0.0
-171.3467767027669,0.0
-462.15773965981685,0.0
258.9180993602189,0.0
-293.8117197412779,0.0
219.94010511705292,0.0
-506.94650738675614,0.0
-409.864767622796,0.0
-46.4425027830869,0.0
-159.8026182009117,0.0
-392.854420214768,0.0
290.75381058868686,0.0
-264.59113057511763,0.0
424.83592024153296,0.0
737.3951224471821,0.0
523.147868962073,0.0
337.831370851001,0.0
507.37408329207597,0.0
27.378065012342915,0.0
369.13195470833796,0.0
165.54977123154782,0.0
1023.4525860886199,0.0
883.7622224927999,0.0
407.0154594405798,0.0
229.4906515678697,0.0
466.1798392894997,0.0
1160.7842232348794,0.0
833.7924542158898,0.0
1264.91742990575,0.0
995.5448661583699,0.0
1723.07117635625,0.0
1484.88173399498,0.0
1642.1174913566501,0.0
1768.0482947812902,0.0
1647.6834935125703,0.0
1486.65709376319,0.0
1814.73938313323,0.0
1651.09659374154,0.0
1377.02548765073,0.0
991.3887962912498,0.0
844.4376628048598,0.0
1122.0398460787897,0.0
1221.12315141287,0.0
1237.36906703664,0.0
1321.9476774841296,0.0
654.0881336954195,0.0
1611.1977387148495,0.0
795.1780258462096,0.0
1326.6393184792396,0.0
1841.6463687362098,0.0
1204.7567249675594,0.0
1038.7267143181698,0.0
1023.0320513201797,0.0
1415.3993597964,0.0
1209.6223271733402,0.0
1068.19323305128,0.0
1230.5060190181698,0.0
1141.6942666758298,0.0
2200.5100050587503,0.0
2055.81200509796,0.0
1554.23062736087,0.0
1292.85275160488,0.0
871.1897389880398,0.0
1228.53589864383,0.0
808.8515083480097,0.0
554.5596683021618,0.0
1143.42796068471,0.0
71.07928666752764,0.0
188.8232237016946,0.0
-160.99926776121458,0.0
-326.6933072550805,0.0
-134.93868643776148,0.0
-634.5377697263737,0.0
-321.7777364072066,0.0
-499.61235242346856,0.0
-996.0131538329194,0.0
-870.6347843511957,0.0
-856.9323673829614,0.0
-784.5579682251836,0.0
-206.45560787375746,0.0
-404.00476662922836,0.0
-650.8990392370074,0.0
-454.7761787498762,0.0
-777.2616248590112,0.0
-681.7760440314072,0.0
-172.4748023313262,0.0
-742.5848640761872,0.0
-744.3309971647942,0.0
-441.68529183084144,0.0
-1284.0269083706623,0.0
-656.7574839676249,0.0
-269.3814808106922,0.0
-950.9878401666131,0.0
-860.5474934234752,0.0
-823.370053767603,0.0
-881.8414437286872,0.0
-880.4556597630341,0.0
-858.793259420734,0.0
-435.0775721966541,0.0
-457.588611297772,0.0
-226.760087550331,0.0
-5.826429383689913,0.0
-567.9826541181119,0.0
-222.7227222689099,0.0
-284.3576417101278,0.0
-403.4163785942338,0.0
25.092311847624217,0.0
-216.62082216715686,0.0
-328.3790323737369,0.0
-62.80980248128685,0.0
281.7682381592352,0.0
31.516559956389102,0.0
-886.411569429386,0.0
-395.310994142905,0.0
54.72773066570312,0.0
-807.0448174829589,0.0
124.678977348902,0.0
-390.669585592957,0.0
91.55822435779898,0.0
11.905033327923093,0.0
399.144671887175,0.0
-614.3117596078831,0.0
26.6158152394493,0.0
11.610429966208102,0.0
512.050047689878,0.0
1301.8931862580712,0.0
473.4534180270973,0.0
781.8341153789302,0.0
643.7236002221481,0.0
1211.3107876523402,0.0
553.8784385135871,0.0
1249.9223514506562,0.0
1677.0268085959801,0.0
1373.6487909695052,0.0
1510.3360804101844,0.0
1746.4459043547633,0.0
2016.3334009265504,0.0
1651.9138148636493,0.0
2680.6234526950707,0.0
2475.1464507708606,0.0
1889.6509403315426,0.0
2672.765526210901,0.0
3326.83362815083,0.0
2848.641751702581,0.0
3169.339936036231,0.0
3463.404355996801,0.0
2859.3173734231405,0.0
3337.2368782274007,0.0
3184.7333990585603,0.0
3660.536429418431,0.0
3278.076935734961,0.0
3047.8740984254205,0.0
3043.8241271760007,0.0
3096.2296190437905,0.0
2886.910139468881,0.0
3397.5406428082006,0.0
3499.234220046291,0.0
3394.294568617711,0.0
2926.19989571135,0.0
3511.77697866609,0.0
3116.6035962224605,0.0
3840.73703152151,0.0
2756.1123996068604,0.0
3137.1000513720205,0.0
2808.497677103931,0.0
3368.032174071561,0.0
3760.0142817525307,0.0
4152.192044356341,0.0
3699.250154435511,0.0
3270.5077668001904,0.0
3693.923780978441,0.0
3747.810695243291,0.0
3400.2019133879403,0.0
3696.0500216131204,0.0
3187.21916051108,0.0
2753.1729446098607,0.0
3653.5909233792604,0.0
3005.3736106811507,0.0
3270.2491005784505,0.0
3187.28474655452,0.0
3090.0312512973005,0.0
3238.1413908793807,0.0
2428.3229007860605,0.0
2232.4780366686205,0.0
2758.1939141496805,0.0
2795.4372484717205,0.0
2981.1928510058606,0.0
3392.688140538111,0.0
2510.3980419874406,0.0
3093.197609377111,0.0
3294.140593196241,0.0
3174.727967552371,0.0
2741.283375310062,0.0
2987.0446289851416,0.0
2725.584270516251,0.0
2729.3928563431123,0.0
2815.842876299142,0.0
3398.802192162591,0.0
3289.0878574452013,0.0
3596.1870400448315,0.0
3072.3062285679925,0.0
2725.449023910366,0.0
2911.3260588151184,0.0
2807.336825713532,0.0
2841.0907316576872,0.0
2924.4619494422336,0.0
2344.972373796649,0.0
2711.013745687889,0.0
2389.196683348452,0.0
2754.457924375487,0.0
2724.7330762194483,0.0
2846.9643706978654,0.0
2269.296550879364,0.0
2610.887941716492,0.0
2168.7233066266554,0.0
1655.90719157373,0.0
2392.20438845355,0.0
1910.624960853329,0.0
1807.2190303044988,0.0
1822.038204804271,0.0
2355.328814538534,0.0
2307.485334815417,0.0
1958.6196102804067,0.0
1593.8726190578172,0.0
1115.690505249861,0.0
1765.6740645676502,0.0
2232.8868839056877,0.0
2175.9906434560858,0.0
1862.6667350217122,0.0
1678.3487825784705,0.0
1591.1058534116762,0.0
1815.4601355968487,0.0
1555.7107775773077,0.0
1792.4972138267276,0.0
1950.4128063194976,0.0
1911.7652713537238,0.0
2130.4154014603487,0.0
2394.434181541128,0.0
2242.48486399631,0.0
2109.207746325908,0.0
2115.2352192357316,0.0
2832.080866372276,0.0
2686.9419294608037,0.0
2824.57561139091,0.0
2867.606025952529,0.0
2617.438322165626,0.0
2764.8181955819773,0.0
3046.1105717751707,0.0
2693.2187686488905,0.0
2026.2780784100478,0.0
2360.6571770722403,0.0
2390.6217932093805,0.0
2095.4245111999103,0.0
2611.074361700111,0.0
2410.3483246967703,0.0
2231.3280001216804,0.0
3013.724147678911,0.0
2764.3102603339407,0.0
2919.6354975309005,0.0
3324.8743796672406,0.0
3149.8970670320405,0.0
2686.8976351470005,0.0
3451.3831030727706,0.0
3192.550092890551,0.0
3765.0381839129404,0.0
4445.111726951541,0.0
3912.2301315146606,0.0
4498.0347573302115,0.0
4152.793856433701,0.0
4478.734491865551,0.0
4895.329626194221,0.0
4785.485799234761,0.0
5255.917982970591,0.0
4584.026449185521,0.0
4880.059402183561,0.0
4752.209490951401,0.0
5145.984557830111,0.0
4911.785451293891,0.0
4980.454246078822,0.0
4947.258356266311,0.0
5602.963730237481,0.0
5779.119209457302,0.0
5697.727982831511,0.0
6013.250978222612,0.0
5178.427309695841,0.0
5606.858543109031,0.0
6154.101780523661,0.0
5158.98175700339,0.0
5141.058661174381,0.0
4851.441842107001,0.0
4756.715947336441,0.0
4390.621579977581,0.0
4198.9996739956605,0.0
4309.994930547112,0.0
4665.668585132381,0.0
4538.07274304663,0.0
4363.52221587305,0.0
3895.631823374341,0.0
4562.318077201411,0.0
4447.341779698701,0.0
4724.920479406121,0.0
3464.821322455581,0.0
3858.523359029001,0.0
4386.6911008673715,0.0
4033.488020875421,0.0
4146.681320737671,0.0
4030.8879954620916,0.0
4022.568661181431,0.0
4178.914873428921,0.0
3506.784321425221,0.0
3861.250426517541,0.0
4254.246226984491,0.0
4209.191146479091,0.0
3972.056899203931,0.0
3735.595968732041,0.0
3942.369868241731,0.0
3358.372872234521,0.0
2966.1418031950006,0.0
3215.311677230705,0.0
3299.819193704021,0.0
3393.36182181776,0.0
3303.420370929636,0.0
3358.2189971670346,0.0
3901.0924527938414,0.0
2913.9360819622243,0.0
3744.8887728953155,0.0
3128.8171394457927,0.0
2923.207673200029,0.0
2536.3823296342503,0.0
2951.2515840243473,0.0
3089.2096781762853,0.0
2545.0819172253523,0.0
3308.240803583978,0.0
2498.777252196755,0.0
2224.444177532769,0.0
3025.9103903626756,0.0
3918.8418682155057,0.0
3689.8299586446055,0.0
3780.1619654565866,0.0
3448.3265611564857,0.0
3355.6477425989456,0.0
3100.4542570277813,0.0
2799.6690366921634,0.0
2794.3616096481855,0.0
2928.1877264662794,0.0
2774.5582883487127,0.0
2843.439396922895,0.0
3184.2272523391653,0.0
2936.5073503968188,0.0
2783.1798067538743,0.0
3176.7150732805567,0.0
2815.0551327871754,0.0
3595.9602387278987,0.0
2786.8496008967913,0.0
3234.713012853032,0.0
3313.3571456633904,0.0
3741.524794301791,0.0
3815.9780728105516,0.0
2816.368309503051,0.0
3663.6153506871115,0.0
3489.026193112102,0.0
3856.7142469597916,0.0
4590.443275838142,0.0
4065.6632812776415,0.0
4514.435529796002,0.0
4553.3924824267515,0.0
4702.779307273421,0.0
5521.367750593162,0.0
5123.102448048112,0.0
5392.855475488603,0.0
5923.645880260522,0.0
6253.486277990522,0.0
5984.285908131923,0.0
6851.990739534602,0.0
6409.341696973082,0.0
6599.954951648842,0.0
6252.957659397302,0.0
7150.556772332673,0.0
7356.191347834383,0.0
7127.388767654283,0.0
7762.099840956393,0.0
7834.721063683844,0.0
7557.918528642443,0.0
8303.763094960384,0.0
7398.398568585703,0.0
7973.839625198174,0.0
8189.014615723514,0.0
7890.7825138552025,0.0
7963.270705570163,0.0
8252.790729670702,0.0
8367.166281030162,0.0
8552.678439217234,0.0
8519.519457043543,0.0
8351.080028958133,0.0
9027.654432856663,0.0
8470.793312331254,0.0
8284.934373842723,0.0
8620.399454875063,0.0
8794.480841252083,0.0
7605.524726926193,0.0
7988.601895747002,0.0
8043.979173777503,0.0
7930.303670511313,0.0
8656.393708110043,0.0
8262.879673056232,0.0
7911.774692220502,0.0
7675.168466030363,0.0
7909.153800368311,0.0
7907.216426935891,0.0
7790.836816236402,0.0
7557.930956506812,0.0
7851.492183368273,0.0
7818.2049997129125,0.0
8521.793192246114,0.0
7686.327478606713,0.0
8081.8667669965325,0.0
7908.748189763104,0.0
7865.074640108453,0.0
7905.337247249643,0.0
7964.105991178503,0.0
8012.839369674453,0.0
8733.243708882303,0.0
8430.469974197213,0.0
8910.146473948744,0.0
8361.128200591884,0.0
8694.514285811303,0.0
8287.671061572135,0.0
8856.847225113243,0.0
7892.989111572974,0.0
8725.226038381254,0.0
8125.543027601844,0.0
8316.185762308814,0.0
7248.872056413342,0.0
7756.283185689824,0.0
7575.928736903913,0.0
6757.836537225716,0.0
7166.896841805843,0.0
6897.297434911623,0.0
6212.088089927282,0.0
7136.787472043963,0.0
6652.334843665494,0.0
6697.054130389984,0.0
6871.274388577423,0.0
6314.69158368585,0.0
6635.844862333383,0.0
6222.926360893271,0.0
6764.415915764843,0.0
6099.212960515386,0.0
6106.681957023289,0.0
6704.608950483238,0.0
6702.774432767751,0.0
6836.404955932672,0.0
6856.638872578404,0.0
6646.752675434166,0.0
6685.182253198617,0.0
6665.618909912098,0.0
6505.5196540557645,0.0
6337.549758907779,0.0
6377.321969333708,0.0
6666.432230374023,0.0
6447.745998280304,0.0
6372.525333991214,0.0
5972.116771678927,0.0
6092.611150928884,0.0
6105.119801237172,0.0
6522.953785527903,0.0
6377.546464391151,0.0
6497.30412207265,0.0
6226.044107113924,0.0
6382.357264628352,0.0
6236.849115579303,0.0
6093.430603007757,0.0
6101.656577584534,0.0
6887.572357743684,0.0
6239.5282008945205,0.0
6463.687783918033,0.0
6663.542945000354,0.0
6834.686127456183,0.0
7128.620497788434,0.0
7047.785746963573,0.0
6845.958126014873,0.0
6775.7200199408735,0.0
7376.025005374293,0.0
7399.912664986123,0.0
6899.188086430113,0.0
7819.177941303613,0.0
7344.123728882613,0.0
7623.0568462300635,0.0
7922.462633525172,0.0
7810.9392739397335,0.0
8245.314515555563,0.0
7989.003102868473,0.0
9133.966923314354,0.0
8874.272755744525,0.0
9148.047570183822,0.0
8913.949310847333,0.0
8306.940260291394,0.0
9244.839611161733,0.0
9255.009927214505,0.0
9300.671238444653,0.0
9190.208562290123,0.0
9260.470284060593,0.0
9369.668542972353,0.0
9073.014073811673,0.0
9944.484836823603,0.0
9208.708955367503,0.0
9410.175490709034,0.0
9625.317486047234,0.0
10494.688641421184,0.0
9944.533236683734,0.0
10000.080604182334,0.0
10353.992770857174,0.0
10215.061039779244,0.0
9582.999725991474,0.0
10736.112778277313,0.0
10388.415177495894,0.0
10387.261051747633,0.0
10429.279496392774,0.0
10276.178965635703,0.0
19498.684183099962,1.0
19498.684183099962,1.0
19310.312630626184,1.0
10065.002207286943,0.0
10575.282147769984,0.0
9912.384133488784,0.0
10156.155128483824,0.0
9708.160491039764,0.0
10104.096549832344,0.0
10041.932613546704,0.0
9752.166115703192,0.0
10430.039243198155,0.0
9973.076446854662,0.0
9800.992234934045,0.0
9967.856443167522,0.0
9916.327285997373,0.0
10163.793077497394,0.0
10096.521561200334,0.0
9492.644374432264,0.0
9737.259791085055,0.0
9109.783649709403,0.0
9366.355008539953,0.0
9074.667494073234,0.0
9656.583208267833,0.0
9202.649478602514,0.0
9155.709284127073,0.0
9075.762058604425,0.0
8225.842267659393,0.0
8646.659841654544,0.0
9436.384057635294,0.0
9188.447995581993,0.0
9112.793279962963,0.0
8985.807523806803,0.0
8727.902439241972,0.0
8647.068555039185,0.0
17105.016465997924,1.0
17105.016465997924,1.0
17105.016465997924,1.0
7898.932377623084,0.0
8268.913918136433,0.0
8484.911993743503,0.0
7672.912630812554,0.0
8527.017825322782,0.0
8712.375025573134,0.0
8131.613052615943,0.0
8169.306682159633,0.0
8629.696415739023,0.0
8032.237173417304,0.0
7895.657792731776,0.0
7802.768808425394,0.0
8015.9197275765655,0.0
8257.972420339316,0.0
8553.863728206234,0.0
8343.873516508183,0.0
8338.489350780636,0.0
8267.055966957943,0.0
8031.539744307245,0.0
8631.120659116943,0.0
8414.308987051005,0.0
7704.739725851356,0.0
8100.9406531316545,0.0
8337.298085251014,0.0
8703.079458426144,0.0
8524.339831337558,0.0
8595.038290921215,0.0
9151.685757605574,0.0
9058.397967404764,0.0
8686.403753942974,0.0
8570.866630298095,0.0
8517.741922648183,0.0
8625.208162326273,0.0
9143.443553651114,0.0
9066.831170537635,0.0
8717.908722390754,0.0
9263.376285661045,0.0
8868.123579709994,0.0
9431.634019047984,0.0
9150.264520214523,0.0
9160.191439592154,0.0
8841.516953144854,0.0
9450.376810767544,0.0
8976.582616443324,0.0
9241.485611522294,0.0
9345.608893286533,0.0
9350.314517010223,0.0
9411.884616639833,0.0
9187.869432479234,0.0
9264.113295247213,0.0
9563.964077836823,0.0
9123.865260511853,0.0
8944.937169469133,0.0
9660.116937504683,0.0
10174.310927217175,0.0
10094.860410615163,0.0
9798.279890536223,0.0
10125.911649804624,0.0
10465.745666985924,0.0
9718.812312326725,0.0
9746.308334449313,0.0
9990.119389950123,0.0
9534.963510400074,0.0
9647.347966192483,0.0
9816.034349670685,0.0
9682.980543473484,0.0
10077.347112688145,0.0
9455.809051202674,0.0
9073.617812640103,0.0
10071.152000966144,0.0
9890.237373915983,0.0
10025.239929631583,0.0
9842.524006975924,0.0
10498.686991411025,0.0
10105.875737746783,0.0
10532.274533514395,0.0
9777.965956676913,0.0
10052.023220874304,0.0
9849.168546422672,0.0
10082.541580831843,0.0
9587.009885303352,0.0
9837.035563885644,0.0
9863.474436897344,0.0
9865.973025009784,0.0
10014.716929393424,0.0
9571.324294617703,0.0
9740.811215308593,0.0
9560.907730821504,0.0
9744.775366570393,0.0
9529.154080959093,0.0
10039.990173794155,0.0
9691.133866166083,0.0
9724.934986231874,0.0
10101.793939032354,0.0
10174.227584893073,0.0
10151.696032369933,0.0
10466.034424264584,0.0
10033.515698784053,0.0
10176.927730772542,0.0
10313.958044074125,0.0
10433.961438716073,0.0
10624.761242931623,0.0
10460.150769069924,0.0
10225.922362959012,0.0
10558.414904611764,0.0
9996.382618143994,0.0
9664.908675753633,0.0
9510.848015674053,0.0
9648.955397357724,0.0
9699.384857249444,0.0
8831.727836489245,0.0
9896.835341701524,0.0
9230.041355796922,0.0
9208.741506558334,0.0
9087.416805000184,0.0
8333.138473849764,0.0
8255.012054394094,0.0
8509.592719633523,0.0
8721.029985436704,0.0
8475.592216048384,0.0
8244.320548464464,0.0
7288.674353544023,0.0
8227.611121484733,0.0
8009.580809207493,0.0
7720.491028617053,0.0
7833.982653273183,0.0
7818.263103280073,0.0
8326.051213237783,0.0
7341.808094128613,0.0
7744.513588912683,0.0
8006.134128641133,0.0
8035.664221532604,0.0
8022.6661144775535,0.0
7876.225332342873,0.0
8143.717096202844,0.0
8527.710298385093,0.0
7955.999392895983,0.0
8101.0626523527735,0.0
8440.727675958184,0.0
8428.307478695484,0.0
8179.058418664844,0.0
8892.250309581985,0.0
8241.581317115064,0.0
8196.188571903704,0.0
8227.113675092723,0.0
8547.850769167902,0.0
8397.249057491053,0.0
8437.928339152124,0.0
7998.091049022443,0.0
8537.466035726822,0.0
8263.222175126884,0.0
8083.698116524294,0.0
9038.510010970283,0.0
9011.544671699934,0.0
8863.328187250734,0.0
8377.588997543862,0.0
7986.939863056824,0.0
8266.749982251493,0.0
7932.285479598483,0.0
8054.2995314857835,0.0
8670.279361870413,0.0
8263.119710712383,0.0
8496.831146671413,0.0
8312.836759131333,0.0
9147.659835453083,0.0
8569.064562920834,0.0
8790.157755106173,0.0
9162.132180021854,0.0
9159.794204610504,0.0
8973.982904728924,0.0
9400.881695246415,0.0
9439.767619824464,0.0
10061.742807551644,0.0
9488.582422659803,0.0
9530.538389955704,0.0
10139.011458623383,0.0
9682.890273927333,0.0
10279.034358433793,0.0
10736.376621479732,0.0
9915.859527545474,0.0
10224.015164492024,0.0
10278.504160260072,0.0
10196.487692194114,0.0
10369.902063993213,0.0
10536.774797925504,0.0
10086.016086509153,0.0
9827.191643457383,0.0
9707.762100856064,0.0
10357.903965865422,0.0
9733.643779434633,0.0
10180.691123458782,0.0
9727.490529922874,0.0
10007.405633076212,0.0
10208.645220479953,0.0
10142.963060293543,0.0
9898.221022817444,0.0
9766.977181452345,0.0
10377.563135711272,0.0
9567.581748254484,0.0
9995.737878068763,0.0
9821.662597680974,0.0
10620.558739856213,0.0
9886.836621183735,0.0
10444.115182427444,0.0
10332.539104193484,0.0
9788.212334549044,0.0
10553.314080785072,0.0
10573.317805205792,0.0
10153.751516642455,0.0
9727.481889475814,0.0
11094.785658761222,0.0
10152.915456224913,0.0
9751.421853936343,0.0
10282.978908499223,0.0
9605.734897810753,0.0
9881.332656808954,0.0
9713.243844177423,0.0
9546.594242952755,0.0
9956.603668497064,0.0
9971.406562500693,0.0
9682.277172835593,0.0
9439.909433172223,0.0
9240.045349874343,0.0
9033.985616698214,0.0
8960.478799359993,0.0
9066.430584942864,0.0
9058.946538809412,0.0
8611.209003954413,0.0
8334.815249709844,0.0
8643.604633615472,0.0
8774.955461462463,0.0
8808.197028414343,0.0
17228.993835690664,1.0
17228.993835690664,1.0
17228.993835690664,1.0
8953.711381954803,0.0
8859.099059957724,0.0
8527.121544580794,0.0
8020.4506937066235,0.0
8247.500131132163,0.0
8069.7075388359535,0.0
8340.516214995852,0.0
8256.463865701393,0.0
8935.127957088074,0.0
8456.399786126984,0.0
8298.185475028313,0.0
8191.524116499484,0.0
8532.940408700073,0.0
9738.924709473915,0.0
9234.643249567755,0.0
9200.642373331104,0.0
8790.207762975793,0.0
8578.855307266193,0.0
8468.370718741833,0.0
8483.802399608594,0.0
8550.985482776654,0.0
8205.917605937004,0.0
7695.895125987054,0.0
7612.235077450303,0.0
7172.733488951234,0.0
7942.797554058514,0.0
8348.556901674383,0.0
7405.717417822973,0.0
7680.243632829023,0.0
7649.875483818943,0.0
7593.278742932063,0.0
8480.371403129053,0.0
8551.541002211043,0.0
8660.326533109004,0.0
8264.300658239174,0.0
7452.154291823934,0.0
8368.404456032533,0.0
8082.021085138213,0.0
8286.518218342293,0.0
8477.816141110892,0.0
8493.132732178554,0.0
8959.498250822284,0.0
8418.622709772853,0.0
8483.255787512464,0.0
8806.511927811784,0.0
9270.795878534675,0.0
8976.403554680204,0.0
8972.006597983403,0.0
8949.613014522243,0.0
9290.889749970274,0.0
9504.664403411443,0.0
9514.237739299553,0.0
9944.128014870845,0.0
9410.488196739563,0.0
10229.547318874775,0.0
9930.352964736305,0.0
10591.850698679433,0.0
10351.974077501483,0.0
10713.858485466402,0.0
10523.311437700464,0.0
10841.804633201173,0.0
10863.107341872004,0.0
10140.758319279694,0.0
11392.126439719554,0.0
10752.147732481364,0.0
11779.669116091103,0.0
11184.014835648515,0.0
11166.250687339761,0.0
11772.747684920985,0.0
11684.318741574643,0.0
11593.896747983934,0.0
11740.232223670595,0.0
12085.544547675232,0.0
11173.485825997344,0.0
11409.484820003923,0.0
11492.449307927014,0.0
11060.401162206765,0.0
10780.955615900282,0.0
11898.752159767175,0.0
11297.530926216543,0.0
11219.803425000013,0.0
11325.429726955274,0.0
11361.693616671424,0.0
11166.761030325342,0.0
10718.685574476955,0.0
10666.261721580464,0.0
10971.927293353143,0.0
10850.005762857352,0.0
10494.755331749911,0.0
11543.729955552782,0.0
11051.946675344992,0.0
10559.457246628162,0.0
10519.486152349733,0.0
9564.751258753822,0.0
10928.944428510293,0.0
10577.421117681944,0.0
10031.243431529314,0.0
9878.400735318024,0.0
9904.633048436934,0.0
10117.945375296895,0.0
9479.798860316543,0.0
9822.208301559573,0.0
9479.823941557483,0.0
9178.544094541523,0.0
9233.164315677113,0.0
9973.016584797602,0.0
9322.879226368053,0.0
9082.882127360244,0.0
8988.495505617164,0.0
9326.409298906983,0.0
9533.926108648453,0.0
9278.138406655544,0.0
8869.522497641143,0.0
8113.285113276863,0.0
8676.272707453514,0.0
9196.714189231952,0.0
8184.624634904203,0.0
9160.655119450963,0.0
8488.675000373543,0.0
8979.003370882174,0.0
8384.843083513144,0.0
8972.930433915853,0.0
8316.368050774283,0.0
8745.486866473684,0.0
8526.231730375242,0.0
8177.099619651303,0.0
8035.682031244093,0.0
8095.122249327413,0.0
8099.524923833633,0.0
8568.854687809553,0.0
8109.346262759063,0.0
7539.123082119153,0.0
7579.616734360723,0.0
7195.532402335113,0.0
7099.981216736523,0.0
7120.985020924423,0.0
8032.784360978272,0.0
7310.644648126872,0.0
7080.732811061902,0.0
6569.894724022923,0.0
7774.423600466023,0.0
7991.770328131753,0.0
6979.5758577475735,0.0
7655.265309296083,0.0
7431.995536057373,0.0
7545.285231058013,0.0
7580.482399602632,0.0
7867.1918066880835,0.0
7855.113289879562,0.0
7854.720895034923,0.0
7984.190878549913,0.0
7198.912337425574,0.0
7245.779641909763,0.0
8224.820268735883,0.0
7748.3834933716325,0.0
8056.749433635183,0.0
7400.523335316202,0.0
8692.201744706803,0.0
7967.579677201894,0.0
8521.326445223813,0.0
8560.589984526963,0.0
8787.505441892952,0.0
8514.240578091063,0.0
9139.166160838502,0.0
9219.558100362703,0.0
8961.752821906484,0.0
8974.407478779953,0.0
9839.241818884402,0.0
9116.986741408773,0.0
10279.109940301765,0.0
10552.605025109913,0.0
10451.630840850734,0.0
10199.903106671183,0.0
11095.214762384143,0.0
10408.822085992124,0.0
10243.997691408433,0.0
10298.668761196863,0.0
10116.307476350754,0.0
10182.553101758453,0.0
10494.315556152855,0.0
10326.702540523413,0.0
10409.249152077993,0.0
10376.182732794163,0.0
10454.276213207624,0.0
10655.695142791545,0.0
11502.206492308183,0.0
10865.960546171493,0.0
11098.883579857793,0.0
11032.539182569522,0.0
10675.764156286634,0.0
10749.450553311712,0.0
10914.583022299053,0.0
10733.440993041731,0.0
10784.703512389044,0.0
10672.867991754501,0.0
10995.690748492603,0.0
10310.829439991343,0.0
10829.238465691102,0.0
9694.695955140132,0.0
9696.118700058192,0.0
10586.443568209474,0.0
10613.206642874093,0.0
9718.952046504282,0.0
10376.940099367614,0.0
9829.265295477973,0.0
10472.577357217742,0.0
10004.076349445662,0.0
10105.227896533434,0.0
10205.764042723942,0.0
9909.122799131874,0.0
10480.360374785192,0.0
10193.987648585993,0.0
10294.283627951603,0.0
9867.814595544092,0.0
9930.133632522504,0.0
9883.881332960733,0.0
9061.663728329842,0.0
9426.350288942911,0.0
9461.504168884254,0.0
9935.503029935093,0.0
9242.976316674432,0.0
8948.849735833734,0.0
9132.638550784031,0.0
8722.551482435962,0.0
9358.394818812292,0.0
8313.373945041261,0.0
8626.032215946143,0.0
8243.632547231913,0.0
8443.945185455592,0.0
8734.016156885082,0.0
8848.116602189142,0.0
8161.616861663492,0.0
7581.139435651732,0.0
7646.032083656712,0.0
8190.683221296332,0.0
7730.041149762312,0.0
7602.5109195947025,0.0
7798.148737394443,0.0
7973.2775758203625,0.0
8211.753501538582,0.0
7962.263471472772,0.0
7272.828388020483,0.0
7982.435262328531,0.0
7295.230873685132,0.0
7824.077353817532,0.0
7933.278617941911,0.0
6731.653909530103,0.0
7575.613187479202,0.0
7219.632387204052,0.0
6976.330704794313,0.0
7025.618479878982,0.0
7191.624954492472,0.0
7154.833361768103,0.0
6899.106135609012,0.0
7554.825177975843,0.0
7220.314053574192,0.0
7012.898523889262,0.0
6744.213214162932,0.0
7089.957816354512,0.0
7123.586979506522,0.0
7000.116184125272,0.0
6805.005459677702,0.0
6895.352062542572,0.0
6943.4700940274915,0.0
6939.203412281742,0.0
7302.697337739191,0.0
7330.869027250623,0.0
6813.610035186093,0.0
7447.488495941043,0.0
7709.309010131193,0.0
7053.375901038953,0.0
7122.615627879822,0.0
8144.553166973952,0.0
7857.708836975773,0.0
7989.867603575472,0.0
7643.931749046932,0.0
8095.1629355148725,0.0
8004.777083081662,0.0
8101.657890566593,0.0
8224.925725967323,0.0
8519.628202880773,0.0
8455.902299825882,0.0
7742.018523330982,0.0
8362.291800135743,0.0
7751.279477693202,0.0
7803.592521554932,0.0
8640.930108859542,0.0
9145.475085209022,0.0
9156.012739699423,0.0
9288.112425720672,0.0
9225.839368440542,0.0
9097.153526991213,0.0
9202.154176012693,0.0
9761.12455647653,0.0
9417.466007054032,0.0
9714.57275085723,0.0
9784.718377863413,0.0
10066.873878179193,0.0
9271.338537446743,0.0
9545.39062458993,0.0
9613.088414882643,0.0
9278.656175078031,0.0
9511.96252287866,0.0
9440.306815227932,0.0
9286.340271088502,0.0
9331.502537435113,0.0
10276.697189627752,0.0
10111.639238693871,0.0
10529.071295818863,0.0
9860.607073773983,0.0
10873.496623089693,0.0
10692.194709003843,0.0
10484.687805658821,0.0
10794.39822633862,0.0
10736.295054124383,0.0
11040.179029569443,0.0
10831.352221892463,0.0
10542.360403200015,0.0
10725.459113591041,0.0
10504.797900863292,0.0
10995.837701796743,0.0
10508.767715058551,0.0
10843.482114102773,0.0
10474.495781897473,0.0
10841.977487052762,0.0
10482.613242626572,0.0
10307.871666965802,0.0
10768.118469535853,0.0
10816.797204843653,0.0
10117.407618381581,0.0
10461.037603134773,0.0
10679.188356829303,0.0
10371.328417304714,0.0
10653.548733681033,0.0
10393.728273930043,0.0
10184.295314810433,0.0
10228.700080192364,0.0
10205.052513622173,0.0
10774.998445363464,0.0
10268.737344848203,0.0
10280.567956676652,0.0
9860.434399790014,0.0
10099.871032396213,0.0
9785.233054252032,0.0
10009.295261078692,0.0
9955.900692305604,0.0
9500.282909439964,0.0
10051.959421710873,0.0
9907.226628751123,0.0
10083.207429582584,0.0
9457.439812337734,0.0
9094.124899051612,0.0
10323.307418044275,0.0
10100.790568778182,0.0
9491.166493723624,0.0
9140.259213323643,0.0
9255.377344516051,0.0
9424.326286949343,0.0
8586.058518998223,0.0
8862.866053734422,0.0
8727.056702927344,0.0
9144.280406394913,0.0
8281.914414947172,0.0
9260.728509311342,0.0
8695.900286677343,0.0
8459.445216193864,0.0
8332.934009782424,0.0
8337.318071708123,0.0
8561.967513582833,0.0
8772.991717042274,0.0
8385.911342965102,0.0
7898.403924250652,0.0
8244.548518863083,0.0
8406.271638122744,0.0
7734.232779076133,0.0
7596.556179030273,0.0
7867.827410175622,0.0
7824.812294244382,0.0
7476.468966558043,0.0
7064.258199760781,0.0
7326.745315267162,0.0
8021.599107057452,0.0
8006.9062247296515,0.0
7934.032244314192,0.0
7677.007417074761,0.0
7669.594283269873,0.0
7238.925433791323,0.0
7682.133815587211,0.0
6945.817592605482,0.0
7444.826977280922,0.0
7498.230406056753,0.0
7437.577246209921,0.0
8587.195380382233,0.0
8575.112489858542,0.0
7655.3068864408015,0.0
8188.566407596421,0.0
8410.758978606313,0.0
8514.446708188563,0.0
8409.706535176061,0.0
8144.113717294752,0.0
7971.536655353692,0.0
8358.344294997121,0.0
8948.400704856442,0.0
8661.058113937343,0.0
9190.496748609363,0.0
8757.006849551573,0.0
9315.401986018973,0.0
9656.939641329183,0.0
9616.176030913883,0.0
9558.370613198473,0.0
10277.122317861622,0.0
9803.535598408213,0.0
9713.645981426782,0.0
9960.264421512362,0.0
10447.174092505864,0.0
10433.738771223783,0.0
10400.274684079151,0.0
10512.501466176323,0.0
10655.070476141114,0.0
10957.191200325733,0.0
11612.288282054134,0.0
10851.789016859591,0.0
11031.008976369394,0.0
11326.668696587414,0.0
11672.267496502873,0.0
10989.332312813862,0.0
11244.096921272692,0.0
11926.008485099772,0.0
10792.024659177474,0.0
10952.584442236843,0.0
10899.492243441633,0.0
10774.277143893914,0.0
11130.073706909443,0.0
10670.272011816603,0.0
10982.758796325674,0.0
10660.786559678781,0.0
10897.973430339433,0.0
11433.803433003002,0.0
11491.635160036903,0.0
11605.289447742623,0.0
11566.655230108354,0.0
11106.398409388374,0.0
11045.627761477703,0.0
11082.770268785513,0.0
10884.614681579122,0.0
10874.609807271761,0.0
10491.337871393443,0.0
11098.298680182234,0.0
10417.786171110152,0.0
10244.684599675613,0.0
10764.818699864652,0.0
10394.808157296802,0.0
10928.130253772862,0.0
10661.980519802644,0.0
10864.098491733412,0.0
10563.384128214213,0.0
10664.089936812165,0.0
10287.990511617292,0.0
10635.884655535503,0.0
10277.754939184684,0.0
10338.429892456053,0.0
10711.682123245224,0.0
10639.732385100244,0.0
11092.679542113714,0.0
10612.252707958933,0.0
10603.616544363513,0.0
10286.277981165822,0.0
10486.867861235161,0.0
10135.291209514853,0.0
10089.921226336763,0.0
9915.796402695592,0.0
9687.430266720225,0.0
9710.189759312354,0.0
9985.114379538114,0.0
9458.836186876262,0.0
9868.223709169422,0.0
8886.817240780574,0.0
8861.235545072883,0.0
9006.817206954533,0.0
9314.670636043882,0.0
9556.915211160362,0.0
8737.403836467562,0.0
9030.551096870564,0.0
9318.023346325343,0.0
8798.157416107753,0.0
9339.003093259304,0.0
9137.975727703493,0.0
9659.438149337913,0.0
9339.910136608883,0.0
8745.272049015004,0.0
8779.052822592523,0.0
8692.838663101302,0.0
8476.021508486314,0.0
8558.482959000403,0.0
9132.720912494013,0.0
8595.699336186753,0.0
9129.963293287092,0.0
9342.729938100323,0.0
8905.743579688024,0.0
8823.666162444502,0.0
9723.838231925283,0.0
9095.417784903013,0.0
9479.833565224442,0.0
9783.878593967154,0.0
9452.831428589103,0.0
9384.835594910222,0.0
8837.323421346513,0.0
9641.402748705153,0.0
8696.342777586722,0.0
8820.459647390093,0.0
8866.344986214983,0.0
9790.793875304864,0.0
8825.668833172804,0.0
9534.138617297642,0.0
9491.129440154213,0.0
9619.048791794183,0.0
9808.867518995034,0.0
10200.066787099593,0.0
10621.000666231223,0.0
10283.213027948193,0.0
10789.432972471684,0.0
9745.295910558893,0.0
10481.295971666343,0.0
11185.310215566184,0.0
10931.205706451452,0.0
