409.526881132925,0.0
129.1376293355438,0.0
701.9802369085518,0.0
913.2259085646393,0.0
867.458915529213,0.0
92.59807538372138,0.0
329.74210439747867,0.0
385.4827777947917,0.0
330.330380862549,0.0
1332.8762979902208,0.0
657.748144472948,0.0
384.4611754815247,0.0
123.654361808111,0.0
249.9351555724843,0.0
285.7281570518383,0.0
288.2467671150043,0.0
351.0307189433147,0.0
-166.92108288625502,0.0
296.5858369389231,0.0
-203.62621742299302,0.0
346.5065181885916,0.0
387.0984547279628,0.0
532.6066240955058,0.0
782.7999362720686,0.0
729.0651818051853,0.0
1131.20895509647,0.0
1351.1715870153698,0.0
813.303987514016,0.0
843.0137274935657,0.0
1301.513746096061,0.0
1241.3105463785205,0.0
1360.9151995351474,0.0
1425.1185929294013,0.0
1572.476330883902,0.0
1853.3158958966314,0.0
2205.005524787522,0.0
2179.690126754622,0.0
1936.9495027259727,0.0
2308.199360217142,0.0
1656.0791500258415,0.0
2144.23312855055,0.0
1970.1962744097714,0.0
1477.3142046545709,0.0
1375.6047030107106,0.0
1475.8146411149714,0.0
1337.999293590031,0.0
1383.8474856455014,0.0
2273.452864922161,0.0
2373.1965574681517,0.0
2047.6405420411018,0.0
2219.5957853870723,0.0
1837.381474009631,0.0
2565.154841267881,0.0
1536.8354411949808,0.0
1972.6702728257915,0.0
2267.7505118258323,0.0
2205.184465128881,0.0
1958.0638768445615,0.0
1493.8242661687268,0.0
1806.852381675212,0.0
2331.414222945372,0.0
2215.5198316127917,0.0
1918.934693697562,0.0
1996.0792203061112,0.0
1959.963974350942,0.0
2486.666693983923,0.0
2137.7998208413237,0.0
2709.6516265318837,0.0
2856.345314862104,0.0
2604.1076825559635,0.0
2583.3490804476937,0.0
2841.366677529104,0.0
2542.5939350480435,0.0
2515.4504652536834,0.0
2757.2054109891337,0.0
3075.289620965964,0.0
2568.0737550674235,0.0
2283.278973048373,0.0
1826.580531683602,0.0
1455.2999769715714,0.0
1645.9147058779315,0.0
2476.974467893522,0.0
2494.0792449786827,0.0
2346.7540024443933,0.0
2074.1403357835325,0.0
2245.4331329382435,0.0
2491.700927158543,0.0
1874.139055552712,0.0
2156.112143286731,0.0
2126.982730901662,0.0
2125.3412796848816,0.0
1593.047807351852,0.0
1852.042473486662,0.0
1730.4086908855948,0.0
2179.3084089247027,0.0
2000.4853693827029,0.0
2033.5097034608134,0.0
2376.024640484243,0.0
1954.6607114498229,0.0
2361.4795857780837,0.0
2075.609531297863,0.0
1546.327323608788,0.0
1380.083887587494,0.0
1374.4983732882743,0.0
966.4886979034484,0.0
1295.4415673824506,0.0
856.7398574391154,0.0
1569.9419486289507,0.0
855.9279246268727,0.0
1335.13814219231,0.0
443.4970617293973,0.0
420.0218658390701,0.0
707.835289695846,0.0
487.44564129915636,0.0
95.0021377606416,0.0
751.2809786926173,0.0
20.692248236318306,0.0
643.269864388129,0.0
849.7844400417227,0.0
513.764136554413,0.0
209.82865796456832,0.0
278.4305273474893,0.0
-349.4513576613398,0.0
-108.59610839774429,0.0
-429.4403170697091,0.0
402.7362171166516,0.0
155.491177508821,0.0
-461.6354337346958,0.0
-785.20155151183,0.0
-610.7960149818738,0.0
32.67655833613503,0.0
-447.9381236665672,0.0
-69.90858801778938,0.0
-480.6875172941767,0.0
211.63757911069692,0.0
-157.6951016927773,0.0
-87.04591990360564,0.0
-27.63909772116756,0.0
-216.4743940607883,0.0
-445.907786011245,0.0
-131.4201663963977,0.0
-374.17378871311473,0.0
-714.7851910547984,0.0
-1173.74391320964,0.0
-1364.6039057744697,0.0
-1120.928813121428,0.0
-1069.2341091122414,0.0
-1065.257697411025,0.0
-980.8756667542418,0.0
-1721.4505787653884,0.0
-703.1378088832035,0.0
-1616.355994239551,0.0
-1057.4640894220202,0.0
-473.0353128360348,0.0
-1154.2748814763054,0.0
-1349.851222686858,0.0
-1374.7292001952069,0.0
-925.354905300239,0.0
-1131.088763637546,0.0
-1261.239645062768,0.0
-1051.8442996791641,0.0
-1134.4268133990424,0.0
53.16797916409129,0.0
-82.7286501419712,0.0
-569.6890073990787,0.0
-787.8987796343745,0.0
-1198.6370757936452,0.0
-746.6190279855534,0.0
-1148.4860748116894,0.0
-1364.8505057893442,0.0
-628.9371600248732,0.0
-1722.845031129883,0.0
-1520.859229040249,0.0
-1813.0795049536214,0.0
-1919.5127698873393,0.0
-1610.526594680343,0.0
-2101.2743291217735,0.0
-1675.2486856367545,0.0
-1789.2922882616674,0.0
-2234.539236953754,0.0
-1993.2664734971818,0.0
-1913.441534311934,0.0
-1768.7178115729516,0.0
-1066.1797675543169,0.0
-1200.200687294605,0.0
-1389.1544910920768,0.0
-1109.473746071129,0.0
-1383.469330179638,0.0
-1197.5523980566131,0.0
-575.8465061796915,0.0
-1107.718939034474,0.0
-1033.7156281611851,0.0
-606.5420502283778,0.0
-1463.8448398536648,0.0
-721.65116609798,0.0
-246.5328150676804,0.0
-953.2064147174486,0.0
-772.3241857143344,0.0
-691.7495893894168,0.0
-700.3631451459337,0.0
-665.410170729839,0.0
-591.989407023734,0.0
-59.059932025606685,0.0
-60.43734159797621,0.0
214.16035527111092,0.0
493.6344204697437,0.0
-94.3034460031543,0.0
315.0946344490287,0.0
252.6626374889574,0.0
142.5532162227854,0.0
632.7923624808263,0.0
380.05544214429676,0.0
247.69957776804796,0.0
547.3000373542473,0.0
949.8282627921054,0.0
692.7000184107037,0.0
-304.374513543558,0.0
230.147202091056,0.0
696.7690057061848,0.0
-248.164154999826,0.0
762.8976669550419,0.0
174.758211592048,0.0
664.8854460797497,0.0
551.8565150604948,0.0
970.648789369952,0.0
-158.0429364289839,0.0
497.31052387468,0.0
427.0490927262397,0.0
942.8179871634667,0.0
1756.7840294891914,0.0
784.109865918711,0.0
1102.7862851408433,0.0
927.7992893162947,0.0
1510.9830220336307,0.0
742.1103107356716,0.0
1446.3693586974614,0.0
1872.9558108020415,0.0
1474.282079152395,0.0
1561.1095195133248,0.0
1777.2158815934326,0.0
2031.0589910028928,0.0
1585.8817470625527,0.0
2659.0011355510037,0.0
2371.7751874719743,0.0
1666.6248285458537,0.0
2472.6399457228476,0.0
3176.6194334789247,0.0
2594.7718104800156,0.0
2915.5106898968656,0.0
3189.7081989702365,0.0
2514.1625109189854,0.0
3034.6590168562548,0.0
2862.3761911142037,0.0
3366.614671147154,0.0
2946.348391542293,0.0
2677.727628398143,0.0
2661.7120998397336,0.0
2730.545348247763,0.0
2475.3356169456233,0.0
3017.710015556354,0.0
3131.8057094330943,0.0
3040.8419866243535,0.0
2533.5418384957334,0.0
3211.500915977903,0.0
2811.254543056962,0.0
3610.707263056184,0.0
2418.6012036527236,0.0
2866.1946282297436,0.0
2534.682453550594,0.0
3167.138818928084,0.0
3618.329237403595,0.0
4092.5724712974547,0.0
3618.6719842429657,0.0
3213.489038774245,0.0
3712.9140365607655,0.0
3846.5454731814348,0.0
3540.341851393704,0.0
3927.526721060234,0.0
3429.8729901203337,0.0
3017.368389181534,0.0
4060.071117954265,0.0
3416.1617191666446,0.0
3800.985669473644,0.0
3784.772902770494,0.0
3754.609791918294,0.0
4016.0593671800834,0.0
3222.2466998775226,0.0
3068.2542555678237,0.0
3711.218171959494,0.0
3816.144870494095,0.0
4104.802474299205,0.0
4623.4901581729755,0.0
3715.1388285002363,0.0
4422.815628594867,0.0
4708.937671426107,0.0
4679.782576147557,0.0
4284.093519224347,0.0
4636.606311243317,0.0
4447.684536353756,0.0
4511.226975528737,0.0
4664.218894656227,0.0
5362.970754528038,0.0
5295.482621318279,0.0
5704.738634614869,0.0
5175.427322818499,0.0
4857.930552990249,0.0
5125.09542332807,0.0
5088.656221781619,0.0
5162.11716444991,0.0
5286.75440231518,0.0
4715.133639900219,0.0
5143.962035191491,0.0
4848.63958022917,0.0
5287.70306598485,0.0
5286.7335687469495,0.0
5468.267939003648,0.0
4853.849373931758,0.0
5248.790305617218,0.0
4774.415204700339,0.0
4236.598136807688,0.0
5033.093032562629,0.0
4519.859661549228,0.0
4399.444762580188,0.0
4404.4035706506875,0.0
4976.226311145838,0.0
4921.2737886712375,0.0
4529.208534360447,0.0
4095.2534438449666,0.0
3550.4971880791663,0.0
4206.584738126997,0.0
4656.156530409878,0.0
4542.088506084037,0.0
4159.740545794247,0.0
3915.0426699492264,0.0
3734.211348841127,0.0
3931.3372581552057,0.0
3590.1508392597757,0.0
3753.8617512634464,0.0
3826.5617618034566,0.0
3678.5870890373776,0.0
3830.093605246468,0.0
4047.485105658957,0.0
3783.3872650409176,0.0
3556.114710071306,0.0
3460.2756761548662,0.0
4126.516997618097,0.0
3839.4462381581875,0.0
3881.3981387853873,0.0
3816.9919300955376,0.0
3427.397761342948,0.0
3494.149151082507,0.0
3707.345739623406,0.0
3219.9561653782757,0.0
2385.372564469465,0.0
2654.823838108574,0.0
2588.220478778773,0.0
2162.9333761326025,0.0
2593.675816429554,0.0
2254.0365892915834,0.0
1939.1097425160235,0.0
2666.402993480604,0.0
2295.4540491844637,0.0
2353.1562173934635,0.0
2668.965909632144,0.0
2366.0788781099836,0.0
1747.712146260956,0.0
2466.5046102442748,0.0
2059.166243015695,0.0
2571.750905048895,0.0
3206.1178318741368,0.0
2505.7869873253126,0.0
3062.2989781823953,0.0
2614.790667542781,0.0
2872.837890397039,0.0
3254.2281254409977,0.0
3059.067770287839,0.0
3488.973145427318,0.0
2682.55381345605,0.0
2929.0602633982576,0.0
2751.307330950091,0.0
3115.037927693341,0.0
2810.22093205748,0.0
2844.398006181728,0.0
2771.169197086903,0.0
3443.5341007498205,0.0
3591.9486559329434,0.0
3499.9898559471594,0.0
3850.9283583568385,0.0
2918.6522777279556,0.0
3365.569470547651,0.0
3987.2229568186785,0.0
2912.471303068945,0.0
2881.899861734056,0.0
2575.7991558110316,0.0
2508.775284201693,0.0
2127.7418677193027,0.0
1963.0670374682036,0.0
2136.658518004836,0.0
2545.8123605677647,0.0
2445.400286293245,0.0
2297.2393046823786,0.0
1829.3891500641846,0.0
2616.8106404756227,0.0
2545.5420148100297,0.0
2910.6740005845754,0.0
1602.126614344168,0.0
2101.535399275934,0.0
2752.064900316216,0.0
2413.6126070382998,0.0
2630.679568476772,0.0
2558.6424324529407,0.0
2607.094960824487,0.0
2858.2342006946787,0.0
2177.637807361001,0.0
2650.0621365103166,0.0
3146.6798670042594,0.0
3199.548043167119,0.0
3021.7638995379316,0.0
2845.054002408248,0.0
3157.37495554877,0.0
2616.609574764122,0.0
2267.6942521941633,0.0
2625.729233097739,0.0
2781.999390439627,0.0
2966.561846224402,0.0
2928.1730543249364,0.0
3086.691372598255,0.0
3743.3140360157795,0.0
2710.3599348914886,0.0
3680.95226901265,0.0
3091.8361828026295,0.0
2953.1553101756986,0.0
2592.7397127409427,0.0
3114.012913323296,0.0
3327.0304478781127,0.0
2784.7145126506366,0.0
3700.7387432304185,0.0
2859.5168350883037,0.0
2585.994396909036,0.0
3495.8224355692755,0.0
4503.109833290111,0.0
4288.619878512822,0.0
4403.502362996962,0.0
4087.7575019982414,0.0
4012.8528613739463,0.0
3755.019959694005,0.0
3443.2259527604224,0.0
3434.3706102199703,0.0
3614.0064570153145,0.0
3453.5906400454714,0.0
3554.3673432191586,0.0
3951.5398557092294,0.0
3657.3833948855445,0.0
3483.2716098220562,0.0
3889.735359339826,0.0
3498.5765001765094,0.0
4345.301612576461,0.0
3454.3995347881337,0.0
3927.8180233861494,0.0
4010.5124603427985,0.0
4437.46076122231,0.0
4510.407938488779,0.0
3376.896437569827,0.0
4278.467561141249,0.0
4031.5219063839495,0.0
4380.93033819441,0.0
5132.4686038342015,0.0
4513.626738098401,0.0
4967.432062573851,0.0
4948.762406562591,0.0
5051.027660837663,0.0
5890.805179129643,0.0
5407.136917143863,0.0
5640.748212824174,0.0
6162.239648150075,0.0
6462.201172441585,0.0
6101.706217731866,0.0
6995.867678366965,0.0
6464.667116144976,0.0
6613.625647034098,0.0
6190.025689679027,0.0
7121.332559972448,0.0
7310.195998095238,0.0
7021.543086597368,0.0
7687.312838005528,0.0
7715.77166246561,0.0
7399.677533785667,0.0
8175.377024479899,0.0
7151.511878183379,0.0
7763.7956181683185,0.0
7981.4914228155285,0.0
7616.464125313229,0.0
7702.107244662959,0.0
7991.6620279093895,0.0
8091.2874425067,0.0
8292.07628302529,0.0
8255.08777920771,0.0
8072.3764913043005,0.0
8806.02014654229,0.0
8221.34176543141,0.0
8049.550850885989,0.0
8437.15426305311,0.0
8669.739242089709,0.0
7402.434661915158,0.0
7872.882309340437,0.0
7966.141193340187,0.0
7876.510307267557,0.0
8716.761051791447,0.0
8325.466560502477,0.0
7965.029656497967,0.0
7772.889807847957,0.0
8103.088959281486,0.0
8156.837669180316,0.0
8087.358237179496,0.0
7872.892307693568,0.0
8261.252680885937,0.0
8272.340506257318,0.0
9098.720862383389,0.0
8249.00283162763,0.0
8739.97935910808,0.0
8605.60931777597,0.0
8635.11155660392,0.0
8778.09160706904,0.0
8904.172815598311,0.0
9020.33239223533,0.0
9878.344252958512,0.0
9608.416572019793,0.0
10202.104743205493,0.0
9661.324150040764,0.0
10093.967980084853,0.0
9729.225703097274,0.0
10460.048610516264,0.0
9499.152874215953,0.0
10479.978255527103,0.0
9880.160915929904,0.0
10170.147595570485,0.0
9090.264585640693,0.0
9745.662420695184,0.0
9640.381119693542,0.0
8829.386478610031,0.0
9350.276515437852,0.0
9139.220337257851,0.0
8466.847562074101,0.0
9528.62690708002,0.0
9032.729140866531,0.0
9155.78743924284,0.0
9398.74917929123,0.0
8851.11714465753,0.0
9248.431344748562,0.0
8851.234009680687,0.0
9463.93231938234,0.0
8760.50102239328,0.0
8775.26490444205,0.0
9436.757511573342,0.0
9431.956970974072,0.0
9571.798528717592,0.0
9620.355873088833,0.0
9410.140724951782,0.0
9430.193039294933,0.0
9419.920936251272,0.0
9249.5775193562,0.0
9065.49050328934,0.0
9086.16542695385,0.0
9357.49755382277,0.0
9063.654717208232,0.0
8942.409615967403,0.0
8476.84323958055,0.0
8581.00046209603,0.0
8522.56570156587,0.0
8925.85616551694,0.0
8703.21795663609,0.0
8749.236886853721,0.0
8398.205589466152,0.0
8514.57175281515,0.0
8274.55622536167,0.0
8032.889497435101,0.0
7954.70953057801,0.0
8730.77727570746,0.0
7940.955736317319,0.0
8071.349595102929,0.0
8191.229605484441,0.0
8257.27590499439,0.0
8456.160897797341,0.0
8277.92017574161,0.0
7964.0548861999005,0.0
7774.08848488493,0.0
8322.11071238746,0.0
8213.51955453639,0.0
7563.7101767679405,0.0
8441.475313888392,0.0
7779.693321408742,0.0
7987.868243376221,0.0
8179.787610843842,0.0
7937.833418752913,0.0
8298.398870532983,0.0
7878.338221587812,0.0
9004.867792528903,0.0
8602.368933587693,0.0
8809.025032559162,0.0
8437.717878200952,0.0
7656.898858353912,0.0
8563.003868614484,0.0
8467.383312132262,0.0
8432.783871490112,0.0
8228.721827384303,0.0
8188.316790284723,0.0
8213.368714111552,0.0
7794.096087275173,0.0
8647.596235712514,0.0
7731.888161814743,0.0
7853.947783660295,0.0
8014.487025673874,0.0
8881.576613948875,0.0
8206.475885835625,0.0
8223.326541657434,0.0
8535.219698615045,0.0
8327.482284770966,0.0
7599.889753841744,0.0
8807.700189240735,0.0
8384.234151524905,0.0
8367.348097721464,0.0
8364.435641051245,0.0
8170.668122854845,0.0
13360.215693223385,1.0
13360.215693223385,1.0
13171.758038849504,1.0
7888.758551618035,0.0
8471.298439758075,0.0
7745.327877015025,0.0
8024.384601430064,0.0
7545.174748882622,0.0
8020.963529949813,0.0
7976.727459891883,0.0
7685.953443389753,0.0
8447.653134219954,0.0
7961.8062640372345,0.0
7833.018454039755,0.0
8082.118182135424,0.0
8055.480841822055,0.0
8362.334554437675,0.0
8364.168118754504,0.0
7777.390110574043,0.0
8091.035064108754,0.0
7484.276715020753,0.0
7836.095349981623,0.0
7585.649054613713,0.0
8281.836232433845,0.0
7856.802510063834,0.0
7882.581914152514,0.0
7873.587817902544,0.0
7035.984794632509,0.0
7562.634707532929,0.0
8516.504696642693,0.0
8307.122229719875,0.0
8288.267469743536,0.0
8232.378209061795,0.0
8051.431898954725,0.0
8065.609741833585,0.0
12783.896005705523,1.0
12783.896005705523,1.0
12783.896005705523,1.0
7569.933548883949,0.0
8038.430929960945,0.0
8354.915207396685,0.0
7555.071728890017,0.0
8552.554608518565,0.0
8810.289961685565,0.0
8259.361195704534,0.0
8368.915584191334,0.0
8922.854657973065,0.0
8326.518609857605,0.0
8235.733576696735,0.0
8190.171664677865,0.0
8459.776040101375,0.0
8758.062717780678,0.0
9131.775185399527,0.0
8924.736098329538,0.0
8978.604496875098,0.0
8956.091005303615,0.0
8710.335470814647,0.0
9420.819662489946,0.0
9227.100581462006,0.0
8447.492825667105,0.0
8903.316026706965,0.0
9159.819565980828,0.0
9555.443602122858,0.0
9346.793630634098,0.0
9448.388258566278,0.0
10043.838489200218,0.0
9957.556396755497,0.0
9560.448667452449,0.0
9442.935090161525,0.0
9352.394236441316,0.0
9455.232262111478,0.0
10008.200183520577,0.0
9882.799799040698,0.0
9492.954211600787,0.0
10087.116212050725,0.0
9602.471299921237,0.0
10192.484135305878,0.0
9867.733406219626,0.0
9843.030683513336,0.0
9473.415395911055,0.0
10086.703318354284,0.0
9504.324770635258,0.0
9754.924478037277,0.0
9846.491361961045,0.0
9827.578345919796,0.0
9851.446519873514,0.0
9579.212249184624,0.0
9618.653091813336,0.0
9904.753114039104,0.0
9394.158546973034,0.0
9133.401256572444,0.0
9878.873496210994,0.0
10384.119127244114,0.0
10274.198606713804,0.0
9906.636829970785,0.0
10209.704066600516,0.0
10566.484757227714,0.0
9726.228573887285,0.0
9742.185172041212,0.0
9979.539924224004,0.0
9467.483545143612,0.0
9564.581049299113,0.0
9745.706028703362,0.0
9558.045517729073,0.0
9974.374635367152,0.0
9292.386923057182,0.0
8877.522445349352,0.0
9949.162508264943,0.0
9743.499646030112,0.0
9870.375695154464,0.0
9688.906798174723,0.0
10397.655826913593,0.0
9952.864988996023,0.0
10454.022958109712,0.0
9656.397263594643,0.0
9977.484671336872,0.0
9795.497411035723,0.0
10079.040185187263,0.0
9542.846267717792,0.0
9871.355792123522,0.0
9937.470834993812,0.0
10000.034642414412,0.0
10208.04621576885,0.0
9746.926255519764,0.0
10003.83344525231,0.0
9878.52963605277,0.0
10138.25595440414,0.0
9940.94672054755,0.0
10547.829612858332,0.0
10228.428864281621,0.0
10314.355807876012,0.0
10781.104482876573,0.0
10914.274678108623,0.0
10964.079534106822,0.0
11368.023813182464,0.0
10969.133887356613,0.0
11187.704078617546,0.0
11400.521006310795,0.0
11634.301346395085,0.0
11927.708404868485,0.0
11810.379147945365,0.0
11655.348600678164,0.0
12086.998359895064,0.0
11531.878765360016,0.0
11250.165308227955,0.0
11183.003411326225,0.0
11437.413218689995,0.0
11555.490675826844,0.0
10678.988196570705,0.0
11933.095710512895,0.0
11294.452516225356,0.0
11346.654105253914,0.0
11305.769146943236,0.0
10564.375905753383,0.0
10566.325482609123,0.0
10932.557631539832,0.0
11228.937652079901,0.0
10998.884286979614,0.0
10819.810467918152,0.0
9838.187322120022,0.0
10904.125796104203,0.0
10728.651156213822,0.0
10432.128056231533,0.0
10594.878986949712,0.0
10630.148892106023,0.0
11199.817962143094,0.0
10138.442999692194,0.0
10621.699096749991,0.0
10905.926979429672,0.0
10929.322465025023,0.0
10900.918154166204,0.0
10739.700506630743,0.0
11010.760065418475,0.0
11405.300977173685,0.0
10759.891862047245,0.0
10880.753981405185,0.0
11211.218944408336,0.0
11148.255614705777,0.0
10857.697829271245,0.0
11623.824979722156,0.0
10861.230104315815,0.0
10780.787437692534,0.0
10741.084226179735,0.0
11055.049491515634,0.0
10844.498585772764,0.0
10840.476982247863,0.0
10282.721827961414,0.0
10800.920142925344,0.0
10417.560705747062,0.0
10115.450003450595,0.0
11060.883152541996,0.0
10958.436304455045,0.0
10699.535882512544,0.0
10084.477543895253,0.0
9571.343839566962,0.0
9795.032259256843,0.0
9319.247521315643,0.0
9325.355346100092,0.0
9912.940180903253,0.0
9370.063899900962,0.0
9493.859083632793,0.0
9194.197751532953,0.0
9978.613305759773,0.0
9203.043656779233,0.0
9347.672864758943,0.0
9639.061589591933,0.0
9517.463235727952,0.0
9193.648299098182,0.0
9526.804155220792,0.0
9451.963551091892,0.0
10021.262537775752,0.0
9292.739282182023,0.0
9205.517091322283,0.0
9764.232088949142,0.0
9131.190112790733,0.0
9680.386212797093,0.0
10059.525272820294,0.0
9070.345569310814,0.0
9329.024698845942,0.0
9310.923448812182,0.0
9145.482968182903,0.0
9245.904829863632,0.0
9342.726958378082,0.0
8762.035475024772,0.0
8397.021561403351,0.0
8209.21794215043,0.0
8835.911117708541,0.0
8080.542979064442,0.0
8530.77088165416,0.0
7973.22938862119,0.0
8209.768756487141,0.0
8402.99543541966,0.0
8267.996046111291,0.0
7979.08678723559,0.0
7820.368312361461,0.0
8465.651602269761,0.0
7548.969464352291,0.0
8003.131118703301,0.0
7798.0372042279005,0.0
8690.60185318845,0.0
7858.89920342076,0.0
8475.60431824331,0.0
8340.0957169137,0.0
7732.087477434512,0.0
8573.288795008582,0.0
8616.612060420593,0.0
8198.983692760432,0.0
7739.784379940793,0.0
9263.432390078324,0.0
8282.752250708452,0.0
7882.919891416363,0.0
8535.607083191182,0.0
7858.658378607681,0.0
8197.729762060591,0.0
8050.810637959703,0.0
7908.730795156083,0.0
8425.152296324293,0.0
8527.818243876953,0.0
8278.540267465192,0.0
8102.623123511432,0.0
7975.820885470831,0.0
7844.19416091263,0.0
7821.905066392841,0.0
7999.136125448812,0.0
8052.569190151802,0.0
7660.131271286502,0.0
7457.572508642291,0.0
7862.497346969992,0.0
8072.0993991864525,0.0
8192.989622898593,0.0
12739.53747459597,1.0
12739.53747459597,1.0
12739.53747459597,1.0
8668.303255363302,0.0
8645.672870017574,0.0
8379.391991280212,0.0
7919.053691151072,0.0
8227.854857578523,0.0
8126.996235515872,0.0
8480.383324763332,0.0
8459.543953645813,0.0
9258.430713661803,0.0
8778.155800458822,0.0
8668.165837963214,0.0
8592.959306709045,0.0
9009.137585737924,0.0
10376.002331715516,0.0
9853.157418561676,0.0
9884.510069344895,0.0
9497.294370724536,0.0
9326.274648819664,0.0
9243.705960403655,0.0
9315.825923224354,0.0
9441.441351452424,0.0
9108.677453664612,0.0
8590.299666049103,0.0
8538.57192822205,0.0
8071.315199772061,0.0
8934.662406302132,0.0
9373.176425297042,0.0
8339.789953227642,0.0
8665.044515336751,0.0
8611.800913664323,0.0
8545.521174792062,0.0
9497.525255839002,0.0
9565.552906749792,0.0
9691.235359012751,0.0
9237.666102018331,0.0
8341.46477726127,0.0
9310.358938610712,0.0
8969.287438050273,0.0
9167.164127685182,0.0
9348.094590193283,0.0
9332.674734785642,0.0
9793.410073937372,0.0
9179.845377155081,0.0
9213.171080633063,0.0
9530.258008332363,0.0
9982.242889717872,0.0
9615.528912748172,0.0
9567.761063799633,0.0
9499.395032166663,0.0
9812.312966815804,0.0
10003.576851947742,0.0
9950.117499948214,0.0
10399.042329967193,0.0
9746.709770990132,0.0
10587.006491686805,0.0
10213.778730384745,0.0
10920.496609232065,0.0
10595.324689398905,0.0
10973.889573257413,0.0
10705.865568784444,0.0
11001.007507366783,0.0
10970.148756612625,0.0
10159.643434991855,0.0
11528.503039241925,0.0
10774.698157170455,0.0
11901.456529418934,0.0
11221.003607009676,0.0
11161.458048300654,0.0
11793.435245855246,0.0
11700.537887808925,0.0
11569.912358931495,0.0
11723.025448867254,0.0
12118.293349151394,0.0
11110.643176252705,0.0
11392.223851930024,0.0
11508.535829230863,0.0
11021.664699334055,0.0
10745.423556909504,0.0
11975.456099806815,0.0
11332.253294790684,0.0
11270.181839769995,0.0
11433.359792293082,0.0
11484.995314581825,0.0
11323.871776518994,0.0
10887.068050491562,0.0
10890.208096569913,0.0
11291.789317577923,0.0
11205.724599671074,0.0
10865.541906682942,0.0
12058.180123094462,0.0
11592.938652608682,0.0
11091.180428530643,0.0
11130.056168627392,0.0
10143.183644870742,0.0
11697.473439990023,0.0
11400.17869935181,0.0
10890.335744119191,0.0
10816.374328203481,0.0
10922.42752143629,0.0
11236.46751317543,0.0
10612.69131697247,0.0
11091.110604151689,0.0
10815.146704771818,0.0
10546.650924923259,0.0
10690.654035845439,0.0
11571.549934316528,0.0
10938.61826271996,0.0
10738.673997819431,0.0
10718.35372977719,0.0
11174.338461153031,0.0
11466.355655485873,0.0
11284.947059710532,0.0
10933.69905896151,0.0
10197.507564841679,0.0
10876.16464316099,0.0
11505.95353141324,0.0
10462.39545121503,0.0
11590.211110572593,0.0
10916.866167097523,0.0
11503.529117912172,0.0
10929.574092962714,0.0
11637.22593053515,0.0
10987.871247932131,0.0
11493.900165971523,0.0
11280.984122635811,0.0
10959.577101855262,0.0
10843.918358958092,0.0
10945.632881260402,0.0
11001.64285376776,0.0
11546.72539511523,0.0
11081.98125149287,0.0
10490.439755264772,0.0
10567.815173779729,0.0
10152.66756097466,0.0
10070.223800602449,0.0
10111.386365685217,0.0
11091.503428716787,0.0
10283.528206410218,0.0
10032.801481265258,0.0
9428.455657103528,0.0
10711.26148551233,0.0
10900.076129848629,0.0
9766.25469724101,0.0
10450.6982315021,0.0
10157.93730455526,0.0
10250.93380325626,0.0
10214.36963632623,0.0
10489.258641610799,0.0
10391.340641351519,0.0
10321.21646733964,0.0
10390.04144951397,0.0
9464.987152258509,0.0
9453.857889230876,0.0
10428.487683596039,0.0
9832.582496248908,0.0
10060.225737472729,0.0
9259.197464871108,0.0
10565.115777063058,0.0
9663.302507843779,0.0
10149.630632757879,0.0
10065.9729140708,0.0
10225.74454265746,0.0
9793.101649170461,0.0
10368.816569687711,0.0
10342.340407191321,0.0
9922.19497172867,0.0
9799.369767989901,0.0
10615.808857450953,0.0
9700.360950809913,0.0
10843.966262346283,0.0
11007.332314015872,0.0
10796.548522989142,0.0
10400.649691749572,0.0
11251.477053740964,0.0
10397.227244069303,0.0
10100.254713020913,0.0
10066.259641309443,0.0
9753.225475540972,0.0
9716.429726189832,0.0
9972.030885808123,0.0
9701.299530620781,0.0
9670.534560565802,0.0
9553.80370381642,0.0
9543.464413523501,0.0
9653.13517904918,0.0
10477.897229654583,0.0
9690.049707869322,0.0
9884.15717705433,0.0
9713.486654124672,0.0
9265.271920753172,0.0
9276.863527463562,0.0
9413.09297834876,0.0
9152.56479467348,0.0
9172.389491833601,0.0
9017.051989782389,0.0
9307.34814600142,0.0
8529.64524681438,0.0
9084.221485144719,0.0
7820.444158261107,0.0
7795.445940971447,0.0
8756.046506972458,0.0
8769.122378885628,0.0
7790.622116413677,0.0
8490.761780173227,0.0
7885.285430774307,0.0
8617.876386538217,0.0
8109.609347909717,0.0
8215.228760936927,0.0
8324.92974604902,0.0
8020.509569185669,0.0
8678.005882177278,0.0
8393.92996276806,0.0
8540.71218050546,0.0
8110.615246803849,0.0
8223.743372041048,0.0
8240.332800770087,0.0
7404.688835361167,0.0
7843.1992012209475,0.0
7940.914117768987,0.0
8506.570449521289,0.0
7827.101785052848,0.0
7589.897998606208,0.0
7882.464880995066,0.0
7502.971398733196,0.0
8260.059239995488,0.0
7203.601073061756,0.0
7627.167016811736,0.0
7304.837961548466,0.0
7587.883068065086,0.0
7990.298808181897,0.0
8180.063004764927,0.0
7525.920674152506,0.0
6989.062309163645,0.0
7164.208723432264,0.0
7849.113308212385,0.0
7424.734302478395,0.0
7347.900471112045,0.0
7646.091307653476,0.0
7920.650923267145,0.0
8263.870615257445,0.0
8048.063021104987,0.0
7384.002319567806,0.0
8261.402801029086,0.0
7576.660662219764,0.0
8211.828193251085,0.0
8381.745473910225,0.0
7141.864222886845,0.0
8155.797177708795,0.0
7804.620636550975,0.0
7594.143777652435,0.0
7722.7019370331145,0.0
7938.180329320356,0.0
7946.021831429416,0.0
7728.334708327115,0.0
8473.954780305667,0.0
8162.423048760715,0.0
7968.1960202062855,0.0
7702.777927031955,0.0
8130.8286437332645,0.0
8172.260275795095,0.0
8036.726885662436,0.0
7857.168187025805,0.0
7969.508449971436,0.0
8031.638810810526,0.0
8051.726714352944,0.0
8435.278837291986,0.0
8445.456400030715,0.0
7869.894460522795,0.0
8560.812698935955,0.0
8838.076984212945,0.0
8099.836230545616,0.0
8139.168809860836,0.0
9226.510679524077,0.0
8886.703784924617,0.0
9025.794115729026,0.0
8635.013074078066,0.0
9121.247400647786,0.0
8988.522445692935,0.0
9041.033350331647,0.0
9140.157248808115,0.0
9407.408493208286,0.0
9316.485714395465,0.0
8507.107213757596,0.0
9168.350691431644,0.0
8431.825133748525,0.0
8426.329788720835,0.0
9286.312512028726,0.0
9778.921112175656,0.0
9745.859138844917,0.0
9847.027956822927,0.0
9734.126673106246,0.0
9548.510418744047,0.0
9640.751924973716,0.0
10215.376188849956,0.0
9776.125528837976,0.0
10064.367245969406,0.0
10103.773802762058,0.0
10378.755062532857,0.0
9486.163961762977,0.0
9756.153364912865,0.0
9820.075059024155,0.0
9442.796292251825,0.0
9674.990770045595,0.0
9573.466739142264,0.0
9383.965180808755,0.0
9397.733732780634,0.0
10407.385759246416,0.0
10214.832504469596,0.0
10648.757363571147,0.0
9888.197375994409,0.0
11005.097458458957,0.0
10808.197655070528,0.0
10585.951246033957,0.0
10937.848032639868,0.0
10887.649936145186,0.0
11221.082812866258,0.0
11031.284526296899,0.0
10756.724066047907,0.0
10967.909627567587,0.0
10756.672444442247,0.0
11314.765000729758,0.0
10836.121322948267,0.0
11267.464007833707,0.0
10906.635959951707,0.0
11361.527503193796,0.0
10998.539724641567,0.0
10881.003011880528,0.0
11428.262369358197,0.0
11543.744020381828,0.0
10836.787517021457,0.0
11302.317242398718,0.0
11593.215062898616,0.0
11306.16150832695,0.0
11691.470341322729,0.0
11461.46007906917,0.0
11327.44795529585,0.0
11455.663544846848,0.0
11490.83191602152,0.0
12201.270944593358,0.0
11725.490656760408,0.0
11802.60076012012,0.0
11423.048597080531,0.0
11790.674212358099,0.0
11527.82102034572,0.0
11839.69232566345,0.0
11864.428305267531,0.0
11444.83516424306,0.0
12135.51002271843,0.0
12056.878631029802,0.0
12311.35819144248,0.0
11718.541485488102,0.0
11394.11406080416,0.0
12805.015525487592,0.0
12631.662109699631,0.0
12028.848758683002,0.0
11708.768806219021,0.0
11919.23149444674,0.0
12147.34798330709,0.0
11299.82658149134,0.0
11678.899751385708,0.0
11599.20371285694,0.0
12106.436964346958,0.0
11198.21959845661,0.0
12316.89880061172,0.0
11747.893245238727,0.0
11498.077000100508,0.0
11384.38193295401,0.0
11429.808907164588,0.0
11694.174833746558,0.0
11919.388801711859,0.0
11499.307045590549,0.0
10982.849931391498,0.0
11381.007751751047,0.0
11532.044145734028,0.0
10796.983846969277,0.0
10626.979500340556,0.0
10903.019323149167,0.0
10846.653635017046,0.0
10448.454283479277,0.0
9974.811477826635,0.0
10201.813248303086,0.0
10900.874902374835,0.0
10831.767973271155,0.0
10693.762022546336,0.0
10347.999348170757,0.0
10292.404387582335,0.0
9765.530355208995,0.0
10198.368570084966,0.0
9306.636919839744,0.0
9773.627769288734,0.0
9745.282726135754,0.0
9587.506382805015,0.0
10742.005852264756,0.0
10631.135989100654,0.0
9535.259935965905,0.0
10000.754155484905,0.0
10120.501287179664,0.0
10126.472335877885,0.0
9919.703509523544,0.0
9514.242735390206,0.0
9190.370708155635,0.0
9520.781252822475,0.0
10035.537220204376,0.0
9600.836294857007,0.0
10047.103113088186,0.0
9469.409346856097,0.0
9947.017996400366,0.0
10185.498494550717,0.0
10021.941707492319,0.0
9820.851589082937,0.0
10496.563296639237,0.0
9877.454753047337,0.0
9644.287950545908,0.0
9803.255918230567,0.0
10209.797100088308,0.0
10066.49169879931,0.0
9903.40470125988,0.0
9942.23315116176,0.0
10017.288534012308,0.0
10232.64548926648,0.0
10840.5408192887,0.0
9928.937991058549,0.0
10018.821273777041,0.0
10240.8823687363,0.0
10560.60054305882,0.0
9749.81097563443,0.0
9958.26616308995,0.0
10642.24961679532,0.0
9346.93699740024,0.0
9464.878181095719,0.0
9371.163381629769,0.0
9164.00196042045,0.0
9530.965621890919,0.0
8964.504720961158,0.0
9293.593691874557,0.0
8927.833032963208,0.0
9145.255084986056,0.0
9716.502824586827,0.0
9746.20399852775,0.0
9881.203296178497,0.0
9814.577493936507,0.0
9326.525284667026,0.0
9245.423428740669,0.0
9315.883405298959,0.0
9131.602851884069,0.0
9120.933827564148,0.0
8722.485840429757,0.0
9420.885244645728,0.0
8722.826834117008,0.0
8569.438878425877,0.0
9165.564801571458,0.0
8822.441866412057,0.0
9440.949723419777,0.0
9181.23785639296,0.0
9480.233021126049,0.0
9208.538089720849,0.0
9363.437393133228,0.0
9033.970885605488,0.0
9486.527025766118,0.0
9143.455171202058,0.0
9264.665427179048,0.0
9732.76092262557,0.0
9730.95247957361,0.0
10309.79033106966,0.0
9841.105030435741,0.0
9932.6949161059,0.0
9665.371942616752,0.0
9989.422497219479,0.0
9685.53388649668,0.0
9719.67439600722,0.0
9611.81184134761,0.0
9424.580630406661,0.0
9533.271477101991,0.0
9919.47601302994,0.0
9421.01415226955,0.0
9972.93364329221,0.0
8989.391955589039,0.0
9039.39133064663,0.0
9257.181278676999,0.0
9671.43142367042,0.0
10011.25247530243,0.0
9177.62732142305,0.0
9568.97076663094,0.0
9932.16581153297,0.0
9421.42238604783,0.0
10058.56639977498,0.0
9913.05146555754,0.0
10522.752034441972,0.0
10240.230380092762,0.0
9631.60629807959,0.0
9712.80287147263,0.0
9677.50828720674,0.0
9455.95571568028,0.0
9599.62634933037,0.0
10262.82125748762,0.0
9715.880941884208,0.0
10308.33663308002,0.0
10542.481155105412,0.0
10075.55766400339,0.0
10015.81919196048,0.0
10997.308926996691,0.0
10308.376888462251,0.0
10713.83958877832,0.0
11046.51881578235,0.0
10675.245833948711,0.0
10610.174710537802,0.0
10012.945902467898,0.0
10903.546443831317,0.0
9861.697456570308,0.0
9957.72006242138,0.0
10003.384095661668,0.0
10976.930370151207,0.0
9882.997042238829,0.0
10613.579838981848,0.0
10513.095369070641,0.0
10618.54924690116,0.0
10809.84915373549,0.0
11183.0372506278,0.0
11606.96042971499,0.0
11173.40280299162,0.0
11669.852322321422,0.0
10493.9685087224,0.0
11281.1291519396,0.0
11993.930154669371,0.0
11668.966092231592,0.0
