103.211619588763,0.0
655.9400290289636,0.0
851.9407299266711,0.0
1513.0075231551584,0.0
2116.8248769320694,0.0
1468.2148543757994,0.0
1588.0914588901583,0.0
1121.733566241648,0.0
629.922847972872,0.0
1461.635023641978,0.0
830.4691523080741,0.0
1377.5159886612473,0.0
835.279792446463,0.0
377.1308730273548,0.0
442.63965754809,0.0
499.03835971917977,0.0
21.597882174509778,0.0
-586.2467948789404,0.0
-433.74517176759036,0.0
-496.54457583840053,0.0
216.06099203745976,0.0
-276.9741756094204,0.0
341.43841904565966,0.0
435.2338426772096,0.0
1004.5963417307099,0.0
1672.20859676022,0.0
1751.57367902585,0.0
1660.63324034427,0.0
2237.81786824474,0.0
2361.7653866199803,0.0
2368.18976294142,0.0
2956.88076243505,0.0
2985.1679540631603,0.0
3574.314928114981,0.0
3099.5058154571207,0.0
3728.1460840117506,0.0
3725.242747326981,0.0
4216.735174732011,0.0
3750.5971058311397,0.0
3055.326496430611,0.0
2609.5197746714903,0.0
3105.1689287998297,0.0
2437.0051656887804,0.0
2398.0673539651502,0.0
2946.5533941140607,0.0
2349.2753356306603,0.0
2880.82996779113,0.0
3051.3511862078603,0.0
3590.2174017270804,0.0
3487.52048053054,0.0
3492.7756548638104,0.0
2828.1488914292904,0.0
2407.1386341280104,0.0
2141.23253823719,0.0
2742.80522941294,0.0
3311.6747320229206,0.0
2709.35543651419,0.0
2610.1944172632902,0.0
3007.1113952982305,0.0
3029.54551808662,0.0
3097.8078869168203,0.0
3023.5825684182305,0.0
2908.6947904326703,0.0
2330.59349499574,0.0
2817.6431337990207,0.0
3428.8898020691704,0.0
3846.3235472704164,0.0
3922.078708184821,0.0
4449.236676625474,0.0
3797.794758666176,0.0
3743.271062483532,0.0
4296.265213648766,0.0
4181.472335962952,0.0
3582.261652051566,0.0
3588.7923858871163,0.0
4158.604365119594,0.0
3456.460016811585,0.0
2804.8553976758085,0.0
2116.6982727447066,0.0
1449.0271202003532,0.0
1452.6652249119904,0.0
2145.1030578047994,0.0
2659.4495137173576,0.0
3139.477927215993,0.0
2503.322069004819,0.0
3058.235966715807,0.0
2541.4567400749565,0.0
1836.0554110040814,0.0
1332.1455579797143,0.0
1852.6629361129128,0.0
1291.3165645321544,0.0
1705.9815796511948,0.0
1753.1709667386554,0.0
2264.362335615813,0.0
2359.3609036093876,0.0
2318.492002995352,0.0
2872.8089230829496,0.0
2407.9994516789666,0.0
2322.62138937194,0.0
2968.8335343663734,0.0
2374.3150006270535,0.0
2274.3887344226528,0.0
1712.564269133551,0.0
1189.3867905597522,0.0
1125.6136318840734,0.0
682.6113530158558,0.0
1163.5003767523108,0.0
811.5670991826762,0.0
692.2564236476092,0.0
294.494196911065,0.0
-403.58819926433114,0.0
183.815002843563,0.0
297.52575643737003,0.0
-243.78323250264816,0.0
270.10674096098097,0.0
-72.1257770824842,0.0
-173.33695743243914,0.0
572.433172639067,0.0
1228.4492558055013,0.0
676.008157870234,0.0
132.7291218064048,0.0
219.1186983479148,0.0
-392.0162548375473,0.0
281.3499907151938,0.0
-258.55118537766316,0.0
3.365531929109693,0.0
-517.4373888598805,0.0
-1118.8388813674508,0.0
-563.6024365597104,0.0
-987.9095979412907,0.0
-217.03575583139036,0.0
305.86973843277974,0.0
473.8982552881296,0.0
1013.1447379475297,0.0
1796.6107215477102,0.0
2345.34072673042,0.0
2991.3275671109304,0.0
3089.3079568816406,0.0
2586.7161335684796,0.0
2074.64918466656,0.0
1682.24953025766,0.0
1711.1296365993203,0.0
1172.1281907319897,0.0
605.8882834256294,0.0
97.74842904133948,0.0
775.0154403520194,0.0
1408.3537411744499,0.0
938.91422481316,0.0
485.5384769782595,0.0
-152.14737202043125,0.0
687.8711515251994,0.0
553.275919454129,0.0
1287.4153406550297,0.0
934.2822659520893,0.0
298.8103415307887,0.0
858.8979774099294,0.0
1454.1604322383898,0.0
1606.3388472834697,0.0
1610.8708977876793,0.0
1629.2989466180395,0.0
1719.9385243545996,0.0
2288.3580699635095,0.0
3134.709943008271,0.0
3685.26603112031,0.0
3064.4388130875805,0.0
2499.91177574598,0.0
2434.940298253199,0.0
2557.5972111147694,0.0
2488.17099353528,0.0
2456.5457656481194,0.0
2087.000587654479,0.0
1309.4962010560098,0.0
1360.7127406269287,0.0
754.0956948948888,0.0
730.6986545422087,0.0
250.71232343726933,0.0
681.3419080784088,0.0
766.3494309580183,0.0
728.8666258250087,0.0
69.83071889325902,0.0
-440.2803605359013,0.0
101.67101204922983,0.0
655.1922264723385,0.0
1329.3855797592091,0.0
1270.6069401577292,0.0
1197.1418198657893,0.0
1770.2024998751397,0.0
1673.1402559754194,0.0
1675.5618791599898,0.0
2317.5535174265096,0.0
1611.7420937721997,0.0
1583.3490787043595,0.0
1085.9714497884293,0.0
848.1401611162091,0.0
1507.86995507373,0.0
2107.1208424974593,0.0
2443.70476530666,0.0
1884.8343535594302,0.0
2393.40426620288,0.0
2336.0701979218097,0.0
2832.96438050057,0.0
2792.4724251598805,0.0
2307.86460768864,0.0
2795.41127485737,0.0
3343.84910612697,0.0
3348.04520004188,0.0
3160.52151829036,0.0
3193.873311425379,0.0
3668.601487143311,0.0
3588.0345094846907,0.0
3640.95928739985,0.0
3530.3922552144504,0.0
3992.74432259046,0.0
4006.43615372166,0.0
3498.8231143335806,0.0
2846.67644973319,0.0
2032.3624957613,0.0
2103.74564557937,0.0
2707.1613408332,0.0
1909.5862992810603,0.0
2091.92077303743,0.0
1922.60435394212,0.0
2539.26488401527,0.0
2479.4666343335793,0.0
1994.33946006536,0.0
1169.37502671932,0.0
1832.16278412643,0.0
2337.0532332189805,0.0
2428.91625212289,0.0
3134.7798997508903,0.0
3448.2553313105304,0.0
2959.5673301488805,0.0
2364.5735833684503,0.0
2485.5128768752006,0.0
2310.35566358823,0.0
3009.32839964553,0.0
3104.57292947552,0.0
3565.61362891121,0.0
4137.062314994841,0.0
4194.814513912601,0.0
4263.930667452211,0.0
4181.439393772361,0.0
4983.070430585922,0.0
5486.775055391581,0.0
5900.969657958031,0.0
6652.299552657911,0.0
6293.278009472621,0.0
6743.276131611221,0.0
6850.336512239821,0.0
7495.093779095441,0.0
6841.763763981062,0.0
6455.514561237171,0.0
5918.49072681968,0.0
6078.789717027941,0.0
5491.573116967711,0.0
5485.402721884781,0.0
5537.196660475651,0.0
5064.43302956811,0.0
5612.507534404291,0.0
6338.766749558071,0.0
6426.641089752991,0.0
5925.385302787321,0.0
5878.775939049141,0.0
5550.307773993371,0.0
4984.526978636481,0.0
5775.768951362481,0.0
6127.419958419001,0.0
6297.208810532491,0.0
6295.315343163921,0.0
7052.458496491941,0.0
7769.880785035281,0.0
7947.323476856602,0.0
8460.465361447112,0.0
7898.140234926921,0.0
8626.35410222549,0.0
8182.722019243241,0.0
7641.36088161949,0.0
7798.102043968371,0.0
7758.42094077458,0.0
7736.7328991631,0.0
8581.258691520221,0.0
8506.324492581713,0.0
8112.397613772411,0.0
8173.744361523892,0.0
8230.550711655651,0.0
7804.974435894181,0.0
7144.312968518481,0.0
7714.013609806361,0.0
8458.1020349844,0.0
9081.201860635392,0.0
9197.54942246623,0.0
9907.925786176333,0.0
10300.416808268652,0.0
11048.021748523692,0.0
11699.987717345113,0.0
11189.126047102443,0.0
11139.980850274613,0.0
11253.743722898253,0.0
10699.803963534572,0.0
11289.658069492601,0.0
11896.583650726523,0.0
12621.477673538231,0.0
13174.121729467792,0.0
13284.110548398901,0.0
13729.015992144174,0.0
13672.649116209453,0.0
13742.791976901182,0.0
13197.666789866122,0.0
13764.689511018252,0.0
14340.262009610773,0.0
13668.460838821891,0.0
14305.858720524062,0.0
13689.782867266573,0.0
13778.824545582564,0.0
13767.956868433372,0.0
13249.616311897393,0.0
13098.073948727662,0.0
13167.3883799795,0.0
13042.099436292201,0.0
12355.216874222322,0.0
13051.92676990871,0.0
12366.241041007192,0.0
12310.770660619422,0.0
12281.143956331702,0.0
12375.11274939082,0.0
11783.454571049071,0.0
11115.661608705352,0.0
10982.459529335913,0.0
10278.09404939039,0.0
10928.741895377381,0.0
11532.611673063111,0.0
11465.523886976203,0.0
10792.934461593852,0.0
10150.07190649772,0.0
10611.375840898363,0.0
10065.193367002921,0.0
9399.62243841078,0.0
9936.166925939262,0.0
10452.527966690981,0.0
10920.161162391752,0.0
10908.937415293321,0.0
10367.323783163643,0.0
10265.012534699023,0.0
9626.151169832332,0.0
9562.42593823143,0.0
10213.456138774101,0.0
10654.639135194802,0.0
10624.418885051764,0.0
10571.934607327263,0.0
10448.906180313792,0.0
9883.000487959871,0.0
9351.102216502572,0.0
8665.973687836882,0.0
7905.887759645161,0.0
7391.937059994931,0.0
6805.697251211801,0.0
6142.258877695291,0.0
6761.016451071851,0.0
6666.377742548892,0.0
6579.600217182771,0.0
7271.130446307941,0.0
6631.660856780481,0.0
6634.923449685091,0.0
7243.256278716461,0.0
7172.149682629852,0.0
7034.032377780801,0.0
7739.797289496842,0.0
8199.325908965242,0.0
8865.201556199241,0.0
9560.911470391893,0.0
9964.322546859312,0.0
10103.337624109412,0.0
9477.894244973382,0.0
10102.063008835881,0.0
10211.116150310732,0.0
10195.547281930172,0.0
10866.426792388611,0.0
10721.388492648162,0.0
11357.371375368411,0.0
10811.662416279782,0.0
11479.078229184272,0.0
11455.983685426441,0.0
11510.485830868132,0.0
11543.783287791783,0.0
12289.789335824613,0.0
12922.310928121413,0.0
12413.360582566173,0.0
12004.608308342413,0.0
11859.48842557337,0.0
12566.785621730764,0.0
12224.049334300671,0.0
11507.93596070275,0.0
12115.136930632383,0.0
12117.697028555842,0.0
11629.320904358341,0.0
11618.181910295272,0.0
11110.835772814771,0.0
10679.433140211451,0.0
11391.755731461502,0.0
11446.917769940552,0.0
11492.245045785883,0.0
11467.452024448983,0.0
11720.756204617383,0.0
11784.443896415942,0.0
11944.827622109031,0.0
11189.736389262482,0.0
11379.738453245533,0.0
11602.912731400262,0.0
12152.259818554801,0.0
11733.314700077843,0.0
12340.377283437963,0.0
12973.27567577963,0.0
13104.7388193087,0.0
13574.343619961672,0.0
13752.442226172412,0.0
14479.853422406712,0.0
14017.004301031582,0.0
14046.845344866571,0.0
14075.19372737587,0.0
14209.858215505094,0.0
13608.554334476841,0.0
13592.921844730172,0.0
13731.470776911552,0.0
14368.419152939161,0.0
14463.924869488103,0.0
15052.951721768512,0.0
14592.334210017782,0.0
15329.865849890793,0.0
15690.960554796733,0.0
16492.404962805263,0.0
15855.369702628643,0.0
15315.033730236362,0.0
15267.983482307021,0.0
15412.915576267354,0.0
15486.591287302772,0.0
15390.088320340603,0.0
15067.691694253192,0.0
14898.77131405798,0.0
15397.551068907833,0.0
16154.878931833011,0.0
16930.57019228602,0.0
16887.520272733902,0.0
17459.456956028724,0.0
16842.354589390034,0.0
16820.69695275992,0.0
16755.46893309852,0.0
16675.232316658054,0.0
17204.284549459153,0.0
16681.41806414265,0.0
16625.725786435713,0.0
16079.626139937482,0.0
15596.287189499342,0.0
16047.941976107071,0.0
15978.189460818432,0.0
16579.604611337483,0.0
15911.499478980522,0.0
16060.132928551371,0.0
15276.841643843092,0.0
15338.459508601842,0.0
14766.279956781062,0.0
15358.924603359783,0.0
14780.811553794041,0.0
14479.455337357922,0.0
14626.643326847443,0.0
15063.657660979272,0.0
15631.252832738412,0.0
16286.603926785654,0.0
16092.483049135903,0.0
16134.701557361343,0.0
16616.958663756184,0.0
17125.335366586154,0.0
17796.352495285882,0.0
17628.990201002474,0.0
18165.397995519525,0.0
18765.431492036045,0.0
19316.563592327686,0.0
19721.856798098754,0.0
20405.048494922834,0.0
20228.192397130384,0.0
20747.767651431815,0.0
20596.20701609634,0.0
21290.603437484424,0.0
21276.566873253156,0.0
21158.145183009514,0.0
21252.19352804735,0.0
21752.091043552013,0.0
21086.775758950644,0.0
21755.325259885783,0.0
21482.395565104645,0.0
21573.341522316325,0.0
21579.109308228224,0.0
22003.508578366185,0.0
21439.269751911503,0.0
22013.169156894914,0.0
22547.560405841024,0.0
22561.602380710465,0.0
22525.723806590795,0.0
22460.362757832947,0.0
23145.819208293644,0.0
22451.941527439907,0.0
21852.333105141795,0.0
21924.766379326386,0.0
21420.643323211774,0.0
20587.85509856852,0.0
20142.549806043855,0.0
20162.278677089194,0.0
20144.724372168945,0.0
20336.028408587204,0.0
20258.126058125734,0.0
20735.555857571355,0.0
20162.769067104477,0.0
19708.690494907703,0.0
19741.936489069823,0.0
19751.057943012263,0.0
20276.524860935206,0.0
20393.074779521463,0.0
20974.509809423475,0.0
21739.241171870985,0.0
21590.842583866244,0.0
22287.145540119956,0.0
22847.910780081937,0.0
22902.312216311457,0.0
22439.123601851003,0.0
23065.365290159367,0.0
23691.861698145734,0.0
24484.797714280903,0.0
25030.505581751277,0.0
25769.380444133756,0.0
26259.369378668576,0.0
26966.59114933428,0.0
26953.94000414855,0.0
26639.985606567938,0.0
25953.416340359585,0.0
26788.39181510902,0.0
27275.06404701557,0.0
27414.40940597449,0.0
26706.49026212674,0.0
26383.293509618146,0.0
25892.615248698487,0.0
25246.473694695764,0.0
25440.726391287782,0.0
24928.117779279703,0.0
24313.679434647896,0.0
25173.50026748239,0.0
25688.710972527664,0.0
25249.97801484071,0.0
25382.72148902952,0.0
24794.786474097567,0.0
24960.536958633074,0.0
24404.468412592985,0.0
25161.494990890245,0.0
25081.062895057235,0.0
25703.630853667593,0.0
26467.950758383726,0.0
27083.479864918165,0.0
27729.46366755257,0.0
27262.973944084173,0.0
26737.480657524946,0.0
27351.671252431384,0.0
26866.545603923954,0.0
26343.934351633663,0.0
25816.107614583267,0.0
25876.61925101861,0.0
26535.535401183122,0.0
27067.013113862653,0.0
27088.847131683084,0.0
26486.634577809615,0.0
26007.798609463127,0.0
26580.934254027772,0.0
26708.136532637574,0.0
26694.103270284446,0.0
27281.977805979812,0.0
26688.541213271405,0.0
26195.597627755444,0.0
26166.23490460387,0.0
26133.586082267146,0.0
26134.170092266264,0.0
26320.77161106001,0.0
25612.787289469066,0.0
26196.058355024426,0.0
26228.798660808756,0.0
26792.080194433995,0.0
27381.909062673076,0.0
26794.898558224646,0.0
26175.137066052655,0.0
26125.39098553658,0.0
26236.228448580274,0.0
26744.561764362934,0.0
26040.038817804358,0.0
26761.57256250701,0.0
27140.214748474405,0.0
26618.363144502146,0.0
27181.346814504475,0.0
27100.945381168636,0.0
27151.803700895987,0.0
27573.408131803415,0.0
28335.292625590806,0.0
28211.975419105205,0.0
27676.501154952006,0.0
27557.043474823844,0.0
27345.666431351245,0.0
28051.504337072824,0.0
27989.367945235106,0.0
27394.446864427326,0.0
26761.205331646845,0.0
27254.083467154487,0.0
27215.550684018286,0.0
27078.299341063008,0.0
27767.572156225237,0.0
28065.352868810318,0.0
28592.63421819683,0.0
28583.210703897566,0.0
29275.611947823345,0.0
29081.958516339335,0.0
28496.539463461377,0.0
29067.639552098153,0.0
28979.253880425487,0.0
28231.461263680376,0.0
29003.394110171823,0.0
28870.341954571086,0.0
28283.16694107898,0.0
28791.091995875366,0.0
28712.984787559704,0.0
29306.538474995326,0.0
29320.709700061667,0.0
28534.365986597586,0.0
28526.772924754347,0.0
28084.136598050565,0.0
27899.499450361498,0.0
27939.35044026556,0.0
27813.75866794837,0.0
27356.432368772017,0.0
27331.819352690127,0.0
27255.161379630576,0.0
27959.15251336333,0.0
28389.805000215125,0.0
27811.450944824777,0.0
27319.367571535247,0.0
27859.64791392268,0.0
28476.444428865667,0.0
27937.923606558117,0.0
27272.005116476546,0.0
27898.678441302036,0.0
27233.953661725336,0.0
27329.371457271638,0.0
27294.376223828538,0.0
28016.85867287795,0.0
27948.793344100166,0.0
27983.175577304737,0.0
28012.56789575856,0.0
27316.032793188828,0.0
28014.49272826469,0.0
28264.69673424845,0.0
28805.428933458017,0.0
29390.745996592537,0.0
29424.931689203266,0.0
28888.442490805697,0.0
28397.331901179306,0.0
58513.00332323657,1.0
58513.00332323657,1.0
27942.495021565475,0.0
28512.40288305717,0.0
29222.143832625607,0.0
29354.589776160654,0.0
28696.338785907417,0.0
29527.671925963645,0.0
30196.682960903727,0.0
29597.378969215068,0.0
29690.530219545046,0.0
30428.212635412514,0.0
30366.955936322785,0.0
30418.185401111325,0.0
30479.951360001956,0.0
31157.141088851837,0.0
31840.939575916298,0.0
31996.235493282657,0.0
32568.38500114239,0.0
32107.469956487177,0.0
31629.379198232407,0.0
32192.12178793096,0.0
31875.187345071987,0.0
31357.569789219797,0.0
31800.17018388914,0.0
31969.760300045826,0.0
32639.49496872505,0.0
33338.78949991139,0.0
33903.09155550159,0.0
33443.92652613471,0.0
34183.043294605595,0.0
33679.04724936471,0.0
33104.49227285762,0.0
32589.860242762028,0.0
33169.79844069692,0.0
33245.06926686642,0.0
33417.67935041082,0.0
33983.24529111021,0.0
33397.290190740314,0.0
33026.497869420025,0.0
33505.15870804632,0.0
33673.569945564115,0.0
33091.63786368823,0.0
33118.62736717133,0.0
32521.200791726034,0.0
33228.94384871083,0.0
33669.32148566992,0.0
33745.68677176582,0.0
33238.59318053353,0.0
32704.07069426404,0.0
32721.315470197336,0.0
32124.732968474244,0.0
32139.378238690646,0.0
32205.559100506744,0.0
31547.19741362006,0.0
32031.727363131846,0.0
32190.529983998946,0.0
32838.56634728293,0.0
32256.998058831843,0.0
32160.887770325047,0.0
32755.601282928936,0.0
32268.797747797445,0.0
31514.51958632716,0.0
30946.977931912068,0.0
30971.14767474567,0.0
30281.750046693174,0.0
30269.98859364298,0.0
29729.173180262285,0.0
30195.18457694418,0.0
30247.340033075376,0.0
29509.219551051785,0.0
28828.257733960796,0.0
29564.901895233386,0.0
29472.015373408085,0.0
29996.416917157476,0.0
29360.533575968388,0.0
30010.851228445674,0.0
30404.824544161565,0.0
29916.329971474177,0.0
29139.632083739685,0.0
29154.893010582786,0.0
28512.909777617693,0.0
28518.690865549695,0.0
28888.097760183686,0.0
28357.901309220993,0.0
28314.891875644294,0.0
27725.8367795031,0.0
27714.464668575005,0.0
28100.747617282388,0.0
27555.703265256365,0.0
26926.747789246278,0.0
26929.038196691014,0.0
27376.463265523013,0.0
28002.810260827286,0.0
27880.148125286076,0.0
28393.770316037935,0.0
28993.073826915534,0.0
29520.173621161746,0.0
29485.224152522518,0.0
30075.745091067598,0.0
29945.32270490606,0.0
30498.846254286487,0.0
31053.267331597068,0.0
30523.972909606186,0.0
30555.558967804747,0.0
31044.085557209426,0.0
30436.210961838926,0.0
31051.381724776966,0.0
31451.028855472425,0.0
31368.644001308447,0.0
30791.279221337965,0.0
30287.983721286255,0.0
30848.162833584964,0.0
30646.095017826265,0.0
30918.381280903915,0.0
30229.844179645126,0.0
30242.594225210698,0.0
29692.636055143157,0.0
28990.95151494386,0.0
28456.909905667777,0.0
28006.675414899157,0.0
28089.538226598725,0.0
28604.502798632606,0.0
28043.326971325034,0.0
27307.832020149246,0.0
28119.017765229055,0.0
27568.125740173702,0.0
28084.179397439457,0.0
28159.547538678085,0.0
27664.396762751225,0.0
28381.008112838354,0.0
28194.412999247863,0.0
27806.948489395843,0.0
28468.811542108986,0.0
29075.621404864374,0.0
29673.52508895848,0.0
29699.196610839026,0.0
30368.155420362407,0.0
31066.683883500926,0.0
30992.028205582774,0.0
31634.211975394675,0.0
32324.67897704673,0.0
32929.92862813872,0.0
32395.88867158573,0.0
32097.122450088136,0.0
32006.963990153934,0.0
31523.661431069446,0.0
32141.151861332637,0.0
31747.255317325144,0.0
31238.22023130206,0.0
30775.60047251967,0.0
30736.409494046668,0.0
30935.649347674866,0.0
30935.78170090617,0.0
31499.35628068036,0.0
32338.878844124345,0.0
31855.86485739226,0.0
31883.28106682196,0.0
31286.183278677265,0.0
30711.06285425988,0.0
30298.206838049584,0.0
30275.103851098487,0.0
30902.914399950074,0.0
30567.585980609285,0.0
29980.960346626693,0.0
30631.031622352588,0.0
30095.296265193894,0.0
30888.328603828188,0.0
31334.555423113776,0.0
30891.807577474185,0.0
31024.842417530483,0.0
31064.430010190885,0.0
31057.085100681485,0.0
31738.060740242476,0.0
31781.080380725874,0.0
31964.084311432278,0.0
31312.143728822484,0.0
31890.02547319398,0.0
32062.739380012175,0.0
32514.378704285267,0.0
32679.343120156165,0.0
33349.100332810856,0.0
32622.622722864468,0.0
32169.152359029977,0.0
31651.427601817984,0.0
31098.049038121797,0.0
31145.701207576793,0.0
31189.452569291992,0.0
31080.234209502993,0.0
31015.602053833296,0.0
30441.7366136115,0.0
31135.547728835496,0.0
30975.265809881294,0.0
30533.2614543156,0.0
30410.631721200203,0.0
31005.952228399896,0.0
30498.104183726104,0.0
31005.374348246594,0.0
30385.115774725004,0.0
29790.85547275452,0.0
29917.009646742117,0.0
29695.022004722716,0.0
29773.659519114415,0.0
29703.979524697916,0.0
29329.356312573524,0.0
29661.660876001217,0.0
29766.792133051116,0.0
30248.738606613006,0.0
30624.160460291096,0.0
31318.218907567687,0.0
31288.694443211883,0.0
30610.227441531795,0.0
31011.641887101785,0.0
31850.201936582875,0.0
31042.915493488585,0.0
30908.245655312385,0.0
30460.021764649395,0.0
29716.797490469005,0.0
30288.157704174097,0.0
30751.390155697583,0.0
31215.19615625938,0.0
31278.979403486977,0.0
30705.712988070984,0.0
30599.836236179486,0.0
29964.930159376992,0.0
29341.084727628404,0.0
28716.50721575122,0.0
29207.213675374504,0.0
29742.657958393294,0.0
30251.461123822388,0.0
29571.889239380595,0.0
28935.318100052904,0.0
29524.870726079396,0.0
30072.475308249086,0.0
30056.519640822487,0.0
60873.184718687786,1.0
60873.184718687786,1.0
30078.633657055885,0.0
30552.251320250973,0.0
30513.126886418977,0.0
29876.823214503485,0.0
29199.717115920896,0.0
29785.569128325784,0.0
29192.474420526494,0.0
29792.850052904985,0.0
29767.581453970786,0.0
30471.447292094475,0.0
30894.954848070767,0.0
30857.676420475065,0.0
31376.08270611956,0.0
32005.895948266247,0.0
32848.74374279604,0.0
33276.40776530133,0.0
32738.837218812238,0.0
32111.519188621245,0.0
31534.865552270756,0.0
31525.941338021457,0.0
31008.768247379165,0.0
30506.271332313576,0.0
29905.218910553183,0.0
29265.922668016494,0.0
28732.626920649105,0.0
28655.490066918304,0.0
28875.375897187903,0.0
29549.280049635992,0.0
29354.929402354195,0.0
28918.337728090504,0.0
29491.158823785496,0.0
29518.216784913493,0.0
30318.178478409987,0.0
30379.588121176585,0.0
29910.636054421095,0.0
29860.989226970596,0.0
29170.144372023,0.0
29984.378838988596,0.0
29965.376205852794,0.0
30067.294854627995,0.0
30167.070479352995,0.0
30224.908766428794,0.0
30934.754931124487,0.0
30317.611256850094,0.0
30389.997710161493,0.0
30526.157035699092,0.0
31238.350366792285,0.0
31224.900126932185,0.0
31282.618600856786,0.0
31336.272104554788,0.0
32019.931627789774,0.0
32131.593076301477,0.0
32734.529657598967,0.0
32357.912138789976,0.0
32828.16348504417,0.0
33628.24685670196,0.0
33614.15726630696,0.0
33293.04077298767,0.0
33833.60522145116,0.0
33438.35661659436,0.0
33989.75410814926,0.0
34664.621882743246,0.0
35266.16761280634,0.0
34603.303323638145,0.0
34421.025507886254,0.0
34858.309264896445,0.0
34619.23606970666,0.0
34523.96570736136,0.0
35109.455711839546,0.0
35845.912044077435,0.0
35329.327723604445,0.0
35892.855645307536,0.0
35971.57144156354,0.0
35556.19758495055,0.0
35373.42442905474,0.0
34928.01393533846,0.0
34443.504852913866,0.0
34913.60801160986,0.0
34337.01644177027,0.0
35181.51616002396,0.0
35063.631471354856,0.0
35071.50858124166,0.0
34581.08994178257,0.0
35153.80366738146,0.0
34585.98992275487,0.0
33954.351033661675,0.0
33417.168792171986,0.0
32965.26726095269,0.0
32947.982728585295,0.0
32871.670097993294,0.0
33676.90843709979,0.0
33022.05293193989,0.0
33447.01520959928,0.0
32898.2363083915,0.0
32665.248285806694,0.0
33537.04767623149,0.0
32906.14688155739,0.0
32225.767993617603,0.0
31639.404109317715,0.0
31635.852254826117,0.0
31676.066890128015,0.0
31506.701791883614,0.0
31033.752032952827,0.0
30391.983257531734,0.0
30840.634187753425,0.0
30833.453739265125,0.0
31532.930567639014,0.0
31350.726667496416,0.0
31808.191441832503,0.0
31758.776877954202,0.0
31813.541714123803,0.0
32376.308589040098,0.0
31742.816506582305,0.0
31070.973518773815,0.0
30313.335274821824,0.0
30958.750021060718,0.0
31592.975181589303,0.0
31311.5256058293,0.0
32055.558037324292,0.0
31855.922608309193,0.0
32480.467783982283,0.0
31757.986643232398,0.0
31864.741153183495,0.0
31126.6222955603,0.0
31735.409827071693,0.0
32186.039918067887,0.0
31523.040824802694,0.0
31451.992260378996,0.0
31430.281452950294,0.0
30854.533393593803,0.0
30933.785679520006,0.0
30245.999690070115,0.0
29531.920300402227,0.0
28967.661957134034,0.0
28841.758779744734,0.0
28246.216674279945,0.0
27680.204224536254,0.0
28414.790577584245,0.0
28210.948599984644,0.0
27587.518945377757,0.0
27979.059351508142,0.0
28790.642409241336,0.0
29362.961038992828,0.0
28554.882008454537,0.0
29242.440736846125,0.0
29171.438048522425,0.0
28643.389091786634,0.0
29180.300477229124,0.0
28698.497990656237,0.0
29227.922621627626,0.0
29221.262922869428,0.0
29248.437274739925,0.0
28513.579985011635,0.0
27983.985989172343,0.0
28766.170995072236,0.0
28113.459317146146,0.0
28736.625926714732,0.0
28044.711789655245,0.0
28912.494265818936,0.0
28749.659711294935,0.0
29442.145058691625,0.0
30011.483317455615,0.0
29546.907314510925,0.0
30044.739819681516,0.0
30223.037938365815,0.0
30270.817638022116,0.0
30779.438132712203,0.0
31356.338621920397,0.0
32143.419089945084,0.0
32004.457038570585,0.0
32868.47762755027,0.0
33517.82164034767,0.0
32995.81042983528,0.0
32980.086446787376,0.0
33787.23391068527,0.0
33128.29922869328,0.0
33139.49783974097,0.0
32664.980059113484,0.0
32675.359101885988,0.0
32748.006260939386,0.0
32341.045846779594,0.0
31818.564666699705,0.0
32440.544343013993,0.0
31953.495481736103,0.0
32035.764249562704,0.0
32690.218799245995,0.0
33503.022358737486,0.0
33413.865588998684,0.0
32996.47855587379,0.0
33588.78297660919,0.0
33028.67149545149,0.0
33115.032456926194,0.0
32682.960168716905,0.0
32707.616829470404,0.0
32247.999394518516,0.0
31748.531021666426,0.0
32437.01385690702,0.0
31797.266060191025,0.0
31450.68770553333,0.0
30700.281862549942,0.0
30767.426301031443,0.0
31050.686277345743,0.0
31122.368915878746,0.0
30427.303316014855,0.0
31191.93187001434,0.0
31120.138462691742,0.0
30796.563471933354,0.0
30741.324318382955,0.0
31364.571044657845,0.0
31986.026433839234,0.0
31967.798105677633,0.0
32159.484782692933,0.0
32139.998701379038,0.0
32212.838337545836,0.0
32155.053769917235,0.0
32214.345393311734,0.0
31703.851422738942,0.0
31001.702946244055,0.0
31668.821747408543,0.0
31712.041720266043,0.0
32400.854808855234,0.0
31720.406362223242,0.0
31134.54545122385,0.0
30662.630890821463,0.0
30584.161979078563,0.0
31299.198205988258,0.0
30519.300314519263,0.0
30608.92577679846,0.0
29985.145727942774,0.0
30582.825008751162,0.0
30658.57435599296,0.0
31229.640094480652,0.0
30520.517966351763,0.0
29834.504010656776,0.0
29303.214423955083,0.0
29427.309001419082,0.0
29303.452387615187,0.0
29799.275732760572,0.0
29830.323652248873,0.0
29853.834136219873,0.0
29890.325175412276,0.0
30346.385840606963,0.0
29610.688185818173,0.0
29214.070569443385,0.0
29015.501382698487,0.0
29652.568409017673,0.0
30185.236659531663,0.0
29314.089512918872,0.0
28940.220538171787,0.0
29353.946586574675,0.0
29252.523275991873,0.0
28679.958704950284,0.0
29216.572919624574,0.0
29161.414147764473,0.0
28510.668134575884,0.0
29163.37252373497,0.0
28491.521519410584,0.0
28390.972549046084,0.0
28274.862777340084,0.0
27767.151321679194,0.0
28265.025007293585,0.0
28724.368238708674,0.0
28084.095913136087,0.0
28054.589203285883,0.0
28015.000247482785,0.0
27421.95422302839,0.0
28001.215590500782,0.0
28499.30632989187,0.0
28324.064551572475,0.0
28430.606034434473,0.0
28447.429132161473,0.0
28241.526953686574,0.0
28754.922226746963,0.0
29502.220908910553,0.0
29390.743372223857,0.0
28842.17071861866,0.0
28178.783453114476,0.0
27711.846411685885,0.0
27655.867327635784,0.0
28188.794396756773,0.0
28189.405518768173,0.0
28775.267820664663,0.0
28194.084871523373,0.0
27456.846196276587,0.0
27047.783621996994,0.0
27423.121008372385,0.0
27963.116410027273,0.0
28697.531715886864,0.0
29353.697720937853,0.0
29351.298798163356,0.0
29381.613388496655,0.0
29367.601163331652,0.0
29340.519266482454,0.0
28832.579662061362,0.0
28979.627206158162,0.0
29450.686306808155,0.0
29540.256767486753,0.0
29577.664807019853,0.0
29670.007709694255,0.0
28961.565468477864,0.0
29058.300356338063,0.0
28566.797018742775,0.0
27980.292452163685,0.0
28076.417737628784,0.0
28101.159427557686,0.0
28108.785854425987,0.0
28708.939997556772,0.0
29531.525601615063,0.0
29544.947035551562,0.0
30244.203871525853,0.0
30681.106244038543,0.0
30989.692428946943,0.0
31009.306158076342,0.0
31024.81360639764,0.0
31168.690337372343,0.0
31224.883652215543,0.0
31912.370468548233,0.0
31394.49546614554,0.0
30858.738047707953,0.0
31521.780899965444,0.0
31546.674752683044,0.0
32287.509048491935,0.0
31708.732376997443,0.0
31331.420113621854,0.0
31324.260150227354,0.0
31497.440900208152,0.0
32034.814789087442,0.0
31535.495082719353,0.0
32273.356639626843,0.0
32369.779273925044,0.0
32283.537979885343,0.0
31910.43389410465,0.0
32588.321646033244,0.0
33137.240099153634,0.0
33288.30198426393,0.0
33847.20233290663,0.0
33335.21436907543,0.0
33424.93573118733,0.0
34037.67675000052,0.0
34252.64380380203,0.0
34203.319334069725,0.0
34819.584555047215,0.0
34787.42302574892,0.0
34373.018257490825,0.0
34362.20205554312,0.0
35021.46973059222,0.0
35069.49261824612,0.0
35016.75103165262,0.0
35207.037144637616,0.0
35224.565866428515,0.0
35858.4404779606,0.0
35211.58954020671,0.0
35166.69171054252,0.0
36048.1808239652,0.0
36031.16705722,0.0
35916.369710137704,0.0
35861.3038762808,0.0
35375.46253237082,0.0
35981.347901190304,0.0
35255.89316663271,0.0
34798.95824570462,0.0
34237.78918778204,0.0
34349.01927914114,0.0
34144.47395372673,0.0
34385.58444173703,0.0
33705.477115761045,0.0
34184.03449652733,0.0
34144.87972901913,0.0
33593.163495435845,0.0
33632.813622236434,0.0
34206.818785482734,0.0
34090.560753384736,0.0
33405.53630618924,0.0
32920.763714918656,0.0
33470.008222044744,0.0
32730.780363654158,0.0
32660.097047771756,0.0
32686.42729361105,0.0
32092.386918954064,0.0
31421.318864674973,0.0
30732.261665633683,0.0
31287.622265116675,0.0
31946.336064003066,0.0
31888.895975220366,0.0
31815.411148192063,0.0
31695.298241320364,0.0
31093.507202465375,0.0
30387.065297317087,0.0
29892.618395781195,0.0
29650.369069631197,0.0
29708.638869302595,0.0
29657.475263316097,0.0
29577.945432403896,0.0
30334.380452542784,0.0
30266.152329778488,0.0
29435.405657748997,0.0
30041.431868214888,0.0
30571.908874642173,0.0
30532.958620575973,0.0
29902.817684732086,0.0
29775.345021187684,0.0
30212.654730585673,0.0
29705.592221813087,0.0
30331.586241559573,0.0
30204.026091525375,0.0
30818.507489427262,0.0
30117.851360789573,0.0
30743.312658782866,0.0
31318.05005029925,0.0
31260.805975073155,0.0
31742.915948242342,0.0
31876.067198878744,0.0
31180.006437215954,0.0
31662.502627492944,0.0
31689.046174773644,0.0
32318.348498147032,0.0
32828.770766674126,0.0
33337.600544609115,0.0
32803.28483473582,0.0
32279.838020514733,0.0
32880.93546717393,0.0
33571.76031729142,0.0
32838.78713370302,0.0
33420.88190375762,0.0
34035.1409246268,0.0
33583.29552621872,0.0
32884.31281953263,0.0
32958.979829627926,0.0
33141.69698670972,0.0
32344.152264059932,0.0
32407.314513147936,0.0
31881.108591138345,0.0
32423.150464766633,0.0
32004.20776574884,0.0
32472.030848061135,0.0
32049.835399923842,0.0
31476.406770889356,0.0
32124.975449436046,0.0
32308.785249737943,0.0
32920.33423506873,0.0
32466.657667224543,0.0
33061.027690921735,0.0
32473.467878346342,0.0
33068.35137114463,0.0
32607.821901529143,0.0
32092.525043646056,0.0
32707.714739811145,0.0
32693.155286473644,0.0
32922.41057398044,0.0
32298.55909800485,0.0
32341.44431418085,0.0
33096.24077626545,0.0
32553.343252149156,0.0
33314.31518739384,0.0
33881.44419015884,0.0
33481.786746313745,0.0
33501.34040801095,0.0
34160.546916666535,0.0
33621.832274293745,0.0
33801.10218692904,0.0
34349.26459496764,0.0
34999.53630874373,0.0
35725.81133246541,0.0
35801.97642351362,0.0
36005.57359302472,0.0
36521.65728899,0.0
36069.77077201841,0.0
36082.41671663822,0.0
35679.02674304602,0.0
35680.41224100243,0.0
35754.79386816513,0.0
35795.87814941532,0.0
36362.71867162772,0.0
36447.58481401722,0.0
36591.613070538115,0.0
36537.64639595641,0.0
36168.274826232526,0.0
35456.77409790753,0.0
35516.59321713193,0.0
36156.160585943624,0.0
36291.11284233713,0.0
36406.77741833862,0.0
36260.004847035416,0.0
36381.22689023042,0.0
37038.535944401716,0.0
36954.181990564815,0.0
37665.9484755641,0.0
37110.85329708461,0.0
37810.2790146843,0.0
37218.56132558541,0.0
37096.84526414842,0.0
37124.51470977142,0.0
36577.91133586773,0.0
37077.552244049715,0.0
36564.17147444663,0.0
36707.859565621824,0.0
36035.44086530684,0.0
36702.568369192726,0.0
37287.38351569182,0.0
37168.80467796382,0.0
36592.010648520525,0.0
37333.24160454512,0.0
37156.84521699302,0.0
37765.0519866799,0.0
37809.147712709004,0.0
37694.923181971506,0.0
37100.58019382991,0.0
36386.093067836526,0.0
35998.34695240934,0.0
35180.93321524964,0.0
35703.69198273633,0.0
35122.65984639514,0.0
35835.57986434913,0.0
35544.10286677543,0.0
36199.82657318782,0.0
36670.191040840014,0.0
36639.38043099531,0.0
36080.96479050352,0.0
36652.26502229391,0.0
36688.46706452462,0.0
37079.456478512504,0.0
37675.42393872849,0.0
36810.28846270741,0.0
36378.90949125872,0.0
37021.4199254674,0.0
36888.9331776076,0.0
