0.0,0.0
50.648543510757364,0.0
194.64854351075738,0.0
144.29708702151473,0.0
171.9456305322721,0.0
124.29708702151473,0.0
137.29708702151473,0.0
147.64854351075738,0.0
249.0,0.0
382.64854351075735,0.0
476.0,0.0
460.64854351075735,0.0
577.0,0.0
559.3514564892427,0.0
407.35145648924265,0.0
422.35145648924265,0.0
444.70291297848524,0.0
474.0543694677279,0.0
511.0543694677279,0.0
402.0543694677279,0.0
393.70291297848524,0.0
382.0543694677279,0.0
308.70291297848524,0.0
368.70291297848524,0.0
276.35145648924265,0.0
224.0,0.0
209.0,0.0
213.0,0.0
201.64854351075738,0.0
189.64854351075738,0.0
122.64854351075736,0.0
159.29708702151473,0.0
203.29708702151473,0.0
265.9456305322721,0.0
288.29708702151476,0.0
322.9456305322721,0.0
332.9456305322721,0.0
331.59417404302945,0.0
312.9456305322721,0.0
265.29708702151476,0.0
250.64854351075738,0.0
324.29708702151476,0.0
275.64854351075735,0.0
245.64854351075738,0.0
237.29708702151473,0.0
294.64854351075735,0.0
329.29708702151476,0.0
312.29708702151476,0.0
354.9456305322721,0.0
341.9456305322721,0.0
324.9456305322721,0.0
271.29708702151476,0.0
252.64854351075738,0.0
209.64854351075738,0.0
180.29708702151473,0.0
190.9456305322721,0.0
181.29708702151473,0.0
167.29708702151473,0.0
212.9456305322721,0.0
237.9456305322721,0.0
242.9456305322721,0.0
224.9456305322721,0.0
206.9456305322721,0.0
274.29708702151476,0.0
246.9456305322721,0.0
267.59417404302945,0.0
292.24271755378686,0.0
313.24271755378686,0.0
343.8912610645442,0.0
325.24271755378686,0.0
347.24271755378686,0.0
324.8912610645442,0.0
337.8912610645442,0.0
375.24271755378686,0.0
231.24271755378686,0.0
235.8912610645442,0.0
233.24271755378686,0.0
193.59417404302945,0.0
204.9456305322721,0.0
199.29708702151473,0.0
465.29708702151476,0.0
367.9456305322721,0.0
443.59417404302945,0.0
707.2427175537869,0.0
505.59417404302945,0.0
503.24271755378686,0.0
385.59417404302945,0.0
405.9456305322721,0.0
608.2970870215147,0.0
669.945630532272,0.0
702.2970870215147,0.0
565.945630532272,0.0
395.9456305322721,0.0
324.59417404302945,0.0
309.59417404302945,0.0
340.59417404302945,0.0
330.24271755378686,0.0
232.59417404302945,0.0
182.59417404302945,0.0
189.24271755378686,0.0
311.59417404302945,0.0
228.59417404302945,0.0
153.9456305322721,0.0
214.29708702151473,0.0
288.29708702151476,0.0
328.64854351075735,0.0
556.2970870215147,0.0
532.6485435107573,0.0
558.6485435107573,0.0
521.0,0.0
394.35145648924265,0.0
450.0,0.0
549.0,0.0
592.3514564892427,0.0
624.0,0.0
596.3514564892427,0.0
249.35145648924262,0.0
301.0,0.0
293.64854351075735,0.0
295.0,0.0
268.35145648924265,0.0
251.35145648924262,0.0
140.70291297848527,0.0
146.35145648924262,0.0
120.70291297848527,0.0
63.702912978485266,0.0
76.0543694677279,0.0
107.40582595697053,0.0
197.0543694677279,0.0
281.40582595697055,0.0
397.0543694677279,0.0
516.7029129784853,0.0
579.7029129784853,0.0
635.3514564892427,0.0
473.0,0.0
423.64854351075735,0.0
621.2970870215147,0.0
629.2970870215147,0.0
635.6485435107573,0.0
427.0,0.0
351.35145648924265,0.0
287.35145648924265,0.0
262.70291297848524,0.0
253.0543694677279,0.0
164.40582595697055,0.0
107.0543694677279,0.0
90.70291297848527,0.0
61.0543694677279,0.0
54.40582595697053,0.0
5.7572824462131535,0.0
39.40582595697053,0.0
39.40582595697053,0.0
177.0543694677279,0.0
312.40582595697055,0.0
440.75728244621314,0.0
459.40582595697055,0.0
476.0543694677279,0.0
412.0543694677279,0.0
400.0543694677279,0.0
337.0543694677279,0.0
469.0543694677279,0.0
516.7029129784853,0.0
566.3514564892427,0.0
457.0,0.0
357.35145648924265,0.0
321.70291297848524,0.0
251.70291297848527,0.0
290.70291297848524,0.0
250.70291297848527,0.0
192.70291297848527,0.0
111.0543694677279,0.0
58.40582595697053,0.0
58.40582595697053,0.0
16.757282446213154,0.0
8.757282446213154,0.0
58.108738935455804,0.0
183.75728244621314,0.0
253.75728244621314,0.0
400.75728244621314,0.0
405.1087389354558,0.0
429.46019542469844,0.0
384.1087389354558,0.0
305.75728244621314,0.0
358.40582595697055,0.0
424.40582595697055,0.0
461.40582595697055,0.0
456.0543694677279,0.0
365.0543694677279,0.0
362.0543694677279,0.0
264.70291297848524,0.0
255.0543694677279,0.0
473.0543694677279,0.0
595.4058259569705,0.0
236.40582595697055,0.0
139.0543694677279,0.0
156.70291297848527,0.0
159.35145648924262,0.0
126.70291297848527,0.0
144.35145648924262,0.0
130.35145648924262,0.0
224.0,0.0
232.0,0.0
373.35145648924265,0.0
340.0,0.0
422.64854351075735,0.0
307.64854351075735,0.0
364.64854351075735,0.0
273.64854351075735,0.0
304.29708702151476,0.0
290.29708702151476,0.0
292.29708702151476,0.0
274.29708702151476,0.0
281.9456305322721,0.0
307.9456305322721,0.0
288.29708702151476,0.0
277.64854351075735,0.0
229.0,0.0
216.0,0.0
187.64854351075738,0.0
213.0,0.0
164.0,0.0
166.0,0.0
143.64854351075738,0.0
142.64854351075738,0.0
136.0,0.0
229.35145648924262,0.0
227.0,0.0
251.64854351075738,0.0
247.64854351075738,0.0
208.29708702151473,0.0
211.9456305322721,0.0
219.29708702151473,0.0
204.64854351075738,0.0
210.64854351075738,0.0
234.64854351075738,0.0
250.29708702151473,0.0
252.29708702151473,0.0
260.9456305322721,0.0
372.59417404302945,0.0
299.59417404302945,0.0
361.59417404302945,0.0
359.59417404302945,0.0
381.24271755378686,0.0
346.8912610645442,0.0
367.53980457530156,0.0
369.1883480860589,0.0
350.53980457530156,0.0
380.1883480860589,0.0
395.1883480860589,0.0
446.8368915968163,0.0
449.1883480860589,0.0
436.53980457530156,0.0
477.8912610645442,0.0
512.8912610645442,0.0
474.24271755378686,0.0
358.24271755378686,0.0
406.24271755378686,0.0
375.59417404302945,0.0
422.24271755378686,0.0
447.8912610645442,0.0
513.8912610645442,0.0
432.24271755378686,0.0
460.24271755378686,0.0
432.59417404302945,0.0
511.9456305322721,0.0
452.59417404302945,0.0
452.24271755378686,0.0
415.24271755378686,0.0
409.24271755378686,0.0
297.8912610645442,0.0
357.53980457530156,0.0
366.53980457530156,0.0
418.1883480860589,0.0
414.53980457530156,0.0
475.1883480860589,0.0
351.53980457530156,0.0
501.8912610645442,0.0
479.8912610645442,0.0
512.8912610645442,0.0
445.8912610645442,0.0
527.5398045753016,0.0
551.5398045753016,0.0
552.8912610645442,0.0
477.8912610645442,0.0
450.8912610645442,0.0
440.24271755378686,0.0
403.59417404302945,0.0
492.24271755378686,0.0
421.8912610645442,0.0
460.53980457530156,0.0
445.53980457530156,0.0
429.1883480860589,0.0
441.8368915968163,0.0
463.4854351075737,0.0
438.13397861833107,0.0
467.4854351075737,0.0
607.4854351075737,0.0
903.4854351075737,0.0
939.8368915968163,0.0
838.4854351075737,0.0
991.1339786183311,0.0
941.7825221290884,0.0
678.4310656398458,0.0
676.4310656398458,0.0
769.0796091506031,0.0
854.0796091506031,0.0
836.0796091506031,0.0
730.4310656398458,0.0
583.0796091506031,0.0
579.7281526613606,0.0
531.0796091506031,0.0
573.7281526613606,0.0
519.0796091506031,0.0
440.0796091506031,0.0
416.0796091506031,0.0
362.43106563984577,0.0
325.43106563984577,0.0
340.43106563984577,0.0
318.43106563984577,0.0
335.7825221290884,0.0
591.4310656398458,0.0
594.7825221290884,0.0
699.7825221290884,0.0
748.7825221290884,0.0
716.7825221290884,0.0
712.1339786183311,0.0
657.4854351075737,0.0
562.4854351075737,0.0
664.8368915968163,0.0
697.4854351075737,0.0
830.1339786183311,0.0
669.1339786183311,0.0
547.4854351075737,0.0
511.8368915968163,0.0
457.4854351075737,0.0
463.8368915968163,0.0
420.1883480860589,0.0
365.8368915968163,0.0
322.4854351075737,0.0
319.13397861833107,0.0
420.13397861833107,0.0
327.4854351075737,0.0
319.4854351075737,0.0
330.8368915968163,0.0
472.8368915968163,0.0
667.4854351075737,0.0
777.1339786183311,0.0
831.1339786183311,0.0
808.1339786183311,0.0
744.1339786183311,0.0
580.4854351075737,0.0
608.8368915968163,0.0
721.1883480860589,0.0
711.5398045753016,0.0
702.8912610645442,0.0
503.24271755378686,0.0
484.59417404302945,0.0
414.24271755378686,0.0
422.24271755378686,0.0
415.24271755378686,0.0
389.8912610645442,0.0
379.24271755378686,0.0
367.24271755378686,0.0
359.8912610645442,0.0
285.8912610645442,0.0
294.8912610645442,0.0
257.53980457530156,0.0
257.1883480860589,0.0
401.8368915968163,0.0
366.4854351075737,0.0
445.13397861833107,0.0
460.13397861833107,0.0
425.4854351075737,0.0
505.13397861833107,0.0
441.13397861833107,0.0
398.13397861833107,0.0
423.7825221290884,0.0
502.7825221290884,0.0
444.43106563984577,0.0
442.7825221290884,0.0
439.43106563984577,0.0
450.43106563984577,0.0
540.4310656398458,0.0
552.4310656398458,0.0
552.0796091506031,0.0
543.7281526613606,0.0
533.0796091506031,0.0
477.43106563984577,0.0
451.43106563984577,0.0
437.0796091506031,0.0
390.43106563984577,0.0
375.7825221290884,0.0
447.43106563984577,0.0
525.4310656398458,0.0
411.7825221290884,0.0
463.7825221290884,0.0
496.13397861833107,0.0
384.4854351075737,0.0
480.13397861833107,0.0
407.13397861833107,0.0
399.13397861833107,0.0
391.13397861833107,0.0
523.1339786183311,0.0
514.1339786183311,0.0
445.13397861833107,0.0
441.4854351075737,0.0
421.4854351075737,0.0
416.4854351075737,0.0
393.13397861833107,0.0
347.4854351075737,0.0
321.13397861833107,0.0
319.7825221290884,0.0
301.7825221290884,0.0
339.43106563984577,0.0
321.43106563984577,0.0
384.0796091506031,0.0
488.43106563984577,0.0
571.4310656398458,0.0
784.4310656398458,0.0
798.4310656398458,0.0
809.7825221290884,0.0
778.7825221290884,0.0
620.7825221290884,0.0
666.4310656398458,0.0
813.4310656398458,0.0
915.0796091506031,0.0
876.4310656398458,0.0
810.0796091506031,0.0
688.7281526613606,0.0
603.3766961721178,0.0
535.7281526613606,0.0
589.0796091506031,0.0
499.0796091506031,0.0
484.0796091506031,0.0
431.0796091506031,0.0
376.0796091506031,0.0
523.4310656398458,0.0
416.43106563984577,0.0
386.0796091506031,0.0
445.7281526613605,0.0
601.3766961721178,0.0
631.3766961721178,0.0
847.0252396828753,0.0
812.3766961721178,0.0
876.3766961721178,0.0
852.3766961721178,0.0
736.3766961721178,0.0
860.0252396828753,0.0
832.3766961721178,0.0
860.3766961721178,0.0
819.7281526613606,0.0
711.0796091506031,0.0
629.7281526613606,0.0
572.7281526613606,0.0
571.3766961721178,0.0
584.7281526613606,0.0
501.7281526613605,0.0
430.0796091506031,0.0
402.0796091506031,0.0
359.43106563984577,0.0
363.0796091506031,0.0
387.43106563984577,0.0
378.43106563984577,0.0
395.43106563984577,0.0
525.0796091506031,0.0
620.7281526613606,0.0
875.3766961721178,0.0
855.3766961721178,0.0
968.3766961721178,0.0
1037.0252396828753,0.0
830.6737831936326,0.0
800.32232670439,0.0
922.32232670439,0.0
973.9708702151474,0.0
1183.6194137259047,0.0
924.2679572366621,0.0
948.9165007474194,0.0
849.5650442581768,0.0
885.5650442581768,0.0
835.2135877689341,0.0
709.2135877689341,0.0
686.8621312796915,0.0
641.8621312796915,0.0
623.8621312796915,0.0
566.8621312796915,0.0
631.5106747904489,0.0
675.8621312796915,0.0
766.5106747904489,0.0
889.5106747904489,0.0
977.5106747904489,0.0
1176.5106747904488,0.0
1307.1592183012062,0.0
1208.5106747904488,0.0
1069.1592183012062,0.0
996.8077618119637,0.0
958.8077618119637,0.0
1156.8077618119637,0.0
1117.8077618119637,0.0
1156.4563053227212,0.0
1056.8077618119637,0.0
1351.1592183012062,0.0
913.1592183012062,0.0
1442.5106747904488,0.0
823.8621312796915,0.0
797.2135877689341,0.0
674.2135877689341,0.0
632.2135877689341,0.0
596.2135877689341,0.0
577.2135877689341,0.0
599.8621312796915,0.0
561.2135877689341,0.0
615.5650442581768,0.0
810.5650442581768,0.0
756.5650442581768,0.0
976.2135877689341,0.0
1106.213587768934,0.0
1081.8621312796915,0.0
1067.5106747904488,0.0
936.5106747904489,0.0
1049.1592183012062,0.0
1053.8077618119637,0.0
1074.8077618119637,0.0
1134.1592183012062,0.0
1038.8077618119637,0.0
1064.4563053227212,0.0
1096.1048488334784,0.0
1087.7533923442356,0.0
1132.401935854993,0.0
1098.0504793657506,0.0
1090.699022876508,0.0
1014.6990228765079,0.0
1000.0504793657504,0.0
930.4019358549931,0.0
910.0504793657504,0.0
897.6990228765079,0.0
793.6990228765079,0.0
799.0504793657504,0.0
769.4019358549931,0.0
876.7533923442357,0.0
808.1048488334784,0.0
1062.1048488334784,0.0
807.456305322721,0.0
835.8077618119637,0.0
742.456305322721,0.0
761.1048488334784,0.0
799.456305322721,0.0
790.456305322721,0.0
768.8077618119637,0.0
802.8077618119637,0.0
857.1592183012062,0.0
839.8077618119637,0.0
834.8077618119637,0.0
842.456305322721,0.0
870.1048488334784,0.0
804.7533923442357,0.0
787.4019358549931,0.0
803.7533923442357,0.0
768.1048488334784,0.0
702.7533923442357,0.0
691.1048488334784,0.0
706.456305322721,0.0
677.8077618119637,0.0
808.8077618119637,0.0
847.456305322721,0.0
864.1048488334784,0.0
863.1048488334784,0.0
750.456305322721,0.0
779.8077618119637,0.0
794.456305322721,0.0
799.456305322721,0.0
746.456305322721,0.0
849.1048488334784,0.0
755.456305322721,0.0
752.8077618119637,0.0
702.8077618119637,0.0
759.8077618119637,0.0
689.8077618119637,0.0
641.8077618119637,0.0
560.1592183012062,0.0
582.8077618119637,0.0
575.8077618119637,0.0
616.456305322721,0.0
647.1048488334784,0.0
647.456305322721,0.0
748.8077618119637,0.0
826.8077618119637,0.0
914.8077618119637,0.0
961.456305322721,0.0
1032.8077618119637,0.0
1152.4563053227212,0.0
907.1048488334784,0.0
909.456305322721,0.0
1134.1048488334784,0.0
1121.1048488334784,0.0
1169.1048488334784,0.0
1077.7533923442356,0.0
959.4019358549931,0.0
1219.401935854993,0.0
1061.7533923442356,0.0
673.7533923442357,0.0
734.7533923442357,0.0
676.4019358549931,0.0
676.4019358549931,0.0
815.7533923442357,0.0
968.1048488334784,0.0
953.7533923442357,0.0
907.7533923442357,0.0
987.7533923442357,0.0
1079.401935854993,0.0
1112.0504793657506,0.0
1172.699022876508,0.0
1127.699022876508,0.0
1237.3475663872653,0.0
1221.3475663872653,0.0
1106.699022876508,0.0
1022.3475663872653,0.0
1225.3475663872653,0.0
1169.699022876508,0.0
1215.3475663872653,0.0
1004.3475663872653,0.0
897.6990228765079,0.0
1001.3475663872653,0.0
993.3475663872653,0.0
913.9961098980226,0.0
852.9961098980226,0.0
773.3475663872653,0.0
732.3475663872653,0.0
695.6990228765079,0.0
696.6990228765079,0.0
701.6990228765079,0.0
703.6990228765079,0.0
701.0504793657504,0.0
763.0504793657504,0.0
839.0504793657504,0.0
982.6990228765079,0.0
1199.3475663872653,0.0
1079.699022876508,0.0
1075.0504793657506,0.0
906.6990228765079,0.0
975.3475663872653,0.0
1052.699022876508,0.0
1122.0504793657506,0.0
1265.699022876508,0.0
1136.0504793657506,0.0
1013.0504793657504,0.0
1079.0504793657506,0.0
1292.699022876508,0.0
1043.699022876508,0.0
946.6990228765079,0.0
1086.699022876508,0.0
1031.0504793657506,0.0
1003.6990228765079,0.0
1029.699022876508,0.0
988.3475663872653,0.0
1054.9961098980225,0.0
829.9961098980226,0.0
890.3475663872653,0.0
967.6990228765079,0.0
1005.0504793657504,0.0
1041.0504793657506,0.0
1006.0504793657504,0.0
1078.699022876508,0.0
1031.3475663872653,0.0
1101.3475663872653,0.0
1000.6990228765079,0.0
1127.3475663872653,0.0
1187.9961098980225,0.0
1064.3475663872653,0.0
1008.3475663872653,0.0
878.9961098980226,0.0
862.9961098980226,0.0
853.9961098980226,0.0
844.9961098980226,0.0
807.64465340878,0.0
817.2931969195374,0.0
782.2931969195374,0.0
816.9417404302948,0.0
807.2931969195374,0.0
768.64465340878,0.0
818.2931969195374,0.0
894.64465340878,0.0
930.9961098980226,0.0
1019.64465340878,0.0
1033.64465340878,0.0
1064.2931969195374,0.0
1065.9417404302949,0.0
1049.590283941052,0.0
1064.9417404302949,0.0
1128.590283941052,0.0
1072.9417404302949,0.0
1187.2931969195374,0.0
1047.64465340878,0.0
957.2931969195374,0.0
929.2931969195374,0.0
835.2931969195374,0.0
862.9417404302948,0.0
842.2931969195374,0.0
841.64465340878,0.0
931.2931969195374,0.0
881.2931969195374,0.0
811.64465340878,0.0
816.64465340878,0.0
793.9961098980226,0.0
856.64465340878,0.0
939.2931969195374,0.0
880.2931969195374,0.0
922.64465340878,0.0
929.9961098980226,0.0
914.9961098980226,0.0
859.3475663872653,0.0
833.3475663872653,0.0
941.3475663872653,0.0
916.6990228765079,0.0
891.3475663872653,0.0
820.3475663872653,0.0
811.9961098980226,0.0
807.3475663872653,0.0
818.3475663872653,0.0
947.9961098980226,0.0
849.3475663872653,0.0
802.6990228765079,0.0
788.0504793657504,0.0
795.0504793657504,0.0
795.4019358549931,0.0
769.4019358549931,0.0
761.7533923442357,0.0
682.4019358549931,0.0
686.4019358549931,0.0
694.7533923442357,0.0
734.1048488334784,0.0
693.7533923442357,0.0
701.7533923442357,0.0
893.4019358549931,0.0
750.7533923442357,0.0
835.4019358549931,0.0
842.0504793657504,0.0
739.4019358549931,0.0
725.7533923442357,0.0
711.7533923442357,0.0
719.1048488334784,0.0
711.1048488334784,0.0
734.7533923442357,0.0
694.1048488334784,0.0
707.1048488334784,0.0
688.456305322721,0.0
636.456305322721,0.0
651.1048488334784,0.0
620.456305322721,0.0
601.8077618119637,0.0
680.8077618119637,0.0
611.456305322721,0.0
692.1048488334784,0.0
811.1048488334784,0.0
912.7533923442357,0.0
1072.401935854993,0.0
1331.0504793657506,0.0
1321.0504793657506,0.0
1101.699022876508,0.0
1034.699022876508,0.0
1153.3475663872653,0.0
1271.9961098980225,0.0
1485.3475663872653,0.0
1428.3475663872653,0.0
1167.9961098980225,0.0
1025.3475663872653,0.0
880.9961098980226,0.0
882.64465340878,0.0
911.64465340878,0.0
864.9961098980226,0.0
816.3475663872653,0.0
814.9961098980226,0.0
730.9961098980226,0.0
706.9961098980226,0.0
699.3475663872653,0.0
688.3475663872653,0.0
787.6990228765079,0.0
748.0504793657504,0.0
973.4019358549931,0.0
1086.7533923442356,0.0
1150.7533923442356,0.0
1310.401935854993,0.0
1118.7533923442356,0.0
1060.1048488334784,0.0
1036.7533923442356,0.0
1089.1048488334784,0.0
1146.7533923442356,0.0
1158.7533923442356,0.0
1142.1048488334784,0.0
984.7533923442357,0.0
881.7533923442357,0.0
838.1048488334784,0.0
806.7533923442357,0.0
911.4019358549931,0.0
705.0504793657504,0.0
754.0504793657504,0.0
708.6990228765079,0.0
797.3475663872653,0.0
713.3475663872653,0.0
787.9961098980226,0.0
830.64465340878,0.0
937.2931969195374,0.0
1010.64465340878,0.0
1183.9961098980225,0.0
1152.9961098980225,0.0
1177.3475663872653,0.0
1115.9961098980225,0.0
1056.3475663872653,0.0
1004.6990228765079,0.0
1182.0504793657506,0.0
1114.0504793657506,0.0
956.0504793657504,0.0
886.0504793657504,0.0
859.6990228765079,0.0
878.3475663872653,0.0
857.6990228765079,0.0
762.6990228765079,0.0
712.0504793657504,0.0
814.4019358549931,0.0
672.7533923442357,0.0
669.7533923442357,0.0
809.4019358549931,0.0
650.7533923442357,0.0
638.1048488334784,0.0
676.7533923442357,0.0
757.1048488334784,0.0
755.7533923442357,0.0
892.4019358549931,0.0
937.7533923442357,0.0
1210.7533923442356,0.0
1075.7533923442356,0.0
751.7533923442357,0.0
823.4019358549931,0.0
919.4019358549931,0.0
829.4019358549931,0.0
1081.7533923442356,0.0
914.4019358549931,0.0
732.4019358549931,0.0
760.0504793657504,0.0
886.0504793657504,0.0
787.6990228765079,0.0
782.0504793657504,0.0
853.4019358549931,0.0
635.7533923442357,0.0
609.1048488334784,0.0
608.1048488334784,0.0
602.1048488334784,0.0
594.1048488334784,0.0
619.1048488334784,0.0
703.456305322721,0.0
713.1048488334784,0.0
759.1048488334784,0.0
777.456305322721,0.0
905.456305322721,0.0
942.1048488334784,0.0
823.456305322721,0.0
823.1048488334784,0.0
920.456305322721,0.0
868.8077618119637,0.0
951.8077618119637,0.0
882.8077618119637,0.0
843.8077618119637,0.0
716.8077618119637,0.0
830.1592183012062,0.0
747.8077618119637,0.0
876.8077618119637,0.0
666.456305322721,0.0
773.1048488334784,0.0
836.7533923442357,0.0
920.7533923442357,0.0
808.1048488334784,0.0
627.7533923442357,0.0
677.4019358549931,0.0
678.7533923442357,0.0
710.7533923442357,0.0
705.1048488334784,0.0
685.456305322721,0.0
714.1048488334784,0.0
813.7533923442357,0.0
828.4019358549931,0.0
813.4019358549931,0.0
786.7533923442357,0.0
886.7533923442357,0.0
851.1048488334784,0.0
640.456305322721,0.0
661.8077618119637,0.0
718.456305322721,0.0
683.1048488334784,0.0
746.7533923442357,0.0
673.1048488334784,0.0
725.456305322721,0.0
705.1048488334784,0.0
706.7533923442357,0.0
683.7533923442357,0.0
708.7533923442357,0.0
649.7533923442357,0.0
652.7533923442357,0.0
656.4019358549931,0.0
681.4019358549931,0.0
673.7533923442357,0.0
695.1048488334784,0.0
775.7533923442357,0.0
727.1048488334784,0.0
834.7533923442357,0.0
762.7533923442357,0.0
883.4019358549931,0.0
834.0504793657504,0.0
797.0504793657504,0.0
943.6990228765079,0.0
921.3475663872653,0.0
885.9961098980226,0.0
904.64465340878,0.0
852.9961098980226,0.0
832.3475663872653,0.0
727.6990228765079,0.0
740.6990228765079,0.0
668.0504793657504,0.0
769.4019358549931,0.0
643.7533923442357,0.0
605.1048488334784,0.0
635.456305322721,0.0
702.456305322721,0.0
733.456305322721,0.0
838.1048488334784,0.0
951.1048488334784,0.0
940.456305322721,0.0
1001.1048488334784,0.0
881.1048488334784,0.0
894.7533923442357,0.0
973.7533923442357,0.0
1022.1048488334784,0.0
998.1048488334784,0.0
861.456305322721,0.0
910.1048488334784,0.0
835.1048488334784,0.0
806.1048488334784,0.0
767.1048488334784,0.0
751.1048488334784,0.0
689.7533923442357,0.0
705.1048488334784,0.0
639.1048488334784,0.0
640.1048488334784,0.0
645.7533923442357,0.0
645.7533923442357,0.0
646.7533923442357,0.0
744.7533923442357,0.0
807.4019358549931,0.0
950.4019358549931,0.0
1012.0504793657504,0.0
1013.4019358549931,0.0
1030.0504793657506,0.0
1047.699022876508,0.0
1039.699022876508,0.0
992.0504793657504,0.0
1340.699022876508,0.0
1043.0504793657506,0.0
1250.699022876508,0.0
840.3475663872653,0.0
815.9961098980226,0.0
824.3475663872653,0.0
802.6990228765079,0.0
763.3475663872653,0.0
721.6990228765079,0.0
840.6990228765079,0.0
770.3475663872653,0.0
710.9961098980226,0.0
737.3475663872653,0.0
720.9961098980226,0.0
767.9961098980226,0.0
757.3475663872653,0.0
835.3475663872653,0.0
872.6990228765079,0.0
1061.0504793657506,0.0
1149.699022876508,0.0
1242.0504793657506,0.0
1048.699022876508,0.0
914.6990228765079,0.0
973.6990228765079,0.0
1008.0504793657504,0.0
1010.6990228765079,0.0
907.0504793657504,0.0
843.4019358549931,0.0
883.7533923442357,0.0
655.1048488334784,0.0
697.1048488334784,0.0
699.1048488334784,0.0
707.7533923442357,0.0
728.1048488334784,0.0
695.7533923442357,0.0
666.1048488334784,0.0
721.1048488334784,0.0
703.7533923442357,0.0
644.1048488334784,0.0
663.456305322721,0.0
777.8077618119637,0.0
797.8077618119637,0.0
842.8077618119637,0.0
806.8077618119637,0.0
766.1592183012062,0.0
728.5106747904489,0.0
749.1592183012062,0.0
706.1592183012062,0.0
763.8077618119637,0.0
795.8077618119637,0.0
814.456305322721,0.0
724.456305322721,0.0
711.456305322721,0.0
777.1048488334784,0.0
747.456305322721,0.0
681.8077618119637,0.0
765.1592183012062,0.0
668.8077618119637,0.0
635.456305322721,0.0
700.456305322721,0.0
721.1048488334784,0.0
646.1048488334784,0.0
750.7533923442357,0.0
751.1048488334784,0.0
760.1048488334784,0.0
573.456305322721,0.0
676.1048488334784,0.0
884.7533923442357,0.0
860.1048488334784,0.0
768.1048488334784,0.0
863.1048488334784,0.0
987.456305322721,0.0
819.456305322721,0.0
836.8077618119637,0.0
748.1592183012062,0.0
725.5106747904489,0.0
710.5106747904489,0.0
641.8621312796915,0.0
603.2135877689341,0.0
615.8621312796915,0.0
642.8621312796915,0.0
580.2135877689341,0.0
584.8621312796915,0.0
595.5106747904489,0.0
628.1592183012062,0.0
598.5106747904489,0.0
601.1592183012062,0.0
664.1592183012062,0.0
642.5106747904489,0.0
651.1592183012062,0.0
662.5106747904489,0.0
629.1592183012062,0.0
639.1592183012062,0.0
639.1592183012062,0.0
669.5106747904489,0.0
626.8621312796915,0.0
617.5106747904489,0.0
599.8621312796915,0.0
602.5106747904489,0.0
618.8621312796915,0.0
623.5106747904489,0.0
619.5106747904489,0.0
678.1592183012062,0.0
695.8077618119637,0.0
603.1592183012062,0.0
643.8077618119637,0.0
625.8077618119637,0.0
637.8077618119637,0.0
638.456305322721,0.0
644.1048488334784,0.0
654.7533923442357,0.0
673.7533923442357,0.0
676.4019358549931,0.0
741.0504793657504,0.0
720.4019358549931,0.0
681.4019358549931,0.0
702.0504793657504,0.0
745.4019358549931,0.0
693.4019358549931,0.0
749.7533923442357,0.0
683.7533923442357,0.0
743.7533923442357,0.0
710.1048488334784,0.0
645.456305322721,0.0
681.1048488334784,0.0
652.456305322721,0.0
652.456305322721,0.0
722.1048488334784,0.0
714.7533923442357,0.0
815.7533923442357,0.0
621.1048488334784,0.0
651.7533923442357,0.0
606.1048488334784,0.0
638.1048488334784,0.0
644.456305322721,0.0
668.456305322721,0.0
703.8077618119637,0.0
684.1592183012062,0.0
876.8077618119637,0.0
756.1592183012062,0.0
789.5106747904489,0.0
670.8621312796915,0.0
687.8621312796915,0.0
673.8621312796915,0.0
670.8621312796915,0.0
629.2135877689341,0.0
653.8621312796915,0.0
583.8621312796915,0.0
564.2135877689341,0.0
542.2135877689341,0.0
716.8621312796915,0.0
565.5106747904489,0.0
568.5106747904489,0.0
544.5106747904489,0.0
617.5106747904489,0.0
521.5106747904489,0.0
545.5106747904489,0.0
527.5106747904489,0.0
503.86213127969154,0.0
527.2135877689341,0.0
638.8621312796915,0.0
653.8621312796915,0.0
647.5106747904489,0.0
668.8621312796915,0.0
645.2135877689341,0.0
577.5650442581768,0.0
496.5650442581768,0.0
606.2135877689341,0.0
773.5650442581768,0.0
595.5650442581768,0.0
519.9165007474194,0.0
504.5650442581768,0.0
455.5650442581768,1.0
463.21358776893413,1.0
444.5650442581768,1.0
441.91650074741943,1.0
401.2679572366621,1.0
393.2679572366621,1.0
390.2679572366621,1.0
415.91650074741943,1.0
408.91650074741943,1.0
410.91650074741943,1.0
409.91650074741943,1.0
427.5650442581768,1.0
411.91650074741943,1.0
395.2679572366621,1.0
397.2679572366621,1.0
419.91650074741943,1.0
436.5650442581768,1.0
412.91650074741943,1.0
393.2679572366621,1.0
411.91650074741943,1.0
409.91650074741943,1.0
390.2679572366621,1.0
408.91650074741943,1.0
406.91650074741943,1.0
392.2679572366621,1.0
406.91650074741943,1.0
390.2679572366621,1.0
388.2679572366621,1.0
388.2679572366621,1.0
377.6194137259047,1.0
388.2679572366621,1.0
405.91650074741943,1.0
390.2679572366621,1.0
391.2679572366621,1.0
388.2679572366621,1.0
374.6194137259047,1.0
391.2679572366621,1.0
411.91650074741943,1.0
406.91650074741943,1.0
408.91650074741943,1.0
409.91650074741943,1.0
407.91650074741943,1.0
427.5650442581768,1.0
448.21358776893413,1.0
444.21358776893413,1.0
425.5650442581768,1.0
407.91650074741943,1.0
397.2679572366621,1.0
394.2679572366621,1.0
407.91650074741943,1.0
406.91650074741943,1.0
427.5650442581768,1.0
406.91650074741943,1.0
389.2679572366621,1.0
372.6194137259047,1.0
391.2679572366621,1.0
405.91650074741943,1.0
423.5650442581768,1.0
442.21358776893413,1.0
443.21358776893413,1.0
442.21358776893413,1.0
442.21358776893413,1.0
442.21358776893413,1.0
427.5650442581768,1.0
425.5650442581768,1.0
447.21358776893413,1.0
447.21358776893413,1.0
442.21358776893413,1.0
445.21358776893413,1.0
430.5650442581768,1.0
433.5650442581768,1.0
410.91650074741943,1.0
394.2679572366621,1.0
396.2679572366621,1.0
394.2679572366621,1.0
391.2679572366621,1.0
417.91650074741943,1.0
429.5650442581768,1.0
462.5650442581768,1.0
509.21358776893413,0.0
559.8621312796915,0.0
655.8621312796915,0.0
683.8621312796915,0.0
799.8621312796915,0.0
835.8621312796915,0.0
997.8621312796915,0.0
872.5106747904489,0.0
862.8621312796915,0.0
804.2135877689341,0.0
784.8621312796915,0.0
771.8621312796915,0.0
1034.5106747904488,0.0
935.8621312796915,0.0
1017.2135877689341,0.0
943.2135877689341,0.0
943.2135877689341,0.0
949.8621312796915,0.0
777.2135877689341,0.0
775.8621312796915,0.0
732.8621312796915,0.0
670.8621312796915,0.0
621.2135877689341,0.0
635.8621312796915,0.0
635.5106747904489,0.0
633.5106747904489,0.0
646.1592183012062,0.0
621.5106747904489,0.0
619.5106747904489,0.0
668.1592183012062,0.0
685.1592183012062,0.0
734.1592183012062,0.0
772.8077618119637,0.0
755.8077618119637,0.0
727.1592183012062,0.0
705.1592183012062,0.0
756.8077618119637,0.0
717.8077618119637,0.0
727.8077618119637,0.0
721.8077618119637,0.0
731.8077618119637,0.0
701.456305322721,0.0
721.8077618119637,0.0
714.8077618119637,0.0
708.456305322721,0.0
661.456305322721,0.0
627.456305322721,0.0
649.456305322721,0.0
613.8077618119637,0.0
627.456305322721,0.0
642.8077618119637,0.0
638.1592183012062,0.0
771.5106747904489,0.0
869.5106747904489,0.0
964.5106747904489,0.0
1026.5106747904488,0.0
1039.8621312796915,0.0
1015.5106747904489,0.0
845.5106747904489,0.0
847.8621312796915,0.0
936.8621312796915,0.0
995.5106747904489,0.0
958.5106747904489,0.0
972.8621312796915,0.0
857.2135877689341,0.0
817.8621312796915,0.0
911.2135877689341,0.0
731.2135877689341,0.0
684.2135877689341,0.0
604.5650442581768,0.0
647.9165007474194,0.0
529.2679572366621,0.0
513.9165007474194,0.0
553.5650442581768,0.0
545.5650442581768,0.0
600.5650442581768,0.0
703.5650442581768,0.0
773.9165007474194,0.0
902.2679572366621,0.0
1010.6194137259047,0.0
991.6194137259047,0.0
946.6194137259047,0.0
729.6194137259047,0.0
718.6194137259047,0.0
844.2679572366621,0.0
1002.2679572366621,0.0
1005.6194137259047,0.0
918.2679572366621,0.0
791.9165007474194,0.0
681.9165007474194,0.0
770.2679572366621,0.0
707.2679572366621,0.0
757.9165007474194,0.0
616.2679572366621,0.0
620.9165007474194,0.0
622.9165007474194,0.0
590.5650442581768,0.0
551.9165007474194,0.0
582.5650442581768,0.0
631.2135877689341,0.0
698.2135877689341,0.0
826.8621312796915,0.0
463.86213127969154,1.0
931.2135877689341,0.0
1120.8621312796915,0.0
1082.8621312796915,0.0
935.5106747904489,0.0
1001.1592183012062,0.0
1082.8077618119637,0.0
971.1592183012062,0.0
965.5106747904489,0.0
939.1592183012062,0.0
798.8077618119637,0.0
722.1592183012062,0.0
790.8077618119637,0.0
784.456305322721,0.0
838.8077618119637,0.0
800.1592183012062,0.0
811.1592183012062,0.0
680.1592183012062,0.0
639.5106747904489,0.0
634.5106747904489,0.0
634.8621312796915,0.0
680.5106747904489,0.0
711.8621312796915,0.0
865.5106747904489,0.0
1015.8621312796915,0.0
1039.213587768934,0.0
1117.8621312796915,0.0
1093.8621312796915,0.0
967.5106747904489,0.0
978.8621312796915,0.0
1230.5106747904488,0.0
1161.8621312796915,0.0
1099.5106747904488,0.0
936.8621312796915,0.0
1139.213587768934,0.0
860.8621312796915,0.0
792.8621312796915,0.0
784.8621312796915,0.0
671.2135877689341,0.0
702.2135877689341,0.0
621.8621312796915,0.0
607.2135877689341,0.0
565.8621312796915,0.0
607.5106747904489,0.0
571.8621312796915,0.0
621.8621312796915,0.0
867.5106747904489,0.0
865.8621312796915,0.0
947.8621312796915,0.0
1096.5106747904488,0.0
1153.1592183012062,0.0
1219.8077618119637,0.0
979.8077618119637,0.0
1031.8077618119637,0.0
1119.4563053227212,0.0
1194.8077618119637,0.0
1151.8077618119637,0.0
944.1592183012062,0.0
821.1592183012062,0.0
1006.1592183012062,0.0
954.1592183012062,0.0
894.8077618119637,0.0
837.8077618119637,0.0
838.8077618119637,0.0
810.8077618119637,0.0
884.1592183012062,0.0
845.5106747904489,0.0
695.5106747904489,0.0
1230.1592183012062,0.0
1297.1592183012062,0.0
1176.1592183012062,0.0
730.1592183012062,0.0
801.1592183012062,0.0
739.8077618119637,0.0
780.8077618119637,0.0
960.456305322721,0.0
798.8077618119637,0.0
751.456305322721,0.0
751.8077618119637,0.0
772.8077618119637,0.0
864.8077618119637,0.0
753.1592183012062,0.0
743.8077618119637,0.0
929.1592183012062,0.0
1181.1592183012062,0.0
1345.5106747904488,0.0
765.1592183012062,0.0
1165.8077618119637,0.0
1176.8077618119637,0.0
1129.1592183012062,0.0
739.8077618119637,0.0
655.8077618119637,0.0
951.456305322721,0.0
1148.4563053227212,0.0
1142.4563053227212,0.0
697.8077618119637,0.0
983.1592183012062,0.0
1145.5106747904488,0.0
1163.8621312796915,0.0
675.5106747904489,0.0
715.8621312796915,0.0
660.5106747904489,0.0
664.5106747904489,0.0
715.1592183012062,0.0
773.8077618119637,0.0
888.8077618119637,0.0
777.1592183012062,0.0
703.8077618119637,0.0
688.8077618119637,0.0
753.456305322721,0.0
740.1048488334784,0.0
744.456305322721,0.0
661.8077618119637,0.0
675.456305322721,0.0
663.456305322721,0.0
995.8077618119637,0.0
1149.8077618119637,0.0
1138.1592183012062,0.0
1231.1592183012062,0.0
1288.8077618119637,0.0
1145.4563053227212,0.0
