435.137686911828,0.0
158.59101753761882,0.0
783.417510007216,0.0
1028.9556754606251,0.0
1001.2867394412531,0.0
188.93851800528705,0.0
456.30705877592936,0.0
525.651719142823,0.0
476.776913852894,0.0
1560.9442615576331,0.0
852.4609115282069,0.0
580.1877510248001,0.0
310.614447757376,0.0
451.55374263562294,0.0
500.582402547538,0.0
513.4696518386748,0.0
584.5759641600059,0.0
37.87490392101893,0.0
537.8081480409408,0.0
13.001214377513861,0.0
607.9227742770739,0.0
650.582213718681,0.0
813.5197764333539,0.0
1081.5784464926141,0.0
1030.572040902967,0.0
1462.6582759203302,0.0
1695.03656851927,0.0
1121.12593253267,0.0
1153.850497705435,0.0
1635.8382788362928,0.0
1565.503836156903,0.0
1689.823805505456,0.0
1749.0046578353063,0.0
1900.143903009809,0.0
2181.821637275346,0.0
2547.3366231495193,0.0
2506.052665877469,0.0
2237.412770609112,0.0
2609.7626434345093,0.0
1893.651811586786,0.0
2387.542216606283,0.0
2186.5978037627765,0.0
1635.7373685703928,0.0
1504.1133838596431,0.0
1590.703893996776,0.0
1413.301730719973,0.0
1439.733426302746,0.0
2356.373931653816,0.0
2437.77296957181,0.0
2061.325006919329,0.0
2212.334992704259,0.0
1768.6793475236161,0.0
2503.204138427643,0.0
1376.262386228543,0.0
1808.788348319326,0.0
2090.970982921779,0.0
1982.540406088126,0.0
1682.3053605188761,0.0
1155.7299236921672,0.0
1449.2978497983381,0.0
1967.047237178099,0.0
1803.967725972709,0.0
1448.535378415193,0.0
1484.8212430813062,0.0
1410.4386472776582,0.0
1933.739660546392,0.0
1526.7879138188696,0.0
2092.9024173018556,0.0
2212.3416053136,0.0
1898.1626834387553,0.0
1835.0050361053566,0.0
2073.1874489229094,0.0
1715.2404172318463,0.0
1641.2741318351186,0.0
1858.3815051824186,0.0
2162.071343257461,0.0
1579.7370425467934,0.0
1234.3722519966523,0.0
707.1593489838299,0.0
271.52762205947306,0.0
438.6752620104376,0.0
1292.1201531956422,0.0
1281.9597343423382,0.0
1098.2601874589143,0.0
772.7551564146369,0.0
930.0095644355439,0.0
1158.3384056164882,0.0
470.42996894982514,0.0
739.5817363359372,0.0
689.7093713015074,0.0
660.7257510877711,0.0
79.6123942266131,0.0
335.85486483710713,0.0
194.49439891518318,0.0
656.0915552341182,0.0
452.74322613358123,0.0
481.3376322169164,0.0
830.7715620363992,0.0
375.7202121310462,0.0
807.4806580836445,0.0
495.5845150176032,0.0
-67.78626927483583,0.0
-248.28080847960882,0.0
-255.9005219724429,0.0
-683.824770767254,0.0
-331.5714963938359,0.0
-782.606123902864,0.0
-17.590630718901878,0.0
-761.4470814044857,0.0
-240.37553659616,0.0
-1173.2411623468363,0.0
-1171.60274501265,0.0
-841.9110637297259,0.0
-1054.7200937969692,0.0
-1438.0668703126,0.0
-714.9610790940171,0.0
-1457.880012971543,0.0
-756.088925156627,0.0
-494.0299141592219,0.0
-815.9975808839349,0.0
-1101.680774376389,0.0
-984.4878907476511,0.0
-1609.999117095836,0.0
-1300.633846346423,0.0
-1595.8307229616462,0.0
-659.2020077966831,0.0
-872.2499523077892,0.0
-1476.319662191312,0.0
-1756.7705288965292,0.0
-1516.3500775784032,0.0
-765.9894564855762,0.0
-1208.087557287403,0.0
-741.4048025974762,0.0
-1106.1912920573309,0.0
-297.690521355327,0.0
-615.6162233303819,0.0
-464.8470195982958,0.0
-329.7606159557579,0.0
-462.206281793357,0.0
-636.729077554563,0.0
-232.47879673184914,0.0
-414.3564730964061,0.0
-704.3660640846051,0.0
-1119.4079062280082,0.0
-1249.0531442105682,0.0
-906.6738799514872,0.0
-767.8365332435042,0.0
-689.3076635329514,0.0
-525.1625863297262,0.0
-1237.2737356368734,0.0
-70.99307594079926,0.0
-961.6513554406702,0.0
-283.72765000521815,0.0
411.0952660241578,0.0
-239.02233368768043,0.0
-363.8173085090022,0.0
-307.90011257959816,0.0
246.1337946365369,0.0
103.41485000642888,0.0
40.05762699361992,0.0
336.3698732018189,0.0
326.33822448507794,0.0
1664.3893648109974,0.0
1595.1563713024802,0.0
1141.6386925760269,0.0
972.0901461178139,0.0
601.3558321767139,0.0
1145.418482488054,0.0
780.5896749519438,0.0
610.9273224636239,0.0
1445.934686966721,0.0
335.04747241273776,0.0
603.6057294736579,0.0
339.97906373565456,0.0
276.36842545924446,0.0
646.7209704989418,0.0
174.97814914872447,0.0
669.6489700532945,0.0
588.0151184397544,0.0
146.9344341596718,0.0
432.4392863648286,0.0
553.5914211454117,0.0
740.8696313798744,0.0
1517.8518519011477,0.0
1398.2837276232076,0.0
1217.4082636086077,0.0
1536.335168759831,0.0
1259.1062563646108,0.0
1467.3913067283606,0.0
2140.496667787164,0.0
1575.1299619113806,0.0
1655.227536626121,0.0
2102.407048022608,0.0
1186.8959492785782,0.0
1972.3481172945508,0.0
2470.933866276954,0.0
1710.9474508761969,0.0
1880.7567060806236,0.0
1950.795971498777,0.0
1918.015584415377,0.0
1933.37877564498,0.0
1981.57446800755,0.0
2509.9041240836773,0.0
2477.54072894221,0.0
2735.368708784313,0.0
2990.479022290223,0.0
2321.237738325883,0.0
2708.6238516424833,0.0
2596.944810871756,0.0
2426.917288149546,0.0
2891.960513799736,0.0
2565.116032304356,0.0
2368.557664071599,0.0
2623.424897361659,0.0
2980.261770889466,0.0
2634.006117869983,0.0
1499.44492157839,0.0
1994.69120986486,0.0
2420.6770656318026,0.0
1335.24177241409,0.0
2330.71939746132,0.0
1625.54064157047,0.0
2069.048916461913,0.0
1865.2401689639132,0.0
2219.9074528922897,0.0
929.2555082536571,0.0
1542.40805469212,0.0
1383.5283052962031,0.0
1841.132986994023,0.0
2619.4829811431264,0.0
1498.9964608374062,0.0
1739.6334795667563,0.0
1455.195424924963,0.0
1980.585441634113,0.0
1069.253864966035,0.0
1727.487515321236,0.0
2085.595494904296,0.0
1571.9067354562442,0.0
1574.0071852560973,0.0
1708.6372263447502,0.0
1883.6260838655824,0.0
1316.428372539291,0.0
2367.5857274274254,0.0
1974.2568990529494,0.0
1137.6941457396163,0.0
1907.2923866263104,0.0
2559.5328936962815,0.0
1856.8137770030864,0.0
2109.1299839565186,0.0
2318.2429413407517,0.0
1509.9047793001594,0.0
1973.6160232956054,0.0
1702.9728557743354,0.0
2157.648716496573,0.0
1627.0439327068525,0.0
1264.3710149081985,0.0
1172.0127953043934,0.0
1166.890796310477,0.0
829.6004415570894,0.0
1341.8174990491323,0.0
1396.4227017416622,0.0
1230.6202538827106,0.0
629.9614033967255,0.0
1285.9822595026333,0.0
799.2184525168991,0.0
1599.4816637093722,0.0
286.82374761239646,0.0
713.8469004699346,0.0
316.0532368494885,0.0
950.1273869826173,0.0
1394.5665372859173,0.0
1861.5014991129265,0.0
1329.1799830667865,0.0
862.9749726040693,0.0
1370.7221125112264,0.0
1483.0558619139551,0.0
1131.260154831871,0.0
1524.1398283761973,0.0
980.1891746293093,0.0
529.8394257005804,0.0
1633.4736290439703,0.0
943.6021248851314,0.0
1344.7464393519683,0.0
1327.963779120746,0.0
1299.486440219623,0.0
1578.9399553831713,0.0
740.4702216722046,0.0
594.6655807344075,0.0
1298.5058615192365,0.0
1433.787690051327,0.0
1762.2536800321514,0.0
2342.9654255649843,0.0
1410.6066485822676,0.0
2197.796040143599,0.0
2539.9472836755576,0.0
2539.986932263282,0.0
2158.283488625209,0.0
2574.006277502043,0.0
2412.14406283233,0.0
2530.868992680135,0.0
2747.0208931864395,0.0
3545.267142280317,0.0
3531.78684281639,0.0
4021.9705452112303,0.0
3522.1617703460847,0.0
3244.4152281179367,0.0
3589.6810554949857,0.0
3609.302409167819,0.0
3757.3335346147846,0.0
3961.3813958234136,0.0
3417.4304583632465,0.0
3947.642024353932,0.0
3700.031176100165,0.0
4238.787794339452,0.0
4311.261772199783,0.0
4573.71761736633,0.0
3996.55194298483,0.0
4492.49642556909,0.0
4065.7212517490098,0.0
3567.2484325228465,0.0
4496.69284109027,0.0
4025.3368522340766,0.0
3976.578259341097,0.0
4061.2466062435765,0.0
4748.236162347226,0.0
4764.476022492834,0.0
4422.533190708481,0.0
4040.8822404759912,0.0
3536.299923432338,0.0
4316.931333781631,0.0
4877.7148131788035,0.0
4834.2197722854835,0.0
4500.113230931021,0.0
4311.482050395298,0.0
4199.771572303761,0.0
4478.715777715248,0.0
4184.7864523247945,0.0
4436.022619423087,0.0
4589.38586866142,0.0
4507.052062420154,0.0
4736.547339748864,0.0
5029.644546170921,0.0
4814.709001806811,0.0
4632.359743531908,0.0
4592.949093099908,0.0
5366.3508993533505,0.0
5125.273039587513,0.0
5226.927898144613,0.0
5213.710706958534,0.0
4853.104068044904,0.0
4970.326131319871,0.0
5241.080370231448,0.0
4765.5174981714945,0.0
3919.007864717971,0.0
4243.163065279268,0.0
4208.135307081796,0.0
3789.8559817177224,0.0
4288.613391355255,0.0
3961.7627515489157,0.0
3658.8767052917756,0.0
4465.802668403869,0.0
4093.8273246173057,0.0
4179.846211880075,0.0
4542.685186397308,0.0
4240.991176631068,0.0
3601.8344700031985,0.0
4385.7868270220815,0.0
3971.1323440586043,0.0
4531.417415681387,0.0
5218.788780777311,0.0
4486.039192100403,0.0
5081.239419979853,0.0
4602.6882415646105,0.0
4881.382929461824,0.0
5283.990885041783,0.0
5072.005286937553,0.0
5526.906291799447,0.0
4661.451576734947,0.0
4917.4854260814,0.0
4710.955219252877,0.0
5087.6593697443295,0.0
4747.34944943443,0.0
4765.35473198395,0.0
4667.51787472669,0.0
5365.001721526003,0.0
5504.263787869606,0.0
5376.693242358362,0.0
5718.11379033528,0.0
4699.89200009318,0.0
5150.384781427583,0.0
5775.282496098631,0.0
4596.849441600527,0.0
4536.41291518789,0.0
4177.2335741267,0.0
4066.0531975583763,0.0
3625.3170279210162,0.0
3408.5944501230833,0.0
3550.422777848441,0.0
3951.6925960981134,0.0
3806.0490032305233,0.0
3609.1176637534936,0.0
3072.0910425371985,0.0
3868.134321448073,0.0
3751.6504757022935,0.0
4098.496650675764,0.0
2662.239637294402,0.0
3151.4316630439707,0.0
3801.122266833271,0.0
3405.2062991278135,0.0
3589.610207545261,0.0
3476.9928891886934,0.0
3492.6194983454566,0.0
3718.9176206747265,0.0
2960.76921322386,0.0
3422.9692678993288,0.0
3916.3402047694826,0.0
3928.9686473515703,0.0
3702.16601738921,0.0
3477.195828891788,0.0
3772.47310970027,0.0
3157.3547021950894,0.0
2751.8519326195456,0.0
3098.2491025346967,0.0
3236.219572922153,0.0
3400.281071229937,0.0
3333.4966198751367,0.0
3467.046786847698,0.0
4140.768241426453,0.0
3020.792332099937,0.0
4030.375287321686,0.0
3374.363753998348,0.0
3198.0883589187306,0.0
2792.482007272916,0.0
3324.7791012641164,0.0
3530.913237319595,0.0
2935.9663297421653,0.0
3886.58875186976,0.0
2976.77341611018,0.0
2676.3287294147435,0.0
3634.308500091681,0.0
4697.165453745249,0.0
4458.506187606199,0.0
4576.038252737291,0.0
4227.524920328634,0.0
4141.13604626018,0.0
3861.727655447283,0.0
3526.2860527107996,0.0
3518.88789423485,0.0
3703.0565142539817,0.0
3532.1709873521786,0.0
3634.9915980682417,0.0
4053.844948324163,0.0
3749.3523456924327,0.0
3568.5295442652086,0.0
4010.482921133486,0.0
3596.230103221913,0.0
4502.937265693596,0.0
3559.7428719224044,0.0
4071.7362862622526,0.0
4164.5603106015205,0.0
4633.815169735993,0.0
4717.855523697561,0.0
3525.937336481511,0.0
4496.55579773867,0.0
4252.661791781773,0.0
4642.8270516999955,0.0
5460.670205382448,0.0
4818.228620265869,0.0
5315.644388013388,0.0
5316.426518804382,0.0
5445.939309814225,0.0
6359.116462032008,0.0
5861.572237577398,0.0
6131.037611506242,0.0
6706.3397737294945,0.0
7046.269160015338,0.0
6684.491263462411,0.0
7655.380365642983,0.0
7106.919713977633,0.0
7285.674023179877,0.0
6850.897794444687,0.0
7860.00735911168,0.0
8075.00092133183,0.0
7782.21433987074,0.0
8502.74844472241,0.0
8550.600786331273,0.0
8221.83950825202,0.0
9062.087364835843,0.0
7984.9117749308925,0.0
8644.999596551022,0.0
8885.041192035324,0.0
8510.093182733006,0.0
8603.014414890413,0.0
8921.466173858755,0.0
9037.11146228711,0.0
9254.183234707349,0.0
9217.54665839891,0.0
9024.95879016309,0.0
9809.598784070782,0.0
9182.65220395099,0.0
8993.084329245245,0.0
9401.465962664875,0.0
9638.934014346873,0.0
8281.76579244168,0.0
8769.310027640837,0.0
8859.800156609177,0.0
8754.672241330049,0.0
9636.022253210656,0.0
9207.750833820246,0.0
8815.87289263443,0.0
8591.515658551387,0.0
8920.702223514263,0.0
8959.840675278332,0.0
8866.751096036533,0.0
8623.291587307547,0.0
9013.965628391266,0.0
9007.54588502221,0.0
9865.963252394784,0.0
8937.665482997432,0.0
9437.353025677136,0.0
9271.561050547498,0.0
9273.75471270459,0.0
9390.435175393304,0.0
9498.01774610312,0.0
9594.037019897161,0.0
10477.149603683094,0.0
10161.111387581468,0.0
10761.610249640311,0.0
10156.120671546554,0.0
10583.921340787838,0.0
10158.966598534538,0.0
10892.205452234153,0.0
9827.709347381271,0.0
10835.279302278243,0.0
10163.234054355808,0.0
10431.047461557368,0.0
9238.321981127974,0.0
9888.70177294087,0.0
9730.784011648988,0.0
8823.029106450336,0.0
9335.018338646754,0.0
9064.48736319569,0.0
8303.95953584487,0.0
9395.684787371913,0.0
8832.892036207475,0.0
8917.987330340331,0.0
9135.776975242372,0.0
8509.19278159404,0.0
8891.902109207978,0.0
8426.227796233445,0.0
9043.954121396639,0.0
8259.330869341258,0.0
8243.425436329431,0.0
8915.434537827496,0.0
8880.602386691058,0.0
9000.46335051583,0.0
9014.546339593957,0.0
8754.917368660816,0.0
8751.074745355938,0.0
8706.423626411535,0.0
8493.11913786055,0.0
8266.672415581528,0.0
8264.226861840229,0.0
8534.600321589682,0.0
8206.232162410026,0.0
8057.962453995805,0.0
7540.722536979161,0.0
7630.521074457749,0.0
7559.386001696801,0.0
7975.706022667302,0.0
7729.067386297502,0.0
7774.797483506735,0.0
7390.877287964511,0.0
7505.571837196019,0.0
7248.771988118689,0.0
6992.384679076059,0.0
6911.867687689395,0.0
7741.047787772799,0.0
6904.066228185486,0.0
7056.823579260928,0.0
7195.742330108089,0.0
7284.736357096322,0.0
7517.161152807825,0.0
7341.3688162507315,0.0
7023.829855239819,0.0
6845.197485372729,0.0
7452.861048141379,0.0
7370.2804789255615,0.0
6705.154152939945,0.0
7674.994511659561,0.0
7011.647368384849,0.0
7264.803456803032,0.0
7512.846889023105,0.0
7297.235591948495,0.0
7723.863805828675,0.0
7328.33324371915,0.0
8577.861421600732,0.0
8200.20222947878,0.0
8466.714695778637,0.0
8126.187022632837,0.0
7352.555876696097,0.0
8377.78085932983,0.0
8335.719731256411,0.0
8355.273299237817,0.0
8196.492844011966,0.0
8223.104504554038,0.0
8315.843373823418,0.0
7938.052614341497,0.0
8918.697883531551,0.0
8021.230130706954,0.0
8227.434726433217,0.0
8470.721252032597,0.0
9470.618111334521,0.0
8828.27133866248,0.0
8916.932605306956,0.0
9329.74970079535,0.0
9186.32147051164,0.0
8486.315078739797,0.0
9852.745357982782,0.0
9481.73557385583,0.0
9538.012890577387,0.0
9619.28679392472,0.0
9492.989013149241,0.0
9970.780461276032,0.0
10271.678766790332,0.0
9333.02238129588,0.0
9510.980703383371,0.0
10203.532341950857,0.0
9510.521957528827,0.0
9884.570294428528,0.0
9452.417472262008,0.0
10029.012045019765,0.0
10057.244088092484,0.0
9822.579132131083,0.0
10709.821862472887,0.0
10270.589205609771,0.0
10199.444914615036,0.0
10528.335132447224,0.0
10572.732281827937,0.0
10969.80941430434,0.0
11031.261140993267,0.0
10465.653041541613,0.0
10864.622567537626,0.0
10273.972550685992,0.0
10704.545147314253,0.0
10493.207480882034,0.0
11290.240748367147,0.0
10888.956082237817,0.0
10964.217053162878,0.0
11000.109726291857,0.0
10148.309758974843,0.0
10753.116215134796,0.0
11804.173533083807,0.0
11621.771995204592,0.0
11639.023440439372,0.0
11609.174764518873,0.0
11438.669105187271,0.0
11472.549211910147,0.0
16616.612165746723,1.0
16616.612165746723,1.0
11160.085279783045,0.0
11011.346180387347,0.0
11522.726518561401,0.0
11864.568746442681,0.0
11012.456909802026,0.0
12076.44288947722,0.0
12351.450417130332,0.0
11754.343908228251,0.0
11860.680335131681,0.0
12440.898334676542,0.0
11791.069689013631,0.0
11675.155795400213,0.0
11604.16157676871,0.0
11869.825930416426,0.0
12162.878373480069,0.0
12528.04185014719,0.0
12278.203886723744,0.0
12292.62056634915,0.0
12222.943867952526,0.0
11923.123714802929,0.0
12626.339970208475,0.0
12366.202210837922,0.0
11490.829549167105,0.0
11920.200014680377,0.0
12140.14965106741,0.0
12505.311022774873,0.0
12226.040504982415,0.0
12263.989750477875,0.0
12834.120737315785,0.0
12667.842399586854,0.0
12169.17022862965,0.0
11965.394640850976,0.0
11798.15980302369,0.0
11829.45285306203,0.0
12337.07342446068,0.0
12127.266097600534,0.0
11624.96415248411,0.0
12166.423466806176,0.0
11570.32526909614,0.0
12109.53343704424,0.0
11670.781004483246,0.0
11554.594281656826,0.0
11066.019322427443,0.0
11630.589374841406,0.0
10924.192082326019,0.0
11097.02134240649,0.0
11095.372350026755,0.0
10975.896749251173,0.0
10906.478860541962,0.0
10517.318520807861,0.0
10464.095103998801,0.0
10672.89903997041,0.0
10030.527295050577,0.0
9663.70927304673,0.0
10361.20318237723,0.0
10808.925323576212,0.0
10593.81303137579,0.0
10110.65772747592,0.0
10345.678702436922,0.0
10628.758037837611,0.0
9641.245549797837,0.0
9564.428315333113,0.0
9729.005933836263,0.0
9093.87037991209,0.0
9112.25445224299,0.0
9216.497564116777,0.0
8940.550975155102,0.0
9303.019421675492,0.0
8495.628929008337,0.0
7973.945378114825,0.0
9043.332009728369,0.0
8752.991739791418,0.0
8823.07043442864,0.0
8557.958107775137,0.0
9250.8086984094,0.0
8720.684487619365,0.0
9188.03710552264,0.0
8278.261664537387,0.0
8564.501583276538,0.0
8314.066329234654,0.0
8565.885371027465,0.0
7954.666878445827,0.0
8254.973528936765,0.0
8284.406396901155,0.0
8308.060255424962,0.0
8494.17380180678,0.0
7977.449373970075,0.0
8216.626158141771,0.0
8052.859446147909,0.0
8306.17453142997,0.0
8082.058420121842,0.0
8715.374631912486,0.0
8362.880108150595,0.0
8449.075980066258,0.0
8942.971615990362,0.0
9085.652916678304,0.0
9137.956508144183,0.0
9574.552791285618,0.0
9156.449214455988,0.0
9402.33057528649,0.0
9645.171577783341,0.0
9903.40808197943,0.0
10232.9580099274,0.0
10134.117017264793,0.0
9988.24615501631,0.0
10478.422554108232,0.0
9923.197855487615,0.0
9656.254109796097,0.0
9615.016226940903,0.0
9918.074284663671,0.0
10088.852057286622,0.0
9200.687996717212,0.0
10578.380199676492,0.0
9942.86252074631,0.0
10048.5474533301,0.0
10052.667077403737,0.0
9314.834865543104,0.0
9368.780704005962,0.0
9811.743646108787,0.0
10187.413537499147,0.0
10010.67392528992,0.0
9879.946780539607,0.0
8898.350112911436,0.0
10103.396336047497,0.0
9981.258954243405,0.0
9741.846586082507,0.0
9986.663803206819,0.0
10092.298315388885,0.0
10776.645611972997,0.0
9724.365622939787,0.0
10308.892765020904,0.0
10692.702896965558,0.0
10800.11995074914,0.0
10853.096894831033,0.0
10760.509969198823,0.0
11132.472195722838,0.0
11635.885562419571,0.0
11029.768487914931,0.0
11242.694557755563,0.0
11678.250722918685,0.0
11695.73226581732,0.0
11461.286652675328,0.0
12349.029007512912,0.0
11617.328285067872,0.0
11604.792621421642,0.0
11644.827019026443,0.0
12049.92731651643,0.0
11897.018700003428,0.0
11962.603830531953,0.0
11443.921569052894,0.0
12067.151221992053,0.0
11731.487469791944,0.0
11485.847454400508,0.0
12564.153637057962,0.0
12517.969575383868,0.0
12309.064363945037,0.0
11715.300769247155,0.0
11228.191852538861,0.0
11522.125982430609,0.0
11076.214431062768,0.0
11145.367637224981,0.0
11820.440148230527,0.0
11292.694678377964,0.0
11481.101565293917,0.0
11207.728217706746,0.0
12093.826863813987,0.0
11320.637208208931,0.0
11512.916201861186,0.0
11863.877909992378,0.0
11773.910801616446,0.0
11466.890250706208,0.0
11860.47085314292,0.0
11813.394083129631,0.0
12448.29203389004,0.0
11697.236304410288,0.0
11635.035362181121,0.0
12251.73120738932,0.0
11605.047171544094,0.0
12206.973828383914,0.0
12630.883474320057,0.0
11588.987320174005,0.0
11870.394105520061,0.0
11855.486306371557,0.0
11681.788052196876,0.0
11793.225952105786,0.0
11898.614613434685,0.0
11282.079511244005,0.0
10892.493214555256,0.0
10684.066592860741,0.0
11348.706292611205,0.0
10538.159657611435,0.0
11001.351250071011,0.0
10396.974394619203,0.0
10639.191900621714,0.0
10823.609393359531,0.0
10667.450547085076,0.0
10336.111311223101,0.0
10141.368467429707,0.0
10804.033223251408,0.0
9805.828298795319,0.0
10262.355524085558,0.0
10017.09440276929,0.0
10931.531546857386,0.0
10022.86511432574,0.0
10646.636922914298,0.0
10475.103692772773,0.0
9800.519856432606,0.0
10664.399959617378,0.0
10674.765490761816,0.0
10189.609471253954,0.0
9669.394154273368,0.0
11254.827170553812,0.0
10169.315984473418,0.0
9705.212300406218,0.0
10353.733577802454,0.0
9589.338480720951,0.0
9913.823628827646,0.0
9721.752737352937,0.0
9534.611998091652,0.0
10041.905631155953,0.0
10104.643331327447,0.0
9798.479004288047,0.0
9565.370287629104,0.0
9384.590720946911,0.0
9198.91015504042,0.0
9139.590301618162,0.0
9292.581820775755,0.0
9314.487936922988,0.0
8853.315005606106,0.0
8594.404283982902,0.0
8991.357902649355,0.0
9181.491187859658,0.0
9273.155345211748,0.0
14187.821295256166,1.0
14187.821295256166,1.0
9843.935481979046,0.0
9644.36123233492,0.0
9587.984189638772,0.0
9268.840427412737,0.0
8744.612611121265,0.0
9048.466008071719,0.0
8908.355381404415,0.0
9261.880935182407,0.0
9214.105355618818,0.0
10043.316130238942,0.0
9514.919147449764,0.0
9376.192987693605,0.0
9280.669475217057,0.0
9708.455659272351,0.0
11147.483235211183,0.0
10580.394582386485,0.0
10593.454614056493,0.0
10163.21140782867,0.0
9963.980037667978,0.0
9865.014078730797,0.0
9926.755942004274,0.0
10046.65959441378,0.0
9680.947951364778,0.0
9119.368627473996,0.0
9054.809774325782,0.0
8555.068953071142,0.0
9470.092791275012,0.0
9940.006926265974,0.0
8842.562452980344,0.0
9184.63039252342,0.0
9135.684944528815,0.0
9069.048350680265,0.0
10090.180010632997,0.0
10168.343318873318,0.0
10303.798546430755,0.0
9829.832939794946,0.0
8881.616710718192,0.0
9925.492676396065,0.0
9573.652392397666,0.0
9795.117022444205,0.0
9999.306604652706,0.0
9995.587387407555,0.0
10503.271355118397,0.0
9860.370258581836,0.0
9910.135261568725,0.0
10261.796723488555,0.0
10762.117910852377,0.0
10388.111579129069,0.0
10353.204059009659,0.0
10296.636103805027,0.0
10650.228285979101,0.0
10869.728589677261,0.0
10834.257485613984,0.0
11322.53355765812,0.0
10650.775362123164,0.0
11564.504065805118,0.0
11183.939103328858,0.0
11945.386244313913,0.0
11620.249364858957,0.0
12032.399247201623,0.0
11767.156001792328,0.0
12099.673678561681,0.0
12085.329935112772,0.0
11232.24151671955,0.0
12693.646402105987,0.0
11909.34167469759,0.0
13112.090469104136,0.0
12399.178016849848,0.0
12349.95990603561,0.0
13034.446241256373,0.0
12938.028472327991,0.0
12810.459600653072,0.0
12978.318225263702,0.0
13397.39147413649,0.0
12329.991717689121,0.0
12626.051247530257,0.0
12745.375062225623,0.0
12232.653332361668,0.0
11932.541412430695,0.0
13241.220415743766,0.0
12553.721491679717,0.0
12482.271522395797,0.0
12643.840043050164,0.0
12695.514847138387,0.0
12509.926243101265,0.0
12030.14287554933,0.0
12016.370769936319,0.0
12424.519244869047,0.0
12318.252882334526,0.0
11940.694158311746,0.0
13195.083092224708,0.0
12677.053791873685,0.0
12128.836858967908,0.0
12143.721571081125,0.0
11072.626708918904,0.0
12704.721029776787,0.0
12358.712857325685,0.0
11785.70355465298,0.0
11674.552643898569,0.0
11758.442229660419,0.0
12062.162898841969,0.0
11368.559302861828,0.0
11839.827464559854,0.0
11508.715397699321,0.0
11194.504627243026,0.0
11312.631720037636,0.0
12217.669628235537,0.0
11508.800039775018,0.0
11264.106864197782,0.0
11204.578943192282,0.0
11650.39924211352,0.0
11926.421945865484,0.0
11689.092816875702,0.0
11270.89494137776,0.0
10443.387391283846,0.0
11128.48363138202,0.0
11761.41981544956,0.0
10611.6140707802,0.0
11773.322314441404,0.0
11016.654084648966,0.0
11603.495677760848,0.0
10947.600020143396,0.0
11658.306847649836,0.0
10922.76011725327,0.0
11424.837581143485,0.0
11163.587821312147,0.0
10777.657292071555,0.0
10615.817082380516,0.0
10685.533477682806,0.0
10702.45434672285,0.0
11244.669788464971,0.0
10710.04826520777,0.0
10041.670038187734,0.0
10084.900410136242,0.0
9610.967575223382,0.0
9486.668451073361,0.0
9494.907585915138,0.0
10511.82141317554,0.0
9625.64508302038,0.0
9327.913473376977,0.0
8665.94948820989,0.0
10010.281411780783,0.0
10194.087257239356,0.0
8964.618234327572,0.0
9678.364026110447,0.0
9350.861331417214,0.0
9430.045206061683,0.0
9383.418582274175,0.0
9659.685360770982,0.0
9551.834367423075,0.0
9470.592329238694,0.0
9539.039753030645,0.0
8548.845758232583,0.0
8531.67482992978,0.0
9573.786501736073,0.0
8939.80885321403,0.0
9192.851050357913,0.0
8345.47648361882,0.0
9748.524093260703,0.0
8803.627298346853,0.0
9340.631556852964,0.0
9274.458071550529,0.0
9459.289801783865,0.0
9027.043630717119,0.0
9663.350208126669,0.0
9662.269129607868,0.0
9250.26489935024,0.0
9156.408450703026,0.0
10062.624934004169,0.0
9126.358203881278,0.0
10384.639608581781,0.0
10603.827583297943,0.0
10417.826531363751,0.0
10042.29305683374,0.0
10998.243132970474,0.0
10135.043409917931,0.0
9870.83863072731,0.0
9883.027790984337,0.0
9605.691804272366,0.0
9623.692617213857,0.0
9949.180001345796,0.0
9717.312761330311,0.0
9751.989638418565,0.0
9687.06941158632,0.0
9741.70291912522,0.0
9930.285828095815,0.0
10879.943029992697,0.0
10112.909902652438,0.0
10385.326928474766,0.0
10281.347926375958,0.0
9873.721855700966,0.0
9960.530993727356,0.0
10175.717843159911,0.0
9975.2290476308,0.0
10068.35265017171,0.0
9976.057819678426,0.0
10367.641947369139,0.0
9615.232160511046,0.0
10278.476573955813,0.0
9010.34206248103,0.0
9063.2954929442,0.0
10163.32178214718,0.0
10256.751580660632,0.0
9291.727143724438,0.0
10119.60701328532,0.0
9555.219824827182,0.0
10406.860729807628,0.0
9944.738068015457,0.0
10139.053142831439,0.0
10336.944724405483,0.0
10089.091979553932,0.0
10862.123722009721,0.0
10633.852248279953,0.0
10862.116927596393,0.0
10476.293441670172,0.0
10666.175933998304,0.0
10747.08379772228,0.0
9921.101841388907,0.0
10456.92690237575,0.0
10624.01989102508,0.0
11291.333783509843,0.0
10624.10357576911,0.0
10424.684162367437,0.0
10785.949378167954,0.0
10436.065139189974,0.0
11296.282010259427,0.0
10217.710669453092,0.0
10713.931470026233,0.0
10410.34999489721,0.0
10757.235898418712,0.0
11223.363407399484,0.0
11465.880188819847,0.0
10799.265599146924,0.0
10254.460684141432,0.0
10463.189288995236,0.0
11215.515123786088,0.0
10786.518547247177,0.0
10728.715202270789,0.0
11061.34220957844,0.0
11365.83168663638,0.0
11740.19645472014,0.0
11522.575160987173,0.0
10815.74604956014,0.0
11743.294470533987,0.0
11013.192069015087,0.0
11687.04976618179,0.0
11863.519365765884,0.0
10529.28401485558,0.0
11586.140897830046,0.0
11199.614339181651,0.0
10954.46868413212,0.0
11061.413064254986,0.0
11267.522221373201,0.0
11245.03427378045,0.0
10974.971561451508,0.0
11735.1505804253,0.0
11359.427941720947,0.0
11110.352939554938,0.0
10782.771368748026,0.0
11184.075194680765,0.0
11181.810900981487,0.0
10988.833415741039,0.0
10736.507293898456,0.0
10796.627292684356,0.0
10800.877487550357,0.0
10753.045770488125,0.0
11098.854969652577,0.0
11045.716509909871,0.0
10363.155302958941,0.0
11023.83648822979,0.0
11243.03096805861,0.0
10381.478247243122,0.0
10349.025774999283,0.0
11428.094459463477,0.0
10984.448591247077,0.0
11042.990035490802,0.0
10537.1588654206,0.0
10961.601647265186,0.0
10732.200821443697,0.0
10703.3641281911,0.0
10718.02234433551,0.0
10915.288869904765,0.0
10721.30531816201,0.0
9763.373058207957,0.0
10367.074442061225,0.0
9495.334878931048,0.0
9399.78612771097,0.0
10223.368442120232,0.0
10656.532366957555,0.0
10526.275909782107,0.0
10538.691013236948,0.0
10323.891910758506,0.0
10032.156757190416,0.0
10031.057241844934,0.0
10547.894203138372,0.0
9993.299281355727,0.0
10207.331374016077,0.0
10157.903719803757,0.0
10359.718421996116,0.0
9317.355499841964,0.0
9516.174762645922,0.0
9492.44236999914,0.0
9001.439171033777,0.0
9164.363079003826,0.0
8974.398076463556,0.0
8692.694469753558,0.0
8633.70117733362,0.0
9634.550089536664,0.0
9355.331784964374,0.0
9748.672504651047,0.0
8875.27997112336,0.0
9993.620891349081,0.0
9718.64120016498,0.0
9419.14774124206,0.0
9732.05452387435,0.0
9620.368107581671,0.0
9923.794207515773,0.0
9664.15377630251,0.0
9317.211535855757,0.0
9498.99444543796,0.0
9229.92429238178,0.0
9785.971509372252,0.0
9233.70917809184,0.0
9651.108621254516,0.0
9234.953932331027,0.0
9688.388054044897,0.0
9281.01667592186,0.0
9127.567637449727,0.0
9693.368596179691,0.0
9798.66147588952,0.0
9033.41552552753,0.0
9511.897216995407,0.0
9817.93541005741,0.0
9513.162098573583,0.0
9920.827474561063,0.0
9682.928825353645,0.0
9540.211232863472,0.0
9684.120227410182,0.0
9737.223287972836,0.0
10505.764478144605,0.0
10017.202122359937,0.0
10123.926760830838,0.0
9743.529496474799,0.0
10154.814460562477,0.0
9904.162550898334,0.0
10271.818769327449,0.0
10332.254454129288,0.0
9923.384950447029,0.0
10696.60778180918,0.0
10655.17876161027,0.0
10975.09484227018,0.0
10387.457410749048,0.0
10092.27042208377,0.0
11647.797010732033,0.0
11517.630428863802,0.0
10933.394528663011,0.0
10651.57362482137,0.0
10930.372976668848,0.0
11239.73802030511,0.0
10398.334026133678,0.0
10861.661610532305,0.0
10839.256936952352,0.0
11446.835398849003,0.0
10552.202991843642,0.0
11812.085730654373,0.0
11275.40629901493,0.0
11088.854645501313,0.0
11042.978521145962,0.0
11162.1100542155,0.0
11519.608591977641,0.0
11841.199786058192,0.0
11472.952515156463,0.0
10997.884189477181,0.0
11494.830482225527,0.0
11739.487118518991,0.0
11033.127900609448,0.0
10932.093989316538,0.0
11304.897061600597,0.0
11319.525091741474,0.0
10970.82051826045,0.0
10541.671036590977,0.0
10866.338142400782,0.0
11691.979392323385,0.0
11696.038179425104,0.0
11626.216437529083,0.0
11334.911699631593,0.0
11346.02129556548,0.0
10855.525732252227,0.0
11383.487129730885,0.0
10508.174096931594,0.0
11075.020148373183,0.0
11114.368414876575,0.0
11014.842919201365,0.0
12312.859962355287,0.0
12260.182296499435,0.0
11154.570773048055,0.0
11715.864046335697,0.0
11908.13859443164,0.0
11972.79780003439,0.0
11804.653338273007,0.0
11428.490985924018,0.0
11142.0021967672,0.0
11538.636693636498,0.0
12138.96814780754,0.0
11723.633082835671,0.0
12246.980446571873,0.0
11670.48237430681,0.0
12222.755063028353,0.0
12518.771642784006,0.0
12380.488985888886,0.0
12205.018236638269,0.0
12953.72666983859,0.0
12319.674411165055,0.0
12103.21015232761,0.0
12296.02862315979,0.0
12754.475715921042,0.0
12626.489055007696,0.0
12475.16287633852,0.0
12526.095967846115,0.0
12613.204833168093,0.0
12856.980189560465,0.0
13515.473526736749,0.0
12547.620599818896,0.0
12651.33590469839,0.0
12893.257334898142,0.0
13226.825147829099,0.0
12357.304226214896,0.0
12573.382872227165,0.0
13292.547900870934,0.0
11902.108943653933,0.0
12015.951963949981,0.0
11898.05556416002,0.0
11667.674502639471,0.0
12035.435679440012,0.0
11419.751334437504,0.0
11743.771099173071,0.0
11327.981716268216,0.0
11540.0222775986,0.0
12121.4310444981,0.0
12131.031578691012,0.0
12241.15930669371,0.0
12145.671526570462,0.0
11591.30499076127,0.0
11477.954898187203,0.0
11514.55598059825,0.0
11279.481467807527,0.0
11237.7633155687,0.0
10778.23048615592,0.0
11483.043146695349,0.0
10698.666214955796,0.0
10497.164181964667,0.0
11096.21920443392,0.0
10687.048702571297,0.0
11308.879250676098,0.0
10997.385798695734,0.0
11269.1808889424,0.0
10939.452250050581,0.0
11067.695060868873,0.0
10671.3887413976,0.0
11110.774827604251,0.0
10709.979159802842,0.0
10802.523381461935,0.0
11263.766526524258,0.0
11221.139238240237,0.0
11795.673368530839,0.0
11262.78121086278,0.0
11315.623191959548,0.0
10992.681082715219,0.0
11293.592453506924,0.0
10933.052437060654,0.0
10932.312751890526,0.0
10781.488117972185,0.0
10552.12772331227,0.0
10633.037977804659,0.0
11009.67139510622,0.0
10447.484367426048,0.0
10997.173380938435,0.0
9916.784749116494,0.0
9940.381130271922,0.0
10148.307549960235,0.0
10561.135586336146,0.0
10896.088104273545,0.0
9985.701645801146,0.0
10377.850417714835,0.0
10746.323244866988,0.0
10182.734653251939,0.0
10844.81597141323,0.0
10666.874607188838,0.0
11302.449943252792,0.0
10981.63243909413,0.0
10320.696577656108,0.0
10393.90635330598,0.0
10339.753106562115,0.0
10098.996976244398,0.0
10237.637293901356,0.0
10934.457065112736,0.0
10342.100201641064,0.0
10971.348808041595,0.0
11221.245524858079,0.0
10722.699190940559,0.0
10652.990514666526,0.0
11700.519033032859,0.0
10969.780183753888,0.0
11407.741351983901,0.0
11764.552715623184,0.0
11374.644875912281,0.0
11306.114108580849,0.0
10673.286758806305,0.0
11621.964814101613,0.0
10518.72499924544,0.0
10635.058919467832,0.0
10688.82077544483,0.0
11738.988708421264,0.0
10588.647084500344,0.0
11382.150224430705,0.0
11293.446073853629,0.0
11419.138154499698,0.0
11631.596559448955,0.0
12047.668138921179,0.0
12513.09402980986,0.0
12072.93165453961,0.0
12621.021170472975,0.0
11382.905141224132,0.0
12230.32282128146,0.0
13008.786862989982,0.0
12679.929131355282,0.0
