-225.25240562209703,0.0
214.76151097965794,0.0
-115.16065838647408,0.0
909.8879315843999,0.0
600.3556547646418,0.0
113.50614653445686,0.0
623.3260692031498,0.0
641.904178797809,0.0
511.048490588676,0.0
339.5760001743659,0.0
922.955153324263,0.0
664.072929262019,0.0
225.909649003426,0.0
-422.8002414429789,0.0
818.509232817928,0.0
431.5325374288071,0.0
367.36299324321817,0.0
638.9800174618832,0.0
628.8407600782402,0.0
580.4492681478332,0.0
840.503484129022,0.0
714.2906608429332,0.0
600.5374836236882,0.0
-112.90812183811386,0.0
969.575156540721,0.0
865.538794651554,0.0
859.426781827755,0.0
413.966761820526,0.0
910.395020987525,0.0
1261.807483220589,0.0
1628.6504686321687,0.0
1237.099627800938,0.0
1439.963188953978,0.0
1415.1645106468068,0.0
852.2706670581828,0.0
1332.6179439054868,0.0
1362.8359700579267,0.0
1615.2079370046956,0.0
1945.3386257696168,0.0
1734.510334630118,0.0
1309.536661705319,0.0
1405.5455243806978,0.0
1656.802810336169,0.0
1622.966052126349,0.0
1298.791885781138,0.0
1197.525883311369,0.0
1708.142245894448,0.0
1867.1303724804682,0.0
1670.8668129473567,0.0
2040.7861719452867,0.0
1876.7540101794068,0.0
1411.962474083678,0.0
1654.9508196648087,0.0
1131.547900186369,0.0
2172.5450466825873,0.0
2485.145927475307,0.0
1532.656692110418,0.0
1291.8175626840077,0.0
1986.4680496667568,0.0
1733.5997616536167,0.0
2649.906997654317,0.0
1768.3393923568167,0.0
2030.0974522557767,0.0
1679.315255846888,0.0
1507.0234977439368,0.0
1948.6592014486857,0.0
1333.1002736605626,0.0
2507.4626285667446,0.0
2135.9709756216935,0.0
2747.2335154889647,0.0
2125.4082092760746,0.0
1796.8486559616836,0.0
2262.5555070341234,0.0
1583.380376693925,0.0
1455.1210419341346,0.0
2108.5843467245336,0.0
1719.1173203489448,0.0
1754.4283471310355,0.0
1654.8719929207969,0.0
1288.3572564277881,0.0
1277.6790529719378,0.0
1524.631201200497,0.0
2088.3567680792157,0.0
1201.8855311016866,0.0
1835.3224982017455,0.0
1828.3531850247446,0.0
1959.4084025231255,0.0
1332.5434832132769,0.0
1441.925830362198,0.0
1489.0707205161168,0.0
1061.38896516437,0.0
1776.2107574158167,0.0
1731.8451381975767,0.0
1647.3589085720757,0.0
1938.9482730991156,0.0
1538.6406019447356,0.0
956.0375950585927,0.0
1070.2322737287157,0.0
804.3678577544977,0.0
1153.8278123005396,0.0
959.5456801986386,0.0
1166.5206314053537,0.0
680.3469751350218,0.0
923.6963855221168,0.0
596.9182430246489,0.0
1327.9151698989388,0.0
1024.0303195908398,0.0
949.913617065597,0.0
725.288666489864,0.0
1049.34538421726,0.0
67.81902669779406,0.0
204.705001782051,0.0
852.7529510892571,0.0
-44.53479126988003,0.0
189.045745724373,0.0
-23.478448057521433,0.0
-33.35673756172493,0.0
54.682833237633496,0.0
407.09185045384993,0.0
18.89663732203969,0.0
-245.4971609245959,0.0
385.78234404978207,0.0
-322.16385450954186,0.0
-236.05539520116093,0.0
-352.8325278254139,0.0
-95.16377407320586,0.0
-524.0996319449398,0.0
-656.0359388402167,0.0
-814.1962078116828,0.0
-829.6099771512837,0.0
-615.9711052413468,0.0
-775.1197952527378,0.0
-404.6806859035248,0.0
-1068.8551372369689,0.0
-333.836979218064,0.0
-922.5535774854112,0.0
-399.5159091443811,0.0
-513.6025581542792,0.0
-699.3681559715961,0.0
-625.078011976482,0.0
-1435.6837410024286,0.0
-349.87067883369895,0.0
-1514.6386515862578,0.0
-1219.3044530422028,0.0
-1592.6025544448657,0.0
-1378.9496375002768,0.0
-271.94379232153057,0.0
-1154.9920342592986,0.0
-1760.8067596520857,0.0
-2023.1920324005546,0.0
-1183.1642578595936,0.0
-1375.9027160404328,0.0
-1397.286036084187,0.0
-1749.4700418822956,0.0
-2081.6651954412346,0.0
-1843.7420215823256,0.0
-1004.6769429294468,0.0
-1608.7317298957169,0.0
-1902.1555125983066,0.0
-744.6290648001808,0.0
-1282.1772331135835,0.0
-1427.595788303548,0.0
-864.2439787321839,0.0
-830.3656200709539,0.0
-1496.0195977982087,0.0
-597.2545196701568,0.0
-1496.466390270608,0.0
-1928.4472487738578,0.0
-1475.187367058798,0.0
-1356.036711033938,0.0
-714.2227590734948,0.0
-1624.6860046052557,0.0
-1502.9020790134657,0.0
-1809.2602977349247,0.0
-1905.0245005063248,0.0
-1908.5536093677035,0.0
-1503.2470811802357,0.0
-1038.5107303980797,0.0
-1415.8880880719485,0.0
-1458.3454452753876,0.0
-2445.5458264982826,0.0
-1532.4896136794596,0.0
-1693.9384534467545,0.0
-2187.6842876588757,0.0
-1463.1249885924055,0.0
-1700.7597310460455,0.0
-996.4935493735918,0.0
-1792.0713899967168,0.0
-1660.1729604895766,0.0
-1718.0864996575979,0.0
-1544.6641964986468,0.0
-1322.1315803791317,0.0
-1826.5307398844955,0.0
-1247.2945992860728,0.0
-1857.4548673335669,0.0
-1673.043481964738,0.0
-646.9651883607199,0.0
-1624.5913150400381,0.0
-979.922042740312,0.0
-1245.6514162215888,0.0
-829.389002083575,0.0
-345.2917322943,0.0
-468.7153240968318,0.0
-1027.62967072644,0.0
-1599.0710894695214,0.0
152.8704278243872,0.0
-481.92365440014106,0.0
-500.5470243455871,0.0
-563.8281651756482,0.0
-346.6936772949182,0.0
-561.3730574661621,0.0
-320.71153587770425,0.0
-477.4911181430132,0.0
-796.9735297009231,0.0
-23.973000497817196,0.0
90.34978696061692,0.0
-646.892276360865,0.0
-955.011015953125,0.0
-127.86103522116106,0.0
-451.532978032463,0.0
-1026.81398974979,0.0
-365.659220756586,0.0
-449.36759239038605,0.0
-309.4522683441872,0.0
-677.576126531388,0.0
317.5154267249231,0.0
-307.00669479506,0.0
-620.831897479948,0.0
66.91454632833333,0.0
237.43608429280306,0.0
-66.55235165898421,0.0
-825.5094529522522,0.0
-85.61527949418708,0.0
389.38917009017894,0.0
199.80900872273813,0.0
333.43723808330685,0.0
609.3826878876259,0.0
126.1865978851418,0.0
1097.9977091489488,0.0
738.1524528893327,0.0
1033.3801646269758,0.0
1189.2260672939917,0.0
1043.8561599562827,0.0
793.0935927395486,0.0
1677.0994307145775,0.0
681.9809750815814,0.0
1134.9105188008205,0.0
1385.5956232123465,0.0
1454.4608629608883,0.0
2028.5710689467005,0.0
1635.7800863042885,0.0
1659.6698447700555,0.0
1413.2488333051465,0.0
1383.8162667202864,0.0
1649.2235693883144,0.0
1845.8942547415645,0.0
598.10265725313,0.0
1595.9017800622858,0.0
1666.4488865607545,0.0
1519.1528623873946,0.0
2047.4322519677737,0.0
1484.9635811902747,0.0
1553.1100600800248,0.0
1885.4312118227856,0.0
2116.209604106547,0.0
1730.7923422664257,0.0
1618.0982963015044,0.0
1368.2403058853047,0.0
1704.2993212809847,0.0
1619.5941615190516,0.0
1999.7214657453724,0.0
2259.6193299901524,0.0
1942.5081017422613,0.0
3119.3468124093524,0.0
2350.4912592007213,0.0
2613.508492207852,0.0
1289.6229460804525,0.0
2402.6457591145036,0.0
1678.2615603977536,0.0
2502.8787439903035,0.0
2440.5760117252526,0.0
2165.3461507681222,0.0
2695.7154373394133,0.0
1978.2942926182036,0.0
2034.6880255971537,0.0
1785.307524008425,0.0
1806.9407191294058,0.0
2508.8856224858046,0.0
2442.8012903268836,0.0
2766.692805629862,0.0
2270.1148315185324,0.0
2662.467446406651,0.0
2729.4128161998105,0.0
2240.0802838558493,0.0
3509.6781467267083,0.0
2808.905913977579,0.0
3037.977874730789,0.0
3106.6406070161693,0.0
2633.32778716737,0.0
2648.958619742379,0.0
3188.7669519655083,0.0
2593.8881968402075,0.0
3788.4502695888764,0.0
2932.6597560926857,0.0
3771.1896316824345,0.0
3712.372927060885,0.0
3187.878109809415,0.0
3243.698924748416,0.0
2768.146521579505,0.0
3352.7545396748837,0.0
3491.0916070737753,0.0
3246.4107400276844,0.0
2923.072768056475,0.0
2835.262178048265,0.0
3043.128672974915,0.0
3315.779384000616,0.0
2737.458538005476,0.0
2850.001596365366,0.0
2407.179493573104,0.0
2923.160378995487,0.0
3305.4247304243263,0.0
3242.4571119859374,0.0
2973.619138333257,0.0
1981.2458046596662,0.0
2806.2393092139673,0.0
2662.647604287218,0.0
2235.455759433049,0.0
2398.4514126348795,0.0
1888.6837558210445,0.0
2527.866130580409,0.0
2246.0151633038286,0.0
1768.9792512455233,0.0
2063.9928160345503,0.0
2549.8624143304505,0.0
2015.755920926054,0.0
2260.54697874686,0.0
2196.8347079424016,0.0
1934.3367401120324,0.0
1882.7381908630641,0.0
1895.4538372985835,0.0
2320.498700253498,0.0
1526.5416455805143,0.0
1965.4239736580523,0.0
1628.2831917785466,0.0
880.6166094184414,0.0
1264.3194400717894,0.0
2178.0113289444052,0.0
1742.9493633707234,0.0
2066.4510248064244,0.0
2422.126467730738,0.0
2127.437526445179,0.0
1694.3479849439414,0.0
1441.4036420546745,0.0
1088.9414290456475,0.0
1582.4127808630176,0.0
1082.2603455986605,0.0
297.5845457123077,0.0
738.3263650730856,0.0
65.59908229166365,0.0
651.7277953961857,0.0
-140.11109395836831,0.0
1124.6922108390745,0.0
385.1888078021336,0.0
533.3698481222996,0.0
592.1410041935362,0.0
839.1819210527746,0.0
937.7247518237175,0.0
972.8314723588414,0.0
636.3788511419255,0.0
426.51833266229823,0.0
854.2958456174413,0.0
1061.7846513632894,0.0
522.0574206945232,0.0
871.5158635516464,0.0
442.96519873680336,0.0
830.0924811073774,0.0
958.2168720270802,0.0
828.6614003858451,0.0
901.8248296985271,0.0
1458.863577015209,0.0
1178.34198392968,0.0
1276.202023075341,0.0
514.2531204119971,0.0
880.061914142175,0.0
1321.0055124647308,0.0
967.775313686551,0.0
85.23634719809502,0.0
844.904303183275,0.0
9.454172652496027,0.0
491.304466560955,0.0
1130.855477762138,0.0
744.6783399444062,0.0
1005.890657431938,0.0
703.160307887945,0.0
424.7137398876341,0.0
113.16553319293712,0.0
895.5997385391693,0.0
211.39628167938315,0.0
31.476996085878227,0.0
587.8643321761944,0.0
650.1802173193104,0.0
934.3443808380064,0.0
20.96399169529832,0.0
87.11142477217822,0.0
68.47090762087828,0.0
-34.92959164261083,0.0
-39.250066419460836,0.0
-20.251282795470843,0.0
710.8465774604624,0.0
-175.64258638751085,0.0
41.852350616908325,0.0
524.3392386000821,0.0
693.0847550076612,0.0
117.07095754867623,0.0
212.6234640316261,0.0
695.8036073295199,0.0
766.8909843723981,0.0
312.00962333663597,0.0
-109.36534732305404,0.0
1029.0188287089231,0.0
826.7210366632512,0.0
59.33427860041729,0.0
300.3767234220072,0.0
-192.74113593247398,0.0
658.1100700641451,0.0
1154.971203092915,0.0
-115.73951273212379,0.0
316.2530902664148,0.0
489.5009622671339,0.0
599.2868231286529,0.0
17.264440019253925,0.0
839.1344772636799,0.0
122.71105690019499,0.0
684.9477596021878,0.0
927.1870302359869,0.0
661.5716913839369,0.0
966.4678925938201,0.0
656.835539813031,0.0
564.297631020124,0.0
1164.218864209768,0.0
907.8294766904118,0.0
1729.1716550324948,0.0
1217.7375832582738,0.0
1448.9799145566828,0.0
1242.1809914327578,0.0
109.9081815102029,0.0
731.0180339668929,0.0
1209.61670934825,0.0
1368.356600818984,0.0
467.42265695631295,0.0
1581.6797634144025,0.0
938.2440489579969,0.0
1026.1541751849209,0.0
768.890004773658,0.0
948.1478769490288,0.0
1417.346223777569,0.0
1614.8688763592352,0.0
598.5574062215909,0.0
1028.1473533645728,0.0
1509.847500547723,0.0
1297.98119519162,0.0
2169.645996924823,0.0
1873.9078988255171,0.0
1675.705948277611,0.0
1608.8072175383502,0.0
1854.447946265156,0.0
1645.537886860361,0.0
2164.5387168778107,0.0
2509.8014166155867,0.0
2513.828929682802,0.0
1976.5093752924174,0.0
1833.1430344248765,0.0
2415.9923204111406,0.0
2762.3021205810396,0.0
3238.421645947482,0.0
2422.2490939544487,0.0
3177.3206090974295,0.0
3277.5120679322513,0.0
3662.0737751708743,0.0
3368.2034484211745,0.0
3286.8615426671313,0.0
3148.747937252779,0.0
3413.1533483633393,0.0
3506.184731639848,0.0
4522.180340703802,0.0
4702.778828097071,0.0
3686.035819162122,0.0
3514.776181845177,0.0
3214.777176973309,0.0
4147.895139656311,0.0
3603.0949390417627,0.0
4965.33251246719,0.0
3745.179719173273,0.0
4247.860351648889,0.0
5725.631987386829,0.0
3982.154491214983,0.0
4525.314658140869,0.0
4045.947731556621,0.0
4711.220819363348,0.0
4191.034296610879,0.0
4454.13264273312,0.0
4347.86607139016,0.0
3946.5256633036397,0.0
4295.712711033532,0.0
4566.864714056013,0.0
4810.369856401094,0.0
3764.714491859613,0.0
4194.716948839863,0.0
4727.172885304503,0.0
4038.902920478522,0.0
3441.0488585107532,0.0
3927.8613622403145,0.0
3937.1106936645447,0.0
4323.145327539824,0.0
4288.6210206189735,0.0
4535.930435329793,0.0
4426.499766308442,0.0
4839.755277504801,0.0
4587.8807887067305,0.0
5273.53899595598,0.0
4700.716629238299,0.0
5084.36148799193,0.0
4562.09036415886,0.0
5076.768326447899,0.0
5103.648834613958,0.0
4631.007223371556,0.0
5304.325928080875,0.0
5898.749335182894,0.0
5834.001854623133,0.0
5754.073483998993,0.0
5275.789351467402,0.0
6021.669437081784,0.0
5520.546091726885,0.0
5439.269028551924,0.0
6304.549996861582,0.0
5432.879859829763,0.0
5708.648678025444,0.0
5949.2928134504045,0.0
5590.458593159776,0.0
5147.715479801107,0.0
5101.531542130287,0.0
5264.339494175388,0.0
5204.0956510077895,0.0
5126.099467897648,0.0
5695.046886154218,0.0
5075.069673759628,0.0
4834.351147893928,0.0
5159.024105476369,0.0
4156.690457278313,0.0
4969.10890582127,0.0
5101.2035726060985,0.0
4824.425406660999,0.0
4594.758595891708,0.0
4947.038917609687,0.0
5739.8612693973355,0.0
5001.874050076604,0.0
4298.613806863799,0.0
5302.860769173057,0.0
4916.175380404025,0.0
4780.442424005667,0.0
4393.097581998168,0.0
4689.936652182369,0.0
4926.254196608609,0.0
4544.860699614668,0.0
4621.067303221037,0.0
5208.968612016487,0.0
4586.566602534518,0.0
4480.407659037079,0.0
4392.855169930308,0.0
4914.359332703948,0.0
4200.38126294669,0.0
4944.818156152077,0.0
4788.5209581419385,0.0
4187.790066432499,0.0
4630.84375228619,0.0
4648.31194517428,0.0
4466.988465898519,0.0
4956.860368439839,0.0
3374.3035088477436,0.0
3737.662287636849,0.0
3626.9277875174753,0.0
4259.243064650049,0.0
4845.3453888894865,0.0
4734.330114401138,0.0
4159.980189612015,0.0
4265.307216587059,0.0
3860.0336986065504,0.0
4155.219468022144,0.0
3976.1915531518853,0.0
3639.004307321205,0.0
3881.159879245064,0.0
3792.602195355296,0.0
4417.696626895907,0.0
3503.904839082441,0.0
3078.757156886371,0.0
4192.723713976448,0.0
3694.171630314843,0.0
3795.4069585874854,0.0
4134.107603440991,0.0
3496.3752591794546,0.0
3613.255425453073,0.0
4353.01124628047,0.0
3966.3447988511175,0.0
3827.1061676763247,0.0
3438.0778064087503,0.0
3152.430421873835,0.0
2988.7177648176676,0.0
3414.933251011273,0.0
4294.669734878844,0.0
3728.972377263958,0.0
3785.602328820445,0.0
3814.621098446686,0.0
3633.7563183021557,0.0
3237.138125851333,0.0
4568.324462697528,0.0
3529.2917373771115,0.0
3545.3728758892544,0.0
2868.144614767959,0.0
3507.2909960777606,0.0
3480.314565269927,0.0
3341.2684993628436,0.0
2872.0290480782915,0.0
4136.168337413646,0.0
4213.57020959797,0.0
3802.0933950067406,0.0
3023.2516025011837,0.0
3656.2993710791898,0.0
3178.400487236953,0.0
3131.2515910430398,0.0
3718.7380093075685,0.0
2764.512361860043,0.0
2895.5143228906827,0.0
2798.7502727987057,0.0
3053.355260101634,0.0
2572.3198579158525,0.0
2981.009168492065,0.0
3370.0382023821817,0.0
3157.1147187602846,0.0
2735.115050118353,0.0
3387.0230177774138,0.0
2187.3372002722226,0.0
2823.9259982313447,0.0
3305.5355389686165,0.0
2693.451939193924,0.0
2911.9300738223187,0.0
2344.5725646359137,0.0
3330.96217446709,0.0
2353.549591469663,0.0
2902.314680359874,0.0
2925.604498853996,0.0
2929.816019308856,0.0
2720.6191490807228,0.0
3679.9875416768887,0.0
2615.3041841297218,0.0
3336.281622768878,0.0
2187.7895495759803,0.0
3145.9027174712046,0.0
3225.980077269319,0.0
2548.340594004634,0.0
3202.779486520888,0.0
3077.1911173442268,0.0
3430.0020358602787,0.0
2893.892266901512,0.0
2860.1847684252116,0.0
2474.695467940063,0.0
3121.4030140543327,0.0
2879.0219997555505,0.0
3517.1601311187787,0.0
3311.2797260106054,0.0
4203.253270048855,0.0
3013.3919775104405,0.0
3877.3472609594305,0.0
3280.6599726829772,0.0
3075.8219493021793,0.0
3939.9513120034776,0.0
3238.4044019594685,0.0
3507.973775841428,0.0
3539.0432165562397,0.0
3795.393202920636,0.0
3493.9606963140986,0.0
4160.6985754060925,0.0
3256.4937687372903,0.0
3904.9605380789912,0.0
3907.0001461567654,0.0
3609.3570166405434,0.0
3978.735096822099,0.0
4036.5705650417813,0.0
4541.347612438161,0.0
4897.877236263094,0.0
3883.079473486634,0.0
4517.930428867788,0.0
4078.444253183656,0.0
3538.7013542600635,0.0
4010.1024235158834,0.0
4484.013611084212,0.0
4514.39168278402,0.0
3506.1705425324685,0.0
4523.535069983125,0.0
4696.058032133745,0.0
4386.00220653882,0.0
4167.619817322776,0.0
5171.678048547869,0.0
4355.065496007605,0.0
4529.332571065458,0.0
4275.844940581652,0.0
4233.850868415011,0.0
4097.514493662173,0.0
4423.439673298421,0.0
5105.04656165081,0.0
5175.400110593611,0.0
5146.521032960762,0.0
5086.531317042221,0.0
4461.15765083009,0.0
4252.501989939606,0.0
4613.983940068492,0.0
4008.736968822379,0.0
4694.513580871084,0.0
5444.521457978862,0.0
5039.417094212516,0.0
5315.373307744352,0.0
5023.790522325862,0.0
4493.073872720292,0.0
5440.031051894193,0.0
4708.837234731264,0.0
4420.6628791753055,0.0
4724.182735473696,0.0
4294.929533672363,0.0
5189.523320045675,0.0
4983.382381119965,0.0
4598.403458093427,0.0
4692.858451465706,0.0
5239.877856607276,0.0
4660.026382486054,0.0
4610.517132590956,0.0
5259.400172062655,0.0
5083.305730049704,0.0
5500.545539825464,0.0
5014.619570077766,0.0
5546.254059546705,0.0
5212.220211674537,0.0
4250.065064398632,0.0
4714.534929376796,0.0
5575.985921279287,0.0
5387.348127924117,0.0
4703.662220196628,0.0
4590.474478736658,0.0
5581.710525110507,0.0
4827.936130603408,0.0
5683.019723588929,0.0
5692.405554906169,0.0
4656.676430122288,0.0
5004.6182187382565,0.0
4876.173867915037,0.0
5694.807281482486,0.0
5113.370485840264,0.0
4969.216326047174,0.0
6447.6477325866945,0.0
6203.767384218163,0.0
6147.818725587663,0.0
5733.927480783702,0.0
6089.39388979318,0.0
6217.036118446622,0.0
5539.215710567121,0.0
6073.8335828533,0.0
6079.094854551342,0.0
6741.74153082703,0.0
6476.477499830049,0.0
6711.08023126586,0.0
6191.965348518331,0.0
5631.6619734861715,0.0
6020.72822614153,0.0
5541.95362547741,0.0
6476.84565529975,0.0
6541.109590767142,0.0
6003.623893886892,0.0
5558.305089556593,0.0
6190.041914054875,0.0
5732.077056351125,0.0
5425.569652591295,0.0
5962.410058028466,0.0
5382.827663257374,0.0
5952.280913114466,0.0
5112.809064824817,0.0
5655.764855371546,0.0
5713.8372432218075,0.0
5005.7112197949455,0.0
5616.743279851466,0.0
5307.621497099736,0.0
5684.868663478006,0.0
5138.888456445796,0.0
5264.456733592747,0.0
5885.325542728126,0.0
5536.782646119074,0.0
5861.955413052234,0.0
5463.562967844354,0.0
5258.9457067806625,0.0
5713.098496882381,0.0
5251.0530409909015,0.0
4841.089114107582,0.0
6284.63759811186,0.0
5553.816215674939,0.0
5150.89079724613,0.0
6032.665153272001,0.0
5641.2206464604305,0.0
5291.048855516392,0.0
5523.7087476120605,0.0
5295.013769485242,0.0
5668.880558132432,0.0
5431.536520617864,0.0
4514.302131616492,0.0
5233.472900719224,0.0
5336.094527706035,0.0
5391.845212601893,0.0
4351.898076940325,0.0
4999.180237508593,0.0
5765.000721414473,0.0
5194.355059209344,0.0
4145.705329016507,0.0
4017.918998888561,0.0
4760.783677547506,0.0
4594.914483189464,0.0
4859.797953013836,0.0
4473.676139405157,0.0
4470.528330961737,0.0
4362.117770979151,0.0
4429.264250707069,0.0
3984.2640519886254,0.0
5145.023134367636,0.0
3750.8615623495466,0.0
4218.203152538824,0.0
3991.5751650619904,0.0
4911.2145074122445,0.0
4590.365500932181,0.0
3985.6914623698926,0.0
4117.921863790747,0.0
4538.231738458587,0.0
4889.2136068101745,0.0
4265.1269502557025,0.0
3744.4899438651464,0.0
3840.359735104928,0.0
4775.326985549974,0.0
3159.9310939700526,0.0
4867.000810630146,0.0
3526.350871834392,0.0
3423.3653180607025,0.0
3611.382162450153,0.0
3858.980138071081,0.0
3599.3178295946586,0.0
2642.758164209768,0.0
3554.9941285087957,0.0
3559.4165711409178,0.0
3495.386261354481,0.0
2855.486825231851,0.0
2452.519388625519,0.0
3053.501183258626,0.0
2911.6327997598237,0.0
2839.516105280518,0.0
2635.82714175739,0.0
2810.789093896979,0.0
2817.145832716807,0.0
3192.628636520319,0.0
3237.818984168467,0.0
2462.616368557378,0.0
2725.467374091257,0.0
2946.218163962761,0.0
3409.794613250134,0.0
2974.4998643466038,0.0
2472.1885018305056,0.0
3151.2576334591085,0.0
2897.993915192216,0.0
3674.167736109777,0.0
3252.4675022067954,0.0
2779.6436377135656,0.0
2832.381564722438,0.0
2686.5283115991647,0.0
2814.9144851564247,0.0
2910.206161003477,0.0
3276.8451495243885,0.0
3162.4609727535917,0.0
2906.6041195979856,0.0
2582.972646661791,0.0
3145.6910426310837,0.0
2779.499295463758,0.0
2754.532667521116,0.0
2974.392838146312,0.0
3315.9112889883895,0.0
2447.5312228818607,0.0
3494.7904686420075,0.0
2479.776381206069,0.0
2781.196708092842,0.0
2877.696938026319,0.0
2810.819374159498,0.0
3418.9456424906953,0.0
4412.767186876818,1.0
3166.6815373804366,0.0
2931.2093173082226,0.0
2717.9699869669957,0.0
3502.4309364554547,0.0
2211.1788960855456,0.0
2677.218955897468,0.0
2432.7602922820256,0.0
2963.320700368341,0.0
3112.5308347634027,0.0
2628.5212349718427,0.0
3393.1009794949614,0.0
2911.845848734277,0.0
3540.684906113988,0.0
3516.937635451982,0.0
3818.5213052692366,0.0
3351.5839217791054,0.0
3855.698991995592,0.0
3566.8988030332384,0.0
3117.2113953319185,0.0
3616.8841591689156,0.0
4226.655868364242,0.0
3268.181955355085,0.0
3346.5446606931396,0.0
3584.7564465402056,0.0
3266.947926399124,0.0
3874.156466962523,0.0
3467.483451921001,0.0
4068.80192394854,0.0
3496.3369066652076,0.0
2991.710275593272,0.0
3474.9020928846,0.0
3130.355017161364,0.0
3132.919206524427,0.0
3570.4396626656894,0.0
4009.3394337575437,0.0
3720.664181797838,0.0
3924.644826481243,0.0
3886.407272838138,0.0
3638.5302021912457,0.0
2868.829950088551,0.0
4059.174521418912,0.0
4591.045336817447,0.0
3865.5140652110417,0.0
3501.5399796278407,0.0
3785.439881694374,0.0
3617.9591645334667,0.0
3977.6820049630837,0.0
4383.865336646017,0.0
4490.287715692542,0.0
4300.239749044411,0.0
3916.1115448252517,0.0
4694.369448621775,0.0
4925.575054821635,0.0
5399.333500087374,0.0
4336.743001991834,0.0
4833.627068507814,0.0
5240.869356727382,0.0
4805.80006139821,0.0
4965.544003472363,0.0
5000.603530393782,0.0
4802.607961814814,0.0
5058.747324059273,0.0
5492.738840409851,0.0
5438.352271841691,0.0
5049.429037775221,0.0
4335.989302928307,0.0
5002.9688492842815,0.0
5208.861218793163,0.0
4343.577086441772,0.0
6193.774770603612,0.0
5002.099873211959,0.0
5044.980042252042,0.0
6133.27720004995,0.0
4849.518551590383,0.0
5829.880655164921,0.0
5470.885337541212,0.0
5681.578466786352,0.0
5755.366343237374,0.0
5232.145945934322,0.0
5243.494285736744,0.0
4554.93876067063,0.0
5318.268285611833,0.0
5830.152676614783,0.0
5792.729939836814,0.0
6477.967437144023,0.0
5685.585581984344,0.0
5744.944259648655,0.0
5519.103129240946,0.0
5230.125014806857,0.0
5698.7064170939975,0.0
5617.604111967366,0.0
5627.084155013066,0.0
5196.475108447837,0.0
5605.017387614786,0.0
5810.377293139747,0.0
5789.888759083827,0.0
5497.473164753475,0.0
5336.2660483781765,0.0
5668.131391487837,0.0
5765.93979354912,0.0
5443.83617028872,0.0
5298.947892165079,0.0
5105.090763509659,0.0
5172.15567054944,0.0
4687.790525659941,0.0
5088.92752514974,0.0
5757.49913333226,0.0
5864.834234219079,0.0
5154.23996136548,0.0
5658.354695304058,0.0
5610.530752839148,0.0
4987.475481141408,0.0
5991.138935963517,0.0
4898.800842915848,0.0
5028.825426229829,0.0
5727.9978326849305,0.0
5279.201776361229,0.0
5502.157259920637,0.0
4990.076543739058,0.0
5155.659046694597,0.0
5799.520023632527,0.0
5711.758795013716,0.0
5443.220235529927,0.0
5165.654425044527,0.0
5131.174538606168,0.0
6360.473369909447,0.0
5604.790858139855,0.0
5879.350062642687,0.0
5869.201936199477,0.0
5846.329695080807,0.0
5551.813404589758,0.0
4976.510041363028,0.0
4937.033407939529,0.0
5444.72158418288,0.0
4572.323874859351,0.0
5214.938536631321,0.0
4701.432295103082,0.0
4618.979366005113,0.0
4564.752338799982,0.0
4743.4340656784425,0.0
5009.658185562974,0.0
4941.563444985072,0.0
4777.912138582551,0.0
5259.28279977683,0.0
5406.724175028841,0.0
4888.67072956348,0.0
5032.7437554585595,0.0
4825.145627240001,0.0
4451.9256690455395,0.0
4331.109899362531,0.0
5437.77472234124,0.0
5031.979245085469,0.0
4950.33022013328,0.0
4594.328898453041,0.0
4574.442589973913,0.0
4530.784721217021,0.0
4348.451656443722,0.0
4489.9036604743105,0.0
3901.0547379390323,0.0
5207.939733660851,0.0
4596.055965139361,0.0
4290.5344732722,0.0
4893.487505860619,0.0
4084.35932875923,0.0
5002.5000967219385,0.0
4206.685425576099,0.0
3475.1219710745413,0.0
4879.130155842928,0.0
4868.816213099737,0.0
4253.873170584664,0.0
3988.0158395031785,0.0
3908.1380517233797,0.0
4546.529927289988,0.0
3835.8477799906996,0.0
4167.685248851477,0.0
4594.156109688897,0.0
4698.436651824574,0.0
4057.7134158971603,0.0
4163.874252595764,0.0
4264.99588142619,0.0
4758.164689582545,0.0
3646.9966476818217,0.0
3269.532327331361,0.0
3257.380193039542,0.0
3980.516922133598,0.0
3724.284856738113,0.0
4100.669140346162,0.0
3847.443697869575,0.0
4007.433338225325,0.0
3804.63175480675,0.0
3809.8190222002527,0.0
3435.52392370094,0.0
4085.09920864544,0.0
3343.1441645591935,0.0
3700.496839864041,0.0
3380.454472088289,0.0
3825.9617047420556,0.0
3521.014418897644,0.0
3005.4074395144717,0.0
2987.7071966504714,0.0
2810.13713673883,0.0
2075.1365895391573,0.0
3417.954878294539,0.0
3165.243879336744,0.0
2371.654623885011,0.0
2873.3017617585397,0.0
2800.9821384764864,0.0
2174.2750894575984,0.0
3100.9148818659523,0.0
2563.6265474891093,0.0
2810.537888108753,0.0
2872.7839950968546,0.0
2350.969714870978,0.0
2302.105901076658,0.0
2661.4052613868907,0.0
2872.776469808353,0.0
2678.250628222034,0.0
2784.6424749896396,0.0
2529.849293570316,0.0
2704.882822389241,0.0
1992.0611453557,0.0
2843.897625919355,0.0
2197.276518766646,0.0
2198.1432649410663,0.0
2213.2656133299342,0.0
1651.5699524251684,0.0
2316.323438542165,0.0
2081.245113519233,0.0
1978.9194087121584,0.0
1927.8380493210425,0.0
2687.4166634703547,0.0
1784.5507906204052,0.0
2272.988051850139,0.0
1352.0543448888143,0.0
1895.7319867835715,0.0
1853.7950178900137,0.0
2597.6853546670654,0.0
1700.7345648593787,0.0
1850.7617874618704,0.0
1670.1276096287775,0.0
2249.5945666157995,0.0
2612.2783822430088,0.0
1884.4006502370023,0.0
2066.7279803098354,0.0
2617.925091958911,0.0
1892.3580871020097,0.0
2511.9799545229544,0.0
2531.1422354885717,0.0
1827.1794226438174,0.0
2646.4979866509357,0.0
2622.9145322518693,0.0
2179.6162983468867,0.0
1940.8483914990986,0.0
2257.4224556427316,0.0
2714.7171122587524,0.0
2130.910974049915,0.0
1791.5768245792406,0.0
2331.884606978689,0.0
2687.6932184231396,0.0
2016.8863194423598,0.0
2266.936209790707,0.0
2048.8161253924145,0.0
2670.0733328566807,0.0
2499.5917914656775,0.0
2564.924464423205,0.0
2382.7000567917294,0.0
2272.641259509311,0.0
2984.2630407427937,0.0
2849.1272051691385,0.0
2776.2116653497546,0.0
1716.7643049773615,0.0
2449.741586381564,0.0
3219.6252085687315,0.0
2941.2777120784936,0.0
2796.2717905704276,0.0
3109.0985707349155,0.0
3058.1877576224524,0.0
2939.1720872784535,0.0
3226.207655529289,0.0
3632.506342388837,0.0
3586.4822468046755,0.0
3716.6784459685455,0.0
3294.51740011681,0.0
3646.3548152241156,0.0
2915.4900197466786,0.0
3147.650678365445,0.0
4134.232509655197,0.0
3488.1255388985255,0.0
3530.0680375690094,0.0
3576.946530302557,0.0
4104.339621882724,0.0
4624.292692489274,0.0
4050.750018042193,0.0
3845.5779045997333,0.0
4616.860061742134,0.0
3624.7818189282916,0.0
4461.497906116013,0.0
3938.302830383833,0.0
3758.751923594033,0.0
4604.380236498713,0.0
3442.069548239292,0.0
4016.948038059454,0.0
4060.4619702395257,0.0
3821.4933783466067,0.0
3425.3158440429966,0.0
3820.1828100420166,0.0
3524.3320464622066,0.0
4924.462522104125,0.0
3703.217431385124,0.0
3646.5797811476446,0.0
4801.110829763943,0.0
5018.703695997102,0.0
4652.176631262282,0.0
4679.519704212612,0.0
5046.596042566893,0.0
5319.865601013842,0.0
4270.188729264462,0.0
5453.61967710616,0.0
4972.096929195202,0.0
4696.793647922694,0.0
5412.289672756842,0.0
5320.881803979712,0.0
5577.787664662292,0.0
4926.393581942332,0.0
5225.987125123133,0.0
5075.554722869823,0.0
4804.2968075880835,0.0
5756.266864224523,0.0
5091.343417712333,0.0
5142.444442606202,0.0
5372.0046490395725,0.0
5339.730393333122,0.0
4851.853306041993,0.0
5213.161688741952,0.0
6298.1035736107115,0.0
5345.366844165641,0.0
5387.598294280329,0.0
5662.677003089341,0.0
5554.116189003681,0.0
5335.01188035571,0.0
5148.16941492025,0.0
5853.820749071249,0.0
5707.940029772459,0.0
5845.92105524539,0.0
5462.9705168336295,0.0
4976.5639117883,0.0
5711.28102661628,0.0
6552.206029549999,0.0
5163.392301929699,0.0
5336.474229058329,0.0
5209.584699265859,0.0
5668.5201235303975,0.0
6187.470302151369,0.0
5630.375680962659,0.0
5698.9477269252475,0.0
5321.016714130878,0.0
5803.802235233628,0.0
6147.0566456401375,0.0
6471.835109177329,0.0
6231.155791446257,0.0
5323.161302159118,0.0
5335.35800570978,0.0
5615.094751948671,0.0
5379.577343511861,0.0
5469.081036593051,0.0
4881.527104743501,0.0
5076.468651004792,0.0
4989.326168301351,0.0
4971.483132126541,0.0
4919.738799442663,0.0
5010.755409244912,0.0
5248.358956851122,0.0
5458.666888740661,0.0
4915.455852684572,0.0
4658.383046619043,0.0
5637.938916982752,0.0
5280.2597211626035,0.0
5148.779278147973,0.0
5485.933827980753,0.0
4384.099157603674,0.0
5340.826209255636,0.0
4907.429014070516,0.0
4657.367533827415,0.0
4853.146332183134,0.0
4621.027668161414,0.0
4529.416607537334,0.0
3970.387136917704,0.0
4667.420673284885,0.0
5032.148150632676,0.0
4872.109013779428,0.0
4146.966743220178,0.0
4014.251114710708,0.0
4085.996526381248,0.0
4400.679434514038,0.0
4596.140174830377,0.0
4176.081213204807,0.0
4287.212819181668,0.0
3950.043200719877,0.0
4214.078978816286,0.0
4427.242877841905,0.0
5168.205791287686,0.0
3799.225862336337,0.0
3651.2546357261954,0.0
3907.9643073573766,0.0
3673.9899209617456,0.0
4013.691692331896,0.0
3980.8446529596945,0.0
4187.030868206735,0.0
3438.6536071987075,0.0
3423.1673937459664,0.0
4388.048308249903,0.0
3976.825739920162,0.0
3526.4299976138,0.0
3326.3166897883443,0.0
3588.230035050797,0.0
3965.128255482762,0.0
3635.664129269464,0.0
4384.67240197938,0.0
4062.791231475321,0.0
3901.2256592118147,0.0
3680.951871675591,0.0
3654.503533340093,0.0
3777.113259785613,0.0
4112.20184157905,0.0
3287.892892212143,0.0
4240.398433365808,0.0
3579.7890025649904,0.0
3830.393697477709,0.0
3512.8357494233096,0.0
3017.356843098576,0.0
3488.721809699404,0.0
3103.377651477169,0.0
3601.1653168775792,0.0
2977.475326132795,0.0
2493.524990883514,0.0
2912.8929825246228,0.0
2878.606856887376,0.0
2651.5367239490342,0.0
2948.228858077179,0.0
2794.5866697181496,0.0
2946.96143777956,0.0
3081.115539602992,0.0
2629.88438006626,0.0
3193.399722370389,0.0
3006.878712223654,0.0
2864.622507897775,0.0
2014.7879234302454,0.0
2732.4277403320903,0.0
2623.230395856483,0.0
3113.205402787419,0.0
3184.301590811784,0.0
3111.9763593565895,0.0
2361.271208096755,0.0
2353.3959959371623,0.0
2705.976420727507,0.0
2454.208594207527,0.0
2137.9627599840323,0.0
2993.625619301014,0.0
2833.842034352061,0.0
2914.268363713426,0.0
2251.870933893289,0.0
2667.459354464942,0.0
2472.7028481769066,0.0
2702.243523710781,0.0
3082.020394482623,0.0
2703.6589129584972,0.0
2748.327231362427,0.0
2526.495102445146,0.0
2481.823066127661,0.0
2581.122806223496,0.0
3511.208940368301,0.0
2663.963799912334,0.0
2504.2837086867276,0.0
2514.725628895704,0.0
2975.172090915279,0.0
2895.728233920141,0.0
3138.335626864143,0.0
2846.105424637574,0.0
3163.165285497461,0.0
3122.1163225127398,0.0
3366.0740414516417,0.0
3086.826023280204,0.0
3416.2133024004397,0.0
3002.207247398456,0.0
3383.440327119316,0.0
3116.828232784597,0.0
2946.406458109615,0.0
2880.9160063606278,0.0
2976.2293333422163,0.0
3092.498298659692,0.0
3483.165733393639,0.0
3279.137502066305,0.0
3093.9278446128537,0.0
2911.9812814075167,0.0
3916.934595234823,0.0
3201.6885808500388,0.0
2862.868228731807,0.0
3076.181805586712,0.0
3402.527320141402,0.0
3807.672875074612,0.0
3505.5238301089994,0.0
3496.9234334722787,0.0
3221.291319091168,0.0
3915.098892874946,0.0
3804.7913501745397,0.0
4066.941112185327,0.0
4392.017264756198,0.0
3821.8700187689033,0.0
3579.443552435576,0.0
3329.065117748605,0.0
3323.025513268995,0.0
3345.313910590954,0.0
3734.951466323091,0.0
3216.789966134531,0.0
3152.584924778121,0.0
3687.5890623251516,0.0
4466.075984284809,0.0
4155.882087525415,0.0
3860.73030186274,0.0
4427.713447053179,0.0
4096.62068402375,0.0
4329.173231882928,0.0
4544.336643548867,0.0
4839.432462921018,0.0
4841.477116798789,0.0
4985.389037588408,0.0
4913.902911554698,0.0
