12.0905494965472,0.0
623.2288557652403,0.0
699.8071063937805,0.0
1312.1455517397148,0.0
1920.3675493182764,0.0
1462.9663444608768,0.0
1539.917790846344,0.0
1082.3904851412385,0.0
623.484340095167,0.0
1227.9429630083655,0.0
768.692315131245,0.0
1370.3294828284875,0.0
905.418992807522,0.0
438.32753719109655,0.0
507.0435921010625,0.0
569.4205634477927,0.0
98.46649433473499,0.0
-373.60109235540244,0.0
-316.3068606060324,0.0
-261.35970439437233,0.0
324.39620828649527,0.0
-157.91111211749262,0.0
421.88959732396506,0.0
465.1656686473152,0.0
1043.0568581746024,0.0
1614.94988856374,0.0
1652.0569833235002,0.0
1685.12407304061,0.0
2250.2176116332075,0.0
2279.7122472185274,0.0
2306.3052232089376,0.0
2860.112132879105,0.0
2880.2848882248845,0.0
3429.105316864563,0.0
2908.843958736785,0.0
3453.0273376660125,0.0
3460.6621921294327,0.0
3998.19588966893,0.0
3468.3849366354725,0.0
2934.1134538168953,0.0
2396.3171263580866,0.0
2921.643066182945,0.0
2379.973061664997,0.0
2366.997499682787,0.0
2882.757032614015,0.0
2331.8734560659973,0.0
2844.6392366209247,0.0
2821.596891521395,0.0
3327.388485429862,0.0
3300.0758393367923,0.0
3268.9870599991523,0.0
2702.5746090224147,0.0
2136.0175151680874,0.0
2097.6220404114774,0.0
2593.9518185502848,0.0
3086.4798396577926,0.0
2509.260481886775,0.0
2464.749229962135,0.0
2953.6881898745823,0.0
2906.4123782549223,0.0
2861.2001844476827,0.0
2809.963126715952,0.0
2760.9813276154923,0.0
2177.238601335355,0.0
2657.9236220844823,0.0
3139.8063472491194,0.0
3618.396511545892,0.0
3569.4335181333104,0.0
4048.3911835740437,0.0
3465.5532601514005,0.0
3411.782956863163,0.0
3891.4482079553027,0.0
3841.5018812943367,0.0
3256.7104390454015,0.0
3206.482158233258,0.0
3691.5915223950847,0.0
3110.2562661335314,0.0
2531.2471238594467,0.0
1953.1423825176494,0.0
1375.7019357817899,0.0
1333.0607638330398,0.0
1825.0663068623765,0.0
2319.7113106093484,0.0
2812.2132518594876,0.0
2246.3336262898997,0.0
2745.3400619805357,0.0
2182.340129655478,0.0
1619.5206230467243,0.0
1061.11019569516,0.0
1569.5555849696689,0.0
1014.6451018435478,0.0
1530.0807650723123,0.0
1513.801876820974,0.0
2032.4367640994913,0.0
2022.6208073128666,0.0
2013.7331352627177,0.0
2539.516751394635,0.0
2005.5838840525037,0.0
2005.8443980262657,0.0
2543.0810038687396,0.0
2017.2409199418837,0.0
2027.8154164848197,0.0
1507.2048560092335,0.0
991.6366419432095,0.0
1009.7905995050751,0.0
501.5885678590845,0.0
1058.0747318306962,0.0
553.5777518447932,0.0
583.8724422453237,0.0
86.2824451935594,0.0
-412.0870507168634,0.0
160.001173281154,0.0
203.946442869298,0.0
-286.0112909395114,0.0
294.333197189737,0.0
-188.6112335714754,0.0
-136.26661321581742,0.0
450.99151494574096,0.0
1041.2466990460605,0.0
567.0456384769931,0.0
95.25675061538459,0.0
160.20064493239465,0.0
-308.99636232790783,0.0
290.32333889403355,0.0
-173.86648613096781,0.0
-103.22560805252601,0.0
-565.3905830102124,0.0
-1025.4760417832197,0.0
-419.93233369126233,0.0
-877.5709201034097,0.0
-269.1382734027525,0.0
338.9889530656751,0.0
416.88635328577516,0.0
1024.6566714313426,0.0
1636.61544045066,0.0
2245.0799526799274,0.0
2856.656368428785,0.0
2934.072714793665,0.0
2478.7551360951275,0.0
2023.7699286545603,0.0
1565.8066645005624,0.0
1644.7191503357826,0.0
1184.3095701918753,0.0
727.0093167142975,0.0
266.7891105498202,0.0
871.5708477104274,0.0
1477.5016321607052,0.0
1011.8953903655477,0.0
545.4850920287204,0.0
78.33585813025229,0.0
677.0095658907803,0.0
738.6198336290504,0.0
1330.9696306558174,0.0
855.7046782324901,0.0
378.27308831922255,0.0
964.6799533545905,0.0
1550.3493282754578,0.0
1597.2487531812083,0.0
1642.445971106528,0.0
1689.027979825148,0.0
1728.2139299600678,0.0
2298.0122922125547,0.0
2866.9588522735326,0.0
3431.57532422906,0.0
2926.7745274185327,0.0
2423.3660223393154,0.0
2444.293247759875,0.0
2463.520948864526,0.0
2482.1904514255857,0.0
2496.913951874445,0.0
1977.7741774146682,0.0
1451.3133209507105,0.0
1456.9871964870304,0.0
926.1923190679022,0.0
925.2944807403524,0.0
389.42060663255506,0.0
916.3439260498621,0.0
908.2769547790826,0.0
895.0569902863226,0.0
347.71121253311503,0.0
-204.9584541258323,0.0
309.5684267516849,0.0
818.548702143662,0.0
1324.1151086210302,0.0
1298.3580627661204,0.0
1267.611752216591,0.0
1769.5300412679878,0.0
1732.872220961818,0.0
1696.7509479044077,0.0
2190.4644014172154,0.0
1618.4284467690975,0.0
1577.1135662178974,0.0
999.9139106696502,0.0
956.5402320059102,0.0
1440.8204955787476,0.0
1926.0907786921655,0.0
2412.611485875763,0.0
1828.0589465968053,0.0
2311.759865751622,0.0
2259.9734973895024,0.0
2741.8224625747503,0.0
2691.17016309001,0.0
2106.285371441952,0.0
2584.64580049912,0.0
3062.9894516006875,0.0
3015.6403205060374,0.0
2961.9780055757574,0.0
2910.4601623851577,0.0
3391.6816652085545,0.0
3342.1061247579846,0.0
3292.183242301385,0.0
3244.5042959849243,0.0
3729.125687199802,0.0
3682.2528839058923,0.0
3107.489424100365,0.0
2532.3950729678677,0.0
1956.55590118943,0.0
1915.92343573131,0.0
2412.5669186041873,0.0
1843.40181967103,0.0
1807.88504215432,0.0
1777.95209531496,0.0
2280.4974889306677,0.0
2253.7209692312576,0.0
1695.6816944753698,0.0
1143.9308874031426,0.0
1654.85514833839,0.0
2169.2972337410074,0.0
2156.9478399247973,0.0
2678.231864268935,0.0
3201.0326742409325,0.0
2660.876317518335,0.0
2127.788807870167,0.0
2129.2048946809773,0.0
2131.7574487988977,0.0
2670.490403501075,0.0
2680.342821476395,0.0
3223.3992958414524,0.0
3773.5073461388897,0.0
3790.6553062849894,0.0
3812.6217287587197,0.0
3837.18755646479,0.0
4396.166717492048,0.0
4957.783458920524,0.0
5525.435624721762,0.0
6090.730735640029,0.0
5598.261411330072,0.0
6172.5483374469295,0.0
6216.725195600219,0.0
6797.2016117408575,0.0
6312.965300394699,0.0
5832.344179924872,0.0
5353.351166636255,0.0
5409.533947403024,0.0
4936.440021324488,0.0
4997.537426702127,0.0
5056.624897804308,0.0
4591.52950100572,0.0
5190.211511459048,0.0
5789.946462320105,0.0
5860.803052087365,0.0
5397.7659733209375,0.0
5470.052081262747,0.0
5011.94399766439,0.0
4554.584891655382,0.0
5160.99016375517,0.0
5768.913227497487,0.0
5844.795069177228,0.0
5922.787775042188,0.0
6532.250796548395,0.0
7143.210570215192,0.0
7221.6192378577325,0.0
7830.64519576175,0.0
7379.023964053653,0.0
7986.235804998119,0.0
7531.2418233364715,0.0
7071.223946303366,0.0
7149.4789612093755,0.0
7221.744777011245,0.0
7297.2691046225955,0.0
7901.460565277763,0.0
7971.483966563202,0.0
7510.035324552455,0.0
7575.878285853045,0.0
7642.206848800433,0.0
7173.628027287288,0.0
6703.9150000235095,0.0
7298.668072429917,0.0
7889.197975892534,0.0
8478.613795336973,0.0
8531.181534939311,0.0
9116.12140345178,0.0
9697.698699437238,0.0
10275.195338704354,0.0
10854.951572425032,0.0
10361.995471079676,0.0
10401.160279842774,0.0
10437.083174413925,0.0
9936.370494217346,0.0
10498.695493364656,0.0
11059.544457958882,0.0
11614.29123562384,0.0
12171.011334034798,0.0
12186.763063755077,0.0
12736.481867329725,0.0
12748.409442661305,0.0
12756.029944032503,0.0
12229.961741238287,0.0
12764.000805783015,0.0
13298.002647675783,0.0
12763.247578431965,0.0
13289.092524318652,0.0
12747.272463506984,0.0
12735.564902089975,0.0
12721.901689691116,0.0
12173.414455637898,0.0
12152.204615895647,0.0
12130.325998349288,0.0
12104.401853278716,0.0
11546.42035886554,0.0
12050.302255081067,0.0
11486.12767062691,0.0
11451.516677891948,0.0
11412.84890894793,0.0
11377.267929822989,0.0
10804.878667631992,0.0
10229.978835612284,0.0
10187.392871414177,0.0
9609.168695029128,0.0
10097.337295149415,0.0
10581.717203844612,0.0
10532.161328369031,0.0
9951.480645111154,0.0
9370.485982162209,0.0
9850.532852932405,0.0
9267.593338672457,0.0
8683.36762795585,0.0
9162.872960625267,0.0
9642.810080587296,0.0
10122.913179271163,0.0
10071.999543990802,0.0
9485.690249813695,0.0
9435.490553535146,0.0
8851.400250088158,0.0
8799.143194859787,0.0
9283.126457690796,0.0
9769.531274012472,0.0
9720.998422186072,0.0
9675.782089167633,0.0
9631.997219391473,0.0
9055.590317935876,0.0
8480.387626943108,0.0
7907.38916300758,0.0
7335.934174754172,0.0
6768.751654096684,0.0
6200.851723941298,0.0
5634.30010925633,0.0
6137.950350887438,0.0
6108.554517605558,0.0
6085.058171384718,0.0
6592.525909482374,0.0
6043.687257388578,0.0
6024.2249673011775,0.0
6542.215264172315,0.0
6530.436810803654,0.0
6521.999175718394,0.0
7048.303771395922,0.0
7577.3402946183,0.0
8108.290026056126,0.0
8642.561342697196,0.0
9181.591927270933,0.0
9190.733817825403,0.0
8668.536469735856,0.0
9216.396473151073,0.0
9232.830566161232,0.0
9254.529952764333,0.0
9810.787747234379,0.0
9837.0101838314,0.0
10399.016836350718,0.0
9900.68934507051,0.0
10467.472888488688,0.0
10505.826112193849,0.0
10544.551510556455,0.0
10589.094231666888,0.0
11168.759046608035,0.0
11748.778818407962,0.0
11265.235632787424,0.0
10788.635870610338,0.0
10842.210788257456,0.0
11433.934946524094,0.0
10963.637250155207,0.0
10492.511106327038,0.0
11089.658445973808,0.0
11154.751838080188,0.0
10689.30594842558,0.0
10757.61744599633,0.0
10298.11264042112,0.0
9835.860530315316,0.0
10440.767035496265,0.0
10516.483533698913,0.0
10591.756209698382,0.0
10668.433639504423,0.0
10742.447696778683,0.0
10819.691347670992,0.0
10897.077525943232,0.0
10442.179651780765,0.0
10519.940850763654,0.0
10597.723870556067,0.0
11209.583420023502,0.0
10752.065134144104,0.0
11361.716854585573,0.0
11971.50226488566,0.0
12047.39429479145,0.0
12652.637692843178,0.0
12726.448318389517,0.0
13332.482388283235,0.0
12871.534732151058,0.0
12940.024849731948,0.0
13007.092416410667,0.0
13076.845444289207,0.0
12608.846144745099,0.0
12669.704472963509,0.0
12731.38367441609,0.0
13321.239385736546,0.0
13380.354382865877,0.0
13968.504119992755,0.0
13484.821619545457,0.0
14067.982798398914,0.0
14647.900430493413,0.0
15225.04109453988,0.0
14733.021426832503,0.0
14242.157722041124,0.0
14276.529789031634,0.0
14311.602717534684,0.0
14342.903131474905,0.0
14369.871914231424,0.0
13863.176785938816,0.0
13884.083069915618,0.0
14434.874817156044,0.0
14984.568675172482,0.0
15528.867792647849,0.0
15540.842501194289,0.0
16078.395936198007,0.0
15550.429143653419,0.0
15550.551881663709,0.0
15545.152739088519,0.0
15541.684586417789,0.0
16067.221183413076,0.0
15524.45497114008,0.0
15508.248537066818,0.0
14962.602392358982,0.0
14409.415162824884,0.0
14920.2243005509,0.0
14895.260900580162,0.0
15401.344008176338,0.0
14841.291466955692,0.0
14810.498637245044,0.0
14241.876573555233,0.0
14207.466642222194,0.0
13638.938027612257,0.0
14131.194587809454,0.0
13560.123392923868,0.0
13516.466428836828,0.0
13471.560414253447,0.0
13957.908928576324,0.0
14443.853033409012,0.0
14927.396603337038,0.0
14879.659380318839,0.0
14830.56415759512,0.0
15312.069281814547,0.0
15791.470321581226,0.0
16271.496351617132,0.0
16220.919971714813,0.0
16701.78822884358,0.0
17182.969255432967,0.0
17660.664142883026,0.0
18142.945353883562,0.0
18623.78606471556,0.0
18573.639980024178,0.0
19054.551902787498,0.0
19004.552246226776,0.0
19487.603771708185,0.0
19440.537446252143,0.0
19394.181005489183,0.0
19351.693752813626,0.0
19840.61696098672,0.0
19263.208928825494,0.0
19754.395112631893,0.0
19714.730764424083,0.0
19680.386464619984,0.0
19643.959421819032,0.0
20147.21592346344,0.0
19580.95693471741,0.0
20086.34967679114,0.0
20596.837165801488,0.0
20568.591367592508,0.0
20549.234451481727,0.0
20529.672094063128,0.0
21048.261214867245,0.0
20501.747056088978,0.0
19960.2121524737,0.0
19952.79944052234,0.0
19415.183370997453,0.0
18882.583794144015,0.0
18352.735618059916,0.0
18358.08913152581,0.0
18362.880061696997,0.0
18374.77793594268,0.0
18389.983101962847,0.0
18937.114974591856,0.0
18422.935676567336,0.0
17914.75809733899,0.0
17940.51998235094,0.0
17970.27274979854,0.0
18534.060166565498,0.0
18569.213065240907,0.0
19138.489559193295,0.0
19711.985607644492,0.0
19754.064758343884,0.0
20333.67561459298,0.0
20912.377373510997,0.0
20963.942403087916,0.0
20483.13014813791,0.0
21072.09673792602,0.0
21661.952620042524,0.0
22252.568638639794,0.0
22848.401616349496,0.0
23445.952896612718,0.0
24043.505186986164,0.0
24642.72857348529,0.0
24710.1571008685,0.0
24250.164331537373,0.0
23788.06781023396,0.0
24392.931838843284,0.0
25001.51174216535,0.0
25073.95492558548,0.0
24618.117282139974,0.0
24162.874138732965,0.0
23706.524810285417,0.0
23250.358895965983,0.0
23327.854883532804,0.0
22873.779107012473,0.0
22419.081437884637,0.0
23028.764269546275,0.0
23639.95481360535,0.0
23182.854128652565,0.0
23258.528776849267,0.0
22802.783063241277,0.0
22874.813166621567,0.0
22418.61404117565,0.0
23024.003315778697,0.0
23094.742412991218,0.0
23696.541666581303,0.0
24298.47172096265,0.0
24900.020193226537,0.0
25495.609057187106,0.0
25024.887442460906,0.0
24556.95357461916,0.0
25147.693198705267,0.0
24672.405478767872,0.0
24194.176011907726,0.0
23715.5055880484,0.0
23766.53192980105,0.0
24345.630409806217,0.0
24923.41695362865,0.0
24967.68420192798,0.0
24473.597608264732,0.0
23978.168256924688,0.0
24544.539062998723,0.0
24577.438053052058,0.0
24604.002395595067,0.0
25163.947391602982,0.0
24653.849281128576,0.0
24139.524833068856,0.0
24157.368764822735,0.0
24171.01549445076,0.0
24181.091486610567,0.0
24190.011424155866,0.0
23657.89947986641,0.0
24192.765589709426,0.0
24191.069266863356,0.0
24720.786711335346,0.0
25247.48149263189,0.0
24704.819675970582,0.0
24158.072203329946,0.0
24142.747688171126,0.0
24123.323236317377,0.0
24635.507685864264,0.0
24079.258784775397,0.0
24584.678325458903,0.0
25089.31877589907,0.0
24526.173876044366,0.0
25027.378324711,0.0
24989.929763516662,0.0
24951.834582472853,0.0
25448.396950284936,0.0
25938.710914317777,0.0
25896.732923147516,0.0
25321.578103229018,0.0
25274.580015388918,0.0
25228.371987566155,0.0
25715.004123025086,0.0
25665.187227809234,0.0
25082.859766542846,0.0
24499.06616750136,0.0
24979.495190664817,0.0
24927.474974871537,0.0
24876.727785489216,0.0
25359.302425990238,0.0
25837.791740862565,0.0
26318.063897340588,0.0
26266.171663924957,0.0
26746.32389928616,0.0
26694.06931483432,0.0
26114.92969748974,0.0
26594.550867800568,0.0
26545.69524749828,0.0
25963.65265382066,0.0
26450.98201632783,0.0
26405.459007138852,0.0
25828.74403743415,0.0
26317.21653592767,0.0
26279.851022496558,0.0
26773.248307697955,0.0
26734.879421560327,0.0
26165.18885266141,0.0
26133.78291869132,0.0
25569.19821860006,0.0
25540.37378858427,0.0
25515.67684471615,0.0
25489.16305956206,0.0
24935.901295010433,0.0
24916.902048315213,0.0
24901.550494133822,0.0
25419.184705071508,0.0
25942.07631536095,0.0
25403.18244406745,0.0
24865.508208676412,0.0
25394.75379018188,0.0
25929.93066146878,0.0
25398.38605727239,0.0
24874.928421344106,0.0
25418.62807777846,0.0
24897.742373041703,0.0
24914.461908499616,0.0
24932.014804787024,0.0
25489.15510771293,0.0
25511.54460218596,0.0
25541.11113214912,0.0
25572.13837302138,0.0
25073.7026973132,0.0
25642.08125607451,0.0
25684.18948279343,0.0
26255.6998912549,0.0
26834.815103929534,0.0
26879.053767070556,0.0
26399.35502348149,0.0
25919.65784078862,0.0
25440.209911533693,0.0
25498.996485363034,0.0
25557.784289564373,0.0
26152.24606773645,0.0
26746.20254214271,0.0
26811.11187770128,0.0
26344.495021685667,0.0
26946.930117022122,0.0
27548.400873966617,0.0
27089.11184570085,0.0
27161.02062041958,0.0
27769.377300757074,0.0
27840.668387049776,0.0
27918.503391243055,0.0
27993.011519386986,0.0
28601.474338051266,0.0
29213.34223924239,0.0
29288.890798192842,0.0
29899.58128503325,0.0
29445.061667796523,0.0
28991.050385760995,0.0
29599.812264716,0.0
29146.286749997264,0.0
28687.875662026025,0.0
29297.668195992737,0.0
29372.575556530654,0.0
29977.997964948103,0.0
30584.193964230002,0.0
31188.322875468417,0.0
30727.784351462244,0.0
31329.953224360368,0.0
30862.172028882844,0.0
30397.26518515434,0.0
29927.572716108105,0.0
30520.25653078028,0.0
30581.42798908546,0.0
30640.478213937204,0.0
31228.361342240743,0.0
30746.475442890922,0.0
30267.795094655965,0.0
30848.860697557982,0.0
30893.73775979008,0.0
30403.945599521565,0.0
30447.124847507068,0.0
29950.211910353748,0.0
30517.802133339665,0.0
31081.34389480698,0.0
31110.27927406528,0.0
30603.725674065365,0.0
30095.482889169543,0.0
30117.520048410446,0.0
29602.56843532603,0.0
29616.61072012343,0.0
29627.54540266523,0.0
29101.60881848491,0.0
29638.39236586843,0.0
29641.47632117533,0.0
30171.200264546045,0.0
29636.986514899232,0.0
29632.333353159127,0.0
30153.904915051546,0.0
29609.97450126723,0.0
29061.71149119811,0.0
28510.085624994193,0.0
28492.205478189295,0.0
27934.826668576578,0.0
27908.476125705878,0.0
27349.074104896157,0.0
27849.900403763477,0.0
27819.88361689108,0.0
27252.40488503976,0.0
26682.40697784914,0.0
27176.39378761246,0.0
27137.54036841316,0.0
27626.160019101677,0.0
27050.10039864206,0.0
27539.096571815156,0.0
28024.479272206914,0.0
27445.730804497216,0.0
26863.409859966978,0.0
26815.256427864948,0.0
26231.614205618804,0.0
26177.851417,0.0
26659.79749059726,0.0
26077.87793683212,0.0
26025.084904102267,0.0
25438.522020083416,0.0
25385.855362746184,0.0
25868.704285629112,0.0
25282.454544585376,0.0
24701.109974824256,0.0
24650.29661335098,0.0
25129.599139325102,0.0
25613.593997965247,0.0
25564.97533182222,0.0
26052.391817289026,0.0
26537.183751184326,0.0
27024.567159042104,0.0
26985.661843079804,0.0
27475.89638075934,0.0
27436.10496190449,0.0
27929.462437313872,0.0
28426.913446370927,0.0
27861.22638942512,0.0
27827.76245919018,0.0
28332.206986902893,0.0
27772.9647065143,0.0
28282.556678362205,0.0
28792.097831139774,0.0
28773.331139973256,0.0
28222.853405366943,0.0
27674.988996500128,0.0
28197.113579647525,0.0
28187.383982423176,0.0
28184.452767085666,0.0
27649.74459580743,0.0
27648.611378690723,0.0
27118.427979919703,0.0
26594.229897935635,0.0
26070.028819411928,0.0
25549.270138618456,0.0
25566.1582256607,0.0
26115.258591941736,0.0
25605.973427598175,0.0
25095.772247600562,0.0
25656.936167535416,0.0
25155.11293382124,0.0
25718.633441133185,0.0
25756.36911151321,0.0
25262.066580987732,0.0
25836.980780728845,0.0
25879.72971642032,0.0
25394.663040105843,0.0
25978.079936552997,0.0
26561.269884870257,0.0
27148.700067655715,0.0
27204.123347922214,0.0
27794.56040267072,0.0
28388.91310328173,0.0
28450.42794444353,0.0
29046.253191594653,0.0
29648.979907756526,0.0
30247.334679186282,0.0
29783.555552410515,0.0
29324.744276121077,0.0
29395.976471361173,0.0
28936.19084238589,0.0
29543.617595507276,0.0
29086.0829715713,0.0
28630.97300803187,0.0
28174.788693783295,0.0
28249.488703343995,0.0
28329.063223165293,0.0
28407.131518784692,0.0
29017.41836486471,0.0
29624.59098000363,0.0
29171.64401617591,0.0
29250.95333602871,0.0
28793.775420199894,0.0
28334.637367986277,0.0
27877.27760453996,0.0
27953.70916781266,0.0
28558.870087883577,0.0
28099.479126435657,0.0
27636.98560447264,0.0
28238.70241566196,0.0
27774.006768404142,0.0
28372.705687778758,0.0
28968.204808284878,0.0
28501.685380652358,0.0
28558.375615227356,0.0
28618.11926539016,0.0
28673.73890644926,0.0
29262.525362090277,0.0
29313.204241331576,0.0
29360.62889480038,0.0
28875.261435853456,0.0
29452.64674855958,0.0
29494.86650778648,0.0
30063.924337023793,0.0
30098.178287275492,0.0
30663.574148466112,0.0
30163.824170650892,0.0
29654.076250544575,0.0
29150.567893429456,0.0
28635.62883369464,0.0
28653.399081855743,0.0
28668.95790055004,0.0
28681.659355258842,0.0
28689.93489091724,0.0
28160.980341429025,0.0
28698.77859735304,0.0
28698.798300998744,0.0
28163.392101942623,0.0
28155.762359792025,0.0
28678.20080408064,0.0
28136.017494133324,0.0
28653.574222076044,0.0
28104.032396080525,0.0
27551.472723688606,0.0
27529.665665008408,0.0
27504.883915186107,0.0
27478.698099629306,0.0
27449.25707003991,0.0
26883.00753823759,0.0
27382.054800796806,0.0
27346.646534331005,0.0
27842.251304372625,0.0
28333.52896311934,0.0
28822.897241782957,0.0
28781.644429834458,0.0
28204.03597119294,0.0
28692.490989671158,0.0
29176.392360642578,0.0
28594.472054382157,0.0
28545.320376651158,0.0
27962.49122214864,0.0
27379.717087195026,0.0
27860.857880450843,0.0
28342.321337426656,0.0
28822.162689623976,0.0
28769.17548570798,0.0
28183.704176039057,0.0
28133.106113474558,0.0
27547.91887549584,0.0
26964.087299842726,0.0
26381.482907036305,0.0
26864.475904978925,0.0
27344.93961677984,0.0
27831.66614139406,0.0
27249.19432995134,0.0
26671.587194207925,0.0
27159.33153355284,0.0
27648.092530924456,0.0
27608.026521518157,0.0
41961.455072369354,1.0
27529.063591269158,0.0
27492.12148850256,0.0
27989.565183886778,0.0
27959.624102395377,0.0
27393.881345759957,0.0
26835.33355656774,0.0
27341.805638898157,0.0
26788.34618125984,0.0
27300.97626276556,0.0
27282.207836792957,0.0
27801.892696322975,0.0
28320.893209693495,0.0
28313.501652292394,0.0
28839.45636709371,0.0
29369.22014207803,0.0
29899.797529014548,0.0
30436.035550036664,0.0
29908.495680465945,0.0
29383.51810484063,0.0
28864.18718833691,0.0
28880.46749714951,0.0
28363.131700103593,0.0
27851.672451908376,0.0
27343.64328172416,0.0
26837.037579458643,0.0
26335.927950363024,0.0
26367.194174585526,0.0
26404.107411452824,0.0
26972.86223407504,0.0
27012.26920321864,0.0
26524.815996864723,0.0
27102.267865907343,0.0
27150.94597794294,0.0
27735.589976273357,0.0
27790.341717066556,0.0
27313.09370638914,0.0
27371.70691576504,0.0
26899.473679469625,0.0
27493.242760542744,0.0
27555.18146888694,0.0
27624.340826720443,0.0
27693.352478639143,0.0
27760.43888298024,0.0
28362.249883639357,0.0
27902.59263019224,0.0
27975.15538910184,0.0
28050.23159453204,0.0
28658.64398127026,0.0
28734.724885248957,0.0
28810.634170859157,0.0
28886.51779794576,0.0
29498.281532376677,0.0
29576.47647568438,0.0
30187.723846978493,0.0
29730.094606324277,0.0
30341.17232024409,0.0
30951.674985736412,0.0
31027.09155249961,0.0
30571.264904871994,0.0
31178.92625516261,0.0
30720.492175838197,0.0
31326.88102669401,0.0
31932.62235091433,0.0
32535.741998205245,0.0
32071.96619241573,0.0
31605.77383530801,0.0
32206.342162185327,0.0
31739.305907863607,0.0
31799.723831565512,0.0
32397.97702886683,0.0
32985.726132543045,0.0
32510.14365557363,0.0
33099.75891908345,0.0
33148.154283002346,0.0
32668.08753268473,0.0
32714.071239797726,0.0
32226.74551665001,0.0
31736.371598807993,0.0
32306.18629974581,0.0
31810.119321195194,0.0
32373.848358467512,0.0
32406.42835139951,0.0
32435.38952966511,0.0
31927.587664295093,0.0
32483.381526573212,0.0
31967.508798312894,0.0
31450.98321070608,0.0
30930.64902737456,0.0
30407.12158126974,0.0
30414.96800354054,0.0
30418.29332647494,0.0
30951.177851073655,0.0
30415.316652459544,0.0
30943.433898913758,0.0
30403.532983735742,0.0
30392.45719743034,0.0
30910.13005271816,0.0
30360.864389456445,0.0
29810.299692354627,0.0
29256.490567061206,0.0
29231.283616410008,0.0
29204.125783758405,0.0
29174.475660447508,0.0
28610.99488425909,0.0
28043.815313604773,0.0
28541.59121703719,0.0
28505.85373800319,0.0
28998.989959458508,0.0
28955.827343195408,0.0
29446.686824710225,0.0
29402.220458991625,0.0
29354.773849654524,0.0
29842.859704454342,0.0
29259.433563113627,0.0
28678.392880794105,0.0
28098.06164015149,0.0
28578.39263567381,0.0
29059.989512025822,0.0
29006.806523096027,0.0
29487.47017387274,0.0
29436.99398788404,0.0
29916.740726553056,0.0
29331.515567958042,0.0
29278.795443298943,0.0
28694.844296044124,0.0
29179.48935663684,0.0
29659.29491527816,0.0
29078.175597337642,0.0
29029.48445843864,0.0
28981.82042177274,0.0
28402.309475577524,0.0
28355.627988390726,0.0
27779.588834375707,0.0
27206.63213952899,0.0
26631.53758401647,0.0
26594.72653791977,0.0
26024.336518780656,0.0
25457.157837358736,0.0
25956.751000001954,0.0
25926.919716075958,0.0
25367.354294816636,0.0
25873.835196163956,0.0
26382.53260948097,0.0
26895.57547661469,0.0
26345.749947899974,0.0
26861.351906674987,0.0
26849.25839253469,0.0
26306.715619436673,0.0
26831.14845870089,0.0
26294.609094266772,0.0
26828.982651078688,0.0
26829.84789618379,0.0
26834.60267349129,0.0
26309.318896116572,0.0
25787.984954663953,0.0
26334.181781588675,0.0
25818.440315520456,0.0
26371.180452570374,0.0
25860.318506493553,0.0
26422.254696721175,0.0
26449.532892816474,0.0
27012.855978446787,0.0
27581.563615202307,0.0
27084.60622701549,0.0
27659.774639954005,0.0
27700.615859427206,0.0
27744.27736944971,0.0
28328.712901633924,0.0
28911.725376600443,0.0
29495.475764979055,0.0
29550.231766941455,0.0
30140.023424576077,0.0
30733.941217703294,0.0
30261.582797718078,0.0
30326.328130811977,0.0
30925.44133569749,0.0
30460.792645276477,0.0
30527.95411649588,0.0
30066.363183281057,0.0
30138.386636076757,0.0
30212.71017434066,0.0
29751.38676455264,0.0
29293.047780502427,0.0
29901.112514415043,0.0
29447.321738434322,0.0
29523.649253209827,0.0
30134.42171285624,0.0
30743.71607501396,0.0
30821.993904273357,0.0
30366.96519456464,0.0
30976.931727424155,0.0
30520.978053269144,0.0
30599.71321637144,0.0
30141.733852498626,0.0
30218.376584341924,0.0
29760.010058587308,0.0
29302.78448360759,0.0
29906.94266166701,0.0
29444.70242976929,0.0
28982.47390710817,0.0
28518.311246201956,0.0
28583.279650838856,0.0
28652.274904515856,0.0
28715.008195809354,0.0
28242.00462083654,0.0
28835.106267322553,0.0
28892.173525005353,0.0
28413.164568773835,0.0
28468.400828246537,0.0
29049.438056740255,0.0
29630.13583775267,0.0
29675.44783501997,0.0
29716.484802872772,0.0
29756.110576455772,0.0
29794.08738631907,0.0
29828.822505284676,0.0
29859.555138192074,0.0
29355.916212606055,0.0
28848.32496684244,0.0
29403.519269659755,0.0
29420.967079318256,0.0
29972.02165861777,0.0
29451.328941735756,0.0
28929.405993740937,0.0
28404.503816747318,0.0
28407.283722683816,0.0
28942.759016356536,0.0
28408.20322681422,0.0
28403.36869196762,0.0
27863.492867816803,0.0
28387.58396553072,0.0
28371.979904192718,0.0
28889.769567395637,0.0
28336.395449690717,0.0
27784.460187161305,0.0
27228.357564557788,0.0
27204.252175808782,0.0
27173.218821086084,0.0
27675.079026292402,0.0
27641.5365577787,0.0
27607.9986515513,0.0
27571.862504605302,0.0
28063.10224925832,0.0
27490.510758279503,0.0
26917.277985084787,0.0
26871.251453696485,0.0
27359.8165711135,0.0
27845.42215732442,0.0
27263.282624479503,0.0
26684.325491689884,0.0
27166.7032557622,0.0
27114.862070415304,0.0
26530.667740898883,0.0
27012.0910488394,0.0
26961.261431748804,0.0
26375.044931503784,0.0
26854.003987408203,0.0
26270.890417707185,0.0
26219.757776408187,0.0
26166.126135533887,0.0
25583.242212366567,0.0
26064.257360968986,0.0
26548.356245063704,0.0
25966.581546928184,0.0
25918.773831213384,0.0
25871.437994763884,0.0
25293.301070673067,0.0
25783.425938145087,0.0
26272.739416814104,0.0
26231.5916857599,0.0
26189.480310458704,0.0
26154.215091228303,0.0
26121.040895036902,0.0
26619.34232141692,0.0
27120.204396315337,0.0
27092.333227709438,0.0
26533.54231997582,0.0
25977.0218118325,0.0
25424.16404222288,0.0
25406.535008718987,0.0
25922.619142576405,0.0
25909.645517192304,0.0
26430.22601596562,0.0
25891.223740989302,0.0
25352.113397678382,0.0
24818.599470295965,0.0
25354.709466802982,0.0
25889.2818009428,0.0
26428.76360664232,0.0
26971.274616546834,0.0
26985.850712611238,0.0
27003.42622158304,0.0
27020.985146922238,0.0
27042.562946591937,0.0
26537.536543038717,0.0
26562.86352318152,0.0
27128.461155284138,0.0
27160.88283315814,0.0
27197.088756613935,0.0
27238.914916644437,0.0
26745.61439042692,0.0
26792.07173411812,0.0
26307.359304817903,0.0
25824.378427004383,0.0
25875.682595058184,0.0
25931.525743659782,0.0
25987.712412791985,0.0
26583.045248270402,0.0
27173.17741009422,0.0
27236.20453730962,0.0
27836.720588378037,0.0
28436.375077057157,0.0
28503.741547736056,0.0
28573.695866792455,0.0
28645.964579225754,0.0
28719.220290242854,0.0
28789.929039544055,0.0
29400.096857806173,0.0
28941.931066254852,0.0
28485.05348800774,0.0
29096.074447787356,0.0
29173.014803454054,0.0
29783.509378308972,0.0
29327.076293457754,0.0
28873.299707374335,0.0
28950.445412748137,0.0
29026.998265106035,0.0
29638.828939444455,0.0
29181.070396232637,0.0
29789.195617114558,0.0
29864.718452592853,0.0
29938.572018283656,0.0
29477.800334222236,0.0
30082.748936688757,0.0
30688.368727491572,0.0
30754.59923088867,0.0
31354.29391622829,0.0
30888.362762815173,0.0
30951.84492980357,0.0
31545.38665911829,0.0
31604.70339499259,0.0
31664.36333991049,0.0
32251.725284554406,0.0
32305.268012003406,0.0
31822.67486528039,0.0
31869.594201489388,0.0
32449.61847352711,0.0
32495.014035862703,0.0
32531.531626584307,0.0
32569.614710515307,0.0
32604.052046351906,0.0
33169.536743755125,0.0
32667.70976271201,0.0
32692.249988243406,0.0
33247.842466157825,0.0
33266.920738204324,0.0
33285.376957552624,0.0
33300.43087747163,0.0
32780.12784972931,0.0
33319.81729053422,0.0
32790.07904758341,0.0
32259.90123137349,0.0
31727.49895173147,0.0
31723.020231265775,0.0
31716.541438462973,0.0
31705.328747302872,0.0
31161.186413102652,0.0
31678.080766176572,0.0
31660.184327865372,0.0
31107.277252504857,0.0
31084.494648747852,0.0
31591.92434665757,0.0
31564.593234282474,0.0
31000.577380515257,0.0
30435.136495495335,0.0
30935.575095176755,0.0
30365.717424729435,0.0
30326.86185689144,0.0
30287.503555994437,0.0
29710.185729738216,0.0
29137.00204431,0.0
28558.520883763384,0.0
29043.799550448202,0.0
29529.118683495617,0.0
29479.901032861417,0.0
29430.14053541822,0.0
29378.28759116662,0.0
28796.965500254002,0.0
28214.198923425087,0.0
27629.59342098127,0.0
27575.463798823766,0.0
27522.869552489767,0.0
27470.876272693866,0.0
27419.73075713507,0.0
27900.856648413184,0.0
27848.444290816486,0.0
27265.808350618667,0.0
27747.23350910529,0.0
28231.1882903859,0.0
28183.712841631102,0.0
27606.541448425185,0.0
27557.070261844383,0.0
28044.6524639271,0.0
27470.288894190584,0.0
27960.767311697105,0.0
27922.291454509606,0.0
28416.92688956862,0.0
27849.6153533897,0.0
28346.30295811312,0.0
28847.190005973138,0.0
28820.770273480935,0.0
29325.180548761957,0.0
29299.635501275057,0.0
28745.016973617137,0.0
29258.847149573456,0.0
29243.372633255553,0.0
29760.955493223075,0.0
30284.31020478809,0.0
30807.534197641806,0.0
30269.50919992549,0.0
29734.24153032217,0.0
30267.037458011488,0.0
30803.225266366506,0.0
30278.42649851019,0.0
30818.002427022606,0.0
31365.519489375627,0.0
30847.013667806008,0.0
30334.04547730869,0.0
30354.79131355049,0.0
30378.02606057019,0.0
29874.60825705547,0.0
29904.02862020747,0.0
29406.494387625055,0.0
29973.269206665573,0.0
29478.648089928756,0.0
30053.837650958973,0.0
29565.868369461954,0.0
29079.968609985335,0.0
29662.623376330157,0.0
29714.193909408154,0.0
30301.264723171975,0.0
29825.986822771556,0.0
30415.842482268272,0.0
29946.016729277955,0.0
30540.66512978357,0.0
30072.731726327955,0.0
29604.595670381837,0.0
30207.017070718655,0.0
30276.382883554157,0.0
30348.807447783656,0.0
29889.057796553236,0.0
29962.342385805237,0.0
30567.048246655555,0.0
30110.11792066354,0.0
30719.505079557457,0.0
31327.826309826272,0.0
30871.864954082754,0.0
30951.767824704155,0.0
31561.335918935572,0.0
31107.046198057753,0.0
31182.896247822755,0.0
31793.78967456887,0.0
32402.62295016739,0.0
33012.12321697121,0.0
33089.106478252106,0.0
33163.20705837221,0.0
33769.84917357862,0.0
33310.128962200804,0.0
33382.00595289121,0.0
32920.68622768539,0.0
32992.52122021179,0.0
33057.87717020249,0.0
33123.463357096785,0.0
33720.018357988905,0.0
33783.63221833211,0.0
33843.74274044041,0.0
33902.634780770706,0.0
33425.549427899794,0.0
32947.849547376674,0.0
32999.053865674476,0.0
33580.86050805069,0.0
33626.37860490799,0.0
33670.95794799029,0.0
33710.78644862419,0.0
33750.06519481199,0.0
34317.02862420741,0.0
34349.114686356705,0.0
34910.878729508826,0.0
34405.577834979005,0.0
34961.942366789524,0.0
34451.5024095456,0.0
34468.69408931621,0.0
34482.91890550511,0.0
33961.84229439999,0.0
34505.60614010301,0.0
33977.01805432289,0.0
33978.761991079184,0.0
33446.772192560275,0.0
33976.721325197286,0.0
34503.97485963961,0.0
34494.108846093004,0.0
33949.94251547819,0.0
34466.83697067351,0.0
34451.41518518061,0.0
34963.40304557483,0.0
34941.55618902722,0.0
34917.380235336524,0.0
34356.01544495811,0.0
33793.22314670399,0.0
33228.16519314707,0.0
32661.636985024656,0.0
33157.715352498475,0.0
32588.296928820855,0.0
33079.107277225776,0.0
33037.171241315475,0.0
33527.58263430849,0.0
34017.18991854351,0.0
33970.13993400611,0.0
33389.61706693249,0.0
33874.95851281831,0.0
33824.559292533806,0.0
34307.17660987152,0.0
34789.04981253034,0.0
34206.01183620673,0.0
33621.7421010158,0.0
34102.158888840524,0.0
34049.55159236523,0.0
