302.75396138330603,0.0
535.7901747534532,0.0
1012.6256814223466,0.0
1598.6184357284883,0.0
1998.824482628576,0.0
1133.3900600551913,0.0
1364.7746981120313,0.0
1094.0481579874267,0.0
741.6233802076711,0.0
1888.0577321350977,0.0
1084.94582955481,0.0
1308.2455693820557,0.0
797.821622195735,0.0
562.8974572938223,0.0
629.5256189362824,0.0
668.7601985661124,0.0
377.80970627664476,0.0
-334.8396499238231,0.0
24.789868013206842,0.0
-313.1646622462831,0.0
470.4818225768646,0.0
143.30524725181704,0.0
627.1174436283146,0.0
811.8955086419543,0.0
1143.3979934261024,0.0
1798.43792327237,0.0
1947.90452989354,0.0
1547.4755671881398,0.0
1920.8964024958277,0.0
2228.4689252464877,0.0
2158.3342699733976,0.0
2583.1587656743955,0.0
2593.9081103003255,0.0
3030.253188963433,0.0
2818.743077115085,0.0
3394.160184251383,0.0
3324.5799585169134,0.0
3464.8659101457206,0.0
3303.719785311453,0.0
2402.9081705225453,0.0
2319.6546042130776,0.0
2496.9378822902854,0.0
1702.3536720961677,0.0
1556.8812000194275,0.0
1924.5827217359613,0.0
1379.3372874115646,0.0
1704.5920272304616,0.0
2265.8580175667353,0.0
2627.684106150553,0.0
2312.850170602706,0.0
2355.6591915245363,0.0
1629.6627233155193,0.0
1702.6614932983275,0.0
882.3798499263567,0.0
1486.4933867148375,0.0
1990.438981880956,0.0
1498.5755798004263,0.0
1245.5483200304973,0.0
1208.214466003362,0.0
1362.588340014896,0.0
1671.762568318026,0.0
1522.8959537000405,0.0
1247.112714953793,0.0
873.7147650291633,0.0
1162.285814303632,0.0
1859.7253158728997,0.0
1931.1552297574494,0.0
2299.512975545126,0.0
2736.3266580743393,0.0
2150.865076819074,0.0
2106.7450142617845,0.0
2638.156293637653,0.0
2404.0822860260314,0.0
2000.7967752364561,0.0
2166.2979022325294,0.0
2762.095229611469,0.0
2029.6343555910162,0.0
1462.7936753627068,0.0
777.8408318670931,0.0
159.96704369048427,0.0
321.98497802860834,0.0
1320.400515444669,0.0
1738.6211764236866,0.0
2044.0052556208052,0.0
1524.7864996049677,0.0
2070.197542048318,0.0
1934.9182222059292,0.0
1183.092037750535,0.0
1083.5388234601235,0.0
1504.751339352191,0.0
1210.4953456216012,0.0
1278.646029611988,0.0
1550.5133300708144,0.0
1922.3958854880639,0.0
2338.6846927165616,0.0
2306.7691719274208,0.0
2800.5006016292264,0.0
2780.0922070745605,0.0
2582.632612431066,0.0
3353.527627545893,0.0
2888.2388805325327,0.0
2619.568092893033,0.0
2243.7709939311508,0.0
1984.8303478870323,0.0
1807.1552936034855,0.0
1790.5053686361575,0.0
1961.5912783875604,0.0
2221.7439130306675,0.0
1824.4339862371976,0.0
1915.2266675776505,0.0
1018.5648390917922,0.0
1485.25588760915,0.0
1804.46637645933,0.0
1386.1727976618124,0.0
1581.77622738244,0.0
1789.780671563252,0.0
1366.9880366402024,0.0
2284.9362133009804,0.0
2900.260520153718,0.0
2381.84974074933,0.0
1882.8463852066723,0.0
2017.9638377373724,0.0
1277.847011333115,0.0
1898.4717188224124,0.0
1370.5695975559447,0.0
2037.7307972844746,0.0
1553.433210829227,0.0
798.0869533866592,0.0
988.875219226577,0.0
793.0914951184984,0.0
1669.581820210707,0.0
1731.9586422686148,0.0
2037.0826692031947,0.0
2139.245242667092,0.0
3029.9873099102897,0.0
3151.508163543978,0.0
3584.4633329266553,0.0
3634.2646541903255,0.0
3130.432280536028,0.0
2592.41015109035,0.0
2440.938716436242,0.0
2253.643709299792,0.0
1621.3880501879748,0.0
899.5089604043469,0.0
366.2704745160793,0.0
881.4847439048867,0.0
1254.6308427734148,0.0
849.8721950792269,0.0
499.4881915933595,0.0
-447.8134327833882,0.0
607.4688159157897,0.0
-99.92527430229075,0.0
619.4703849803768,0.0
615.1412161062992,0.0
-301.96710301054827,0.0
-131.41438912214107,0.0
160.56537909545705,0.0
422.77326510479656,0.0
212.7087734976767,0.0
56.48504635457675,0.0
144.34582808818686,0.0
392.04727657998467,0.0
1554.1138496369124,0.0
1764.35681798906,0.0
982.9809856463123,0.0
396.15390397764475,0.0
42.12461461664486,0.0
310.63552304236475,0.0
-33.400204700369386,0.0
-241.7675501608163,0.0
-132.36974087077328,0.0
-1337.1245097573217,0.0
-1236.5435125486497,0.0
-1858.4875936335102,0.0
-1973.5694677553563,0.0
-2156.224292695917,0.0
-2170.9601080035573,0.0
-1892.1763545471263,0.0
-1998.1958255927123,0.0
-2708.528402464531,0.0
-2920.766559708754,0.0
-2505.189656085989,0.0
-2038.7068365641603,0.0
-1166.5555015277955,0.0
-1262.0620479811857,0.0
-1392.8052870462047,0.0
-812.0871062409971,0.0
-995.4693504239291,0.0
-843.6561811647631,0.0
-4.13381786346531,0.0
-730.513239070628,0.0
-646.946165705492,0.0
-675.2501777409504,0.0
-1254.1810294716227,0.0
-308.4929596047832,0.0
448.4992986672447,0.0
358.37596361196523,0.0
170.25559937638457,0.0
652.7708696330023,0.0
703.9306341912024,0.0
1158.91101602258,0.0
1273.9568708258198,0.0
1351.8231613201824,0.0
1786.8761984926,0.0
2422.1030254805178,0.0
2692.223004674058,0.0
2339.1763063705375,0.0
2704.611322177428,0.0
3100.929914225635,0.0
3093.2242266359053,0.0
3517.4775230128057,0.0
3406.7145334023153,0.0
3751.875248033973,0.0
4037.035805138033,0.0
4025.137886006065,0.0
3537.0576337095276,0.0
2514.74283261353,0.0
2962.51589955424,0.0
3729.0752560194583,0.0
2737.44822526674,0.0
3520.55296145364,0.0
3149.8097330076503,0.0
3921.695773230928,0.0
3886.139008371638,0.0
3859.6930450447,0.0
2715.771405860422,0.0
3591.50814422966,0.0
3940.860911835378,0.0
4337.642497667968,0.0
5314.442410851226,0.0
5000.906349725094,0.0
4872.072934051836,0.0
4383.1693586984775,0.0
4804.905696751209,0.0
4248.723123974538,0.0
5117.593092663265,0.0
5411.712513359075,0.0
5476.879883840473,0.0
5886.439865168701,0.0
6014.149899914711,0.0
6164.11466327392,0.0
5806.213504206341,0.0
6906.101597139868,0.0
7022.407080313877,0.0
6833.441180577144,0.0
7727.564399584551,0.0
7804.169197271054,0.0
7691.254329443752,0.0
7854.054833952731,0.0
8349.610141981768,0.0
7418.3760475302115,0.0
7344.5993258367835,0.0
6769.271535824166,0.0
7047.955084259457,0.0
6288.910030744099,0.0
6006.689931177749,0.0
5904.296387904688,0.0
5491.36373502096,0.0
5583.723554517728,0.0
6248.967851393476,0.0
6235.307764613675,0.0
5703.685138543238,0.0
5242.228542044868,0.0
5263.941365075021,0.0
4510.217332327704,0.0
5360.467328628911,0.0
4778.630844099409,0.0
5008.235400777678,0.0
4678.879835027408,0.0
5415.155565474646,0.0
6023.287108289114,0.0
6280.666148620545,0.0
6228.533319878791,0.0
5489.132089246774,0.0
6143.9707394449015,0.0
5799.369181749824,0.0
5142.1443149666065,0.0
5357.951006663866,0.0
4941.341559591596,0.0
4590.546050307226,0.0
5661.610745602415,0.0
5153.9134832223435,0.0
5021.644427397616,0.0
4975.902758993367,0.0
4925.440288181526,0.0
4720.325439169938,0.0
3761.33040469796,0.0
4008.2111920173984,0.0
4834.241857029436,0.0
5278.761509865174,0.0
5491.261157519884,0.0
6244.916546854891,0.0
5977.30857786171,0.0
6878.270358144977,0.0
7481.448207849364,0.0
7123.389914275196,0.0
6876.906711656016,0.0
7174.153801011216,0.0
6717.0203209619685,0.0
7186.462983478086,0.0
7725.155594913644,0.0
8661.297980531122,0.0
9050.55276281689,0.0
9417.272465392,0.0
9482.605309358747,0.0
9334.309380382048,0.0
9610.384741244558,0.0
9301.43190320651,0.0
9814.546542537359,0.0
10367.340511798584,0.0
9681.803359456298,0.0
10458.361864270915,0.0
9975.939235079728,0.0
10393.627712314097,0.0
10496.053926899978,0.0
10360.97774975279,0.0
10023.828202798039,0.0
10413.51829219251,0.0
10177.79631788865,0.0
9526.354438180872,0.0
10574.53679357195,0.0
9939.604167934413,0.0
9956.245086430761,0.0
10061.778368899912,0.0
10573.626702790452,0.0
10262.608751663352,0.0
9706.832943295529,0.0
9488.418256953955,0.0
8817.665038509329,0.0
9748.015946145757,0.0
10526.611591827514,0.0
10526.311430308035,0.0
9959.462050402777,0.0
9487.922501803569,0.0
9798.281332736076,0.0
9636.69027439582,0.0
9083.493613614592,0.0
9629.14424796086,0.0
10104.841875494625,0.0
10417.183526532193,0.0
10570.481193965603,0.0
10396.573893762517,0.0
10241.373990422806,0.0
9737.991547821719,0.0
9694.3616345966,0.0
10564.325554511477,0.0
10743.541492555203,0.0
10784.927924724583,0.0
10745.166231601414,0.0
10466.860982953063,0.0
10142.591549015546,0.0
9919.38783950681,0.0
9187.83252697138,0.0
8202.379612881363,0.0
8007.529763746866,0.0
7567.129240150338,0.0
6865.07920983104,0.0
7515.576188448298,0.0
7238.634033198217,0.0
6976.573750850759,0.0
7831.781234438637,0.0
7154.376262450918,0.0
7153.188421288309,0.0
7705.746569439776,0.0
7441.483618607866,0.0
6948.800339589467,0.0
7787.181282361244,0.0
7814.325515264281,0.0
8502.9057851441,0.0
9278.839336789626,0.0
9094.285574465594,0.0
9444.535370475394,0.0
8702.890503639715,0.0
9209.669897828873,0.0
9436.381408370435,0.0
9249.559211435564,0.0
9884.107923592732,0.0
9260.917333591222,0.0
9767.496835277569,0.0
9231.274495686961,0.0
9827.16949292034,0.0
9574.84087391945,0.0
9569.47738171243,0.0
9490.03188111084,0.0
10320.455761017098,0.0
10777.390195244794,0.0
10325.199409094668,0.0
10195.580519040719,0.0
9516.43129382493,0.0
10203.798050443347,0.0
10281.22567900455,0.0
9142.125962207432,0.0
9498.6131692581,0.0
9291.24317050548,0.0
8890.364292334312,0.0
8637.826873241333,0.0
8175.428524525943,0.0
7960.798868102306,0.0
8659.843185693495,0.0
8626.497283134384,0.0
8562.946987521034,0.0
8273.401099375335,0.0
8891.130392231575,0.0
8894.744423417504,0.0
9216.080573872696,0.0
7966.581822299746,0.0
8391.409633063597,0.0
8928.145196891346,0.0
9126.069789508903,0.0
8986.645548973785,0.0
9381.552124996753,0.0
9865.449273726892,0.0
10127.312735748423,0.0
10090.38598421299,0.0
10514.791773261939,0.0
11327.784070023268,0.0
11082.55308585136,0.0
11041.954235803769,0.0
11002.52704460284,0.0
11315.12682024595,0.0
10643.708085682723,0.0
10479.798405021462,0.0
10823.852917277922,0.0
11391.57151254471,0.0
11608.35804399856,0.0
12032.980260039487,0.0
11857.505371641691,0.0
12778.119646745057,0.0
12480.376997065974,0.0
13621.677767474514,0.0
12897.691936151885,0.0
12494.579346304858,0.0
12298.317226554707,0.0
12732.79823863446,0.0
12941.488363032748,0.0
12602.452218051109,0.0
12938.58450574697,0.0
12375.54440678313,0.0
12586.258568517256,0.0
13643.686240419443,0.0
14766.257509257162,0.0
14634.567670585562,0.0
15104.62208689134,0.0
14519.632495021102,0.0
14472.525731043192,0.0
14288.368203580352,0.0
14059.936615265411,0.0
14413.981358641373,0.0
14158.359559784283,0.0
14022.528961770062,0.0
13699.342761742693,0.0
13584.122485434658,0.0
13706.011068344125,0.0
13539.200394856594,0.0
14155.070961331403,0.0
13452.175752381903,0.0
14005.251894318644,0.0
12933.34612876242,0.0
13208.736782248638,0.0
12828.78076439971,0.0
13432.38164570764,0.0
13037.558993903338,0.0
12140.88282556457,0.0
12705.36643027488,0.0
12810.193803161408,0.0
13341.356776266814,0.0
14159.362532171293,0.0
13619.021777913173,0.0
13848.622602098752,0.0
14106.483019539992,0.0
14450.01154496089,0.0
15323.222614847757,0.0
14873.380303073987,0.0
15309.218060460753,0.0
15952.116184325132,0.0
16435.806977899338,0.0
16444.743784911665,0.0
17357.406554439207,0.0
16875.566229328844,0.0
17254.577500730233,0.0
16853.396083134092,0.0
17799.23210021739,0.0
17843.208501601708,0.0
17546.185027155727,0.0
17938.895418238728,0.0
18246.07902772656,0.0
17568.87634632131,0.0
18420.87830198919,0.0
17611.828042549198,0.0
17984.299545515278,0.0
18077.12280520541,0.0
18125.027031619647,0.0
17762.05271328484,0.0
18290.499281422377,0.0
18687.229325140503,0.0
18791.914445621962,0.0
18730.67930996109,0.0
18569.857301915483,0.0
19443.74757116399,0.0
18634.482853810932,0.0
18127.780503042337,0.0
18399.016872641594,0.0
18194.22171825762,0.0
16915.50054246201,0.0
16892.707683110573,0.0
16973.750426115443,0.0
16928.449220593655,0.0
17557.49340808689,0.0
17305.35665549389,0.0
17450.30295596309,0.0
16981.309635027083,0.0
16892.858285498984,0.0
16979.878557205266,0.0
16982.519595832564,0.0
17254.855075977823,0.0
17594.961175612392,0.0
18037.16911414524,0.0
19069.51648768046,0.0
18528.95934725227,0.0
19326.065652958838,0.0
19675.828812778793,0.0
19775.991783396283,0.0
19590.012550587235,0.0
20133.574358334452,0.0
20671.55230555537,0.0
21744.65189199928,0.0
22007.028775268634,0.0
22891.56364138046,0.0
22960.087408987052,0.0
23729.20071772832,0.0
23554.35982590371,0.0
23797.492019218873,0.0
22822.438103046094,0.0
23983.493805614555,0.0
24005.739585179486,0.0
24296.77541073634,0.0
23230.219951758285,0.0
23410.297873720152,0.0
23040.608338643666,0.0
22160.47389747269,0.0
22605.91178987725,0.0
22151.66755653696,0.0
21362.226569088063,0.0
22557.18164799385,0.0
22627.618960466367,0.0
22399.888019735357,0.0
22624.507010569137,0.0
21906.276571540853,0.0
22233.88866750658,0.0
21615.634850446415,0.0
22459.728377984422,0.0
21982.455925478593,0.0
22387.59032691972,0.0
23253.75108565978,0.0
23636.048706090354,0.0
24118.06618256752,0.0
23790.196047286503,0.0
23271.81535470581,0.0
23654.773013292455,0.0
23271.903591366226,0.0
22769.79385587209,0.0
22253.858297285733,0.0
22251.39740213314,0.0
22795.58245128303,0.0
22929.54823174375,0.0
22814.45814995853,0.0
22078.509266122477,0.0
21749.599636170722,0.0
22040.80444025403,0.0
22291.83136346932,0.0
22090.136628695087,0.0
22449.65733394122,0.0
21781.793615018818,0.0
21448.73965921083,0.0
21227.87456315998,0.0
21004.81054639093,0.0
20898.657999138293,0.0
21406.782871800024,0.0
20417.940621079586,0.0
20831.265594569053,0.0
20867.473055163144,0.0
21235.52756204833,0.0
21700.11222560307,0.0
21154.65991371729,0.0
20513.09153460016,0.0
20332.363103083753,0.0
20684.72119685927,0.0
20936.757212339027,0.0
20061.970689211554,0.0
21029.07421151707,0.0
20891.25602004278,0.0
20642.81704009188,0.0
21125.939397535418,0.0
20930.500220126756,0.0
21172.42587677402,0.0
21226.465653101975,0.0
22397.56949326591,0.0
22102.651118930982,0.0
21880.526681806015,0.0
21616.881231543906,0.0
21063.098723891886,0.0
22097.833348210563,0.0
22046.46140808007,0.0
21673.803689613764,0.0
21183.95050439427,0.0
21556.487698905607,0.0
21610.947616583864,0.0
21350.377735287966,0.0
22380.32823393408,0.0
22141.715744892503,0.0
22654.43146303326,0.0
22829.33298009439,0.0
23886.924356095806,0.0
23468.961914230396,0.0
23183.04427739202,0.0
23853.169935737456,0.0
23783.112066082525,0.0
22972.51616515794,0.0
24297.831778468226,0.0
24082.375287623898,0.0
23792.409694758127,0.0
24254.950053517197,0.0
24212.554201129795,0.0
50743.42105481931,1.0
50743.42105481931,1.0
50237.87260333302,1.0
24415.835656313655,0.0
24569.730510967027,0.0
24152.557912832497,0.0
24458.968464826878,0.0
24219.74457696506,0.0
24297.560331139714,0.0
24370.501251955033,0.0
24265.138834684934,0.0
25285.899188440308,0.0
25407.394538468136,0.0
25044.18219568437,0.0
24950.814119300216,0.0
25396.493770681598,0.0
26079.495518769836,0.0
25800.19546209473,0.0
25094.105389056655,0.0
25772.374614814427,0.0
25044.724065124934,0.0
25372.869293840144,0.0
25263.434321782144,0.0
26200.76535482724,0.0
25956.72411720318,0.0
26032.33378304108,0.0
26077.985447354098,0.0
25152.332484547373,0.0
25943.067477083678,0.0
26665.969109146477,0.0
26916.247762215397,0.0
27298.10432104067,0.0
27277.78201971935,0.0
26791.887819543266,0.0
26440.730302772376,0.0
50988.152506940125,1.0
50988.152506940125,1.0
50988.152506940125,1.0
26061.51537186837,0.0
26748.923590231545,0.0
26951.52346388226,0.0
25975.46402233476,0.0
27027.38757842625,0.0
27541.81990326815,0.0
26729.453821373267,0.0
26757.476102100587,0.0
27470.55382703075,0.0
26981.461295843634,0.0
26851.909882883243,0.0
26750.85519897132,0.0
27242.717099745034,0.0
27751.649006093852,0.0
27941.61459443069,0.0
28080.535657608176,0.0
27664.57853898578,0.0
27191.162714063474,0.0
27294.7528393333,0.0
27344.713904090393,0.0
26742.38314265356,0.0
26456.993037141772,0.0
26689.734076844692,0.0
27148.2925009376,0.0
27706.601935156796,0.0
27830.008867123448,0.0
27437.077590822464,0.0
28139.96637460499,0.0
27613.280037137465,0.0
26864.093493823562,0.0
26317.58497176719,0.0
26532.11067095397,0.0
26517.91576834724,0.0
26829.969292635633,0.0
27026.369512152276,0.0
26295.4537886653,0.0
26275.744909494362,0.0
26222.8793112272,0.0
26576.978749603513,0.0
25906.610724711274,0.0
25826.037390817793,0.0
25131.4480363978,0.0
25888.32520874495,0.0
25789.20205354581,0.0
25924.14650268077,0.0
25579.396315129095,0.0
25159.91876782587,0.0
25146.01461907331,0.0
24554.018740117317,0.0
24561.208075177306,0.0
24750.893821327405,0.0
24002.33185370208,0.0
24178.414210154046,0.0
24713.646806133795,0.0
25450.862833268202,0.0
25010.397311174616,0.0
24759.245095406626,0.0
25365.319411034892,0.0
25274.772778389288,0.0
24327.26466677513,0.0
24000.225189953835,0.0
24206.597592811173,0.0
23507.732147542483,0.0
23620.961808184,0.0
23428.335444138367,0.0
23713.575407810073,0.0
24066.706868472174,0.0
23262.473980398336,0.0
22653.171355033708,0.0
23855.906589319617,0.0
23771.725685439465,0.0
24298.70729645463,0.0
23865.596202369517,0.0
24814.35212944395,0.0
24934.095885406685,0.0
24995.53412273251,0.0
24122.874158704864,0.0
24425.455445753665,0.0
23996.05482760497,0.0
24271.28239572419,0.0
24325.947114438004,0.0
24262.152092188036,0.0
24378.32500233475,0.0
24120.61166937374,0.0
24335.835252112618,0.0
24437.551483943207,0.0
24313.964640415536,0.0
23912.939453337764,0.0
24156.30843147349,0.0
24437.8864421127,0.0
25295.15572815058,0.0
25112.703016237538,0.0
25588.474482816626,0.0
26334.74455343075,0.0
26837.265603424174,0.0
26906.03668488447,0.0
27595.640525331048,0.0
27333.529891394468,0.0
27881.560931178657,0.0
28421.256669218914,0.0
28231.934337932915,0.0
28451.172351809317,0.0
28740.469520633313,0.0
28258.485103985717,0.0
28934.27698972891,0.0
28895.727084748552,0.0
28679.814630726694,0.0
28244.256655272584,0.0
28036.084068763244,0.0
28465.739329956552,0.0
27805.93628191998,0.0
28675.70780915892,0.0
27809.959028440277,0.0
27807.936376548874,0.0
27365.82228309861,0.0
26416.62161646084,0.0
25999.572111582453,0.0
25842.108703691625,0.0
26001.973825907568,0.0
26150.8376904584,0.0
25594.681048548628,0.0
24459.39698351171,0.0
25536.122321936098,0.0
24978.57748907936,0.0
25072.999723407345,0.0
25127.496715037785,0.0
24720.1084305723,0.0
25437.216217732814,0.0
24611.010737933007,0.0
24527.079822857122,0.0
25040.717188751536,0.0
25367.87492032305,0.0
25659.262463223946,0.0
25486.931375469532,0.0
25997.670061653997,0.0
26599.601481743426,0.0
26085.823759689236,0.0
26496.255225599583,0.0
27060.620140374944,0.0
27345.198727129864,0.0
26729.697311279604,0.0
26878.3911578178,0.0
26300.886452445273,0.0
25848.517773721018,0.0
26169.672691309002,0.0
26009.988062200177,0.0
25477.50561981896,0.0
25098.436940733292,0.0
24695.722501188593,0.0
25072.298007386842,0.0
24805.177450845455,0.0
24971.60910335567,0.0
26041.008189629465,0.0
25621.699285097107,0.0
25464.97691305589,0.0
24687.264429914532,0.0
23988.11604258274,0.0
23824.379268800934,0.0
23532.328642258166,0.0
23962.02896269557,0.0
24075.261265475794,0.0
23379.8173045323,0.0
23908.691092921035,0.0
23397.535596300368,0.0
24410.768042906755,0.0
24305.617095675363,0.0
24126.838155623496,0.0
24427.426786818756,0.0
24434.426300416402,0.0
24299.280812053676,0.0
25009.969507307513,0.0
25060.000113830363,0.0
25576.18106938229,0.0
24790.821330372397,0.0
25208.86926591747,0.0
25723.58167126783,0.0
25752.066578297174,0.0
26262.550593036212,0.0
27021.43737677369,0.0
26056.326540821472,0.0
25989.43251620492,0.0
25723.269394739855,0.0
25350.670433632607,0.0
25538.60043775795,0.0
25722.90460659413,0.0
25418.30630217127,0.0
25267.26262721799,0.0
24871.860463535268,0.0
25800.200365098826,0.0
25361.50480965621,0.0
25417.63908844103,0.0
25115.394591642937,0.0
25751.16808514893,0.0
25612.310017268028,0.0
25973.26738456713,0.0
25479.538100113226,0.0
25075.213392050035,0.0
25614.914766111135,0.0
25025.915618679333,0.0
25418.57211993933,0.0
25331.81733958443,0.0
25659.905263702636,0.0
25481.771121263133,0.0
25970.662638454432,0.0
26282.72718976373,0.0
26249.25611722273,0.0
27253.110792589425,0.0
27307.266060498725,0.0
26654.16849451263,0.0
26705.407340794423,0.0
28177.97013844052,0.0
27102.949279043227,0.0
26810.364275689026,0.0
26899.85940864873,0.0
26027.195806067626,0.0
26620.33787928613,0.0
26858.667570175123,0.0
27095.541879802022,0.0
27431.58244279502,0.0
27095.338917354926,0.0
26871.339581179225,0.0
26325.98807510443,0.0
25811.980813775528,0.0
25290.72888320023,0.0
25584.48383810173,0.0
26018.533906428027,0.0
26360.469885395425,0.0
25638.928600115596,0.0
25051.54683717223,0.0
25638.98485565144,0.0
26083.951594126127,0.0
26093.530694075933,0.0
51202.060784559624,1.0
51202.060784559624,1.0
51202.060784559624,1.0
26485.621699469564,0.0
26388.3144170162,0.0
25745.921286074215,0.0
24964.357163229986,0.0
25476.915851815444,0.0
24955.87363841819,0.0
25502.920037574917,0.0
25412.352869320395,0.0
26283.499036675843,0.0
26236.274554610063,0.0
26087.985478711114,0.0
26337.2950421626,0.0
26943.085073470997,0.0
28236.097989886952,0.0
28172.514596988203,0.0
27771.36644784997,0.0
27072.661175046218,0.0
26533.35376440559,0.0
26431.591734482376,0.0
26075.313629990593,0.0
25761.74242494793,0.0
25122.617938689684,0.0
24354.310784104986,0.0
23926.271528027228,0.0
23573.6375160514,0.0
24183.071959853718,0.0
24861.25793361131,0.0
24114.8343080696,0.0
23980.71009563634,0.0
24318.542606688177,0.0
24281.4825493311,0.0
25351.479516535805,0.0
25419.667894864426,0.0
25163.563398128907,0.0
24864.5676988931,0.0
23880.99929014308,0.0
24983.19495835714,0.0
24776.342774383156,0.0
24960.71875888334,0.0
25136.093777366877,0.0
25173.158922314622,0.0
25925.579839926075,0.0
25167.593429306187,0.0
25247.36517783642,0.0
25533.40336791744,0.0
26288.258643103625,0.0
26085.579336558614,0.0
26113.708438470934,0.0
26128.030633583385,0.0
26787.406058566623,0.0
26989.77161629412,0.0
27386.143577589122,0.0
27404.09241111762,0.0
27369.034190132224,0.0
28407.461199877216,0.0
28201.74977503832,0.0
28402.06929966562,0.0
28598.20867497302,0.0
28559.190934935024,0.0
28792.74871910632,0.0
29429.346713308416,0.0
29828.87797282051,0.0
28924.798201043017,0.0
29586.12839654472,0.0
29456.665522800817,0.0
29937.32238145452,0.0
29483.88357101652,0.0
29843.515578975017,0.0
30696.94839024631,0.0
30284.903884726315,0.0
30581.46048248411,0.0
30708.05385789511,0.0
30634.663199758717,0.0
29917.230220557816,0.0
29753.17414280792,0.0
29465.682653826723,0.0
29479.45134588792,0.0
28900.392718273124,0.0
30140.609788487818,0.0
29658.355078015717,0.0
29589.825761936016,0.0
29309.049111651624,0.0
29683.52487515912,0.0
29160.790079962924,0.0
28435.53319422492,0.0
28022.861610555625,0.0
27893.050514575727,0.0
27778.53476921193,0.0
27477.60963964853,0.0
28646.318619189828,0.0
27878.96166985853,0.0
27822.244313873627,0.0
27412.006750946428,0.0
26631.063994325727,0.0
28046.505370537823,0.0
27387.664043987927,0.0
26574.15805389363,0.0
26072.888222254533,0.0
26069.936223094133,0.0
26215.789039721632,0.0
25686.188744119932,0.0
25579.547615113835,0.0
24930.051301629137,0.0
25026.107484921136,0.0
25049.700342119737,0.0
25974.43238799653,0.0
25441.067684062335,0.0
25590.741782307327,0.0
25501.56332441713,0.0
25757.251033680826,0.0
26267.26187082193,0.0
25699.39135432123,0.0
25012.23744435633,0.0
24051.267632564573,0.0
24851.770808952533,0.0
25620.80165419083,0.0
24819.64452846209,0.0
25955.13904682073,0.0
25428.893179016508,0.0
26183.855558807925,0.0
25368.470960532897,0.0
25850.180256559728,0.0
24990.457747324577,0.0
25707.20558921303,0.0
25911.864917642586,0.0
25303.97447438273,0.0
25219.53878219827,0.0
25297.05803124908,0.0
24977.331217515806,0.0
25385.08474446993,0.0
24701.822532189733,0.0
23932.916575975818,0.0
23650.95703514174,0.0
23390.025901973648,0.0
23004.05639057485,0.0
22712.42513066744,0.0
23841.63848584794,0.0
23319.33847896874,0.0
22833.161240877642,0.0
22837.26186166526,0.0
24204.133937694038,0.0
24788.288771019736,0.0
23685.133621748137,0.0
24634.451381903535,0.0
24514.538221405535,0.0
24305.98178813554,0.0
24747.486589052336,0.0
24676.441816612038,0.0
25079.884993700834,0.0
25136.033009312636,0.0
25294.519445016536,0.0
24369.90848542504,0.0
24104.735650105737,0.0
25290.24826410874,0.0
24606.843293561637,0.0
25256.77076779524,0.0
24427.09241029324,0.0
25853.682768246337,0.0
25321.482481413936,0.0
26157.719819294336,0.0
26583.033119766435,0.0
26442.608985918734,0.0
26614.36464441423,0.0
27140.16964956923,0.0
27230.66663287743,0.0
27405.55640665013,0.0
27791.885644157526,0.0
28851.345230587427,0.0
28291.516656918226,0.0
29580.07071594752,0.0
30159.687653540324,0.0
29726.443125407124,0.0
29525.94967143582,0.0
30588.401720662223,0.0
29679.634841646523,0.0
29537.320635897522,0.0
29209.664242277526,0.0
29046.341216985325,0.0
29076.897182347027,0.0
28942.93069174983,0.0
28425.10927878293,0.0
28814.67535958043,0.0
28397.31467855013,0.0
28421.21150074953,0.0
28896.154663224628,0.0
29880.457387786024,0.0
29329.140322186126,0.0
29109.36227251453,0.0
29361.826932255924,0.0
28669.66956218303,0.0
28673.389183830328,0.0
28392.041684399526,0.0
28190.40286357403,0.0
27816.022887484432,0.0
27311.188184906634,0.0
27862.670590735434,0.0
26901.688776733034,0.0
26895.60361022324,0.0
25577.34882192384,0.0
25517.069536655137,0.0
26162.874990537937,0.0
26123.882642058838,0.0
24998.715206138342,0.0
25818.97892529214,0.0
25327.60474665124,0.0
25427.330240623443,0.0
25002.43100843954,0.0
25387.912686216638,0.0
25775.30033891964,0.0
25494.00290797124,0.0
25904.471355466438,0.0
25637.19409949264,0.0
25680.095452003938,0.0
25308.26653386144,0.0
25328.04559026074,0.0
24909.39010608214,0.0
23878.684071623444,0.0
24506.256470692737,0.0
24520.41765927964,0.0
25243.26505127284,0.0
24332.48433026454,0.0
23742.455448702243,0.0
23536.370268439045,0.0
23219.497873138644,0.0
24093.580498181942,0.0
22926.024374100245,0.0
23196.926379635745,0.0
22564.753166204446,0.0
23111.841691097747,0.0
23378.787612196546,0.0
23866.626666770942,0.0
23011.395598283445,0.0
22244.726940532346,0.0
21994.65640025315,0.0
22485.613385285345,0.0
22182.588431442247,0.0
22503.890476145345,0.0
22729.425822214645,0.0
22942.213501143648,0.0
23208.624429329044,0.0
23446.826436446143,0.0
22626.669273289248,0.0
22919.76765594745,0.0
22462.505813475647,0.0
23328.757643374047,0.0
23863.804384339543,0.0
22647.909314527846,0.0
23057.19241455295,0.0
23227.056382749946,0.0
23131.136035847147,0.0
22911.949894697947,0.0
23497.637653049147,0.0
23566.209543373545,0.0
23104.549985640147,0.0
24077.715549186247,0.0
23551.75669540015,0.0
23481.367548522147,0.0
23360.70263596525,0.0
23369.82731794265,0.0
23840.991859912247,0.0
24184.928768229045,0.0
23757.163076002547,0.0
23908.93900312335,0.0
24023.853098950847,0.0
23737.57124647955,0.0
24451.414990160847,0.0
24895.000659075748,0.0
24545.303529638448,0.0
25104.892255275445,0.0
25364.438328912645,0.0
24890.581383050147,0.0
25343.352742614145,0.0
26547.200933428743,0.0
26350.78338032784,0.0
26125.527026597643,0.0
25515.223214551646,0.0
25532.11531976285,0.0
25469.41444590265,0.0
25905.678711648645,0.0
26001.145605128848,0.0
26582.986970417744,0.0
26162.55830969845,0.0
25220.350412644548,0.0
25331.59765931355,0.0
25171.92337051515,0.0
25533.359458124447,0.0
26512.626673694245,0.0
27222.518547624742,0.0
27179.195424715144,0.0
27227.49080717624,0.0
27116.797869261543,0.0
26948.896777601243,0.0
26606.214320432744,0.0
26975.883030209745,0.0
26981.26599867484,0.0
27135.76392284144,0.0
27106.857684349445,0.0
27243.299509094242,0.0
26165.592238472145,0.0
26290.622010322444,0.0
25893.817528015246,0.0
25176.11656635395,0.0
25263.769662655548,0.0
25108.342833549348,0.0
24886.929809347348,0.0
25179.311857241744,0.0
26186.216834548544,0.0
25956.193647263943,0.0
26545.357592814642,0.0
26273.66139319704,0.0
26982.12793500274,0.0
26744.47735687054,0.0
26488.222825399338,0.0
26645.083851441937,0.0
26512.84635598734,0.0
27027.18136158354,0.0
26426.010992410338,0.0
25765.038022871842,0.0
26194.98123600184,0.0
25952.81390275014,0.0
26636.309574190942,0.0
25836.28024261824,0.0
25693.782720130643,0.0
25354.10713363644,0.0
25604.672628527544,0.0
25640.08679004954,0.0
25116.009777886142,0.0
25814.16714900344,0.0
25835.87146779194,0.0
25270.133372067037,0.0
25182.820063738043,0.0
25714.48046106784,0.0
25835.183512184238,0.0
26074.90950372524,0.0
26247.002785636636,0.0
25753.67575546954,0.0
25824.440635214138,0.0
26203.715655677835,0.0
26704.60924287134,0.0
26357.521424641236,0.0
26783.91979648383,0.0
26517.45613519903,0.0
26424.438003093033,0.0
26253.300944848437,0.0
26871.29711270143,0.0
26918.28914408513,0.0
26651.006176726834,0.0
27188.07999115593,0.0
27176.80562904203,0.0
27780.30985825513,0.0
27039.205406507732,0.0
26865.994031228533,0.0
28316.14574474943,0.0
28260.74974457143,0.0
27900.549539989228,0.0
27747.838401495428,0.0
27610.784891728432,0.0
28229.84533926383,0.0
27338.28655129193,0.0
27332.449915705838,0.0
26999.230553086338,0.0
27460.78893616714,0.0
26905.94283192754,0.0
27811.60156270984,0.0
27134.42711424084,0.0
27428.104199873538,0.0
27450.79866295814,0.0
27218.75542319514,0.0
27514.57130384454,0.0
28152.209956000843,0.0
27955.30977228544,0.0
27318.58483250204,0.0
27339.199798864545,0.0
27920.70238626934,0.0
27123.262159126243,0.0
27100.671799709442,0.0
27397.082621750742,0.0
27082.105726165442,0.0
26518.628481516243,0.0
25898.105323181248,0.0
26518.652549068545,0.0
27475.692097582345,0.0
27506.58271225904,0.0
27484.268911161344,0.0
27308.641627367746,0.0
26967.922221424844,0.0
26283.92963503915,0.0
26286.30503716445,0.0
25701.02723650355,0.0
26089.02946178065,0.0
26115.994937487354,0.0
26045.16755249445,0.0
27283.91364406825,0.0
27237.397860816247,0.0
26107.35881626005,0.0
26836.02342379145,0.0
27311.138534829144,0.0
27329.741835610846,0.0
26820.668367875747,0.0
26533.95521324595,0.0
26671.385502780045,0.0
26535.39874035155,0.0
27267.651629417145,0.0
26942.575899768744,0.0
27617.400507312246,0.0
26811.66410814375,0.0
27501.553204165644,0.0
28015.892851157943,0.0
27867.722277851244,0.0
28059.42071995844,0.0
28509.33352356604,0.0
27654.939138809143,0.0
27815.78958768064,0.0
27886.80498289294,0.0
28504.07258870574,0.0
28724.083780285535,0.0
28928.55727631483,0.0
28537.447517681234,0.0
28171.65684441714,0.0
28646.218297097537,0.0
29403.06974636083,0.0
28326.681311925837,0.0
28711.216163582234,0.0
29191.51574994443,0.0
29003.153338126333,0.0
28002.438055890532,0.0
28106.58213929074,0.0
28554.642088291934,0.0
27210.38402700374,0.0
27255.27765713864,0.0
26780.37083057464,0.0
26966.35009635304,0.0
26828.506090287243,0.0
26761.886277154837,0.0
26603.140723294237,0.0
25947.811862369243,0.0
26455.62705301684,0.0
26851.89555160444,0.0
27232.27670595364,0.0
26952.587179817638,0.0
27271.77717845274,0.0
26552.04073038224,0.0
26869.28676985914,0.0
26560.066363824437,0.0
26071.888284065542,0.0
26452.883211296037,0.0
26189.272878420437,0.0
26719.34646725384,0.0
25878.893379747442,0.0
25804.608307873546,0.0
26643.83405113564,0.0
26071.419808775245,0.0
26934.90452131724,0.0
27170.307205860438,0.0
27071.68569630664,0.0
26935.93556591014,0.0
27480.56496008474,0.0
26940.05694781064,0.0
27335.334219718738,0.0
27530.873312449337,0.0
28063.192040794835,0.0
28847.57993679563,0.0
28926.08540996263,0.0
29424.39208122743,0.0
29540.49779955893,0.0
29321.361869049033,0.0
29215.02728852663,0.0
29165.206667802733,0.0
29034.024756409337,0.0
29146.39936942034,0.0
29156.594833980336,0.0
29479.319893866734,0.0
29644.48977678273,0.0
30008.491784035534,0.0
29734.696888614235,0.0
29845.395051196036,0.0
28849.38730117364,0.0
28965.04013504934,0.0
29569.058015397935,0.0
29941.941056210235,0.0
30258.414418853936,0.0
29727.339692520734,0.0
30074.431203136934,0.0
30767.604941518934,0.0
30458.122824514634,0.0
31340.58765244203,0.0
30915.73734415043,0.0
31769.795315686926,0.0
31237.32991075023,0.0
30835.363844939333,0.0
30924.90779616763,0.0
30555.66038781684,0.0
30787.09120869293,0.0
30536.247228176435,0.0
31023.877114353432,0.0
30265.35273471804,0.0
31061.203047335934,0.0
31593.754549458932,0.0
31246.41367295023,0.0
30816.719046131235,0.0
31870.761789873333,0.0
31347.42638854933,0.0
31976.270828119028,0.0
32177.58698733253,0.0
31867.19887304063,0.0
31402.227742936335,0.0
30549.431694592437,0.0
30762.59681945884,0.0
29580.567397889237,0.0
29952.86745698194,0.0
29544.89448398174,0.0
30540.54441445914,0.0
29674.712389764638,0.0
30488.275902050635,0.0
30700.526856540433,0.0
30688.051860694533,0.0
30364.699112885137,0.0
30909.650255311433,0.0
31119.02321680913,0.0
31079.395500482628,0.0
31707.46178736323,0.0
30390.957261984528,0.0
30486.164241447033,0.0
31267.08596546013,0.0
30930.95841397623,0.0
