1.428015,0.0
1.4282025390193325,0.0
1.4116765390193324,0.0
1.4224210780386648,0.0
1.4491806170579968,0.0
1.4254700780386647,0.0
1.4390910780386648,0.0
1.4132395390193324,0.0
1.379011,0.0
1.4006885390193324,0.0
1.376689,0.0
1.3865815390193326,0.0
1.355653,0.0
1.3336044609806676,0.0
1.3407764609806676,0.0
1.3519314609806676,0.0
1.327466921961335,0.0
1.314551382942003,0.0
1.318707382942003,0.0
1.338546382942003,0.0
1.3727669219613352,0.0
1.362033382942003,0.0
1.3884259219613353,0.0
1.4019019219613353,0.0
1.4087154609806676,0.0
1.395352,0.0
1.3824809999999998,0.0
1.379617,0.0
1.4028265390193324,0.0
1.4166825390193323,0.0
1.4118105390193323,0.0
1.4353340780386648,0.0
1.4347740780386649,0.0
1.450752617057997,0.0
1.4252770780386648,0.0
1.446841617057997,0.0
1.4348676170579968,0.0
1.4622611560773293,0.0
1.4437216170579967,0.0
1.4095920780386648,0.0
1.3836945390193325,0.0
1.4018250780386647,0.0
1.5701455390193324,0.0
1.4104355390193324,0.0
1.4425600780386647,0.0
1.4374915390193324,0.0
1.4811390780386648,0.0
1.5077240780386647,0.0
1.4907306170579968,0.0
1.469141617057997,0.0
1.446841617057997,0.0
1.4114480780386647,0.0
1.3948935390193324,0.0
1.3954465390193325,0.0
1.4091520780386648,0.0
1.4313266170579968,0.0
1.4045740780386649,0.0
1.4096790780386648,0.0
1.4284996170579969,0.0
1.419985617057997,0.0
1.416306617057997,0.0
1.4341956170579968,0.0
1.435859617057997,0.0
1.4101830780386648,0.0
1.438957617057997,0.0
1.4811751560773292,0.0
1.5223046950966617,0.0
1.5347286950966617,0.0
1.578778234115994,0.0
1.5643436950966616,0.0
1.5330886950966616,0.0
1.544267234115994,0.0
1.546641234115994,0.0
1.4995426950966617,0.0
1.4828956950966616,0.0
1.498722234115994,0.0
1.4836286950966617,0.0
1.4671191560773293,0.0
1.4386216170579968,0.0
1.4221360780386647,0.0
1.4277130780386647,0.0
1.438803617057997,0.0
1.4470961560773292,0.0
1.4468036950966616,0.0
1.4319181560773293,0.0
1.4594956950966615,0.0
1.4304211560773292,0.0
1.409337617057997,0.0
1.3878160780386648,0.0
1.411483617057997,0.0
1.4091790780386648,0.0
1.449257617057997,0.0
1.4641306170579969,0.0
1.4897781560773293,0.0
1.5066381560773292,0.0
1.5107001560773292,0.0
1.5250366950966616,0.0
1.4834031560773293,0.0
1.460091156077329,0.0
1.4797676950966616,0.0
1.4757301560773293,0.0
1.5331341560773293,0.0
1.463149617057997,0.0
1.4184100780386646,0.0
1.4271390780386648,0.0
1.3850205390193324,0.0
1.3865390780386648,0.0
1.3506745390193322,0.0
1.3573535390193323,0.0
1.34196,0.0
1.3348344609806677,0.0
1.351158,0.0
1.354425,0.0
1.3517544609806675,0.0
1.991601,1.0
2.2844614609806677,1.0
2.1822374609806676,1.0
1.962507,1.0
1.6725675390193324,1.0
1.463077,0.0
1.4099734609806676,0.0
1.3865534609806676,0.0
1.3367899219613353,0.0
1.3447374609806677,0.0
1.3269169219613353,0.0
1.3396889219613353,0.0
1.3062253829420032,0.0
1.3018988439226706,0.0
1.438058382942003,0.0
1.3217418439226707,0.0
1.290828382942003,0.0
1.3142129219613352,0.0
1.3034849219613351,0.0
1.3332154609806677,0.0
1.38876,0.0
1.3860335390193324,0.0
1.394168078038665,0.0
1.3981570780386647,0.0
1.4025245390193324,0.0
1.3904459999999998,0.0
1.3843164609806675,0.0
1.3893524609806676,0.0
1.3867459219613352,0.0
1.373085382942003,0.0
1.3311288439226707,0.0
1.326704382942003,0.0
1.3339669219613353,0.0
1.315254382942003,0.0
1.2963218439226707,0.0
1.2756793049033384,0.0
1.2987888439226707,0.0
1.2968478439226707,0.0
1.305484382942003,0.0
1.2839208439226708,0.0
1.2435783049033384,0.0
1.2457418439226706,0.0
1.2679443829420032,0.0
1.2725763829420031,0.0
1.2815043829420032,0.0
1.284632382942003,0.0
1.287301382942003,0.0
1.3155209219613353,0.0
1.3518964609806676,0.0
1.379661,0.0
1.3861244609806675,0.0
1.371256921961335,0.0
1.3813239219613354,0.0
1.3767919219613352,0.0
1.3887219219613351,0.0
1.3536379219613353,0.0
1.316662382942003,0.0
1.2956078439226708,0.0
1.306475843922671,0.0
1.2835533049033383,0.0
1.2905143049033385,0.0
1.277833765884006,0.0
1.2930423049033384,0.0
1.2829303049033383,0.0
1.2755663049033383,0.0
1.245812765884006,0.0
1.2118142268646739,0.0
1.233219765884006,0.0
1.2575193049033384,0.0
1.2553998439226708,0.0
1.2504488439226706,0.0
1.2593888439226708,0.0
1.295514382942003,0.0
1.315774382942003,0.0
1.3298803829420032,0.0
1.3538569219613352,0.0
1.341612382942003,0.0
1.3590453829420033,0.0
1.3541888439226708,0.0
1.3261408439226707,0.0
1.334599382942003,0.0
1.3461649219613354,0.0
1.3630834609806677,0.0
1.3586219219613354,0.0
1.3724724609806676,0.0
1.3745004609806677,0.0
1.403242,0.0
1.395358,0.0
1.3635844609806675,0.0
1.374158,0.0
1.3923095390193323,0.0
1.3875235390193326,0.0
1.3821535390193325,0.0
1.3798135390193325,0.0
1.4026280780386648,0.0
1.4041930780386647,0.0
1.4237010780386647,0.0
1.4567650780386647,0.0
1.493130617057997,0.0
1.493130617057997,0.0
1.4655280780386646,0.0
1.4797195390193323,0.0
1.453085,0.0
1.420046,0.0
1.4182985390193326,0.0
1.395505,0.0
1.398989,0.0
1.394543,0.0
1.4153885390193324,0.0
1.4287225390193325,0.0
1.392794,0.0
1.3698184609806676,0.0
1.375893,0.0
1.3723485390193324,0.0
1.3766845390193323,0.0
1.3916410780386648,0.0
1.409084617057997,0.0
1.3829380780386646,0.0
1.3619655390193324,0.0
1.3635265390193323,0.0
1.3585645390193324,0.0
1.4103900780386647,0.0
1.3947390780386648,0.0
1.430496617057997,0.0
1.4549691560773292,0.0
1.4618431560773293,0.0
1.4597881560773294,0.0
1.4548611560773292,0.0
1.4698936950966615,0.0
1.480725234115994,0.0
1.5105247731353262,0.0
1.5477603121546586,0.0
1.5452507731353262,0.0
1.6089143121546585,0.0
1.6394193121546585,0.0
1.623830851173991,0.0
1.5611463121546585,0.0
1.4975687731353262,0.0
1.4747102341159941,0.0
1.470142234115994,0.0
1.4439616950966616,0.0
1.4413406950966616,0.0
1.4404226950966617,0.0
1.4098511560773292,0.0
1.4423256950966616,0.0
1.467389234115994,0.0
1.4826712341159942,0.0
1.4773636950966615,0.0
1.4816586950966617,0.0
1.4777841560773293,0.0
1.457161617057997,0.0
1.4658321560773293,0.0
1.4970706950966617,0.0
1.4953746950966615,0.0
1.4911996950966617,0.0
1.513025234115994,0.0
1.5232797731353263,0.0
1.5249507731353262,0.0
1.5481043121546585,0.0
1.5274567731353264,0.0
1.5328213121546586,0.0
1.5059387731353262,0.0
1.480559234115994,0.0
1.491143234115994,0.0
1.487225234115994,0.0
1.482246234115994,0.0
1.5176357731353263,0.0
1.5193677731353261,0.0
1.509967234115994,0.0
1.5091072341159941,0.0
1.5141652341159941,0.0
1.5027436950966615,0.0
1.4741211560773293,0.0
1.4964386950966617,0.0
1.523051234115994,0.0
1.5208397731353263,0.0
1.5117517731353263,0.0
1.5300783121546584,0.0
1.556425851173991,0.0
1.6963373901933234,0.0
1.6039629292126554,0.0
1.5908643901933233,0.0
1.5797423901933234,0.0
1.5801993901933233,0.0
1.606912851173991,0.0
1.5910673901933232,0.0
1.5741459292126554,0.0
1.6053214682319878,0.0
1.62478800725132,0.0
1.6216390072513203,0.0
1.6370965462706526,0.0
1.6217595462706527,0.0
1.6409565462706526,0.0
1.63069900725132,0.0
1.6701435462706526,0.0
1.692063085289985,0.0
1.6665235462706527,0.0
1.6932760852899849,0.0
1.6812095462706527,0.0
1.6692265462706526,0.0
1.6525855462706527,0.0
1.6333050072513202,0.0
1.6368310072513201,0.0
1.6478860072513202,0.0
1.6421480072513204,0.0
1.6243324682319877,0.0
1.6425140072513202,0.0
1.643404468231988,0.0
1.624230468231988,0.0
1.610826468231988,0.0
1.621238468231988,0.0
1.6320049292126555,0.0
1.5776953901933233,0.0
1.5756943901933234,0.0
1.5540338511739908,0.0
1.5693553901933233,0.0
1.5890469292126554,0.0
1.5841489292126556,0.0
1.5751753901933232,0.0
1.5619338511739909,0.0
1.5985483901933233,0.0
1.564937851173991,0.0
1.5487193121546585,0.0
1.5751078511739909,0.0
1.5851063901933233,0.0
1.5977309292126556,0.0
1.5983359292126558,0.0
1.5865363901933234,0.0
1.5969573901933234,0.0
1.576567851173991,0.0
1.577508851173991,0.0
1.5905263901933233,0.0
1.6237289292126555,0.0
1.6079209292126557,0.0
1.6066699292126554,0.0
1.6040179292126555,0.0
1.5685883901933233,0.0
1.546792851173991,0.0
1.5224993121546586,0.0
1.4953237731353262,0.0
1.4911722341159939,0.0
1.4745236950966616,0.0
1.4490761560773293,0.0
1.4630516950966617,0.0
1.4674646950966617,0.0
1.4704996950966616,0.0
1.504002234115994,0.0
1.4866236950966616,0.0
1.4812246950966617,0.0
1.498445234115994,0.0
1.5013952341159942,0.0
1.516353234115994,0.0
1.5393017731353262,0.0
1.5685643121546586,0.0
1.5943448511739908,0.0
1.6096443901933233,0.0
1.6193199292126557,0.0
1.6124369292126555,0.0
1.5828663901933233,0.0
1.6101159292126557,0.0
1.5974129292126555,0.0
1.5914149292126556,0.0
1.5953684682319877,0.0
1.587254468231988,0.0
1.6254570072513201,0.0
1.6212094682319877,0.0
1.6438400072513202,0.0
1.66014600725132,0.0
1.6337450072513202,0.0
1.6255620072513202,0.0
1.6673115462706525,0.0
1.6913560852899847,0.0
1.6673715462706526,0.0
1.6643190072513203,0.0
1.6629360072513202,0.0
1.6844705462706526,0.0
1.6687380072513203,0.0
1.6456604682319877,0.0
1.6717880072513203,0.0
1.6668640072513201,0.0
1.632508468231988,0.0
1.6231404682319879,0.0
1.6014649292126557,0.0
1.5856023901933234,0.0
1.6043039292126555,0.0
1.5893899292126554,0.0
1.5882549292126558,0.0
1.5831149292126554,0.0
1.5943459292126554,0.0
1.6002249292126556,0.0
1.6148349292126554,0.0
1.7836753901933233,0.0
1.6015703901933234,0.0
1.6048973901933232,0.0
1.6372079292126558,0.0
1.6057903901933235,0.0
1.6192449292126554,0.0
1.6681234682319879,0.0
1.6529444682319878,0.0
1.7102250072513203,0.0
1.7271490072513203,0.0
1.7676545462706525,0.0
1.7510460072513203,0.0
1.7583410072513204,0.0
1.7300300072513202,0.0
1.7237350072513202,0.0
1.7121114682319878,0.0
1.7166664682319879,0.0
1.7055904682319878,0.0
1.7326940072513202,0.0
1.7311450072513201,0.0
1.7575135462706526,0.0
1.7978300072513203,0.0
1.8411975462706527,0.0
1.8724770852899848,0.0
1.9368956243093172,0.0
1.7310260852899848,0.0
1.6822625462706526,0.0
1.6944345462706525,0.0
1.6764725462706527,0.0
1.6815915462706525,0.0
1.6818305462706526,0.0
1.6782730072513201,0.0
1.6737180072513203,0.0
1.6983365462706526,0.0
1.7192520852899849,0.0
1.769218624309317,0.0
1.805624624309317,0.0
1.8002701633286493,0.0
1.7623436243093171,0.0
1.760117624309317,0.0
1.7653636243093171,0.0
1.773534624309317,0.0
1.7838141633286495,0.0
1.782781624309317,0.0
1.8291126243093172,0.0
1.8305730852899846,0.0
1.8210975462706527,0.0
1.847957085289985,0.0
1.8420330852899847,0.0
1.842701624309317,0.0
1.812348085289985,0.0
1.792183085289985,0.0
1.7986525462706526,0.0
1.7662725462706526,0.0
1.7278180072513203,0.0
1.7566905462706526,0.0
1.7237890072513202,0.0
1.7217120072513201,0.0
1.7294240072513203,0.0
1.7545565462706525,0.0
1.769251085289985,0.0
1.760921624309317,0.0
1.7170556243093171,0.0
1.708689624309317,0.0
1.7231221633286495,0.0
1.7363057023479818,0.0
1.759546241367314,0.0
1.7506232413673142,0.0
1.7667397803866465,0.0
1.7844553194059787,0.0
1.8245448584253112,0.0
1.8534493974446433,0.0
1.8785139364639756,0.0
1.8693419364639756,0.0
1.8974964754833081,0.0
1.909759475483308,0.0
1.9092190145026404,0.0
1.9081240145026404,0.0
1.9208300145026405,0.0
1.9240270145026404,0.0
1.9523425535219725,0.0
1.9451890145026405,0.0
1.9657345535219726,0.0
1.9725195535219728,0.0
1.9546715535219725,0.0
1.9750835535219728,0.0
1.994864092541305,0.0
1.9832195535219728,0.0
2.031837092541305,0.0
2.0271496315606377,0.0
2.0348106315606374,0.0
2.0211216315606375,0.0
2.0202566315606374,0.0
2.0330841705799694,0.0
2.0104586315606374,0.0
1.9890760925413051,0.0
1.993755092541305,0.0
1.9626565535219727,0.0
1.9489070145026404,0.0
1.947438475483308,0.0
1.942623475483308,0.0
1.945667475483308,0.0
1.957584475483308,0.0
1.9553024754833082,0.0
1.9927140145026405,0.0
1.9865794754833082,0.0
1.9685409364639757,0.0
1.9541959364639756,0.0
1.947247936463976,0.0
1.964205475483308,0.0
1.954391475483308,0.0
1.9693350145026405,0.0
1.9896285535219729,0.0
1.9701935535219728,0.0
2.012945092541305,0.0
2.0219796315606375,0.0
2.0088536315606373,0.0
2.0060840925413053,0.0
2.0024626315606375,0.0
2.0272711705799695,0.0
2.064121709599302,0.0
2.0924902486186343,0.0
2.0946427876379667,0.0
2.134819326657299,0.0
2.1587208656766315,0.0
2.162537865676631,0.0
2.1428633266572987,0.0
2.1337547876379666,0.0
2.156361326657299,0.0
2.1805998656766317,0.0
2.1813998656766316,0.0
2.1639083266572987,0.0
2.1402127876379664,0.0
2.1099002486186342,0.0
2.082631709599302,0.0
2.0717177095993025,0.0
2.0470451705799695,0.0
2.0045746315606374,0.0
2.02019517057997,0.0
2.038031709599302,0.0
2.0225431705799695,0.0
2.0348071705799695,0.0
2.0005426315606374,0.0
2.0175106315606373,0.0
2.005351092541305,0.0
2.0181116315606373,0.0
2.0667946315606374,0.0
2.1766971705799696,0.0
2.179181709599302,0.0
2.1692622486186344,0.0
2.1908237876379664,0.0
2.1834252486186343,0.0
2.176094709599302,0.0
2.186089248618634,0.0
2.137068709599302,0.0
2.0898401705799694,0.0
2.0620376315606372,0.0
2.0503426315606372,0.0
2.0515701705799696,0.0
2.0750267095993022,0.0
2.077617709599302,0.0
2.0411981705799698,0.0
2.0333806315606373,0.0
2.04173617057997,0.0
2.03652217057997,0.0
2.0459771705799694,0.0
2.087736709599302,0.0
2.0855831705799694,0.0
2.0694346315606373,0.0
2.0467346315606374,0.0
2.0532166315606375,0.0
2.0565496315606375,0.0
2.0430026315606375,0.0
2.0615880925413053,0.0
2.1256906315606376,0.0
2.1260366315606376,0.0
2.1638021705799697,0.0
2.182258709599302,0.0
2.1546271705799698,0.0
2.0966916315606374,0.0
2.0767956315606377,0.0
2.0628086315606375,0.0
2.0751441705799696,0.0
2.0438106315606372,0.0
2.0546581705799696,0.0
2.0665187095993023,0.0
2.0460741705799697,0.0
2.074204709599302,0.0
2.0813047095993022,0.0
2.094303709599302,0.0
2.1192082486186345,0.0
2.1558947876379664,0.0
2.1551817876379666,0.0
2.1253292486186344,0.0
2.1587402486186344,0.0
2.2422872486186343,0.0
2.2374457876379665,0.0
2.2213857876379666,0.0
2.1982202486186346,0.0
2.175924709599302,0.0
2.2087442486186344,0.0
2.2179472486186342,0.0
2.217889248618634,0.0
2.2390777876379664,0.0
2.244234326657299,0.0
2.2488098656766313,0.0
2.2282568656766313,0.0
2.2732654046959637,0.0
2.2805444046959638,0.0
2.2672918656766314,0.0
2.407858404695964,0.0
2.3799114046959637,0.0
2.3555798656766314,0.0
2.4230054046959637,0.0
2.410871404695964,0.0
2.4082738656766316,0.0
2.4292764046959636,0.0
2.5721114046959634,0.0
2.4860609437152963,0.0
2.325160943715296,0.0
2.2972484046959636,0.0
2.2888674046959636,0.0
2.3188388656766312,0.0
2.3345148656766312,0.0
2.3280568656766314,0.0
2.3343718656766317,0.0
2.317101326657299,0.0
2.307472326657299,0.0
2.291955326657299,0.0
2.2950868656766312,0.0
2.3107454046959637,0.0
2.3029618656766315,0.0
2.3195713266572993,0.0
2.312254865676631,0.0
2.3061054046959635,0.0
2.2836598656766314,0.0
2.2305683266572993,0.0
2.2683398656766314,0.0
2.271043326657299,0.0
2.283265326657299,0.0
2.295202326657299,0.0
2.331247865676631,0.0
2.325465865676631,0.0
2.446690865676631,0.0
2.4160038656766316,0.0
2.370682326657299,0.0
2.387564865676631,0.0
2.4206208656766313,0.0
2.433665404695964,0.0
2.386673943715296,0.0
2.370951943715296,0.0
2.3360954046959637,0.0
2.3149618656766315,0.0
2.284125326657299,0.0
2.2686103266572992,0.0
2.224485326657299,0.0
2.2690428656766315,0.0
2.2660854046959638,0.0
2.2610814046959637,0.0
2.2246138656766314,0.0
2.2727974046959636,0.0
2.284203943715296,0.0
2.2767934046959635,0.0
2.394057404695964,0.0
2.406129943715296,0.0
2.472585943715296,0.0
2.567031943715296,0.0
2.535926943715296,0.0
2.3772464827346282,0.0
2.4084480217539603,0.0
2.4105280217539606,0.0
2.450166560773293,0.0
2.4396730217539604,0.0
2.430011482734628,0.0
2.448895021753961,0.0
2.4512224827346283,0.0
2.469490943715296,0.0
2.5130214827346284,0.0
2.4334144827346282,0.0
2.3727080217539607,0.0
2.391758560773293,0.0
2.3793240997926253,0.0
2.356803560773293,0.0
2.352932099792625,0.0
2.317210560773293,0.0
2.2983960217539607,0.0
2.265077482734628,0.0
2.3095250217539602,0.0
2.3283860217539605,0.0
2.2991090217539605,0.0
2.315317560773293,0.0
2.3183630217539606,0.0
2.289830482734628,0.0
2.325370021753961,0.0
2.338257021753961,0.0
2.3335604827346286,0.0
2.3416094827346283,0.0
2.328652943715296,0.0
2.3593084827346282,0.0
2.3816470217539605,0.0
2.379108021753961,0.0
2.3496604827346284,0.0
2.319499943715296,0.0
2.295603943715296,0.0
2.2823894046959636,0.0
2.2568224046959635,0.0
2.2487034046959637,0.0
2.223537865676631,0.0
2.228910404695964,0.0
2.273275404695964,0.0
2.309263943715296,0.0
2.280106404695964,0.0
2.251691404695964,0.0
2.252889943715296,0.0
2.2599434046959637,0.0
2.332950865676631,0.0
2.2958273266572986,0.0
2.264287326657299,0.0
2.2336117876379666,0.0
2.2447417876379667,0.0
2.2411412486186344,0.0
2.2445407876379666,0.0
2.2481477876379667,0.0
2.2361032486186345,0.0
2.204730709599302,0.0
2.218299248618634,0.0
2.2106182486186343,0.0
2.224587787637967,0.0
2.200377248618634,0.0
2.2007897876379667,0.0
2.221307326657299,0.0
2.1924997876379666,0.0
2.1581432486186345,0.0
2.1582472486186344,0.0
2.1397697095993022,0.0
2.1537247095993024,0.0
2.1748362486186346,0.0
2.151056709599302,0.0
2.1382067095993023,0.0
2.1339191705799694,0.0
2.1367291705799696,0.0
2.164250709599302,0.0
2.1511951705799697,0.0
2.1501786315606375,0.0
2.1749636315606375,0.0
2.1923391705799697,0.0
2.223987709599302,0.0
2.219935709599302,0.0
2.250823248618634,0.0
2.2507937876379667,0.0
2.245552326657299,0.0
2.244119326657299,0.0
2.2777918656766314,0.0
2.253027865676631,0.0
2.2661194046959636,0.0
2.280528943715296,0.0
2.2444764046959635,0.0
2.234567404695964,0.0
2.251494943715296,0.0
2.261172404695964,0.0
2.277218943715296,0.0
2.283788482734628,0.0
2.2925994827346283,0.0
2.277216943715296,0.0
2.243825404695964,0.0
2.270876943715296,0.0
2.284269943715296,0.0
2.302593943715296,0.0
2.334371404695964,0.0
2.349806404695964,0.0
2.3279448656766313,0.0
2.284073326657299,0.0
2.2490657876379667,0.0
2.211732248618634,0.0
2.2491792486186344,0.0
2.2785767876379666,0.0
2.3097662486186343,0.0
2.300828709599302,0.0
2.3737382486186345,0.0
2.3352517095993024,0.0
2.3339282486186343,0.0
2.320389248618634,0.0
2.279351709599302,0.0
2.2997262486186343,0.0
2.3149412486186343,0.0
2.300032709599302,0.0
2.3136512486186342,0.0
2.3278597876379665,0.0
2.3466873266572987,0.0
2.350482326657299,0.0
2.394845865676631,0.0
2.4298484046959636,0.0
2.4569104046959636,0.0
2.474000943715296,0.0
2.502622482734628,0.0
2.5319570217539606,0.0
2.5100244827346283,0.0
2.450115943715296,0.0
2.4227399437152957,0.0
2.4101614046959634,0.0
2.4354019437152963,0.0
2.4026894046959635,0.0
2.3817738656766316,0.0
2.349246326657299,0.0
2.347255326657299,0.0
2.343570326657299,0.0
2.322509326657299,0.0
2.3513258656766314,0.0
2.3796494046959635,0.0
2.3719988656766313,0.0
2.3680338656766313,0.0
2.345718326657299,0.0
2.3269507876379665,0.0
2.3079402486186344,0.0
2.326057248618634,0.0
2.3641287876379664,0.0
2.365735248618634,0.0
2.3477747095993022,0.0
2.3747822486186343,0.0
2.366150709599302,0.0
2.3697172486186338,0.0
2.3722087876379665,0.0
2.3457892486186345,0.0
2.3444772486186345,0.0
2.3453112486186343,0.0
2.3367062486186345,0.0
2.3559447876379664,0.0
2.3421827876379666,0.0
2.3247757876379667,0.0
2.3004952486186343,0.0
2.3355287876379665,0.0
2.354772787637967,0.0
2.3759993266572987,0.0
2.362390326657299,0.0
2.3709168656766315,0.0
2.345457326657299,0.0
2.3348887876379667,0.0
2.321685248618634,0.0
2.3277937095993018,0.0
2.337198709599302,0.0
2.374232709599302,0.0
2.3602867095993023,0.0
2.364710709599302,0.0
2.3474351705799696,0.0
2.386946709599302,0.0
2.363995709599302,0.0
2.3156321705799696,0.0
2.31551017057997,0.0
2.3444777095993024,0.0
2.29125917057997,0.0
2.292469709599302,0.0
2.2710801705799692,0.0
2.2466166315606375,0.0
2.2329976315606372,0.0
2.2325906315606376,0.0
2.2382116315606373,0.0
2.2428006315606375,0.0
2.227235092541305,0.0
2.2503786315606376,0.0
2.2730106315606373,0.0
2.2893051705799694,0.0
2.3053287095993023,0.0
2.3373292486186346,0.0
2.336801248618634,0.0
2.343368709599302,0.0
2.3826402486186344,0.0
2.4081467876379667,0.0
2.3929842486186343,0.0
2.4063912486186343,0.0
2.387828709599302,0.0
2.3398531705799694,0.0
2.349818709599302,0.0
2.3673972486186345,0.0
2.3468627876379666,0.0
2.3359297876379665,0.0
2.2957202486186343,0.0
2.2766642486186344,0.0
2.246980709599302,0.0
2.23145917057997,0.0
2.2271206315606373,0.0
2.2362111705799697,0.0
2.2559827095993024,0.0
2.2846432486186345,0.0
2.281429709599302,0.0
2.25884817057997,0.0
2.289332709599302,0.0
2.3302662486186345,0.0
2.353539248618634,0.0
2.366880248618634,0.0
2.3737052486186343,0.0
2.385396248618634,0.0
2.4115327876379666,0.0
2.442409787637967,0.0
2.3727452486186342,0.0
2.339227709599302,0.0
2.358362248618634,0.0
2.388090709599302,0.0
2.4931842486186344,0.0
2.5019402486186344,0.0
2.4944917876379664,0.0
2.487961326657299,0.0
2.4735303266572988,0.0
2.4737918656766316,0.0
2.493164404695964,0.0
2.516441943715296,0.0
2.526915482734628,0.0
2.528243943715296,0.0
2.5315784046959635,0.0
2.510118865676631,0.0
2.5185108656766313,0.0
2.532051326657299,0.0
2.5425447876379668,0.0
2.540661248618634,0.0
2.5423407095993023,0.0
2.5348381705799694,0.0
2.5171301705799696,0.0
2.52511417057997,0.0
2.5208537095993018,0.0
2.521399709599302,0.0
2.4931311705799697,0.0
2.529284709599302,0.0
2.4886477095993023,0.0
2.5130782486186343,0.0
2.497894248618634,0.0
2.450875709599302,0.0
2.441875709599302,0.0
2.42756417057997,0.0
2.435110709599302,0.0
2.4308837095993017,0.0
2.4335277095993018,0.0
2.441624709599302,0.0
2.483251709599302,0.0
2.4929932486186344,0.0
2.470482709599302,0.0
2.516552709599302,0.0
2.528893709599302,0.0
2.583841248618634,0.0
2.5917862486186345,0.0
2.6026172486186345,0.0
2.5994052486186345,0.0
3.4546927876379665,1.0
3.708784787637967,1.0
3.762057326657299,1.0
2.601080787637967,0.0
2.588765326657299,0.0
2.613488865676631,0.0
2.628293865676631,0.0
2.600185326657299,0.0
2.6154178656766316,0.0
2.564810326657299,0.0
2.5644738656766313,0.0
2.591265404695964,0.0
2.604212943715296,0.0
2.5688714046959635,0.0
2.536838865676631,0.0
2.572479404695964,0.0
2.5510758656766312,0.0
2.5720258656766313,0.0
2.600263404695964,0.0
2.658176943715296,0.0
2.662275404695964,0.0
2.696725943715296,0.0
2.716820943715296,0.0
2.697047404695964,0.0
2.6965444046959637,0.0
2.660904865676631,0.0
2.620188326657299,0.0
2.6568468656766315,0.0
2.6272293266572992,0.0
2.610781865676631,0.0
2.6024218656766314,0.0
2.5834748656766315,0.0
2.549944326657299,0.0
2.553498865676631,0.0
2.515224326657299,0.0
2.4900077876379667,0.0
2.4728722486186343,0.0
2.429232709599302,0.0
2.439664709599302,0.0
2.451956709599302,0.0
2.4778672486186344,0.0
2.465965709599302,0.0
2.5405422486186344,0.0
2.545261709599302,0.0
2.572247709599302,0.0
2.5896652486186342,0.0
2.5728727095993023,0.0
2.55145117057997,0.0
2.5232856315606376,0.0
2.5077056315606376,0.0
2.5015506315606375,0.0
2.5087936315606374,0.0
2.5028400925413052,0.0
2.4521945535219727,0.0
2.468414092541305,0.0
2.448084092541305,0.0
2.4412266315606375,0.0
2.4279766315606373,0.0
2.4380681705799696,0.0
2.41798717057997,0.0
2.40902217057997,0.0
2.452349709599302,0.0
2.4386291705799694,0.0
2.4226156315606375,0.0
2.417051092541305,0.0
2.4642886315606374,0.0
2.5152951705799698,0.0
2.5374331705799698,0.0
2.589892709599302,0.0
2.588657709599302,0.0
2.6091442486186343,0.0
2.586570709599302,0.0
2.584931709599302,0.0
2.5411181705799697,0.0
2.549831709599302,0.0
2.5571232486186344,0.0
2.572918709599302,0.0
2.533986709599302,0.0
2.512862709599302,0.0
2.46584717057997,0.0
2.44789717057997,0.0
2.4411016315606373,0.0
2.393277092541305,0.0
2.343980553521973,0.0
2.367999553521973,0.0
2.33992501450264,0.0
2.3072374754833085,0.0
2.33684401450264,0.0
2.3428310145026403,0.0
2.3613294754833083,0.0
2.4170990145026403,0.0
2.4550825535219727,0.0
2.524999092541305,0.0
2.5199495535219727,0.0
2.537027092541305,0.0
2.545256092541305,0.0
2.5197715535219727,0.0
2.5197170925413053,0.0
2.4768835535219726,0.0
2.471169092541305,0.0
2.4581480925413053,0.0
2.4148470925413053,0.0
2.383185553521973,0.0
2.3591400145026404,0.0
2.3776815535219726,0.0
2.3350660145026403,0.0
2.354687553521973,0.0
2.3409760145026404,0.0
2.3313635535219728,0.0
2.3057045535219727,0.0
2.3600870925413053,0.0
2.4103526315606376,0.0
2.407941092541305,0.0
2.4663506315606374,0.0
2.514599631560638,0.0
2.5672856315606376,0.0
2.62304517057997,0.0
2.6586317095993017,0.0
2.6663292486186343,0.0
2.636368248618634,0.0
2.6058627876379665,0.0
2.6198713266572993,0.0
2.6000417876379665,0.0
2.590093787637967,0.0
2.567784326657299,0.0
2.5354947876379663,0.0
2.5397567876379665,0.0
2.4754972486186344,0.0
2.4655362486186343,0.0
2.4398792486186345,0.0
2.4315367095993023,0.0
2.39372417057997,0.0
2.3814467095993024,0.0
2.36852117057997,0.0
2.4027491705799697,0.0
2.435592709599302,0.0
2.480280248618634,0.0
2.526456248618634,0.0
2.541382709599302,0.0
2.5975352486186343,0.0
2.595371709599302,0.0
2.5906707095993022,0.0
2.5568221705799696,0.0
2.55144617057997,0.0
2.5591226315606375,0.0
2.468943092541305,0.0
2.4988686315606374,0.0
2.481986092541305,0.0
2.4332085535219727,0.0
2.3863930145026404,0.0
2.3761990145026406,0.0
2.3539390145026404,0.0
2.3447690145026403,0.0
2.306775475483308,0.0
2.3015880145026406,0.0
2.2970870145026403,0.0
2.269211475483308,0.0
2.287599475483308,0.0
2.3269770145026403,0.0
2.3541655535219728,0.0
2.3727985535219727,0.0
2.392072553521973,0.0
2.4253165535219727,0.0
2.454457553521973,0.0
2.463102553521973,0.0
2.468805553521973,0.0
2.4545160145026403,0.0
2.4269434754833084,0.0
2.4048780145026405,0.0
2.3983520145026405,0.0
2.4228355535219728,0.0
2.4061740145026405,0.0
2.360492475483308,0.0
2.339644936463976,0.0
2.3299369364639757,0.0
2.320557475483308,0.0
2.289399936463976,0.0
2.2824259364639756,0.0
2.2721963974446435,0.0
2.292806936463976,0.0
2.2775909364639757,0.0
2.310251475483308,0.0
2.301740936463976,0.0
2.2965063974446434,0.0
2.2853268584253112,0.0
2.317805858425311,0.0
2.362993858425311,0.0
2.4172933974446433,0.0
2.4361303974446433,0.0
2.4400523974446435,0.0
2.4321873974446433,0.0
2.443144936463976,0.0
2.4042363974446435,0.0
2.363865858425311,0.0
2.356048858425311,0.0
2.3456343974446434,0.0
2.3463589364639756,0.0
2.3284483974446433,0.0
2.293041858425311,0.0
2.3065853974446435,0.0
2.3060053974446433,0.0
2.255666858425311,0.0
2.2745643974446432,0.0
2.2710973974446436,0.0
2.247740858425311,0.0
2.2856403974446433,0.0
2.2922118584253113,0.0
2.291978858425311,0.0
2.296921858425311,0.0
2.309047319405979,0.0
2.3618988584253113,0.0
2.4106353974446435,0.0
2.3841708584253114,0.0
2.388202858425311,0.0
2.382686858425311,0.0
2.363906319405979,0.0
2.368451858425311,0.0
2.3813853974446433,0.0
2.3847473974446434,0.0
2.3766533974446435,0.0
2.3588993974446435,0.0
2.3615453974446434,0.0
2.334337936463976,0.0
2.332793475483308,0.0
2.346769475483308,0.0
2.2945539364639758,0.0
2.2844793974446436,0.0
2.299797858425311,0.0
2.278917858425311,0.0
2.3061453974446433,0.0
2.3129183974446432,0.0
2.362325936463976,0.0
2.3886173974446434,0.0
2.386402858425311,0.0
2.396875319405979,0.0
2.5161408584253113,0.0
2.5298903974446434,0.0
2.5235719364639757,0.0
2.5153044754833083,0.0
2.4875584754833078,0.0
2.4669114754833084,0.0
2.445991475483308,0.0
2.419084475483308,0.0
2.417613936463976,0.0
2.3841629364639756,0.0
2.378491475483308,0.0
2.3719814754833077,0.0
2.340804475483308,0.0
2.328730475483308,0.0
2.291657936463976,0.0
2.2907189364639757,0.0
2.2676043974446434,0.0
2.239877858425311,0.0
2.273532858425311,0.0
2.2438148584253113,0.0
2.268264858425311,0.0
2.303126397444643,0.0
2.3454759364639757,0.0
2.3903269364639756,0.0
2.4429874754833083,0.0
2.4775910145026403,0.0
2.5007610145026407,0.0
2.4916370145026407,0.0
2.4700130145026407,0.0
2.4549190145026403,0.0
2.4602440145026403,0.0
2.478794553521973,0.0
2.40988001450264,0.0
2.356861475483308,0.0
2.36799901450264,0.0
2.3525420145026406,0.0
2.366242553521973,0.0
2.3101740145026404,0.0
2.284811475483308,0.0
2.304084475483308,0.0
2.299582475483308,0.0
2.3282500145026406,0.0
2.3200774754833082,0.0
2.35316801450264,0.0
2.36289001450264,0.0
2.38068201450264,0.0
2.3906794754833083,0.0
2.4406460145026405,0.0
2.477911553521973,0.0
2.514759553521973,0.0
2.525208092541305,0.0
2.5079275535219727,0.0
2.486905553521973,0.0
2.476115092541305,0.0
2.490556092541305,0.0
2.491148092541305,0.0
2.4590576315606376,0.0
2.5038996315606377,0.0
2.133413092541305,1.0
2.0591130925413053,1.0
2.0539296315606372,1.0
2.0448916315606374,1.0
2.0718646315606373,1.0
2.0736826315606374,1.0
2.0608496315606373,1.0
2.0722331705799695,1.0
2.0486146315606373,1.0
2.0532696315606374,1.0
2.07669817057997,1.0
2.0795591705799694,1.0
2.0699851705799697,1.0
2.0820041705799697,1.0
2.0517066315606374,1.0
2.09096217057997,1.0
2.0440586315606373,1.0
2.026823092541305,1.0
1.9855185535219726,1.0
1.9657435535219725,1.0
1.9701695535219725,1.0
1.9681395535219726,1.0
1.9331610145026403,1.0
1.9531735535219727,1.0
1.9329595535219726,0.0
1.9263520145026405,0.0
1.9287280145026404,0.0
1.9414535535219728,0.0
1.9658505535219728,0.0
1.9489150145026404,0.0
1.912218475483308,0.0
1.9084050145026403,0.0
1.893230475483308,0.0
1.9031024754833081,0.0
1.899499475483308,0.0
1.8818769364639758,0.0
1.8540893974446435,0.0
1.8497068584253111,0.0
1.8507533974446435,0.0
1.8844189364639758,0.0
1.8904149364639755,0.0
1.8900089364639756,0.0
1.892838936463976,0.0
1.8527503974446433,0.0
1.8420168584253112,0.0
1.8274133194059787,0.0
1.8239083194059789,0.0
1.9185873194059788,0.0
1.8990713194059787,0.0
1.8803473194059788,0.0
1.9115148584253112,0.0
1.9070718584253112,0.0
1.9137933194059789,0.0
1.9413408584253111,0.0
1.9452923974446432,0.0
1.9106613974446436,0.0
1.8937118584253112,0.0
1.880426858425311,0.0
1.9114863974446434,0.0
1.9081838584253112,0.0
1.9159273974446434,0.0
1.9048953974446432,0.0
1.920711936463976,0.0
1.9005753974446433,0.0
1.9375039364639757,0.0
1.956577475483308,0.0
1.9348244754833082,0.0
1.9406080145026405,0.0
1.9518900145026403,0.0
1.934337475483308,0.0
1.9523740145026405,0.0
1.9438260145026405,0.0
1.9710005535219728,0.0
1.990565092541305,0.0
2.0028346315606376,0.0
1.977977092541305,0.0
1.9654435535219728,0.0
2.002410092541305,0.0
1.9992946315606375,0.0
1.964157092541305,0.0
1.9950526315606374,0.0
2.0271821705799695,0.0
1.9846826315606374,0.0
1.9688930925413048,0.0
1.985688092541305,0.0
1.990289092541305,0.0
1.9592955535219727,0.0
1.9687915535219727,0.0
1.9559840145026404,0.0
1.9913585535219727,0.0
1.9603640145026404,0.0
1.9850885535219729,0.0
1.9719100145026405,0.0
1.944734475483308,0.0
1.9584800145026404,0.0
1.9523490145026405,0.0
1.9700105535219725,0.0
1.9342180145026404,0.0
1.9456935535219726,0.0
1.9565230145026404,0.0
2.0034985535219727,0.0
1.9769330145026405,0.0
1.9585364754833081,0.0
1.9681740145026405,0.0
1.9845790145026405,0.0
1.9790690145026404,0.0
1.934968475483308,0.0
1.922687475483308,0.0
1.9440300145026403,0.0
1.914370475483308,0.0
1.9585170145026405,0.0
1.9839795535219729,0.0
1.9743330145026403,0.0
1.9943160145026404,0.0
2.0037385535219725,0.0
1.9777850145026403,0.0
1.9753030145026405,0.0
1.9861695535219726,0.0
1.998409092541305,0.0
2.0120066315606375,0.0
1.9990076315606373,0.0
2.0051166315606372,0.0
2.0411471705799697,0.0
2.0132706315606375,0.0
2.0161646315606374,0.0
2.006841092541305,0.0
1.9999450925413051,0.0
1.9980100925413051,0.0
1.989444092541305,0.0
2.0073896315606374,0.0
1.9980586315606375,0.0
2.0011266315606373,0.0
1.9976206315606375,0.0
1.977704092541305,0.0
1.9533375535219726,0.0
1.958871553521973,0.0
1.9871680925413049,0.0
2.0139980925413052,0.0
2.0133340925413052,0.0
2.017088092541305,0.0
2.022653092541305,0.0
2.0251356315606373,0.0
2.0073356315606374,0.0
2.01511217057997,0.0
1.9924326315606375,0.0
1.9972421705799697,0.0
1.9807236315606374,0.0
1.9973976315606374,0.0
2.0071106315606375,0.0
1.9877800925413052,0.0
2.0115276315606376,0.0
1.970979092541305,0.0
1.9626720925413053,0.0
1.9420305535219726,0.0
2.004589092541305,0.0
2.0040656315606373,0.0
1.9951616315606375,0.0
1.9882830925413049,0.0
1.9999036315606373,0.0
2.0152486315606373,0.0
2.04286717057997,0.0
2.04443117057997,0.0
2.0317011705799697,0.0
1.9922556315606372,0.0
1.978289092541305,0.0
1.9578225535219729,0.0
1.9341600145026405,0.0
1.9503055535219729,0.0
1.9271780145026405,0.0
1.9405315535219727,0.0
2.009854553521973,0.0
2.027000092541305,0.0
2.0665306315606373,0.0
2.0778816315606377,0.0
2.053506092541305,0.0
2.0446846315606373,0.0
2.0330336315606377,0.0
2.04382317057997,0.0
2.0552997095993017,0.0
2.0254531705799694,0.0
1.9966096315606374,0.0
2.02714817057997,0.0
2.0133371705799696,0.0
2.0409106315606373,0.0
2.0383596315606374,0.0
2.002152092541305,0.0
1.971337092541305,0.0
1.9713276315606376,0.0
2.0351111705799694,0.0
2.053821709599302,0.0
2.057620248618634,0.0
2.0235097095993018,0.0
2.0313222486186344,0.0
2.048645787637967,0.0
2.0504602486186343,0.0
2.1005377876379665,0.0
2.1542243266572987,0.0
2.153099326657299,0.0
2.127188326657299,0.0
2.1197298656766312,0.0
2.1284448656766313,0.0
2.119633865676631,0.0
