2.0,0.0
26.23545615085647,0.0
16.23545615085647,0.0
26.470912301712946,0.0
78.70636845256942,0.0
28.470912301712946,0.0
26.470912301712946,0.0
56.23545615085647,0.0
4.0,0.0
48.23545615085647,0.0
6.0,0.0
56.23545615085647,0.0
18.0,0.0
-4.235456150856473,0.0
-2.235456150856473,0.0
-8.235456150856473,0.0
-18.470912301712946,0.0
-14.706368452569414,0.0
-30.706368452569414,0.0
-32.706368452569414,0.0
-4.470912301712946,0.0
-16.706368452569414,0.0
5.529087698287054,0.0
-18.470912301712946,0.0
15.764543849143527,0.0
60.0,0.0
22.0,0.0
14.0,0.0
46.23545615085647,0.0
58.23545615085647,0.0
50.23545615085647,0.0
76.47091230171294,0.0
64.47091230171294,0.0
68.70636845256942,0.0
88.47091230171294,0.0
74.70636845256942,0.0
62.706368452569414,0.0
66.94182460342589,0.0
50.706368452569414,0.0
66.47091230171294,0.0
20.23545615085647,0.0
56.47091230171294,0.0
28.23545615085647,0.0
18.23545615085647,0.0
28.470912301712946,0.0
38.23545615085647,0.0
46.47091230171294,0.0
26.470912301712946,0.0
48.706368452569414,0.0
52.706368452569414,0.0
40.706368452569414,0.0
50.47091230171294,0.0
38.23545615085647,0.0
28.23545615085647,0.0
60.47091230171294,0.0
56.706368452569414,0.0
28.470912301712946,0.0
42.47091230171294,0.0
80.70636845256942,0.0
86.70636845256942,0.0
84.70636845256942,0.0
80.70636845256942,0.0
74.70636845256942,0.0
62.47091230171294,0.0
110.70636845256942,0.0
104.94182460342589,0.0
89.17728075428238,0.0
71.17728075428238,0.0
113.41273690513883,0.0
97.17728075428238,0.0
61.17728075428237,0.0
101.41273690513883,0.0
105.41273690513883,0.0
87.17728075428238,0.0
65.17728075428238,0.0
99.41273690513883,0.0
109.17728075428238,0.0
58.94182460342589,0.0
48.706368452569414,0.0
30.470912301712946,0.0
64.47091230171294,0.0
62.706368452569414,0.0
112.94182460342589,0.0
75.17728075428238,0.0
118.94182460342589,0.0
131.17728075428238,0.0
66.94182460342589,0.0
58.706368452569414,0.0
90.47091230171294,0.0
50.706368452569414,0.0
60.47091230171294,0.0
56.706368452569414,0.0
58.706368452569414,0.0
98.94182460342589,0.0
70.94182460342589,0.0
62.94182460342589,0.0
65.17728075428238,0.0
62.94182460342589,0.0
58.94182460342589,0.0
87.17728075428238,0.0
54.94182460342589,0.0
52.94182460342589,0.0
64.70636845256942,0.0
26.470912301712946,0.0
28.470912301712946,0.0
40.23545615085647,0.0
66.47091230171294,0.0
28.23545615085647,0.0
56.23545615085647,0.0
30.0,0.0
13.764543849143527,0.0
12.0,0.0
14.0,0.0
1.7645438491435268,0.0
12.0,0.0
1.7645438491435268,0.0
-12.235456150856473,0.0
24.0,0.0
32.23545615085647,0.0
22.0,0.0
-12.235456150856473,0.0
-10.235456150856473,0.0
-16.470912301712946,0.0
1.7645438491435268,0.0
-24.470912301712946,0.0
-14.470912301712946,0.0
-26.706368452569414,0.0
-44.94182460342589,0.0
3.2936315474305857,0.0
-28.941824603425893,0.0
-36.706368452569414,0.0
25.529087698287054,0.0
-6.470912301712946,0.0
-4.235456150856473,0.0
16.0,0.0
28.23545615085647,0.0
34.47091230171294,0.0
26.470912301712946,0.0
12.235456150856473,0.0
8.0,0.0
-10.235456150856473,0.0
-6.235456150856473,0.0
-18.470912301712946,0.0
-32.706368452569414,0.0
-34.94182460342589,0.0
-24.706368452569414,0.0
-22.470912301712946,0.0
-32.706368452569414,0.0
-0.9418246034258928,0.0
-59.17728075428237,0.0
-36.94182460342589,0.0
-46.94182460342589,0.0
9.293631547430586,0.0
-44.94182460342589,0.0
-47.17728075428237,0.0
-46.94182460342589,0.0
-2.7063684525694143,0.0
-28.706368452569414,0.0
-4.706368452569414,0.0
-14.706368452569414,0.0
-22.706368452569414,0.0
-8.470912301712946,0.0
-0.2354561508564732,0.0
40.0,0.0
11.764543849143527,0.0
-18.470912301712946,0.0
-6.470912301712946,0.0
-22.470912301712946,0.0
-24.470912301712946,0.0
13.529087698287054,0.0
-14.706368452569414,0.0
-42.94182460342589,0.0
-42.94182460342589,0.0
-11.177280754282371,0.0
-35.17728075428237,0.0
-67.41273690513883,0.0
-43.17728075428237,0.0
-31.17728075428237,0.0
-49.17728075428237,0.0
-73.41273690513883,0.0
-75.6481930559953,0.0
-25.41273690513883,0.0
-53.17728075428237,0.0
-36.94182460342589,0.0
-20.941824603425893,0.0
1.0581753965741072,0.0
-0.7063684525694143,0.0
-20.706368452569414,0.0
-14.706368452569414,0.0
-14.470912301712946,0.0
7.293631547430586,0.0
-10.706368452569414,0.0
-36.94182460342589,0.0
-42.94182460342589,0.0
-22.706368452569414,0.0
-10.470912301712946,0.0
23.76454384914353,0.0
-14.470912301712946,0.0
-12.235456150856473,0.0
3.764543849143527,0.0
34.0,0.0
16.0,0.0
-10.235456150856473,0.0
20.0,0.0
54.23545615085647,0.0
18.23545615085647,0.0
20.23545615085647,0.0
34.23545615085647,0.0
32.47091230171294,0.0
28.470912301712946,0.0
24.470912301712946,0.0
66.47091230171294,0.0
46.706368452569414,0.0
38.706368452569414,0.0
36.47091230171294,0.0
12.235456150856473,0.0
2.0,0.0
22.0,0.0
24.23545615085647,0.0
50.0,0.0
28.0,0.0
0.0,0.0
16.23545615085647,0.0
56.23545615085647,0.0
18.0,0.0
-10.235456150856473,0.0
6.0,0.0
30.23545615085647,0.0
24.23545615085647,0.0
48.47091230171294,0.0
74.70636845256942,0.0
44.47091230171294,0.0
38.23545615085647,0.0
54.23545615085647,0.0
52.23545615085647,0.0
32.47091230171294,0.0
44.47091230171294,0.0
68.70636845256942,0.0
94.94182460342589,0.0
70.94182460342589,0.0
60.94182460342589,0.0
86.94182460342589,0.0
65.17728075428238,0.0
83.41273690513883,0.0
107.6481930559953,0.0
113.88364920685179,0.0
87.6481930559953,0.0
99.88364920685179,0.0
111.88364920685179,0.0
120.11910535770826,0.0
121.88364920685179,0.0
99.6481930559953,0.0
111.41273690513883,0.0
113.41273690513883,0.0
101.17728075428238,0.0
93.17728075428238,0.0
75.17728075428238,0.0
96.94182460342589,0.0
81.17728075428238,0.0
109.41273690513883,0.0
79.41273690513883,0.0
63.17728075428237,0.0
89.17728075428238,0.0
90.94182460342589,0.0
50.706368452569414,0.0
62.94182460342589,0.0
91.17728075428238,0.0
103.17728075428238,0.0
101.17728075428238,0.0
117.41273690513883,0.0
121.6481930559953,0.0
117.6481930559953,0.0
127.88364920685179,0.0
133.6481930559953,0.0
97.88364920685179,0.0
87.6481930559953,0.0
119.41273690513883,0.0
95.41273690513883,0.0
95.41273690513883,0.0
107.41273690513883,0.0
105.6481930559953,0.0
139.6481930559953,0.0
107.41273690513883,0.0
87.41273690513883,0.0
95.41273690513883,0.0
105.17728075428238,0.0
86.94182460342589,0.0
85.17728075428238,0.0
87.41273690513883,0.0
137.6481930559953,0.0
105.6481930559953,0.0
109.88364920685179,0.0
116.11910535770826,0.0
170.35456150856476,0.0
142.59001765942122,0.0
126.35456150856474,0.0
138.35456150856476,0.0
164.35456150856476,0.0
130.11910535770826,0.0
122.35456150856474,0.0
200.59001765942122,0.0
160.82547381027766,0.0
161.06092996113415,0.0
169.06092996113415,0.0
175.2963861119906,0.0
181.2963861119906,0.0
171.2963861119906,0.0
161.06092996113415,0.0
179.2963861119906,0.0
205.5318422628471,0.0
171.2963861119906,0.0
205.5318422628471,0.0
199.2963861119906,0.0
197.2963861119906,0.0
187.2963861119906,0.0
213.06092996113415,0.0
215.06092996113415,0.0
177.06092996113415,0.0
177.06092996113415,0.0
202.82547381027766,0.0
207.06092996113415,0.0
154.82547381027766,0.0
164.82547381027766,0.0
152.82547381027766,0.0
148.82547381027766,0.0
148.59001765942122,0.0
136.35456150856476,0.0
150.35456150856476,0.0
114.11910535770826,0.0
134.35456150856476,0.0
138.59001765942122,0.0
142.59001765942122,0.0
162.35456150856476,0.0
112.11910535770826,0.0
124.35456150856474,0.0
128.11910535770826,0.0
119.88364920685179,0.0
126.11910535770826,0.0
132.35456150856476,0.0
150.59001765942122,0.0
148.59001765942122,0.0
154.35456150856476,0.0
132.35456150856476,0.0
128.11910535770826,0.0
132.11910535770826,0.0
142.35456150856476,0.0
152.59001765942122,0.0
142.59001765942122,0.0
176.59001765942122,0.0
142.59001765942122,0.0
140.35456150856476,0.0
118.11910535770826,0.0
105.88364920685179,0.0
129.6481930559953,0.0
77.41273690513883,0.0
61.17728075428237,0.0
48.94182460342589,0.0
63.17728075428237,0.0
61.17728075428237,0.0
71.17728075428238,0.0
83.41273690513883,0.0
73.17728075428238,0.0
61.17728075428237,0.0
83.41273690513883,0.0
73.41273690513883,0.0
83.41273690513883,0.0
103.6481930559953,0.0
97.88364920685179,0.0
122.11910535770826,0.0
124.35456150856474,0.0
134.59001765942122,0.0
144.59001765942122,0.0
172.35456150856476,0.0
154.59001765942122,0.0
162.59001765942122,0.0
174.59001765942122,0.0
188.82547381027766,0.0
194.82547381027766,0.0
179.06092996113415,0.0
188.82547381027766,0.0
191.06092996113415,0.0
177.06092996113415,0.0
161.06092996113415,0.0
161.06092996113415,0.0
173.2963861119906,0.0
213.5318422628471,0.0
205.2963861119906,0.0
193.06092996113415,0.0
171.06092996113415,0.0
185.2963861119906,0.0
163.06092996113415,0.0
146.82547381027766,0.0
173.06092996113415,0.0
185.06092996113415,0.0
178.82547381027766,0.0
160.82547381027766,0.0
186.59001765942122,0.0
146.35456150856476,0.0
176.59001765942122,0.0
152.59001765942122,0.0
142.59001765942122,0.0
136.59001765942122,0.0
134.59001765942122,0.0
154.59001765942122,0.0
160.59001765942122,0.0
136.35456150856476,0.0
122.35456150856474,0.0
134.35456150856476,0.0
136.59001765942122,0.0
122.35456150856474,0.0
144.59001765942122,0.0
162.82547381027766,0.0
178.82547381027766,0.0
199.06092996113415,0.0
167.06092996113415,0.0
177.2963861119906,0.0
191.06092996113415,0.0
161.06092996113415,0.0
163.06092996113415,0.0
159.06092996113415,0.0
176.82547381027766,0.0
182.82547381027766,0.0
170.82547381027766,0.0
221.06092996113415,0.0
167.06092996113415,0.0
209.2963861119906,0.0
187.06092996113415,0.0
207.2963861119906,0.0
193.5318422628471,0.0
217.76729841370357,0.0
225.5318422628471,0.0
195.2963861119906,0.0
183.2963861119906,0.0
181.2963861119906,0.0
175.2963861119906,0.0
173.2963861119906,0.0
203.06092996113415,0.0
187.06092996113415,0.0
173.2963861119906,0.0
187.5318422628471,0.0
211.76729841370357,0.0
245.76729841370357,0.0
214.00275456456004,0.0
227.76729841370357,0.0
239.76729841370357,0.0
245.76729841370357,0.0
247.76729841370357,0.0
222.00275456456004,0.0
195.76729841370357,0.0
229.76729841370357,0.0
195.5318422628471,0.0
185.2963861119906,0.0
185.5318422628471,0.0
195.5318422628471,0.0
209.76729841370357,0.0
195.5318422628471,0.0
219.5318422628471,0.0
189.2963861119906,0.0
223.2963861119906,0.0
185.06092996113415,0.0
187.2963861119906,0.0
167.06092996113415,0.0
173.06092996113415,0.0
197.06092996113415,0.0
183.2963861119906,0.0
189.5318422628471,0.0
217.76729841370357,0.0
259.76729841370354,0.0
203.76729841370357,0.0
212.00275456456004,0.0
238.23821071541653,0.0
256.473666866273,0.0
238.473666866273,0.0
254.70912301712949,0.0
268.9445791679859,0.0
283.18003531884244,0.0
293.4154914696989,0.0
305.6509476205553,0.0
325.6509476205553,0.0
321.88640377141184,0.0
327.88640377141184,0.0
356.1218599222683,0.0
350.1218599222683,0.0
364.1218599222683,0.0
336.1218599222683,0.0
402.3573160731248,0.0
366.1218599222683,0.0
364.3573160731248,0.0
360.3573160731248,0.0
370.3573160731248,0.0
350.3573160731248,0.0
342.5927722239812,0.0
346.3573160731248,0.0
382.5927722239812,0.0
362.82822837483775,0.0
386.82822837483775,0.0
392.82822837483775,0.0
386.82822837483775,0.0
385.0636845256942,0.0
374.82822837483775,0.0
366.5927722239812,0.0
366.5927722239812,0.0
356.3573160731248,0.0
336.1218599222683,0.0
329.88640377141184,0.0
309.88640377141184,0.0
305.88640377141184,0.0
307.88640377141184,0.0
345.88640377141184,0.0
328.1218599222683,0.0
311.88640377141184,0.0
323.6509476205553,0.0
321.6509476205553,0.0
303.6509476205553,0.0
311.88640377141184,0.0
339.88640377141184,0.0
334.1218599222683,0.0
342.3573160731248,0.0
334.3573160731248,0.0
344.5927722239812,0.0
360.82822837483775,0.0
362.82822837483775,0.0
350.5927722239812,0.0
356.82822837483775,0.0
379.0636845256942,0.0
385.2991406765507,0.0
397.53459682740714,0.0
403.7700529782636,0.0
426.00550912912007,0.0
440.24096527997654,0.0
428.24096527997654,0.0
426.00550912912007,0.0
415.7700529782636,0.0
416.00550912912007,0.0
438.24096527997654,0.0
462.24096527997654,0.0
418.00550912912007,0.0
437.7700529782636,0.0
439.53459682740714,0.0
407.2991406765507,0.0
435.2991406765507,0.0
381.0636845256942,0.0
370.82822837483775,0.0
367.0636845256942,0.0
389.2991406765507,0.0
383.0636845256942,0.0
391.0636845256942,0.0
358.82822837483775,0.0
358.82822837483775,0.0
358.5927722239812,0.0
366.82822837483775,0.0
358.82822837483775,0.0
409.0636845256942,0.0
387.2991406765507,0.0
403.53459682740714,0.0
431.7700529782636,0.0
443.53459682740714,0.0
423.2991406765507,0.0
461.53459682740714,0.0
403.2991406765507,0.0
369.0636845256942,0.0
378.82822837483775,0.0
378.82822837483775,0.0
399.0636845256942,0.0
413.2991406765507,0.0
451.2991406765507,0.0
387.0636845256942,0.0
370.82822837483775,0.0
367.0636845256942,0.0
401.0636845256942,0.0
401.0636845256942,0.0
435.2991406765507,0.0
383.0636845256942,0.0
364.82822837483775,0.0
392.82822837483775,0.0
382.82822837483775,0.0
404.82822837483775,0.0
356.82822837483775,0.0
342.5927722239812,0.0
358.82822837483775,0.0
362.82822837483775,0.0
367.0636845256942,0.0
395.2991406765507,0.0
383.0636845256942,0.0
388.82822837483775,0.0
396.82822837483775,0.0
386.82822837483775,0.0
481.0636845256942,1.0
546.8282283748377,1.0
621.0636845256943,1.0
589.2991406765507,1.0
543.0636845256943,1.0
657.2991406765507,1.0
495.2991406765507,1.0
621.2991406765507,1.0
579.5345968274071,1.0
651.7700529782636,1.0
587.7700529782636,1.0
619.5345968274071,1.0
679.5345968274071,1.0
455.53459682740714,1.0
479.7700529782636,1.0
551.7700529782636,1.0
577.5345968274071,1.0
591.2991406765507,1.0
521.5345968274071,1.0
503.53459682740714,1.0
431.53459682740714,1.0
503.7700529782636,1.0
562.0055091291201,1.0
626.2409652799765,0.0
692.2409652799765,0.0
756.476421430833,0.0
824.476421430833,0.0
702.2409652799765,0.0
634.476421430833,0.0
534.476421430833,0.0
584.2409652799765,0.0
614.476421430833,0.0
636.476421430833,0.0
540.2409652799765,0.0
486.47642143083306,0.0
534.476421430833,0.0
622.7118775816896,0.0
668.7118775816896,0.0
710.476421430833,0.0
638.476421430833,0.0
774.2409652799765,0.0
572.2409652799765,0.0
512.2409652799765,0.0
538.2409652799765,0.0
564.0055091291201,0.0
576.0055091291201,0.0
594.0055091291201,0.0
610.2409652799765,0.0
632.476421430833,0.0
526.2409652799765,0.0
500.00550912912007,0.0
660.2409652799765,0.0
712.476421430833,0.0
736.2409652799765,0.0
530.0055091291201,0.0
620.2409652799765,0.0
562.0055091291201,0.0
458.00550912912007,0.0
522.0055091291201,0.0
572.2409652799765,0.0
586.2409652799765,0.0
590.2409652799765,0.0
576.2409652799765,0.0
558.0055091291201,0.0
626.2409652799765,0.0
666.2409652799765,0.0
550.476421430833,0.0
570.7118775816896,0.0
688.7118775816896,0.0
604.476421430833,0.0
552.2409652799765,0.0
506.00550912912007,0.0
576.0055091291201,0.0
598.0055091291201,0.0
666.2409652799765,0.0
664.476421430833,0.0
642.476421430833,0.0
662.2409652799765,0.0
502.47642143083306,0.0
528.7118775816896,0.0
476.47642143083306,0.0
508.47642143083306,0.0
532.7118775816896,0.0
578.7118775816896,0.0
550.7118775816896,0.0
618.7118775816896,0.0
716.947333732546,0.0
729.1827898834024,0.0
791.1827898834024,0.0
747.418246034259,0.0
717.1827898834024,0.0
640.947333732546,0.0
647.1827898834024,0.0
474.947333732546,0.0
452.7118775816896,0.0
478.947333732546,0.0
472.947333732546,0.0
483.18278988340245,0.0
489.41824603425897,0.0
501.6537021851154,0.0
489.41824603425897,0.0
503.6537021851154,0.0
511.41824603425897,0.0
493.18278988340245,0.0
486.947333732546,0.0
513.1827898834024,0.0
513.1827898834024,0.0
517.1827898834024,0.0
525.418246034259,0.0
511.18278988340245,0.0
608.947333732546,0.0
707.1827898834024,0.0
745.1827898834024,0.0
746.947333732546,0.0
638.947333732546,0.0
544.7118775816896,0.0
464.947333732546,0.0
485.18278988340245,0.0
491.18278988340245,0.0
464.947333732546,0.0
454.7118775816896,0.0
454.7118775816896,0.0
446.47642143083306,0.0
442.47642143083306,0.0
444.47642143083306,0.0
434.24096527997654,0.0
460.47642143083306,0.0
446.47642143083306,0.0
468.7118775816896,0.0
460.47642143083306,0.0
464.47642143083306,0.0
474.7118775816896,0.0
456.47642143083306,0.0
436.24096527997654,0.0
572.0055091291201,0.0
594.0055091291201,0.0
599.7700529782636,0.0
605.7700529782636,0.0
569.5345968274071,0.0
585.7700529782636,0.0
533.7700529782636,0.0
539.5345968274071,0.0
529.2991406765507,0.0
505.53459682740714,0.0
555.5345968274071,0.0
561.7700529782636,0.0
531.5345968274071,0.0
483.7700529782636,0.0
464.00550912912007,0.0
501.7700529782636,0.0
481.53459682740714,0.0
549.5345968274071,0.0
541.2991406765507,0.0
563.2991406765507,0.0
551.5345968274071,0.0
551.2991406765507,0.0
481.2991406765507,0.0
443.0636845256942,0.0
531.0636845256943,0.0
687.2991406765507,0.0
689.0636845256943,0.0
594.8282283748377,0.0
576.8282283748377,0.0
461.0636845256942,0.0
481.2991406765507,0.0
571.2991406765507,0.0
595.5345968274071,0.0
645.7700529782636,0.0
708.0055091291201,0.0
776.0055091291201,0.0
682.2409652799765,0.0
834.2409652799765,0.0
726.476421430833,0.0
736.7118775816896,0.0
656.476421430833,0.0
650.476421430833,0.0
700.7118775816896,0.0
690.476421430833,0.0
706.7118775816896,0.0
542.947333732546,0.0
550.947333732546,0.0
658.7118775816896,0.0
682.476421430833,0.0
752.7118775816896,0.0
950.7118775816896,0.0
846.7118775816896,0.0
616.476421430833,0.0
676.476421430833,0.0
656.2409652799765,0.0
736.0055091291201,0.0
597.7700529782636,0.0
455.53459682740714,0.0
559.5345968274071,0.0
637.7700529782636,0.0
687.5345968274071,0.0
657.2991406765507,0.0
767.5345968274071,0.0
753.2991406765507,0.0
575.5345968274071,0.0
685.5345968274071,0.0
779.2991406765507,0.0
847.5345968274071,0.0
645.5345968274071,0.0
589.2991406765507,0.0
455.53459682740714,0.0
493.7700529782636,0.0
556.0055091291201,0.0
612.0055091291201,0.0
640.2409652799765,0.0
618.476421430833,0.0
526.476421430833,0.0
502.7118775816896,0.0
558.947333732546,0.0
619.1827898834024,0.0
660.947333732546,0.0
640.7118775816896,0.0
730.7118775816896,0.0
604.476421430833,0.0
590.7118775816896,0.0
694.476421430833,0.0
762.2409652799765,0.0
782.0055091291201,0.0
618.0055091291201,0.0
834.0055091291201,0.0
530.0055091291201,0.0
664.2409652799765,0.0
576.476421430833,0.0
452.24096527997654,0.0
514.2409652799765,0.0
530.0055091291201,0.0
549.7700529782636,0.0
529.5345968274071,0.0
587.5345968274071,0.0
583.7700529782636,0.0
481.53459682740714,0.0
573.2991406765507,0.0
597.5345968274071,0.0
641.2991406765507,0.0
527.5345968274071,0.0
523.7700529782636,0.0
573.5345968274071,0.0
655.5345968274071,0.0
729.5345968274071,0.0
763.5345968274071,0.0
735.7700529782636,0.0
797.7700529782636,0.0
571.7700529782636,0.0
591.5345968274071,0.0
467.7700529782636,0.0
573.7700529782636,0.0
632.0055091291201,0.0
690.0055091291201,0.0
770.2409652799765,0.0
722.0055091291201,0.0
751.7700529782636,0.0
757.5345968274071,0.0
637.2991406765507,0.0
753.2991406765507,0.0
537.2991406765507,0.0
653.2991406765507,0.0
727.2991406765507,0.0
617.0636845256943,0.0
475.2991406765507,0.0
505.2991406765507,0.0
597.0636845256943,0.0
657.0636845256943,0.0
767.2991406765507,0.0
895.0636845256943,0.0
689.2991406765507,0.0
853.0636845256943,0.0
582.8282283748377,0.0
812.8282283748377,0.0
484.82822837483775,0.0
468.82822837483775,0.0
514.8282283748377,0.0
706.5927722239812,0.0
670.8282283748377,0.0
688.8282283748377,0.0
803.0636845256943,0.0
787.2991406765507,0.0
733.5345968274071,0.0
661.5345968274071,0.0
609.2991406765507,0.0
561.5345968274071,0.0
543.7700529782636,0.0
625.5345968274071,0.0
615.5345968274071,0.0
653.2991406765507,0.0
603.0636845256943,0.0
641.2991406765507,0.0
695.5345968274071,0.0
503.7700529782636,0.0
523.7700529782636,0.0
525.5345968274071,0.0
501.53459682740714,0.0
455.2991406765507,0.0
487.0636845256942,0.0
622.8282283748377,0.0
761.0636845256943,0.0
867.2991406765507,0.0
1063.534596827407,0.0
929.2991406765507,0.0
793.0636845256943,0.0
617.2991406765507,0.0
615.5345968274071,0.0
609.5345968274071,0.0
581.5345968274071,0.0
607.5345968274071,0.0
589.5345968274071,0.0
645.7700529782636,0.0
613.7700529782636,0.0
479.53459682740714,0.0
515.2991406765507,0.0
611.5345968274071,0.0
645.2991406765507,0.0
815.5345968274071,0.0
629.5345968274071,0.0
687.7700529782636,0.0
596.0055091291201,0.0
728.0055091291201,0.0
586.2409652799765,0.0
558.476421430833,0.0
632.7118775816896,0.0
646.947333732546,0.0
718.7118775816896,0.0
818.476421430833,0.0
748.2409652799765,0.0
766.2409652799765,0.0
564.0055091291201,0.0
629.7700529782636,0.0
397.53459682740714,0.0
399.2991406765507,0.0
403.0636845256942,0.0
409.0636845256942,0.0
385.0636845256942,0.0
469.2991406765507,0.0
559.2991406765507,0.0
575.0636845256943,0.0
571.2991406765507,0.0
799.2991406765507,0.0
723.5345968274071,0.0
791.5345968274071,0.0
601.2991406765507,0.0
1061.2991406765507,0.0
835.0636845256943,0.0
835.2991406765507,0.0
969.2991406765507,0.0
535.2991406765507,0.0
439.2991406765507,0.0
485.2991406765507,0.0
515.5345968274071,0.0
579.2991406765507,0.0
523.2991406765507,0.0
513.2991406765507,0.0
541.5345968274071,0.0
547.5345968274071,0.0
603.5345968274071,0.0
425.53459682740714,0.0
609.7700529782636,0.0
721.7700529782636,0.0
700.0055091291201,0.0
699.7700529782636,0.0
800.0055091291201,0.0
1106.2409652799765,0.0
888.2409652799765,0.0
786.0055091291201,0.0
672.2409652799765,0.0
794.0055091291201,0.0
648.2409652799765,0.0
490.47642143083306,0.0
470.7118775816896,0.0
456.47642143083306,0.0
454.24096527997654,0.0
462.47642143083306,0.0
462.24096527997654,0.0
526.2409652799765,0.0
474.47642143083306,0.0
456.7118775816896,0.0
496.47642143083306,0.0
542.7118775816896,0.0
532.7118775816896,0.0
572.476421430833,0.0
532.476421430833,0.0
488.24096527997654,0.0
552.0055091291201,0.0
612.2409652799765,0.0
596.0055091291201,0.0
690.2409652799765,0.0
652.2409652799765,0.0
670.2409652799765,0.0
530.0055091291201,0.0
576.2409652799765,0.0
534.0055091291201,0.0
529.7700529782636,0.0
507.53459682740714,0.0
559.2991406765507,0.0
537.2991406765507,0.0
569.2991406765507,0.0
535.5345968274071,0.0
441.2991406765507,0.0
501.53459682740714,0.0
559.2991406765507,0.0
527.2991406765507,0.0
607.5345968274071,0.0
433.2991406765507,0.0
419.0636845256942,0.0
488.82822837483775,0.0
538.8282283748377,0.0
566.8282283748377,0.0
634.8282283748377,0.0
602.5927722239812,0.0
652.3573160731248,0.0
772.5927722239812,0.0
606.5927722239812,0.0
540.8282283748377,0.0
700.8282283748377,0.0
739.0636845256943,0.0
669.0636845256943,0.0
409.0636845256942,0.0
457.2991406765507,0.0
515.0636845256943,0.0
534.8282283748377,0.0
564.5927722239812,0.0
596.8282283748377,0.0
715.0636845256943,0.0
595.0636845256943,0.0
505.2991406765507,0.0
537.2991406765507,0.0
571.5345968274071,0.0
571.2991406765507,0.0
509.2991406765507,0.0
559.0636845256943,0.0
527.2991406765507,0.0
565.5345968274071,0.0
503.2991406765507,0.0
393.2991406765507,0.0
441.2991406765507,0.0
451.0636845256942,0.0
429.0636845256942,0.0
458.82822837483775,0.0
438.5927722239812,0.0
438.3573160731248,0.0
432.3573160731248,0.0
430.1218599222683,0.0
389.88640377141184,0.0
432.1218599222683,0.0
442.1218599222683,0.0
423.88640377141184,0.0
342.1218599222683,0.0
384.3573160731248,0.0
384.5927722239812,0.0
406.3573160731248,0.0
416.5927722239812,0.0
412.5927722239812,0.0
372.3573160731248,0.0
454.5927722239812,0.0
468.3573160731248,0.0
540.5927722239812,0.0
546.5927722239812,0.0
562.5927722239812,0.0
558.3573160731248,0.0
548.1218599222683,0.0
594.3573160731248,0.0
402.1218599222683,0.0
430.3573160731248,0.0
502.1218599222683,0.0
524.3573160731248,0.0
540.3573160731248,0.0
590.5927722239812,0.0
606.8282283748377,0.0
654.5927722239812,0.0
606.8282283748377,0.0
606.8282283748377,0.0
644.8282283748377,0.0
553.0636845256943,0.0
775.2991406765507,0.0
621.5345968274071,0.0
453.53459682740714,0.0
521.7700529782636,0.0
528.0055091291201,0.0
537.7700529782636,0.0
533.7700529782636,0.0
618.0055091291201,0.0
629.7700529782636,0.0
677.7700529782636,0.0
699.5345968274071,0.0
551.5345968274071,0.0
751.5345968274071,0.0
661.2991406765507,0.0
561.0636845256943,0.0
565.2991406765507,0.0
569.0636845256943,0.0
561.0636845256943,0.0
561.2991406765507,0.0
565.5345968274071,0.0
439.53459682740714,0.0
485.2991406765507,0.0
567.5345968274071,0.0
467.2991406765507,0.0
459.2991406765507,0.0
471.0636845256942,0.0
447.0636845256942,0.0
478.82822837483775,0.0
466.5927722239812,0.0
466.82822837483775,0.0
486.5927722239812,0.0
406.3573160731248,0.0
374.1218599222683,0.0
454.1218599222683,0.0
518.1218599222683,0.0
424.1218599222683,0.0
511.88640377141184,0.0
474.1218599222683,0.0
496.1218599222683,0.0
529.8864037714118,0.0
515.8864037714118,0.0
510.1218599222683,0.0
364.3573160731248,0.0
458.3573160731248,0.0
402.3573160731248,0.0
366.3573160731248,0.0
378.3573160731248,0.0
368.3573160731248,0.0
372.3573160731248,0.0
348.1218599222683,0.0
351.88640377141184,0.0
442.1218599222683,0.0
428.1218599222683,0.0
404.3573160731248,0.0
364.1218599222683,0.0
385.88640377141184,0.0
405.6509476205553,0.0
529.6509476205554,0.0
597.8864037714118,0.0
413.6509476205553,0.0
453.6509476205553,0.0
487.4154914696989,0.0
449.6509476205553,0.0
363.6509476205553,0.0
477.88640377141184,0.0
547.6509476205554,0.0
669.415491469699,0.0
641.1800353188424,0.0
643.1800353188424,0.0
799.1800353188424,0.0
633.415491469699,0.0
589.415491469699,0.0
633.415491469699,0.0
635.415491469699,0.0
671.6509476205554,0.0
445.4154914696989,0.0
363.18003531884244,0.0
469.18003531884244,0.0
469.4154914696989,0.0
489.6509476205553,0.0
449.4154914696989,0.0
469.18003531884244,0.0
639.415491469699,0.0
523.415491469699,0.0
575.1800353188424,0.0
655.415491469699,0.0
719.415491469699,0.0
615.1800353188424,0.0
475.4154914696989,0.0
469.18003531884244,0.0
615.1800353188424,0.0
705.1800353188424,0.0
338.9445791679859,0.0
319.18003531884244,0.0
351.4154914696989,0.0
325.18003531884244,0.0
353.18003531884244,0.0
359.18003531884244,0.0
346.9445791679859,0.0
373.18003531884244,0.0
391.4154914696989,0.0
405.4154914696989,0.0
357.4154914696989,0.0
435.4154914696989,0.0
497.4154914696989,0.0
585.6509476205554,0.0
747.8864037714118,0.0
583.8864037714118,0.0
501.6509476205553,0.0
611.415491469699,0.0
711.1800353188424,0.0
675.1800353188424,0.0
545.415491469699,0.0
337.4154914696989,0.0
399.6509476205553,0.0
449.4154914696989,0.0
475.18003531884244,0.0
440.9445791679859,0.0
299.18003531884244,0.0
375.4154914696989,0.0
383.6509476205553,0.0
405.88640377141184,0.0
413.88640377141184,0.0
429.88640377141184,0.0
437.88640377141184,0.0
369.88640377141184,0.0
423.6509476205553,0.0
467.6509476205553,0.0
603.8864037714118,0.0
591.8864037714118,0.0
711.8864037714118,0.0
509.88640377141184,0.0
599.6509476205554,0.0
451.6509476205553,0.0
545.415491469699,0.0
617.1800353188424,0.0
337.18003531884244,0.0
417.18003531884244,0.0
463.18003531884244,0.0
611.415491469699,0.0
691.6509476205554,0.0
647.6509476205554,0.0
747.8864037714118,0.0
558.1218599222683,0.0
502.1218599222683,0.0
408.1218599222683,0.0
478.1218599222683,0.0
530.1218599222683,0.0
590.1218599222683,0.0
570.3573160731248,0.0
636.1218599222683,0.0
541.8864037714118,0.0
590.1218599222683,0.0
540.1218599222683,0.0
650.3573160731248,0.0
596.1218599222683,0.0
689.8864037714118,0.0
753.8864037714118,0.0
831.8864037714118,0.0
784.1218599222683,0.0
447.88640377141184,0.0
378.1218599222683,0.0
444.1218599222683,0.0
524.1218599222683,0.0
579.8864037714118,0.0
624.1218599222683,0.0
714.3573160731248,0.0
436.3573160731248,0.0
604.5927722239812,0.0
558.3573160731248,0.0
640.3573160731248,0.0
704.5927722239812,0.0
594.5927722239812,0.0
700.5927722239812,0.0
668.8282283748377,0.0
564.8282283748377,0.0
388.5927722239812,0.0
520.5927722239812,0.0
554.8282283748377,0.0
480.82822837483775,0.0
550.8282283748377,0.0
572.8282283748377,0.0
538.8282283748377,0.0
563.0636845256943,0.0
516.8282283748377,0.0
444.82822837483775,0.0
397.0636845256942,0.0
483.0636845256942,0.0
531.0636845256943,0.0
631.0636845256943,0.0
416.82822837483775,0.0
417.0636845256942,0.0
438.82822837483775,0.0
424.5927722239812,0.0
434.3573160731248,0.0
366.3573160731248,0.0
462.3573160731248,0.0
518.3573160731248,0.0
608.1218599222683,0.0
568.3573160731248,0.0
614.3573160731248,0.0
432.1218599222683,0.0
374.1218599222683,0.0
492.3573160731248,0.0
460.3573160731248,0.0
480.1218599222683,0.0
483.88640377141184,0.0
508.1218599222683,0.0
425.88640377141184,0.0
473.88640377141184,0.0
353.88640377141184,0.0
393.6509476205553,0.0
393.4154914696989,0.0
315.18003531884244,0.0
367.4154914696989,0.0
399.6509476205553,0.0
453.6509476205553,0.0
439.6509476205553,0.0
457.6509476205553,0.0
499.4154914696989,0.0
475.18003531884244,0.0
406.9445791679859,0.0
362.9445791679859,0.0
398.9445791679859,0.0
456.9445791679859,0.0
468.9445791679859,0.0
443.18003531884244,0.0
345.18003531884244,0.0
358.9445791679859,0.0
357.18003531884244,0.0
401.4154914696989,0.0
415.4154914696989,0.0
403.18003531884244,0.0
355.18003531884244,0.0
331.4154914696989,0.0
321.18003531884244,0.0
341.4154914696989,0.0
363.4154914696989,0.0
381.6509476205553,0.0
367.4154914696989,0.0
399.6509476205553,0.0
359.88640377141184,0.0
369.88640377141184,0.0
426.1218599222683,0.0
404.1218599222683,0.0
489.88640377141184,0.0
412.1218599222683,0.0
546.1218599222683,0.0
426.3573160731248,0.0
426.5927722239812,0.0
546.8282283748377,0.0
570.5927722239812,0.0
634.3573160731248,0.0
696.5927722239812,0.0
734.8282283748377,0.0
770.5927722239812,0.0
406.82822837483775,0.0
445.0636845256942,0.0
486.82822837483775,0.0
492.5927722239812,0.0
466.5927722239812,0.0
506.5927722239812,0.0
502.3573160731248,0.0
440.3573160731248,0.0
492.1218599222683,0.0
366.3573160731248,0.0
418.1218599222683,0.0
516.3573160731248,0.0
558.1218599222683,0.0
617.8864037714118,0.0
668.1218599222683,0.0
580.1218599222683,0.0
366.3573160731248,0.0
416.1218599222683,0.0
494.3573160731248,0.0
486.1218599222683,0.0
560.3573160731248,0.0
584.1218599222683,0.0
571.8864037714118,0.0
604.1218599222683,0.0
350.1218599222683,0.0
378.1218599222683,0.0
411.88640377141184,0.0
433.88640377141184,0.0
452.1218599222683,0.0
373.88640377141184,0.0
338.1218599222683,0.0
338.3573160731248,0.0
332.1218599222683,0.0
328.1218599222683,0.0
342.3573160731248,0.0
332.1218599222683,0.0
332.1218599222683,0.0
342.3573160731248,0.0
412.5927722239812,0.0
398.82822837483775,0.0
384.82822837483775,0.0
442.82822837483775,0.0
471.0636845256942,0.0
550.8282283748377,0.0
546.8282283748377,0.0
374.5927722239812,0.0
436.5927722239812,0.0
476.5927722239812,0.0
536.5927722239812,0.0
568.8282283748377,0.0
644.8282283748377,0.0
634.8282283748377,0.0
542.8282283748377,0.0
416.5927722239812,0.0
348.3573160731248,0.0
368.3573160731248,0.0
348.5927722239812,0.0
394.5927722239812,0.0
564.5927722239812,0.0
712.5927722239812,0.0
696.5927722239812,0.0
678.8282283748377,0.0
648.8282283748377,0.0
613.0636845256943,0.0
592.8282283748377,0.0
463.0636845256942,0.0
586.8282283748377,0.0
622.8282283748377,0.0
778.8282283748377,0.0
820.5927722239812,0.0
524.8282283748377,0.0
378.5927722239812,0.0
468.5927722239812,0.0
552.3573160731248,0.0
540.5927722239812,0.0
554.8282283748377,0.0
562.8282283748377,0.0
572.5927722239812,0.0
532.8282283748377,0.0
390.82822837483775,0.0
485.0636845256942,0.0
449.0636845256942,0.0
459.0636845256942,0.0
470.82822837483775,0.0
438.5927722239812,0.0
426.3573160731248,0.0
458.1218599222683,0.0
484.3573160731248,0.0
484.1218599222683,0.0
476.3573160731248,0.0
474.3573160731248,0.0
460.5927722239812,0.0
418.82822837483775,0.0
556.8282283748377,0.0
642.5927722239812,0.0
618.8282283748377,0.0
658.8282283748377,0.0
657.0636845256943,0.0
701.2991406765507,0.0
519.0636845256943,0.0
418.82822837483775,0.0
505.0636845256942,0.0
535.0636845256943,0.0
508.82822837483775,0.0
554.8282283748377,0.0
532.5927722239812,0.0
510.5927722239812,0.0
528.8282283748377,0.0
471.0636845256942,0.0
535.2991406765507,0.0
611.5345968274071,0.0
631.2991406765507,0.0
601.5345968274071,0.0
653.7700529782636,0.0
443.53459682740714,0.0
567.7700529782636,0.0
504.00550912912007,0.0
608.0055091291201,0.0
776.0055091291201,0.0
936.2409652799765,0.0
1066.2409652799765,0.0
1004.2409652799765,0.0
1322.476421430833,1.0
