0.0,0.0
19.392927251676873,0.0
17.392927251676873,0.0
30.785854503353747,0.0
47.17878175503062,0.0
30.785854503353747,0.0
31.785854503353747,0.0
15.392927251676873,0.0
8.0,0.0
17.392927251676873,0.0
10.0,0.0
21.392927251676873,0.0
7.0,0.0
-4.392927251676873,0.0
-6.392927251676873,0.0
-4.392927251676873,0.0
-15.785854503353747,0.0
-29.17878175503062,0.0
-28.17878175503062,0.0
-24.17878175503062,0.0
-7.785854503353747,0.0
-15.17878175503062,0.0
-2.7858545033537467,0.0
-3.7858545033537467,0.0
7.607072748323127,0.0
106.0,0.0
185.0,0.0
180.0,0.0
177.39292725167687,0.0
199.39292725167687,0.0
204.39292725167687,0.0
203.78585450335373,0.0
196.78585450335373,0.0
160.17878175503063,0.0
39.78585450335375,0.0
47.17878175503062,0.0
41.17878175503062,0.0
52.57170900670749,0.0
42.17878175503062,0.0
27.785854503353747,0.0
17.392927251676873,0.0
28.785854503353747,0.0
17.392927251676873,0.0
16.392927251676873,0.0
31.785854503353747,0.0
18.392927251676873,0.0
30.785854503353747,0.0
29.785854503353747,0.0
43.17878175503062,0.0
50.17878175503062,0.0
46.17878175503062,0.0
208.78585450335373,0.0
177.39292725167687,0.0
195.39292725167687,0.0
236.78585450335373,0.0
206.17878175503063,0.0
191.78585450335373,0.0
217.78585450335373,0.0
128.17878175503063,0.0
41.17878175503062,0.0
42.17878175503062,0.0
41.17878175503062,0.0
45.17878175503062,0.0
32.78585450335375,0.0
42.17878175503062,0.0
53.57170900670749,0.0
60.96463625838436,0.0
62.96463625838436,0.0
82.35756351006124,0.0
62.96463625838436,0.0
64.96463625838436,0.0
79.35756351006124,0.0
76.35756351006124,0.0
65.96463625838436,0.0
65.96463625838436,0.0
142.35756351006125,0.0
275.96463625838436,0.0
276.57170900670747,0.0
219.17878175503063,0.0
233.78585450335373,0.0
219.78585450335373,0.0
233.17878175503063,0.0
52.57170900670749,0.0
64.96463625838436,0.0
54.57170900670749,0.0
63.96463625838436,0.0
51.57170900670749,0.0
41.17878175503062,0.0
27.785854503353747,0.0
42.17878175503062,0.0
31.785854503353747,0.0
39.17878175503062,0.0
43.17878175503062,0.0
56.57170900670749,0.0
54.57170900670749,0.0
51.57170900670749,0.0
62.96463625838436,0.0
126.5717090067075,0.0
274.57170900670747,0.0
270.96463625838436,0.0
243.5717090067075,0.0
58.57170900670749,0.0
237.17878175503063,0.0
227.78585450335373,0.0
32.78585450335375,0.0
22.392927251676873,0.0
31.785854503353747,0.0
17.392927251676873,0.0
19.392927251676873,0.0
9.0,0.0
-5.392927251676873,0.0
6.0,0.0
4.0,0.0
-5.392927251676873,0.0
9.0,0.0
-4.392927251676873,0.0
-4.392927251676873,0.0
10.0,0.0
29.392927251676873,0.0
18.0,0.0
9.607072748323127,0.0
24.607072748323127,0.0
-0.7858545033537467,0.0
8.607072748323127,0.0
9.214145496646253,0.0
-1.7858545033537467,0.0
148.82121824496937,0.0
216.4282909932925,0.0
228.82121824496937,0.0
216.4282909932925,0.0
25.82121824496938,0.0
-16.785854503353747,0.0
-14.785854503353747,0.0
-4.392927251676873,0.0
5.0,0.0
17.392927251676873,0.0
28.785854503353747,0.0
28.785854503353747,0.0
16.392927251676873,0.0
4.0,0.0
-5.392927251676873,0.0
-6.392927251676873,0.0
-18.785854503353747,0.0
-29.17878175503062,0.0
-39.57170900670749,0.0
-26.17878175503062,0.0
-15.785854503353747,0.0
-28.17878175503062,0.0
-39.57170900670749,0.0
-50.96463625838436,0.0
-39.57170900670749,0.0
-38.57170900670749,0.0
-25.17878175503062,0.0
-39.57170900670749,0.0
-49.96463625838436,0.0
-37.57170900670749,0.0
-25.17878175503062,0.0
-27.17878175503062,0.0
-26.17878175503062,0.0
-27.17878175503062,0.0
-27.17878175503062,0.0
-16.785854503353747,0.0
-6.392927251676873,0.0
6.0,0.0
-6.392927251676873,0.0
-15.785854503353747,0.0
-16.785854503353747,0.0
-16.785854503353747,0.0
-15.785854503353747,0.0
-16.785854503353747,0.0
-24.17878175503062,0.0
-37.57170900670749,0.0
-36.57170900670749,0.0
-50.96463625838436,0.0
-51.96463625838436,0.0
-62.35756351006124,0.0
-50.96463625838436,0.0
-50.96463625838436,0.0
-49.96463625838436,0.0
-61.35756351006124,0.0
-70.7504907617381,0.0
-62.35756351006124,0.0
-50.96463625838436,0.0
-38.57170900670749,0.0
-39.57170900670749,0.0
-40.57170900670749,0.0
-29.17878175503062,0.0
-28.17878175503062,0.0
-20.17878175503062,0.0
-1.7858545033537467,0.0
-14.17878175503062,0.0
-15.17878175503062,0.0
-26.571709006707493,0.0
-23.571709006707493,0.0
-17.17878175503062,0.0
40.21414549664625,0.0
267.6070727483231,0.0
219.21414549664627,0.0
12.607072748323127,0.0
264.6070727483231,0.0
303.0,0.0
203.0,0.0
-3.3929272516768734,0.0
13.0,0.0
27.392927251676873,0.0
17.392927251676873,0.0
21.392927251676873,0.0
20.392927251676873,0.0
30.785854503353747,0.0
30.785854503353747,0.0
30.785854503353747,0.0
32.78585450335375,0.0
41.17878175503062,0.0
43.17878175503062,0.0
32.78585450335375,0.0
23.392927251676873,0.0
6.0,0.0
14.0,0.0
24.392927251676873,0.0
252.0,0.0
314.0,0.0
207.0,0.0
375.3929272516769,0.0
325.3929272516769,0.0
220.0,0.0
264.6070727483231,0.0
321.0,0.0
329.3929272516769,0.0
21.392927251676873,0.0
33.78585450335375,0.0
42.17878175503062,0.0
30.785854503353747,0.0
19.392927251676873,0.0
17.392927251676873,0.0
17.392927251676873,0.0
30.785854503353747,0.0
29.785854503353747,0.0
39.17878175503062,0.0
53.57170900670749,0.0
51.57170900670749,0.0
52.57170900670749,0.0
57.57170900670749,0.0
68.96463625838436,0.0
81.35756351006124,0.0
340.7504907617381,0.0
403.143418013415,0.0
366.7504907617381,0.0
412.143418013415,0.0
387.143418013415,0.0
394.5363452650919,0.0
141.143418013415,0.0
83.7504907617381,0.0
74.35756351006124,0.0
75.35756351006124,0.0
61.96463625838436,0.0
62.96463625838436,0.0
60.96463625838436,0.0
51.57170900670749,0.0
62.96463625838436,0.0
74.35756351006124,0.0
73.35756351006124,0.0
62.96463625838436,0.0
62.96463625838436,0.0
62.57170900670749,0.0
55.17878175503062,0.0
67.5717090067075,0.0
77.96463625838436,0.0
69.96463625838436,0.0
376.96463625838436,0.0
366.35756351006125,0.0
397.7504907617381,0.0
371.7504907617381,0.0
422.143418013415,0.0
405.7504907617381,0.0
320.143418013415,0.0
89.7504907617381,0.0
79.35756351006124,0.0
75.35756351006124,0.0
75.35756351006124,0.0
73.35756351006124,0.0
85.7504907617381,0.0
85.7504907617381,0.0
75.35756351006124,0.0
75.35756351006124,0.0
81.35756351006124,0.0
72.96463625838436,0.0
64.5717090067075,0.0
75.96463625838436,0.0
90.35756351006124,0.0
101.7504907617381,0.0
101.7504907617381,0.0
114.14341801341499,0.0
270.5363452650919,0.0
410.9292725167687,0.0
433.32219976844556,0.0
451.9292725167687,0.0
456.9292725167687,0.0
345.9292725167687,0.0
108.53634526509187,0.0
119.92927251676872,0.0
131.32219976844559,0.0
140.71512702012248,0.0
154.10805427179935,0.0
154.10805427179935,0.0
163.5009815234762,0.0
165.5009815234762,0.0
165.5009815234762,0.0
154.10805427179935,0.0
167.5009815234762,0.0
177.89390877515308,0.0
164.5009815234762,0.0
180.89390877515308,0.0
167.5009815234762,0.0
163.5009815234762,0.0
165.5009815234762,0.0
154.10805427179935,0.0
157.10805427179935,0.0
154.10805427179935,0.0
156.10805427179935,0.0
144.71512702012248,0.0
158.10805427179935,0.0
147.71512702012248,0.0
147.71512702012248,0.0
143.71512702012248,0.0
140.71512702012248,0.0
132.32219976844559,0.0
119.92927251676872,0.0
120.92927251676872,0.0
109.53634526509187,0.0
121.92927251676872,0.0
133.32219976844559,0.0
132.32219976844559,0.0
121.92927251676872,0.0
110.53634526509187,0.0
121.92927251676872,0.0
111.53634526509187,0.0
99.14341801341499,0.0
118.53634526509187,0.0
122.92927251676872,0.0
132.32219976844559,0.0
132.32219976844559,0.0
117.92927251676872,0.0
121.92927251676872,0.0
108.53634526509187,0.0
109.53634526509187,0.0
120.92927251676872,0.0
134.32219976844559,0.0
143.32219976844559,0.0
135.32219976844559,0.0
135.32219976844559,0.0
122.92927251676872,0.0
109.53634526509187,0.0
99.14341801341499,0.0
85.7504907617381,0.0
77.35756351006124,0.0
63.96463625838436,0.0
51.57170900670749,0.0
63.96463625838436,0.0
61.96463625838436,0.0
59.96463625838436,0.0
75.35756351006124,0.0
68.96463625838436,0.0
64.96463625838436,0.0
79.35756351006124,0.0
412.35756351006125,0.0
422.35756351006125,0.0
388.7504907617381,0.0
416.143418013415,0.0
453.5363452650919,0.0
455.9292725167687,0.0
338.32219976844556,0.0
131.32219976844559,0.0
123.92927251676872,0.0
134.32219976844559,0.0
131.32219976844559,0.0
134.32219976844559,0.0
143.71512702012248,0.0
143.71512702012248,0.0
153.10805427179935,0.0
143.71512702012248,0.0
158.10805427179935,0.0
165.10805427179935,0.0
169.10805427179935,0.0
162.10805427179935,0.0
179.5009815234762,0.0
198.89390877515308,0.0
298.5009815234762,0.0
518.1080542717993,0.0
523.1080542717993,0.0
528.5009815234762,0.0
519.1080542717993,0.0
482.7151270201225,0.0
519.1080542717993,0.0
526.1080542717993,0.0
513.7151270201225,0.0
466.7151270201225,0.0
132.32219976844559,0.0
123.92927251676872,0.0
132.32219976844559,0.0
130.32219976844559,0.0
131.32219976844559,0.0
132.32219976844559,0.0
133.32219976844559,0.0
133.32219976844559,0.0
132.32219976844559,0.0
119.92927251676872,0.0
120.92927251676872,0.0
120.92927251676872,0.0
145.32219976844559,0.0
138.92927251676872,0.0
503.32219976844556,0.0
486.7151270201225,0.0
528.7151270201225,0.0
537.1080542717993,0.0
526.1080542717993,0.0
498.5009815234762,0.0
492.10805427179935,0.0
432.10805427179935,0.0
158.10805427179935,0.0
158.10805427179935,0.0
148.71512702012248,0.0
143.71512702012248,0.0
142.71512702012248,0.0
154.10805427179935,0.0
158.10805427179935,0.0
166.5009815234762,0.0
151.10805427179935,0.0
167.5009815234762,0.0
190.89390877515308,0.0
202.28683602682997,0.0
193.89390877515308,0.0
177.5009815234762,0.0
178.5009815234762,0.0
180.5009815234762,0.0
555.5009815234762,0.0
558.5009815234762,0.0
546.1080542717993,0.0
499.10805427179935,0.0
541.5009815234762,0.0
577.893908775153,0.0
604.28683602683,0.0
456.28683602683,0.0
197.67976327850684,0.0
190.28683602682997,0.0
190.28683602682997,0.0
188.28683602682997,0.0
188.28683602682997,0.0
199.67976327850684,0.0
188.28683602682997,0.0
188.28683602682997,0.0
173.89390877515308,0.0
162.5009815234762,0.0
177.89390877515308,0.0
178.89390877515308,0.0
187.28683602682997,0.0
175.89390877515308,0.0
179.89390877515308,0.0
171.5009815234762,0.0
240.5009815234762,0.0
442.10805427179935,0.0
223.5009815234762,0.0
215.10805427179935,0.0
218.10805427179935,0.0
227.10805427179935,0.0
242.5009815234762,0.0
206.89390877515308,0.0
191.28683602682997,0.0
187.28683602682997,0.0
189.28683602682997,0.0
201.67976327850684,0.0
211.07269053018373,0.0
223.46561778186057,0.0
223.46561778186057,0.0
232.85854503353744,0.0
245.25147228521433,0.0
256.64439953689117,0.0
270.03732678856807,0.0
280.43025404024496,0.0
283.43025404024496,0.0
293.8231812919218,0.0
290.8231812919218,0.0
305.2161085435987,0.0
301.2161085435987,0.0
302.2161085435987,0.0
303.2161085435987,0.0
316.60903579527553,0.0
302.2161085435987,0.0
313.60903579527553,0.0
313.60903579527553,0.0
317.60903579527553,0.0
313.60903579527553,0.0
327.0019630469524,0.0
313.60903579527553,0.0
328.0019630469524,0.0
332.3948902986293,0.0
333.3948902986293,0.0
333.3948902986293,0.0
333.3948902986293,0.0
345.78781755030616,0.0
333.3948902986293,0.0
322.0019630469524,0.0
321.0019630469524,0.0
310.60903579527553,0.0
297.2161085435987,0.0
287.8231812919218,0.0
290.8231812919218,0.0
289.8231812919218,0.0
289.8231812919218,0.0
290.8231812919218,0.0
304.2161085435987,0.0
293.8231812919218,0.0
286.43025404024496,0.0
288.43025404024496,0.0
284.43025404024496,0.0
296.8231812919218,0.0
292.8231812919218,0.0
303.2161085435987,0.0
317.60903579527553,0.0
313.60903579527553,0.0
326.0019630469524,0.0
337.3948902986293,0.0
336.3948902986293,0.0
327.0019630469524,0.0
337.3948902986293,0.0
350.78781755030616,0.0
360.18074480198305,0.0
371.57367205365995,0.0
384.9665993053368,0.0
398.3595265570137,0.0
407.7524538086905,0.0
409.7524538086905,0.0
395.3595265570137,0.0
464.9665993053368,0.0
473.3595265570137,0.0
493.7524538086905,0.0
493.7524538086905,0.0
494.3595265570137,0.0
489.9665993053368,0.0
383.57367205365995,0.0
365.18074480198305,0.0
361.18074480198305,0.0
349.78781755030616,0.0
336.3948902986293,0.0
347.78781755030616,0.0
360.18074480198305,0.0
347.78781755030616,0.0
347.78781755030616,0.0
336.3948902986293,0.0
336.3948902986293,0.0
331.0019630469524,0.0
331.3948902986293,0.0
338.3948902986293,0.0
350.78781755030616,0.0
410.18074480198305,0.0
467.57367205365995,0.0
476.9665993053368,0.0
475.57367205365995,0.0
463.18074480198305,0.0
491.57367205365995,0.0
453.18074480198305,0.0
467.78781755030616,0.0
459.3948902986293,0.0
341.3948902986293,0.0
353.78781755030616,0.0
359.18074480198305,0.0
365.18074480198305,0.0
348.78781755030616,0.0
336.3948902986293,0.0
347.78781755030616,0.0
346.78781755030616,0.0
346.78781755030616,0.0
361.18074480198305,0.0
351.78781755030616,0.0
336.3948902986293,0.0
345.3948902986293,0.0
339.3948902986293,0.0
338.3948902986293,0.0
342.3948902986293,0.0
349.0019630469524,0.0
462.3948902986293,0.0
466.3948902986293,0.0
476.78781755030616,0.0
488.18074480198305,0.0
476.78781755030616,0.0
471.3948902986293,0.0
439.3948902986293,0.0
455.3948902986293,0.0
408.78781755030616,0.0
338.3948902986293,0.0
345.78781755030616,0.0
358.18074480198305,0.0
347.78781755030616,0.0
356.18074480198305,0.0
358.18074480198305,0.0
357.18074480198305,0.0
374.57367205365995,0.0
385.9665993053368,0.0
379.9665993053368,0.0
370.57367205365995,0.0
371.57367205365995,0.0
381.57367205365995,0.0
454.9665993053368,0.0
533.9665993053368,0.0
521.57367205366,0.0
499.18074480198305,0.0
522.57367205366,0.0
474.57367205365995,0.0
485.57367205365995,0.0
543.9665993053368,0.0
399.3595265570137,0.0
400.7524538086905,0.0
407.7524538086905,0.0
419.14538106036747,0.0
418.14538106036747,0.0
402.7524538086905,0.0
415.14538106036747,0.0
416.14538106036747,0.0
431.7524538086905,0.0
416.14538106036747,0.0
416.14538106036747,0.0
404.7524538086905,0.0
418.14538106036747,0.0
414.14538106036747,0.0
431.53830831204425,0.0
428.53830831204425,0.0
426.14538106036747,0.0
424.14538106036747,0.0
410.7524538086905,0.0
541.7524538086905,0.0
493.7524538086905,0.0
511.7524538086905,0.0
519.3595265570136,0.0
562.3595265570136,0.0
527.3595265570136,0.0
442.7524538086905,0.0
418.14538106036747,0.0
406.7524538086905,0.0
398.3595265570137,0.0
409.7524538086905,0.0
415.14538106036747,0.0
407.7524538086905,0.0
396.3595265570137,0.0
404.7524538086905,0.0
397.3595265570137,0.0
392.3595265570137,0.0
393.3595265570137,0.0
404.7524538086905,0.0
405.7524538086905,0.0
403.7524538086905,0.0
403.7524538086905,0.0
393.3595265570137,0.0
408.7524538086905,0.0
410.7524538086905,0.0
421.14538106036747,0.0
426.53830831204425,0.0
426.53830831204425,0.0
416.14538106036747,0.0
404.7524538086905,0.0
392.3595265570137,0.0
391.3595265570137,0.0
395.3595265570137,0.0
408.7524538086905,0.0
419.14538106036747,0.0
415.14538106036747,0.0
408.7524538086905,0.0
416.14538106036747,0.0
427.53830831204425,0.0
417.14538106036747,0.0
416.14538106036747,0.0
428.53830831204425,0.0
428.53830831204425,0.0
430.53830831204425,0.0
425.53830831204425,0.0
436.93123556372115,0.0
450.32416281539804,0.0
447.32416281539804,0.0
463.7170900670749,0.0
449.32416281539804,0.0
438.93123556372115,0.0
449.32416281539804,0.0
438.93123556372115,0.0
429.53830831204425,0.0
439.93123556372115,0.0
445.93123556372115,0.0
454.32416281539804,0.0
465.7170900670749,0.0
474.1100173187518,0.0
458.7170900670749,0.0
473.1100173187518,0.0
460.7170900670749,0.0
448.32416281539804,0.0
436.93123556372115,0.0
449.32416281539804,0.0
452.32416281539804,0.0
450.32416281539804,0.0
464.7170900670749,0.0
462.32416281539804,0.0
447.93123556372115,0.0
460.32416281539804,0.0
601.324162815398,0.0
616.9312355637212,0.0
613.9312355637212,0.0
624.5383083120443,0.0
575.9312355637212,0.0
640.324162815398,0.0
651.324162815398,0.0
548.9312355637212,0.0
428.53830831204425,0.0
429.53830831204425,0.0
420.14538106036747,0.0
414.14538106036747,0.0
417.14538106036747,0.0
404.7524538086905,0.0
417.14538106036747,0.0
415.14538106036747,0.0
430.53830831204425,0.0
418.14538106036747,0.0
418.14538106036747,0.0
429.53830831204425,0.0
422.14538106036747,0.0
408.7524538086905,0.0
396.3595265570137,0.0
404.3595265570137,0.0
524.9665993053368,0.0
593.9665993053368,0.0
560.57367205366,0.0
588.9665993053368,0.0
587.9665993053368,0.0
578.57367205366,0.0
617.1807448019831,0.0
387.57367205365995,0.0
371.57367205365995,0.0
384.9665993053368,0.0
375.57367205365995,0.0
382.9665993053368,0.0
392.3595265570137,0.0
380.9665993053368,0.0
369.57367205365995,0.0
370.57367205365995,0.0
364.18074480198305,0.0
362.18074480198305,0.0
371.57367205365995,0.0
376.18074480198305,0.0
369.18074480198305,0.0
351.78781755030616,0.0
361.78781755030616,0.0
376.18074480198305,0.0
368.78781755030616,0.0
557.3948902986293,0.0
530.3948902986293,0.0
609.7878175503062,0.0
587.1807448019831,0.0
604.1807448019831,0.0
589.57367205366,0.0
384.9665993053368,0.0
392.3595265570137,0.0
394.3595265570137,0.0
408.7524538086905,0.0
401.7524538086905,0.0
416.14538106036747,0.0
427.53830831204425,0.0
418.14538106036747,0.0
416.14538106036747,0.0
434.53830831204425,0.0
418.14538106036747,0.0
429.53830831204425,0.0
436.93123556372115,0.0
437.93123556372115,0.0
427.53830831204425,0.0
420.14538106036747,0.0
432.53830831204425,0.0
430.53830831204425,0.0
559.5383083120443,0.0
670.1453810603675,0.0
642.1453810603675,0.0
652.7524538086905,0.0
629.3595265570136,0.0
625.9665993053368,0.0
491.57367205365995,0.0
370.57367205365995,0.0
386.9665993053368,0.0
370.57367205365995,0.0
361.18074480198305,0.0
369.57367205365995,0.0
357.18074480198305,0.0
370.57367205365995,0.0
370.57367205365995,0.0
361.18074480198305,0.0
370.57367205365995,0.0
371.57367205365995,0.0
360.18074480198305,0.0
371.57367205365995,0.0
381.9665993053368,0.0
561.3595265570136,0.0
607.3595265570136,0.0
651.7524538086905,0.0
666.1453810603675,0.0
662.1453810603675,0.0
663.5383083120443,0.0
689.9312355637212,0.0
686.324162815398,0.0
694.9312355637212,0.0
471.53830831204425,0.0
422.53830831204425,0.0
414.14538106036747,0.0
425.53830831204425,0.0
416.14538106036747,0.0
403.7524538086905,0.0
391.3595265570137,0.0
389.3595265570137,0.0
392.3595265570137,0.0
390.3595265570137,0.0
402.7524538086905,0.0
413.14538106036747,0.0
402.7524538086905,0.0
404.7524538086905,0.0
396.3595265570137,0.0
386.9665993053368,0.0
368.57367205365995,0.0
375.57367205365995,0.0
385.9665993053368,0.0
377.57367205365995,0.0
364.18074480198305,0.0
375.57367205365995,0.0
363.18074480198305,0.0
374.57367205365995,0.0
388.9665993053368,0.0
371.57367205365995,0.0
376.57367205365995,0.0
373.57367205365995,0.0
372.57367205365995,0.0
382.9665993053368,0.0
383.9665993053368,0.0
378.9665993053368,0.0
367.57367205365995,0.0
381.9665993053368,0.0
384.9665993053368,0.0
392.3595265570137,0.0
394.3595265570137,0.0
406.7524538086905,0.0
394.3595265570137,0.0
380.9665993053368,0.0
371.57367205365995,0.0
360.18074480198305,0.0
356.18074480198305,0.0
361.18074480198305,0.0
362.18074480198305,0.0
359.18074480198305,0.0
349.78781755030616,0.0
359.18074480198305,0.0
362.18074480198305,0.0
349.78781755030616,0.0
354.78781755030616,0.0
359.18074480198305,0.0
350.78781755030616,0.0
360.18074480198305,0.0
351.78781755030616,0.0
338.3948902986293,0.0
339.3948902986293,0.0
341.3948902986293,0.0
340.3948902986293,0.0
337.3948902986293,0.0
329.0019630469524,0.0
340.3948902986293,0.0
342.3948902986293,0.0
402.78781755030616,0.0
624.1807448019831,0.0
676.57367205366,0.0
641.57367205366,0.0
637.1807448019831,0.0
641.57367205366,0.0
649.9665993053368,0.0
609.57367205366,0.0
664.57367205366,0.0
443.18074480198305,0.0
362.78781755030616,0.0
362.18074480198305,0.0
369.57367205365995,0.0
378.9665993053368,0.0
381.9665993053368,0.0
368.57367205365995,0.0
366.57367205365995,0.0
358.18074480198305,0.0
345.78781755030616,0.0
333.3948902986293,0.0
345.78781755030616,0.0
355.18074480198305,0.0
367.57367205365995,0.0
357.18074480198305,0.0
346.78781755030616,0.0
362.18074480198305,0.0
424.57367205365995,0.0
643.57367205366,0.0
593.57367205366,0.0
585.57367205366,0.0
560.57367205366,0.0
698.9665993053368,0.0
624.9665993053368,0.0
369.57367205365995,0.0
357.18074480198305,0.0
369.57367205365995,0.0
357.18074480198305,0.0
369.57367205365995,0.0
370.57367205365995,0.0
378.9665993053368,0.0
390.3595265570137,0.0
391.3595265570137,0.0
401.7524538086905,0.0
413.14538106036747,0.0
422.53830831204425,0.0
436.93123556372115,0.0
423.53830831204425,0.0
413.14538106036747,0.0
405.7524538086905,0.0
410.7524538086905,0.0
484.3595265570137,0.0
645.9665993053368,0.0
643.57367205366,0.0
673.1807448019831,0.0
603.7878175503062,0.0
607.7878175503062,0.0
618.7878175503062,0.0
429.18074480198305,0.0
358.18074480198305,0.0
355.78781755030616,0.0
359.18074480198305,0.0
356.18074480198305,0.0
370.57367205365995,0.0
368.57367205365995,0.0
360.18074480198305,0.0
360.18074480198305,0.0
345.78781755030616,0.0
357.18074480198305,0.0
354.18074480198305,0.0
357.18074480198305,0.0
357.18074480198305,0.0
356.18074480198305,0.0
371.57367205365995,0.0
500.18074480198305,0.0
652.1807448019831,0.0
545.1807448019831,0.0
609.57367205366,0.0
632.57367205366,0.0
649.57367205366,0.0
650.57367205366,0.0
631.9665993053368,0.0
479.9665993053368,0.0
403.3595265570137,0.0
385.9665993053368,0.0
392.3595265570137,0.0
408.7524538086905,0.0
404.7524538086905,0.0
392.3595265570137,0.0
403.7524538086905,0.0
390.3595265570137,0.0
401.7524538086905,0.0
412.14538106036747,0.0
423.53830831204425,0.0
414.14538106036747,0.0
401.7524538086905,0.0
413.14538106036747,0.0
569.7524538086905,0.0
643.7524538086905,0.0
651.1453810603675,0.0
713.5383083120443,0.0
750.1453810603675,0.0
692.5383083120443,0.0
684.5383083120443,0.0
691.1453810603675,0.0
456.14538106036747,0.0
400.7524538086905,0.0
391.3595265570137,0.0
401.7524538086905,0.0
388.3595265570137,0.0
402.7524538086905,0.0
402.7524538086905,0.0
401.7524538086905,0.0
392.3595265570137,0.0
401.7524538086905,0.0
390.3595265570137,0.0
378.9665993053368,0.0
365.57367205365995,0.0
356.18074480198305,0.0
357.18074480198305,0.0
354.18074480198305,0.0
371.57367205365995,0.0
358.18074480198305,0.0
368.57367205365995,0.0
359.18074480198305,0.0
358.18074480198305,0.0
368.57367205365995,0.0
355.18074480198305,0.0
346.78781755030616,0.0
337.3948902986293,0.0
335.3948902986293,0.0
336.3948902986293,0.0
338.3948902986293,0.0
328.0019630469524,0.0
312.60903579527553,0.0
321.0019630469524,0.0
322.0019630469524,0.0
334.3948902986293,0.0
332.3948902986293,0.0
344.78781755030616,0.0
345.78781755030616,0.0
343.78781755030616,0.0
357.18074480198305,0.0
344.78781755030616,0.0
333.3948902986293,0.0
324.0019630469524,0.0
336.3948902986293,0.0
348.78781755030616,0.0
347.78781755030616,0.0
356.18074480198305,0.0
357.18074480198305,0.0
376.57367205365995,0.0
359.18074480198305,0.0
357.18074480198305,0.0
348.78781755030616,0.0
359.18074480198305,0.0
369.57367205365995,0.0
357.18074480198305,0.0
364.18074480198305,0.0
358.18074480198305,0.0
349.78781755030616,0.0
347.78781755030616,0.0
340.3948902986293,0.0
326.0019630469524,0.0
315.60903579527553,0.0
313.60903579527553,0.0
304.2161085435987,0.0
292.8231812919218,0.0
303.2161085435987,0.0
303.2161085435987,0.0
294.8231812919218,0.0
451.2161085435987,0.0
584.6090357952755,0.0
625.0019630469524,0.0
678.6090357952755,0.0
573.0019630469524,0.0
591.0019630469524,0.0
626.6090357952755,0.0
377.0019630469524,0.0
311.60903579527553,0.0
328.0019630469524,0.0
329.0019630469524,0.0
325.0019630469524,0.0
319.60903579527553,0.0
302.2161085435987,0.0
316.60903579527553,0.0
301.2161085435987,0.0
314.60903579527553,0.0
304.2161085435987,0.0
313.60903579527553,0.0
314.60903579527553,0.0
326.0019630469524,0.0
336.3948902986293,0.0
329.0019630469524,0.0
632.3948902986293,0.0
644.3948902986293,0.0
586.3948902986293,0.0
673.7878175503062,0.0
610.1807448019831,0.0
622.57367205366,0.0
534.57367205366,0.0
490.9665993053368,0.0
399.3595265570137,0.0
394.9665993053368,0.0
387.9665993053368,0.0
396.3595265570137,0.0
383.9665993053368,0.0
381.9665993053368,0.0
366.57367205365995,0.0
369.57367205365995,0.0
367.57367205365995,0.0
357.18074480198305,0.0
343.78781755030616,0.0
354.18074480198305,0.0
343.78781755030616,0.0
341.78781755030616,0.0
354.18074480198305,0.0
367.57367205365995,0.0
367.57367205365995,0.0
457.18074480198305,0.0
644.57367205366,0.0
610.1807448019831,0.0
682.1807448019831,0.0
635.7878175503062,0.0
654.7878175503062,0.0
643.3948902986293,0.0
443.0019630469524,0.0
337.3948902986293,0.0
331.0019630469524,0.0
312.60903579527553,0.0
306.2161085435987,0.0
304.2161085435987,0.0
301.2161085435987,0.0
302.2161085435987,0.0
289.8231812919218,0.0
300.2161085435987,0.0
300.2161085435987,0.0
287.8231812919218,0.0
289.8231812919218,0.0
301.2161085435987,0.0
311.60903579527553,0.0
312.60903579527553,0.0
316.60903579527553,0.0
422.60903579527553,0.0
623.6090357952755,0.0
599.6090357952755,0.0
647.6090357952755,0.0
581.2161085435987,0.0
655.8231812919219,0.0
624.2161085435987,0.0
377.2161085435987,0.0
313.60903579527553,0.0
305.2161085435987,0.0
297.8231812919218,0.0
278.43025404024496,0.0
277.43025404024496,0.0
291.8231812919218,0.0
276.43025404024496,0.0
277.43025404024496,0.0
267.03732678856807,0.0
277.43025404024496,0.0
278.43025404024496,0.0
287.8231812919218,0.0
278.43025404024496,0.0
266.03732678856807,0.0
420.64439953689117,0.0
637.6443995368911,0.0
544.6443995368911,0.0
550.0373267885681,0.0
374.03732678856807,0.0
590.0373267885681,0.0
586.0373267885681,0.0
504.43025404024496,0.0
267.03732678856807,0.0
257.64439953689117,0.0
256.64439953689117,0.0
269.03732678856807,0.0
278.43025404024496,0.0
267.03732678856807,0.0
256.64439953689117,0.0
266.03732678856807,0.0
266.03732678856807,0.0
255.64439953689117,0.0
266.03732678856807,0.0
266.03732678856807,0.0
254.64439953689117,0.0
267.03732678856807,0.0
254.64439953689117,0.0
254.64439953689117,0.0
254.64439953689117,0.0
244.25147228521433,0.0
255.64439953689117,0.0
267.03732678856807,0.0
258.64439953689117,0.0
260.64439953689117,0.0
260.64439953689117,0.0
250.25147228521433,0.0
259.64439953689117,0.0
272.03732678856807,0.0
277.03732678856807,0.0
276.03732678856807,0.0
272.03732678856807,0.0
273.03732678856807,0.0
291.43025404024496,0.0
294.8231812919218,0.0
293.8231812919218,0.0
282.43025404024496,0.0
273.03732678856807,0.0
257.64439953689117,0.0
256.64439953689117,0.0
268.03732678856807,0.0
268.03732678856807,0.0
285.43025404024496,0.0
271.03732678856807,0.0
261.64439953689117,0.0
253.25147228521433,0.0
262.64439953689117,0.0
267.03732678856807,0.0
282.43025404024496,0.0
298.8231812919218,0.0
300.8231812919218,0.0
299.8231812919218,0.0
299.8231812919218,0.0
300.8231812919218,0.0
283.43025404024496,0.0
285.43025404024496,0.0
292.8231812919218,0.0
295.8231812919218,0.0
294.8231812919218,0.0
292.8231812919218,0.0
280.43025404024496,0.0
284.43025404024496,0.0
271.03732678856807,0.0
261.64439953689117,0.0
265.64439953689117,0.0
258.64439953689117,0.0
260.64439953689117,0.0
272.03732678856807,0.0
298.43025404024496,0.0
293.43025404024496,0.0
626.8231812919219,1.0
632.2161085435987,1.0
604.2161085435987,1.0
622.2161085435987,1.0
623.2161085435987,1.0
626.2161085435987,1.0
636.2161085435987,1.0
632.6090357952755,1.0
611.2161085435987,1.0
616.8231812919219,1.0
624.2161085435987,1.0
623.2161085435987,1.0
620.6090357952755,1.0
624.2161085435987,1.0
615.8231812919219,1.0
607.8231812919219,1.0
606.8231812919219,1.0
627.2161085435987,1.0
606.8231812919219,1.0
624.2161085435987,1.0
616.2161085435987,1.0
618.2161085435987,1.0
621.8231812919219,1.0
629.2161085435987,1.0
630.6090357952755,1.0
639.6090357952755,1.0
670.0019630469524,1.0
636.6090357952755,1.0
636.6090357952755,1.0
658.0019630469524,1.0
424.0019630469524,1.0
330.0019630469524,0.0
341.3948902986293,0.0
347.3948902986293,0.0
332.0019630469524,0.0
330.0019630469524,0.0
338.3948902986293,0.0
338.3948902986293,0.0
338.3948902986293,0.0
341.3948902986293,0.0
342.3948902986293,0.0
352.78781755030616,0.0
341.3948902986293,0.0
340.3948902986293,0.0
356.78781755030616,0.0
359.78781755030616,0.0
352.78781755030616,0.0
368.78781755030616,0.0
551.3948902986293,0.0
683.7878175503062,0.0
671.3948902986293,0.0
653.0019630469524,0.0
639.6090357952755,0.0
307.60903579527553,0.0
644.6090357952755,0.0
609.6090357952755,0.0
638.2161085435987,0.0
655.6090357952755,0.0
653.6090357952755,0.0
620.2161085435987,0.0
424.2161085435987,0.0
316.60903579527553,0.0
316.60903579527553,0.0
311.2161085435987,0.0
302.8231812919218,0.0
306.2161085435987,0.0
292.8231812919218,0.0
293.8231812919218,0.0
297.8231812919218,0.0
287.43025404024496,0.0
278.03732678856807,0.0
379.64439953689117,0.0
688.0373267885681,0.0
571.430254040245,0.0
643.430254040245,0.0
607.430254040245,0.0
620.430254040245,0.0
618.0373267885681,0.0
372.64439953689117,0.0
252.25147228521433,0.0
251.25147228521433,0.0
255.25147228521433,0.0
253.25147228521433,0.0
252.25147228521433,0.0
272.64439953689117,0.0
258.64439953689117,0.0
248.25147228521433,0.0
258.64439953689117,0.0
271.03732678856807,0.0
272.03732678856807,0.0
258.64439953689117,0.0
259.64439953689117,0.0
270.03732678856807,0.0
370.64439953689117,0.0
610.0373267885681,0.0
618.0373267885681,0.0
617.430254040245,0.0
664.0373267885681,0.0
580.430254040245,0.0
619.8231812919219,0.0
607.8231812919219,0.0
647.2161085435987,0.0
447.2161085435987,0.0
290.8231812919218,0.0
305.2161085435987,0.0
302.2161085435987,0.0
315.60903579527553,0.0
332.0019630469524,0.0
339.3948902986293,0.0
327.0019630469524,0.0
314.60903579527553,0.0
327.0019630469524,0.0
336.3948902986293,0.0
329.0019630469524,0.0
339.3948902986293,0.0
350.78781755030616,0.0
339.3948902986293,0.0
329.0019630469524,0.0
327.0019630469524,0.0
327.0019630469524,0.0
317.60903579527553,0.0
323.60903579527553,0.0
305.2161085435987,0.0
318.60903579527553,0.0
308.2161085435987,0.0
320.60903579527553,0.0
307.2161085435987,0.0
293.8231812919218,0.0
306.2161085435987,0.0
306.2161085435987,0.0
318.60903579527553,0.0
311.2161085435987,0.0
316.60903579527553,0.0
306.2161085435987,0.0
320.60903579527553,0.0
307.2161085435987,0.0
294.8231812919218,0.0
306.2161085435987,0.0
306.2161085435987,0.0
306.2161085435987,0.0
296.8231812919218,0.0
297.8231812919218,0.0
308.2161085435987,0.0
299.8231812919218,0.0
308.2161085435987,0.0
316.60903579527553,0.0
304.2161085435987,0.0
303.2161085435987,0.0
320.60903579527553,0.0
309.2161085435987,0.0
313.2161085435987,0.0
324.60903579527553,0.0
335.0019630469524,0.0
346.3948902986293,0.0
341.3948902986293,0.0
339.3948902986293,0.0
355.78781755030616,0.0
346.3948902986293,0.0
343.3948902986293,0.0
327.0019630469524,0.0
332.0019630469524,0.0
331.0019630469524,0.0
331.0019630469524,0.0
342.3948902986293,0.0
344.3948902986293,0.0
350.3948902986293,0.0
354.3948902986293,0.0
341.0019630469524,0.0
332.60903579527553,0.0
327.60903579527553,0.0
342.0019630469524,0.0
479.0019630469524,0.0
615.0019630469524,0.0
611.0019630469524,0.0
339.0019630469524,0.0
356.3948902986293,0.0
345.3948902986293,0.0
355.78781755030616,0.0
344.3948902986293,0.0
350.78781755030616,0.0
341.3948902986293,0.0
339.3948902986293,0.0
337.3948902986293,0.0
334.0019630469524,0.0
341.3948902986293,0.0
332.0019630469524,0.0
325.0019630469524,0.0
319.60903579527553,0.0
331.0019630469524,0.0
345.3948902986293,0.0
350.3948902986293,0.0
348.0019630469524,0.0
580.3948902986293,0.0
677.3948902986293,0.0
761.7878175503062,0.0
641.7878175503062,0.0
658.7878175503062,0.0
681.3948902986293,0.0
618.0019630469524,0.0
329.60903579527553,0.0
308.2161085435987,0.0
316.60903579527553,0.0
306.2161085435987,0.0
318.60903579527553,0.0
319.60903579527553,0.0
329.0019630469524,0.0
344.3948902986293,0.0
343.3948902986293,0.0
333.0019630469524,0.0
340.3948902986293,0.0
343.3948902986293,0.0
354.78781755030616,0.0
372.18074480198305,0.0
360.78781755030616,0.0
353.3948902986293,0.0
423.78781755030616,0.0
835.7878175503062,1.0
670.3948902986293,1.0
993.3948902986293,1.0
710.0019630469524,0.0
685.0019630469524,0.0
656.3948902986293,0.0
706.7878175503062,0.0
720.1807448019831,0.0
732.57367205366,0.0
479.18074480198305,0.0
378.57367205365995,0.0
387.9665993053368,0.0
373.57367205365995,0.0
388.9665993053368,0.0
