262.57132462002005,0.0
945.4447042127466,0.0
1329.494484790538,0.0
2304.7916447088824,0.0
3127.0557448095174,0.0
1902.4072763957204,0.0
2086.2148150836174,0.0
1355.398432827163,0.0
558.352506774086,0.0
2003.3213645968801,0.0
836.784771507664,0.0
1521.95026319179,0.0
601.211749774168,0.0
-89.617556819578,0.0
-28.260264758782114,0.0
12.820697873517929,0.0
-717.2222530487402,0.0
-1793.3507297388805,0.0
-1479.5899729974806,0.0
-1739.8541263579004,0.0
-569.2976734357501,0.0
-1315.5269435058506,0.0
-387.0597550135801,0.0
-203.48200956785013,0.0
604.9989636974001,0.0
1683.98192064307,0.0
1847.3143841967103,0.0
1558.92869765057,0.0
2413.91655527715,0.0
2716.72925813697,0.0
2710.04909553555,0.0
3615.9578185545097,0.0
3681.53741931608,0.0
4602.16398181423,0.0
3988.3462645949603,0.0
5028.701653644261,0.0
5037.3149172638605,0.0
5722.07666245389,0.0
5158.26017588761,0.0
3984.55106225265,0.0
3488.3447017859908,0.0
4210.08951056644,0.0
3128.18027602889,0.0
3084.5086767021003,0.0
3966.4646563783303,0.0
3092.8512233583997,0.0
3940.4780230191104,0.0
4482.69064452869,0.0
5360.41269691778,0.0
5177.620713654811,0.0
5289.88220740099,0.0
4264.96406632263,0.0
3899.5489649153906,0.0
3294.75887506858,0.0
4366.70239400262,0.0
5353.97222724323,0.0
4514.579861930601,0.0
4370.95562716727,0.0
4903.739576169661,0.0
5091.6763815227505,0.0
5404.6385823930505,0.0
5335.69884429441,0.0
5158.445890693791,0.0
4396.31643451416,0.0
5178.99030802846,0.0
6295.8201002594105,0.0
6890.96820361206,0.0
7226.80624092367,0.0
8115.492485881991,0.0
7153.2377756449805,0.0
7134.5981530474,0.0
8087.746278297611,0.0
7902.589440336102,0.0
7072.08196987292,0.0
7207.58004823032,0.0
8194.535290516531,0.0
7077.07531368265,0.0
6091.593689609341,0.0
5003.49627244765,0.0
3965.9291797014703,0.0
4068.9144806622403,0.0
5359.227303696291,0.0
6165.03995163527,0.0
6872.86753957926,0.0
5893.08936657993,0.0
6790.32067295082,0.0
6119.18294193856,0.0
4934.060112312291,0.0
4284.22055129633,0.0
5062.303739388861,0.0
4243.91830672944,0.0
4722.89855338286,0.0
4866.4357809393305,0.0
5590.209003545451,0.0
5847.26480568631,0.0
5731.135128685781,0.0
6547.8901458705,0.0
5936.244595992421,0.0
5676.987784571669,0.0
6717.45887442549,0.0
5733.32993194014,0.0
5411.3872954769,0.0
4499.56648741022,0.0
3683.95782183871,0.0
3436.0281779603,0.0
2820.81642079548,0.0
3362.5086719107803,0.0
2977.4081532873606,0.0
2550.3536175156,0.0
2027.6309809108104,0.0
690.08044107042,0.0
1482.93057902939,0.0
1655.43692142553,0.0
720.0171986298501,0.0
1296.13532407435,0.0
884.3010695166499,0.0
454.7482985132099,0.0
1637.86374146659,0.0
2574.47681677922,0.0
1576.40783338288,0.0
598.5334102127999,0.0
649.9215485668799,0.0
-518.4425928161702,0.0
444.21127924125994,0.0
-539.1306483736203,0.0
-28.74628030494023,0.0
-965.9094336000705,0.0
-2121.94714777654,0.0
-1489.1425551316904,0.0
-2171.75639196603,0.0
-961.0831047347706,0.0
-418.0171567167904,0.0
-169.2724424257301,0.0
417.84241119021,0.0
1662.5718929927,0.0
2276.848911796,0.0
3154.1708728430403,0.0
3219.5750120186703,0.0
2332.03825868911,0.0
1421.58031882714,0.0
835.9916893674199,0.0
726.5290055599298,0.0
-246.42639229223028,0.0
-1288.6037027358907,0.0
-2170.0748427749004,0.0
-1178.873812673,0.0
-300.7518482692101,0.0
-1062.8369454606604,0.0
-1775.9638646248204,0.0
-2978.85786063897,0.0
-1521.1643782723704,0.0
-2018.1859747169503,0.0
-831.7791360259605,0.0
-1242.1260812803603,0.0
-2404.59254064484,0.0
-1664.1887194348903,0.0
-821.3017293707601,0.0
-501.81730022934016,0.0
-571.2801235853703,0.0
-594.9506583311504,0.0
-415.80082639338025,0.0
396.84174546026,0.0
1965.97316444157,0.0
2748.28287022148,0.0
1709.3937060127298,0.0
831.0142550390897,0.0
645.1105194265701,0.0
973.0782982873798,0.0
793.4475476101002,0.0
724.6277475285401,0.0
416.34468346370977,0.0
-980.3633605836803,0.0
-799.2174282146802,0.0
-1718.3482419274196,0.0
-1720.2462111038403,0.0
-2281.270930093281,0.0
-1705.08106069137,0.0
-1389.79755417264,0.0
-1395.8371893672702,0.0
-2405.4430457465205,0.0
-3006.627248243391,0.0
-2091.042765462581,0.0
-1137.0061333488102,0.0
148.72728229610948,0.0
129.96159274114052,0.0
78.20303675485957,0.0
1111.4090473694996,0.0
1008.2927115604489,0.0
1178.3822137153893,0.0
2413.7509647516795,0.0
1349.2311869575296,0.0
1451.1020144805698,0.0
956.0053482849498,0.0
502.4191218469796,0.0
1806.3072581852093,0.0
2950.5119443563794,0.0
3390.7189276158306,0.0
2745.2308893927698,0.0
3652.1086088806405,0.0
3698.5041162872903,0.0
4576.31650755785,0.0
4669.5237156925705,0.0
4228.612897630999,0.0
5081.633355077151,0.0
6097.73018668366,0.0
6309.08545782339,0.0
6003.11374604721,0.0
6289.33566176292,0.0
7100.0165838453995,0.0
7074.554393382919,0.0
7404.979200528871,0.0
7291.963505300921,0.0
8055.665447308391,0.0
8268.50291247106,0.0
7734.674500116371,0.0
6806.88214999847,0.0
5437.33080392764,0.0
5784.0780672452,0.0
6895.38047687732,0.0
5552.302734471021,0.0
6177.99714717339,0.0
5850.57868683572,0.0
6969.6448004247295,0.0
6921.763806231369,0.0
6382.256240133101,0.0
4920.37038945091,0.0
6131.36124999819,0.0
6908.98980711055,0.0
7227.22920446069,0.0
8527.762577306841,0.0
8763.60647341629,0.0
8153.26805178621,0.0
7247.58971730098,0.0
7597.9132735957,0.0
7142.15484493347,0.0
8367.829861404121,0.0
8620.24578970294,0.0
9186.541640556112,0.0
10040.181862686171,0.0
10162.75138766407,0.0
10306.27415257291,0.0
10032.388552157681,0.0
11466.929005077942,0.0
12090.608052046211,0.0
12464.20606513394,0.0
13735.58840810716,0.0
13331.955139734,0.0
13774.85894484548,0.0
13947.048634716331,0.0
14896.75984243046,0.0
13667.18497963483,0.0
13148.08415957553,0.0
12215.61637021157,0.0
12491.049669781502,0.0
11408.839945992771,0.0
11222.3031032461,0.0
11185.07988045652,0.0
10390.92190587796,0.0
11015.99981817736,0.0
12114.79654373489,0.0
12151.47727262539,0.0
11258.90892856822,0.0
10924.375900532079,0.0
10487.9538598758,0.0
9409.371088789412,0.0
10657.01639428578,0.0
10719.14541544354,0.0
10949.99215811168,0.0
10716.857919597362,0.0
11863.427570811431,0.0
12901.84935838445,0.0
13147.277230811671,0.0
13634.838498448411,0.0
12550.21482091453,0.0
13616.72764818752,0.0
12852.62797895868,0.0
11826.865526653331,0.0
12020.257381823922,0.0
11687.316800126391,0.0
11405.25885434031,0.0
12795.82102363571,0.0
12376.6803757378,0.0
11763.56675030884,0.0
11718.7500162517,0.0
11666.134815671281,0.0
10981.11779832023,0.0
9668.81745215734,0.0
10350.838122216239,0.0
11507.78450810859,0.0
12345.36887139166,0.0
12486.633815235462,0.0
13572.1295441582,0.0
13809.452031784891,0.0
15009.32500044498,0.0
15959.40540947699,0.0
15110.03114447915,0.0
14850.17506798563,0.0
15036.69568952627,0.0
14095.81152049257,0.0
14919.372957153511,0.0
15797.479384775392,0.0
17001.68565967703,0.0
17751.37313868014,0.0
17979.70290377095,0.0
18457.530213014772,0.0
18256.4393053757,0.0
18404.790505579,0.0
17567.61232527957,0.0
18410.402241552973,0.0
19285.30171726687,0.0
18134.65716602428,0.0
19193.961264498903,0.0
18211.17973477827,0.0
18473.612516323443,0.0
18476.01103779635,0.0
17782.34163886241,0.0
17423.3755411269,0.0
17666.8453718182,0.0
17394.92597773494,0.0
16280.664892611181,0.0
17575.18262323289,0.0
16479.347352074274,0.0
16425.632248385573,0.0
16448.435815319273,0.0
16810.456261219813,0.0
15994.988097715592,0.0
14980.86007327233,0.0
14750.20748369733,0.0
13649.0752957148,0.0
14877.33040894821,0.0
15984.616323093911,0.0
15951.95534400142,0.0
14955.080211981782,0.0
14041.98695713083,0.0
14781.70691862758,0.0
14135.21503758473,0.0
13170.246509886922,0.0
14120.45529278566,0.0
15018.29567687517,0.0
15786.591361341612,0.0
15928.34274647378,0.0
15304.52847056542,0.0
15202.3710705237,0.0
14317.29573535507,0.0
14318.51113147966,0.0
15581.226983325701,0.0
16278.247159488641,0.0
16366.068258005691,0.0
16392.066350273133,0.0
16225.992838655522,0.0
15526.355113098201,0.0
14915.18748186374,0.0
13888.447225443262,0.0
12656.36091101659,0.0
12082.383734507832,0.0
11309.59010314931,0.0
10324.464188706559,0.0
11462.675517940941,0.0
11337.007748314172,0.0
11226.97390026242,0.0
12544.425549741081,0.0
11596.274827380239,0.0
11710.41230792461,0.0
12785.30346505209,0.0
12686.228307598372,0.0
12400.01995930556,0.0
13716.43788108107,0.0
14363.250521987942,0.0
15557.829887602398,0.0
16825.207368175128,0.0
17298.691784302842,0.0
17713.75262926524,0.0
16725.0775432383,0.0
17769.249777086803,0.0
18080.356951320722,0.0
18048.36159552658,0.0
19194.654200054283,0.0
18798.66569305392,0.0
19835.42018695337,0.0
19006.482656999742,0.0
20112.318481898932,0.0
20013.4539182507,0.0
20115.80301304128,0.0
20153.68802188847,0.0
21441.06890928447,0.0
22416.01106936559,0.0
21634.23742446698,0.0
21115.19261535712,0.0
20638.22757476337,0.0
21787.457335033883,0.0
21426.73012029889,0.0
20055.578806570105,0.0
20917.586496293094,0.0
20808.02724695392,0.0
20033.04536102214,0.0
19876.44116957737,0.0
19040.79138407544,0.0
18405.05648326406,0.0
19521.025069918775,0.0
19525.863215132722,0.0
19500.78674106468,0.0
19283.9416250799,0.0
19812.410246134794,0.0
19828.310123680843,0.0
20102.19968789284,0.0
18572.03510021462,0.0
18922.354856927923,0.0
19360.8060409797,0.0
20015.45018378154,0.0
19385.8344160118,0.0
20195.261394581532,0.0
21074.46867120296,0.0
21265.863805986264,0.0
21707.37160877796,0.0
22026.48317752829,0.0
23164.45633482572,0.0
22423.415982939092,0.0
22349.56421359189,0.0
22274.29276699919,0.0
22487.930560058892,0.0
21385.411871757562,0.0
21201.42993732856,0.0
21435.996470367463,0.0
22354.88149773819,0.0
22482.02152566879,0.0
23280.870870141123,0.0
22581.83063648129,0.0
23790.018753913224,0.0
23990.78819158345,0.0
25381.61272706908,0.0
24229.36169124045,0.0
23343.06251311592,0.0
23129.252048020724,0.0
23438.026409227823,0.0
23561.368346111623,0.0
23233.279857275324,0.0
22964.47921030189,0.0
22454.615249446993,0.0
23087.093003491722,0.0
24421.78823639365,0.0
25812.60882080718,0.0
25668.14595752168,0.0
26524.340199163213,0.0
25509.59251539268,0.0
25442.896684948682,0.0
25265.668599218283,0.0
25054.686435791584,0.0
25828.827759932814,0.0
25100.61568389988,0.0
24975.027356727882,0.0
24196.910944617848,0.0
23593.73577471412,0.0
24190.78874343355,0.0
24051.47832424155,0.0
25062.82878212978,0.0
23985.421867933648,0.0
24449.89370381045,0.0
23072.87657552272,0.0
23313.08370949162,0.0
22513.34615238989,0.0
23530.469525225722,0.0
22723.14453150189,0.0
22003.62976254669,0.0
22494.28059545769,0.0
23107.342909907624,0.0
24074.63128901845,0.0
25280.64341400788,0.0
24864.298659510583,0.0
25085.77579373848,0.0
25832.24293972781,0.0
26650.379908642637,0.0
27907.126081876173,0.0
27569.771518713773,0.0
28465.5947712953,0.0
29532.68894190753,0.0
30468.013860684463,0.0
31010.46808296813,0.0
32299.640199303823,0.0
31934.469624693862,0.0
32780.78893803118,0.0
32480.328958845545,0.0
33792.975599133206,0.0
33857.889253676665,0.0
33639.24445496269,0.0
33989.13115751958,0.0
34766.98065751266,0.0
33727.62826839726,0.0
34951.68151241582,0.0
34299.37535278304,0.0
34621.547235849765,0.0
34709.936276295375,0.0
35259.13154187342,0.0
34464.652513866684,0.0
35405.626952126106,0.0
36234.81951802841,0.0
36319.01420957521,0.0
36263.062505305694,0.0
36121.78919732537,0.0
37333.67085539099,0.0
36149.66509133462,0.0
35212.863646862104,0.0
35416.95969121425,0.0
34723.96139254099,0.0
33140.16557908171,0.0
32592.059695217133,0.0
32627.73362963958,0.0
32556.360729542033,0.0
33040.09222731895,0.0
32792.87857040472,0.0
33372.374631689745,0.0
32440.965573391204,0.0
31822.287887890576,0.0
31847.549223138943,0.0
31801.468526481593,0.0
32477.595104110063,0.0
32707.960250039952,0.0
33522.35600288192,0.0
34823.918409144615,0.0
34323.77026300547,0.0
35429.91032418177,0.0
36166.04855632952,0.0
36195.31544306812,0.0
35487.73065563932,0.0
36385.143961440444,0.0
37278.75933179361,0.0
38615.89284216413,0.0
39283.98602671962,0.0
40468.04007506449,0.0
40979.156147958995,0.0
42071.554085886106,0.0
41885.08826467674,0.0
41546.08064492222,0.0
40202.5126385405,0.0
41629.26847024933,0.0
42117.51865652175,0.0
42330.72166098665,0.0
40924.3129327125,0.0
40552.35426581209,0.0
39729.68328018967,0.0
38488.97630193523,0.0
38849.079155600426,0.0
37968.9989435293,0.0
36816.20420299997,0.0
38309.945266404204,0.0
38878.54591193273,0.0
38204.1485784243,0.0
38409.1907593682,0.0
37338.921051004676,0.0
37638.91700712858,0.0
36661.17978956494,0.0
37898.735371108574,0.0
37548.09104663288,0.0
38432.6003671204,0.0
39703.21418848583,0.0
40578.61161243366,0.0
41541.2581452283,0.0
40837.77069490606,0.0
39981.38392530493,0.0
40875.97603168526,0.0
40140.53598704223,0.0
39310.752360598,0.0
38473.63304412797,0.0
38565.60638343778,0.0
39613.919951985605,0.0
40326.60517258333,0.0
40336.11199670413,0.0
39334.8030413399,0.0
38672.96056424788,0.0
39527.7306124959,0.0
39851.1051753443,0.0
39802.3236376789,0.0
40720.088709476826,0.0
39788.8071308441,0.0
39135.723077305774,0.0
39077.085198511275,0.0
39017.42526528548,0.0
39054.938967547976,0.0
39600.576074833676,0.0
38407.77962174924,0.0
39375.180318145576,0.0
39529.49420183047,0.0
40457.8315768034,0.0
41464.72942603423,0.0
40633.741294299,0.0
39721.45220507058,0.0
39688.69717414527,0.0
40094.33589946637,0.0
40914.974587991805,0.0
39799.795069161875,0.0
41205.6020494959,0.0
41694.40651815303,0.0
41086.898115054704,0.0
42081.61060235153,0.0
42010.57996669513,0.0
42296.89984169533,0.0
42924.00176638436,0.0
44470.09326150779,0.0
44298.6122463339,0.0
43681.765750056664,0.0
43526.10456214006,0.0
43125.34315769936,0.0
44533.3269154955,0.0
44537.2795513181,0.0
43769.51416712016,0.0
42899.32755635953,0.0
43737.84523078896,0.0
43807.18110969786,0.0
43610.450584193364,0.0
44975.79841089129,0.0
45286.69685575043,0.0
46213.31475444865,0.0
46354.56214482915,0.0
47720.87822209338,0.0
47361.25874285478,0.0
46605.03475274115,0.0
47635.44596728988,0.0
47548.31216086178,0.0
46343.48743886165,0.0
47901.30109946958,0.0
47680.092099342175,0.0
46892.41034327165,0.0
47724.06728038208,0.0
47633.76132435428,0.0
48683.56743084471,0.0
48828.70923717061,0.0
47474.03257631758,0.0
47546.725133724576,0.0
47102.25622217155,0.0
46683.77647532205,0.0
46861.41365563725,0.0
46585.99338831145,0.0
46070.47569414253,0.0
46050.16384535782,0.0
45881.331028029126,0.0
47143.40399176775,0.0
47661.38265907008,0.0
46777.10765370755,0.0
46115.946368746525,0.0
46901.95780246645,0.0
47884.72254799438,0.0
47071.39849596125,0.0
45906.225039100624,0.0
46888.18318314685,0.0
45707.99105252932,0.0
45903.13072333373,0.0
45738.44080567332,0.0
46942.05378603325,0.0
46670.65642671905,0.0
46666.149920689146,0.0
46639.64609889155,0.0
45312.37088353632,0.0
46408.57987565335,0.0
46951.34800157015,0.0
47607.31584974548,0.0
48375.57839066901,0.0
48314.308201226915,0.0
47371.181300891076,0.0
46543.236416028245,0.0
93756.56361706772,1.0
93756.56361706772,1.0
45439.81703495853,0.0
46120.53493482855,0.0
47172.06640149888,0.0
47326.07782614718,0.0
46008.84287976345,0.0
47373.51026176858,0.0
48297.58953318541,0.0
47127.18254207738,0.0
47155.93467816678,0.0
48255.321162911714,0.0
47863.60326515171,0.0
47772.55486777561,0.0
47708.33091768871,0.0
48638.083187962446,0.0
49584.931905911275,0.0
49770.272609013875,0.0
50416.6745393241,0.0
49605.57118405418,0.0
48749.274347634644,0.0
49373.40372879758,0.0
48953.92694434564,0.0
47996.85411953661,0.0
48304.58945899044,0.0
48541.47650079114,0.0
49466.816921110876,0.0
50475.5649053019,0.0
51125.43960073854,0.0
50347.6948328764,0.0
51477.527745805135,0.0
50589.595735162104,0.0
49517.58921127937,0.0
48612.86266063214,0.0
49338.095342374974,0.0
49372.92189338968,0.0
49676.629448843974,0.0
50384.259027979104,0.0
49322.71794564527,0.0
48847.84173925714,0.0
49345.20896306338,0.0
49676.77715327947,0.0
48658.84356088864,0.0
48627.221001851445,0.0
47585.23029021331,0.0
48742.39476056944,0.0
49189.51084356518,0.0
49327.20577652118,0.0
48565.24222232794,0.0
47739.00729179391,0.0
47746.189446832315,0.0
46772.21888171958,0.0
46791.699386273176,0.0
46959.487623005974,0.0
45848.31230590465,0.0
46500.31205912088,0.0
46946.14053343428,0.0
48057.095057698214,0.0
47190.66579305698,0.0
46979.014590067774,0.0
47974.48112295741,0.0
47390.57086652658,0.0
46096.01740055875,0.0
45312.535482466024,0.0
45468.872315633824,0.0
44374.42850918979,0.0
44450.5140817108,0.0
43771.71451983196,0.0
44488.012657300394,0.0
44758.79112284859,0.0
43571.13853848246,0.0
42543.973154687934,0.0
44015.77866967216,0.0
43922.60645719886,0.0
44835.267195000495,0.0
43952.98180353586,0.0
45214.78911262639,0.0
45791.649520830426,0.0
45319.81817729359,0.0
44076.56669462966,0.0
44306.790056013364,0.0
43432.52186161103,0.0
43643.015398074334,0.0
44173.48553044386,0.0
43606.744908600434,0.0
43691.54173460303,0.0
42968.9082658606,0.0
43140.4137403395,0.0
43721.33368999973,0.0
43117.588200297105,0.0
42287.42792587598,0.0
42493.80758558528,0.0
43235.6441357444,0.0
44456.87174481493,0.0
44321.31366103333,0.0
45234.20476681306,0.0
46374.44552662839,0.0
47316.912238501725,0.0
47403.96632363362,0.0
48508.832953635254,0.0
48330.10024548655,0.0
49325.76759203108,0.0
50318.49228019271,0.0
49711.175521037585,0.0
49946.19809558778,0.0
50743.639151575015,0.0
49905.989839998976,0.0
51030.616293016006,0.0
51568.29510467724,0.0
51462.32826571784,0.0
50677.64867793401,0.0
50084.36168628788,0.0
51022.90839117871,0.0
50563.148092441916,0.0
51371.04485065701,0.0
50246.11552713538,0.0
50338.542045880575,0.0
49568.87873733295,0.0
48382.12920618353,0.0
47637.362598446794,0.0
47108.98799316706,0.0
47345.11921535136,0.0
48074.0404337053,0.0
47219.85634927037,0.0
45887.61115434343,0.0
47386.07322971166,0.0
46532.314533030134,0.0
47218.827754890364,0.0
47371.453071973265,0.0
46641.02514702423,0.0
47840.759907146465,0.0
47262.727201645364,0.0
46796.46937275573,0.0
47823.87213982386,0.0
48695.18095646679,0.0
49534.743117111124,0.0
49487.85087625512,0.0
50503.66255452395,0.0
51591.93888581288,0.0
51253.92044453548,0.0
52177.26153203511,0.0
53224.23880430685,0.0
54036.01799767098,0.0
53098.304304567544,0.0
52788.19395081331,0.0
52373.78663891691,0.0
51557.62268209738,0.0
52377.46003524181,0.0
51793.58637614858,0.0
50896.40532199655,0.0
50120.89038657783,0.0
49821.139149138224,0.0
50160.35950840522,0.0
49961.89597767983,0.0
50617.00397337905,0.0
52013.170424889584,0.0
51171.63275222355,0.0
51042.22678648645,0.0
49893.17862979602,0.0
48803.532121718104,0.0
48151.06591234976,0.0
47887.64240419566,0.0
48716.200213476994,0.0
48276.57982218296,0.0
47163.110346790236,0.0
48058.074006779265,0.0
47086.94370144783,0.0
48372.63687437456,0.0
48728.9626289233,0.0
48018.73763351406,0.0
48201.19460856126,0.0
48136.820911329865,0.0
47951.04905844506,0.0
48961.6051688718,0.0
48921.891702574394,0.0
49264.444515382194,0.0
48027.31711487306,0.0
48783.767284514994,0.0
49117.15814976199,0.0
49547.00999032063,0.0
49872.967600673925,0.0
50903.373102002646,0.0
49505.85035851992,0.0
48850.0462609282,0.0
48028.80942800666,0.0
47119.19280077293,0.0
47173.566170510436,0.0
47225.155924734834,0.0
46873.008218906034,0.0
46648.62169711273,0.0
45722.6699544731,0.0
46893.80819808623,0.0
46435.66471394513,0.0
45887.9737287613,0.0
45546.7350194701,0.0
46484.11597722213,0.0
45782.470227558995,0.0
46498.20584555293,0.0
45509.1855814501,0.0
44597.44141519838,0.0
44970.41481621568,0.0
44413.88334094228,0.0
44672.953282375376,0.0
44539.72293387868,0.0
44253.148189882144,0.0
44553.600755062675,0.0
44909.48735936708,0.0
45624.3907066046,0.0
46058.30863570713,0.0
47354.72556692716,0.0
47370.15219675766,0.0
46305.10163946463,0.0
46828.57091782546,0.0
48532.207481981495,0.0
47133.15849479276,0.0
46886.60891708806,0.0
46460.29596937573,0.0
45243.3073532461,0.0
46244.32574749533,0.0
46956.71438849706,0.0
47672.555319708496,0.0
47974.3431911674,0.0
47224.09737717167,0.0
47071.573324223864,0.0
46156.91248421703,0.0
45272.1884992427,0.0
44385.331643461075,0.0
45177.2427199924,0.0
46088.65611755313,0.0
46927.214344380765,0.0
45888.35112058613,0.0
44963.3158161211,0.0
46013.556549203524,0.0
46948.45968576537,0.0
47025.00215128517,0.0
95458.50259821967,1.0
95458.50259821967,1.0
47423.08805361517,0.0
48142.001714950195,0.0
48137.83690783019,0.0
47183.190511101864,0.0
46114.05265340433,0.0
47116.49494434547,0.0
46263.220952426025,0.0
47294.16831192226,0.0
47296.96232718536,0.0
48594.97262160049,0.0
49132.853352445425,0.0
49085.574744435624,0.0
49866.453495263544,0.0
50940.69573951378,0.0
52581.58731364891,0.0
53099.041202277345,0.0
52334.263373655514,0.0
51321.38192280398,0.0
50438.08068421245,0.0
50414.81165752605,0.0
49678.02544984533,0.0
48973.970381511994,0.0
47998.05737747246,0.0
46912.56937622583,0.0
46105.595716056705,0.0
45858.681442406305,0.0
46404.3085322695,0.0
47504.41775389853,0.0
46923.01710052663,0.0
46344.299786014904,0.0
47154.03972334043,0.0
47150.24471050693,0.0
48559.48888327446,0.0
48636.922487920965,0.0
47942.80323119683,0.0
47711.08204279333,0.0
46410.072096916396,0.0
47832.30026939793,0.0
47669.102411861735,0.0
47827.054231515634,0.0
47975.35818209323,0.0
48007.233769690836,0.0
49129.27374720706,0.0
47999.47701461463,0.0
48061.367842147825,0.0
48292.370365083625,0.0
49410.34848252016,0.0
49234.91396755426,0.0
49249.422616169366,0.0
49251.80509456307,0.0
50287.626473394695,0.0
50444.64677641369,0.0
51262.55093399152,0.0
50766.4210908942,0.0
51227.92708859872,0.0
52577.48784504545,0.0
52398.390050794755,0.0
52055.248911996525,0.0
52710.87723767935,0.0
52172.06797445043,0.0
52861.21889578545,0.0
53885.170223610476,0.0
54714.820144375306,0.0
53467.260334866776,0.0
53516.06433976975,0.0
53914.373763564174,0.0
53818.24245591755,0.0
53452.77863688515,0.0
54262.72003742788,0.0
55483.57960925501,0.0
54659.601006587676,0.0
55425.515557097315,0.0
55553.15036343601,0.0
55017.735414557275,0.0
54453.34912741608,0.0
53848.88822061205,0.0
53145.35273360943,0.0
53695.10192268275,0.0
52756.44771494722,0.0
54326.19398362965,0.0
53974.03699405935,0.0
53966.81811705995,0.0
53286.28954140742,0.0
54151.46059101665,0.0
53276.192697245024,0.0
52235.9805386846,0.0
51456.617870258866,0.0
50913.39754959583,0.0
50885.54698456843,0.0
50705.53466870173,0.0
52243.08259172856,0.0
51180.24386542213,0.0
51707.645573140966,0.0
50942.799320608836,0.0
50373.10245816813,0.0
52120.91997794526,0.0
51153.075181531225,0.0
50057.7690086691,0.0
49220.828812532476,0.0
49296.48691952198,0.0
49494.917103864376,0.0
49134.35420934938,0.0
48622.16944628174,0.0
47660.15192776991,0.0
48314.57295311194,0.0
48407.019932755844,0.0
49743.47273874938,0.0
49371.78229383887,0.0
50063.2967810448,0.0
50054.3280867986,0.0
50327.897134825194,0.0
51309.524090609135,0.0
50395.6728308308,0.0
49379.95088249577,0.0
48134.38943390154,0.0
49342.863930630774,0.0
50521.515198846304,0.0
49897.3034919814,0.0
51370.871806941126,0.0
50965.578504562625,0.0
52115.84277179866,0.0
50961.96030356613,0.0
51376.545280497434,0.0
50176.6634765808,0.0
51276.680205623226,0.0
51948.42424035466,0.0
50942.20942953533,0.0
50864.46935414823,0.0
50915.68095954923,0.0
50132.869384627396,0.0
50447.21931454231,0.0
49353.949760201474,0.0
48184.98769175254,0.0
47413.832448688016,0.0
47155.92083363091,0.0
46289.36490632147,0.0
45496.26076312775,0.0
46874.74021887478,0.0
46382.78376767578,0.0
45415.944548343556,0.0
45851.70398173478,0.0
47410.446111720514,0.0
48318.38367356165,0.0
46826.56000752842,0.0
48029.79640327624,0.0
47845.361221650644,0.0
47084.27693113691,0.0
47859.38281104434,0.0
47207.23036048691,0.0
47946.60946172934,0.0
47896.498927072345,0.0
47929.54973018644,0.0
46565.27415572421,0.0
45745.35643040459,0.0
47125.52363086882,0.0
45958.87947845688,0.0
46895.873012637414,0.0
45608.541769326286,0.0
47188.55815030291,0.0
46649.23155630412,0.0
47743.143154662845,0.0
48498.73382864358,0.0
47787.08024645224,0.0
48336.769022727574,0.0
48680.89049044537,0.0
48667.64497245137,0.0
49227.607191813906,0.0
49965.47806831503,0.0
51263.24892232096,0.0
50725.09234841696,0.0
52219.647735628794,0.0
53132.03562585873,0.0
52209.9600917504,0.0
51985.3413759438,0.0
53310.164816061224,0.0
52008.6548174144,0.0
51846.385266502795,0.0
51035.308218131366,0.0
50865.87617568516,0.0
50862.02449991467,0.0
50226.902952272634,0.0
49279.8371331239,0.0
50089.742044975836,0.0
49236.7910307591,0.0
49254.866397156904,0.0
50152.07369652833,0.0
51476.022129609366,0.0
51035.21856183057,0.0
50373.46726041513,0.0
51108.86042001506,0.0
50067.40137200913,0.0
50107.241521049626,0.0
49415.9938670977,0.0
49296.359094917105,0.0
48538.26904473138,0.0
47677.147059638744,0.0
48695.31108222448,0.0
47466.21369890505,0.0
47030.989689395414,0.0
45514.945416023984,0.0
45543.57721289678,0.0
46159.74367658349,0.0
46213.18397501028,0.0
44871.18894057264,0.0
46141.97663702078,0.0
45830.41924453708,0.0
45509.52202454055,0.0
45257.70407046305,0.0
46178.537258916986,0.0
47102.67276102591,0.0
46974.766849871914,0.0
47420.02420530932,0.0
47305.80486055031,0.0
47448.690677305814,0.0
47249.02566492722,0.0
47373.25168475602,0.0
46634.18652314198,0.0
45388.614901425055,0.0
46514.67888939788,0.0
46631.99425268718,0.0
47834.67867556472,0.0
46683.965488695874,0.0
45796.78318181265,0.0
45225.15509671043,0.0
45060.402765111925,0.0
46378.65105550316,0.0
45005.059813208725,0.0
45318.73134076453,0.0
44382.21408750738,0.0
45418.91028613003,0.0
45720.17033645742,0.0
46701.33708663745,0.0
45567.33362106192,0.0
44502.98413781159,0.0
43862.10902444906,0.0
44330.794882714064,0.0
44139.16459360646,0.0
44960.480541043595,0.0
45198.09732074769,0.0
45421.235352808595,0.0
45684.76223583339,0.0
46421.62161649253,0.0
45278.25648905469,0.0
45051.48026526896,0.0
44701.02892420957,0.0
45941.72327571019,0.0
46904.84643919523,0.0
45415.38487722569,0.0
45266.150402775165,0.0
45916.73291633209,0.0
45843.64756994379,0.0
45164.86585140786,0.0
46149.75809590709,0.0
46203.596017237694,0.0
45315.69532496577,0.0
46612.81724681069,0.0
45666.82369443446,0.0
45595.92209775695,0.0
45481.44606514296,0.0
44971.87282420223,0.0
45843.92426415926,0.0
46609.36868302879,0.0
45734.32943002686,0.0
45838.08153819235,0.0
45910.56400821066,0.0
45150.13709038093,0.0
46217.48260220226,0.0
47061.19908449099,0.0
46748.43094248419,0.0
47187.73265823889,0.0
47379.38043525169,0.0
46965.24724790799,0.0
47818.70226685393,0.0
49294.171760933255,0.0
49112.41242380865,0.0
48407.541523087224,0.0
47385.792185729486,0.0
46884.27749167296,0.0
46819.33874630406,0.0
47669.48153231349,0.0
47739.27318739069,0.0
48713.96557665583,0.0
47860.98045395309,0.0
46578.89698133526,0.0
46170.25604612113,0.0
46541.276159929665,0.0
47345.68649316469,0.0
48663.49635323683,0.0
49761.15194020145,0.0
49738.00429031135,0.0
49793.19514179176,0.0
49719.49759724355,0.0
49601.03939741466,0.0
48839.96339767713,0.0
49170.93625593162,0.0
49703.68551439846,0.0
49861.42905974775,0.0
49869.73843582915,0.0
50016.87397417735,0.0
48661.49748914242,0.0
48803.06674369553,0.0
48014.2996103981,0.0
46961.79759741776,0.0
47077.23849650946,0.0
46992.97191737757,0.0
46855.25658754326,0.0
47643.90398824249,0.0
49024.09872856162,0.0
48881.512299231326,0.0
49917.23236284925,0.0
50241.32846039087,0.0
50875.22763134018,0.0
50726.60206680458,0.0
50562.14983810038,0.0
50738.62597230518,0.0
50675.20377176938,0.0
51645.92766078412,0.0
50691.82953728158,0.0
49686.806418772154,0.0
50583.321407226074,0.0
50421.63103544818,0.0
51523.849670833915,0.0
50395.97214810338,0.0
49809.33282498975,0.0
49557.65194945755,0.0
49791.23134962435,0.0
50344.58512860029,0.0
49431.04546545005,0.0
50526.08333924739,0.0
50557.85462264538,0.0
50100.44179461208,0.0
49534.438918679654,0.0
50477.769764077384,0.0
51077.561502285615,0.0
51271.35294078151,0.0
51905.95878422844,0.0
50985.25742649481,0.0
51027.63692895642,0.0
51821.758800711934,0.0
52211.89074362515,0.0
51896.94612862995,0.0
52718.25063048958,0.0
52462.20951938668,0.0
51845.17904956745,0.0
51660.432562649345,0.0
52625.135890250975,0.0
52613.57067403117,0.0
52338.72772247897,0.0
52725.664839544974,0.0
52656.053335071476,0.0
53592.369070009,0.0
52412.87356414208,0.0
52200.88377613418,0.0
53829.294228467406,0.0
53709.9936344485,0.0
53336.61723859671,0.0
53132.9697764186,0.0
52440.06451575288,0.0
53372.1831652034,0.0
52052.93724488157,0.0
51465.17216080104,0.0
50606.10130461691,0.0
50904.43532383331,0.0
50362.280527931114,0.0
51027.913248211815,0.0
49884.64987865428,0.0
50546.05725798581,0.0
50483.805062388914,0.0
49711.59826507018,0.0
49877.99469375488,0.0
50829.44166835681,0.0
50592.33921684082,0.0
49493.31518900038,0.0
48940.40861575205,0.0
49855.32468902538,0.0
48631.97199845624,0.0
48553.23580608605,0.0
48741.83002318135,0.0
47928.09078729352,0.0
46912.88062244179,0.0
45854.702036254064,0.0
46828.28227517459,0.0
48084.653595679025,0.0
48079.37677439273,0.0
48034.99073248642,0.0
47868.85939533463,0.0
47070.765770904996,0.0
45994.09401025526,0.0
45490.286903600136,0.0
45006.61406815243,0.0
45333.178884232126,0.0
45366.76278335203,0.0
45325.057922528125,0.0
46872.34818825706,0.0
46861.91565262136,0.0
45460.54864065903,0.0
46602.769810906466,0.0
47540.83054657009,0.0
47606.24574769569,0.0
46740.09161077546,0.0
46563.63503579596,0.0
47243.60546246929,0.0
46701.29835597106,0.0
47882.94599252159,0.0
47694.449164682796,0.0
48837.839886114125,0.0
47760.18425194979,0.0
48924.522920194424,0.0
49947.649423803254,0.0
49926.10326819566,0.0
50689.66466391098,0.0
51169.37376108068,0.0
50073.02561967986,0.0
50820.06569273598,0.0
50994.69823597608,0.0
52123.79671500201,0.0
52926.35014262154,0.0
53717.69519742398,0.0
53016.73559639584,0.0
52337.77111298022,0.0
53355.61424615474,0.0
54607.33868672458,0.0
53342.241352120545,0.0
54286.180892142176,0.0
55308.8931020248,0.0
54776.82514636428,0.0
53572.084306680845,0.0
53780.21690060444,0.0
54271.16464885794,0.0
52777.730358214816,0.0
52931.41849932032,0.0
52152.36993377269,0.0
52918.37986791131,0.0
52412.603622154376,0.0
52963.85969856141,0.0
52434.456588621484,0.0
51490.968180009855,0.0
52506.73053085909,0.0
52925.78876553978,0.0
53828.27063402211,0.0
53179.57633180368,0.0
54022.920031460715,0.0
53001.561433572984,0.0
53834.23765607581,0.0
53143.03534329009,0.0
52299.09175462205,0.0
53170.17762117568,0.0
53002.781195284886,0.0
53486.700935716275,0.0
52331.85676008515,0.0
52306.14971808785,0.0
53531.417133978684,0.0
52583.34974515035,0.0
53818.85282713188,0.0
54530.19477518072,0.0
53959.37905149779,0.0
53853.77941812939,0.0
54806.75703310061,0.0
53856.81676972138,0.0
54176.86716143969,0.0
54828.14809622541,0.0
55753.819816809046,0.0
56883.99956274948,0.0
56926.182833886276,0.0
57311.91160712788,0.0
57878.849838497204,0.0
57164.217547558976,0.0
57040.486126545475,0.0
56460.12396996124,0.0
56310.553343399144,0.0
56360.051923445644,0.0
56322.980902083546,0.0
57043.07287886978,0.0
57130.67505736988,0.0
57381.302465131375,0.0
57103.435947605474,0.0
56641.98296626184,0.0
55264.80149658932,0.0
55306.964540849614,0.0
56253.34154027964,0.0
56508.04936934974,0.0
56716.387601611146,0.0
56224.43465680274,0.0
56459.29749027264,0.0
57481.84109108688,0.0
57175.87552430278,0.0
58357.3861691637,0.0
57458.26594339257,0.0
58619.494124531004,0.0
57634.94737130728,0.0
57260.92543686887,0.0
57295.47284125637,0.0
56452.377846560245,0.0
57109.58342414198,0.0
56369.36667559124,0.0
56742.99808276685,0.0
55588.39261181101,0.0
56723.02036216174,0.0
57642.81494607517,0.0
57337.39933147907,0.0
56466.245839605144,0.0
57826.088935481275,0.0
57384.079373805274,0.0
58398.323626245605,0.0
58561.434355735706,0.0
58304.3824076196,0.0
57421.804013040775,0.0
56221.39082355515,0.0
55905.122149459916,0.0
54437.93548914358,0.0
55259.726085024515,0.0
54437.64019244438,0.0
55779.703241211115,0.0
55084.26614998182,0.0
56280.137112144344,0.0
56980.79071206637,0.0
56996.850234663776,0.0
56256.922611094546,0.0
57237.641586383674,0.0
57441.611045687976,0.0
57941.4422740423,0.0
58994.30989747213,0.0
57438.898305322204,0.0
57051.328798545976,0.0
58232.32929587519,0.0
57989.302399210996,0.0
