0.0,0.0
168.63082805983558,0.0
174.63082805983558,0.0
219.2616561196712,0.0
162.89248417950677,0.0
168.2616561196712,0.0
245.2616561196712,0.0
261.6308280598356,0.0
175.0,0.0
211.63082805983558,0.0
232.0,0.0
218.63082805983558,0.0
208.0,0.0
229.36917194016442,0.0
219.36917194016442,0.0
177.36917194016442,0.0
128.7383438803288,0.0
52.10751582049323,0.0
19.107515820493226,0.0
3.1075158204932265,0.0
8.738343880328816,0.0
-9.892484179506774,0.0
27.738343880328816,0.0
36.73834388032881,0.0
58.36917194016441,0.0
88.0,0.0
213.0,0.0
165.0,0.0
324.6308280598356,0.0
197.63082805983558,0.0
236.63082805983558,0.0
227.2616561196712,0.0
183.2616561196712,0.0
190.89248417950677,0.0
257.26165611967116,0.0
313.89248417950677,0.0
284.89248417950677,0.0
326.5233122393424,0.0
328.89248417950677,0.0
364.26165611967116,0.0
163.63082805983558,0.0
153.2616561196712,0.0
114.6308280598356,0.0
86.6308280598356,0.0
79.26165611967119,0.0
64.6308280598356,0.0
85.26165611967119,0.0
142.2616561196712,0.0
216.89248417950677,0.0
129.89248417950677,0.0
153.89248417950677,0.0
278.26165611967116,0.0
167.63082805983558,0.0
293.6308280598356,0.0
237.2616561196712,0.0
207.89248417950677,0.0
163.2616561196712,0.0
172.2616561196712,0.0
343.89248417950677,0.0
265.89248417950677,0.0
307.89248417950677,0.0
334.89248417950677,0.0
329.89248417950677,0.0
452.26165611967116,0.0
218.89248417950677,0.0
244.52331223934237,0.0
161.15414029917795,0.0
155.15414029917795,0.0
156.78496835901353,0.0
129.15414029917795,0.0
139.15414029917795,0.0
209.78496835901353,0.0
227.78496835901353,0.0
216.15414029917795,0.0
331.1541402991779,0.0
281.78496835901353,0.0
245.15414029917795,0.0
204.52331223934237,0.0
212.89248417950677,0.0
216.2616561196712,0.0
268.26165611967116,0.0
227.89248417950677,0.0
327.5233122393424,0.0
338.1541402991779,0.0
325.5233122393424,0.0
433.1541402991779,0.0
319.5233122393424,0.0
232.89248417950677,0.0
225.2616561196712,0.0
157.89248417950677,0.0
96.26165611967119,0.0
95.89248417950677,0.0
90.89248417950677,0.0
110.52331223934237,0.0
111.52331223934237,0.0
118.52331223934237,0.0
140.15414029917795,0.0
274.5233122393424,0.0
243.52331223934237,0.0
370.1541402991779,0.0
281.5233122393424,0.0
248.52331223934237,0.0
244.89248417950677,0.0
205.2616561196712,0.0
218.2616561196712,0.0
287.6308280598356,0.0
229.2616561196712,0.0
192.63082805983558,0.0
292.6308280598356,0.0
216.0,0.0
312.3691719401644,0.0
230.0,0.0
163.0,0.0
93.3691719401644,0.0
80.0,0.0
35.36917194016441,0.0
36.36917194016441,0.0
41.0,0.0
55.63082805983559,0.0
113.0,0.0
114.3691719401644,0.0
123.3691719401644,0.0
124.73834388032881,0.0
143.36917194016442,0.0
89.73834388032881,0.0
98.73834388032881,0.0
92.10751582049323,0.0
92.47668776065763,0.0
78.10751582049323,0.0
71.47668776065763,0.0
95.10751582049323,0.0
171.7383438803288,0.0
157.7383438803288,0.0
146.36917194016442,0.0
326.0,0.0
173.63082805983558,0.0
215.2616561196712,0.0
140.2616561196712,0.0
112.6308280598356,0.0
76.0,0.0
45.36917194016441,0.0
30.369171940164406,0.0
20.738343880328816,0.0
59.10751582049323,0.0
29.476687760657633,0.0
92.10751582049323,0.0
124.73834388032881,0.0
117.10751582049323,0.0
164.47668776065763,0.0
138.84585970082205,0.0
132.47668776065763,0.0
150.47668776065763,0.0
260.10751582049323,0.0
222.47668776065763,0.0
109.84585970082205,0.0
230.47668776065763,0.0
264.10751582049323,0.0
171.10751582049323,0.0
193.10751582049323,0.0
197.10751582049323,0.0
88.10751582049323,0.0
79.73834388032881,0.0
108.3691719401644,0.0
81.0,0.0
22.369171940164406,0.0
10.738343880328816,0.0
22.738343880328816,0.0
42.73834388032881,0.0
97.73834388032881,0.0
93.73834388032881,0.0
280.10751582049323,0.0
93.47668776065763,0.0
131.47668776065763,0.0
90.84585970082205,0.0
138.84585970082205,0.0
139.21503164098647,0.0
252.84585970082205,0.0
287.8458597008221,0.0
188.84585970082205,0.0
180.21503164098647,0.0
92.58420358115086,0.0
103.21503164098645,0.0
195.84585970082205,0.0
129.47668776065763,0.0
73.47668776065763,0.0
39.47668776065763,0.0
12.107515820493226,0.0
1.1075158204932265,0.0
-9.892484179506774,0.0
9.738343880328816,0.0
-0.8924841795067735,0.0
58.10751582049323,0.0
54.47668776065763,0.0
85.47668776065763,0.0
158.10751582049323,0.0
74.73834388032881,0.0
182.36917194016442,0.0
118.73834388032881,0.0
138.36917194016442,0.0
210.36917194016442,0.0
201.0,0.0
305.0,0.0
332.3691719401644,0.0
194.0,0.0
301.6308280598356,0.0
317.6308280598356,0.0
203.63082805983558,0.0
225.63082805983558,0.0
161.2616561196712,0.0
216.2616561196712,0.0
141.2616561196712,0.0
106.26165611967119,0.0
110.89248417950677,0.0
151.89248417950677,0.0
94.26165611967119,0.0
95.6308280598356,0.0
113.0,0.0
171.0,0.0
160.63082805983558,0.0
213.0,0.0
330.0,0.0
211.0,0.0
174.63082805983558,0.0
177.63082805983558,0.0
165.0,0.0
217.36917194016442,0.0
234.0,0.0
206.63082805983558,0.0
316.6308280598356,0.0
269.26165611967116,0.0
398.89248417950677,0.0
221.2616561196712,0.0
175.63082805983558,0.0
129.63082805983558,0.0
98.6308280598356,0.0
84.26165611967119,0.0
81.26165611967119,0.0
95.89248417950677,0.0
220.52331223934237,0.0
179.52331223934237,0.0
158.52331223934237,0.0
170.52331223934237,0.0
198.15414029917795,0.0
279.78496835901353,0.0
303.41579641884914,0.0
284.04662447868475,0.0
287.41579641884914,0.0
307.04662447868475,0.0
358.04662447868475,0.0
386.67745253852036,0.0
312.04662447868475,0.0
348.41579641884914,0.0
268.78496835901353,0.0
367.78496835901353,0.0
265.1541402991779,0.0
334.1541402991779,0.0
213.15414029917795,0.0
171.52331223934237,0.0
160.15414029917795,0.0
147.78496835901353,0.0
128.78496835901353,0.0
107.15414029917795,0.0
117.15414029917795,0.0
217.52331223934237,0.0
109.89248417950677,0.0
242.52331223934237,0.0
196.15414029917795,0.0
225.15414029917795,0.0
289.1541402991779,0.0
264.78496835901353,0.0
359.41579641884914,0.0
313.41579641884914,0.0
466.04662447868475,0.0
356.41579641884914,0.0
332.04662447868475,0.0
321.41579641884914,0.0
350.78496835901353,0.0
394.78496835901353,0.0
282.78496835901353,0.0
350.78496835901353,0.0
251.41579641884914,0.0
229.41579641884914,0.0
235.78496835901353,0.0
160.78496835901353,0.0
153.78496835901353,0.0
128.15414029917795,0.0
121.52331223934237,0.0
143.15414029917795,0.0
206.78496835901353,0.0
249.41579641884914,0.0
219.41579641884914,0.0
247.04662447868475,0.0
294.67745253852036,0.0
335.3082805983559,0.0
389.9391086581915,0.0
313.3082805983559,0.0
334.3082805983559,0.0
404.3082805983559,0.0
598.6774525385204,0.0
331.3082805983559,0.0
359.9391086581915,0.0
392.56993671802707,0.0
398.2007647778627,0.0
414.2007647778627,0.0
441.8315928376983,0.0
342.8315928376983,0.0
300.8315928376983,0.0
271.2007647778627,0.0
267.8315928376983,0.0
279.4624208975339,0.0
281.8315928376983,0.0
304.4624208975339,0.0
441.8315928376983,0.0
325.8315928376983,0.0
507.8315928376983,0.0
331.2007647778627,0.0
359.2007647778627,0.0
471.2007647778627,0.0
496.2007647778627,0.0
384.56993671802707,0.0
402.2007647778627,0.0
450.56993671802707,0.0
374.56993671802707,0.0
658.5699367180271,0.0
499.56993671802707,0.0
430.9391086581915,0.0
469.3082805983559,0.0
422.3082805983559,0.0
350.67745253852036,0.0
277.3082805983559,0.0
262.9391086581915,0.0
234.93910865819151,0.0
197.3082805983559,0.0
181.67745253852033,0.0
199.3082805983559,0.0
233.67745253852033,0.0
350.04662447868475,0.0
229.67745253852033,0.0
302.3082805983559,0.0
351.9391086581915,0.0
329.9391086581915,0.0
351.3082805983559,0.0
337.3082805983559,0.0
379.67745253852036,0.0
372.67745253852036,0.0
365.3082805983559,0.0
407.9391086581915,0.0
618.9391086581916,0.0
389.9391086581915,0.0
392.9391086581915,0.0
423.3082805983559,0.0
329.67745253852036,0.0
272.04662447868475,0.0
224.41579641884914,0.0
179.78496835901353,0.0
194.15414029917795,0.0
126.52331223934237,0.0
137.15414029917795,0.0
139.15414029917795,0.0
198.15414029917795,0.0
169.78496835901353,0.0
176.15414029917795,0.0
255.15414029917795,0.0
292.78496835901353,0.0
237.78496835901353,0.0
320.78496835901353,0.0
381.41579641884914,0.0
282.04662447868475,0.0
314.67745253852036,0.0
373.3082805983559,0.0
408.9391086581915,0.0
392.9391086581915,0.0
371.3082805983559,0.0
579.9391086581916,0.0
434.9391086581915,0.0
360.9391086581915,0.0
336.56993671802707,0.0
276.56993671802707,0.0
260.2007647778627,0.0
237.5699367180271,0.0
243.20076477786267,0.0
252.20076477786267,0.0
259.2007647778627,0.0
273.2007647778627,0.0
568.8315928376983,0.0
371.4624208975339,0.0
330.8315928376983,0.0
346.2007647778627,0.0
428.2007647778627,0.0
432.8315928376983,0.0
490.2007647778627,0.0
376.56993671802707,0.0
437.2007647778627,0.0
395.2007647778627,0.0
490.56993671802707,0.0
429.56993671802707,0.0
469.9391086581915,0.0
414.3082805983559,0.0
399.9391086581915,0.0
401.9391086581915,0.0
318.9391086581915,0.0
282.9391086581915,0.0
297.9391086581915,0.0
212.93910865819151,0.0
213.93910865819151,0.0
205.3082805983559,0.0
206.3082805983559,0.0
418.3082805983559,0.0
231.93910865819151,0.0
299.3082805983559,0.0
304.9391086581915,0.0
385.56993671802707,0.0
329.56993671802707,0.0
367.2007647778627,0.0
381.2007647778627,0.0
454.8315928376983,0.0
406.2007647778627,0.0
444.2007647778627,0.0
428.2007647778627,0.0
385.2007647778627,0.0
410.56993671802707,0.0
406.56993671802707,0.0
558.5699367180271,0.0
557.2007647778627,0.0
340.2007647778627,0.0
316.8315928376983,0.0
279.2007647778627,0.0
284.8315928376983,0.0
278.4624208975339,0.0
301.0932489573695,0.0
284.4624208975339,0.0
278.8315928376983,0.0
513.8315928376983,0.0
319.8315928376983,0.0
333.8315928376983,0.0
479.8315928376983,0.0
357.2007647778627,0.0
436.2007647778627,0.0
439.8315928376983,0.0
524.4624208975339,0.0
435.0932489573695,0.0
503.0932489573695,0.0
441.72407701720505,0.0
394.0932489573695,0.0
580.0932489573695,0.0
490.0932489573695,0.0
409.0932489573695,0.0
697.724077017205,0.0
396.0932489573695,0.0
370.0932489573695,0.0
321.4624208975339,0.0
276.8315928376983,0.0
280.4624208975339,0.0
279.4624208975339,0.0
294.0932489573695,0.0
280.4624208975339,0.0
416.4624208975339,0.0
352.8315928376983,0.0
580.8315928376983,0.0
367.2007647778627,0.0
368.8315928376983,0.0
377.2007647778627,0.0
428.2007647778627,0.0
394.2007647778627,0.0
578.8315928376983,0.0
433.4624208975339,0.0
445.0932489573695,0.0
428.0932489573695,0.0
543.0932489573695,0.0
758.724077017205,0.0
456.35490507704066,0.0
478.9857331368762,0.0
426.9857331368762,0.0
458.6165611967118,0.0
410.2473892565474,0.0
426.87821731638303,0.0
409.50904537621864,0.0
465.1398734360542,0.0
421.1398734360542,0.0
444.7707014958898,0.0
516.7707014958899,0.0
762.4015295557253,0.0
744.4015295557253,0.0
591.4015295557253,0.0
572.4015295557253,0.0
665.0323576155611,0.0
676.4015295557253,0.0
591.0323576155611,0.0
631.0323576155611,0.0
642.0323576155611,0.0
673.0323576155611,0.0
570.6631856753966,0.0
779.0323576155611,0.0
603.6631856753966,0.0
641.2940137352322,0.0
634.2940137352322,0.0
596.2940137352322,0.0
695.2940137352322,0.0
560.9248417950678,0.0
529.2940137352322,0.0
483.66318567539656,0.0
489.66318567539656,0.0
483.032357615561,0.0
528.4015295557253,0.0
665.7707014958899,0.0
534.7707014958899,0.0
504.7707014958898,0.0
516.7707014958899,0.0
560.7707014958899,0.0
640.4015295557253,0.0
584.7707014958899,0.0
585.1398734360541,0.0
562.1398734360541,0.0
544.1398734360541,0.0
859.7707014958899,0.0
759.7707014958899,0.0
607.4015295557253,0.0
609.0323576155611,0.0
688.0323576155611,0.0
677.6631856753966,0.0
601.2940137352322,0.0
701.2940137352322,0.0
535.6631856753966,0.0
536.2940137352322,0.0
532.9248417950678,0.0
547.5556698549033,0.0
573.186497914739,0.0
662.8173259745745,0.0
693.4481540344101,0.0
761.0789820942457,0.0
676.0789820942457,0.0
748.4481540344101,0.0
726.8173259745745,0.0
682.4481540344101,0.0
763.0789820942457,0.0
697.0789820942457,0.0
713.4481540344101,0.0
782.8173259745745,0.0
751.186497914739,0.0
863.5556698549033,0.0
711.5556698549033,0.0
678.9248417950678,0.0
816.2940137352322,0.0
781.9248417950678,0.0
606.5556698549033,0.0
558.9248417950678,0.0
532.9248417950678,0.0
507.29401373523217,0.0
502.29401373523217,0.0
487.66318567539656,0.0
518.2940137352322,0.0
619.2940137352322,0.0
812.9248417950678,0.0
632.5556698549033,0.0
656.186497914739,0.0
647.8173259745745,0.0
726.186497914739,0.0
638.5556698549033,0.0
648.186497914739,0.0
696.5556698549033,0.0
640.9248417950678,0.0
706.2940137352322,0.0
716.2940137352322,0.0
777.9248417950678,0.0
569.5556698549033,0.0
913.5556698549033,0.0
808.9248417950678,0.0
559.2940137352322,0.0
630.9248417950678,0.0
549.9248417950678,0.0
541.9248417950678,0.0
599.5556698549033,0.0
517.9248417950678,0.0
549.2940137352322,0.0
503.29401373523217,0.0
575.2940137352322,0.0
639.2940137352322,0.0
589.2940137352322,0.0
592.6631856753966,0.0
596.2940137352322,0.0
660.2940137352322,0.0
635.9248417950678,0.0
657.5556698549033,0.0
643.9248417950678,0.0
676.2940137352322,0.0
626.2940137352322,0.0
656.2940137352322,0.0
867.9248417950678,0.0
791.2940137352322,0.0
630.9248417950678,0.0
656.5556698549033,0.0
690.9248417950678,0.0
657.5556698549033,0.0
577.5556698549033,0.0
554.5556698549033,0.0
547.186497914739,0.0
602.8173259745745,0.0
553.8173259745745,0.0
558.186497914739,0.0
587.186497914739,0.0
689.186497914739,0.0
676.8173259745745,0.0
741.8173259745745,0.0
668.186497914739,0.0
619.5556698549033,0.0
693.186497914739,0.0
635.186497914739,0.0
644.186497914739,0.0
766.8173259745745,0.0
678.4481540344101,0.0
697.0789820942457,0.0
726.0789820942457,0.0
889.7098101540813,0.0
802.7098101540813,0.0
982.0789820942457,0.0
778.7098101540813,0.0
697.7098101540813,0.0
715.0789820942457,0.0
763.7098101540813,0.0
646.7098101540813,0.0
613.0789820942457,0.0
618.7098101540813,0.0
620.7098101540813,0.0
648.3406382139168,0.0
652.3406382139168,0.0
694.7098101540813,0.0
843.7098101540813,0.0
652.0789820942457,0.0
726.0789820942457,0.0
817.0789820942457,0.0
714.0789820942457,0.0
739.4481540344101,0.0
703.4481540344101,0.0
699.4481540344101,0.0
708.0789820942457,0.0
840.7098101540813,0.0
770.0789820942457,0.0
796.4481540344101,0.0
810.0789820942457,0.0
692.7098101540813,0.0
826.0789820942457,0.0
677.4481540344101,0.0
614.0789820942457,0.0
590.4481540344101,0.0
586.4481540344101,0.0
581.4481540344101,0.0
612.0789820942457,0.0
608.0789820942457,0.0
618.0789820942457,0.0
848.0789820942457,0.0
680.4481540344101,0.0
713.0789820942457,0.0
736.0789820942457,0.0
772.7098101540813,0.0
739.3406382139168,0.0
735.3406382139168,0.0
775.7098101540813,0.0
716.0789820942457,0.0
687.4481540344101,0.0
702.4481540344101,0.0
778.4481540344101,0.0
855.0789820942457,0.0
859.7098101540813,0.0
881.7098101540813,0.0
725.0789820942457,0.0
664.7098101540813,0.0
658.3406382139168,0.0
631.7098101540813,0.0
625.7098101540813,0.0
635.3406382139168,0.0
632.3406382139168,0.0
635.3406382139168,0.0
664.3406382139168,0.0
709.9714662737524,0.0
723.602294333588,0.0
890.602294333588,0.0
767.2331223934236,0.0
751.602294333588,0.0
746.9714662737524,0.0
776.602294333588,0.0
756.9714662737524,0.0
779.3406382139168,0.0
973.9714662737524,0.0
885.9714662737524,0.0
905.602294333588,0.0
870.2331223934236,0.0
830.8639504532593,0.0
801.2331223934236,0.0
760.8639504532593,0.0
692.2331223934236,0.0
667.602294333588,0.0
650.9714662737524,0.0
660.602294333588,0.0
643.602294333588,0.0
651.602294333588,0.0
666.2331223934236,0.0
672.602294333588,0.0
816.9714662737524,0.0
777.602294333588,0.0
764.602294333588,0.0
819.9714662737524,0.0
751.9714662737524,0.0
853.3406382139168,0.0
805.9714662737524,0.0
809.602294333588,0.0
832.602294333588,0.0
895.9714662737524,0.0
797.3406382139168,0.0
825.3406382139168,0.0
803.7098101540813,0.0
857.7098101540813,0.0
730.7098101540813,0.0
661.0789820942457,0.0
656.7098101540813,0.0
625.7098101540813,0.0
623.3406382139168,0.0
601.7098101540813,0.0
611.7098101540813,0.0
630.3406382139168,0.0
644.7098101540813,0.0
791.0789820942457,0.0
683.4481540344101,0.0
709.4481540344101,0.0
701.8173259745745,0.0
656.8173259745745,0.0
812.186497914739,0.0
676.8173259745745,0.0
734.8173259745745,0.0
667.186497914739,0.0
645.5556698549033,0.0
738.186497914739,0.0
811.186497914739,0.0
679.8173259745745,0.0
720.186497914739,0.0
824.8173259745745,0.0
692.4481540344101,0.0
645.8173259745745,0.0
580.186497914739,0.0
561.186497914739,0.0
533.5556698549033,0.0
519.5556698549033,0.0
597.186497914739,0.0
515.5556698549033,0.0
682.5556698549033,0.0
587.9248417950678,0.0
619.9248417950678,0.0
582.5556698549033,0.0
641.9248417950678,0.0
566.2940137352322,0.0
575.2940137352322,0.0
625.9248417950678,0.0
616.5556698549033,0.0
676.5556698549033,0.0
685.186497914739,0.0
659.8173259745745,0.0
932.4481540344101,0.0
852.4481540344101,0.0
766.0789820942457,0.0
730.0789820942457,0.0
731.7098101540813,0.0
712.3406382139168,0.0
713.7098101540813,0.0
641.7098101540813,0.0
645.3406382139168,0.0
618.7098101540813,0.0
632.3406382139168,0.0
647.9714662737524,0.0
691.9714662737524,0.0
736.3406382139168,0.0
637.7098101540813,0.0
679.3406382139168,0.0
674.3406382139168,0.0
745.3406382139168,0.0
720.7098101540813,0.0
708.7098101540813,0.0
695.0789820942457,0.0
680.4481540344101,0.0
727.8173259745745,0.0
700.186497914739,0.0
640.186497914739,0.0
812.8173259745745,0.0
776.186497914739,0.0
656.5556698549033,0.0
649.186497914739,0.0
611.5556698549033,0.0
606.186497914739,0.0
585.186497914739,0.0
601.5556698549033,0.0
554.186497914739,0.0
553.186497914739,0.0
535.5556698549033,0.0
561.186497914739,0.0
672.8173259745745,0.0
636.4481540344101,0.0
831.4481540344101,0.0
869.0789820942457,0.0
691.7098101540813,0.0
762.7098101540813,0.0
718.3406382139168,0.0
728.9714662737524,0.0
979.602294333588,0.0
809.9714662737524,0.0
796.3406382139168,0.0
733.3406382139168,0.0
777.7098101540813,0.0
794.3406382139168,0.0
735.7098101540813,0.0
680.0789820942457,0.0
679.4481540344101,0.0
620.4481540344101,0.0
650.4481540344101,0.0
584.4481540344101,0.0
588.0789820942457,0.0
605.7098101540813,0.0
592.0789820942457,0.0
613.0789820942457,0.0
613.4481540344101,0.0
910.8173259745745,0.0
648.186497914739,0.0
710.186497914739,0.0
674.8173259745745,0.0
721.186497914739,0.0
698.5556698549033,0.0
902.186497914739,0.0
787.5556698549033,0.0
750.186497914739,0.0
720.8173259745745,0.0
706.186497914739,0.0
772.186497914739,0.0
826.186497914739,0.0
712.186497914739,0.0
696.8173259745745,0.0
647.8173259745745,0.0
619.8173259745745,0.0
570.186497914739,0.0
628.8173259745745,0.0
565.8173259745745,0.0
585.4481540344101,0.0
589.4481540344101,0.0
661.0789820942457,0.0
710.4481540344101,0.0
593.8173259745745,0.0
668.186497914739,0.0
640.5556698549033,0.0
605.5556698549033,0.0
670.5556698549033,0.0
709.5556698549033,0.0
682.5556698549033,0.0
713.9248417950678,0.0
666.5556698549033,0.0
778.5556698549033,0.0
858.9248417950678,0.0
709.9248417950678,0.0
742.5556698549033,0.0
724.9248417950678,0.0
708.5556698549033,0.0
732.9248417950678,0.0
560.2940137352322,0.0
578.2940137352322,0.0
525.2940137352322,0.0
522.2940137352322,0.0
516.2940137352322,0.0
506.66318567539656,0.0
632.2940137352322,0.0
645.2940137352322,0.0
726.9248417950678,0.0
612.5556698549033,0.0
647.186497914739,0.0
743.186497914739,0.0
752.5556698549033,0.0
714.186497914739,0.0
681.8173259745745,0.0
727.186497914739,0.0
676.186497914739,0.0
705.5556698549033,0.0
850.9248417950678,0.0
723.5556698549033,0.0
743.186497914739,0.0
743.8173259745745,0.0
695.8173259745745,0.0
889.186497914739,0.0
604.186497914739,0.0
560.5556698549033,0.0
607.9248417950678,0.0
506.29401373523217,0.0
523.9248417950678,0.0
540.5556698549033,0.0
560.186497914739,0.0
621.5556698549033,0.0
594.9248417950678,0.0
612.5556698549033,0.0
730.186497914739,0.0
630.186497914739,0.0
702.186497914739,0.0
748.186497914739,0.0
696.186497914739,0.0
659.8173259745745,0.0
658.8173259745745,0.0
716.186497914739,0.0
877.5556698549033,0.0
663.186497914739,0.0
705.5556698549033,0.0
942.186497914739,0.0
765.186497914739,0.0
636.8173259745745,0.0
630.4481540344101,0.0
607.4481540344101,0.0
593.0789820942457,0.0
599.7098101540813,0.0
614.3406382139168,0.0
631.9714662737524,0.0
621.3406382139168,0.0
667.7098101540813,0.0
675.0789820942457,0.0
700.0789820942457,0.0
692.4481540344101,0.0
647.8173259745745,0.0
646.186497914739,0.0
638.5556698549033,0.0
682.9248417950678,0.0
632.9248417950678,0.0
621.9248417950678,0.0
842.5556698549033,0.0
638.5556698549033,0.0
638.9248417950678,0.0
959.5556698549033,0.0
705.5556698549033,0.0
642.186497914739,0.0
754.186497914739,0.0
545.5556698549033,0.0
535.5556698549033,0.0
506.9248417950678,0.0
521.5556698549033,0.0
518.5556698549033,0.0
530.5556698549033,0.0
537.5556698549033,0.0
614.5556698549033,0.0
709.186497914739,0.0
643.5556698549033,0.0
605.5556698549033,0.0
667.5556698549033,0.0
687.186497914739,0.0
766.186497914739,0.0
672.186497914739,0.0
645.186497914739,0.0
670.8173259745745,0.0
655.8173259745745,0.0
727.4481540344101,0.0
827.8173259745745,0.0
770.4481540344101,0.0
815.0789820942457,0.0
689.0789820942457,0.0
770.4481540344101,0.0
633.0789820942457,0.0
603.4481540344101,0.0
608.0789820942457,0.0
614.7098101540813,0.0
726.3406382139168,0.0
619.7098101540813,0.0
640.0789820942457,0.0
659.7098101540813,0.0
777.0789820942457,0.0
708.0789820942457,0.0
785.7098101540813,0.0
767.3406382139168,0.0
705.7098101540813,0.0
703.3406382139168,0.0
732.3406382139168,0.0
766.7098101540813,0.0
807.7098101540813,0.0
680.0789820942457,0.0
778.4481540344101,0.0
853.0789820942457,0.0
785.4481540344101,0.0
830.0789820942457,0.0
672.0789820942457,0.0
657.0789820942457,0.0
637.4481540344101,0.0
637.0789820942457,0.0
596.4481540344101,0.0
559.8173259745745,0.0
547.186497914739,0.0
534.5556698549033,0.0
593.5556698549033,0.0
594.5556698549033,0.0
697.186497914739,0.0
645.5556698549033,0.0
631.186497914739,0.0
831.5556698549033,0.0
762.5556698549033,0.0
632.186497914739,0.0
649.5556698549033,0.0
599.9248417950678,0.0
785.2940137352322,0.0
664.2940137352322,0.0
667.2940137352322,0.0
785.2940137352322,0.0
760.6631856753966,0.0
646.0323576155611,0.0
624.6631856753966,0.0
659.6631856753966,0.0
550.2940137352322,0.0
523.2940137352322,0.0
511.9248417950678,0.0
494.9248417950678,0.0
552.9248417950678,0.0
527.5556698549033,0.0
525.9248417950678,0.0
618.2940137352322,0.0
568.6631856753966,0.0
682.2940137352322,0.0
631.9248417950678,0.0
675.9248417950678,0.0
768.5556698549033,0.0
666.5556698549033,0.0
700.186497914739,0.0
712.5556698549033,0.0
771.5556698549033,0.0
797.9248417950678,0.0
727.5556698549033,0.0
892.186497914739,0.0
744.5556698549033,0.0
682.5556698549033,0.0
706.5556698549033,0.0
582.9248417950678,0.0
540.9248417950678,0.0
499.29401373523217,0.0
481.66318567539656,0.0
468.032357615561,0.0
460.032357615561,0.0
509.40152955572535,0.0
522.7707014958899,0.0
570.4015295557253,0.0
581.4015295557253,0.0
584.7707014958899,0.0
596.4015295557253,0.0
593.0323576155611,0.0
663.6631856753966,0.0
600.0323576155611,0.0
640.6631856753966,0.0
735.6631856753966,0.0
690.0323576155611,0.0
651.6631856753966,0.0
627.0323576155611,0.0
685.6631856753966,0.0
815.6631856753966,0.0
688.6631856753966,0.0
599.0323576155611,0.0
506.40152955572535,0.0
498.032357615561,0.0
460.40152955572535,0.0
480.032357615561,0.0
447.40152955572535,0.0
518.0323576155611,0.0
481.032357615561,0.0
550.6631856753966,0.0
737.2940137352322,0.0
559.6631856753966,0.0
753.2940137352322,0.0
784.2940137352322,0.0
619.2940137352322,0.0
648.9248417950678,0.0
718.5556698549033,0.0
751.186497914739,0.0
701.186497914739,0.0
855.8173259745745,0.0
765.4481540344101,0.0
723.8173259745745,0.0
990.8173259745745,0.0
944.4481540344101,0.0
757.8173259745745,0.0
687.8173259745745,0.0
609.186497914739,0.0
606.186497914739,0.0
620.186497914739,0.0
544.5556698549033,0.0
524.9248417950678,0.0
596.5556698549033,0.0
538.9248417950678,0.0
536.9248417950678,0.0
716.5556698549033,0.0
662.186497914739,0.0
735.186497914739,0.0
678.5556698549033,0.0
680.186497914739,0.0
739.5556698549033,0.0
651.5556698549033,0.0
761.9248417950678,0.0
698.9248417950678,0.0
636.2940137352322,0.0
814.6631856753966,0.0
874.2940137352322,0.0
667.6631856753966,0.0
682.0323576155611,0.0
598.4015295557253,0.0
682.4015295557253,0.0
637.4015295557253,0.0
517.4015295557253,0.0
507.7707014958898,0.0
468.40152955572535,0.0
444.40152955572535,0.0
437.7707014958898,0.0
436.7707014958898,0.0
454.40152955572535,0.0
545.0323576155611,0.0
573.0323576155611,0.0
551.0323576155611,0.0
569.0323576155611,0.0
735.0323576155611,0.0
714.0323576155611,0.0
586.0323576155611,0.0
557.4015295557253,0.0
562.7707014958899,0.0
601.4015295557253,0.0
650.4015295557253,0.0
678.0323576155611,0.0
625.4015295557253,0.0
643.7707014958899,0.0
814.1398734360541,0.0
653.1398734360541,0.0
657.7707014958899,0.0
447.1398734360542,0.0
419.1398734360542,0.0
398.50904537621864,0.0
409.1398734360542,0.0
416.1398734360542,0.0
437.7707014958898,0.0
428.1398734360542,0.0
527.5090453762186,0.0
533.878217316383,0.0
662.878217316383,0.0
476.87821731638303,0.0
750.5090453762186,0.0
549.5090453762186,0.0
595.5090453762186,0.0
594.5090453762186,0.0
668.1398734360541,0.0
631.5090453762186,0.0
617.878217316383,0.0
584.878217316383,0.0
777.5090453762186,0.0
693.1398734360541,0.0
544.5090453762186,0.0
584.878217316383,0.0
469.50904537621864,0.0
448.50904537621864,0.0
415.87821731638303,0.0
414.50904537621864,0.0
400.50904537621864,0.0
397.87821731638303,0.0
421.50904537621864,0.0
394.87821731638303,0.0
481.87821731638303,0.0
506.87821731638303,0.0
754.2473892565474,0.0
642.878217316383,0.0
657.5090453762186,0.0
592.878217316383,0.0
562.878217316383,0.0
514.878217316383,0.0
502.2473892565474,0.0
533.878217316383,0.0
713.5090453762186,0.0
573.5090453762186,0.0
616.5090453762186,0.0
573.5090453762186,0.0
749.5090453762186,0.0
538.1398734360541,0.0
543.7707014958899,0.0
479.7707014958898,0.0
436.1398734360542,0.0
414.50904537621864,0.0
386.87821731638303,0.0
398.87821731638303,0.0
416.50904537621864,0.0
412.50904537621864,0.0
596.1398734360541,0.0
558.5090453762186,0.0
474.87821731638303,0.0
622.2473892565474,0.0
507.87821731638303,0.0
568.5090453762186,0.0
611.1398734360541,0.0
591.7707014958899,0.0
585.7707014958899,0.0
628.7707014958899,0.0
839.7707014958899,0.0
688.7707014958899,0.0
687.1398734360541,0.0
669.1398734360541,0.0
584.7707014958899,0.0
627.7707014958899,0.0
532.7707014958899,0.0
479.7707014958898,0.0
436.1398734360542,0.0
418.1398734360542,0.0
387.50904537621864,0.0
376.87821731638303,0.0
347.87821731638303,0.0
455.87821731638303,0.0
519.878217316383,0.0
526.5090453762186,0.0
505.1398734360542,0.0
528.1398734360541,0.0
608.7707014958899,0.0
571.4015295557253,0.0
602.4015295557253,0.0
689.4015295557253,0.0
601.4015295557253,0.0
651.4015295557253,0.0
751.4015295557253,0.0
727.0323576155611,0.0
923.4015295557253,0.0
747.7707014958899,0.0
654.4015295557253,0.0
567.4015295557253,0.0
529.0323576155611,0.0
482.40152955572535,0.0
446.7707014958898,0.0
441.7707014958898,0.0
440.7707014958898,0.0
449.40152955572535,0.0
440.7707014958898,0.0
459.40152955572535,0.0
526.4015295557253,0.0
540.4015295557253,0.0
634.7707014958899,0.0
639.4015295557253,0.0
589.0323576155611,0.0
638.0323576155611,0.0
698.6631856753966,0.0
624.0323576155611,0.0
630.0323576155611,0.0
615.6631856753966,0.0
775.6631856753966,0.0
714.6631856753966,0.0
631.2940137352322,0.0
945.2940137352322,0.0
619.6631856753966,0.0
634.6631856753966,0.0
556.2940137352322,0.0
564.2940137352322,0.0
528.2940137352322,0.0
514.2940137352322,0.0
496.29401373523217,0.0
508.9248417950678,0.0
501.29401373523217,0.0
548.2940137352322,0.0
603.9248417950678,0.0
649.9248417950678,0.0
642.9248417950678,0.0
714.9248417950678,0.0
615.2940137352322,0.0
757.9248417950678,0.0
619.2940137352322,0.0
587.6631856753966,0.0
614.0323576155611,0.0
589.0323576155611,0.0
620.0323576155611,0.0
676.0323576155611,0.0
669.4015295557253,0.0
840.0323576155611,0.0
1070.032357615561,0.0
596.4015295557253,0.0
602.4015295557253,0.0
516.0323576155611,0.0
491.032357615561,0.0
533.4015295557253,0.0
517.7707014958899,0.0
450.40152955572535,0.0
440.7707014958898,0.0
442.7707014958898,0.0
503.7707014958898,0.0
459.1398734360542,0.0
541.5090453762186,0.0
555.878217316383,0.0
530.5090453762186,0.0
632.1398734360541,0.0
516.1398734360541,0.0
3716.139873436054,1.0
521.1398734360541,0.0
510.50904537621864,0.0
593.878217316383,0.0
672.2473892565474,0.0
520.2473892565474,0.0
572.2473892565474,0.0
572.2473892565474,0.0
516.2473892565474,0.0
435.87821731638303,0.0
434.87821731638303,0.0
395.2473892565474,0.0
405.87821731638303,0.0
460.50904537621864,0.0
398.50904537621864,0.0
392.87821731638303,0.0
397.87821731638303,0.0
585.5090453762186,0.0
471.87821731638303,0.0
515.5090453762186,0.0
604.5090453762186,0.0
618.1398734360541,0.0
632.5090453762186,0.0
511.1398734360542,0.0
522.7707014958899,0.0
538.7707014958899,0.0
582.4015295557253,0.0
633.4015295557253,0.0
666.7707014958899,0.0
826.4015295557253,0.0
689.4015295557253,0.0
748.0323576155611,0.0
594.6631856753966,0.0
577.2940137352322,0.0
586.6631856753966,0.0
518.0323576155611,0.0
509.66318567539656,0.0
509.29401373523217,0.0
488.66318567539656,0.0
510.29401373523217,0.0
524.9248417950678,0.0
524.2940137352322,0.0
780.6631856753966,0.0
665.6631856753966,0.0
689.6631856753966,0.0
659.0323576155611,0.0
568.0323576155611,0.0
604.4015295557253,0.0
648.0323576155611,0.0
685.4015295557253,0.0
689.0323576155611,0.0
733.4015295557253,0.0
702.7707014958899,0.0
845.4015295557253,0.0
718.4015295557253,0.0
678.0323576155611,0.0
588.4015295557253,0.0
562.0323576155611,0.0
509.40152955572535,0.0
496.032357615561,0.0
450.40152955572535,0.0
431.7707014958898,0.0
453.40152955572535,0.0
458.40152955572535,0.0
550.4015295557253,0.0
575.7707014958899,0.0
690.7707014958899,0.0
549.4015295557253,0.0
538.7707014958899,0.0
679.4015295557253,0.0
613.0323576155611,0.0
613.4015295557253,0.0
664.4015295557253,0.0
585.0323576155611,0.0
617.4015295557253,0.0
778.4015295557253,0.0
715.0323576155611,0.0
704.6631856753966,0.0
807.2940137352322,0.0
656.2940137352322,0.0
680.2940137352322,0.0
572.9248417950678,0.0
549.2940137352322,0.0
527.2940137352322,0.0
502.66318567539656,0.0
482.66318567539656,0.0
515.6631856753966,0.0
505.66318567539656,0.0
622.2940137352322,0.0
581.2940137352322,0.0
616.2940137352322,0.0
629.2940137352322,0.0
697.6631856753966,0.0
626.0323576155611,0.0
583.0323576155611,0.0
613.6631856753966,0.0
599.6631856753966,0.0
632.6631856753966,0.0
786.6631856753966,0.0
599.6631856753966,0.0
726.2940137352322,0.0
685.2940137352322,0.0
809.9248417950678,0.0
639.2940137352322,0.0
667.9248417950678,0.0
611.2940137352322,0.0
539.2940137352322,0.0
520.2940137352322,0.0
497.66318567539656,0.0
503.29401373523217,0.0
501.66318567539656,0.0
502.66318567539656,0.0
584.0323576155611,0.0
662.6631856753966,0.0
574.2940137352322,0.0
621.2940137352322,0.0
555.6631856753966,0.0
678.2940137352322,0.0
595.2940137352322,0.0
602.9248417950678,0.0
736.9248417950678,0.0
642.9248417950678,0.0
648.2940137352322,0.0
1249.6631856753966,1.0
2847.032357615561,1.0
2594.4015295557256,1.0
1655.032357615561,1.0
1998.4015295557253,1.0
550.0323576155611,0.0
562.0323576155611,0.0
516.6631856753966,0.0
502.29401373523217,0.0
491.29401373523217,0.0
461.66318567539656,0.0
483.29401373523217,0.0
544.2940137352322,0.0
565.9248417950678,0.0
604.5556698549033,0.0
649.9248417950678,0.0
614.2940137352322,0.0
657.9248417950678,0.0
