-306.778003691808,0.0
730.4232385975833,0.0
269.3156658331153,0.0
2134.5985818334266,0.0
2110.723536273978,0.0
1018.9165125196406,0.0
1746.2783242992118,0.0
1369.7572106361754,0.0
781.6138439714169,0.0
952.7480244185692,0.0
1375.37980879531,0.0
1422.5255212649272,0.0
398.867187948007,0.0
-922.9828641696392,0.0
838.7815337436567,0.0
295.5030419332528,0.0
-199.4730185308266,0.0
-219.34406485141994,0.0
-229.8191891736401,0.0
-294.66561193174016,0.0
485.30341666243316,0.0
-98.61708673991006,0.0
151.72986846810318,0.0
-855.4939232278746,0.0
1087.6177004891765,0.0
1350.92478418023,0.0
1344.12754162331,0.0
715.145859772722,0.0
1827.5731870416635,0.0
2325.998367236203,0.0
2845.9728067617334,0.0
2700.5768411269264,0.0
2987.8446153846266,0.0
3360.99680896476,0.0
2155.2898450118564,0.0
3242.88807989725,0.0
3284.58675163724,0.0
4048.8945375897733,0.0
4106.09936300737,0.0
3397.283603204237,0.0
2385.0605359588135,0.0
2926.899457092147,0.0
2871.342856410083,0.0
2820.4092349643033,0.0
2766.684251560997,0.0
2211.360067965843,0.0
3338.8062328093565,0.0
3559.849695273887,0.0
3686.25346014803,0.0
4205.45005852112,0.0
3968.638430165,0.0
2897.4774409533966,0.0
2828.021413803473,0.0
2082.0178724458833,0.0
3958.746257552407,0.0
4804.30012363906,0.0
3042.1180476661766,0.0
2695.639588795737,0.0
4081.73031122232,0.0
3718.1057169524497,0.0
5009.43276675362,0.0
3755.8344545476,0.0
4120.63709761892,0.0
3209.9708651923165,0.0
3368.89279911581,0.0
4396.910104321973,0.0
3928.5509879204265,0.0
5585.525708347417,0.0
5462.90719986396,0.0
5914.673658947746,0.0
5029.618851344736,0.0
4968.33960831942,0.0
5623.1519554607,0.0
4249.192025730476,0.0
4063.7890114240163,0.0
5393.67815416539,0.0
4430.744037818366,0.0
4069.4529740745534,0.0
3517.64554806468,0.0
2588.3710374429165,0.0
2571.6697841154964,0.0
3328.5554710936703,0.0
4534.330948875943,0.0
3687.8534751728384,0.0
4176.488006843023,0.0
4576.070272313266,0.0
4354.741517392523,0.0
3061.1870682869903,0.0
2810.444194810737,0.0
3289.15342506434,0.0
2279.5512216351967,0.0
3704.77475253839,0.0
3647.6581885448895,0.0
3942.953588356383,0.0
4362.932976941303,0.0
3804.3302082103432,0.0
3396.9547098868643,0.0
3159.872445040165,0.0
2794.1210942521284,0.0
3708.6977429921126,0.0
3037.626228115635,0.0
3343.9044512960536,0.0
2261.523495614167,0.0
2212.7498733001066,0.0
1766.3681324279246,0.0
2409.828240447713,0.0
2406.2840323950168,0.0
1912.1137367221231,0.0
1614.3652097156232,0.0
1685.8803042342,0.0
-89.62518716086032,0.0
535.934695047049,0.0
1477.67564265113,0.0
-175.39351383337032,0.0
590.254963890925,0.0
-91.36160909048635,0.0
-76.60320277587522,0.0
486.288768530281,0.0
1424.4892609500573,0.0
498.564376347398,0.0
-251.02880087896733,0.0
676.7423066355067,0.0
-698.5344618627246,0.0
-131.8570958001793,0.0
-668.1754004460236,0.0
-264.95489594866865,0.0
-1241.0155260698991,0.0
-1795.6225022470971,0.0
-1569.432554481187,0.0
-1957.0406415964221,0.0
-1202.5304747336058,0.0
-974.7104294905906,0.0
-404.7136527903466,0.0
-889.8228142389313,0.0
606.5858221973169,0.0
230.15475473125628,0.0
1428.3279406465626,0.0
1317.0829880301287,0.0
696.7913008415373,0.0
445.443310266272,0.0
-1057.6802285401973,0.0
532.8197354547766,0.0
-1470.0962644043307,0.0
-1405.498718889919,0.0
-2286.6683622233104,0.0
-1519.4617851972212,0.0
512.9227864470033,0.0
-1087.9282180246519,0.0
-2295.7945082591873,0.0
-3017.0107050012016,0.0
-1360.3816062472833,0.0
-1573.639629126439,0.0
-1135.493341639958,0.0
-1982.1118791610922,0.0
-2800.107365883243,0.0
-1993.9245625135532,0.0
-336.5723104085803,0.0
-1130.211846769972,0.0
-1483.989639454068,0.0
216.18644454937998,0.0
-482.9655363106599,0.0
-218.5864877816066,0.0
1049.0462646689066,0.0
1567.1370398949402,0.0
278.0375829063387,0.0
1203.2335837075636,0.0
-8.39509696752657,0.0
-558.9065539771317,0.0
143.34935655209347,0.0
372.31952149543326,0.0
932.28732633338,0.0
-705.4590395605233,0.0
-474.10084371262315,0.0
-1257.7669295240964,0.0
-1335.4853672924664,0.0
-1691.7240977793301,0.0
-653.0573068626263,0.0
60.55705486043371,0.0
-418.63408143032666,0.0
-833.01270521989,0.0
-2585.5640722903327,0.0
-832.32102827773,0.0
-601.0230152865265,0.0
-841.1107855333232,0.0
233.8267480788768,0.0
-54.3378881666531,0.0
1398.0624246532898,0.0
317.78312488381994,0.0
549.12479734014,0.0
918.9512879162135,0.0
798.0402739285896,0.0
1153.73153651851,0.0
70.60802640247675,0.0
928.3936706564969,0.0
509.54725294813943,0.0
1213.9242945078033,0.0
3108.154478754677,0.0
1347.6649593563636,0.0
2698.834326596517,0.0
2351.2502387865866,0.0
3375.81323444753,0.0
4086.267469085829,0.0
3526.6120799540467,0.0
3165.65467525212,0.0
2785.2008871712833,0.0
5283.297839665313,0.0
4401.134189177494,0.0
4389.342374827503,0.0
4720.934782659737,0.0
5039.160006121327,0.0
4744.274957256307,0.0
5092.045993743196,0.0
5283.77960538971,0.0
4834.860699023261,0.0
5522.013313871046,0.0
5274.883000769653,0.0
3820.43216375927,0.0
3379.92981373712,0.0
4952.933713416963,0.0
4078.134216444221,0.0
3253.7040032621003,0.0
4177.554196814871,0.0
4453.579654427193,0.0
4635.813780488534,0.0
3688.589962903821,0.0
4669.146203778557,0.0
4172.14703446849,0.0
4113.106873788233,0.0
5061.545701137563,0.0
5684.489949811937,0.0
5633.985042211099,0.0
4120.835078647046,0.0
4727.603949029063,0.0
5366.162897636263,0.0
5062.328019238123,0.0
5622.8048142827865,0.0
5974.691696243166,0.0
5658.87885703481,0.0
7401.117624451963,0.0
6848.448853561722,0.0
7221.593441576704,0.0
7396.032526121373,0.0
7551.172050996427,0.0
7555.8064600588605,0.0
9165.445677476104,0.0
8113.934991884506,0.0
8294.096465959354,0.0
9003.733874301646,0.0
9046.488845735967,0.0
10211.84499083971,0.0
9190.694084829487,0.0
8758.450902204073,0.0
7942.72767177512,0.0
7841.80153777369,0.0
7749.050451850037,0.0
7966.769141443496,0.0
6139.221707519527,0.0
7081.346035998024,0.0
7527.328866903756,0.0
7664.5302680225,0.0
8349.21964581283,0.0
7081.2097385213565,0.0
7114.059126005097,0.0
7112.252379596523,0.0
6966.61990228168,0.0
6765.613161106374,0.0
6950.694899099066,0.0
6533.292672979506,0.0
6945.446009092037,0.0
7170.694772874929,0.0
8054.240581348333,0.0
8359.549617083832,0.0
8256.995021720266,0.0
9452.792428086943,0.0
8711.914043511468,0.0
8615.449502703812,0.0
6273.4391055521,0.0
7790.14648383804,0.0
6706.85212793565,0.0
7817.126649675411,0.0
8081.400475120512,0.0
7636.903742910373,0.0
7925.4385889665,0.0
6857.352446301231,0.0
6885.8761676649,0.0
6074.460373500297,0.0
5648.058323320864,0.0
7002.978818520047,0.0
7272.2560539695805,0.0
8095.119611052392,0.0
7349.786178978733,0.0
8272.870614795167,0.0
8737.07717234463,0.0
8415.659398136482,0.0
10585.875911727508,0.0
9152.025092017942,0.0
9444.767648926434,0.0
9512.443468906182,0.0
8406.54621739634,0.0
8811.721183932883,0.0
9961.003822795596,0.0
9506.29156830522,0.0
11586.763032361223,0.0
10358.739376087504,0.0
11939.768386159765,0.0
11844.465259712255,0.0
11092.334018751884,0.0
10755.580505210894,0.0
10485.944315863906,0.0
11719.40500632684,0.0
11506.731894254306,0.0
11571.24360661123,0.0
10710.022789167015,0.0
10593.139645565767,0.0
10897.310275446656,0.0
10887.274113138843,0.0
10083.658152465503,0.0
10260.516266304283,0.0
9653.800517613614,0.0
9998.39668277259,0.0
10973.151738275474,0.0
10503.34703917105,0.0
10153.119184462481,0.0
8781.259339583681,0.0
9984.436910304601,0.0
9410.649732181817,0.0
8437.929250148632,0.0
8711.556934193393,0.0
7626.910158141431,0.0
8987.947561719633,0.0
9047.677181866868,0.0
8425.080070252017,0.0
8489.260513942223,0.0
8825.94218357593,0.0
8538.025696617184,0.0
8538.04179620571,0.0
8103.605116446066,0.0
8206.86428332618,0.0
8610.811036980333,0.0
9107.908621570607,0.0
9782.290394590667,0.0
8324.739120529423,0.0
9022.698256300464,0.0
8215.6650212248,0.0
7237.833051968741,0.0
8271.718779440092,0.0
10057.562906212166,0.0
9527.481727048957,0.0
10072.789201585398,0.0
10665.208952644347,0.0
9930.094964621872,0.0
9000.513274064122,0.0
8327.302224573938,0.0
7514.526597712804,0.0
7900.41463436644,0.0
6880.978591783616,0.0
5459.886311051403,0.0
6591.285453029866,0.0
5739.055893950466,0.0
6669.617947044037,0.0
6058.878508042189,0.0
7543.170753714176,0.0
6599.413900938276,0.0
7321.177865566171,0.0
7508.41190588692,0.0
7962.53467793345,0.0
8615.206192521622,0.0
9178.310124469357,0.0
9215.611788352671,0.0
9432.168020483354,0.0
10551.287704858827,0.0
10950.041060900017,0.0
9882.472609664273,0.0
10890.167906373768,0.0
10387.786880969856,0.0
11039.570931316928,0.0
11732.65365372158,0.0
11651.94399000027,0.0
12265.941123202974,0.0
12747.22185266477,0.0
12858.958724565902,0.0
13096.930275889314,0.0
12116.822959184994,0.0
12731.982917938283,0.0
13860.771564338796,0.0
13864.153660024851,0.0
12300.091252054037,0.0
13059.197668406792,0.0
11967.365323605994,0.0
13147.085834912745,0.0
13731.537712194604,0.0
12862.37339395351,0.0
13724.723867990104,0.0
13378.544000944703,0.0
12656.409628613379,0.0
12293.907771887829,0.0
13069.495980833457,0.0
11766.964217620512,0.0
11992.998909216556,0.0
12850.651527152577,0.0
13006.691729874137,0.0
13474.459330678688,0.0
12244.734615768097,0.0
12399.141272627927,0.0
12431.079781653378,0.0
11932.104012214193,0.0
11979.280113312321,0.0
12056.886527256782,0.0
13548.301945132007,0.0
11930.468815740462,0.0
12689.533811286678,0.0
13820.98064613327,0.0
14097.13570263067,0.0
13724.742631942543,0.0
13891.722977326173,0.0
15013.017963874496,0.0
14731.272832326713,0.0
14110.600403441134,0.0
13534.490516726855,0.0
15163.362010688754,0.0
14483.15537503038,0.0
13408.60767750344,0.0
13758.609808548841,0.0
13474.944772133143,0.0
14682.351580490806,0.0
15794.233984909337,0.0
13584.335026120183,0.0
14598.645047977176,0.0
15243.84143708067,0.0
15796.364716294214,0.0
14549.919749025059,0.0
15287.898781729516,0.0
14254.064831172796,0.0
15027.435946952275,0.0
15345.120725319675,0.0
14941.235799303795,0.0
14933.814583070263,0.0
14462.335033063424,0.0
14704.008056837065,0.0
15923.31828085195,0.0
15928.005740918492,0.0
17047.33591041508,0.0
16686.133691366544,0.0
16556.956128791302,0.0
16213.856463453083,0.0
14558.481230082074,0.0
15382.841475395662,0.0
16411.774700247937,0.0
16168.981565094993,0.0
14832.628654864762,0.0
15938.40837814071,0.0
14554.263071858575,0.0
15020.40684540264,0.0
14587.75952156502,0.0
15179.774198165294,0.0
15363.71353372507,0.0
15569.99870323645,0.0
13648.186943498426,0.0
14180.125108930886,0.0
14376.081244218864,0.0
14405.941913059956,0.0
15151.528887188053,0.0
14652.020392806482,0.0
14289.595337820774,0.0
14520.575490398936,0.0
15193.14667815691,0.0
15221.568135037944,0.0
15871.274215088903,0.0
16274.496423473733,0.0
16602.668039832926,0.0
16164.174868372433,0.0
16283.033749297432,0.0
17021.21356709142,0.0
17832.891781730938,0.0
18828.287866923023,0.0
17994.487231833835,0.0
19384.949166782335,0.0
19848.65527090687,0.0
20306.77327291614,0.0
20213.413287092622,0.0
20012.94686126245,0.0
20141.144215982895,0.0
20431.3419921158,0.0
20479.713546338706,0.0
21835.393115289757,0.0
22417.92291651253,0.0
20489.727490332927,0.0
20576.29555499386,0.0
20073.36203490559,0.0
21317.172256545302,0.0
20470.30112706474,0.0
22732.71426968467,0.0
20524.32472906109,0.0
21573.067885452263,0.0
24003.697332565116,0.0
21467.87270321847,0.0
22170.587450892664,0.0
21427.746384813578,0.0
22715.50922711211,0.0
21510.334354858776,0.0
21415.94877934905,0.0
21209.26451046441,0.0
20178.61986157745,0.0
20212.574684290896,0.0
20138.343946402183,0.0
20435.74676574704,0.0
18910.70548297918,0.0
19476.903943101694,0.0
20190.601067918073,0.0
19587.305053519867,0.0
18297.673792228772,0.0
18546.002501640913,0.0
18529.41350673906,0.0
19048.84205403456,0.0
19384.11051139696,0.0
19712.61319887454,0.0
19947.349606921467,0.0
20924.74286458825,0.0
20555.00608345553,0.0
21923.62925561861,0.0
21513.704753759055,0.0
22052.09271172232,0.0
20902.57838022563,0.0
22040.642577305938,0.0
22491.11296410997,0.0
22237.39710310341,0.0
23608.697218684687,0.0
24871.21360207104,0.0
25203.55496175165,0.0
25517.290572228078,0.0
24861.581794898997,0.0
25533.11405382593,0.0
24442.344916901893,0.0
24765.585139178784,0.0
26431.500966776875,0.0
25233.089034519915,0.0
25253.214790683494,0.0
25226.358147066672,0.0
24353.639853096927,0.0
23364.82288656981,0.0
23348.42197767116,0.0
23222.015287684728,0.0
22782.44109681414,0.0
23137.14317126487,0.0
24410.08204128461,0.0
23185.636280554958,0.0
22908.86276784173,0.0
23026.303481505587,0.0
21676.074412364138,0.0
22488.43879506663,0.0
23156.851358441978,0.0
22840.174480811616,0.0
23000.68086243324,0.0
23986.935001343,0.0
25598.712897059588,0.0
25045.47681636712,0.0
23726.315476957614,0.0
24825.883287232522,0.0
24775.112116175485,0.0
24264.27696826517,0.0
23398.800761469738,0.0
23503.240614375845,0.0
23931.822630760686,0.0
23895.76232184196,0.0
24508.65858472683,0.0
25438.564618619363,0.0
24247.89209498668,0.0
23788.950084348147,0.0
24174.128780053277,0.0
25013.81510432027,0.0
24105.40044782806,0.0
25670.488544734322,0.0
25144.27030620587,0.0
23989.443150175015,0.0
24720.956230483465,0.0
24850.374125248214,0.0
24698.643046318328,0.0
25497.157214099665,0.0
22953.75858963644,0.0
23981.702470538396,0.0
23930.031311996856,0.0
25338.42486424643,0.0
26681.14900055039,0.0
26219.87701066521,0.0
25102.331458346867,0.0
25354.819375183964,0.0
24883.967426029216,0.0
25812.407155824207,0.0
25251.97394813812,0.0
25283.731456532827,0.0
26134.665224321972,0.0
25699.622613773317,0.0
27090.60366190664,0.0
25893.71698919803,0.0
25387.32542457637,0.0
27466.752203974946,0.0
27262.31149452438,0.0
27497.04129876635,0.0
27658.003466470225,0.0
26843.725861196395,0.0
27096.020767864255,0.0
28636.7916942779,0.0
28172.944159099272,0.0
27649.121589994094,0.0
26769.890271846903,0.0
26851.994122907006,0.0
26696.321427656243,0.0
27373.71230446639,0.0
29099.4723255636,0.0
28777.11963225431,0.0
29333.550968676278,0.0
29440.286845037528,0.0
29656.158964413193,0.0
29155.93869304846,0.0
30690.720170337867,0.0
29684.987620003132,0.0
29761.988775459184,0.0
28446.77909440839,0.0
29809.38589578781,0.0
29818.21246608824,0.0
29257.50528853175,0.0
29043.808952841915,0.0
30872.7956854449,0.0
31427.870239673834,0.0
30879.965842994934,0.0
29401.075754015972,0.0
30326.6296364742,0.0
29268.633994109518,0.0
29226.25706687413,0.0
30079.659036171368,0.0
28748.193986452665,0.0
28541.890440647152,0.0
28419.076403886844,0.0
28791.092087365574,0.0
28527.712959448327,0.0
29521.235512760853,0.0
29667.54754707795,0.0
28959.305418183343,0.0
28769.5309760858,0.0
30097.444067371172,0.0
27985.103384533948,0.0
28469.63962356434,0.0
29549.317214096045,0.0
28261.642461955533,0.0
28555.775950509975,0.0
27735.280411891923,0.0
29520.34095734404,0.0
28114.979312779637,0.0
28867.785807292188,0.0
28874.661664460076,0.0
28444.02081336217,0.0
28526.153460345187,0.0
29851.985422270467,0.0
28719.25708591313,0.0
30112.273354119825,0.0
28448.762535420545,0.0
29356.96090178674,0.0
29020.566756421824,0.0
27609.948743429944,0.0
28491.73559441975,0.0
28267.83300632613,0.0
29128.059391699462,0.0
28728.576109314432,0.0
28630.439019888785,0.0
27624.602381833767,0.0
28895.49043366139,0.0
28906.682734622224,0.0
29346.264838149553,0.0
28998.519720004464,0.0
30612.258469211192,0.0
28869.77771525453,0.0
30033.65167879885,0.0
29129.187560134713,0.0
29187.119573410415,0.0
30757.544879864152,0.0
29702.72080672742,0.0
30430.459122737113,0.0
30003.28033306394,0.0
29894.621928177265,0.0
29812.99883607091,0.0
30284.723042279256,0.0
28532.598521611555,0.0
29795.090157215767,0.0
29734.092890414286,0.0
29657.37709883506,0.0
30524.95134579341,0.0
30951.713553352758,0.0
31194.49299612212,0.0
32044.620735566237,0.0
30137.114798591283,0.0
30565.15042595244,0.0
29472.955595642543,0.0
29056.29755423271,0.0
29663.11816904002,0.0
30274.18548171419,0.0
30666.62055804047,0.0
28772.83724134693,0.0
29747.166692043786,0.0
30343.421487687672,0.0
29849.12294643218,0.0
29077.186668217684,0.0
30445.162036290276,0.0
28828.657470914663,0.0
29432.829840213664,0.0
29432.7522879887,0.0
29324.8955675482,0.0
28676.391176148714,0.0
28683.603849632913,0.0
29604.151947492523,0.0
29252.486870371333,0.0
29170.30113811913,0.0
29045.619587843554,0.0
27713.767302303677,0.0
27790.278180417572,0.0
28267.030510444194,0.0
27785.482771447692,0.0
28316.219146773903,0.0
29348.0490504443,0.0
29155.002128696484,0.0
29110.905804555834,0.0
28265.25493511514,0.0
27082.931125578332,0.0
28402.555857283733,0.0
26940.1548396448,0.0
26515.16695733357,0.0
26521.174512158657,0.0
26308.71009474973,0.0
27563.63199666628,0.0
26853.92152321926,0.0
25892.98069483552,0.0
26429.486038719686,0.0
27200.082978636165,0.0
26785.941935563853,0.0
26307.544599359557,0.0
27636.52628803783,0.0
27799.65099813819,0.0
27987.667791722663,0.0
26899.134036806725,0.0
27661.291141496193,0.0
26791.51120223889,0.0
25442.911708800562,0.0
26523.995496661293,0.0
27351.949167932624,0.0
27103.72965111241,0.0
25748.101738830817,0.0
25610.218189839892,0.0
27445.833370720713,0.0
25996.19030673566,0.0
26825.585890118666,0.0
26867.978184624968,0.0
25841.06002751991,0.0
26774.33653305271,0.0
26626.40092811706,0.0
28229.031891961266,0.0
27851.336972272882,0.0
28094.076259916103,0.0
30226.58335917523,0.0
30330.95773463787,0.0
30294.252666813467,0.0
30160.617679630803,0.0
31117.278942981335,0.0
30935.790302051802,0.0
30023.776734943793,0.0
31237.558967012134,0.0
30886.2389173996,0.0
32283.382598440334,0.0
32368.057242432766,0.0
32752.813355771465,0.0
31663.140439260533,0.0
30516.0263231493,0.0
31530.45256615753,0.0
30908.765872129836,0.0
32288.861470363736,0.0
32028.803187245903,0.0
31326.024968039004,0.0
30345.84485287717,0.0
30890.77742389663,0.0
29893.702352119202,0.0
29111.447537960667,0.0
29931.784754866465,0.0
29580.5861332339,0.0
30039.266531808466,0.0
28503.83409649333,0.0
29742.317149234368,0.0
29477.704005012733,0.0
28945.505383264666,0.0
29872.201142943566,0.0
29087.971368644532,0.0
30092.145457081067,0.0
29380.952978066765,0.0
29211.77468094243,0.0
30560.407492314764,0.0
30536.608687416803,0.0
31466.203170847333,0.0
30962.84020615553,0.0
31141.866932363468,0.0
32253.008733364804,0.0
31658.3985545416,0.0
31545.491407095433,0.0
34055.757160801964,0.0
33487.6418019292,0.0
32566.217117610468,0.0
33462.69759124133,0.0
32964.72468960444,0.0
32116.0640346733,0.0
32908.58964066833,0.0
32230.449795694105,0.0
32404.483926334768,0.0
31712.553885161935,0.0
30465.856811765632,0.0
31534.67169585613,0.0
31729.889272143635,0.0
32266.313586736367,0.0
31250.854572261203,0.0
31805.878328552968,0.0
32936.18560533257,0.0
31765.300009457333,0.0
29916.8089758848,0.0
29370.81115642527,0.0
30464.656475804466,0.0
30679.5902997599,0.0
30686.33879917217,0.0
29770.530718474132,0.0
30212.648497321967,0.0
29687.81637968933,0.0
30227.293884987866,0.0
30040.7410108399,0.0
31309.194465263867,0.0
29368.478642636364,0.0
30061.653987230267,0.0
29771.41627665757,0.0
31511.0848909508,0.0
31085.29785504,0.0
30256.6674522676,0.0
30061.612326199764,0.0
31090.1420618398,0.0
31611.026270922805,0.0
31159.06645127933,0.0
30444.04562924453,0.0
31009.093178561765,0.0
31943.97749503603,0.0
29267.7674282859,0.0
31293.537598489063,0.0
29004.224606199532,0.0
28874.297741560033,0.0
29155.31957406993,0.0
29519.72628258223,0.0
29165.163457085233,0.0
27414.774305772,0.0
29125.669276199827,0.0
29142.22059318503,0.0
28652.5734948733,0.0
27755.3752560682,0.0
27601.17687031823,0.0
28050.4004027632,0.0
28264.21395032113,0.0
27759.125637091398,0.0
27067.063082323468,0.0
27318.717579232467,0.0
27331.024446369367,0.0
27865.173175249667,0.0
27931.152619693567,0.0
26426.80356826553,0.0
27208.127189715666,0.0
27520.855671674966,0.0
28585.21178443,0.0
28376.69434319393,0.0
28072.829546047564,0.0
29032.32418124837,0.0
28263.216425488732,0.0
29767.764311998064,0.0
29576.3250117946,0.0
28495.282466820165,0.0
28566.289449863267,0.0
27947.44257136503,0.0
27716.5052747425,0.0
28255.34878541263,0.0
29178.057818903064,0.0
29419.6670709919,0.0
29052.3980598839,0.0
28180.595146814267,0.0
28971.73813902947,0.0
28039.44572087023,0.0
27590.0734590568,0.0
27487.19053722387,0.0
28373.3533362554,0.0
27546.86661734293,0.0
29431.988839856265,0.0
27581.07399685393,0.0
27593.6258224839,0.0
28133.04824772413,0.0
28441.282065674266,0.0
29296.644040509666,0.0
58477.424542126275,1.0
28929.009317347965,0.0
28590.624188563666,0.0
28692.307268792603,0.0
29797.9778922798,0.0
27557.194843404566,0.0
27804.07805784273,0.0
27862.332175453645,0.0
28200.97503833873,0.0
28816.924433557066,0.0
28128.343957197067,0.0
29615.8480526129,0.0
29340.11576121673,0.0
30227.560872062633,0.0
30599.975020691367,0.0
31433.1775470091,0.0
31178.81239847563,0.0
32299.271852834365,0.0
31480.759912577036,0.0
30434.8041030323,0.0
30732.975404531666,0.0
31595.730894326065,0.0
29830.472127517132,0.0
29533.165784872603,0.0
29462.424019269965,0.0
28604.92300642653,0.0
29057.0870998784,0.0
28482.818546502902,0.0
29335.6593371776,0.0
28935.71584084323,0.0
28223.63285269953,0.0
28501.6477544254,0.0
28425.13184581643,0.0
28431.771247711033,0.0
29462.785206386165,0.0
30087.550685865463,0.0
29274.21496074993,0.0
29566.90204042823,0.0
29108.497475048098,0.0
29170.42837276413,0.0
28085.46232968753,0.0
29775.14393393903,0.0
30532.91597955003,0.0
29510.976063980732,0.0
29409.409605530866,0.0
29408.16723336943,0.0
29176.54935912153,0.0
29691.30039115593,0.0
30680.349828556667,0.0
30836.722170464767,0.0
30573.502245085667,0.0
30035.610708253065,0.0
31551.569263449703,0.0
31884.7513066186,0.0
32969.71991454033,0.0
31063.0815255601,0.0
32180.761281627834,0.0
33171.519190263265,0.0
32561.48718935167,0.0
32384.91951858183,0.0
32848.66638774317,0.0
32165.551734005632,0.0
32942.050672341065,0.0
33970.1871053009,0.0
34306.89091199453,0.0
33353.0326798272,0.0
31939.664967085766,0.0
33297.014847883605,0.0
33184.63288854657,0.0
31964.24062268917,0.0
34995.889257897,0.0
33721.52085788713,0.0
33377.5808982285,0.0
35330.09505959984,0.0
33516.25721809083,0.0
34498.6246679674,0.0
33993.3024980546,0.0
33885.68042356656,0.0
33584.00017694873,0.0
33253.85534590087,0.0
32863.23940984163,0.0
32298.498670333567,0.0
33380.191205716765,0.0
34105.66908401507,0.0
33644.86159192823,0.0
35023.57419549797,0.0
33493.519967557535,0.0
33168.8175216096,0.0
32440.113816173267,0.0
31621.74248616713,0.0
32283.851973524033,0.0
32167.585062306633,0.0
32587.69019807227,0.0
31567.67754427573,0.0
32552.095118327466,0.0
32431.74973505283,0.0
32399.885522865232,0.0
32391.284800973666,0.0
31751.277082681932,0.0
31808.975319326797,0.0
31535.12831271087,0.0
31075.106793096566,0.0
30865.72246178167,0.0
30586.820608205766,0.0
30268.62762403753,0.0
29169.7029479853,0.0
30140.937304074832,0.0
31082.14134201403,0.0
31637.217481424766,0.0
30625.948730090764,0.0
31742.458134615,0.0
31669.170172257902,0.0
30781.5725724336,0.0
32605.01247889013,0.0
30644.630485976602,0.0
30414.513703000866,0.0
30990.048883383934,0.0
30757.538798392667,0.0
31475.9601389872,0.0
30745.5687642676,0.0
31382.962045798733,0.0
32289.05011267363,0.0
32568.108042587664,0.0
31774.56551262793,0.0
31376.88280703773,0.0
30915.072432361303,0.0
33059.284268176634,0.0
32394.001654875767,0.0
32370.45434365843,0.0
32352.66273701833,0.0
32317.20734751833,0.0
31489.168780551197,0.0
30672.5118936563,0.0
30206.308230751565,0.0
30515.07336254813,0.0
28870.7856524278,0.0
29779.9590733734,0.0
28644.715554975664,0.0
28120.186066277933,0.0
28453.069914550666,0.0
28707.801497988068,0.0
28678.637785283532,0.0
28993.775336773964,0.0
29174.3282104789,0.0
30268.618478992732,0.0
30074.0707578266,0.0
29755.135462725033,0.0
29965.77790621773,0.0
29270.9770750684,0.0
29159.43157258453,0.0
28589.121058052,0.0
30574.06124461743,0.0
30010.52963601543,0.0
29906.72575115233,0.0
29007.044989659298,0.0
28584.069762991465,0.0
28945.2743061137,0.0
28294.264785964067,0.0
28919.437225895403,0.0
27694.97175925677,0.0
29971.829441030502,0.0
29125.224971344098,0.0
29121.751979694433,0.0
30405.27795205077,0.0
28874.155800276334,0.0
30605.945923012667,0.0
29504.238099103168,0.0
28494.553178381666,0.0
30917.317106040602,0.0
31339.17473288563,0.0
30906.259837287365,0.0
30560.12906250277,0.0
30886.785697669802,0.0
32231.252125966734,0.0
30850.2948605707,0.0
31354.5636242945,0.0
32402.309706372933,0.0
32178.186934137302,0.0
31309.0129948747,0.0
31089.684838832167,0.0
31272.717977623368,0.0
32011.74233346717,0.0
30072.39935255093,0.0
29172.6424891933,0.0
29607.87615703173,0.0
30268.0292441724,0.0
29951.2877674922,0.0
30939.41900349293,0.0
31037.266555694467,0.0
31312.501041016167,0.0
30666.65433396803,0.0
31132.971827024165,0.0
30246.09427704423,0.0
31217.78165926423,0.0
29812.0965779272,0.0
30371.705036738902,0.0
29564.752227261168,0.0
29842.155079628632,0.0
29874.841165765865,0.0
28793.10233104833,0.0
28416.7713341733,0.0
27814.723145173466,0.0
26832.61115802917,0.0
28792.18690885997,0.0
28493.743263424665,0.0
27021.673290189232,0.0
28200.303102596667,0.0
28158.390744956865,0.0
26923.61042843273,0.0
28296.32613207653,0.0
28005.505400855065,0.0
28824.9177090782,0.0
28974.6385722214,0.0
28297.7156294764,0.0
28290.3161718409,0.0
28860.6876786571,0.0
29221.6301361675,0.0
29007.9390784739,0.0
28811.632272133967,0.0
28103.888610850234,0.0
28821.228896801367,0.0
27873.088441427768,0.0
29547.863796018,0.0
28284.306513582567,0.0
27936.86211195943,0.0
27609.1341349472,0.0
26872.842783312,0.0
28280.486865989133,0.0
27596.9190857924,0.0
27509.0492678462,0.0
27084.572237481167,0.0
28623.7243660473,0.0
27400.4261505053,0.0
28554.12948657853,0.0
26895.076664178603,0.0
27308.260358508567,0.0
26891.514306289435,0.0
27994.526920467433,0.0
26773.833433192234,0.0
27442.471847280165,0.0
27233.451761614968,0.0
28099.159074800766,0.0
28656.760027171462,0.0
28077.8099529805,0.0
27969.056930958166,0.0
28381.076119114136,0.0
27392.85458951583,0.0
28715.762269602066,0.0
29187.232767373098,0.0
27816.715294662066,0.0
28600.87359320613,0.0
29007.194163777865,0.0
28409.350608130168,0.0
27690.939576592235,0.0
28573.832416007564,0.0
29245.778196908366,0.0
28033.868063168535,0.0
27983.143650818565,0.0
28358.910476023633,0.0
28880.163889028234,0.0
27946.41717028283,0.0
27905.8826796289,0.0
28017.680824438834,0.0
29315.764755685763,0.0
28674.374754781733,0.0
28773.33497555043,0.0
28519.976727781235,0.0
27958.4226146527,0.0
29374.935777033734,0.0
29590.935240441966,0.0
29484.647073379263,0.0
27979.989125326363,0.0
29010.609672848765,0.0
30091.553284561665,0.0
30095.2394316912,0.0
30285.76470147903,0.0
30714.017907229034,0.0
30217.0661175657,0.0
29621.833704068864,0.0
29599.508343478632,0.0
30152.594175043734,0.0
30472.021788180667,0.0
30630.639943819966,0.0
30414.0405564569,0.0
30474.39795770867,0.0
29000.435393865737,0.0
28887.932668672503,0.0
30658.517647929235,0.0
30116.355580316864,0.0
30546.5125891777,0.0
30982.06695961743,0.0
31687.80117920503,0.0
32381.48737435463,0.0
31525.83917131753,0.0
31190.187242362732,0.0
31826.8833617577,0.0
30374.6108375291,0.0
31918.154927433934,0.0
31127.02901524313,0.0
30821.12598322473,0.0
31965.21709854733,0.0
29857.4964099461,0.0
30616.1734342567,0.0
30213.254846732267,0.0
29409.532140977935,0.0
28790.828731176734,0.0
29291.026237491435,0.0
28812.730542712936,0.0
31142.844265206666,0.0
29761.7153064439,0.0
29620.0710527722,0.0
31600.763540578733,0.0
32254.743720960265,0.0
31673.054045665667,0.0
31648.557431420566,0.0
32104.688315185966,0.0
32427.831834944667,0.0
30878.192530807268,0.0
32897.9176671972,0.0
31743.998714170866,0.0
30882.05417196593,0.0
32239.616454200866,0.0
32046.76132815467,0.0
32755.664028009298,0.0
31362.319577188766,0.0
31315.523148632732,0.0
31040.632375008834,0.0
30595.26306568993,0.0
32290.449241279068,0.0
30880.71043819763,0.0
31302.152004375064,0.0
31568.589805022468,0.0
31465.290950505565,0.0
30309.60043165113,0.0
31173.850770072968,0.0
33063.5063198314,0.0
31661.5200040742,0.0
32077.58687928723,0.0
32007.6571136384,0.0
31804.470590029297,0.0
31854.65995599603,0.0
31543.547518223728,0.0
32497.302654611434,0.0
32655.73420395577,0.0
32809.18237206807,0.0
31818.50828392053,0.0
31091.589689959732,0.0
32503.43916024537,0.0
33659.050141507665,0.0
31660.352115506364,0.0
31874.499691884866,0.0
31666.044030454264,0.0
32697.327209468,0.0
32998.78039749947,0.0
32187.661103572766,0.0
32672.8034496345,0.0
32119.6950757178,0.0
32787.1987989336,0.0
33259.4862471481,0.0
33299.504558667766,0.0
33358.3465990122,0.0
31658.098096054964,0.0
31262.80180673423,0.0
31248.646253026098,0.0
30916.039305296203,0.0
31045.9804680117,0.0
30220.0326147781,0.0
30095.786308130468,0.0
30391.6511195855,0.0
30379.7039209371,0.0
29913.87148761187,0.0
30061.10903814107,0.0
30826.8363770743,0.0
31148.041074041,0.0
29996.744279678765,0.0
29253.031323353433,0.0
31079.209128361468,0.0
30198.171290338232,0.0
30048.289582852532,0.0
30564.28242250963,0.0
28637.428485363598,0.0
29626.978118342064,0.0
28651.253768583632,0.0
28754.366931239965,0.0
29490.9906189099,0.0
29215.8709956755,0.0
29142.0042718982,0.0
28408.8324642871,0.0
29047.491003708965,0.0
29218.028672200035,0.0
28647.977335309202,0.0
27688.640765065,0.0
27570.0340410311,0.0
27742.9427728425,0.0
28261.784545624498,0.0
29022.310097211834,0.0
28505.072508215635,0.0
28333.2021543765,0.0
28345.483812859333,0.0
29210.569884887067,0.0
29596.938349321663,0.0
30323.645403933835,0.0
28473.754411252434,0.0
28762.205760005967,0.0
28808.090781161332,0.0
28977.705460023866,0.0
29552.275419057067,0.0
30009.2195136203,0.0
29988.847445750765,0.0
29435.2988003666,0.0
29920.232214321935,0.0
31385.438320954334,0.0
31312.109475869867,0.0
30775.729587463768,0.0
30185.94931773213,0.0
31067.73881876837,0.0
31704.45519937177,0.0
31750.272598197,0.0
33323.125696237534,0.0
33380.48486368357,0.0
32848.17327571313,0.0
32232.959070954,0.0
32709.10549238543,0.0
33396.279689789764,0.0
33567.29029363903,0.0
32913.90840519936,0.0
34775.4142273562,0.0
33536.355838965865,0.0
33586.75056272933,0.0
33240.87970997093,0.0
32642.61183555633,0.0
33003.8527321734,0.0
32560.139535469003,0.0
32957.275960383566,0.0
32582.9530744293,0.0
31588.596828570968,0.0
32688.745073455204,0.0
32328.745014627468,0.0
31694.66468768813,0.0
32617.588353555468,0.0
32493.272176644867,0.0
33209.146989109,0.0
33080.854660986064,0.0
32939.2564108684,0.0
33415.52487474507,0.0
33645.2803602723,0.0
33119.03503854647,0.0
31589.35965823313,0.0
33093.43550877807,0.0
33016.699019705964,0.0
33786.06286469067,0.0
33551.96188729433,0.0
33521.132085149235,0.0
32936.27629826797,0.0
32583.75815905333,0.0
33556.03170150457,0.0
33670.47298889,0.0
32874.34516221497,0.0
34143.04428418836,0.0
34380.2975155277,0.0
34138.13810279677,0.0
33250.35158563097,0.0
34294.2790995837,0.0
34471.591558988235,0.0
35246.80493925857,0.0
35823.51148045577,0.0
35324.308345583566,0.0
35829.568918218,0.0
35137.90974225377,0.0
35102.63924882567,0.0
34859.87986862153,0.0
36198.692182146624,0.0
35018.79980578353,0.0
34809.284119535536,0.0
35246.13119383706,0.0
35908.632177120264,0.0
35804.016965458664,0.0
36152.375037715974,0.0
35332.33203087143,0.0
35371.8612550334,0.0
35310.0465184641,0.0
36057.23685528473,0.0
35652.52993900243,0.0
36106.51774499193,0.0
35505.40577109423,0.0
36027.16892870753,0.0
36037.56804893767,0.0
35772.94002750396,0.0
36062.5682211429,0.0
35760.250595571466,0.0
36301.8269323752,0.0
36412.32284460217,0.0
36086.88557362777,0.0
35785.55293496507,0.0
35077.90906059683,0.0
36864.77443077826,0.0
35397.39972793483,0.0
34868.95610839583,0.0
34711.3322802045,0.0
35528.35055252853,0.0
36454.73092070857,0.0
35969.36493285827,0.0
35489.01957686423,0.0
35445.57100150947,0.0
36364.002730225766,0.0
36550.7735205115,0.0
36854.5232849613,0.0
37245.6176493737,0.0
35959.41452445977,0.0
35135.520286935134,0.0
34298.8604909922,0.0
33806.63182775337,0.0
34170.0267576995,0.0
34235.250031812364,0.0
33831.1556187209,0.0
33660.0844240504,0.0
34744.60658326193,0.0
36172.82918277727,0.0
35650.701157997464,0.0
34740.640618722835,0.0
35867.125121655765,0.0
35313.31837803646,0.0
35965.2727197041,0.0
36592.17302708223,0.0
36514.985341096,0.0
36022.71572146617,0.0
36547.9658347082,0.0
36359.7884877176,0.0
