2542.9155928936243,0.0
-1558.1784462914602,0.0
11594.144781440315,0.0
-387.02978548553847,0.0
910.707800192588,0.0
6699.814662913514,0.0
-4131.178023026794,0.0
-2373.879009121213,0.0
1297.9800626760261,0.0
98.96527264787233,0.0
-4433.831669552133,0.0
-645.6462246204635,0.0
-1435.2512553225422,0.0
3304.789626081675,0.0
-6803.424258485879,0.0
-2482.367118296945,0.0
6151.551524038394,0.0
8857.853135561674,0.0
-5589.992220734848,0.0
3374.0638762714225,0.0
-3409.64431932747,0.0
-2543.727657426325,0.0
-2673.1555186097894,0.0
-320.79504813887024,0.0
5696.103307571505,0.0
4713.969919088255,0.0
2086.801363494716,0.0
-548.3007524916206,0.0
870.1258744592562,0.0
1005.7486758557629,0.0
4942.671044266075,0.0
-1536.579045454047,0.0
1345.5294554116674,0.0
857.7217447072057,0.0
1713.898143402429,0.0
3281.025306718754,0.0
3007.8599434748885,0.0
7499.366831114552,0.0
1894.3484951441365,0.0
8629.595718253868,0.0
1189.0965586122115,0.0
-87.6350307570674,0.0
2074.790411006567,0.0
3065.7335968422994,0.0
2550.170167582377,0.0
7186.999013792452,0.0
6297.1185090654,0.0
4620.866135956436,0.0
768.0597423938539,0.0
1364.877711325963,0.0
8368.508742007545,0.0
2752.6708071787352,0.0
-2860.2659432439796,0.0
-1503.7634571568558,0.0
-674.5925283273189,0.0
7204.148121005272,0.0
1725.5719730646806,0.0
11972.700940023378,0.0
3883.4456105653308,0.0
1919.2696392213788,0.0
117.13758990172369,0.0
6248.563776983783,0.0
397.19784356454215,0.0
-1863.3380351680194,0.0
4048.77979803647,0.0
2013.6260411593012,0.0
6529.229900878605,0.0
1648.2991319152231,0.0
-10896.74456123884,0.0
5341.488784543482,0.0
-6641.65584692901,0.0
8738.811756669329,0.0
9581.456956224125,0.0
-276.1723077999577,0.0
-3258.7616003220355,0.0
-4132.645951528753,0.0
5580.928999462739,0.0
625.3857476145844,0.0
-1527.8460527278423,0.0
-199.9288262909614,0.0
10493.431858972272,0.0
3568.9385376810505,0.0
5110.327073639473,0.0
4780.250474193608,0.0
5738.144098477256,0.0
5899.452372254295,0.0
-1443.3953270602176,0.0
178.52004743396833,0.0
-1623.5548506808973,0.0
-1705.3378448648143,0.0
6842.393589494681,0.0
-1509.0869213859592,0.0
736.0783887529113,0.0
-2439.7916671556586,0.0
-1379.2754845819459,0.0
4560.768082060054,0.0
-1176.3025965317001,0.0
-610.0701369340404,0.0
3181.539550119598,0.0
3515.318182977689,0.0
4692.277034274609,0.0
1186.2076274054423,0.0
-7394.776598520971,0.0
3537.40911006913,0.0
2393.362532125399,0.0
5439.9883678593405,0.0
-3761.0672372536837,0.0
12564.988271447603,0.0
-5209.529504906977,0.0
4493.061805217652,0.0
491.25424687286977,0.0
-2172.3409412015676,0.0
4073.9639602787747,0.0
-867.6538756688439,0.0
-10845.70056140658,0.0
-4435.172773133594,0.0
1856.6032150493234,0.0
10445.253646736954,0.0
-6160.779416311894,0.0
216.05329018650082,0.0
6653.121834166102,0.0
2994.2374423449705,0.0
-1982.210015494223,0.0
-6567.615215534464,0.0
-8329.416015676881,0.0
-2530.19936725359,0.0
-881.1172958739121,0.0
-9859.208514398159,0.0
-8042.89373151414,0.0
1432.4263964664979,0.0
-1098.5037204895166,0.0
-3530.373311795843,0.0
-1419.1286521009083,0.0
-4018.4561441732644,0.0
4504.002126469801,0.0
6967.317580256333,0.0
8787.791835742793,0.0
2804.4106692018104,0.0
3013.5249808065137,0.0
6206.096787865399,0.0
8174.010633538784,0.0
6661.914662062449,0.0
5366.0549470425,0.0
-3228.8532898449976,0.0
-7506.059229304549,0.0
3707.684130856585,0.0
-779.366772336647,0.0
-295.0796813931217,0.0
-3603.727695439464,0.0
-6154.690516453952,0.0
7139.307566230739,0.0
1740.1609502054969,0.0
-4550.487023152459,0.0
3080.1410799928262,0.0
2075.7354139041327,0.0
2569.092616896728,0.0
9991.87713822961,0.0
507.6022308815432,0.0
-5295.768720444918,0.0
472.1239693714826,0.0
-2244.215922514626,0.0
2787.4301492425934,0.0
2700.3167406393814,0.0
2917.188473748418,0.0
-1529.6921275286024,0.0
2874.1816899536307,0.0
-1773.6652572384091,0.0
3501.1791361871165,0.0
-661.818044734762,0.0
-4566.4110920684825,0.0
3995.5419170649093,0.0
-2590.264878609317,0.0
7365.102117144885,0.0
2791.756924842659,0.0
2806.6494609030133,0.0
1899.375531907711,0.0
295.79650285994495,0.0
-9491.25239315715,0.0
6558.407783280401,0.0
-2864.113285467288,0.0
5698.216062932467,0.0
-1546.5141290746212,0.0
655.6687790014186,0.0
1042.1747649530794,0.0
-2745.814019004173,0.0
916.7570577612661,0.0
3983.7676836954665,0.0
-341.11653372201795,0.0
-3853.478427251394,0.0
-128.46889549795696,0.0
3120.0300217909007,0.0
7273.586276571741,0.0
6758.191556827219,0.0
3155.408994949931,0.0
-1798.8182349986073,0.0
7141.593883085718,0.0
1986.3406861585502,0.0
1335.998394908738,0.0
6360.930201641748,0.0
5062.482047427042,0.0
4342.611655487505,0.0
-2930.879990510398,0.0
499.6803978041303,0.0
-4641.349666460433,0.0
3990.3400123025303,0.0
3641.9940329759643,0.0
6893.429690940422,0.0
4238.031795097479,0.0
1302.9163593217318,0.0
12257.94481726396,0.0
-1129.8752869258878,0.0
-2849.444498623584,0.0
-41.74637038006949,0.0
5450.172544717392,0.0
2344.033806796288,0.0
1833.7135319926813,0.0
-2332.8470544554984,0.0
10006.334300383503,0.0
990.3703434526501,0.0
-2110.7919723454324,0.0
3552.360001746133,0.0
-341.6741743532084,0.0
2628.297914964224,0.0
9470.676492849505,0.0
2304.168879252956,0.0
2763.0567504776013,0.0
1949.9500078719475,0.0
2357.0227573983684,0.0
7563.292384724961,0.0
7100.176824542469,0.0
1560.5059781944683,0.0
-417.5444013126639,0.0
3130.156881035678,0.0
8220.602009318602,0.0
3317.3501999098157,0.0
3489.1417942391263,0.0
-3492.7032304430304,0.0
8200.021144309783,0.0
-3114.2704433786785,0.0
-1930.6112082651302,0.0
2425.9538967705294,0.0
3599.710339924381,0.0
4808.442154915193,0.0
478.7260399239076,0.0
1212.6879716127464,0.0
688.1839200848349,0.0
-3528.6219049190495,0.0
2311.7707737233986,0.0
729.3934385326306,0.0
5768.989614956265,0.0
2510.0971853429096,0.0
8386.092901270511,0.0
7145.81487717621,0.0
8683.086265898184,0.0
9682.072781094743,0.0
6939.89748945324,0.0
3001.673590456445,0.0
10090.730700013013,0.0
-803.6615513601364,0.0
3612.8440963229286,0.0
7708.2918153323935,0.0
2636.3870179691307,0.0
6358.138575973424,0.0
679.853350180264,0.0
1496.2815629340248,0.0
7131.094805905798,0.0
5906.313317725324,0.0
8623.998464264967,0.0
2424.7123000968586,0.0
4614.094993297615,0.0
6374.166846833638,0.0
6245.859588698679,0.0
-2658.0886489399127,0.0
256.0156254020303,0.0
9629.122129900996,0.0
-2026.0553608004502,0.0
6131.8172787802505,0.0
1876.9387778801224,0.0
7526.142605970479,0.0
-1080.4011642881887,0.0
3733.9320817109865,0.0
-6504.725461770564,0.0
3107.7512312259637,0.0
8025.113146503245,0.0
-3605.872885571399,0.0
8984.613025628514,0.0
-413.53145175789905,0.0
2034.2330769826883,0.0
-9587.78858590113,0.0
7499.097115935503,0.0
-904.3168062810491,0.0
1012.973941476685,0.0
-3853.876091870574,0.0
-1906.9074536958906,0.0
7749.464447586137,0.0
528.4678508669517,0.0
6232.730584968458,0.0
1883.7866441790902,0.0
4186.772478891804,0.0
165.69201682489847,0.0
4265.8148942743355,0.0
14615.91446280609,0.0
5570.799491388498,0.0
5450.330556145753,0.0
46.21986044021878,0.0
6247.677638259151,0.0
8156.728814087283,0.0
-5356.4954218451,0.0
-4086.58137186057,0.0
11406.509229012867,0.0
3368.3887247287257,0.0
2364.6068310912497,0.0
4156.87487820617,0.0
7149.5533297736165,0.0
5824.983332676116,0.0
1753.1204364120958,0.0
11154.819345628257,0.0
2523.2039571409355,0.0
-2089.9422138095033,0.0
-1133.0155585557527,0.0
1621.1990383272364,0.0
88.86474187781255,0.0
802.5365155058722,0.0
3087.173745671639,0.0
-12216.500955782036,0.0
-786.4793980040108,0.0
6707.515698690198,0.0
4411.409693920423,0.0
-1609.7054151184122,0.0
-676.5732958421463,0.0
7626.61580578167,0.0
1298.1726672274579,0.0
-186.59255433135968,0.0
10467.819530523293,0.0
46.4099878204529,0.0
5349.211730561341,0.0
1926.653100254807,0.0
2382.1908126212675,0.0
-2185.6559575946167,0.0
-2047.6081921008902,0.0
7560.336208749743,0.0
-2548.57050456799,0.0
3497.761221588254,0.0
-3075.7824466600705,0.0
1135.778958518139,0.0
2775.577109838831,0.0
-4932.819702339108,0.0
7579.931005272469,0.0
1665.62720102505,0.0
7472.402679719071,0.0
-1717.6522257682873,0.0
7183.246831498527,0.0
13225.625372476967,0.0
2941.5743715338845,0.0
-209.21565511564586,0.0
5086.905511550018,0.0
3337.8332881500546,0.0
2190.0312352919136,0.0
2215.2307660865763,0.0
-177.5762513760069,0.0
5145.0229493534125,0.0
1355.647984994639,0.0
-573.310289955065,0.0
7183.530160145539,0.0
2469.562885359257,0.0
14302.611036275463,0.0
2165.5028222550563,0.0
-651.7816033539593,0.0
641.297925031628,0.0
5472.173721200472,0.0
-436.43631187135134,0.0
-2109.690987053832,0.0
10626.516948151977,0.0
-2074.373073683626,0.0
10875.19668494966,0.0
4556.389203439412,0.0
-404.4472808322189,0.0
10798.439605117288,0.0
2599.341364110333,0.0
-893.6885805646466,0.0
4243.048234125853,0.0
9382.343498772127,0.0
6820.582435206849,0.0
7446.855546131542,0.0
12354.883206352584,0.0
5492.008756295978,0.0
6431.765189038946,0.0
4562.06519311852,0.0
-2137.8985173439887,0.0
4164.289637052263,0.0
13243.711783079816,0.0
-2887.099856344649,0.0
10656.22239777798,0.0
5463.336672342765,0.0
454.5395980203434,0.0
4371.410162136553,0.0
12132.805710519984,0.0
2176.8422494390875,0.0
8650.368702151882,0.0
10100.972419383132,0.0
874.197072531379,0.0
7138.767232977257,0.0
7839.034521699463,0.0
3274.8755431942664,0.0
9017.069780015157,0.0
2842.044518241987,0.0
2605.5181231817255,0.0
599.2034627565508,0.0
7170.2615366178625,0.0
4117.536827548653,0.0
3213.960048193413,0.0
412.0769638857382,0.0
-180.9264338023404,0.0
1230.8885774305504,0.0
8706.462018376536,0.0
2238.8148170754503,0.0
12702.629652466692,0.0
7832.945891178726,0.0
6483.046662817006,0.0
827.1524698417761,0.0
14485.288535619811,0.0
-1187.117116042501,0.0
8148.256992352488,0.0
13297.950253579935,0.0
5070.385301263831,0.0
2582.211028781632,0.0
6024.656929409521,0.0
10840.287274393386,0.0
11130.692491128904,0.0
8809.85237006327,0.0
743.8287346499619,0.0
2558.1693145338727,0.0
5966.053746210296,0.0
28.27246662296784,0.0
4927.177393695642,0.0
15257.48211376985,0.0
1969.0836446507528,0.0
10704.883428842499,0.0
654.1018445023328,0.0
4252.225563970742,0.0
6541.501699898818,0.0
-229.80860342339838,0.0
5887.554600343798,0.0
11935.320327238132,0.0
9180.469014943921,0.0
8680.406342575205,0.0
1464.5846116768016,0.0
4083.011616942558,0.0
6078.856971280328,0.0
7924.232872474766,0.0
11224.666213385754,0.0
1472.6039557780432,0.0
12820.999960940102,0.0
3615.99340839622,0.0
3994.1251453541367,0.0
-646.2602399041634,0.0
5544.9649642879995,0.0
3781.02884377612,0.0
-156.47688096285037,0.0
4355.468030354016,0.0
6446.555619892519,0.0
4334.371442123305,0.0
8021.667453920387,0.0
1095.3513806054416,0.0
8981.018372925566,0.0
4295.50816377495,0.0
7478.501267409219,0.0
-3391.1387123108407,0.0
5981.042947121204,0.0
4749.269466117703,0.0
9005.466380192822,0.0
335.1432498256672,0.0
10968.50827404884,0.0
-17.233893551588153,0.0
11090.463713615227,0.0
7844.259101368463,0.0
1030.4973700531928,0.0
15000.84696141439,0.0
-889.5248617833904,0.0
3547.945102241072,0.0
4571.978492643078,0.0
6911.080328004096,0.0
5757.986560377201,0.0
7836.691018217347,0.0
7141.1588196410175,0.0
4924.044787075077,0.0
353.71452300853525,0.0
3692.3331835786157,0.0
7787.260818263031,0.0
-718.3998860726806,0.0
5218.984259077056,0.0
-5290.351655441748,0.0
1064.510841086821,0.0
-3026.9724852934514,0.0
9615.472632300834,0.0
-3916.4487630417343,0.0
3049.042553934948,0.0
7062.073895318643,0.0
7207.231517477074,0.0
7331.986524689228,0.0
8585.09319050446,0.0
6418.5513041214235,0.0
8553.449086911072,0.0
3033.8147721391533,0.0
4010.7525493469066,0.0
-3682.128215670038,0.0
4781.053290433276,0.0
10805.412635643312,0.0
1198.2438480333303,0.0
-1488.3822303707611,0.0
4111.202919278843,0.0
9455.773804356904,0.0
9816.45700560377,0.0
-2433.369620339109,0.0
5715.46125610377,0.0
1267.4490630231826,0.0
5179.007686399994,0.0
-5318.591431599149,0.0
7730.240046428262,0.0
2230.0955067328555,0.0
4461.4023825086515,0.0
2768.0608779119434,0.0
-610.5158070239318,0.0
6280.595426491211,0.0
1668.4675511607165,0.0
1662.4460374872924,0.0
7069.308277341994,0.0
4305.696726667973,0.0
554.4841665442104,0.0
8238.919345401977,0.0
902.6235451515627,0.0
4685.661631392235,0.0
7072.006531017503,0.0
9121.040929738776,0.0
9211.587659659242,0.0
11682.328676923473,0.0
3271.713577500782,0.0
689.1924748412184,0.0
11792.455893566443,0.0
9827.758875887343,0.0
3013.370489787845,0.0
7506.240219786689,0.0
2057.4665484759807,0.0
-1975.9570472341184,0.0
8756.435692519966,0.0
6139.142880286163,0.0
5527.518077327405,0.0
12111.482700462095,0.0
11565.905034067411,0.0
2054.0933264586497,0.0
611.3139276960183,0.0
-3808.171744662047,0.0
4533.642705417489,0.0
3497.777802200797,0.0
6660.259794161549,0.0
5099.510304587179,0.0
2505.360954114379,0.0
3681.9133345156356,0.0
-1635.1286027265496,0.0
11167.099610780406,0.0
3390.272527559049,0.0
8606.886985068792,0.0
3034.0158598910893,0.0
6497.068889465952,0.0
8426.430063190994,0.0
4301.974511862081,0.0
1587.2946234705246,0.0
16141.764328131598,0.0
4594.779505915199,0.0
8674.846353798053,0.0
5555.693206497163,0.0
2354.490745129621,0.0
11572.630824864947,0.0
7953.468594757142,0.0
7494.352578585242,0.0
-4457.412930369286,0.0
7006.31072950469,0.0
10642.207056115656,0.0
7420.3575252818955,0.0
5505.205267932637,0.0
11771.729799117682,0.0
7460.57205418586,0.0
9068.38040295972,0.0
11219.889687662388,0.0
10982.411490796503,0.0
449.9340183424338,0.0
8687.02674992804,0.0
3456.2458999831647,0.0
-2664.7564907119167,0.0
8641.778324660332,0.0
-1495.0443405147034,0.0
4832.569519292843,0.0
-4220.319889114769,0.0
2198.427237396859,0.0
5248.335169566491,0.0
6566.399849105569,0.0
5556.5768086140415,0.0
3364.1871274307214,0.0
4092.8896958940504,0.0
14557.162159503392,0.0
4594.596060597862,0.0
7325.816357033115,0.0
16143.787244338293,0.0
189.00258954750916,0.0
-1222.2385212198378,0.0
3219.0774834729227,0.0
6125.793249333614,0.0
2249.0116933130503,0.0
8170.8296802505465,0.0
6508.253166723336,0.0
-70.54814056977557,0.0
7873.2821166989315,0.0
1706.763765031742,0.0
10391.074062447524,0.0
8579.702866629888,0.0
17606.561852607363,0.0
11251.340034146788,0.0
5934.38039088384,0.0
9830.341182612343,0.0
8401.878585083521,0.0
4702.015984042396,0.0
1278.7764094030808,0.0
12471.350508869982,0.0
26534.190554397963,1.0
17656.84497491701,1.0
18576.968829896527,1.0
5094.226905232681,0.0
12869.146110764266,0.0
12782.011081866847,0.0
3856.247641412707,0.0
5590.117310423748,0.0
5634.5032062383725,0.0
8939.602399364054,0.0
11026.591278347736,0.0
13166.703752872922,0.0
6211.043719449972,0.0
3119.1654785010223,0.0
10536.48294186936,0.0
10480.498469089427,0.0
6403.942191198132,0.0
8976.855637487264,0.0
9266.052221781461,0.0
11759.894587189403,0.0
7543.095581978179,0.0
9865.557812403702,0.0
8118.978776354839,0.0
3662.6658949184666,0.0
10529.734885805743,0.0
7828.441853019164,0.0
12058.235754748466,0.0
1099.6055280220198,0.0
3695.3601113054247,0.0
9571.964886165535,0.0
-160.59757452513804,0.0
6597.642811985692,0.0
5069.060257189084,0.0
5179.884182306916,0.0
6138.967637988129,0.0
9189.230621261833,1.0
19357.571853099613,1.0
19503.627770933253,1.0
11077.887029686593,0.0
13172.151118640635,0.0
8673.085508576269,0.0
10329.657155308094,0.0
-3480.577759099754,0.0
9721.918894264709,0.0
11660.75601583704,0.0
10695.87935214328,0.0
8300.098205811939,0.0
4760.59979789525,0.0
4530.548833927014,0.0
6138.4350386114165,0.0
7999.246001330178,0.0
8721.480756244937,0.0
6183.814516257983,0.0
369.24936805440393,0.0
14422.105852410623,0.0
2542.6638146477694,0.0
-6241.629327189934,0.0
13301.268363818413,0.0
11375.160078103421,0.0
6283.341601969598,0.0
10351.301839585833,0.0
8010.224402971459,0.0
2504.844140358121,0.0
6138.599605906936,0.0
413.5821604445646,0.0
3527.4316050927528,0.0
2627.9662117812336,0.0
6853.355202418505,0.0
10944.776978948623,0.0
2843.28031303013,0.0
7869.123880100289,0.0
-3044.3026565385326,0.0
1205.744787850388,0.0
8062.152369283038,0.0
10965.746914656258,0.0
9913.570864631565,0.0
11227.668245262841,0.0
-1145.65752145825,0.0
3767.6144833330613,0.0
-5759.490374281768,0.0
5620.765584114962,0.0
6255.8738233364875,0.0
3973.860677711055,0.0
1675.6845195539408,0.0
7930.415661579304,0.0
8370.593882609412,0.0
6424.530861521662,0.0
3131.9963644936315,0.0
6373.6406533256595,0.0
6076.22495999448,0.0
6231.578788344781,0.0
8803.981113431835,0.0
6293.787474608363,0.0
13.439456624781997,0.0
4717.388847459749,0.0
7729.652928945819,0.0
4816.336038883196,0.0
6835.676626310603,0.0
3044.9496356789364,0.0
12424.064196138623,0.0
7749.62980214142,0.0
6678.243585704311,0.0
9927.561563396137,0.0
9420.7365850475,0.0
6960.631708775107,0.0
10345.508756759165,0.0
8473.185489005242,0.0
7700.302439944497,0.0
6460.498847169036,0.0
1393.3652649188625,0.0
7224.007696174374,0.0
7864.181945953619,0.0
2465.6339894877315,0.0
13240.609939829264,0.0
6290.383121639035,0.0
1953.167927133085,0.0
4897.081085388101,0.0
6975.681898012165,0.0
6019.214888999881,0.0
3405.1282790315386,0.0
7159.567231374331,0.0
836.5800248769983,0.0
5739.0207132088235,0.0
8734.407730597706,0.0
4403.652622557786,0.0
10421.71518252827,0.0
11491.924129601337,0.0
4735.754674277057,0.0
-2741.9171231686605,0.0
11532.093631214339,0.0
13510.189723948926,0.0
766.7384957925233,0.0
8785.367825892394,0.0
9408.427372290465,0.0
1045.998906478976,0.0
5368.12857456293,0.0
13471.217048016224,0.0
8948.686258069178,0.0
8666.589291518085,0.0
14221.855155221789,0.0
6029.288364329375,0.0
695.9869354897082,0.0
15196.212400164615,0.0
4676.699439794616,0.0
7825.604926117233,0.0
13272.095158711745,0.0
9987.556439922813,0.0
9445.025880076037,0.0
4829.539135508852,0.0
11925.778103029179,0.0
18607.37629376084,0.0
6313.387018748057,0.0
4161.389592473996,0.0
9811.88743331686,0.0
5501.154221948142,0.0
10154.2232747304,0.0
10159.889140498648,0.0
11756.524491818767,0.0
10498.754451036015,0.0
9982.223279078618,0.0
15534.956226718487,0.0
5577.179168331554,0.0
9522.630670470617,0.0
11028.096898716885,0.0
4501.10251929757,0.0
6293.767740677372,0.0
7635.621281156487,0.0
7704.105666965977,0.0
15298.139476529326,0.0
10707.65452851284,0.0
22997.322909583498,0.0
8024.608129543083,0.0
8476.09090637276,0.0
20307.761311466536,0.0
6867.476434667837,0.0
19165.397285223153,0.0
-4363.24909901267,0.0
6320.863214908397,0.0
15473.224703143358,0.0
17698.179317963306,0.0
11616.85960868708,0.0
6858.207380760978,0.0
8878.302475890465,0.0
13731.341611494507,0.0
11677.163457344355,0.0
14826.120613405717,0.0
6611.920747498458,0.0
14337.279716141185,0.0
15873.435636772643,0.0
23332.152459314093,0.0
13825.700203580991,0.0
13901.20104450551,0.0
6649.527886161203,0.0
3873.3884325660238,0.0
-786.4599614632625,0.0
12143.876200701778,0.0
18525.029800467295,0.0
8792.199644431521,0.0
-808.785342299394,0.0
10738.742107948803,0.0
8889.152827214197,0.0
8017.747597329454,0.0
18426.01885682295,0.0
14801.078820409042,0.0
16438.073822336606,0.0
6621.746438915068,0.0
11655.365022864988,0.0
4685.657158775796,0.0
14961.45326921447,0.0
4735.554921771678,0.0
16203.667944260116,0.0
10955.257291206506,0.0
10502.384911261455,0.0
3798.699084689576,0.0
12311.842638523765,0.0
1727.9445218623996,0.0
4584.253642250627,0.0
4878.175670612997,0.0
18975.32728567448,0.0
10423.209352408003,0.0
6918.792678796818,0.0
12471.13492394612,0.0
20915.119451161692,0.0
8756.398496525404,0.0
4219.857994827675,0.0
3968.885213615091,0.0
9314.413346410238,0.0
16049.120278443279,0.0
8766.710253831816,0.0
7555.21474438868,0.0
4243.839764906924,0.0
4090.2674693437675,0.0
13442.069364734216,0.0
10171.716425168841,0.0
10510.080886151129,0.0
3355.4390671535966,0.0
10776.819051614188,0.0
10328.699901160573,0.0
15396.863637075592,0.0
14824.776440681158,0.0
7583.278760674799,0.0
10968.512831146447,0.0
10458.890518445554,0.0
7474.665956323982,0.0
4877.197190350591,0.0
12882.577468451196,0.0
18656.979114957918,0.0
7188.418721464396,0.0
16812.98544100169,0.0
6879.012450054665,0.0
6235.035164039125,0.0
8790.97031132867,0.0
6890.341955195227,0.0
12789.63915573867,0.0
13165.0516200686,0.0
-4043.7154576190596,0.0
11840.547433436377,0.0
10341.796792124009,0.0
16057.933475728776,0.0
4198.985598964131,0.0
8874.94954681078,0.0
13825.303992808076,0.0
12076.854853123068,0.0
14911.428850859284,0.0
4317.468030906044,0.0
4512.418206505279,0.0
10154.76156862386,0.0
1624.1989317570487,0.0
9807.739658569022,0.0
12154.539393763538,0.0
20982.084117992967,1.0
13372.777408994543,1.0
16838.05675725689,1.0
6859.583401095862,0.0
10111.96683095115,0.0
9216.464918212114,0.0
5767.131526941726,0.0
299.54409399980614,0.0
-251.98421957175833,0.0
3610.2158014854713,0.0
3431.346028783728,0.0
6048.897891339517,0.0
3111.4193017998914,0.0
7085.818345326099,0.0
4649.481347706583,0.0
8553.601018483016,0.0
9254.814914206005,0.0
10941.685620873239,0.0
4246.700612459621,0.0
4298.430117103446,0.0
3308.838524169564,0.0
8585.034244559898,0.0
11802.670930902545,0.0
14132.008016452131,0.0
9502.599804086207,0.0
7671.925385785601,0.0
11796.270273996288,0.0
7608.048723590949,0.0
4525.227497790473,0.0
12681.143140417356,0.0
6040.258659595308,0.0
1994.8178343625214,0.0
7454.323676569766,0.0
4480.635785418475,0.0
9058.849965057565,0.0
6100.137628242619,0.0
8297.699373137342,0.0
6404.904213686275,0.0
7604.061773206715,0.0
11797.088778947586,0.0
9842.647781218931,0.0
9019.117233392964,0.0
13848.75388634457,0.0
3151.2394787959565,0.0
10367.78771042415,0.0
14275.167125464988,0.0
11588.053096971402,0.0
14554.144691028127,0.0
5732.808390109907,0.0
14507.34190786296,0.0
6171.299323852447,0.0
14277.026859869871,0.0
10526.192545971282,0.0
13500.196879444831,0.0
5822.495800652461,0.0
9231.009916850751,0.0
805.9790678035552,0.0
11568.454643317495,0.0
12777.54961989652,0.0
12375.477127053226,0.0
15094.874294484125,0.0
13571.452081564486,0.0
10837.598752658103,0.0
12898.834822048897,0.0
7689.450953346821,0.0
13424.009109939416,0.0
12664.63615936341,0.0
11642.35782922889,0.0
11346.492024544666,0.0
8440.467908559778,0.0
6444.680004511623,0.0
10067.184927145423,0.0
14642.406625708682,0.0
3106.799143427226,0.0
11764.385451435908,0.0
27931.9264720199,0.0
11693.114415349159,0.0
10720.17867473623,0.0
13593.047400304325,0.0
10341.31982590095,0.0
11326.265758490816,0.0
13016.457997989888,0.0
7029.8706362138255,0.0
16726.08783121112,0.0
12819.948591867085,0.0
16655.024739787477,0.0
12468.722247632537,0.0
16132.938838551932,0.0
11898.8171831506,0.0
26043.999281779987,0.0
17491.71892211497,0.0
17818.079115013174,0.0
13026.981044991397,0.0
6062.192183443751,0.0
10562.818050459433,0.0
14574.225128018483,0.0
11530.79784608941,0.0
10255.671179153002,0.0
9288.21606805332,0.0
6676.223481880598,0.0
10249.944468730795,0.0
15181.891849898875,0.0
15741.22543296023,0.0
14754.75140672387,0.0
11952.432480226369,0.0
13484.888543491354,0.0
11926.015373769384,0.0
14041.873671016348,0.0
14345.551032226867,0.0
14890.798479458143,0.0
11025.232967399083,0.0
11188.822024464464,0.0
18301.300747202655,0.0
17928.7111476232,0.0
2838.0770289145694,0.0
13458.233128740754,0.0
12659.801179181395,0.0
15440.010589080804,0.0
2816.367358428195,0.0
3294.20188730042,0.0
10080.564410251627,0.0
11453.81160011376,0.0
6452.438187970966,0.0
15898.518273712612,0.0
16393.33570419613,0.0
14085.37855881882,0.0
15312.541553259485,0.0
5929.272962985499,0.0
10189.534389715229,0.0
361.23074890611315,0.0
15100.605170943418,0.0
16170.79328377582,0.0
13599.300784172829,0.0
7025.774918591622,0.0
11045.01440941211,0.0
15489.005567178443,0.0
5233.424238866964,0.0
11806.71771647305,0.0
14286.057589779892,0.0
8838.98966424616,0.0
8629.101076206456,0.0
16271.516292428227,0.0
13295.121489534491,0.0
17725.289631916796,0.0
12650.280526153281,0.0
5904.3545726207885,0.0
10642.09633749329,0.0
7717.550570496329,0.0
9734.916740477958,0.0
12697.387090875274,0.0
17862.146280583485,0.0
11542.98009025513,0.0
19010.720097537975,0.0
5092.4969162993075,0.0
9051.776846590925,0.0
10277.392620717184,0.0
1899.0923937834214,0.0
3541.8211092206875,0.0
9283.563380510157,0.0
10423.643088268018,0.0
13386.628039604948,0.0
10604.432405785386,0.0
9342.45770399077,0.0
4288.411867110275,0.0
11010.604854359022,0.0
17053.921807298226,0.0
12744.094836512,0.0
7717.158296855869,0.0
10559.02675787114,0.0
11434.876873323501,0.0
15971.11919732335,0.0
6794.960361002725,0.0
12750.514237667128,0.0
13004.337450335961,0.0
9197.088596562215,0.0
9584.223663232819,0.0
9100.773837294277,0.0
10350.501455105128,0.0
10853.175491016227,0.0
4581.271695749934,0.0
8898.015543946041,0.0
16232.813792932702,0.0
10117.719160692643,0.0
1852.569067334628,0.0
16223.780669844378,0.0
8936.331740974949,0.0
10731.296008604813,0.0
12257.277559693772,0.0
9072.140970042727,0.0
5292.442386854283,0.0
7132.398766786959,0.0
11080.81961740345,0.0
9538.612947895532,0.0
8389.02403494052,0.0
19573.150333567457,0.0
10937.682380385075,0.0
14422.63343304866,0.0
19623.691401565906,0.0
11075.83182437185,0.0
7953.367537882208,0.0
9662.306509546685,0.0
9912.798921136036,0.0
17319.672991899817,0.0
15481.224252657361,0.0
9937.006133572202,0.0
7315.22625624055,0.0
13901.943252340434,0.0
17811.8568977737,0.0
8551.808578537388,0.0
17545.021735082606,0.0
11872.74275100102,0.0
10472.199369706206,0.0
8957.997962043639,0.0
8044.469071023132,0.0
8632.238213999333,0.0
16410.20939034645,0.0
4201.701912266368,0.0
8690.935417871238,0.0
10746.675855201145,0.0
5045.853469420956,0.0
8344.76487690327,0.0
4414.597260924834,0.0
13978.382747499438,0.0
13429.366453101115,0.0
4478.099373735736,0.0
17473.921377725135,0.0
6323.953794645208,0.0
3167.142824196455,0.0
2587.1402026003625,0.0
13033.73066621383,0.0
476.19922164479794,0.0
10570.950882638183,0.0
12643.712068821302,0.0
15981.203469461241,0.0
9551.957649430751,0.0
15732.650134106018,0.0
9323.541761384238,0.0
16154.751442619352,0.0
7242.991220352158,0.0
12567.981999871326,0.0
10292.677745879053,0.0
12895.948498715608,0.0
22387.2763216944,0.0
12093.248821065692,0.0
11696.312902260635,0.0
13565.066428206803,0.0
13547.868081907513,0.0
2968.7759714361127,0.0
16005.881112717907,0.0
5302.37162431741,0.0
4061.5755051830893,0.0
12719.157838938449,0.0
6501.0657651878055,0.0
13472.499943114917,0.0
17387.393608166465,0.0
12604.308601836376,0.0
8027.814028757407,0.0
13718.84764018984,0.0
22170.997271150125,0.0
13148.988604147598,0.0
20358.538718223517,0.0
19860.990579921756,0.0
7875.87377472208,0.0
16711.09040470983,0.0
6850.184758370037,0.0
15387.890842533587,0.0
15477.675113796045,0.0
12439.424599579956,0.0
6492.313315401037,0.0
11629.69571313176,0.0
10979.493286458266,0.0
15503.471471039084,0.0
13450.19673957445,0.0
14998.936348518508,0.0
11083.979477953415,0.0
6519.118924222805,0.0
13050.037512125713,0.0
19870.152957804574,0.0
9499.606489188478,0.0
9641.650032608894,0.0
5397.840770434248,0.0
22074.128095468375,0.0
9164.57013322627,0.0
18712.512197817174,0.0
14784.911467459666,0.0
12609.656694948499,0.0
14648.470067052958,0.0
21315.52152196248,0.0
20313.644491308376,0.0
15875.361305737422,0.0
12048.48537370153,0.0
20396.992957861592,0.0
17059.276801011187,0.0
14274.792764587695,0.0
15764.617657979,0.0
10410.891574253712,0.0
17831.780930312365,0.0
12416.504805107996,0.0
12928.44014824492,0.0
8797.966875618755,0.0
14731.28277482375,0.0
15141.877485748231,0.0
6987.488486560922,0.0
15257.687020014802,0.0
15499.941199484985,0.0
19600.971769537264,0.0
18647.77039517174,0.0
10624.93303246955,0.0
18414.26012188491,0.0
16298.143346774095,0.0
12733.603699597721,0.0
10518.552035187817,0.0
16584.541516859572,0.0
17732.73716610531,0.0
11652.546666427073,0.0
14773.248276404676,0.0
11923.97233641001,0.0
10161.637815865477,0.0
9647.921389379047,0.0
16446.387046247946,0.0
14863.204925386484,0.0
15104.73566025519,0.0
14113.52098696491,0.0
13787.091895859177,0.0
17154.651827250615,0.0
6555.661686376162,0.0
16854.61353981146,0.0
8746.525868957884,0.0
12086.382339457106,0.0
13525.497717067463,0.0
13532.988105536664,0.0
15526.75912825361,0.0
8556.392327908754,0.0
20755.833833000295,0.0
18225.970882980295,0.0
14999.999288746185,0.0
16334.672212444486,0.0
10772.567139966402,0.0
4773.971942212559,0.0
5826.592276513705,0.0
14488.804083379982,0.0
1702.1707229955991,0.0
19484.2003709809,0.0
14286.606115929855,0.0
7631.414652217594,0.0
10098.992187811084,0.0
5031.0755714704765,0.0
11715.794940679461,0.0
13915.239192244304,0.0
16958.814389514144,0.0
6844.72761977713,0.0
17111.8796375208,0.0
13419.932152902365,0.0
11464.085495853826,0.0
11509.783971372342,0.0
14649.8505658345,0.0
20915.418059891523,0.0
18496.867984769517,0.0
15104.276883381535,0.0
8690.227644090304,0.0
11013.131665184199,0.0
15071.748748233455,0.0
13520.54475616138,0.0
8514.091058828972,0.0
20842.321990438264,0.0
22019.37154758541,0.0
15357.068442010239,0.0
10914.25002626827,0.0
11912.321288879517,0.0
7237.379002397795,0.0
6821.968931162104,0.0
13940.403740247013,0.0
11470.100799435071,0.0
16048.492477942189,0.0
24422.18869125263,0.0
14477.250710037384,0.0
12380.653642622463,0.0
12404.451249218266,0.0
13439.761731323957,0.0
18420.470315546503,0.0
12963.988534600834,0.0
15717.000557089781,0.0
6983.918091706432,0.0
7498.020570341778,0.0
11588.247660600833,0.0
16496.36195236157,0.0
8197.648626641263,0.0
17582.98424849622,0.0
8001.13395678982,0.0
12516.250842746656,0.0
12444.781079264236,0.0
18481.55662842691,0.0
7956.746296738642,0.0
8352.293058132645,0.0
10838.450838438046,0.0
16696.82375288539,0.0
16433.871364950333,0.0
6745.621280110559,0.0
9120.125408060427,0.0
6971.199278258293,0.0
20313.447104308245,0.0
14656.25801421582,0.0
15151.083302539186,0.0
2102.2732247696513,0.0
13462.950349155024,0.0
11936.174668930476,0.0
16774.29402659543,0.0
5753.206521681045,0.0
18798.40554688091,0.0
16089.472166167947,0.0
16012.465219282363,0.0
7827.884987657852,0.0
21529.45839153874,0.0
15035.930553324,0.0
14800.632858832732,0.0
13083.73993293453,0.0
11983.386077349573,0.0
14408.775369003471,0.0
14073.728608763424,0.0
17814.627521801365,0.0
15785.563913330676,0.0
10622.340269301425,0.0
14820.871904467927,0.0
18958.08775786693,0.0
10882.413542266468,0.0
13294.437787847697,0.0
18834.715729141346,0.0
16582.168895297385,0.0
11610.532210981648,0.0
16895.24104461779,0.0
19548.44653417453,0.0
16947.050086038165,0.0
14922.471942448126,0.0
22696.93923445809,0.0
7720.573262271936,0.0
16201.888881354254,0.0
16599.22432398913,0.0
10489.802182070951,0.0
10942.75942867487,0.0
11293.4570796665,0.0
15911.429034582532,0.0
14679.316950654076,0.0
17993.677423143443,0.0
20868.3945829819,0.0
12296.79513248297,0.0
15149.489588964174,0.0
16928.5187808805,0.0
6310.275742231841,0.0
13899.963161434944,0.0
6719.4460002217265,0.0
11707.081824836121,0.0
10346.560745308487,0.0
19214.868150539474,0.0
12240.943077230302,0.0
11869.208853985372,0.0
18703.188056097955,0.0
14176.840367654739,0.0
9427.660738643764,0.0
20079.55949451254,0.0
19563.19499201329,0.0
13570.33594049964,0.0
8321.509294147127,0.0
11851.720030829776,0.0
10758.6342754982,0.0
22382.441073797032,0.0
12099.564988958547,0.0
19545.160837706735,0.0
20773.817988184965,0.0
17013.252544252802,0.0
16760.918819824135,0.0
21739.892662513597,0.0
19186.80667251882,0.0
8850.183996108848,0.0
20160.25617013102,0.0
5192.070086703045,0.0
12140.795862491017,0.0
19246.778747483644,0.0
6714.056656991414,0.0
20608.713871551518,0.0
24625.899340908636,0.0
13975.924205091014,0.0
6787.421043597042,0.0
22784.873869867086,0.0
11592.154659843432,0.0
9030.331631762056,0.0
10074.647868173204,0.0
12889.237903228743,0.0
11525.108316136679,0.0
23675.658925517997,0.0
10912.071292585872,0.0
8083.285662105617,0.0
8330.026172701502,0.0
12513.567153838048,0.0
22064.0367957376,0.0
8526.025469821092,0.0
13222.912007356621,0.0
17781.368874862146,0.0
14011.518346043786,0.0
13652.263059411534,0.0
13593.833624083605,0.0
16908.42737164681,0.0
11300.041398804566,0.0
21210.07264671665,0.0
7809.059173652968,0.0
19008.84859817111,0.0
19790.20695762862,0.0
15589.359784640286,0.0
13450.828225782614,0.0
20474.619068661097,0.0
10006.440674654083,0.0
14693.589539047749,0.0
10556.237345960222,0.0
15474.73608006864,0.0
10442.113655963953,0.0
12631.78512040858,0.0
16943.278052527832,0.0
14495.00709626332,0.0
15221.115311656391,0.0
21383.76914620801,0.0
5794.969905748276,0.0
12261.014325141688,0.0
15409.043137856468,0.0
20681.221004862535,0.0
9898.74243198851,0.0
12737.305262551276,0.0
16930.909861708962,0.0
10331.577104520642,0.0
12622.928613783588,0.0
