4611.469489619635,0.0
-3067.926323217891,0.0
22645.0950653248,0.0
-1476.6012925166165,0.0
1405.7662275251107,0.0
13748.628232615281,0.0
-8324.74495386657,0.0
-5107.0486681267475,0.0
2095.420824283245,0.0
-1329.2774809267041,0.0
-9851.692718564265,0.0
-1681.0731342329063,0.0
-3189.592431375894,0.0
5939.132607618839,0.0
-14429.264673975127,0.0
-5756.568131260365,0.0
11278.47977733324,0.0
17116.514513709753,0.0
-12496.727868207905,0.0
6130.036441261109,0.0
-7952.728742670955,0.0
-6497.206796297927,0.0
-6706.005298595444,0.0
-2286.8495865882273,0.0
10104.694691751494,0.0
7869.723518607183,0.0
2322.1747451999386,0.0
-2306.7660350230803,0.0
745.3608108463193,0.0
460.6065698487581,0.0
8455.70171576762,0.0
-4471.103832922883,0.0
1253.7299070553397,0.0
336.99345553388423,0.0
1494.2798544470666,0.0
4458.813671519462,0.0
3958.511051734932,0.0
13535.398412333325,0.0
1601.9884572781443,0.0
15731.302781531542,0.0
-31.852817789962955,0.0
-2126.155901406699,0.0
2621.4472104327906,0.0
4766.565246379072,0.0
3868.9360873940814,0.0
13156.857335093327,0.0
11576.947624772734,0.0
7146.991180502312,0.0
-451.03667889147755,0.0
1186.7442080930255,0.0
15089.451611008917,0.0
4081.9030380722525,0.0
-8285.316963032341,0.0
-4249.60912704121,0.0
-2843.3326286296533,0.0
12905.529671065662,0.0
1787.0043023530109,0.0
22733.935201718537,0.0
7329.876857150715,0.0
3047.657157886477,0.0
-1168.249770134969,0.0
11350.16640283529,0.0
9.653679942901817,0.0
-4805.479802199972,0.0
7409.0214877716535,0.0
2959.2466795929663,0.0
12753.986747336487,0.0
2298.8495751756336,0.0
-22802.90526942781,0.0
9970.507706061413,0.0
-14026.547238567611,0.0
16859.924874148048,0.0
18982.99070241907,0.0
-965.0534645179982,0.0
-7194.645603935576,0.0
-9047.883196554209,0.0
10929.488174326521,0.0
1151.7456269247023,0.0
-2782.260118624658,0.0
174.81304856961742,0.0
21494.20384909021,0.0
6849.246169588077,0.0
10220.800232041598,0.0
10033.367719044749,0.0
12124.207118323779,0.0
12531.1674676758,0.0
-2700.4041560098276,0.0
1148.2085202313397,0.0
-2992.9846770748954,0.0
-2830.2769723887836,0.0
14176.824962149383,0.0
-1662.6259050926765,0.0
2587.1031220947953,0.0
-3358.360078464532,0.0
-1725.5136867701417,0.0
10485.825452578265,0.0
-801.0634316446881,0.0
-266.4762310420383,0.0
7921.699455124786,0.0
8371.190414290963,0.0
10902.583121463858,0.0
4552.443950134833,0.0
-12677.879764537645,0.0
9108.918844482168,0.0
7351.264926671095,0.0
12874.330332485068,0.0
-4809.90155890684,0.0
26924.443640963073,0.0
-7887.469981556061,0.0
10819.294991111803,0.0
3669.544100941962,0.0
-1397.9151836788183,0.0
10823.653612058717,0.0
951.6505758088665,0.0
-18368.68254837272,0.0
-6510.02169828192,0.0
7047.485956996469,0.0
23784.34516985587,0.0
-9604.14514483905,0.0
3398.7149302888606,0.0
16480.518249086046,0.0
9042.590018573124,0.0
-420.3602355183416,0.0
-9705.761105415551,0.0
-13091.554545646079,0.0
-2472.101503887857,0.0
901.047236542357,0.0
-16631.09138928834,0.0
-12369.216363324367,0.0
6205.224490671995,0.0
533.7661209191874,0.0
-3557.0993075210536,0.0
190.33668572436227,0.0
-4328.625187547455,0.0
12143.290495089215,0.0
17742.454133357285,0.0
21505.09976876133,0.0
9362.938350623057,0.0
9737.10753307375,0.0
16154.617515024096,0.0
19438.387238773474,0.0
16643.86892270046,0.0
14169.770790467697,0.0
-2830.452705693333,0.0
-11485.819209438343,0.0
10918.418577609276,0.0
2001.867026254226,0.0
2668.712160945648,0.0
-4388.672474283205,0.0
-8909.665935814985,0.0
16709.766684205697,0.0
6904.904631106945,0.0
-6274.550176835508,0.0
8026.71714285817,0.0
6530.323917230158,0.0
7908.238005346949,0.0
23000.563724004805,0.0
3295.9385209314432,0.0
-8205.909321821138,0.0
3452.974802975555,0.0
-2359.0588641489203,0.0
7990.665728010338,0.0
6487.374444581578,0.0
7223.58224475634,0.0
-1446.2447992300245,0.0
7339.729366831998,0.0
-1597.8887423856622,0.0
8343.309960381797,0.0
367.45772638999733,0.0
-7318.232458141885,0.0
8645.388241983532,0.0
-3581.4566689772196,0.0
16071.225641423502,0.0
6900.924788958063,0.0
6954.927645502055,0.0
4411.818887334866,0.0
1918.2977014295848,0.0
-18382.983443593585,0.0
13906.50236383645,0.0
-4820.8150547505,0.0
11752.009654018708,0.0
-2780.0232385873255,0.0
1594.630488703164,0.0
1633.999755609435,0.0
-5917.407647362803,0.0
1573.573675491969,0.0
7523.62668967154,0.0
-931.3351979427684,0.0
-8318.45256185741,0.0
-1463.4510906732862,0.0
5391.767051102654,0.0
13553.440798291584,0.0
11666.309628323186,0.0
5389.907650374298,0.0
-5338.376814596517,0.0
12189.022943216361,0.0
2844.950470391455,0.0
999.6252896250585,0.0
11150.133204327323,0.0
8472.255612886484,0.0
7138.013530452588,0.0
-7644.3724752375565,0.0
-1709.5948291159539,0.0
-11876.823448537758,0.0
5298.6465721275745,0.0
4191.162403110001,0.0
11389.450173410341,0.0
5491.214235531685,0.0
-153.02336162399752,0.0
21948.28483319073,0.0
-5609.751977058057,0.0
-8799.258561173236,0.0
-2802.934877321316,0.0
7827.343056298763,0.0
822.1841677176699,0.0
-150.21284145412574,0.0
-7556.042939749556,0.0
16560.153228279865,0.0
-1923.0175073323198,0.0
-7241.128522869876,0.0
2881.8768468697344,0.0
-4229.682123303533,0.0
1361.67381487169,0.0
15250.045555325947,0.0
100.71286082836878,0.0
2186.02037051913,0.0
-14.133913814100197,0.0
1135.3387879178056,0.0
10980.062118483367,0.0
9299.354871153788,0.0
-380.00186945353744,0.0
-4952.004867994547,0.0
2193.118471268158,0.0
11740.95961275318,0.0
2872.669577411765,0.0
2625.667305175315,0.0
-11884.835684241676,0.0
12388.040710226007,0.0
-10171.824559592114,0.0
-8001.526989644729,0.0
502.6357412252228,0.0
3474.4778973749603,0.0
4882.431813166442,0.0
-3161.888400562351,0.0
-511.4081866425827,0.0
-2247.775898319973,0.0
-11740.016891584854,0.0
1031.0834469531637,0.0
-2456.236169479817,0.0
7657.456876517482,0.0
1801.6193124459392,0.0
12834.705061546443,0.0
10421.786918366592,0.0
12992.784272157673,0.0
15391.051475400582,0.0
10318.409530199453,0.0
2533.4171096064406,0.0
16576.406445021923,0.0
-4657.4449054445595,0.0
3899.8868739297295,0.0
12109.41112159236,0.0
1917.2382199794379,0.0
10144.863275908707,0.0
-2209.1971139632033,0.0
-180.99657044381092,0.0
10519.326843203278,0.0
9887.54969139466,0.0
14929.197976008421,0.0
3010.5886217728903,0.0
6997.263001514442,0.0
10345.354872739901,0.0
9638.680127095959,0.0
-7304.43841551686,0.0
-1044.2873033205778,0.0
17547.570893438635,0.0
-6135.598700778849,0.0
10542.56412152194,0.0
1652.4654167274125,0.0
13756.848627441237,0.0
-2894.3013217106472,0.0
5867.063114918024,0.0
-13779.822713426003,0.0
4969.841132742964,0.0
15008.828328138954,0.0
-8193.86430130582,0.0
16690.68401649402,0.0
-1317.9876373356137,0.0
4155.903348360222,0.0
-19629.672497423624,0.0
14943.93700688563,0.0
-2171.51898740225,0.0
1402.3912968909926,0.0
-6902.468733619533,0.0
-3505.076616962733,0.0
15903.59049448793,0.0
1314.9565592260424,0.0
13384.30511374821,0.0
4325.5590174666495,0.0
9067.944529732844,0.0
1251.342700443507,0.0
9643.717956310862,0.0
29922.329486076065,0.0
12162.181738893818,0.0
11516.429235657803,0.0
1636.860367813948,0.0
14585.7666147856,0.0
18184.933323943766,0.0
-9072.25310753656,0.0
-6293.31746017922,0.0
25004.435244097986,0.0
9400.087188049021,0.0
7161.760275480767,0.0
10966.9372665896,0.0
16508.803462608535,0.0
13912.334229228305,0.0
5333.986886083685,0.0
25042.784952487425,0.0
7262.255808216379,0.0
-1375.3880528605278,0.0
1023.6677809598286,0.0
5851.95436587768,0.0
3210.1500590047613,0.0
4826.674733521668,0.0
9442.107882538374,0.0
-21992.73794770497,0.0
836.4246388092424,0.0
16166.274383343982,0.0
12100.059767937424,0.0
447.83744281479903,0.0
1753.3003916614089,0.0
18121.09304526923,0.0
5540.890982569976,0.0
2789.6125506427525,0.0
24261.6410084169,0.0
3757.9555755885726,0.0
13922.574752210923,0.0
7210.359576050414,0.0
8130.6995491380685,0.0
-936.4957617671362,0.0
-278.0262696497439,0.0
18807.998263849986,0.0
-2048.967302325709,0.0
10383.534988714882,0.0
-2827.867000868633,0.0
5702.852966121103,0.0
8355.077794045243,0.0
-6609.727603593872,0.0
18424.447072348492,0.0
6552.4335376982335,0.0
18634.201711980826,0.0
-221.18339907490918,0.0
17098.467856888237,0.0
29532.990761584882,0.0
9580.060766523316,0.0
2600.888297074276,0.0
13009.114397369265,0.0
9697.34218977597,0.0
7001.475738613826,0.0
7377.296349713143,0.0
2860.798845162347,0.0
12796.829841360031,0.0
5306.2369458403045,0.0
1256.879225289067,0.0
16586.001443997855,0.0
7379.929863378858,0.0
31816.21898095037,0.0
6662.232036399154,0.0
1624.2389203242155,0.0
3712.9536235987835,0.0
12760.663535539665,0.0
1867.243226823215,0.0
-2294.8896662571988,0.0
23506.05867175716,0.0
-2220.73104005387,0.0
23219.16121576837,0.0
10643.910474256136,0.0
259.9053581387052,0.0
23651.320895778852,0.0
6984.87638051034,0.0
-165.1106453952434,0.0
9826.20019251922,0.0
20414.223824963956,0.0
15108.014710209442,0.0
16341.848062200705,0.0
25495.59394607289,0.0
11638.770002567559,0.0
13296.157359514582,0.0
8762.895503380416,0.0
-3664.4874195690318,0.0
8574.25980637758,0.0
25716.67152165526,0.0
-5716.716254031333,0.0
21667.63657804348,0.0
11505.78053478621,0.0
1189.2931930612976,0.0
9431.999585786913,0.0
24904.85003240307,0.0
4355.762450841316,0.0
17002.33105380541,0.0
19951.888944592465,0.0
1503.8157801128655,0.0
14585.858716227223,0.0
14941.857715215438,0.0
5777.864423873084,0.0
16792.57137920034,0.0
5688.511924113504,0.0
4528.0344653004095,0.0
-372.3008173216531,0.0
13418.937912318244,0.0
6723.673659024197,0.0
5171.14834950266,0.0
-341.53950098606583,0.0
-1893.192254227648,0.0
1967.3008948889883,0.0
16365.990445978608,0.0
2948.044363259851,0.0
23644.12070312087,0.0
14043.35734268682,0.0
11518.854265592918,0.0
-258.17520920534844,0.0
27603.497848659834,0.0
-3482.504317894971,0.0
14824.226528731757,0.0
25203.09229754664,0.0
8433.800299634973,0.0
3709.72934534415,0.0
10201.921500868593,0.0
19308.444222900616,0.0
21404.832575174445,0.0
15789.730927173903,0.0
88.56221886438107,0.0
3693.5811992609442,0.0
11010.113356478674,0.0
-1537.931922939435,0.0
8076.415264542717,0.0
29540.375334523476,0.0
1512.1153814335248,0.0
20146.78487862625,0.0
561.4975168770598,0.0
6953.401221083468,0.0
10598.245687523457,0.0
-2690.6103061464637,0.0
9753.406829145624,0.0
22126.940596092376,0.0
16748.027932562694,0.0
16129.072082654115,0.0
2082.562641316079,0.0
7662.479184876647,0.0
11297.755627137725,0.0
15284.267196129409,0.0
21644.070083797007,0.0
1409.1534801408925,0.0
24899.06822321972,0.0
6704.171933217873,0.0
7288.510504820544,0.0
-1692.8169645663456,0.0
9804.558206323669,0.0
7223.792312023461,0.0
-1171.4307353774348,0.0
7665.594847306452,0.0
11679.2219406706,0.0
7218.679795116708,0.0
16132.97139326467,0.0
1211.7114467904757,0.0
17706.63746238503,0.0
8203.302997320417,0.0
14019.55432222755,0.0
-6950.16086037819,0.0
11441.103593041546,0.0
9335.577467632878,0.0
18111.143880530224,0.0
-0.26248034486343386,0.0
22082.04214810125,0.0
64.13851477142452,0.0
22094.196753467124,0.0
15549.130193557574,0.0
2647.269446004053,0.0
29971.00896383937,0.0
-1195.274257172321,0.0
7886.363886522796,0.0
10580.136012827603,0.0
14479.605193877196,0.0
12041.888320283384,0.0
16686.286889256433,0.0
14578.620440442031,0.0
10428.559581039397,0.0
1507.84100815887,0.0
7600.305111984022,0.0
17195.160482790077,0.0
-550.7231292322849,0.0
11214.46265618856,0.0
-9126.535417217066,0.0
3404.1797139170794,0.0
-4848.843857464224,0.0
20760.873142276374,0.0
-6592.55083917901,0.0
7539.182763604068,0.0
15914.081179552366,0.0
15616.456124999004,0.0
16434.402606134445,0.0
19008.776454685343,0.0
14250.783729991072,0.0
18093.472943880115,0.0
8396.427460164025,0.0
9612.783758690248,0.0
-5901.708953463878,0.0
11275.508133473437,0.0
22402.833496453524,0.0
3627.818235692237,0.0
-1047.9525511338034,0.0
10254.637175019268,0.0
20397.923370468467,0.0
21093.74532879435,0.0
-3406.3606670153385,0.0
13496.837414046884,0.0
4105.309781106057,0.0
12207.445554918388,0.0
-9657.074127172666,0.0
17629.224666555492,0.0
6213.866558626276,0.0
11103.147684878868,0.0
7667.154313744193,0.0
468.61721992168896,0.0
14390.818751148734,0.0
5202.725394153363,0.0
4354.420064100204,0.0
15769.938225356238,0.0
9697.50740156542,0.0
3033.560104171258,0.0
18150.01441280551,0.0
3824.6399569222567,0.0
10261.519850549716,0.0
15971.065421500956,0.0
19072.097481978686,0.0
20180.02141643659,0.0
24740.211755125296,0.0
8882.956810507363,0.0
2598.4123831683737,0.0
24752.38855364055,0.0
21508.742183848153,0.0
7107.093948109765,0.0
16096.43918902595,0.0
5670.536996291728,0.0
-3585.242705267381,0.0
18750.00320084284,0.0
13026.415595126882,0.0
11415.413798988906,0.0
25004.65607195362,0.0
23331.095767022227,0.0
4381.456511117207,0.0
866.7373254008162,0.0
-7244.014521982817,0.0
9637.810605009825,0.0
6874.2840749554425,0.0
13366.97072713821,0.0
10187.132767721932,0.0
4576.919635037081,0.0
6861.936261708235,0.0
-3724.519105491745,0.0
21676.126423935326,0.0
5913.7143068138275,0.0
16280.71234883343,0.0
4942.341674446455,0.0
11686.452994840494,0.0
16043.406870692199,0.0
7788.348046177759,0.0
2557.976008207841,0.0
31332.356267525807,0.0
8313.242020664688,0.0
15899.829747888625,0.0
9788.490610674082,0.0
3413.5539397091025,0.0
22023.459752202005,0.0
14258.241691166551,0.0
13515.344263302102,0.0
-10322.380951127521,0.0
12698.69086548288,0.0
18936.568244090206,0.0
13089.25389540909,0.0
9200.085639865909,0.0
21536.146759948177,0.0
12913.319410282762,0.0
16024.00867754711,0.0
20229.203773004843,0.0
19801.789713987942,0.0
-1234.7941070460565,0.0
14543.961228853808,0.0
4298.244867926738,0.0
-7532.161849004862,0.0
14247.745379965276,0.0
-5170.051757155754,0.0
6968.590630445702,0.0
-11317.138213540158,0.0
1796.195549394528,0.0
7399.706625088711,0.0
10718.837097238596,0.0
7457.788808302427,0.0
3473.9243533629524,0.0
4381.568962922579,0.0
25802.30907896062,0.0
6677.598164054572,0.0
11222.283191459555,0.0
29004.738278390934,0.0
-3303.8093117073495,0.0
-6171.1880489747255,0.0
2989.8282965702365,0.0
8757.597717379409,0.0
1443.0302689147738,0.0
12489.67704839989,0.0
10476.032128702993,0.0
-2692.2041348447365,0.0
13050.89246079085,0.0
-198.515036975803,0.0
18069.623459726557,0.0
14163.73395159451,0.0
32144.83330402065,0.0
19623.502875215556,0.0
9600.927234654753,0.0
16178.849371661512,0.0
13836.779514058859,0.0
6200.990381214707,0.0
-427.887715399449,0.0
22324.42317192982,0.0
26464.72155342961,0.0
9022.072011594493,0.0
9779.727708629223,0.0
7962.571266786409,0.0
22677.971432135393,0.0
23439.925365000774,0.0
5204.58543063885,0.0
9330.12332195948,0.0
8655.859818969802,0.0
15411.053923205352,0.0
20025.44041329141,0.0
23686.221937543636,0.0
10606.620200151201,0.0
4391.938258071363,0.0
18836.28987565587,0.0
19068.247377558066,0.0
10812.48073500979,0.0
15835.252727174528,0.0
16996.353051381473,0.0
21946.67568082572,0.0
14082.557593633874,0.0
18415.32273824755,0.0
15314.831146561182,0.0
5837.524590870324,0.0
20268.802714037673,0.0
14917.413307130788,0.0
23541.122151556454,0.0
2430.501315461699,0.0
7347.291386434234,0.0
18101.77251972268,0.0
-847.7155358184646,0.0
13112.622852392202,0.0
10233.8358813799,0.0
10573.514186560415,0.0
12379.317332223161,0.0
41936.68672165563,1.0
62372.577899810596,1.0
15167.014863364504,0.0
23440.903470071644,0.0
27439.167178364973,0.0
18142.47275190506,0.0
22360.546384312656,0.0
-6254.4275990811475,0.0
20331.137183412728,0.0
24811.594935677622,0.0
22875.30537435695,0.0
17748.25249206899,0.0
11507.107964943028,0.0
11294.50163495383,0.0
14719.813841867552,0.0
18497.08529934156,0.0
19950.332002716517,0.0
14526.441814590802,0.0
3463.3571289074007,0.0
31542.68802541257,0.0
7597.547499245462,0.0
-9389.06280431783,0.0
28912.182521674647,0.0
25178.176416766655,0.0
16266.139733594042,0.0
24008.046404920853,0.0
19345.270157248746,0.0
8149.968816433759,0.0
16064.421936006227,0.0
4321.864148417939,0.0
10197.228951098507,0.0
8380.040174955699,0.0
17243.094402517472,0.0
25490.2576817458,0.0
9661.135840595081,0.0
19742.029035503165,0.0
-2768.065908668341,0.0
6261.505670038428,0.0
20387.94132192451,0.0
25355.544218939835,0.0
24162.75287317529,0.0
26167.08873837196,0.0
1554.374794494208,0.0
11542.940235518508,0.0
-7300.687296536629,0.0
15124.852975846461,0.0
17424.351477822347,0.0
12599.880189010142,0.0
7703.242001068829,0.0
20128.42327764591,0.0
21043.624420268592,0.0
17292.041327045,0.0
10679.019986139105,0.0
16890.700331795822,0.0
16735.074608832212,0.0
17642.18787333731,0.0
21932.0221801492,0.0
16531.235234015952,0.0
3842.985945539436,0.0
13776.078711088947,0.0
19711.72560111424,0.0
13204.29539021262,0.0
18080.629272968137,0.0
10221.946609009025,0.0
28787.08911644413,0.0
19795.041448123928,0.0
17522.405748705532,0.0
23594.031110860342,0.0
23031.309256453787,0.0
17563.393477504284,0.0
24959.263624032817,0.0
21456.845237503272,0.0
18793.999817518263,0.0
16530.07321616873,0.0
6393.1866313227565,0.0
18070.253764239213,0.0
18680.191632840506,0.0
8570.937873722865,0.0
29334.13210749328,0.0
16070.128109687463,0.0
6908.846846208477,0.0
12765.156109633364,0.0
16538.109366659104,0.0
15449.865394669216,0.0
9498.24817084874,0.0
16898.161295912625,0.0
3814.401426874365,0.0
13341.272031536844,0.0
20088.894253707113,0.0
10761.813337819596,0.0
22701.556052282445,0.0
24452.86733599591,0.0
11267.682918559538,0.0
-4360.081975025121,0.0
24634.250653284966,0.0
28647.70920800485,0.0
2603.5563363087585,0.0
18695.109912235566,0.0
19792.233213060586,0.0
2625.0631729868546,0.0
11705.839980318688,0.0
27855.705262996224,0.0
18636.922556075115,0.0
17449.19571284276,0.0
28150.696072729042,0.0
11959.291121193626,0.0
1095.6877155114253,0.0
29833.538876288447,0.0
9502.302239527744,0.0
16071.911394540748,0.0
26762.34153548609,0.0
19509.156908213372,0.0
18398.532388732103,0.0
10094.820341751372,0.0
22704.989398519112,0.0
36580.67584392922,0.0
11701.53148762953,0.0
7088.135974567582,0.0
19018.87586097666,0.0
10015.022279527991,0.0
18578.188295229666,0.0
18119.967398888988,0.0
21740.334880283768,0.0
19097.955544513996,0.0
18934.5518043012,0.0
28912.578095415833,0.0
8783.99175889567,0.0
17211.961620601138,0.0
19939.80049147377,0.0
6450.652380772342,0.0
9489.536913903756,0.0
13400.46539368331,0.0
12619.620385332495,0.0
27674.273739781253,0.0
18564.009552978645,0.0
43444.399840832884,0.0
13467.445026950933,0.0
14191.11863550265,0.0
37636.203209596104,0.0
11341.527479353932,0.0
36065.0094698642,0.0
-11470.062730674937,0.0
10240.980998904144,0.0
28692.046718530877,0.0
31921.833786636613,0.0
20575.1381036437,0.0
10817.040615568738,0.0
15099.09743138956,0.0
24177.55619819028,0.0
20022.718334472982,0.0
26073.213955166288,0.0
10203.178569626754,0.0
25045.456206506788,0.0
28561.89373100082,0.0
44115.989239354734,0.0
24040.650864401403,0.0
24051.73671261224,0.0
9764.500502732371,0.0
4681.28862286557,0.0
-4310.460855793097,0.0
21145.180535215317,0.0
34534.79607618264,0.0
15180.638574166263,0.0
-5086.014546018956,0.0
18545.577523690277,0.0
14898.135143358782,0.0
13276.63846247426,0.0
33456.396290378616,0.0
27356.571149101153,0.0
30237.246806609517,0.0
10153.506581403952,0.0
20425.72001100101,0.0
6825.753769525232,0.0
27310.617840134262,0.0
6864.90900039326,0.0
29228.09000431151,0.0
19363.682836533328,0.0
18813.915675983353,0.0
4676.312096769543,0.0
22822.79071739958,0.0
903.0997676999013,0.0
6438.612387102588,0.0
8047.338177871046,0.0
35862.536441801036,0.0
18501.047608778852,0.0
11467.57828833146,0.0
22542.530307695095,0.0
39435.21042638323,0.0
15757.538557069445,0.0
7134.659154505425,0.0
6676.015651982585,0.0
16927.636018836365,0.0
31442.5161598075,0.0
16071.050972751455,0.0
14375.082209789593,0.0
7714.300531742869,0.0
6990.279713010637,0.0
26239.204054111982,0.0
19847.06337756712,0.0
20548.184194270198,0.0
5433.0289284503415,0.0
21536.44033835514,0.0
20136.634113121032,0.0
30635.709910874182,0.0
28216.00212956809,0.0
14980.440061471341,0.0
21086.681229872745,0.0
20523.9580309612,0.0
15570.020127461059,0.0
9608.894404671792,0.0
25707.514355303792,0.0
37658.021018921914,0.0
15469.694371582815,0.0
33231.49588037007,0.0
14305.070530196075,0.0
13565.815942866768,0.0
17729.06679353233,0.0
14572.741891748969,0.0
26304.88532560644,0.0
27533.340272546484,0.0
-6584.657354226205,0.0
24762.64102279021,0.0
21451.06708256737,0.0
33304.39795509645,0.0
9512.854438921926,0.0
18891.111208298375,0.0
28825.849224379628,0.0
25626.167237680766,0.0
31390.523497211674,0.0
10318.17977714606,0.0
11012.72584004015,0.0
22420.219317396994,0.0
5058.4848804343455,0.0
21527.328136305157,0.0
26141.63420379899,0.0
68061.79940381,1.0
52768.944817124255,1.0
13509.067250831493,0.0
15320.133075334112,0.0
21924.335999733245,0.0
20258.81857877302,0.0
13698.228163462962,0.0
2596.9369377510047,0.0
1414.5478617654735,0.0
9005.930485597162,0.0
8702.986474813677,0.0
13241.241826186015,0.0
8188.946217048282,0.0
16338.218308625697,0.0
11791.167227736274,0.0
19380.215497771416,0.0
19359.913176129623,0.0
23646.127116781576,0.0
9938.67965073197,0.0
10304.420795001166,0.0
8309.612309545708,0.0
19029.1735984151,0.0
25187.48108961185,0.0
29493.188017464523,0.0
20376.557373133015,0.0
17111.86817867679,0.0
25239.26705420532,0.0
17402.866709117978,0.0
10148.123250588294,0.0
26234.461975076978,0.0
14162.097604554518,0.0
5399.50913339828,0.0
16668.634094560595,0.0
10771.917652936423,0.0
19029.671804818332,0.0
12995.486371652125,0.0
17020.056692233462,0.0
13768.444331190949,0.0
17042.98668538477,0.0
24500.947039222057,0.0
20984.27094343645,0.0
19075.972629449418,0.0
28549.308437017924,0.0
7057.977810641301,0.0
21214.644186532925,0.0
29578.934324293943,0.0
24124.84377074287,0.0
29682.426723657518,0.0
11615.7131403221,0.0
29688.20561941494,0.0
12979.554731523855,0.0
29340.00889692679,0.0
21634.040581859746,0.0
27360.99538260608,0.0
12214.02532537455,0.0
18264.836421073385,0.0
2353.5104429992025,0.0
23166.409428797026,0.0
26041.87789505041,0.0
24117.544804317975,0.0
30201.826021512643,0.0
26428.65278424444,0.0
21483.655641994374,0.0
25482.585486507185,0.0
15271.343448985528,0.0
27551.31312336502,0.0
24096.88748528965,0.0
23192.957105127534,0.0
20969.676185725188,0.0
15959.035007387898,0.0
12246.058686693246,0.0
18973.802864791825,0.0
28045.736316771676,0.0
5250.450531504568,0.0
22458.122289924082,0.0
54229.780368137814,0.0
22833.42515292881,0.0
20299.207375591242,0.0
25698.85681203245,0.0
19997.77129298387,0.0
22089.10596652396,0.0
24208.356411949906,0.0
12975.25244515196,0.0
32546.497207152992,0.0
24272.249417823703,0.0
32158.909731466963,0.0
23723.846615537524,0.0
31407.378454791724,0.0
22676.88168952869,0.0
50395.14658785402,0.0
33331.155884216314,0.0
34425.53938957635,0.0
23581.067948624474,0.0
9947.023040899712,0.0
19866.34931471807,0.0
27674.077652629745,0.0
22800.115869718928,0.0
18584.262562184722,0.0
16804.308967944206,0.0
11982.514771487095,0.0
19057.245105521437,0.0
28873.586301218063,0.0
29647.401648387957,0.0
28470.89081450891,0.0
22057.025791091615,0.0
25285.439183737115,0.0
22757.40586972089,0.0
26876.008459630077,0.0
26678.537522457504,0.0
28600.040326894155,0.0
21357.03682235423,0.0
21759.620548533887,0.0
35542.4358115724,0.0
34717.257581854064,0.0
4432.369209728746,0.0
26030.146830453155,0.0
25154.424177260757,0.0
30193.699858655542,0.0
4336.095937164038,0.0
6638.756812968708,0.0
19178.945061858438,0.0
22826.8598933857,0.0
12344.46764070052,0.0
31863.702921368083,0.0
32047.48810527099,0.0
28037.94403591143,0.0
30174.93430053164,0.0
11873.300229689083,0.0
20661.616886761305,0.0
1114.3185718152854,0.0
30674.5806295563,0.0
32587.433919937263,0.0
26811.250790702,0.0
14003.430201116118,0.0
22640.54681248007,0.0
31307.393910671068,0.0
11270.048374692584,0.0
24412.536318252773,0.0
29174.56779410778,0.0
17313.849059990465,0.0
17947.952697043816,0.0
33444.34382430664,0.0
28498.45267399148,0.0
36113.20764141847,0.0
25971.24635522805,0.0
13634.858981954452,0.0
22601.872097607746,0.0
17139.802775553126,0.0
20901.499891469175,0.0
27185.120016872293,0.0
37045.80707724374,0.0
24748.498200842878,0.0
39891.77291803823,0.0
11881.848986905687,0.0
20791.635126102075,0.0
23080.304807029905,0.0
5315.955910525725,0.0
9159.569894903574,0.0
20689.3464548612,0.0
23771.61741298376,0.0
28385.033357488985,0.0
23936.69019997832,0.0
21064.160995304956,0.0
11270.2748598959,0.0
24377.632412121337,0.0
37312.07219754635,0.0
27963.071658315974,0.0
17912.093734671274,0.0
24389.98281377383,0.0
26548.078907683448,0.0
34903.520187857306,0.0
17598.550111647517,0.0
28398.50348428871,0.0
28943.92019216161,0.0
21321.550097403608,0.0
22586.271957154597,0.0
20795.431981734357,0.0
24120.758866793218,0.0
25487.78527026467,0.0
12680.897920860787,0.0
21727.578683231215,0.0
36496.87617051924,0.0
23640.235905366215,0.0
7107.898023562428,0.0
36235.01025520728,0.0
21472.41283796652,0.0
25061.543527163874,0.0
28191.607400520636,0.0
20970.095578470646,0.0
14304.715093831497,0.0
17489.40965504015,0.0
25822.26474834401,0.0
22995.228212541962,0.0
20620.429613021908,0.0
42645.1857308307,0.0
25555.444928947043,0.0
32244.889828125597,0.0
42596.45607928005,0.0
25228.9151726642,0.0
19613.686814081033,0.0
22065.320768329562,0.0
23822.71503219012,0.0
38666.933979407186,0.0
33714.30102247355,0.0
22478.615023028204,0.0
18103.186855458163,0.0
30629.469755391234,0.0
39149.75495156061,0.0
19319.79089182146,0.0
37932.71488263323,0.0
26545.848675398247,0.0
23737.36290153482,0.0
20976.68486726854,0.0
18237.051719261348,0.0
19672.67646081942,0.0
35026.844329965104,0.0
10922.126969968287,0.0
19705.587320303384,0.0
23483.960809109485,0.0
12721.960945995292,0.0
18941.330984190034,0.0
10818.725648169439,0.0
29470.71506648544,0.0
28866.916843445455,0.0
10831.406860025088,0.0
36251.31035797847,0.0
14203.36165192594,0.0
7051.829772977468,0.0
6848.034658249409,0.0
27214.390547304298,0.0
2034.5436327161879,0.0
22099.051351783444,0.0
25662.452750117332,0.0
32261.93861356753,0.0
19808.181645172655,0.0
32553.44071108695,0.0
19120.096510556716,0.0
31901.649017121723,0.0
14410.573754871935,0.0
25336.95466065922,0.0
20295.74758790585,0.0
25089.56290109051,0.0
43643.42010534702,0.0
23355.415099855953,0.0
23047.48790129686,0.0
25396.36120062315,0.0
26112.429753374683,0.0
4210.092795425469,0.0
30345.38800219901,0.0
10041.769692273463,0.0
5982.463817250347,0.0
23963.91039791763,0.0
11645.780350575547,0.0
25188.142074406314,0.0
32947.156906854856,0.0
23251.490873848474,0.0
14019.277850027791,0.0
24702.858536323594,0.0
41776.068826138566,0.0
23820.93952703459,0.0
38577.88049882737,0.0
36762.35120778359,0.0
12802.935469376012,0.0
30908.37637788026,0.0
11032.406746636343,0.0
28009.034978329622,0.0
28072.537817664386,0.0
21672.510281218132,0.0
9446.361875561424,0.0
19960.614311257945,0.0
19335.982976864063,0.0
27554.113982206698,0.0
23066.564151057046,0.0
27072.38227046699,0.0
19375.68214419602,0.0
9085.929924164555,0.0
22625.12371733642,0.0
35927.44196213011,0.0
15336.992314101379,0.0
14798.041460783175,0.0
6442.688522988927,0.0
40139.39640438706,0.0
14090.067064722154,0.0
33203.67817336871,0.0
25215.439772409998,0.0
21637.53292942935,0.0
24721.620323186442,0.0
39296.5737127474,0.0
37562.344317276875,0.0
27859.681212874348,0.0
19841.90222832642,0.0
36712.61337666727,0.0
29935.18850922216,0.0
24536.841648767477,0.0
27821.916548363908,0.0
16782.375857292183,0.0
31058.20632436435,0.0
21020.520820979265,0.0
21770.479662804937,0.0
13500.062299977237,0.0
25168.54895324614,0.0
26946.639624159496,0.0
10314.701363691654,0.0
26716.911862606124,0.0
27531.199410457877,0.0
35585.10776100296,0.0
33895.0139756989,0.0
18107.740601923728,0.0
34083.469296170806,0.0
28927.816201180038,0.0
22112.049950789446,0.0
17471.384587862754,0.0
30946.844558411176,0.0
31996.78943989955,0.0
20139.41975871673,0.0
26806.78883934147,0.0
20770.780780311325,0.0
17416.18873353917,0.0
16332.315339436049,0.0
30125.872480430105,0.0
27180.16768086338,0.0
27768.983730367414,0.0
26169.601945454517,0.0
25192.031605453838,0.0
32451.99585826636,0.0
10522.815729806776,0.0
31801.755294578383,0.0
15083.09346486272,0.0
22611.77245047437,0.0
25554.35798838184,0.0
25265.446333155684,0.0
29268.2319852977,0.0
16268.083456472983,0.0
40118.48690446533,0.0
35045.53238891964,0.0
29284.9206871778,0.0
31629.515595979377,0.0
21102.468539443744,0.0
9115.054568458141,0.0
11207.152016692515,0.0
28938.350825962592,0.0
2497.821946826025,0.0
38952.43200441546,0.0
28773.452945706682,0.0
15993.879065388313,0.0
20395.059910313965,0.0
10658.53355791411,0.0
24064.460026858545,0.0
28575.674761273865,0.0
35328.5380325611,0.0
14268.302914347003,0.0
35114.53626527512,0.0
27725.89650811381,0.0
24403.21346176955,0.0
25002.172274579283,0.0
29912.489355484846,0.0
42820.45580541875,0.0
38801.50398595475,0.0
32473.876699827317,0.0
19185.427860832468,0.0
23895.470086353933,0.0
32951.17209578086,0.0
29218.746563968623,0.0
19103.763611195827,0.0
43333.19314505911,0.0
46891.10599975161,0.0
32194.252812193743,0.0
23800.713231798323,0.0
26409.502115610652,0.0
17213.52829143512,0.0
16146.417515276047,0.0
30179.194019334383,0.0
25217.42417882926,0.0
34980.54870790773,0.0
52254.03101746171,0.0
31581.27975467979,0.0
27446.32755136088,0.0
28195.93297985306,0.0
30510.681815354514,0.0
40201.43425656935,0.0
29089.236354367626,0.0
34893.06969858494,0.0
17701.540557652057,0.0
18691.92603099076,0.0
26284.115552238392,0.0
36229.95963724682,0.0
19714.1575113074,0.0
38990.87008900742,0.0
19554.79608692058,0.0
29026.642988627864,0.0
28094.817625901916,0.0
41298.47374037896,0.0
19540.323844425726,0.0
20335.647872850237,0.0
25488.24846788376,0.0
36030.54426250135,0.0
35593.01992676404,0.0
17190.291385691216,0.0
21568.621460262613,0.0
17278.2806820534,0.0
44026.072579983025,0.0
32616.204359791802,0.0
34043.90625822669,0.0
8380.6340648033,0.0
30501.50895607593,0.0
26955.87754344496,0.0
37136.36422245433,0.0
14588.064678821891,0.0
41201.22079988285,0.0
35314.34228519656,0.0
35008.9242629365,0.0
18669.822953287243,0.0
46592.51573600186,0.0
32613.886314672854,0.0
32573.09185741444,0.0
29541.50445433907,0.0
27032.105969533823,0.0
31533.985229688926,0.0
31163.486068262668,0.0
39007.42716793879,0.0
34540.87182658438,0.0
23729.461851519933,0.0
32023.06153734609,0.0
39708.92891093639,0.0
24255.938694827164,0.0
29110.671022450606,0.0
40088.92523792034,0.0
34820.46647096818,0.0
25479.004149199398,0.0
35726.85023032729,0.0
40100.182208283455,0.0
36118.30435935643,0.0
31787.406941382244,0.0
47178.918628500134,0.0
17450.92956828903,0.0
33696.38647160649,0.0
35309.177732713106,0.0
22278.607431645552,0.0
23293.27744945007,0.0
23849.30682820351,0.0
32314.722119631893,0.0
29923.002568912503,0.0
36076.00279440542,0.0
42059.24997562809,0.0
25094.482985471805,0.0
31054.375599413775,0.0
34207.36629714836,0.0
12760.38256837929,0.0
28159.19901677082,0.0
14120.992406442363,0.0
23189.213569913998,0.0
20989.044345984923,0.0
38910.00527675593,0.0
24303.44678027396,0.0
23660.715374072144,0.0
36782.27685596967,0.0
28156.56195316221,0.0
17933.61422387594,0.0
39600.83663341748,0.0
38532.27029471274,0.0
26592.64269049416,0.0
15420.491137982981,0.0
23107.12353882486,0.0
20933.552110895507,0.0
43893.970856292566,0.0
23177.252167034618,0.0
37378.823788737274,0.0
40611.41665617821,0.0
32666.28925758082,0.0
32449.497613583066,0.0
41789.63346635743,0.0
37001.18266192404,0.0
16157.127409015462,0.0
38996.24636586001,0.0
9356.020679840742,0.0
23170.713271666475,0.0
36963.48102719732,0.0
12380.464155262089,0.0
39388.25166705703,0.0
48439.40825322378,0.0
26976.251043304517,0.0
12499.064628303215,0.0
44149.787936436245,0.0
21250.32606688428,0.0
17145.702705488475,0.0
18783.77854183656,0.0
24250.147423830138,0.0
22166.15990059289,0.0
46065.55053640376,0.0
20396.885618614273,0.0
14232.486759555475,0.0
14887.289021600825,0.0
24091.278316680604,0.0
43235.45259052949,0.0
15892.180589226053,0.0
25893.496768105193,0.0
34705.96800139279,0.0
26376.092740055483,0.0
26162.00795795715,0.0
25616.62114988976,0.0
32294.451329959276,0.0
21673.462891475458,0.0
41510.05157522351,0.0
13681.799784987154,0.0
37122.85534308811,0.0
38512.35662629209,0.0
29748.88878457564,0.0
25999.477408215294,0.0
40057.253435200626,0.0
19617.974910386227,0.0
27807.10166419769,0.0
20642.889788718952,0.0
30743.53345298503,0.0
20444.487093906206,0.0
23983.66998148334,0.0
34102.726123171204,0.0
28622.99173291654,0.0
30547.758736101594,0.0
42914.189985331104,0.0
11228.797178888497,0.0
24109.424166647193,0.0
30027.94873372695,0.0
41504.27984609292,0.0
19569.997971226854,0.0
26606.46071938841,0.0
33949.16387681964,0.0
20156.670231512715,0.0
25278.310940316172,0.0
