3335.531671108456,0.0
-2540.0642526238607,0.0
19483.630627950548,0.0
-1211.80922347804,0.0
1237.1810816760953,0.0
12749.870344086137,0.0
-6867.678641957657,0.0
-4138.173116663419,0.0
2162.5479608224277,0.0
-2359.6825939163655,0.0
-8548.439279618786,0.0
-959.1428030293794,0.0
-2587.1277956469253,0.0
4595.812660196307,0.0
-12354.31798316998,0.0
-4974.606317792757,0.0
10105.527645981103,0.0
16282.982939563348,0.0
-11051.834482723818,0.0
6390.024664885579,0.0
-6615.188615090506,0.0
-5623.62273692836,0.0
-5998.497470934482,0.0
-3176.9420910656127,0.0
9477.981054545458,0.0
6933.326129156674,0.0
1635.204054983416,0.0
-2302.1559088863864,0.0
1133.3382852675682,0.0
667.5556353116705,0.0
8399.886463408195,0.0
-3731.019844578955,0.0
1591.317587916407,0.0
677.5468768389871,0.0
557.5062459533044,0.0
3449.9481142166874,0.0
3081.1314048802537,0.0
12488.636621162386,0.0
1482.1918024027218,0.0
14753.662387271334,0.0
-747.8747700955626,0.0
-2140.8844255334043,0.0
2990.813872280716,0.0
5036.184345703526,0.0
3853.1670052352856,0.0
12176.871507823633,0.0
11426.753140507986,0.0
6400.9944504577925,0.0
-674.133677696605,0.0
1691.9550018673187,0.0
13806.854124343803,0.0
3744.1346345591437,0.0
-8250.013278202412,0.0
-3795.6420773059476,0.0
-1774.7323846480608,0.0
12521.60461880989,0.0
1347.9887254879422,0.0
20300.417253732012,0.0
8001.723727106144,0.0
3420.949761251074,0.0
-28.516912472678086,0.0
10395.67504272345,0.0
891.3319506886294,0.0
-4092.02751642921,0.0
6906.703603638189,0.0
2820.7502477753624,0.0
11551.70673040527,0.0
2710.961002666328,0.0
-20419.467307714018,0.0
10060.995657087711,0.0
-12267.167472448167,0.0
14976.224366275705,0.0
17848.696784300668,0.0
-1019.9692999314275,0.0
-7116.720056041908,0.0
-8329.499547333693,0.0
9797.07907281398,0.0
1285.350374203417,0.0
-1878.2230534120263,0.0
741.7211008475686,0.0
19688.863949039685,0.0
5760.346736745487,0.0
9566.896390817012,0.0
8700.028131316101,0.0
11567.921134422299,0.0
11822.790373249558,0.0
-2228.7954637009757,0.0
1229.1591766696138,0.0
-2898.4648219047026,0.0
-2525.1518291862944,0.0
12178.559006773914,0.0
-403.2627560957285,0.0
3018.0045923434564,0.0
-2142.4248198858463,0.0
-950.9636439194041,0.0
9836.481856055187,0.0
-934.4114810410042,0.0
-925.9969207054792,0.0
6724.991787084526,0.0
7106.422264879748,0.0
9421.478801635554,0.0
4664.760238208365,0.0
-11342.68248450917,0.0
8456.135886649738,0.0
7049.806041268117,0.0
12292.607950751906,0.0
-3271.89305626585,0.0
24133.49412017397,0.0
-6533.340412005918,0.0
9913.428390172405,0.0
3416.205517601663,0.0
-832.3301558798075,0.0
10541.196007088693,0.0
761.9284419233923,0.0
-15715.399451926985,0.0
-6313.205259394258,0.0
6901.662766449948,0.0
21363.211386481064,0.0
-8485.375516013482,0.0
3111.77740331287,0.0
14880.200851356407,0.0
8811.325281350426,0.0
183.19595232830943,0.0
-8292.509784862106,0.0
-11175.599137935695,0.0
-2453.011689858782,0.0
292.11028467726874,0.0
-14954.162914667577,0.0
-10722.35167485019,0.0
5628.82031309956,0.0
4.949475511995388,0.0
-3078.416184918341,0.0
206.4434258131928,0.0
-3948.068586097242,0.0
10932.997353239325,0.0
15931.773524189863,0.0
19964.6151833037,0.0
8798.323076243558,0.0
9043.184274715408,0.0
15095.969080649422,0.0
16541.447825364026,0.0
15619.205680675808,0.0
12364.077117085075,0.0
-2121.469057121302,0.0
-10232.806227674766,0.0
10008.418448945473,0.0
3318.0536031356096,0.0
2748.6703644657887,0.0
-4572.188144556658,0.0
-8067.968856515786,0.0
14734.89887165481,0.0
6927.055284062157,0.0
-5621.214792125591,0.0
5921.460257213768,0.0
4990.132263659725,0.0
6909.886243121824,0.0
21660.14562267789,0.0
2569.0539981990482,0.0
-7860.681677396454,0.0
4178.963964245703,0.0
-1977.7476422756286,0.0
7429.043524428036,0.0
5224.473064571341,0.0
6246.8901098591905,0.0
-1806.8474989098422,0.0
7331.286009077887,0.0
-1208.7831611668958,0.0
6627.2774540649225,0.0
519.7666659986894,0.0
-5971.38303041689,0.0
8023.606611595882,0.0
-2684.0797894575617,0.0
14899.386391812468,0.0
6546.810169899196,0.0
6632.506251667399,0.0
3779.4090196064444,0.0
2815.2829472762105,0.0
-15530.951784716044,0.0
13300.70404597232,0.0
-3148.152284553313,0.0
10180.724170293955,0.0
-1830.6774337926513,0.0
1861.5128492721624,0.0
488.53320025716084,0.0
-5285.658313025325,0.0
1455.9891091673194,0.0
7392.956766319405,0.0
-774.9207231085693,0.0
-7532.432339364829,0.0
-2139.4083438877715,0.0
4850.307567789556,0.0
12372.05405386559,0.0
9367.21832388296,0.0
5572.61160669697,0.0
-5696.201299089259,0.0
9805.0073033774,0.0
3690.887880823777,0.0
512.6444901374875,0.0
10444.493362211191,0.0
7739.803128005822,0.0
7114.175753365082,0.0
-5741.983085781199,0.0
-1394.051846586813,0.0
-11069.870164778025,0.0
3511.0406949060507,0.0
4179.1816428653965,0.0
10748.655159414036,0.0
4853.918726571512,0.0
-80.83684934958228,0.0
20260.102352328493,0.0
-5502.299890735707,0.0
-7738.6341520114765,0.0
-2190.3230489210014,0.0
6618.436553957784,0.0
527.4853155266042,0.0
17.289477041214468,0.0
-6265.688523556406,0.0
14391.69433722156,0.0
-1807.8609357755859,0.0
-5797.719311430241,0.0
1275.3482680960933,0.0
-3542.508423957184,0.0
869.037183286367,0.0
13721.557128128465,0.0
-1063.7768881869515,0.0
3413.3305231139666,0.0
-57.87597629058337,0.0
853.9976559756146,0.0
9833.152990407409,0.0
7539.039988949979,0.0
-55.92139390660259,0.0
-5621.891378411438,0.0
1804.9463275754697,0.0
10175.82336093483,0.0
3032.622347118671,0.0
2139.8786530563602,0.0
-11195.821587661296,0.0
10819.930900281257,0.0
-8360.573303614441,0.0
-7108.184242806825,0.0
566.6609189177793,0.0
4055.1360853793676,0.0
3820.7545325825904,0.0
-3182.529222693584,0.0
1356.1724818556622,0.0
-2335.6483755388554,0.0
-11454.963590865893,0.0
1299.7190676860187,0.0
-2192.862786524162,0.0
7362.578535232395,0.0
2437.919231836171,0.0
11576.533688484184,0.0
9232.576097819758,0.0
10834.278809566025,0.0
13766.817559491577,0.0
9806.565076729603,0.0
1367.9596432240653,0.0
14978.665243606054,0.0
-3585.814318119608,0.0
3354.9090444384647,0.0
11228.281666103263,0.0
1389.4878421766343,0.0
9599.35972358488,0.0
-2205.596747316483,0.0
324.6507406663277,0.0
8564.75266322785,0.0
9652.450491479725,0.0
13301.725271817837,0.0
3417.5410015760403,0.0
6185.302658162698,0.0
9169.279844906285,0.0
8193.239318749092,0.0
-6654.610542264172,0.0
800.2050333987017,0.0
16120.735260750567,0.0
-5229.869671541987,0.0
8564.388412997145,0.0
1324.4868734837005,0.0
12090.160540061031,0.0
-1380.7930342154277,0.0
5150.636927468983,0.0
-11985.057673739277,0.0
4885.3980749791335,0.0
13132.350698396445,0.0
-7669.336028286098,0.0
13992.52582527235,0.0
-1246.2637879108916,0.0
4861.662813778611,0.0
-17405.156540277407,0.0
14140.282970685945,0.0
-2258.845208374112,0.0
846.6665557277602,0.0
-5169.227067283277,0.0
-3512.0804034337525,0.0
15212.998301487452,0.0
1159.0538723990294,0.0
12861.35559847479,0.0
4295.850090496503,0.0
8155.451655652976,0.0
1178.3074251210664,0.0
9302.655203310025,0.0
26067.329731680744,0.0
11680.249742909898,0.0
9542.253701418605,0.0
2481.4597566898974,0.0
14531.462489003992,0.0
16802.346913526715,0.0
-7783.260949059674,0.0
-5795.875574459064,0.0
23069.193989025574,0.0
9823.293261017934,0.0
7065.800107275807,0.0
10399.384255610748,0.0
14692.649602400674,0.0
12599.99350760417,0.0
4805.675255774293,0.0
22751.83156592103,0.0
6311.784349508288,0.0
-1334.203693921996,0.0
2043.599169153861,0.0
5879.718006297659,0.0
4003.3428239602795,0.0
5316.414005073392,0.0
8316.394240118534,0.0
-19848.432036810278,0.0
512.7004385921573,0.0
14246.580048034051,0.0
11371.370341900285,0.0
892.6249041587635,0.0
2044.4092310833412,0.0
15986.671877024575,0.0
4247.244816410903,0.0
2507.424330851145,0.0
22639.54188560803,0.0
3913.7214992187974,0.0
12960.556632585764,0.0
7173.980114013704,0.0
7604.927674070443,0.0
-597.3766307065116,0.0
348.026207262993,0.0
17842.964837108884,0.0
-2318.782409191088,0.0
9766.522165971877,0.0
-2356.3562764259896,0.0
4595.176533316188,0.0
6647.309005012266,0.0
-5251.114303898435,0.0
16753.939274311197,0.0
6516.232562459904,0.0
18360.754896435406,0.0
792.8227830840906,0.0
15476.272906728267,0.0
26931.550355203857,0.0
9549.534166226467,0.0
3328.3961292983768,0.0
12088.070324116572,0.0
8640.81897295115,0.0
6261.769558486656,0.0
6283.754177682515,0.0
3328.8872645161846,0.0
10492.069409522312,0.0
5592.320188653058,0.0
998.7397290414101,0.0
14687.928561111663,0.0
6873.361690638021,0.0
30044.81191026236,0.0
6621.500194428392,0.0
2813.463830904866,0.0
3728.825714247806,0.0
10898.012110204885,0.0
2672.8805273331554,0.0
-1605.7477387428153,0.0
21510.88069066646,0.0
-1500.6482063855801,0.0
20409.289045962923,0.0
9791.807952014877,0.0
118.10650383285792,0.0
22168.0857986743,0.0
7019.189082696796,0.0
1335.2438363425008,0.0
9646.544566992396,0.0
19726.958901640883,0.0
14007.275683613952,0.0
15647.385287572342,0.0
23619.63550332417,0.0
10642.423724970942,0.0
11102.49549166027,0.0
7285.651388678327,0.0
-3606.7187408490754,0.0
7506.027898475652,0.0
22718.515565578407,0.0
-4720.776452560416,0.0
20448.50992932129,0.0
11356.998325897262,0.0
1692.630621868836,0.0
9287.665176792505,0.0
24246.656199957844,0.0
4552.11645428321,0.0
15313.971822556578,0.0
18762.52137530871,0.0
2409.1253414382627,0.0
15182.482967304933,0.0
13354.722812336156,0.0
5270.555836000043,0.0
14678.611153239843,0.0
6221.973927362286,0.0
4484.911655589733,0.0
-805.0006803796932,0.0
13083.750460759013,0.0
5585.467779490793,0.0
4674.481569342955,0.0
336.10893000924443,0.0
-1208.4922908620429,0.0
2675.1247164646984,0.0
15120.878365510103,0.0
3038.6553285432083,0.0
21580.22139592215,0.0
12643.707285915587,0.0
10124.784531923058,0.0
408.6972044266422,0.0
25911.116816235117,0.0
-2523.932633497474,0.0
13773.945025689703,0.0
22478.60106211969,0.0
8103.234109250462,0.0
4614.616362324659,0.0
8641.28111937959,0.0
16588.295637932126,0.0
20243.518818359298,0.0
14109.330711323539,0.0
-38.368261879340935,0.0
4236.267577455737,0.0
10501.29474282869,0.0
-867.8195790981117,0.0
7796.371005830539,0.0
27593.50175089226,0.0
1291.433715741934,0.0
18898.87891408552,0.0
1650.4623440450432,0.0
6998.419759040007,0.0
8736.770530348542,0.0
-1982.3181480128842,0.0
8622.716742649773,0.0
20359.929994146398,0.0
15381.163693407721,0.0
13866.988064279576,0.0
2366.089283650632,0.0
8108.375711176409,0.0
11200.183116068265,0.0
13974.101908526141,0.0
20745.582176792705,0.0
1081.2311963493494,0.0
22909.198970390906,0.0
6454.654402663011,0.0
6771.851431152882,0.0
-361.38636412778396,0.0
9076.951680949745,0.0
6671.271581946944,0.0
-1039.6275890796114,0.0
7253.261999377136,0.0
10178.303844866938,0.0
6950.671855748102,0.0
16216.149168191212,0.0
1299.1960103086512,0.0
16575.775726790544,0.0
7954.88116362003,0.0
12061.245154005326,0.0
-5375.5947704302,0.0
10992.934807634078,0.0
9267.73187983807,0.0
16554.660586692862,0.0
-956.8795879147601,0.0
20309.40269541231,0.0
682.8473426009023,0.0
20523.576697514007,0.0
13399.876060076629,0.0
3288.189103490148,0.0
26949.247598321825,0.0
41.773030364742226,0.0
7824.143011309383,0.0
10752.552174679147,0.0
12965.451897734943,0.0
10825.923210152538,0.0
15530.137266057398,0.0
13906.922290562625,0.0
10479.101087648458,0.0
1564.525276512005,0.0
5930.258932738076,0.0
15653.010266904854,0.0
-92.52850039749501,0.0
9589.152270414572,0.0
-6515.843581760304,0.0
3118.2004702458207,0.0
-3993.762697211143,0.0
20823.347078215942,0.0
-6138.640451107083,0.0
7296.197774472757,0.0
14549.158996094116,0.0
14186.384822781296,0.0
15000.470549075646,0.0
17742.09138597439,0.0
12802.858468648967,0.0
15355.220771998404,0.0
8643.97291555278,0.0
9284.481673561135,0.0
-4539.274606349745,0.0
9859.930606268075,0.0
19243.08771694934,0.0
3484.520661643416,0.0
-896.5225665097223,0.0
8737.10170418348,0.0
17869.98841565077,0.0
18441.55066455192,0.0
-3093.9060925076137,0.0
12540.688308224413,0.0
3833.4130648706996,0.0
11134.416910505646,0.0
-9096.936750477453,0.0
16388.682181530832,0.0
6358.032306130988,0.0
10421.959709811614,0.0
7737.066952430447,0.0
314.6105286060865,0.0
13431.07061157674,0.0
5156.3304241997375,0.0
2794.842513866198,0.0
14381.970246668465,0.0
8919.11403271646,0.0
3718.5654816444494,0.0
16794.588652069273,0.0
3829.0849658122206,0.0
9366.914352476128,0.0
15127.546367884479,0.0
16612.48017193718,0.0
19583.979206141783,0.0
22282.90765903539,0.0
9668.744821488717,0.0
3251.005454245733,0.0
22822.706935694485,0.0
20371.547785450097,0.0
6618.277355898973,0.0
15074.71793947748,0.0
6402.604363403549,0.0
-3362.5230737446,0.0
18256.73326840358,0.0
12073.994187213726,0.0
10008.073974651747,0.0
23263.746567441252,0.0
20040.081646841238,0.0
4320.320688595244,0.0
594.5586078181586,0.0
-6069.039513451318,0.0
8996.813656620794,0.0
6137.414072023635,0.0
13055.754197686172,0.0
9268.679195470748,0.0
3192.313624537377,0.0
6582.203907458013,0.0
-3308.0144865202037,0.0
19317.132705000564,0.0
4757.569829496316,0.0
14572.593087655976,0.0
4597.548603408915,0.0
9991.407725051953,0.0
14546.018451622338,0.0
7956.29628367357,0.0
3024.6885964772773,0.0
28567.477819075822,0.0
7924.3413886301005,0.0
14816.07357395385,0.0
8780.283847065512,0.0
3969.278750758537,0.0
20916.872125079433,0.0
12922.174496884192,0.0
13099.556184263236,0.0
-8039.058640894662,0.0
12612.099616367726,0.0
17736.470779963864,0.0
11575.393261493298,0.0
8444.398269962036,0.0
19271.198701961817,0.0
12274.773855902487,0.0
15619.991548922499,0.0
19394.71417758881,0.0
18639.44193858466,0.0
57.254943997562805,0.0
13053.971602557063,0.0
4442.045499002852,0.0
-5669.625194720591,0.0
12494.53108448126,0.0
-3685.6883189455402,0.0
6735.107295996771,0.0
-9155.11010901434,0.0
1935.0736419018685,0.0
5993.5227525336595,0.0
10996.098717544399,0.0
6052.787151135522,0.0
3133.763096923203,0.0
3929.593546834837,0.0
23010.263352687245,0.0
6980.682763415984,0.0
10823.33084667835,0.0
26536.624150458847,0.0
-2838.9868619573717,0.0
-5728.451346174208,0.0
2386.0205452496557,0.0
7361.04451715556,0.0
1842.0838670446647,0.0
11783.251109670478,0.0
10703.758588351353,0.0
-1137.789079078766,0.0
12869.30386514456,0.0
-349.5879094662505,0.0
16590.30832638706,0.0
14467.154065983275,0.0
29170.40571452306,0.0
18188.21262797018,0.0
9235.180995486257,0.0
14379.527345500612,0.0
12822.510414760585,0.0
5669.338944123194,0.0
-715.8355522036236,0.0
21541.223718464884,0.0
24988.639623076895,0.0
8498.187798323708,0.0
9458.878859068725,0.0
8433.588734099376,0.0
20211.205785784743,0.0
21847.843175750855,0.0
5711.140704905595,0.0
8982.548268612427,0.0
7743.130200940217,0.0
13785.875482147658,0.0
18648.446207025707,0.0
20474.30422299711,0.0
9965.539876316718,0.0
4866.555523225997,0.0
17170.468486119567,0.0
17061.71804276918,0.0
10093.261960177313,0.0
13093.635505986873,0.0
15565.784204662166,0.0
20296.322922022053,0.0
13203.217285408358,0.0
16885.66742749281,0.0
13780.723326239917,0.0
5565.4541759542035,0.0
18029.80149913656,0.0
13816.759372339584,0.0
21638.764962890968,0.0
3641.2540660526993,0.0
7243.919331633756,0.0
16751.377872230885,0.0
-1145.6569351179442,0.0
12448.138845189478,0.0
8598.95017006417,0.0
10148.668240749459,0.0
11727.344790010156,0.0
-4940.196710248867,0.0
14281.25291533143,0.0
14431.606568980516,0.0
22659.34796174431,0.0
25134.828838490997,0.0
16287.32169018927,0.0
20621.713468893056,0.0
-5655.945891556128,0.0
17817.727950612047,0.0
23239.656168690235,0.0
21113.550962373327,0.0
16910.535555345654,0.0
10729.485970317071,0.0
11681.797647872194,0.0
14148.363244769716,0.0
17086.917131427344,0.0
19137.3841799135,0.0
12925.569173331914,0.0
3695.2733457842496,0.0
28852.92625837886,0.0
7474.367069748473,0.0
-7708.638678196505,0.0
26501.070735573885,0.0
22227.516171762865,0.0
16168.715033436913,0.0
22535.142961937927,0.0
17775.37565220274,0.0
7712.1081916862595,0.0
15347.961191410865,0.0
5090.469664438575,0.0
10127.50128570481,0.0
7305.650317154121,0.0
16465.462896288263,0.0
23431.58092270384,0.0
8801.230117971096,0.0
18311.29366549854,0.0
-2179.9170345021776,0.0
6314.983468888795,0.0
18294.254611625987,0.0
23021.345350428124,0.0
22961.195420025095,0.0
23606.54859798804,0.0
1490.660207564115,0.0
11714.723443903362,0.0
-5835.64435569638,0.0
13886.025875969475,0.0
16612.422752263377,0.0
11881.682088285661,0.0
7062.957795042386,0.0
18552.712246961953,0.0
20153.209940583885,0.0
17109.480019717543,0.0
11072.518581544868,0.0
16221.59938864644,0.0
15937.112224414977,0.0
17016.516658759745,0.0
20290.718065702273,0.0
14164.009243212187,0.0
3556.541202504508,0.0
13906.40149548422,0.0
18512.39102629186,0.0
12355.624630371274,0.0
17451.080471792557,0.0
9605.105465384808,0.0
27132.428430260086,0.0
18758.76054872344,0.0
16251.856620025465,0.0
21709.8418913956,0.0
21104.66130163461,0.0
16655.65718555038,0.0
23903.05683383133,0.0
20747.655132916298,0.0
17122.560546754547,0.0
16014.038855502884,0.0
6166.660710113112,0.0
16765.55314339655,0.0
17237.516717034217,0.0
8673.768480462046,0.0
27066.983673251547,0.0
15519.488463594229,0.0
7446.854455677238,0.0
12465.675496947402,0.0
14363.66062851483,0.0
14805.063224277646,0.0
9867.646675206528,0.0
16236.967414639295,0.0
3433.732756136451,0.0
11612.577349371211,0.0
19628.428840687076,0.0
9861.774270095219,0.0
21672.064082687793,0.0
22911.36802397103,0.0
10227.60440981307,0.0
-4153.953268509882,0.0
22284.44693017583,0.0
26877.98825506372,0.0
2213.92206979225,0.0
16508.456960642994,0.0
19159.08367125319,0.0
2977.9385237012866,0.0
11655.404874685453,0.0
25569.24841218347,0.0
17516.075340876214,0.0
16144.363186717463,0.0
24602.166723841627,0.0
10926.110929108458,0.0
1223.5601960859203,0.0
27446.73232078727,0.0
9708.483608294859,0.0
16297.070647642668,0.0
25293.634249587747,0.0
17620.804579292293,0.0
17045.313392882992,0.0
10211.742166693657,0.0
20943.937738594803,0.0
34279.570110104694,0.0
11151.980521667912,0.0
6399.096667832091,0.0
18784.01322196669,0.0
9998.504185107402,0.0
16725.17022244232,0.0
16530.121510264875,0.0
19568.235273446564,0.0
17965.087216962464,0.0
18060.399483124544,0.0
26351.709612412516,0.0
8381.336906089335,0.0
15694.635077659696,0.0
18641.453153885133,0.0
5937.646090395065,0.0
8462.897215813136,0.0
12814.628276308646,0.0
11456.997013173768,0.0
25492.67147641306,0.0
16970.65928364764,0.0
39951.00573624874,0.0
12679.87386370018,0.0
12849.783910275602,0.0
34102.75312820643,0.0
10744.529793554448,0.0
32519.464392671773,0.0
-8980.318685901382,0.0
9957.694297706852,0.0
26388.323095535587,0.0
29136.571096052434,0.0
19498.332673741148,0.0
10267.452046030623,0.0
14582.71833632096,0.0
21932.100862172207,0.0
18776.514907439392,0.0
23824.179748795228,0.0
9211.499020909065,0.0
22713.023900027576,0.0
26527.562841179475,0.0
41160.45950123636,0.0
20672.151283714302,0.0
21441.738025018345,0.0
9806.330150067453,0.0
5269.453292486434,0.0
-3489.345422545013,0.0
18866.806571383422,0.0
32456.562105703517,0.0
14932.920005680875,0.0
-3977.342280993058,0.0
17490.07184527209,0.0
14154.784747258054,0.0
12842.902687914622,0.0
30160.77860183829,0.0
25339.48262251608,0.0
28954.14559895185,0.0
8814.74211549962,0.0
18784.21948041651,0.0
6700.541428987026,0.0
25910.190233290512,0.0
7201.379587178457,0.0
25869.102346712374,0.0
17998.00877789838,0.0
18240.85209096323,0.0
5129.390529578763,0.0
21763.357716046223,0.0
632.5169729516383,0.0
5340.601810893844,0.0
9109.64467806256,0.0
31810.99803544599,0.0
18038.298351260863,0.0
10226.212850536594,0.0
19949.41983292599,0.0
35262.258786350525,0.0
15001.503526509812,0.0
7425.03930119888,0.0
6020.16895614661,0.0
15592.179730766336,0.0
29723.09358048634,0.0
15034.545337517444,0.0
13526.140807531625,0.0
6855.133745148615,0.0
6502.960900122065,0.0
24008.942295676952,0.0
18426.78442320449,0.0
18907.00494435268,0.0
4592.740877476697,0.0
20382.225258548326,0.0
18931.31423540985,0.0
28732.407982044155,0.0
24283.692262577846,0.0
13936.619621828022,0.0
18849.292956532914,0.0
19202.280791863035,0.0
15199.787422816438,0.0
8212.763875594694,0.0
23460.53607490564,0.0
34384.8781496284,0.0
16052.696956322441,0.0
29607.695302828113,0.0
13215.070032768495,0.0
13164.014972159868,0.0
15717.957221638218,0.0
13826.407221716989,0.0
24182.928770822706,0.0
26056.41090464122,0.0
-4505.263782983666,0.0
22750.445668340904,0.0
19117.92465048466,0.0
30809.287571910772,0.0
9047.43694855422,0.0
17521.3868236617,0.0
26789.4829682966,0.0
24471.53449674356,0.0
28549.533779731755,0.0
10837.029250761221,0.0
10694.924277684095,0.0
21485.07095512661,0.0
5525.262818657715,0.0
20145.622777232165,0.0
24855.73540028838,0.0
41305.0012037495,1.0
6014.752809800673,0.0
12043.747647961656,0.0
13790.813424469976,0.0
20699.81952042487,0.0
17936.34946476684,0.0
13076.789949296937,0.0
2498.7522288791315,0.0
2068.0765655306877,0.0
8741.133300314737,0.0
7942.465150943577,0.0
11966.622590644762,0.0
7655.469989929119,0.0
15898.624635845068,0.0
12018.380314276474,0.0
18781.81519332239,0.0
16477.701208049733,0.0
21794.947634093223,0.0
8936.278807222685,0.0
9155.56841342523,0.0
8055.830054641752,0.0
18557.95570159617,0.0
22773.519017391474,0.0
26454.38824939503,0.0
18852.63577911882,0.0
16134.613069121686,0.0
24122.902160400907,0.0
17241.497702319262,0.0
10225.215386244636,0.0
23602.201805314045,0.0
13568.691616329566,0.0
5665.537644258689,0.0
15643.810694094655,0.0
10436.381898069847,0.0
17225.679217163335,0.0
12218.206835251654,0.0
15219.462803301236,0.0
13166.293058217585,0.0
17192.85571848102,0.0
22439.034407347375,0.0
18856.540107131183,0.0
18266.795084831057,0.0
27194.077343277444,0.0
7008.603424916473,0.0
18860.02434280331,0.0
27461.904037420616,0.0
22319.105718353385,0.0
27327.802273143723,0.0
11037.610559365976,0.0
27977.221162854337,0.0
12773.17874734015,0.0
27185.778418906622,0.0
20862.467681837203,0.0
26047.67288539344,0.0
13165.842091638991,0.0
16646.686774311216,0.0
3928.564020835609,0.0
22157.407571695767,0.0
24773.169390713334,0.0
22133.66395220302,0.0
28256.553459310882,0.0
23985.431522475865,0.0
20343.432719463923,0.0
24195.847012783433,0.0
15116.572341527664,0.0
26735.595686005472,0.0
20784.756845941753,0.0
21934.81927064922,0.0
18499.792960324023,0.0
13926.857895082612,0.0
12966.503264620107,0.0
16918.124578555897,0.0
25158.13247701674,0.0
6202.6445204797765,0.0
20023.246101150282,0.0
49148.66143872849,0.0
21827.647527227546,0.0
19282.375472310512,0.0
23958.253640495463,0.0
19025.70492531249,0.0
21187.088903917156,0.0
20744.380901557375,0.0
12407.555731563643,0.0
30748.590693360573,0.0
22900.998223053826,0.0
30884.59059245004,0.0
22458.433310602588,0.0
29937.821212211693,0.0
21679.09175072583,0.0
45658.64848765174,0.0
30951.21881664495,0.0
32324.26451125751,0.0
21057.20215009515,0.0
8783.596533412781,0.0
19038.446282593075,0.0
26142.40281019184,0.0
23095.89922349128,0.0
16953.15975153533,0.0
15448.439121642903,0.0
12069.149712958671,0.0
18541.263927334196,0.0
26879.158458335325,0.0
26984.0635648922,0.0
26566.535561898792,0.0
20078.961291063548,0.0
22681.709816677594,0.0
21381.039745208218,0.0
25683.44961685798,0.0
24555.756393348805,0.0
26339.833648234584,0.0
20812.75930360974,0.0
21154.988297215557,0.0
32232.660116273204,0.0
32395.14418474354,0.0
3941.131252602425,0.0
23923.14024874038,0.0
24837.760463152892,0.0
28059.43015360094,0.0
4275.524074898327,0.0
7198.431450273338,0.0
17279.092728877426,0.0
22251.859321553475,0.0
12026.061547598463,0.0
29974.333423216096,0.0
28844.081392801323,0.0
25955.631588405166,0.0
28753.396628106755,0.0
11800.36126551933,0.0
20357.637537051625,0.0
2884.172027777331,0.0
29370.402518861367,0.0
30544.0021435441,0.0
23915.326376197158,0.0
12832.113505708963,0.0
21896.027222546636,0.0
28454.575429418765,0.0
11711.894933772388,0.0
22944.09117039055,0.0
26952.622465164113,0.0
14976.558840645768,0.0
16870.71669087884,0.0
31365.680596829498,0.0
27792.166372722557,0.0
32828.987132682625,0.0
24117.355701727614,0.0
14597.261002613603,0.0
21264.539293306032,0.0
16910.223603206174,0.0
19797.431160036675,0.0
25208.078630047014,0.0
33444.04965324565,0.0
23912.564163086772,0.0
37186.53172821741,0.0
11740.546593653758,0.0
20499.07928181877,0.0
22419.602575651083,0.0
5137.751121621808,0.0
9076.903047120866,0.0
19451.890573067878,0.0
22513.170300600177,0.0
26524.371923388226,0.0
23040.256293330654,0.0
19551.901868378867,0.0
11668.778398049068,0.0
22186.086364249277,0.0
35643.100171656624,0.0
25488.064601027418,0.0
15605.447761562737,0.0
23790.501571496305,0.0
26021.42773255045,0.0
31839.297912077112,0.0
17185.41262056474,0.0
25379.932402429487,0.0
26518.551376743424,0.0
18971.505028558364,0.0
21040.146702105685,0.0
18877.166442739443,0.0
23038.110912725384,0.0
23928.31897056543,0.0
12415.737821997292,0.0
21117.091674225383,0.0
35054.13159923595,0.0
21677.70606737242,0.0
6568.849817131793,0.0
32985.289573704526,0.0
20543.221059946678,0.0
23490.126246822965,0.0
26727.639396305298,0.0
18911.996140496747,0.0
14171.402256355428,0.0
16402.091897428603,0.0
24284.32878214193,0.0
21780.899042807578,0.0
20377.414172489713,0.0
39045.37117613097,0.0
24409.8078913699,0.0
29904.47175397836,0.0
39835.29749300711,0.0
23549.78920102817,0.0
18822.875878894905,0.0
20112.40679415776,0.0
23097.32516827336,0.0
35654.99960068063,0.0
31428.270876086724,0.0
20982.968527890487,0.0
17327.38865508443,0.0
28370.20334373021,0.0
36800.407519005654,0.0
17046.681040367577,0.0
35607.50409486262,0.0
24699.553598303293,0.0
22434.81163366003,0.0
20436.90620561713,0.0
16450.48657081697,0.0
18078.636090126292,0.0
32137.525313202717,0.0
11244.176835321747,0.0
18779.95688133864,0.0
22155.314751879134,0.0
13175.583747151262,0.0
18514.683017595646,0.0
10225.878348582073,0.0
27388.390455803306,0.0
26895.64231380656,0.0
10832.16860326264,0.0
33233.6255318091,0.0
13225.39411075418,0.0
6642.811250349381,0.0
7511.640633794117,0.0
25172.363622185956,0.0
2725.8322814545027,0.0
21446.000942948158,0.0
23053.7249468196,0.0
29446.952132101753,0.0
17918.13740238463,0.0
30654.86064486529,0.0
18124.787126871375,0.0
29575.493124136614,0.0
13349.349524830352,0.0
23618.03243488891,0.0
18455.85563642539,0.0
23080.02583917524,0.0
39762.75187476152,0.0
21057.8385550775,0.0
21782.140549468226,0.0
23206.414848178916,0.0
23956.31046129109,0.0
4194.781308417252,0.0
27684.74839611812,0.0
10142.907453505126,0.0
5915.209232731389,0.0
22723.243448951747,0.0
11398.217373943891,0.0
23027.58406477282,0.0
30235.143995466926,0.0
22024.337450671297,0.0
13196.277789609674,0.0
21545.19093037045,0.0
37874.43678067179,0.0
22378.175155031582,0.0
35275.69793267181,0.0
33217.3458015612,0.0
11446.18979863094,0.0
28823.12162197171,0.0
10829.851330102738,0.0
26067.093790980623,0.0
25836.46553003865,0.0
19788.555108450066,0.0
9209.463923240206,0.0
18660.314257362683,0.0
18816.841147035782,0.0
24048.96513993368,0.0
20486.801722515043,0.0
26025.74510292708,0.0
18851.45460396217,0.0
8049.690866685867,0.0
21101.70033045494,0.0
32723.47247379666,0.0
14439.519282065106,0.0
13497.865382402562,0.0
6634.0412608045135,0.0
37032.991889544704,0.0
13575.06687047644,0.0
30091.555877653773,0.0
23305.78015637241,0.0
20224.513310792514,0.0
22244.685728324057,0.0
37696.692301647985,0.0
35532.50477321391,0.0
25793.042005009287,0.0
18085.090750440148,0.0
33969.36289010385,0.0
28339.135694432847,0.0
22972.282053677984,0.0
25964.168810098636,0.0
16664.635741629194,0.0
27599.55641003757,0.0
20276.968801726045,0.0
19958.9828408365,0.0
12252.306382943607,0.0
23392.914509882357,0.0
24752.80329206066,0.0
10069.353555228143,0.0
24701.23956558847,0.0
25558.30811251058,0.0
32050.824306135182,0.0
31141.02156610592,0.0
16837.21350372712,0.0
33000.081810015276,0.0
25680.766555065507,0.0
19748.567505978237,0.0
16458.05593886067,0.0
30055.27969996404,0.0
29047.289602424462,0.0
18673.350464660627,0.0
25432.082514125206,0.0
19836.40942394661,0.0
15669.856364516818,0.0
15757.853519280827,0.0
27774.51499411671,0.0
25056.62658999119,0.0
26275.27383622757,0.0
25030.31501399887,0.0
23823.299596809862,0.0
30149.073737586088,0.0
10012.4086260085,0.0
29531.144238006877,0.0
13525.921195793691,0.0
22068.182265781896,0.0
23987.07054858062,0.0
23174.965384781244,0.0
26903.41890871351,0.0
16131.001963454171,0.0
36301.83474955912,0.0
31891.223004624517,0.0
28501.40683093946,0.0
28983.18577061451,0.0
20001.028210153396,0.0
9576.852250174987,0.0
11169.514671995123,0.0
26993.543423954452,0.0
1967.1136177731423,0.0
36322.40265372525,0.0
27010.111460762546,0.0
16181.60689783557,0.0
19072.701021177225,0.0
10098.293731470141,0.0
22752.236091991464,0.0
27774.320466315658,0.0
32829.672828652336,0.0
13099.38233184881,0.0
31862.15848982065,0.0
25524.65588094824,0.0
23826.848747236552,0.0
24171.708713035412,0.0
26872.147949932263,0.0
38314.81924526561,0.0
36092.29472237914,0.0
31235.48712649235,0.0
19217.34643703496,0.0
23006.735966214666,0.0
31154.676171134997,0.0
27154.451802444994,0.0
18344.30575452933,0.0
39220.19897723754,0.0
43789.83994442769,0.0
28316.30878850885,0.0
21633.330830429288,0.0
24364.904729325546,0.0
16214.232217033223,0.0
15001.063912731124,0.0
27398.26420051023,0.0
23027.250995767346,0.0
32657.66013488412,0.0
48181.07102959725,0.0
28565.013160442028,0.0
25906.31490559576,0.0
27049.40093587978,0.0
29220.16418653341,0.0
37972.25009019278,0.0
26616.650716912678,0.0
33384.217237321354,0.0
17902.269227374127,0.0
18324.628438674015,0.0
24567.85966256869,0.0
33361.10921933124,0.0
18555.719611399087,0.0
35761.52520956474,0.0
18996.88389432685,0.0
28557.392189421567,0.0
26802.515366781125,0.0
39091.64601600266,0.0
18676.81740577348,0.0
19517.24770466206,0.0
24747.823589469575,0.0
33020.99710389433,0.0
32289.857055150667,0.0
17207.16537771148,0.0
20251.741349996926,0.0
16658.634893515504,0.0
41014.29420905702,0.0
31744.286368884197,0.0
31993.90827207801,0.0
9262.309787517028,0.0
28917.306007030795,0.0
24869.660899915598,0.0
35043.39070785938,0.0
14192.15827043603,0.0
39090.511786511386,0.0
32383.170809155385,0.0
31892.416299015968,0.0
18511.48631219924,0.0
43615.345470673994,0.0
29554.62541847397,0.0
30005.33150176538,0.0
28030.529166460867,0.0
25987.64973085823,0.0
29233.0217884639,0.0
30101.530763120023,0.0
37154.450682573486,0.0
32752.582159879537,0.0
22511.890537698484,0.0
29792.90232028441,0.0
36158.51767481302,0.0
23741.45593635764,0.0
27164.6992510012,0.0
37998.695378617995,0.0
31904.70376524809,0.0
24760.30624328327,0.0
33341.347180495715,0.0
35762.80927051185,0.0
34376.331312787224,0.0
29859.378348054808,0.0
44313.50077699924,0.0
17201.6619498887,0.0
30645.6299766294,0.0
33502.18627565238,0.0
21128.181262339487,0.0
22150.630586958614,0.0
22830.614101482148,0.0
29496.3511718094,0.0
27609.46705100525,0.0
32995.63128780798,0.0
38088.60166438139,0.0
23992.34260141761,0.0
29393.153081248973,0.0
31841.66449718391,0.0
11637.494144638278,0.0
26505.94889339761,0.0
14272.92790453361,0.0
22058.545844314303,0.0
20990.015914363696,0.0
37276.28843838311,0.0
22543.866756956024,0.0
22298.33514755114,0.0
33821.192629276484,0.0
26243.53654452763,0.0
16115.933506929607,0.0
37026.00467304058,0.0
35797.68937539034,0.0
25452.090134764647,0.0
13986.033598795253,0.0
22009.44768676134,0.0
19791.163934181215,0.0
40249.86199475992,0.0
22021.18961354185,0.0
33589.52923874447,0.0
37338.699915504585,0.0
29662.568510895264,0.0
29788.086092540376,0.0
37750.30595072961,0.0
34941.60657243977,0.0
15118.71041127408,0.0
35677.66176057554,0.0
9362.31512097086,0.0
22209.870280483825,0.0
34025.48761091681,0.0
12837.88489924576,0.0
35959.39009428686,0.0
45719.70183982725,0.0
26258.222719768488,0.0
13328.50148362459,0.0
40973.80139778821,0.0
20250.159960583005,0.0
17223.080447664506,0.0
18611.781812240144,0.0
22867.63932495393,0.0
21501.571968906806,0.0
42233.38029437842,0.0
19278.096305348256,0.0
13154.995029201118,0.0
14466.168088060527,0.0
23373.642370898593,0.0
40313.79766770413,0.0
15374.051773973313,0.0
26009.08646306191,0.0
32798.26407357192,0.0
23987.03407531169,0.0
24673.545166623346,0.0
23886.373498516266,0.0
30197.67459875941,0.0
20922.538637513288,0.0
38756.169663734545,0.0
12133.129525654746,0.0
35035.72144827073,0.0
35742.288728866944,0.0
27697.75107771938,0.0
25218.066739226128,0.0
37194.65890182948,0.0
19185.433643091004,0.0
24926.099223289813,0.0
19774.433856847547,0.0
28916.75863352745,0.0
19900.612113534622,0.0
21286.93017378618,0.0
31854.00167178945,0.0
26672.39306003155,0.0
29596.647058999195,0.0
40249.162989889126,0.0
10952.305294018224,0.0
22854.41998209562,0.0
27230.158757433055,0.0
38588.77574355583,0.0
18522.156034353968,0.0
26710.180166987007,0.0
32125.41074370222,0.0
19017.875807266944,0.0
24010.76434534457,0.0
