302.39993423104147,0.0
-181.7653651365909,0.0
3157.954794138605,0.0
1435.2259873238688,0.0
1914.1222665621312,0.0
2914.570204589186,0.0
1309.8479353578987,0.0
1608.515546368474,0.0
2028.5758590317191,0.0
1797.9201284999172,0.0
1155.526132050691,0.0
1980.5857122035702,0.0
1873.0727783315974,0.0
2482.5956583932384,0.0
1096.0195380280147,0.0
1669.124876076542,0.0
3039.11803070385,0.0
3379.9414896546514,0.0
499.2970747755817,0.0
1463.9530756338245,0.0
-34.07000654021385,0.0
9.746609552646078,0.0
-71.55163835161841,0.0
201.4297130425826,0.0
1284.920595566383,0.0
1284.2654681801348,0.0
1276.5351338962303,0.0
1369.0010390921582,0.0
1866.2540433597924,0.0
1973.3994488934095,0.0
2648.527497210281,0.0
1699.1456901751953,0.0
1953.7542538161294,0.0
1897.7322411398932,0.0
2110.150054455989,0.0
1986.8039634867027,0.0
1977.4684381821535,0.0
2852.8526169772013,0.0
1990.4588825367455,0.0
2978.212706312247,0.0
1784.3803905370653,0.0
1449.581710208201,0.0
1650.0419852772084,0.0
1266.603523933744,0.0
839.7817200894319,0.0
1505.4607969317767,0.0
1341.8607852056402,0.0
770.8699668929353,0.0
313.4883803354087,0.0
568.0428914554547,0.0
2080.6873106642847,0.0
1791.6388579298127,0.0
1006.6477415670967,0.0
1512.399160257411,0.0
1358.1951851648012,0.0
2612.6757503529607,0.0
1519.5540272852452,0.0
3374.9881298039136,0.0
2345.0211127447465,0.0
2231.537680433017,0.0
1721.385701537786,0.0
2779.293392968868,0.0
2077.026067611471,0.0
1905.1782572047077,0.0
3299.375779122948,0.0
2064.7440475662115,0.0
2283.935370016375,0.0
962.5620390592484,0.0
-1190.9174546740576,0.0
1112.0006307481294,0.0
-776.9296149642043,0.0
1612.602831873299,0.0
1912.2916262695624,0.0
727.3295140249215,0.0
543.7592024827129,0.0
784.5005111124199,0.0
2608.0830930003294,0.0
1898.4761649351815,0.0
1620.9076782573893,0.0
2097.1697280079347,0.0
3592.385675060319,0.0
2370.764837443468,0.0
2505.0918683606037,0.0
3015.4618511820104,0.0
2769.9857167778346,0.0
2942.408456623888,0.0
2032.0742910834992,0.0
2483.5187590654673,0.0
2146.6048600257272,0.0
2044.5967446288778,0.0
2600.344425460525,0.0
723.1165181642245,0.0
626.7527757732012,0.0
112.1641239869532,0.0
177.30512202946932,0.0
1123.2272282889621,0.0
410.71983469423753,0.0
777.5738205681964,0.0
1875.2649736185306,0.0
2166.014294025624,0.0
2577.09523880399,0.0
2150.0352272455807,0.0
814.0551152636538,0.0
2577.9803700633506,0.0
2616.535208548843,0.0
2728.791400857818,0.0
1588.8637626143081,0.0
3876.6622273901676,0.0
1411.3711154879707,0.0
3017.225121407524,0.0
2433.4958998683737,0.0
2212.1384788052455,0.0
3243.344963025601,0.0
2493.118883853182,0.0
141.25683227880836,0.0
327.9933437654669,0.0
1017.6608095861134,0.0
2182.8134497878764,0.0
-394.1966920006863,0.0
577.3863469101747,0.0
1682.2756088110245,0.0
1508.9250047880214,0.0
1295.5642737104404,0.0
762.4689408302794,0.0
750.2690814088141,0.0
1558.4148424179725,0.0
1802.5066235639858,0.0
492.5430546933385,0.0
1028.2218613232592,0.0
2297.108693741676,0.0
1891.6927666570166,0.0
1723.6688552261196,0.0
2083.7024212724614,0.0
1796.059007842167,0.0
3066.6830628400867,0.0
3478.959899387888,0.0
3785.1743785800145,0.0
2729.467485591862,0.0
2237.068947335621,0.0
2081.7479927655368,0.0
1883.464318782287,0.0
1678.1936956729605,0.0
1342.851279674484,0.0
109.0341833902267,0.0
-429.3703231193672,0.0
1674.1659758290475,0.0
1435.6909368777792,0.0
1726.8452663793691,0.0
1287.4260738652501,0.0
924.3791351987791,0.0
2857.9897533267044,0.0
2116.7618951456166,0.0
1140.0686071741843,0.0
2312.5789013706153,0.0
2245.4463167496883,0.0
2470.655078708359,0.0
3643.595820229389,0.0
2271.216547151415,0.0
1452.996690688612,0.0
2331.0448866193437,0.0
1846.0126640747465,0.0
2607.9667806686602,0.0
1751.2975035514612,0.0
1244.4786468871537,0.0
306.36547226417184,0.0
868.5191554335936,0.0
160.29060431436454,0.0
887.5091806289213,0.0
381.70294523312884,0.0
247.4882995374727,0.0
1823.6684487613345,0.0
1170.0710831108643,0.0
2579.579216337783,0.0
2099.584767798888,0.0
2089.54672554909,0.0
1965.4577259680088,0.0
1788.3224908977415,0.0
183.25140685366705,0.0
2748.627543624316,0.0
1423.176779715132,0.0
2817.3841983442435,0.0
1608.3900239576585,0.0
1974.9067928161019,0.0
1832.3491223001197,0.0
1230.2562812997617,0.0
1841.3173838930709,0.0
1885.468900238789,0.0
744.138536250483,0.0
-202.35291587974598,0.0
273.1406437923164,0.0
690.2149450109732,0.0
1253.2471045926711,0.0
1104.9230500424683,0.0
950.9751340084272,0.0
350.6575252881937,0.0
2117.5463077399236,0.0
1799.5930902486057,0.0
1548.5259748218505,0.0
2417.7539202540684,0.0
2122.44644785802,0.0
1940.418521276032,0.0
845.7769475246828,0.0
1313.576114618295,0.0
617.2240783119385,0.0
1938.259717507137,0.0
1877.355438943362,0.0
2405.1402262076085,0.0
1953.3261357372967,0.0
1657.825290495667,0.0
3270.1309553260817,0.0
751.3708943866022,0.0
76.16612828086886,0.0
249.54119059283516,0.0
930.6047734547999,0.0
211.59797421504953,0.0
136.9352237121351,0.0
-208.48634059358983,0.0
1674.4297446069622,0.0
521.7652305611341,0.0
707.3294638333097,0.0
1609.022702407748,0.0
1400.404709066036,0.0
1630.6151273954729,0.0
2522.059433025349,0.0
1360.016150847835,0.0
1738.8767975504993,0.0
1533.413929848213,0.0
1919.5892547206724,0.0
2588.776320127889,0.0
2466.360807157158,0.0
1821.870514737402,0.0
1376.9974900604907,0.0
2141.0129605483344,0.0
2555.6268564481816,0.0
1471.1067532151094,0.0
849.5080846722644,0.0
-641.0748185653463,0.0
1193.2271723044498,0.0
-577.960966258049,0.0
-394.7059491351737,0.0
322.5049449888982,0.0
894.7435474105406,0.0
1486.894793377568,0.0
1160.5579728579535,0.0
1735.3872054753936,0.0
1590.9932889652382,0.0
696.8048878433706,0.0
1910.8782073775005,0.0
1510.4972648279113,0.0
2283.3016258237203,0.0
1918.4855133194776,0.0
2908.5514351649417,0.0
2860.1631181373214,0.0
3050.4170654680293,0.0
3310.1747187309543,0.0
2925.128773298971,0.0
2484.982991924272,0.0
3260.3704104728213,0.0
1015.5559777925876,0.0
950.6885551368075,0.0
1247.1674635011645,0.0
269.96115173912915,0.0
943.99852263741,0.0
-78.65475489649396,0.0
209.57496210556837,0.0
1305.3284875072,0.0
1941.9008492431342,0.0
2612.4825172644114,0.0
1754.9788218153044,0.0
2211.3931184627895,0.0
2479.1677397405656,0.0
2461.359514943217,0.0
1393.2345966702842,0.0
1694.2830168126072,0.0
2993.941081691124,0.0
1343.4147509979289,0.0
2690.0097999912855,0.0
2180.315925870571,0.0
3206.560303757725,0.0
1989.667728816416,0.0
2498.5447209591043,0.0
959.1839900688656,0.0
1696.2584780028192,0.0
1809.4492817413334,0.0
-308.6298959717617,0.0
1344.6625145919397,0.0
7.911492435376999,0.0
431.8831338173222,0.0
-1263.5901111216629,0.0
1719.2492209707088,0.0
807.8393763850986,0.0
1358.2010752491324,0.0
1032.9613242535156,0.0
1285.5949387852895,0.0
2730.66042074964,0.0
1690.1016995344082,0.0
2752.398378549642,0.0
1980.2371555995785,0.0
2424.191972940131,0.0
1859.9949870568369,0.0
2639.7613881331076,0.0
4297.10359897695,0.0
2873.467146986804,0.0
2667.682662225958,0.0
2147.802054126872,0.0
2997.837018257496,0.0
2742.5427901067005,0.0
-95.54539723311086,0.0
-320.02532233503905,0.0
1979.474924302629,0.0
707.8945081157875,0.0
649.5487462195632,0.0
999.8323246546756,0.0
1728.6793272629864,0.0
2001.849686379091,0.0
1534.1075188901286,0.0
3314.3585602667526,0.0
2033.6516504773076,0.0
1517.4645073682934,0.0
1760.1997426100957,0.0
1982.3254561290573,0.0
1832.094137393981,0.0
1849.2935932353778,0.0
2379.208069338909,0.0
114.33374529013463,0.0
1719.3143267159562,0.0
3174.328817337714,0.0
2766.858908537172,0.0
1941.5065227909834,0.0
1750.9899829221674,0.0
2397.6509780592187,0.0
893.2163433535463,0.0
389.6181957746884,0.0
1829.8335337019178,0.0
284.5042181094408,0.0
1003.9558070632452,0.0
591.6993779007435,0.0
1029.8071686918995,0.0
797.8089265468757,0.0
1163.2154084794645,0.0
2858.234079301343,0.0
1359.4494916433719,0.0
2135.0916959232877,0.0
1102.3737996422672,0.0
2054.214067065724,0.0
2020.49892069287,0.0
1037.0826381116294,0.0
3132.790641487836,0.0
2268.0311117155657,0.0
3113.5333758571746,0.0
1335.6822635118826,0.0
2878.9545685980984,0.0
3614.7961872705955,0.0
2232.4024706108034,0.0
1016.5247614642929,0.0
1367.0862679582494,0.0
763.5173815928904,0.0
385.07523324099566,0.0
337.40949440395855,0.0
92.29561559833559,0.0
897.502147178026,0.0
415.53834522060293,0.0
573.7363335272855,0.0
2138.784017250478,0.0
1832.3562346770698,0.0
3873.0210190495577,0.0
1801.023176234169,0.0
1586.3648714139724,0.0
1619.3961797350214,0.0
2204.3283743337984,0.0
1512.0666615852228,0.0
1127.183159457228,0.0
3142.4515458951055,0.0
1124.0537308233224,0.0
3115.393168596617,0.0
2038.6746128051998,0.0
1229.079907844834,0.0
2966.071468384451,0.0
1358.5609162990904,0.0
398.46662372167555,0.0
724.8291346580515,0.0
1402.6792203897205,0.0
876.610728714279,0.0
951.2756273721533,0.0
1692.3529921403208,0.0
874.0537007293186,0.0
1292.5686460373906,0.0
1223.1193572114398,0.0
815.0101387070828,0.0
1683.9416391518005,0.0
2892.213560970984,0.0
605.6040504021771,0.0
2808.0877264258684,0.0
1857.248918745782,0.0
1435.965911173871,0.0
1934.8702093303987,0.0
3349.4211965347868,0.0
1621.1970953266527,0.0
2537.8417112482543,0.0
3039.4950935964293,0.0
1697.1671214763442,0.0
2406.63578001703,0.0
1740.774255381732,0.0
645.034620561906,0.0
1101.4623558461915,0.0
283.45173723104733,0.0
119.25227485054751,0.0
-278.23494779697853,0.0
881.192730125171,0.0
641.8500901493026,0.0
1071.9339568879827,0.0
1053.5206884766915,0.0
1136.3760209226598,0.0
1540.0866765559526,0.0
2716.2856971361466,0.0
1657.1974365951796,0.0
3124.2497692047014,0.0
2516.8049465615136,0.0
2471.331621628435,0.0
1529.3462581736735,0.0
3782.9127055796216,0.0
1450.6465644169348,0.0
2861.034036361229,0.0
3758.2258728225906,0.0
2316.649411476281,0.0
1917.5384320856383,0.0
1589.9794353629695,0.0
1639.559063820755,0.0
1676.2043997501287,0.0
982.2577726436235,0.0
-165.93533183851127,0.0
91.93687584340489,0.0
793.4078646527488,0.0
31.3666822339585,0.0
1351.3055646077023,0.0
3301.861278486646,0.0
1340.257269385464,0.0
2857.4014180095432,0.0
1498.5692293897873,0.0
1938.481273425507,0.0
2158.934887263485,0.0
1119.173751960361,0.0
2244.982422597073,0.0
3108.789898002353,0.0
2957.5354793942465,0.0
3053.2248233526384,0.0
2029.628878274193,0.0
2540.5872247691987,0.0
2702.6641434294297,0.0
2762.1539289936914,0.0
2526.104744615251,0.0
310.09809032510793,0.0
1820.8032951801124,0.0
429.8386710765809,0.0
323.5379385726609,0.0
-258.2218635084456,0.0
555.5359202444461,0.0
850.6103173084155,0.0
572.9193718447939,0.0
1558.2970697370197,0.0
2088.173430476205,0.0
1859.0194464279107,0.0
2643.0743407350997,0.0
1490.721559606798,0.0
2795.890174917688,0.0
1999.534945018639,0.0
2567.1390386311773,0.0
902.382811689552,0.0
2717.5114917638025,0.0
2434.5760205300594,0.0
3192.297328607695,0.0
1893.3408573900413,0.0
3667.860303770815,0.0
1773.0072531748033,0.0
2627.410315609811,0.0
1406.2725006729263,0.0
144.92188495657956,0.0
2057.0691024182006,0.0
-291.43381295901656,0.0
414.13565278874694,0.0
816.9156009902297,0.0
1330.6100194120306,0.0
1611.158299826555,0.0
2491.692404086015,0.0
2382.7489827272,0.0
2064.411065342553,0.0
1418.914199179158,0.0
1805.5252320324955,0.0
2658.523905390273,0.0
1333.527337020881,0.0
2111.0694144280196,0.0
762.1096956085414,0.0
1956.2556659580061,0.0
1310.5496898038516,0.0
3194.9592135568546,0.0
1143.7595226919775,0.0
2272.783215311149,0.0
2722.2461741761704,0.0
1985.3052865530535,0.0
1643.91033652751,0.0
1562.0954556118006,0.0
922.5216862303573,0.0
1081.0004963545525,0.0
477.8937028731149,0.0
533.4275682648251,0.0
-234.50923804270815,0.0
1514.6239046467358,0.0
2585.5416007473004,0.0
1357.3855691740753,0.0
1222.30139461006,0.0
2176.5285079873534,0.0
2719.4860752936015,0.0
2919.9385083724574,0.0
1035.640244740131,0.0
2480.426453660144,0.0
1920.2325585785431,0.0
2511.167669158827,0.0
904.6594189033453,0.0
2957.756976307178,0.0
1950.8770928021447,0.0
2570.5055525811595,0.0
1913.8742661721842,0.0
612.3604703660789,0.0
1428.1827241060969,0.0
385.88202100862486,0.0
94.18670741848581,0.0
895.7849851529762,0.0
449.70274453001645,0.0
34.581164707027995,0.0
1459.7510860557659,0.0
822.3512354944278,0.0
1682.5132683478373,0.0
2369.2072999515135,0.0
2467.7814126504804,0.0
2687.542539435068,0.0
3007.4669945457626,0.0
1827.8297052176306,0.0
1304.9613793476271,0.0
2968.4975818025764,0.0
2920.7530383615626,0.0
1699.8295719318419,0.0
2613.578218022915,0.0
1722.2067685545094,0.0
1045.6872069609349,0.0
2516.524662339383,0.0
1996.1703128241488,0.0
1589.875646901067,0.0
2157.26354840322,0.0
1696.9244500691757,0.0
13.256449526144081,0.0
-304.74008067859336,0.0
-814.5549613184107,0.0
495.26451044244766,0.0
402.36532263698274,0.0
1255.9210183028242,0.0
1539.8060263169075,0.0
1430.1756475364664,0.0
1608.8746481800772,0.0
969.2038503697636,0.0
2727.883276826731,0.0
1545.0097592543927,0.0
2414.6847180158575,0.0
1683.2052289612081,0.0
2144.5593237801268,0.0
2561.822959270209,0.0
2132.3470937375464,0.0
1655.2802400963922,0.0
3944.6075836337604,0.0
1906.9663247188234,0.0
2354.4719565809714,0.0
1333.5266474443115,0.0
396.05993741807856,0.0
1543.7415333049921,0.0
769.0872627221167,0.0
728.6477682510617,0.0
-1058.643848181952,0.0
805.8031827538862,0.0
1469.4025701138535,0.0
1648.9528467493533,0.0
1813.2692709646585,0.0
2868.5314247591605,0.0
2384.672678635559,0.0
2527.9220147987617,0.0
2825.4916599574926,0.0
3052.9704598159424,0.0
1214.2720209318736,0.0
2699.4852468828826,0.0
1897.0143118265396,0.0
966.9439076293161,0.0
2842.6188285281737,0.0
1375.8973633754306,0.0
1791.2921619339986,0.0
779.2693059177745,0.0
1610.231504265139,0.0
1312.0116774261305,0.0
1004.6826610996709,0.0
237.00095985102752,0.0
-183.57304239309053,0.0
-147.52881701472802,0.0
1095.1184088577684,1.0
298.4367379970325,0.0
891.9028719983002,0.0
2722.335365569106,0.0
604.6684967457693,0.0
474.06101305261404,0.0
1427.4225034256983,0.0
1698.7851063602484,0.0
1295.5525168222875,0.0
2227.4574966198925,0.0
1989.7989014013838,0.0
1111.7172652365534,0.0
2307.1868457779165,0.0
1414.2054462899926,0.0
2856.4211462072594,0.0
2656.2942641862487,0.0
3896.717884791049,0.0
3076.641865655934,0.0
2075.540262788806,0.0
1913.2701267583075,0.0
1073.7809982470894,0.0
252.85611933330438,0.0
-347.02911354576486,0.0
1224.1748395748127,0.0
1498.176111871848,0.0
318.34215857804656,0.0
839.1833057641686,0.0
1131.0199100887467,0.0
2410.126837695539,0.0
2851.98997481108,0.0
1490.9851508611368,0.0
1746.4656912597015,0.0
1640.269717795571,0.0
2152.5536480606224,0.0
2537.6114992386715,0.0
2908.488911169561,0.0
2176.8230119180944,0.0
1527.6069868609416,0.0
2957.9168848125028,0.0
3007.9233355216015,0.0
2259.7488546910977,0.0
2464.638155514562,0.0
2459.1032252303635,0.0
2272.296050886219,0.0
1152.9480122453074,0.0
1049.9475865154127,0.0
701.099660049619,0.0
-211.62127462125648,0.0
994.380365243502,0.0
722.2983822678693,0.0
1743.7709915774353,0.0
759.3155173944783,0.0
1277.2745253313628,0.0
2195.2516445718506,0.0
988.5101823290343,0.0
2006.1919354602837,0.0
1879.8606730025833,0.0
2074.402581787415,0.0
1873.0103783599918,0.0
824.0149661460002,0.0
2279.4585213496225,0.0
2390.814949682273,0.0
3217.295752455984,0.0
3183.5411782774227,0.0
2789.1012422464864,0.0
3141.205055023744,0.0
504.3294640622089,0.0
1988.9633737196805,0.0
1740.4529175599969,0.0
1270.3709947664167,0.0
700.5900554590548,0.0
207.13741182222537,0.0
319.0663943597116,0.0
660.9280981614261,0.0
1224.9625956566936,0.0
1858.779635443139,0.0
1817.2024387172503,0.0
912.8668565962736,0.0
3262.52439272265,0.0
1414.9009421961277,0.0
21.291922805954528,0.0
3012.340311884912,0.0
2731.34362536881,0.0
2305.256051312558,0.0
2865.804693776209,0.0
2526.8715931484157,0.0
1623.3093997022993,0.0
2457.693509488489,0.0
1121.0089180197024,0.0
1815.6256242759857,0.0
1336.9721615459,0.0
1523.059918825572,0.0
1721.7652112028063,0.0
270.6285787192035,0.0
849.466604059164,0.0
-1030.2474750330084,0.0
-265.75893580032584,0.0
980.9007662169329,0.0
1511.4511696612794,0.0
1902.4796721369553,0.0
2488.936001585819,0.0
860.864907080273,0.0
1607.1768879136062,0.0
184.85942722829577,0.0
1923.1647988721493,0.0
2113.980589005037,0.0
1641.2843464134312,0.0
1238.7210710273594,0.0
2252.3515714640744,0.0
2354.3783029670353,0.0
2145.560902177591,0.0
1534.5007134376092,0.0
1989.5058432908227,0.0
1874.4598226619134,0.0
1932.1947995839973,0.0
1751.4205335407519,0.0
869.5572597561749,0.0
-366.55312460596326,0.0
297.2220173367849,0.0
775.3915782307408,0.0
168.71870115289295,0.0
597.5250490373015,0.0
165.66852894795358,0.0
1880.4808060170521,0.0
1791.8300297575552,0.0
1872.9367770362985,0.0
2308.8163460695287,0.0
2277.2771047173846,0.0
2000.8219533412307,0.0
2415.087717413052,0.0
2344.1828097012876,0.0
1999.9411339552496,0.0
1973.9104221849036,0.0
1244.4500450095165,0.0
2188.3762001023815,0.0
2200.5784188486223,0.0
1611.736384814561,0.0
3188.065698619599,0.0
1865.0753315637364,0.0
642.146023238217,0.0
621.6004179145167,0.0
670.0589141294046,0.0
497.68247038010065,0.0
-99.79461806718916,0.0
486.08170986259546,0.0
-438.7206452058891,0.0
645.5068623564736,0.0
1660.9077871812551,0.0
1269.4031021286132,0.0
2539.0899499994625,0.0
2456.836168751131,0.0
1672.1147682188644,0.0
197.60380779793695,0.0
2683.494345836146,0.0
2941.445502012211,0.0
954.6996275877375,0.0
2470.886505233543,0.0
2623.740273337335,0.0
1313.1605275537206,0.0
2067.172946831851,0.0
3256.519868213769,0.0
2494.316504467751,0.0
2125.336062320892,0.0
2271.7844730219113,0.0
545.7218069696869,0.0
-598.1736051752912,0.0
1486.5362192420603,0.0
-25.10515270733481,0.0
470.18068203479993,0.0
1417.2710953871592,0.0
1139.1752620343927,0.0
1431.604037717892,0.0
1278.0028075705318,0.0
2242.9393149452853,0.0
3430.7055251096112,0.0
1485.1884297892334,0.0
1149.9443249646806,0.0
2156.2442458738915,0.0
1363.4184785367415,0.0
2146.996004778824,0.0
2210.474071422702,0.0
2636.7667936911894,0.0
2308.123171099067,0.0
2568.676124583547,0.0
3377.894736279372,0.0
1880.7352530165945,0.0
2063.416930680252,0.0
1712.403045605331,0.0
83.06201416324222,0.0
-6.913955831231988,0.0
233.48434918311318,0.0
169.54679435449418,0.0
1272.673684983457,0.0
659.6343120989396,0.0
2827.337290632407,0.0
949.4025917136362,0.0
1360.1974851374423,0.0
3397.026928884853,0.0
1408.6677576193847,0.0
3500.5609757101556,0.0
-180.42893465945963,0.0
1580.2656769803775,0.0
2849.1897044173097,0.0
3263.639392777135,0.0
2358.873377400509,0.0
1570.5914580253318,0.0
2174.721237188272,0.0
2871.964620069305,0.0
2407.3567062012125,0.0
2859.873281070726,0.0
1595.261350887507,0.0
2009.349726616637,0.0
1878.794702353754,0.0
2761.4753507825308,0.0
990.1352767146419,0.0
1006.7231763579563,0.0
-80.56307170178172,0.0
-321.3742728322336,0.0
-627.8011634449786,0.0
1738.4685357240137,0.0
3117.1498385976206,0.0
1885.7550976286839,0.0
180.16264605302263,0.0
1991.6078637087735,0.0
1896.619331527038,0.0
1593.310545931885,0.0
3017.0115772168356,0.0
2996.896535625672,0.0
3073.6106637747,0.0
1665.1276626852473,0.0
2442.7037584565637,0.0
1620.6502746384522,0.0
3177.9679816058624,0.0
1487.473353783667,0.0
2678.3388994476727,0.0
1589.8984219528104,0.0
1178.0658384436495,0.0
-351.86518768038945,0.0
1039.8128570205026,0.0
-747.7297832697393,0.0
-354.4620563274858,0.0
-2.7747410014297884,0.0
2337.483364023613,0.0
1504.2288279832214,0.0
1166.74815823178,0.0
2142.4346517108947,0.0
3415.6406168971534,0.0
1679.8568859381066,0.0
1152.5678191255188,0.0
1205.501957574833,0.0
1925.1951265464024,0.0
3044.660103116613,0.0
1969.5328692877608,0.0
1876.3447662798596,0.0
1380.4991449399843,0.0
1339.9763323706154,0.0
2776.8169167227265,0.0
2295.8304513296457,0.0
2096.9518139506863,0.0
466.7986083352033,0.0
1339.3267453191297,0.0
802.112568025449,0.0
1591.9895242510772,0.0
1183.1593549456102,0.0
293.3992605524469,0.0
763.113338229911,0.0
987.5409655963252,0.0
1106.621595936477,0.0
941.21785680679,0.0
2304.9860611731838,0.0
3202.6270586093992,0.0
1724.989191092917,0.0
3004.107135602626,0.0
1433.866976331835,0.0
1610.1535522241227,0.0
1771.3198643001108,0.0
1593.9756094651577,0.0
2610.1834684458227,0.0
2740.091284910539,0.0
80.43875241829505,0.0
2317.172174162233,0.0
1883.525157439388,0.0
2730.898520506623,0.0
575.0491214467143,0.0
957.8378875396536,0.0
1468.645343924055,0.0
1153.352226249379,0.0
1493.6117791992692,0.0
-76.57477313961203,0.0
-16.83703339933794,0.0
1030.7785567207056,0.0
-57.51943066190188,0.0
1714.626759046198,0.0
2271.3611536237763,0.0
1704.0089783125875,0.0
674.2706874981925,0.0
1156.6926693742212,0.0
1284.0469925467994,0.0
1941.4388760919196,0.0
1866.4960279653726,0.0
1543.4162327242568,0.0
679.8885968602303,0.0
658.6963732248164,0.0
1227.7998842475781,0.0
1164.368964665317,0.0
1473.1866226184297,0.0
897.6576577790432,0.0
1215.5693745925014,0.0
455.4738874342703,0.0
736.5159007762654,0.0
480.3290226439148,0.0
879.3503181978969,0.0
-268.47159880344736,0.0
-125.61987630620706,0.0
-84.67464588817597,0.0
1115.3395049420858,0.0
1916.0446836764022,0.0
2528.480270087119,0.0
2048.09970846075,0.0
1854.0976572927646,0.0
2451.435641613114,0.0
1946.3524702812228,0.0
1377.6110367878832,0.0
2743.077578289451,0.0
1875.481627164201,0.0
1064.78106234502,0.0
2100.79130893411,0.0
1689.0210713236825,0.0
2167.657680584619,0.0
1574.8552691597204,0.0
1698.5182256315506,0.0
891.4842437737705,0.0
784.143027533381,0.0
866.0846998604668,0.0
589.8575514579304,0.0
344.37145186454717,0.0
1020.7378459451859,0.0
-516.3349733762007,0.0
832.1312360036826,0.0
1976.701611607226,0.0
1771.445684581611,0.0
2632.82300408182,0.0
1195.1748364907564,0.0
2669.4040303675774,0.0
1487.4767999214612,0.0
2657.5749047246463,0.0
1931.2621260390483,0.0
2560.2522985014075,0.0
1366.9032062238734,0.0
2009.5880815843407,0.0
832.7874110246971,0.0
2545.0939355702385,0.0
2802.655573213502,0.0
2550.8782554519375,0.0
2936.165462040165,0.0
1786.779621281597,0.0
1012.3645254434026,0.0
886.5134641972243,0.0
104.34152149270233,0.0
967.0456237517113,0.0
562.467729891691,0.0
710.3091755552146,0.0
589.6467592693949,0.0
986.1521631699004,0.0
933.0785748205586,0.0
1344.5984059002567,0.0
2252.156580069914,0.0
514.901691496585,0.0
1959.3120462874476,0.0
4360.740775403205,0.0
2027.4980543930792,0.0
1797.2678812268634,0.0
2313.5045020537536,0.0
2115.4135284493736,0.0
2346.3121640431814,0.0
2516.716796097845,0.0
1755.3938409581965,0.0
3089.4433185270955,0.0
2213.4640626939654,0.0
2270.181194827915,0.0
1086.6150153821814,0.0
1351.7317824538563,0.0
545.4038939746141,0.0
2465.6143642753727,0.0
1198.806229751731,0.0
1440.5184232220734,0.0
800.2581065808824,0.0
341.69802372843844,0.0
1412.1100123798171,0.0
2188.7353694526932,0.0
1997.8751388563633,0.0
1494.981844943717,0.0
1230.3344775665125,0.0
1021.7014911312198,0.0
1627.2814707820125,0.0
2474.577665509873,0.0
2516.869654903138,0.0
2502.7980174177856,0.0
2038.4040401469933,0.0
2290.1952340146527,0.0
2179.5257008903945,0.0
2121.9925054058517,0.0
2193.769491202506,0.0
1892.2577682629399,0.0
1019.1928508003859,0.0
543.4759972567994,0.0
1453.263079312092,0.0
1207.4529169073016,0.0
-1060.9078202490944,0.0
652.9426570447431,0.0
1039.9305515953915,0.0
1669.426979198435,0.0
64.36641601718588,0.0
549.967514894746,0.0
1388.2045353203762,0.0
1703.9897539752146,0.0
942.6749994434538,0.0
2533.580960230358,0.0
2316.437116361516,0.0
728.9844984315573,1.0
1170.9090507018286,1.0
1149.8710232031904,0.0
2000.729093370172,0.0
603.4048609266447,0.0
2566.837387233109,0.0
2648.8895525523462,0.0
2064.246923695655,0.0
631.6881754649116,0.0
947.139173279487,0.0
1167.872410356002,0.0
-406.2912974947062,0.0
495.8302590487729,0.0
818.227553762132,0.0
-188.9256064808519,0.0
201.8619811202347,0.0
1820.6775506305398,0.0
1983.6255644394857,0.0
2599.3317917524987,0.0
1851.0549518297016,0.0
1206.7830750697417,0.0
1572.078185059516,0.0
1286.2763700973844,0.0
1400.0525620251824,0.0
1893.8791385229908,0.0
2716.9241751211875,0.0
1987.6833420514274,0.0
3042.1651339575483,0.0
792.7957267875897,0.0
1679.127485702811,0.0
1701.6958022121523,0.0
426.04027215169003,0.0
81.13989376137738,0.0
724.5961777201239,0.0
639.5945080625719,0.0
656.6617951937243,0.0
359.8053606790572,0.0
98.20900512938584,0.0
-586.1265766760473,0.0
557.4871959319195,0.0
1989.8655955672457,0.0
1506.6735486158295,0.0
1067.18602785112,0.0
1736.408068004031,0.0
1798.0078884653578,0.0
2377.212117066717,0.0
1259.8920236187887,0.0
1927.2141759192455,0.0
2014.752913875646,0.0
1541.9247626380961,0.0
1889.5126031212421,0.0
1664.1336238386057,0.0
2040.1804633968245,0.0
2137.1541792411,0.0
1260.0639906665015,0.0
1768.8996759095903,0.0
2414.450699010565,0.0
930.9809868407261,0.0
-722.0682236775062,0.0
1384.4192196113809,0.0
217.33052387705007,0.0
460.57144430985977,0.0
710.8850283476063,0.0
441.55733320490083,0.0
586.5622556947791,0.0
1222.4894743074474,0.0
2002.98792440612,0.0
1697.019679501664,0.0
1855.957645528222,0.0
3500.821902715202,0.0
2173.8917092864594,0.0
2595.5022142929374,0.0
3583.5152627567886,0.0
2353.4558991153945,0.0
2214.072998660961,0.0
2112.9593472595793,0.0
2535.8916517936527,0.0
3738.2750510823826,0.0
3154.1559440233145,0.0
1976.980871816775,0.0
1006.9522937154152,0.0
1370.6423223507052,0.0
1764.4673883415956,0.0
36.3331701121657,0.0
1438.704340846573,0.0
563.7601576316229,0.0
428.7877674900222,0.0
601.8449733531161,0.0
886.5441474967298,0.0
1277.0316274843744,0.0
2507.493949156893,0.0
777.9850485871652,0.0
1591.1315418509491,0.0
1821.4732605154359,0.0
1083.772830376157,0.0
1614.98847515407,0.0
1086.7366598149374,0.0
2381.2420171768663,0.0
2526.430084054964,0.0
1529.5595803984093,0.0
3376.7368671816507,0.0
1561.0057463102794,0.0
1138.4671630709076,0.0
978.5489895110552,0.0
1628.9366195895707,0.0
-780.5369774479645,0.0
429.3862651233182,0.0
500.7857434903433,0.0
873.2465397830584,0.0
19.06988314331403,0.0
1125.5401040937672,0.0
461.3374036779311,0.0
1693.3838233260494,0.0
605.1202864033721,0.0
1595.7527466903462,0.0
1284.7038952154373,0.0
1688.554543599638,0.0
2978.4898784300394,0.0
1674.3075206832173,0.0
1626.2480878077652,0.0
1571.0431612232496,0.0
1905.5016277400903,0.0
436.55940687647853,0.0
2440.5494762994313,0.0
1243.0509241584168,0.0
914.2658884215548,0.0
2367.1671513823308,0.0
1045.1077779391994,0.0
1371.257510237496,0.0
1346.7832272883907,0.0
361.21820326447653,0.0
-432.6700623857313,0.0
259.01838268950087,0.0
1650.656872572436,0.0
404.8003473799256,0.0
1896.7130935496343,0.0
2154.735077724262,0.0
539.2239861208608,0.0
1980.1260164918285,0.0
686.5374689650552,0.0
1922.712614042822,0.0
2004.629918039517,0.0
1455.2449758454538,0.0
495.72549497589876,0.0
1165.6894596513682,0.0
1540.596385153484,0.0
2232.466602478732,0.0
2031.8503927055842,0.0
2277.42621916639,0.0
1936.092688068848,0.0
972.184339411079,0.0
1775.451747925537,0.0
2105.9351990119685,0.0
133.79671271905318,0.0
-307.3484596284335,0.0
-1108.75359668303,0.0
1474.986136006306,0.0
-461.06552710705466,0.0
1116.9461571940365,0.0
845.6169721367831,0.0
1207.864111073859,0.0
1442.154295668459,0.0
2747.331947840292,0.0
2788.1703179781025,0.0
2032.2537473063053,0.0
1295.4216930500857,0.0
2553.396346563801,0.0
2121.593791948576,0.0
1872.7162055011681,0.0
2182.608362460885,0.0
1304.1276256002818,0.0
2445.424834976572,0.0
1725.9592349058892,0.0
1771.3370121990945,0.0
1118.6262306527922,0.0
1721.9956389817683,0.0
1602.083839895709,0.0
-257.5335035942776,0.0
662.7797659233045,0.0
930.201515339093,0.0
1454.880371212818,0.0
1031.2272727700706,0.0
-158.9363352493977,0.0
1271.2271221873334,0.0
1282.867406876111,0.0
1281.074649726847,0.0
1095.8178334971717,0.0
2219.3816643262016,0.0
2320.815257142286,0.0
1458.149832213417,0.0
2152.2178680174234,0.0
1599.7745760930766,0.0
1405.287708044129,0.0
1400.895505379,0.0
2492.5343177054056,0.0
2257.032916336993,0.0
2108.9335272265616,0.0
1999.3141639716978,0.0
2044.2634771359876,0.0
2187.3481301654956,0.0
232.18795179456106,0.0
1422.9721931669628,0.0
-146.38113541040195,0.0
307.10679589342186,0.0
505.67578393317484,0.0
476.46060548101684,0.0
805.327281802624,0.0
85.89354447686344,0.0
2337.4032081815894,0.0
2261.1665178427497,0.0
2180.7535126367275,0.0
2188.234854943044,0.0
1511.8872126033673,0.0
536.0875671037413,0.0
555.8869875413918,0.0
2010.4557790917875,0.0
86.04953054158341,0.0
3081.935806477717,0.0
2452.512822523579,0.0
1570.1334901939003,0.0
1951.1460056975507,0.0
1261.6690972226236,0.0
2215.641186638287,0.0
2294.5348693546125,0.0
2079.788555539008,0.0
-78.74089562642769,0.0
1356.9122473288785,0.0
638.1521893893353,0.0
435.7338150770949,0.0
489.55682974333877,0.0
858.409379595278,0.0
2222.8621585417204,0.0
2461.029397343815,0.0
2254.3021351024972,0.0
1540.5399358175753,0.0
1802.3165793438338,0.0
2693.3496092022488,0.0
2458.398400096329,0.0
1672.6679125409419,0.0
3458.1515465708217,0.0
3770.0312566670354,0.0
2763.349726109432,0.0
2310.2920363078147,0.0
2478.8167876506354,0.0
1897.3492099995492,0.0
2049.4019669739705,0.0
3105.847511433462,0.0
2135.0462728907905,0.0
2083.853937801393,0.0
2789.8499218182224,0.0
888.1374583196368,0.0
525.5949791265258,0.0
620.3077667866663,0.0
752.2735515190398,0.0
1622.973181254908,0.0
1077.9694714131606,0.0
2261.081305263632,0.0
1109.5362254961133,0.0
1360.9890330182743,0.0
1859.1954187930824,0.0
2607.1385128484717,0.0
1546.6750153911753,0.0
3089.4020575803224,0.0
1342.86948140461,0.0
2116.8876257638044,0.0
2235.6935359688787,0.0
3489.315703617641,0.0
1933.8460428962985,0.0
1866.7744639958387,0.0
2532.6141356252283,0.0
3146.999631290517,0.0
2664.5746422287343,0.0
794.6585826333794,0.0
406.80055821291967,0.0
-231.0135472904267,0.0
1700.4007577930463,0.0
825.4685373313232,0.0
936.3782931599371,0.0
-742.5662443688338,0.0
1373.7148436414016,0.0
1529.6236094336828,0.0
2503.6153778867333,0.0
957.2534869332815,0.0
3016.5418133763224,0.0
2472.5513337999323,0.0
2574.5463871976604,0.0
1477.2961807544878,0.0
3618.4897501627383,0.0
301.32613423264286,1.0
2755.633382486484,0.0
2659.152652757277,0.0
2664.858147684565,0.0
3013.7277176009025,0.0
2855.621302305408,0.0
3702.5127777111247,0.0
3115.443310928933,0.0
1116.9849525510897,0.0
1121.2453290748626,0.0
1363.5662724102417,0.0
276.76737256202125,0.0
602.9725432708333,0.0
1390.2467502765253,0.0
1096.937499258135,0.0
978.2126900671065,0.0
2125.764613164547,0.0
2571.6008165884055,0.0
2479.814660524189,0.0
2125.86488790025,0.0
3443.827667880859,0.0
1239.6229930732432,0.0
2590.1781227584584,0.0
2540.0424505492456,0.0
1578.5137819130268,0.0
1990.7702491807981,0.0
2227.1881527372984,0.0
2557.952583053003,0.0
2598.9834296664058,0.0
3071.7516322912206,0.0
3491.1204345654087,0.0
2153.0350697300555,0.0
1720.5792977737397,0.0
1295.913989608543,0.0
-614.5258249795829,0.0
443.11802493360767,0.0
-567.8661153436026,0.0
104.35065658760686,0.0
35.21483836084542,0.0
1853.1976614871542,0.0
1405.5967487260143,0.0
1521.1710181222834,0.0
2588.09630169139,0.0
1939.1605120859315,0.0
1153.7293685035893,0.0
2660.716078317452,0.0
2964.50406381639,0.0
2070.998299247181,0.0
1199.950025543701,0.0
1914.0266402033944,0.0
1873.194474774338,0.0
3448.3668802976354,0.0
1871.932297365926,0.0
2786.4641873682654,0.0
3360.7169097430024,0.0
2311.6232282621404,0.0
1799.0582188171568,0.0
1953.6756112345793,0.0
1170.4891748873883,0.0
-544.7553164316557,0.0
1128.704060784051,0.0
-1035.4296646225632,0.0
103.78238869044509,0.0
1383.1442040435968,0.0
193.92924295199418,0.0
2563.8117826865323,0.0
3731.099854619534,0.0
2018.0434138133385,0.0
809.6049614678211,0.0
3152.6717263144537,0.0
1339.8840958896876,0.0
1164.3954191517582,0.0
1081.7144529744833,0.0
1742.9735504680184,0.0
1647.169854061541,0.0
3348.678355767518,0.0
1425.3685407287348,0.0
789.6029111276084,0.0
917.3589483181681,0.0
1461.3069198711655,0.0
2471.0787009877777,0.0
-116.00545219025048,0.0
306.88080083392055,0.0
945.8762046643678,0.0
164.8121884349295,0.0
155.99381402146832,0.0
114.21879534535003,0.0
896.4227520253256,0.0
484.9246177047005,0.0
2409.8475256900983,0.0
682.2089680621057,0.0
2468.0892723981397,0.0
2630.0187553142714,0.0
1994.28078940569,0.0
1641.511259769898,0.0
2677.425328023896,0.0
1346.032089192513,0.0
2121.7821872684053,0.0
1725.3769236353246,0.0
2391.3131707360894,0.0
1847.577026224189,0.0
2019.6587875955943,0.0
2777.8294259038976,0.0
1935.4104439267655,0.0
1356.7944447553405,0.0
1845.5315513379019,0.0
-799.7385267960929,0.0
42.99104868164204,0.0
438.6329833161842,0.0
1404.4423857722563,0.0
-133.69984223355812,0.0
894.5635558301043,0.0
2049.4729968568663,0.0
1125.2583337796732,0.0
1880.5327975965154,0.0
2366.731045463765,0.0
1881.7872959336385,0.0
2677.537781944171,0.0
2855.5662745282193,0.0
2008.7792948123538,0.0
2630.9781069175833,0.0
