14.745569729790487,0.0
11.163656554025636,0.0
23.87330929501223,0.0
12.673298874949822,0.0
12.916134077320391,0.0
19.295894558397826,0.0
7.528371762341663,0.0
10.400219073637013,0.0
14.082786280930538,0.0
12.760285072327296,0.0
7.396792445999896,0.0
8.268379317158642,0.0
5.115837701707505,0.0
7.393560506965035,0.0
-3.6111666968203737,0.0
-0.48919014643030145,0.0
8.431715818823948,0.0
12.556201188225462,0.0
-1.4991078330085426,0.0
10.704307049359379,0.0
3.8411077766144848,0.0
5.9688441210655,0.0
8.13989426319084,0.0
10.481388738910095,0.0
18.904020877645298,0.0
14.73090233508559,0.0
13.058696599542767,0.0
10.498378183619756,0.0
10.665329062554449,0.0
10.647092730140368,0.0
16.8412207630397,0.0
10.069509976371611,0.0
14.884932321971048,0.0
12.474508097138731,0.0
11.4323482883921,0.0
10.178821853006967,0.0
6.654691859957642,0.0
10.37031302888457,0.0
2.995260300439887,0.0
9.702996613806702,0.0
1.3233676426050276,0.0
1.6519702734322972,0.0
5.888216600879581,0.0
8.781023872689216,0.0
9.404000172772788,0.0
15.385611814343939,0.0
17.19830081826582,0.0
13.95199774270209,0.0
9.32028904471921,0.0
11.763881305029381,0.0
18.445841866112907,0.0
13.822663210587525,0.0
6.205296575480773,0.0
10.302410475623674,0.0
-2.6140352999708316,1.0
5.21529857541799,1.0
12.81460320519347,0.0
22.32006668635185,0.0
13.23548407208327,0.0
7.899751670999191,0.0
5.975623099514811,0.0
10.125993306882997,0.0
2.4993425603072863,0.0
-0.3569496711134619,0.0
6.908242335863223,0.0
5.282748789671036,0.0
12.072122057571676,0.0
8.617106399470114,0.0
-1.9128785007388576,0.0
15.85462660317238,0.0
5.038438416545111,0.0
20.956082042841185,0.0
22.782493721036424,0.0
12.890433699666298,0.0
9.556609393287141,0.0
8.774111743805392,0.0
18.543841640397485,0.0
14.777361712256898,0.0
12.917160495408673,0.0
15.13041596887318,0.0
26.781794030091454,0.0
18.1591721569888,0.0
16.97098742335412,0.0
14.506990538283272,0.0
12.410856203000378,0.0
10.864682491501657,0.0
1.3831546897927334,0.0
2.8014430000944057,0.0
0.04156875519523373,0.0
1.1499050182876696,0.0
11.286324351503438,0.0
5.022185764202309,0.0
9.477843213047938,0.0
8.295588062205725,0.0
9.986188456701404,0.0
16.798031020234422,0.0
11.937154907553964,0.0
11.257748383306382,0.0
16.675132903268103,0.0
17.00261020986155,0.0
18.21734902614788,0.0
18.26959596791771,0.0
10.768916739455964,0.0
22.077979738605197,0.0
18.887841805074483,0.0
21.47735064956241,0.0
10.759879551938123,0.0
23.782488398276406,0.0
3.3296057220518183,0.0
9.196961901320613,0.0
4.961343420564188,0.0
1.74061572411766,0.0
7.42966796502337,0.0
3.7011447374876187,0.0
-4.140792440086406,0.0
2.596623119228882,0.0
11.60292610941177,0.0
21.48302074656356,0.0
5.948202478058774,0.0
12.977913254218416,0.0
19.741494546922684,0.0
15.534732601952882,0.0
11.67301608009388,0.0
7.439168898940105,0.0
5.869439242746594,0.0
11.110587146904326,0.0
12.879182061063753,0.0
4.951348008545484,0.0
7.874365261234201,0.0
16.693312471629056,0.0
11.548525680475112,0.0
6.90906324569387,0.0
6.895750394678141,0.0
2.65018705348386,0.0
9.441668059255754,0.0
11.661704504878816,0.0
12.811907390887608,0.0
7.386956257645169,0.0
9.424869777785524,0.0
15.271281172464477,0.0
18.99871048818679,0.0
19.43941459265893,0.0
20.113281564481376,0.0
12.54248147847491,0.0
8.386505440411199,0.0
20.24031320251335,0.0
15.419054097563992,0.0
16.485823348744002,0.0
12.596102157705998,0.0
10.068368904342247,0.0
23.058939199761078,0.0
18.458080533247784,0.0
11.210215959141419,0.0
17.956917715372516,0.0
15.83692630161351,0.0
13.453620467495318,0.0
18.955188691412786,0.0
6.53020209327776,0.0
-0.762557971570371,0.0
3.6544026465026085,0.0
0.46694081263630105,0.0
6.064999256097492,0.0
5.940713776176585,0.0
10.551128569114985,0.0
10.006289166377893,0.0
14.790002044332446,0.0
11.146803233730479,0.0
16.785880564600383,0.0
13.769014757881761,0.0
10.64397033186243,0.0
18.632610659557066,0.0
13.760189962473952,0.0
23.30108748106201,0.0
18.866073698387087,0.0
19.752065406508567,0.0
19.89004171072039,0.0
23.848460538612215,1.0
13.179685501490239,1.0
23.514766993658306,0.0
8.224063896035357,0.0
12.317998628516413,0.0
4.609284305356868,0.0
4.814628952563617,0.0
2.4702445545147134,0.0
-0.2009217948760531,0.0
4.856412231220761,0.0
8.815560786591933,0.0
6.610268855490652,0.0
4.827953808793676,0.0
8.984823683163887,0.0
13.920312210820411,0.0
18.154001099456806,0.0
17.291178947659695,0.0
15.664504718807265,0.0
10.833012868292553,0.0
18.452689916543136,0.0
14.77136582380474,0.0
13.939852966041201,0.0
20.063386356694366,0.0
20.441469758185548,0.0
19.550183451944864,0.0
10.39390589110192,0.0
11.850779963603442,0.0
3.607574709046297,0.0
8.6583053344048,0.0
5.815818685542777,0.0
8.551108612924972,0.0
4.544666236714145,0.0
2.786555127985248,0.0
14.741053218137697,0.0
1.959652848306476,0.0
1.9470640267712271,0.0
7.452441968326621,0.0
14.039401839139304,0.0
10.328697003442178,0.0
10.630292547965267,0.0
7.619855662149894,0.0
20.307017914736036,0.0
11.76394569425833,0.0
9.225797441100502,0.0
14.411509394277086,0.0
11.100381178769783,0.0
14.659178421114314,0.0
22.334619798984697,0.0
14.88598210626619,0.0
15.645758802518012,0.0
11.41740855581621,0.0
10.209904050362757,0.0
11.155480688089197,0.0
7.660505858193871,0.0
2.3309481085652966,0.0
-0.7696964263140926,0.0
2.7713738732704503,0.0
8.159949716392253,0.0
6.3108972268217105,0.0
7.456172637260927,0.0
1.7049121840918122,0.0
15.81239905703976,0.0
5.265607519508958,0.0
6.7078255439808805,0.0
11.350032850147286,0.0
13.447978411872427,0.0
13.029040166888555,0.0
10.408156562495211,0.0
12.920954363483194,0.0
11.504766438687843,0.0
7.329867417063927,0.0
14.699544716384375,0.0
13.157389161004703,0.0
17.130153642508958,0.0
12.368672736519462,0.0
14.55084915994441,0.0
10.907912004145976,0.0
9.43798960327815,0.0
9.450670520608226,0.0
6.109755157491801,0.0
2.982330245572179,0.0
11.322460697902837,0.0
1.534037998698869,0.0
7.681335152055073,0.0
13.623292996152966,0.0
9.656463378573505,0.0
14.911679491140422,0.0
8.953836361031907,0.0
10.511359521213208,0.0
16.269420243703706,0.0
17.373936823583442,0.0
19.60162932405715,0.0
13.79451778364179,0.0
16.447106828742804,0.0
18.10048699347019,0.0
18.433545573810964,0.0
10.030527480315095,0.0
12.890771816808957,0.0
19.893370188793877,0.0
4.898113684565643,0.0
10.215430390107631,0.0
3.419726090931123,0.0
8.295336413203561,0.0
-0.029742272286345628,0.0
3.8126523390804463,0.0
-4.450566563078676,0.0
6.453341720127982,0.0
13.414327664825079,0.0
3.6171190992686357,0.0
17.092111314678924,0.0
8.704402299365883,0.0
12.356409101021443,0.0
0.5423359516496777,0.0
18.120295915513935,0.0
10.197437610991809,0.0
11.177321365869297,0.0
7.883259288326761,0.0
9.576403684282472,0.0
20.52179693537841,0.0
13.130751948099395,0.0
20.419989215046634,0.0
16.01011974338469,0.0
14.93963075297578,0.0
8.84853898744807,0.0
9.956407134061745,0.0
17.2143984963731,0.0
6.736532080697329,0.0
5.43491247792333,0.0
1.1502831077855644,0.0
8.229786332080417,0.0
11.952501801663058,0.0
0.5491390802955962,0.0
4.908780095909298,0.0
21.91431260937771,0.0
15.887598433976416,0.0
15.11987322169663,0.0
19.117184824704037,0.0
20.224906905740532,0.0
19.688093550734017,0.0
15.491772691272647,0.0
25.845925286350067,0.0
15.792760035470483,0.0
12.358795402017956,0.0
14.090134116261414,0.0
16.55837539266514,0.0
13.973626088133116,0.0
13.651993189988497,0.0
13.464604569945047,0.0
-6.475763983325139,0.0
3.308100760614309,0.0
8.596575423630462,0.0
6.137590383069455,0.0
-0.05854990895871692,0.0
0.8816241764391086,0.0
10.706087422121639,0.0
6.915453209415914,0.0
8.079022719159328,0.0
21.436430243989637,0.0
11.92819136372855,0.0
17.158627579584017,0.0
15.081976670326393,0.0
16.49637605544353,0.0
11.709731346138422,0.0
12.82846044511749,0.0
22.626397949835123,0.0
11.72052331294935,0.0
21.056139157266248,0.0
12.841786115226961,0.0
15.578164213009327,0.0
16.537448743634876,0.0
6.792111766627976,0.0
15.445003790361124,0.0
7.311948687141142,0.0
10.259103098489032,0.0
-0.20681593255497432,0.0
7.881793143270321,0.0
14.230107206388743,0.0
5.974577166930413,0.0
3.3560678928895267,0.0
10.442587855319212,0.0
10.080781561450538,0.0
9.250452728615768,0.0
11.082018673343757,0.0
10.199688212347562,0.0
13.203915436541692,0.0
9.564092645511275,0.0
8.26505248233103,0.0
17.648426427240764,0.0
13.401688740124975,0.0
26.410958030189416,0.0
14.39340965529547,0.0
13.51320891461348,0.0
15.503183025147992,0.0
17.461706849553572,0.0
9.180889687615593,0.0
4.469833140309205,0.0
14.336065678897116,0.0
-0.8784908023082361,0.0
10.72690482165088,0.0
3.6944416335149204,0.0
-0.6164457904999763,0.0
12.749109680518483,0.0
5.099244845598752,0.0
3.315846056560864,0.0
9.417108772879331,0.0
16.678091325389627,0.0
15.026975210272894,0.0
15.134345479599673,0.0
20.286158853153637,0.0
13.551194766435167,0.0
14.514249213882483,0.0
12.800793579564541,0.0
9.28526660293802,0.0
14.8163783150952,0.0
23.254609275642245,0.0
8.474169598177134,0.0
22.963887782557318,0.0
16.32013743032564,0.0
8.992342327934074,0.0
10.640972527312645,0.0
15.416315139751461,0.0
2.447965520082187,0.0
7.077238893645077,0.0
8.044457311526886,0.0
-0.9549372181257909,0.0
7.07043060845127,0.0
8.85183935848353,0.0
6.000384323406463,0.0
13.342173294727331,0.0
9.66365342891179,0.0
9.048563962772688,0.0
6.943094756007287,0.0
13.90786857874951,0.0
10.904989554175351,0.0
10.094441638449544,0.0
8.404207485195062,0.0
7.951231315943337,0.0
10.581821003329008,0.0
18.312872933741332,0.0
12.432976215932534,0.0
23.102387394918175,0.0
19.009597717538096,0.0
14.069999036457956,0.0
4.633728182781323,0.0
16.00877176977287,0.0
-1.364945795936955,0.0
6.188200070196602,0.0
11.204800758892928,0.0
2.803876128221866,0.0
1.438703762423291,0.0
6.576598266944702,0.0
12.103786565629449,0.0
16.280549017739634,0.0
14.47651946587164,0.0
7.336269868360152,0.0
10.263712269604314,0.0
14.157845847384932,0.0
7.319835639537476,0.0
12.229455877507117,0.0
23.553927862671728,0.0
9.821319881826273,0.0
19.77770801780447,0.0
11.432189101354584,0.0
15.461153348440856,0.0
16.952815194908887,0.0
8.208857656432382,0.0
12.916912763301799,0.0
16.146368051934875,0.0
11.226255710427179,0.0
8.923917099486683,0.0
0.7584064909741963,0.0
2.85007786163986,0.0
4.265055820203062,0.0
7.084336711295238,0.0
11.894916279210605,0.0
2.9801721223665547,0.0
17.993564336638272,0.0
10.063458824995454,0.0
10.760434441142671,0.0
7.2106419338546885,0.0
12.017946982939865,0.0
11.529832201903478,0.0
7.3395009928319626,0.0
12.068961412622865,0.0
13.33453735219297,0.0
12.283308028924385,0.0
17.655767791384648,0.0
10.353252077678853,0.0
19.241667512075722,0.0
13.715536943761977,0.0
13.744764222523456,0.0
1.361462048379508,0.0
8.423313073109123,0.0
5.324066270464156,0.0
7.945047842340303,0.0
-2.2322173410868764,0.0
8.552702175454582,0.0
-1.0949547845852203,0.0
12.046311362645085,0.0
10.878136551875189,0.0
8.32517154494347,0.0
23.063933602230982,0.0
8.484152975820837,0.0
13.177639734921925,0.0
14.85357419550278,0.0
17.403944986041985,0.0
16.12938991859078,0.0
19.344735389849227,0.0
18.075851328946573,0.0
15.630874877781233,0.0
11.308528831573089,0.0
13.967761452473475,0.0
20.681995086176826,0.0
9.996870194757046,0.0
13.71937854328169,0.0
1.7325806362213996,0.0
4.786769469895541,0.0
-1.4750833123286107,0.0
9.998866045595426,0.0
-4.165621196833013,0.0
2.944250745921175,0.0
7.651941649148142,0.0
8.545518138374343,0.0
11.59912248190452,0.0
15.456095772191903,0.0
14.27448473094772,0.0
17.406050911461744,0.0
14.54216105149393,0.0
14.568984691266165,0.0
7.272177377315911,0.0
17.06968316414976,0.0
21.365883272808098,0.0
11.841043208842004,0.0
10.153162810918678,0.0
16.98447673676257,0.0
22.06393212683038,0.0
22.885678079117298,0.0
7.234531316113026,0.0
13.45486113932104,0.0
5.841824241816006,0.0
7.772638283046037,0.0
-6.069483096181556,0.0
8.13880084637042,0.0
1.9331667617767374,0.0
5.04468316677537,0.0
3.9692719485202197,0.0
2.188097693965042,0.0
10.364951029695161,0.0
8.124342585844236,0.0
8.069895314797968,0.0
15.850217815518388,0.0
15.114331974405891,0.0
14.934320347290912,0.0
18.847671476906438,0.0
11.383456414397477,0.0
14.004798339116025,0.0
17.31217002019834,0.0
19.28510479024709,0.0
20.67768226711194,0.0
24.9251165321652,0.0
16.719907463761224,0.0
10.884326780542242,0.0
18.427531701487315,0.0
14.481201541377803,0.0
4.065951680496839,0.0
6.938821185352296,0.0
1.5917793834625602,0.0
-4.026878447020074,0.0
8.729345397263824,0.0
6.784509578617969,0.0
7.44359471570493,0.0
15.616984178740294,0.0
16.280734144614033,0.0
8.421771875291656,0.0
7.882807386873527,0.0
4.500365294355587,0.0
13.43801845838605,0.0
11.981115270489633,0.0
15.266394873521026,0.0
14.179588354503531,0.0
10.399802307417406,0.0
13.222002359964954,0.0
8.44272622958044,0.0
22.777609945679874,0.0
13.99849578593522,0.0
17.043958447816788,0.0
8.220513953751551,0.0
8.668052844044846,0.0
8.796120331102246,0.0
3.6070665968290756,0.0
-0.5558048788541283,0.0
13.824418618980172,0.0
3.400662802166751,0.0
7.811141056747786,0.0
7.012711528627361,0.0
5.986538070518013,0.0
16.39566223484703,0.0
13.096643442002073,0.0
13.647753700705218,0.0
2.3487928887718397,0.0
13.766564104432904,0.0
17.207949732668297,0.0
14.151354807251925,0.0
13.02178768847136,0.0
18.892181635946795,0.0
16.813890063539024,0.0
18.941114343979056,0.0
19.473182343503392,0.0
19.889323337578148,0.0
7.539747717210866,0.0
12.2339560605539,0.0
4.746366532953896,0.0
-3.0615780303170137,0.0
5.544741462501172,0.0
-4.4906483366370455,0.0
1.496725670248448,0.0
-6.772853091089441,0.0
1.0879037043650532,0.0
4.85475416845339,0.0
8.957565313486432,0.0
8.10701975185265,0.0
7.462212714728004,0.0
7.7920922532689385,0.0
19.37104841344305,0.0
10.693138329188836,0.0
12.700322526320408,0.0
21.832208429779854,0.0
6.357383805982093,0.0
5.3301552370003,0.0
9.650957936504446,0.0
13.335275799365785,0.0
11.290125772177436,0.0
15.067207219788287,0.0
12.568020401809719,0.0
3.7293483841251716,0.0
8.49448285380928,0.0
-0.8162942407970579,0.0
7.36041282171449,0.0
4.020957717665444,0.0
13.04205793458509,0.0
7.389040648600112,0.0
5.185193469998509,0.0
8.897868745284876,0.0
9.536481704906594,0.0
7.7064115278266865,0.0
5.515699177119419,0.0
17.367473619860554,0.0
20.20265969073227,0.0
10.298045185123842,0.0
11.631266124444586,0.0
11.42077288652854,0.0
18.555970659518444,0.0
19.95073497906008,0.0
11.208572062668502,0.0
14.333359108213529,0.0
13.05632208763688,0.0
16.44480815678921,0.0
16.512782055652757,0.0
15.613669644757113,0.0
7.51238278474468,0.0
2.341812202642548,0.0
6.687755926696553,0.0
6.4399410239873465,0.0
1.3989924877721536,0.0
3.6054442379428133,0.0
6.5231371646235505,0.0
11.421344678092328,0.0
10.1074422671323,0.0
13.773109321218117,0.0
14.178737193653243,0.0
9.412297584736622,0.0
17.937954215187162,0.0
15.513134688455924,0.0
19.673644343441364,0.0
9.425941181488561,0.0
12.55458700272268,0.0
16.12602345003972,0.0
7.306771849441395,0.0
14.743517224544144,0.0
14.06543190027247,0.0
13.815948791782203,0.0
12.53680598326345,0.0
0.8785361063748418,0.0
8.527239391659569,0.0
6.08035624070047,0.0
8.784362156128413,0.0
10.282056764293662,0.0
4.488975858539309,0.0
6.982255193445929,0.0
-7.144887266303622,0.0
9.141129213318036,0.0
13.421905595944466,0.0
15.557691975736189,0.0
14.11679348926727,0.0
11.477778357885382,0.0
12.949401012891753,0.0
14.724380305424125,0.0
16.4875490032333,0.0
19.244541983921344,0.0
15.152731902293612,0.0
9.942806657872673,0.0
23.11379691661015,0.0
12.005694280441379,0.0
4.360777590555903,0.0
21.968232935563073,0.0
17.975844685899766,0.0
11.151983841328166,0.0
11.732654804109586,0.0
8.091700409406517,0.0
0.5805619870643386,0.0
4.200472885943193,0.0
-2.2352811434932005,0.0
0.9848162036245309,0.0
2.179469084500518,0.0
8.089836529320356,0.0
14.103153662187825,0.0
7.154495770705863,0.0
13.21971504838648,0.0
2.6520256231008528,0.0
7.943361223245832,0.0
15.14203160603039,0.0
17.085068988146773,0.0
17.597645724893386,0.0
18.386124717309478,0.0
6.83408439003246,0.0
12.232575641579274,0.0
4.66523173264496,0.0
16.70386690581814,0.0
16.554415811190772,0.0
12.853529920639176,0.0
7.1521705405249945,0.0
9.900668784805033,0.0
7.9971426093996225,0.0
4.873150946403273,0.0
0.46362235196845925,0.0
3.2267691197311037,0.0
4.998073151507691,0.0
7.017890584926804,0.0
10.276731417180885,0.0
8.806578020257275,0.0
3.93426501497307,0.0
10.078567037308122,0.0
13.743224828971162,0.0
10.770674067015975,0.0
13.959138030135573,0.0
9.080043577927553,0.0
19.722948008451556,0.0
15.709394756875966,0.0
14.131759666822472,0.0
17.967868506109898,0.0
19.238558176433493,0.0
17.38686552275582,0.0
20.166392475245317,0.0
16.236005067501033,0.0
11.39514742380514,0.0
7.172051880724364,0.0
0.07960395374075357,0.0
4.617890429432315,0.0
4.263158082540249,0.0
-0.18443070418597518,0.0
10.579690493956804,0.0
5.461882013055703,0.0
2.472490426416651,0.0
7.894495954495356,0.0
10.543448337650405,0.0
