1913.6611551069582,0.0
-1065.1131044515141,0.0
8060.934689225688,0.0
51.44772948012371,0.0
812.8773413450431,0.0
4404.051021593639,0.0
-2724.9486154466576,0.0
-1410.3755264839235,0.0
1130.1745317768257,0.0
754.6593510289622,0.0
-2526.8322003369794,0.0
-217.12823311131137,0.0
-777.2781481173733,0.0
2568.5189808986797,0.0
-4186.244727291363,0.0
-1284.457690697859,0.0
4635.953960042154,0.0
6281.502542843251,0.0
-3167.847114923051,0.0
2582.829126038279,0.0
-1783.041753109034,0.0
-1089.6426988818605,0.0
-1205.2684619541728,0.0
492.50609849675243,0.0
4392.153340164779,0.0
3832.025477589657,0.0
2170.4327429669247,0.0
111.53810253216238,0.0
964.0544352672833,0.0
1272.5767078819513,0.0
3861.0158147394905,0.0
-540.8171178248319,0.0
1400.95174016367,0.0
1027.226574216721,0.0
1815.7804403247908,0.0
2921.723445351588,0.0
2694.985645255212,0.0
5452.324027740804,0.0
1948.6162719388433,0.0
6190.528703474597,0.0
1513.2764805490788,0.0
432.280334087322,0.0
1685.7605976373588,0.0
2256.821020393647,0.0
1823.4318331380023,0.0
4915.067903149046,0.0
4200.389722462465,0.0
3488.9761968670546,0.0
813.4069779324161,0.0
998.486397428598,0.0
5734.782588425534,0.0
1820.670834051533,0.0
-1520.4610993767078,0.0
-1190.4509280185314,0.0
-557.4424874080373,0.0
4729.562452123144,0.0
1070.2045234216873,0.0
7762.828873170443,0.0
1952.0480935480807,0.0
745.6507348265523,0.0
-242.87281739359196,0.0
3758.660485594189,0.0
-366.8329819725149,0.0
-1794.5093536051431,0.0
2005.9317504860433,0.0
768.4213702974314,0.0
3473.309588975993,0.0
450.11071201814696,0.0
-8026.665802525327,0.0
2785.8386176719796,0.0
-5300.555517237191,0.0
5008.519750666216,0.0
5381.946078383377,0.0
-1180.4617805487412,0.0
-3089.8074218058823,0.0
-3640.9974387217762,0.0
2677.9337311034383,0.0
-722.0740252989962,0.0
-2329.350832436895,0.0
-1556.1283258824005,0.0
5691.440821603978,0.0
1361.5110989667658,0.0
2291.447926624293,0.0
1884.595235346453,0.0
2473.6928996892198,0.0
2566.020603299268,0.0
-2137.593766880038,0.0
-1272.2067828598042,0.0
-2236.370383836277,0.0
-2398.342448832034,0.0
3437.1408782492554,0.0
-2522.6125478485296,0.0
-869.5993752808452,0.0
-3141.319013272434,0.0
-2178.498522890745,0.0
1735.9673511101241,0.0
-2163.8894129904184,0.0
-1480.7144871052503,0.0
877.8024598585979,0.0
1250.4087798844425,0.0
2028.8567309456191,0.0
-552.0127827274871,0.0
-6248.587627071883,0.0
1224.1949829313648,0.0
298.4693606213034,0.0
2662.0471736034965,0.0
-3773.1018874549322,0.0
7697.798177231509,0.0
-4525.213281671135,0.0
2389.370614080904,0.0
-588.3566080225578,0.0
-2413.43196854844,0.0
1995.2580005770808,0.0
-1260.0619838902307,0.0
-8172.95360170107,0.0
-3361.124825739496,0.0
561.6609024182357,0.0
6626.022329676087,0.0
-4415.403819931109,0.0
-130.59115111735403,0.0
4212.446189610383,0.0
1882.086942264931,0.0
-1592.2974276097962,0.0
-4550.3292738183145,0.0
-5709.5569559936175,0.0
-1301.7948226956098,0.0
-135.11698113219109,0.0
-6284.207693437009,0.0
-5238.439461355178,0.0
1393.206353315324,0.0
21.865120650370045,0.0
-1862.3165497031434,0.0
-161.6337253402328,0.0
-2123.379450965227,0.0
3939.2725944570493,0.0
5391.491335353473,0.0
6638.074458017962,0.0
2742.0620405830414,0.0
2965.8399423573346,0.0
5167.462954593969,0.0
6826.238067767081,0.0
5765.666419762833,0.0
4894.618839614231,0.0
-933.6744366762379,0.0
-3731.2793046521,0.0
3884.967635127393,0.0
872.2376173858299,0.0
1359.5199868880868,0.0
-657.9045675460504,0.0
-2595.196086454892,0.0
6800.113075323889,0.0
2760.678741939529,0.0
-1218.8514572068786,0.0
4339.63323805776,0.0
3452.920401582791,0.0
3622.786958093045,0.0
8523.001184510918,0.0
2424.4296705040138,0.0
-1547.3551889363134,0.0
2274.3845373822082,0.0
578.2610145956246,0.0
3825.703142163341,0.0
4291.008836345586,0.0
4274.426475550899,0.0
1139.9310523425866,0.0
4074.108315777744,0.0
738.6851327631343,0.0
4496.558039319155,0.0
1482.4037481069122,0.0
-1267.1419979528505,0.0
4925.459876496768,0.0
14.990246353026578,0.0
6761.631534831669,0.0
3605.21690436873,0.0
3519.845300683539,0.0
3123.1910103325195,0.0
1649.8256479156905,0.0
-4745.224969567776,0.0
5901.4518212128205,0.0
-608.2056726127867,0.0
5291.015099052907,0.0
310.8500764156113,0.0
1694.9336969131123,0.0
2145.618977765592,0.0
-539.5920436840356,0.0
1739.525935283379,0.0
3760.7289636521064,0.0
634.8239795742754,0.0
-1712.0392071862266,0.0
918.6885036788126,0.0
2827.63976329578,0.0
5556.239158731358,0.0
5431.220027851396,0.0
2475.728615078341,0.0
-660.9312997428738,0.0
5379.757530099399,0.0
1359.3242066405203,0.0
1009.4550631694069,0.0
4218.120527119828,0.0
3237.245465106242,0.0
2569.0524234035474,0.0
-2376.9626609853613,0.0
187.5268017440019,0.0
-3464.623095340002,0.0
2260.0739383210325,0.0
2063.450226180079,0.0
3834.2270048889172,0.0
2158.674780120144,0.0
-43.673308997354525,0.0
7140.82416158278,0.0
-1686.3245231900396,0.0
-3071.185372705577,0.0
-1454.0815326855054,0.0
2283.94223412077,0.0
408.8046070059909,0.0
-63.57594580809587,0.0
-3366.41603079307,0.0
5091.847254974404,0.0
-898.1819530355489,0.0
-3452.5823875067917,0.0
782.4507029972478,0.0
-2211.3702294406794,0.0
-141.67456388696496,0.0
4313.987400900789,0.0
-249.239830770533,0.0
-493.24956029292235,0.0
-862.1025930966135,0.0
-783.0124968799765,0.0
2916.3717995750653,0.0
2874.58547740598,0.0
-1487.3984107056674,0.0
-2598.387043338696,0.0
-254.71269245939223,0.0
3420.6753113439872,0.0
-297.0657130425731,0.0
53.5966285966162,0.0
-4434.197006338078,0.0
3081.363672628201,0.0
-4575.264793848679,0.0
-3684.2869276883407,0.0
-642.3670651485431,0.0
-90.45283222120165,0.0
1173.7932139505858,0.0
-1972.0369000912337,0.0
-1933.89082873478,0.0
-1957.382287564374,0.0
-4311.111898893259,0.0
-773.886923103024,0.0
-1647.9951328934258,0.0
1800.6538446635075,0.0
-606.2016402690666,0.0
3731.418711967095,0.0
2944.2736396338787,0.0
4274.216541261423,0.0
4867.4806238680585,0.0
2936.513872005654,0.0
336.75535555996987,0.0
5274.527879642093,0.0
-2203.7945848930676,0.0
997.3363940050947,0.0
3862.276541570417,0.0
574.3778049672818,0.0
2873.503244146633,0.0
-420.5228732464043,0.0
86.94123760922434,0.0
4250.732267918181,0.0
2791.251463343747,0.0
4918.23045068237,0.0
666.5362625507671,0.0
2440.086554569734,0.0
3833.5197360778766,0.0
4070.635891850663,0.0
-2160.9060974356303,0.0
-238.32108045310633,0.0
6287.22743604964,0.0
-1280.7527586301771,0.0
4209.5752513363195,0.0
1637.089794873764,0.0
5249.429270640752,0.0
-653.2795954808525,0.0
3094.5614201588764,0.0
-4022.8826058524696,0.0
2795.8971621786186,0.0
6162.012986115175,0.0
-1575.918081351606,0.0
7172.6516997593835,0.0
632.9084428504111,0.0
2169.699401018478,0.0
-5318.633401186697,0.0
6163.525314278248,0.0
744.0712404539167,0.0
2264.0061998221063,0.0
-1501.9378168479611,0.0
130.71560017099728,0.0
6713.04157209523,0.0
2008.2729935295904,0.0
5681.5138756442775,0.0
2996.6655262744453,0.0
4587.405473431167,0.0
1870.9015041681416,0.0
4642.834600170889,0.0
11883.469962390125,0.0
5721.924456227963,0.0
5883.860501213816,0.0
1919.5788041879673,0.0
5939.834547716746,0.0
7379.917481670052,0.0
-1583.1896384477013,0.0
-774.8927180364694,0.0
9593.206528907765,0.0
4015.871097833457,0.0
3472.9586986756403,0.0
4622.771691574148,0.0
6855.40935547976,0.0
5963.542579547984,0.0
3417.5091975852456,0.0
9395.49106107566,0.0
3798.8314103156176,0.0
445.8892953020727,0.0
889.1375980087539,0.0
3027.6359719909883,0.0
1808.8062062905271,0.0
2198.4416168806088,0.0
3703.3299897773095,0.0
-6295.4353875173165,0.0
1402.6252123568638,0.0
6285.588055561659,0.0
4483.361745669826,0.0
221.32885993139303,0.0
1044.3854666204466,0.0
6700.789339867487,0.0
2351.600887845888,0.0
1207.2963960564116,0.0
8271.646183345787,0.0
1041.9222103996142,0.0
4742.73886715447,0.0
2314.7547668897428,0.0
2551.884189034229,0.0
-626.9844666324084,0.0
-764.9801804388935,0.0
5697.2315193066315,0.0
-930.3089292032041,0.0
2928.886585856788,0.0
-1557.8177032138944,0.0
1157.4406723534203,0.0
2443.748977310862,0.0
-3028.7133793202556,0.0
5323.9454374627185,0.0
1266.863040008328,0.0
4901.889644739369,0.0
-1185.7565166221987,0.0
4932.863662852817,0.0
8774.987978142915,0.0
1492.455560689022,0.0
-437.4717988558268,0.0
3124.5119952655723,0.0
1779.3640959701954,0.0
1085.6169200644827,0.0
880.3098235958203,0.0
-931.8338752251907,0.0
2870.707191982471,0.0
194.07846275789302,0.0
-1109.4515428368156,0.0
4119.313104386267,0.0
766.946694437268,0.0
8349.15310713239,0.0
453.13795577196197,0.0
-1771.5014824468028,0.0
-763.9951398258074,0.0
2680.770801971904,0.0
-1760.177459300053,0.0
-2614.4890838559877,0.0
5775.33756659667,0.0
-2718.6683147950107,0.0
6149.195094399104,0.0
1803.2461880852957,0.0
-1404.7278203241228,0.0
5688.09905582109,0.0
219.6210535478882,0.0
-2115.218790799036,0.0
1423.5421321795964,0.0
4719.325251897701,0.0
3028.614536157747,0.0
3422.6536694603165,0.0
6976.9680390850235,0.0
2371.420010568283,0.0
3070.2065897100174,0.0
2115.600110378388,0.0
-2833.3833898075527,0.0
1550.9574639313332,0.0
8083.59688828035,0.0
-3158.923944120328,0.0
5840.680428473371,0.0
2234.580231362812,0.0
-1026.1906153379489,0.0
1440.5956650750306,0.0
6695.151136438477,0.0
245.79582149687508,0.0
4740.992227547225,0.0
5704.156807585452,0.0
-515.376443443301,0.0
3488.4417456279707,0.0
4408.694007654594,0.0
1357.6856319070305,0.0
5442.495155484934,0.0
772.4373940311611,0.0
918.5676878240022,0.0
-43.84831679765284,0.0
4138.688230635666,0.0
2348.6676000538364,0.0
1656.5817044462644,0.0
-246.48576062662505,0.0
-467.3945215321719,0.0
78.60438910251469,0.0
5380.631772146606,0.0
1248.4065873888685,0.0
8433.551914530879,0.0
5120.789246230513,0.0
4167.5741672807035,0.0
577.8769794105488,0.0
9594.77676277723,0.0
-1054.1401686564195,0.0
5427.346336600962,0.0
8899.818593550055,0.0
3512.7823293768324,0.0
1760.4287897093282,0.0
4278.266366188577,0.0
7777.34395668718,0.0
7370.178577182535,0.0
6241.908221749665,0.0
650.2540714586858,0.0
1913.2077758005175,0.0
4031.170559855473,0.0
334.6107112046884,0.0
3743.01166798965,0.0
10401.836934814935,0.0
2069.9196579686827,0.0
7500.866239861209,0.0
528.2041575693238,0.0
3314.102498791973,0.0
5270.121051489664,0.0
616.3624182783306,0.0
4674.574405227061,0.0
8655.974837212674,0.0
6759.695857208327,0.0
6278.596499041016,0.0
1264.3359030783467,0.0
2900.5143713571324,0.0
4408.047116350725,0.0
5540.182036115111,0.0
7877.205271699142,0.0
1612.88702659831,0.0
8944.17617232016,0.0
2651.092905372892,0.0
2983.4004816606575,0.0
-267.87195437900937,0.0
4281.994108484715,0.0
2698.2698775921613,0.0
260.946211941367,0.0
3383.168347436228,0.0
4863.7966750753,0.0
3536.431592239209,0.0
5377.892274052681,0.0
1149.6303593914135,0.0
6163.14707957933,0.0
3053.683593077545,0.0
5426.192793944513,0.0
-2233.1533346147667,0.0
4231.345863991556,0.0
3244.8651914204147,0.0
5999.849185222654,0.0
466.97024025213113,0.0
7292.497106501183,0.0
-105.47754177699335,0.0
7458.47583489814,0.0
5284.092457088268,0.0
377.72957381835613,0.0
10053.613343523799,0.0
-928.7469979849925,0.0
1972.5389219027227,0.0
2387.971085263087,0.0
4286.640722426601,0.0
3559.3882165817454,0.0
4754.1616483805265,0.0
4581.4236634993,0.0
2964.4277249511197,0.0
-212.41733437876474,0.0
2283.281168716984,0.0
4457.920558150363,0.0
-971.9765461936486,0.0
3080.7273906447895,0.0
-4289.496896455083,0.0
75.83061986482335,0.0
-2650.2948964051516,0.0
5747.935669639893,0.0
-3252.588192966222,0.0
1370.161339226165,0.0
3940.4405785183617,0.0
4294.410794047404,0.0
4152.2040311032115,0.0
4981.538694077011,0.0
3711.4006306764722,0.0
5345.0294019453895,0.0
1076.30510635416,0.0
2060.9216349934914,0.0
-3056.4171784006544,0.0
2567.234399088099,0.0
7037.008995785427,0.0
394.0669342307274,0.0
-1687.3120994631795,0.0
2070.475865702188,0.0
5928.714942993678,0.0
6208.244626675492,0.0
-2028.680836292593,0.0
3242.387616819824,0.0
477.0395812909949,0.0
3027.7301478783043,0.0
-3660.895055506089,0.0
4674.476204099573,0.0
1168.1691007313054,0.0
2525.800577254726,0.0
1435.331529804741,0.0
-627.734643765175,0.0
3994.034444760593,0.0
899.438130730503,0.0
1276.896848589185,0.0
4704.359793274887,0.0
3099.657378567558,0.0
249.85421118324803,0.0
5570.190857165702,0.0
506.6027998541224,0.0
3560.7995698929067,0.0
4808.192178557274,0.0
6636.026454192551,0.0
6337.342316079898,0.0
8190.399997750645,0.0
2139.487520901884,0.0
890.2542807092227,0.0
8425.816413578885,0.0
6835.894095158714,0.0
2583.006413018186,0.0
5631.586692707369,0.0
1776.3792363996968,0.0
-431.32383267844034,0.0
6458.764107992625,0.0
4910.021005376131,0.0
4669.981147527466,0.0
8943.601918310333,0.0
8825.389115636402,0.0
2382.0425171134575,0.0
1673.7242279002712,0.0
-1612.5716334656559,0.0
3928.960589054633,0.0
3514.217623421243,0.0
5569.6884678349925,0.0
4530.94945122194,0.0
2944.559785042332,0.0
3751.2413838140683,0.0
126.41418875947147,0.0
8827.006052727287,0.0
3644.68455213217,0.0
7165.194925924625,0.0
3457.4270923923295,0.0
5837.954090792445,0.0
6896.6813809245705,0.0
4079.7950293310228,0.0
2125.4126211641624,0.0
12040.917899761527,0.0
4174.935177833,0.0
7119.191666321634,0.0
4911.418297529949,0.0
2687.32887727904,0.0
8777.46809948693,0.0
6498.252213336098,0.0
6054.676830604514,0.0
-2098.1892059948395,0.0
5530.724950658813,0.0
8348.437710943579,0.0
5856.1556889935455,0.0
4517.335889621492,0.0
8753.565149929651,0.0
5770.2760632734535,0.0
6821.758910453747,0.0
8235.426422682083,0.0
7975.233744158509,0.0
776.8464572090529,0.0
6541.515362346434,0.0
2838.780802050507,0.0
-1547.336229453289,0.0
6342.544800358595,0.0
-939.9267155773805,0.0
3457.5837865614826,0.0
-2661.5306419939925,0.0
1465.3796168359358,0.0
3642.5027327132602,0.0
4158.223311176371,0.0
3908.530573581954,0.0
2174.6615686777554,0.0
2809.3763387631684,0.0
9576.485782633968,0.0
2435.938020128002,0.0
4577.909068097515,0.0
10382.001581911169,0.0
-295.7460363922264,0.0
-1309.2506909502063,0.0
1491.7388393035403,0.0
3394.833434825535,0.0
521.1912487177892,0.0
4776.51079782004,0.0
3036.0764434890175,0.0
-1465.4270720211903,0.0
3888.3843260747467,0.0
49.086399701815935,0.0
5471.4140709508665,0.0
4311.124032515312,0.0
10377.238856137308,0.0
5960.704337823312,0.0
2071.4146985284915,0.0
5163.871954019307,0.0
3945.2508955623516,0.0
1512.1774851179116,0.0
-920.1225814296822,0.0
6448.596241941602,0.0
7956.626042487655,0.0
2289.9351384442857,0.0
1795.2159947375162,0.0
1237.4363750840616,0.0
6824.374331436317,0.0
6371.704766697012,0.0
513.1747887697811,0.0
1414.4287594003838,0.0
1774.7512402181871,0.0
3959.604563100081,0.0
5203.859959585252,0.0
6931.832692329623,0.0
1921.7820125363523,0.0
-116.40758159651796,0.0
5089.673582064876,0.0
4952.012909667664,0.0
2293.5228950312157,0.0
4133.778074473383,0.0
4142.893905170824,0.0
5903.0316679381385,0.0
2886.961416510652,0.0
4655.23079333066,0.0
3388.155697848032,0.0
697.7096385534583,0.0
5122.288617879087,0.0
3366.3723940681184,0.0
6242.758367641171,0.0
-1391.5775692080142,0.0
573.5469032826604,0.0
5058.216558173519,0.0
-1616.6328840518922,0.0
2866.2464949562714,0.0
1873.1453491173097,0.0
2014.1929898926344,0.0
2826.6459044319963,0.0
4937.935743893762,1.0
11755.838142763592,1.0
3692.57063884426,0.0
6162.253241039871,0.0
7784.656703513916,0.0
5006.369277206714,0.0
5878.865651038519,0.0
-2886.5970415100837,0.0
6080.049555535057,0.0
7272.834173059415,0.0
6762.394491070937,0.0
5424.810127246728,0.0
2825.369205279818,0.0
2705.434736379551,0.0
3841.133751391256,0.0
5211.511284031161,0.0
5832.916938325578,0.0
4403.956145260208,0.0
381.0471780462217,0.0
10006.95277166969,0.0
2204.864305025055,0.0
-3832.125075447564,0.0
9809.597037903188,0.0
8589.184976944725,0.0
4748.717256800672,0.0
7781.41219446849,0.0
6315.211950107261,0.0
2796.9134385589537,0.0
5093.030366856071,0.0
1465.5806948365148,0.0
3822.346097146583,0.0
3328.5716350012563,0.0
6108.20293519268,0.0
8939.114111222458,0.0
3411.4257139646006,0.0
6879.181486081862,0.0
-111.80450475934504,0.0
2614.6407552317187,0.0
7143.155573977458,0.0
9524.527686867023,0.0
8500.280146191222,0.0
9709.427712120121,0.0
1363.3387730519617,0.0
4661.618863333156,0.0
-1806.8560542042442,0.0
6051.266574178316,0.0
6085.030547819729,0.0
4684.875384044167,0.0
3285.0090181954542,0.0
7558.949219807146,0.0
7855.133328250345,0.0
6491.834164325802,0.0
4285.111561017857,0.0
6582.543998204233,0.0
6189.7594420889,0.0
6031.102822737933,0.0
8104.342633790996,0.0
6544.983574091738,0.0
2331.1383637910903,0.0
5248.7275694654545,0.0
7276.569825061786,0.0
5549.352014356098,0.0
6509.417921860753,0.0
4011.2029624029115,0.0
10356.91410788238,0.0
6987.443041611516,0.0
6247.2219861055055,0.0
8541.225675256925,0.0
7929.676291716394,0.0
6413.634328147789,0.0
8345.332631268422,0.0
6886.97959341301,0.0
6734.7113684703545,0.0
5706.274069539929,0.0
2183.5819760795475,0.0
6001.126846605374,0.0
6600.877704077802,0.0
2555.8487396034498,0.0
10034.874443689481,0.0
4958.832922842409,0.0
2112.633231507914,0.0
3985.349781498288,0.0
5419.651642672238,0.0
4299.001837695576,0.0
2705.7667059418027,0.0
5150.091479635997,0.0
932.4989764556021,0.0
4219.422373388756,0.0
5786.183169458568,0.0
3004.9588646763036,0.0
6966.33765848131,0.0
7712.096316578864,0.0
2878.706476703804,0.0
-2023.2591050529145,0.0
7280.602204721513,0.0
8453.09688659243,0.0
-47.568446855998445,0.0
5202.746841336225,0.0
5550.325085698176,0.0
-39.517036111784364,0.0
2561.491361027141,0.0
7920.930475793404,0.0
4814.3989036484145,0.0
4758.638611485407,0.0
8553.28823025701,0.0
2824.3224127212025,0.0
-809.7641307650629,0.0
8965.77808409733,0.0
1460.6295342587978,0.0
3361.436772936867,0.0
7013.816846994065,0.0
4981.210118567486,0.0
4526.496959782481,0.0
929.4828215219995,0.0
6286.274113367779,0.0
10491.281891931405,0.0
2235.7929506280716,0.0
833.6789722600374,0.0
4306.486872457812,0.0
1487.1790365664974,0.0
4869.869662581304,0.0
5007.608683575694,0.0
5848.1305702483405,0.0
4999.318637387654,0.0
4238.412005373048,0.0
8411.504941593972,0.0
1743.737211343088,0.0
4145.8427135119655,0.0
5249.629766407729,0.0
1003.1253792264893,0.0
2420.130113091396,0.0
2795.965079943752,0.0
3214.4515932682352,0.0
8386.123379684697,0.0
5257.52713791563,0.0
13424.18009115108,0.0
3343.630609133247,0.0
3734.171486268446,0.0
11822.21447182883,0.0
2530.198119699372,0.0
10796.53854813466,0.0
-4847.857614360723,0.0
2247.9149851634975,0.0
8396.439760713682,0.0
10447.059051867622,0.0
6046.624259300388,0.0
2983.8893877622972,0.0
4295.562432476714,0.0
7885.185632786568,0.0
6575.455400457571,0.0
8862.721308045455,0.0
3150.5123754155147,0.0
8681.530073192107,0.0
9599.841531746473,0.0
14435.333764028393,0.0
8539.225992125354,0.0
8723.288245536745,0.0
3817.6501373944243,0.0
1827.158923518925,0.0
-1373.3876218924088,0.0
7600.1091325939315,0.0
11725.257909236423,0.0
5197.048952906507,0.0
-749.3630740783174,0.0
6901.884557212256,0.0
5719.07207325202,0.0
5167.5397993893375,0.0
12542.457101835462,0.0
9703.77668093309,0.0
11060.149378228361,0.0
4714.342840493437,0.0
8111.429035091975,0.0
3354.616621673735,0.0
10400.61079313004,0.0
3585.3447192569233,0.0
11645.814384768479,0.0
7924.5075446416095,0.0
7552.662547073605,0.0
3417.1018927393957,0.0
8771.361626226022,0.0
2024.453539566187,0.0
4102.0980439300065,0.0
3948.497571443474,0.0
13689.937231881686,0.0
8099.677981650346,0.0
5815.209667346237,0.0
9640.292522557462,0.0
15399.42564877065,0.0
6992.478741954208,0.0
3804.2506615343164,0.0
3674.7372725855316,0.0
7519.926071612789,0.0
11678.744971456039,0.0
7153.798679197445,0.0
6080.219429526189,0.0
3907.3758168650443,0.0
4020.475537143953,0.0
10140.660275091726,0.0
7909.347399192591,0.0
8161.606622206611,0.0
3703.6729271767103,0.0
8211.554830958632,0.0
8145.838184740487,0.0
11436.314509016356,0.0
11604.370340943758,0.0
6215.618937931766,0.0
8792.25009061341,0.0
8270.185153257149,0.0
5842.877582136815,0.0
4418.591008898847,0.0
9787.17441312228,0.0
13517.102908334447,0.0
5467.703015752674,0.0
12580.162059180999,0.0
5480.817482635401,0.0
4810.4404383312185,0.0
6922.718796334124,0.0
5360.25662163313,0.0
9355.03285427291,0.0
9394.103454250799,0.0
-2356.115466645927,0.0
8517.38018671266,0.0
7618.181909099565,0.0
11277.09860760592,0.0
3285.62582316196,0.0
6405.195763822231,0.0
9705.422488894816,0.0
8375.565458064279,0.0
10220.786444388481,0.0
2997.8995762273153,0.0
2973.1329147918223,0.0
6698.394237997811,0.0
1039.285200720573,0.0
6486.424451656484,0.0
8071.471417702616,0.0
13727.475403814275,1.0
8625.413102582854,1.0
4251.57250862336,0.0
4469.026062981438,0.0
6589.426051393412,0.0
5900.948921836794,0.0
3400.9934244487954,0.0
-249.32181478869552,0.0
-619.2834641724221,0.0
2011.0625826064907,0.0
1837.3370716546224,0.0
3864.9286405846688,0.0
1510.402602575185,0.0
4079.4038621303675,0.0
2272.261778380862,0.0
4970.935413198044,0.0
6013.153701393742,0.0
6744.661706379342,0.0
2337.219595736419,0.0
2239.5559436205167,0.0
1556.690759722324,0.0
5025.249006698387,0.0
7291.966553009943,0.0
8992.356399111399,0.0
5792.571803620746,0.0
4375.503588473286,0.0
7193.351573400334,0.0
4128.296596762974,0.0
2491.374831882055,0.0
8075.93692894704,0.0
3079.9441711607165,0.0
622.589567931821,0.0
4150.938962743425,0.0
2116.7417171056622,0.0
5575.015478598207,0.0
3623.0917179051207,0.0
5256.669655794289,0.0
3753.7064260595753,0.0
4194.364148760679,0.0
7410.092649142028,0.0
5927.599816158081,0.0
5482.091528892521,0.0
8819.409071851853,0.0
1645.623880980892,0.0
6632.36449841004,0.0
9042.016273003008,0.0
7266.899044899007,0.0
9429.094396490156,0.0
3660.807561452251,0.0
9366.558667661508,0.0
3764.2969255654148,0.0
9176.019654272515,0.0
6737.430696518411,0.0
8842.422179513342,0.0
3582.3968772863277,0.0
6208.500934535581,0.0
138.8276006591359,0.0
7702.890236997313,0.0
8333.188588045537,0.0
8535.997625336595,0.0
10105.768976519164,0.0
9386.655007918209,0.0
7328.198192061713,0.0
8774.134287257051,0.0
5176.38528450551,0.0
8708.272941768366,0.0
9007.299614072044,0.0
7841.753385371821,0.0
8324.687120872926,0.0
6028.57025959101,0.0
4564.2017299165145,0.0
7221.702265890031,0.0
10337.419951475144,0.0
2435.802171125105,0.0
8315.455433104918,0.0
19450.770156564944,0.0
8036.422889985703,0.0
7617.248287023972,0.0
9689.934174741535,0.0
7149.649974659787,0.0
7750.9377457500905,0.0
9404.96961256657,0.0
5042.339283041305,0.0
11492.603390824159,0.0
9033.753589198743,0.0
11512.123628026264,0.0
8694.938462538295,0.0
10997.858214097525,0.0
8229.777603702883,0.0
17988.58255212023,0.0
12178.84250122835,0.0
12189.773908465453,0.0
9460.174728008335,0.0
4611.905333394908,0.0
7236.8354386732535,0.0
10004.82957200614,0.0
7415.873154980341,0.0
7222.850782504496,0.0
6475.457659785443,0.0
4514.769943647101,0.0
6924.998018065553,0.0
10240.560683372865,0.0
10730.454453205577,0.0
9700.085331310105,0.0
8116.099293360451,0.0
9049.44996709217,0.0
7719.2455393241025,0.0
9161.988604137056,0.0
9671.745562270586,0.0
9660.699558616718,0.0
6817.988785135195,0.0
6866.374142867703,0.0
11819.392556144596,0.0
11572.369508106352,0.0
1407.4802438586821,0.0
8394.730525150353,0.0
7528.10805925919,0.0
9596.16877723057,0.0
1311.5341280081157,0.0
1047.7092736767363,0.0
6035.966461043259,0.0
6565.359644023444,0.0
3373.647266807272,0.0
9466.790295585468,0.0
10122.534745898018,0.0
8298.845617895648,0.0
9248.08302674766,0.0
2714.5854925695658,0.0
5469.284989628337,0.0
-1211.4945175638395,0.0
8694.508826148836,0.0
9511.035005929707,0.0
8042.944410307484,0.0
3470.9107981718885,0.0
5938.5642737548405,0.0
9038.079184778075,0.0
1933.4600604221728,0.0
6383.77239824519,0.0
8155.5334326790835,0.0
4904.917186592332,0.0
4344.987649099359,0.0
9437.045747819597,0.0
7035.969059959623,0.0
10575.915786728872,0.0
7182.323642342904,0.0
2184.47150349648,0.0
5631.85970169734,0.0
3538.633036234769,0.0
5057.850333061585,0.0
6953.110785716997,0.0
10682.677100226312,0.0
6329.307078395876,0.0
11334.607127975149,0.0
2075.2345465260555,0.0
4391.097986877208,0.0
5347.7416833268435,0.0
181.48959247248058,0.0
1122.645670424613,0.0
5045.122315107945,0.0
5549.382689088686,0.0
8169.621315508033,0.0
5900.5284173157215,0.0
5271.192746574341,0.0
1808.2793680674463,0.0
6563.289498675912,0.0
10366.286976096482,0.0
7846.063961964718,0.0
4537.051774642786,0.0
6206.351201319545,0.0
6712.463778605269,0.0
10158.379579281842,0.0
3616.9285953927665,0.0
8186.192816963967,0.0
8429.033058812594,0.0
5951.603477546871,0.0
6095.262727018908,0.0
6201.15674025585,0.0
6786.005797261952,0.0
7060.565916429101,0.0
3025.7558597308903,0.0
5850.282297235872,0.0
10840.890379322474,0.0
7060.987011510674,0.0
1568.3052803713354,0.0
11182.572690557754,0.0
6424.044184357481,0.0
7712.441476960641,0.0
8784.477019894388,0.0
7065.02977955058,0.0
4212.435986003582,0.0
5729.331481656548,0.0
8276.599326104239,0.0
7191.998881398297,0.0
6508.672262004471,0.0
14254.505253162308,0.0
8407.848189132725,0.0
10927.225840899046,0.0
14504.739349991105,0.0
8896.496619051082,0.0
6567.510456096975,0.0
8161.362887132408,0.0
7838.052642464736,0.0
12851.02931960905,0.0
12169.45154414145,0.0
8511.973407804877,0.0
6397.084031368816,0.0
11123.4497770818,0.0
13476.170460391299,0.0
7780.901555463717,0.0
13584.72445450026,0.0
9770.593645711908,0.0
8818.917545584743,0.0
7670.8968279936735,0.0
7417.011413267134,0.0
7680.824496319981,0.0
12983.490174895964,0.0
4583.963539628852,0.0
7655.920013889655,0.0
9139.37515070537,0.0
4978.9609502883795,0.0
7310.756215111917,0.0
4712.784219320703,0.0
11302.284301771966,0.0
10659.83531293103,0.0
4607.255573896743,0.0
13538.959218155598,0.0
5833.604910426915,0.0
3971.906662256377,0.0
3094.141273820236,0.0
10270.937394476787,0.0
1732.4703973699307,0.0
8496.28653885984,0.0
10036.15049098878,0.0
12213.835359926092,0.0
7598.876624680592,0.0
11495.89061886773,0.0
7314.754734956625,0.0
12173.547819000556,0.0
5902.289625792158,0.0
9255.779624319704,0.0
7800.600141359059,0.0
9601.654534534757,0.0
16053.97516811419,0.0
8852.80939277812,0.0
8248.675666325995,0.0
9955.408108426158,0.0
9494.13501357007,0.0
2531.9696537765394,0.0
11163.318462049567,0.0
3343.1500139658237,0.0
3027.1425595143837,0.0
8449.810934534633,0.0
4066.870374714584,0.0
8798.43457194569,0.0
11330.657317508974,0.0
8020.5810960282115,0.0
4829.710960668676,0.0
8825.18487818153,0.0
14321.82447535979,0.0
8065.66387190475,0.0
12656.643456796406,0.0
12534.836909377824,0.0
4318.226372383562,0.0
9971.599486474015,0.0
3261.7945412583363,0.0
8942.947383932556,0.0
8935.419200539447,0.0
6907.631673615613,0.0
2924.374681637735,0.0
6183.037308356275,0.0
5358.683260200502,0.0
8658.159424684281,0.0
7337.006281915149,0.0
7910.651215853414,0.0
5126.989069347199,0.0
2450.131706725426,0.0
6578.114988843931,0.0
11246.785361082293,0.0
4119.412327868637,0.0
4495.729601270677,0.0
1518.9401561703335,0.0
12570.992941571541,0.0
3910.3084132871013,0.0
10300.654056286665,0.0
7669.013072024422,0.0
5846.153120936932,0.0
7610.052352958933,0.0
11567.198859126675,0.0
10762.739335244096,0.0
8103.865226413936,0.0
5669.781884141004,0.0
11229.721309359149,0.0
9027.202128916808,0.0
7089.452082553913,0.0
7984.255806820338,0.0
4534.634391506766,0.0
9805.829842539079,0.0
5855.172047052457,0.0
6354.397324143399,0.0
3616.6641662008024,0.0
7751.933848223103,0.0
7683.811251790424,0.0
2378.2643459997025,0.0
8080.082794550666,0.0
8175.556803260042,0.0
11078.707831679441,0.0
10424.576882155461,0.0
4988.286031170481,0.0
10164.982701052344,0.0
9216.059644265642,0.0
6776.944114644811,0.0
5471.155657948049,0.0
9105.492340655315,0.0
10509.00772055695,0.0
6391.82765711643,0.0
8433.220880047626,0.0
6769.659335788995,0.0
5629.941717300205,0.0
5429.905781799526,0.0
10059.17862581535,0.0
9026.547212301648,0.0
9274.94658297949,0.0
8577.651623681526,0.0
8626.426652489827,0.0
10813.269574404769,0.0
4104.992797111657,0.0
10904.549997653005,0.0
5782.754282208272,0.0
7818.974727570714,0.0
8901.463238284687,0.0
9172.347418411126,0.0
10649.62348846965,0.0
5692.609306499266,0.0
14289.433638339568,0.0
12725.592360068966,0.0
10396.630809691496,0.0
11568.000853587195,0.0
7700.084584301648,0.0
3781.844725113896,0.0
4628.115040015084,0.0
10430.188457706136,0.0
2293.932675666698,0.0
14041.425954518236,0.0
10566.810736727874,0.0
5974.7500093876315,0.0
7979.243452702389,0.0
4507.195916527769,0.0
9111.900571773323,0.0
10655.95159832811,0.0
12534.63079373786,0.0
6160.1884785829525,0.0
13052.52882736176,0.0
10656.945663644805,0.0
9180.313940671906,0.0
9083.947708036729,0.0
11855.970922312656,0.0
16001.792844123465,0.0
14100.626624996246,0.0
11688.825773936629,0.0
7618.22645838828,0.0
9217.569664214132,0.0
11617.669035566269,0.0
10884.807968125584,0.0
7595.70079300361,0.0
16131.521498556674,0.0
16458.29080219374,0.0
12569.35078297727,0.0
9393.323976292004,0.0
9832.543052973228,0.0
6632.01766859135,0.0
6463.435319152627,0.0
11358.981242493892,0.0
9705.056827859735,0.0
12539.121435725163,0.0
17962.516180600425,0.0
11571.439689660921,0.0
10118.629428366386,0.0
9822.711791511345,0.0
10396.42424153019,0.0
13842.801601989973,0.0
10214.540828733756,0.0
11912.493259507863,0.0
5868.0015232373735,0.0
6188.465959223238,0.0
9147.925598104335,0.0
12355.452338611078,0.0
6670.612474977914,0.0
12734.443910364273,0.0
6325.785915767489,0.0
9125.19773408219,0.0
9342.363546051996,0.0
12874.923507597,0.0
6001.714771989491,0.0
6194.794803788183,0.0
7722.362750829597,0.0
12089.271932114323,0.0
11796.883808191356,0.0
4774.393653153782,0.0
6449.914726318397,0.0
4914.476663380552,0.0
13804.577130799866,0.0
9943.331039270857,0.0
10008.123328999176,0.0
937.4329936971371,0.0
8765.148317573332,0.0
7853.474307797893,0.0
10818.560903391508,0.0
3507.730529805708,0.0
12001.417744297525,0.0
10282.599686095129,0.0
10206.792015257977,0.0
4586.392619048903,0.0
13525.993792137451,0.0
9475.056669563908,0.0
9052.371298619915,0.0
7642.853108457519,0.0
6947.735861849198,0.0
8649.17892494169,0.0
8218.752107510503,0.0
10513.310045410897,0.0
9239.478348582414,0.0
5885.198128957158,0.0
8688.561434649324,0.0
11655.417515143787,0.0
5847.585310095458,0.0
7395.956170770849,0.0
11112.45679150879,0.0
9850.819958980372,0.0
6186.432967742018,0.0
9829.397865954063,0.0
11955.427003288774,0.0
9638.591384974374,0.0
8341.854423673147,0.0
13606.040506204325,0.0
3365.76083715282,0.0
9346.223957985196,0.0
9234.057986604883,0.0
5416.846709276916,0.0
5644.31472163871,0.0
5911.8086142540415,0.0
9322.099475147546,0.0
8436.207370384818,0.0
10849.254601371236,0.0
12671.699547817594,0.0
6798.474132040137,0.0
8602.698971171336,0.0
9961.0587816626,0.0
2877.6129482885062,0.0
7899.635186812412,0.0
2917.144432184231,0.0
6659.787398414562,0.0
5525.2733633807875,0.0
11433.949588950582,0.0
7010.474700842945,0.0
6725.26620129015,0.0
11573.579760362289,0.0
8353.334567254715,0.0
5466.225969139626,0.0
12515.241288676469,0.0
12199.0194939995,0.0
8155.816638960845,0.0
4917.400281223124,0.0
7058.685504690087,0.0
6339.124724186058,0.0
14324.785975555515,0.0
7476.761857605477,0.0
12814.37746401798,0.0
13346.520664049125,0.0
11015.397256298796,0.0
10753.940413835062,0.0
14400.84304222692,0.0
12576.093271767984,0.0
5705.469284038307,0.0
13274.712373119724,0.0
3085.1003052500146,0.0
7838.902919644039,0.0
12839.577820542156,0.0
4215.28126215954,0.0
13946.92568720654,0.0
16263.209199409039,0.0
9178.47818961408,0.0
4402.111295377638,0.0
15368.22559689137,0.0
8062.856784478756,0.0
5938.0998129440395,0.0
6859.913495315212,0.0
8854.909362655675,0.0
7692.759821057511,0.0
16083.990927274406,0.0
7558.893810651604,0.0
5887.517142183297,0.0
6010.480105117146,0.0
8505.632316295927,0.0
14952.093307017924,0.0
5952.235787990095,0.0
8886.417314749538,0.0
12107.477377228057,0.0
9912.392646423274,0.0
9475.509467530912,0.0
9630.540552476428,0.0
11860.243044504812,0.0
7840.680006776296,0.0
14530.641306651025,0.0
5930.264014916801,0.0
13059.340133980599,0.0
13667.141245165847,0.0
10991.760083447274,0.0
9334.539702069766,0.0
14073.38127148096,0.0
6807.786441061318,0.0
10468.18867621309,0.0
7214.751790180057,0.0
10423.434945220879,0.0
7126.389450004547,0.0
8954.098392787726,0.0
11235.38261007705,0.0
9825.404104255238,0.0
10114.618934801842,0.0
14251.00869358534,0.0
3943.2034608533486,0.0
8321.86704590108,0.0
10598.149397266505,0.0
13759.336149985029,0.0
6634.1709439945225,0.0
7974.3654256849795,0.0
11233.688316586213,0.0
7023.679469284725,0.0
8337.405422153372,0.0
