31.821439770135775,0.0
-23.862440403620134,0.0
179.30784282825664,0.0
-16.180949186376573,0.0
11.905089949446023,0.0
121.1289449337317,0.0
-55.57407475325061,0.0
-6.668987848071808,0.0
70.52999287012187,0.0
50.20969385303049,0.0
-13.022490443844148,0.0
46.224253393630725,0.0
-6.878835893458955,0.0
55.522527100467464,0.0
-110.06497667358364,0.0
-48.49709217677884,0.0
87.03861556525787,0.0
136.9511896619796,0.0
-74.98665814391954,0.0
103.50656824139074,0.0
-58.72169274380373,0.0
-57.79646976923929,0.0
-60.88015080990084,0.0
-24.471380455381443,0.0
74.86349644837378,0.0
58.38000518102096,0.0
8.265498023778594,0.0
-19.20207394391004,0.0
4.237192197793624,0.0
-1.6397307102320298,0.0
57.19520925118701,0.0
-41.54910828389922,0.0
3.553221607627416,0.0
-3.289022142759837,0.0
-1.772477285063788,0.0
21.973641596231044,0.0
18.255296573821994,0.0
109.2696222924732,0.0
5.734508944185338,0.0
126.61811038996369,0.0
-6.05819850498975,0.0
-6.454112613299266,0.0
70.26526406725576,0.0
82.63431399005489,0.0
60.444516055864796,0.0
101.17673130462148,0.0
83.1697084970184,0.0
37.65916860667271,0.0
-23.256657462990532,0.0
-5.2563325182354435,0.0
103.9346283615499,0.0
15.956904212614687,0.0
-86.53329530900947,0.0
-42.73162178565264,0.0
-36.6504028284115,0.0
91.09730420971123,0.0
-0.7286941316460709,0.0
173.99948147326927,0.0
60.35556497692668,0.0
17.00110032397279,0.0
-23.42307863650743,0.0
78.1138217093627,0.0
-0.36014945404424736,0.0
-50.435995298502064,0.0
59.9738776392852,0.0
5.92013308032937,0.0
89.75536519037847,0.0
2.692430934927647,0.0
-205.24143122563652,0.0
61.92930797334116,0.0
-135.42315521702162,0.0
112.97548873880002,0.0
135.3572931221365,0.0
-30.797613318383856,0.0
-75.99860114008602,0.0
-84.75733777208033,0.0
67.93607559750876,0.0
25.42318507623916,0.0
15.846127795261715,0.0
43.44450857593498,0.0
208.62421611496333,0.0
72.01991104397133,0.0
116.78201932285222,0.0
114.03077517317816,0.0
129.44879390711503,0.0
128.54493857481933,0.0
-46.23902278027203,0.0
-13.519399624067033,0.0
-48.86622900670497,0.0
-46.28927482738911,0.0
87.32583144437093,0.0
-35.18673903818072,0.0
-1.7084165141095893,0.0
-48.96681387405469,0.0
-40.79636037974211,0.0
56.84792310189582,0.0
-30.124525483105153,0.0
-34.77063179263709,0.0
35.59550537509244,0.0
40.09527470760805,0.0
60.14972284962441,0.0
26.31557620622361,0.0
-118.48024165057606,0.0
51.4571439071458,0.0
37.93963105796918,0.0
75.42834611052108,0.0
-48.04753423106725,0.0
186.80129454006826,0.0
-77.88000338016457,0.0
71.42805602174855,0.0
9.314302574887254,0.0
-33.132131610014866,0.0
87.85967567059376,0.0
-11.296812682416554,0.0
-164.4456460899172,0.0
-81.18442183795193,0.0
33.006417762216444,0.0
162.40265517967467,0.0
-104.8287943629612,0.0
-1.222100670256005,0.0
110.62727606455714,0.0
55.76764341040933,0.0
-25.089871826974345,0.0
-97.5495639817259,0.0
-127.45708945099514,0.0
-32.93915762759347,0.0
-7.5697900730299885,0.0
-147.2069775513141,0.0
-114.14827929880073,0.0
24.89920536980919,0.0
-25.49663254933844,0.0
-47.43857620703006,0.0
-26.39038694576148,0.0
-50.60670665334724,0.0
80.89270732977825,0.0
122.27390880016983,0.0
155.54968494236476,0.0
54.19080409939386,0.0
53.88483700313129,0.0
108.51882207763262,0.0
125.37737534502578,0.0
107.67095289112329,0.0
92.43019082107942,0.0
-45.77130140756167,0.0
-113.37066729734086,0.0
65.26048628397893,0.0
5.232779682901315,0.0
10.984990668262355,0.0
-61.14525196662882,0.0
-85.82495310131573,0.0
108.12461708354533,0.0
40.54320321921995,0.0
-63.81042627275049,0.0
42.15723460845284,0.0
34.039962973123,0.0
61.635919381205156,0.0
179.0640651417556,0.0
0.49727553919082146,0.0
-69.28675282759825,0.0
19.635464697219234,0.0
-22.615403091682786,0.0
50.56285340154526,0.0
17.184376047964193,0.0
27.989795311394552,0.0
-36.895876013955004,0.0
29.83462199240039,0.0
-34.79979792376128,0.0
38.304877621846394,0.0
-14.708567231383107,0.0
-73.6597593064849,0.0
36.953651879129524,0.0
-48.92367139884758,0.0
118.13307632008893,0.0
39.94611939386896,0.0
37.73102030102078,0.0
8.309012315369435,0.0
-2.2804801171275946,0.0
-170.12925481697152,0.0
90.14325471672625,0.0
-53.69954321192438,0.0
79.96585095807625,0.0
-19.04954538383786,0.0
-6.3223140315797135,0.0
-14.168628352344868,0.0
-69.89654365826644,0.0
-12.383700710653953,0.0
39.354208681255336,0.0
-19.87064297727816,0.0
-77.16601563572337,0.0
-28.34045324277671,0.0
30.016889038908143,0.0
82.73650901036163,0.0
62.288493038889854,0.0
20.72762475627606,0.0
-65.80266099217386,0.0
72.40510151362984,0.0
10.746085108414777,0.0
-10.307544392385754,0.0
78.63740780970525,0.0
58.559122245366986,0.0
54.032581748642805,0.0
-71.04966696969616,0.0
-12.030599745062212,0.0
-112.88465356814527,0.0
23.022873666363978,0.0
9.036766099592322,0.0
84.25650342700581,0.0
30.292618654664565,0.0
-13.536256862783038,0.0
161.2810864741284,0.0
-64.25310505251622,0.0
-88.37287938725032,0.0
-33.03427478809925,0.0
48.84108508040341,0.0
-16.192191803004338,0.0
-23.78617121649209,0.0
-55.867549999819815,0.0
114.22194049702509,0.0
-35.95776600605875,0.0
-67.94050258666731,0.0
1.1630982189668035,0.0
-49.25463967868025,0.0
-10.77201463933087,0.0
108.29138547319731,0.0
-23.198573889208326,0.0
5.409227289443397,0.0
-12.579544200460727,0.0
-5.8283069627252715,0.0
77.11552653176173,0.0
53.34156085064182,0.0
-10.637364199968385,0.0
-57.13678194031671,0.0
7.3202358724461405,0.0
72.04686538659894,0.0
8.748477782579132,0.0
-0.20674378139321448,0.0
-122.38741165712088,0.0
79.68529810824522,0.0
-99.5405965874448,0.0
-82.46592102332092,0.0
-19.096114967681334,0.0
12.498525225460593,0.0
9.251048348191588,0.0
-53.08162223055337,0.0
-7.58362963018217,0.0
-33.77624133030011,0.0
-125.50529976159595,0.0
-14.428005252532362,0.0
-47.03698723113089,0.0
49.23265003433036,0.0
32.528125221942716,0.0
89.50959748925854,0.0
77.21170875234375,0.0
86.86535313558684,0.0
104.14853724508839,0.0
59.99763535345273,0.0
-6.997970054057063,0.0
102.58686534276943,0.0
-65.97278281900235,0.0
-0.5582848766362059,0.0
65.99788701012709,0.0
-18.7343293848726,0.0
55.56237389803402,0.0
-56.94520809548165,0.0
-38.979697739292476,0.0
46.390456382690736,0.0
67.34163645725678,0.0
102.33908956352798,0.0
9.946748142717064,0.0
37.5082166771392,0.0
63.16117179776106,0.0
50.711320194159775,0.0
-75.94539249209045,0.0
-16.11501207592029,0.0
119.06592563344768,0.0
-71.71724884469457,0.0
62.35501115645769,0.0
-16.693813543378305,0.0
78.35173132559761,0.0
-43.12236916682509,0.0
9.529899304774947,0.0
-140.14462507805447,0.0
3.975539649302482,0.0
81.49630145351398,0.0
-104.24236573880326,0.0
87.51619340557367,0.0
-49.57184298058791,0.0
-3.695335599161291,0.0
-198.103665175772,0.0
98.7909380835588,0.0
-58.154693420592345,0.0
-35.80858241947957,0.0
-84.1852447734914,0.0
-65.59878764456731,0.0
88.46431317035689,0.0
-31.71444665621523,0.0
72.54769776240488,0.0
-7.707832061306773,0.0
31.95962871178189,0.0
-24.515216669556303,0.0
39.807178920817115,0.0
190.6883038992111,0.0
56.0868120496219,0.0
42.48129581584155,0.0
-28.325696247715086,0.0
81.90699815482374,0.0
104.02592339863587,0.0
-118.75516590827371,0.0
-95.54991522156737,0.0
155.58067464745406,0.0
37.7159574384804,0.0
17.317953728105095,0.0
56.60100115957605,0.0
95.09895383998385,0.0
71.75526136399984,0.0
5.911177456714626,0.0
199.8324587548288,0.0
59.910410166840734,0.0
4.911088895071053,0.0
24.82329187455216,0.0
57.45834932533675,0.0
38.650196588655085,0.0
54.45626963740719,0.0
44.75149984334615,0.0
-192.83682620184672,0.0
-44.15955754678629,0.0
91.5391046270217,0.0
51.603798572273426,0.0
-45.08894615309786,0.0
-39.03934504513179,0.0
86.25286021582042,0.0
-12.866275062747494,0.0
-36.23854071305563,0.0
139.8345998429126,0.0
-26.67527284992996,0.0
51.34805626616646,0.0
-3.2937535632474004,0.0
8.662746240057007,0.0
-55.314150582503046,0.0
-45.642545186308894,0.0
104.73259189693862,0.0
-70.13705817224893,0.0
28.003282963693646,0.0
-84.14374998188961,0.0
23.65963366305712,0.0
29.316530305111424,0.0
-108.5328250316178,0.0
100.84663834275335,0.0
1.7443377537526565,0.0
120.6071972166039,0.0
-33.38041242376272,0.0
80.76375161682883,0.0
180.34599566688135,0.0
29.616340302088183,0.0
-34.666744913471604,0.0
49.52440372313538,0.0
22.15649045340996,0.0
-0.14515308509735725,0.0
0.3090298577858821,0.0
-33.745064220620876,0.0
30.569439781881258,0.0
-27.934437486977583,0.0
-59.79755111180941,0.0
60.80064754202364,0.0
-11.958693849159742,0.0
193.78357046068925,0.0
-17.991831623206163,0.0
-49.73459337206866,0.0
-36.62988885642054,0.0
33.76288626278661,0.0
-45.292758763915714,0.0
-83.10960461469868,0.0
125.22041493915539,0.0
-65.4395499166776,0.0
120.16452186535868,0.0
17.173035839126428,0.0
-72.59877780360166,0.0
125.17978289843082,0.0
-12.673126219006772,0.0
-70.6645867115853,0.0
6.717354228584554,0.0
94.77879732201268,0.0
49.31174379167625,0.0
61.58898706621841,0.0
126.52318665057528,0.0
17.474409717160697,0.0
28.103858925750075,0.0
-13.298036104368208,0.0
-102.91289590800426,0.0
-7.423876815565082,0.0
116.61692709212862,0.0
-122.84403262077437,0.0
98.92574068841628,0.0
20.862301297238023,0.0
-63.666889850976105,0.0
30.72167650205163,0.0
134.1088085515915,0.0
-32.33451286747741,0.0
61.01781458146797,0.0
127.60507863755166,0.0
-46.6986496951142,0.0
50.6313421200847,0.0
38.595527166844604,0.0
-31.195993710990486,0.0
51.40136021819326,0.0
-25.049417483951824,0.0
-29.644395300661564,0.0
-87.0490088603377,0.0
29.800908987508908,0.0
8.04670742238541,0.0
-37.30990631618336,0.0
-78.86617371656381,0.0
-96.4553854927663,0.0
-54.92012065613685,0.0
54.6448896880881,0.0
-55.6973694956306,0.0
111.20363836475867,0.0
33.44377708624278,0.0
16.3996988181108,0.0
-71.7780260715739,0.0
146.89331773967675,0.0
-91.89885818638504,0.0
45.51763417709398,0.0
129.19539420704774,0.0
-12.348124947061299,0.0
-46.29604765264533,0.0
0.6298505175802522,0.0
71.03782174210882,0.0
97.9903146992563,0.0
48.592201152458124,0.0
-71.12652972895239,0.0
-48.62274164423591,0.0
16.669841049440656,0.0
-90.03735944261705,0.0
-15.330738082463984,0.0
163.6181474805019,0.0
-73.2644251551786,0.0
85.69981422328333,0.0
-60.28707731331146,0.0
-19.573094275912208,0.0
4.9421249251290735,0.0
-105.5787167537952,0.0
-3.578384590412707,0.0
95.52705145093834,0.0
63.724107322319774,0.0
55.323431622418966,0.0
-50.02059112745974,0.0
-1.4611717176235324,0.0
21.591579524107324,0.0
52.947985960888985,0.0
98.82230185480269,0.0
-72.07198944203121,0.0
126.57184511591346,0.0
-16.64198833058349,0.0
-16.148122665101376,0.0
-85.15349827360592,0.0
-4.8893989318347195,0.0
-14.456831847849184,0.0
-76.03276985817489,0.0
-7.0146698062037025,0.0
23.75231112435354,0.0
-13.672715454323331,0.0
74.20045688730973,0.0
-56.90051571824442,0.0
68.17853071592562,0.0
-7.413103346733671,0.0
39.84819218449071,0.0
-92.07522633041805,0.0
30.314033454699036,0.0
1.5357394142792513,0.0
73.48349456136869,0.0
-81.09491996606053,0.0
100.37502420620604,0.0
-76.07963835380984,0.0
96.9603232525409,0.0
43.69961724624674,0.0
-52.41194997660987,0.0
158.48376378440747,0.0
-82.22873477467637,0.0
-1.402824211475174,0.0
24.933729270929355,0.0
53.631177807144155,0.0
38.327253857783965,0.0
75.63348095131616,0.0
48.12092584290313,0.0
18.358308601475276,0.0
-51.04031695899789,0.0
-7.884157482274787,0.0
81.08705516690992,0.0
-69.12822991364469,0.0
30.00475798953481,0.0
-130.73088783458007,0.0
-31.167640247831507,0.0
-95.06275873766971,0.0
107.75660100456346,0.0
-119.45714038648188,0.0
-1.280475065279365,0.0
67.53550104901754,0.0
52.91288997986866,0.0
58.762280174635045,0.0
81.61723123907403,0.0
43.149304029253884,0.0
72.19141303558436,0.0
5.0953172753873925,0.0
2.150859128003446,0.0
-110.96054695949535,0.0
18.167063220631942,0.0
101.39633018213948,0.0
-46.94223804085454,0.0
-72.36246505836407,0.0
9.579853120324444,0.0
88.81458894819743,0.0
96.01845125956672,0.0
-90.21393892576572,0.0
36.45560831096031,0.0
-19.328871231916438,0.0
82.01127760081218,0.0
-90.82611049655358,0.0
125.47956661115681,0.0
32.46983089252589,0.0
73.78535036788394,0.0
41.04352190711084,0.0
-23.56989092383344,0.0
89.90190262617148,0.0
21.261800032380208,0.0
2.3512515278486035,0.0
105.5411766561865,0.0
53.97062976032551,0.0
11.550922916907368,0.0
133.74170260312263,0.0
56.41895142762851,0.0
75.7389587108707,0.0
90.9523289349182,0.0
86.06058281539104,0.0
102.5558649791556,0.0
136.4847964163548,0.0
18.244199143787945,0.0
-39.56468354827024,0.0
138.85663719220216,0.0
129.36310008790684,0.0
45.40998730378135,0.0
112.57107852401631,0.0
40.767278378210236,0.0
-53.31295352610444,0.0
129.87349243369874,0.0
87.95734942532007,0.0
63.82620511419907,0.0
175.88366984000936,0.0
157.3275679313707,0.0
7.725939321738608,0.0
-63.94718411479826,0.0
-131.64648636541634,0.0
19.44875294876811,0.0
-22.84741494144195,0.0
41.193872070727096,0.0
8.926655082681359,0.0
-40.33485996105525,0.0
-26.16180426473827,0.0
-109.36381697186732,0.0
99.59108403958237,0.0
-30.407795927957785,0.0
61.1632767240765,0.0
-20.436976769787115,0.0
24.10988073088413,0.0
63.44057962420092,0.0
0.25335002302182374,0.0
-34.79388576378973,0.0
178.694771061322,0.0
-7.314776276911683,0.0
49.98399835969976,0.0
0.1625584288333366,0.0
-52.76540823698882,0.0
100.78471787174848,0.0
30.210729296437457,0.0
28.58667328659953,0.0
-160.12077900739908,0.0
30.70953038564172,0.0
68.54941207252344,0.0
33.40959052049747,0.0
-3.7050891892615354,0.0
93.02854712690097,0.0
19.749367233552608,0.0
47.873195043274784,0.0
78.76478995278939,0.0
78.18443260125761,0.0
-81.78329156412325,0.0
30.25388226435551,0.0
-28.92837218805051,0.0
-136.80190339673445,0.0
39.584901202914395,0.0
-71.33931565752286,0.0
27.357255536687006,0.0
-120.96666205218327,0.0
-32.636395115920664,0.0
7.117280946089352,0.0
40.440458279250336,0.0
3.065129855110989,0.0
-29.670670612943056,0.0
-13.982342363685007,0.0
160.50359446654966,0.0
20.056780270184632,0.0
44.93939258656091,0.0
161.88677081889873,0.0
-121.67908816852831,0.0
-141.20922580756934,0.0
-70.72152599252523,0.0
-25.53984880872114,0.0
-72.7575947790849,0.0
4.891252657314148,0.0
6.559829707389885,0.0
-72.88887189720518,0.0
55.59492340928982,0.0
-33.629587937998735,0.0
115.34409060804246,0.0
67.81541308122631,0.0
209.7095610968824,0.0
112.20660758625678,0.0
33.79855216051904,0.0
76.33647490031666,0.0
61.0790010903725,0.0
-1.8927222114651912,0.0
-57.3379450159256,0.0
80.73017782097455,0.0
111.0364514100441,0.0
-30.953172289138536,0.0
-15.132507417843215,0.0
-30.46029751002886,0.0
72.4113474945817,0.0
92.81340775146838,0.0
-61.34981292675571,0.0
-17.995652588817066,0.0
-20.11704814348984,0.0
25.000870741950664,0.0
65.99422606850767,0.0
84.76386408215447,0.0
-6.327947183110169,0.0
-60.38706052625034,0.0
50.50530636041888,0.0
72.50471193301462,0.0
11.402766689923443,0.0
12.852873879222898,0.0
26.581667731724245,0.0
63.27417403694721,0.0
6.94032297920483,0.0
39.93072893022423,0.0
16.74327505477777,0.0
-65.832635626193,0.0
70.65548819669564,0.0
19.081785329782484,0.0
90.95171009119511,0.0
-74.62373474374854,0.0
-36.69180394132029,0.0
36.492692812224995,0.0
-109.8016138078633,0.0
-2.6609306598963833,0.0
-25.320164420475805,0.0
-25.94808720913499,0.0
5.7963623574392,0.0
-139.78933300066436,0.0
52.99468029110826,0.0
56.34723945905856,0.0
130.69124154043223,0.0
167.12907358824378,0.0
82.58145906302141,0.0
119.73717708197206,0.0
-127.64718914287906,0.0
90.45726523773467,0.0
131.70650673631945,0.0
115.75591209658225,0.0
66.10929491492678,0.0
-23.661575230236632,0.0
-20.30042628362087,0.0
3.676108222660453,0.0
30.933581570210634,0.0
41.22683460273006,0.0
13.181375191585468,0.0
-88.61674079582686,0.0
131.4870167066913,0.0
-60.41160730944648,0.0
-160.17092168859926,0.0
104.84518066663973,0.0
75.0655378964803,0.0
31.601569266961626,0.0
72.16762571526172,0.0
36.081531577270404,0.0
-60.053573129685425,0.0
12.386120250678186,0.0
-89.12857659712907,0.0
-44.866590458433826,0.0
-60.50934257382754,0.0
13.26587797502851,0.0
78.68770938667711,0.0
-42.55059060813522,0.0
33.19644088575828,0.0
-152.76656292689339,0.0
-77.31842693879479,0.0
56.60883985797614,0.0
86.07812797820145,0.0
84.02883076623213,0.0
89.12660020622839,0.0
-107.18711470275922,0.0
-28.548371823303228,0.0
-164.0608167282219,0.0
15.757768990046062,0.0
63.939931320457696,0.0
-5.488587185058385,0.0
2.1498195363558352,0.0
97.97451335896278,0.0
112.3434019286224,0.0
66.6349218506028,0.0
23.487614073731685,0.0
70.10488961425708,0.0
66.15170678042409,0.0
24.27752496371365,0.0
46.872084246053056,0.0
-1.9407231332820123,0.0
-102.23556034799175,0.0
-19.759811723073202,0.0
30.76953718685147,0.0
-24.703726158242546,0.0
23.734468838977243,0.0
-49.38758725688524,0.0
98.86187466515302,0.0
33.1307276269595,0.0
15.095393638111908,0.0
60.5948634221585,0.0
59.064267501239485,0.0
12.505502620966423,0.0
74.19677157736723,0.0
55.26735063959757,0.0
29.462564354726126,0.0
13.201033061224134,0.0
-65.9271772548486,0.0
36.92990143754131,0.0
27.793654676471974,0.0
-47.11387128677308,0.0
106.18617853110429,0.0
1.692238158950552,0.0
-77.32842806607147,0.0
-28.13772828588712,0.0
-3.0454603875999906,0.0
0.44107482653451235,0.0
-54.27625142013318,0.0
4.534109942527244,0.0
-76.095025696431,0.0
-17.98941031872693,0.0
83.34873270045051,0.0
3.4263191853960038,0.0
55.62620113497703,0.0
79.75383890871703,0.0
52.07837910330165,0.0
-145.03923865413054,0.0
70.50549984898475,0.0
143.17384859228565,0.0
-22.731928498256835,0.0
102.14112683809742,0.0
68.54411104705486,0.0
-94.47233223519223,0.0
-3.6010830595227716,0.0
112.65743571291301,0.0
74.65959063235087,0.0
110.13995675611346,0.0
116.47673053112936,0.0
-24.384527295764556,0.0
-123.71413250958932,0.0
104.7618395111293,0.0
-50.940943399347304,0.0
4.281768928671194,0.0
117.58023415071992,0.0
106.11666963158156,0.0
230.16433601399012,1.0
49.43458299609378,1.0
156.19006787029832,1.0
290.9703796963414,1.0
62.97962759966719,1.0
172.22942868782098,1.0
217.6494404191301,1.0
197.16518141839794,1.0
172.99575988443814,1.0
174.6799910479774,1.0
225.80520127925905,1.0
194.48108344333855,1.0
199.8524130346627,1.0
336.0112986709022,1.0
165.4670008574119,1.0
250.88380083442192,1.0
136.66551424293027,1.0
7.717574672336028,1.0
39.29281856804427,1.0
74.53118580346919,1.0
24.910835293039085,1.0
128.25461304091237,1.0
77.11522525900601,1.0
296.0196715130669,1.0
104.57615224426283,1.0
125.18467362793615,1.0
323.37091314323334,1.0
160.34511943894046,1.0
533.11269498269,1.0
67.18305397130706,1.0
142.0419626621637,1.0
271.93392533038985,1.0
271.87155991167015,1.0
242.02751296602352,1.0
108.23377065738768,1.0
138.0778053880697,1.0
231.39809709009327,1.0
231.08155657059586,1.0
316.01604372978755,1.0
206.35846961746142,1.0
225.6478077881934,1.0
210.21059482261927,1.0
337.5565280935364,1.0
152.04870637326349,1.0
134.74258537517034,1.0
21.06380307853165,1.0
-21.79964093093153,1.0
-73.2438361227754,1.0
140.3528970902162,1.0
295.12554738490167,1.0
99.86963597363446,1.0
-79.45364742374244,1.0
170.90007295069313,1.0
205.06835512410234,1.0
108.03968142328597,1.0
255.0644312201347,1.0
187.59056940846318,1.0
277.18613557393064,1.0
226.24044523601415,1.0
281.6429517840707,1.0
133.19721264111695,1.0
278.17907888696885,1.0
284.81060984835307,1.0
331.6364825827636,1.0
197.77121227429876,1.0
164.3156143287455,1.0
12.729691513446099,1.0
148.8043189576182,1.0
-32.036687991129284,1.0
-11.442802734654705,1.0
27.83297973824491,1.0
236.84368196078663,1.0
145.17778595847233,1.0
113.09273399622754,1.0
288.18989546808643,1.0
427.9584564946433,1.0
200.88162035526412,1.0
160.81927717010282,1.0
215.70839016358048,1.0
227.07282961608513,1.0
331.23981487639327,1.0
194.7945910617881,1.0
158.61918072837207,1.0
255.2316959832217,1.0
151.338026467757,1.0
312.1657288484765,1.0
257.7621498993791,1.0
289.61548482649823,1.0
42.16689139319227,1.0
116.07267424766474,1.0
95.89770320942702,1.0
197.17306979572692,1.0
202.1488303692214,1.0
-1.7960034653244232,1.0
80.21347321304202,1.0
72.31140542608809,1.0
121.01375042300761,1.0
93.88386070910238,1.0
155.02918477397043,1.0
354.27590179920287,1.0
200.05243233330694,1.0
341.7090477895198,1.0
159.41328673912864,1.0
121.07545754764917,1.0
197.82256328875988,1.0
158.21362224576743,1.0
288.10098115680694,1.0
322.77113544375675,1.0
77.10410187825477,1.0
503.73499027364215,1.0
327.3607652235213,1.0
380.15840057028436,1.0
-17.92279933392738,1.0
13.241877083494286,0.0
92.93339529928089,0.0
68.6467975904001,0.0
117.76469772600798,0.0
-50.67530905526376,0.0
-41.810682729372566,0.0
55.593433328694324,0.0
-89.39272399849735,0.0
44.159724188435675,0.0
76.48893761230796,0.0
41.72863971406423,0.0
-89.83636501508218,0.0
-20.020244578600007,0.0
-8.35731091374847,0.0
35.7196713402007,0.0
30.20335685299072,0.0
-26.157746645954905,0.0
-102.71077009424357,0.0
-125.35919254780205,0.0
-56.63015443913872,0.0
-64.8853226435885,0.0
-41.07158585256973,0.0
-76.43275172746695,0.0
46.168327825034154,0.0
-29.09429021023412,0.0
39.89166895660714,0.0
6.245082241750732,0.0
49.2862507336382,0.0
-61.290737033229234,0.0
-51.9396279836576,0.0
-61.15075773810169,0.0
57.77042369920189,0.0
86.93521688091839,0.0
123.60288214819099,0.0
50.32236154204069,0.0
35.22391882961149,0.0
83.712964810741,0.0
60.66974146875899,0.0
-27.01801226438394,0.0
124.88574523539717,0.0
-0.15022859517466358,0.0
-60.62067596190383,0.0
70.71910339056998,0.0
12.337004782464916,0.0
46.2280069014771,0.0
-41.893448291573506,0.0
-17.411679638823863,0.0
-38.82980797852627,0.0
-6.824240009965367,0.0
44.46939572864037,0.0
19.55836203275809,0.0
0.9338580985944864,0.0
87.73839950098265,0.0
-79.21451421996812,0.0
33.009990219136526,0.0
97.36278140156217,0.0
56.349855855820806,0.0
103.11343628495695,0.0
-40.80243088195205,0.0
117.64779260325068,0.0
-12.565289004889287,0.0
117.50824748302429,0.0
81.33754283732964,0.0
124.00681416765936,0.0
-22.308049264753762,0.0
20.487895160452876,0.0
-114.61173187625653,0.0
40.317297746315575,0.0
106.0517970917276,0.0
36.76781692715852,0.0
100.93837709650472,0.0
57.85693778977499,0.0
11.9293095338807,0.0
44.777270271553355,0.0
-36.26829166803697,0.0
72.87728973741368,0.0
34.199742439913706,0.0
65.60270319604919,0.0
26.75427914733507,0.0
-35.971892206496705,0.0
-61.60273777711076,0.0
-13.037166674158119,0.0
61.57773299333756,0.0
-117.12903752396737,0.0
29.976083688134004,0.0
272.52133963353015,0.0
27.3087997450285,0.0
-2.707145280800167,0.0
58.88410330662541,0.0
-2.4819961874225465,0.0
36.396378069914256,0.0
23.648143430351304,0.0
-61.46496939611895,0.0
95.17425544154551,0.0
30.567342014800662,0.0
89.46427106114585,0.0
23.531566812692507,0.0
86.15486034909635,0.0
15.827586002316208,0.0
228.72868260429226,0.0
95.00262177645855,0.0
109.91558316154376,0.0
26.656628526243068,0.0
-86.26333846369687,0.0
9.646774174781145,0.0
74.37779282737117,0.0
59.34848021178243,0.0
-17.25575363838699,0.0
-30.267123048022512,0.0
-70.05951706961744,0.0
-11.85814849285396,0.0
76.41158436403214,0.0
71.65213299307547,0.0
65.75046087383316,0.0
3.043790237239787,0.0
39.855378838400405,0.0
23.05277285507142,0.0
43.14464179965787,0.0
28.913897872382066,0.0
51.90534318019543,0.0
1.4418488462271437,0.0
1.7337634536639601,0.0
109.4148616695979,0.0
100.33215502842864,0.0
-135.68107112125855,0.0
34.19487587472737,0.0
29.66745376372831,0.0
76.81409983642615,1.0
40.92814129179365,1.0
85.92891233358111,1.0
223.66245034064235,1.0
384.89114569607153,1.0
181.728509149069,1.0
316.6147509701756,1.0
430.1283090552821,1.0
416.35234868213865,1.0
399.28765650978767,1.0
344.2236250189007,1.0
397.9753122895137,1.0
126.4117681271916,1.0
420.75078404596053,1.0
427.7524536845088,1.0
275.4386262852318,1.0
117.8325788424219,1.0
217.64602306626946,1.0
264.49171369591534,1.0
52.62937252532622,1.0
69.29337085761436,1.0
205.27142242490024,1.0
141.13088332173658,1.0
131.73545283303866,1.0
346.3079529558057,1.0
365.99634276132934,1.0
475.2135428021758,1.0
469.52620127093905,1.0
382.84129186151364,1.0
394.21995992337344,1.0
351.622169288119,1.0
278.9060309815929,1.0
261.6078372165506,1.0
464.53672506892514,1.0
420.06808814627306,1.0
287.8694940223348,1.0
-75.88698158189479,0.0
18.122464627695386,0.0
23.86148648768772,0.0
-126.58003045481536,0.0
-105.21238431754239,0.0
-9.719802339595457,0.0
12.059376793199817,0.0
43.90129182560623,0.0
14.871742053730749,0.0
-11.235032734346944,0.0
-94.82523585159552,0.0
5.523209349558924,0.0
120.36985151035839,0.0
44.95482515168019,0.0
-37.70238973362382,0.0
40.24958045763985,0.0
91.93771110005528,0.0
113.78257733619603,0.0
-31.10513286926215,0.0
114.32613089653972,0.0
99.59200817431496,0.0
13.366434437815748,0.0
2.949984629457684,0.0
-14.924729659504443,0.0
10.490295375070541,0.0
25.69353248956177,0.0
-81.22992082335543,0.0
-2.271403040252787,0.0
112.16993915414571,0.0
3.3130515905003617,0.0
-128.544880465323,0.0
110.22083295540533,0.0
-10.329384860518728,0.0
15.213202738572232,0.0
44.92223610609705,0.0
-19.0912387905934,0.0
-67.1819448844146,0.0
-35.66982155205976,0.0
40.20218580995355,0.0
14.422352857492264,0.0
-7.051660530769279,0.0
168.19499522467612,0.0
36.1397646088591,0.0
84.9246999844238,0.0
175.21566074283487,0.0
33.51736952990238,0.0
-1.5108272354502539,0.0
-3.2102808607622215,0.0
21.82661607019596,0.0
137.88169717974122,0.0
83.20140457325309,0.0
-7.209289072380562,0.0
-34.78310171271518,0.0
60.15435912652962,0.0
136.690840842398,0.0
-32.690089087926076,0.0
118.56270541913165,0.0
30.176308141677215,0.0
6.501905255748781,0.0
-8.01249370023565,0.0
-41.139829902526174,0.0
-25.251151655608215,0.0
131.9168274640166,0.0
-28.076882001729288,0.0
19.863955333509594,0.0
63.57531268137042,0.0
-20.789254244645534,0.0
5.955403359851303,0.0
-80.36577568680153,0.0
73.48340370850772,0.0
100.66072008991149,0.0
-62.2798166570182,0.0
112.57058447051172,0.0
-64.45160209329433,0.0
-129.69836459110633,0.0
-118.64000397229884,0.0
38.455723143216474,0.0
-163.63568129605812,0.0
-0.9051470881144947,0.0
23.813561526406257,0.0
73.79256579303048,0.0
-14.196102741657722,0.0
102.34578602216496,0.0
-22.639893540268567,0.0
77.54552950465687,0.0
-55.28138629323317,0.0
35.703586399601335,0.0
-7.182319006296176,0.0
22.053898113406404,0.0
196.73786458447412,0.0
25.295116115473338,0.0
16.86667017438683,0.0
19.843195971348315,0.0
28.202672882057897,0.0
-139.57578875615593,0.0
77.35632150567523,0.0
-95.22747610762202,0.0
-133.24250982795377,0.0
8.75165037749185,0.0
-83.11881021886593,0.0
17.81090885936028,0.0
82.95172441752166,0.0
2.4432434439182766,0.0
-68.8900660632175,0.0
8.209847240973739,0.0
150.8644866715085,0.0
5.661391819135346,0.0
130.50814686227716,0.0
107.72792233584863,0.0
-73.16015142321366,0.0
75.25564476020088,0.0
-79.8082916942293,0.0
58.21978196411453,0.0
58.31630954424103,0.0
-6.180860880777237,0.0
-102.2036948398675,0.0
-15.393024125911559,0.0
-10.982536332525854,0.0
61.77488549578829,0.0
13.775070806272986,0.0
42.29614761603507,0.0
-10.19370298728547,0.0
-104.31230035241997,0.0
10.732484938256176,0.0
110.69795774498031,0.0
-55.47550847521873,0.0
-63.6974245144723,0.0
-128.6667520790235,0.0
140.42973952323698,0.0
-71.19316326591847,0.0
78.39106131505321,0.0
14.534955804488517,0.0
-8.169279247137512,0.0
16.488178370765535,0.0
133.99227744087983,0.0
126.82092610064419,0.0
54.17276881050478,0.0
55.527775603601,0.0
212.48181847028275,0.0
74.25702840752245,0.0
58.70419749945635,0.0
115.6310034467521,0.0
20.0306186467025,0.0
171.71182763214102,0.0
72.26483229079494,0.0
-6.959443390546706,0.0
-80.43414894310361,0.0
11.996994625017619,0.0
34.15679936277141,0.0
-105.18056250156796,0.0
26.443037186367462,0.0
36.53716778152547,0.0
94.48363878117185,0.0
94.41873315930805,0.0
-35.55901302404055,0.0
100.83772607064817,0.0
57.658262600355684,0.0
-1.4086069257968052,0.0
-40.42289927544803,0.0
78.38777614453997,0.0
72.27715002954193,0.0
-24.184506645661884,0.0
34.120516427700444,0.0
-17.435727253312642,0.0
-32.58391384401456,0.0
-58.93769106596078,0.0
53.725894928121996,0.0
29.259216812729964,0.0
31.773633156754126,0.0
21.606411208569227,0.0
7.289208195059992,0.0
69.06792178458116,0.0
-116.25898708836715,0.0
62.71521957642828,0.0
-80.85647929503003,0.0
-10.773846285347522,0.0
8.910403255444763,0.0
3.1530623894820056,0.0
34.76086144619718,0.0
-60.83330437589199,0.0
122.21469176175728,0.0
80.2031538692281,0.0
45.7515072009642,0.0
63.692472716010435,0.0
-25.687266990268533,0.0
-122.58269302313882,0.0
-106.55595973954229,0.0
36.24759829576985,0.0
-182.56696048154643,0.0
113.2209868439783,0.0
30.78102244828795,0.0
-48.227700345395164,0.0
-35.02483667272662,0.0
-111.10376328741043,0.0
-6.456129945569444,0.0
28.10030461718387,0.0
86.05560490932008,0.0
-89.52253156462268,0.0
76.1770336882398,0.0
16.800462599823813,0.0
-6.236560000337334,0.0
6.163188035096608,0.0
30.140032507707165,0.0
134.3121003826953,0.0
106.07458244218682,0.0
61.85516890316014,0.0
-45.978927226913314,0.0
-4.172052836301937,0.0
69.01641752218289,0.0
37.66502539763575,0.0
-49.22757948531312,0.0
136.23732293246408,0.0
177.37009532096906,0.0
47.340394795848546,0.0
-19.803466935418054,0.0
8.927787494081997,0.0
-71.94033455438483,0.0
-82.93096325650995,0.0
24.712921843880004,0.0
-13.095267438467157,0.0
66.70022913893852,0.0
209.54937710536444,0.0
37.055938725816866,0.0
1.746283874380535,0.0
15.817470571804192,0.0
35.80750394472573,0.0
110.43665231555457,0.0
24.096924206089085,0.0
66.51433225093699,0.0
-66.447439854226,0.0
-60.665093363979736,0.0
-1.765793761754928,0.0
76.09752372822945,0.0
-54.27785533913919,0.0
101.74835834282378,0.0
-48.36262140002296,0.0
17.982445348515558,0.0
7.177573583603056,0.0
128.20612030360408,0.0
-58.62784364716092,0.0
-45.637285719843774,0.0
-8.141377709071161,0.0
66.77104001481175,0.0
58.88511796643134,0.0
-82.22028525194104,0.0
-51.26782759491724,0.0
-83.55313245419038,0.0
130.00142813815992,0.0
44.0378449207233,0.0
58.70756666962257,0.0
-128.4333946735425,0.0
24.75253100915742,0.0
-5.404409837853622,0.0
77.77780874739933,0.0
-104.83308209143267,0.0
110.49648927566822,0.0
66.04019139790026,0.0
59.25140340545389,0.0
-71.41785669468166,0.0
163.4247085982356,0.0
39.3933918316193,0.0
36.63490952860911,0.0
17.801147976509064,0.0
-4.959447469004411,0.0
32.75324911479427,0.0
28.162969677331443,0.0
96.656689581789,0.0
56.39871951154429,0.0
-37.14701389099879,0.0
28.333228832085265,0.0
92.13871701812094,0.0
-9.487508562659592,0.0
36.99520088803702,0.0
117.9437479461181,0.0
72.87418785090415,0.0
6.030020701351191,0.0
73.0103381936065,0.0
105.09005557240043,0.0
101.17122097923331,0.0
56.45135792572005,0.0
189.09291870584715,0.0
-52.854135006219366,0.0
50.00728469635592,0.0
63.6703162187403,0.0
-49.61305730371634,0.0
-42.79971172914444,0.0
-34.177927723726185,0.0
36.19910346831055,0.0
10.523767951707686,0.0
49.43243729440299,0.0
102.08670872386448,0.0
-31.61686505220608,0.0
16.05586636988847,0.0
37.76839413682321,0.0
-133.53882732351028,0.0
-6.037330328344282,0.0
-115.00128411677875,0.0
-52.209304317879294,0.0
-61.90408776748701,0.0
82.31102413920095,0.0
94.97093495826925,1.0
185.45355696715254,1.0
222.09817479597467,1.0
164.23053301760766,1.0
83.10794540890313,1.0
260.8923618371351,1.0
270.5569091363061,1.0
201.42837903705433,1.0
98.19046437296998,1.0
179.17688154123226,1.0
180.4630280854991,1.0
297.9500230200236,1.0
181.85190153867023,1.0
239.5055093671029,1.0
253.4160511199832,1.0
222.26967523011987,1.0
180.78866425932375,1.0
225.35813554148862,1.0
139.71796148191208,1.0
-48.72814219806526,1.0
161.68254778268306,1.0
-75.20474343106491,1.0
10.256408691339622,1.0
125.15551206137454,1.0
-56.64846685285991,1.0
252.8520461069205,1.0
416.27717714097093,1.0
133.79983866669048,1.0
107.58016494056031,1.0
332.3500873330391,1.0
161.85319548049293,1.0
282.3878563735354,1.0
251.94502998382598,1.0
177.85369612168475,1.0
148.66707686014846,1.0
298.9770699255066,1.0
117.01003971059484,1.0
-4.263797879987749,1.0
62.44522771091026,1.0
90.99273288636357,1.0
237.76217184228923,1.0
-34.913263299424926,1.0
56.62647402345684,1.0
128.55204888687985,1.0
53.04271903818098,1.0
47.11349133632316,1.0
67.19264564343636,1.0
133.56554137407846,1.0
76.59088405607578,1.0
243.42724932405724,1.0
-24.881787298006145,1.0
185.8850659524676,1.0
201.8221658635398,1.0
117.9785240870949,1.0
100.95811928535934,1.0
230.5977372306494,1.0
180.29096060451127,1.0
185.19517834527574,1.0
146.74625616995093,1.0
167.34482410293768,1.0
25.452260557063042,1.0
97.7178905490305,1.0
132.75822229435587,1.0
116.73004838276375,1.0
124.23794223106783,1.0
160.60000244005667,1.0
-108.45152389336664,1.0
-18.933366627239394,1.0
26.85742254369385,1.0
131.0159945021257,1.0
-12.994609738160733,1.0
38.06375910021384,1.0
122.51280255290189,1.0
-21.893781209967557,1.0
37.699539732197614,1.0
71.23636367879887,1.0
23.04391930876762,1.0
139.88696872126636,1.0
