262.1158119306199,0.0
-271.5019339212931,0.0
3002.3827073547413,0.0
750.9431388102564,0.0
632.2712108828786,0.0
2083.9358936605327,0.0
-518.0415292887279,0.0
120.82250754310849,0.0
1161.3104924271397,0.0
50.97896903709022,0.0
-70.30964105996509,0.0
728.9671943738836,0.0
35.87854545576113,0.0
540.8010501433716,0.0
-673.793297156453,0.0
58.24532069852489,0.0
2640.046525253957,0.0
4167.402199660825,0.0
-425.5187737313156,0.0
2421.7986701956825,0.0
430.88622183967595,0.0
561.3563427102974,0.0
191.10943058617272,0.0
-286.0855732172436,0.0
3077.4519418773684,0.0
2348.0137402803457,0.0
1425.212414041272,0.0
154.42780615663025,0.0
1199.343724792204,0.0
1542.143748275041,0.0
3273.8886654701087,0.0
547.5665147814219,0.0
1656.381899920197,0.0
1279.2963306163776,0.0
616.2824464880409,0.0
1528.94364171891,0.0
1449.1991898430924,0.0
3149.5970043684483,0.0
1818.3534369949457,0.0
3842.1215948485487,0.0
769.7396621654368,0.0
449.6423913910089,0.0
1707.1610550766184,0.0
1931.983435926616,0.0
1093.6519200387488,0.0
2420.5686768782543,0.0
2739.781020124341,0.0
2026.6758293846308,0.0
363.75947971779857,0.0
1160.5296709501802,0.0
2891.914866170184,0.0
662.4017406280644,0.0
-968.0611330523853,0.0
-987.9429865794574,0.0
481.4589326092889,0.0
3055.8128205298376,0.0
5.125908509915661,0.0
2781.153919432952,0.0
1405.336961512281,0.0
229.80213851292484,0.0
768.8944917852839,0.0
1287.6072766599534,0.0
-36.374237311933314,0.0
-1257.5630947153422,0.0
144.9511080732624,0.0
-174.1269393806533,0.0
276.0538219709597,0.0
264.47737622453013,0.0
-4293.029029195959,0.0
1690.0281120614973,0.0
-2910.3665617218603,0.0
1027.281233505945,0.0
2068.500365062782,0.0
-1874.1180754743189,0.0
-3100.251234170729,0.0
-2628.8383431485086,0.0
8.982949834249894,0.0
-1252.6994865130337,0.0
-1790.8043788418154,0.0
-1704.5549535817245,0.0
1439.5193190012328,0.0
-719.86135514896,0.0
506.14216147582107,0.0
-935.320361674793,0.0
519.6977191104977,0.0
422.16742067613416,0.0
-1598.9854371380854,0.0
-1673.1375611858361,0.0
-2051.9748603715934,0.0
-2039.290933444765,0.0
42.86602017287669,0.0
-1232.1528067135232,0.0
-671.272515351006,0.0
-1736.6398216028047,0.0
-1101.4356248015713,0.0
242.3020198770207,0.0
-2397.2117041363695,0.0
-2034.7749805820822,0.0
-1027.2535158731184,0.0
-572.6394299747438,0.0
-213.64032211258382,0.0
-653.7602956835118,0.0
-3733.480213072843,0.0
132.97766924910104,0.0
-431.34637572308816,0.0
1641.7577296376044,0.0
-1398.2473073342412,0.0
3339.9786388926946,0.0
-1975.5299115236176,0.0
1453.1218533550004,0.0
-657.0729273159518,0.0
-1216.6010558470427,0.0
1648.830515136794,0.0
-895.3026617896035,0.0
-3370.3269277805744,0.0
-1809.6907025331443,0.0
511.21976944012414,0.0
3026.272328931031,0.0
-1528.315230789175,0.0
172.68611334598233,0.0
2063.6205726950993,0.0
1994.1532471870446,0.0
-107.05056375294282,0.0
-1434.030804623052,0.0
-1805.2143728322364,0.0
109.67027365115518,0.0
270.5512405603973,0.0
-2193.792949387496,0.0
-1720.429050797851,0.0
1250.2589114733585,0.0
554.4135732907366,0.0
-204.86785641190238,0.0
931.6816703622574,0.0
-670.9901696768591,0.0
2732.2404557493282,0.0
2752.9792943888715,0.0
4057.6561458110737,0.0
2127.532328091572,0.0
2152.32469322357,0.0
3483.942008504515,0.0
2887.013920770852,0.0
4218.795452564807,0.0
2365.0020553112377,0.0
530.6850812094575,0.0
-1113.1144423254211,0.0
2462.403799913095,0.0
2691.074149118017,0.0
1630.7390446202753,0.0
-202.7967157064097,0.0
-953.4538931906837,0.0
3843.19121502184,0.0
2309.2936719585646,0.0
57.91223164318353,0.0
1687.2309326482111,0.0
1250.4512214419358,0.0
1743.6295512254133,0.0
5162.639208825833,0.0
1175.8235594022706,0.0
-961.3427225804271,0.0
2548.156866142151,0.0
798.8773764151293,0.0
2017.9875056929488,0.0
2213.7696955779256,0.0
2255.3076340104926,0.0
147.8015876082835,0.0
2952.4566088596835,0.0
308.92656707840615,0.0
1011.2099190436304,0.0
530.7899057635514,0.0
-452.49843055912993,0.0
2813.2775384695174,0.0
-80.72217494175572,0.0
2959.5089182848105,0.0
1241.9721238402071,0.0
1065.9764840116577,0.0
659.1443995390871,0.0
813.9909322312933,0.0
-1721.2222766519299,0.0
2538.975248667596,0.0
-199.75472295207123,0.0
811.9156227384442,0.0
-226.08154273942762,0.0
-37.496796578177424,0.0
-1130.0161339247163,0.0
-1228.4308105098107,0.0
-486.6772742079052,0.0
1205.645103516079,0.0
-1274.105656635612,0.0
-2308.30652735368,0.0
-1698.65434776638,0.0
-233.8196944085454,0.0
1242.4756456751402,0.0
153.84541543097578,0.0
204.2996967704187,0.0
-2687.3667129721675,0.0
-61.97140806881998,0.0
45.46146824249669,0.0
-1680.0327363562462,0.0
619.5901800528607,0.0
-236.9270912728217,0.0
3.108162253063824,0.0
-1569.7525723757087,0.0
-910.2862861736859,0.0
-3447.9016210023583,0.0
-1940.0712829365457,0.0
413.70226502379376,0.0
646.8289706252043,0.0
-399.65362832903736,0.0
-1483.4902210767152,0.0
2173.4063597027707,0.0
-2444.2633167149397,0.0
-2528.697366561477,0.0
-1968.3106915215676,0.0
-928.728415586771,0.0
-812.7160067964486,0.0
-618.5429892203358,0.0
-2497.5267278517294,0.0
550.9154589398402,0.0
-1228.3608194399699,0.0
-2176.506347172848,0.0
-1741.6294925891275,0.0
-1682.4484073392077,0.0
-1190.203111554848,0.0
1150.9319670477555,0.0
-1650.1091108897922,0.0
550.979394828343,0.0
-972.7476781857583,0.0
-1356.3819507732187,0.0
1059.6976901927244,0.0
773.8084949774607,0.0
-1016.3953686989721,0.0
-2773.5866184574325,0.0
-402.03902231198657,0.0
1640.1805593621486,0.0
220.6352725314139,0.0
125.93451959553508,0.0
-1722.4615762526205,0.0
1212.4393278580749,0.0
-849.8243668950699,0.0
-1086.311666554747,0.0
605.2676839018472,0.0
1413.967936201805,0.0
1063.494704087421,0.0
-558.0411308713394,0.0
1229.754821305622,0.0
-810.4222943131556,0.0
-1587.3432452782465,0.0
745.2666077244561,0.0
263.08580617211817,0.0
2478.1815899516996,0.0
1293.326748259984,0.0
3002.66772693833,0.0
2435.89983040108,0.0
2667.0273669714347,0.0
3645.3475291240693,0.0
3235.271225085894,0.0
190.25178013691533,0.0
3901.8156270842146,0.0
732.3230461109376,0.0
1543.819813091215,0.0
3531.689638401951,0.0
1273.6141469620106,0.0
2711.854553464802,0.0
1284.8738210212587,0.0
2121.1741213774367,0.0
2821.1170797419945,0.0
2676.5625431933595,0.0
2921.4800992307555,0.0
1662.4106023923252,0.0
1826.2061423148652,0.0
2629.071356527416,0.0
2752.3661508168425,0.0
-343.3054933232745,0.0
2523.034261430964,0.0
3881.2439072870848,0.0
730.9789779836433,0.0
1390.6960655125501,0.0
1561.9754264855815,0.0
2348.9567581318483,0.0
1097.2588862946518,0.0
1891.8671118078398,0.0
-1410.4896547812855,0.0
2168.7121010823207,0.0
2534.204448355251,0.0
-953.838955485659,0.0
2406.7705350440515,0.0
-55.09331045096701,0.0
1655.6003172601381,0.0
-2383.474078933661,0.0
3090.0538630550473,0.0
-386.11321421445234,0.0
417.50120208916405,0.0
-729.1409815707048,0.0
-1316.466944670138,0.0
3245.6273843904437,0.0
40.67630298784877,0.0
2215.999427860615,0.0
792.0097719665877,0.0
884.9615101714007,0.0
-481.90365765865147,0.0
1363.3975330674486,0.0
3177.613727381355,0.0
2113.851964859713,0.0
572.4722736175715,0.0
275.7956471952007,0.0
2152.9909533876366,0.0
1789.8770605096693,0.0
-2164.8506088475856,0.0
-2647.6790525641172,0.0
2752.532188755059,0.0
813.6263088821254,0.0
-151.05260353868437,0.0
90.49059453556697,0.0
661.0339530921658,0.0
552.6651367051637,0.0
-278.22689794307587,0.0
1950.6849930871997,0.0
-669.3237113033804,0.0
-2537.0311862562116,0.0
-1162.8470242770911,0.0
-166.9692775952719,0.0
-417.0343799301103,0.0
-539.6214626088362,0.0
-1318.1539139021602,0.0
-4937.87098304703,0.0
-1552.391401898784,0.0
359.33609285355533,0.0
123.19388272356571,0.0
-2114.647003202793,0.0
-1189.3778920082577,0.0
680.3645564800864,0.0
-1854.3634783751309,0.0
-1562.1599892745703,0.0
2643.2302822319966,0.0
-1264.2807791367454,0.0
780.5458721160552,0.0
-54.765787972122695,0.0
-390.2617523999829,0.0
-1891.6478782580557,0.0
-1774.77368603563,0.0
1795.147526792301,0.0
-2379.033990418494,0.0
310.24968797417733,0.0
-1917.1262632631956,0.0
-1627.737043108555,0.0
-823.6277345658038,0.0
-1660.7214571065592,0.0
1562.2716882026175,0.0
380.64317458988523,0.0
2937.8051042205425,0.0
-130.25342518731964,0.0
2019.3315071166126,0.0
3864.5726270879372,0.0
755.4014038236122,0.0
617.030985537985,0.0
1690.6232341237592,0.0
350.77008073465197,0.0
501.30115570571,0.0
-255.44127361893743,0.0
129.90535029986245,0.0
268.5798555717554,0.0
1353.8192466324822,0.0
-266.3655350734208,0.0
2185.525991856265,0.0
1063.4647236327896,0.0
5369.804389070472,0.0
1540.6565217813745,0.0
908.6727204106672,0.0
580.0910640058252,0.0
1460.1334038908112,0.0
592.2544530419445,0.0
237.1257271376046,0.0
3631.534623640988,0.0
177.0667429191551,0.0
3364.4247691561663,0.0
2168.147211114366,0.0
645.4436276317692,0.0
4233.942112849781,0.0
1715.0181896366666,0.0
1691.7490174575107,0.0
2628.708633292118,0.0
4493.117665671374,0.0
2588.2819996722683,0.0
3380.3284053810867,0.0
5182.446474489681,0.0
2439.060788841417,0.0
1534.9697409398668,0.0
2050.9798321494454,0.0
-843.705296751257,0.0
1513.3743893002097,0.0
5042.765588365849,0.0
93.30217433671078,0.0
4500.7816870912275,0.0
2578.273430630246,0.0
729.7451830720954,0.0
1578.9531778423086,0.0
5224.730622201239,0.0
1155.7598893374532,0.0
2550.862753532182,0.0
3820.6235407481345,0.0
1128.8864056938141,0.0
3596.4419074986804,0.0
2056.1046770454896,0.0
742.1326123894798,0.0
2241.356787711629,0.0
780.276718451091,0.0
427.02039529398394,0.0
-493.1792353033866,0.0
2578.699863523159,0.0
246.3407679848077,0.0
167.5404638768947,0.0
-141.42815753911987,0.0
-250.96775818295282,0.0
-567.3369373667344,0.0
1565.6995219922385,0.0
-44.36358889170674,0.0
3217.3036941876126,0.0
1051.7909522040277,0.0
3.2319266505156747,0.0
-216.96594128492484,0.0
3851.1308071213416,0.0
-1985.6921944699084,0.0
977.5330776261517,0.0
1570.8686599052849,0.0
197.28412858039553,0.0
42.08015484446855,0.0
-873.059815184421,0.0
802.9229137792947,0.0
1424.8213644429775,0.0
327.40687836002286,0.0
-2725.5371576815724,0.0
-864.0169014328029,0.0
-815.3058813083869,0.0
-2048.5820626579593,0.0
-344.4362167674838,0.0
2563.048644965302,0.0
-1354.5873564788203,0.0
1134.2132240026692,0.0
-2066.6503325174012,0.0
-580.9682466820337,0.0
-812.6094487048458,0.0
-1578.3555914139579,0.0
-652.817702762319,0.0
1718.740349774361,0.0
582.4884418141892,0.0
-1177.248946939596,0.0
-2319.5260879852003,0.0
-901.8036053883179,0.0
-55.93852167407141,0.0
-784.1685084720092,0.0
1929.0728724445614,0.0
-2069.3923421717886,0.0
1546.0380520800768,0.0
-1548.7918271136355,0.0
-1408.016991687292,0.0
-1847.7724290774827,0.0
-8.691930668664085,0.0
-1588.382124219224,0.0
-2311.3750423315832,0.0
-143.32469623237347,0.0
-60.75356269471476,0.0
692.2334531176465,0.0
1873.3528814722167,0.0
-863.081975297109,0.0
1483.0515934764605,0.0
239.2686918522861,0.0
534.1297894042422,0.0
-1683.1264654628112,0.0
1531.0697643070441,0.0
1130.9561727967264,0.0
1534.017796573552,0.0
-1698.4755700836274,0.0
2647.6627990631423,0.0
-299.82056369877523,0.0
3526.2096908679246,0.0
1155.5716211465917,0.0
332.7111268795461,0.0
4307.121336768432,0.0
332.4164014308726,0.0
1134.6591126986161,0.0
1543.441684441883,0.0
1614.6010237695887,0.0
1623.541432311323,0.0
2552.822692576387,0.0
3624.7302086864092,0.0
3161.2332667749156,0.0
502.4735383567627,0.0
880.4962549660045,0.0
2127.6794731159107,0.0
718.149038071846,0.0
1634.6331109111336,0.0
576.5978206953273,0.0
742.3834578918076,0.0
63.43414932600672,0.0
5995.525601046002,0.0
-795.7643850423531,0.0
2150.3597307913287,0.0
2726.2134641261946,0.0
3373.9123110703244,0.0
2955.738482007313,0.0
3877.998974898155,0.0
2887.680286374717,0.0
2905.974526325442,0.0
2349.3281603629994,0.0
2918.084222030696,0.0
884.6306364308653,0.0
1890.4635190748158,0.0
3977.4410535244647,0.0
1987.9681581317798,0.0
165.59530956240383,0.0
1088.939577597545,0.0
3339.6525973770486,0.0
3389.9603298317115,0.0
229.66096348886822,0.0
2595.9388174950327,0.0
1396.8594726527224,0.0
2266.703670338964,0.0
-791.2065500826438,0.0
3074.9038876804752,0.0
2075.582664989903,0.0
1792.9243681934117,0.0
1769.1282950124473,0.0
-86.63163108769913,0.0
2559.707485769934,0.0
989.9857621365677,0.0
-241.9002747907557,0.0
2353.676802585329,0.0
1993.2115399610182,0.0
817.4861198324153,0.0
2680.5408144834137,0.0
-190.09516373717167,0.0
1774.5971182671271,0.0
2152.029131669628,0.0
2076.8604882062177,0.0
3485.5589472767715,0.0
2728.8382655131672,0.0
1049.8120453933882,0.0
363.80109046563484,0.0
3247.450277281912,0.0
2338.854448605446,0.0
-84.30338142387399,0.0
1626.8520748922915,0.0
183.9468771710907,0.0
-1747.4150660999098,0.0
2419.4272144183287,0.0
673.1787546619086,0.0
-29.015531857829927,0.0
2716.0408282747603,0.0
834.9256320350528,0.0
-625.0307908919989,0.0
-1246.1296642185735,0.0
-2744.8254095001375,0.0
-684.4349861234965,0.0
-860.5955640653256,0.0
1178.1363365474936,0.0
-565.3046808746479,0.0
-2356.4377540486703,0.0
-333.1617468463703,0.0
-2625.8918855160086,0.0
1139.6834163870953,0.0
-1640.224726335889,0.0
555.1851182912587,0.0
-777.8170976629536,0.0
-482.20637662028213,0.0
274.17379721662667,0.0
-19.866234359482178,0.0
-1466.6527450826875,0.0
2863.4772828428213,0.0
-791.6267926728294,0.0
1101.858300123809,0.0
-773.9699052305623,0.0
-682.3759806380439,0.0
2165.6871136741274,0.0
264.69805701195327,0.0
952.8109800192235,0.0
-2477.042819320606,0.0
830.3907283298092,0.0
2417.887644726856,0.0
-438.49128072367347,0.0
-533.8777703251783,0.0
1233.9382380663226,0.0
847.7138907299004,0.0
2134.168222127486,0.0
2871.4896682403064,0.0
2248.8130077926126,0.0
-611.9825115474785,0.0
1147.4416332092837,0.0
62.56332875212138,0.0
-1604.8621790994162,0.0
968.4262049919178,0.0
-1449.5621979955981,0.0
438.46905311819717,0.0
-1431.4095602699724,0.0
-649.8231284311229,0.0
-408.3473663108108,0.0
1853.9306523733414,0.0
349.1787322733053,0.0
106.59685297329975,0.0
936.5653461652573,0.0
3409.1610529344916,0.0
988.3998868166237,0.0
2560.0879530913844,0.0
4790.388239398579,0.0
-61.45933832695982,0.0
-809.5092545372022,0.0
130.1922646821995,0.0
843.174484423904,0.0
565.8562567139631,0.0
3320.544943624243,0.0
2343.425425249307,0.0
372.8718729545285,0.0
2830.5436030172787,0.0
311.99957313549135,0.0
2697.408267045322,0.0
4283.48615645804,0.0
5305.816136653548,0.0
3543.616698787737,0.0
1355.4040420098413,0.0
2951.8737751284493,0.0
2696.7026205408406,0.0
1496.9666891467227,0.0
-294.96927825266016,0.0
5103.214444147912,0.0
5659.388134773434,0.0
2379.8691376086995,0.0
1679.5348821581597,0.0
2339.6154634179666,0.0
3831.8772013738303,0.0
4041.120536455309,0.0
2098.7337904172477,0.0
1389.7306143999044,0.0
1478.5843578761132,0.0
2341.8310445816182,0.0
3461.144186681583,0.0
2966.3419723807365,0.0
1563.0252805748073,0.0
1320.6988957759654,0.0
3201.8823565271887,0.0
2444.1568133098817,0.0
1934.6828778977876,0.0
961.7991149502212,0.0
2290.6868317948165,0.0
3506.799413462358,0.0
1601.2749443219036,0.0
2435.91639726586,0.0
1107.8365015042443,0.0
804.6932610828387,0.0
1542.706187800398,0.0
1477.2867212462131,0.0
2738.9664048226637,0.0
-203.62248000195154,0.0
-96.82621788994061,0.0
2662.7597460055454,0.0
-1945.411365293643,0.0
1042.6908593873086,0.0
-1182.6605981490125,0.0
383.67608614612016,0.0
810.2058917415388,0.0
-2804.106106705435,0.0
1180.8926038406862,0.0
958.3427684378453,0.0
2568.9078480325647,0.0
2059.080208001161,0.0
453.15595229042964,0.0
738.4370438054204,0.0
-3037.4004842526015,0.0
354.5525654773218,0.0
2160.749447421287,0.0
1462.8840926966461,0.0
1707.7838115679538,0.0
-947.0091305420094,0.0
271.2419663013157,0.0
-158.5975559742882,0.0
-138.8959185031532,0.0
1128.205971688082,0.0
-882.5904332852817,0.0
-2272.5794824206964,0.0
2069.2366412973474,0.0
-1079.4638787598674,0.0
-4200.941274608818,0.0
2493.229887781961,0.0
703.2389343833015,0.0
356.0194174109429,0.0
1391.2566636306283,0.0
34.471013926576916,0.0
-1337.1973278367084,0.0
-150.15298375277573,0.0
-1086.143578123957,0.0
61.51041489981287,0.0
-1604.8971841908128,0.0
886.8573971139931,0.0
1614.0466515888631,0.0
-1685.9626631176147,0.0
517.0126253731788,0.0
-2294.374335094702,0.0
-973.7244996735783,0.0
-135.90859487560988,0.0
2130.9442556911436,0.0
2212.188631773648,0.0
1927.2369185362718,0.0
-1902.3339277911214,0.0
1132.1203543605986,0.0
-2709.900259339286,0.0
692.537045376862,0.0
694.7958646521854,0.0
-131.24510376958415,0.0
-951.2836656842396,0.0
1560.985760028367,0.0
2739.9343799864264,0.0
2488.1751828269657,0.0
1463.7258916448627,0.0
2270.6323146921072,0.0
1574.0108251822185,0.0
1363.0578807767952,0.0
2404.836059351427,0.0
470.0713299888208,0.0
-246.9655142319757,0.0
2482.932646629676,0.0
2602.1857091814113,0.0
2092.411629651663,0.0
2724.33825538619,0.0
877.4395356107182,0.0
5058.023611509676,0.0
2857.938264935913,0.0
2072.301200219316,0.0
3531.3477263703244,0.0
2732.9559446094486,0.0
3157.345577451989,0.0
4244.469000354982,0.0
3355.187183247077,0.0
2724.1253693566787,0.0
3244.107660575278,0.0
687.4166743148814,0.0
2526.0255954259574,0.0
3292.01243490421,0.0
1467.7515981092688,0.0
5210.245806755296,0.0
2762.392913918892,0.0
2076.639025451691,0.0
2592.9272559520414,0.0
1622.5438247814973,0.0
2122.295096206298,0.0
2521.9980939560046,0.0
3299.341853755694,0.0
363.08967171571226,0.0
1536.0006700315625,0.0
3975.7963792589544,0.0
1448.2743181802887,0.0
4625.916527545752,0.0
4787.181916141317,0.0
1111.328511101445,0.0
-1047.2235353749143,0.0
3144.571028557599,0.0
4770.803690072124,0.0
-325.483797717794,0.0
1665.7413331356972,0.0
3964.8215237370537,0.0
723.6972353851847,0.0
2028.8865165873938,0.0
3600.0761642784637,0.0
2497.5153072773155,0.0
2500.9665845477684,0.0
2956.2505246919245,0.0
1145.2484022359417,0.0
-405.32230420776386,0.0
4627.382673783708,0.0
1094.763166130136,0.0
2427.8330678416296,0.0
3325.004367512981,0.0
1380.1963101017427,0.0
1576.3009169976458,0.0
-261.7580265906686,0.0
2683.9178542718323,0.0
5075.0476783529175,0.0
439.6149221492467,0.0
-855.9087136973861,0.0
2122.7254154796124,0.0
141.1074625507889,0.0
955.5113970701846,0.0
1571.2632813752243,0.0
1133.3032265443976,0.0
1705.305791611933,0.0
728.5880265870742,0.0
2643.527795741447,0.0
-178.7214398052622,0.0
-50.333283909707916,0.0
1213.7327308370836,0.0
-1193.5066027975054,0.0
-438.86246127633797,0.0
-434.79150399725364,0.0
-363.47313889793617,0.0
2648.4307132605777,0.0
626.7392229549284,0.0
4759.403388834151,0.0
-312.366743804086,0.0
-677.6260815552464,0.0
3348.582924308407,0.0
-1136.8459166730354,0.0
1860.0866421598164,0.0
-3310.197261655555,0.0
-1196.5238178880131,0.0
1215.2542074210992,0.0
3016.807955605931,0.0
948.022138546466,0.0
-851.4395130398118,0.0
94.60475639372548,0.0
1236.9287396738835,0.0
1411.1706234647309,0.0
2165.639124172515,0.0
-1394.6021231332868,0.0
1886.6161263579943,0.0
2747.0383886753743,0.0
5217.586243606294,0.0
386.4339629965633,0.0
1600.533142339111,0.0
753.7705157779872,0.0
-501.4961831668429,0.0
-3083.531300746305,0.0
743.9307749488025,0.0
4098.951179662745,0.0
922.5103056792645,0.0
-1637.0905496637804,0.0
1713.0272372688626,0.0
1127.9644681410039,0.0
1030.9864787788806,0.0
3995.757372417645,0.0
2589.0538831812582,0.0
4973.020664970019,0.0
-90.63233844486183,0.0
2310.4055825298856,0.0
116.38605586232097,0.0
4509.74013997114,0.0
1083.1006281771806,0.0
3539.941641370686,0.0
2657.9871617853205,0.0
3222.3650201840655,0.0
1602.807229059845,0.0
3545.088068795417,0.0
-556.5378185981053,0.0
324.1048297500454,0.0
2424.274634993705,0.0
4365.40001375344,0.0
4530.911215931395,0.0
1718.0788936046724,0.0
3306.6865604438226,0.0
6206.427538762803,0.0
3227.4409608074834,0.0
1705.9326665558046,0.0
447.50501317319913,0.0
3172.189407496622,0.0
5614.9014632988055,0.0
3284.2378623032246,0.0
2261.205787778453,0.0
535.7867365234067,0.0
1457.1395905749014,0.0
4108.262029553953,0.0
3267.5078919132966,0.0
3264.8225332815946,0.0
1132.4049367820196,0.0
3812.673003750867,0.0
4084.2001186338057,0.0
5803.081801640138,0.0
4205.891359803919,0.0
2684.3422288922507,0.0
3799.2244298278815,0.0
4320.009661573119,0.0
2935.4946353860896,0.0
959.4464321209077,0.0
4381.996696732715,0.0
6003.955568394359,0.0
3782.129228438332,0.0
5330.344113546418,0.0
2081.8307231339527,0.0
2105.9800746017804,0.0
2445.8875076216573,0.0
2395.4824633320163,0.0
4062.250456197442,0.0
4659.622116288183,0.0
-800.9519969773569,0.0
3368.4275166533066,0.0
2420.462435522052,0.0
5046.425005524878,0.0
1003.7426215054154,0.0
2462.841386417133,0.0
4371.652892550381,0.0
4212.715891793817,0.0
3545.0864220005387,0.0
1726.4356106973546,0.0
443.81954951406317,0.0
2705.2137659973228,0.0
-63.233583904675015,0.0
2071.643817502537,0.0
3570.142817682739,0.0
4368.222192639576,1.0
-77.17701713596534,0.0
541.7575273382606,0.0
330.6062445838083,0.0
2426.826806979527,0.0
342.203081581744,0.0
198.17978595854072,0.0
-2113.375708104955,0.0
-1430.0911312269425,0.0
-339.34727030325234,0.0
-1180.04269778287,0.0
272.68896259950384,0.0
-1291.476147431308,0.0
836.7870713287072,0.0
-54.90107491512458,0.0
1260.7380224479812,0.0
59.64855061857869,0.0
1402.0568656174435,0.0
-1042.5140585288934,0.0
-1505.76064885507,0.0
-949.5451520514852,0.0
1551.63064700623,0.0
1102.283325353317,0.0
1917.855584932779,0.0
1056.7615054286034,0.0
291.11366256718475,0.0
2525.7393631211016,0.0
810.860239487812,0.0
390.3117477579967,0.0
1712.5438724406167,0.0
-648.4654336620603,0.0
-1219.7073485551239,0.0
-160.26004410994983,0.0
-1043.857358766396,0.0
507.03158371957267,0.0
231.18236841155408,0.0
492.49745306946437,0.0
410.0214207390676,0.0
1174.3853520059647,0.0
1586.4643341314436,0.0
-13.984658188834715,0.0
1443.3510683741144,0.0
3636.9282303645286,0.0
-678.1788940140623,0.0
697.8795837179091,0.0
2661.7327312110647,0.0
1595.9655902998293,0.0
2917.378578782803,0.0
593.6947005303693,0.0
3583.4915600486147,0.0
808.8960448017434,0.0
2737.8507602160153,0.0
2569.8198555439667,0.0
3757.527849008816,0.0
2095.5271307945077,0.0
1454.4116815451252,0.0
-150.34046258281433,0.0
3306.1640568367684,0.0
3194.2944752480435,0.0
3120.351186188944,0.0
4063.74888449048,0.0
3248.4907273247036,0.0
2843.742057905462,0.0
3923.5023376025747,0.0
2201.211284916564,0.0
3790.1974436256737,0.0
2014.3046457821902,0.0
2938.526000810374,0.0
2777.873361735085,0.0
885.6068740558039,0.0
2992.323201436191,0.0
1953.5608573910756,0.0
3524.5400226462,0.0
1619.3255679990061,0.0
2246.8235312986917,0.0
8526.517238701417,0.0
3469.3620982091484,0.0
3440.463551146769,0.0
4438.520885470286,0.0
2762.1165664442933,0.0
3252.047269865204,0.0
2105.427359496255,0.0
1670.0560419919516,0.0
5368.060362663131,0.0
4107.539131931493,0.0
6149.648912345459,0.0
3802.3613583584665,0.0
5223.967324681526,0.0
3637.4734627421576,0.0
7360.524918290278,0.0
5451.944386849789,0.0
5515.115421489934,0.0
3436.0096881165396,0.0
897.9423040882382,0.0
2935.7463631784617,0.0
4464.8089202619285,0.0
3856.2299007687016,0.0
2230.508025005965,0.0
1835.6982819328205,0.0
1768.3751024058122,0.0
3043.0776453532003,0.0
3938.7091005218613,0.0
3686.648031980495,0.0
3282.499109469998,0.0
2344.815110276489,0.0
2209.03272291179,0.0
2288.5601044572527,0.0
3796.9548862433403,0.0
3522.5595868351334,0.0
2812.3556427320023,0.0
2319.900855693766,0.0
2233.664954452287,0.0
3195.032412562085,0.0
4308.741613402212,0.0
-1811.271030883461,0.0
1768.6775530259529,0.0
2901.6780875051336,0.0
2640.9382973732845,0.0
-1260.9356717430067,0.0
-1506.7538218580498,0.0
188.3699323558052,0.0
1797.7440777377487,0.0
-229.51265284631063,0.0
2510.7608114070304,0.0
1907.3851061340692,0.0
1472.9228039267382,0.0
3355.4653195937285,0.0
-650.5093357477799,0.0
1244.6315014900565,0.0
-1725.803220187926,0.0
2647.4137541027485,0.0
2577.972856466298,0.0
698.6779669614848,0.0
-1080.2694555087767,0.0
1229.9733282635527,0.0
1326.8228433596946,0.0
-638.5975947623638,0.0
717.7887234257262,0.0
1432.1754787573063,0.0
-771.9652726292259,0.0
-203.8442784108521,0.0
2734.650461026861,0.0
1933.3753490139923,0.0
2453.310146122036,0.0
1518.3459312208952,0.0
303.2040261442762,0.0
648.6867708440042,0.0
160.45687963666944,0.0
573.0449214831889,0.0
911.1577292633533,0.0
2341.058817176159,0.0
2116.7749784173366,0.0
3884.244237140676,0.0
-400.78546101266465,0.0
826.968713685729,0.0
1352.4999596335656,0.0
-1647.9177117110298,0.0
-989.0249450607184,0.0
886.7732442679769,0.0
875.5076995932012,0.0
3211.7747118144116,0.0
1938.3294819599128,0.0
923.3933462932443,0.0
359.63996799202755,0.0
1321.9918304263279,0.0
4744.192239294453,0.0
2125.6724449159706,0.0
-361.99972953011354,0.0
2815.8663628105032,0.0
3154.9143462798593,0.0
3306.8659370453474,0.0
631.496301173966,0.0
1879.4500382596284,0.0
2883.013122437028,0.0
959.9869608863869,0.0
1861.7283244076261,0.0
2035.3171598771385,0.0
3131.7256637997957,0.0
2565.8507191431577,0.0
1039.4538280113884,0.0
2744.629375322723,0.0
5835.095683678979,0.0
2404.53902811886,0.0
-361.83842973027004,0.0
4008.6096708317245,0.0
3117.8785533302466,0.0
3380.041865595735,0.0
4369.59692703684,0.0
2685.621234782841,0.0
2194.109177348987,0.0
2535.3701998424353,0.0
3804.1832961280256,0.0
3122.0247329654753,0.0
3811.7056563926785,0.0
6184.771742946467,0.0
4270.863470418647,0.0
4980.805270223835,0.0
7426.43005896079,0.0
4216.879874387446,0.0
2947.7073030222277,0.0
3329.569804713803,0.0
3781.9628330245855,0.0
4962.058447722766,0.0
6037.062287833215,0.0
3986.897950432651,0.0
2505.7470024530044,0.0
4882.111946792907,0.0
6211.050792050593,0.0
2239.14330739995,0.0
6555.8298826351665,0.0
3885.731103887144,0.0
3679.477322690465,0.0
3415.340678472252,0.0
2052.6701785632667,0.0
2241.6032833989284,0.0
5038.381220272129,0.0
1789.4499836892978,0.0
2764.5914162739095,0.0
3574.6229689779957,0.0
1842.6645706147956,0.0
2777.922107164484,0.0
414.75442162093145,0.0
4203.93576876715,0.0
3367.95128335398,0.0
767.4865671371322,0.0
4619.374953840407,0.0
477.478467397274,0.0
35.68881688871943,0.0
-48.81517087140264,0.0
2704.8766552364755,0.0
-1045.0060914675892,0.0
2863.3608932956186,0.0
1882.6595893621814,0.0
3372.3711355131263,0.0
310.57018363616334,0.0
3217.58206749326,0.0
1132.724759098054,0.0
3941.9309352600976,0.0
-19.061510764702007,0.0
1675.5050573804529,0.0
499.97186535136746,0.0
1953.2859263370678,0.0
5142.520438524498,0.0
846.7783429155755,0.0
1275.1654317854875,0.0
2302.709669877091,0.0
1411.8325187410778,0.0
-1299.0995302540512,0.0
2446.4762870461955,0.0
-1329.2356860925531,0.0
-889.4839595674528,0.0
1688.2304875463205,0.0
-843.789995155182,0.0
876.9640060204606,0.0
2298.6590750625232,0.0
1469.057654775678,0.0
-675.4781183319698,0.0
90.20671226547597,0.0
3626.1437257134294,0.0
1456.1925397562582,0.0
2702.252989113212,0.0
2791.6610557742015,0.0
-1310.3289977505178,0.0
2235.6017129284987,0.0
-880.6763946207042,0.0
1731.2839843368743,0.0
1435.2114430608328,0.0
405.4476104043499,0.0
-594.0845399195109,0.0
657.2234835118898,0.0
579.9081355027656,0.0
68.73735237402252,0.0
425.0028632030406,0.0
2354.8813053782114,0.0
650.7989058161543,0.0
-1484.0988834842733,0.0
1114.3523596108091,0.0
3144.2492279499456,0.0
83.13455583259451,0.0
455.1652919819203,0.0
-149.31120945661633,0.0
4750.863309369464,0.0
1012.8134000612149,0.0
3102.4715286931846,0.0
2588.3681865775475,0.0
1283.8850676820641,0.0
2089.152308889005,0.0
5840.577668715761,0.0
4516.530498612054,0.0
2822.0417555015238,0.0
1474.0703506605846,0.0
4842.940677397366,0.0
4601.778150639658,0.0
2978.965529962975,0.0
3234.4620572173144,0.0
2847.961663740645,0.0
3405.2649162383395,0.0
3147.4175231765216,0.0
2430.5892792022305,0.0
923.9107584284372,0.0
3905.777419301286,0.0
2774.741660829197,0.0
1078.8787986232137,0.0
3736.62632952106,0.0
3719.036056545748,0.0
4294.544127435694,0.0
4660.115278102177,0.0
1881.5884382052675,0.0
6266.524901157019,0.0
3302.506174704995,0.0
2228.59239073732,0.0
3029.8490921184057,0.0
5432.816700453026,0.0
4770.193913903648,0.0
3050.680299477852,0.0
4637.811188129755,0.0
4032.234545914576,0.0
1938.2488395975568,0.0
3321.1003297180687,0.0
4812.155336520155,0.0
4103.27478006105,0.0
5055.9979109983215,0.0
4684.359596702972,0.0
4627.3079571412445,0.0
4929.3072988453805,0.0
2039.8767953973138,0.0
5053.990721271519,0.0
1963.44793038466,0.0
4429.577380998909,0.0
3962.7220917671452,0.0
3684.249738512543,0.0
4538.584957101549,0.0
2622.9142119930243,0.0
5431.928768348984,0.0
4947.089817018007,0.0
5574.52437407299,0.0
4334.888799042502,0.0
2664.3314142079626,0.0
1340.1920017924654,0.0
1382.996562410131,0.0
3519.4708876921504,0.0
-995.6803794153311,0.0
5588.618867345884,0.0
3612.8084715527652,0.0
1895.9129364659927,0.0
1938.5978787070917,0.0
-281.5204254023963,0.0
2567.0039037951005,0.0
4420.352132091944,0.0
3373.8067142900436,0.0
216.7860203688515,0.0
3111.349223527295,0.0
2428.191931086128,0.0
2886.8985296345545,0.0
2144.064773727311,0.0
2470.381552278467,0.0
3822.6981173735285,0.0
4012.8459462973688,0.0
3583.0806827937404,0.0
2076.585948136487,0.0
2195.839812551088,0.0
2463.3937993959566,0.0
1901.05076477612,0.0
886.2038795376404,0.0
4028.293877024733,0.0
4869.363642917185,0.0
1478.0536014895692,0.0
724.5974807526217,0.0
897.6639078093926,0.0
-512.7650752162263,0.0
-659.246298970628,0.0
1519.7036493434234,0.0
945.7527180855257,0.0
2826.627172443591,0.0
4858.950714937178,0.0
1389.0246547134254,0.0
2087.9492096384956,0.0
1970.3674144430906,0.0
2181.749617065672,0.0
4110.158177328283,0.0
945.7890042995294,0.0
3502.1749518053443,0.0
528.2684921281186,0.0
173.95811889631977,0.0
1379.517459457713,0.0
2601.3953959768755,0.0
62.083739893032316,0.0
2274.5367227435245,0.0
586.86294442182,0.0
2875.3701893033895,0.0
2590.491365731309,0.0
3780.2810202148803,0.0
273.57083858162287,0.0
593.7596860644753,0.0
1968.71306238644,0.0
3557.960936173683,0.0
2984.0236994504276,0.0
846.6317147977745,0.0
875.4691581745473,0.0
579.7703393458014,0.0
5039.61962312361,0.0
4705.531595058949,0.0
3073.3033273488936,0.0
-954.0267002212179,0.0
2925.7855525765717,0.0
1915.4356299517253,0.0
4176.274716949558,0.0
617.9214327935201,0.0
5312.588571082533,0.0
3189.026480256497,0.0
3061.0009667216723,0.0
2196.359932256126,0.0
5834.619298143725,0.0
3010.2203424088684,0.0
3082.086967854609,0.0
3063.6272453353645,0.0
3324.9507679775447,0.0
3406.050058970382,0.0
4493.275602677447,0.0
5217.382880888575,0.0
4516.821946040173,0.0
2760.161822128356,0.0
3899.921527194707,0.0
5077.864628973206,0.0
3672.1326582213883,0.0
3117.021934998046,0.0
6114.543254921426,0.0
4458.630313622548,0.0
3810.9069715763326,0.0
4907.353622966419,0.0
4737.119343366779,0.0
5328.497324076638,0.0
4132.316418450284,0.0
7400.141950903482,0.0
1960.764716475745,0.0
3770.854454169369,0.0
4696.64312925038,0.0
2763.3027341209654,0.0
2815.642431562557,0.0
3203.1454723184993,0.0
4143.237867880187,0.0
3903.53427616411,0.0
5137.80895686122,0.0
5269.740186552661,0.0
3794.0686705479025,0.0
4313.099829403682,0.0
4676.626118513121,0.0
322.66366033431996,0.0
3590.7174564154166,0.0
1384.2858976838597,0.0
3304.3157802023584,0.0
3335.2282100292487,0.0
5936.375714705244,0.0
2316.006720279089,0.0
2369.6421077729715,0.0
4573.149004740946,0.0
2789.1199622248246,0.0
776.3794965590391,0.0
5338.840554638044,0.0
4727.316859577379,0.0
3185.79547932694,0.0
343.0330926650695,0.0
2021.3429022051791,0.0
1187.9104344251289,0.0
4699.996556913087,0.0
2074.9168007649714,0.0
3445.919700298366,0.0
3915.588283142516,0.0
2410.1364432248947,0.0
2297.1895524614033,0.0
3825.0420875453897,0.0
4489.961678923024,0.0
-9.419266685371895,0.0
3144.379117611279,0.0
-1466.639988838842,0.0
1205.0461065850554,0.0
3000.6057662913563,0.0
-306.1585537806254,0.0
3247.805882688638,0.0
5361.03300520175,0.0
1975.9641202893374,0.0
-86.12595199144062,0.0
4103.561056809947,0.0
994.3483795006935,0.0
-120.86916261882129,0.0
541.2833364774167,0.0
698.0587741507233,0.0
184.38236897160186,0.0
3364.786272892514,0.0
-267.6782271741308,0.0
-1339.1626781824946,0.0
-520.848144461929,0.0
653.4154252793614,0.0
3199.1690547874505,0.0
-1113.1639879747368,0.0
1791.9599142453876,0.0
2099.7953362138596,0.0
148.10395667395073,0.0
651.2222968592722,0.0
772.695894744907,0.0
2187.8155482233697,0.0
218.69664248107892,0.0
3314.291903137673,0.0
-1659.7276978813202,0.0
3063.041457817121,0.0
2883.77526925739,0.0
1871.3310977840633,0.0
1875.0038912312618,0.0
3276.3907881235436,0.0
90.03141437099521,0.0
870.1551221670161,0.0
148.6677903645782,0.0
1572.9706702335234,0.0
725.385778509632,0.0
151.9579339380515,0.0
1851.3488683674316,0.0
1555.7141184936486,0.0
2935.6705411929515,0.0
4334.192438782238,0.0
-788.3339902050377,0.0
1822.8188307928074,0.0
2147.8815181834507,0.0
4234.420082655948,0.0
1040.6299589624155,0.0
2965.197840337424,0.0
4044.327024941843,0.0
1923.7459220430649,0.0
2694.1486282516344,0.0
