5711.935232927921,0.0
-4178.946880810978,0.0
31526.63124651342,0.0
-2999.6574644263965,0.0
1692.8585327139829,0.0
20744.370350111898,0.0
-11347.356295718817,0.0
-7177.807442746894,0.0
2942.9338345158176,0.0
-3711.222916682851,0.0
-14744.409036949191,0.0
-1958.1317213152045,0.0
-3920.237486506727,0.0
8520.599270323937,0.0
-20622.132266266242,0.0
-8138.629118018201,0.0
15840.713745084657,0.0
25048.096013699647,0.0
-18417.0262306239,0.0
9487.175679468823,0.0
-11445.539625091465,0.0
-9794.344068028711,0.0
-9954.00688241875,0.0
-4156.297172492822,0.0
14312.213553433383,0.0
10677.61881434404,0.0
2290.0893596431843,0.0
-3153.347792830704,0.0
1668.4450753190936,0.0
339.73792451061877,0.0
12037.317482852752,0.0
-6359.115658224929,0.0
1789.0799221402654,0.0
602.9883037955224,0.0
1244.839318648192,0.0
5222.733778197421,0.0
4609.524949634209,0.0
19363.375899382117,0.0
1083.2314481150709,0.0
22420.062370811578,0.0
-1683.1483434558418,0.0
-3856.109640737958,0.0
3696.656066687353,0.0
7032.350571016837,0.0
5934.029385678472,0.0
19190.101421578023,0.0
17299.831475045256,0.0
9028.503423270253,0.0
-1684.4509099348902,0.0
1438.5846060270699,0.0
21029.916964417647,0.0
5642.991170621246,0.0
-14074.575476154365,0.0
-6049.61471457663,0.0
-4478.019414614453,0.0
17929.6192388132,0.0
1630.324346332988,0.0
32235.70802194734,0.0
11612.47114316938,0.0
4762.0589852178855,0.0
-2359.1377151382367,0.0
15794.977660449218,0.0
188.46345012268011,0.0
-7329.314910069319,0.0
10673.096354616531,0.0
3565.895734669061,0.0
18739.389462620722,0.0
2566.102511298107,0.0
-33431.4687046395,0.0
13810.860863598511,0.0
-20662.500622189058,0.0
23474.927563908615,0.0
27202.076363691038,0.0
-1858.783643532293,0.0
-11364.801530715647,0.0
-14285.503074158754,0.0
15047.779411473774,0.0
1208.6821912148102,0.0
-3876.378001485708,0.0
719.8486477307174,0.0
30877.98589929949,0.0
8421.497906018141,0.0
13644.083886993525,0.0
13992.19636898041,0.0
17206.488676904675,0.0
17780.952813793843,0.0
-5059.555246502752,0.0
1323.5051570609708,0.0
-5677.690146851069,0.0
-5014.390229593311,0.0
18920.781942028854,0.0
-2230.0010065632723,0.0
3252.357774966873,0.0
-4666.5415803316355,0.0
-3331.539916751958,0.0
14508.824091303573,0.0
-1464.1176559197302,0.0
-1894.862894283332,0.0
10710.891830122519,0.0
10844.131329218148,0.0
14631.06898736953,0.0
6639.670128421039,0.0
-18234.092122608414,0.0
12617.377465058955,0.0
10905.187660820055,0.0
17713.218529205136,0.0
-6391.675916878787,0.0
37133.40480480981,0.0
-11355.26773980424,0.0
14013.66013724036,0.0
5158.914124605259,0.0
-1708.146397458947,0.0
15201.92520933775,0.0
971.434822105763,0.0
-25540.083867097783,0.0
-10438.851099656003,0.0
10568.800833125435,0.0
33582.32620447343,0.0
-14431.561862020131,0.0
4476.687053508603,0.0
23438.65130341235,0.0
12604.401975464754,0.0
-126.78952537376153,0.0
-13633.380764404406,0.0
-18262.447459383526,0.0
-4879.454243049676,0.0
7.69410339668957,0.0
-24280.102019254842,0.0
-17116.09547387846,0.0
8706.627605817825,0.0
-480.7604432449998,0.0
-4961.672107845148,0.0
-433.05392048774866,0.0
-5723.6344963631645,0.0
16820.572993249458,0.0
25973.68921944921,0.0
31620.41918719455,0.0
13999.526010151021,0.0
14483.684442778344,0.0
23756.754817494635,0.0
27261.51282763898,0.0
23832.025530814666,0.0
20480.999178593695,0.0
-3338.302553433975,0.0
-15821.896794594748,0.0
16192.559180629458,0.0
3740.14589818469,0.0
4172.85979384119,0.0
-6635.215201801582,0.0
-11959.222897051302,0.0
23031.330701049304,0.0
10914.087538907337,0.0
-8859.964814760304,0.0
9927.732731511987,0.0
8817.879027340765,0.0
11627.653944972899,0.0
33805.418686745936,0.0
4457.8678389484785,0.0
-11646.048876519948,0.0
5461.827306728641,0.0
-3402.296558404576,0.0
12017.830886357497,0.0
7694.25215454207,0.0
9448.691505081373,0.0
-2397.0415195354335,0.0
10364.229187731984,0.0
-1645.1018119983773,0.0
11596.931414268864,0.0
1068.9500020111068,0.0
-9476.540464532623,0.0
11481.978974996615,0.0
-4144.966776745833,0.0
23646.133466383064,0.0
10702.747925349278,0.0
11019.038732106153,0.0
6299.914050926614,0.0
4254.207567867265,0.0
-25768.313158355042,0.0
20828.280841033942,0.0
-5465.2390175819655,0.0
17334.1535637413,0.0
-3194.438479957009,0.0
3188.072515611033,0.0
2094.963901584929,0.0
-8356.859596793658,0.0
2827.2908601992854,0.0
11257.288979852294,0.0
-309.15396891830096,0.0
-11270.958300944163,0.0
-2352.6363439279676,0.0
8312.071815777708,0.0
19932.41467972059,0.0
15885.265537022642,0.0
8856.53550869365,0.0
-7772.1061882872955,0.0
16821.79195450088,0.0
5506.088395351489,0.0
2027.8022592674179,0.0
16941.804876276386,0.0
13153.204737821341,0.0
11662.551102204145,0.0
-9616.875411206329,0.0
-2617.310000178315,0.0
-16788.73474512982,0.0
7689.483882832241,0.0
5705.0063417142055,0.0
17346.1918699785,0.0
8049.049183647008,0.0
554.5990096743471,0.0
32619.398697782148,0.0
-7964.9246450404935,0.0
-11892.041861689067,0.0
-2524.1943354691666,0.0
12130.57588832184,0.0
930.867799799611,0.0
-214.72391251743193,0.0
-9043.944082369593,0.0
24461.105030105038,0.0
-2540.9852309018115,0.0
-8449.456184310675,0.0
3898.7340362056298,0.0
-4877.676091261123,0.0
2556.4349059673195,0.0
22842.240889450884,0.0
-176.219938735886,0.0
5064.5256556452205,0.0
905.1697559294316,0.0
3175.2828902206466,0.0
16323.903211607845,0.0
12631.137603669507,0.0
1337.7903385830805,0.0
-6306.696619768176,0.0
4083.7149275064294,0.0
16640.429349877624,0.0
5669.514153029249,0.0
4273.101426250885,0.0
-17383.722998665013,0.0
18791.25600363137,0.0
-13212.011728515827,0.0
-10513.728620135807,0.0
1250.961724860982,0.0
6595.676641861542,0.0
6739.0651813953755,0.0
-3710.231375564941,0.0
2209.3908606994864,0.0
-1649.6279920690467,0.0
-17104.766644561067,0.0
3017.569641668222,0.0
-2604.9115668441164,0.0
11848.480576060028,0.0
4567.565349226253,0.0
18942.02634864334,0.0
15509.47707803928,0.0
18168.61243066424,0.0
22229.74573156904,0.0
15629.435389487837,0.0
4455.099065680546,0.0
24219.539391185644,0.0
-5222.643736569056,0.0
6334.194460634147,0.0
17984.37686229491,0.0
3166.406260758006,0.0
16164.759906638104,0.0
-3371.684562330941,0.0
97.65372547780589,0.0
14137.224532139851,0.0
16302.809756914154,0.0
22594.92597952405,0.0
6297.097427727146,0.0
11083.846921791415,0.0
15390.005635537504,0.0
13407.621505944662,0.0
-9449.880177001967,0.0
171.67772332998447,0.0
26151.006104645883,0.0
-8481.94721400148,0.0
15658.666114884385,0.0
2180.528858859294,0.0
20627.054938555582,0.0
-2266.113120058413,0.0
8455.528074458824,0.0
-18328.93077551399,0.0
7415.26378130074,0.0
21829.61174129187,0.0
-11385.434509967916,0.0
23364.130843863924,0.0
-1128.6832994867245,0.0
7552.042539433343,0.0
-27592.65337330252,0.0
22260.546056947205,0.0
-2975.6934657874717,0.0
1464.811406913369,0.0
-8045.115315846844,0.0
-4353.126953328561,0.0
23400.50709622822,0.0
2057.0101024974074,0.0
20272.841712075715,0.0
6496.513659054285,0.0
13270.009935823324,0.0
2307.149548406848,0.0
14461.599443313811,0.0
42382.79092391039,0.0
17526.748059821235,0.0
15611.905384450944,0.0
3049.211878119,0.0
22312.130167169995,0.0
26825.84575846705,0.0
-12650.199568534686,0.0
-8484.12830783127,0.0
36602.44455681504,0.0
15032.44835894382,0.0
11228.81744121443,0.0
16874.363209749416,0.0
23823.28561187994,0.0
20077.997677131734,0.0
6943.135748922634,0.0
36496.99750101815,0.0
10069.209446282566,0.0
-1372.7548778385044,0.0
2845.9182316590723,0.0
8417.762450339014,0.0
5292.347820007997,0.0
7803.056922348919,0.0
14280.212929473419,0.0
-32089.550321463146,0.0
333.6564919625289,0.0
22704.765070090056,0.0
17775.08051408931,0.0
1734.0697184407745,0.0
2565.325763851235,0.0
25394.40387244764,0.0
7478.794952928142,0.0
3924.188323538715,0.0
34859.45917948933,0.0
6111.0894301781245,0.0
19819.52339000999,0.0
10452.929042333859,0.0
11726.39364849712,0.0
-1121.9193622328548,0.0
482.01937805635316,0.0
27514.550801665602,0.0
-3452.723887289312,0.0
14940.012808014793,0.0
-4036.197804189176,0.0
8282.334380042643,0.0
10988.837338813088,0.0
-9458.475094006551,0.0
26276.731961404294,0.0
9324.917960159702,0.0
27479.675897004578,0.0
-243.99487251578284,0.0
23634.46017215029,0.0
42053.33844205069,0.0
14728.131197479172,0.0
3677.2985823760046,0.0
18241.948588542604,0.0
13872.500033594908,0.0
9421.808044823465,0.0
10573.056189544626,0.0
4754.686816913474,0.0
17683.307366756988,0.0
7372.814005823075,0.0
1294.363776728247,0.0
22951.633902712456,0.0
10331.418547050002,0.0
46720.476820107506,0.0
9369.869601451275,0.0
3367.7126122294558,0.0
5546.012611452702,0.0
17459.543094269553,0.0
3730.747252461015,0.0
-3516.4646872663106,0.0
33990.973241531596,0.0
-3141.8834887900975,0.0
32443.228446759025,0.0
14788.192627537963,0.0
-710.0796866652672,0.0
34572.02531549618,0.0
10454.91727519799,0.0
166.13389560970427,0.0
14036.091382333767,0.0
29860.42838136002,0.0
22049.046236090966,0.0
23961.373347157787,0.0
36019.36819295455,0.0
16125.665720443452,0.0
18180.618565343237,0.0
10517.968424294106,0.0
-5390.878266844742,0.0
11603.603721889407,0.0
34460.96579197534,0.0
-8781.766411358516,0.0
30992.285413918915,0.0
17016.20612091016,0.0
1892.7499089696903,0.0
14507.539837908984,0.0
36718.92091558239,0.0
6347.68145579214,0.0
23971.757063866386,0.0
28453.963993890502,0.0
2280.6347842838095,0.0
22097.687605465144,0.0
20787.00519650959,0.0
7780.690526878067,0.0
22781.115030777768,0.0
9292.025095587913,0.0
6523.655459740515,0.0
-1941.5391153079236,0.0
19068.050301319407,0.0
8500.160169304221,0.0
6856.462625891656,0.0
-712.2966932934778,0.0
-3468.472735730582,0.0
3934.353537835157,0.0
23590.127113759925,0.0
3697.0646228292626,0.0
32913.267944378815,0.0
19501.04296514605,0.0
16250.866125027698,0.0
-1220.6529936257084,0.0
39572.350730387916,0.0
-4327.675646257298,0.0
21220.77606699696,0.0
36174.08793733669,0.0
11802.427310874296,0.0
5589.7012131729425,0.0
14089.023147101694,0.0
26205.135646654977,0.0
31947.20619146344,0.0
22214.936685212495,0.0
561.2473664621521,0.0
5758.5212558935855,0.0
17045.67792605263,0.0
-2010.677822623782,0.0
11402.494102881941,0.0
43444.9797836791,0.0
876.4957629075743,0.0
29513.493535535214,0.0
2457.207155898306,0.0
10158.472485606688,0.0
13630.086932677137,0.0
-4836.762230367047,0.0
13208.943806072173,0.0
31355.67363794407,0.0
23855.18167090621,0.0
23512.292818256712,0.0
4162.370167321944,0.0
12718.152815136114,0.0
17233.221865672123,0.0
23314.1751862541,0.0
31998.796733501615,0.0
1701.4394030378207,0.0
36570.023774722256,0.0
10896.120811107254,0.0
11351.31798016456,0.0
-958.012786152658,0.0
13797.27234070711,0.0
11649.032917568167,0.0
-1313.389990485699,0.0
10923.11271291288,0.0
16228.965544909224,0.0
9430.952923223824,0.0
24789.22642248968,0.0
1467.2985445142403,0.0
26187.40862609272,0.0
12300.167147370094,0.0
19485.311546039615,0.0
-9117.725329410698,0.0
16418.875137064777,0.0
13941.696426004102,0.0
26774.46914089747,0.0
-579.3633839891263,0.0
32336.40482880953,0.0
747.512741129076,0.0
31776.31985970533,0.0
22155.898817872156,0.0
4994.357671451624,0.0
42772.22187188163,0.0
-672.9375096364565,0.0
12517.262997101296,0.0
17407.34345924418,0.0
21452.20956276463,0.0
17658.98089951503,0.0
25066.790751494264,0.0
20763.56873931558,0.0
15259.74402822488,0.0
2751.0181975085925,0.0
10279.569663905499,0.0
26371.976164210482,0.0
-276.0961908743666,0.0
16182.933745946173,0.0
-11605.292795330704,0.0
5778.340270566105,0.0
-6168.820782606335,0.0
30999.721269712347,0.0
-8774.193730877294,0.0
11728.533050599535,0.0
24197.21147042085,0.0
22704.021415145166,0.0
24795.396083423715,0.0
28567.565230809196,0.0
20955.634237024715,0.0
25600.62890968896,0.0
14163.566351442907,0.0
14570.214656281449,0.0
-7814.526920753186,0.0
17024.751312675104,0.0
31261.287008995736,0.0
5279.177069511106,0.0
-230.89913725911174,0.0
16026.24989382672,0.0
29563.211828689495,0.0
30505.262237456172,0.0
-4424.927630400873,0.0
20771.469090443665,0.0
6511.018625102615,0.0
18566.117166592034,0.0
-14148.842756313847,0.0
26918.042116554487,0.0
9960.450988340115,0.0
17674.138293976004,0.0
12751.063489845386,0.0
1692.5605802446498,0.0
21889.507022914528,0.0
8885.177588098384,0.0
6179.86192241388,0.0
23654.57743242001,0.0
14116.675694923135,0.0
6161.971051350158,0.0
27335.692322107778,0.0
7550.525775519237,0.0
14865.791494048983,0.0
24742.48032099627,0.0
27452.799074233146,0.0
30851.734536312564,0.0
36697.085835028425,0.0
15929.567669277154,0.0
5089.378300648235,0.0
36694.44592539725,0.0
33376.942657575906,0.0
11551.525777232873,0.0
24526.63843860072,0.0
10619.329996053413,0.0
-4611.144875843736,0.0
28986.92652335239,0.0
20029.07601550549,0.0
17147.079127966834,0.0
37465.80894202531,0.0
34085.27725155504,0.0
7395.838113474527,0.0
1396.5997568692455,0.0
-8752.499421039349,0.0
15808.96770165278,0.0
10793.724169026402,0.0
20566.42016772297,0.0
16001.39570706581,0.0
7339.712136269742,0.0
10726.004697548498,0.0
-4185.10874878044,0.0
31847.0688063803,0.0
9110.406759282287,0.0
23974.32462408062,0.0
7624.150537800224,0.0
17033.85842330949,0.0
24295.126475268968,0.0
12708.430485546687,0.0
5710.3742093714245,0.0
46323.885022095805,0.0
13744.633660790172,0.0
23737.78055236888,0.0
15332.148698160876,0.0
6486.431490782235,0.0
33495.28389255788,0.0
21572.099389740986,0.0
21006.198974634026,0.0
-12750.533492807317,0.0
20389.711264229292,0.0
27615.328851463833,0.0
20345.779509605873,0.0
14841.75171152219,0.0
32208.970440561156,0.0
20071.597278920366,0.0
24483.315450871658,0.0
30425.0694256621,0.0
29973.25738793447,0.0
123.41766301533426,0.0
21463.541284116443,0.0
7346.913443846124,0.0
-8706.368150491173,0.0
20934.330821865733,0.0
-5141.356482527906,0.0
11339.86252240535,0.0
-14952.86740387059,0.0
4249.405967080531,0.0
11388.718283192578,0.0
17499.238781435364,0.0
10627.96783903514,0.0
5723.8602335545365,0.0
6120.762371876841,0.0
37557.89137945514,0.0
11749.131521541782,0.0
16675.776492852456,0.0
42306.59652625238,0.0
-4493.941557582173,0.0
-8675.242180380534,0.0
4871.299551746959,0.0
13009.106977532694,0.0
3391.938360601909,0.0
17784.66364899981,0.0
17188.84465894836,0.0
-1646.0656646224925,0.0
20535.959634949482,0.0
-70.16846144977171,0.0
27537.434673274904,0.0
21535.681257378656,0.0
46915.14233106712,0.0
29331.31558144751,0.0
16013.698090967791,0.0
23202.07446257234,0.0
20706.12830955254,0.0
9304.499573672385,0.0
99.7016011160922,0.0
33241.78186792544,0.0
38728.532105012266,0.0
13139.451634765614,0.0
15797.514956822246,0.0
12987.655010310693,0.0
32340.196229193767,0.0
34976.66992776261,0.0
8188.281252720024,0.0
15037.427374471441,0.0
12588.924434710334,0.0
22335.40468498985,0.0
29581.776610672583,0.0
33490.98011140417,0.0
16184.287950261622,0.0
7140.640508715736,0.0
26877.138029164846,0.0
27607.64396470355,0.0
15514.371499807618,0.0
22188.75560282966,0.0
24771.33995821256,0.0
31614.34644948497,0.0
21180.40353887035,0.0
26630.09092338915,0.0
22665.215760069746,0.0
8006.467844155355,0.0
29564.02183864451,0.0
21863.236837165783,0.0
34259.59708476401,0.0
5382.720721760317,0.0
11669.67955590046,0.0
25097.581069903725,0.0
-1332.542781889384,0.0
19222.388742041454,0.0
15120.2697521959,0.0
15692.087925621085,0.0
17867.074578010324,0.0
-7669.2216279783825,0.0
21780.496001281237,0.0
22244.907048487454,0.0
34920.22700916317,0.0
40011.978003349046,0.0
25991.085902752377,0.0
33391.98019494812,0.0
-9392.130360386345,0.0
28624.224573180727,0.0
35949.36267338687,0.0
32945.712275631,0.0
24886.037019169642,0.0
17171.683357796057,0.0
17180.533711340053,0.0
22189.489872075967,0.0
27451.67652068604,0.0
29408.029810941895,0.0
20788.372450793235,0.0
5837.67467448873,0.0
45682.39404024216,0.0
11025.56161756545,0.0
-12388.05540333674,0.0
40749.97481861342,0.0
35391.31575281525,0.0
24829.169288020676,0.0
35005.37227431174,0.0
28190.435756971932,0.0
11750.197505278307,0.0
24047.15799595673,0.0
6672.600339026374,0.0
14304.789393564231,0.0
11464.738801133368,0.0
24783.642587422866,0.0
36513.355298352675,0.0
14419.549882704841,0.0
28783.101686084934,0.0
-4630.669276138418,0.0
9093.53840899178,0.0
29818.878681703856,0.0
35409.1216658676,0.0
35261.3762191453,0.0
36898.718439224926,0.0
1935.6144875255377,0.0
16500.129514500033,0.0
-10131.754825683987,0.0
21221.830354160218,0.0
26270.470492530425,0.0
18876.434457041745,0.0
11315.991292459392,0.0
28906.886636566465,0.0
30314.60229437837,0.0
25215.97005313153,0.0
15721.017564902502,0.0
24094.12060548811,0.0
24622.549951256216,0.0
26972.903584106658,0.0
31614.65492475414,0.0
23192.782895299893,0.0
4961.2931769758,0.0
20182.43962815776,0.0
28496.945292494347,0.0
18078.618655977774,0.0
26583.42959630489,0.0
14903.755559807549,0.0
41204.99042049087,0.0
29039.692492854916,0.0
25625.62796914434,0.0
33652.55206861546,0.0
33709.940751267626,0.0
25107.28491540703,0.0
36885.149813697884,0.0
32413.88160161268,0.0
26732.886002189764,0.0
24063.156549867253,0.0
9666.931397722114,0.0
26501.37322511666,0.0
26359.94606471249,0.0
13290.518877195374,0.0
41707.67604475541,0.0
24046.175987337578,0.0
10308.8366421899,0.0
18756.695322341486,0.0
23540.482611803192,0.0
23670.97029332959,0.0
14144.181235633605,0.0
24675.02699912066,0.0
5357.329347365208,0.0
18633.821907774447,0.0
29887.432065758174,0.0
15525.873387180556,0.0
32672.58161093895,0.0
34676.689730434475,0.0
16553.528622271362,0.0
-6725.234445755068,0.0
35646.08285234266,0.0
41746.86104935227,0.0
3736.318401906883,0.0
26987.44077884688,0.0
28627.549971913966,0.0
3523.0527309387508,0.0
17475.058702623,0.0
40591.91887846976,0.0
27364.382309066277,0.0
24790.471214551995,0.0
39488.10681626112,0.0
16984.796626732186,0.0
1356.9962447583857,0.0
42159.210122214456,0.0
14599.293426850134,0.0
24696.451131486843,0.0
39767.47604124342,0.0
28365.54212032489,0.0
26970.174696717866,0.0
16950.982344943706,0.0
32397.968393037707,0.0
53337.11431888252,0.0
17470.457520373366,0.0
10504.792237587077,0.0
28920.008529135037,0.0
15551.927731864429,0.0
26615.500565358358,0.0
25355.55447183969,0.0
31413.818311296945,0.0
27656.654207855776,0.0
29097.975962784916,0.0
41528.35740593454,0.0
12609.01502033477,0.0
25694.740793899968,0.0
29295.28796988533,0.0
9408.071937673762,0.0
12942.252918515414,0.0
20824.63932650428,0.0
18230.542559610498,0.0
39657.85714557726,0.0
26879.90702375608,0.0
63071.494496640174,0.0
20328.937490025877,0.0
21132.754091797753,0.0
54340.97925953592,0.0
17937.89271717773,0.0
53505.09458846216,0.0
-14970.436083561253,0.0
16644.94585157955,0.0
43297.626320904295,0.0
45885.83541560497,0.0
31197.697147230225,0.0
16889.993836990376,0.0
23507.6016844852,0.0
35384.838969819546,0.0
29465.6551175674,0.0
37690.82222000923,0.0
16006.06015973581,0.0
36190.91491722152,0.0
42041.31258012346,0.0
65394.894093349736,0.0
34761.37018460734,0.0
34601.69807384521,0.0
14671.54379930836,0.0
8217.477827855178,0.0
-4113.6607254745395,0.0
31470.84964711255,0.0
51746.99124624698,0.0
24281.125435094185,0.0
-6544.227066758274,0.0
28080.244082273002,0.0
22918.064082110985,0.0
20776.01839930234,0.0
48376.5103513305,0.0
41629.38151138098,0.0
45083.30066936945,0.0
15430.226010777089,0.0
30425.132485008762,0.0
11531.599710222945,0.0
40633.01708792021,0.0
11356.240379881569,0.0
42100.384828655326,0.0
29084.995768083907,0.0
28867.897252512954,0.0
7314.319911444723,0.0
35048.36181941929,0.0
2268.766018420971,0.0
9737.18610128087,0.0
13836.372426748796,0.0
52600.74800624743,0.0
27399.51711432018,0.0
17088.374187009493,0.0
32702.579241953637,0.0
56702.69256865428,0.0
23950.432435256058,0.0
12295.549090922088,0.0
11509.20368040386,0.0
25280.909532820344,0.0
47726.756591374884,0.0
24208.495244993406,0.0
22892.87030961809,0.0
13131.352761756834,0.0
11266.578217770328,0.0
39543.51100203656,0.0
30544.30953159377,0.0
31432.714169661765,0.0
8286.601382192486,0.0
33377.165142152604,0.0
30361.32406901646,0.0
45849.13318701481,0.0
39905.70283188013,0.0
23120.108454781373,0.0
30515.765115023565,0.0
30415.549858074894,0.0
24972.865535433302,0.0
14897.464393531032,0.0
37943.45212417367,0.0
55563.3901078277,0.0
25161.119612892806,0.0
47658.804386141106,0.0
22171.859585298265,0.0
21971.551243836166,0.0
26078.510169017038,0.0
22622.059483994686,0.0
39117.26638522559,0.0
41624.83890094714,0.0
-6663.90607354615,0.0
37173.58401591525,0.0
31752.203710905393,0.0
49357.99492313079,0.0
15145.698912588308,0.0
28477.85026359581,0.0
42642.384826595764,0.0
38531.19880961664,0.0
46749.29622710361,0.0
16876.73268296122,0.0
18249.427691104494,0.0
34700.401779286636,0.0
9307.135190799272,0.0
32900.46652735069,0.0
39324.67397888801,0.0
101523.30330251143,1.0
9775.366089935102,0.0
19798.2519816943,0.0
23158.61699609651,0.0
32779.19245672044,0.0
30481.281823182544,0.0
21734.476365099174,0.0
5529.326144871859,0.0
3723.574217319536,0.0
14294.525015024865,0.0
13896.478501126723,0.0
19162.108059062088,0.0
13362.55699659178,0.0
25395.62567586466,0.0
19474.54166568486,0.0
29927.48656805495,0.0
27303.75320343778,0.0
35097.58278188977,0.0
14965.844346486865,0.0
15945.57784673444,0.0
13144.57974093798,0.0
28818.469668709637,0.0
37066.48888642,0.0
42627.73725303487,0.0
29940.528162172246,0.0
26016.029847987313,0.0
37502.881462318015,0.0
27302.00662536086,0.0
15101.979047898121,0.0
37650.02968695767,0.0
22606.063774656664,0.0
9011.777315411804,0.0
25746.673281656767,0.0
17491.952826868503,0.0
27765.136045516847,0.0
19057.51888184897,0.0
24198.405288458624,0.0
20612.68631711953,0.0
26944.01369728342,0.0
35977.2883871155,0.0
31682.665251369574,0.0
28682.6099002725,0.0
42004.21966611381,0.0
11194.307891492786,0.0
30953.853817389503,0.0
44003.794731630405,0.0
36160.528297119796,0.0
43549.001333174194,0.0
17133.114018055952,0.0
43969.47495517348,0.0
20145.65888607037,0.0
43827.203538344605,0.0
32624.19893822955,0.0
40522.36520197579,0.0
19415.009812195283,0.0
26696.76903464911,0.0
5809.075637590748,0.0
34359.92864706296,0.0
39346.35356217645,0.0
34716.647082142765,0.0
44648.70045038108,0.0
38053.9736455776,0.0
32044.329274620042,0.0
37653.42937684033,0.0
23534.78447441199,0.0
42580.258130266004,0.0
34221.8657334708,0.0
35113.38139373555,0.0
29131.849478725697,0.0
23428.97312562871,0.0
18862.494005149892,0.0
27504.93474600881,0.0
40400.977894458905,0.0
8526.572098752971,0.0
32851.39008470138,0.0
77342.63915567713,0.0
34514.15637224535,0.0
29934.679105327155,0.0
37095.75997105418,0.0
30400.840607757724,0.0
33666.611031283646,0.0
34412.25192124774,0.0
19820.810286307922,0.0
48155.46074204729,0.0
35565.33238267025,0.0
47291.61682693372,0.0
35115.1856527439,0.0
46756.98345741673,0.0
33841.43793926358,0.0
72372.70739901194,0.0
48149.903641691024,0.0
50505.9812810334,0.0
32766.265140275493,0.0
13814.035888563041,0.0
29636.401905317067,0.0
40411.953679017985,0.0
35616.60453219797,0.0
26565.08010533353,0.0
24277.466241922935,0.0
18130.109581030345,0.0
28083.28794130661,0.0
41943.84722610256,0.0
42378.9380654607,0.0
42067.434851025144,0.0
31432.49012487237,0.0
36248.21541016946,0.0
33666.24363070293,0.0
39337.530325812084,0.0
37548.51050204001,0.0
41649.49208908749,0.0
32149.24939329875,0.0
32777.4522208393,0.0
51518.1425212964,0.0
50188.803557045394,0.0
6613.6851174613475,0.0
38001.48340397434,0.0
38016.91825934996,0.0
44125.8490127549,0.0
6039.94994299467,0.0
11588.422762072005,0.0
27527.165511266838,0.0
34289.63241614428,0.0
18338.359361516494,0.0
47182.2985513884,0.0
45854.23329044335,0.0
41100.56128596526,0.0
43549.79690114476,0.0
18062.3719678591,0.0
30983.530204943418,0.0
3150.353390403634,0.0
45339.75516028193,0.0
47507.324232320614,0.0
37940.63687772887,0.0
20136.349789573767,0.0
33443.986793426666,0.0
45205.3293357131,0.0
17371.317383579626,0.0
35937.07534774641,0.0
42235.33893903931,0.0
23416.65527696089,0.0
26077.374614833818,0.0
48453.58380637495,0.0
43036.698796358316,0.0
51499.210692189474,0.0
36925.373236056854,0.0
21266.81295095164,0.0
32950.78766705701,0.0
25716.499762000327,0.0
30441.750219483616,0.0
39865.85848229738,0.0
52953.34062146249,0.0
35961.13502134651,0.0
57768.54888116673,0.0
17343.707936982002,0.0
31677.478467616933,0.0
34526.59332522837,0.0
7227.4534755277455,0.0
13577.858767008125,0.0
29990.71739771769,0.0
35662.48349839625,0.0
39876.80991848843,0.0
35359.89023250972,0.0
30487.328249538783,0.0
17007.28287097137,0.0
34941.03749578438,0.0
54884.46746876298,0.0
40069.85296360992,0.0
25575.217605264916,0.0
36262.97353363596,0.0
39974.489450034176,0.0
50468.86488860435,0.0
27551.96461903027,0.0
40883.548298757945,0.0
41707.375381431375,0.0
30701.994042896,0.0
33356.3838820483,0.0
29299.05260565752,0.0
35495.06318628506,0.0
37996.702730901634,0.0
19231.822357910714,0.0
32858.96331011242,0.0
54129.56819725127,0.0
34554.50956090356,0.0
10921.845256538014,0.0
53155.511952750894,0.0
31821.45856172416,0.0
36922.12859125418,0.0
41559.83179692837,0.0
29712.507574765634,0.0
21836.911158779563,0.0
25511.88552900187,0.0
38206.83854610071,0.0
34648.87599081506,0.0
31223.962493881958,0.0
62032.50696333119,0.0
38056.5668565862,0.0
47142.89065800208,0.0
61938.5529259279,0.0
36705.67899963591,0.0
29865.08132372596,0.0
31724.39525528019,0.0
36567.85637615684,0.0
57837.506742029334,0.0
48700.81886550843,0.0
32489.01143696942,0.0
27854.539947670313,0.0
44720.94646504946,0.0
58251.09130331072,0.0
27690.615360333148,0.0
55586.26376369162,0.0
39344.23761261074,0.0
35478.156123180794,0.0
32171.608703736183,0.0
26734.560558805715,0.0
29401.990770860248,0.0
51142.71616240528,0.0
17489.16586377701,0.0
29826.582705147644,0.0
34813.602618748,0.0
20767.73804478516,0.0
29151.36182833423,0.0
17214.16403375086,0.0
43229.850765308685,0.0
43399.10986524961,0.0
17628.39529424072,0.0
53085.51929724401,0.0
22226.817608409823,0.0
10770.405585916385,0.0
12387.094112601051,0.0
40703.61313925992,0.0
4870.357051410385,0.0
33544.557967771485,0.0
37721.115207595154,0.0
47249.40911783003,0.0
30348.644925731853,0.0
49495.75505342097,0.0
29446.909478594505,0.0
46388.68221028511,0.0
22165.719830060603,0.0
38474.16445728425,0.0
30603.792756613562,0.0
36972.41386754397,0.0
62928.51704707609,0.0
34660.474968078874,0.0
35332.86961920099,0.0
36468.00881724515,0.0
38986.04610592371,0.0
6654.525109052771,0.0
44261.48080436226,0.0
17423.725613666713,0.0
9090.688239741929,0.0
36137.05702281823,0.0
18935.128860877707,0.0
37730.743469239475,0.0
48890.60675811965,0.0
35056.292550712526,0.0
21890.252354040706,0.0
36032.81582074751,0.0
60938.40354700035,0.0
35686.93920878069,0.0
57469.01680462716,0.0
53611.41817748589,0.0
19581.291499404942,0.0
46404.69598426434,0.0
17919.964771684296,0.0
42128.540879729175,0.0
42145.39215143781,0.0
32577.802215232277,0.0
14728.05866136988,0.0
30274.38830567158,0.0
30716.93750299433,0.0
40989.78450790216,0.0
34084.46199565656,0.0
41606.85991362974,0.0
30935.77911251152,0.0
14252.569165218101,0.0
34549.55544336084,0.0
53019.65851491047,0.0
23988.879248412668,0.0
21854.980806646396,0.0
10273.552974757487,0.0
59024.52804680062,0.0
21507.984905454265,0.0
48818.9394185042,0.0
37264.62717376444,0.0
33527.001678882945,0.0
36207.11394204609,0.0
59327.61116532891,0.0
57287.754837175205,0.0
41966.16437365707,0.0
29870.53802303086,0.0
54297.75107517013,0.0
44478.15062338154,0.0
37014.327382518364,0.0
42208.0342051077,0.0
25904.975052064998,0.0
45139.86639275223,0.0
32255.77962030003,0.0
32739.869362879122,0.0
20848.89095879671,0.0
37153.769575622835,0.0
41245.57138123961,0.0
16906.262060481855,0.0
39994.95106237571,0.0
41648.09228469798,0.0
52746.573906445,0.0
50655.554816468546,0.0
28458.329986477416,0.0
51965.15557862827,0.0
42720.867861862906,0.0
33427.584051508384,0.0
26388.490784650185,0.0
47899.664197935344,0.0
46992.91260485335,0.0
30472.94495092889,0.0
40631.94522546099,0.0
31282.6188399713,0.0
26550.820119027194,0.0
24831.238288603527,0.0
44666.408653153034,0.0
40671.58531226788,0.0
41576.803856771796,0.0
39792.66310976846,0.0
37644.40484532737,0.0
48710.59972634172,0.0
15952.077940426389,0.0
47330.10623901934,0.0
22352.2144349898,0.0
34489.37167492668,0.0
38553.68320532309,0.0
37387.13961204123,0.0
42939.17574905666,0.0
25862.054869530628,0.0
58670.09814405273,0.0
51216.76429108443,0.0
44105.436883692906,0.0
46572.555835305066,0.0
32399.17085353894,0.0
15127.336454120628,0.0
17862.68212756862,0.0
43647.903567721994,0.0
4129.989858175912,0.0
57588.7133427501,0.0
43211.598647787054,0.0
25721.45253455724,0.0
30805.181089940215,0.0
17369.628118315362,0.0
36404.232494371805,0.0
42901.92890774196,0.0
53400.00910036102,0.0
21661.20860927609,0.0
51748.10091712675,0.0
41019.86513694124,0.0
37183.798699416555,0.0
38698.46308040801,0.0
43048.09706570497,0.0
61913.89978937205,0.0
57492.98202621948,0.0
49122.58255125797,0.0
29185.484742161934,0.0
35807.9473999879,0.0
50163.23816978904,0.0
43542.27094224984,0.0
28786.433804416487,0.0
62407.460710198065,0.0
69485.12720399733,0.0
45843.66750142853,0.0
34618.751336739246,0.0
39271.50727547557,0.0
26277.15272985615,0.0
24194.62816693216,0.0
43724.83042554191,0.0
36486.24077197852,0.0
51396.438888291385,0.0
76829.90945890646,0.0
45799.21899102773,0.0
39967.67263553029,0.0
42169.36769500144,0.0
45799.599746908134,0.0
59078.65764485125,0.0
42691.87943374375,0.0
51517.144881171,0.0
27373.42065993936,0.0
28617.81453738841,0.0
38340.67030262647,0.0
52687.127987488115,0.0
29205.38429460427,0.0
57525.18753386884,0.0
29331.02080208055,0.0
43644.73773335277,0.0
40868.58101940449,0.0
61650.228849889536,0.0
29304.227541025895,0.0
30442.300536761686,0.0
38140.38522716684,0.0
51088.11035499515,0.0
50593.17473754967,0.0
26109.65919501637,0.0
31673.540262761104,0.0
25602.434971134448,0.0
63932.7549854652,0.0
47588.65199992216,0.0
50334.48988332716,0.0
14516.306979050943,0.0
45089.6836277152,0.0
39176.04308742033,0.0
54698.4794218971,0.0
21670.75783485802,0.0
60683.411862683985,0.0
51446.070566844726,0.0
50810.16585481326,0.0
27717.906071508074,0.0
68540.3716604377,0.0
46873.091731753935,0.0
47676.964138903975,0.0
44188.54681603053,0.0
40194.65732517089,0.0
46067.427487595385,0.0
46245.75980837126,0.0
58169.579492218545,0.0
51181.70629370092,0.0
35000.88665105887,0.0
46767.04101298547,0.0
56812.40166509684,0.0
36184.95715878598,0.0
43223.98570619421,0.0
58917.83168004344,0.0
50125.88278276929,0.0
38048.45535968122,0.0
52213.61750710161,0.0
56886.617903567094,0.0
53590.687952065535,0.0
47022.43706411255,0.0
68906.85058998142,0.0
26977.37076029118,0.0
48994.831605025036,0.0
52942.33847227675,0.0
33053.808814852295,0.0
34840.72920939394,0.0
35544.09317375383,0.0
46384.40719336402,0.0
43259.11120938406,0.0
51361.400902467416,0.0
60423.23389142507,0.0
36744.671939221604,0.0
45831.30244817931,0.0
49752.1453147636,0.0
18855.963851695553,0.0
41422.77696935916,0.0
22105.63819493126,0.0
33606.74166566893,0.0
31558.362444972816,0.0
57595.6139680916,0.0
35636.200630424704,0.0
35044.003734958984,0.0
52943.19839861664,0.0
41499.17405165367,0.0
25722.89302198988,0.0
57491.208141941024,0.0
56000.93294072443,0.0
39180.965221470324,0.0
22088.454058098054,0.0
34317.60299039092,0.0
31320.978881323987,0.0
63685.65743508043,0.0
33986.665849350546,0.0
53081.21638736575,0.0
59171.28982701576,0.0
47153.90082205879,0.0
47442.06262508223,0.0
59762.455830092076,0.0
53655.78766226195,0.0
23605.784382720678,0.0
56643.94912588614,0.0
14934.267489649326,0.0
34598.494871408606,0.0
53577.71396820086,0.0
19434.265748795897,0.0
56603.83483998758,0.0
71419.86374010751,0.0
40533.36782393798,0.0
19739.105796811717,0.0
64291.0397477416,0.0
30744.274217599384,0.0
26696.01747735202,0.0
28272.75702615355,0.0
35758.376792533025,0.0
33929.11621215028,0.0
67298.3208968138,0.0
30429.31810776343,0.0
20716.344033348858,0.0
21969.434046182818,0.0
36567.77459613558,0.0
63925.61491565139,0.0
24395.851536643608,0.0
39802.51092635192,0.0
51745.42662919026,0.0
38375.00417881059,0.0
38958.30126854132,0.0
37384.02243505245,0.0
46975.11968389052,0.0
32806.52632797935,0.0
61093.247941190406,0.0
19449.399566354165,0.0
54760.206984259465,0.0
56345.46999664206,0.0
43142.948860564386,0.0
38691.48895711746,0.0
58652.82893266598,0.0
30285.3436513252,0.0
39752.12484573341,0.0
31442.08838406123,0.0
46232.33031305372,0.0
31069.28294899883,0.0
34467.61906702,0.0
51488.03642987305,0.0
42563.56870201571,0.0
46116.17555197911,0.0
63710.07058557894,0.0
17468.560398737292,0.0
35693.51826781575,0.0
43330.567281260766,0.0
61283.08569410571,0.0
29225.20426298284,0.0
41630.660929901846,0.0
50139.93623441137,0.0
29290.358661043734,0.0
37451.452102251045,0.0
