257.9254836943104,0.0
-257.074303310549,0.0
2437.2122922845115,0.0
414.81242642873946,0.0
391.8638503616264,0.0
1627.428846313208,0.0
-591.3683641004608,0.0
-115.4909302690927,0.0
716.4883903755748,0.0
-131.1645249608681,0.0
-383.2134445342523,0.0
330.20980135983046,0.0
-167.03552869095932,0.0
347.5550384207288,0.0
-895.0540454681483,0.0
-225.70947324071153,0.0
1847.2396442083123,0.0
3001.4226884517975,0.0
-697.4936131461504,0.0
1615.1296532299605,0.0
-14.321932633709366,0.0
104.49381011997593,0.0
-135.22167755858015,0.0
-356.571344924806,0.0
2170.260737283959,0.0
1645.6946466733891,0.0
924.1942576836677,0.0
16.113525908414147,0.0
804.4888974267798,0.0
1036.2978780920564,0.0
2387.596930570547,0.0
326.4650076982857,0.0
1214.1639728323937,0.0
975.9647601615137,0.0
575.9739189870693,0.0
1277.0073908948898,0.0
1250.7659321008348,0.0
2638.9387206904066,0.0
1521.6802082287882,0.0
3225.492468198246,0.0
865.0965214856049,0.0
663.3777187534325,0.0
1657.6111835543431,0.0
1902.6907419712595,0.0
1375.0228020701684,0.0
2502.817074016118,0.0
2736.794746800948,0.0
2189.565157987602,0.0
974.029875711836,0.0
1602.0827818979355,0.0
3096.010108811093,0.0
1435.2373663414517,0.0
110.04619528831313,0.0
266.91350265152846,0.0
1321.1085108481657,0.0
3418.375416695172,0.0
1196.2886047341726,0.0
3547.7922521120436,0.0
2376.9936811183234,0.0
1541.7498183121402,0.0
1844.2548628166444,0.0
2504.4272149578637,0.0
1437.9773413953985,0.0
557.8216423938353,0.0
1800.6493584638001,0.0
1524.5999015393002,0.0
2087.6745397952554,0.0
1879.3340161911804,0.0
-1652.652306231086,0.0
3064.111889041401,0.0
-478.4001566934219,0.0
2824.8585293350607,0.0
3600.0434333660833,0.0
568.210012912267,0.0
-367.85503997101443,0.0
-78.3646551612942,0.0
2127.2026701797854,0.0
1095.0628297295784,0.0
671.0990653959336,0.0
802.7787244962581,0.0
3345.747266805227,0.0
1576.0114576538085,0.0
2466.9542556831643,0.0
1505.1205502050334,0.0
2512.5410005029535,0.0
2443.076001194999,0.0
743.3625985680313,0.0
768.3733841698571,0.0
389.81971312205997,0.0
381.76954611284975,0.0
2092.4120425350575,0.0
898.2270312068202,0.0
1316.645360592505,0.0
450.63037053945334,0.0
851.0961595730587,0.0
1963.7908831213917,0.0
-79.28065089588881,0.0
104.24311256922954,0.0
906.8206615610517,0.0
1154.3614732315148,0.0
1389.2784996311716,0.0
915.49015097013,0.0
-1568.6565517615331,0.0
1394.9039814191774,0.0
923.6115805089663,0.0
2333.3461674628384,0.0
-121.93295914488908,0.0
3600.883372757192,0.0
-733.7761693164017,0.0
1845.4148780094556,0.0
227.65117499462485,0.0
-328.74255185265974,0.0
1746.480389627606,0.0
-243.21466872799834,0.0
-2368.6390205899415,0.0
-1192.2300874543816,0.0
577.3215587782731,0.0
2505.426571519667,0.0
-1324.5080750747886,0.0
0.34021666188349897,0.0
1452.6748313490357,0.0
1159.859478805357,0.0
-514.4821286064546,0.0
-1683.6640153670796,0.0
-2084.314290791778,0.0
-695.1625722603955,0.0
-599.01330748192,0.0
-2680.961903234652,0.0
-2340.3771114110423,0.0
-59.061019087513216,0.0
-735.3260625141561,0.0
-1382.7017831648636,0.0
-631.9300645471037,0.0
-1849.233826644559,0.0
681.8643017967429,0.0
763.8140616042674,0.0
1652.2365846042335,0.0
44.6651409235277,0.0
9.313494342252966,0.0
977.1235886711597,0.0
577.5585072327851,0.0
1364.148540021489,0.0
31.91983647388247,0.0
-1585.7745693097875,0.0
-2906.364294487593,0.0
-89.87715652074576,0.0
-155.682192824222,0.0
-887.4331054360051,0.0
-2296.7599455363543,0.0
-2900.295212456958,0.0
790.3462094439919,0.0
-428.5508746148868,0.0
-2235.055343932202,0.0
-883.8989421225368,0.0
-1199.4713104034922,0.0
-834.2462303228366,0.0
1769.4486073471342,0.0
-1318.2102130418807,0.0
-2974.9179211092496,0.0
-376.0890984287153,0.0
-1661.4642198008664,0.0
-607.8566782676762,0.0
-524.1762066489463,0.0
-450.91966664365066,0.0
-2007.4763959212617,0.0
74.77077373748182,0.0
-1836.220532472611,0.0
-1142.9933244254785,0.0
-1585.7957180645917,0.0
-2361.7620889652635,0.0
160.22176330466777,0.0
-1959.8822342262563,0.0
516.2889418573975,0.0
-776.6509762747784,0.0
-845.3131792879545,0.0
-1140.5273520366743,0.0
-1020.7037534423913,0.0
-3104.5892522576387,0.0
470.02056324472505,0.0
-1692.595476097571,0.0
-631.8122487145918,0.0
-1574.6616211757391,0.0
-1303.1345498038875,0.0
-1995.1586899956797,0.0
-2162.326175337583,0.0
-1450.7636555434444,0.0
-146.33503020624607,0.0
-1917.1053350984753,0.0
-2715.918055052434,0.0
-2126.7861160117227,0.0
-942.5721280921216,0.0
262.6655322069038,0.0
-473.0774530946952,0.0
-494.5349635188447,0.0
-2619.186086523764,0.0
-460.91474442664503,0.0
-510.9449106427439,0.0
-1668.374376507056,0.0
126.22638352910462,0.0
-459.55643828619793,0.0
-282.2689810633617,0.0
-1606.3208712871879,0.0
-1027.7698804271645,0.0
-2893.5146831373986,0.0
-1495.654928341458,0.0
74.28909930186094,0.0
429.79386122971675,0.0
-377.8510095135771,0.0
-1185.7709634782404,0.0
1746.5325158377113,0.0
-1907.8501998993543,0.0
-2003.0561297026618,0.0
-1474.63211025106,0.0
-550.9161041996083,0.0
-625.5074664503038,0.0
-501.8002418129945,0.0
-1874.7880725709454,0.0
657.8667601370992,0.0
-920.009034398569,0.0
-1634.9843807382815,0.0
-1160.9938251531898,0.0
-1250.1997709691718,0.0
-813.5421261134207,0.0
1043.131943606426,0.0
-1166.4804339155817,0.0
372.5006628112377,0.0
-710.5914526985512,0.0
-940.3090676574888,0.0
855.0191751236589,0.0
600.6004103902422,0.0
-769.1699537214349,0.0
-2063.932088553447,0.0
-342.1008256183742,0.0
1191.6352816521305,0.0
71.29819178123276,0.0
-25.373608490148484,0.0
-1589.4397908778205,0.0
886.1357748123125,0.0
-972.9332223757705,0.0
-1103.884061103759,0.0
183.92114376885525,0.0
789.1331306512309,0.0
545.6819031057788,0.0
-700.3136967727334,0.0
567.6351746493458,0.0
-858.7803199351874,0.0
-1613.2402694349694,0.0
229.72285914898316,0.0
-181.36382364851215,0.0
1502.055791573359,0.0
600.7134943548155,0.0
1948.5524712260994,0.0
1518.6192795242432,0.0
1711.688177833296,0.0
2424.951810255511,0.0
2057.5218611978735,0.0
-131.6132450718935,0.0
2639.633629738611,0.0
101.9934441895324,0.0
823.2618218518959,0.0
2331.764453998034,0.0
622.594483652672,0.0
1788.4967130397026,0.0
567.5584481394691,0.0
1195.8174922336946,0.0
1890.8678190618798,0.0
1850.1332639980928,0.0
2131.677863957706,0.0
1080.032270562095,0.0
1289.1297486905878,0.0
1918.8967182177862,0.0
2004.9396227003056,0.0
-360.0233941910392,0.0
1728.5013768335034,0.0
3054.5707602483717,0.0
484.6849403799604,0.0
1321.2491208153092,0.0
1279.5438364128233,0.0
2119.8069079926836,0.0
993.6687154563818,0.0
1727.6205209622415,0.0
-820.2727172065008,0.0
1992.7459715901252,0.0
2497.954978607713,0.0
-265.91391093148764,0.0
2536.2501971353595,0.0
585.8413612473956,0.0
1905.2372212122932,0.0
-1252.6259304264024,0.0
3181.3196063900346,0.0
544.6180794010936,0.0
1197.1352634826276,0.0
344.099808268945,0.0
57.84512510677905,0.0
3557.2350095887377,0.0
1156.3558471257154,0.0
2922.9958614074267,0.0
1818.607842127693,0.0
2026.7467638267303,0.0
999.4336681944666,0.0
2451.9600250328554,0.0
4114.478235995615,0.0
3079.81856241874,0.0
2062.993507872083,0.0
1716.8798034073418,0.0
3286.288198636734,0.0
3143.200048364304,0.0
-43.81950218718657,0.0
-276.5302003291581,0.0
4011.7460945434477,0.0
2424.3765945190707,0.0
1745.280008828899,0.0
2006.4526159311172,0.0
2503.196328100637,0.0
2386.97942657321,0.0
1647.8865623326642,0.0
3573.7364005240206,0.0
1440.2257373555788,0.0
25.635631822050755,0.0
999.0238922100363,0.0
1736.9444025757605,0.0
1513.0848090649579,0.0
1453.878746590121,0.0
1012.6134975864484,0.0
-2103.991504266509,0.0
605.334613810931,0.0
2181.079411918011,0.0
1919.9043703165012,0.0
157.74650068983033,0.0
748.9105062997684,0.0
2290.3613168767533,0.0
293.11284330254006,0.0
388.3008500472823,0.0
3596.4428799270554,0.0
515.641031276758,0.0
2024.2807191188544,0.0
1270.7609674441112,0.0
1004.3830851104927,0.0
-249.62292025387785,0.0
-214.7449631327603,0.0
2493.6014055490573,0.0
-815.7069929919672,0.0
1174.0779592477581,0.0
-665.2955413109336,0.0
-368.2490645657766,0.0
128.49695494866836,0.0
-811.1955688466127,0.0
1781.127429369971,0.0
660.5923281808417,0.0
2547.77306746246,0.0
9.254329211874506,0.0
1707.338235658942,0.0
3121.514045167722,0.0
559.5068943617455,0.0
216.77729207044695,0.0
1058.9418448377496,0.0
13.770429324926909,0.0
-39.17647791882695,0.0
-613.9032140835307,0.0
-529.669057775877,0.0
-332.98956831263297,0.0
152.9964121605007,0.0
-1100.6857296487656,0.0
769.1550507396937,0.0
-246.4861852674942,0.0
3079.000586087537,0.0
-102.01747767060627,0.0
-688.7697271297369,0.0
-950.9317367942738,0.0
-262.1896214256227,0.0
-1113.9354605155806,0.0
-1526.2111144923647,0.0
1222.043881037685,0.0
-1691.1217315278984,0.0
895.9389935399836,0.0
-220.02401868190054,0.0
-1518.9536345496883,0.0
1339.383657604124,0.0
-744.5720079153064,0.0
-958.570030108258,0.0
-173.62909912445417,0.0
1261.3590684590602,0.0
-160.59514293018867,0.0
361.2636833960894,0.0
1709.0309241757425,0.0
-439.8755677018887,0.0
-1036.3248994676733,0.0
-826.1652247428029,0.0
-3007.1465830017964,0.0
-1200.079273282192,0.0
1477.971545452097,0.0
-2465.049856054417,0.0
1054.0150404775454,0.0
-434.03338864647407,0.0
-1886.4665856870083,0.0
-1129.2322618570433,0.0
1636.2242657347083,0.0
-1511.305037176946,0.0
-307.34669351883656,0.0
622.3745468982416,0.0
-1536.7906563549434,0.0
422.6280826526494,0.0
-597.5843745323671,0.0
-1636.7060201629681,0.0
-386.0012997726376,0.0
-1525.541470839361,0.0
-1766.6566513191783,0.0
-2467.4512299402345,0.0
-71.6076605801706,0.0
-1740.7150818965054,0.0
-1774.7989638534086,0.0
-2047.9956335933964,0.0
-2115.9572711217334,0.0
-2170.8057675104706,0.0
-411.61419178791164,0.0
-1728.566586664428,0.0
925.5232282601829,0.0
-664.5145631279636,0.0
-1359.8714690877127,0.0
-1712.2214091972808,0.0
1651.9583540790204,0.0
-2832.3616332630413,0.0
-428.8620312196665,0.0
239.07857765402355,0.0
-983.3519365131889,0.0
-1126.6489809174816,0.0
-1560.143471719461,0.0
-214.1334605898105,0.0
334.7745585982659,0.0
-490.9301573035883,0.0
-2796.4424461725935,0.0
-1432.2622040278789,0.0
-1187.6487657129755,0.0
-2245.6580443698317,0.0
-869.0707402245127,0.0
1582.480254263994,0.0
-1615.133449756614,0.0
504.13697833321874,0.0
-1990.498996321028,0.0
-851.5147623825292,0.0
-921.0920160582086,0.0
-1671.614031919655,0.0
-758.9630753407794,0.0
1116.975502280892,0.0
275.4391676136475,0.0
-878.1015526606574,0.0
-1902.0912497681843,0.0
-810.8562929767921,0.0
-162.20686451369536,0.0
-541.4718937535895,0.0
1409.2182105833904,0.0
-1689.2068567445335,0.0
1244.674616054942,0.0
-1187.153567343929,0.0
-1079.5364073943524,0.0
-1548.6105144839678,0.0
-101.98681010841946,0.0
-1184.4309404494197,0.0
-1856.8366539772614,0.0
-232.83956364301855,0.0
-102.2306152581798,0.0
295.494855304448,0.0
1303.658103613558,0.0
-870.0017079126847,0.0
1050.1891246731661,0.0
8.168024498978696,0.0
301.0792702771929,0.0
-1608.2028551113183,0.0
899.1035013960752,0.0
584.4132423020764,0.0
1030.0433388797271,0.0
-1539.586810350585,0.0
1829.076725981166,0.0
-613.4150935902838,0.0
2380.641792167875,0.0
646.2491005344633,0.0
-167.54854636952177,0.0
3025.383379086764,0.0
-275.41024679659176,0.0
442.1870570078439,0.0
775.9243654007776,0.0
872.9419788431225,0.0
813.8678402423716,0.0
1534.0944656841264,0.0
2177.8905537776122,0.0
1781.8806928757597,0.0
-179.1058914331469,0.0
180.22745893193087,0.0
1246.354592320753,0.0
-86.21771607667188,0.0
767.932695004576,0.0
-344.0330538276726,0.0
26.725681934981935,0.0
-595.8392361934516,0.0
3912.77735970458,0.0
-1189.6175652575987,0.0
1087.2052064275786,0.0
1667.926579528922,0.0
2092.7659713833664,0.0
1862.008675221279,0.0
2551.2770090229865,0.0
1800.1758990448131,0.0
1903.767471935943,0.0
1389.2247480494082,0.0
1801.0958311563827,0.0
144.90487051436457,0.0
1211.7681574877838,0.0
2844.7906619290743,0.0
1170.4205359174314,0.0
-89.25891169317106,0.0
803.2661244368758,0.0
2541.9532292536096,0.0
2630.218193724725,0.0
51.83717270320176,0.0
2043.7366867366898,0.0
1079.5956861236155,0.0
1883.1526075898312,0.0
-589.3090357486833,0.0
2640.6021480535787,0.0
1774.1214425607257,0.0
1749.4958275641802,0.0
1711.9077622804139,0.0
363.60401398275735,0.0
2476.5500881120433,0.0
1290.952999809506,0.0
482.40142378071494,0.0
2521.947798975963,0.0
2193.446431193999,0.0
1344.7208611909596,0.0
2949.8978941916207,0.0
796.4691283055913,0.0
2264.0773173592784,0.0
2710.8234355626278,0.0
2749.442985838037,0.0
3786.0493272267177,0.0
3414.3732729328676,0.0
2034.648327618565,0.0
1461.4758532283836,0.0
3890.9369892884665,0.0
3276.894999896704,0.0
1378.9705986815436,0.0
2746.982821220509,0.0
1614.8709285881077,0.0
135.50577682441485,0.0
3437.191284180256,0.0
2168.793214244837,0.0
1683.1388112847058,0.0
3833.9880498626912,0.0
2549.897880937668,0.0
1200.2674627666192,0.0
711.5605502035032,0.0
-426.1418663431514,0.0
1316.3427234154212,0.0
1129.4653527556666,0.0
2633.3448974377784,0.0
1402.191685496541,0.0
75.63451544292332,0.0
1465.329469422127,0.0
-294.20593996022944,0.0
2730.8752277893764,0.0
524.6824697641596,0.0
2184.79134400618,0.0
1030.2473352241996,0.0
1337.2195595158432,0.0
1916.3012914587152,0.0
1514.397354589526,0.0
408.6083668766531,0.0
3850.969016842376,0.0
890.2693371488399,0.0
2251.432088713844,0.0
826.5155861273269,0.0
703.3367740549276,0.0
2942.505779894762,0.0
1440.4207026829245,0.0
1828.4465913581446,0.0
-1019.4259783443406,0.0
1605.7206273080196,0.0
2700.522730466744,0.0
617.9890309735362,0.0
399.39373224896235,0.0
1757.4662552803497,0.0
1243.5203435328215,0.0
2086.412080969514,0.0
2584.3316284839075,0.0
2080.3091230397176,0.0
-349.607796486551,0.0
1052.5834267924852,0.0
35.95532993312804,0.0
-1398.207866233823,0.0
666.3364362766949,0.0
-1416.7342227598037,0.0
-3.4602035570517273,0.0
-1724.845109326613,0.0
-1008.9302524174888,0.0
-830.4566833137709,0.0
679.982541971678,0.0
-510.76957118515674,0.0
-830.6756376910258,0.0
-356.8316973523562,0.0
1670.0207532551617,0.0
-406.38471764027463,0.0
632.049999846875,0.0
2415.9016998219017,0.0
-1585.4547108396685,0.0
-2222.2578723375877,0.0
-1471.204958375175,0.0
-948.8773993021584,0.0
-1345.9061236373004,0.0
633.7136743090362,0.0
-92.07578799479957,0.0
-1746.0903837419212,0.0
157.9107880623142,0.0
-1882.0347871468812,0.0
59.28890950500124,0.0
975.6982197311812,0.0
1981.683697765549,0.0
502.0924370242993,0.0
-1195.4427632427182,0.0
-65.45879530806349,0.0
-308.92122273437747,0.0
-1309.80858436386,0.0
-2669.701812864968,0.0
1389.334493236865,0.0
1817.4002583420688,0.0
-765.2361603459681,0.0
-1209.5327843944308,0.0
-824.4067695438473,0.0
445.1289539025322,0.0
616.6614601529225,0.0
-1075.9358809714358,0.0
-1447.7905743560873,0.0
-1421.7007343594223,0.0
-696.7363519810382,0.0
165.12918522014684,0.0
-94.86290655111543,0.0
-1269.9268189206537,0.0
-1546.6735453630254,0.0
18.52029225131696,0.0
-452.2599163597323,0.0
-943.922000258151,0.0
-1465.4563808720281,0.0
-510.90142339059116,0.0
433.52483426203605,0.0
-954.7944057142754,0.0
-280.94086532704966,0.0
-1185.193474492698,0.0
-1562.1471295252284,0.0
-710.0636942100657,0.0
-822.923281419341,0.0
246.0899588926984,0.0
-2093.5582448449404,0.0
-1881.8550761702177,0.0
203.9333910769247,0.0
-3206.7796897623175,0.0
-862.193659428128,0.0
-2354.7443553939306,0.0
-1251.105823109435,0.0
-883.1926590047742,0.0
-3616.3508254171074,0.0
-475.00956714559555,0.0
-564.8765930557907,0.0
746.5325320287095,0.0
532.7161722308965,0.0
-693.6611385256728,0.0
-344.73287361518953,0.0
-3442.353837657144,0.0
-573.6408241654381,0.0
785.1509004102302,0.0
321.8920548591253,0.0
411.25805862181915,0.0
-1428.0376690096623,0.0
-573.7827229995662,0.0
-745.6733021774301,0.0
-615.7724533363619,0.0
295.1423762557398,0.0
-1135.9285225582757,0.0
-2248.2604229997937,0.0
1264.7481416940768,0.0
-1313.5579147664291,0.0
-3709.9522260369117,0.0
1561.0124874060766,0.0
314.1401691670811,0.0
-49.80376456354733,0.0
811.1368850470116,0.0
-174.314530130457,0.0
-1313.4268617175119,0.0
-325.9082789367659,0.0
-1192.2902475297374,0.0
-303.56076017007155,0.0
-1446.3709768760875,0.0
418.1932469487581,0.0
1081.58217772979,0.0
-1438.9231721517458,0.0
243.35969990139995,0.0
-2121.5821064552224,0.0
-1039.9204387620653,0.0
-178.39011985457728,0.0
1411.1288359340444,0.0
1458.211572920491,0.0
1286.2966066725467,0.0
-1788.2286165298656,0.0
440.25119533629015,0.0
-2521.872019257135,0.0
197.33910886540346,0.0
262.2627893311628,0.0
-408.78340221151973,0.0
-1078.832078904166,0.0
841.9744388646823,0.0
1635.4707970655545,0.0
1379.4214073940457,0.0
543.5516913747384,0.0
1191.4003688180062,0.0
721.7973428081006,0.0
602.9369202325522,0.0
1353.047581738305,0.0
-72.51440381114566,0.0
-830.4786315096133,0.0
1202.2120598848355,0.0
1394.103349901693,0.0
891.7070820319545,0.0
1429.9352190654258,0.0
19.910579098767812,0.0
3187.5248635325315,0.0
1537.4065250263693,0.0
960.1989715509372,0.0
2048.9080406602766,0.0
1517.2746288798933,0.0
1674.5503777242604,0.0
2575.375694662245,0.0
1921.3752033232358,0.0
1423.397516052158,0.0
1738.6852795270588,0.0
-167.3434888250638,0.0
1317.7841881574423,0.0
1839.9067573750347,0.0
447.27415280534274,0.0
3377.655287581936,0.0
1505.701432848438,0.0
867.8513481066473,0.0
1359.8704463834517,0.0
809.0852721335406,0.0
1171.4350469052529,0.0
1326.7478778624,0.0
2031.0887328150786,0.0
-177.33419434945017,0.0
834.7004011854144,0.0
2662.9734013440793,0.0
805.1618555519744,0.0
3215.2715485092012,0.0
3393.619833173356,0.0
719.723236742542,0.0
-1017.5532346542764,0.0
2445.7062564743765,0.0
3666.0534333796077,0.0
-242.47598380991258,0.0
1475.8593548905683,0.0
3081.8819767670375,0.0
602.4792445515693,0.0
1728.9304423362228,0.0
3168.1975506720473,0.0
2290.5703523180105,0.0
2307.2535948977898,0.0
2879.6377300280346,0.0
1393.6660650199533,0.0
182.41911949043833,0.0
4189.561501877473,0.0
1480.9612124318892,0.0
2569.2516358931953,0.0
3439.635348296205,0.0
2025.206578828196,0.0
2184.016652533625,0.0
859.0394717906796,0.0
3096.045877270839,0.0
5043.0139383923415,0.0
1468.8614477122828,0.0
544.6658837751154,0.0
2841.059519291683,0.0
1361.6306446107205,0.0
2103.4686330481004,0.0
2529.226140581787,0.0
2358.2945104616515,0.0
2713.469244353395,0.0
2110.615624992641,0.0
3594.174771255988,0.0
1308.860372411018,0.0
1605.9900296403382,0.0
2517.388339647476,0.0
633.1366988465511,0.0
1198.1074161975,0.0
1323.8441730116915,0.0
1336.9241790784004,0.0
3660.405555997151,0.0
2122.171970756181,0.0
5403.561474156783,0.0
1384.634031358966,0.0
1140.485066773273,0.0
4297.004739170464,0.0
752.2083082306273,0.0
3250.8307597977905,0.0
-1229.5458966044343,0.0
615.557111636601,0.0
2582.9202835646233,0.0
3785.8318442717828,0.0
2151.6643764010014,0.0
699.4091824115789,0.0
1382.0025684291415,0.0
2269.8249502253384,0.0
2247.3198442952253,0.0
2816.9543751790206,0.0
67.65102855791599,0.0
2491.8271588884973,0.0
3088.8833187941946,0.0
5014.303697799437,0.0
1275.8519882185735,0.0
2012.8096188859859,0.0
1082.895443979909,0.0
77.20561273523845,0.0
-1901.1955876865661,0.0
1096.0257014190443,0.0
3551.234370029735,0.0
948.8142301864053,0.0
-1293.3575926042313,0.0
1365.9181169567391,0.0
815.4808065834972,0.0
633.9340896834818,0.0
2930.290267780664,0.0
1806.7779411279453,0.0
3359.400429381063,0.0
-539.302454564351,0.0
1194.4258035030862,0.0
-633.2940907050142,0.0
2636.3760932011937,0.0
-165.06564010489546,0.0
1839.2705709469208,0.0
974.619738093279,0.0
1263.3201026023366,0.0
-216.6790307871854,0.0
1404.3853910952125,0.0
-1892.5160601522157,0.0
-1274.590873272732,0.0
108.12032020934873,0.0
1897.3304175232452,0.0
1562.8477176325252,0.0
-535.0760508527715,0.0
684.4248368864129,0.0
2903.588337134075,0.0
371.34102896086966,0.0
-876.230245334538,0.0
-1785.7021088643546,0.0
176.54660021250575,0.0
2081.5090619964863,0.0
131.11739083226024,0.0
-617.7337346206825,0.0
-1956.0303598827713,0.0
-1410.9507776754247,0.0
734.134706406687,0.0
6.195909480139278,0.0
-14.29218299468289,0.0
-1804.882342949727,0.0
325.80884934210354,0.0
440.50627337426164,0.0
1795.7048993495919,0.0
628.5686995009231,0.0
-644.5496990867566,0.0
198.89046394188748,0.0
539.262224965306,0.0
-465.58086883439967,0.0
-1929.6781599029669,0.0
695.1541947190434,0.0
2043.1798301164204,0.0
125.1666920021535,0.0
1501.9333813594194,0.0
-1022.0067932947927,0.0
-989.5825129868339,0.0
-680.535233567223,0.0
-740.3842696825128,0.0
640.6207199355595,0.0
1105.320165804398,0.0
-3213.205634363922,0.0
245.42174607605864,0.0
-429.90539721673053,0.0
1617.7758215639908,0.0
-1540.2920990840748,0.0
-329.6319466264715,0.0
1194.5907335552602,0.0
1073.0169863555554,0.0
795.3851210014346,0.0
-809.2783944632737,0.0
-1595.3680536301913,0.0
203.44332701261487,0.0
-1965.4870360097998,0.0
-144.3751397616628,0.0
1000.1911795748907,0.0
1344.7388182465315,1.0
-1762.3782841592415,0.0
-1150.3365181534214,0.0
-1189.704848975684,0.0
400.6789136224395,0.0
-971.1136389554281,0.0
-1145.0666967520033,0.0
-2873.99339323643,0.0
-2395.611357341465,0.0
-1464.1650483086157,0.0
-1982.4172034638127,0.0
-889.8362985994385,0.0
-1971.9721977678712,0.0
-331.859946062977,0.0
-970.175667252525,0.0
102.36123974592799,0.0
-696.4781031946708,0.0
351.6679635136862,0.0
-1536.997610072267,0.0
-1795.9259264945094,0.0
-1432.8958831606362,0.0
496.6901803550152,0.0
348.6918106977181,0.0
1002.2211101302626,0.0
267.61455834705555,0.0
-276.2298546153315,0.0
1404.5063087177832,0.0
131.68693281769063,0.0
-309.9519255082605,0.0
919.8025941729755,0.0
-860.8292948449399,0.0
-1429.2598503248923,0.0
-466.04000790340393,0.0
-1167.7432768770968,0.0
24.104549134397878,0.0
-282.85762730898364,0.0
-29.55701821765922,0.0
-135.60597075655608,0.0
467.18994078579294,0.0
873.4655909122226,0.0
-259.3006593353012,0.0
663.4328085166469,0.0
2315.9544428086338,0.0
-1020.5160733340599,0.0
179.6550340000156,0.0
1671.669985701219,0.0
835.8954194420829,0.0
1814.5739355106834,0.0
-134.7102538619971,0.0
2240.9697094757103,0.0
28.20950649557733,0.0
1649.4906443978143,0.0
1359.0546317449098,0.0
2253.3360290400697,0.0
821.0896617070155,0.0
487.4539137821302,0.0
-903.2146390329331,0.0
1807.7041093343514,0.0
1793.756452490561,0.0
1663.911150091555,0.0
2427.1747942605775,0.0
1775.6409721134703,0.0
1407.1143446524939,0.0
2199.9947511278046,0.0
835.8698603299888,0.0
2168.17262160081,0.0
855.4869833080123,0.0
1479.8135861585731,0.0
1281.257922396694,0.0
-65.75754020147076,0.0
1270.5687657540343,0.0
706.8075933740845,0.0
1946.5986406692966,0.0
211.8980902654955,0.0
994.7645118046498,0.0
5843.370369427599,0.0
1852.1632173847456,0.0
1777.3369573717875,0.0
2561.7874389374256,0.0
1361.6911806180417,0.0
1754.0130584913368,0.0
1020.5088335776807,0.0
537.0298914196388,0.0
3442.5139586390096,0.0
2442.5009599408727,0.0
4003.628110368631,0.0
2289.2612819146652,0.0
3439.3700381419744,0.0
2224.8166235483045,0.0
5308.412170168751,0.0
3716.124169005163,0.0
3831.092735339391,0.0
2223.913572336627,0.0
294.5195847533071,0.0
1928.3845268235136,0.0
3150.2100326040118,0.0
2719.307440805481,0.0
1549.0076758762511,0.0
1299.7431154935166,0.0
1212.8271512137947,0.0
2258.3227833880464,0.0
3109.485571060805,0.0
2998.617864140481,0.0
2775.8856774303435,0.0
2045.8700022635883,0.0
2078.120644275913,0.0
2144.98668211491,0.0
3285.6583498819914,0.0
3128.141807490984,0.0
2766.6504695268536,0.0
2349.4659185427727,0.0
2351.6265262214406,0.0
3318.0528258373633,0.0
4089.480513016788,0.0
-583.2715132883532,0.0
2311.5834156961273,0.0
3112.2550842408373,0.0
3072.435275157377,0.0
-46.58497338601819,0.0
-87.9488638251728,0.0
1315.4592225323688,0.0
2524.6020526415527,0.0
973.4844760162105,0.0
3257.3560741980773,0.0
2866.115859629839,0.0
2534.5764834848696,0.0
3850.777836991047,0.0
828.4822881549778,0.0
2302.0293588128034,0.0
-70.20123359953823,0.0
3480.3226320207423,0.0
3477.5477846874046,0.0
2092.7253431209956,0.0
650.3345508354992,0.0
2388.3163851823983,0.0
2625.229675979336,0.0
901.2249272305944,0.0
2071.264234142354,0.0
2629.4269602003214,0.0
869.2345362291962,0.0
1269.672573375813,0.0
3536.917687087735,0.0
2899.062705484119,0.0
3342.851409248531,0.0
2474.370871600676,0.0
1399.90907790278,0.0
1765.0600281465836,0.0
1292.6947366132645,0.0
1593.6993708943191,0.0
1911.197881156081,0.0
3007.2446337249094,0.0
2554.8025715264102,0.0
3998.444034650647,0.0
488.9005407519553,0.0
1457.2731948257883,0.0
1785.8764204466318,0.0
-681.9665988054126,0.0
-217.76839041883545,0.0
1203.4026201905044,0.0
1206.5975583777702,0.0
2750.8073574455807,0.0
1758.8740023348425,0.0
932.254605855904,0.0
277.93560921303697,0.0
1102.0095022115795,0.0
3593.7420246992115,0.0
1546.5346204906118,0.0
-409.730894255118,0.0
1779.8984739347516,0.0
1974.2061946697222,0.0
2143.2580652581464,0.0
-64.45087068295123,0.0
876.3306769556646,0.0
1469.9881285366323,0.0
-60.83768042725731,0.0
492.43694059375883,0.0
462.0696560946891,0.0
1198.4168382044168,0.0
773.3560669553272,0.0
-604.1369377465167,0.0
650.3415650392619,0.0
2941.927985430755,0.0
287.38069458170395,0.0
-1982.7115639682036,0.0
1475.503740292374,0.0
492.8933081631747,0.0
670.0529224458776,0.0
1327.2964376215796,0.0
-37.78764733850676,0.0
-547.2728787286903,0.0
-329.1099831180705,0.0
642.6927420710488,0.0
77.56760498148655,0.0
431.44876818199316,0.0
2414.400816727433,0.0
736.2540347901437,0.0
1296.839616093045,0.0
3101.363423707804,0.0
550.5405504416583,0.0
-432.9802819123324,0.0
-184.7689986191209,0.0
157.6978181779142,0.0
1230.4339170394428,0.0
1788.5367786728816,0.0
163.02654615158275,0.0
-909.3687444685343,0.0
909.1205288041097,0.0
1983.7495686090551,0.0
-1120.5200079175331,0.0
2163.4838164852163,0.0
144.2575070277898,0.0
-47.44372604837457,0.0
-266.32092064985056,0.0
-1245.5897605091368,0.0
-1068.3833467454835,0.0
1130.7349792263726,0.0
-1512.3970780927855,0.0
-660.1227587822874,0.0
-23.453004006964818,0.0
-1358.6289379094894,0.0
-583.3305003224725,0.0
-2303.175352303969,0.0
638.548634675502,0.0
119.3116003734998,0.0
-1955.9122971188087,0.0
1172.885337196657,0.0
-2000.8014095890865,0.0
-2421.0807411630744,0.0
-2409.108933353573,0.0
-110.90341489062405,0.0
-3090.672218434354,0.0
-15.247069601581984,0.0
-557.9672152795476,0.0
625.397499318178,0.0
-1613.1558825370128,0.0
657.765299919952,0.0
-975.0586084917145,0.0
1198.9465892077924,0.0
-1745.2209534824603,0.0
-323.182281996586,0.0
-1170.1816305427137,0.0
-55.68668178736348,0.0
2503.883699702421,0.0
-724.1180626989402,0.0
-378.0524685163782,0.0
373.40008486385443,0.0
-134.13210461314094,0.0
-2368.9645781027666,0.0
728.3067791940598,0.0
-2137.434153873162,0.0
-1922.4858993298417,0.0
237.12376296661716,0.0
-1661.87500282358,0.0
-197.87861176861594,0.0
952.73617887387,0.0
233.13926454049738,0.0
-1354.654832018326,0.0
-602.440703074548,0.0
2152.7117843651477,0.0
364.4875101654982,0.0
1543.8061349534805,0.0
1572.6519688953601,0.0
-1638.2431354537255,0.0
1142.2412524616072,0.0
-1333.9651792783352,0.0
781.6386347709515,0.0
600.8799053980104,0.0
-211.97419889247885,0.0
-1128.610394914143,0.0
-55.11753342498963,0.0
-91.43213963972482,0.0
-273.8887235748783,0.0
-133.08603519760317,0.0
1267.255114995994,0.0
-23.896077390382686,0.0
-1692.325798664887,0.0
336.97707904678265,0.0
1959.0053775973,0.0
-512.9503952244366,0.0
-301.98518252840006,0.0
-882.1831089492823,0.0
3093.8080804325473,0.0
41.082562235970045,0.0
1826.2582279137346,0.0
1302.8258559403473,0.0
367.0948670543846,0.0
931.3225493076083,0.0
3759.6075977640558,0.0
2834.3667668420676,0.0
1466.3168973147237,0.0
376.5637146912013,0.0
2968.287897223616,0.0
2649.705763476891,0.0
1445.2234056493162,0.0
1679.2769571435133,0.0
1169.2032257677479,0.0
1812.1603444101836,0.0
1439.3309826161033,0.0
958.2826050629366,0.0
-230.6226286783957,0.0
1988.115430150499,0.0
1286.9717108856566,0.0
-208.30121973375003,0.0
1897.7457482004158,0.0
1906.3704217511126,0.0
2450.7903376074855,0.0
2662.4633414450336,0.0
484.13000775554076,0.0
3754.7016149676338,0.0
1646.8380463484177,0.0
799.6151710964073,0.0
1237.0601028526378,0.0
3164.3549279642525,0.0
2720.227931951416,0.0
1343.629874715962,0.0
2565.64371442211,0.0
2040.8973730346715,0.0
594.1854928880889,0.0
1510.8966554676922,0.0
2819.2014475389606,0.0
2312.2709738037593,0.0
2986.8064007993653,0.0
2741.019067214176,0.0
2701.392414591878,0.0
3097.5562059132208,0.0
723.015010340798,0.0
3229.397273665644,0.0
838.8776481608948,0.0
2699.92516573879,0.0
2488.9478409565327,0.0
2327.937499946368,0.0
3022.247631325741,0.0
1538.468113552935,0.0
3939.5060608772897,0.0
3553.4020783505043,0.0
3914.6170426093595,0.0
3173.560436416114,0.0
1900.9793970374585,0.0
814.3021202491407,0.0
933.9077663782314,0.0
2788.814211698762,0.0
-750.8844793210578,0.0
4476.389788674919,0.0
2999.5980899548795,0.0
1649.4111332081097,0.0
1804.2015525693123,0.0
177.7938175980628,0.0
2407.1607495079184,0.0
3787.9759374159676,0.0
3294.3416160368397,0.0
771.0707134375994,0.0
3190.5374316173593,0.0
2623.205164154743,0.0
2917.052055154602,0.0
2487.4995111273274,0.0
2810.6291699945605,0.0
4029.6346295269386,0.0
4129.212767866196,0.0
3755.485899821641,0.0
2491.679072145519,0.0
2700.3690043922797,0.0
3119.466799993697,0.0
2674.0262766528804,0.0
1804.6263787374373,0.0
4415.582810750034,0.0
5099.2799313555915,0.0
2506.982264224924,0.0
1852.6527947135658,0.0
2046.706948984356,0.0
922.4317191640746,0.0
798.1289061952339,0.0
2538.7981863083446,0.0
2047.261057391387,0.0
3514.738795868972,0.0
5234.877997692776,0.0
2452.9822235537276,0.0
2817.255434676511,0.0
2752.373231543622,0.0
2924.4221763336704,0.0
4379.564370942018,0.0
2000.3316326388765,0.0
3801.7380129796543,0.0
1428.5840603257886,0.0
1171.9983153919945,0.0
2076.678364687886,0.0
3057.2071942227444,0.0
970.7876389343998,0.0
2811.233897102282,0.0
1217.0122722037727,0.0
2896.0257636038723,0.0
2605.512542214877,0.0
3642.1519103743913,0.0
763.6468502864413,0.0
926.3531096137002,0.0
1886.2954178726748,0.0
3064.1692444484074,0.0
2600.2903383407283,0.0
739.1162147019083,0.0
762.4221713576361,0.0
396.3609853009784,0.0
3852.1450355915013,0.0
3306.237242648404,0.0
2175.1869339625123,0.0
-1121.239527512345,0.0
1829.087036992356,0.0
982.1488063076142,0.0
2630.4444933970626,0.0
-315.0486301093176,0.0
3300.585294624612,0.0
1661.3860920874322,0.0
1478.863126642248,0.0
474.84131842263605,0.0
3413.6808216728705,0.0
1125.5411998025804,0.0
1099.3389081339892,0.0
950.5880441081548,0.0
981.88856228691,0.0
1039.627542549717,0.0
1685.3493686125084,0.0
2263.603581217198,0.0
1615.4512337616402,0.0
129.83542256983333,0.0
988.1337932634794,0.0
1848.5884068648138,0.0
537.5118670776515,0.0
203.20214376226178,0.0
2366.4299013613363,0.0
1070.2541585106867,0.0
400.21823063248763,0.0
1281.9002723180258,0.0
1182.4167354070976,0.0
1476.02509356269,0.0
533.1252101958297,0.0
2987.430380721644,0.0
-1298.027770853293,0.0
193.06178090340882,0.0
831.8543661502531,0.0
-782.6548587608694,0.0
-751.2111400650207,0.0
-509.03336540338773,0.0
254.09146574679244,0.0
28.5756433005427,0.0
954.1322587938823,0.0
1162.5297253690915,0.0
-179.42312491001405,0.0
293.9647882492122,0.0
590.9000471875624,0.0
-2765.745944863532,0.0
-251.99452900932926,0.0
-2000.520442228931,0.0
-541.925712959906,0.0
-538.8958802347004,0.0
1593.7303856263438,0.0
-1124.0987511936694,0.0
-1075.874299199516,0.0
680.2059385853283,0.0
-650.8381229461352,0.0
-2195.632847685095,0.0
1344.3309675550229,0.0
948.4739096765855,0.0
-290.8430988972632,0.0
-2399.336460350102,0.0
-1060.947487572279,0.0
-1618.9954060736402,0.0
1241.5586525325098,0.0
-900.7043446748245,0.0
340.36640222224855,0.0
790.4259513576762,0.0
-341.451512693027,0.0
-363.0591647988864,0.0
886.909559096083,0.0
1291.0180407976732,0.0
-2098.7347779651,0.0
541.6836994448686,0.0
-3093.5510691746294,0.0
-971.0425249018871,0.0
557.4894236117648,0.0
-2097.077681861303,0.0
870.8950479935056,0.0
2549.0087301194135,0.0
-110.94236177293428,0.0
-1741.1760193560158,0.0
1756.9074375810817,0.0
-760.6648524795279,0.0
-1515.7854268397532,0.0
-1004.6199143502599,0.0
-744.3969687877253,0.0
-1069.4927377763836,0.0
1584.4468072096881,0.0
-1338.1430236811736,0.0
-2155.477624525075,0.0
-1553.4324447664812,0.0
-519.2404159699211,0.0
1615.2065983043049,0.0
-1807.976073736093,0.0
386.3080386994933,0.0
796.7700255938782,0.0
-673.4026786093552,0.0
-303.9547259642159,0.0
-222.5713126464115,0.0
883.4825578526882,0.0
-617.8205325628388,0.0
1879.6797928698625,0.0
-2032.8487717610815,0.0
1648.673799450971,0.0
1564.5598457268534,0.0
705.4650873541024,0.0
650.6305108922027,0.0
1885.1309092411902,0.0
-651.5237052964076,0.0
10.905068974134792,0.0
-590.9089868494023,0.0
576.0513869723167,0.0
-213.81514592922997,0.0
-548.9542838277439,0.0
829.9365002830018,0.0
495.8033821178508,0.0
1460.9912095009863,0.0
2644.330383020701,0.0
-1459.5774283431524,0.0
539.3534202391811,0.0
857.9975435086176,0.0
2501.8538024053787,0.0
-110.59391633987752,0.0
1342.594324960158,0.0
2174.6146246290396,0.0
441.497120156703,0.0
1062.3016239277335,0.0
