933.5468259708307,0.0
-484.1597548279362,0.0
4171.785353837312,0.0
129.4769019511657,0.0
596.5371201991467,0.0
2546.7761535913132,0.0
-1071.3818145957248,0.0
-376.5765578894466,0.0
955.1575896945715,0.0
721.5200226500097,0.0
-858.9874773532472,0.0
413.0407639683061,0.0
174.1477712697124,0.0
1887.167208595456,0.0
-1534.2784149106437,0.0
-19.991441434990293,0.0
3007.202646887602,0.0
3909.2443548882,0.0
-947.3865803553997,0.0
2064.4787383081575,0.0
-189.96065403583953,0.0
151.9582989135181,0.0
106.21558012255036,0.0
952.0441682503013,0.0
2972.591862126906,0.0
2661.230231935234,0.0
1782.663271233959,0.0
779.1071942554337,0.0
1218.9723328600894,0.0
1310.7602700903708,0.0
2620.095442652003,0.0
354.5729647190042,0.0
1313.2485490332717,0.0
1096.696526670056,0.0
1415.983228064999,0.0
1927.4403969805621,0.0
1775.275734447919,0.0
3189.1273301077563,0.0
1293.9316894466465,0.0
3465.0034328638267,0.0
952.859076095682,0.0
388.52866998333934,0.0
1009.1448636413974,0.0
1257.5511665044473,0.0
989.7864234152037,0.0
2507.33378932116,0.0
2099.552569949873,0.0
1581.4888094666408,0.0
164.60252901946092,0.0
234.93318234571603,0.0
2577.54644788739,0.0
539.0551340381489,0.0
-1325.7362817563694,0.0
-1104.0992723703025,0.0
-864.1060410261767,0.0
1770.696456185453,0.0
-167.13020422663092,0.0
3227.2936553199224,0.0
277.5150233383645,0.0
-421.1309358303247,0.0
-1028.8684963309458,0.0
985.1370738235169,0.0
-1131.9170851943593,0.0
-1927.8896575842791,0.0
3.9102870893885893,0.0
-696.276652846165,0.0
716.1003361984933,0.0
-914.7822294779487,0.0
-5262.848295998157,0.0
253.04173894406676,0.0
-3889.9944401826983,0.0
1362.2298410688215,0.0
1580.665776314083,0.0
-1790.856439269981,0.0
-2788.904407949265,0.0
-3076.5533328207475,0.0
199.32070823346976,0.0
-1511.376948350607,0.0
-2283.1626913116047,0.0
-1843.4277448195076,0.0
1868.8853630068027,0.0
-380.11048745117773,0.0
150.6185081380687,0.0
19.76849234363044,0.0
374.5261842220459,0.0
471.8054859724243,0.0
-1927.1012419875492,0.0
-1383.5862171811177,0.0
-1868.8672928164103,0.0
-1867.1027394593884,0.0
1158.8078294996653,0.0
-1742.8738765858584,0.0
-857.3469879571007,0.0
-1914.1446475561975,0.0
-1397.903009538215,0.0
695.9939273157177,0.0
-1204.8033597140447,0.0
-836.3747930524393,0.0
491.6398914426417,0.0
736.3181416300165,0.0
1222.6474187586368,0.0
38.67841257172134,0.0
-2797.352302508121,0.0
1078.8277372822447,0.0
725.7156235446288,0.0
1952.645743166106,0.0
-1195.1506799952258,0.0
4641.354138026265,0.0
-1458.8063106253844,0.0
2070.018914101264,0.0
688.5301975184816,0.0
-159.7019747572923,0.0
2120.8462320787908,0.0
515.8219397528793,0.0
-2902.823935355238,0.0
-487.0255792303019,0.0
1640.176574777876,0.0
4732.093032558793,0.0
-877.42426103666,0.0
1358.7737325877058,0.0
3616.544937580938,0.0
2439.1913425448165,0.0
726.9467582700412,0.0
-779.5136700870437,0.0
-1351.9710765060706,0.0
811.3631711422711,0.0
1409.0522004609345,0.0
-1697.453495081341,0.0
-1123.4298066880717,0.0
2205.590880577752,0.0
1429.4229195879452,0.0
506.99349533607824,0.0
1298.4992840170464,0.0
318.4607812663262,0.0
3315.3005548683686,0.0
4065.4169686417313,0.0
4658.172999228852,0.0
2599.009832431051,0.0
2647.149899378084,0.0
3706.068425620577,0.0
4424.774797311242,0.0
3830.162103113098,0.0
3318.90197801678,0.0
283.5067787225862,0.0
-1235.202655861655,0.0
2558.8687525232867,0.0
939.0097784298671,0.0
1069.9281229313601,0.0
-89.9647690559384,0.0
-1121.8191069905993,0.0
3487.3931618914235,0.0
1417.4762869500537,0.0
-761.0146586433873,0.0
1890.980792900802,0.0
1385.3829914220173,0.0
1408.1789101618465,0.0
3830.501769104945,0.0
561.3334355914698,0.0
-1549.179814206702,0.0
316.5271873806521,0.0
-672.4110112327987,0.0
918.9883345349394,0.0
954.1905801711887,0.0
888.5584010108223,0.0
-770.1467510062103,0.0
646.9813979275417,0.0
-1095.1913781424787,0.0
698.657032793905,0.0
-872.049237378106,0.0
-2323.0101807255774,0.0
677.7092864960149,0.0
-1793.5986162513254,0.0
1578.2768754424424,0.0
-72.4456429499412,0.0
-147.86698478442702,0.0
-441.7200659042574,0.0
-1153.1510979921345,0.0
-4492.9090023531635,0.0
940.7684276635296,0.0
-2371.6861233155855,0.0
589.6572807112095,0.0
-1944.5641582676158,0.0
-1227.0177502848012,0.0
-1040.261617279705,0.0
-2379.9344580170614,0.0
-1170.394204356027,0.0
-116.62466358746417,0.0
-1647.7598584988546,0.0
-2824.2723127562444,0.0
-1477.710290467739,0.0
-410.50478368583816,0.0
1036.2497598778364,0.0
971.7808761059543,0.0
-375.1720875066461,0.0
-1961.6920142530564,0.0
1175.4869224983931,0.0
-697.0750319486128,0.0
-825.7143827952173,0.0
919.7404398970973,0.0
517.2428576553166,0.0
293.6568231979875,0.0
-2137.3627804421585,0.0
-797.115191324296,0.0
-2533.1267448192225,0.0
495.3366604240153,0.0
478.7426676604071,0.0
1562.5619982589142,0.0
778.805916158354,0.0
-202.2326220866185,0.0
3599.0946726079037,0.0
-846.9430808681358,0.0
-1409.873585099001,0.0
-432.0121359285231,0.0
1561.8236966422971,0.0
654.245880740423,0.0
532.8540087638961,0.0
-957.427495564833,0.0
3415.5515326046125,0.0
429.57605768215683,0.0
-692.277003894605,0.0
1461.6464416293684,0.0
89.84623463449793,0.0
1205.7805661578327,0.0
3581.3917991988947,0.0
1265.6744033689442,0.0
1319.1682841290287,0.0
1152.1004416115939,0.0
1286.806822260548,0.0
3182.6438654664153,0.0
3149.0026461042803,0.0
1094.169213534637,0.0
514.9113122116723,0.0
1748.1651148469496,0.0
3594.2961344330033,0.0
1801.5063761304477,0.0
1942.9643655925593,0.0
-385.1484605618857,0.0
3523.7365692291187,0.0
-379.9470917487083,0.0
43.83829783506599,0.0
1556.3034140481595,0.0
1865.1575930743238,0.0
2388.382872131668,0.0
798.1939834648467,0.0
874.0700578064211,0.0
749.5956013453413,0.0
-601.2051718776488,0.0
1232.0743042297222,0.0
687.9043136150501,0.0
2372.9346803039944,0.0
1122.2246348467086,0.0
3184.583622825773,0.0
2698.075549196773,0.0
3236.651098152451,0.0
3474.10482717822,0.0
2421.8586807614565,0.0
997.2521929586168,0.0
3392.197423220041,0.0
-485.2337848174154,0.0
1006.7293533582458,0.0
2350.712124992554,0.0
550.427454682234,0.0
1669.2478564200123,0.0
-219.2841680674477,0.0
-49.46286022770005,0.0
1900.0281650218549,0.0
1190.5273023540872,0.0
2117.3720968362986,0.0
-130.7595794839426,0.0
617.9456392989764,0.0
1193.5031300402916,0.0
1157.2554882369448,0.0
-2060.036946277691,0.0
-1155.6164745448693,0.0
2047.1811334241615,0.0
-1950.461448270062,0.0
776.2328224545508,0.0
-668.1607061892332,0.0
1147.6223782760712,0.0
-1904.0723394123806,0.0
-155.80483495780908,0.0
-3793.9509595053514,0.0
-436.1703722361243,0.0
1225.8825812873333,0.0
-2779.859800049868,0.0
1593.6045844790076,0.0
-1726.5686772348968,0.0
-941.7645583257332,0.0
-4849.1952920894455,0.0
1002.1781932628276,0.0
-1818.0259922453963,0.0
-1090.2520880903453,0.0
-2903.9065407298795,0.0
-2126.6532749065145,0.0
1231.6478664120048,0.0
-1178.8756251605355,0.0
757.9710199002857,0.0
-629.1797720970931,0.0
212.55713119461035,0.0
-1127.7996732888275,0.0
332.62028661798956,0.0
4023.354022578728,0.0
952.7467941817309,0.0
1047.0998297347794,0.0
-840.9444992792613,0.0
1312.9737736572524,0.0
2089.6786876661345,0.0
-2433.597421746699,0.0
-1930.5734244205653,0.0
3456.0476686294714,0.0
731.520916868435,0.0
515.6460913922142,0.0
1204.9686947048258,0.0
2391.2356337696374,0.0
2030.236031322298,0.0
785.6601892592295,0.0
4004.77719282825,0.0
1201.0241059189004,0.0
-361.6376976330499,0.0
2.6879377536319,0.0
1130.2820315299687,0.0
642.4024204229195,0.0
953.92414942962,0.0
1820.9751231547443,0.0
-3253.208685123249,0.0
762.2118795813369,0.0
3373.449136815953,0.0
2590.8916735724506,0.0
540.4222643664345,0.0
997.1321679561831,0.0
3943.1400866856748,0.0
1812.9541416309655,0.0
1325.6740430445402,0.0
5014.789242359675,0.0
1428.6804666491194,0.0
3343.0291812910227,0.0
2178.866974646099,0.0
2358.319091071637,0.0
797.0855182841944,0.0
808.7619519504817,0.0
4135.844572540705,0.0
740.8905866035354,0.0
2772.1211010288584,0.0
508.61363584042715,0.0
1926.4324880403312,0.0
2546.770926315011,0.0
-189.62989825584282,0.0
4078.0758119662546,0.0
2009.8724664561435,0.0
3902.3805258675093,0.0
751.3406996173819,0.0
3817.2623982536024,0.0
5790.136597603036,0.0
2110.155661852181,0.0
1041.7144556616013,0.0
2811.337761044828,0.0
2107.2142073085643,0.0
1679.9023902083475,0.0
1560.6503365824294,0.0
613.4954140860909,0.0
2439.846047939627,0.0
1029.131701349529,0.0
290.84994268973946,0.0
2880.2185830944118,0.0
1127.6832472525984,0.0
4994.591909061586,0.0
825.2310624174717,0.0
-326.52311431522116,0.0
72.55327782971506,0.0
1702.5342686103627,0.0
-554.861962966078,0.0
-1136.016226477754,0.0
3094.2615805481632,0.0
-1339.6770608785155,0.0
3065.457700309385,0.0
780.0635090144264,0.0
-970.3098385350188,0.0
2657.2379586801285,0.0
-226.72192661885867,0.0
-1502.7909841397181,0.0
206.71199428618394,0.0
1845.6560841810174,0.0
901.8602728971744,0.0
1037.414593350417,0.0
2730.579779934787,0.0
312.95185893570914,0.0
594.4057293305804,0.0
-13.606893324641419,0.0
-2500.9312326664617,0.0
-343.2257979136525,0.0
2856.646587754815,0.0
-2840.743878470943,0.0
1738.6460612018493,0.0
-110.58449429167416,0.0
-1825.2036276665879,0.0
-554.3355105865296,0.0
2101.9366192428997,0.0
-1255.1067512620934,0.0
1000.6925933107484,0.0
1490.4971268040895,0.0
-1680.8186553137593,0.0
411.3513290336341,0.0
796.7770917004957,0.0
-750.4328491692804,0.0
1306.333730649913,0.0
-946.8147217078705,0.0
-909.1033911845848,0.0
-1450.2225280334042,0.0
768.712524948605,0.0
-161.38515169789042,0.0
-455.0492014823833,0.0
-1377.1672465862948,0.0
-1478.54835743934,0.0
-1064.2429589176013,0.0
1638.9000573601295,0.0
-458.9634303287845,0.0
3236.5212974158553,0.0
1614.4533469669152,0.0
1200.0963869728084,0.0
-612.5752650912825,0.0
4090.465694771011,0.0
-1255.7493833109334,0.0
2077.335074628858,0.0
3915.511634309646,0.0
1203.2421647045026,0.0
393.10054550394625,0.0
1703.4417862280632,0.0
3501.990360339898,0.0
3485.9083251175834,0.0
2884.7218699490845,0.0
129.095295776674,0.0
826.8266666868656,0.0
2004.3611731604815,0.0
113.81599397450395,0.0
1885.6913317816422,0.0
5398.118233609175,0.0
1069.9365801560111,0.0
3982.578886549197,0.0
513.0157215495653,0.0
1900.3580695415437,0.0
2850.2877835330355,0.0
530.7305987686932,0.0
2645.167049487733,0.0
4722.98031162906,0.0
3788.1259498007653,0.0
3592.8826041936586,0.0
1083.403399554782,0.0
1956.8385345053875,0.0
2700.1242295305424,0.0
3305.025575455448,0.0
4473.726239472863,0.0
1211.301416956027,0.0
5008.533567073705,0.0
1806.3901123269352,0.0
1944.5047743725825,0.0
293.26942140901906,0.0
2512.4662219990055,0.0
1760.9200678438342,0.0
443.3975546623617,0.0
1985.955316100632,0.0
2690.3215346999955,0.0
1954.563416755641,0.0
2986.066737734147,0.0
694.0191719834472,0.0
3266.8920013179604,0.0
1622.301444769204,0.0
2734.145460286082,0.0
-1154.9763207014012,0.0
2056.8845963589824,0.0
1530.9960510403748,0.0
2903.183876696378,0.0
-40.339520664362226,0.0
3453.663317102594,0.0
-378.50665530311426,0.0
3404.481879132455,0.0
2234.739718865074,0.0
-259.6268465920207,0.0
4563.612514672735,0.0
-1036.3839963019504,0.0
406.8631541292543,0.0
622.3544416230072,0.0
1471.5941622511086,0.0
1040.211711948721,0.0
1644.3781373290458,0.0
1448.8554820502377,0.0
606.4452612360456,0.0
-1034.2332064833472,0.0
149.52426951953134,0.0
1345.5133797341277,0.0
-1518.2750712200173,0.0
509.4702589730712,0.0
-3214.271737595097,0.0
-1026.6071280178423,0.0
-2441.1121063149053,0.0
1853.2577871663614,0.0
-2771.7808971133995,0.0
-405.61301766748903,0.0
930.8240462756663,0.0
1059.6733528471839,0.0
1039.9031149127582,0.0
1475.6300677046659,0.0
801.9159974777907,0.0
1611.9856569088947,0.0
-429.3200633053267,0.0
30.112618149207208,0.0
-2564.6667526110423,0.0
352.5436940206838,0.0
2582.872164393365,0.0
-730.3164104638556,0.0
-1692.59021328598,0.0
273.07986683651416,0.0
2236.2424255212354,0.0
2422.8924890005055,0.0
-1727.3956699686264,0.0
1063.3819293028303,0.0
-336.4009651319619,0.0
1043.0266891618521,0.0
-2385.8572567870187,0.0
2024.608723385591,0.0
260.0685077707391,0.0
1049.2158420197452,0.0
549.6520139820458,0.0
-479.3816604855299,0.0
1950.1608538454143,0.0
436.96464668356634,0.0
617.5825263355762,0.0
2477.580665967785,0.0
1671.7191476637995,0.0
350.451546968741,0.0
3098.014954067635,0.0
602.6890087475792,0.0
2115.501297006952,0.0
2884.975034409549,0.0
3779.946326883256,0.0
3755.793326406485,0.0
4712.1699611730555,0.0
1753.4541177431267,0.0
1058.3350981808555,0.0
4931.184393457684,0.0
4212.915153427704,0.0
2006.761002520231,0.0
3586.6802460167332,0.0
1684.1363747151813,0.0
473.16205031850495,0.0
4075.245684046865,0.0
3253.076920078929,0.0
3102.7572761853694,0.0
5319.6289716439915,0.0
5206.117616052314,0.0
1921.0372738787592,0.0
1494.1812073762096,0.0
-133.03419420056025,0.0
2689.7230861458165,0.0
2394.5172453624314,0.0
3429.2522342862726,0.0
2862.9356877837777,0.0
1981.8866408414438,0.0
2347.7377250982117,0.0
460.85160200603013,0.0
4831.806720284839,0.0
2121.65999186702,0.0
3857.206428306065,0.0
1893.840535326775,0.0
3032.2189077921707,0.0
3553.253068241375,0.0
2052.2303756669567,0.0
1006.4953211360516,0.0
5963.395416911908,0.0
1889.4587045061635,0.0
3268.4712879309427,0.0
2080.745414732972,0.0
875.0541374954087,0.0
3919.795850341844,0.0
2636.6120054520916,0.0
2350.114737689576,0.0
-1875.8553402030661,0.0
1946.2530610061651,0.0
3218.2998577141175,0.0
1926.1702514859169,0.0
1166.2996089765418,0.0
3237.990652100265,0.0
1648.1828111689554,0.0
2108.207349086278,0.0
2755.809870564594,0.0
2565.335056237056,0.0
-1160.9412484389022,0.0
1661.2300476756568,0.0
-260.3413628231117,0.0
-2509.7361288078173,0.0
1394.4163355849616,0.0
-2285.176593111567,0.0
-125.78264513809881,0.0
-3294.002555873222,0.0
-1194.8923820635532,0.0
-152.3204014032135,0.0
150.5917993545897,0.0
-99.24885972120353,0.0
-957.9248538466584,0.0
-686.8321106207593,0.0
2806.1321337664954,0.0
-758.8658252434844,0.0
263.87188677870074,0.0
3251.1935867416737,0.0
-2205.957733388839,0.0
-2700.567491956615,0.0
-1217.459500711483,0.0
-215.29631856368445,0.0
-1601.1846532600202,0.0
544.4193363658578,0.0
-178.44181230725655,0.0
-2419.321579971171,0.0
356.5808388054512,0.0
-1616.9303018114292,0.0
1292.927014225574,0.0
748.0258084242219,0.0
3908.919363330717,0.0
1752.075038670213,0.0
-96.1468721920086,0.0
1458.8891614690788,0.0
969.1830698849783,0.0
-202.63355621404878,0.0
-1332.5748243866274,0.0
2548.597086301943,0.0
6914.953210244314,1.0
3873.051944423893,1.0
4188.340551149216,1.0
308.34887247269955,0.0
3180.571779118851,0.0
3127.723973715222,0.0
203.71457321589583,0.0
815.4535954849779,0.0
1026.6511431368763,0.0
2245.4129956968336,0.0
3008.5133270896,0.0
3923.837169375535,0.0
1527.9636978170888,0.0
569.2481921111821,0.0
3269.159783532018,0.0
3305.3813817928135,0.0
2013.990715098696,0.0
3010.233755925993,0.0
3130.148367423408,0.0
4084.2824820244005,0.0
2651.652245632437,0.0
3576.3589843897053,0.0
3009.852767055495,0.0
1629.1189669458445,0.0
3979.7260183290246,0.0
3117.761171953846,0.0
4621.258699150872,0.0
816.5212652949367,0.0
1805.308000333796,0.0
4009.404686568412,0.0
650.1030158993376,0.0
2966.323278215398,0.0
2461.629284814547,0.0
2523.5838139865946,0.0
2901.514391304533,0.0
3417.93520145871,1.0
6902.207587555211,1.0
6952.254944319787,1.0
4537.533988484805,0.0
5291.277339033964,0.0
3786.479449848508,0.0
4241.893452629822,0.0
-386.56056393928066,0.0
4121.498996421822,0.0
4698.3165496171905,0.0
4349.098015792964,0.0
3545.0837190855377,0.0
2195.59623323565,0.0
2054.7815380029524,0.0
2547.0681306614247,0.0
3142.20911831774,0.0
3348.379358449488,0.0
2475.4717512427546,0.0
357.34673981674655,0.0
5143.531350410696,0.0
1029.6064558958556,0.0
-2119.0514822225578,0.0
4644.273275203943,0.0
3909.035108777492,0.0
1938.1946698561976,0.0
3326.3966093210242,0.0
2457.57879477037,0.0
525.7528167290391,0.0
1631.5562402606608,0.0
-362.49140712794474,0.0
690.8584903030923,0.0
322.4274820977969,0.0
1662.8346196159337,0.0
3002.1296832981197,0.0
110.63506136774254,0.0
1778.5498243820207,0.0
-1943.1923771347906,0.0
-601.3884804557483,0.0
1653.583377457504,0.0
2709.835058813941,0.0
2187.3999610577666,0.0
2675.323505926788,0.0
-1636.330515750954,0.0
-3.6462913089379754,0.0
-3339.6520895182784,0.0
586.5054891479297,0.0
648.9425566744624,0.0
-125.31941294634265,0.0
-896.3151881433694,0.0
1250.5609347370219,0.0
1386.7651125360194,0.0
692.9963615005072,0.0
-438.55019704990576,0.0
711.6972867503408,0.0
559.1879814604127,0.0
546.5140939425488,0.0
1552.1333198116795,0.0
753.8777596156904,0.0
-1369.0096442329427,0.0
206.82375343564172,0.0
1281.9996604513433,0.0
397.6048835803874,0.0
1021.2153395385178,0.0
-209.30921035920426,0.0
3081.553564662787,0.0
1472.9899144115707,0.0
1167.5586128470434,0.0
2387.93310759697,0.0
2208.055784736308,0.0
1484.5152152621845,0.0
2624.6593838349336,0.0
2006.900078916552,0.0
1940.0735963572065,0.0
1545.5282381592235,0.0
-136.863900421474,0.0
1926.5789097709414,0.0
2291.9186039090823,0.0
409.1666466884476,0.0
4274.130072288897,0.0
1863.390615875176,0.0
492.1570386842727,0.0
1566.251548229674,0.0
2385.901381029622,0.0
2007.5985648661149,0.0
1252.715954671816,0.0
2608.186103416284,0.0
537.2026095214446,0.0
2303.7036582569144,0.0
3280.887278806593,0.0
1915.0669423559855,0.0
4032.9304579517575,0.0
4482.67274191007,0.0
2146.8705704517774,0.0
-314.81911695621875,0.0
4558.412792698842,0.0
5248.062195807149,0.0
948.2946088078843,0.0
3706.728213320636,0.0
3942.9494866521463,0.0
1121.4715175379852,0.0
2546.409806556968,0.0
5328.950651670275,0.0
3779.614394342629,0.0
3740.3970573110832,0.0
5676.62441373029,0.0
2804.153780061163,0.0
959.4114491014052,0.0
5938.694741749303,0.0
2186.72911102263,0.0
3185.5595676941216,0.0
5029.808267164183,0.0
3927.86932414507,0.0
3681.458819560752,0.0
1909.9880190962208,0.0
4478.774851564769,0.0
6636.78675006654,0.0
2367.0778011159086,0.0
1583.9850999390142,0.0
3362.378613219416,0.0
1839.9740560940209,0.0
3442.924930934728,0.0
3410.716910783061,0.0
3810.280340084649,0.0
3296.235822263988,0.0
2909.70927943405,0.0
4861.042117923022,0.0
1362.027071945216,0.0
2548.7995238087833,0.0
2999.564995237049,0.0
707.1239404347268,0.0
1289.9773114099296,0.0
1494.4790359121212,0.0
1532.6174759132537,0.0
4060.8719873217606,0.0
2374.6876215207476,0.0
6466.118359317641,0.0
1226.3262726488294,0.0
1311.7828894907832,0.0
5318.355179805058,0.0
535.6157896519566,0.0
4665.051274618757,0.0
-3446.017878224132,0.0
108.53762521317174,0.0
3165.1347256281906,0.0
4016.148531702794,0.0
1758.2207628803558,0.0
93.17193521140791,0.0
703.2157255647796,0.0
2402.2499976638705,0.0
1657.8229628720608,0.0
2733.411521444439,0.0
-194.8874859929914,0.0
2511.116655665978,0.0
2961.5701350271015,0.0
5430.203573440553,0.0
2284.9362506208367,0.0
2324.2543049431206,0.0
-195.2108071884859,0.0
-1201.6129227119295,0.0
-2832.115498985543,0.0
1684.8210066332517,0.0
3825.0688800624703,0.0
494.69279483153434,0.0
-2636.2752885746136,0.0
1308.972260548214,0.0
713.6654108002306,0.0
451.22372236390345,0.0
4168.523488359711,0.0
2839.363596621072,0.0
3519.238771108366,0.0
272.24713458837505,0.0
2053.517838135949,0.0
-305.93443307971575,0.0
3320.25951476501,0.0
-109.49854403150039,0.0
3997.486549058238,0.0
2206.7130069809277,0.0
2102.6945193843435,0.0
-11.404189364034664,0.0
2876.018711348017,0.0
-565.7676420185117,0.0
543.3635144450175,0.0
621.3090351321027,0.0
5623.586139328374,0.0
2822.156426991474,0.0
1727.4310177221641,0.0
3747.758965175923,0.0
6757.702533758588,0.0
2601.6660906425172,0.0
1089.6599901167149,0.0
1101.36883732839,0.0
3096.8717038727914,0.0
5380.692289582641,0.0
3075.595457282511,0.0
2662.084398733231,0.0
1620.1269182356532,0.0
1708.7823067868737,0.0
4941.423058459931,0.0
3879.867479005283,0.0
4071.1233219720007,0.0
1786.3100289023278,0.0
4248.971640373398,0.0
4223.569654830564,0.0
5981.196850780373,0.0
6001.157976675112,0.0
3404.2450505257334,0.0
4697.962929754095,0.0
4505.684833177069,0.0
3386.7568141687448,0.0
2620.247870496111,0.0
5386.815628752242,0.0
7341.175440513572,0.0
3316.6448257610646,0.0
6822.636564587943,0.0
3290.7422446913647,0.0
2997.827778391307,0.0
3989.0209899498036,0.0
3241.3420893575653,0.0
5260.655236057858,0.0
5306.70362846585,0.0
-676.6634391687085,0.0
4806.576676842937,0.0
4293.883501939399,0.0
6165.15566466067,0.0
2050.758790293856,0.0
3605.936710474948,0.0
5250.7145395345415,0.0
4555.061773477966,0.0
5457.631559780697,0.0
1736.6079878822504,0.0
1699.0979365323333,0.0
3555.27795649251,0.0
588.677797589098,0.0
3317.0983726582713,0.0
4059.4368110490764,0.0
6405.434192343659,1.0
3798.0377017058036,1.0
4985.446431209934,1.0
1957.371940339879,0.0
2984.249635261288,0.0
2581.4331641924973,0.0
1273.8499807589055,0.0
-663.5754302599221,0.0
-920.5004653707556,0.0
348.33241449856473,0.0
205.19479561895082,0.0
1120.2563748605144,0.0
-64.83058135059787,0.0
1207.7111171436488,0.0
262.2879888434496,0.0
1568.685595698454,0.0
1928.3814677479452,0.0
2335.3921089662817,0.0
18.435879629749024,0.0
-48.1312359340277,0.0
-434.1383564351213,0.0
1315.2632648899546,0.0
2416.663529451416,0.0
3226.160430798972,0.0
1584.2073589935017,0.0
876.7629533761891,0.0
2286.7902200682065,0.0
759.0305042428528,0.0
-178.67715127315114,0.0
2643.8514313297655,0.0
201.15319120459753,0.0
-1107.2858078403633,0.0
728.2581293970941,0.0
-294.2710313493742,0.0
1404.1912477084857,0.0
416.17659285700574,0.0
1237.3586293685062,0.0
541.6153401303237,0.0
869.7023590380643,0.0
2458.6434910612734,0.0
1770.3350550142006,0.0
1556.6555238930084,0.0
3280.612368721784,0.0
-343.50305226350156,0.0
2218.2510052725675,0.0
3540.22724787308,0.0
2676.074608796002,0.0
3795.1871325314705,0.0
868.7026946009266,0.0
3875.1884522663804,0.0
1069.4253985852156,0.0
3895.385681561272,0.0
2689.2920407358242,0.0
3798.3665616882354,0.0
1190.402336861469,0.0
2517.7901229335416,0.0
-439.7864759688914,0.0
3408.736222373023,0.0
3823.4840289084523,0.0
3882.0918163353754,0.0
4789.903284973466,0.0
4410.113250228447,0.0
3454.531447478262,0.0
4227.345992784348,0.0
2455.7098432153975,0.0
4368.851708964846,0.0
4392.602121644715,0.0
3934.7037910190284,0.0
4073.2669129228057,0.0
3003.8106943485413,0.0
2309.8202942104417,0.0
3644.660677545881,0.0
5247.940995236458,0.0
1262.1959144058806,0.0
4265.036399986359,0.0
9903.880424167059,0.0
4186.729760859517,0.0
3925.8061088017034,0.0
4952.539090222595,0.0
3723.819480691483,0.0
4033.648986970679,0.0
4756.163670942925,0.0
2581.8595020128305,0.0
5867.29702715603,0.0
4551.694097317999,0.0
5808.48233921745,0.0
4337.985163224246,0.0
5510.601296638901,0.0
4041.1862013388854,0.0
8927.697073144927,0.0
5927.972684617189,0.0
5927.59667025634,0.0
4379.2894533529925,0.0
1883.9474588735488,0.0
3250.1667366402953,0.0
4588.659291736298,0.0
3318.5904297681554,0.0
3017.8721655433496,0.0
2591.4382944338045,0.0
1566.7585421507956,0.0
2727.9818398317007,0.0
4352.14979658263,0.0
4509.457460240181,0.0
3990.750090200979,0.0
3050.120171284001,0.0
3477.601627847742,0.0
2788.693307186629,0.0
3452.9550519765044,0.0
3582.3808720228344,0.0
3589.788199588508,0.0
2125.270580891138,0.0
2100.347507506726,0.0
4532.594965035507,0.0
4347.5719632416,0.0
-893.1213438416717,0.0
2652.6815773718477,0.0
2229.0948741012094,0.0
3196.4308370464387,0.0
-1118.4980550286323,0.0
-1171.0391468728767,0.0
1250.2953747482165,0.0
1570.374897325898,0.0
-122.91689248125658,0.0
3017.129919089746,0.0
3264.579983179249,0.0
2374.9115519391557,0.0
2822.5759358073165,0.0
-472.1346321241481,0.0
955.1556735859585,0.0
-2437.1573752125532,0.0
2627.9824743406407,0.0
3036.8154902477145,0.0
2249.9093649534934,0.0
-30.582387792015197,0.0
1304.3065346057576,0.0
2894.0455910324436,0.0
-653.692699252736,0.0
1651.3515508733985,0.0
2577.9121660369615,0.0
880.7969657615065,0.0
734.551777477752,0.0
3399.62801369345,0.0
2317.152253501912,0.0
4070.328094773325,0.0
2400.7035336320764,0.0
15.598860024452279,0.0
1793.314365007397,0.0
826.5046163651258,0.0
1645.690489021246,0.0
2713.124304062404,0.0
4645.021520128928,0.0
2527.9081449643254,0.0
5170.90058988109,0.0
509.3982980885396,0.0
1850.3114854157175,0.0
2397.9447889041435,0.0
-249.57709228905696,0.0
351.96892495686143,0.0
2427.951649748941,0.0
2825.985869127954,0.0
4117.3479294832005,0.0
3125.7586433945244,0.0
2840.721992270829,0.0
1166.5906994076781,0.0
3622.6659067624005,0.0
5693.730375557998,0.0
4401.156034050509,0.0
2766.933527826504,0.0
3735.934773991979,0.0
4074.5699022913595,0.0
5810.276718068391,0.0
2604.014173118908,0.0
4869.810319093365,0.0
5025.61149390806,0.0
3786.1544460086334,0.0
3921.549748905411,0.0
3918.574434980564,0.0
4298.3720265792135,0.0
4474.639824568551,0.0
2394.6870811280924,0.0
3865.2347456411,0.0
6407.625948679266,0.0
4410.678112238798,0.0
1589.7749326631106,0.0
6498.659061653882,0.0
4025.7086263389774,0.0
4646.632381823454,0.0
5159.204645056345,0.0
4163.07510893819,0.0
2736.3863342532177,0.0
3411.7743786319397,0.0
4689.002815036612,0.0
4094.974454734529,0.0
3672.467516996947,0.0
7519.8145203761105,0.0
4479.927791305237,0.0
5661.299308751288,0.0
7398.887225940891,0.0
4431.550086947013,0.0
3211.6521305216106,0.0
3850.3247431160717,0.0
3702.8718282476098,0.0
6167.305515530112,0.0
5613.625118265332,0.0
3639.833937328508,0.0
2539.855780469079,0.0
4795.0589073855135,0.0
5957.197588045772,0.0
2841.8485415667496,0.0
5757.377775921715,0.0
3712.4313583819853,0.0
3130.837636830725,0.0
2474.501239878711,0.0
2173.0637614031853,0.0
2239.611486635901,0.0
4837.094767061736,0.0
496.86950794390145,0.0
1963.4861231285267,0.0
2611.613202140997,0.0
470.8096396831095,0.0
1554.9420954542638,0.0
140.22198799446892,0.0
3394.958144397606,0.0
3051.978742553731,0.0
-98.66825524535807,0.0
4356.324742282168,0.0
406.981043482838,0.0
-652.7052694331019,0.0
-1049.1147898813908,0.0
2537.328521109368,0.0
-1841.488689873002,0.0
1581.3007770495587,0.0
2307.3607911343765,0.0
3408.8157752120387,0.0
1095.5050711787296,0.0
3125.8905613489037,0.0
957.5595954899369,0.0
3380.768616706984,0.0
241.84575610845627,0.0
2010.751532682231,0.0
1267.680913465588,0.0
2197.3716841717232,0.0
5502.703468395152,0.0
1916.9077317481451,0.0
1715.9552353009747,0.0
2535.4457665321156,0.0
2441.056574791172,0.0
-1092.3080561194515,0.0
3398.5005344819674,0.0
-402.11207692472726,0.0
-606.0964361460483,0.0
2314.6546734724943,0.0
192.79290097136118,0.0
2675.732651714052,0.0
4069.3557131336847,0.0
2482.4390477172424,0.0
963.1991720067961,0.0
3055.7578556137178,0.0
5990.8761519604805,0.0
2929.1592714347084,0.0
5419.900308844826,0.0
5408.162742622257,0.0
1342.5354020710085,0.0
4384.490402065854,0.0
1072.3212717802753,0.0
4080.9272839921005,0.0
4186.944325879241,0.0
3243.5558754211092,0.0
1300.7393229203494,0.0
3097.2286388057178,0.0
2847.668150092771,0.0
4566.505735184669,0.0
3965.6323401554264,0.0
4439.273735645794,0.0
3130.1143061259604,0.0
1758.7218099528773,0.0
3994.2473669230067,0.0
6429.7241447398565,0.0
2889.251563959324,0.0
3084.0468741971486,0.0
1647.061306562845,0.0
7374.415338288849,0.0
2996.677547073423,0.0
6307.12851076465,0.0
4998.9383105372635,0.0
4175.398069865386,0.0
5020.154494500434,0.0
7170.687104015426,0.0
6802.620725662296,0.0
5387.1170589491385,0.0
4119.567104184164,0.0
6967.147123277672,0.0
5826.7407958674485,0.0
4838.200143867379,0.0
5298.594832668684,0.0
3482.1218740607405,0.0
6084.403620500414,0.0
4097.233034693678,0.0
4279.363392822297,0.0
2828.121978250546,0.0
4858.140475643491,0.0
4839.938729665009,0.0
2034.7844814258474,0.0
4851.630458575894,0.0
4845.963435926419,0.0
6225.080555397759,0.0
5817.7844125957345,0.0
2971.900195674497,0.0
5544.294854331751,0.0
4875.321581073963,0.0
3550.789207454813,0.0
2755.3145041001662,0.0
4610.614970501739,0.0
5100.976679471381,0.0
2909.6849235461195,0.0
3866.9037855277143,0.0
2867.6548800571513,0.0
2178.6222556561725,0.0
1948.3168556198373,0.0
4201.688171814006,0.0
3570.9575996578224,0.0
3583.7943462503263,0.0
3139.536826190019,0.0
3015.300242136656,0.0
4056.516189632065,0.0
455.8724307363159,0.0
3866.423895617021,0.0
1099.3884907690854,0.0
2101.904797268733,0.0
2553.271571228986,0.0
2562.46414681679,0.0
3218.3024925148525,0.0
678.7128327188454,0.0
4923.539408119295,0.0
4039.8836390269425,0.0
2832.384624970743,0.0
3326.0466769620675,0.0
1336.2950024921774,0.0
-724.6861461932872,0.0
-353.12112310934936,0.0
2587.169943769013,0.0
-1682.9163894115313,0.0
4342.319757176383,0.0
2555.082199326776,0.0
231.75566999633497,0.0
1184.8616639319985,0.0
-566.4286366499721,0.0
1774.3753305662367,0.0
2567.7630552252945,0.0
3586.0873776631574,0.0
272.99980963375697,0.0
3828.6626094069397,0.0
2627.9483675317997,0.0
1953.2106421525107,0.0
1980.7545677841106,0.0
3312.8347818283983,0.0
5502.585956943762,0.0
4653.299706652977,0.0
3517.3548219090117,0.0
1460.7442010914372,0.0
2344.7628255350255,0.0
3717.353510178068,0.0
3360.4496668333804,0.0
1750.1268850348827,0.0
6143.178888392283,0.0
6496.470537936651,0.0
4479.514278680285,0.0
2990.7529003547625,0.0
3357.7506007828524,0.0
1831.336575403427,0.0
1818.2513366639203,0.0
4390.877191980742,0.0
3641.590966579834,0.0
5235.426213974199,0.0
8142.587096367333,0.0
4913.070581463287,0.0
4273.80509552521,0.0
4279.623407992793,0.0
4687.940544818445,0.0
6514.601466818058,0.0
4739.332174540558,0.0
5720.580686237396,0.0
2750.6405240428003,0.0
2995.763717393347,0.0
4535.549694684971,0.0
6261.205240644333,0.0
3446.2379196517286,0.0
6653.92949959243,0.0
3431.9258757181815,0.0
4962.186061555925,0.0
5064.895639097455,0.0
7020.332987935001,0.0
3506.696759791812,0.0
3652.7038708135888,0.0
4489.576748046975,0.0
6651.20439594181,0.0
6542.503342294163,0.0
3074.911904826448,0.0
3919.394809608374,0.0
3154.7744729080414,0.0
7704.629105120202,0.0
5735.13893899655,0.0
5808.369974303342,0.0
1219.1015818267747,0.0
5149.304416310868,0.0
4628.804955528267,0.0
6166.409000235071,0.0
2372.8988350288637,0.0
6721.104774164162,0.0
5772.399191280499,0.0
5684.552008031088,0.0
2781.778680013891,0.0
7340.008863289751,0.0
5140.656445699256,0.0
4910.955974632581,0.0
4172.405465511008,0.0
3733.0585759278347,0.0
4509.024008853334,0.0
4251.940834593937,0.0
5387.034606496959,0.0
4633.853590021462,0.0
2811.5589335017175,0.0
4159.893749252842,0.0
5548.048028251017,0.0
2573.9106629662433,0.0
3290.9874993007784,0.0
5101.283065441526,0.0
4316.109782691607,0.0
2424.8785771254325,0.0
4178.842400944977,0.0
5106.942420361556,0.0
3958.410121644513,0.0
3200.3740504225393,0.0
5799.222075645799,0.0
529.1000190430809,0.0
3448.020534652157,0.0
3396.737300726415,0.0
1317.3184011418161,0.0
1382.479217158326,0.0
1448.7579432485063,0.0
3065.8115521983054,0.0
2569.2689193115075,0.0
3710.1414853108595,0.0
4615.166762936788,0.0
1595.9174277838097,0.0
2500.8916116122514,0.0
3125.0944278455736,0.0
-533.2704982278442,0.0
2020.977235396108,0.0
-511.77000894521325,0.0
1300.6021671997623,0.0
755.1016693823713,0.0
3775.0482639216057,0.0
1458.749148749458,0.0
1322.3311531612103,0.0
3750.7799881972633,0.0
2154.8191076120943,0.0
632.587756032458,0.0
4274.23661464567,0.0
4130.38745004858,0.0
2097.5036407850794,0.0
415.87294717425357,0.0
1593.3829040929713,0.0
1262.4947343574618,0.0
5346.516124985954,0.0
1883.4923107501477,0.0
4588.501501783915,0.0
4973.86015004511,0.0
3797.735879417818,0.0
3740.8710106827034,0.0
5599.683135270341,0.0
4752.337653730892,0.0
1291.791449541609,0.0
5227.682876330546,0.0
118.25511072033169,0.0
2594.619627490193,0.0
5168.1934304891565,0.0
874.8025939034601,0.0
5829.126077267607,0.0
7159.5323677027845,0.0
3594.4710290602006,0.0
1211.0471929052837,0.0
6830.78551944428,0.0
3120.198749474953,0.0
2182.6286177942284,0.0
2668.7854484171953,0.0
3725.308074992646,0.0
3240.6153759541194,0.0
7532.9218616884045,0.0
3221.8725714897064,0.0
2370.4148741106587,0.0
2489.0907777718817,0.0
3872.9650307782713,0.0
7199.099497952029,0.0
2620.8280236949363,0.0
4199.134850695655,0.0
5840.984409552702,0.0
4676.059363669971,0.0
4516.484857734123,0.0
4573.887801136554,0.0
5726.752288509047,0.0
3737.734623765858,0.0
7154.1211827830875,0.0
2681.3300998488485,0.0
6403.245973906961,0.0
6691.367722337657,0.0
5285.707051221834,0.0
4472.825883030916,0.0
6871.974975616665,0.0
3190.351734265319,0.0
4928.896687967698,0.0
3339.2930589721645,0.0
4967.144766704256,0.0
3232.200721078068,0.0
4054.1416419656316,0.0
5307.789000711151,0.0
4496.283139709437,0.0
4640.442240869899,0.0
6706.09905245066,0.0
1358.6194169287278,0.0
3535.9276387084574,0.0
4611.5273177830095,0.0
6250.761896059937,0.0
2531.8581929413103,0.0
3277.87272035349,0.0
4792.436268232817,0.0
2538.001910025505,0.0
3197.7617086073546,0.0
