64.56143757473629,0.0
-48.41369427743567,0.0
355.67612379814955,0.0
-36.88670985425671,0.0
17.038368313328423,0.0
232.5523372617717,0.0
-132.0410114779359,0.0
-81.56965917412086,0.0
35.450542664973625,0.0
-35.26734353587935,0.0
-167.52810705396615,0.0
-23.978010078679763,0.0
-47.504690551758344,0.0
89.3013759524687,0.0
-242.59575029972518,0.0
-95.45183397818649,0.0
175.47422473134836,0.0
278.7690158551445,0.0
-217.11932637445722,0.0
96.35559559909098,0.0
-137.48483865723222,0.0
-123.37675712241341,0.0
-122.57540075271379,0.0
-56.82234811802654,0.0
150.80140538481268,0.0
107.24314616327487,0.0
10.654123960971475,0.0
-42.160497245821325,0.0
0.48123118820786837,0.0
-12.499989972148779,0.0
118.04141604899903,0.0
-88.41303763432182,0.0
6.093546505209543,0.0
4.211550720206404,0.0
5.346149058587453,0.0
45.46611053076191,0.0
40.92208669715493,0.0
216.3181645731811,0.0
3.288158153840792,0.0
240.48705640748503,0.0
-38.75312921345421,0.0
-61.90277802464635,0.0
24.740247327913593,0.0
63.00858837296589,0.0
43.45031772854683,0.0
198.04310317180938,0.0
166.71132871376975,0.0
75.34767517110596,0.0
-49.21350787019849,0.0
-14.72212641167957,0.0
210.8117028395559,0.0
32.374420599774574,0.0
-189.79538977222978,0.0
-100.89879711910686,0.0
-84.5030866482895,0.0
170.59329612731884,0.0
-12.680484834089247,0.0
332.7041077923532,0.0
100.07809621937714,0.0
19.262026510047765,0.0
-53.75321621056393,0.0
145.25154977630652,0.0
-28.22141717538595,0.0
-120.58767069860293,0.0
86.13050768640024,0.0
9.866826732393351,0.0
188.9861457064961,0.0
-4.768346477831541,0.0
-415.4362298997694,0.0
117.50193798406248,0.0
-274.75543673931816,0.0
228.15439717029867,0.0
266.5063473290783,0.0
-62.484230885484614,0.0
-170.4219068352889,0.0
-204.42313797736207,0.0
127.68886465347099,0.0
-25.574404349299314,0.0
-86.5534245646884,0.0
-33.61773985890758,0.0
309.59635252821556,0.0
53.762047118521004,0.0
111.11651101388142,0.0
115.67893532592949,0.0
155.01776151637793,0.0
155.29942419821364,0.0
-102.95711176222837,0.0
-26.48678241035837,0.0
-111.31622719038441,0.0
-103.05906643261372,0.0
171.0280812552102,0.0
-63.41804488806788,0.0
-3.5816122428299355,0.0
-98.37597035335162,0.0
-86.82808097437787,0.0
115.33681898456715,0.0
-63.17635787623787,0.0
-70.5449530294745,0.0
72.21851100439429,0.0
73.23247601653857,0.0
115.94913023490022,0.0
24.98665397224485,0.0
-255.61146336391505,0.0
92.22645423609238,0.0
72.91669590593858,0.0
148.97627567686604,0.0
-121.85726726449147,0.0
372.8504672711351,0.0
-180.32561792682083,0.0
109.36950089195959,0.0
10.724275844777662,0.0
-70.2783877219807,0.0
119.41839539399474,0.0
-37.17951338555543,0.0
-339.7536460740698,0.0
-165.79891213335281,0.0
75.96559914680164,0.0
333.4643611996061,0.0
-214.74130989263,0.0
2.520521487942725,0.0
215.27472424412503,0.0
92.79868410248248,0.0
-48.96172019552052,0.0
-208.05932481836194,0.0
-260.62222267535543,0.0
-108.43532357941694,0.0
-50.906544001935785,0.0
-325.096223521414,0.0
-247.82249218691865,0.0
45.43055344548394,0.0
-57.844715222039206,0.0
-109.44857696056091,0.0
-58.62915712811029,0.0
-118.90515515303521,0.0
137.71634029361692,0.0
244.96191356773534,0.0
307.4162727542345,0.0
106.85928251949328,0.0
112.32511431074248,0.0
218.0835516474092,0.0
260.3738954017675,0.0
217.39220468414544,0.0
179.38414250318868,0.0
-87.8638377108266,0.0
-233.07162556055394,0.0
128.34705046889653,0.0
-11.729783291165951,0.0
-8.145915967518073,0.0
-130.14212149023595,0.0
-186.35825834279368,0.0
205.16829848898334,0.0
68.05466491578302,0.0
-151.8380631649184,0.0
59.12725626440363,0.0
46.716131762654946,0.0
82.35823763002276,0.0
328.7774073799661,0.0
-3.0776925937505393,0.0
-183.23745608914288,0.0
8.347004747711797,0.0
-92.57640692767453,0.0
84.26772856957406,0.0
33.80706446387728,0.0
52.70094633229579,0.0
-74.97225283995517,0.0
60.530450515187155,0.0
-71.66185922384136,0.0
76.68659825619626,0.0
-44.04377420600683,0.0
-163.64784412256844,0.0
72.94514227343889,0.0
-103.31730606289452,0.0
211.27205917986612,0.0
64.81439582560859,0.0
80.43572060935769,0.0
16.829006661557763,0.0
-1.6845206209427879,0.0
-342.2271946186791,0.0
181.83085360482795,0.0
-117.09350809132232,0.0
140.92247093725413,0.0
-91.42835745709404,0.0
-18.94259209484583,0.0
-31.803980510608127,0.0
-147.95505177910582,0.0
-20.1248694638084,0.0
72.70008633254454,0.0
-57.60353226709296,0.0
-182.9636304931426,0.0
-79.87424046883233,0.0
36.55385379727761,0.0
172.86129101038085,0.0
122.31727438863784,0.0
42.05357335939189,0.0
-143.67797839545727,0.0
132.69818741527942,0.0
3.542572728996801,0.0
-33.114688553773824,0.0
135.16950576355748,0.0
92.40448860925406,0.0
76.10528040295702,0.0
-165.49664655018842,0.0
-86.33218727227012,0.0
-249.31649691345987,0.0
28.450531760006168,0.0
10.132325512077472,0.0
143.45443383026242,0.0
33.0266742095674,0.0
-49.838509611421784,0.0
313.95792048476847,0.0
-144.6496010616526,0.0
-195.52765938318203,0.0
-85.3396434421774,0.0
78.77449134377508,0.0
-49.11158169489413,0.0
-64.48988240498701,0.0
-162.06942359770403,0.0
220.51008471031153,0.0
-91.2132833858692,0.0
-158.13083658820327,0.0
-17.928889667201133,0.0
-115.19085843449322,0.0
-32.028170439853824,0.0
195.36231915084625,0.0
-64.32659217055871,0.0
-5.285196706128723,0.0
-47.9263338195482,0.0
-23.055781988096683,0.0
121.93748251013588,0.0
80.78988962340414,0.0
-47.98591082905972,0.0
-125.21153497511733,0.0
-19.638944434115203,0.0
125.82704425755652,0.0
-0.5391708890948199,0.0
-15.679249531218598,0.0
-262.53858778988655,0.0
148.43986482928668,0.0
-214.18546123252898,0.0
-186.60096435171943,0.0
-54.97438669150361,0.0
5.069172907879073,0.0
6.595941494174738,0.0
-111.7532311812774,0.0
-45.819158564545035,0.0
-88.81612812991528,0.0
-264.7777669581722,0.0
-35.38795350972279,0.0
-99.51834269241016,0.0
65.33799608093409,0.0
-19.246030809972876,0.0
142.02565979303782,0.0
101.87282924821123,0.0
133.60311027650732,0.0
180.81270513594825,0.0
101.43850300531494,0.0
-19.34227364518948,0.0
205.99067422631964,0.0
-127.87880273202805,0.0
-0.1904172329860483,0.0
130.78540571650555,0.0
-42.067176152468626,0.0
110.6131478547154,0.0
-117.56306321257254,0.0
-79.08458386723343,0.0
79.91795811760059,0.0
104.16530116373941,0.0
175.17044424704522,0.0
-10.252370938903008,0.0
43.63728977619102,0.0
93.62596648312028,0.0
68.39575173213184,0.0
-190.6026137291373,0.0
-83.41685054788866,0.0
212.13581943411586,0.0
-181.0242767927755,0.0
100.01924056959844,0.0
-58.27363505001327,0.0
146.79196853265861,0.0
-113.86476726646308,0.0
8.161692722156811,0.0
-294.5078625296844,0.0
3.8637751924701904,0.0
165.22961200704464,0.0
-205.60925681137724,0.0
178.50089820148517,0.0
-102.63235935446555,0.0
-5.497340796843977,0.0
-405.98352497695333,0.0
159.82739025137542,0.0
-125.13241092415171,0.0
-78.737413810882,0.0
-187.0315098483099,0.0
-145.26434668992377,0.0
168.3090421222252,0.0
-73.4886929381106,0.0
131.95863008660675,0.0
-25.782488544288416,0.0
56.6397423436704,0.0
-69.08448198978112,0.0
62.5036382111374,0.0
382.7655544559569,0.0
101.53283253977773,0.0
78.01566112261087,0.0
-69.64223842524022,0.0
147.91853052958146,0.0
200.88146419277834,0.0
-238.05378380148616,0.0
-197.97343940355873,0.0
312.53687873583794,0.0
64.31856204613986,0.0
22.90487961220152,0.0
84.37399127036986,0.0
161.48117896160406,0.0
117.17768674514451,0.0
-32.64206521711687,0.0
302.961116920053,0.0
2.8471002436871413,0.0
-125.99894741976904,0.0
-75.5131575546694,0.0
-16.358730743866136,0.0
-47.48908655226822,0.0
-21.478414196526003,0.0
49.159744734313996,0.0
-476.5101868639915,0.0
-110.94021750657521,0.0
142.05665981080466,0.0
86.37966684591066,0.0
-95.59489437203726,0.0
-87.37879632546485,0.0
168.8800324098139,0.0
-34.24827822024466,0.0
-71.58087556779394,0.0
277.5324707339961,0.0
-52.12055442274737,0.0
105.12059407358129,0.0
-4.682584653499319,0.0
7.431221353832902,0.0
-138.60025819581534,0.0
-121.0067327455762,0.0
184.08427180110687,0.0
-165.64508557959275,0.0
46.583980915983005,0.0
-173.77412640923149,0.0
-34.18127988150485,0.0
5.555599544152672,0.0
-232.45835389832263,0.0
171.055862658572,0.0
-20.893962586383463,0.0
178.7432647628203,0.0
-132.7058285822553,0.0
139.4258404195468,0.0
345.551468717778,0.0
32.68346205709104,0.0
-87.68057260485116,0.0
77.04538926827719,0.0
27.606158273253836,0.0
-26.727486327661083,0.0
-15.632813925253124,0.0
-75.69514192950899,0.0
66.02129735263597,0.0
-56.67523075726567,0.0
-124.37895102160033,0.0
121.29863523023842,0.0
-24.262587488027265,0.0
389.0743015890426,0.0
-36.5030156582332,0.0
-104.96255809203836,0.0
-76.40373452551093,0.0
63.29831029821102,0.0
-93.03726886189102,0.0
-174.84918008993267,0.0
250.8533816913192,0.0
-175.46086287639565,0.0
224.48018803349754,0.0
36.63972664397496,0.0
-131.40865677955537,0.0
256.82867674718335,0.0
-13.769807062711354,0.0
-147.42671019168688,0.0
12.570879656818887,0.0
192.23574843982217,0.0
101.0469209283082,0.0
122.8980704961048,0.0
256.69859301476134,0.0
31.395503917392364,0.0
54.99009814482086,0.0
-33.06653150026457,0.0
-212.85420863659817,0.0
-21.14864937526912,0.0
236.60011969923227,0.0
-251.29181447625223,0.0
199.64934088598483,0.0
40.26908199359277,0.0
-133.22932087503054,0.0
12.579648970547025,0.0
259.9156073962308,0.0
-83.86218824329424,0.0
120.68150603305105,0.0
165.56577038303058,0.0
-127.26489133219454,0.0
94.5798790695231,0.0
82.30515325031895,0.0
-64.37908935692279,0.0
100.22874065010717,0.0
-50.850777742833216,0.0
-83.49089817942675,0.0
-180.66850740123817,0.0
57.40431932317696,0.0
-62.800083243175195,0.0
-81.78339883659625,0.0
-168.12436332563715,0.0
-199.75278523862673,0.0
-115.48329814845323,0.0
108.80942734766384,0.0
-119.08909791221603,0.0
211.41522011397214,0.0
59.73747856946208,0.0
25.12846146914348,0.0
-174.06098760926213,0.0
286.8536635568709,0.0
-209.79686196920483,0.0
78.14711881090889,0.0
247.91808202287837,0.0
-26.110423028488313,0.0
-94.01507556532243,0.0
-2.7798497150439383,0.0
133.98189198139258,0.0
205.8092189129067,0.0
88.44273526841,0.0
-154.479394723206,0.0
-98.64902788977335,0.0
29.763141893837876,0.0
-185.7314703269547,0.0
-33.16174544324615,0.0
327.9015662044139,0.0
-152.7303000554397,0.0
171.81570821521862,0.0
-136.51646414901597,0.0
-49.85551576460446,0.0
-6.261750827929324,0.0
-217.29166795350227,0.0
-8.375526914732864,0.0
192.75385580968452,0.0
106.94128330211187,0.0
104.09949998197236,0.0
-115.71600528396854,0.0
-19.2243157344438,0.0
29.604359745110163,0.0
101.30890502914282,0.0
196.43947735223563,0.0
-141.22440973320224,0.0
255.68185047673367,0.0
-35.87982852598987,0.0
-36.82010924097794,0.0
-175.8227703980877,0.0
-9.919935307637484,0.0
-33.38870678692467,0.0
-180.63556064169543,0.0
-42.635949304852176,0.0
17.757266559004915,0.0
-60.20196384310346,0.0
115.0231967884407,0.0
-141.93424454546283,0.0
130.20963961357702,0.0
-23.213389483914522,0.0
56.47138458330429,0.0
-264.9918036247462,0.0
21.896925902733635,0.0
-7.057386567180332,0.0
140.9149684275983,0.0
-171.64619083866663,0.0
203.58974295571426,0.0
-158.41312441709076,0.0
197.66177225266193,0.0
87.60293610789277,0.0
-109.39455590665698,0.0
318.4845896353261,0.0
-169.94654916677916,0.0
-25.163668484638322,0.0
32.2985357371529,0.0
76.34861761157114,0.0
33.12581040709127,0.0
116.93061060502966,0.0
67.19792069970617,0.0
4.784692165280366,0.0
-134.01582045325566,0.0
-47.486621331305514,0.0
132.0529139924564,0.0
-170.6849062480261,0.0
17.240581412260156,0.0
-297.72617712111503,0.0
-96.78342015724519,0.0
-232.50465237155515,0.0
186.10411705239792,0.0
-266.7089240500126,0.0
-31.059768516063606,0.0
112.58749245585021,0.0
96.09336993049125,0.0
118.13419494922792,0.0
158.44609632757377,0.0
77.2843622485771,0.0
124.12031206957128,0.0
-7.922078064199182,0.0
-1.7516590649785528,0.0
-256.585938480145,0.0
24.68534102356699,0.0
187.43090784823426,0.0
-109.44157332518257,0.0
-171.1601379717585,0.0
14.349640354030651,0.0
165.99083873128032,0.0
181.54877810139945,0.0
-213.55158261660068,0.0
71.84808057254084,0.0
-90.02393818741619,0.0
46.60020096350407,0.0
-326.35236131037897,0.0
135.87813313179356,0.0
-51.883890393844375,0.0
33.99749482399582,0.0
-21.2869580265674,0.0
-146.2923171487732,0.0
77.89788199526404,0.0
-66.47915320201811,0.0
-98.73065827011476,0.0
96.4546774466955,0.0
-11.232784347772975,0.0
-102.35441778658549,0.0
139.43883794731235,0.0
-86.39124216660942,0.0
-4.58734982126798,0.0
107.43318038604373,0.0
138.08580317160454,0.0
176.61025251985993,0.0
244.41864229550697,0.0
6.582045376156926,0.0
-109.79102989233603,0.0
251.14419139604811,0.0
206.62328253963727,0.0
-35.80324293914677,0.0
105.601942363384,0.0
-42.25154328891791,0.0
-223.86793401833904,0.0
158.90828393306555,0.0
59.6351179768384,0.0
18.907187563429034,0.0
257.2856350497543,0.0
212.63779058831844,0.0
-92.883868906928,0.0
-162.20212453578347,0.0
-274.2374117266485,0.0
1.9104596051483935,0.0
-54.498673672426726,0.0
53.14385674409288,0.0
1.880059001289788,0.0
-96.03608851641577,0.0
-59.16539349585014,0.0
-226.97112913465614,0.0
179.73943929675653,0.0
-77.92427172051482,0.0
93.60137108545116,0.0
-94.24326983881656,0.0
13.367263335800844,0.0
99.19284752542684,0.0
-40.06330697190213,0.0
-117.28491648820487,0.0
344.23022124994935,0.0
-22.04276304510549,0.0
94.15104127205745,0.0
-6.843386795676686,0.0
-109.14054136861816,0.0
194.30549246420128,0.0
62.235789818631446,0.0
53.8830657578527,0.0
-325.9790702477091,0.0
42.016862305819146,0.0
122.84664414763297,0.0
41.408324508046114,0.0
-21.719191602170046,0.0
174.5403952523603,0.0
37.01108789915658,0.0
87.95510220056919,0.0
153.68774116422347,0.0
146.45254183714036,0.0
-190.30259867713903,0.0
50.20787736401377,0.0
-107.44230737883964,0.0
-290.78366014805164,0.0
43.7640063929892,0.0
-249.29667739539872,0.0
-58.25662076262866,0.0
-366.1571097846833,0.0
-145.39837923256994,0.0
-66.74349705302622,0.0
1.8647648209637964,0.0
-74.99363468458768,0.0
-133.26585754560793,0.0
-131.84046574506363,0.0
224.1969869204846,0.0
-65.86624481801948,0.0
-8.32502639903407,0.0
275.69605067619455,0.0
-252.98603029449276,0.0
-302.7255267874705,0.0
-149.57109837461036,0.0
-55.903529210702324,0.0
-167.90407120986197,0.0
-4.307231820755028,0.0
-10.066242612543013,0.0
-225.0075292155222,0.0
23.524546006722648,0.0
-206.25054871444627,0.0
102.14141429572823,0.0
38.08735405242488,0.0
324.97156813913665,0.0
120.12227376585842,0.0
-24.841700841434687,0.0
65.3754467558847,0.0
22.4489427383633,0.0
-106.34111234192177,0.0
-208.7165763247194,0.0
162.73298183091757,0.0
222.22035023968027,0.0
-68.88643722735397,0.0
-38.817294007686975,0.0
-69.94419236252982,0.0
146.912921751624,0.0
177.13277229701657,0.0
-128.52828225831436,0.0
-46.712829963376066,0.0
-75.36324943392395,0.0
37.43475678564508,0.0
120.57591607859996,0.0
159.7435947190145,0.0
-41.2426811157861,0.0
-143.83478073593673,0.0
82.12210732266537,0.0
91.23636535361464,0.0
-46.93335664168839,0.0
25.047892947723977,0.0
56.901776168825855,0.0
136.37482108566252,0.0
14.023253376495695,0.0
75.86976867040367,0.0
34.8543976290743,0.0
-141.68106088936176,0.0
105.77319827929338,0.0
15.36799355368967,0.0
154.09584309095638,0.0
-173.71908516729923,0.0
-100.84687805923109,0.0
48.663525956558196,0.0
-248.17688637737814,0.0
-19.600733851713297,0.0
-63.5732830667221,0.0
-51.76065623686508,0.0
-26.932741691853813,0.0
-324.22001267674204,0.0
16.075805056819846,0.0
19.848832391838137,0.0
155.5673873013462,0.0
217.26393817327383,0.0
53.90135280798711,0.0
138.4007902601409,0.0
-347.2780139685086,0.0
87.05350433284151,0.0
162.7138223829408,0.0
130.3233370499956,0.0
34.71246692723371,0.0
-50.06389777659177,0.0
-42.36004096497539,0.0
3.400599003925375,0.0
62.76009225020824,0.0
85.64372347181127,0.0
-13.834076116415917,0.0
-182.84922543970964,0.0
269.76953910062304,0.0
-123.62478876990772,0.0
-387.9179173519703,0.0
214.65909146270553,0.0
157.2401864228412,0.0
30.595761583720687,0.0
148.36071089513752,0.0
69.08912900200419,0.0
-117.84065336951606,0.0
21.01431434182028,0.0
-176.82993967799646,0.0
-92.08603243850007,0.0
-120.82308052589892,0.0
23.85695690903354,0.0
170.58908704577283,0.0
-88.44491108270817,0.0
74.35113060348374,0.0
-307.97175317011204,0.0
-153.86872844988525,0.0
78.33216291687236,0.0
140.1502659672167,0.0
138.02138251828242,0.0
158.47953771215583,0.0
-238.78581997353254,0.0
-74.1806153654384,0.0
-375.492467062319,0.0
-21.808980385327445,0.0
39.3688508868932,0.0
-42.68406220027197,0.0
-131.63005898035777,0.0
68.84313736518207,0.0
102.79362492394276,0.0
31.547965462547655,0.0
-81.28080086882314,0.0
10.299405006665719,0.0
19.480988797218643,0.0
45.11151517752048,0.0
101.03944657522015,0.0
3.062532797877277,0.0
-203.47998554076148,0.0
-38.090010391201396,0.0
55.311804131988794,0.0
-60.32261242851918,0.0
34.92312903052935,0.0
-100.20079715703676,0.0
196.51976528212018,0.0
59.10234316172069,0.0
20.48220102130755,0.0
110.76566277930861,0.0
120.71802076084015,0.0
13.19879315297288,0.0
155.47757596638127,0.0
101.89912114867609,0.0
42.371471264159396,0.0
6.407869145030351,0.0
-160.16153329764225,0.0
30.261903564969185,0.0
33.95661113118308,0.0
-113.96299025096476,0.0
209.20660038415207,0.0
11.37559246117307,0.0
-148.88901939708987,0.0
-51.145412571800904,0.0
-1.1788310686336372,0.0
0.8082836905399908,0.0
-112.17697373991541,0.0
10.141369530851154,0.0
-213.22372557395082,0.0
-62.873361300516684,0.0
63.60237826783268,0.0
-97.5494900400555,0.0
94.59831471070089,0.0
119.17480077396888,0.0
-87.08221777976651,0.0
-347.0734298965655,0.0
129.84415016320176,0.0
198.15271857923724,0.0
-228.77571012110462,0.0
32.719317611970496,0.0
49.767846665556604,0.0
-232.3067561086103,0.0
-71.31642541213515,0.0
188.93178997381136,0.0
44.80007719325745,0.0
15.341685527759036,0.0
193.3919673056973,0.0
-67.96366081691197,0.0
-248.14372860033313,0.0
209.37453938045655,0.0
-91.46781268215841,0.0
8.600537413498962,0.0
175.63082829263962,0.0
44.87175929482859,0.0
31.73753990895899,0.0
-84.33066179752316,0.0
96.65572673141972,0.0
332.587332164028,0.0
-63.16710730453225,0.0
-150.78606880116658,0.0
69.01041185965983,0.0
-89.10816959086578,0.0
28.337789507170804,0.0
16.495074769617457,0.0
88.73055393040976,0.0
48.46677603585506,0.0
55.45108211162981,0.0
199.7651945463781,0.0
-123.98654057870291,0.0
27.966309540322623,0.0
71.10075551668973,0.0
-102.99774808260136,0.0
-87.28220108308821,0.0
14.471518588595863,0.0
-48.191213632771166,0.0
180.94132067931932,0.0
46.609034756264535,0.0
442.24610325643783,0.0
-41.523848561415974,0.0
-38.173776164531695,0.0
337.5442909163787,0.0
-66.3678413122337,0.0
337.90493682249075,0.0
-438.0079964783611,0.0
-80.18496787056391,0.0
228.89687451690995,0.0
262.1744675943703,0.0
88.12386253330945,0.0
-64.76694913726524,0.0
8.984660640578333,0.0
149.53964632280622,0.0
75.9448496544804,0.0
168.13976939028927,0.0
-73.65828171118115,0.0
164.1617399153021,0.0
216.22727175699814,0.0
479.68170545891945,0.0
123.74418133944775,0.0
127.09423683999798,0.0
-106.48704872564369,0.0
-182.24917131838043,0.0
-323.11327260201756,0.0
79.81288933457056,0.0
308.61348650210834,0.0
-2.3222231644195697,0.0
-350.9430757750702,0.0
45.34571561747191,0.0
-7.1499767232870575,0.0
-36.55454395380411,0.0
288.9410357812795,0.0
202.91159124592934,0.0
239.6395033966994,0.0
-96.01320141168956,0.0
70.19930936641444,0.0
-139.73596679883138,0.0
192.90353604620995,0.0
-145.54919807600308,0.0
230.06247494698326,0.0
62.22860462659689,0.0
65.27539142899842,0.0
-171.3772887912814,0.0
122.24835201829798,0.0
-245.71155242015274,0.0
-167.32313235259747,0.0
-119.1285544220849,0.0
318.15708336791545,0.0
27.73596203304405,0.0
-89.0819596365423,0.0
92.6265109393053,0.0
363.02499776338226,0.0
-8.413372504372642,0.0
-130.41614919699168,0.0
-144.75658812010627,0.0
13.176627543804985,0.0
272.12366965361076,0.0
2.438922731247999,0.0
-10.119023410105346,0.0
-116.46394264019983,0.0
-141.5657384565706,0.0
185.64552251785386,0.0
75.38341434890107,0.0
81.23018062314597,0.0
-173.40367078181643,0.0
112.44641681166189,0.0
67.60070183010006,0.0
246.64186069451944,0.0
173.64010377877997,0.0
-19.961376509053128,0.0
60.24135685776782,0.0
61.411182185084904,0.0
-5.058700267500637,0.0
-119.93872571631968,0.0
140.0509667636768,0.0
342.3803916409302,0.0
4.019780145551132,0.0
258.9602163178493,0.0
0.2611831953381696,0.0
0.5469070200526787,0.0
55.6977367096918,0.0
32.91382271338174,0.0
206.34096206016787,0.0
207.07587345981509,0.0
-356.0424052625303,0.0
156.28088947454162,0.0
91.65565665604552,0.0
276.0739549796329,0.0
-93.60419687128302,0.0
44.86599433821594,0.0
197.5205410101641,0.0
145.27515440384056,0.0
235.8421944934998,0.0
-100.87114416780652,0.0
-88.9148711249955,0.0
98.53183322227473,0.0
-193.5390554293187,0.0
75.36323537762446,0.0
145.04147569315165,0.0
64.2865606617627,0.0
-188.38141158675634,0.0
-75.13798196023663,0.0
-39.27339017971156,0.0
82.41269508848822,0.0
53.01877004081818,0.0
-44.128295119888,0.0
-230.84824659885825,0.0
-254.45246898699895,0.0
-136.29911970218123,0.0
-137.87455382156247,0.0
-85.4153425927205,0.0
-129.07181211672494,0.0
-11.947145508325967,0.0
18.567459318836228,0.0
105.21320099500727,0.0
40.497239030218736,0.0
96.82200286257635,0.0
-126.5816212526203,0.0
-119.7249379801132,0.0
-160.61514814086567,0.0
15.736282524235799,0.0
115.39846232130297,0.0
172.61904602267583,0.0
29.00042050945819,0.0
-7.834358808614624,0.0
117.97640866134401,0.0
12.243351657701186,0.0
-133.11489727209715,0.0
129.32695699231692,0.0
-41.17077402444296,0.0
-208.3190655424347,0.0
-20.945159728157208,0.0
-112.04822311885749,0.0
12.375997419329765,0.0
-85.28485343892197,0.0
-31.499161082591144,0.0
-68.92480768183131,0.0
-12.903200630240953,0.0
109.13584749579127,0.0
51.6235639393162,0.0
6.865806944327076,0.0
158.60533246240806,0.0
-194.26408970018977,0.0
27.366660949567336,0.0
173.160779789721,0.0
83.86445109972682,0.0
166.5682939242209,0.0
-130.53318147701714,0.0
177.6812973073642,0.0
-98.5901962048064,0.0
171.36931294479186,0.0
52.20441739023357,0.0
133.80351772299875,0.0
-98.24148730609319,0.0
-21.47198226998744,0.0
-250.05143548035227,0.0
71.39427090219466,0.0
115.66385395971017,0.0
65.33717996669391,0.0
183.27085430908772,0.0
113.03758245601503,0.0
35.20297064949739,0.0
101.78934970272498,0.0
-46.583504246901214,0.0
146.77165809787445,0.0
52.06916890322898,0.0
56.00218632967591,0.0
-12.671730752955655,0.0
-77.03988147591889,0.0
-131.0702989016954,0.0
-32.53726237996939,0.0
114.75977344564426,0.0
-243.81231921509195,0.0
40.32673515238757,0.0
541.5628911556022,0.0
46.23269954058851,0.0
-3.5501670696497776,0.0
79.77517152743647,0.0
1.9643622955929354,0.0
40.237188160501844,0.0
50.86345038757742,0.0
-119.7330532938403,0.0
201.0958119996193,0.0
67.84384519754812,0.0
198.51101876616343,0.0
74.68466407257031,0.0
199.79666785562836,0.0
38.05431925602737,0.0
471.0598499055807,0.0
196.68985826790637,0.0
214.8885267250942,0.0
13.505407365589388,0.0
-201.39201355993643,0.0
-23.034173993429697,0.0
103.15205956077085,0.0
47.31320589089118,0.0
-52.35600418681265,0.0
-79.75432934023272,0.0
-135.34343501636613,0.0
-38.34725454330647,0.0
124.42268013885123,0.0
129.96845309859322,0.0
124.11021517155571,0.0
-2.0266195205508737,0.0
50.37050129664955,0.0
22.337997140976192,0.0
92.41923326504597,0.0
67.66242464245765,0.0
116.30898657415314,0.0
4.838720083912772,0.0
10.517573742472035,0.0
221.90149592017116,0.0
211.50276713799676,0.0
-283.5385076512916,0.0
69.26135737241671,0.0
61.191288577894156,0.0
129.47025818875562,0.0
-302.4468273485259,0.0
-237.55041666312994,0.0
-58.5219573536054,0.0
21.010077291606333,0.0
-158.88896546102896,0.0
167.5276622276866,0.0
176.33867468228672,0.0
103.01383876594697,0.0
128.2578451609222,0.0
-149.97103973453756,0.0
-22.396480190215772,0.0
-331.01406751152115,0.0
146.4572629780182,0.0
174.80704258443714,0.0
80.6404302509814,0.0
-134.44689390838528,0.0
13.310694241557817,0.0
145.90277793919444,0.0
-164.32102847641025,0.0
30.999334317439242,0.0
103.96511427773417,0.0
-107.35095190018711,0.0
-82.72023721157254,0.0
170.02067420855636,0.0
107.52247854246897,0.0
203.31985084590127,0.0
40.587180073896086,0.0
-140.31375231558985,0.0
-7.669194832163494,0.0
-74.03667237885936,0.0
-18.71023874782143,0.0
98.21466464725692,0.0
240.177606440193,0.0
57.484533859251485,0.0
296.6032663486119,0.0
-147.4263737965094,0.0
-15.097927812821105,0.0
43.83443868729371,0.0
-277.4489737219092,0.0
-205.69275858044807,0.0
-22.066568735190195,0.0
31.409127668837396,0.0
70.75231270712533,0.0
24.970709901169116,0.0
-33.02530413762138,0.0
-188.38769801635243,0.0
11.205851721655986,0.0
236.09883644919935,0.0
68.88979066398579,0.0
-90.75289116893072,0.0
24.852757441064398,0.0
68.8262025352049,0.0
190.2145515709939,0.0
-63.25247690565077,0.0
89.75858431397316,0.0
97.41347773048798,0.0
-31.80500783521215,0.0
10.783061470166958,0.0
-31.626668864937088,0.0
26.196805699778345,0.0
55.01327072933946,0.0
-158.86235746725225,0.0
-2.7527024815704895,0.0
239.5489110088429,0.0
31.692871753948182,0.0
-234.829204891534,0.0
231.5078376567633,0.0
-12.043535892730063,0.0
36.86554995666519,0.0
86.02573393495234,0.0
-46.90676155929275,0.0
-139.3608965596129,0.0
-97.74454671456412,0.0
45.045260162528955,0.0
4.914629379521111,0.0
-28.595534484144366,0.0
318.86985090827875,0.0
53.88974989812829,0.0
161.9255791588653,0.0
327.88291246454685,0.0
35.424931599055405,0.0
-28.729184282597764,0.0
-11.830755846961335,0.0
39.023485382589044,0.0
279.5702928976494,0.0
184.71790378327543,0.0
3.2867204032822883,0.0
-46.599118837608856,0.0
134.9874026306578,0.0
300.2408029840585,0.0
-60.43927469569505,0.0
245.5478432120752,0.0
63.16595390767466,0.0
17.191494580953197,0.0
-24.371740177278838,0.0
-85.49606860388582,0.0
-55.28893535811608,0.0
192.54465911457137,0.0
-185.8693883260632,0.0
-44.99766667799893,0.0
28.224964367255396,0.0
-131.76624194558315,0.0
-40.927594930075486,0.0
-189.4843809156618,0.0
110.39519589904037,0.0
121.78381308961288,0.0
-171.25224953953207,0.0
230.15970459584972,0.0
-123.85026288311127,0.0
-254.19833563983622,0.0
-213.82013566381121,0.0
82.93491158518174,0.0
-298.0237380002207,0.0
21.048113793348573,0.0
60.17019552916211,0.0
162.65749658903974,0.0
-45.032918432020196,0.0
177.1262984421158,0.0
-53.07764055500471,0.0
143.01196300441137,0.0
-133.53378384293694,0.0
50.06253477682413,0.0
-36.97608706871233,0.0
43.513476206124544,0.0
325.05785813423427,0.0
16.62761706714599,0.0
24.873821704176322,0.0
40.99939175825197,0.0
61.13284639994582,0.0
-302.6424299615549,0.0
130.28169319272672,0.0
-181.2037896001114,0.0
-277.59099352725696,0.0
23.755925992155273,0.0
-148.75239298283364,0.0
66.13594761202722,0.0
183.2113362016592,0.0
26.957013580273347,0.0
-121.82644556217139,0.0
42.65668002375197,0.0
305.96836524935867,0.0
14.486205437513105,0.0
264.69694531059514,0.0
216.5077880542214,0.0
-170.74967071381442,0.0
137.39495968811406,0.0
-183.32445458025848,0.0
90.62941461303546,0.0
93.8252561394904,0.0
-18.713334627268857,0.0
-217.64626278341257,0.0
-25.519043568776162,0.0
-25.628486814540686,0.0
80.55358322321939,0.0
17.42818475943134,0.0
91.66888624412873,0.0
-27.028049651939277,0.0
-219.95320684983065,0.0
18.39951576151064,0.0
220.30266385863908,0.0
-97.72556966208795,0.0
-130.52219970497083,0.0
-269.33626016643024,0.0
281.7110633921524,0.0
-147.58571923043118,0.0
160.98722785598886,0.0
23.40287977157263,0.0
-17.60323901104452,0.0
14.13477855944559,0.0
271.85237745322786,0.0
254.18720242067175,0.0
86.41856717909494,0.0
-57.82406036127245,0.0
234.00847628616793,0.0
122.96477675623929,0.0
39.65965046077892,0.0
105.34826385769803,0.0
-97.49664346922746,0.0
130.97410147833398,0.0
-3.0111449779601216,0.0
-9.379572251577052,0.0
-145.24784294679915,0.0
44.22483058585924,0.0
79.21297124261346,0.0
-188.39726829059356,0.0
80.56278134499463,0.0
88.01355381025597,0.0
201.6946433306695,0.0
184.21656638702146,0.0
-82.31766898043779,0.0
187.2398429305011,0.0
79.4035690279364,0.0
-29.233132859430455,0.0
-110.41677056691539,0.0
136.66303656280274,0.0
140.29426094250795,0.0
-46.29805161825709,0.0
83.93729595097886,0.0
-26.6922805259084,0.0
-80.74344755237621,0.0
-93.74987424475822,0.0
122.77171404800653,0.0
86.18983443676895,0.0
88.34898031723336,0.0
85.72104927898205,0.0
36.73109473272875,0.0
162.07182694562462,0.0
-183.87390739157811,0.0
154.1253133344423,0.0
-113.04696262103681,0.0
1.05471142917796,0.0
34.078014310402445,0.0
10.368275101854763,0.0
73.46739828341272,0.0
-127.48035561501077,0.0
245.89950215347346,0.0
166.66372084816965,0.0
78.59274982883208,0.0
110.87710092459548,0.0
-42.173754937539435,0.0
-243.761591449248,0.0
-192.27436303189626,0.0
99.48378814499995,0.0
-333.51936492018314,0.0
261.6524799316908,0.0
101.450570233052,0.0
-116.39599623696685,0.0
-58.17616471505647,0.0
-210.50124707544626,0.0
26.84364536776551,0.0
89.98288692897785,0.0
225.5952918674469,0.0
-143.6869535437116,0.0
205.5529944785051,0.0
56.05702152885736,0.0
-0.653144611035243,0.0
15.388818680082942,0.0
55.03462348462784,0.0
274.4146573160764,0.0
223.21111496138448,0.0
128.40925176672863,0.0
-97.48714475662665,0.0
-25.810928329714272,0.0
162.88073366483724,0.0
78.09976371508702,0.0
-93.07822490566323,0.0
301.2629438889035,0.0
373.65809570908937,0.0
119.78752385446694,0.0
-11.322911023368682,0.0
40.88235651229115,0.0
-116.95729960645781,0.0
-125.28467863223688,0.0
107.1392071646728,0.0
58.344858954103536,0.0
189.32582783433912,0.0
496.1187428506687,0.0
132.12380256894167,0.0
60.542975998508894,0.0
43.03379640287362,0.0
79.59089567447778,0.0
221.9745722322396,0.0
32.65850240541293,0.0
132.89093593444568,0.0
-136.92841629111476,0.0
-118.16794402137126,0.0
-6.813487034895392,0.0
161.2184833563353,0.0
-83.3245579323036,0.0
220.2894558740383,0.0
-72.49653691212777,0.0
74.48397216454234,0.0
46.41800503049908,0.0
264.82437979110773,0.0
-87.06350332586702,0.0
-63.909463959449084,0.0
20.309039415564147,0.0
178.20969951347823,0.0
162.3545503587588,0.0
-87.81394217278537,0.0
-26.015552871618837,0.0
-102.57584258170695,0.0
306.6977469251588,0.0
92.11595867390187,0.0
123.90772453405266,0.0
-294.15146936926976,0.0
45.132970820453856,0.0
-19.138019496977442,0.0
155.71415455411343,0.0
-213.83660715257008,0.0
239.09597340682333,0.0
154.6980395842213,0.0
143.0110964029828,0.0
-91.07045810209874,0.0
354.1915785085625,0.0
109.63525363889451,0.0
114.24072472990854,0.0
184.00068004406597,0.0
58.822481551663955,0.0
111.1921597828258,0.0
109.02342790621707,0.0
242.930276173734,0.0
207.28111503239467,0.0
-3.4240459205428664,0.0
163.42659294063313,0.0
254.64845115560016,0.0
1.0583320799136402,0.0
67.16345931161348,0.0
220.57041115458378,0.0
106.01484849647692,0.0
-40.63187628643344,0.0
119.60860542158001,0.0
167.52085759119907,0.0
142.13707711499882,0.0
75.63739503250747,0.0
330.43182323968085,0.0
-142.21540243990736,0.0
127.05395607339047,0.0
178.00534442711725,0.0
-36.77370971608532,0.0
-36.86374642439813,0.0
-14.515631956163574,0.0
98.98127448208189,0.0
59.12038701718997,0.0
154.23405985150134,0.0
268.0047894731099,0.0
22.767019083827677,0.0
102.57520155705511,0.0
168.62701115902848,0.0
-212.961253933482,0.0
56.664467665499956,0.0
-200.3799286026826,0.0
-87.95454900622971,0.0
-122.6816976546231,0.0
176.94030719478152,0.0
-79.2713415425908,0.0
-88.40763019705182,0.0
115.75794810753112,0.0
7.179060492601984,0.0
-149.60986231921243,0.0
224.06203146885375,0.0
248.1505147967895,0.0
47.17633940112354,0.0
-129.04862863139948,0.0
11.88670237955229,0.0
-27.023466811733186,0.0
319.16046266127717,0.0
-47.830370524194464,0.0
195.5555093629235,0.0
275.35545494422706,0.0
162.1244551309621,0.0
138.20628034358788,0.0
275.3245500288841,0.0
198.04427825990473,0.0
-157.68143019195864,0.0
189.46315079836052,0.0
-291.0339587685227,0.0
-93.95194768863311,0.0
117.90314374759832,0.0
-269.2125638591818,0.0
153.77817417622236,0.0
330.007720993852,0.0
-0.9256887261697457,0.0
-176.71983457332215,0.0
340.00100555934546,0.0
2.594934487860712,0.0
-18.984228454675474,0.0
30.37713023455143,0.0
136.40419853329948,0.0
152.73691294528237,0.0
580.734925408794,1.0
201.85541839310287,1.0
194.74107401217225,1.0
564.3527880013228,1.0
1062.8017495439592,1.0
1448.7504717804954,1.0
891.0295819309298,1.0
807.5782475860102,1.0
626.3612717015085,1.0
280.19182485967315,1.0
125.42201040328248,0.0
21.32280978648059,0.0
88.6092638497769,0.0
-79.61973412307832,0.0
243.60910268887028,0.0
-158.71480579116638,0.0
335.49877488502796,0.0
496.63095313264364,1.0
557.8120981946166,1.0
529.04904930775,1.0
813.5508756520927,1.0
488.36763722433227,1.0
576.7032064438027,1.0
527.4645669888281,1.0
876.0459940357849,1.0
533.8103572601667,1.0
944.897739133808,1.0
1190.721837898082,1.0
1272.221376250129,1.0
1549.8002790276162,1.0
1737.3637197700082,1.0
838.8117488728208,1.0
713.778487662257,1.0
474.59526540044175,1.0
455.80358776986793,0.0
-24.384942804459456,0.0
49.72523451555341,0.0
117.9929860371747,0.0
-74.18037523065644,0.0
54.322363963282754,0.0
281.33522017854756,0.0
349.847867914353,1.0
585.8387170920622,1.0
707.9601227524003,1.0
576.847380579159,1.0
763.0235181044159,1.0
714.5027329165973,1.0
583.70822006482,1.0
454.71523705573014,1.0
820.2773711769089,1.0
487.17874775642247,1.0
1148.3130344036726,1.0
1201.9253442223805,1.0
920.7029947192634,1.0
1072.5614532843858,1.0
716.7306037281062,1.0
725.9306248090967,1.0
531.4896918732148,1.0
115.74890297689423,0.0
