8.008394830634684,0.0
4.744047947699988,0.0
20.57358095497621,0.0
3.2811753979887954,0.0
0.7473461889657966,0.0
12.789735802169957,0.0
-4.199364608777717,0.0
4.966079366684618,0.0
12.279123788961893,0.0
6.750867511063147,0.0
1.86744479699958,0.0
12.603102812743044,0.0
3.5534181769553213,0.0
13.114614124659564,0.0
-3.35092748078827,0.0
7.226011388420078,0.0
16.8504600550485,0.0
18.663728274000285,0.0
10.696415330772508,0.0
9.396724991031483,0.0
-2.686019752753814,0.0
6.157769681442081,0.0
7.055318614980824,0.0
-0.8807603963383186,0.0
11.793965728399197,0.0
17.85745909365267,0.0
2.403259635563725,0.0
2.5228592931629517,0.0
8.022424119928694,0.0
6.2777408394426955,0.0
17.407227739890722,0.0
12.693793150431132,0.0
8.957761628142471,0.0
20.31089678238758,0.0
10.64335048178041,0.0
5.699225769052979,0.0
10.347693907995271,0.0
16.101317732443825,0.0
16.407661279946534,0.0
27.646901698362953,0.0
4.914620745168071,0.0
2.742712616754974,0.0
15.686857132204326,0.0
9.423464753688561,0.0
14.838282051636005,0.0
17.808916215517428,0.0
12.76831369236736,0.0
14.371213222153557,0.0
6.706778717516666,0.0
1.313987255293423,0.0
15.636886678941298,0.0
7.508563675714476,0.0
-4.937165602336687,0.0
1.2983788609261202,0.0
5.062376263677439,0.0
22.856008471960674,0.0
9.26933024900333,0.0
19.40995005262218,0.0
16.476989033414917,0.0
20.850962869067832,0.0
8.029266179796968,0.0
29.628551703196194,0.0
10.358773699309287,0.0
2.3809286348680496,0.0
27.873665131794812,0.0
7.086989263287726,0.0
17.107301215831296,0.0
10.498223101973363,0.0
-11.498038430812844,0.0
8.382089467219561,0.0
-0.8028877086031319,0.0
20.491608458341577,0.0
14.418501628127753,0.0
3.0883975906751826,0.0
1.0587830319501208,0.0
-1.5255857777533208,0.0
13.94996850726001,0.0
1.6219097884780116,0.0
1.9202384618547859,0.0
8.34030609454151,0.0
20.23999405438353,0.0
18.365379178042826,0.0
15.08454520225101,0.0
12.297142291645722,0.0
21.94383954662823,0.0
13.236548666030185,0.0
-2.8441306355851754,0.0
15.532797951920013,0.0
2.8129537534283076,0.0
2.151118542331731,0.0
14.783073535767016,0.0
-1.4210896630188738,0.0
7.460327035602146,0.0
3.276143831082533,0.0
1.9540375838925845,0.0
14.374395351921304,0.0
2.9629514849713114,0.0
3.7127889341750833,0.0
7.3651945084130395,0.0
5.412442636948717,0.0
5.402927461326536,0.0
15.16431299346367,0.0
-3.9574258081219167,0.0
15.297512549196979,0.0
16.39772810629338,0.0
15.941906414563324,0.0
5.228573951072579,0.0
26.18747104618206,0.0
3.5972958908471337,0.0
26.95654168558637,0.0
2.313333739939935,0.0
12.678612787849506,0.0
10.564586181497369,0.0
2.081141934707566,0.0
-6.924829756301884,0.0
0.04121556702952578,0.0
6.120422497878608,0.0
25.258986299826176,0.0
-8.099580504402075,0.0
3.8844627595271857,0.0
9.891449247101702,0.0
8.137787389133454,0.0
-2.5610730047265253,0.0
-4.695022613527351,0.0
0.8556832546140303,0.0
0.9005989625921575,0.0
2.488095457523319,0.0
-11.335026833582127,0.0
-5.547882643522064,0.0
6.070348064243486,0.0
6.211392145560927,0.0
12.85338399420754,0.0
-0.7785634087167099,0.0
1.4593294769169747,0.0
33.32402796327669,0.0
20.18160015397288,0.0
24.138408015274294,0.0
12.839572047685262,0.0
6.094265572544866,0.0
21.97573589272125,0.0
19.853160969181083,0.0
15.990118320298118,0.0
12.26563901594378,0.0
3.6727870410452192,0.0
-6.907128075013349,0.0
13.980638251911081,0.0
1.360227859996706,0.0
7.620421533224107,0.0
0.9357161140373496,0.0
-6.870199020958237,0.0
15.560308316707932,0.0
10.171170126071244,0.0
-3.2616478389093064,0.0
10.661981345059552,0.0
19.083655269990324,0.0
13.558094986602745,0.0
19.226976041109474,0.0
3.763392750774671,0.0
4.275222235444982,0.0
8.249156494134354,0.0
0.5929857761941175,0.0
8.74026708150606,0.0
5.435528962205524,0.0
7.362532040551271,0.0
-0.866290868149937,0.0
8.82056133299509,0.0
2.5209518286427914,0.0
7.526798341172083,0.0
2.947674840889207,0.0
4.374436710258517,0.0
26.399053632925884,0.0
1.1856826435299066,0.0
24.844727666705005,0.0
8.020182026256059,0.0
11.188926328872753,0.0
16.690993085964596,0.0
12.595323959254461,0.0
-4.273077652456198,0.0
22.333051985095143,0.0
-1.5494472794125578,0.0
15.520022695745968,0.0
1.6464818912490085,0.0
3.0241297566323233,0.0
24.47141995129656,0.0
4.919290377759917,0.0
3.829246524633305,0.0
21.24784247833525,0.0
3.1760332477189355,0.0
-2.6188234143153206,0.0
4.091678857712049,0.0
14.703314376731567,0.0
16.821898940133025,0.0
13.69966639206462,0.0
1.9595869834474915,0.0
9.211785647819895,0.0
10.183389900396742,0.0
8.165074661987264,0.0
2.363746975085048,0.0
6.205352107804246,0.0
8.212613696580362,0.0
16.40651565265666,0.0
6.148495146594684,0.0
15.837352752746774,0.0
-8.617499372410226,0.0
16.325720676162625,0.0
8.192555605575585,0.0
15.358421199604471,0.0
9.4457622043468,0.0
11.491265682915076,0.0
22.39663436543011,0.0
3.980120980942944,0.0
5.888920355072084,0.0
8.837005314649854,0.0
7.577491325465791,0.0
4.618333421115587,0.0
9.994939453899017,0.0
8.354792204786788,0.0
20.042208617824326,0.0
4.7496985734616946,0.0
-3.368485108547892,0.0
11.164560440101882,0.0
-3.507386156496339,0.0
5.414375889187589,0.0
22.103375220755527,0.0
17.955950958164646,0.0
11.660528808927099,0.0
23.48717330356825,0.0
16.69267363502092,0.0
9.588774289066075,0.0
5.62480624053309,0.0
10.67078675147788,0.0
17.65289725437728,0.0
14.084876342068421,0.0
23.676822944837177,0.0
15.881681250235356,0.0
7.129595624868133,0.0
-1.3268091589384827,0.0
8.77711888020053,0.0
-3.16687419532364,0.0
0.25828369722296074,0.0
5.43833676955253,0.0
4.236210254054571,0.0
14.3073536934687,0.0
4.792590505697844,0.0
1.8649465540471861,0.0
2.8613997646238705,0.0
8.66204571479891,0.0
12.257818749211467,0.0
7.269509650913399,0.0
24.858190852980343,0.0
15.009990302860931,0.0
16.571428422997805,0.0
17.74700849927133,0.0
27.13236215802941,0.0
24.239011523028253,0.0
12.726770027622898,0.0
6.8657134513879035,0.0
25.22584972131127,0.0
9.668401710252146,0.0
11.758140076195225,0.0
15.861272278653523,0.0
4.039779161825732,0.0
13.874700208746603,0.0
2.521867465654455,0.0
17.31486437993784,0.0
7.723968689475869,0.0
20.853831719433778,0.0
27.162486443130362,0.0
26.522266218148552,0.0
16.033384043433564,0.0
23.269531383972623,0.0
18.18706388329921,0.0
16.118414654499922,0.0
8.112992036684535,0.0
26.838379249410735,0.0
16.518142812115975,0.0
30.28785693205872,0.0
19.0982108080784,0.0
22.840123391012384,0.0
6.694198423953726,0.0
30.333716227105228,0.0
14.183505907156285,0.0
18.71406790672504,0.0
19.326490390446082,0.0
-6.2332193608000015,0.0
30.084689946000704,0.0
5.124404585404393,0.0
7.650643446862187,0.0
-11.91777481642458,0.0
17.354345299625095,0.0
31.02936339181181,0.0
8.33104160030518,0.0
3.284818793848647,0.0
12.231059807929373,0.0
22.796165580363457,0.0
4.529020926519207,0.0
17.10233105982936,0.0
24.798603188354544,0.0
37.359680094096674,0.0
28.54785610388081,0.0
12.912506740150826,0.0
34.64948828360154,0.0
14.451581166170001,0.0
21.44893702296375,0.0
3.7548530834712195,0.0
19.892618245762307,0.0
15.267358213546645,0.0
-6.605257625669584,0.0
0.5885637951633615,0.0
31.330417521255136,0.0
9.90388267292172,0.0
25.880918149216885,0.0
8.838413437272962,0.0
25.478004941314556,0.0
13.460174994736601,0.0
17.478964782239583,0.0
25.070601543582086,0.0
6.0860700602947375,0.0
2.0355824434894982,0.0
14.201699171702813,0.0
10.097933570173705,0.0
6.414353096657077,0.0
13.719577470263522,0.0
15.150923874354172,0.0
-9.390523144029338,0.0
5.690682639286436,0.0
24.47967815239373,0.0
23.83867790431024,0.0
2.359137332721202,0.0
4.7419861015808396,0.0
22.776174845187892,0.0
13.31092464923885,0.0
6.384933270048592,0.0
32.65270588747348,0.0
14.478123129337067,0.0
12.665358904103769,0.0
7.688608960982416,0.0
20.346275559311913,0.0
0.541588974095478,0.0
14.361401434991649,0.0
32.57784758969352,0.0
4.234773065144699,0.0
17.891107803367692,0.0
1.8559809358400496,0.0
11.360643992660297,0.0
17.746305119548865,0.0
26.88846181036575,0.0
24.737770681458862,0.0
16.74681139300066,0.0
35.28237317785259,0.0
-0.3701355402504438,0.0
14.217296635109701,0.0
33.915408818101184,0.0
5.476366807334869,0.0
9.588131926953462,0.0
21.263932695744966,0.0
10.960193303575926,0.0
18.568179171668465,0.0
14.178356798501145,0.0
4.053426987810587,0.0
15.890030912476762,0.0
10.359081866202043,0.0
-1.8423325485456763,0.0
7.559005669800376,0.0
17.86942661875662,0.0
27.036654258573687,0.0
13.299054548132029,0.0
15.109018184287685,0.0
12.253395395196037,0.0
21.530159831466598,0.0
24.245329043039852,0.0
14.386509676370311,0.0
26.176542851220113,0.0
2.544396433119733,0.0
37.32039988261822,0.0
18.961757502217466,0.0
14.75836138019261,0.0
23.361781246546506,0.0
14.612804530989898,0.0
13.130299300960692,0.0
20.445978063156815,0.0
17.771295587888325,0.0
13.661925927427255,0.0
14.633535187210782,0.0
13.961485822908568,0.0
21.46294870805686,0.0
12.56239534324912,0.0
5.459185759033632,0.0
0.08154828956666016,0.0
12.014528024072968,0.0
31.024949316017846,0.0
21.197261183499148,0.0
23.163347081363856,0.0
21.783239543100116,0.0
23.79186066379891,0.0
14.446386690335501,0.0
35.111390313868625,0.0
16.09224046003022,0.0
23.390456870589396,0.0
24.714933657940513,0.0
1.8833979638314986,0.0
24.31398122588467,0.0
13.648816183462726,0.0
9.767115144641961,0.0
16.670398252885224,0.0
1.5372914152893769,0.0
7.062944214579671,0.0
3.581318134448477,0.0
13.628294366600567,0.0
19.0736796934936,0.0
4.18910663185065,0.0
6.165842575188968,0.0
-1.307959504791425,0.0
8.618779100569466,0.0
21.977041112565022,0.0
25.450758223446794,0.0
24.85139859334933,0.0
15.78361090574359,0.0
14.07772606277175,0.0
-0.20398344425038673,0.0
27.320036171235913,0.0
5.1774152855864575,0.0
9.641452190211599,0.0
21.55233688089913,0.0
19.643530109515986,0.0
5.339557983541658,0.0
11.870466243831721,0.0
10.24320718956857,0.0
19.263991771678743,0.0
13.12120110059001,0.0
0.708467780922704,0.0
4.403212247137712,0.0
4.386884889501071,0.0
2.2987998540440024,0.0
13.361554246602656,0.0
26.2793589142815,0.0
6.78997103665036,0.0
12.912969691293593,0.0
3.638688349109265,0.0
5.676862821847184,0.0
11.52182913975131,0.0
22.73498205742338,0.0
11.283540493734804,0.0
19.84203543717615,0.0
7.889990465915253,0.0
22.757570765065267,0.0
7.514740763488914,0.0
16.01100216882028,0.0
22.379486054943268,0.0
14.62753630880383,0.0
27.153567987313494,0.0
12.186323370746745,0.0
21.587926501494557,0.0
6.048509073243487,0.0
4.284278813095886,0.0
-3.2394805380274025,0.0
9.537756852684998,0.0
16.444173229831126,0.0
5.5828533676281875,0.0
14.01327581438317,0.0
10.827442370075365,0.0
10.194745290329164,0.0
11.313183979115996,0.0
22.01345473133961,0.0
16.067430054648845,0.0
20.731926931572957,0.0
11.538224642352937,0.0
10.41908518690944,0.0
16.88054752707236,0.0
5.577949377347386,0.0
26.379880912306035,0.0
14.955137190887816,0.0
28.300362159076794,0.0
3.6183610138886912,0.0
16.977536769296336,0.0
11.94227646106656,0.0
5.855901234613191,0.0
31.79395493880451,0.0
-8.152053515559668,0.0
6.827438591320741,0.0
11.411832848082664,0.0
12.557646718799742,0.0
16.543576483623323,0.0
9.448661890155647,0.0
31.131248077126187,0.0
20.222954192423998,0.0
9.662017041326994,0.0
12.647454946251935,0.0
21.153321839608605,0.0
16.046527944339616,0.0
14.756768792680415,0.0
3.033540829798641,0.0
3.2571577314877462,0.0
15.93290181744853,0.0
22.485577536026003,0.0
-6.427941175680582,0.0
10.366306105794528,0.0
13.966699524670597,0.0
17.1515189811634,0.0
20.271758808952825,0.0
13.243383205227897,0.0
16.228470818840677,0.0
20.690488461015242,0.0
10.630851796497987,0.0
13.825182459354007,0.0
-7.002833810365587,0.0
17.150272594871918,0.0
18.640597321965735,0.0
3.9003077407179187,0.0
15.024383383828937,0.0
22.622058469274442,0.0
29.734740735812046,0.0
18.22671321065746,0.0
16.769468106455136,0.0
26.068349043069727,0.0
15.525534589811413,0.0
7.891863615334527,0.0
-2.393559582740826,0.0
24.284969692777196,0.0
30.302761475280278,0.0
16.39780512563762,0.0
1.7750962244499044,0.0
-1.0498279146624414,0.0
24.583241008434953,0.0
10.715855034748625,0.0
26.306213693345256,0.0
14.494536737743324,0.0
31.429984111591253,0.0
4.2305507292129985,0.0
24.404291867424725,0.0
8.974393134519689,0.0
9.786241446798021,0.0
26.006106379491314,0.0
10.434438761754762,0.0
12.182980363094185,0.0
33.29607731375335,0.0
8.306706170563679,0.0
1.55784220749611,0.0
30.23669122134499,0.0
31.488314597703763,0.0
12.958882971423632,0.0
23.780983271349392,0.0
23.42542199401067,0.0
11.381947792370289,0.0
29.078530362428765,0.0
18.35946461064719,0.0
18.834428298388858,0.0
31.52286649925847,0.0
22.768575007046685,0.0
13.625256244137464,0.0
7.441803477400225,0.0
-3.9185412783212126,0.0
24.04242504616567,0.0
9.367308966485034,0.0
15.47636530279929,0.0
12.08760585255279,0.0
-2.4750315838725383,0.0
7.243046768601798,0.0
2.3771391687377097,0.0
17.375389711785665,0.0
15.368931903760712,0.0
13.175190511816176,0.0
22.5153143061397,0.0
12.483087468291696,0.0
25.295946564013892,0.0
4.133154246249865,0.0
18.441633587845782,0.0
35.85384212749577,0.0
14.64668288851063,0.0
17.874621943403508,0.0
13.448129023272196,0.0
1.727945464433832,0.0
25.960935059140425,0.0
19.667038725993972,0.0
23.324420936079925,0.0
7.484042622453281,0.0
8.957876343970675,0.0
12.724333644007572,0.0
10.929520067626193,0.0
8.987942242365728,0.0
22.13312780103906,0.0
5.678022899597685,0.0
19.958686483713688,0.0
24.068253643838815,0.0
16.824306991091074,0.0
19.039199783799354,0.0
23.29295891556066,0.0
12.807078745041835,0.0
21.310446642529776,0.0
17.94609391703552,0.0
3.150437188789345,0.0
7.819419257491296,0.0
-2.1085649979274663,0.0
8.038424659175515,0.0
4.796732090504113,0.0
22.947100997554248,0.0
7.319102374957781,0.0
1.6969633594278495,0.0
3.8565776953652566,0.0
25.446995634424773,0.0
5.791012364371153,0.0
1.3324910815736972,0.0
19.846717868085662,0.0
-4.881684860781142,0.0
-3.1062210523788494,0.0
0.030376397030413393,0.0
12.301846357567065,0.0
5.176107613998869,0.0
15.70609942532322,0.0
14.3911471273252,0.0
19.422040415122858,0.0
14.096182570558897,0.0
-0.797127939699994,0.0
10.759523862913914,0.0
15.49518712231764,0.0
23.90984165935813,0.0
18.597385080265056,0.0
4.562857072816156,0.0
25.30076721276119,0.0
26.952867469142443,0.0
0.9049889608715498,0.0
-5.958635798528453,0.0
18.443140903820854,0.0
19.308292118214453,0.0
5.79007145069045,0.0
2.1912152049469107,0.0
7.647588025792096,0.0
21.84575949597462,0.0
15.207328423725313,0.0
8.010916818748552,0.0
13.636914213193162,0.0
-1.6981207096419437,0.0
7.418180394133402,0.0
24.199147072362265,0.0
15.257245855388007,0.0
12.078198483009036,0.0
10.251076462513549,0.0
15.640286720005777,0.0
16.018390009395603,0.0
10.580040849036175,0.0
18.12056917487071,0.0
6.418487583184705,0.0
7.981932290319468,0.0
14.467057500215747,0.0
27.302346628659144,0.0
23.204747587698034,0.0
9.398031593008021,0.0
30.78896335096799,0.0
12.669511075918589,0.0
20.180464921346974,0.0
4.905143109694391,0.0
1.2076033631974106,0.0
12.220996162477682,0.0
-3.704188675753885,0.0
5.08665685568292,0.0
19.9444558049484,0.0
11.168711679981476,0.0
8.279030434253881,0.0
-0.20100289976079644,0.0
14.283116690264553,0.0
18.505527331981213,0.0
20.155840257996786,0.0
51.84434924895023,0.0
26.41846785567233,0.0
26.309324153616057,0.0
-10.32204309713513,0.0
15.730284790054807,0.0
13.535442914136532,0.0
17.932935873011793,0.0
24.61751054476723,0.0
15.573957972164452,0.0
1.5135610755931554,0.0
4.158459056191677,0.0
11.924456830396927,0.0
20.897579650644293,0.0
7.355368085987011,0.0
0.43310495853263475,0.0
13.43076567915766,0.0
0.09961465736220187,0.0
-13.262354137172334,0.0
25.72297017696786,0.0
18.9076065725852,0.0
29.285890612330153,0.0
36.63363832700654,0.0
17.032983876690626,0.0
4.3225429059925675,0.0
36.79282273188965,0.0
3.5737958108271197,0.0
8.569238554788889,0.0
13.090374778014862,0.0
25.06507465744666,0.0
32.25004620025431,0.0
2.5991131400680834,0.0
20.138387259583098,0.0
-8.53707111856916,0.0
12.690325843339952,0.0
24.65007476357322,0.0
16.53063735081449,0.0
19.431436927103604,0.0
23.291538881989922,0.0
4.826605348853699,0.0
11.450181748281956,0.0
1.4098342729870197,0.0
7.937160923595694,0.0
23.60149893228901,0.0
11.68485211136749,0.0
1.6799925211880273,0.0
12.928326516450735,0.0
12.624980295809017,0.0
19.910884274825474,0.0
27.8863446206473,0.0
4.293535865526377,0.0
0.5815815692656583,0.0
13.822494735222339,0.0
27.242201083947187,0.0
19.816524284129404,0.0
10.145583506453956,0.0
6.131909936463745,0.0
13.530788608973845,0.0
1.0027337991216378,0.0
12.487534664047027,0.0
1.3309038411086647,0.0
31.157309195723663,0.0
10.754015250052213,0.0
10.954417218501252,0.0
13.161391379046563,0.0
15.205768780420819,0.0
2.6150293826102473,0.0
27.8254735163084,0.0
17.46864926128877,0.0
18.461828849013003,0.0
16.01900563979952,0.0
5.443694923371386,0.0
25.316931093585495,0.0
15.209510470665272,0.0
19.316842325962575,0.0
15.282508713196668,0.0
15.970904235057626,0.0
11.689380338051159,0.0
12.150783036931434,0.0
12.712082565932263,0.0
17.758079542615185,0.0
-3.3203495845186284,0.0
10.23957442863769,0.0
-1.9356702372493952,0.0
5.070265126885633,0.0
21.963705164952735,0.0
9.407850451672687,0.0
21.408035069432668,0.0
9.460040515996779,0.0
9.942195470700476,0.0
-3.359107407597559,0.0
12.003801802891909,0.0
28.186803170743595,0.0
2.1532582090508186,0.0
17.43144018745705,0.0
14.225857235797427,0.0
10.988720663193844,0.0
5.350658563156745,0.0
17.57074233370428,0.0
17.574995559625506,0.0
8.202311236995484,0.0
17.986419259296902,0.0
4.087512102400801,0.0
-6.168617563146295,0.0
25.33693162834492,0.0
1.8058902643397285,0.0
10.12117826996318,0.0
20.090744349825286,0.0
13.0909071076334,0.0
17.339094508346275,0.0
12.070410812615695,0.0
18.177723343340542,0.0
27.218119031127344,0.0
15.311019002704898,0.0
5.6475801723264665,0.0
12.330354932731323,0.0
5.288622649085458,0.0
18.134077599460063,0.0
24.442445752858898,0.0
25.66863874713244,0.0
18.652659384513097,0.0
15.444083809366244,0.0
20.98235597880399,0.0
17.709978802560954,0.0
13.650793647144436,0.0
11.520954293209991,0.0
6.03195032969383,0.0
3.882591374525803,0.0
18.064880933644744,0.0
0.6826748733481396,0.0
15.965420300287214,0.0
5.239911712254834,0.0
32.327932140636705,0.0
18.785512440324354,0.0
5.221201460295213,0.0
28.72868476987645,0.0
11.534652297508135,0.0
19.32611337164839,0.0
-5.876005729090345,0.0
8.844212793410358,0.0
40.92043982932592,0.0
26.23810201332772,0.0
21.50057632221864,0.0
28.956886168274615,0.0
10.44011648167899,0.0
13.71002834499443,0.0
21.560286881456015,0.0
22.902927400420122,0.0
11.495975833850752,0.0
10.11179544881529,0.0
16.190277154641855,0.0
31.513164952273623,0.0
16.39337737661986,0.0
22.269896865139845,0.0
7.711799124128975,0.0
-3.6787262683795348,0.0
1.8505683050439785,0.0
24.625877967167106,0.0
26.287389848282633,0.0
7.798595658443369,0.0
-5.492825431094978,0.0
14.786810470368641,0.0
8.061063568456428,0.0
6.9238743010214385,0.0
19.48535437313017,0.0
12.942580288346198,0.0
22.700602726332157,0.0
1.1066583375003756,0.0
26.991520599346366,0.0
10.022693957887274,0.0
16.336438797550773,0.0
-0.10839529212866594,0.0
15.136000657190385,0.0
6.24732735666583,0.0
18.109715313762777,0.0
11.709537651615722,0.0
17.370273021719193,0.0
-5.915492302101201,0.0
0.016788270226164137,0.0
1.1227378854508796,0.0
24.63890181375297,0.0
14.245826192750842,0.0
9.849012708814731,0.0
17.083167172837484,0.0
36.729629759090756,0.0
8.42156917386377,0.0
10.270583601837158,0.0
7.881940871995888,0.0
10.101425174174906,0.0
24.934695891756643,0.0
8.50788130725144,0.0
16.829518935508908,0.0
2.6877331099634345,0.0
4.6578469924998425,0.0
18.578857713664956,0.0
20.81370983062482,0.0
13.272543491563903,0.0
4.034490086979472,0.0
18.261164836947824,0.0
19.63744527991427,0.0
20.79390736095824,0.0
15.671800005225684,0.0
9.790267475138155,0.0
11.667298135517505,0.0
12.582016762746273,0.0
2.7176803483656267,0.0
1.4111677807638845,0.0
18.526010266569813,0.0
25.81424228122943,0.0
9.721337331199345,0.0
24.60089762464323,0.0
6.14827464285794,0.0
13.021796442845877,0.0
15.172304899338828,0.0
9.31847813052864,0.0
23.005497245486353,0.0
23.297871876801253,0.0
-0.1964148566486017,0.0
8.930957926556976,0.0
7.059382589759191,0.0
26.305158480189384,0.0
12.240366372234725,0.0
20.251885359482404,0.0
25.691371389191907,0.0
14.489859431325911,0.0
14.849839789533863,0.0
3.0200830443674267,0.0
9.763603807557066,0.0
10.40493720523343,0.0
1.9815841196925188,0.0
11.418535682592141,0.0
6.758554984123368,0.0
17.71600191038711,0.0
-0.8712779018206582,0.0
2.405570958575185,0.0
19.169962311304282,0.0
25.1878533995738,0.0
27.004562634796446,0.0
16.33797024698074,0.0
2.7770990353696057,0.0
10.77039854365383,0.0
2.322634266817536,0.0
8.109430954287173,0.0
1.8334779314048069,0.0
-0.22594253588402768,0.0
34.07051497476804,0.0
15.925871335966079,0.0
36.407856471366344,0.0
14.023170043671476,0.0
8.092276587272668,0.0
5.449262616417918,0.0
4.955155778989457,0.0
0.4225576531878845,0.0
10.640074987336082,0.0
10.004488608103017,0.0
15.903805745358495,0.0
7.164954478240714,0.0
17.075770541204008,0.0
25.078016797541224,0.0
15.685157785994805,0.0
16.191426366191934,0.0
20.094351436706685,0.0
22.14960125929618,0.0
-0.07990501748433587,0.0
6.744425739544956,0.0
3.3594680916648993,0.0
7.737936128333902,0.0
18.09400006059148,0.0
31.786662812535194,0.0
7.8563355805774515,0.0
13.165757482313117,0.0
15.920511348347876,0.0
18.659965292435803,0.0
19.993746953132415,0.0
12.971218822292931,0.0
-5.285187565584122,0.0
7.135422933475561,0.0
33.9756465232164,0.0
7.814670192497956,0.0
21.668453853043214,0.0
11.684506760511113,0.0
20.81351170239416,0.0
14.21956406904562,0.0
26.70577925302267,0.0
12.733628945668826,0.0
17.862116250980556,0.0
34.676644251333144,0.0
9.533487599912023,0.0
-1.5370961068975095,0.0
23.488033950324045,0.0
24.11004995788644,0.0
6.625165847463398,0.0
23.84098352308118,0.0
20.335309011535237,0.0
12.127795391849254,0.0
12.044157639730038,0.0
6.5712003618242365,0.0
9.60619000093409,0.0
5.193300671888319,0.0
10.609556016521609,0.0
7.409530352414213,0.0
14.410142185626357,0.0
0.8924654642463796,0.0
11.483848321475296,0.0
18.25431174212511,0.0
1.3593965997803448,0.0
9.226757286007578,0.0
38.62965400324471,0.0
12.014531192272948,0.0
21.554987089456095,0.0
24.29793864818991,0.0
26.76535239907955,0.0
7.455571606143879,0.0
8.857532957478293,0.0
-0.9054301874611932,0.0
25.997761890980232,0.0
2.3225933601258055,0.0
20.457940700704597,0.0
20.035591562251085,0.0
16.145069436849326,0.0
11.307258205474563,0.0
30.62398028923938,0.0
14.792455923077073,0.0
15.013245634658054,0.0
4.62931680629357,0.0
2.6156567250617364,0.0
5.926667488010054,0.0
15.573630323162405,0.0
6.018282578505689,0.0
8.234164806878262,0.0
8.004071613289907,0.0
8.71480314913315,0.0
10.933533447632982,0.0
25.238604072040726,0.0
13.450425251789024,0.0
13.270641413772374,0.0
16.62598043692655,0.0
15.160744581210624,0.0
15.761308111904102,0.0
23.7007294103536,0.0
8.733516192891049,0.0
13.907124480651772,0.0
12.852692589957638,0.0
9.163909774328975,0.0
23.060447360712153,0.0
15.29630931251326,0.0
-2.678129889659173,0.0
22.854619688780918,0.0
17.804757270117477,0.0
10.032976806086575,0.0
5.906765615559751,0.0
-2.1624254700262284,0.0
8.226431821556663,0.0
6.746027901041932,0.0
-0.6833963114193669,0.0
26.526768335784887,0.0
27.819001078259685,0.0
8.287605222078405,0.0
19.510507563470536,0.0
6.079792264491348,0.0
15.863187567579091,0.0
3.1562300737088123,0.0
21.405150425864747,0.0
18.539786732719687,0.0
12.499504334817036,0.0
10.08276139699038,0.0
8.061074937748725,0.0
16.286118076610826,0.0
8.550912351938516,0.0
5.351293445897027,0.0
6.658113950588706,0.0
0.7181408817098127,0.0
19.09885500837482,0.0
19.875923177373377,0.0
13.010267440989733,0.0
27.474175471110904,0.0
11.751464689762306,0.0
-2.5382553888229493,0.0
7.6426354964369745,0.0
10.80452558172121,0.0
16.28939849190212,0.0
9.271820487501257,0.0
19.166508182459815,0.0
7.140915504048438,0.0
14.656004778716342,0.0
1.3130165576911867,0.0
16.877099330739384,0.0
17.365064436808662,0.0
-4.0467370045055375,0.0
1.2969157208165996,0.0
3.9466126752011736,0.0
7.951012190607104,0.0
7.110483905327538,0.0
19.744193483186073,0.0
3.1815224746868402,0.0
-1.9647656237534683,0.0
2.522163502838116,0.0
22.001590822236835,0.0
16.210084810722044,0.0
10.584762070232351,0.0
14.158073763865088,0.0
42.113926978858444,0.0
20.677113078323863,0.0
15.586625373714094,0.0
15.623347494653174,0.0
15.026642984841054,0.0
12.238385103926792,0.0
18.617112066809586,0.0
7.454539514585141,0.0
19.708131563155632,0.0
16.050903776549163,0.0
7.131453970410713,0.0
7.312562490076656,0.0
21.509991775644828,0.0
6.218675600416522,0.0
10.75284363177,0.0
22.04210391098178,0.0
2.739841666511947,0.0
13.43825423383484,0.0
20.86878294787694,0.0
0.6278775059485762,0.0
3.4595478122001238,0.0
5.3987613186961605,0.0
12.098991796158128,0.0
13.229008928165849,0.0
10.38793820251192,0.0
24.672114924619514,0.0
8.99855063220021,0.0
20.799751902840057,0.0
36.57952876843312,0.0
17.277930379998125,0.0
9.68274953985862,0.0
12.656561871738287,0.0
11.212626636596356,0.0
19.46807872041075,0.0
24.58223049210529,0.0
3.0348151217648756,0.0
6.61707015791171,0.0
19.49790564597003,0.0
28.6391149300206,0.0
3.5313236878982406,0.0
24.208902949253844,0.0
9.663784554441925,0.0
6.614689288164401,0.0
7.8643403877427245,0.0
7.016105890923248,0.0
5.42367962097952,0.0
14.878884811413155,0.0
4.105983653139278,0.0
9.623641564193449,0.0
11.243469730278319,0.0
14.834893633529752,0.0
8.25412756238339,0.0
6.984131809620617,0.0
11.678154633926816,0.0
27.789457973480943,0.0
-6.818661891498923,0.0
18.88608963107871,0.0
2.623134197531364,0.0
-1.4507464810174326,0.0
0.4056297689729984,0.0
13.351979514156717,0.0
-9.56463617381343,0.0
14.536268024012056,0.0
10.778631691422888,0.0
14.787259953349112,0.0
3.9015832963376154,0.0
14.974039782230054,0.0
14.386928013110383,0.0
23.29120581626038,0.0
8.544686505796776,0.0
11.146394143533662,0.0
14.997426280529218,0.0
15.3286537234031,0.0
21.007057339061525,0.0
13.122440111289944,0.0
15.460094373503795,0.0
18.025114355082618,0.0
11.382657458752577,0.0
-1.7081150961993714,0.0
18.138839656886226,0.0
2.99720663408136,0.0
-2.447588618052448,0.0
8.827379903151888,0.0
1.7637988662144668,0.0
4.683841037000832,0.0
7.558625762236361,0.0
5.230983921524631,0.0
-4.701937744755439,0.0
8.77615790418211,0.0
27.884549715473085,0.0
9.535227255772016,0.0
35.054603834873745,0.0
13.995504204288718,0.0
8.043510088923046,0.0
12.169260278114812,0.0
7.131376146328723,0.0
12.896912895095,0.0
14.906038600127953,0.0
21.848422976109287,0.0
1.392277094540507,0.0
22.599346759090775,0.0
25.827233965619225,0.0
25.28761321037474,0.0
17.600575736421128,0.0
13.525973007543438,0.0
16.901810168807888,0.0
-4.901610071533671,0.0
13.785629417166145,0.0
30.51997199761449,0.0
-3.8118866790262027,0.0
7.032654947671392,0.0
-2.1095369395240784,0.0
14.614430444827285,0.0
2.7967081265124163,0.0
12.222001129646646,0.0
6.090513240899619,0.0
7.133137517126973,0.0
7.518851678600263,0.0
21.667612707342666,0.0
28.611474585814,0.0
26.514308791107965,0.0
10.119159817586226,0.0
22.97223757643291,0.0
18.75129301365379,0.0
11.822893714154407,0.0
11.557630234790661,0.0
9.897741615444218,0.0
17.077909288822376,0.0
1.2287796499911214,0.0
13.49119627072981,0.0
10.206686141808587,0.0
4.75603484519562,0.0
10.94555981184894,0.0
5.0562431241741645,0.0
13.216301725983897,0.0
13.07605966494636,0.0
11.932471080569819,0.0
22.791856451970457,0.0
2.0710162440500524,0.0
11.398707217738743,0.0
19.560207311672816,0.0
12.637812151011001,0.0
-5.145133910693298,0.0
18.181751962227214,0.0
15.69859402541708,0.0
12.957280873563574,0.0
15.280350526484785,0.0
13.311689996048267,0.0
13.83964379266546,0.0
3.8607990233197755,0.0
22.322920236217833,0.0
23.198923371459053,0.0
21.62571571306268,0.0
27.66450785534844,0.0
15.500041063732837,0.0
15.340592715339742,0.0
9.008890285985453,0.0
11.550929320900227,0.0
8.355838827796358,0.0
6.697822340468556,0.0
8.842388379852874,0.0
6.203550241891647,0.0
11.097207635286647,0.0
6.05974747083788,0.0
20.36508152600379,0.0
15.393316127082038,0.0
11.56902264424361,0.0
16.886999734296015,0.0
8.382449333229186,0.0
10.221968195508856,0.0
4.642593631009227,0.0
33.23776354617809,0.0
-7.638016492473586,0.0
38.514817817688105,0.0
16.910033910595885,0.0
3.644301840033262,0.0
23.31059695096591,0.0
1.2126448674404369,0.0
8.200558560543167,0.0
13.562059319373573,0.0
12.135685840315283,0.0
1.3474716155360262,0.0
20.201766985284557,0.0
15.49377370572519,0.0
16.410396418217193,0.0
20.20450751912812,0.0
15.471275317423304,0.0
24.414229112342824,0.0
17.028277406237734,0.0
12.564160112282773,0.0
6.991379021398155,0.0
1.471096201022895,0.0
24.05210389412449,0.0
11.520908077838605,0.0
13.68425185395076,0.0
27.407159661797884,0.0
50.10676693954488,0.0
11.624696001862631,0.0
5.6550834201927245,0.0
16.087712910581224,0.0
12.19877000692299,0.0
2.0651775087800566,0.0
17.33635645847744,0.0
2.4783554826764913,0.0
10.305831099825042,0.0
21.716231337988408,0.0
26.31418394666005,0.0
11.165093453296148,0.0
9.306301893972575,0.0
16.196157082729655,0.0
12.157047317203496,0.0
5.52180114792179,0.0
6.0991766886586465,0.0
5.3399080802183,0.0
-0.01888975331093068,0.0
4.07674311149553,0.0
16.627010894152193,0.0
-2.793200576915936,0.0
28.146577377183874,0.0
9.198785650570372,0.0
6.7000580746637315,0.0
27.205867527037107,0.0
18.175191438210238,0.0
8.079171701755083,0.0
9.645518279136287,0.0
10.663075966853379,0.0
22.461666706358695,0.0
16.18883200639926,0.0
11.226904787715293,0.0
7.153146160936227,0.0
-5.0881821589146945,0.0
29.101238583368293,0.0
17.407013232269463,0.0
12.888426714732748,0.0
-9.032874076569092,0.0
10.05648148901751,0.0
9.921828558026563,0.0
11.069484439009887,0.0
-0.38360548056154364,0.0
23.162704295730776,0.0
22.298032500322094,0.0
17.939840969920525,0.0
6.680925766983192,0.0
28.221132639364853,0.0
18.77884749023994,0.0
25.179840028787645,0.0
11.304758757908868,0.0
7.152974986493489,0.0
21.245629121872383,0.0
19.284364051254755,0.0
23.5706717945636,0.0
12.8592283440578,0.0
6.299046332435561,0.0
15.489540073127479,0.0
9.76538376193108,0.0
8.834095239609896,0.0
18.5667855222916,0.0
22.786889998714905,0.0
9.14786008685967,0.0
-1.2661187656301878,0.0
52.200670310600636,0.0
13.666243443479736,0.0
14.877659249840224,0.0
14.406168110854232,0.0
25.906145650673373,0.0
-0.21117877316090983,0.0
16.40412407258109,0.0
13.452144291609017,0.0
11.931428445346768,0.0
1.8591808761302557,0.0
5.2015838710381495,0.0
15.909620648734753,0.0
16.238596698153312,0.0
33.48425653244026,0.0
25.27310485039014,0.0
3.7273260220748687,0.0
10.517919545358385,0.0
14.570619132991776,0.0
6.280716536919481,0.0
5.1456119509700935,0.0
-7.061286379784546,0.0
-1.0304007992059763,0.0
-6.136024125156505,0.0
17.592593911797053,0.0
1.0265775866428637,0.0
5.6940451229233995,0.0
16.11443450009199,0.0
8.076395845688037,0.0
-4.254702273667975,0.0
15.458473759887504,0.0
21.670441131655895,0.0
18.771541980285974,0.0
4.767761754579487,0.0
6.195188905576075,0.0
23.615063345594265,0.0
45.67828067579789,0.0
5.9753855946146155,0.0
25.05840398653279,0.0
19.264302250417394,0.0
14.91629249403621,0.0
16.05989752184945,0.0
26.54244653392195,0.0
11.267568925432425,0.0
-2.5627642197549196,0.0
12.871398736395047,0.0
-7.145735876900428,0.0
3.202707392137537,0.0
15.214395029422018,0.0
-9.824188641729796,0.0
11.792883214588198,0.0
14.585344520815436,0.0
-1.7206409159157923,0.0
9.291966050288499,0.0
22.810642576210235,0.0
12.084710491306852,0.0
9.960840216233567,0.0
5.76983431078116,0.0
6.731874227223042,0.0
8.768832549994785,0.0
38.38255537593139,0.0
-0.08954121855511854,0.0
-10.220582856697765,0.0
6.4136875613615505,0.0
9.123178231586563,0.0
16.565981377951132,0.0
-3.2966459300513957,0.0
4.790269854869049,0.0
14.117405110556987,0.0
6.073302632162942,0.0
5.363613051003796,0.0
4.520237444455752,0.0
11.566104154822469,0.0
2.0998501907388354,0.0
25.021679900153558,0.0
-10.94078659828034,0.0
21.661526447106198,0.0
19.506438725354773,0.0
14.525270311850637,0.0
12.159844454012172,0.0
29.71423960227446,0.0
18.747937263450986,0.0
21.74949521682351,0.0
29.358220077477306,0.0
9.167078085864174,0.0
9.141346026737864,0.0
24.962716212858396,0.0
12.947816974791088,0.0
6.218159835802228,0.0
35.06243361579901,0.0
18.361570160243204,0.0
-0.03458801068383721,0.0
5.56292554436273,0.0
20.608361259104587,0.0
22.077339793705086,0.0
13.1537002501958,0.0
8.682469574467735,0.0
14.16829605098037,0.0
0.16323256630682437,0.0
6.473619274912139,0.0
10.549646433748904,0.0
7.938937646149175,0.0
28.48728928736236,0.0
19.636426660729356,0.0
4.824265449130861,0.0
16.148264068008274,0.0
37.726074974408,0.0
20.66022204760036,0.0
11.674627719312273,0.0
24.73032570346366,0.0
7.226564157456599,0.0
11.412508448178441,0.0
18.44841649044131,0.0
3.5121370735856416,0.0
2.180033144903385,0.0
4.846981348460048,0.0
15.319261064425273,0.0
9.983596970036675,0.0
9.95578083561323,0.0
6.137559219669726,0.0
