2742.8521936395055,0.0
-1819.4163410372093,0.0
13552.951021124854,0.0
-864.8984728346703,0.0
881.7332745028796,0.0
8301.73936077699,0.0
-4899.3299643700675,0.0
-2971.145991049863,0.0
1345.1576443753631,0.0
-722.929554428064,0.0
-5789.04639350065,0.0
-870.1365988857901,0.0
-1756.9550296303,0.0
3704.204779012857,0.0
-8469.348970310326,0.0
-3268.762530601991,0.0
6924.390092616687,0.0
10442.226332262311,0.0
-7279.046131133196,0.0
3895.8148318247254,0.0
-4531.011817701294,0.0
-3657.40870692875,0.0
-3768.7603857288764,0.0
-1123.3246408109906,0.0
6310.733002817052,0.0
4976.752530777036,0.0
1660.7500776782517,0.0
-1075.8186008164591,0.0
767.3946863285908,0.0
589.8135572352352,0.0
5385.798162302919,0.0
-2333.879305643017,0.0
1098.751916200265,0.0
562.2905399987719,0.0
1246.1472379236097,0.0
3023.093809144285,0.0
2734.613669017231,0.0
8490.398384225455,0.0
1338.878967180889,0.0
9818.924506143938,0.0
371.37305083779506,0.0
-858.2306563304303,0.0
2002.6159801157871,0.0
3298.373414228691,0.0
2773.167923964551,0.0
8335.425989935127,0.0
7403.805344531183,0.0
4726.10417666719,0.0
191.77191330085248,0.0
1191.6332402706576,0.0
9508.64643405084,0.0
2938.175544441058,0.0
-4489.904061122041,0.0
-2028.6071599898762,0.0
-1191.085702887204,0.0
8231.76941198386,0.0
1581.0763626292712,0.0
14127.054725141592,0.0
4943.06388881824,0.0
2373.8281096726832,0.0
-164.3685515789016,0.0
7333.345346454502,0.0
565.1401440457607,0.0
-2322.0030385415002,0.0
4997.463324636329,0.0
2325.5015878035597,0.0
8209.316602059618,0.0
1935.0728762363908,0.0
-13076.967421957896,0.0
6533.559697550324,0.0
-7818.974546838265,0.0
10656.951830118187,0.0
11940.44287195197,0.0
2.108706305328269,0.0
-3733.051234737955,0.0
-4846.01150982308,0.0
7118.001734822603,0.0
1272.903802512257,0.0
-1069.8104207226556,0.0
706.1974374611068,0.0
13451.8085259938,0.0
4664.735683870312,0.0
6687.470083090604,0.0
6587.4191933034745,0.0
7840.0422679030535,0.0
8082.430677377754,0.0
-1048.5929354126538,0.0
1268.480719029548,0.0
-1229.996879281579,0.0
-1126.7782681469926,0.0
9036.778231288557,0.0
-413.32197999957634,0.0
2115.2000231333573,0.0
-1432.9037823103804,0.0
-477.85467622151054,0.0
6830.083452683575,0.0
79.8038287298773,0.0
373.8984364854032,0.0
5284.027566855524,0.0
5539.151651423705,0.0
7051.999384534658,0.0
3268.6554829588954,0.0
-7045.488738761302,0.0
5974.5157516925465,0.0
4933.021826906821,0.0
8210.087954952221,0.0
-2350.6969335065296,0.0
16590.777878334888,0.0
-4213.050989143168,0.0
6943.972612850352,0.0
2687.3192388209636,0.0
-343.334436371887,0.0
6948.617542735174,0.0
1036.2958710601345,0.0
-10506.601326273449,0.0
-3454.3615584006825,0.0
4676.435337017108,0.0
14662.838675699502,0.0
-5320.299784724716,0.0
2455.095579011643,0.0
10276.289412950548,0.0
5814.768560713052,0.0
161.83621384120852,0.0
-5404.521427190815,0.0
-7434.4418433140945,0.0
-1124.5454688861182,0.0
885.6738576762693,0.0
-9595.481338267506,0.0
-7035.886588036874,0.0
4050.9421033614162,0.0
629.681425075702,0.0
-1801.5853685000916,0.0
414.5495339691033,0.0
-2275.776584959368,0.0
7547.192671594257,0.0
10907.88882045889,0.0
13152.424902527691,0.0
5875.322608079616,0.0
6088.009863852862,0.0
9917.473933742007,0.0
11850.65622191105,0.0
10177.20348684246,0.0
8691.789294911236,0.0
-1478.7648472748986,0.0
-6667.9463970608185,0.0
6720.957574623356,0.0
1380.790281487305,0.0
1760.5051889482331,0.0
-2483.7588734657193,0.0
-5178.021766758175,0.0
10103.458393723671,0.0
4262.590684043225,0.0
-3647.9041703475527,0.0
4865.106813991332,0.0
3977.8602847612037,0.0
4805.779366123889,0.0
13831.155687118779,0.0
2014.1338858853046,0.0
-4869.841778439761,0.0
2098.3814113686867,0.0
-1398.2280522099654,0.0
4792.5025184853785,0.0
3842.2471302741114,0.0
4284.219419340244,0.0
-901.630333752566,0.0
4344.299912771487,0.0
-997.1648939119625,0.0
4920.885668565072,0.0
154.56655147940137,0.0
-4445.443121415679,0.0
5056.851026899662,0.0
-2232.2618789767585,0.0
9505.719291179952,0.0
4013.5027206463155,0.0
4039.639278920582,0.0
2488.308852725415,0.0
1013.400650908844,0.0
-11158.119674894908,0.0
8152.6198082227165,0.0
-3050.010888551379,0.0
6837.4446052443345,0.0
-1861.1006650746997,0.0
748.2346284447427,0.0
742.155685042545,0.0
-3779.0226103163204,0.0
700.749835196347,0.0
4247.758447178068,0.0
-807.9332675892747,0.0
-5242.892625875786,0.0
-1167.604952158206,0.0
2938.767548590662,0.0
7810.308327912968,0.0
6649.178737084701,0.0
2920.875525599655,0.0
-3526.378490950012,0.0
6940.188190751798,0.0
1378.7976668751623,0.0
253.35345322638432,0.0
6323.13784607183,0.0
4715.01319699616,0.0
3916.6148819661557,0.0
-4935.498469675153,0.0
-1419.7230451691012,0.0
-7500.127748398866,0.0
2765.619368383902,0.0
2086.7227151399898,0.0
6411.08066284169,0.0
2861.541488813792,0.0
-509.6636991845944,0.0
12711.64194548017,0.0
-3797.734621197219,0.0
-5699.754417528523,0.0
-2103.7300434898234,0.0
4240.0342139259,0.0
22.638554470755935,0.0
-559.4795557202192,0.0
-4960.634917412928,0.0
9442.225027094853,0.0
-1628.2228383496476,0.0
-4781.857828919496,0.0
1231.8158351467498,0.0
-3000.9099556205683,0.0
330.42769967712366,0.0
8641.85481748844,0.0
-445.91138371644774,0.0
837.962775742259,0.0
-497.35391032576194,0.0
200.12892574568536,0.0
6068.791710328469,0.0
5038.61616276866,0.0
-705.4399096999657,0.0
-3460.0910151697462,0.0
814.4473616086613,0.0
6503.976724172043,0.0
1230.473875700414,0.0
1063.6772177297394,0.0
-7632.036991597837,0.0
6913.5621876349,0.0
-6576.037521633444,0.0
-5283.989778452835,0.0
-204.1873045507882,0.0
1594.0122283804478,0.0
2404.1670906044737,0.0
-2386.053601167375,0.0
-761.6734408380837,0.0
-1821.275097495824,0.0
-7531.262790177763,0.0
143.1976856708245,0.0
-1951.4594703854882,0.0
4099.771508304244,0.0
620.6578634473047,0.0
7197.586105919196,0.0
5758.538873229061,0.0
7281.807834613769,0.0
8731.119394668487,0.0
5712.8525424261425,0.0
1062.185977185426,0.0
9458.757945535875,0.0
-3219.9291671408428,0.0
1891.5619698406458,0.0
6804.674787437513,0.0
710.4012050917013,0.0
5659.325707064971,0.0
-1758.3638064746897,0.0
-529.4206138018121,0.0
5854.888589954544,0.0
5539.244462484186,0.0
8545.23173213087,0.0
1436.3326768220415,0.0
3811.665796341036,0.0
5812.321949058214,0.0
5379.1057077092155,0.0
-4721.840328734532,0.0
-959.7064812950584,0.0
10158.689483398268,0.0
-4012.894401331084,0.0
5977.949204213177,0.0
653.5139317463104,0.0
7923.546411128252,0.0
-2011.7489731567466,0.0
3205.069193374688,0.0
-8512.932844163579,0.0
2690.4155400638265,0.0
8706.352911605465,0.0
-5162.820588239652,0.0
9715.708394159736,0.0
-1023.3245030240873,0.0
2274.991581151709,0.0
-11961.734102701543,0.0
8734.445169515597,0.0
-1505.3701364270373,0.0
629.9819289267912,0.0
-4284.121002881786,0.0
-2261.729190185546,0.0
9355.659770474795,0.0
632.8713804522467,0.0
7879.410591967169,0.0
2457.1351096523413,0.0
5304.974949466723,0.0
644.7768552786456,0.0
5677.563260594974,0.0
17799.301135608574,0.0
7195.979280535526,0.0
6804.44312321021,0.0
933.7681009068897,0.0
8703.636540418027,0.0
10857.156926734591,0.0
-5443.5706319377405,0.0
-3765.5726920280035,0.0
14970.854378212134,0.0
5662.265500696135,0.0
4324.737684377168,0.0
6616.290073483871,0.0
9925.09953979537,0.0
8382.832356966888,0.0
3247.3665462382673,0.0
15072.763897422723,0.0
4431.333623787957,0.0
-706.2393187211919,0.0
753.5377986161316,0.0
3628.5239837970566,0.0
2071.696471900843,0.0
3054.1207965677236,0.0
5825.516709558304,0.0
-12991.53640239493,0.0
670.4110020467024,0.0
9859.430609766367,0.0
7454.43899892536,0.0
508.207945962125,0.0
1280.751646017649,0.0
11071.950450760794,0.0
3560.731478299629,0.0
1932.4222116078377,0.0
14789.373385672345,0.0
2548.0212378203782,0.0
8622.967129257078,0.0
4623.127242677631,0.0
5184.036449842913,0.0
-226.27739351720993,0.0
190.10813489551765,0.0
11610.724413970562,0.0
-873.4654498092877,0.0
6583.129231353692,0.0
-1309.9696841413843,0.0
3805.586238729263,0.0
5381.652107776714,0.0
-3543.444540518135,0.0
11438.907200804264,0.0
4347.400719863692,0.0
11598.220171583107,0.0
316.181665780764,0.0
10668.738954886367,0.0
18126.5493815844,0.0
6223.223984668976,0.0
2037.1112619785226,0.0
8265.614465146311,0.0
6300.63271276832,0.0
4684.944165404978,0.0
4929.699757000816,0.0
2246.6406550435695,0.0
8175.33014539752,0.0
3707.5315776677658,0.0
1288.6500803620675,0.0
10459.386663671132,0.0
4969.61856952803,0.0
19617.638584108197,0.0
4554.1654314328825,0.0
1568.9005967292146,0.0
2810.3132765040677,0.0
8209.712964303735,0.0
1732.7038829167554,0.0
-775.0055454686017,0.0
14673.877976530996,0.0
-715.2558917642864,0.0
14491.880462605684,0.0
6980.354346089372,0.0
762.1757183431546,0.0
14790.403472461192,0.0
4820.852957728927,0.0
545.9039302495894,0.0
6518.469908044405,0.0
12866.841749558505,0.0
9693.373674095805,0.0
10436.34206900065,0.0
15894.865987452133,0.0
7608.638627587245,0.0
8597.68343425208,0.0
5865.6239705488115,0.0
-1530.6905414679459,0.0
5781.317322933293,0.0
16004.724895017634,0.0
-2763.7140638432793,0.0
13627.019349157952,0.0
7560.207016465392,0.0
1383.7536143061789,0.0
6329.467792632349,0.0
15584.145883964318,0.0
3276.2650094589817,0.0
10832.029478149458,0.0
12599.412691266263,0.0
1568.0607373441835,0.0
9411.070382228078,0.0
9591.190022940094,0.0
4110.137958310317,0.0
10682.859885527596,0.0
4082.4389905506678,0.0
3366.065610056512,0.0
406.2734689987492,0.0
8674.60968737854,0.0
4650.417584612584,0.0
3728.930008921573,0.0
433.45315865156044,0.0
-508.1398766936909,0.0
1832.1442169778857,0.0
10423.217083522979,0.0
2380.230286373753,0.0
14747.339868828007,0.0
9006.79371965917,0.0
7499.187339739084,0.0
437.0098960160667,0.0
17113.59514854001,0.0
-1473.6536072414337,0.0
9458.52679715555,0.0
15663.43486553826,0.0
5619.091948482173,0.0
2796.574743491853,0.0
6660.932180328535,0.0
12084.281148350641,0.0
13380.879894970421,0.0
9984.766756362047,0.0
601.7411093757764,0.0
2750.0293000522356,0.0
7134.739803258753,0.0
-398.97185773804176,0.0
5337.345769965824,0.0
18192.130680645594,0.0
1374.3906601779881,0.0
12548.253820279402,0.0
843.112656763893,0.0
4630.964886873968,0.0
6771.504261787392,0.0
-1177.1407629739697,0.0
6262.384391766315,0.0
13661.773002634161,0.0
10439.15875466301,0.0
10071.191023559844,0.0
1672.6694785347836,0.0
5010.395890545531,0.0
7162.304158906802,0.0
9545.194952201564,0.0
13329.925553330766,0.0
1193.397135957479,0.0
15256.109950727347,0.0
4369.930079474396,0.0
4702.20928076669,0.0
-671.24947412244,0.0
6164.352349761908,0.0
4639.514039566762,0.0
-410.3032260457003,0.0
4856.482445360945,0.0
7239.072195821753,0.0
4551.310505673475,0.0
9919.86609420869,0.0
948.8606869160667,0.0
10824.538783322247,0.0
5123.925031999044,0.0
8571.78959800671,0.0
-3957.357235515864,0.0
7017.388363937726,0.0
5756.772984347788,0.0
11000.611131901664,0.0
130.9385642531106,0.0
13350.840446519533,0.0
168.24883760629837,0.0
13324.515103513862,0.0
9395.419609519493,0.0
1689.7643420886475,0.0
17998.048348321223,0.0
-634.3901322665724,0.0
4790.71494840358,0.0
6409.730982929893,0.0
8703.799274892252,0.0
7228.8374108073685,0.0
10009.481245056097,0.0
8713.118248214205,0.0
6227.729460067864,0.0
887.2052550999315,0.0
4499.53679632077,0.0
10270.973458532695,0.0
-378.11412431601184,0.0
6642.537384469104,0.0
-5512.672359439262,0.0
1963.8114546251122,0.0
-2985.9848517433747,0.0
12329.104717261149,0.0
-4050.7069463522866,0.0
4396.1352628085715,0.0
9404.988477043162,0.0
9197.007906406627,0.0
9693.782045104927,0.0
11224.999132949004,0.0
8355.247692764617,0.0
10629.34146266649,0.0
4863.2773843879395,0.0
5557.013066302557,0.0
-3735.4190217389014,0.0
6536.261084048074,0.0
13152.032181834147,0.0
1928.621737782174,0.0
-854.012571467254,0.0
5900.392045117444,0.0
11940.690882496227,0.0
12347.897988857843,0.0
-2312.5385848772485,0.0
7808.557287819565,0.0
2168.441860788008,0.0
7015.901628772259,0.0
-6095.40998249369,0.0
10255.275316050967,0.0
3408.404597283392,0.0
6340.186827144007,0.0
4277.817209901457,0.0
-47.19788305916882,0.0
8278.34454732764,0.0
2779.440974343269,0.0
2240.288824078288,0.0
9082.438933666705,0.0
5428.908003269529,0.0
1466.6501665298874,0.0
10495.38515472061,0.0
1935.7961211748066,0.0
5745.817395312755,0.0
9187.96083413788,0.0
11007.780216881862,0.0
11698.11369982173,0.0
14411.079668516615,0.0
4956.972072531751,0.0
1160.812987166616,0.0
14407.409044434502,0.0
12488.848349708267,0.0
3850.2230157936388,0.0
9226.227041386337,0.0
3006.152744799514,0.0
-2567.555826932875,0.0
10818.97686037832,0.0
7380.923309549085,0.0
6405.99274208656,0.0
14548.171607918299,0.0
13530.068894457138,0.0
2201.3209570216104,0.0
81.11047773568589,0.0
-4743.637808308393,0.0
5361.8050281953365,0.0
3689.6023029168514,0.0
7581.232575695515,0.0
5681.0434341026175,0.0
2315.8283148448745,0.0
3684.128218642025,0.0
-2641.510212029666,0.0
12547.424217245156,0.0
3118.425069510757,0.0
9321.237899748361,0.0
2539.0595489442517,0.0
6571.867604688421,0.0
9199.231046261222,0.0
4267.743036220043,0.0
1152.0452814547361,0.0
18356.198029503445,0.0
4598.141409943119,0.0
9123.372735776476,0.0
5479.262823858019,0.0
1674.4728751885605,0.0
12817.043615363773,0.0
8163.206214068638,0.0
7732.029194046712,0.0
-6514.632733028853,0.0
7264.170568610369,0.0
10969.288761475224,0.0
7499.616116424642,0.0
5179.984344436191,0.0
12559.697369327054,0.0
7411.214685886262,0.0
9276.840011761717,0.0
11797.401462733282,0.0
11552.203915357362,0.0
-1019.032894523164,0.0
8404.233632132964,0.0
2292.868629397194,0.0
-4759.806206771577,0.0
8248.355278941457,0.0
-3327.4867911545834,0.0
3925.0255162659814,0.0
-7007.115008727018,0.0
854.1054900428062,0.0
4199.0871346259955,0.0
6216.080314734255,0.0
4235.535311058617,0.0
1875.8790093265188,0.0
2410.9371764000534,0.0
15247.81757565014,0.0
3846.0652771259906,0.0
6544.501593681878,0.0
17194.380959175436,0.0
-2130.8216604381114,0.0
-3836.9478610156157,0.0
1661.1059915515143,0.0
5119.318242073615,0.0
769.1799566378932,0.0
7360.179931856759,0.0
6208.531487114586,0.0
-1657.0172516574485,0.0
7763.8185980952485,0.0
-179.60682020363856,0.0
10785.08884692368,0.0
8450.087214679548,0.0
19211.611918965693,0.0
11739.264050529102,0.0
5774.942260407268,0.0
9679.637812176737,0.0
8305.51427994101,0.0
3741.0851894137304,0.0
-206.5286976661282,0.0
13422.372181637675,0.0
15902.420491889523,0.0
5470.17445899982,0.0
5964.327961053383,0.0
4884.217992151514,0.0
13667.357059407645,0.0
14162.68916380563,0.0
3253.7088279194995,0.0
5751.502535088403,0.0
5332.680013597417,0.0
9386.410190662175,0.0
12169.274828518512,0.0
14347.451685847143,0.0
6560.711737022968,0.0
2851.6110741248294,0.0
11486.144654419439,0.0
11644.454825338194,0.0
6712.044388028013,0.0
9720.243244943196,0.0
10441.653354770111,0.0
13409.084937744032,0.0
8732.225818251327,0.0
11321.215630621959,0.0
9487.356108989316,0.0
3808.69551679259,0.0
12469.523465687247,0.0
9278.10795663556,0.0
14448.187642012173,0.0
1856.0024577797694,0.0
4794.6932128171975,0.0
11201.140910421116,0.0
-108.31918399798269,0.0
8261.853926577483,0.0
6552.502180405154,0.0
6765.916834522992,0.0
7848.591037999557,0.0
11826.407498269786,1.0
24051.519569820197,1.0
9553.130147588361,0.0
14526.497695360586,0.0
16917.275473664482,0.0
11353.23783229982,0.0
13910.660732667438,0.0
-3229.633190689403,0.0
12681.234619020443,0.0
15385.444236699117,0.0
14232.219621323307,0.0
11159.964218575707,0.0
7459.249197798987,0.0
7344.7499700291555,0.0
9404.599902566635,0.0
11669.846124695703,0.0
12543.549929188322,0.0
9292.631742694723,0.0
2698.6004010194256,0.0
19494.828044644106,0.0
5171.976771371739,0.0
-4964.517251425328,0.0
17920.161907198337,0.0
15694.296594499709,0.0
10408.848973470711,0.0
15029.477514923645,0.0
12244.611213917626,0.0
5546.188885262484,0.0
10303.342592057903,0.0
3273.909453042309,0.0
6779.0163865539735,0.0
5694.204516725283,0.0
11010.64165885819,0.0
15947.372669616507,0.0
6494.927364007719,0.0
12526.98459303649,0.0
-955.5016266020339,0.0
4463.765863123722,0.0
12927.411281099792,0.0
15872.873069448362,0.0
15190.582465422283,0.0
16370.593878972046,0.0
1656.4000294745347,0.0
7636.672444518228,0.0
-3624.991744616309,0.0
9777.057064828452,0.0
11186.535512933138,0.0
8293.622666487683,0.0
5356.155137828596,0.0
12785.068253308906,0.0
13334.062711394174,0.0
11095.350621047324,0.0
7139.769051143667,0.0
10846.15026162201,0.0
10767.38358112865,0.0
11329.178837588697,0.0
13866.992919401853,0.0
10624.472934754973,0.0
3031.681424246027,0.0
8988.833785756015,0.0
12535.301192736533,0.0
8620.800318315965,0.0
11563.492313643881,0.0
6853.701489240635,0.0
17949.576166187093,0.0
12582.2596500734,0.0
11217.708585671422,0.0
14833.811985907527,0.0
14510.463712580075,0.0
11221.099910661578,0.0
15662.921400584328,0.0
13574.377687917082,0.0
11943.869559728968,0.0
10594.93975052278,0.0
4530.329758120241,0.0
11512.27151410178,0.0
11853.090020920625,0.0
5827.0049035285165,0.0
18216.704747911732,0.0
10301.998851922026,0.0
4804.520471472511,0.0
8303.086902420486,0.0
10544.155251699169,0.0
9916.923224544204,0.0
6330.905110551022,0.0
10749.67273776651,0.0
2907.2077915324116,0.0
8592.322929722653,0.0
12648.63617083193,0.0
7045.172125993135,0.0
14178.852343928964,0.0
15209.644749367226,0.0
7330.556416506815,0.0
-2041.796233958612,0.0
15308.641308582688,0.0
17706.29588694916,0.0
2107.6768972288264,0.0
11728.428613147666,0.0
12374.904845691935,0.0
2088.616865657974,0.0
7528.501000126058,0.0
17180.06672277092,0.0
11655.723227360448,0.0
10919.767839651311,0.0
17301.110025459948,0.0
7618.240636034161,0.0
1108.9610500282943,0.0
18281.51284581371,0.0
6139.043135682527,0.0
10070.68979012712,0.0
16451.375493319632,0.0
12084.996259410012,0.0
11413.426011815303,0.0
6470.658218191396,0.0
13954.36729201367,0.0
22262.57929412872,0.0
7366.941435566914,0.0
4590.748903284929,0.0
11739.220813883765,0.0
6334.685865423771,0.0
11424.52194386111,0.0
11127.758332141546,0.0
13299.13641172722,0.0
11706.989284247975,0.0
11629.551378446538,0.0
17552.602390064276,0.0
5499.551795559602,0.0
10549.221121984614,0.0
12163.241160847967,0.0
4073.507051542808,0.0
5864.84873962001,0.0
8235.010466508706,0.0
7729.7347644561705,0.0
16720.33753938827,0.0
11265.375035661058,0.0
26146.259172996353,0.0
8208.288687174967,0.0
8626.304290457923,0.0
22631.77220596265,0.0
6915.790734447137,0.0
21696.87646015423,0.0
-6756.6817273616325,0.0
6229.626327345311,0.0
17259.860713821432,0.0
19142.595411137816,0.0
12373.523775356285,0.0
6520.304972659831,0.0
9079.524192004817,0.0
14479.122241526471,0.0
11983.17308175791,0.0
15584.105757945297,0.0
6101.2727588739635,0.0
14948.504798344333,0.0
17056.230416037055,0.0
26369.423838421382,0.0
14319.087018270544,0.0
14311.490451858836,0.0
5764.149530674402,0.0
2729.564096768906,0.0
-2647.11615514609,0.0
12554.141094063638,0.0
20572.598351410656,0.0
8991.634668986078,0.0
-3173.071196533092,0.0
10967.869340251975,0.0
8778.652002256706,0.0
7803.370791040703,0.0
19842.092310491757,0.0
16221.885281677167,0.0
17922.70121802642,0.0
5887.601853650669,0.0
12028.4993294062,0.0
3896.8127044169605,0.0
16136.867331898404,0.0
3900.3996972838368,0.0
17247.60617701349,0.0
11359.85184756383,0.0
11033.979829182423,0.0
2546.7308506992176,0.0
13427.293083553457,0.0
285.4180247574204,0.0
3582.138939670651,0.0
4569.285378112128,0.0
21184.34260648291,0.0
10785.082350066175,0.0
6570.275187497742,0.0
13185.389240233057,0.0
23281.128263791936,0.0
9134.03893999399,0.0
3984.663405367899,0.0
3705.0055867166157,0.0
9815.296407958893,0.0
18523.488883709273,0.0
9298.108409630151,0.0
8301.305082944347,0.0
4310.6900462134145,0.0
3858.5632694419246,0.0
15382.79816649088,0.0
11559.494812858982,0.0
11974.58829057481,0.0
2903.949092371093,0.0
12570.97447784885,0.0
11713.17089975622,0.0
17999.872614340347,0.0
16507.59649539798,0.0
8628.630653928287,0.0
12255.639547372866,0.0
11930.699503640346,0.0
8997.842606692433,0.0
5405.275165350407,0.0
15033.653049073368,0.0
22191.61513119322,0.0
8943.969265166617,0.0
19516.852539461957,0.0
8226.780308723046,0.0
7801.298929399841,0.0
10259.647087188534,0.0
8392.261965224558,0.0
15406.344971683024,0.0
16156.45816255446,0.0
-4238.2376235930315,0.0
14496.247825115392,0.0
12506.36867347136,0.0
19610.081249673316,0.0
5380.273606126408,0.0
10991.53384551257,0.0
16936.133947127597,0.0
15034.348937806051,0.0
18487.350167513323,0.0
5891.317224425846,0.0
6319.6027737367995,0.0
13149.28041846027,0.0
2759.7987692687702,0.0
12616.35134555733,0.0
15377.594268760084,0.0
26516.806075043314,1.0
17368.349588056077,1.0
7813.773729500255,0.0
8917.652627350031,0.0
12876.135062661484,0.0
11889.93641744318,0.0
7983.332550303487,0.0
1345.0712934490057,0.0
641.986666419336,0.0
5184.674782113478,0.0
5012.410472236107,0.0
7711.4192105232905,0.0
4724.101176101932,0.0
9612.24489643205,0.0
6911.511046295643,0.0
11451.51996695066,0.0
11401.982709178068,0.0
14003.775460062481,0.0
5804.71167750537,0.0
6041.248373762471,0.0
4857.265278198737,0.0
11283.376820847718,0.0
14967.427607586445,0.0
17541.259908989203,0.0
12103.939248528612,0.0
10174.863535137949,0.0
15042.385480902436,0.0
10384.165810744815,0.0
6021.294918067573,0.0
15645.918245671257,0.0
8476.5131244386,0.0
3225.8696092988785,0.0
9988.616952488792,0.0
6475.614491438916,0.0
11397.281158448968,0.0
7796.932394276033,0.0
10204.252830315385,0.0
8289.359517807425,0.0
10288.69278813293,0.0
14731.711470715916,0.0
12654.045467017098,0.0
11517.248688558924,0.0
17189.887367255218,0.0
4346.760994126047,0.0
12817.551037198695,0.0
17850.936927861745,0.0
14599.797018672041,0.0
17924.828362604152,0.0
7119.546660455133,0.0
17958.392766169418,0.0
7977.924899126729,0.0
17780.818018005848,0.0
13179.121627654604,0.0
16610.598713973774,0.0
7572.09978220614,0.0
11179.630490479833,0.0
1707.6113641172724,0.0
14145.491358244692,0.0
15893.49956107034,0.0
14719.876437318215,0.0
18392.966126420033,0.0
16126.278780586355,0.0
13199.118767698203,0.0
15600.004180846654,0.0
9512.985410808704,0.0
16896.51654368446,0.0
14780.999089678546,0.0
14290.253179191255,0.0
12920.68667455531,0.0
9962.705737123406,0.0
7763.7854614367,0.0
11783.188483851787,0.0
17218.627832795715,0.0
3606.871341022994,0.0
13906.771119769328,0.0
32901.927442630935,0.0
14171.830862352048,0.0
12648.880652196827,0.0
15878.539192948965,0.0
12506.266540921186,0.0
13772.134392159674,0.0
15009.795763337732,0.0
8326.487784666113,0.0
20047.703994354662,0.0
15094.702968810649,0.0
19828.651726133754,0.0
14791.989851978971,0.0
19408.521875512142,0.0
14188.283607240848,0.0
30756.373617547466,0.0
20561.551025708584,0.0
21239.283344060626,0.0
14721.505048036286,0.0
6585.546301741525,0.0
12555.829263739974,0.0
17226.349200271194,0.0
14358.39201645782,0.0
11790.66065309297,0.0
10738.380507961467,0.0
7874.63476254208,0.0
12110.11018430077,0.0
17985.785843837184,0.0
18443.59986920066,0.0
17771.650100495404,0.0
13915.235683836452,0.0
15856.68186537567,0.0
14368.936536223784,0.0
16833.27273860987,0.0
16693.68316301283,0.0
17874.005093326057,0.0
13562.025683262827,0.0
13808.940803035202,0.0
22041.02417119807,0.0
21548.07403606395,0.0
3435.3838793172217,0.0
16366.309110810693,0.0
15868.19955916876,0.0
18867.151655489535,0.0
3384.729052332121,0.0
4806.88631185775,0.0
12274.454640428572,0.0
14486.182867082593,0.0
8202.178012238883,0.0
19896.48917936739,0.0
19980.40095317122,0.0
17601.854649565266,0.0
18869.156886854867,0.0
7937.954175006088,0.0
13201.541072947179,0.0
1513.3177044406657,0.0
19193.231766310862,0.0
20328.059427889428,0.0
16850.994959275115,0.0
9199.783502693821,0.0
14382.083112411394,0.0
19555.395196431527,0.0
7584.090595497447,0.0
15440.636066586458,0.0
18278.69064243488,0.0
11150.189181845213,0.0
11559.472349858848,0.0
20829.828355374884,0.0
17899.959906395954,0.0
22409.036032575044,0.0
16338.851923616694,0.0
8993.169267508732,0.0
14334.17907632198,0.0
11074.48327615686,0.0
13309.607291036842,0.0
17073.231935767613,0.0
22949.199890112533,0.0
15599.35100833271,0.0
24656.14392654007,0.0
7892.194619968075,0.0
13245.974189212213,0.0
14602.434358068449,0.0
3938.470031210778,0.0
6247.873347254184,0.0
13137.35780959005,0.0
14999.022142546299,0.0
17707.85759436395,0.0
15075.632358485072,0.0
13338.330326252317,0.0
7482.949008387147,0.0
15302.713428818357,0.0
23057.272043518165,0.0
17433.85320126554,0.0
11414.189203490245,0.0
15305.28479573683,0.0
16600.24363365728,0.0
21565.16042654577,0.0
11240.58245747826,0.0
17654.552596994276,0.0
17972.777662703236,0.0
13404.624886481604,0.0
14167.547673683492,0.0
13060.483098368784,0.0
15066.509889000263,0.0
15886.290053832141,0.0
8208.956861975252,0.0
13623.22040658134,0.0
22449.78171962966,0.0
14730.838190252312,0.0
4833.778692728927,0.0
22256.33144501094,0.0
13411.645207821117,0.0
15548.442155728515,0.0
17413.23655878196,0.0
13057.098654918125,0.0
9090.019534477433,0.0
10968.953635768416,0.0
15956.935966564568,0.0
14264.864854943733,0.0
12832.509446418177,0.0
25983.928917383797,0.0
15759.507943542341,0.0
19741.58343194975,0.0
25921.30422412767,0.0
15516.200888035499,0.0
12168.900541369487,0.0
13594.497676664392,0.0
14676.846548185593,0.0
23546.310690424674,0.0
20533.863107954377,0.0
13800.334493424367,0.0
11202.566824516016,0.0
18664.101382592704,0.0
23773.469481477066,0.0
11862.714329887167,0.0
23005.8524965249,0.0
16185.741879950578,0.0
14497.235269506624,0.0
12846.305385782609,0.0
11169.869812967143,0.0
12028.514285492067,0.0
21196.444422834997,0.0
6782.29015621255,0.0
12020.948297010833,0.0
14261.892025552763,0.0
7838.376389803324,0.0
11537.919692763207,0.0
6663.953397244314,0.0
17796.02466495253,0.0
17443.444254645397,0.0
6645.462160422528,0.0
21822.370828100353,0.0
8637.379750907443,0.0
4326.206577315757,0.0
4228.349530769345,0.0
16384.832793764057,0.0
1316.9838410476586,0.0
13306.17240942507,0.0
15412.027920879753,0.0
19350.15132663279,0.0
11908.931458552233,0.0
19537.695839207692,0.0
11477.870891111115,0.0
19087.668207671726,0.0
8631.964259757098,0.0
15169.930447383553,0.0
12133.620021262435,0.0
14981.8890814428,0.0
26059.09872206283,0.0
13930.214740933641,0.0
13756.7634094826,0.0
15111.722989979513,0.0
15559.480799591345,0.0
2431.8331740118956,0.0
18059.771879647782,0.0
5948.258569833417,0.0
3465.222740686311,0.0
14236.600965753834,0.0
6869.3793607137895,0.0
14951.645844453928,0.0
19585.904498451084,0.0
13779.42347883696,0.0
8251.859399669469,0.0
14615.234274638493,0.0
24828.170228939092,0.0
14089.561573625455,0.0
22922.924783901242,0.0
21807.593678100046,0.0
7475.878577240899,0.0
18315.33610973263,0.0
6420.661623188727,0.0
16567.9815823112,0.0
16599.780349095217,0.0
12759.397537591736,0.0
5434.481323353159,0.0
11728.299950534909,0.0
11374.614001187647,0.0
16260.845112910607,0.0
13562.936621299534,0.0
15986.393945455316,0.0
11386.07141599824,0.0
5193.222363914765,0.0
13304.602540596215,0.0
21248.053182494543,0.0
8937.483353164203,0.0
8587.538018946245,0.0
3593.9186088691604,0.0
23756.943437166585,0.0
8169.7407761191935,0.0
19600.843482169686,0.0
14818.625039417931,0.0
12703.453438346292,0.0
14515.534509207428,0.0
23272.232826775056,0.0
22243.736019463744,0.0
16414.297429898077,0.0
11607.573906858228,0.0
21703.17696147735,0.0
17646.947378557652,0.0
14424.41388066336,0.0
16399.559531632978,0.0
9787.1996145285,0.0
18307.508719232035,0.0
12330.919817534763,0.0
12771.595430850388,0.0
7826.198909951782,0.0
14799.480192126184,0.0
15895.173872609483,0.0
5939.253608350096,0.0
15745.849425382912,0.0
16245.166489283716,0.0
21058.86420661144,0.0
20056.95504661997,0.0
10625.547353724682,0.0
20194.936998733585,0.0
17083.873199447477,0.0
13020.07588091608,0.0
10240.285301017737,0.0
18345.416842114882,0.0
18935.670544792818,0.0
11856.79948508392,0.0
15860.935752948075,0.0
12243.099775246583,0.0
10245.443835580072,0.0
9598.601929592254,0.0
17857.666451045196,0.0
16106.528754714584,0.0
16465.647326781836,0.0
15525.176168721435,0.0
14933.808013497055,0.0
19296.58284176076,0.0
6161.965594956768,0.0
18914.22519838863,0.0
8903.44767964733,0.0
13437.88536773345,0.0
15204.299491765934,0.0
15026.289401808355,0.0
17425.41720993688,0.0
9685.810559933681,0.0
23937.022652059215,0.0
20907.745656319446,0.0
17490.1188068549,0.0
18887.15019991976,0.0
12616.100599085561,0.0
5452.783162775309,0.0
6709.247061884077,0.0
17332.546293528503,0.0
1497.380896014778,0.0
23334.30575782872,0.0
17259.821686768515,0.0
9640.320426615752,0.0
12261.629683879952,0.0
6458.040487385517,0.0
14483.42484341588,0.0
17191.803273918948,0.0
21258.84177380557,0.0
8643.62785260769,0.0
21128.146202021755,0.0
16716.369153915522,0.0
14755.601952862287,0.0
15137.693610693701,0.0
18037.623698100713,0.0
25777.244296612636,0.0
23407.92647471471,0.0
19646.325537323206,0.0
11692.146953403952,0.0
14519.23335869767,0.0
19973.671891820388,0.0
17729.401108034508,0.0
11685.152667267532,0.0
26170.53504465088,0.0
28345.947373804163,0.0
19520.669133249692,0.0
14525.555111867872,0.0
16114.492092080009,0.0
10628.7150986187,0.0
9991.956406275247,0.0
18386.972501699107,0.0
15428.096497687977,0.0
21295.978160950333,0.0
31652.990097232756,0.0
19273.584043067094,0.0
16812.06392769881,0.0
17292.697548186603,0.0
18694.63524186281,0.0
24491.279893390565,0.0
17848.866614929004,0.0
21339.399157096235,0.0
11076.611208494673,0.0
11677.651975476252,0.0
16209.210680698077,0.0
22171.659302580385,0.0
12306.92181403424,0.0
23862.041101011793,0.0
12239.413788482487,0.0
17928.597111485105,0.0
17355.969977656736,0.0
25299.30854941069,0.0
12273.902435551383,0.0
12759.905261923977,0.0
15857.521464381502,0.0
22134.678587713894,0.0
21886.079756691768,0.0
10921.827625175365,0.0
13538.525712678935,0.0
10983.045425979393,0.0
26992.030842644963,0.0
20175.25350511873,0.0
21053.345376017554,0.0
5729.230817821412,0.0
18949.4164736879,0.0
16822.92997764197,0.0
22937.66797254901,0.0
9445.862394802696,0.0
25388.806059863462,0.0
21862.60484893612,0.0
21684.653161292463,0.0
11923.374302892258,0.0
28649.08083809183,0.0
20266.281514182825,0.0
20265.03352614319,0.0
18474.11440957916,0.0
16972.392720913078,0.0
19662.42675515359,0.0
19459.34143339506,0.0
24170.889428341896,0.0
21494.958747596895,0.0
15021.810174652745,0.0
19986.817768777615,0.0
24572.528371118282,0.0
15361.276951821936,0.0
18273.523673711406,0.0
24843.546563484713,0.0
21675.500887042697,0.0
16115.541981977358,0.0
22241.13459905731,0.0
24833.451262964067,0.0
22498.337128703915,0.0
19905.692315285567,0.0
29112.07265725179,0.0
11346.417683964377,0.0
21045.001900943764,0.0
22041.819812153688,0.0
14228.086543746003,0.0
14843.8187938428,0.0
15176.816330890697,0.0
20219.660590804888,0.0
18796.321699182932,0.0
22465.278728247533,0.0
26055.429559693348,0.0
15919.245399563693,0.0
19495.617318559103,0.0
21371.710777301396,0.0
8541.5720049277,0.0
17761.11311057171,0.0
9378.61781519944,0.0
14775.127650232116,0.0
13478.38557622514,0.0
24204.151809969848,0.0
15448.952088216778,0.0
15069.266939233192,0.0
22900.26167430752,0.0
17756.280315856005,0.0
11619.533530440815,0.0
24589.963058440262,0.0
23949.820073048915,0.0
16810.495437678383,0.0
10106.580296349299,0.0
14723.157078046457,0.0
13422.604593659955,0.0
27143.72470696868,0.0
14747.39148663137,0.0
23216.608862689933,0.0
25172.814960976713,0.0
20404.990935435566,0.0
20281.92616141965,0.0
25844.906179127924,0.0
22988.115432173185,0.0
10513.016499751719,0.0
24175.435944539116,0.0
6454.241476175344,0.0
14709.191877853673,0.0
22939.87202715723,0.0
8248.396223690916,0.0
24370.194904195283,0.0
29810.739810498264,0.0
16963.436683356136,0.0
8295.941848207216,0.0
27207.580832403797,0.0
13489.145552384973,0.0
11060.49731015912,0.0
12018.541066295455,0.0
15275.193720947615,0.0
14042.135031380818,0.0
28314.634959329414,0.0
12950.607695903367,0.0
9239.26150989298,0.0
9627.592424031784,0.0
15150.481778025276,0.0
26592.30858068374,0.0
10221.55976564237,0.0
16213.22389067358,0.0
21464.177189812624,0.0
16447.05083555678,0.0
16325.337382811886,0.0
15975.112864169649,0.0
19960.05713632179,0.0
13616.773811914241,0.0
25470.055020939817,0.0
8782.96770672476,0.0
22824.756029378907,0.0
23638.925195540207,0.0
18374.749884015706,0.0
16137.90776962971,0.0
24533.964889397466,0.0
12314.304974154311,0.0
17161.624264391623,0.0
12900.852498892149,0.0
18938.003999445635,0.0
12758.703975537363,0.0
14835.789524921327,0.0
20923.51505546676,0.0
17614.871584754605,0.0
18768.63949514566,0.0
26153.127637947284,0.0
7174.1300862688695,0.0
14863.018971843303,0.0
18377.54917876044,0.0
25258.299817719104,0.0
12115.34619060827,0.0
16354.543755782099,0.0
20699.111681214446,0.0
12418.112902806917,0.0
15485.548662446807,0.0
