46.27946116771068,0.0
-31.704302885206516,0.0
254.95868707297066,0.0
-26.441435018056243,0.0
11.496755206091864,0.0
165.98325259089592,0.0
-95.3675530734375,0.0
-62.05557575159122,0.0
19.677323972620993,0.0
-27.59939454184937,0.0
-116.10667445606474,0.0
-3.4890839708376262,0.0
-24.636844512638497,0.0
73.29691922855838,0.0
-171.61631106905426,0.0
-65.44036704055053,0.0
123.76708069254059,0.0
203.81170321363442,0.0
-158.50457583957905,0.0
67.63675479545238,0.0
-99.8539832482151,0.0
-77.87359917231406,0.0
-82.44964899915277,0.0
-32.3160045145043,0.0
116.51456368041761,0.0
89.72443018758128,0.0
18.203520380547687,0.0
-23.106945265836238,0.0
10.34496010194284,0.0
-4.110830411506592,0.0
97.18176313328081,0.0
-54.24427440353898,0.0
11.35022854371963,0.0
2.399222045162734,0.0
2.5135035598222633,0.0
32.13993754851322,0.0
31.732168279876017,0.0
151.00957463577637,0.0
2.887792880875798,0.0
178.78597273479184,0.0
-15.08030650138528,0.0
-36.10828480022325,0.0
22.5662254348805,0.0
48.281224464803216,0.0
34.279101518745705,0.0
144.51143346422012,0.0
128.50338705663296,0.0
63.860856099733795,0.0
-20.277631849029937,0.0
1.4467641494701429,0.0
166.24846735346947,0.0
35.20689868840053,0.0
-121.48435020262323,0.0
-71.32710637424957,0.0
-51.57419822109931,0.0
132.8524344308247,0.0
0.7597857756798287,0.0
251.05804098401282,0.0
80.87149187012814,0.0
25.090736180356977,0.0
-30.700105275970664,0.0
113.96992695985722,0.0
-13.247706210895515,0.0
-68.44064681707908,0.0
67.59029487023545,0.0
15.33819410648393,0.0
137.7181812614142,0.0
5.280945230124942,0.0
-287.9469029851251,0.0
94.79505002565892,0.0
-184.95245401676763,0.0
173.39702850513405,0.0
209.03927383721793,0.0
-34.790460768652814,0.0
-107.16323421207798,0.0
-134.5362766257073,0.0
102.53098312655585,0.0
-6.199767989323032,0.0
-50.76076655745276,0.0
-15.53180149952179,0.0
228.06009316245226,0.0
48.38766850096257,0.0
87.21779569851265,0.0
92.4882702528567,0.0
112.82013856046876,0.0
111.32301171623058,0.0
-65.51939265351866,0.0
-13.57061457421068,0.0
-79.79461435674976,0.0
-71.59247663965982,0.0
119.73044422097195,0.0
-49.628127331789145,0.0
-5.302026630541924,0.0
-72.66915762022651,0.0
-62.240819793842284,0.0
82.6766880651411,0.0
-46.72025340040588,0.0
-50.56861397372431,0.0
51.76826757844083,0.0
52.49510632565161,0.0
89.11561005629933,0.0
35.911138996570784,0.0
-169.94634165622867,0.0
78.11052615602043,0.0
55.26874622719299,0.0
121.79040033946836,0.0
-76.78438594354999,0.0
276.4024284156619,0.0
-117.26249392645786,0.0
91.2486612888641,0.0
19.82015076692062,0.0
-37.0943606678186,0.0
97.60247726747237,0.0
-14.518637784760003,0.0
-229.97866197758776,0.0
-110.43348225343506,0.0
63.002832057438816,0.0
243.73569916102133,0.0
-152.36629002418383,0.0
-1.777360198680434,0.0
152.1645153296078,0.0
63.653403750612384,0.0
-39.398112728743115,0.0
-143.14279801104345,0.0
-174.82136716339724,0.0
-68.44632954628206,0.0
-23.64173264319176,0.0
-223.90546414442545,0.0
-171.64615898419504,0.0
40.84907508386699,0.0
-28.89838142164976,0.0
-55.17265817630087,0.0
-30.743863294233208,0.0
-70.23457217282981,0.0
107.28530429904865,0.0
186.01147430820535,0.0
229.4973504319225,0.0
89.44926589038728,0.0
90.36732843104144,0.0
165.46113387953517,0.0
191.34238976940074,0.0
159.682385090235,0.0
139.15396129835187,0.0
-60.567420625474526,0.0
-155.78914956862033,0.0
101.00278930111419,0.0
2.158103714325586,0.0
11.160777457010848,0.0
-81.28954688809006,0.0
-124.45417382056092,0.0
162.07042871798944,0.0
60.783505147413194,0.0
-105.70912333455028,0.0
52.95043012085723,0.0
44.053785684131384,0.0
69.73574049745588,0.0
245.24327126885677,0.0
2.3601665941527,0.0
-131.21709465789905,0.0
15.832883961092676,0.0
-63.79503858977996,0.0
60.538173976621174,0.0
34.08337356021137,0.0
48.34386973238414,0.0
-48.476853328414485,0.0
46.389935839623064,0.0
-41.5197285633391,0.0
60.2542904324116,0.0
-29.571820805364656,0.0
-117.30739481262104,0.0
52.28913738652194,0.0
-60.06076186508672,0.0
160.44577670406412,0.0
61.46078878351454,0.0
59.05665662662413,0.0
22.629850631111644,0.0
8.774690435419009,0.0
-238.33591256939602,0.0
140.19100465990508,0.0
-72.36958887661979,0.0
115.30037749290669,0.0
-55.97208431725721,0.0
-3.012241269916938,0.0
-8.514819359925447,0.0
-97.9256711470821,0.0
-0.010215763056763194,0.0
53.96298967288374,0.0
-31.442322902650858,0.0
-117.5871522754912,0.0
-54.12342352592679,0.0
38.202834399140826,0.0
132.32771249685786,0.0
99.68047557268632,0.0
42.14518865067882,0.0
-84.42608772982699,0.0
107.12180710663338,0.0
17.539416146916057,0.0
-17.171200121735648,0.0
107.45966140505286,0.0
76.80448975652794,0.0
65.40392891881899,0.0
-106.78315328530336,0.0
-52.03583388470685,0.0
-166.717103751283,0.0
35.394144387874604,0.0
16.96216759187167,0.0
109.8143905841516,0.0
37.24079602599757,0.0
-25.592963671307935,0.0
233.46975997830995,0.0
-96.98988721701085,0.0
-127.15974643009326,0.0
-49.04117867780077,0.0
61.03412291124919,0.0
-30.638224753451624,0.0
-34.22816840187153,0.0
-105.60959488253206,0.0
166.48371305325043,0.0
-53.38425668649566,0.0
-101.35264805449539,0.0
-3.851934286204491,0.0
-78.72254411878099,0.0
-18.39235326283529,0.0
155.0412258836295,0.0
-44.82794558402603,0.0
6.777765323609351,0.0
-26.655918543167267,0.0
-12.111176606698738,0.0
97.9745735673155,0.0
64.7619890650574,0.0
-20.831312096609047,0.0
-81.64027382720431,0.0
0.9222501781912218,0.0
111.32906477443146,0.0
7.17985062020941,0.0
-5.389813421073594,0.0
-182.62872824526144,0.0
104.25540120311607,0.0
-155.40149847625375,0.0
-134.47766764316725,0.0
-31.40719243066738,0.0
8.633726254484799,0.0
26.728157081241978,0.0
-79.10787115502434,0.0
-32.84446643664598,0.0
-57.66590812196022,0.0
-184.80017862565276,0.0
-26.800740621526597,0.0
-72.77121413235403,0.0
43.96880729997243,0.0
-0.2297547076752906,0.0
105.09117441022734,0.0
73.02532010350252,0.0
95.33682489707859,0.0
129.7443388605558,0.0
86.71398279059079,0.0
0.5507710141639421,0.0
141.9253050060858,0.0
-97.40176196158063,0.0
-2.7206376097206246,0.0
95.16653002162536,0.0
-25.154939516793572,0.0
87.98965784598319,0.0
-79.2725227796415,0.0
-30.69006245115567,0.0
69.28744864184249,0.0
87.66862869417538,0.0
148.56711989068302,0.0
10.650811063575278,0.0
43.28044129010583,0.0
77.68007958157438,0.0
61.02800580701762,0.0
-124.62933466019246,0.0
-50.79555351745136,0.0
160.34811620795685,0.0
-118.48014055852263,0.0
78.96198954977116,0.0
-30.639499728194338,0.0
117.22462731061223,0.0
-70.62147983428352,0.0
40.133703533885196,0.0
-200.54520694305464,0.0
7.601380818577928,0.0
125.70662483113027,0.0
-131.42211534411373,0.0
127.37034215019732,0.0
-69.00342919138782,0.0
5.625694450081316,0.0
-278.0204525286697,0.0
130.13512915328673,0.0
-76.8489296156855,0.0
-39.44120115337386,0.0
-104.06946657814584,0.0
-94.12958484555011,0.0
119.93184490260354,0.0
-53.39559808085478,0.0
93.87484330183707,0.0
-12.48161568600597,0.0
43.29999698541163,0.0
-53.10584826131084,0.0
50.80437248759305,0.0
271.5098428348846,0.0
76.48063147057503,0.0
59.05651552075581,0.0
-49.92152265975187,0.0
106.03217875537763,0.0
147.56384840304145,0.0
-169.52878357564006,0.0
-129.78026352752173,0.0
227.45111713348177,0.0
44.67170466740771,0.0
13.551551433165239,0.0
72.04800254507022,0.0
124.03743982318412,0.0
83.99627404774735,0.0
-23.39875390631914,0.0
217.4542536476693,0.0
4.324053602456313,0.0
-88.75325920777004,0.0
-48.43093263439022,0.0
-13.876884737577488,0.0
-39.77614382199456,0.0
-13.697303073313567,0.0
44.088608218647586,0.0
-344.4432678240643,0.0
-81.67556469652534,0.0
103.67973963367831,0.0
62.052070957852095,0.0
-64.39243207305196,0.0
-65.50290103439922,0.0
119.62431862884102,0.0
-25.983789198439915,0.0
-52.61216188906059,0.0
194.64214099259607,0.0
-38.795141354823535,0.0
79.7692684608,0.0
-2.790265343976494,0.0
11.32690926646822,0.0
-96.35257807081305,0.0
-77.74104232341071,0.0
146.95680313877247,0.0
-111.45590210786268,0.0
32.0917432973536,0.0
-113.28302807559696,0.0
-18.218934665475736,0.0
-0.9026999543834417,0.0
-167.93368028830963,0.0
119.03353048299083,0.0
-9.278351658784008,0.0
130.41139027288241,0.0
-97.9945974398176,0.0
95.64340932336808,0.0
250.83373554067768,0.0
32.71160009769608,0.0
-67.8697074880108,0.0
50.210512565893,0.0
18.77107600831868,0.0
-21.026329705502388,0.0
-9.639698835494114,0.0
-60.71186886882865,0.0
44.458616942655304,0.0
-40.62640547564716,0.0
-75.87517182118994,0.0
88.5166298009939,0.0
-4.392107698663299,0.0
277.46578735444155,0.0
-14.16639218579914,0.0
-64.24012496873073,0.0
-56.6356668855898,0.0
38.922561784802795,0.0
-70.14319506108718,0.0
-129.50511099527884,0.0
180.93367559509207,0.0
-130.0762695568234,0.0
158.76325166471293,0.0
14.79513876416195,0.0
-111.40131271441703,0.0
183.78327932262815,0.0
-20.339838170953506,0.0
-105.67962805198393,0.0
6.860676745399919,0.0
134.93269879889738,0.0
78.71645747031017,0.0
90.66315015521066,0.0
184.00879864982065,0.0
25.505183573456133,0.0
39.41845484397474,0.0
-17.703023321714298,0.0
-150.57990610227625,0.0
-14.159948945983395,0.0
170.60164555228377,0.0
-181.56672361242065,0.0
149.96379939888612,0.0
31.432358394997326,0.0
-95.50253856567144,0.0
6.866962837057637,0.0
186.31484538198706,0.0
-54.114784150399736,0.0
87.92376947278258,0.0
118.68221850347892,0.0
-91.09438000911604,0.0
66.36387105459906,0.0
56.13134457987745,0.0
-49.73288997829372,0.0
71.8467909800741,0.0
-28.88492958201835,0.0
-43.56546118251069,0.0
-116.50828678225889,0.0
50.43220851125517,0.0
-33.016872655865676,0.0
-46.6246492147927,0.0
-109.51629015955486,0.0
-128.18843592805234,0.0
-63.78168846524987,0.0
94.56401299242313,0.0
-82.36642753572715,0.0
166.5483985033855,0.0
50.82151116155133,0.0
19.579134149406997,0.0
-115.20548651475595,0.0
205.90797632741652,0.0
-148.10514192757938,0.0
58.01806103204176,0.0
182.71468047732637,0.0
-13.867173079332701,0.0
-71.69362981505598,0.0
-1.9926747571338144,0.0
97.04200278148147,0.0
145.5120609467832,0.0
69.39824957711555,0.0
-110.16884790175871,0.0
-67.71440827463363,0.0
27.335060389732334,0.0
-133.85438977845,0.0
-11.204931828630912,0.0
235.0491000517451,0.0
-102.91504746303961,0.0
133.72869392686536,0.0
-91.85885566788913,0.0
-20.737841233062483,0.0
-5.355912705694084,0.0
-155.9112869167856,0.0
-9.021611778079688,0.0
136.0209210211896,0.0
86.22487459867641,0.0
73.18780408488554,0.0
-84.38215597431576,0.0
-12.214188728470779,0.0
22.221240862748235,0.0
84.18742683794486,0.0
142.8133632929766,0.0
-103.81778513970443,0.0
178.26217126794577,0.0
-30.02064344889004,0.0
-26.393693818173382,0.0
-126.75155392462229,0.0
-7.1108896905303505,0.0
-23.933967662922974,0.0
-129.48466961485778,0.0
-24.56265217016347,0.0
24.72890999694429,0.0
-33.154467319158194,0.0
81.73504658845772,0.0
-107.47709947008762,0.0
108.33794578508895,0.0
-18.507325877071793,0.0
44.04662631863278,0.0
-193.53774731219883,0.0
13.545849989667607,0.0
2.5074095983142497,0.0
105.14451478544623,0.0
-123.75766378222373,0.0
144.07156261661146,0.0
-112.5549999398603,0.0
144.105397624517,0.0
68.64577313271707,0.0
-79.13393435972706,0.0
227.58191715241793,0.0
-125.40662557608817,0.0
-9.038027996571003,0.0
29.71884581198918,0.0
54.72884459663508,0.0
23.74551611570413,0.0
86.81916289499961,0.0
53.169366705519124,0.0
12.429802426660832,0.0
-86.4999801324741,0.0
-36.190235520798986,0.0
94.65925689963834,0.0
-105.35175961619109,0.0
20.641707264335306,0.0
-211.85218570242898,0.0
-71.96122914287895,0.0
-158.25004010879027,0.0
136.53737231068953,0.0
-176.1844865499787,0.0
-15.131831888189161,0.0
76.40492379625151,0.0
63.86464287177072,0.0
84.09778497159479,0.0
119.428150439439,0.0
49.664986912672866,0.0
87.53928742169151,0.0
-5.678769214444281,0.0
-0.6892951355238455,0.0
-181.64487293115974,0.0
17.695149368218363,0.0
144.92210987590838,0.0
-75.45080954049119,0.0
-122.69241913261959,0.0
18.56939909604837,0.0
122.98691949613688,0.0
126.55514851093928,0.0
-154.3807728530261,0.0
51.20176319335366,0.0
-59.83266986381585,0.0
29.103370285345004,0.0
-236.8058991751418,0.0
96.68445374098609,0.0
-38.49280682631832,0.0
23.503051186378226,0.0
-13.84323365320813,0.0
-95.45060425357511,0.0
55.12257281383124,0.0
-50.5214467997269,0.0
-63.20657970035532,0.0
81.14143592560232,0.0
-5.768805179413649,0.0
-73.37053636413341,0.0
100.52003924718841,0.0
-49.92768140349485,0.0
-3.2883418630559085,0.0
77.01113678028067,0.0
98.98380218523992,0.0
125.88238687741026,0.0
184.7725268192324,0.0
6.718195951528243,0.0
-82.71910749946433,0.0
174.8589644338939,0.0
147.96291766623375,0.0
-19.399401202542393,0.0
74.5479689689564,0.0
-39.60586610444612,0.0
-163.3421683270388,0.0
119.89214663467928,0.0
49.296682108710215,0.0
22.836377605521598,0.0
177.26132463159493,0.0
150.27428683857613,0.0
-67.29860778460774,0.0
-110.2710621969081,0.0
-193.7316037594049,0.0
1.6526431492864166,0.0
-40.49984437263223,0.0
38.09501688439861,0.0
9.347679370405517,0.0
-64.84137956267378,0.0
-41.41142442954196,0.0
-163.4161414998444,0.0
128.84230453529074,0.0
-47.85831794617426,0.0
71.2287924416576,0.0
-64.98989298376392,0.0
7.431547050191063,0.0
67.08643591702258,0.0
-18.718509514443546,0.0
-80.5067958193934,0.0
249.8866280539597,0.0
-20.818672493050858,0.0
59.60501392414371,0.0
-5.489674020505042,0.0
-81.10233426418736,0.0
137.85000621357113,0.0
41.028230036673314,0.0
35.7575898460209,0.0
-238.68879829930285,0.0
30.118873131042523,0.0
109.05994276122925,0.0
29.68265605721235,0.0
-12.568929721912287,0.0
131.11548298359708,0.0
35.8137644798694,0.0
63.89821573038592,0.0
110.7340553515564,0.0
104.98131667248809,0.0
-130.84793186530683,0.0
40.273595743234914,0.0
-79.88499219536088,0.0
-210.59242176555895,0.0
29.93761887403666,0.0
-176.28703772239814,0.0
-42.92827280009851,0.0
-263.18858196209464,0.0
-107.09297608512672,0.0
-46.277279470664816,0.0
5.186231373432368,0.0
-47.62486750933585,0.0
-96.96238554713776,0.0
-94.5069679980168,0.0
160.7107298082293,0.0
-43.36526853405662,0.0
-2.268583350441846,0.0
197.6267126423611,0.0
-182.78118534244672,0.0
-217.00220422163872,0.0
-104.21678604238993,0.0
-35.506884484689934,0.0
-120.35837855162684,0.0
-3.5212018364133177,0.0
-9.366251593996372,0.0
-159.7254058732229,0.0
26.863058728298324,0.0
-150.71352916292034,0.0
74.21784944832079,0.0
23.001121282727986,0.0
231.3646535569287,0.0
97.1070371564889,0.0
-22.108201893507122,0.0
35.393714214187646,0.0
14.65837947436209,0.0
-75.37879627145105,0.0
-150.19807560769496,0.0
114.50111099662547,0.0
158.5769925983012,0.0
-49.37974302314456,0.0
-27.82533224395439,0.0
-51.571628231322045,0.0
108.31132999274719,0.0
126.25694380558103,0.0
-80.13270136434866,0.0
-24.352388254644033,0.0
-45.88981779671319,0.0
22.816492905373998,0.0
79.98076668342225,0.0
111.64140568547035,0.0
-27.563918197156003,0.0
-93.82165984212217,0.0
57.000132091138404,0.0
61.81666133142051,0.0
-35.22729623586305,0.0
17.238208590865646,0.0
49.20465846132763,0.0
93.02269606323885,0.0
8.184950999188656,0.0
50.801450995416175,0.0
18.533162148135187,0.0
-97.56098441951481,0.0
80.67073004441873,0.0
10.299383419958096,0.0
110.46025079875528,0.0
-124.52674472720008,0.0
-67.72354579082345,0.0
45.16656105386785,0.0
-169.05068344198548,0.0
-4.050359397572677,0.0
-33.00478058303307,0.0
-31.554953800145476,0.0
-12.474431938827838,0.0
-219.84371500908355,0.0
15.355308598328136,0.0
19.776749345332803,0.0
122.08143876927089,0.0
165.43995533726456,0.0
50.204354984325995,0.0
103.05910912636807,0.0
-241.08916954634014,0.0
68.38461199570077,0.0
130.92103342788585,0.0
102.26896262072087,0.0
36.88287630421334,0.0
-24.32087180683073,0.0
-28.24998383729247,0.0
8.437645372548271,0.0
47.988205983071566,0.0
62.958182434450414,0.0
-9.916656327233886,0.0
-131.78831527103713,0.0
191.22793712955502,0.0
-90.76822349196968,0.0
-280.9378278794412,0.0
149.57272767446608,0.0
106.26275078073328,0.0
19.78142099343457,0.0
102.04817673169842,0.0
46.657725280688474,0.0
-87.3388201700998,0.0
12.196340872459437,0.0
-129.62400599583435,0.0
-68.16035254381055,0.0
-90.91036462088505,0.0
16.3845120155377,0.0
111.53065022319267,0.0
-67.70077865568554,0.0
48.27919189000599,0.0
-223.63016033441843,0.0
-112.44793330880644,0.0
56.15070587140638,0.0
100.4636674015483,0.0
98.93762364219916,0.0
112.16895040027485,0.0
-171.8852454483638,0.0
-54.60841584352703,0.0
-270.5972578490134,0.0
-16.35012108886034,0.0
24.636562625445993,0.0
-35.6149384776304,0.0
-97.22345541778957,0.0
45.047735066034605,0.0
55.764666633939406,0.0
14.012533526448804,0.0
-60.2821704277205,0.0
4.515591355105589,0.0
8.946725136144423,0.0
28.036238285014356,0.0
65.25964555281949,0.0
-2.8224876540091093,0.0
-151.5948241897813,0.0
-25.737651279294663,0.0
52.93223454581589,0.0
-32.1082645603329,0.0
34.883400150592685,0.0
-56.82676029533377,0.0
149.87091594782612,0.0
50.36622816998567,0.0
25.682219950532428,0.0
90.39995424322285,0.0
93.0826313315858,0.0
21.461267563575454,0.0
115.99926184309756,0.0
84.74319748658208,0.0
34.48795628912305,0.0
14.292372118218227,0.0
-104.24196525142682,0.0
29.258930372275216,0.0
21.6064316721631,0.0
-80.42651470056668,0.0
154.79691520434181,0.0
11.552407047744016,0.0
-100.46247843262164,0.0
-40.8307580035615,0.0
-4.429160552251577,0.0
-3.721568824413002,0.0
-81.84527824874291,0.0
3.6854788321037284,0.0
-152.8447862752623,0.0
-45.06940043617191,0.0
45.59198038012757,0.0
-70.64305673377919,0.0
70.81074270715911,0.0
100.99420530213122,0.0
-50.422992230796694,0.0
-241.6593461399464,0.0
105.35912439623112,0.0
153.3246347408904,0.0
-152.86020079502455,0.0
33.02047413947422,0.0
44.24134108328543,0.0
-157.39135424821401,0.0
-43.1394247837057,0.0
142.84749986006318,0.0
34.228849584091236,0.0
15.112242761814873,0.0
133.85860094424885,0.0
-47.18752255596719,0.0
-176.19519733370282,0.0
149.63412685042945,0.0
-71.90327511685167,0.0
10.864138636998057,0.0
135.46347970775463,0.0
42.16534389290763,0.0
32.59987993192755,0.0
-46.45059922012986,0.0
76.26775610326963,0.0
246.1070199878228,0.0
-47.74921758083313,0.0
-101.10550877117984,0.0
39.84887512706223,0.0
-72.47719047306069,0.0
17.446014629107,0.0
6.806337662112003,0.0
65.43628379738155,0.0
29.423586369110538,0.0
37.5984164692679,0.0
138.179533644496,0.0
-96.76216325951602,0.0
15.01144497873626,0.0
45.780948939993905,0.0
-121.57601347544109,0.0
-94.1067881272497,0.0
-29.768787917838168,0.0
-51.03187181955322,0.0
122.53556471969641,0.0
25.074107346003263,0.0
321.71352301984246,0.0
-34.066436353623864,0.0
-27.364040486029097,0.0
249.96127736102065,0.0
-41.30896822351385,0.0
239.7683444381849,0.0
-321.1447801459348,0.0
-63.93030286123003,0.0
152.61049020983722,0.0
175.8806672676162,0.0
66.85090557895514,0.0
-62.196998767111126,0.0
0.3870655271961372,0.0
93.8398780531565,0.0
45.386019448632354,0.0
124.19076901680208,0.0
-58.28738521059054,0.0
94.02043816129176,0.0
141.37807656351276,0.0
338.94648078266215,0.0
87.96869690187216,0.0
81.06914187079175,0.0
-81.35072052038288,0.0
-133.50866423272157,0.0
-233.05037247776724,0.0
57.778475907354924,0.0
231.78920351091125,0.0
4.901708409693011,0.0
-243.71638932219597,0.0
42.48729154013292,0.0
-8.444072194274503,0.0
-31.937954980760953,0.0
193.06769902422752,0.0
141.56764669959924,0.0
167.6120792728232,0.0
-65.27642753003117,0.0
46.019877444294316,0.0
-104.33496838347683,0.0
138.24310548587596,0.0
-109.35157198678019,0.0
140.5431173252685,0.0
42.571625397989436,0.0
37.45467880212071,0.0
-131.91926947348855,0.0
91.61327244609853,0.0
-169.30126008523615,0.0
-111.8092581065018,0.0
-78.41250870164201,0.0
237.19666671697524,0.0
30.165092401440432,0.0
-51.856463650929925,0.0
64.8131569341704,0.0
257.3592544774702,0.0
-8.898255868472857,0.0
-103.52157293609936,0.0
-104.50023502547928,0.0
6.560268074475319,0.0
194.5966773531724,0.0
2.4295216508676596,0.0
-6.00602514671521,0.0
-85.1043785353276,0.0
-98.94756975975382,0.0
128.58890238857538,0.0
55.28453616446854,0.0
62.342976226137225,0.0
-126.9203832034317,0.0
66.5513733079832,0.0
40.57298103653614,0.0
166.04742551493672,0.0
118.01867454790838,0.0
-10.609847629557656,0.0
45.03222064749626,0.0
39.7202997721826,0.0
-3.3430474024375743,0.0
-85.97546473260655,0.0
104.39248692901174,0.0
250.27744619761944,0.0
-4.286790426684041,0.0
178.46171176174929,0.0
-28.485905801480722,0.0
-19.43157559402763,0.0
3.650642068905312,0.0
-25.8675906727437,0.0
107.76864606717557,0.0
129.64981357717755,0.0
-255.54001498673387,0.0
96.23853500024524,0.0
47.063828297451224,0.0
191.2956663292456,0.0
-79.60297794095355,0.0
34.258303228891165,0.0
143.70318968916698,0.0
105.83636272655872,0.0
178.9078586701603,0.0
-64.60825335150561,0.0
-52.170346353054185,0.0
76.76308689933374,0.0
-130.73425897321565,0.0
64.58883832730794,0.0
112.96982462291591,0.0
47.7814522426467,0.0
-124.47077071950133,0.0
-42.294683247283935,0.0
-23.15227485667919,0.0
49.04015128320281,0.0
39.83706888159163,0.0
-28.95117480179765,0.0
-164.64682284808305,0.0
-178.13333939154037,0.0
-90.72085465797204,0.0
-91.00065500950855,0.0
-53.095441966066815,0.0
-100.15985295022008,0.0
0.7013229469895848,0.0
-51.67411357691924,0.0
34.65767545962809,0.0
12.356434975033503,0.0
74.9532910639464,0.0
-87.77287504825247,0.0
-80.9904979700082,0.0
-104.56712917761347,0.0
21.846555119426803,0.0
80.98624989130568,0.0
122.58772091503604,0.0
17.92100723910552,0.0
-14.217828362435906,0.0
81.11736637681028,0.0
-4.843356287091969,0.0
-103.739283515802,0.0
78.36864931721705,0.0
-43.848937808826,0.0
-153.0636133530591,0.0
-13.315051215417533,0.0
-86.77078379434501,0.0
-3.0314438280271814,0.0
-74.47115537249718,0.0
-34.04873967181934,0.0
-63.74381269304105,0.0
-12.83351965925232,0.0
69.3109508286039,0.0
32.53597636478553,0.0
8.903806629122805,0.0
117.24132600302838,0.0
-130.83812516912994,0.0
20.46671049412239,0.0
122.69287920585508,0.0
58.6827497652918,0.0
117.96719921680723,0.0
-87.15401088832586,0.0
121.19868792890969,0.0
-73.53954899086757,0.0
118.54139226531545,0.0
26.669176749440556,0.0
100.17951321922224,0.0
-79.89152339434177,0.0
-22.56000541575165,0.0
-192.86366487759608,0.0
38.27452082267912,0.0
83.61014657480128,0.0
43.384081125033546,0.0
120.62129903226116,0.0
66.69196576402932,0.0
17.349372665688062,0.0
72.21305612485085,0.0
-47.74673327148956,0.0
102.62592705633904,0.0
33.74050913800921,0.0
49.143948228397555,0.0
1.916545644910201,0.0
-43.224362050528356,0.0
-81.95489066115366,0.0
-14.323628273832746,0.0
80.82938906706747,0.0
-179.07252317526817,0.0
18.871747019993474,0.0
382.88880289587473,0.0
30.990419586736444,0.0
-6.845829378154326,0.0
62.73364109264784,0.0
8.390312726137923,0.0
26.391698369308223,0.0
28.575246672400112,0.0
-89.8458305592748,0.0
138.41652956905128,0.0
35.729475441110225,0.0
143.1122227146222,0.0
32.31440052323312,0.0
126.29918642076981,0.0
22.110128079055244,0.0
332.6512018623788,0.0
147.25821754420676,0.0
161.03816274147113,0.0
9.681057287585668,0.0
-144.36348106785806,0.0
-16.51154622486851,0.0
75.35816734587442,0.0
31.048128811508175,0.0
-37.54805955419107,0.0
-60.471124308070884,0.0
-112.07138814544851,0.0
-21.789364079071408,0.0
81.58775106785836,0.0
83.84628946276442,0.0
81.08059558995646,0.0
-4.7537074817968845,0.0
42.23968447266002,0.0
15.711537608943404,0.0
56.929948587410536,0.0
42.050882155491756,0.0
75.48845468516339,0.0
6.733905306128554,0.0
6.521496167597663,0.0
154.7642876588939,0.0
143.0092158949492,0.0
-210.41668953467666,0.0
49.9138705100246,0.0
51.146814987669494,0.0
96.80793630538155,0.0
-216.80242459549316,0.0
-171.71650170950394,0.0
-35.66701946937811,0.0
17.476475403002496,0.0
-118.19706562766773,0.0
115.78758857288106,0.0
104.89969348116391,0.0
73.95811738440877,0.0
88.77056209547075,0.0
-121.84003994527025,0.0
-17.488085767683213,0.0
-243.73168295174963,0.0
102.53324682937829,0.0
121.98785630013374,0.0
38.4509747935198,0.0
-106.41092454218706,0.0
1.939542636185867,0.0
105.70211983470921,0.0
-119.97603231107524,0.0
26.787541554969334,0.0
71.65781615359356,0.0
-81.25316247357706,0.0
-53.01302964326572,0.0
127.15879110529725,0.0
77.07514821989345,0.0
146.74540926160674,0.0
26.943551847338615,0.0
-97.58085903164836,0.0
2.5025046257395456,0.0
-64.54082869830414,0.0
-26.314935546788426,0.0
51.33185393656916,0.0
159.39586793934893,0.0
24.551205123600518,0.0
194.69288928787162,0.0
-133.6356879718677,0.0
-17.274074994763698,0.0
8.615946834822328,0.0
-205.0871349442891,0.0
-164.65025409204748,0.0
-30.58816056742396,0.0
14.629838908457238,0.0
50.84994231592442,0.0
21.448255746107396,0.0
-27.97443977768373,0.0
-137.90893347420015,0.0
8.032670880402408,0.0
170.24231156631006,0.0
59.38214686119729,0.0
-67.92154747645824,0.0
18.815158182821342,0.0
48.90290863076738,0.0
135.48384782040182,0.0
-42.509443527637174,0.0
55.73954853543822,0.0
61.943620483442835,0.0
-27.099696936416077,0.0
-4.8901335207827,0.0
-29.15793847573061,0.0
10.89349936549967,0.0
31.549955052107943,0.0
-121.04530519549388,0.0
-10.575153640658678,0.0
165.67982716261278,0.0
3.363982963521835,0.0
-188.4033943240104,0.0
154.4821023018277,0.0
-19.385570027563055,0.0
23.12529761261834,0.0
59.515190087199684,0.0
-36.49140389772089,0.0
-100.61465335675179,0.0
-70.78287886495424,0.0
32.289714213193754,0.0
4.522945090247495,0.0
-24.799055827741842,0.0
225.70759861293345,0.0
30.7445836007836,0.0
104.60357494736257,0.0
224.28330504073915,0.0
19.658965237512998,0.0
-35.64728326013909,0.0
-20.66669974798257,0.0
19.654369023580955,0.0
191.80194005833857,0.0
116.64078732311498,0.0
-14.847863597252728,0.0
-52.04109801870155,0.0
84.57670125457825,0.0
194.43306531500625,0.0
-53.360173689503526,0.0
172.4314852193758,0.0
40.97816968407514,0.0
9.456035741096695,0.0
-17.47035142794398,0.0
-61.28599572097778,0.0
-39.632669795309326,0.0
136.5877911562829,0.0
-136.82056622291395,0.0
-36.5565672532648,0.0
3.745401970907954,0.0
-110.22398339237242,0.0
-42.24096370400799,0.0
-138.69506673824228,0.0
71.96611080191431,0.0
73.67833904013563,0.0
-135.66135548527464,0.0
152.0820659984615,0.0
-98.09813202437532,0.0
-191.53531059475074,0.0
-178.36129799414385,0.0
51.564975508101796,0.0
-239.4376456376161,0.0
-7.133792996989063,0.0
27.361473785506814,0.0
104.41140579273959,0.0
-32.28086731233035,0.0
122.66816200240591,0.0
-40.1980359473552,0.0
96.78038677199592,0.0
-99.3049273779498,0.0
33.01892537666379,0.0
-30.80647252215015,0.0
20.439264743915107,0.0
230.860165126059,0.0
1.8835500972515855,0.0
7.0778341576789705,0.0
15.769785104470468,0.0
36.65346789438298,0.0
-226.26140508996073,0.0
79.05303118001439,0.0
-138.4939309615338,0.0
-206.8701717311518,0.0
12.72794904077926,0.0
-126.70110540645594,0.0
25.903267447124726,0.0
116.27766537907382,0.0
3.5533272819477184,0.0
-103.09885672200436,0.0
11.939978496449397,0.0
213.5921365257836,0.0
8.23363633894279,0.0
185.44127399344026,0.0
153.76523851308315,0.0
-122.39818461371426,0.0
94.90444491100264,0.0
-136.42994232921967,0.0
59.947925440508754,0.0
65.08831017571706,0.0
-9.71521597367406,0.0
-163.18326812756752,0.0
-36.930304928212564,0.0
-33.424615775393995,0.0
52.57480034025038,0.0
3.8554808339967748,0.0
54.24159396211178,0.0
-32.277377233311775,0.0
-167.70426369354817,0.0
-1.2977569841342427,0.0
156.4499173761522,0.0
-87.4068096162707,0.0
-107.18173409547325,0.0
-201.66977404072216,0.0
194.05333301979155,0.0
-97.81140784583263,0.0
113.09922056412113,0.0
16.77584493603218,0.0
-13.335326934265403,0.0
7.981723631175271,0.0
205.87145916062536,0.0
181.62442180857906,0.0
54.0621581892271,0.0
-44.317231898803435,0.0
153.40731774105166,0.0
85.09123067314134,0.0
13.65893602181457,0.0
54.72859101587156,0.0
-78.49028537449622,0.0
78.11571252289173,0.0
-17.24746186005156,0.0
-23.210591537855226,0.0
-119.8879756058682,0.0
11.630416627289984,0.0
45.31284243061701,0.0
-143.96918659405182,0.0
38.09434447205282,0.0
47.32037908182839,0.0
137.41213230901488,0.0
119.86555568481212,0.0
-49.441285602026696,0.0
131.20100798747544,0.0
54.768235323287385,0.0
-20.95513495052569,0.0
-79.14985845536995,0.0
103.09660998319073,0.0
91.66397888477921,0.0
-46.80748691037245,0.0
35.07963534725152,0.0
-41.355455463405626,0.0
-76.38402974137203,0.0
-91.44202945299674,0.0
74.50138378310754,0.0
33.82700559910922,0.0
40.392539949450565,0.0
31.605856608487734,0.0
11.692351667285088,0.0
97.54012716739302,0.0
-169.08107606755556,0.0
85.39238777282152,0.0
-110.59349422033328,0.0
-14.031971805719362,0.0
12.958831040574228,0.0
3.1313029192099844,0.0
47.64570761323422,0.0
-85.38151796110989,0.0
178.8340489734169,0.0
113.73463453655675,0.0
54.90384546236759,0.0
75.17886685846022,0.0
-34.26693345028062,0.0
-176.18664477727913,0.0
-159.332538724906,0.0
49.807941025468956,0.0
-271.33336722515935,0.0
166.75406829049305,0.0
44.76633186267343,0.0
-97.77250086745305,0.0
-56.755710188407896,0.0
-165.94662970294732,0.0
-9.298159362744217,0.0
45.41328564086967,0.0
125.15483442714566,0.0
-133.1056506591706,0.0
110.7879498197589,0.0
22.97937807347964,0.0
-9.070131283832788,0.0
3.146029136075219,0.0
38.01671540011424,0.0
190.97354784728347,0.0
154.2694030966332,0.0
85.59592285730291,0.0
-74.04981996464969,0.0
-11.519799752813242,0.0
105.1021767152799,0.0
50.78023798860429,0.0
-70.77449229644996,0.0
190.86479537947577,0.0
247.77748170733736,0.0
55.760293215092275,0.0
-34.07288335016081,0.0
10.349326291155185,0.0
-103.62631305973626,0.0
-122.06486516187043,0.0
35.94119923787577,0.0
-23.408127029548314,0.0
106.005373943196,0.0
303.3034604661693,0.0
50.98354966583475,0.0
2.539705221887529,0.0
21.09541671850848,0.0
60.16789049424222,0.0
156.250327286977,0.0
23.410536546948432,0.0
93.82631822241032,0.0
-102.45512398713112,0.0
-85.59122897519364,0.0
-2.2028668857769897,0.0
107.94622401648267,0.0
-89.11935308690101,0.0
141.70582366196206,0.0
-86.24263247499118,0.0
29.152741271881002,0.0
3.166950736049622,0.0
171.9128862142318,0.0
-91.08270647157688,0.0
-70.3703479179459,0.0
-19.566490557070598,0.0
84.01922170388119,0.0
79.82208548578947,0.0
-119.5769432810634,0.0
-64.5612848906533,0.0
-124.42406439778819,0.0
186.15867684563307,0.0
52.411583404903794,0.0
75.2008187262923,0.0
-205.8738754251022,0.0
34.6357594568207,0.0
-16.58598561360294,0.0
108.75298921513875,0.0
-159.73557118401715,0.0
170.33735107634598,0.0
82.50196472455632,0.0
75.99174683260321,0.0
-112.59253881879346,0.0
218.76993971748678,0.0
51.748233445281514,0.0
53.91687807506408,0.0
20.071677977566093,0.0
-13.03015841586995,0.0
34.54550070505466,0.0
46.14137716446448,0.0
133.84641472542975,0.0
74.75164734491264,0.0
-56.93339843474276,0.0
38.29769017235543,0.0
125.45831464776256,0.0
-43.702505710739274,0.0
8.719111036293313,0.0
135.1725944811173,0.0
63.80835649103311,0.0
-25.860701909023433,0.0
84.00419932736378,0.0
117.93319551406314,0.0
90.41861800853744,0.0
37.015142598742344,0.0
216.92435629770475,0.0
-120.31617542483934,0.0
52.367138190384786,0.0
83.87273420857535,0.0
-77.97206605020314,0.0
-54.70004225981675,0.0
-54.43270635523914,0.0
29.37653454202143,0.0
3.6704379739279847,0.0
68.9832910048378,0.0
147.6522514457323,0.0
-43.344983555237064,0.0
23.350824147075823,0.0
54.92840495112655,0.0
-195.6663331277408,0.0
-10.143427230558608,0.0
-163.16063459003078,0.0
-77.38486852663512,0.0
-94.39315854840986,0.0
116.8002123674295,0.0
-58.124905018892704,0.0
-59.24039819983976,0.0
78.6775959164481,0.0
-14.20820902846688,0.0
-142.3691565121395,0.0
117.73698306690719,0.0
114.61433046633758,0.0
-33.28135008644158,0.0
-172.79046234624263,0.0
-73.91452285392509,0.0
-95.22228949034678,0.0
174.26868934927845,0.0
-77.29585388487527,0.0
77.81565387677152,0.0
127.13339724617407,0.0
35.47917047344953,0.0
38.68830979269537,0.0
131.41221312379412,0.0
81.03333015013818,0.0
-162.49164888662597,0.0
111.70574970764761,0.0
-229.99351808271078,0.0
-73.79886266753006,0.0
80.21533271493105,0.0
-197.28013564200944,0.0
104.49791089423096,0.0
224.3727713181697,0.0
-26.46937617390446,0.0
-180.4932769145684,0.0
175.30487069350878,0.0
-99.38094076684852,0.0
-132.05337156602405,0.0
-126.60825950750349,0.0
-65.65845644617865,0.0
-80.4733502394808,0.0
193.4862968257877,0.0
-99.06153147849489,0.0
-187.99460230558168,0.0
-178.237341428953,0.0
-59.63885480004409,0.0
163.54113984648794,0.0
-148.39783416226228,0.0
-33.99325095274564,0.0
63.339854192461424,0.0
-45.0226731561964,0.0
-40.556700266430255,0.0
339.4692817504315,1.0
624.0920691923958,1.0
479.23539982158167,1.0
731.7844708264535,1.0
382.92618669724385,1.0
680.0937520204226,1.0
706.0914093003606,1.0
549.6970243585903,1.0
526.3086377617955,1.0
667.671541539831,1.0
410.4383285118478,1.0
482.3794948521467,1.0
417.82657752273104,1.0
637.9536756294194,1.0
518.4903085904505,1.0
445.50924744190695,1.0
530.7310052927887,1.0
545.9726087979237,1.0
561.3438837099941,1.0
869.3965921575257,1.0
484.0997583723968,1.0
576.7425316395108,1.0
632.9752489545341,1.0
789.6407114555045,1.0
578.2969191132823,1.0
731.7318498407226,1.0
830.7392919858937,1.0
633.4435589255856,1.0
577.7521339395345,1.0
511.07201296557855,1.0
589.5268912209106,1.0
691.646505276374,1.0
779.7076309643976,1.0
554.1462782978859,1.0
603.8145711107662,1.0
732.9364106179396,1.0
667.7730462791661,1.0
611.0774554064449,1.0
900.0693209061151,1.0
520.4178166538131,1.0
580.7292388654804,1.0
708.8153878032349,1.0
394.9765111388336,1.0
