3545.414416046835,0.0
-2333.1205303992315,0.0
17647.700355006076,0.0
-1060.4311850548793,0.0
1248.458950391063,0.0
10945.045672304637,0.0
-6192.830553061494,0.0
-3671.008965703493,0.0
1958.2411922408842,0.0
-740.1833020752838,0.0
-7278.315174865686,0.0
-843.0315495438443,0.0
-1970.9223929335085,0.0
5131.986173851954,0.0
-10670.9982535627,0.0
-3896.1253048071253,0.0
9353.965809212688,0.0
13953.142087826489,0.0
-9085.23875483881,0.0
5467.989989868199,0.0
-5491.680603872421,0.0
-4361.570760850908,0.0
-4501.658390501611,0.0
-1074.4784127779253,0.0
8594.983127897023,0.0
6847.683028238164,0.0
2521.975230625522,0.0
-1019.8011481038159,0.0
1370.6785494303458,0.0
1105.2986138463148,0.0
7323.471238728053,0.0
-2724.9224729116604,0.0
1710.846071257805,0.0
990.7333820389807,0.0
1831.313110228621,0.0
4103.286908606824,0.0
3696.929620109683,0.0
11160.556296999497,0.0
1804.6217092129536,0.0
12804.865396866482,0.0
455.06142422151015,0.0
-1171.924526584305,0.0
2511.780091364578,0.0
4150.366148348854,0.0
3419.7362104906697,0.0
10591.58066833726,0.0
9330.930656205439,0.0
5753.646944903933,0.0
-195.12642937074088,0.0
1056.5038856770927,0.0
11793.218155976732,0.0
3197.849647848764,0.0
-6562.517026380823,0.0
-3387.0638015914174,0.0
-2379.3456385415543,0.0
9790.197834834718,0.0
1069.9261525834345,0.0
17311.617029968475,0.0
5331.863342345134,0.0
1904.8087873749296,0.0
-1491.8002474851135,0.0
8181.295252945818,0.0
-676.7595369641156,0.0
-4516.248558056754,0.0
4929.580796945854,0.0
1366.6584456037358,0.0
8961.05684844296,0.0
707.3017295941711,0.0
-18873.742266722005,0.0
6539.606279497515,0.0
-12183.749066590552,0.0
11751.140371350404,0.0
13361.520192221607,0.0
-2229.139596482605,0.0
-7161.740037173091,0.0
-8680.232274072774,0.0
6816.540598212917,0.0
-837.9629858149342,0.0
-3931.506932425832,0.0
-1674.3756926584408,0.0
14823.69898960201,0.0
3322.0111037628303,0.0
5906.2416835431195,0.0
5741.683040773327,0.0
7326.510759647501,0.0
7598.329525626235,0.0
-4327.859944954676,0.0
-1335.9446130624747,0.0
-4638.579757870989,0.0
-4526.76869111342,0.0
8644.011068999482,0.0
-3630.212518034111,0.0
-377.8703808354627,0.0
-4993.705223318257,0.0
-3787.638527370692,0.0
5705.337988221307,0.0
-3068.1005011312614,0.0
-2713.9447292778977,0.0
3684.4721504792446,0.0
4009.019500103216,0.0
5985.582835947154,0.0
1102.3515971670004,0.0
-12288.465081715796,0.0
4640.461045696382,0.0
3325.9043270765014,0.0
7586.1810840407325,0.0
-6082.002880122735,0.0
18524.673220211283,0.0
-8443.637302825624,0.0
6064.309725361913,0.0
605.7949789311637,0.0
-3277.824202826434,0.0
6234.230414679949,0.0
-1395.5908421758133,0.0
-16315.080390777572,0.0
-7129.667271211009,0.0
3529.8468965363772,0.0
16552.247593149008,0.0
-9350.212746570214,0.0
830.0768530268733,0.0
11071.03989080323,0.0
5344.7107774963115,0.0
-1905.1214979650229,0.0
-9061.932204278595,0.0
-11612.82652258326,0.0
-3366.566610297734,0.0
-666.6758234989461,0.0
-14181.55651694575,0.0
-10744.495387743722,0.0
3736.677815868673,0.0
-638.4954648802532,0.0
-3676.4285724371084,0.0
-720.2062078028875,0.0
-4096.079152573061,0.0
8741.314916573965,0.0
13228.227074185239,0.0
16245.620010282266,0.0
6881.852796133908,0.0
7253.915793701632,0.0
12327.754542754381,0.0
14913.09665776243,0.0
12844.062530295565,0.0
11014.852152750847,0.0
-2096.330743161952,0.0
-8746.783255294391,0.0
8741.834715936606,0.0
1899.0148746957707,0.0
2473.5156636984266,0.0
-2965.8695400657607,0.0
-6356.112244892218,0.0
13550.846612547763,0.0
6084.04816918393,0.0
-4130.805878725644,0.0
6977.243248561037,0.0
5923.207788813072,0.0
7091.041791126878,0.0
18901.77517004721,0.0
3595.7385365438176,0.0
-5273.311341479679,0.0
3852.910161999524,0.0
-637.7843667547481,0.0
7478.858677202161,0.0
6256.780813346307,0.0
6899.451283403569,0.0
224.57839155833426,0.0
7091.161795154916,0.0
212.99935832256824,0.0
7925.659281968621,0.0
1788.353659183363,0.0
-4144.1368733375675,0.0
8196.11612182233,0.0
-1206.7973986924094,0.0
14064.348572601566,0.0
6954.855087697988,0.0
7013.544908196769,0.0
4992.510299803293,0.0
3119.6050720991734,0.0
-12705.60646799489,0.0
12401.784836710023,0.0
-2140.250827550746,0.0
10691.443197387234,0.0
-608.8826063944057,0.0
2779.894539615375,0.0
2742.4925053217885,0.0
-3136.4831037127087,0.0
2681.239361580312,0.0
7271.895053644455,0.0
696.8155827170872,0.0
-5094.289154036755,0.0
160.6345594851182,0.0
5488.033879620465,0.0
11789.27476179652,0.0
10225.05748396359,0.0
5387.87077173929,0.0
-3046.673161758846,0.0
10508.764737771518,0.0
3286.1810264867786,0.0
1770.992833139616,0.0
9625.922117721899,0.0
7497.720790320998,0.0
6427.138767474231,0.0
-5120.318970784475,0.0
-624.8278907880258,0.0
-8560.192728602955,0.0
4733.897996231153,0.0
3796.2976063823685,0.0
9398.551823947495,0.0
4724.39241034788,0.0
311.1283019565476,0.0
17454.083354162536,0.0
-4064.79309938255,0.0
-6567.946299344446,0.0
-1922.7648891748713,0.0
6266.416603405375,0.0
719.0600562812674,0.0
-74.20200408778328,0.0
-5796.7416458847365,0.0
12858.729804470382,0.0
-1576.3488959036258,0.0
-5676.41434051253,0.0
2060.022253574298,0.0
-3446.8723715248884,0.0
838.2034271611155,0.0
11614.975359048934,0.0
-248.87676430374313,0.0
1435.5372716354732,0.0
-343.93236937741585,0.0
552.2456296436792,0.0
8136.321870316739,0.0
6752.4589576915205,0.0
-676.2160489890618,0.0
-4291.5471262104165,0.0
1251.6828189683895,0.0
8610.819038550604,0.0
1785.2056383639112,0.0
1541.4483889516594,0.0
-9779.574252138693,0.0
9148.978378452266,0.0
-8373.884548136566,0.0
-6699.434601948447,0.0
-102.10783366563828,0.0
2263.819468087231,0.0
3289.317319789244,0.0
-2900.7479407603796,0.0
-734.3027734597963,0.0
-2120.3032604166706,0.0
-9559.62459306506,0.0
469.80236065229747,0.0
-2242.1140146828047,0.0
5643.977273720174,0.0
1172.3015699972866,0.0
9717.619787858654,0.0
7878.259037317601,0.0
9868.530587684096,0.0
11796.663820246566,0.0
7922.111131781934,0.0
1916.3720392015432,0.0
12854.907409287813,0.0
-3562.2528944102087,0.0
3105.0511745057574,0.0
9526.00175766693,0.0
1644.1135124033606,0.0
8140.389201868259,0.0
-1494.1108930899964,0.0
155.812716954214,0.0
8469.177458558524,0.0
8163.825654220223,0.0
12094.31805680128,0.0
2914.5582435860433,0.0
6025.251868150344,0.0
8656.641499318956,0.0
8115.297713569351,0.0
-4939.962042419643,0.0
-0.34119312583879946,0.0
14474.670807991763,0.0
-3916.692749554297,0.0
9109.712519103154,0.0
2210.015277897129,0.0
11714.68092323222,0.0
-1144.63594543417,0.0
5628.932506541633,0.0
-9540.32238431363,0.0
5021.5379258512785,0.0
12866.239966144953,0.0
-5131.671071442188,0.0
14205.195427069977,0.0
295.7625521004975,0.0
4614.101076329364,0.0
-13892.388079500055,0.0
13018.24455397501,0.0
-292.1761184574807,0.0
2474.5670501446466,0.0
-3859.4686294228613,0.0
-1253.6168187384592,0.0
13836.75217717149,0.0
2488.915170993221,0.0
11914.94801621313,0.0
4841.47353390959,0.0
8527.59825570322,0.0
2459.1881642349904,0.0
8979.846714079638,0.0
24685.428736651233,0.0
10889.926779834255,0.0
10332.247093089369,0.0
2700.814828012822,0.0
12774.645067313584,0.0
15520.90853142881,0.0
-5712.594266967564,0.0
-3573.7691839937124,0.0
20727.4349331313,0.0
8594.598551197327,0.0
6789.761532203439,0.0
9713.327157022837,0.0
13931.827668063703,0.0
11862.823648633293,0.0
5105.238030474797,0.0
20429.365878542012,0.0
6510.253803517873,0.0
-220.6522716080135,0.0
1613.881110609122,0.0
5242.93006369269,0.0
3151.690688715781,0.0
4349.1294673419,0.0
7863.843682155083,0.0
-16702.945216114633,0.0
954.9547047277101,0.0
12813.450031128552,0.0
9613.973768724543,0.0
508.2850052687854,0.0
1395.7198783002077,0.0
14011.111016897448,0.0
4157.294806876021,0.0
1951.1719034208718,0.0
18562.217666211567,0.0
2570.853011454392,0.0
10348.230642975945,0.0
5056.798334367837,0.0
5686.472251356449,0.0
-1439.4342041645286,0.0
-983.4132916168546,0.0
13751.723320828969,0.0
-2588.5406145541547,0.0
7014.9400843644125,0.0
-3337.8554901102752,0.0
3217.9111737858984,0.0
5149.921409191826,0.0
-6521.127144228283,0.0
12854.672700029343,0.0
3551.3822814344103,0.0
12902.343573312759,0.0
-1857.0565018759908,0.0
11493.701009423181,0.0
21115.761623482602,0.0
5595.26147974985,0.0
57.128013954313246,0.0
8070.355123112757,0.0
5454.462214284644,0.0
3274.0950581014204,0.0
3539.9482821447546,0.0
2.9139726204311955,0.0
7622.389299972643,0.0
1766.3898896998994,0.0
-1434.3848398670143,0.0
10425.994067916028,0.0
3257.1052168020433,0.0
22275.011456027863,0.0
2635.0394194997953,0.0
-1255.840721186934,0.0
308.9085251122601,0.0
7275.279622823558,0.0
-1129.4377737749933,0.0
-4436.08628576122,0.0
15631.879735718203,0.0
-4385.574081191034,0.0
15347.360416935466,0.0
5586.079780164598,0.0
-2510.0567858171607,0.0
15754.312037823911,0.0
2798.5895968645127,0.0
-2751.188313645075,0.0
5012.190597940306,0.0
13288.650605336992,0.0
9179.812785035443,0.0
10168.623556398137,0.0
17264.16696178691,0.0
6524.5500590235715,0.0
7835.5249365507225,0.0
4294.447166483529,0.0
-5239.925530749526,0.0
4289.874809797935,0.0
17581.62173276226,0.0
-6724.477607248281,0.0
14632.675824348229,0.0
6812.204466940069,0.0
-1167.1731444103434,0.0
5331.420055796083,0.0
17413.934688526442,0.0
1462.6313788077478,0.0
11332.71199515575,0.0
13696.666345899408,0.0
-567.7939708083095,0.0
9711.006140978676,0.0
9977.750595613657,0.0
2926.856680988542,0.0
11521.953622847066,0.0
3064.8231984800514,0.0
2183.5110087457115,0.0
-1619.1317975873699,0.0
9221.917454267976,0.0
4047.856643533394,0.0
2935.4860606324924,0.0
-1267.114501121544,0.0
-2428.0659168095244,0.0
725.1292538988528,0.0
11941.86341820737,0.0
1549.1356052060755,0.0
17682.119447787638,0.0
10301.65367159568,0.0
8421.10928379786,0.0
-700.2347731603486,0.0
21055.66867714325,0.0
-3015.810016838187,0.0
11241.288125836898,0.0
19371.00665026989,0.0
6373.416288853062,0.0
2777.257613760011,0.0
7843.776546773137,0.0
14929.068310333387,0.0
16724.21623960422,0.0
12330.689203061764,0.0
207.17591549349254,0.0
3046.8117148999754,0.0
8808.613237811061,0.0
-958.9866940426773,0.0
6529.3528531746415,0.0
23299.235513046107,0.0
1434.0012027567827,0.0
16027.80740485555,0.0
870.6761843061731,0.0
5792.263044908899,0.0
8566.303329442662,0.0
-1727.6939765465104,0.0
7966.771038022536,0.0
17608.900125108892,0.0
13442.675537924373,0.0
12991.664304512033,0.0
2104.663312095894,0.0
6461.6116359433545,0.0
9250.164035870886,0.0
12359.790265582607,0.0
17268.921640211305,0.0
1472.6632485318432,0.0
19767.70456987463,0.0
5625.349660197096,0.0
6042.157272546749,0.0
-939.2598391003639,0.0
7896.9323195234065,0.0
5935.014693406408,0.0
-661.4006756700192,0.0
6155.996516690508,0.0
9225.118446510134,0.0
5702.658163740927,0.0
12709.646007183055,0.0
990.9452805918181,0.0
13821.640838514604,0.0
6383.198280555804,0.0
10814.625556082732,0.0
-5465.127539966574,0.0
8750.776835973178,0.0
7095.096656376835,0.0
13886.20779886864,0.0
-295.4634436612914,0.0
16877.533625414064,0.0
-283.52958974692956,0.0
16770.524535289074,0.0
11631.674754965348,0.0
1614.4638043547948,0.0
22748.804828179695,0.0
-1467.9712038276548,0.0
5557.382504632842,0.0
7654.296917947123,0.0
10577.800005067753,0.0
8628.755745514787,0.0
12232.076495688336,0.0
10496.293137669949,0.0
7253.05935200793,0.0
299.4723791213937,0.0
4950.23394614638,0.0
12479.472332362944,0.0
-1400.6032421811824,0.0
7700.677167261913,0.0
-8081.560720074081,0.0
1613.3952901922967,0.0
-4830.187857475708,0.0
15071.322159466663,0.0
-6225.929807071985,0.0
4752.262431968657,0.0
11271.437207316194,0.0
10981.45272805186,0.0
11651.239195850327,0.0
13649.51232873552,0.0
9914.734943783651,0.0
12865.50218621471,0.0
5436.629207054943,0.0
6328.2426651449805,0.0
-5729.860023879891,0.0
7646.604134169408,0.0
16233.656425311521,0.0
1695.2270232763694,0.0
-1864.768574049961,0.0
6947.250579232193,0.0
14810.703406026554,0.0
15376.803131796554,0.0
-3629.952381456188,0.0
9584.453903469532,0.0
2284.2480534829147,0.0
8640.067625457152,0.0
-8375.677428740173,0.0
12962.785801305323,0.0
4106.768864845311,0.0
7987.862919806996,0.0
5365.290347064487,0.0
-209.1694118243222,0.0
10675.089930874792,0.0
3596.241467177913,0.0
2931.439375466013,0.0
11909.93710983211,0.0
7212.248099222534,0.0
2164.5729560850086,0.0
13957.020973445626,0.0
2920.8715889772357,0.0
7903.389075378068,0.0
12483.140334999902,0.0
14886.111923045095,0.0
15891.423124560275,0.0
19477.844875473995,0.0
7305.151163043353,0.0
2408.460206249433,0.0
19692.551004870038,0.0
17300.04219390275,0.0
6123.755057212422,0.0
13183.127554524937,0.0
5192.773205374906,0.0
-2018.4035880514257,0.0
15477.323842616595,0.0
11064.046305929056,0.0
9853.35069972213,0.0
20515.629947249683,0.0
19238.965894304827,0.0
4588.429551932516,0.0
1874.7734815651656,0.0
-4305.713373488345,0.0
8890.380635924403,0.0
6750.411792643444,0.0
11867.79239193641,0.0
9449.728412686543,0.0
5112.639093679278,0.0
6935.565461505103,0.0
-1236.2631044819882,0.0
18532.322450658838,0.0
6313.489241904342,0.0
14406.02547032374,0.0
5620.424935673957,0.0
10883.122438794286,0.0
14341.040826540906,0.0
7956.768644957524,0.0
3935.5870922386093,0.0
26291.81297776106,0.0
8432.303813275543,0.0
14300.009741536807,0.0
9575.497455471877,0.0
4634.991257025951,0.0
19116.09243561916,0.0
13045.141803116343,0.0
12481.971268171003,0.0
-6038.313777043792,0.0
11850.140434733086,0.0
16606.271245548356,0.0
12095.74670314688,0.0
9052.117128971322,0.0
18601.52554559376,0.0
11877.430263303473,0.0
14258.930398843298,0.0
17488.080755056642,0.0
17125.655091101853,0.0
744.8106341948605,0.0
12910.422196325253,0.0
4922.5768727707255,0.0
-4284.3752957184315,0.0
12524.328986772667,0.0
-2549.348376958913,0.0
6786.944495988992,0.0
-7493.445067153083,0.0
2656.726952416693,0.0
6908.875276204513,0.0
9475.664177598635,0.0
6777.0736503258295,0.0
3642.8516824770822,0.0
4233.176917276461,0.0
20841.92232712538,0.0
5968.438215975167,0.0
9350.720932639992,0.0
23100.510174003288,0.0
-2115.208023052921,0.0
-4428.256254425452,0.0
2629.085792329225,0.0
7023.566693314084,0.0
1289.860217668087,0.0
9725.992844513246,0.0
8178.090936948492,0.0
-2140.6783693619873,0.0
9994.460360305447,0.0
-458.3809163435435,0.0
13720.222990442997,0.0
10577.145035344474,0.0
24457.410114223654,0.0
14657.700937210648,0.0
6833.159720854339,0.0
11765.807835015214,0.0
9903.318840679283,0.0
3869.9714635598602,0.0
-1344.395211550569,0.0
16283.905289935628,0.0
55452.46307337717,1.0
41582.710836578095,1.0
43020.29032263889,1.0
4853.662863697586,0.0
16151.787577101357,0.0
16748.06080504579,0.0
2482.219576986162,0.0
5674.667044283573,0.0
5029.012627012409,0.0
10229.43676560758,0.0
13791.953121262179,0.0
16533.34358873792,0.0
6383.056621321548,0.0
1502.2942970573413,0.0
12648.651398587801,0.0
12811.842515370887,0.0
6347.924846988758,0.0
10202.950612527515,0.0
11115.395359893613,0.0
14926.68622585736,0.0
8831.272746050065,0.0
12147.220766763514,0.0
9745.404712959496,0.0
2316.976685480651,0.0
13567.388761834362,0.0
9398.904435926295,0.0
16101.082082376186,0.0
-247.728759696407,0.0
3545.7118821974946,0.0
11821.506379592689,0.0
-2862.161229391888,0.0
8022.84205890802,0.0
5805.575739889189,0.0
6087.074772059421,0.0
7492.405876575428,0.0
28800.527017384855,1.0
44687.29995892718,1.0
44915.49422881717,1.0
16248.300392474302,0.0
19363.03495397368,0.0
12141.031233701817,0.0
15516.17662058432,0.0
-6766.825529174104,0.0
13935.440872563926,0.0
17496.327440049623,0.0
16025.336659052638,0.0
12050.878954835027,0.0
7303.691759655276,0.0
7195.952935116631,0.0
9913.10144122129,0.0
12892.720942636344,0.0
14063.754767504975,0.0
9864.00311880202,0.0
1354.5088437291688,0.0
23213.592371161925,0.0
4636.683919816314,0.0
-8473.128825826168,0.0
21270.118399181745,0.0
18421.71651755862,0.0
11639.778904975581,0.0
17667.98443401477,0.0
14089.42400984006,0.0
5418.563800258637,0.0
11660.572784155003,0.0
2554.6946691982866,0.0
7132.715219237637,0.0
5758.598491120477,0.0
12715.734769522996,0.0
19165.976267421567,0.0
6931.415684697314,0.0
14801.090730171085,0.0
-2710.0571048265574,0.0
4378.724436033166,0.0
15417.161061661762,0.0
19239.49251760635,0.0
18409.951452330144,0.0
19942.920474070073,0.0
851.1894574738435,0.0
8645.416357973012,0.0
-5961.728644144845,0.0
11453.270515107135,0.0
13334.310624897344,0.0
9577.05342971411,0.0
5758.381305884358,0.0
15413.653615890526,0.0
16132.496389228452,0.0
13231.124575140522,0.0
8090.914015030606,0.0
12894.38972314639,0.0
12803.533453518812,0.0
13548.417665058965,0.0
16806.182636219397,0.0
12568.95196161677,0.0
2686.7432633366498,0.0
10430.442211976168,0.0
15017.9748319936,0.0
9888.717990741707,0.0
13721.278665114038,0.0
7569.499504430296,0.0
21954.09526298207,0.0
14967.328016930016,0.0
13161.864255203733,0.0
17815.107637570796,0.0
17380.2179373306,0.0
13054.40663061721,0.0
18814.10668070701,0.0
16074.31188930774,0.0
13879.510159627107,0.0
12097.5078390787,0.0
4179.970871502719,0.0
13212.711290964373,0.0
13591.698462017079,0.0
5746.957348589373,0.0
21774.91951608451,0.0
11473.747223412853,0.0
4272.410311949526,0.0
8775.270380688735,0.0
11631.66493398453,0.0
10805.169519525281,0.0
6079.046676407535,0.0
11775.48836096329,0.0
1530.4823307462575,0.0
8867.28467373654,0.0
14125.955743092378,0.0
6784.054557144613,0.0
16012.132549712012,0.0
17301.78597954919,0.0
7042.5574315911135,0.0
-5191.361200947471,0.0
17335.514927965753,0.0
20422.95281717187,0.0
108.75973287349734,0.0
12584.152966727717,0.0
13394.572841467469,0.0
-7.6403905059032695,0.0
7055.850997453808,0.0
19575.7996340059,0.0
12376.932547384755,0.0
11385.526774982978,0.0
19651.376213768825,0.0
7070.494122574439,0.0
-1398.5510312820861,0.0
20900.888136720758,0.0
5151.229620923958,0.0
10272.685462066669,0.0
18561.853831710083,0.0
12873.78285950513,0.0
12012.854198360614,0.0
5640.048408181245,0.0
15324.761714640274,0.0
26159.253027594063,0.0
6820.850270709323,0.0
3230.842276490178,0.0
12572.195268169002,0.0
5571.020689048008,0.0
12194.558865186991,0.0
11832.637477056956,0.0
14712.775420816779,0.0
12686.344689009247,0.0
12666.778657240839,0.0
20374.260433699754,0.0
4762.565151233747,0.0
11401.08342825218,0.0
13549.186663906676,0.0
3087.1777300467847,0.0
5461.598545756769,0.0
8654.516790275982,0.0
8036.839920150613,0.0
19787.14068507023,0.0
12779.045336914367,0.0
32202.35871475625,0.0
8976.65944063337,0.0
9596.24507462001,0.0
27869.509997113462,0.0
7558.593180724052,0.0
26855.444718886007,0.0
-10039.61730784268,0.0
6936.075333976317,0.0
21364.56461924658,0.0
23860.275640629636,0.0
15189.637349848988,0.0
7671.675744092639,0.0
11101.459290144317,0.0
18190.768156626276,0.0
15043.292910591335,0.0
19810.060946594414,0.0
7607.159060547824,0.0
19177.094465491118,0.0
22028.578483050835,0.0
34248.173568025464,0.0
18649.97189604387,0.0
18730.584818823874,0.0
7728.130519485965,0.0
3896.1378773665565,0.0
-2984.972263787826,0.0
16841.667451013454,0.0
27371.98501451106,0.0
12418.063241014052,0.0
-3338.334662056135,0.0
15138.117098325718,0.0
12378.547942682966,0.0
11196.559895378563,0.0
26893.182958776073,0.0
22307.2995967377,0.0
24576.569953882812,0.0
8995.091030096111,0.0
17049.29059279157,0.0
6562.192930213199,0.0
22525.078120390834,0.0
6687.012858948411,0.0
24064.000135668466,0.0
16490.636500416567,0.0
16130.204743424729,0.0
5123.832172082381,0.0
19343.89574978719,0.0
2282.462214538835,0.0
6595.687752196581,0.0
7947.835050117628,0.0
29550.160894299275,0.0
16055.495125487741,0.0
10600.549035483988,0.0
19212.258466178544,0.0
32343.62639586623,0.0
13997.209551732587,0.0
7330.326530998089,0.0
6971.950067342319,0.0
14894.486773828337,0.0
26242.094567587483,0.0
14219.555406976844,0.0
12939.429920067532,0.0
7738.528662083621,0.0
7117.750327977156,0.0
22088.16382764377,0.0
17100.92387583052,0.0
17612.49481360519,0.0
5766.751367017059,0.0
18336.714138782252,0.0
17165.85973001518,0.0
25305.50312190771,0.0
23276.53043119828,0.0
13037.816478783572,0.0
17676.37809690906,0.0
17218.18596294373,0.0
13389.285993792375,0.0
8636.723225927592,0.0
21089.642402631216,0.0
30342.065281115003,0.0
13093.424776872906,0.0
26710.61588762665,0.0
12008.561511225402,0.0
11406.290205095798,0.0
14495.33555818948,0.0
12020.302454921492,0.0
21057.47162117114,0.0
21974.838320865667,0.0
-4587.056860002975,0.0
19662.000884649275,0.0
16988.614603492897,0.0
26155.85216434725,0.0
7587.828420615975,0.0
14801.257926663575,0.0
22447.988550305472,0.0
19910.0438644558,0.0
24322.13367615785,0.0
7883.979943229681,0.0
8374.691975201908,0.0
17176.36037809531,0.0
3591.952538839114,0.0
16327.146057641949,0.0
19838.434670691975,0.0
50832.10872791022,1.0
38943.51006936934,1.0
44357.5795748741,1.0
11156.623444424953,0.0
16236.821116683746,0.0
14895.421727279856,0.0
9769.238819122656,0.0
1077.7773596475981,0.0
102.60081863816413,0.0
5943.042511454141,0.0
5666.633863564698,0.0
9095.843333749712,0.0
5194.273116298954,0.0
11504.693048375771,0.0
7962.384512355299,0.0
13810.315329387322,0.0
13654.569197138548,0.0
17030.185102978572,0.0
6331.337943901613,0.0
6615.7648320823155,0.0
5047.252549908386,0.0
13375.227785912712,0.0
18127.312607186188,0.0
21436.899750419972,0.0
14358.671095979445,0.0
11850.26105957887,0.0
18156.14668270827,0.0
12112.347640673053,0.0
6396.163199864443,0.0
18886.54744068789,0.0
9611.836989324334,0.0
2764.715124089553,0.0
11564.900588537912,0.0
7006.081953824747,0.0
13373.872566446807,0.0
8699.967379140766,0.0
11824.348526391572,0.0
9367.78731980711,0.0
12010.952841129918,0.0
17765.871758956902,0.0
15098.234703767443,0.0
13631.106806413674,0.0
21015.23325407753,0.0
4347.830230979442,0.0
15366.881153381828,0.0
21950.91686439629,0.0
17749.889239502914,0.0
22083.156129054285,0.0
8057.000657642084,0.0
22186.33659309186,0.0
9247.079677838567,0.0
22018.06122489935,0.0
16061.825332781027,0.0
20542.119776590433,0.0
8836.63584628317,0.0
13526.071586411403,0.0
1283.4347641151799,0.0
17446.979136936803,0.0
19763.63727163282,0.0
18227.05935192369,0.0
23050.37649706107,0.0
20106.357268832842,0.0
16348.292705514667,0.0
19488.245220318422,0.0
11611.238528701215,0.0
21255.98739775763,0.0
18458.995858977003,0.0
17882.250924973134,0.0
16062.263819491995,0.0
12264.485699995943,0.0
9432.263396439645,0.0
14648.492009130221,0.0
21718.28837326408,0.0
4052.1410701597797,0.0
17436.709209864403,0.0
42099.745252583714,0.0
17806.04498759145,0.0
15805.845796226042,0.0
19986.675199895573,0.0
15628.991516176618,0.0
17270.26665897885,0.0
18822.542966085806,0.0
10153.168579968904,0.0
25372.622133261677,0.0
18902.758172685175,0.0
25040.22615344783,0.0
18470.737849483994,0.0
24455.315192344475,0.0
17634.792815577046,0.0
39108.44873694271,0.0
25830.42734247425,0.0
26690.158996104554,0.0
18137.330406518224,0.0
7535.67730509654,0.0
15281.154621247899,0.0
21294.67205488612,0.0
17563.022176793245,0.0
14115.413704073384,0.0
12700.015427636754,0.0
8937.81090787506,0.0
14379.876001499933,0.0
21951.79575797706,0.0
22472.01778920384,0.0
21563.66417726938,0.0
16458.37147928947,0.0
18919.193103351794,0.0
16938.51463149302,0.0
20065.734844798448,0.0
19783.62675056602,0.0
21274.09994600928,0.0
15615.39685418225,0.0
15863.91770401722,0.0
26467.525887829233,0.0
25747.68836605129,0.0
2134.401003137895,0.0
18870.02118282559,0.0
18171.09825506239,0.0
21970.77836952354,0.0
1755.75202051815,0.0
3574.2722650044834,0.0
13161.753078788955,0.0
15990.807283926593,0.0
7732.824228975471,0.0
22873.361948852515,0.0
22878.626371289272,0.0
19736.492876804194,0.0
21299.049669540418,0.0
7042.466161883274,0.0
13820.953592273368,0.0
-1428.9263689296567,0.0
21477.81188848783,0.0
22879.457828832758,0.0
18276.59420250074,0.0
8287.715754364404,0.0
14984.080180283465,0.0
21641.614249473467,0.0
6051.9145071587955,0.0
16208.489564459816,0.0
19840.68146178493,0.0
10499.137103099398,0.0
11026.577220301348,0.0
23039.237960698112,0.0
19232.78011847782,0.0
25013.25758633098,0.0
17097.28646161203,0.0
7568.814462972254,0.0
14466.710426112908,0.0
10226.049897041406,0.0
13104.151737502896,0.0
17994.440061564954,0.0
25602.942865306053,0.0
16060.912180650614,0.0
27833.708694270288,0.0
6049.448759338733,0.0
13046.801222964054,0.0
14812.883257537083,0.0
934.9738045113972,0.0
3972.5267709063482,0.0
12945.906341261969,0.0
15417.904384272679,0.0
18918.056193105025,0.0
15570.046828464512,0.0
13335.572919179265,0.0
5778.183088501182,0.0
15967.941372760595,0.0
26119.079592345715,0.0
18835.73590327302,0.0
11067.239351348042,0.0
16206.780613574863,0.0
17962.509973712753,0.0
24448.922718427282,0.0
11137.298290862022,0.0
19497.95258000802,0.0
19982.96883091367,0.0
14120.455053802973,0.0
15204.684112047842,0.0
13814.42994843488,0.0
16530.485255752395,0.0
17690.764415912676,0.0
7790.875890939434,0.0
14926.187810983381,0.0
26485.30433547617,0.0
16523.499840516084,0.0
3755.7800054256804,0.0
26497.693517032378,0.0
15093.046793621852,0.0
17963.59661708751,0.0
20484.466566745105,0.0
14890.178862781446,0.0
9864.794839718665,0.0
12385.089321082032,0.0
18978.547282097275,0.0
16886.77269966021,0.0
15120.391137194018,0.0
32291.80550530713,0.0
19111.241871801936,0.0
24371.024207153278,0.0
32493.685413971965,0.0
19060.131605334376,0.0
14827.806625402953,0.0
16738.00481780903,0.0
18281.088009491054,0.0
29895.90121965197,0.0
26024.88384149384,0.0
17358.373237091895,0.0
14099.994633080547,0.0
23854.505525441586,0.0
30599.58459011997,0.0
15157.16481706447,0.0
29734.546656876235,0.0
20947.20385771305,0.0
18825.849168566023,0.0
16760.743150910104,0.0
14617.420066273166,0.0
15807.33005716497,0.0
27773.532211387967,0.0
9116.96862746923,0.0
15972.748084350722,0.0
18925.927987338157,0.0
10654.077926100097,0.0
15494.70501566745,0.0
9197.532464028745,0.0
23685.08041400122,0.0
23283.282395581136,0.0
9284.820701544913,0.0
29014.709747846027,0.0
11922.572701300225,0.0
6317.148226025243,0.0
6247.267703015663,0.0
22042.02798069493,0.0
2479.735929465276,0.0
18065.44657989035,0.0
20790.957710954874,0.0
25912.24886912341,0.0
16263.527893167338,0.0
26190.486324232646,0.0
15695.570844874916,0.0
25546.699123910126,0.0
11967.615977699279,0.0
20462.508322120026,0.0
16488.044577201,0.0
20159.30575855669,0.0
34518.853407801944,0.0
18752.353968767977,0.0
18523.163253748975,0.0
20210.096305235842,0.0
20793.405237808773,0.0
3683.4431110115183,0.0
23960.736933172902,0.0
8234.041459211901,0.0
4918.799045133919,0.0
18903.434814705517,0.0
9300.83889380403,0.0
19750.764225472914,0.0
25731.745554303692,0.0
18144.768905074885,0.0
10921.157516658139,0.0
19123.580080078234,0.0
32358.132470278128,0.0
18368.54459875225,0.0
29816.05320471513,0.0
28296.0445309454,0.0
9634.831373560643,0.0
23692.040572457896,0.0
8191.416847324215,0.0
21330.66478005327,0.0
21327.365164813105,0.0
16286.30427598737,0.0
6718.411122996586,0.0
14865.716147537958,0.0
14393.010838085393,0.0
20674.923542998753,0.0
17120.586907466273,0.0
20267.714253908976,0.0
14262.739643866516,0.0
6143.526525726065,0.0
16669.21648087271,0.0
26948.92977532949,0.0
10933.307293472855,0.0
10423.903417186335,0.0
3917.5055655814995,0.0
30104.788130062523,0.0
9825.619262639968,0.0
24660.26129823237,0.0
18426.69001854542,0.0
15692.885566959478,0.0
17999.94580762764,0.0
29412.23203149725,0.0
28078.475936555857,0.0
20469.896089436523,0.0
14208.86207270315,0.0
27330.87439651174,0.0
22058.677290422635,0.0
17881.620594700464,0.0
20464.533577516817,0.0
11869.49126413904,0.0
22928.9060602416,0.0
15204.567870791952,0.0
15781.327017180109,0.0
9371.870388037787,0.0
18442.633256073605,0.0
19920.56466479986,0.0
6995.661796044109,0.0
19755.186478677526,0.0
20440.989362100663,0.0
26716.558406388118,0.0
25450.997900576822,0.0
13236.572650670503,0.0
25714.862016110266,0.0
21672.070008593928,0.0
16437.17840558498,0.0
12852.706993080868,0.0
23467.16396801354,0.0
24225.662144637172,0.0
15076.778848190752,0.0
20332.30290261731,0.0
15658.171506683939,0.0
13107.698840990677,0.0
12304.357043063043,0.0
23081.07882663472,0.0
20853.164951908988,0.0
21362.716095139018,0.0
20193.566261400716,0.0
19452.135318056695,0.0
25177.379926991853,0.0
8123.685564984584,0.0
24753.057292886464,0.0
11764.57726373425,0.0
17721.323774881534,0.0
20052.402783266974,0.0
19842.729686676194,0.0
22991.477322788935,0.0
12999.550776153674,0.0
31523.46463236757,0.0
27613.658256351155,0.0
23222.84618714419,0.0
25048.83593366346,0.0
16943.407484878193,0.0
7655.4186391030435,0.0
9303.570298500324,0.0
23134.156344331735,0.0
2540.8656480232603,0.0
30952.98191694533,0.0
23074.949516463566,0.0
13198.248413822468,0.0
16585.595143999257,0.0
9057.89046786954,0.0
19481.230573115165,0.0
22996.380696911667,0.0
28293.700035344646,0.0
11860.021473694453,0.0
28074.754664448545,0.0
22322.8726511422,0.0
19773.690284247947,0.0
20262.357656908214,0.0
23951.51634717041,0.0
33988.303541459085,0.0
30904.038465700305,0.0
25994.762825953934,0.0
15602.198732854034,0.0
19232.74757598427,0.0
26305.243785276696,0.0
23315.83907368552,0.0
15405.420628409116,0.0
34153.00784538046,0.0
36962.99002436387,0.0
25384.95523819503,0.0
18847.553170147698,0.0
20865.972626522773,0.0
13673.585463868734,0.0
12764.581672171811,0.0
23588.614887885276,0.0
19665.59232449539,0.0
27230.877164393783,0.0
40623.51769830361,0.0
24427.191180866997,0.0
21144.815948766503,0.0
21706.340017399238,0.0
23446.663635081506,0.0
30876.603102821708,0.0
22146.515244184426,0.0
26598.027041211943,0.0
13178.84810394144,0.0
13861.971622932697,0.0
19631.021060546696,0.0
27284.237905596077,0.0
14372.019922143274,0.0
29303.906471160357,0.0
14094.29931668463,0.0
21402.2414960033,0.0
20530.35660453504,0.0
30791.92492252174,0.0
13744.417265112377,0.0
14277.43943495545,0.0
18210.500915810677,0.0
26226.485282231675,0.0
25810.435038322143,0.0
11505.276374302488,0.0
14797.655272949643,0.0
11385.186319728518,0.0
32095.698173654037,0.0
23146.28844629721,0.0
24215.271332030174,0.0
4235.698992950793,0.0
21306.44992326096,0.0
18444.479006099144,0.0
26327.932741007295,0.0
8704.074815248332,0.0
29362.259266832563,0.0
24692.544062928027,0.0
24387.180063567608,0.0
11640.30876994723,0.0
33326.65797101302,0.0
22339.990790048032,0.0
22297.212908895675,0.0
19931.486533719828,0.0
17919.199313339046,0.0
21354.887040290516,0.0
21058.55471883285,0.0
27153.200276684995,0.0
23625.62683254265,0.0
15165.44051851534,0.0
21583.389996547427,0.0
27494.73474426385,0.0
15530.725375107884,0.0
19297.549095973274,0.0
27815.57688787544,0.0
23661.54440055734,0.0
16452.754157632804,0.0
24396.594372318472,0.0
27731.564416390866,0.0
24745.923121311214,0.0
21375.19812690033,0.0
33342.15888224229,0.0
10283.62758548875,0.0
22876.95939361431,0.0
24223.45856372443,0.0
14067.72557635004,0.0
14900.249408357166,0.0
15359.520660416483,0.0
21918.593421466318,0.0
20110.059464074016,0.0
24900.8098184559,0.0
29617.61252047321,0.0
16501.57363689886,0.0
21206.678947416298,0.0
23681.5460701137,0.0
7059.133822984608,0.0
19102.086308852442,0.0
8281.925940100644,0.0
15321.61237358126,0.0
13718.628088268277,0.0
27725.316636936943,0.0
16393.12442698796,0.0
15971.532961107714,0.0
26195.5833546575,0.0
19598.517960157682,0.0
11671.273964147778,0.0
28608.7651939079,0.0
27849.485155719754,0.0
18649.932844899562,0.0
9990.667898001277,0.0
16086.54318768101,0.0
14472.87534682148,0.0
32365.08580124553,0.0
16329.658293556891,0.0
27383.7449059372,0.0
30028.39159169876,0.0
23893.34017611345,0.0
23817.929923916163,0.0
31096.631732804963,0.0
27468.96844354157,0.0
11326.346612019566,0.0
29155.221723129398,0.0
6211.184410927086,0.0
17001.054839067998,0.0
27745.79753104184,0.0
8740.334776793858,0.0
29721.100730046528,0.0
36887.463912087616,0.0
20249.36073927391,0.0
9042.062823314147,0.0
33655.46806533901,0.0
15866.717652291169,0.0
12798.95362692562,0.0
14076.04142861192,0.0
18347.544030956473,0.0
16812.537169908683,0.0
35382.62673646153,0.0
15454.981377583552,0.0
10651.097762368843,0.0
11195.096829202332,0.0
18431.7653360831,0.0
33327.24995019748,0.0
12074.035985243452,0.0
19903.52259681099,0.0
26735.143100569214,0.0
20206.03713147252,0.0
20081.163189725074,0.0
19623.16579912543,0.0
24812.11581546557,0.0
16599.478314608168,0.0
32004.908943677074,0.0
10289.855554831262,0.0
28570.619176882545,0.0
29619.550781874226,0.0
22762.202093160737,0.0
19867.810074055265,0.0
30767.132122343268,0.0
14897.36187376998,0.0
21138.841969480236,0.0
15627.56635607552,0.0
23463.263794139162,0.0
15407.32245900028,0.0
18054.787889337185,0.0
25995.55909804907,0.0
21651.95462626918,0.0
23142.70588316624,0.0
32711.79678451907,0.0
8007.82846142613,0.0
17966.934043559286,0.0
22489.96645144103,0.0
31432.88474974886,0.0
14312.949309067608,0.0
19838.127931127157,0.0
25413.239400758044,0.0
14600.843712093963,0.0
18573.314541227603,0.0
