12939.032726776852,0.0
5878.841086918261,0.0
9193.891483237046,0.0
6537.353772674213,0.0
2642.1610004053123,0.0
6886.111804934949,0.0
482.5764942581941,0.0
1736.3183135500133,0.0
3332.875759348531,0.0
1888.1329409236837,0.0
41.88818275288713,0.0
2533.5440769018483,0.0
1440.7760463330912,0.0
4126.800387677658,0.0
-371.71176771252385,0.0
1080.6033049860694,0.0
9136.307962467126,0.0
14034.905374402751,0.0
9642.269244839286,0.0
19573.609524954765,0.0
9232.026061248598,0.0
9258.598790397515,0.0
19543.168010225065,0.0
6581.861440179968,0.0
9442.251395749397,0.0
6491.44866087826,0.0
4043.523663580095,0.0
2278.5061072635117,0.0
3688.5360849866556,0.0
7819.270009540684,0.0
4656.20967955918,0.0
1839.810951258596,0.0
3999.8049296459126,0.0
3160.412743553876,0.0
3614.1406214246385,0.0
4529.059637917501,0.0
3543.920152895472,0.0
5053.684315832934,0.0
2752.93243572526,0.0
6661.109477588089,0.0
1805.1655706535719,0.0
2384.3218309502026,0.0
2843.832413421001,0.0
3481.4549888261886,0.0
3783.792351032059,0.0
6495.416794574957,0.0
6381.700994056404,0.0
6503.965281628612,0.0
7000.315998444695,0.0
5315.451360299659,0.0
8387.673234455066,0.0
7289.983734662362,0.0
900.4823710721334,0.0
7850.923876977711,0.0
9281.680858969712,0.0
8265.17262166109,0.0
11560.443458285135,0.0
8455.829474956503,0.0
12681.58390105949,0.0
7931.983508925919,0.0
2286.6240274769957,0.0
5581.660623140323,0.0
4357.432271871992,0.0
246.5959293665794,0.0
6421.824541425857,0.0
6031.234524393709,0.0
4852.624697388514,0.0
8560.367591687267,0.0
-4296.715342003707,0.0
3205.761447928685,0.0
1756.3272461327779,0.0
6352.92000222069,0.0
5905.4919352058305,0.0
551.4963497432025,0.0
2834.191317251328,0.0
-1260.2682859839028,0.0
3687.6088355404986,0.0
2089.8645464645947,0.0
1160.912538172369,0.0
1251.2258548766995,0.0
6903.641788598658,0.0
4412.934140919691,0.0
3984.7656008129316,0.0
3936.213208954916,0.0
4327.619563376047,0.0
4221.990460748908,0.0
543.0306405639872,0.0
1152.9166878305214,0.0
983.786822930879,0.0
616.4340294555677,0.0
5225.661341869529,0.0
1856.2727184182947,0.0
2598.631842068484,0.0
914.4513395887323,0.0
654.2714256988872,0.0
3647.1756828253415,0.0
1156.3376154501493,0.0
2424.265364263757,0.0
4133.942569548801,0.0
3359.821271287712,0.0
4906.764482832215,0.0
3583.2912389744215,0.0
-1242.5379581532147,0.0
3983.267150949632,0.0
4251.876151750803,0.0
7385.969894734519,0.0
168.3940160317984,0.0
8859.201827388979,0.0
-245.90089268421798,0.0
5148.74739616352,0.0
3892.302223716369,0.0
2131.779769999861,0.0
7306.093208236616,0.0
5269.128428524433,0.0
7489.134650406149,0.0
10029.287410696124,0.0
6734.681919873017,0.0
6832.095012485162,0.0
-1650.1709753947844,0.0
1930.1713429068557,0.0
5960.2242016358705,0.0
3426.5882380391804,0.0
2393.298938731068,0.0
314.7889934846571,0.0
-2111.3464871361257,0.0
627.2417913770123,0.0
1927.8230079634957,0.0
-2355.6499919732196,0.0
-1222.902585886984,0.0
3605.7828897504332,0.0
2223.8311901499733,0.0
150.37423378633798,0.0
4483.206831952117,0.0
-465.0558611792769,0.0
4012.319180453379,0.0
6928.805849910545,0.0
6905.501718592818,0.0
4812.437352563854,0.0
5549.032330426811,0.0
4972.550455983817,0.0
9671.49762257364,0.0
4803.3839654762005,0.0
4253.837359559522,0.0
345.751417770789,0.0
634.43611633297,0.0
3497.916031673255,0.0
1209.991463009884,0.0
1114.4348784334125,0.0
-442.0268609490438,0.0
11405.98786293262,0.0
27385.93750668672,0.0
10313.736700178644,0.0
6559.574447906892,0.0
12118.613376714542,0.0
11883.255048914849,0.0
11380.77072789913,0.0
17152.337309132658,0.0
9591.483285663342,0.0
2814.8596559218545,0.0
2152.7341452304227,0.0
232.93256753841115,0.0
2798.993393214604,0.0
1948.4389226594958,0.0
2557.977302025979,0.0
707.6537309754005,0.0
3422.9074310660726,0.0
1174.7945740841408,0.0
3891.252848913792,0.0
2551.2740768203084,0.0
399.2732037934452,0.0
3977.3216221365483,0.0
1302.0500039038454,0.0
6515.522457188373,0.0
3774.9940553926217,0.0
4637.70403596609,0.0
3432.2223854304884,0.0
2709.0003244355044,0.0
-2388.901190919544,0.0
5528.492869177868,0.0
1057.9945300148102,0.0
5416.187226357615,0.0
553.9110331723598,0.0
2010.0388085083036,0.0
1567.2893530463602,0.0
-588.6175568411581,0.0
1967.5443051124562,0.0
9962.504015222701,0.0
2359.9481080036476,0.0
430.4677863925849,0.0
337.528596124012,0.0
2777.433698306088,0.0
4449.709414564195,0.0
3787.489680878004,0.0
2318.5593589832633,0.0
-636.3185279215791,0.0
4251.0548776583455,0.0
2376.4767226466547,0.0
1932.1036431020511,0.0
4600.435727477372,0.0
4094.7351518958058,0.0
3536.8293867686516,0.0
-329.65908836352446,0.0
1033.0570972452133,0.0
4052.7012858786666,0.0
9786.53559809248,0.0
2517.7122568416926,0.0
4925.877732260829,0.0
3044.8780133667747,0.0
6663.888427166349,0.0
8191.283974786427,0.0
1163.825813816623,0.0
312.0349934489309,0.0
2744.9403335535135,0.0
5161.289265017496,0.0
2692.5921442881895,0.0
2290.0878278623304,0.0
1114.6712652011379,0.0
6907.889977323532,0.0
2708.599114206037,0.0
1503.6695942805795,0.0
9904.233417203137,0.0
11118.130032230225,0.0
2294.118527105174,0.0
6322.375776939339,0.0
2186.9849449714793,0.0
2607.913750257239,0.0
1646.5130992313684,0.0
2073.6461870919993,0.0
4168.222117414938,0.0
3536.1904117388576,0.0
1448.2201607588631,0.0
187.92606612213012,0.0
1704.453943280651,0.0
4014.8126723603173,0.0
1950.2365597144244,0.0
1699.4827745923176,0.0
-2135.6768020971977,0.0
4359.589667209497,0.0
-1344.7863991199192,0.0
-919.8328869291822,0.0
1473.1005812834405,0.0
2482.383295974838,0.0
2687.2925065647178,0.0
1328.9433362750335,0.0
12318.471540871322,0.0
1272.1385883252274,0.0
-1488.4223501485412,0.0
2334.5042922598586,0.0
900.2217874042828,0.0
3198.5536023101463,0.0
1737.286955341939,0.0
4467.463174336959,0.0
3515.3294754328003,0.0
7742.905959244593,0.0
4452.888644950828,0.0
3409.527922336064,0.0
1762.7997630790874,0.0
5257.535842432266,0.0
-107.8633437848639,0.0
2464.718016740245,0.0
4383.8006504746045,0.0
1935.2276211477129,0.0
3660.242890887096,0.0
-487.0386886204958,0.0
133.53466408266922,0.0
3183.515984608339,0.0
3251.2296074447736,0.0
5030.170823803111,0.0
1629.4477735368305,0.0
2228.3603731407343,0.0
2839.8635070239425,0.0
2602.0781229683953,0.0
-1479.8387447427685,0.0
307.6913266384404,0.0
4890.388941473488,0.0
-1209.5019066892391,0.0
3196.0221829605243,0.0
582.7942825306804,0.0
4307.763624070707,0.0
5326.876661087981,0.0
2932.1521761785166,0.0
-2514.3159487370194,0.0
5489.906661122734,0.0
5409.217220202565,0.0
-1718.0830514332974,0.0
4456.025716842503,0.0
-73.54374315599716,0.0
13668.591571777908,0.0
-4119.705864414427,0.0
4373.578433197149,0.0
251.44522563992496,0.0
949.9713504687481,0.0
-597.9152239869495,0.0
791.1589485231293,0.0
5690.061191720564,0.0
1635.5063597665076,0.0
4978.813393337978,0.0
2233.2459840543397,0.0
2708.0188469816976,0.0
957.8363070637549,0.0
3203.807569161197,0.0
8159.472187053698,0.0
4534.045066648321,0.0
3176.08595750147,0.0
1041.4018835561562,0.0
5303.405595662705,0.0
9841.485621783626,0.0
16169.81537571211,0.0
7990.0940169928035,0.0
7691.030447475766,0.0
5122.90927465618,0.0
3180.0505946229355,0.0
14005.97748715193,0.0
9741.136789652366,0.0
3473.003689473391,0.0
1598.8249480831937,0.0
6732.713964382501,0.0
2786.925607392856,0.0
668.535265388575,0.0
1366.5031770274968,0.0
2306.842092336421,0.0
1609.040376566064,0.0
1740.6877722021372,0.0
3128.8620417882244,0.0
-5127.794098749432,0.0
299.6951096098521,0.0
4511.628615878493,0.0
3369.0663667189074,0.0
705.343006404554,0.0
1104.0071799969742,0.0
4508.342895541814,0.0
10278.351618138056,0.0
1039.0827503609432,0.0
5908.201075554643,0.0
1000.4716027370968,0.0
3695.8894559241007,0.0
2214.3506607357767,0.0
2594.372997115356,0.0
135.518637755285,0.0
934.0334137232496,0.0
5296.761448122296,0.0
-42.66362594483326,0.0
3269.54552733507,0.0
-9.964482691649664,0.0
2574.060822276111,0.0
2858.7406370533727,0.0
-1350.260091179904,0.0
5064.436389394696,0.0
2244.840289978519,0.0
5108.4612175627035,0.0
519.1854235307296,0.0
4634.449930629405,0.0
26438.69925027043,0.0
3140.163317308885,0.0
1075.3013320426007,0.0
16344.911462482123,0.0
13942.692634644114,0.0
14967.807271710903,0.0
5357.869966139453,0.0
490.6732714382463,1.0
2454.254106727185,1.0
405.4653470286421,1.0
-705.4355660846293,1.0
3097.2177629325734,1.0
1481.0476490585283,1.0
7561.587246222551,1.0
1023.3624274351153,1.0
-203.71465852850656,1.0
41.876752221213565,1.0
1800.3120559641611,1.0
-708.9046013478071,1.0
-2161.7399192040557,1.0
4548.106239693096,1.0
-2224.678839397372,1.0
4044.3818521751887,1.0
981.2183156490387,1.0
-1733.7010440121599,1.0
4348.3593980962105,1.0
58.80453811314078,1.0
-1879.7036844911918,1.0
558.8800665007685,1.0
3336.773611789377,1.0
1871.7357337680623,1.0
2273.2649344160154,0.0
4417.90240931458,0.0
774.6538901010392,0.0
1111.1454602250155,0.0
-198.82219795005346,0.0
-3015.298932736282,0.0
-137.1880504639339,0.0
3912.1601259394847,0.0
-3773.552224983158,0.0
3308.5305495587054,0.0
942.2941881822251,0.0
-1870.3724326922306,0.0
401.0173940371985,0.0
4302.2808851409945,0.0
-1037.2826659093746,0.0
1973.5734852845872,0.0
2748.761539696076,0.0
-1785.6094473582161,0.0
1553.8017872042926,0.0
1370.259445039511,0.0
-910.4771995299077,0.0
1682.5830323416023,0.0
-718.6436823724525,0.0
-1168.1282694919146,0.0
-2697.270545116476,0.0
964.2921773355781,0.0
-902.4499011838334,0.0
-1209.7288040190513,0.0
-2521.829129524463,0.0
-2984.130517652966,0.0
-1622.4695479256702,0.0
1781.6366486461188,0.0
-1774.9364065384189,0.0
3460.76435877877,0.0
1095.489482850222,0.0
541.1919266935868,0.0
-2605.116741329698,0.0
4650.471091439079,0.0
-3138.0808643475148,0.0
1457.7846242145185,0.0
4068.3995236277315,0.0
-213.86950163633168,0.0
-1388.23703508067,0.0
178.46752700979948,0.0
2333.157703379208,0.0
3371.3542600133615,0.0
1545.014075910452,0.0
-2072.4688103987023,0.0
-1389.8447154824767,0.0
644.0910852788759,0.0
-2784.216602227398,0.0
-456.63326823487125,0.0
5262.941647020827,0.0
-2299.0779712573726,0.0
2761.3156065898806,0.0
-2026.8491276427808,0.0
-586.7378512909486,0.0
149.30088438542072,0.0
-3235.769616412693,0.0
-51.780897795811285,0.0
3318.5471876474917,0.0
1886.3814951158101,0.0
1843.8791412804624,0.0
-1359.4337629139297,0.0
104.62701363136142,0.0
685.604555318854,0.0
1838.1783977642895,0.0
3350.244084623165,0.0
-2119.87564787042,0.0
4051.3601448830054,0.0
-496.8385132388594,0.0
-428.60326108808,0.0
-2606.0462670517118,0.0
35.65371868585362,0.0
-184.86746600492017,0.0
-2547.754598548521,0.0
-450.67937183096944,0.0
578.0789632893712,0.0
-749.7633266554146,0.0
2041.6043467337793,0.0
-2014.9716963326255,0.0
2300.0841954030566,0.0
-81.16193827643343,0.0
1157.022400915669,0.0
-3868.074213963043,0.0
537.9260394569819,0.0
237.1612401692907,0.0
2526.0897084374838,0.0
-2241.6409914075034,0.0
3579.5772739510717,0.0
-2285.7510358060053,0.0
3290.0851868157933,0.0
1491.8827845178278,0.0
-1542.7797959954705,0.0
5116.811694822602,0.0
-2633.664624715594,0.0
-248.06328792294568,0.0
593.4753579599128,0.0
1348.620078318635,0.0
620.7505061950484,0.0
1941.1344747680548,0.0
1178.3200776022377,0.0
202.92832483866826,0.0
-1879.0090426031275,0.0
-586.6209704709884,0.0
2250.9498897166172,0.0
-2406.9272560547975,0.0
460.3276594588111,0.0
-4474.714785863798,0.0
-1267.9293282174692,0.0
-3486.3251161954518,0.0
3110.7522059146736,0.0
-3894.66428858335,0.0
-359.0363085847963,0.0
1842.16114612842,0.0
1637.2030209099814,0.0
1992.6825694721056,0.0
2570.287347690397,0.0
1371.9937721118058,0.0
2112.405249087159,0.0
3.940182129392582,0.0
86.24898334223856,0.0
-3893.7982477463274,0.0
546.5726753308797,0.0
3114.849781434688,0.0
-1474.856079701149,0.0
-2392.3693893706773,0.0
415.0554949771969,0.0
2778.4181140745504,0.0
3021.755545078306,0.0
-3162.1798729942784,0.0
1245.1815683659622,0.0
-1192.735785763623,0.0
875.7995334335973,0.0
-4899.3211217016205,0.0
2886.1928483229776,0.0
-581.4622743815952,0.0
962.761054395215,0.0
127.34598716139845,0.0
-2033.239126223671,0.0
1681.2215637939794,0.0
-764.7042098121346,0.0
-1047.4430670470902,0.0
2152.481166662784,0.0
433.4344807086243,0.0
-1270.8711565264618,0.0
2345.293510101266,0.0
-1089.8876744145693,0.0
144.1620581464444,0.0
1888.4046271626835,0.0
2313.424991670101,0.0
2922.058225540535,0.0
3999.278245165292,0.0
296.0748932243255,0.0
-1604.9486394790442,0.0
3989.3203319522922,0.0
3368.742542217834,0.0
-462.9592012518053,0.0
1820.7473937545315,0.0
-507.23969366944596,0.0
-3313.4140150825924,0.0
2653.885171927132,0.0
947.946429353104,0.0
429.4267276452776,0.0
4040.4953980103423,0.0
3410.929795493293,0.0
-1280.2222804666153,0.0
-2178.086813720262,0.0
-4154.540505786899,0.0
229.25780608041418,0.0
-731.7697673426906,0.0
1049.2333023210726,0.0
152.44174185054368,0.0
-1347.9260600313771,0.0
-741.5306251535874,0.0
-3355.0300515861063,0.0
3028.7213297594276,0.0
-934.2948366583696,0.0
1641.1583238307126,0.0
-1350.170521511678,0.0
416.3514424918877,0.0
1762.740869540814,0.0
-300.3917684161121,0.0
-1472.0029273017828,0.0
5615.008502351454,0.0
-25.809945652714987,0.0
1577.1460975726438,0.0
241.532450079898,0.0
-1419.7819544601482,0.0
3602.505841938197,0.0
1298.3130132065376,0.0
1166.1692844473773,0.0
-4875.45540865556,0.0
974.9844635349777,0.0
2157.779616341267,0.0
871.4547558311021,0.0
-158.12274716639246,0.0
2840.304250550898,0.0
801.9339791766378,0.0
1531.3977088802976,0.0
2593.431470068415,0.0
2527.4481987889603,0.0
-2704.4605252052656,0.0
999.5958277748732,0.0
-1600.1875940200894,0.0
-4416.654913517569,0.0
839.0247375339238,0.0
-3808.2883878591097,0.0
-786.8993306620268,0.0
-5509.683833037421,0.0
-2035.5800404335127,0.0
-746.5238180026909,0.0
232.22220629357372,0.0
-925.0410708516404,0.0
-1910.264616332835,0.0
-1818.6229481408218,0.0
3678.9269485980362,0.0
-856.446049170534,0.0
-77.33004972357054,0.0
4523.402777069441,0.0
-3889.0836608186964,0.0
-4628.684630180264,0.0
-2211.2848238414335,0.0
-799.7698184404707,0.0
-2327.3793528951583,0.0
167.22868966835074,0.0
59.38251635126781,0.0
-3264.9400676830037,0.0
597.3946143211547,0.0
-2913.525593579365,0.0
1831.5355198327293,0.0
740.4882697991854,0.0
5226.757801857972,0.0
2052.115950237998,0.0
-301.98132866163917,0.0
953.2199660461359,0.0
509.23063787169053,0.0
-1506.282859747314,0.0
-3128.8036189384156,0.0
2707.4200154660884,0.0
3671.312789851435,0.0
-894.7622624928599,0.0
-499.8791935396396,0.0
-997.6467370068301,0.0
2426.657752630677,0.0
2909.2408902230245,0.0
-1833.7541232201113,0.0
-570.163399801779,0.0
-984.8292413434419,0.0
707.6085808755582,0.0
2072.2799075297353,0.0
2779.9461753313067,0.0
-349.86077873207387,0.0
-1973.1140445497517,0.0
1460.3929440706197,0.0
1651.462302049288,0.0
-596.2768591984898,0.0
624.5902323973226,0.0
1138.7823086929475,0.0
2352.3509197960716,0.0
426.96424325562447,0.0
1325.8212517640882,0.0
658.8801128976829,0.0
-2007.7267617420853,0.0
1748.429263027317,0.0
337.002915774346,0.0
2648.142369156171,0.0
-2562.4425268033838,0.0
-1501.5830890822663,0.0
889.411270038314,0.0
-3701.432430829467,0.0
-169.94767863532917,0.0
-840.8782368099112,0.0
-685.5124548581506,0.0
-197.3670863405889,0.0
-4760.608502776087,0.0
521.1471650062036,0.0
459.8928184919671,0.0
2669.8667464621735,0.0
3537.3952821478592,0.0
1007.7756788581843,0.0
2306.3776639264197,0.0
-5285.357031937306,0.0
1529.638639628848,0.0
2818.4399973601394,0.0
2340.8846697917706,0.0
1068.597562398853,0.0
-515.3211346132856,0.0
-635.6187492772676,0.0
546.2534127610363,0.0
1316.823641853423,0.0
1783.8615055090747,0.0
28.358236374035357,0.0
-2596.0806198661517,0.0
4398.613520852712,0.0
-1768.9453970783193,0.0
-5889.438315161084,0.0
3508.603357873048,0.0
2881.44273001198,0.0
821.1498889979907,0.0
2527.3700872999766,0.0
1495.2963795492947,0.0
-1535.025791183106,0.0
632.4443244984435,0.0
-2491.798576106675,0.0
-1174.0481728106329,0.0
-1746.0506478640546,0.0
686.9401626986703,0.0
2830.526583698071,0.0
-1297.0082062781219,0.0
1217.7193461533157,0.0
-4729.480623318066,0.0
-2251.565780263338,0.0
1366.6824166747572,0.0
2541.754498694491,0.0
2316.4161636260596,0.0
2652.4710496070174,0.0
-3444.04822254965,0.0
-960.9891615455133,0.0
-5683.535626354829,0.0
12.81115011910407,0.0
841.2165319373242,0.0
-513.0528868419766,0.0
-1847.9680142667012,0.0
1330.1241291441575,0.0
1479.2489065808365,0.0
596.1213251588595,0.0
-1145.4781816719794,0.0
351.6487423485319,0.0
379.4524033315693,0.0
754.4866998589945,0.0
1655.678599684995,0.0
189.33922614643987,0.0
-3059.7785859785886,0.0
-107.80994421644425,0.0
1071.523369529526,0.0
-776.2927227144684,0.0
729.916504393562,0.0
-1317.145436974214,0.0
3286.501394369164,0.0
1182.5432563211432,0.0
956.7514628990781,0.0
2201.59133315259,0.0
2262.505268205862,0.0
920.693226373194,0.0
2623.840233491094,0.0
1789.7811497492137,0.0
849.2775385227201,0.0
260.3872346923939,0.0
-2314.451154544711,0.0
800.5816787632444,0.0
731.480777313354,0.0
-1601.9415879107314,0.0
3594.5772576344834,0.0
401.2217720002064,0.0
-1947.8835366896474,0.0
-616.5377427245263,0.0
227.2394466684131,0.0
290.6976731903008,0.0
-1310.0124952571905,0.0
389.51389577759244,0.0
-3069.085571491489,0.0
-643.5974362591036,0.0
1316.0138489044828,0.0
-1273.2859518087084,0.0
1789.4105085522528,0.0
2162.958495137318,0.0
-669.7083590918246,0.0
-5042.813252939729,0.0
2357.7006176163973,0.0
3565.4134490251013,0.0
-3182.2698355535263,0.0
905.0648061236504,0.0
1403.0449333339284,0.0
-3063.5660493187434,0.0
-667.4359672008168,0.0
3373.3735812558557,0.0
1159.3095304826275,0.0
637.9908366795028,0.0
3363.9998389462107,0.0
-682.8717273778252,0.0
-3452.5132748838446,0.0
3758.8671934305353,0.0
-1043.5870073127655,0.0
632.7244406416985,0.0
3250.060423306376,0.0
1143.6921775496162,0.0
792.0301484362054,0.0
-1012.6189662265201,0.0
1789.0095337638202,0.0
5477.360729442339,0.0
-930.7576537307104,0.0
-2101.9313388936703,0.0
1279.1635256134823,0.0
-1187.3548979223897,0.0
789.1300152768699,0.0
679.6929612458467,0.0
1961.921223737779,0.0
1390.41005021775,0.0
1305.3844449843664,0.0
3553.7047809195387,0.0
-1509.8905099731664,0.0
777.7125403026562,0.0
1282.2183462056373,0.0
-2224.8263621612,0.0
-1721.880518221928,0.0
-315.33641408108303,0.0
-695.8550829335827,0.0
3098.942708488849,0.0
768.6977374904902,0.0
7208.618128245087,0.0
-305.22392070123874,0.0
-217.80169799221324,0.0
5709.946807768847,0.0
-346.6011026222552,0.0
5633.654440447827,0.0
-6650.809488024731,0.0
-821.637445523151,0.0
3790.967080827966,0.0
4143.794457506121,0.0
1552.4404021384803,0.0
-896.771249150208,0.0
654.8396712953781,0.0
2582.972027483137,0.0
1380.436868435706,0.0
2863.870198326664,0.0
-717.6696113820951,0.0
2456.994095188108,0.0
3601.580952498273,0.0
7677.939900777137,0.0
2269.554981179168,0.0
2350.0568251013297,0.0
-1321.2082629684776,0.0
-2365.6637951636435,0.0
-4735.276942674337,0.0
1442.5505874345852,0.0
5116.570116308705,0.0
163.31394411559404,0.0
-5233.7519347042125,0.0
944.4942714614059,0.0
52.451172769317,0.0
-293.72458229060146,0.0
4575.959170019571,0.0
3347.3373451117563,0.0
3857.1568084056908,0.0
-1296.5077333961583,0.0
1591.3617955885757,0.0
-1835.866664933597,0.0
3121.6310769015445,0.0
-1982.9218935043723,0.0
3523.340223369417,0.0
1143.2604073883197,0.0
985.0130606116155,0.0
-2846.2502397143726,0.0
2143.7902892917286,0.0
-3626.445344210486,0.0
-2376.9218829256442,0.0
-1656.1743624693258,0.0
5174.702915010925,0.0
598.6854198526773,0.0
-1095.0243355981622,0.0
1584.2319951496104,0.0
5866.334881399948,0.0
292.60646845782503,0.0
-1877.5582706662399,0.0
-1695.1696235685185,0.0
651.0860080484313,0.0
4451.899104008082,0.0
144.61342947379427,0.0
79.63585436907624,0.0
-1619.3666307990907,0.0
-1969.4809636006685,0.0
2885.0304303387898,0.0
1232.6048433028598,0.0
1405.8052968578133,0.0
-2726.0433153262993,0.0
1627.0517574603375,0.0
1254.367529262739,0.0
3914.51374274367,0.0
2851.2655918650144,0.0
-105.5554031761456,0.0
1223.4001930923882,0.0
1235.7396403025198,0.0
445.1206961573017,0.0
-1233.2415860356064,0.0
2839.19947222214,0.0
5883.700162587369,0.0
616.3497001724996,0.0
4506.719356603762,0.0
-51.31024930933165,0.0
0.18415995707255206,0.0
667.9065920608543,0.0
-85.10987969882649,0.0
2778.340896483166,0.0
3212.669872922694,0.0
-5262.20757816068,0.0
2440.219940356237,0.0
1399.16820800257,0.0
4439.400647867252,0.0
-1654.642899202379,0.0
676.7217269890361,0.0
3144.913447119287,0.0
2417.050243284596,0.0
4020.3109814578893,0.0
-1374.6031346368407,0.0
-1014.7277469490366,0.0
1793.3694078108717,0.0
-2681.8234497103267,0.0
1474.8689641266026,0.0
2646.350889546614,0.0
1354.768094608943,0.0
-2418.3747170881584,0.0
-763.9815315302035,0.0
-120.02166393368395,0.0
1683.3434560901665,0.0
1088.6743481990588,0.0
-485.62964520131277,0.0
-3364.685833612135,0.0
-3707.008161792798,0.0
-1879.0655781480318,0.0
-1855.716919996653,0.0
-1042.2451158643328,0.0
-2037.4260533868746,0.0
61.62751152571758,0.0
-1067.1944190613233,0.0
855.1390150858801,0.0
322.7867679448738,0.0
1698.2934005283053,0.0
-1887.5095265686195,0.0
-1779.4937632106692,0.0
-2248.554767306117,0.0
496.1103150418356,0.0
2005.8609419384718,0.0
2965.235874783254,0.0
731.5068230781828,0.0
110.39375231645772,0.0
2084.5715966390035,0.0
298.1908226643982,0.0
-1803.1606816874114,0.0
2108.0611868378023,0.0
-539.9349033142366,0.0
-2943.558624852715,0.0
4.038542251158219,0.0
-1400.6163259171512,0.0
426.92806606958055,0.0
-1221.7618067276157,0.0
-324.83731454791973,0.0
-895.563334491955,0.0
277.63570776638676,0.0
1913.5681724075764,0.0
1093.8653502779202,0.0
473.898535471202,0.0
2678.820929982112,0.0
-2678.4775408706932,0.0
758.5821423395357,0.0
3131.3794402460776,0.0
1682.9980832309564,0.0
2971.141048859288,0.0
-1797.4509116425156,0.0
2977.890711462162,0.0
-1277.5634487994316,0.0
2940.6850143438,0.0
1334.6215303624392,0.0
2562.0842846686382,0.0
-1242.0227783174355,0.0
57.148458169565856,0.0
-3892.348039873438,0.0
1125.1547904198483,0.0
2120.3369965530387,0.0
1199.240774374166,0.0
2912.1231797192845,0.0
1835.9694265921896,0.0
680.0187506827892,0.0
1734.1220422184676,0.0
-809.3183767155203,0.0
2516.145514889503,0.0
980.1036329273702,0.0
1184.9947708307172,0.0
146.56057582651863,0.0
-729.4452770122791,0.0
-1616.562128044889,0.0
85.46616151021061,0.0
2452.819125163049,0.0
-3206.063296083059,0.0
1095.2769230074582,0.0
8741.299905218028,0.0
1302.0244862011818,0.0
367.4442928113975,0.0
1642.3398596050502,0.0
633.1418656306494,0.0
960.1746638416259,0.0
1177.2620124037835,0.0
-1495.6408205533314,0.0
3645.882253383399,0.0
1216.555090099791,0.0
3175.4642811084113,0.0
1082.1022550728403,0.0
3053.3174819567257,0.0
843.330906509876,0.0
7685.1816654419,0.0
3298.8849760184125,0.0
3765.1563733603807,0.0
543.494807860461,0.0
-2732.8008487633147,0.0
39.284616073315874,0.0
2213.062186721225,0.0
1206.2852164130074,0.0
-453.5155903878816,0.0
-871.913613492748,0.0
-1708.339680095819,0.0
-84.47842814967498,0.0
2154.5402407709435,0.0
2455.7270885773632,0.0
2512.3070459255705,0.0
390.30306192812503,0.0
1218.1624915599255,0.0
706.853190697497,0.0
1670.7059486715461,0.0
1603.6541281232885,0.0
2019.1397318549828,0.0
309.4943264318318,0.0
350.08523827979025,0.0
3732.019480594541,0.0
3525.2152318179674,0.0
-4163.815823085473,0.0
1481.3534394054823,0.0
1590.5961519006528,0.0
2535.5054752545166,0.0
-4064.3201943143313,0.0
-3094.361804468684,0.0
-307.11441855904036,0.0
730.7179627359313,0.0
-1986.162768177162,0.0
3098.524727557388,0.0
2801.6650380604106,0.0
2068.93759066394,0.0
2505.918980543087,0.0
-2081.7480996605254,0.0
163.95088806815454,0.0
-4696.623532750783,0.0
2725.5820462574493,0.0
2988.899826602641,0.0
1442.0096481642622,0.0
-1627.6797712025964,0.0
638.5254842951556,0.0
2662.5787862413913,0.0
-2326.489031362959,0.0
886.1298513642006,0.0
1970.4546408416143,0.0
-1200.0769853867514,0.0
-702.059711401829,0.0
3425.8653664801313,0.0
2393.80303714205,0.0
3874.99079900652,0.0
1303.6155976309037,0.0
-1688.3146964657244,0.0
504.9003359494685,0.0
-771.9751462277438,0.0
220.11731188026124,0.0
2329.562316527743,0.0
4497.663392997192,0.0
1205.4280332268495,0.0
4704.309735553205,0.0
-2490.438787657374,0.0
40.6262211391325,0.0
651.6873843943052,0.0
-4414.693797026096,0.0
-3220.9907850899626,0.0
-55.08288572361221,0.0
762.607133504041,0.0
1517.3418521980861,0.0
701.1014690270706,0.0
-115.13663415380393,0.0
-2379.7931816671394,0.0
2294.4837445942544,0.0
5434.3100254738365,0.0
1925.814777342425,0.0
-857.8311773590572,0.0
868.1944180219975,0.0
1574.4989676089363,0.0
3359.1216495901344,0.0
-627.134485401534,0.0
1825.7001702952718,0.0
1885.235883556498,0.0
-88.02678244592778,0.0
402.32266443172057,0.0
283.5458457563004,0.0
1096.9821218689406,0.0
1597.2482384448142,0.0
-2166.3861248047915,0.0
203.9725387542108,0.0
3972.098092686425,0.0
698.4904163234577,0.0
-3627.9078496427774,0.0
3853.8547884435834,0.0
-24.502029422184762,0.0
970.3548060330932,0.0
1825.183783481173,0.0
-228.20037043925674,0.0
-1022.0529757757427,0.0
-83.3405411876422,0.0
1932.4092027888107,0.0
659.9631428501405,0.0
-77.76639922736297,0.0
5460.864861475598,0.0
2130.6538915368,0.0
3774.195958232679,0.0
6142.7493865393635,0.0
1101.474689812541,0.0
-308.7594990805733,0.0
89.5100890876497,0.0
812.5280287267362,0.0
4666.153332933991,0.0
3115.1639216440603,0.0
50.629844411091426,0.0
-768.9028918387453,0.0
2150.6838479456583,0.0
4635.633555815155,0.0
-823.7197500870086,0.0
4229.981513716521,0.0
1654.219382176407,0.0
1614.5789306659137,0.0
1162.338316906169,0.0
-205.86924790398712,0.0
22.174746171093602,0.0
3585.9311749271797,0.0
-2425.0164374692135,0.0
36.37605453676565,0.0
617.8229917111582,0.0
-1863.980812083194,0.0
282.1933026492975,0.0
-1651.967246306186,0.0
2938.189723123858,0.0
2623.595491057929,0.0
-2054.692028683698,0.0
3992.42299284937,0.0
-1538.0764189950892,0.0
-3689.3284787371504,0.0
-3491.5256922285403,0.0
1574.5013999452449,0.0
-4793.814915600785,0.0
264.15336730325555,0.0
1093.7456252082527,0.0
2996.997782638179,0.0
20.784068828398404,0.0
3339.839462014461,0.0
-337.1763847173769,0.0
2751.2886254016767,0.0
-1635.44037324608,0.0
1331.3397329288982,0.0
59.994067550283035,0.0
1106.521308717663,0.0
5594.429123034007,0.0
660.1485082754967,0.0
947.6241418451348,0.0
1085.510684276976,0.0
1507.7408611952715,0.0
-4197.963456801644,0.0
2439.0123648213394,0.0
-2463.573183634604,0.0
-4006.337704823325,0.0
682.0579699997493,0.0
-2288.9441560591326,0.0
1100.8892834683375,0.0
3002.231068495533,0.0
562.6268798372419,0.0
-1733.3235061334271,0.0
758.8437676743018,0.0
5159.1874352250325,0.0
885.8740864523787,0.0
4652.196625283343,0.0
4016.1940021514633,0.0
-1978.9414682053311,0.0
3302.306328565469,0.0
-1523.482769824408,0.0
2752.637428644485,0.0
2348.7043088123664,0.0
703.9889445687663,0.0
-2713.942641434255,0.0
50.21128746585373,0.0
322.7974527749499,0.0
1781.8697846524115,0.0
475.7652917646498,0.0
1757.97547863627,0.0
-220.13968602920397,0.0
-3158.7094455302495,0.0
448.9563730477725,0.0
3773.381660138288,0.0
-1421.2036077771913,0.0
-1722.519070209567,0.0
-3786.7285113578773,0.0
4838.3378287649875,0.0
-1822.8138341619306,0.0
3281.101463058857,0.0
1305.4893199209487,0.0
1243.6731000615478,0.0
1535.3707381977185,0.0
5129.210817821993,0.0
4724.273961133926,0.0
1959.055479695844,0.0
-155.16537356555625,0.0
4340.374775112374,0.0
2624.7693742834776,0.0
1253.5502942622527,0.0
2335.614538529616,0.0
-775.718478680931,0.0
2589.535466131111,0.0
324.7451079370703,0.0
434.93559042138907,0.0
-2086.10281205103,0.0
789.0810013674904,0.0
1489.915731184014,0.0
-2916.80325208552,0.0
1255.833608462559,0.0
1600.7728808431987,0.0
3587.9399386943446,0.0
3269.6130208272884,0.0
-710.4154985873254,0.0
3504.5576554256304,0.0
1850.480618021824,0.0
98.2088612434269,0.0
-931.1276777865085,0.0
2573.504414974071,0.0
2564.129290092617,0.0
-362.5681097078899,0.0
1444.3585202719364,0.0
-295.4616620263886,0.0
-1029.2434424874318,0.0
-964.2042843839849,0.0
2172.8059247928145,0.0
1438.9932563308403,0.0
1543.425567975904,0.0
1408.3919716247428,0.0
871.049045629941,0.0
3053.8861048065746,0.0
-2795.787634291099,0.0
2723.503540395103,0.0
-1656.9769956905184,0.0
437.3765150579583,0.0
1244.1018761284417,0.0
973.4072296628641,0.0
2063.880089611546,0.0
-1153.3435820140724,0.0
4756.468524632677,0.0
3328.675378301337,0.0
1988.4431911640652,0.0
2533.376398473154,0.0
98.31846313751998,0.0
-3037.248927334753,0.0
-2661.818640207357,0.0
2313.116783547493,0.0
-4709.61685658078,0.0
4382.719983003768,0.0
1647.9765241193936,0.0
-1345.9625989937376,0.0
-95.89949286570845,0.0
-2784.3117321309264,0.0
1122.3313232020369,0.0
2080.032532516293,0.0
3740.1639320655413,0.0
-1927.8594594623537,0.0
3277.3013642353644,0.0
1244.0132621914786,0.0
621.8516349858551,0.0
805.7289422934068,0.0
1432.5227084384037,0.0
4676.056068729712,0.0
3999.208108210385,0.0
2521.95001894662,0.0
-662.2497097195287,0.0
529.1805501330437,0.0
3129.9335251159746,0.0
2010.202814583101,0.0
-768.4660875731231,0.0
5389.680235016504,0.0
6532.009068032385,0.0
2393.153363774789,0.0
20.942734509143975,0.0
994.4777208946879,0.0
-1548.6927007438244,0.0
-2005.6596877830352,0.0
1361.1804613155814,0.0
313.62018048007775,0.0
2694.2037516250334,0.0
7271.043539372847,0.0
1800.7994250325398,0.0
843.4830378510514,0.0
1302.0095184341963,0.0
1914.1340789624917,0.0
4190.483875368601,0.0
1239.4324584419362,0.0
2855.7533022709686,0.0
-1022.2603592031751,0.0
-97.77123251650323,0.0
1539.7206044915133,0.0
4039.142802688919,0.0
-918.923760272804,0.0
3968.8947468470137,0.0
-1086.6169527333752,0.0
1567.339351272471,0.0
1228.1860008186563,0.0
5854.652069659806,0.0
204.1843288006196,0.0
-731.4832990653495,0.0
215.69928422906844,0.0
2459.5050097301255,0.0
2317.8133182505408,0.0
-2077.3079218010425,0.0
-1092.8845477651842,0.0
-2060.199346549935,0.0
4978.869188090881,0.0
1928.9966085932604,0.0
2628.855964488663,0.0
-3978.034876032758,0.0
1420.1227430107128,0.0
1031.6583944995807,0.0
3792.8451040054374,0.0
-1802.623388487336,0.0
4751.3850189178165,0.0
3085.5123818215584,0.0
2697.134778455622,0.0
-1242.724868536629,0.0
6110.303023599125,0.0
3933.8886394647775,0.0
2793.650398638366,0.0
1533.4909159401382,0.0
963.3398881246524,0.0
1829.6896807880607,0.0
1773.707347510585,0.0
3913.349875132239,0.0
2890.043253729981,0.0
32.2186850975761,0.0
1791.660953849366,0.0
3381.716330897136,0.0
-247.96716615077298,0.0
1075.4798885654318,0.0
3726.014433087141,0.0
2141.9733745061194,0.0
-79.57564541882971,0.0
2591.791822951869,0.0
3307.398195432769,0.0
2955.3078279214583,0.0
2358.6420975823926,0.0
6608.445191763671,0.0
-1238.5348790469898,0.0
2894.025647279245,0.0
3458.304807133102,0.0
-123.39732922740109,0.0
-367.607114619502,0.0
-10.535572123447992,0.0
1799.7671483607614,0.0
1032.185309413992,0.0
2461.0262930226813,0.0
4040.4168968471627,0.0
-299.8491494732532,0.0
1201.127966363975,0.0
1789.9797239209665,0.0
-3556.575834054667,0.0
717.8653891636889,0.0
-2860.3719407880562,0.0
-646.5692647160579,0.0
-944.1366383337108,0.0
3691.6467611846015,0.0
-263.35001998563985,0.0
-334.10436822229894,0.0
3072.8105118033,0.0
1744.6038987012057,0.0
-1128.2323338590627,0.0
4459.572935927354,0.0
3702.7384239154962,0.0
414.081019939166,0.0
-2736.8238181485344,0.0
-511.7552219461252,0.0
-1278.78879416549,0.0
4667.655025930502,0.0
-764.624628505723,0.0
2437.9803096205264,0.0
3643.3881121131963,0.0
1411.0093586847102,0.0
1431.2707708405933,0.0
3730.864197939895,0.0
2573.274473261671,0.0
-2783.833353870891,0.0
2999.2743447384637,0.0
-4350.03488728707,0.0
-820.2284804785281,0.0
2874.4042959400967,0.0
-3161.831368914237,0.0
3382.8875948018076,0.0
5817.70388929594,0.0
266.74336316913843,0.0
-3332.7952045772554,0.0
4974.13795474441,0.0
47.97526188064876,0.0
-965.7948635236103,0.0
-1577.91582124236,0.0
-520.3911225797633,0.0
-938.041011554749,0.0
5076.411460593449,0.0
-1655.5855957479062,0.0
-3424.9772765840535,0.0
-3099.817705987027,0.0
-660.8853938430584,0.0
4273.914545804366,0.0
-2833.398849681365,0.0
-130.62509406101435,0.0
2023.7383556775806,0.0
-356.57662037023,0.0
-69.01185547184218,0.0
-346.4455093601048,0.0
1171.321391707972,0.0
-1169.8662412608714,0.0
4144.920390461463,0.0
-3707.016501380056,0.0
2663.6719708627606,0.0
3001.6220547633766,0.0
784.4573607812258,0.0
-128.49246784028946,0.0
3478.5282880678537,0.0
-1733.2042820400297,0.0
233.67175332526426,0.0
-1235.1062372997026,0.0
1220.2205049341305,0.0
-1449.9912059392677,0.0
-911.8824338486693,0.0
2090.7447876836395,0.0
663.246592414278,0.0
1300.052586536337,0.0
4335.217967576493,0.0
-4024.610878711629,0.0
-676.1697893219816,0.0
638.3817761927859,0.0
3810.6260381964184,0.0
-1955.9098066424535,0.0
304.2169034553474,0.0
1988.7708083527116,0.0
-1530.7062764900652,0.0
-214.1125004714679,0.0
649.6494560275305,0.0
-640.8032177872067,0.0
2124.9750218151494,0.0
2706.2366733400813,0.0
-285.2706686599722,0.0
2408.1091406489413,0.0
1651.1533541767137,0.0
722.8106568276513,0.0
-980.7004752230862,0.0
4468.145823913621,0.0
-1839.4223975792097,0.0
1248.7024072155782,0.0
2560.0520031656542,0.0
-5131.15467396358,0.0
-951.8486258714522,0.0
-3759.3414316490152,0.0
217.15324127995598,0.0
2125.7693882409994,0.0
