3578.255131717621,0.0
-2394.584076342832,0.0
17754.176920335467,0.0
-1189.6024058425671,0.0
1109.8572123001265,0.0
10879.94852025258,0.0
-6477.855790640491,0.0
-3966.816529023222,0.0
1686.7820475643005,0.0
-1082.4684348742687,0.0
-7715.919979743979,0.0
-1237.4301983945684,0.0
-2405.4537195603666,0.0
4741.587466785206,0.0
-11255.317319725624,0.0
-4432.889755104178,0.0
8932.322242981252,0.0
13563.513244461968,0.0
-9743.113665945739,0.0
4953.699278475469,0.0
-6140.749594655248,0.0
-5013.465007857286,0.0
-5164.395374372738,0.0
-1711.2689661816783,0.0
8058.460287101229,0.0
6287.568138150525,0.0
1913.3853847223543,0.0
-1657.1946971086861,0.0
765.5966879788056,0.0
499.8529331985894,0.0
6795.088527678555,0.0
-3345.9338546705003,0.0
1151.9393627027528,0.0
443.1873922018183,0.0
1308.4620213279254,0.0
3626.553267040773,0.0
3242.78402038044,0.0
10819.815119314744,0.0
1390.0929795373759,0.0
12546.859490468823,0.0
95.3393828816047,0.0
-1505.0979437440155,0.0
2263.262312317703,0.0
3964.8817859948804,0.0
3274.35762008293,0.0
10570.769543413926,0.0
9349.722275401911,0.0
5777.63569905998,0.0
-177.70301727083597,0.0
1148.4043768082824,0.0
12056.252989769971,0.0
3433.030140476419,0.0
-6378.765438340524,0.0
-3093.497149145477,0.0
-2012.315495620935,0.0
10351.980331765217,0.0
1605.923722213292,0.0
18091.890247540945,0.0
6062.808985017505,0.0
2666.7163926675416,0.0
-700.3936118127717,0.0
9148.737640420155,0.0
272.71708837661276,0.0
-3537.7902505035495,0.0
6083.681948491581,0.0
2551.9117503482057,0.0
10305.74223565849,0.0
2030.1997997139083,0.0
-17686.08539470919,0.0
8068.753633791436,0.0
-10782.350569820459,0.0
13475.161464713774,0.0
15174.686840695422,0.0
-515.7252406453003,0.0
-5437.318635918313,0.0
-6908.758393890039,0.0
8819.090994758642,0.0
1145.8844257584892,0.0
-1917.8626702760926,0.0
422.82800340412314,0.0
17149.02643210105,0.0
5571.1095954918,0.0
8235.561390001152,0.0
8121.529400488891,0.0
9769.95204907362,0.0
10087.999820047075,0.0
-1929.3037395792853,0.0
1136.8320534873887,0.0
-2171.703173689745,0.0
-2024.6436287122433,0.0
11312.052245064908,0.0
-1058.7130867300575,0.0
2247.110392113048,0.0
-2395.3814870255446,0.0
-1166.4037206207213,0.0
8441.218972495466,0.0
-414.9782455539362,0.0
-58.24434112313975,0.0
6414.366043551253,0.0
6737.751493965627,0.0
8730.779885756016,0.0
3792.726417435535,0.0
-9753.074113743913,0.0
7336.936667380818,0.0
5993.334288022881,0.0
10269.423868095795,0.0
-3563.272854940494,0.0
21263.53574141873,0.0
-6016.194268309109,0.0
8600.714364097263,0.0
3052.0195523929287,0.0
-914.0453544731831,0.0
8648.602048116445,0.0
888.1892117585917,0.0
-14235.87695578922,0.0
-5018.954285556236,0.0
5703.079147451856,0.0
18796.758398554688,0.0
-7445.018598342451,0.0
2777.8789765177257,0.0
13059.243079834703,0.0
7199.512361682011,0.0
-196.23140834720698,0.0
-7505.793046016422,0.0
-10160.455574983356,0.0
-1916.5298756853394,0.0
730.8141768633036,0.0
-13005.849533453485,0.0
-9611.317513643397,0.0
4932.9709068185875,0.0
418.73684236691315,0.0
-2732.069108898307,0.0
161.82158809441535,0.0
-3332.9189375508686,0.0
9544.154751892967,0.0
13994.089870964102,0.0
16953.550916978747,0.0
7398.397516308842,0.0
7683.030213554434,0.0
12719.946611687992,0.0
15236.008317264686,0.0
13057.472197701449,0.0
11120.884460371271,0.0
-2215.149664476741,0.0
-9024.1340705438,0.0
8562.300655965808,0.0
1562.7384230457485,0.0
2056.669851424628,0.0
-3526.5067905962073,0.0
-7027.641891711499,0.0
13001.160014941135,0.0
5388.021910289506,0.0
-5015.217226346194,0.0
6127.96125310791,0.0
4996.972452845306,0.0
6112.455886951831,0.0
17984.112845203814,0.0
2446.291641394747,0.0
-6576.106187359303,0.0
2589.370536357649,0.0
-2007.6377707510528,0.0
6144.762012231984,0.0
4847.582597674267,0.0
5453.216836617287,0.0
-1333.579306579265,0.0
5564.596593965355,0.0
-1420.204167637215,0.0
6333.647910440054,0.0
103.73282321787019,0.0
-5918.173108691534,0.0
6516.375432246503,0.0
-2998.378627835126,0.0
12412.907155747058,0.0
5212.9836103018715,0.0
5260.459019029439,0.0
3202.317437382696,0.0
1310.6535831325377,0.0
-14690.965613885426,0.0
10683.36155154213,0.0
-4007.471179535357,0.0
8960.686622811865,0.0
-2449.8940216614683,0.0
986.4806624352294,0.0
956.6662687520745,0.0
-4966.4342120135825,0.0
934.4563792622469,0.0
5594.571040862215,0.0
-1022.7461318051628,0.0
-6850.740600835241,0.0
-1516.1817138310648,0.0
3902.7929692722832,0.0
10303.15583781461,0.0
8750.331956335018,0.0
3908.7481131939157,0.0
-4582.977527094538,0.0
9153.137111219588,0.0
1906.093900543004,0.0
413.65160713019736,0.0
8397.434190130487,0.0
6292.1737986319795,0.0
5258.38673344635,0.0
-6365.16808471785,0.0
-1782.4871460432732,0.0
-9751.345249687834,0.0
3731.575830555379,0.0
2829.951452893691,0.0
8547.735167044522,0.0
3868.5981248186167,0.0
-539.3368398712173,0.0
16835.63187097006,0.0
-4868.508871187797,0.0
-7347.193828717706,0.0
-2601.5963079679195,0.0
5717.623808739313,0.0
150.39156634302526,0.0
-605.6946929635114,0.0
-6335.86781279697,0.0
12553.645960198854,0.0
-1996.6295747492786,0.0
-6091.764871823521,0.0
1753.0582326962417,0.0
-3768.983176668011,0.0
592.7084897479583,0.0
11517.901292509323,0.0
-447.86323630002425,0.0
1294.2362834462401,0.0
-482.66266680306217,0.0
450.72891740219734,0.0
8131.749252909345,0.0
6746.20957581967,0.0
-729.8327851607821,0.0
-4373.795730474786,0.0
1241.2407891831458,0.0
8682.404720404946,0.0
1801.6369107000562,0.0
1555.144184520406,0.0
-9887.522873145921,0.0
9249.38339855989,0.0
-8459.753934260189,0.0
-6774.202880771174,0.0
-116.4961875274771,0.0
2270.5851710530033,0.0
3285.1658102706647,0.0
-2978.962457119215,0.0
-795.5027528860996,0.0
-2222.007598518099,0.0
-9771.487275902055,0.0
350.05548573545434,0.0
-2419.661592962617,0.0
5521.623897380857,0.0
978.7211756893944,0.0
9575.012370837903,0.0
7682.673423106498,0.0
9653.128355766208,0.0
11567.625392215134,0.0
7616.73791063661,0.0
1507.63987862059,0.0
12517.917254494338,0.0
-4110.716424867929,0.0
2579.462806850662,0.0
9022.399591762438,0.0
1010.0958126559988,0.0
7534.605231035552,0.0
-2259.318551516412,0.0
-637.2332971366623,0.0
7708.969601310366,0.0
7367.853236003637,0.0
11286.12314756552,0.0
1964.121119557668,0.0
5053.990550333339,0.0
7661.801478201666,0.0
7061.1464509033,0.0
-6172.438369690297,0.0
-1224.8763409369549,0.0
13353.82799985926,0.0
-5281.563536500142,0.0
7840.06988469618,0.0
819.6250190000278,0.0
10389.027196753561,0.0
-2642.256688151545,0.0
4154.365703763727,0.0
-11205.471228102846,0.0
3468.7152070485777,0.0
11363.245819394582,0.0
-6856.686328297841,0.0
12650.57056118348,0.0
-1426.5397248637096,0.0
2916.6588728124602,0.0
-15813.817679386306,0.0
11363.130147613327,0.0
-2109.1775745521118,0.0
668.3299372973993,0.0
-5732.153964207693,0.0
-3113.8866795916842,0.0
12129.033750701681,0.0
655.6354287427198,0.0
10185.793811262367,0.0
3035.8521264966676,0.0
6766.757264060816,0.0
644.244249395696,0.0
7246.377064408875,0.0
23127.646072719817,0.0
9207.074929346763,0.0
8660.149598669113,0.0
980.7083932873761,0.0
11192.789567883023,0.0
13995.986290361005,0.0
-7430.37227721505,0.0
-5230.373792085327,0.0
19369.48251791921,0.0
7155.726154873328,0.0
5375.246569646065,0.0
8380.277471514732,0.0
12690.532415561836,0.0
10654.541648848346,0.0
3878.7092005460026,0.0
19432.819026296944,0.0
5424.512488113742,0.0
-1306.780846716315,0.0
619.1545235427238,0.0
4349.852778314978,0.0
2312.6415760149257,0.0
3598.7186993566356,0.0
7227.184741205107,0.0
-17528.29822341685,0.0
395.4639582622649,0.0
12463.871243360816,0.0
9318.81966716487,0.0
205.40269588289266,0.0
1182.752087734627,0.0
14015.903877114231,0.0
4146.910234254553,0.0
2008.4388503700511,0.0
18885.730140529984,0.0
2819.0721780152035,0.0
10764.800785174619,0.0
5509.612009532951,0.0
6236.899658884289,0.0
-872.6514976384324,0.0
-317.55556738825635,0.0
14662.020045807465,0.0
-1766.7857408377322,0.0
8030.322436059186,0.0
-2343.891323770192,0.0
4369.421004173685,0.0
6402.171407354745,0.0
-5302.592741560957,0.0
14361.271787298178,0.0
5041.634435669467,0.0
14576.121136962325,0.0
-264.70232848710384,0.0
13299.033850762553,0.0
23100.575566270483,0.0
7494.783377221584,0.0
1962.075758539413,0.0
10125.871091622079,0.0
7549.450970085438,0.0
5404.962673387701,0.0
5736.622052006007,0.0
2221.9322383841604,0.0
9969.205774257727,0.0
4103.458634450297,0.0
915.2006427379356,0.0
12943.807981868445,0.0
5743.121871195875,0.0
25007.248583705732,0.0
5186.925358580857,0.0
1292.336638207672,0.0
2897.113469527884,0.0
9955.895225295193,0.0
1492.5738783495044,0.0
-1838.9075012382882,0.0
18457.984933843905,0.0
-1762.9346476983383,0.0
18180.8500921349,0.0
8320.8286798334,0.0
135.01496626720927,0.0
18597.850599052184,0.0
5496.05608594101,0.0
-124.16925173019445,0.0
7704.6047578483385,0.0
16054.101160514516,0.0
11879.732995009665,0.0
12855.055702052057,0.0
19992.212700971806,0.0
9108.055718189049,0.0
10397.639402697616,0.0
6775.627634996308,0.0
-2889.0374433121924,0.0
6696.025358658135,0.0
20073.844688907484,0.0
-4527.750784283948,0.0
17007.872851665772,0.0
9055.14418374319,0.0
934.6217110833777,0.0
7449.282067997606,0.0
19600.37470100593,0.0
3414.603442012556,0.0
13323.89695594515,0.0
15649.584023588843,0.0
1169.6165868274147,0.0
11495.510532085415,0.0
11687.432388758863,0.0
4493.019174470333,0.0
13104.51428277044,0.0
4499.417114046644,0.0
3531.056231736323,0.0
-391.8514801562578,0.0
10497.509693196818,0.0
5190.938941731688,0.0
3996.790927246454,0.0
-321.6635778934051,0.0
-1570.5241758470283,0.0
1553.8622001632375,0.0
12812.241256726058,0.0
2234.5784069924193,0.0
18465.438059227152,0.0
10939.30097642395,0.0
8972.429574954329,0.0
-316.5208094020454,0.0
21608.167796992926,0.0
-2779.0733781857116,0.0
11561.993373221907,0.0
19716.868854778502,0.0
6519.646182361503,0.0
2830.152693673017,0.0
7890.475577756534,0.0
14991.60376892825,0.0
16768.204278080157,0.0
12269.481971083493,0.0
-25.198062452964223,0.0
2799.0537276014265,0.0
8583.624381787151,0.0
-1333.617838721575,0.0
6194.146162675042,0.0
23113.19632792723,0.0
970.9935495778436,0.0
15699.61836058341,0.0
360.128704941676,0.0
5301.231438793371,0.0
8073.597848899091,0.0
-2345.936003277482,0.0
7436.02172230124,0.0
17168.428817082982,0.0
12948.169204006885,0.0
12487.326556280856,0.0
1483.1313048642887,0.0
5885.828887095733,0.0
8699.545760194685,0.0
11846.427083386316,0.0
16809.191365826027,0.0
846.043267312316,0.0
19350.453669694474,0.0
5072.283575027981,0.0
5505.364672488566,0.0
-1531.1602402135768,0.0
7407.578661481284,0.0
5453.693736223113,0.0
-1195.5339451489408,0.0
5715.4586713662975,0.0
8840.545451143566,0.0
5305.5238001636735,0.0
12429.2929638598,0.0
606.6404230117105,0.0
13610.486853063394,0.0
6124.546854354741,0.0
10630.73643027545,0.0
-5779.21358740676,0.0
8618.226064392968,0.0
6984.146509681079,0.0
13885.583071844554,0.0
-416.25655489219844,0.0
16982.49581552301,0.0
-322.8188403069489,0.0
16946.478868158585,0.0
11790.038371996525,0.0
1710.9496897427189,0.0
23098.82314734137,0.0
-1331.4239491010512,0.0
5805.416990218,0.0
7965.280957490387,0.0
10946.114837011606,0.0
9008.177173129967,0.0
12685.909791961065,0.0
10955.638674325044,0.0
7710.169198162657,0.0
713.1788505697441,0.0
5433.731369688502,0.0
13080.295087284996,0.0
-930.199586365583,0.0
8287.04638047527,0.0
-7636.0883704324415,0.0
2176.4667957281154,0.0
-4320.763499075354,0.0
15806.431660024973,0.0
-5707.616586065894,0.0
5396.404110865665,0.0
11993.399383162065,0.0
11698.121928894489,0.0
12381.179550232851,0.0
14399.449672144841,0.0
10616.96678013379,0.0
13587.881764029005,0.0
6083.8145381783115,0.0
6965.613583554465,0.0
-5235.764548296852,0.0
8266.512271046988,0.0
16915.091274741124,0.0
2204.546156534838,0.0
-1412.0383416981176,0.0
7465.563824341599,0.0
15375.819895323024,0.0
15914.102070239049,0.0
-3329.1762573437354,0.0
9991.66314274717,0.0
2568.6880444624667,0.0
8950.641768830734,0.0
-8298.626734323065,0.0
13227.912256255244,0.0
4224.201717298216,0.0
8097.731910857154,0.0
5392.4601212914085,0.0
-301.500856294213,0.0
10640.430043380653,0.0
3427.093117420467,0.0
2685.5053567885407,0.0
11700.947303411558,0.0
6883.693712752218,0.0
1724.527778703613,0.0
13571.509642820289,0.0
2353.773936343956,0.0
7308.66938186336,0.0
11875.274679020535,0.0
14223.142442592765,0.0
15176.257125235734,0.0
18724.88706670745,0.0
6360.679854565158,0.0
1329.3236486145188,0.0
18722.716250498495,0.0
16239.16093883308,0.0
4865.682326110661,0.0
11927.91300555297,0.0
3786.727287357032,0.0
-3582.0740347984083,0.0
14036.88528031173,0.0
9503.955855208944,0.0
8209.470064999754,0.0
18922.081261234656,0.0
17561.775700032194,0.0
2694.3435722968925,0.0
-115.31946318510109,0.0
-6413.708003823598,0.0
6865.7148189285745,0.0
4641.009937365542,0.0
9760.49702129058,0.0
7265.2476074680935,0.0
2829.7125271106033,0.0
4625.018337285323,0.0
-3676.091842187715,0.0
16258.166769245581,0.0
3870.506087898145,0.0
12012.64219333464,0.0
3100.479141800063,0.0
8387.918323890717,0.0
11861.137903475474,0.0
5386.8341139733375,0.0
1305.758821785339,0.0
23878.500920633385,0.0
5818.729689369173,0.0
11733.644332761905,0.0
6954.749244443165,0.0
1960.133614754849,0.0
16596.807268255474,0.0
10461.628145061577,0.0
9902.492045969724,0.0
-8800.591890215837,0.0
9292.763650055356,0.0
14108.184913427402,0.0
9578.186404325665,0.0
6527.835947856826,0.0
16205.455301172231,0.0
9443.261506617466,0.0
11885.060545891365,0.0
15186.839856565046,0.0
14863.81741583297,0.0
-1643.4997121849274,0.0
10692.919487848609,0.0
2675.068012070422,0.0
-6569.912947288722,0.0
10466.183181528348,0.0
-4697.485921411336,0.0
4795.906559502459,0.0
-9570.614456742871,0.0
757.828515568568,0.0
5121.127928576558,0.0
7794.720803297268,0.0
5131.339941723971,0.0
2045.2935687106665,0.0
2715.952721809921,0.0
19585.546265574554,0.0
4645.493417735077,0.0
8138.91201976073,0.0
22120.562917006082,0.0
-3278.119451223336,0.0
-5528.24627163124,0.0
1694.77828063566,0.0
6224.547018317087,0.0
524.5232192691392,0.0
9132.495791521804,0.0
7671.416106397582,0.0
-2665.381245193412,0.0
9687.2104603097,0.0
-793.8109000500972,0.0
13633.207609444244,0.0
10544.249924789885,0.0
24659.515963872575,0.0
14846.847556566281,0.0
7033.270765990012,0.0
12093.076414259918,0.0
10301.27853706405,0.0
4286.21688370097,0.0
-898.3888508547116,0.0
17000.35751144075,0.0
56686.5959598169,1.0
42669.78024644458,1.0
44122.60264625473,1.0
5759.347242362879,0.0
17240.038183532903,0.0
17920.508193383488,0.0
3567.272532082735,0.0
6863.781119091782,0.0
6265.69429523562,0.0
11581.2619494107,0.0
15241.708247629085,0.0
18059.525899464345,0.0
7860.591077115752,0.0
2975.636650961391,0.0
14280.39516358212,0.0
14490.085354348377,0.0
7995.476254697956,0.0
11925.298825967642,0.0
12885.042552013969,0.0
16765.155058434717,0.0
10636.660668908902,0.0
14007.21810215302,0.0
11603.193261327111,0.0
4107.296861479001,0.0
15495.949045705316,0.0
11293.843990614476,0.0
18074.945918141297,0.0
1564.975247612836,0.0
5396.324079571714,0.0
13747.401161993566,0.0
-1091.7216644551863,0.0
9903.814397031556,0.0
7653.547360990286,0.0
7925.019121566624,0.0
9327.261909318933,0.0
30835.377194101893,1.0
46890.60044538473,1.0
47121.21430014482,1.0
18093.647941234158,0.0
21210.200805382305,0.0
13877.810818804888,0.0
17263.616588976347,0.0
-5299.217266530435,0.0
15585.721616301948,0.0
19150.796247195798,0.0
17623.549040000496,0.0
13561.827124232213,0.0
8728.962569497098,0.0
8577.633601707188,0.0
11279.505114078522,0.0
14244.176928466715,0.0
15379.901216980916,0.0
11084.113814405096,0.0
2441.2198661337516,0.0
24481.061538632148,0.0
5656.730858721757,0.0
-7635.758347481424,0.0
22363.687554362954,0.0
19436.479560271266,0.0
12545.410276603408,0.0
18584.15458266693,0.0
14919.247379063285,0.0
6107.041561586376,0.0
12373.569326986028,0.0
3122.364456232126,0.0
7699.773815321893,0.0
6266.564629001103,0.0
13257.760637479292,0.0
19734.767117324773,0.0
7334.339273606572,0.0
15248.420821409232,0.0
-2491.025808725164,0.0
4642.070059946146,0.0
15767.211391938607,0.0
19590.22571694204,0.0
18730.901282418075,0.0
20246.547714256514,0.0
929.3524140967911,0.0
8784.086608068093,0.0
-5996.015966924377,0.0
11580.83563313743,0.0
13475.22739438358,0.0
9662.081630287414,0.0
5788.949256164262,0.0
15536.3577080825,0.0
16256.741757899023,0.0
13322.259779687885,0.0
8126.267188228754,0.0
12979.0341824805,0.0
12895.120630426822,0.0
13659.767508913488,0.0
16952.557204765577,0.0
12678.297083396952,0.0
2704.3841722336074,0.0
10550.824397325858,0.0
15204.384166555377,0.0
10035.427384700397,0.0
13939.432016971856,0.0
7745.486741989496,0.0
22307.403580931048,0.0
15279.904998488828,0.0
13485.743412690912,0.0
18217.50480229328,0.0
17817.635068475654,0.0
13478.115974951374,0.0
19343.216771407497,0.0
16617.12547158901,0.0
14430.35890438435,0.0
12674.702961369998,0.0
4717.984253498555,0.0
13891.558366847261,0.0
14314.636061776124,0.0
6441.006374485428,0.0
22678.58950182086,0.0
12323.518045134602,0.0
5090.830315035222,0.0
9690.424445069126,0.0
12623.086502402366,0.0
11845.567902812987,0.0
7112.614370095514,0.0
12917.766613028294,0.0
2609.9638356535925,0.0
10070.422537795737,0.0
15440.05458226051,0.0
8062.075330405334,0.0
17433.32955489691,0.0
18778.703581308175,0.0
8459.089696635227,0.0
-3866.740420952816,0.0
18943.962164329696,0.0
22105.07586305542,0.0
1610.3729220522582,0.0
14255.03964273743,0.0
15107.954386063611,0.0
1593.6287804314525,0.0
8767.03613055326,0.0
21447.581002105828,0.0
14197.992022573188,0.0
13214.670779021215,0.0
21585.763387569314,0.0
8893.451384377573,0.0
349.9812602863567,0.0
22896.06957744017,0.0
6998.250442551155,0.0
12184.61598386815,0.0
20564.674274700556,0.0
14812.572426173974,0.0
13941.709166909826,0.0
7506.792194181982,0.0
17271.837323228756,0.0
28215.46700202705,0.0
8657.281766699076,0.0
5010.1847190176695,0.0
14436.490256417706,0.0
7335.170088643942,0.0
13995.610856819272,0.0
13596.335346852995,0.0
16478.617034088595,0.0
14394.200255418815,0.0
14344.11861246367,0.0
22080.569257251518,0.0
6257.574372127864,0.0
12923.504751661974,0.0
15040.968468490355,0.0
4411.038641173876,0.0
6749.020586860786,0.0
9928.179157731834,0.0
9233.599411229177,0.0
21042.25522657427,0.0
13894.17200162527,0.0
33455.983126411156,0.0
9913.651017108032,0.0
10464.449106440337,0.0
28852.627649002497,0.0
8255.445339260727,0.0
27677.484219138627,0.0
-9692.325529166501,0.0
7382.81829396764,0.0
21880.586850310938,0.0
24305.503134156228,0.0
15464.421191584053,0.0
7777.125399672119,0.0
11156.677892019276,0.0
18225.357712929403,0.0
14954.209362124084,0.0
19678.391785732194,0.0
7261.292819059528,0.0
18856.49101887204,0.0
21651.265938651,0.0
33914.89735585649,0.0
18051.63347335488,0.0
18041.68327834445,0.0
6835.774829394746,0.0
2879.0781855945297,0.0
-4159.322767361298,0.0
15785.743299104386,0.0
26347.430170464588,0.0
11152.6240990735,0.0
-4862.77478764799,0.0
13732.402271558967,0.0
10864.80780919563,0.0
9593.972112415071,0.0
25374.555178213108,0.0
20677.824234316475,0.0
22896.180477637143,0.0
7077.399013892233,0.0
15152.212793785726,0.0
4494.0999651763495,0.0
20563.717366419543,0.0
4500.561428926349,0.0
22000.0900364665,0.0
14300.57844245589,0.0
13890.495918313769,0.0
2715.0751410712637,0.0
17052.79974233963,0.0
-235.25896924663357,0.0
4085.4830426906137,0.0
5428.640124635419,0.0
27225.66345032554,0.0
13560.240705870485,0.0
8024.999050260355,0.0
16708.196908825328,0.0
29962.564768379045,0.0
11416.795519538657,0.0
4675.4600817629525,0.0
4308.838713534454,0.0
12309.40776243912,0.0
23788.732938203888,0.0
11637.456332217149,0.0
10359.841886772243,0.0
5116.2959134944085,0.0
4500.964104138549,0.0
19653.66126179262,0.0
14637.794194984213,0.0
15180.760623894841,0.0
3231.4081209575324,0.0
15977.840521243405,0.0
14824.87083913363,0.0
23091.683286212297,0.0
21069.97796875648,0.0
10778.577103608492,0.0
15505.85328582177,0.0
15095.767964138746,0.0
11287.130815089318,0.0
6530.538785679293,0.0
19171.113245337918,0.0
28582.479619576112,0.0
11218.578206092008,0.0
25026.60576538864,0.0
10241.458799046402,0.0
9702.593612282546,0.0
12881.206065125141,0.0
10453.430137079918,0.0
19653.64352185501,0.0
20654.582783382524,0.0
-6114.316747334176,0.0
18457.3777811645,0.0
15824.336046030843,0.0
25164.14673389359,0.0
6471.849185773547,0.0
13833.927549561275,0.0
21633.940875212527,0.0
19144.232618940056,0.0
23675.63849050773,0.0
7136.718366092056,0.0
7706.386943937924,0.0
16672.221339474836,0.0
3011.0981978572836,0.0
15949.937912627674,0.0
19564.81187213707,0.0
50990.17576774108,1.0
38975.52016020364,1.0
44446.996018056656,1.0
11045.20580175238,0.0
16239.996783123011,0.0
14943.954433501878,0.0
9823.361834047322,0.0
1093.1597854431966,0.0
159.37023761129603,0.0
6110.416509549054,0.0
5879.676734895428,0.0
9384.223115578883,0.0
5492.719630344429,0.0
11912.575139652196,0.0
8374.525831268747,0.0
14318.04813667656,0.0
14180.633133702502,0.0
17631.316776343618,0.0
6844.860882533908,0.0
7160.318651946723,0.0
5597.9950796136645,0.0
14035.55310017496,0.0
18852.622077030795,0.0
22208.575499475584,0.0
15069.189352575442,0.0
12547.548625901309,0.0
18925.59378553427,0.0
12827.379303926195,0.0
7042.227619842198,0.0
19661.243848844395,0.0
10296.753224861364,0.0
3365.1921331123394,0.0
12253.203172995562,0.0
7636.186356681963,0.0
14049.74077320791,0.0
9310.386114708497,0.0
12447.029545236475,0.0
9950.418041559682,0.0
12608.604139832658,0.0
18392.427506556985,0.0
15675.632720929467,0.0
14164.16977858379,0.0
21596.45637498306,0.0
4723.023365890194,0.0
15824.941308955453,0.0
22451.687708638958,0.0
18172.60105690702,0.0
22514.03155380183,0.0
8301.137175133576,0.0
22548.848604626997,0.0
9436.652178722357,0.0
22307.06725569883,0.0
16249.114115216978,0.0
20737.35990617568,0.0
8873.14196992758,0.0
13567.530772465829,0.0
1167.6252239608893,0.0
17458.09485982092,0.0
19767.175162715495,0.0
18168.018278958487,0.0
23013.213887138492,0.0
19996.999277401545,0.0
16170.911861848523,0.0
19310.511722390107,0.0
11321.294870744696,0.0
21045.58299183825,0.0
18172.347793947945,0.0
17573.398186226485,0.0
15693.473836340721,0.0
11839.65152958542,0.0
8958.433630245669,0.0
14204.907108757832,0.0
21330.645157210274,0.0
3465.061385235449,0.0
16976.129119153597,0.0
41882.5095600871,0.0
17333.827053069886,0.0
15300.279563812483,0.0
19517.65889732521,0.0
15119.850010487811,0.0
16780.340268176496,0.0
18340.379961992032,0.0
9592.541802180329,0.0
24982.74197218354,0.0
18451.52589261964,0.0
24669.673060509973,0.0
18046.927119549342,0.0
24117.26057918126,0.0
17244.32070847979,0.0
38963.640762499956,0.0
25573.32157258018,0.0
26476.262515644958,0.0
17853.880850886268,0.0
7178.3951278628065,0.0
15051.92309508051,0.0
21166.993589551974,0.0
17450.096341960016,0.0
13995.367110220945,0.0
12613.820766718443,0.0
8865.305254546518,0.0
14415.780022408975,0.0
22120.88833379299,0.0
22699.127461583215,0.0
21846.434534460204,0.0
16739.15801327619,0.0
19288.685262268275,0.0
17355.51318896054,0.0
20578.932468650026,0.0
20351.90015149212,0.0
21932.876627598678,0.0
16287.181018069552,0.0
16608.09439803744,0.0
27389.257770591474,0.0
26731.753168111805,0.0
2939.7960154393895,0.0
19927.027207109015,0.0
19299.66298720364,0.0
23206.773160220877,0.0
2845.1751888572,0.0
4767.886564305931,0.0
14518.72142918711,0.0
17457.80003541043,0.0
9179.348787957202,0.0
24555.94815080905,0.0
24623.319091709436,0.0
21522.526014663992,0.0
23166.198309252773,0.0
8830.1081394642,0.0
15747.651951496497,0.0
401.5567383929774,0.0
23612.505822373696,0.0
25086.91779235145,0.0
20487.771228534355,0.0
10453.001051751222,0.0
17279.71462576903,0.0
24057.16549756884,0.0
8357.006053187615,0.0
18667.579702440882,0.0
22380.55938531571,0.0
12973.022908770337,0.0
13554.86185418272,0.0
25732.165123630548,0.0
21928.109379646932,0.0
27787.702085186713,0.0
19815.16923110313,0.0
10220.797574973381,0.0
17206.985103001425,0.0
12942.329427858711,0.0
15861.880799811679,0.0
20817.40152285035,0.0
28508.513459344817,0.0
18872.43759589411,0.0
30771.16419287005,0.0
8751.87015536595,0.0
15825.149078576058,0.0
17597.533332990486,0.0
3549.432084868171,0.0
6606.43879968609,0.0
15653.495904825224,0.0
18134.27754812666,0.0
21630.56937108717,0.0
18226.04715041999,0.0
15929.54717137785,0.0
8256.936891858586,0.0
18509.149880523317,0.0
28730.323831369322,0.0
21315.09776764514,0.0
13413.448408418197,0.0
18560.42312145271,0.0
20281.31504039157,0.0
26769.306416693595,0.0
13264.474658342817,0.0
21637.371174257623,0.0
22059.936275959968,0.0
16065.194494515732,0.0
17092.858965757317,0.0
15605.327472961808,0.0
18280.962485909335,0.0
19378.09497097304,0.0
9290.730085413335,0.0
16422.92507003014,0.0
28021.077935936213,0.0
17863.134611132657,0.0
4874.359782242389,0.0
27772.19939886334,0.0
16157.068702700222,0.0
18968.62253652747,0.0
21426.906365217234,0.0
15675.170163982746,0.0
10514.508244123615,0.0
12965.741724576008,0.0
19541.85716851356,0.0
17339.579409195077,0.0
15463.232639093228,0.0
32722.236816645025,0.0
19314.754048061186,0.0
24538.389338448884,0.0
32658.11720033292,0.0
18993.240039438915,0.0
14636.279207413023,0.0
16472.776813206936,0.0
17960.736644614124,0.0
29616.56164854278,0.0
25612.579511483753,0.0
16775.0176207646,0.0
13414.139397581725,0.0
23191.050482768063,0.0
29941.699746757826,0.0
14254.128694139017,0.0
28923.57489320456,0.0
19978.060432550123,0.0
17771.697190311064,0.0
15627.412620988329,0.0
13395.628074777245,0.0
14546.111223050335,0.0
26584.999177339647,0.0
7686.020212774996,0.0
14566.564922169722,0.0
17505.082787274652,0.0
9112.494086160628,0.0
13964.115924375943,0.0
7564.742503557904,0.0
22170.393115638843,0.0
21742.068164653363,0.0
7570.974938355512,0.0
27482.91455426885,0.0
10195.570017426398,0.0
4508.928963409056,0.0
4436.356392340245,0.0
20384.818588137794,0.0
610.9199613791097,0.0
16358.14790802659,0.0
19108.300459162463,0.0
24287.292441401274,0.0
14548.031348122011,0.0
24593.549938736724,0.0
13995.234406728625,0.0
23957.732236262073,0.0
10257.13201244894,0.0
18865.3236521405,0.0
14867.932285169076,0.0
18600.039375950906,0.0
33135.302109802884,0.0
17235.98807908314,0.0
17041.686651207423,0.0
18767.97810467604,0.0
19401.152566566176,0.0
2142.1300390097913,0.0
22673.860238131052,0.0
6833.377191370873,0.0
3511.250427270028,0.0
17693.939721813727,0.0
8036.6596597893185,0.0
18639.453362376764,0.0
24730.196146583567,0.0
17110.122455931854,0.0
9858.34512508562,0.0
18189.88171037594,0.0
31615.169962121705,0.0
17528.723786425762,0.0
29150.022014991846,0.0
27656.05495814517,0.0
8847.825279490045,0.0
23106.69734984453,0.0
7490.047404435982,0.0
20815.191940466848,0.0
20858.339681289057,0.0
15807.809020697952,0.0
6181.677870438349,0.0
14461.86672013027,0.0
14034.091238608273,0.0
20416.597198957163,0.0
16861.97199902882,0.0
20090.1541534121,0.0
14060.774365862379,0.0
5880.902734088735,0.0
16556.214014751193,0.0
26973.338867115872,0.0
10820.510638085885,0.0
10326.12432924407,0.0
3778.422633629234,0.0
30268.933829588008,0.0
9795.353446847581,0.0
24805.860204401146,0.0
18522.219705697647,0.0
15781.41488171857,0.0
18115.46668564855,0.0
29669.427243050653,0.0
28331.259152817176,0.0
20639.21937066102,0.0
14310.780716365116,0.0
27572.322050660914,0.0
22240.563346100138,0.0
18015.548894306794,0.0
20620.547752078895,0.0
11921.20610770593,0.0
23078.882766088558,0.0
15265.180476466949,0.0
15827.613885411347,0.0
9330.324918186958,0.0
18472.39864245938,0.0
19950.275964502558,0.0
6859.162313852872,0.0
19722.93785369571,0.0
20388.080992329724,0.0
26695.45049538253,0.0
25383.755299460117,0.0
13006.36654843618,0.0
25581.678948769884,0.0
21447.622097613457,0.0
16119.115477851194,0.0
12452.092525212542,0.0
23147.152722532992,0.0
23856.6623531548,0.0
14567.955013631308,0.0
19835.782993063716,0.0
15061.236978037447,0.0
12436.87825950923,0.0
11575.389044401338,0.0
22418.0509004835,0.0
20118.90584403118,0.0
20584.85861728218,0.0
19357.025609948043,0.0
18554.84826040297,0.0
24295.83476604995,0.0
7006.208358849712,0.0
23768.70561903474,0.0
10590.524860468235,0.0
16570.926132913693,0.0
18880.941255394675,0.0
18620.998429818686,0.0
21759.108851412373,0.0
11628.076742583353,0.0
30300.919212252775,0.0
26310.14488019883,0.0
21841.663157709787,0.0
23647.735418107895,0.0
15428.332519588705,0.0
6010.386077707681,0.0
7645.82786803011,0.0
21598.387866235444,0.0
754.3998631800205,0.0
29451.62408129691,0.0
21472.211011079202,0.0
11478.65796043495,0.0
14881.63588094314,0.0
7266.0861512898355,0.0
17790.271772742908,0.0
21337.055558590942,0.0
26693.00583437639,0.0
10077.6671243733,0.0
26468.87984277153,0.0
20661.965371060538,0.0
18100.27565367661,0.0
18610.85758451613,0.0
22341.08802152346,0.0
32505.603612154115,0.0
29418.095352597542,0.0
24486.120569032886,0.0
14007.54615172798,0.0
17708.09054267573,0.0
24898.30897109402,0.0
21908.819490589936,0.0
13954.525267613652,0.0
32939.30415729016,0.0
35836.88036621096,0.0
24173.30812924247,0.0
17624.065310708804,0.0
19724.834176609176,0.0
12516.099553706686,0.0
11655.994771047901,0.0
22655.550200091468,0.0
18756.803232989023,0.0
26475.858651814313,0.0
40085.27680946342,0.0
23783.568156568646,0.0
20542.047014241398,0.0
21193.044331376503,0.0
23032.813581927614,0.0
30619.07236829692,0.0
21877.215845781335,0.0
26462.149804224973,0.0
12989.108848375192,0.0
13765.336975786202,0.0
19676.996268766292,0.0
27500.43186535972,0.0
14541.937785787537,0.0
29725.812256138568,0.0
14443.519528320205,0.0
21923.320106695348,0.0
21125.606472917734,0.0
31596.959393009838,0.0
14453.789774229039,0.0
15083.020626155823,0.0
19149.409418879695,0.0
27328.39923068901,0.0
26997.699668018897,0.0
12638.97501418848,0.0
16049.614204376216,0.0
12687.144730098187,0.0
33701.24986445348,0.0
24739.76324359728,0.0
25905.783491390743,0.0
5799.568597932843,0.0
23122.70204116923,0.0
20301.996206087595,0.0
28347.34807934856,0.0
10604.65297620189,0.0
31555.04818721573,0.0
26898.643509592002,0.0
26653.051255206254,0.0
13833.817446524092,0.0
35812.73630956162,0.0
24756.96721652079,0.0
24770.983971406906,0.0
22434.263970493193,0.0
20444.869924418213,0.0
23957.331612771464,0.0
23701.313050295867,0.0
29900.944501228012,0.0
26366.246267124563,0.0
17842.795082461234,0.0
24354.521289382596,0.0
30346.23075151958,0.0
18282.783222091737,0.0
22106.191190046007,0.0
30726.103737465382,0.0
26530.539736021172,0.0
19257.386984588793,0.0
27284.358947839515,0.0
30644.554468107817,0.0
27634.38103376975,0.0
24217.366744685205,0.0
36297.497053169864,0.0
12983.042427137087,0.0
25684.099068743246,0.0
27030.96911828155,0.0
16735.660250297282,0.0
17550.008107041485,0.0
17981.66004629433,0.0
24568.487584742543,0.0
22704.516876701804,0.0
27501.370196778695,0.0
32227.45101998571,0.0
18929.472434135118,0.0
23638.705672117416,0.0
26085.489597446933,0.0
9233.132442851787,0.0
21350.234856778363,0.0
10362.028171942138,0.0
17408.361301064448,0.0
15732.556082376566,0.0
29826.10294464661,0.0
18304.021759276522,0.0
17813.314276014215,0.0
28073.05105237708,0.0
21342.340661218765,0.0
13255.484827920545,0.0
30304.938657470135,0.0
29466.489151930527,0.0
20098.93448865212,0.0
11270.073527699742,0.0
17363.917688092948,0.0
15660.938087215876,0.0
33666.630802711275,0.0
17388.341986103187,0.0
28480.34576688559,0.0
31088.48844614993,0.0
24813.528032401613,0.0
24669.49621026493,0.0
31949.335303279884,0.0
28217.58692071555,0.0
11835.344931732554,0.0
29787.65950952276,0.0
6539.173117408274,0.0
17378.111670601502,0.0
28169.786699387536,0.0
8907.736251807053,0.0
30043.307381402476,0.0
37237.67695743817,0.0
20367.350284531545,0.0
8987.714078104322,0.0
33806.27880235062,0.0
15776.180360352599,0.0
12639.06435664107,0.0
13881.037439283426,0.0
18154.120386407678,0.0
16569.56431026339,0.0
35294.700099161724,0.0
15121.192764772186,0.0
10230.045508742249,0.0
10752.116613050868,0.0
18046.468964971442,0.0
33075.54906485856,0.0
11574.519663915542,0.0
19473.810516357058,0.0
26358.771319397296,0.0
19740.21565113395,0.0
19608.344454293427,0.0
19133.659867866565,0.0
24372.60958205683,0.0
16076.440817050403,0.0
31644.44811779054,0.0
9693.217383681991,0.0
28181.561926991104,0.0
29247.296269548093,0.0
22323.953605549606,0.0
19416.058431500824,0.0
30444.63622385701,0.0
14428.613396963901,0.0
20743.117099137096,0.0
15204.642917906509,0.0
23147.736862967744,0.0
15028.704955621364,0.0
17721.882393088177,0.0
25787.873042359577,0.0
21421.753653136337,0.0
22962.864372365693,0.0
32664.659512934515,0.0
7727.9553783895335,0.0
17825.148458930627,0.0
22426.756111428906,0.0
31508.01711377912,0.0
14239.941934586208,0.0
19872.631529562463,0.0
25533.415615368795,0.0
14638.426829358263,0.0
18695.049206528995,0.0
