-223.756705528955,0.0
424.0057090631235,0.0
132.53358152608845,0.0
1364.7815274431218,0.0
1261.9011784380364,0.0
642.7459184121682,0.0
1188.470520108222,0.0
1072.7585853646924,0.0
806.362003455885,0.0
836.1607732995174,0.0
1280.99947215076,0.0
1220.0679070151077,0.0
639.732930963284,0.0
-153.1872355881335,0.0
1110.8483378553015,0.0
744.2854832368516,0.0
528.976162709913,0.0
646.8965530326246,0.0
649.5086302690246,0.0
611.0992589714746,0.0
1047.388400207953,0.0
756.2335288778446,0.0
812.747441239473,0.0
97.36726612475002,0.0
1343.8894595242214,0.0
1400.70503807773,0.0
1383.10775575388,0.0
922.915823984124,0.0
1570.4665761040285,0.0
1900.6218898648985,0.0
2242.9503067240885,0.0
1992.760332030417,0.0
2164.6580171508667,0.0
2274.8359980515856,0.0
1505.565044470279,0.0
2114.7020710784054,0.0
2101.6010808107753,0.0
2476.855839011444,0.0
2588.8155250650557,0.0
2157.092619583467,0.0
1508.6099086023785,0.0
1716.844096901847,0.0
1739.7274074981785,0.0
1644.3987605339785,0.0
1425.7586923724957,0.0
1089.8588062058204,0.0
1702.293242012147,0.0
1792.371763098327,0.0
1694.8738792963534,0.0
1993.1823190385958,0.0
1756.4619715821345,0.0
1048.978922234259,0.0
1048.5813298611495,0.0
450.4109448783105,0.0
1585.4602255715672,0.0
1992.0216404529456,0.0
795.3772454366809,0.0
479.8210095670464,0.0
1269.4017041217235,0.0
943.0903446373325,0.0
1786.9062851461154,0.0
834.00840017962,0.0
1025.8052488250864,0.0
437.52196833441496,0.0
367.73882436266746,0.0
913.8633803167529,0.0
404.97100618899015,0.0
1519.2557838649902,0.0
1259.3616133264259,0.0
1646.7346202855351,0.0
973.0562959644842,0.0
764.8518958152399,0.0
1185.0565735099858,0.0
294.67968260640214,0.0
127.89951420482225,0.0
915.664886139391,0.0
326.1106223773222,0.0
165.30007023206485,0.0
-126.29697477971331,0.0
-680.6659306003531,0.0
-705.801050189213,0.0
-299.82316788820447,0.0
427.3703765439809,0.0
-291.1266040489279,0.0
176.61350967077988,0.0
346.77898469249226,0.0
321.37031714605087,0.0
-457.3076073411345,0.0
-495.07979953575307,0.0
-252.2045494195246,0.0
-817.7475366362629,0.0
102.05507604355546,0.0
98.12787281872056,0.0
227.71778395370484,0.0
568.7288652786139,0.0
222.2307187570119,0.0
-133.14383596557786,0.0
-125.74245039465632,0.0
-325.1819657458859,0.0
263.80492180257215,0.0
-25.320226284946102,0.0
259.6512305113838,0.0
-314.0625409821745,0.0
-154.82951499607498,0.0
-393.34873341679304,0.0
259.8799857984268,0.0
219.36551725959794,0.0
73.10950562547646,0.0
-52.01319593528456,0.0
204.755984202898,0.0
-841.9393772131045,0.0
-430.085793721733,0.0
325.503448759629,0.0
-631.8909455425994,0.0
-118.9447676044,0.0
-389.3205229487565,0.0
-287.15316109006784,0.0
82.59601500388221,0.0
717.0286966800065,0.0
272.705282801676,0.0
-47.97383599758248,0.0
695.7431617771094,0.0
-69.50743825781393,0.0
296.6677274931896,0.0
120.63710349879011,0.0
486.850203620833,0.0
-4.198124915535459,0.0
-200.00874168745588,0.0
-85.79041930800042,0.0
-169.2441664792309,0.0
312.1920717496945,0.0
418.2488588983141,0.0
881.9942110458531,0.0
477.27223647562863,0.0
1468.5965472474,0.0
1132.8705145845136,0.0
1905.422401037447,0.0
1868.106549680827,0.0
1586.2257581669085,0.0
1560.49700110222,0.0
645.8456924673926,0.0
1792.5890055000714,0.0
515.3945013657532,0.0
693.9692029363245,0.0
199.49822461958593,0.0
625.7260762423044,0.0
1940.7663076475933,0.0
922.9349853714044,0.0
177.71519910433608,0.0
-228.72047613850214,0.0
800.8302451322461,0.0
623.8422928763061,0.0
782.6789119074348,0.0
267.86156570505614,0.0
-231.5554249243521,0.0
172.83347155437605,0.0
1173.8781281075444,0.0
558.2692084628646,0.0
248.95115216649458,0.0
1386.3319859126545,0.0
824.4858341971445,0.0
819.8409804803731,0.0
1520.0413269200917,0.0
1686.97060145085,0.0
812.4758183785216,0.0
1498.8835293203128,0.0
553.065629643973,0.0
71.27505341722599,0.0
471.68876100867317,0.0
535.1305722539931,0.0
949.4376254524049,0.0
-191.0299906357219,0.0
-132.44233023314587,0.0
-673.2243380165082,0.0
-836.2107198779743,0.0
-1077.788813879164,0.0
-573.8076543109911,0.0
-180.8117761884621,0.0
-631.0209785207792,0.0
-916.307266108273,0.0
-2147.0085406788503,0.0
-1139.685033296431,0.0
-1207.1198907521382,0.0
-1606.8974814518988,0.0
-957.3252643992679,0.0
-1269.584078992142,0.0
-470.2637021818685,0.0
-1339.1431091832735,0.0
-1279.5945553241015,0.0
-1239.603529447064,0.0
-1305.1855597116414,0.0
-1151.0439197643254,0.0
-1891.2807281696028,0.0
-1376.9347227065919,0.0
-1880.8809597777354,0.0
-1588.1174610011271,0.0
-451.4077524158805,0.0
-1654.220669059117,0.0
-893.9712275068234,0.0
-1210.5837977860685,0.0
-673.331439887578,0.0
-234.504980728901,0.0
-569.3733664751294,0.0
-998.484047890247,0.0
-1437.0371574528813,0.0
281.81839563130666,0.0
-382.87484895318954,0.0
-428.17525903423456,0.0
-345.77137795798,0.0
-148.80615078699907,0.0
-380.39039438216,0.0
-153.37647640825696,0.0
-151.44885924103153,0.0
-478.12782478724455,0.0
121.73395453550995,0.0
66.04240227020946,0.0
-838.1481901928199,0.0
-1141.10280592146,0.0
-136.75396070427354,0.0
-618.625134755604,0.0
-1180.25397589968,0.0
-502.815664954971,0.0
-398.6070273459705,0.0
-237.4927262752696,0.0
-751.264251432684,0.0
100.31246263644954,0.0
-327.50368030784404,0.0
-442.78121542923856,0.0
276.08490044679974,0.0
648.3687999381406,0.0
547.5056642226434,0.0
-345.36243035045004,0.0
261.64236373789186,0.0
773.7185448995224,0.0
621.8776446607765,0.0
962.8474354341129,0.0
1277.324342619444,0.0
1001.8971221549125,0.0
2181.415995379004,0.0
1859.919064467143,0.0
2193.068534482414,0.0
2386.228611178734,0.0
2446.5013915564123,0.0
2400.41814416954,0.0
3487.966280468959,0.0
2695.083001973149,0.0
3010.5441534271695,0.0
3460.356767093938,0.0
3557.4434799391474,0.0
4326.948888928526,0.0
3789.2366048442177,0.0
3665.9809647871193,0.0
3270.0594206823807,0.0
3257.762781519181,0.0
3368.5962238723923,0.0
3577.106075750962,0.0
2338.352374498801,0.0
3173.182697557424,0.0
3416.018929691252,0.0
3437.967937505331,0.0
3963.271164039231,0.0
3225.553172199312,0.0
3284.365757600582,0.0
3435.0064310371436,0.0
3480.8518099591656,0.0
3245.4687777468735,0.0
3279.5456917010624,0.0
3004.090720174392,0.0
3311.321211879923,0.0
3363.702996872531,0.0
3877.7598497274694,0.0
4099.367480065919,0.0
3910.039868433858,0.0
4873.46380956905,0.0
4226.539439018448,0.0
4270.466244181989,0.0
2724.802018650271,0.0
3782.5853935350306,0.0
3000.507118415871,0.0
3765.1056752825807,0.0
3809.7134805612595,0.0
3470.2394241102493,0.0
3765.3639741388715,0.0
2980.089420419201,0.0
2967.0740917089206,0.0
2477.788246250052,0.0
2258.315498666244,0.0
3056.370146210602,0.0
3085.571533419871,0.0
3504.1198192805296,0.0
2932.653338359399,0.0
3419.0047588362877,0.0
3579.925884999886,0.0
3184.7530499802374,0.0
4548.9030978159535,0.0
3605.054621553856,0.0
3760.9774716183692,0.0
3757.5127113098206,0.0
3044.18770838688,0.0
3159.474847940802,0.0
3800.5830956868876,0.0
3308.850865134985,0.0
4608.605940067051,0.0
3691.1358545765775,0.0
4639.535923412929,0.0
4524.095829878918,0.0
3945.780996168257,0.0
3781.645807868251,0.0
3427.5165410292457,0.0
4136.858990042712,0.0
4065.1665824439647,0.0
3952.30063179738,0.0
3426.3002728290116,0.0
3308.8261651348503,0.0
3491.0342614915903,0.0
3573.028526658005,0.0
2977.385918617467,0.0
3076.918903521363,0.0
2625.480279528856,0.0
2968.1942225476737,0.0
3519.947259821057,0.0
3292.8124261126063,0.0
3033.53511099846,0.0
2055.3618475625317,0.0
2899.210115591044,0.0
2610.0163770874,0.0
2041.8730464574483,0.0
2237.6634892888305,0.0
1596.1753689774405,0.0
2446.425035377082,0.0
2380.144556937377,0.0
1954.0016262607428,0.0
2135.1539550371244,0.0
2511.4355568527535,0.0
2210.1461327213,0.0
2353.58922588328,0.0
2192.474810516793,0.0
2174.6213064834647,0.0
2371.3439964244553,0.0
2635.908856503193,0.0
3147.0578539730914,0.0
2273.293379594081,0.0
2804.512473822713,0.0
2393.4397311204248,0.0
1743.613103269206,0.0
2396.73117464951,0.0
3582.0954095489287,0.0
3251.638899622672,0.0
3681.580287128973,0.0
4145.310938633553,0.0
3790.9545142193942,0.0
3299.363465830073,0.0
2988.854031611149,0.0
2579.5311637888844,0.0
3016.612498644711,0.0
2460.3056697322722,0.0
1619.47547619784,0.0
2342.0577149870774,0.0
1781.5849955874162,0.0
2479.263835557282,0.0
1967.153875704637,0.0
3172.289697373482,0.0
2540.8415029168123,0.0
2964.577487502571,0.0
3127.954099221241,0.0
3477.552143912281,0.0
3845.5102154101796,0.0
4147.572108649188,0.0
4075.417962999486,0.0
4127.009428865955,0.0
4813.209958505083,0.0
5106.802898765913,0.0
4480.694445350364,0.0
5078.474127397452,0.0
4725.452708184653,0.0
5184.293064188192,0.0
5549.299926839061,0.0
5483.446306275771,0.0
5785.25217549818,0.0
6228.429686802222,0.0
6167.9162932933505,0.0
6312.2316030809,0.0
5592.23477386283,0.0
5995.43832229045,0.0
6638.291928437558,0.0
6482.340680273596,0.0
5454.1996802082485,0.0
6063.607181472629,0.0
5242.357121179521,0.0
5902.8832918215085,0.0
6378.26708775263,0.0
5823.348199389442,0.0
6249.52401086341,0.0
5938.17714011917,0.0
5477.605280467862,0.0
5148.735311727772,0.0
5740.513071214723,0.0
4861.535997590025,0.0
4821.068412505563,0.0
5343.908579793722,0.0
5368.924163141342,0.0
5612.174069857403,0.0
4654.412893437782,0.0
4672.868244649573,0.0
4603.386942454263,0.0
4277.051208536584,0.0
4216.107344847284,0.0
4175.861103522875,0.0
5014.394609979513,0.0
3894.8680119249343,0.0
4215.509473502763,0.0
4799.296277008892,0.0
4898.582882200382,0.0
4420.787338057257,0.0
4444.212351946271,0.0
5023.358602750468,0.0
4851.36973628038,0.0
4321.925342014475,0.0
3825.594850484104,0.0
4888.83956469151,0.0
4442.310141844612,0.0
3600.034876971973,0.0
3766.618874156247,0.0
3368.786734169955,0.0
4146.632466159537,0.0
4740.618092873512,0.0
3230.002033178337,0.0
3761.7007926826464,0.0
4036.210473879897,0.0
4248.982034588744,0.0
3433.600237790465,0.0
4024.1503761886274,0.0
3247.708329099293,0.0
3752.2509553988793,0.0
3939.2507878833894,0.0
3620.9719878220235,0.0
3706.777761188321,0.0
3349.9613728705617,0.0
3382.239130935747,0.0
4109.943980741222,0.0
3984.3795775105336,0.0
4770.53608628624,0.0
4396.188959266558,0.0
4429.487548679816,0.0
4197.091644445431,0.0
3042.4745762469856,0.0
3644.5034401365024,0.0
4276.3995385461185,0.0
4253.458951710653,0.0
3343.1911143594953,0.0
4282.198899755171,0.0
3466.6718040572846,0.0
3723.826962271642,0.0
3469.736699300747,0.0
3824.2562081155857,0.0
4133.377232985401,0.0
4342.739052092389,0.0
3171.8537216399245,0.0
3618.579596204562,0.0
3950.779210747885,0.0
3929.997943258917,0.0
4656.74144355022,0.0
4387.283330259483,0.0
4217.302852808246,0.0
4349.531631324227,0.0
4795.934404175814,0.0
4789.2595219082095,0.0
5342.687432055047,0.0
5723.514233427685,0.0
5933.184434210284,0.0
5602.294272044207,0.0
5665.9649076492915,0.0
6287.16251898331,0.0
6841.180081113499,0.0
7525.068476017887,0.0
6916.542599600867,0.0
7878.955676156615,0.0
8186.001614315133,0.0
8607.635053131024,0.0
8519.105783401601,0.0
8472.96810256273,0.0
8537.97979738466,0.0
8835.0323518271,0.0
8959.18340717136,0.0
10004.61146560381,0.0
10381.915931572767,0.0
9221.65808345064,0.0
9242.981215553487,0.0
8964.181187706117,0.0
9916.100941436918,0.0
9387.584282773878,0.0
10932.589244967558,0.0
9554.237220433608,0.0
10234.116717394456,0.0
11886.167695191005,0.0
10144.856888072614,0.0
10687.117933469764,0.0
10203.727475200165,0.0
11030.919227213582,0.0
10331.209467503655,0.0
10411.544991816336,0.0
10288.373557049466,0.0
9697.748670058198,0.0
9854.3903033044,0.0
9929.750047996291,0.0
10143.356027981401,0.0
9064.614699230191,0.0
9458.390247195892,0.0
9951.534630680022,0.0
9390.05030830035,0.0
8577.810217506982,0.0
8847.382228607014,0.0
8805.748363233273,0.0
9138.247948166125,0.0
9216.767287671362,0.0
9405.592899168412,0.0
9404.51434355483,0.0
9923.983885727548,0.0
9607.219261794067,0.0
10395.270256533408,0.0
9923.172131838515,0.0
10236.927875363624,0.0
9474.330880185616,0.0
10085.774185021684,0.0
10208.468345004461,0.0
9830.880928899871,0.0
10598.690779664972,0.0
11287.24232294814,0.0
11316.463085900737,0.0
11330.548697588185,0.0
10777.416641425196,0.0
11279.795833691898,0.0
10535.843557952949,0.0
10550.849868314519,0.0
11513.505582159556,0.0
10571.394858313446,0.0
10609.114691369317,0.0
10613.421429509208,0.0
10020.163420156681,0.0
9345.108823413795,0.0
9238.03573338161,0.0
9173.336786664673,0.0
8888.268880522535,0.0
8926.541741483781,0.0
9614.794660211855,0.0
8779.096200546379,0.0
8495.135525689417,0.0
8610.967677926781,0.0
7572.569727403262,0.0
8183.606276424574,0.0
8456.474644682596,0.0
8155.3984953353865,0.0
8074.701288709138,0.0
8580.202555028329,0.0
9530.585992332562,0.0
8954.57835091212,0.0
8079.553393929148,0.0
8916.578519167932,0.0
8705.49022638463,0.0
8411.74677267115,0.0
7871.037218393543,0.0
8019.168798917532,0.0
8280.551159044406,0.0
8097.983037566185,0.0
8377.636997224141,0.0
9004.457474051125,0.0
8256.399962857287,0.0
8029.06814244578,0.0
8162.986592755514,0.0
8741.179442342393,0.0
8088.131623449096,0.0
9066.753373435604,0.0
8810.437274365659,0.0
8113.591188959613,0.0
8633.41567246658,0.0
8731.28286527158,0.0
8633.834733405272,0.0
9210.897570504465,0.0
7549.562751285592,0.0
8175.342991068021,0.0
8160.698749913662,0.0
9060.811393365218,0.0
9917.104176163031,0.0
9740.237056635602,0.0
9102.012821969834,0.0
9314.342596475244,0.0
9017.61342486457,0.0
9591.776139300013,0.0
9354.584494482384,0.0
9298.323283566097,0.0
9822.031566485271,0.0
9677.188562042882,0.0
10584.385229226971,0.0
9783.501887678412,0.0
9470.948592581932,0.0
10866.0760192299,0.0
10647.902810395839,0.0
10859.388561417418,0.0
11137.982554327842,0.0
10607.791503240462,0.0
10830.524059726202,0.0
11843.341313047049,0.0
11558.502546223488,0.0
11349.65094586867,0.0
10888.483275492212,0.0
10866.206272726571,0.0
10793.84062620633,0.0
11308.315036476692,0.0
12442.165572333259,0.0
12127.158535885148,0.0
12430.900211226246,0.0
12534.191183061876,0.0
12592.853335919754,0.0
12262.660044091934,0.0
13487.053087838916,0.0
12675.248814682054,0.0
12745.139477826973,0.0
11948.217715308547,0.0
12801.440237378833,0.0
12814.902222564404,0.0
12542.606540695695,0.0
12273.736293936143,0.0
13564.490725038813,0.0
13832.968494269593,0.0
13438.793892696023,0.0
12503.488215145644,0.0
13144.555553727374,0.0
12500.959816504786,0.0
12452.669958500495,0.0
13034.509136123495,0.0
12070.194004553416,0.0
12017.623831256049,0.0
11902.120780031439,0.0
12133.800294727818,0.0
11794.873750004706,0.0
12341.706259584424,0.0
12526.806924228717,0.0
12106.247388770038,0.0
11811.276395954716,0.0
12586.797408431074,0.0
11169.236307701025,0.0
11584.856869356998,0.0
12180.807313576106,0.0
11342.090759817907,0.0
11500.491317216109,0.0
10870.685143495059,0.0
11961.563605575575,0.0
10917.544418514355,0.0
11397.923641517786,0.0
11351.252248758406,0.0
11115.018271349278,0.0
11002.445323824226,0.0
11888.370644949146,0.0
10918.617494973912,0.0
11733.993045364832,0.0
10510.461030715558,0.0
11224.304296309443,0.0
11060.203353914585,0.0
10138.68118695052,0.0
10718.849359707518,0.0
10519.684695473718,0.0
10968.922646494197,0.0
10530.317176474735,0.0
10426.26013553457,0.0
9802.74601135458,0.0
10551.271630692092,0.0
10412.487169086411,0.0
10817.928962243359,0.0
10550.556668380814,0.0
11552.386673449913,0.0
10305.635488340584,0.0
11115.196951928297,0.0
10466.730267504754,0.0
10381.951677802654,0.0
11368.963831757836,0.0
10624.097905293758,0.0
11022.457028936544,0.0
10847.149359658682,0.0
10900.245568840972,0.0
10736.962404396834,0.0
11206.83071323639,0.0
10108.996119820196,0.0
10905.320958884702,0.0
10889.367841720386,0.0
10746.108018636636,0.0
11273.116047513135,0.0
11491.8034561755,0.0
11822.388982202514,0.0
12346.099254569526,0.0
11163.33814498394,0.0
11633.24705232107,0.0
11031.765365502237,0.0
10671.119805406495,0.0
11155.272209282362,0.0
11644.601981149739,0.0
11862.070712898196,0.0
10705.148195222311,0.0
11576.123603660499,0.0
11942.6667260961,0.0
11659.554422902947,0.0
11300.892256223502,0.0
12335.525251344941,0.0
11381.953522672613,0.0
11758.910140420792,0.0
11709.362901988798,0.0
11703.273508849514,0.0
11434.631382300997,0.0
11628.978053361912,0.0
12348.669079465464,0.0
12288.357452042354,0.0
12298.111654204833,0.0
12276.755218081624,0.0
11520.716375503585,0.0
11519.260070559263,0.0
11918.278730307824,0.0
11518.956443656023,0.0
12071.522516537094,0.0
12856.355567501683,0.0
12653.940746425653,0.0
12792.937783825433,0.0
12362.814544108285,0.0
11691.818117039318,0.0
12665.718818614989,0.0
11790.314725347049,0.0
11524.866468973618,0.0
11679.68494784767,0.0
11437.522406094988,0.0
12347.534776767348,0.0
11985.02995426669,0.0
11440.917933678002,0.0
11711.60785230558,0.0
12262.800427598131,0.0
11853.216043057779,0.0
11632.65700531476,0.0
12445.578959807088,0.0
12430.336458236818,0.0
12666.975780317529,0.0
11997.202680612301,0.0
12510.844444839151,0.0
11986.438230299782,0.0
10999.768514471481,0.0
11605.599245587211,0.0
12266.9691432621,0.0
12044.192790919831,0.0
11154.129773199662,0.0
11000.616563305523,0.0
12117.648811454303,0.0
11148.526771811092,0.0
11785.439362085304,0.0
11743.045797255445,0.0
10822.038070805282,0.0
11282.205185045352,0.0
11094.502077057972,0.0
12020.758820066061,0.0
11544.856122607549,0.0
11504.298515507568,0.0
12915.432777075328,0.0
12771.758041401956,0.0
12645.459840307585,0.0
12329.072894442934,0.0
12780.966335956844,0.0
12665.917051358134,0.0
11913.825923719383,0.0
12542.791548696172,0.0
12303.874518201243,0.0
13060.481728565592,0.0
12889.292974307242,0.0
13049.178599299832,0.0
12286.763487734233,0.0
11483.901823035823,0.0
11969.591998394262,0.0
11419.487118061163,0.0
12284.417936629983,0.0
12111.180788015603,0.0
11507.088487071553,0.0
10828.028098600606,0.0
11228.201040369238,0.0
10541.0433872403,0.0
10007.903029496962,0.0
10489.96912022097,0.0
10027.64892553672,0.0
10379.226892168972,0.0
9325.13765230662,0.0
9995.12211867995,0.0
9845.558454693431,0.0
9271.73449841074,0.0
9851.794539275772,0.0
9346.551177596706,0.0
9869.988089563427,0.0
9305.268881398588,0.0
9247.265024217533,0.0
10027.15956742536,0.0
9842.084648369777,0.0
10335.231671687554,0.0
9940.257591294328,0.0
9912.77511842935,0.0
10548.694459876251,0.0
10103.95121700243,0.0
9885.063187165568,0.0
11524.342031132164,0.0
10993.889853220244,0.0
10457.714818829812,0.0
11210.812372654076,0.0
10864.328788407995,0.0
10394.463496066815,0.0
10850.048130990277,0.0
10510.351168637004,0.0
10777.424664184995,0.0
10437.390309098417,0.0
9590.567634904468,0.0
10384.010606216574,0.0
10564.628738792999,0.0
10871.069744855626,0.0
10085.236661183071,0.0
10651.662527633081,0.0
11508.830022074906,0.0
10863.324305249038,0.0
9742.535265947323,0.0
9545.135966639342,0.0
10389.828325904082,0.0
10497.020564039489,0.0
10698.64120588098,0.0
10250.945467251451,0.0
10525.92144325495,0.0
10358.646087826302,0.0
10706.171442381772,0.0
10542.33211322121,0.0
11646.570364504822,0.0
10365.317238751632,0.0
10945.64584638939,0.0
10831.847756554951,0.0
12033.039809900509,0.0
11824.001620139848,0.0
11330.279069825168,0.0
11403.255979875892,0.0
12101.225419108549,0.0
12559.21003499052,0.0
12209.479504949388,0.0
11792.105871714768,0.0
12158.166121512906,0.0
13022.70030188695,0.0
11334.279451077038,0.0
12965.540192340462,0.0
11546.112293917922,0.0
11530.317674702103,0.0
11802.209866501013,0.0
12130.206842038842,0.0
11947.315331215692,0.0
10894.640472134211,0.0
12045.087971763422,0.0
12114.580052981672,0.0
11942.364775864182,0.0
11359.154026554792,0.0
11177.657529364971,0.0
11657.466447084013,0.0
11728.17299826334,0.0
11525.860253620573,0.0
11187.388209759023,0.0
11392.060319219345,0.0
11423.481873739804,0.0
11819.372406078095,0.0
11880.313259651144,0.0
10947.100146724937,0.0
11385.548248244544,0.0
11608.192419240575,0.0
12238.234591147782,0.0
11964.919420144532,0.0
11620.16914314502,0.0
12283.344001179841,0.0
11840.819450665982,0.0
12761.810506376441,0.0
12480.88397394665,0.0
11806.678209931772,0.0
11823.35183461518,0.0
11468.657776146832,0.0
11384.686582517832,0.0
11602.487447483993,0.0
12088.43193647641,0.0
12090.316803776997,0.0
11778.75110584185,0.0
11227.612734143631,0.0
11729.44197775155,0.0
11130.938747200013,0.0
10871.548330195463,0.0
10855.071103535603,0.0
11296.771005627852,0.0
10527.065570902041,0.0
11671.699562197562,0.0
10414.73841190817,0.0
10473.329808410883,0.0
10664.559581386682,0.0
10691.949312083461,0.0
11224.97434453125,0.0
13502.47871647973,1.0
10822.576182724511,0.0
10512.479890513061,0.0
10394.294755309658,0.0
11105.45413841983,0.0
9572.737004206956,0.0
9798.451192673932,0.0
9653.21863202497,0.0
9946.27284574408,0.0
10197.87576762922,0.0
9648.97603270226,0.0
10519.769808201729,0.0
10146.86679084882,0.0
10717.222045014758,0.0
10806.518420778846,0.0
11223.682259848654,0.0
10874.976897755563,0.0
11500.08191173252,0.0
10996.89569394457,0.0
10335.763492299551,0.0
10627.00948496104,0.0
11200.554285141825,0.0
10039.87918972794,0.0
9919.227514511025,0.0
9961.647042027502,0.0
9451.29310740273,0.0
9869.217169061383,0.0
9445.639290595942,0.0
10033.310159008923,0.0
9619.552341158129,0.0
9107.729156097885,0.0
9417.782223508862,0.0
9241.451244451895,0.0
9246.182122868408,0.0
9857.98192106829,0.0
10304.96533845037,0.0
9858.090855250632,0.0
10075.723670507292,0.0
9884.654440620692,0.0
9824.694379216602,0.0
9076.193104138405,0.0
10290.005226693553,0.0
10847.476421099902,0.0
10149.535909874192,0.0
9984.10949185448,0.0
10130.01384779377,0.0
9995.180273964741,0.0
10388.913196435651,0.0
10999.415971228751,0.0
11142.064189100562,0.0
10989.087954029692,0.0
10642.699010939232,0.0
11628.298476148519,0.0
11898.03553972939,0.0
12579.562854533087,0.0
11386.44968200783,0.0
12090.797292066558,0.0
12705.076556758755,0.0
12307.321435458896,0.0
12334.477628858429,0.0
12574.216475609706,0.0
12241.532768965128,0.0
12699.907308346776,0.0
13334.660868822142,0.0
13479.401809509223,0.0
12949.584830344424,0.0
12093.309862111077,0.0
12953.598543415153,0.0
13012.345514401166,0.0
12166.676067604945,0.0
14203.124897383443,0.0
13195.106576066963,0.0
13080.710693437373,0.0
14347.160965666562,0.0
13069.548735651453,0.0
13883.969528471363,0.0
13525.104024640084,0.0
13563.705772643745,0.0
13462.244328032348,0.0
13098.805255435816,0.0
12928.473116932038,0.0
12393.215014894186,0.0
13137.463551268216,0.0
13627.003683995266,0.0
13394.868747911849,0.0
14220.392939723906,0.0
13226.867592928767,0.0
13081.925382831698,0.0
12648.67880032265,0.0
12149.253866114392,0.0
12573.535717064631,0.0
12445.249376401021,0.0
12573.869427993151,0.0
11921.481702023591,0.0
12443.899761236262,0.0
12422.450372163801,0.0
12341.943211382042,0.0
12156.43815459542,0.0
11761.87162453124,0.0
11858.492231098242,0.0
11719.332005966055,0.0
11327.819321016425,0.0
11112.140917217645,0.0
10846.293064052425,0.0
10671.237278890178,0.0
9943.927416978868,0.0
10439.721187026347,0.0
11033.404288399057,0.0
11234.738194874655,0.0
10449.004460196484,0.0
11047.278891459391,0.0
10924.891915764332,0.0
10227.875618748621,0.0
11327.505181077031,0.0
9993.924377240442,0.0
9883.936777480285,0.0
10344.535054524296,0.0
9997.038913723545,0.0
10323.140921856362,0.0
9747.137989663182,0.0
10020.156138819431,0.0
10604.772090808961,0.0
10629.502691472691,0.0
10138.028897334712,0.0
9809.622301805302,0.0
9558.335115306852,0.0
10912.368377528222,0.0
10284.886827150991,0.0
10353.03051166332,0.0
10309.335216417952,0.0
10256.799457613322,0.0
9767.509550357383,0.0
9170.664959466354,0.0
8944.751345802466,0.0
9270.314230394817,0.0
8220.184781676051,0.0
8858.647719239458,0.0
8176.399727165761,0.0
7929.779582797727,0.0
8054.228432326129,0.0
8247.11022944226,0.0
8363.073894605992,0.0
8487.6075568412,0.0
8521.235201052898,0.0
9204.515870071727,0.0
9220.236781826177,0.0
8913.250628001097,0.0
9103.778924538057,0.0
8777.958559506158,0.0
8629.107801689051,0.0
8398.704035525772,0.0
9738.185927777427,0.0
9400.157704057838,0.0
9390.221752738607,0.0
8940.634458465407,0.0
8830.83895278624,0.0
9039.030297672567,0.0
8773.68614921926,0.0
9173.561169933817,0.0
8507.93379535463,0.0
10079.117266643667,0.0
9565.073452631057,0.0
9528.967201490867,0.0
10403.592580106084,0.0
9529.954640457117,0.0
10723.650352685425,0.0
10035.890890119854,0.0
9413.775170684694,0.0
11097.512284955003,0.0
11367.863687272142,0.0
11034.29042633384,0.0
10881.1582964858,0.0
11083.356551447929,0.0
12003.824469756468,0.0
11236.75230549563,0.0
11680.844337738168,0.0
12387.980543635927,0.0
12433.759578883528,0.0
11902.48407802251,0.0
11947.584905106381,0.0
12155.146260007401,0.0
12752.92052381119,0.0
11575.19439154726,0.0
11128.914875533763,0.0
11383.717913945831,0.0
12032.922682217102,0.0
11869.027382972712,0.0
12503.834683264742,0.0
12505.828593498141,0.0
12748.552229302111,0.0
12455.841448683492,0.0
12705.67317987404,0.0
12233.975936812692,0.0
12951.31847529337,0.0
12103.950064090062,0.0
12520.82996110964,0.0
12086.926357321245,0.0
12414.211353161678,0.0
12324.834556154145,0.0
11682.064432021247,0.0
11532.643725659698,0.0
11218.7532371826,0.0
10511.91642240215,0.0
11878.24789577564,0.0
11644.39166029205,0.0
10695.887256882981,0.0
11376.21027149004,0.0
11308.83865113293,0.0
10513.389851568581,0.0
11435.877919768373,0.0
11059.08828238628,0.0
11462.104767744928,0.0
11507.029112687636,0.0
10963.673604797468,0.0
10889.151392433247,0.0
11218.787235057527,0.0
11396.611274676818,0.0
11164.785131295017,0.0
11061.14750306497,0.0
10592.858316173752,0.0
10889.31498132258,0.0
10125.65251924503,0.0
11092.784201544488,0.0
10220.42448728432,0.0
9992.93099031534,0.0
9777.258548514925,0.0
9151.640671598554,0.0
9919.540682288962,0.0
9447.531836398983,0.0
9275.747220375824,0.0
8984.653677910555,0.0
9841.220017660944,0.0
8865.205034122304,0.0
9448.796488229073,0.0
8284.184529842603,0.0
8583.791432671675,0.0
8297.599783758546,0.0
8966.373707929375,0.0
7994.534411311886,0.0
8239.218404472063,0.0
7984.754727812155,0.0
8491.216210792145,0.0
8781.909301909554,0.0
8152.356662423414,0.0
8096.159712612014,0.0
8410.388197067627,0.0
7618.691673863056,0.0
8343.184563985114,0.0
8469.257382494463,0.0
7536.160724728865,0.0
8128.669994138576,0.0
8218.962319785214,0.0
7723.0006246709245,0.0
7265.142289979545,0.0
7703.6475367812045,0.0
8116.642642060324,0.0
7322.389684077316,0.0
7113.880518895309,0.0
7449.887413533386,0.0
7773.667751537366,0.0
7074.032328866443,0.0
7129.370019909327,0.0
7058.020895430142,0.0
7829.312332522234,0.0
7473.897777769496,0.0
7526.665190615826,0.0
7335.106889495866,0.0
7049.798771151027,0.0
7927.559607533026,0.0
7961.6688039468045,0.0
7891.927171567794,0.0
6838.626229639865,0.0
7580.6414072803445,0.0
8362.364195992835,0.0
8267.673275577774,0.0
8308.918499686362,0.0
8641.359965406022,0.0
8443.303753770693,0.0
8179.366781984794,0.0
8323.567116849206,0.0
8758.087276805416,0.0
8911.190690476495,0.0
9073.033715570155,0.0
8853.107846855604,0.0
9070.257123897303,0.0
8205.841211859726,0.0
8305.414121803868,0.0
9498.425345317935,0.0
9059.355351033884,0.0
9308.761393247125,0.0
9563.347647940962,0.0
10129.394390864081,0.0
10687.878918851642,0.0
10152.562587622331,0.0
9985.129735308572,0.0
10624.368405833224,0.0
9668.516001844673,0.0
10709.551532142561,0.0
10220.366538451672,0.0
10073.46277499374,0.0
10950.210759966183,0.0
9648.217302880254,0.0
10250.686553081114,0.0
10150.685646073995,0.0
9766.069387210866,0.0
9391.090829931767,0.0
9804.759586978586,0.0
9525.192365350265,0.0
11108.090229760444,0.0
10066.876344191412,0.0
10018.322340244164,0.0
11347.132730919082,0.0
11736.00750440069,0.0
11368.58131813713,0.0
11391.90085940212,0.0
11751.78064376808,0.0
12014.64218345257,0.0
10951.31770808863,0.0
12286.959010701417,0.0
11616.15178388571,0.0
11148.303088129513,0.0
12006.23729102307,0.0
11884.930259885969,0.0
12277.865374553829,0.0
11421.129164624319,0.0
11512.295936629602,0.0
11319.533958627602,0.0
11003.005232715272,0.0
12075.96523311216,0.0
11191.043371607022,0.0
11357.724565753451,0.0
11531.21320041791,0.0
11440.45514149768,0.0
10722.699731224331,0.0
11190.22214490065,0.0
12379.389112829009,0.0
11359.929952678998,0.0
11502.885644816497,0.0
11538.960020201977,0.0
11359.188552966387,0.0
11236.849586865437,0.0
10976.705555051687,0.0
11608.295866145527,0.0
11556.906292902504,0.0
11619.900236361575,0.0
10992.687505072177,0.0
10431.179664143447,0.0
11260.164073535034,0.0
12026.703401316056,0.0
10564.175961506704,0.0
10664.426043976884,0.0
10465.796041524794,0.0
11023.406097170033,0.0
11304.307290651184,0.0
10679.990490372424,0.0
10852.369183663111,0.0
10411.241905679512,0.0
10833.138274420902,0.0
11118.001004260372,0.0
11217.955404823035,0.0
11093.545131163342,0.0
9966.625705957715,0.0
9763.101162237497,0.0
9830.480541290117,0.0
9555.237545703227,0.0
9608.676936458958,0.0
8988.856323282767,0.0
8986.34113462724,0.0
9044.015886716687,0.0
9006.027236489928,0.0
8769.27341201726,0.0
8848.73588914109,0.0
9248.319014647588,0.0
9455.977450961967,0.0
8745.5445778354,0.0
8325.838431365602,0.0
9485.61424080419,0.0
8974.570332713942,0.0
8863.497618234092,0.0
9225.71698376751,0.0
7984.477252516164,0.0
8806.421223829684,0.0
8242.827978481106,0.0
8205.341432916153,0.0
8618.177790747794,0.0
8438.414847947573,0.0
8403.492474136734,0.0
7905.393254381063,0.0
8498.381211139364,0.0
8763.089787427347,0.0
8506.935456877487,0.0
7858.563983971537,0.0
7806.247355378957,0.0
7961.868114458957,0.0
8363.741957149607,0.0
8818.655174229185,0.0
8491.902455401925,0.0
8530.009102148808,0.0
8460.636850005996,0.0
8994.863086660785,0.0
9311.290358842325,0.0
9988.378962411456,0.0
8726.401780990465,0.0
8856.090118945174,0.0
9053.546299206206,0.0
9099.638619253185,0.0
9551.151207342724,0.0
9799.856878965864,0.0
9949.757773660274,0.0
9483.482748295713,0.0
9750.0201993029,0.0
10827.495500906422,0.0
10697.433802134568,0.0
10358.30171646074,0.0
10099.32361318925,0.0
10639.3607428986,0.0
11123.80025650475,0.0
11069.303738698547,0.0
12091.373443901928,0.0
12040.435172198644,0.0
11809.256630755128,0.0
11516.843534110018,0.0
11753.765577543778,0.0
12136.837532720225,0.0
12391.069820395427,0.0
11820.874923017524,0.0
13024.070785337952,0.0
12272.342641931744,0.0
12428.104320858856,0.0
12180.958087611878,0.0
11751.904081910126,0.0
12116.475755411748,0.0
11789.244831158067,0.0
12171.726802996269,0.0
11766.573747244338,0.0
11158.46911636555,0.0
11787.390742195057,0.0
11619.85500059619,0.0
11254.923635792842,0.0
11747.34612988331,0.0
11615.664620375741,0.0
11954.456819649808,0.0
11932.14703642841,0.0
11658.050665090397,0.0
12055.86915401418,0.0
12037.322400252058,0.0
11720.30373708966,0.0
10691.26445030457,0.0
11563.56256926841,0.0
11435.626223660169,0.0
11902.67575798456,0.0
11777.650367081582,0.0
11674.3531164349,0.0
11057.95003231924,0.0
10842.43876832287,0.0
11322.047868939808,0.0
11193.893087237138,0.0
10659.77196978879,0.0
11463.58181099762,0.0
11418.139129530497,0.0
11271.932504908349,0.0
10549.45749785804,0.0
11071.712472090047,0.0
10981.444818051337,0.0
11313.494107716415,0.0
11624.885112601494,0.0
11176.562419823866,0.0
11319.015676753792,0.0
10855.577034149595,0.0
10737.461926360875,0.0
10593.461437638647,0.0
11448.830465340197,0.0
10526.545383427867,0.0
10291.710608095927,0.0
10396.204662501945,0.0
10781.883659017105,0.0
10628.169082262735,0.0
10797.200180149584,0.0
10263.166574037456,0.0
10339.500297446637,0.0
10228.101791998059,0.0
10572.265123632118,0.0
10225.719960488937,0.0
10489.588574107256,0.0
10012.001399093997,0.0
10331.742590060487,0.0
10174.986956756604,0.0
9947.675289510715,0.0
9996.906236095452,0.0
9871.324948734955,0.0
10107.653347731113,0.0
10282.973137328954,0.0
10035.625889581555,0.0
9810.090763693934,0.0
9421.767090495918,0.0
10561.697063531115,0.0
9646.369954918737,0.0
9279.795250743067,0.0
9299.479040850567,0.0
9773.682625128067,0.0
10329.950673014184,0.0
10013.069716286054,0.0
9823.868831954276,0.0
9709.088658015844,0.0
10397.819928625255,0.0
10454.693034466933,0.0
10717.994667863592,0.0
11047.24399058544,0.0
10315.101233463434,0.0
9913.541669567967,0.0
9506.799351306048,0.0
9347.06311293048,0.0
9556.442170301087,0.0
9797.37834860889,0.0
9471.058165797858,0.0
9431.758066531438,0.0
10162.820944675237,0.0
11139.258525561485,0.0
10859.639392698435,0.0
10427.528430903707,0.0
11197.201118784466,0.0
10900.933529611844,0.0
11338.505974693382,0.0
11759.59407095364,0.0
11923.111381750463,0.0
11794.124955184394,0.0
12145.602135998113,0.0
12112.749289759722,0.0
