640.999678770435,0.0
1709.2101295833297,0.0
2571.0744836598483,0.0
4391.374278905467,0.0
5818.635727785141,0.0
3107.8460584634145,0.0
3456.6328917561254,0.0
2016.6449930813874,0.0
407.23736621608,0.0
3438.858534105886,0.0
881.627452633307,0.0
1962.2854737243922,0.0
39.39838101754,0.0
-1291.0600636432732,0.0
-1248.0853313090952,0.0
-1255.6115313262821,0.0
-2682.0085219747116,0.0
-4996.247880935965,0.0
-4297.304592007579,0.0
-5071.961639149309,0.0
-2728.0177971306093,0.0
-4185.864627156679,0.0
-2459.7103437824926,0.0
-2084.3076872271326,0.0
-661.6975989781963,0.0
1458.86464716245,0.0
1789.95397662415,0.0
962.5562938040712,0.0
2515.503727601694,0.0
3213.5800824106063,0.0
3118.998153232866,0.0
4811.690497806642,0.0
4908.952370300382,0.0
6645.684257423999,0.0
5564.461136299603,0.0
7615.3955669032985,0.0
7579.04356545792,0.0
8722.461366198604,0.0
7782.969786858479,0.0
5279.032597677762,0.0
4520.162206134106,0.0
5772.277895046733,0.0
3514.6735769707766,0.0
3367.8224657226665,0.0
5042.253750732522,0.0
3330.6162754009865,0.0
4923.828622569812,0.0
6297.151220821703,0.0
7974.763979973129,0.0
7491.356213792909,0.0
7769.934195711399,0.0
5690.381952303573,0.0
5309.663620507757,0.0
3755.313511762116,0.0
5953.006896024923,0.0
7936.409579155399,0.0
6350.8162831304235,0.0
5995.409136281743,0.0
6820.375740249829,0.0
7323.773697379469,0.0
8151.729754513809,0.0
8001.039802096429,0.0
7574.953461172829,0.0
6210.028888924413,0.0
7695.785313608019,0.0
10043.391322138015,0.0
11052.687697263551,0.0
11959.78409971101,0.0
13728.972258733267,0.0
11865.934346994822,0.0
11869.35372586177,0.0
13811.563000589938,0.0
13391.521427711268,0.0
11876.36101051811,0.0
12284.83797103061,0.0
14322.383430041007,0.0
12075.42988670787,0.0
10169.497442966836,0.0
8001.4106172456995,0.0
5964.748117074232,0.0
6299.781943029482,0.0
9126.64094071055,0.0
10709.186637793766,0.0
12040.907368782151,0.0
10158.702835041966,0.0
11979.084829125512,0.0
10891.816651531835,0.0
8483.83165320007,0.0
7452.338653635822,0.0
8968.4757568065,0.0
7504.225966152282,0.0
8251.731810819849,0.0
8698.576356937428,0.0
10075.122875236526,0.0
10813.287274697956,0.0
10591.668564073665,0.0
12205.91440977998,0.0
11270.927141399436,0.0
10679.279370528766,0.0
12866.15059982075,0.0
10970.769646835746,0.0
10214.740202429655,0.0
8502.706909839739,0.0
7036.552015527583,0.0
6466.430708277073,0.0
5512.162796574156,0.0
6406.684353329432,0.0
6040.212893567296,0.0
5002.1300441733965,0.0
4277.66723386545,0.0
1456.2690418266434,0.0
2985.64096450202,0.0
3479.53068692966,0.0
1684.415073885014,0.0
2648.85648820718,0.0
2194.2181721137435,0.0
1129.4241935979535,0.0
3645.58418320718,0.0
5524.986883628957,0.0
3551.20060825067,0.0
1626.0771838487135,0.0
1781.8133474731335,0.0
-639.7407262565425,0.0
1289.9603252281236,0.0
-663.0008042042427,0.0
658.5951698354875,0.0
-1182.9638303920692,0.0
-3590.925143167315,0.0
-2527.572627120419,0.0
-3726.167010415775,0.0
-1185.0528058343289,0.0
-364.08847054947273,0.0
257.9993298828672,0.0
1184.1957305768738,0.0
3796.858751667121,0.0
4784.7524514112265,0.0
6444.750790023743,0.0
6575.163140921542,0.0
4813.450431306416,0.0
2988.67340432427,0.0
1994.8853591808834,0.0
1659.2047323595034,0.0
-338.6693646100225,0.0
-2518.625569606329,0.0
-4289.579487644225,0.0
-2374.0231245246187,0.0
-753.2401594180528,0.0
-2229.535994898539,0.0
-3584.002919898145,0.0
-6201.496818962751,0.0
-3106.8502414306645,0.0
-4479.348282683685,0.0
-2089.865334665989,0.0
-2685.5100572718948,0.0
-5218.368589189541,0.0
-3986.6770935276954,0.0
-2495.164820362199,0.0
-1791.0025874880894,0.0
-2090.1903148638994,0.0
-2275.075729836859,0.0
-1941.910275660659,0.0
-545.203119079023,0.0
2793.029744436224,0.0
4105.52006466883,0.0
1856.7352415885239,0.0
17.685205299907466,0.0
-605.7285639599531,0.0
89.17646944488752,0.0
-523.3665328929328,0.0
-853.5149776877024,0.0
-1239.8863923652889,0.0
-4426.488915494105,0.0
-4120.767026547346,0.0
-6083.79271489229,0.0
-6252.49804560809,0.0
-7298.580750825267,0.0
-6546.303153169531,0.0
-5904.518945153341,0.0
-6090.123804970581,0.0
-8295.101592055647,0.0
-9451.262692482462,0.0
-7832.693244602227,0.0
-6116.110096442951,0.0
-3547.538010070345,0.0
-3771.2626789915053,0.0
-4080.2224495247156,0.0
-2162.0799497279286,0.0
-2603.487565175269,0.0
-2342.571765187919,0.0
95.26217258619681,0.0
-2255.4763729708284,0.0
-2169.0908315484785,0.0
-3055.044515911195,0.0
-4395.301732914545,0.0
-1778.527963820718,0.0
428.7284662784873,0.0
827.3472649839937,0.0
-440.32963267382274,0.0
1160.5912748029937,0.0
1112.7234221486037,0.0
2642.10514059372,0.0
2718.01834950832,0.0
1984.5154066158539,0.0
3455.91481640032,0.0
5348.702890403176,0.0
5736.766332908867,0.0
4797.364545459036,0.0
5382.840131427216,0.0
6757.472508350463,0.0
6547.129548971243,0.0
7254.538145306433,0.0
6824.991413833833,0.0
8090.586698230689,0.0
8504.99611808877,0.0
7564.976445955943,0.0
5615.594589438086,0.0
2534.07769184287,0.0
3306.47862902214,0.0
5486.254828054686,0.0
2483.7743978711,0.0
3984.48728802144,0.0
3038.94839300547,0.0
5254.113608862436,0.0
5035.178448638335,0.0
4118.238984818499,0.0
834.315157411404,0.0
3302.2866691761,0.0
4660.482113038636,0.0
5403.754004902196,0.0
8114.823662350922,0.0
8093.3008702998195,0.0
7024.357294939462,0.0
5200.633926467106,0.0
6048.445166790017,0.0
4828.564480415496,0.0
7373.9005929598625,0.0
7983.523749144582,0.0
8842.835627642939,0.0
10445.336059581576,0.0
10734.714831760666,0.0
11082.463416700955,0.0
10361.681156777235,0.0
13475.4783883368,0.0
14509.263071074727,0.0
14904.595862986564,0.0
17612.24095087637,0.0
17141.742833730234,0.0
17728.31423643421,0.0
18184.95534598589,0.0
20082.869574051907,0.0
17506.13650731059,0.0
16759.922374222802,0.0
14955.129573958327,0.0
15697.741629570977,0.0
13515.92158597839,0.0
13078.72465747301,0.0
13029.1358343894,0.0
11599.112480956024,0.0
12697.66912065198,0.0
15017.522010819066,0.0
15172.152028933397,0.0
13503.0223607304,0.0
12709.94062645028,0.0
12219.777358162455,0.0
10081.84814938235,0.0
12803.397749644635,0.0
12480.1692069376,0.0
13155.065640635112,0.0
12639.791118995821,0.0
15112.038476418948,0.0
17308.6084857261,0.0
18030.570862072702,0.0
18815.35491025368,0.0
16683.940677268372,0.0
18960.815222587473,0.0
17656.896491605712,0.0
15681.893537115238,0.0
16280.666637066628,0.0
15527.704988458589,0.0
14906.707702603187,0.0
18024.792899147964,0.0
17053.3090893186,0.0
16145.642576992657,0.0
16137.779089339338,0.0
16110.334849710449,0.0
15019.227247538282,0.0
12315.760284231706,0.0
13615.67399248412,0.0
16136.374980837787,0.0
17835.863146675223,0.0
18306.675369688695,0.0
20642.57636353802,0.0
20797.443142871918,0.0
23425.93083381115,0.0
25411.35644249887,0.0
23893.32554467161,0.0
23327.85021000847,0.0
23908.54064148834,0.0
22151.290121705046,0.0
23804.85307945394,0.0
25596.921116916747,0.0
28225.450054747875,0.0
29683.59582371935,0.0
30361.12983230908,0.0
31116.129591801684,0.0
30685.246019807466,0.0
31150.238565823787,0.0
29640.925113920384,0.0
31324.200511903837,0.0
33087.26931206179,0.0
30763.886958919495,0.0
32995.20030910072,0.0
31097.346343731348,0.0
31835.691391706136,0.0
31902.347624681326,0.0
30738.040843407623,0.0
29869.046915142702,0.0
30545.257394223685,0.0
29893.027608058583,0.0
27633.511360549805,0.0
30439.09530988153,0.0
28219.536893020915,0.0
28113.430641897117,0.0
28200.18385526402,0.0
29155.060779759486,0.0
27640.76477457985,0.0
25611.79800184413,0.0
25031.167010196332,0.0
22770.476830454165,0.0
25370.39540491547,0.0
27655.24270119743,0.0
27567.2473702926,0.0
25558.14796115557,0.0
23760.284300434425,0.0
25083.702529735223,0.0
23962.892874708145,0.0
22019.23805098617,0.0
23871.32996323026,0.0
25584.67629536243,0.0
26960.8981393084,0.0
27284.102812856938,0.0
26196.93618366749,0.0
25885.03897928675,0.0
24118.226919687026,0.0
24064.113528416336,0.0
26687.28546074808,0.0
27852.36489982382,0.0
28009.28241991008,0.0
28003.508004500087,0.0
27500.27243834798,0.0
26183.48295632347,0.0
25090.543559032383,0.0
22925.79103318529,0.0
20229.723994145734,0.0
19222.08676247344,0.0
17700.07752511794,0.0
15629.034951546977,0.0
17889.87924775056,0.0
17460.38939164513,0.0
17068.16418939448,0.0
19781.00553678781,0.0
17790.40318560264,0.0
17966.26190151616,0.0
20047.67284844588,0.0
19670.486159859127,0.0
18809.92995426788,0.0
21505.301753203865,0.0
22477.24655668183,0.0
24855.354099773278,0.0
27418.74871708727,0.0
27939.562824806097,0.0
28870.287306982267,0.0
26752.67538401219,0.0
28736.06750000161,0.0
29395.450859354838,0.0
29171.70619793907,0.0
31414.255067884176,0.0
30252.936966393856,0.0
32212.28906837941,0.0
30498.356594110064,0.0
32634.196355204003,0.0
32234.492724898955,0.0
32351.816456409193,0.0
32303.323035787915,0.0
34905.19824384177,0.0
36704.04797868981,0.0
35110.65100854417,0.0
34193.0537518458,0.0
32822.44978624489,0.0
35071.217319605305,0.0
34562.575487663606,0.0
31457.358809187477,0.0
32970.47717924199,0.0
32548.86330204203,0.0
30979.633876030395,0.0
30439.718245602344,0.0
28717.396271571008,0.0
27510.592889585314,0.0
29685.143610921088,0.0
29566.864522261458,0.0
29373.60763120197,0.0
28689.40036311894,0.0
29923.282043354608,0.0
29841.73562490591,0.0
30425.71498147111,0.0
26936.168764974133,0.0
27721.529994460114,0.0
28736.030382168363,0.0
29747.24364841055,0.0
28583.20375754416,0.0
29997.87332460861,0.0
31594.814619773195,0.0
31988.281106247356,0.0
32466.015485607924,0.0
33193.9041854616,0.0
35468.25056463554,0.0
34038.873134233305,0.0
33766.1532065856,0.0
33493.0714525286,0.0
33966.012299255104,0.0
31620.615374984456,0.0
31078.169737216078,0.0
31615.108029487354,0.0
33352.951853540944,0.0
33620.6614678975,0.0
35056.900485161066,0.0
33769.4763096288,0.0
36265.014248871645,0.0
36174.319034226886,0.0
39146.39415287694,0.0
36707.9759343796,0.0
34956.74164694187,0.0
34376.041917381044,0.0
35142.21878549653,0.0
35435.165466788945,0.0
34571.061409398746,0.0
34424.484966399505,0.0
33099.86953319425,0.0
34153.470923648805,0.0
37015.54315914329,0.0
40025.14521778884,0.0
39652.93849105794,0.0
41294.53714520118,0.0
39253.06186481394,0.0
39090.045429306745,0.0
38645.85667420653,0.0
38117.80128842856,0.0
39563.304704618036,0.0
38272.92554213554,0.0
37972.6708443624,0.0
36559.29349790512,0.0
35598.15672880175,0.0
36601.433108615216,0.0
36275.816345335275,0.0
38348.72497146191,0.0
36177.69589003448,0.0
37410.698194309596,0.0
34473.50224622666,0.0
35133.82706044383,0.0
33684.2636049521,0.0
35783.500937382145,0.0
34317.6425028518,0.0
32517.24485980803,0.0
33829.127971092705,0.0
34895.197585044625,0.0
36872.97472052719,0.0
39465.42478054284,0.0
38449.90116965736,0.0
39074.77097060914,0.0
40488.14788705314,0.0
42086.28515944174,0.0
44812.347314414874,0.0
44002.47987911203,0.0
45801.16584145982,0.0
48040.17479052557,0.0
49940.36677059851,0.0
50830.41298805959,0.0
53639.71162296081,0.0
52757.49647699054,0.0
54427.36160907548,0.0
53710.25851670414,0.0
56577.42765844498,0.0
56797.874196204604,0.0
56288.35361948053,0.0
57239.2024593449,0.0
58727.23670269585,0.0
56665.88365847264,0.0
59298.11784598085,0.0
57666.95747867006,0.0
58539.17502766475,0.0
58808.61298723705,0.0
59699.021970484566,0.0
58256.69901552754,0.0
60150.146234285385,0.0
61754.04297564031,0.0
62002.21365120757,0.0
61887.7344479089,0.0
61551.45488199425,0.0
64129.44068202579,0.0
61669.16004743008,0.0
59841.652168105065,0.0
60382.52788349246,0.0
59176.11594256705,0.0
55676.82121943975,0.0
54836.96233681227,0.0
54933.04741282933,0.0
54750.83701734905,0.0
55992.45592333826,0.0
55351.83061004296,0.0
56271.43372738811,0.0
54427.10136108074,0.0
53383.35420498911,0.0
53429.87247509851,0.0
53289.579137994515,0.0
54440.69517753649,0.0
55004.149773168654,0.0
56503.76319584438,0.0
59252.22759189455,0.0
57927.27324971176,0.0
60166.34282378001,0.0
61450.73672380959,0.0
61476.186115696284,0.0
60165.626947175595,0.0
61854.07654877004,0.0
63529.27528583111,0.0
66341.14825734323,0.0
67429.68544778868,0.0
69841.17307085692,0.0
70519.36262795552,0.0
72688.48755834033,0.0
72128.45986728884,0.0
71734.73643397017,0.0
68755.38287597377,0.0
71771.04465541097,0.0
72370.98721252206,0.0
72822.52221947984,0.0
69669.26572732757,0.0
69172.31524984994,0.0
67513.86199743656,0.0
64777.97926795612,0.0
65592.83776937948,0.0
63778.65880265472,0.0
61260.86450180994,0.0
64420.574350716786,0.0
65199.665759489035,0.0
63904.54774018946,0.0
64306.28395856039,0.0
61989.22171130098,0.0
62630.96966921054,0.0
60547.89877899439,0.0
63034.42850256724,0.0
61998.24240420322,0.0
63573.96410672265,0.0
66140.78536315523,0.0
67690.29411117209,0.0
69462.87138074503,0.0
68074.67424754729,0.0
66292.43839856693,0.0
67887.12075254889,0.0
66414.19818901113,0.0
64698.132229724084,0.0
62962.71709788914,0.0
63053.623156129644,0.0
65041.02165070449,0.0
66165.51456694472,0.0
66044.08920006163,0.0
63886.03604282401,0.0
62600.91421787844,0.0
64091.49152795059,0.0
64778.262123780085,0.0
64508.994089849286,0.0
66163.47867952433,0.0
64188.992455180785,0.0
62930.700311106644,0.0
62639.98873918804,0.0
62347.93737948954,0.0
62307.099713810836,0.0
63574.01887531004,0.0
60935.34906791849,0.0
62728.20395270794,0.0
62994.47861870764,0.0
64690.81613143878,0.0
66591.23114184823,0.0
64892.691313721785,0.0
62987.49906349164,0.0
62784.04890874154,0.0
63710.12917811764,0.0
65143.991560759285,0.0
62727.67433668794,0.0
65671.4428354591,0.0
66260.84722617242,0.0
65158.45679441039,0.0
67054.57492254462,0.0
66775.94440796232,0.0
67419.25343702812,0.0
68380.27536744758,0.0
71707.18617698643,0.0
71184.01235181213,0.0
70081.26027670338,0.0
69606.02021566148,0.0
68504.43205016218,0.0
71494.61984785393,0.0
71441.04193592024,0.0
69969.22244724998,0.0
68238.04121491442,0.0
69779.93742363749,0.0
69910.23454408308,0.0
69360.60058519768,0.0
72268.92661568173,0.0
72470.69292281367,0.0
74259.38979689662,0.0
74594.99116493872,0.0
77522.27800166716,0.0
76578.59431971997,0.0
75181.22773307162,0.0
77257.44741891067,0.0
77026.66719834816,0.0
74488.50077375972,0.0
77932.87934166426,0.0
77369.76322563566,0.0
75916.20647662602,0.0
77506.06287529196,0.0
77291.56490221636,0.0
79450.18413439162,0.0
79848.8387027215,0.0
76957.53118634636,0.0
77177.64892528237,0.0
76633.79702297582,0.0
75598.75666906273,0.0
76099.79506043333,0.0
75439.75326578472,0.0
74727.72635728717,0.0
74730.44273855416,0.0
74354.72158091256,0.0
77098.96915616043,0.0
77933.58278358346,0.0
76289.98274344212,0.0
75222.94991699867,0.0
76755.62611304002,0.0
78796.91015975956,0.0
77347.16606947323,0.0
74995.53965947356,0.0
77042.57763628362,0.0
74657.23534188877,0.0
75247.99502402847,0.0
74915.90789261876,0.0
77541.61816819002,0.0
76939.18123445382,0.0
77024.63167608072,0.0
77055.20459969642,0.0
74305.16610812607,0.0
76663.11796803313,0.0
78161.34586700302,0.0
79390.01012179206,0.0
80908.36352070302,0.0
80856.84659885391,0.0
79100.81452420456,0.0
77641.48435501942,0.0
123190.02013677466,1.0
123190.02013677466,1.0
75690.92025152297,0.0
76987.48546961312,0.0
79237.20186631427,0.0
79741.16179237376,0.0
77024.35761274902,0.0
80077.92745500477,0.0
81998.23265579031,0.0
79656.91676994946,0.0
79835.61084165037,0.0
82203.7806105312,0.0
81299.30374903671,0.0
81166.4090486725,0.0
81100.99341700431,0.0
83027.44811625376,0.0
84996.1086528241,0.0
85567.01466242921,0.0
86759.44554178424,0.0
85326.3932307874,0.0
83774.90860133654,0.0
84903.32310697531,0.0
84469.88931407145,0.0
82651.85283110492,0.0
82959.07696915025,0.0
83643.04342566794,0.0
85532.1375259395,0.0
87632.58632985044,0.0
88807.3231666602,0.0
87432.26922744194,0.0
89834.199759459,0.0
88169.07243612755,0.0
86027.20202236621,0.0
84311.72157613005,0.0
85659.2018714269,0.0
85789.785358837,0.0
86607.7034695773,0.0
87898.31800722695,0.0
85760.3741250564,0.0
85126.48159641605,0.0
85864.3528484879,0.0
86733.52892303701,0.0
84691.03660358155,0.0
84618.03045952025,0.0
82505.07011931422,0.0
84917.63609200405,0.0
85500.48806694741,0.0
85845.19464131701,0.0
84434.41904735635,0.0
82853.94069732951,0.0
82849.70042508561,0.0
80880.43432330116,0.0
80898.78423964487,0.0
81293.86777086696,0.0
78958.34205754162,0.0
80027.44031922346,0.0
81123.75397811386,0.0
83363.699220337,0.0
81639.38823308705,0.0
81032.15309119526,0.0
82961.9122710678,0.0
81950.65280058936,0.0
79108.22274423092,0.0
77575.30341883676,0.0
77892.40065839697,0.0
75551.66152380312,0.0
75654.12951196462,0.0
74373.66572488208,0.0
75552.11291706563,0.0
76143.04021378963,0.0
73542.64799141468,0.0
71351.02046997163,0.0
74456.30514658979,0.0
74096.61197106558,0.0
75757.33427632523,0.0
73923.79468437289,0.0
76475.24414325913,0.0
77262.64980610018,0.0
76474.46753137602,0.0
73700.15094368267,0.0
74149.00147395558,0.0
72317.42762247393,0.0
72709.98600816072,0.0
73360.77357248338,0.0
72311.91256076793,0.0
72373.85587546774,0.0
70919.61295552779,0.0
71200.07262476449,0.0
71969.28985880433,0.0
70814.66346664398,0.0
69076.25330392373,0.0
69439.13118657644,0.0
70615.30621178939,0.0
73022.49944649384,0.0
72502.33650432802,0.0
74114.61830062368,0.0
76310.41176211253,0.0
77996.99849505056,0.0
78045.65273339087,0.0
80148.55111809343,0.0
79513.06598949363,0.0
81334.64225684597,0.0
83148.56181503492,0.0
81972.76112291806,0.0
82400.82077874076,0.0
83713.2933780477,0.0
81946.36512330457,0.0
84100.99990413152,0.0
84747.52306964135,0.0
84302.03222933745,0.0
82674.51652096571,0.0
81540.15956924277,0.0
83221.51309560091,0.0
81871.39282580001,0.0
83781.5569089615,0.0
81286.42647616946,0.0
81360.81185908946,0.0
79782.67292055122,0.0
77134.37965736198,0.0
75624.44347241362,0.0
74673.05866814668,0.0
75127.65125598968,0.0
76289.83780947982,0.0
74508.40334728088,0.0
71500.74200139132,0.0
74649.31593366439,0.0
72877.42562133643,0.0
73944.66859767569,0.0
74204.27546953408,0.0
72758.74281867953,0.0
75154.89545768898,0.0
73546.05164374728,0.0
72789.69954522562,0.0
74753.16001214158,0.0
76318.93860263523,0.0
77806.75918797706,0.0
77581.21731103987,0.0
79529.60815192813,0.0
81668.11082378756,0.0
80705.65734840136,0.0
82427.96771724652,0.0
84472.07393799405,0.0
85915.56529644241,0.0
83989.13369957096,0.0
83680.13626188961,0.0
82545.40207224141,0.0
80943.70436165016,0.0
82428.34322340271,0.0
81432.05430322906,0.0
79634.49688331573,0.0
78153.85133175776,0.0
77338.67389494287,0.0
78170.22698548897,0.0
77623.69426692577,0.0
78713.82033602372,0.0
81713.06389792786,0.0
80087.38072956493,0.0
79734.68792263152,0.0
77326.54234073187,0.0
75075.07085124223,0.0
73951.38080609108,0.0
73269.96729498128,0.0
74837.81191080142,0.0
74272.78569039269,0.0
71979.23495725862,0.0
73728.96275957098,0.0
71808.58661421762,0.0
74569.88812697418,0.0
74945.54301357822,0.0
73706.24811999139,0.0
74203.34548878459,0.0
74069.14309338208,0.0
73626.00215503719,0.0
75699.57329246993,0.0
75637.90675402133,0.0
76561.78628877533,0.0
73989.28976440307,0.0
75420.88073301913,0.0
76329.19492528444,0.0
76926.22040806177,0.0
77820.22687492537,0.0
79965.66645441402,0.0
76995.22852584577,0.0
75933.52149842732,0.0
74448.43254808598,0.0
72737.92208869693,0.0
72945.46355930153,0.0
73147.38307654322,0.0
72312.83383800942,0.0
71808.00538806863,0.0
70062.55311097889,0.0
72585.65953960962,0.0
71483.02708903972,0.0
70712.6935799251,0.0
69912.02529095439,0.0
71837.09418764572,0.0
70672.57555261398,0.0
72028.53618558272,0.0
70125.68414391109,0.0
68421.49957425414,0.0
69458.08778693623,0.0
68104.97644992774,0.0
68848.15006791023,0.0
68582.35347380085,0.0
68483.4547297946,0.0
68769.44889561445,0.0
69758.79748195894,0.0
71108.36656227108,0.0
71734.50883373123,0.0
74576.63950944818,0.0
74686.12935545968,0.0
72578.31911494004,0.0
73429.09480171869,0.0
77312.02908382282,0.0
74340.59403135689,0.0
73768.26496516088,0.0
73293.54348125734,0.0
70784.1549818448,0.0
72850.93675683653,0.0
74173.45802467248,0.0
75502.47613860344,0.0
76326.34238334204,0.0
75004.92612850798,0.0
74655.71175098898,0.0
72906.28449468312,0.0
71231.0228827936,0.0
69547.41299296344,0.0
71053.01759772148,0.0
72862.82401706833,0.0
74482.28047764288,0.0
72395.79203328042,0.0
70598.74331826839,0.0
72752.84526026483,0.0
74607.17808674899,0.0
74813.33743449008,0.0
122068.85116474677,1.0
122068.85116474677,1.0
75844.60546323968,0.0
77126.77145954543,0.0
77108.37788257372,0.0
75204.82560489658,0.0
73003.45059919782,0.0
75000.50783176319,0.0
73347.02062527073,0.0
75410.31861714998,0.0
75388.75965175839,0.0
78131.56477182652,0.0
78916.82064253317,0.0
78756.04838528937,0.0
80159.02605160032,0.0
82312.70618921587,0.0
85919.64675437831,0.0
86635.20517879006,0.0
85174.6350843815,0.0
83072.96186356136,0.0
81301.13325174652,0.0
81175.24162229602,0.0
79773.67187158857,0.0
78453.13117906393,0.0
76430.67654085468,0.0
74123.54738157653,0.0
72529.4627763737,0.0
71810.54039045228,0.0
73126.20275084589,0.0
75302.83749110473,0.0
73715.92882371292,0.0
72695.08126058939,0.0
74117.62109980473,0.0
74008.15764288502,0.0
76967.16519594188,0.0
77062.03163213919,0.0
75733.09612467863,0.0
75029.12342898262,0.0
72136.16321511978,0.0
75118.55292426024,0.0
74585.33823441633,0.0
74876.10951964532,0.0
75140.60042080682,0.0
75104.42260173132,0.0
77307.73899194808,0.0
74844.58586252472,0.0
74882.13847247763,0.0
75353.51015886423,0.0
77542.50311987838,0.0
76967.58037014949,0.0
76880.38101795218,0.0
76761.56858745798,0.0
78737.36321655894,0.0
79015.55376492284,0.0
80430.87183516107,0.0
79591.69529988222,0.0
80091.02825031507,0.0
82873.54716350313,0.0
82288.48734551083,0.0
81843.95810469097,0.0
82844.15814586393,0.0
81898.02464310397,0.0
82986.03184639223,0.0
84935.69438447666,0.0
86386.97549846301,0.0
83623.05996041336,0.0
84193.01325187413,0.0
84539.44860618527,0.0
84739.81305658953,0.0
83687.75472315663,0.0
85097.33823079706,0.0
87565.1282955883,0.0
85901.68772693186,0.0
87203.99474523561,0.0
87429.36530112491,0.0
86514.21744804096,0.0
84965.22850113086,0.0
83877.37091325862,0.0
82537.34673624358,0.0
83298.29537235793,0.0
81359.14598065597,0.0
84747.62732688633,0.0
83760.05712309333,0.0
83662.11696622023,0.0
82397.99691274257,0.0
83986.98375930912,0.0
82228.37815918466,0.0
80048.90257319783,0.0
78543.18885624578,0.0
77647.77116746732,0.0
77518.78500652623,0.0
77001.97418131863,0.0
80342.11999110148,0.0
78124.33321792743,0.0
78874.55244516628,0.0
77429.69921766203,0.0
75928.27716027673,0.0
79826.22528156207,0.0
77870.00652545193,0.0
75589.6400589569,0.0
73976.96875059874,0.0
74152.10125753653,0.0
74646.35569371004,0.0
73707.12299036584,0.0
72943.3251511139,0.0
71026.62678969465,0.0
72145.3034199086,0.0
72384.4672446612,0.0
75263.25939563524,0.0
74316.04098060854,0.0
75543.59860885769,0.0
75535.43889718108,0.0
76256.835719217,0.0
78239.90262312553,0.0
76476.86693742119,0.0
74455.03669969224,0.0
71845.384108067,0.0
74423.80423835255,0.0
76928.44724048849,0.0
75363.03594785588,0.0
78631.37555232942,0.0
77634.13881077303,0.0
80076.61169012869,0.0
77721.78244604424,0.0
78839.67657751453,0.0
76371.3224103578,0.0
78694.06830042263,0.0
79917.98723412969,0.0
77953.86241376292,0.0
77816.75924482272,0.0
78012.96786028783,0.0
76628.59360822168,0.0
77504.5589587141,0.0
75325.18717980484,0.0
72952.60985126239,0.0
71603.92686054135,0.0
71014.05839462575,0.0
69422.29672823992,0.0
68020.25895148076,0.0
71078.0228663422,0.0
69889.8644447349,0.0
68043.18072507756,0.0
68679.11098665421,0.0
72202.15270713906,0.0
74052.3384421281,0.0
70856.95873876475,0.0
73466.19016371519,0.0
73069.64594891018,0.0
71752.07760088786,0.0
73259.65141725549,0.0
72221.01365974326,0.0
73635.39113716269,0.0
73581.08810667369,0.0
73739.571308129,0.0
70866.56716074016,0.0
69391.68708768851,0.0
72447.72552742365,0.0
70078.65921299401,0.0
71992.33178143806,0.0
69309.6677348513,0.0
72872.75806150856,0.0
71547.43738400665,0.0
73856.8513229329,0.0
75294.35140780364,0.0
74081.15224734119,0.0
74984.61579699004,0.0
75918.81980416653,0.0
75931.71828091734,0.0
76853.70673010418,0.0
78230.21224648172,0.0
81043.11662331889,0.0
79695.13328992599,0.0
83007.78166267523,0.0
84820.66847918947,0.0
83037.88430022383,0.0
82482.96675367553,0.0
85346.02126752607,0.0
82577.52964497113,0.0
82172.36960474982,0.0
80657.40197217268,0.0
80226.47883248139,0.0
80217.44520287689,0.0
79143.51269111622,0.0
77263.80150521289,0.0
78773.35798677724,0.0
77127.71169000489,0.0
77155.48616137118,0.0
78877.48426194192,0.0
81692.43754531638,0.0
80528.40516903138,0.0
79353.99379033582,0.0
80643.64447135148,0.0
78484.86710560032,0.0
78539.90772180083,0.0
77273.12163657308,0.0
76909.91018066999,0.0
75463.00690403894,0.0
73747.11049977309,0.0
75734.71451490954,0.0
73064.6560551142,0.0
72431.31743125666,0.0
69015.487450604,0.0
69004.7969786287,0.0
70500.4907816454,0.0
70545.6560664596,0.0
67561.42171933816,0.0
70166.54473524971,0.0
69261.88491205241,0.0
68891.19367073325,0.0
68132.69581221815,0.0
69823.38754637081,0.0
71519.02930516686,0.0
71068.45611379156,0.0
72087.91368375876,0.0
71665.82714858465,0.0
71901.45209159976,0.0
71253.35245396676,0.0
71434.82887926516,0.0
69955.82339192841,0.0
67171.90020866026,0.0
69358.5177349212,0.0
69511.0326048628,0.0
71889.43299058636,0.0
69338.99878034981,0.0
67463.70338039886,0.0
66397.3978475772,0.0
65813.24535821441,0.0
68477.73983977907,0.0
65343.96390969411,0.0
65984.17553027021,0.0
63970.67889369906,0.0
65904.80007336992,0.0
66508.73712356121,0.0
68297.58973205806,0.0
65771.3820068812,0.0
63423.307236620865,0.0
62163.06086187922,0.0
63192.776194411126,0.0
62524.516076051514,0.0
63898.12913591776,0.0
64332.71648964506,0.0
64729.98854982437,0.0
65231.13270473537,0.0
66387.5357880475,0.0
63834.23538338476,0.0
63637.658932276216,0.0
62562.04646790842,0.0
65015.794296054766,0.0
66756.88072223731,0.0
63317.60594363876,0.0
63324.78833271062,0.0
64265.91562058547,0.0
63909.870642294365,0.0
62560.05445227411,0.0
64365.28551839976,0.0
64340.61759275396,0.0
62458.71406298962,0.0
65072.46638830387,0.0
63045.52517478231,0.0
62708.78867498791,0.0
62262.49352850912,0.0
61364.81910185587,0.0
62898.12559196152,0.0
64160.185081800766,0.0
62331.42830971052,0.0
62460.14224367532,0.0
62511.60100689111,0.0
60986.86008815517,0.0
63040.64076752312,0.0
64522.96728362967,0.0
63597.571147825365,0.0
64609.11120761867,0.0
64987.70156283346,0.0
63812.79300306186,0.0
65338.583080348806,0.0
68467.29474573815,0.0
67901.50427318257,0.0
66556.73032552592,0.0
64401.480194391865,0.0
63587.761383704616,0.0
63338.85352160792,0.0
64884.89027485236,0.0
64990.92704052717,0.0
66865.8210891546,0.0
65170.16246317196,0.0
62375.85559990801,0.0
61831.34370712927,0.0
62172.13960634991,0.0
63631.53610108637,0.0
66415.22453879821,0.0
68637.48077602845,0.0
68544.74128340685,0.0
68657.90223918576,0.0
68444.24412529856,0.0
68120.02257043916,0.0
66710.03679748191,0.0
67550.11474798582,0.0
68351.62668669835,0.0
68755.24891741895,0.0
68779.10778747305,0.0
69164.19154975256,0.0
66252.81602161501,0.0
66632.1564236925,0.0
65185.82253563976,0.0
63065.666125917916,0.0
63390.30154697192,0.0
63205.58727586922,0.0
62887.44106899502,0.0
64392.86110769177,0.0
67422.7828074494,0.0
67103.57784065692,0.0
69255.37070743006,0.0
69581.3813719656,0.0
71268.9965427531,0.0
70948.3838135463,0.0
70590.3827058064,0.0
71111.99681643481,0.0
71020.00338923451,0.0
73027.74436800135,0.0
71213.6894207862,0.0
69271.49064631226,0.0
71096.7657356158,0.0
70765.9829863555,0.0
73125.01036653895,0.0
70876.8951573085,0.0
70022.30189134995,0.0
69469.11160095836,0.0
70165.28771764325,0.0
71123.57548158971,0.0
69436.03146789427,0.0
71789.994528212,0.0
71973.74046973481,0.0
70901.2027665562,0.0
70112.34385132947,0.0
72081.05071877061,0.0
73167.46744000836,0.0
73772.60042906585,0.0
74949.77302626058,0.0
73252.59436729946,0.0
73469.75493998126,0.0
75057.83046784539,0.0
76169.088866547,0.0
75467.678849885,0.0
77125.20730342064,0.0
76574.51677543294,0.0
75656.9917200229,0.0
75288.319673019,0.0
77311.96800756564,0.0
77386.68486405213,0.0
76783.49379932033,0.0
77880.28975920194,0.0
77802.07512981215,0.0
79746.56472208539,0.0
77373.77811356784,0.0
76924.67165232514,0.0
80643.0540897596,0.0
80428.34213611849,0.0
79558.36169593179,0.0
79122.46204051518,0.0
77988.19744431713,0.0
79905.45833842088,0.0
77156.03260627204,0.0
76284.3297447887,0.0
74712.40224530055,0.0
75551.19511972145,0.0
74226.37820147605,0.0
76003.32204689935,0.0
73688.7197324161,0.0
74886.67024558465,0.0
74782.70108419746,0.0
73411.963839039,0.0
73888.8714370869,0.0
75818.61706023975,0.0
75251.06447321315,0.0
73025.8055300705,0.0
72200.68540396586,0.0
74021.6308921799,0.0
71465.33489716877,0.0
71285.85893962547,0.0
71789.65086250217,0.0
70274.48485216481,0.0
68237.37449821006,0.0
66085.74878555142,0.0
68029.61590220046,0.0
70696.34377375641,0.0
70677.3687500506,0.0
70553.72173223412,0.0
70112.96347016761,0.0
68605.19866097296,0.0
66377.15217240482,0.0
65617.61648531137,0.0
64343.99422155417,0.0
65149.11612691457,0.0
65196.97776607037,0.0
65047.21866084457,0.0
68416.49448603581,0.0
68339.05650881432,0.0
65243.69957728207,0.0
67559.72390761062,0.0
69347.01600733867,0.0
69448.87541679386,0.0
67713.87962272431,0.0
67186.41677695423,0.0
68295.15464190886,0.0
67381.61166522371,0.0
69772.82329579287,0.0
69200.05997742497,0.0
71486.03051110021,0.0
69182.49494770076,0.0
71515.73280304752,0.0
73482.79300731806,0.0
73322.96851046477,0.0
74616.7038175831,0.0
75739.5654934662,0.0
73369.80417693936,0.0
74612.6811956976,0.0
74943.2000039551,0.0
77163.14249219775,0.0
78541.2592937285,0.0
79888.28987287675,0.0
78520.3474491218,0.0
77206.89993233915,0.0
79130.0441097832,0.0
81652.60816842475,0.0
78826.9591487771,0.0
80555.03705810723,0.0
82484.16205124729,0.0
81538.54182688124,0.0
78862.48994445379,0.0
79255.6918448182,0.0
80374.9683408109,0.0
76953.91995361666,0.0
77204.68536314655,0.0
75618.8255235411,0.0
76880.94822116266,0.0
75996.82763033161,0.0
76706.38659874655,0.0
75761.2849982662,0.0
73751.77214712475,0.0
75655.63735372451,0.0
76587.60408505151,0.0
78201.03476187415,0.0
76950.88861048811,0.0
78413.56739915586,0.0
76206.9407128728,0.0
77643.96161787986,0.0
76288.06781123491,0.0
74540.70687945516,0.0
76080.0107617679,0.0
75512.83570354411,0.0
76621.5134964,0.0
74080.80418006895,0.0
73882.77922995275,0.0
76340.75003644341,0.0
74337.15570711455,0.0
76825.455819433,0.0
77968.46308907875,0.0
76941.1336346803,0.0
76550.36012929051,0.0
78321.57491400254,0.0
76326.94755848161,0.0
77037.9561569093,0.0
78041.42909734235,0.0
79753.0404937221,0.0
81993.21814599165,0.0
82001.12982369155,0.0
82895.16623768934,0.0
83696.36309704669,0.0
82329.58033715794,0.0
81923.25923984093,0.0
80908.00958137409,0.0
80441.7316999644,0.0
80490.499160553,0.0
80320.06598350589,0.0
81537.72186596773,0.0
81694.57235189794,0.0
82273.94700001414,0.0
81498.19477547744,0.0
80815.69581757429,0.0
77782.64886441396,0.0
77840.07873083575,0.0
79663.7564619605,0.0
80274.6062181238,0.0
80769.7724391353,0.0
79468.2262282076,0.0
80038.5942634228,0.0
82075.61381896104,0.0
81262.64560046635,0.0
83715.23976243418,0.0
81946.04703450894,0.0
84353.3186062488,0.0
82371.27461476934,0.0
81400.30294679824,0.0
81482.91213193824,0.0
79874.33027887759,0.0
81002.29924162304,0.0
79664.49953893459,0.0
80631.4080475292,0.0
78234.43431137016,0.0
80601.87011130468,0.0
82419.91985207183,0.0
81652.86935506263,0.0
79995.937036554,0.0
82953.41601282834,0.0
81843.19871054773,0.0
83917.32568745659,0.0
84367.58143946949,0.0
83740.05149393459,0.0
82068.43258992654,0.0
79581.89350439739,0.0
79370.24197764996,0.0
76201.88269373661,0.0
77796.15890002975,0.0
76289.70967278481,0.0
79224.79225131916,0.0
77485.34133821145,0.0
80047.53140917579,0.0
81337.97001386664,0.0
81431.43079369444,0.0
80144.2707908933,0.0
82157.86848942534,0.0
82737.24002594194,0.0
83516.18195520068,0.0
85717.40325607373,0.0
82337.4790737764,0.0
81960.06469322313,0.0
84491.75659821439,0.0
83924.56280785988,0.0
