597.938711414164,0.0
273.2952972516325,0.0
1130.4658276539376,0.0
1526.680850514712,0.0
1545.2730887305006,0.0
353.488263764774,0.0
715.7174103403952,0.0
740.8155160174325,0.0
602.035704921434,0.0
2153.7914530303633,0.0
1102.53434448627,0.0
779.1831143844624,0.0
332.477929310236,0.0
451.84825073128144,0.0
506.37730721777854,0.0
509.9383882729265,0.0
529.7131943320331,0.0
-304.9864392801295,0.0
367.8854666171194,0.0
-375.85473784881856,0.0
488.8789899983029,0.0
463.34889661211946,0.0
728.8907492679933,0.0
1075.2504515871228,0.0
1042.7356560040566,0.0
1676.21406821315,0.0
1969.4886265747696,0.0
1147.85362249049,0.0
1226.0145147791313,0.0
1860.4292012744934,0.0
1730.8195111663533,0.0
1932.0832621574268,0.0
1979.230457608087,0.0
2215.5161418520406,0.0
2504.982444428817,0.0
3035.6114605682906,0.0
2940.487325275091,0.0
2593.753957742174,0.0
3005.575882503291,0.0
1913.4839889932173,0.0
2492.2868236408535,0.0
2237.277231768247,0.0
1372.5621655671835,0.0
1149.9448640902306,0.0
1291.885299215671,0.0
943.1535514277625,0.0
1002.46658258657,0.0
2228.683201052537,0.0
2364.894575525481,0.0
1806.2942552991494,0.0
1977.0542083750545,0.0
1264.292860136577,0.0
2179.9608799917737,0.0
588.8414399479655,0.0
1216.1731387898699,0.0
1637.3422178459214,0.0
1394.406795533888,0.0
951.4120688304929,0.0
260.78663650446754,0.0
641.8875513515845,0.0
1334.7825767271006,0.0
1089.564737015952,0.0
581.0508226802594,0.0
552.988329705746,0.0
500.88567635732056,0.0
1277.037563181581,0.0
771.1084488429993,0.0
1549.0115924266054,0.0
1776.048978519317,0.0
1281.0236316543323,0.0
1198.9652303921794,0.0
1599.440764945514,0.0
1116.686568313072,0.0
966.3880236784123,0.0
1284.5907925748784,0.0
1788.877566523377,0.0
946.5653084524083,0.0
434.9906740968779,0.0
-324.3251849573294,0.0
-953.717151649773,0.0
-684.0118440567431,0.0
600.1250332420855,0.0
694.7821362663958,0.0
553.0579647155073,0.0
92.52373461019397,0.0
428.20133403940736,0.0
738.9707756940139,0.0
-212.74834615925965,0.0
160.41021761980198,0.0
221.98498765792544,0.0
188.94847981582296,0.0
-477.8748477525196,0.0
-48.7238174072595,0.0
-103.29237525263602,0.0
614.071658019796,0.0
415.0499242683999,0.0
601.3944692007474,0.0
1106.4109433127599,0.0
564.8995808015619,0.0
1312.7495252921494,0.0
908.4042316641879,0.0
220.79614606598398,0.0
-0.2989096405794953,0.0
17.955211665613888,0.0
-480.86746424733303,0.0
34.953369926644484,0.0
-432.62270381765313,0.0
652.9400769807526,0.0
-283.02029547052047,0.0
464.32194350801694,0.0
-797.5402167167695,0.0
-643.637359920965,0.0
-101.15919997005,0.0
-372.771141506758,0.0
-755.6222264900031,0.0
261.4655791226575,0.0
-685.6070076548905,0.0
423.338147455153,0.0
922.1286576227985,0.0
485.03918305822,0.0
94.86216217163349,0.0
320.84595502954056,0.0
-545.726389065511,0.0
1.3929772067054955,0.0
-416.71702224916,0.0
925.5553687665132,0.0
612.4274085237096,0.0
-245.27901952333377,0.0
-534.4230582021614,0.0
-235.11036120750396,0.0
889.8444374024396,0.0
362.705133956183,0.0
1022.556108153353,0.0
591.8172923261375,0.0
1776.33031679807,0.0
1399.5819179252035,0.0
1664.740611038178,0.0
1839.6134948931472,0.0
1576.2998444322634,0.0
1249.2833685304402,0.0
1716.0894451288964,0.0
1430.8243453346465,0.0
927.517556860903,0.0
245.95698230117932,0.0
-46.91928372743382,0.0
432.9270444048293,0.0
626.2421396636329,0.0
604.7378331344296,0.0
696.2718830048959,0.0
-427.6170016717774,0.0
1164.2063534177762,0.0
-153.03997686387402,0.0
754.6817038403094,0.0
1554.984353058636,0.0
493.22942105027255,0.0
279.0728432677861,0.0
310.51284112421945,0.0
963.0584540063594,0.0
649.6360074989195,0.0
442.46368720998953,0.0
728.9451112284196,0.0
652.5080799748631,0.0
2435.4464451641065,0.0
2272.21924486373,0.0
1449.8844413489567,0.0
1017.9362670124129,0.0
369.64656064951294,0.0
983.6269248420232,0.0
341.2307325864932,0.0
-32.28853976353389,0.0
918.3739637511894,0.0
-818.7908327182889,0.0
-587.3121145227539,0.0
-1153.4987636469764,0.0
-1379.5000483564813,0.0
-1068.084728627141,0.0
-1792.1708500335492,0.0
-1242.7988097131342,0.0
-1487.4172313681383,0.0
-2289.303215364863,0.0
-2084.9985587073265,0.0
-1978.600160540525,0.0
-1777.6888455110848,0.0
-758.8058415673689,0.0
-1037.646876350939,0.0
-1397.1815869683867,0.0
-999.029167936567,0.0
-1482.9236583477925,0.0
-1291.4880416715864,0.0
-389.97442812523394,0.0
-1320.1194336579106,0.0
-1290.2535780444764,0.0
-810.9012471040479,0.0
-2144.889531005234,0.0
-1060.4333441133151,0.0
-366.13349275465697,0.0
-1403.9977234713833,0.0
-1277.461539539017,0.0
-1156.0630638386124,0.0
-1233.2254473962225,0.0
-1174.13977765019,0.0
-1126.09087894478,0.0
-471.1959453257425,0.0
-457.726135452564,0.0
-36.59563737762852,0.0
324.5258596864765,0.0
-584.2540076747398,0.0
-26.76624305737454,0.0
-88.71641565894095,0.0
-287.633641130063,0.0
397.289785629255,0.0
-4.990506039478987,0.0
-157.7343641539794,0.0
256.30410193498346,0.0
754.3160354903038,0.0
287.2842052865688,0.0
-1262.64823094655,0.0
-492.574888425688,0.0
250.51257664826306,0.0
-1214.8537508718,0.0
262.272412101478,0.0
-604.659071694294,0.0
182.82442144981948,0.0
17.571834594546488,0.0
564.806569246611,0.0
-1156.5853797819266,0.0
-118.509540227584,0.0
-143.4081148561845,0.0
623.1863775192435,0.0
1898.698188308727,0.0
553.9609299733436,0.0
965.215282280856,0.0
653.0748903120145,0.0
1524.1329208924735,0.0
411.9551475345706,0.0
1531.696319611456,0.0
2174.3426727622273,0.0
1676.1606687393514,0.0
1890.2925159781269,0.0
2223.932702786262,0.0
2612.5456080137437,0.0
1974.926300825909,0.0
3634.3076494066772,0.0
3296.769970047661,0.0
2344.956239148703,0.0
3609.2421561519,0.0
4582.5335028102845,0.0
3807.529283104348,0.0
4285.2616584810985,0.0
4762.852911654792,0.0
3705.051170977028,0.0
4400.125574855035,0.0
4076.508103820771,0.0
4813.200578712941,0.0
4121.022491025087,0.0
3718.808279823678,0.0
3684.6535241018473,0.0
3702.378040120704,0.0
3381.808884509537,0.0
4228.730031916831,0.0
4374.440512671771,0.0
4146.425790000557,0.0
3374.5560867936574,0.0
4268.907550488574,0.0
3578.26342842354,0.0
4784.875030205443,0.0
3066.344673387477,0.0
3680.846257324947,0.0
3149.2751204134274,0.0
4099.219576882311,0.0
4780.385921617144,0.0
5422.676290487125,0.0
4741.041597974188,0.0
4017.7325295599144,0.0
4759.146621850838,0.0
4821.523386601934,0.0
4236.2387721392715,0.0
4736.132002080722,0.0
3935.660645500921,0.0
3258.2135409830307,0.0
4784.160325549625,0.0
3763.7865053150745,0.0
4181.449621827442,0.0
4079.335519701261,0.0
3955.6311427026412,0.0
4188.9111165549975,0.0
2873.0571903903337,0.0
2635.3423907619654,0.0
3566.617898430701,0.0
3708.2591218891043,0.0
4049.5568731540943,0.0
4798.556442782978,0.0
3454.1105762373613,0.0
4481.488804317594,0.0
4891.176332513398,0.0
4699.416711396515,0.0
4041.0718489005,0.0
4482.038559039205,0.0
4060.3018870143583,0.0
4150.808515318257,0.0
4374.666503955674,0.0
5401.617311824542,0.0
5306.775279768224,0.0
5844.199196547745,0.0
5077.313623148215,0.0
4554.339875955964,0.0
4892.485006667818,0.0
4718.625226875889,0.0
4849.517251659205,0.0
5059.248255951542,0.0
4111.359993116657,0.0
4775.370084320025,0.0
4241.111627673147,0.0
4858.666412920208,0.0
4834.984460817469,0.0
5013.660818222712,0.0
4099.019136575356,0.0
4670.10851373033,0.0
3970.443138440668,0.0
3112.584935340892,0.0
4357.357521053554,0.0
3545.416424766784,0.0
3384.781816891721,0.0
3413.100396205723,0.0
4278.173553314402,0.0
4158.6288990339035,0.0
3549.422364602351,0.0
2953.6566973636245,0.0
2130.272234236113,0.0
3213.640568290659,0.0
3998.787238833932,0.0
3891.6793653807667,0.0
3325.609013150916,0.0
2966.0488248282145,0.0
2844.5350401661444,0.0
3141.9965805846864,0.0
2653.7772733504107,0.0
3050.334427422498,0.0
3317.241043853374,0.0
3264.0830444599314,0.0
3583.9574802351053,0.0
3933.9333474828786,0.0
3650.574670369124,0.0
3354.2984473796582,0.0
3323.6277883490743,0.0
4483.696006322385,0.0
4247.357290795944,0.0
4425.99420075704,0.0
4450.50441419732,0.0
3999.5703540618,0.0
4149.739710058659,0.0
4516.013602422431,0.0
3855.309908017938,0.0
2685.9131082927343,0.0
3136.950438460041,0.0
3095.1461233198875,0.0
2527.048839014594,0.0
3354.6538253809276,0.0
2981.4372098242275,0.0
2643.7396952022686,0.0
3904.249120729901,0.0
3412.1852763192474,0.0
3617.5645330338975,0.0
4269.915021892741,0.0
3942.573311784221,0.0
3150.174029069941,0.0
4387.3499982175745,0.0
3969.572962495428,0.0
4898.788413500881,0.0
6003.691245850714,0.0
5147.0093363610185,0.0
6061.144141479508,0.0
5428.5767290565345,0.0
5967.441404677468,0.0
6613.443798874008,0.0
6409.440426513998,0.0
7188.363669573682,0.0
6078.977635102962,0.0
6580.063289739235,0.0
6314.193118548032,0.0
6978.107642588825,0.0
6586.394007269945,0.0
6687.286100726275,0.0
6625.722405368405,0.0
7723.202084952249,0.0
8046.942804152113,0.0
7873.099219317809,0.0
8344.117811908474,0.0
6997.241274158905,0.0
7739.000604927209,0.0
8592.267327272724,0.0
6951.472302515762,0.0
6977.797178084995,0.0
6525.039092646125,0.0
6348.338870349782,0.0
5776.140817941232,0.0
5446.827974601389,0.0
5609.324157887365,0.0
6252.946223907758,0.0
6074.631157840248,0.0
5822.077275233868,0.0
5096.403951166278,0.0
6208.678082801988,0.0
6057.256507095319,0.0
6542.571394905298,0.0
4498.736737703224,0.0
5174.400112915864,0.0
6068.729442239204,0.0
5579.002040250588,0.0
5761.777987743395,0.0
5657.758025933628,0.0
5728.2264412188615,0.0
6024.038533869862,0.0
5020.779534296318,0.0
5637.6912101309445,0.0
6358.572316312509,0.0
6287.164598151705,0.0
5946.213955335415,0.0
5605.987281656525,0.0
5982.667913967685,0.0
5037.2361079013535,0.0
4443.029658784237,0.0
4886.100670167136,0.0
5103.255428575906,0.0
5292.345360637492,0.0
5224.823906307427,0.0
5307.073904952397,0.0
6261.036626872989,0.0
4737.021809979402,0.0
6154.083639639806,0.0
5144.154090906889,0.0
4796.762076709354,0.0
4195.744631538518,0.0
4890.334286631555,0.0
5134.6735762689,0.0
4272.897184366677,0.0
5483.270852403576,0.0
4187.614129229057,0.0
3797.395955136829,0.0
5146.091903158591,0.0
6640.465886466356,0.0
6274.932870222698,0.0
6465.446492109766,0.0
5887.05717971993,0.0
5734.902724062933,0.0
5317.26837414762,0.0
4823.40568478507,0.0
4846.95238344668,0.0
5010.119293703928,0.0
4747.229403505695,0.0
4800.553436715247,0.0
5291.666230538271,0.0
4911.154247747397,0.0
4639.62588218727,0.0
5292.658947012145,0.0
4638.106846159679,0.0
5872.4281719715955,0.0
4489.691015921067,0.0
5181.161634221797,0.0
5231.669679483752,0.0
5929.388549286509,0.0
5969.842695102965,0.0
4311.963596942054,0.0
5641.945152994195,0.0
5358.339148371766,0.0
5951.278815259611,0.0
7135.6314080446755,0.0
6240.503849172571,0.0
6920.320345206495,0.0
6977.73085279235,0.0
7213.3216880702075,0.0
8531.623520573965,0.0
7838.491595434965,0.0
8267.99788459097,0.0
9119.964770429402,0.0
9646.769061499386,0.0
9204.20763152556,0.0
10602.136194779774,0.0
9838.069605682913,0.0
10141.157940275407,0.0
9533.231188857553,0.0
10982.185727873879,0.0
11270.537521057111,0.0
10856.81216734085,0.0
11841.93118745412,0.0
11960.170972546384,0.0
11431.09512396346,0.0
12641.922933572774,0.0
11140.209731777964,0.0
12036.978816875893,0.0
12352.441125805384,0.0
11880.399263257457,0.0
11927.186916753764,0.0
12410.465763155898,0.0
12612.37362680901,0.0
12890.007195269773,0.0
12815.937536024241,0.0
12525.186940882642,0.0
13646.045918572896,0.0
12689.707096202761,0.0
12336.244653928377,0.0
12870.571723189818,0.0
13104.533075508654,0.0
11134.778962601591,0.0
11711.890736478475,0.0
11802.623858128525,0.0
11622.161454729187,0.0
12803.315461755497,0.0
12174.710553371537,0.0
11658.68496871581,0.0
11247.126118225737,0.0
11599.516682772904,0.0
11613.857810503974,0.0
11445.130160305795,0.0
11131.482841109526,0.0
11630.397308637726,0.0
11643.82994010433,0.0
12851.812380567744,0.0
11528.953135381664,0.0
12241.829663770657,0.0
12035.904834596791,0.0
11999.412506430452,0.0
12058.589828858398,0.0
12232.18249618684,0.0
12390.712054944355,0.0
13637.443774585987,0.0
13229.05031922867,0.0
14087.922745187047,0.0
13282.497094571989,0.0
13905.870623123874,0.0
13290.006722569733,0.0
14212.62327270484,0.0
12654.131123712865,0.0
14085.956099272518,0.0
13200.072669313493,0.0
13551.596734700233,0.0
11825.138577172804,0.0
12647.010840819745,0.0
12355.117827780961,0.0
11030.307362778452,0.0
11732.472328640393,0.0
11293.6561848721,0.0
10181.087164256985,0.0
11756.237668652306,0.0
11049.30429660761,0.0
11114.295453030489,0.0
11428.972890399995,0.0
10517.61515839807,0.0
11066.809333717652,0.0
10384.491716793967,0.0
11328.23309000003,0.0
10275.333365864179,0.0
10350.74638099044,0.0
11379.749804600537,0.0
11435.842743196827,0.0
11708.974021749922,0.0
11713.125505540578,0.0
11342.499863429455,0.0
11454.605517095359,0.0
11387.291914788117,0.0
11090.104702491637,0.0
10777.752427281976,0.0
10840.790993307033,0.0
11346.541782928161,0.0
11027.957140533945,0.0
10897.566044687499,0.0
10196.842871069508,0.0
10336.842331840957,0.0
10382.87323413256,0.0
11041.03939922863,0.0
10785.289438774858,0.0
10998.080952874736,0.0
10492.645120396974,0.0
10677.150434152103,0.0
10412.683982559962,0.0
10149.631359323608,0.0
10130.134951717791,0.0
11367.569311009822,0.0
10240.758384566945,0.0
10607.209468637866,0.0
10891.216461269296,0.0
11168.919624478644,0.0
11644.057561500164,0.0
11428.241196468496,0.0
11015.50698811475,0.0
10856.37677774098,0.0
11781.712475771972,0.0
11814.945981240366,0.0
10915.29551113832,0.0
12397.850349494785,0.0
11622.102803208607,0.0
11983.340108373435,0.0
12460.797871079318,0.0
12231.601376014267,0.0
12886.145383176918,0.0
12464.660850803632,0.0
14311.649503700835,0.0
13844.090906360285,0.0
14199.078799746962,0.0
13774.436111288971,0.0
12747.14276822298,0.0
14263.001750910367,0.0
14236.854097351776,0.0
14227.838365680882,0.0
13967.508910578197,0.0
14084.349450258862,0.0
14224.212943840452,0.0
13708.86425505,0.0
15127.552723063236,0.0
13946.682694472669,0.0
14284.735172060842,0.0
14605.355042671534,0.0
16028.555473981165,0.0
15114.738714690746,0.0
15141.911336946163,0.0
15737.437238813876,0.0
15495.989740899595,0.0
14417.145399293204,0.0
16313.256675335755,0.0
15741.040130872136,0.0
15690.562024435832,0.0
15795.567368853805,0.0
15545.616946028495,0.0
23985.40334423286,1.0
23985.40334423286,1.0
23638.927972637466,1.0
15219.490808344965,0.0
16013.714597900773,0.0
14952.996703950063,0.0
15362.059813579823,0.0
14653.698162744024,0.0
15271.883032629039,0.0
15192.313468877728,0.0
14746.410205407099,0.0
15910.252938204354,0.0
15239.201973361425,0.0
14947.891240917554,0.0
15206.91754071633,0.0
15197.268420161403,0.0
15673.097087773685,0.0
15557.769639223712,0.0
14575.24338957519,0.0
15050.438528925442,0.0
14032.036700787528,0.0
14487.08743498271,0.0
14055.61642986487,0.0
15080.451119823534,0.0
14387.738991511213,0.0
14354.262375063692,0.0
14267.727839620024,0.0
12893.600950953829,0.0
13659.513175114012,0.0
14980.914783005193,0.0
14664.238617681254,0.0
14626.129386943849,0.0
14462.944136859809,0.0
14045.737568646406,0.0
13914.469517188563,0.0
21260.28316945586,1.0
21260.28316945586,1.0
21260.28316945586,1.0
12859.121978358535,0.0
13535.581436404575,0.0
13919.860650164275,0.0
12597.212935022868,0.0
14052.849760097295,0.0
14424.41227452107,0.0
13471.036797595982,0.0
13558.404830235984,0.0
14369.58645172944,0.0
13424.988201183633,0.0
13224.273168442225,0.0
13092.131422942242,0.0
13494.716762314518,0.0
13941.82719261475,0.0
14432.192542436733,0.0
14143.004657586875,0.0
14099.438500954815,0.0
13946.56709095958,0.0
13608.86813076857,0.0
14537.216568670061,0.0
14141.74700576061,0.0
13029.452275841171,0.0
13662.891676190213,0.0
14076.782670346269,0.0
14697.75679400732,0.0
14435.023823688674,0.0
14490.515448560178,0.0
15413.420470709363,0.0
15198.952069603169,0.0
14531.189756242595,0.0
14276.38612732608,0.0
14203.70565673636,0.0
14347.371802051011,0.0
15153.975061639585,0.0
15037.53571113449,0.0
14395.431446096256,0.0
15199.296201782521,0.0
14562.168300985615,0.0
15433.815432977945,0.0
14895.045171260212,0.0
14868.10400347624,0.0
14266.594936719579,0.0
15248.517519922312,0.0
14477.216638054953,0.0
14859.189163200275,0.0
14938.704830560471,0.0
14856.792847655419,0.0
14908.1174017005,0.0
14455.361923587605,0.0
14530.048526255816,0.0
14966.655607398205,0.0
14164.156516844023,0.0
13867.806445845936,0.0
14977.422483181415,0.0
15803.831508898478,0.0
15586.863017133666,0.0
15060.807182174955,0.0
15587.546142268158,0.0
16051.870426745416,0.0
14758.322657619672,0.0
14719.468754562778,0.0
15073.664306529969,0.0
14256.409056580655,0.0
14400.889579610655,0.0
14596.564557511992,0.0
14388.771563459026,0.0
14994.886110972366,0.0
13917.03212650301,0.0
13228.568151108888,0.0
14858.50421901889,0.0
14541.600383730452,0.0
14779.803517898656,0.0
14422.836305623881,0.0
15509.106126520284,0.0
14899.88609050704,0.0
15535.802283593646,0.0
14263.07350435832,0.0
14698.816460336071,0.0
14323.497354197038,0.0
14698.262597709876,0.0
13937.279847875741,0.0
14302.287319445957,0.0
14349.413039650408,0.0
14318.605567068636,0.0
14568.463856635844,0.0
13903.841560184388,0.0
14150.329507721495,0.0
13833.563342104642,0.0
14149.36787854979,0.0
13862.304373983896,0.0
14753.130297932748,0.0
14212.915983591778,0.0
14335.56910198785,0.0
15015.328057605984,0.0
15204.1173963682,0.0
15199.282607106448,0.0
15782.847078772862,0.0
15117.465078401083,0.0
15427.208940174945,0.0
15727.87821536795,0.0
15918.959486563976,0.0
16267.239679734936,0.0
16082.760104163319,0.0
15703.214321369665,0.0
16324.770453454188,0.0
15499.023059529381,0.0
15005.270571993331,0.0
14757.36640148523,0.0
14982.503882664936,0.0
15148.92194276081,0.0
13787.67167497491,0.0
15554.47314700944,0.0
14476.142689729455,0.0
14483.673027674846,0.0
14287.102564170404,0.0
13065.316759818419,0.0
12937.054829092915,0.0
13346.31195599179,0.0
13726.221043901242,0.0
13407.019981277046,0.0
13026.248988891632,0.0
11471.602022681724,0.0
13065.078162357791,0.0
12701.130856793847,0.0
12303.610643232221,0.0
12514.28717107558,0.0
12472.340161827837,0.0
13358.909586307322,0.0
11786.902582315863,0.0
12416.044168187098,0.0
12897.820250572471,0.0
13001.707645522945,0.0
13034.47493446786,0.0
12807.34433078025,0.0
13289.408673914004,0.0
13957.644522119965,0.0
13035.01881887672,0.0
13311.687700534017,0.0
13900.891600814675,0.0
13917.784916577695,0.0
13465.75109176682,0.0
14569.05901008983,0.0
13504.06143734319,0.0
13374.773438690361,0.0
13449.834191150105,0.0
13908.493690843736,0.0
13602.002339588373,0.0
13602.89968811442,0.0
12865.48668385252,0.0
13710.896035334268,0.0
13237.398930765929,0.0
12956.854017515569,0.0
14510.434832282905,0.0
14390.007958816293,0.0
14113.231094586843,0.0
13246.981967105829,0.0
12533.154842330925,0.0
12903.122232829452,0.0
12319.163584046002,0.0
12514.465948791776,0.0
13425.064121203111,0.0
12678.726424267277,0.0
13052.040134059482,0.0
12665.420589897318,0.0
14010.42886312968,0.0
13067.309629769896,0.0
13335.059213561852,0.0
13888.431297534711,0.0
13835.914338062381,0.0
13486.52178550981,0.0
14170.636316144715,0.0
14185.489150761416,0.0
15144.577243678246,0.0
14128.283969767092,0.0
14191.485456032935,0.0
15130.887765601865,0.0
14389.73567172656,0.0
15311.23327013186,0.0
16050.856146906463,0.0
14640.330258507718,0.0
15058.042379018685,0.0
15066.701331008702,0.0
14856.038313214936,0.0
15102.104413614927,0.0
15339.386781460807,0.0
14578.886619888017,0.0
14131.011321301787,0.0
13869.211440024206,0.0
14938.287460822008,0.0
13905.258574591997,0.0
14566.844749436084,0.0
13815.192061761185,0.0
14294.035470204068,0.0
14564.725628708955,0.0
14488.946782374487,0.0
14042.590398932885,0.0
13782.365557895922,0.0
14766.857651939252,0.0
13454.521837886101,0.0
14148.618668093382,0.0
13870.395800693112,0.0
15127.805283102327,0.0
13990.139634287842,0.0
14902.798985715652,0.0
14776.779185141655,0.0
13952.598144405358,0.0
15250.02091228402,0.0
15302.03742305361,0.0
14603.098949840447,0.0
13978.51169802801,0.0
16258.880201780186,0.0
14720.424264525522,0.0
14099.97348822688,0.0
14949.831817403818,0.0
13844.780723640475,0.0
14366.632444596456,0.0
14171.75184649269,0.0
13980.492140737566,0.0
14682.182133311826,0.0
14703.687239450352,0.0
14275.792597100943,0.0
13882.824814802827,0.0
13559.354352090057,0.0
13226.433570324001,0.0
13191.678877912325,0.0
13447.711173132937,0.0
13520.335345745201,0.0
12797.278413120588,0.0
12351.486309586626,0.0
12935.822758793558,0.0
13232.641780753811,0.0
13328.629054930712,0.0
20571.26939499728,1.0
20571.26939499728,1.0
20571.26939499728,1.0
13767.456106235746,0.0
13652.387187840935,0.0
13110.364212656503,0.0
12284.298721595678,0.0
12727.572231346421,0.0
12430.911577661267,0.0
12941.90453780183,0.0
12835.250428720461,0.0
14002.891798256005,0.0
13295.352934805089,0.0
13063.043078006069,0.0
12953.729642196586,0.0
13567.555951397206,0.0
15578.57213229065,0.0
14819.206695976121,0.0
14735.57609231797,0.0
14040.351472122955,0.0
13665.000075601583,0.0
13492.110615603913,0.0
13479.03017717884,0.0
13547.286330789986,0.0
12945.854061690661,0.0
12074.992532258068,0.0
11891.784757963895,0.0
11171.784331179655,0.0
12407.122805100225,0.0
13092.010458100418,0.0
11550.170902975087,0.0
11934.799984730296,0.0
11906.832780258557,0.0
11792.599367743947,0.0
13245.193685907281,0.0
13333.474655667322,0.0
13439.011610727888,0.0
12767.099648513897,0.0
11378.198757999655,0.0
12868.172041025018,0.0
12368.314936244828,0.0
12661.355897346457,0.0
12931.512514562897,0.0
12915.416171026747,0.0
13669.643698614282,0.0
12709.225229817068,0.0
12769.358103942037,0.0
13247.120642852897,0.0
13993.883916727382,0.0
13470.377889097032,0.0
13415.64715031729,0.0
13331.31562656127,0.0
13876.846006207445,0.0
14174.205976043246,0.0
14182.5534823481,0.0
14788.080321440135,0.0
13917.42240000559,0.0
15236.486052860164,0.0
14704.437481879904,0.0
15686.29487661324,0.0
15293.079462998174,0.0
15791.483181343809,0.0
15479.842536673694,0.0
15993.157535927756,0.0
16026.613624094969,0.0
14774.529620154775,0.0
16718.400526550202,0.0
15685.676660515815,0.0
17270.312868233625,0.0
16271.016031285873,0.0
16250.427374790364,0.0
17242.10210917773,0.0
17027.771651026345,0.0
16895.404212817797,0.0
17106.745066629748,0.0
17600.708267196434,0.0
16103.340902912256,0.0
16424.846982907235,0.0
16500.96576413512,0.0
15829.024742109552,0.0
15323.28803267032,0.0
17164.642189404163,0.0
16184.506777621433,0.0
16054.111185888363,0.0
16181.339478830749,0.0
16281.910411526394,0.0
15927.536448479908,0.0
15165.851328401855,0.0
15046.943440159272,0.0
15509.987272111737,0.0
15324.870491092039,0.0
14764.383457442527,0.0
16520.536768690632,0.0
15701.897553801857,0.0
14967.407113706951,0.0
14884.226541507947,0.0
13364.015288556388,0.0
15640.608516266992,0.0
15058.865427859067,0.0
14163.792991383405,0.0
13906.991497197592,0.0
13983.155902828381,0.0
14363.55464687656,0.0
13367.146879465581,0.0
13917.456526526428,0.0
13360.491911539564,0.0
12954.214171389038,0.0
13083.261872349169,0.0
14363.725831620843,0.0
13353.447005205611,0.0
13049.082175302296,0.0
12939.176658347216,0.0
13529.211110209286,0.0
13949.883953051647,0.0
13537.479907043496,0.0
12877.563632589343,0.0
11654.722096638088,0.0
12649.883169323322,0.0
13575.645317899945,0.0
11978.672494243676,0.0
13640.384985374418,0.0
12592.206952184568,0.0
13465.85086073945,0.0
12499.876023375498,0.0
13487.766768496407,0.0
12418.172071638486,0.0
13187.515167401258,0.0
12905.857436748242,0.0
12329.148029154478,0.0
12128.461682958417,0.0
12251.027802203798,0.0
12240.997847540286,0.0
13023.058091723646,0.0
12258.078757212461,0.0
11311.759216550268,0.0
11351.718313473604,0.0
10743.805133483704,0.0
10559.01327938348,0.0
10560.531640733147,0.0
12084.64965956934,0.0
10920.158493376799,0.0
10508.359882920016,0.0
9722.602870537974,0.0
11710.824242975514,0.0
12098.795598126848,0.0
10411.081856829574,0.0
11536.056635010127,0.0
11162.032745337738,0.0
11288.795125073424,0.0
11369.996563549157,0.0
11772.820864360534,0.0
11772.964942999988,0.0
11748.246576332858,0.0
11931.586175565499,0.0
10590.702545509554,0.0
10594.70054513541,0.0
12188.728539570075,0.0
11341.98007364117,0.0
11846.905000285164,0.0
10705.76042741972,0.0
12799.026187536623,0.0
11585.757818762613,0.0
12481.841253014307,0.0
12543.968401051741,0.0
12825.527593869168,0.0
12379.681298065101,0.0
13345.135340876921,0.0
13428.466260639781,0.0
13005.350697671405,0.0
13019.475341748359,0.0
14412.513947967851,0.0
13194.914284864351,0.0
15068.743496584075,0.0
15504.27771952729,0.0
15250.671076306395,0.0
14794.905322021175,0.0
16237.66036628163,0.0
15037.681132296146,0.0
14724.115511286445,0.0
14724.994957799972,0.0
14384.695925807122,0.0
14447.787218510291,0.0
14867.798645481616,0.0
14513.149701939476,0.0
14647.914940574838,0.0
14513.835414973935,0.0
14602.814050019466,0.0
14934.639175872719,0.0
16312.32792869677,0.0
15250.337683321852,0.0
15555.477430212988,0.0
15461.40014237356,0.0
14816.139289599627,0.0
14911.321647917508,0.0
15115.121089002456,0.0
14802.286645489636,0.0
14826.320099050772,0.0
14588.704552449088,0.0
15140.147719608962,0.0
13979.823281907527,0.0
14769.478085818275,0.0
12886.16938929165,0.0
12885.50993744259,0.0
14326.029282364681,0.0
14371.25890332971,0.0
12886.604706015936,0.0
13999.91476517262,0.0
13122.5798877408,0.0
14133.680093765546,0.0
13389.133737567445,0.0
13610.44174277526,0.0
13832.954871444153,0.0
13373.170637915864,0.0
14320.174453577085,0.0
13881.093358662214,0.0
14069.786844106755,0.0
13407.728573085475,0.0
13538.561510807573,0.0
13453.74801441763,0.0
12114.561495700025,0.0
12781.08678628767,0.0
12874.023357569029,0.0
13720.095333758274,0.0
12596.05055401914,0.0
12117.864564095236,0.0
12414.118325953983,0.0
11791.520660017384,0.0
12904.067253664836,0.0
11213.404779128155,0.0
11762.216801771005,0.0
11144.73299873052,0.0
11553.723880833133,0.0
12066.429982218273,0.0
12335.795172973196,0.0
11225.935666788904,0.0
10287.31345593341,0.0
10392.765904815617,0.0
11315.700431624766,0.0
10610.766895995937,0.0
10485.71276249687,0.0
10841.15288174975,0.0
11162.29472122383,0.0
11584.75007947962,0.0
11257.662300528034,0.0
10133.89311267382,0.0
11273.015150153307,0.0
10191.268332392267,0.0
11117.62433463979,0.0
11362.942003749995,0.0
9401.540253556519,0.0
10749.051108571146,0.0
10235.50762378909,0.0
9860.63529715455,0.0
9915.568094366596,0.0
10240.3502514857,0.0
10193.02110170429,0.0
9747.418858653777,0.0
10857.85106493781,0.0
10279.976254520987,0.0
9946.983272940166,0.0
9512.391302348806,0.0
10028.264679178843,0.0
10119.691495819287,0.0
9954.407590211431,0.0
9587.576223871967,0.0
9721.954408518017,0.0
9785.604237160916,0.0
9720.534424182542,0.0
10331.568945935516,0.0
10397.60314725024,0.0
9537.031097131461,0.0
10537.48791646632,0.0
10933.65961655905,0.0
9842.37682113205,0.0
9964.470199785013,0.0
11626.697676508616,0.0
11127.227254197676,0.0
11262.668298301294,0.0
10622.69879579965,0.0
11271.502705972507,0.0
11083.872258953406,0.0
11239.65578540736,0.0
11395.40213680508,0.0
11869.165361976864,0.0
11678.69465939353,0.0
10435.101122092887,0.0
11350.234395478543,0.0
10355.076095453245,0.0
10433.117745329091,0.0
11781.464490424794,0.0
12590.994861835556,0.0
12559.317839420708,0.0
12724.482243432516,0.0
12575.259068803536,0.0
12318.887498613047,0.0
12399.637654590033,0.0
13257.347550443934,0.0
12696.410076660406,0.0
13131.848334644565,0.0
13200.903582324707,0.0
13614.192853740977,0.0
12242.791623237783,0.0
12645.473350669234,0.0
12673.99081216318,0.0
12053.158692143836,0.0
12394.448864014215,0.0
12243.855145098518,0.0
11961.840949467496,0.0
12045.60234269011,0.0
13588.085551936285,0.0
13294.018837650014,0.0
13986.440839500936,0.0
12923.4505482705,0.0
14542.4697492707,0.0
14230.900491221171,0.0
13879.238411760842,0.0
14367.08009738645,0.0
14261.98293976602,0.0
14786.779532008553,0.0
14400.98226096165,0.0
13887.871389440676,0.0
14224.477355474919,0.0
13868.426528165739,0.0
14708.315465650034,0.0
13884.31585280761,0.0
14392.804623258926,0.0
13806.251724465146,0.0
14414.028776321487,0.0
13889.220070216801,0.0
13582.282465409487,0.0
14388.44269345553,0.0
14488.97067440873,0.0
13380.737949238039,0.0
13921.061723255185,0.0
14343.33614415497,0.0
13916.022093220396,0.0
14403.900107047653,0.0
14057.643364933007,0.0
13711.274700762844,0.0
13818.741674223424,0.0
13858.938869919388,0.0
14819.495166338227,0.0
14039.213985537617,0.0
14140.02550340323,0.0
13500.91899947953,0.0
13888.481654260977,0.0
13421.406159571068,0.0
13868.28380524068,0.0
13824.819657778262,0.0
13130.528634789242,0.0
14066.665338300072,0.0
13875.559298973172,0.0
14244.937526091006,0.0
13233.146749163021,0.0
12687.284874913472,0.0
14759.978032534245,0.0
14440.725374965445,0.0
13494.091911934125,0.0
12965.259697711866,0.0
13148.066076681793,0.0
13499.991642620516,0.0
12137.217739383592,0.0
12577.856884856328,0.0
12349.148488014403,0.0
13055.537138680074,0.0
11689.138268587723,0.0
13301.004103701573,0.0
12370.93675854563,0.0
12053.575129405954,0.0
11870.548256236274,0.0
11855.698124551349,0.0
12236.78286056301,0.0
12635.180198974243,0.0
12021.655741145063,0.0
11201.68441051306,0.0
11728.673600595406,0.0
12037.95308315918,0.0
10912.162595595966,0.0
10690.427069225516,0.0
11128.159926518087,0.0
11013.176295548754,0.0
10401.56362613619,0.0
9684.149608638696,0.0
10139.53134254925,0.0
11292.334745398755,0.0
11252.753091708553,0.0
11116.680592280183,0.0
10680.271369371554,0.0
10604.05908062502,0.0
9840.611010831666,0.0
10489.472512341312,0.0
9268.749693662263,0.0
10045.503048444221,0.0
10099.128912067803,0.0
9966.343440628512,0.0
11832.321527619755,0.0
11774.815440007365,0.0
10205.002666320483,0.0
11068.811656085136,0.0
11427.83142306944,0.0
11552.2604882469,0.0
11296.667819336297,0.0
10821.344931088835,0.0
10537.31254529072,0.0
11074.781950266555,0.0
12023.79302443198,0.0
11510.62650922343,0.0
12360.707591737284,0.0
11568.84784973076,0.0
12465.494559035084,0.0
13011.188338660617,0.0
12896.693172948126,0.0
12796.50184893107,0.0
13912.0566927122,0.0
13056.715539164517,0.0
12906.262596259301,0.0
13259.68714294836,0.0
14044.548610084774,0.0
14020.618484236798,0.0
13965.431408042921,0.0
14064.155665301138,0.0
14213.372341340033,0.0
14705.48982307244,0.0
15770.506847464181,0.0
14462.813722759427,0.0
14761.05501397025,0.0
15249.621990151194,0.0
15737.79004428954,0.0
14563.235745687447,0.0
14950.075298934778,0.0
16030.428787733359,0.0
14132.277725792033,0.0
14373.266498443263,0.0
14229.16981766319,0.0
14053.855478617905,0.0
14576.294141998831,0.0
13864.216097529803,0.0
14321.38358810794,0.0
13754.078710097176,0.0
14177.415909219832,0.0
15044.977588579131,0.0
15182.887664846014,0.0
15330.39398536585,0.0
15316.976069792434,0.0
14540.33108090625,0.0
14495.775803724013,0.0
14528.81365692837,0.0
14183.245341978585,0.0
14227.562460482659,0.0
13628.261392235989,0.0
14633.76211991247,0.0
13515.810011949286,0.0
13262.619201790216,0.0
14174.873723098459,0.0
13564.937797373437,0.0
14501.90359251394,0.0
14146.416409622834,0.0
14467.1111224313,0.0
14016.856424911039,0.0
14259.125703801405,0.0
13647.59134412106,0.0
14250.45318407666,0.0
13753.027040923425,0.0
13934.204004439329,0.0
14621.924588474702,0.0
14547.968607531111,0.0
15323.953845883012,0.0
14631.042924524156,0.0
14618.689257813621,0.0
14148.24698600359,0.0
14474.364823777749,0.0
13948.074961346858,0.0
13916.989467526259,0.0
13676.971335100328,0.0
13390.084635028532,0.0
13467.288641177342,0.0
13951.729619024612,0.0
13138.352829392532,0.0
13796.677024162218,0.0
12202.667698596064,0.0
12195.936354660724,0.0
12506.358490120538,0.0
13036.270526767657,0.0
13458.323149929718,0.0
12160.103562013688,0.0
12660.937780683687,0.0
13192.242649521871,0.0
12373.233574237393,0.0
13310.554741359796,0.0
12961.799561194563,0.0
13863.404548916005,0.0
13318.394099062123,0.0
12367.38712839601,0.0
12431.171072225481,0.0
12256.776987542948,0.0
11951.76436722141,0.0
12045.559634598778,0.0
12974.474385693487,0.0
12060.726936537774,0.0
12961.646797062667,0.0
13339.772743381192,0.0
12622.2333002193,0.0
12435.151911421917,0.0
13918.698697406273,0.0
12884.212064228692,0.0
13528.350336285295,0.0
13998.572964875017,0.0
13438.671103633176,0.0
13260.815748166771,0.0
12304.770465605858,0.0
13534.359058956343,0.0
11930.95047101954,0.0
12139.402797915935,0.0
12136.31732210006,0.0
13636.755508367924,0.0
12035.671586057735,0.0
13183.528969987217,0.0
13113.729070311512,0.0
13277.76534443668,0.0
13499.281376058978,0.0
14128.9079535468,0.0
14764.189857516532,0.0
14212.258752440564,0.0
15025.761333882658,0.0
13246.237993813405,0.0
14347.580348329113,0.0
15480.063785868057,0.0
15020.062817550846,0.0
