370.09924950515096,0.0
1279.8208518672147,0.0
1825.2556338182553,0.0
3164.997337828208,0.0
4279.401833835806,0.0
2532.939462931737,0.0
2782.8737290474537,0.0
1762.2354815505944,0.0
643.7168125186789,0.0
2672.3399046199556,0.0
1009.1633101532,0.0
1918.7861758741283,0.0
615.9458116953041,0.0
-349.37020457087146,0.0
-284.2424342426234,0.0
-249.7586021086454,0.0
-1275.2030189657407,0.0
-2810.706195173906,0.0
-2377.7404123766764,0.0
-2790.2491478260563,0.0
-1174.1341687583308,0.0
-2228.208133152786,0.0
-970.3253898877308,0.0
-733.9835748894404,0.0
345.2293029920345,0.0
1821.31425330625,0.0
2024.60045754481,0.0
1562.21537656773,0.0
2705.4570449863854,0.0
3110.650153925765,0.0
3059.430887326775,0.0
4274.336328615561,0.0
4327.302117221321,0.0
5561.777810606876,0.0
4688.587262414991,0.0
6097.233940872006,0.0
6062.450042663966,0.0
6946.113638827102,0.0
6142.829045786557,0.0
4441.463717705251,0.0
3736.0912256836054,0.0
4671.060008533201,0.0
3102.6667937873153,0.0
2985.751754206525,0.0
4154.709670147411,0.0
2891.2492663580856,0.0
4008.906288170201,0.0
4752.361736804801,0.0
5913.8076784177065,0.0
5590.309065113186,0.0
5700.859340688216,0.0
4213.848022087821,0.0
3697.2437694447854,0.0
2753.2971169538955,0.0
4201.089351768861,0.0
5524.735400152656,0.0
4312.329380181301,0.0
4048.7535638172712,0.0
4705.625018360774,0.0
4931.386407938857,0.0
5342.008095858277,0.0
5191.797388819336,0.0
4883.3600672530765,0.0
3791.083640000921,0.0
4822.035766089498,0.0
6346.023792697882,0.0
7104.03414251978,0.0
7557.5748322597665,0.0
8750.774419618343,0.0
7373.488225234669,0.0
7310.944083241063,0.0
8604.679049855318,0.0
8301.220226739395,0.0
7125.888080726914,0.0
7298.579981739437,0.0
8650.849573949927,0.0
7060.30558682818,0.0
5666.392562806186,0.0
4124.041198118607,0.0
2658.6231537469357,0.0
2798.4327988591767,0.0
4612.339482866608,0.0
5716.200943938642,0.0
6678.703815295119,0.0
5312.047940880763,0.0
6558.908775717386,0.0
5652.094472433886,0.0
3992.024378151438,0.0
3122.4037245576637,0.0
4205.68137155562,0.0
3094.000823196985,0.0
3743.1478098063903,0.0
3977.14737205077,0.0
4992.320375940742,0.0
5399.183629397012,0.0
5259.908270056961,0.0
6420.550569731056,0.0
5633.367038476547,0.0
5291.992756082895,0.0
6790.107610520726,0.0
5463.11714224102,0.0
5037.54458679142,0.0
3822.097193142047,0.0
2750.671320463786,0.0
2441.4025149943336,0.0
1669.5040553083495,0.0
2451.0473526660107,0.0
2022.0272511873884,0.0
1457.8935868555363,0.0
830.331920608808,0.0
-994.2102038914884,0.0
166.364537626558,0.0
491.25315896139296,0.0
-737.0045497677484,0.0
108.999829771262,0.0
-346.4947736452224,0.0
-902.4422170999235,0.0
839.645937520208,0.0
2219.8121161819704,0.0
905.06683767023,0.0
-379.5377309487925,0.0
-225.02090380968548,0.0
-1789.483159763448,0.0
-369.6436219987804,0.0
-1662.1488393843188,0.0
-832.8549597812209,0.0
-2058.323332642116,0.0
-3606.4993569607514,0.0
-2674.6051118871464,0.0
-3528.173101767282,0.0
-1748.3435396757259,0.0
-952.0632660370309,0.0
-514.9084274785309,0.0
342.95766396072463,0.0
2166.4550504203103,0.0
3060.4131758791555,0.0
4339.190344175851,0.0
4496.549151226561,0.0
3324.8620812054455,0.0
2116.81845414192,0.0
1383.9416288490847,0.0
1273.2083631657147,0.0
-35.55630146546082,0.0
-1449.3623284891964,0.0
-2630.0697601565116,0.0
-1209.9710103047664,0.0
40.1846149694893,0.0
-975.6184165540162,0.0
-1923.2010743792016,0.0
-3595.2427437309366,0.0
-1507.8446088971714,0.0
-2224.9249045054717,0.0
-544.9347943485564,0.0
-1067.5445929136617,0.0
-2701.0142762650567,0.0
-1690.1940658348617,0.0
-533.0609371365763,0.0
-75.06184350663625,0.0
-193.83678575625618,0.0
-249.8298440092958,0.0
-12.047531767966575,0.0
1077.68942465085,0.0
3275.7312651759944,0.0
4311.55018909818,0.0
2814.189051674394,0.0
1548.3417433383893,0.0
1221.251779919819,0.0
1645.5945881855187,0.0
1318.6172584309993,0.0
1150.1726829669192,0.0
700.3991619770545,0.0
-1355.0456234661915,0.0
-1168.8591824290615,0.0
-2530.2226680830468,0.0
-2621.6988377426865,0.0
-3464.4026094340234,0.0
-2788.7943330573166,0.0
-2425.4601452316265,0.0
-2538.5780668318866,0.0
-4056.3349427658827,0.0
-4976.6869431403475,0.0
-3819.7100229505527,0.0
-2609.3488371375065,0.0
-914.0311634533018,0.0
-1065.3710016429418,0.0
-1267.9706428348818,0.0
47.67142501627359,0.0
-235.4220471245858,0.0
-118.77939200536639,0.0
1487.6735829547993,0.0
-140.50019776905629,0.0
-129.73323590655627,0.0
-923.2747242653522,0.0
-1732.414468081212,0.0
-32.4198816803264,0.0
1431.7890648517491,0.0
1859.6190406130036,0.0
840.538849602779,0.0
1954.2468738378548,0.0
1877.3859698054548,0.0
2948.476922001,0.0
2941.04853819522,0.0
2223.828252201005,0.0
3260.2328127127503,0.0
4537.569850237425,0.0
4707.597746310666,0.0
4117.959138272505,0.0
4401.189393081666,0.0
5382.4300096522,0.0
5210.974118753341,0.0
5565.3287458168215,0.0
5269.712686479771,0.0
6191.128400836206,0.0
6380.313664307956,0.0
5549.385244003381,0.0
4142.006812751526,0.0
2088.03291147397,0.0
2487.16361317678,0.0
3939.3497416131854,0.0
1935.26036814398,0.0
2756.17692817663,0.0
2178.95975819637,0.0
3658.6321548681053,0.0
3501.247266834746,0.0
2700.45944869104,0.0
547.2486555721746,0.0
2180.25629134381,0.0
3180.4849223947654,0.0
3585.1412851703553,0.0
5364.498619929521,0.0
5582.507215907017,0.0
4711.516889543241,0.0
3411.166697164975,0.0
3888.4346311249856,0.0
3185.0204130269653,0.0
4885.186854287061,0.0
5234.176252901361,0.0
5974.825871080917,0.0
7143.506777468652,0.0
7317.323723171852,0.0
7527.232176921061,0.0
7128.287218706741,0.0
9172.582154267526,0.0
10029.096224938923,0.0
10522.799806508798,0.0
12342.376490392824,0.0
11853.460476728636,0.0
12464.057767939603,0.0
12756.604028229773,0.0
14122.356170040379,0.0
12437.370681154103,0.0
11802.147271345837,0.0
10563.168857101593,0.0
11030.118189375482,0.0
9579.241640326378,0.0
9374.670632480897,0.0
9393.621645965246,0.0
8378.075287250182,0.0
9303.238739583747,0.0
10928.717275689822,0.0
11070.223993432342,0.0
9923.059034033187,0.0
9524.324791722327,0.0
9053.771814879661,0.0
7640.953567314046,0.0
9501.966970476382,0.0
9620.941534685368,0.0
10065.442631111177,0.0
9829.031597436557,0.0
11548.533273055702,0.0
13110.217407701548,0.0
13581.737463611356,0.0
14334.951314717413,0.0
12926.643471304667,0.0
14532.735332607703,0.0
13596.686485875647,0.0
12275.715287559602,0.0
12672.788415355422,0.0
12295.139390882192,0.0
11991.762969329222,0.0
14072.952604656068,0.0
13566.115137036326,0.0
12848.118899960853,0.0
12889.403598370991,0.0
12917.629909915751,0.0
12089.096851485836,0.0
10335.739119376482,0.0
11363.471738774617,0.0
13087.593302044603,0.0
14339.370901227689,0.0
14639.463626689147,0.0
16250.475220051645,0.0
16610.664749022857,0.0
18383.82502962322,0.0
19786.20653642376,0.0
18688.61844881215,0.0
18379.368926799623,0.0
18723.150822075433,0.0
17479.90044091273,0.0
18677.782499300294,0.0
19951.897613535508,0.0
21701.661946559863,0.0
22778.537258467022,0.0
23159.517590719282,0.0
23827.797715094413,0.0
23568.240862980572,0.0
23818.309158891883,0.0
22689.346744734336,0.0
23876.577507405156,0.0
25106.44999312976,0.0
23502.528764636274,0.0
24994.437055075592,0.0
23628.191319142323,0.0
24013.854789159635,0.0
24012.316480850597,0.0
23057.506908412142,0.0
22515.107696553372,0.0
22854.449101953993,0.0
22431.02195147817,0.0
20839.268697369887,0.0
22636.08011623426,0.0
21062.650851214665,0.0
20942.693004057575,0.0
20931.094928831088,0.0
21414.422683938305,0.0
20236.79154596251,0.0
18762.946049422404,0.0
18362.501504812102,0.0
16753.078361343338,0.0
18416.222014062874,0.0
19897.89485436105,0.0
19774.5061532146,0.0
18304.724287420442,0.0
16955.09086781451,0.0
17883.292373677003,0.0
16920.08011173672,0.0
15485.639319743645,0.0
16715.46321427156,0.0
17865.860685824075,0.0
18823.44524256557,0.0
18932.595842191717,0.0
17988.943889106442,0.0
17735.601044589363,0.0
16404.25246753334,0.0
16299.99207211324,0.0
17974.995508171804,0.0
18816.65899908138,0.0
18836.55517175245,0.0
18764.74331616435,0.0
18409.766796855438,0.0
17344.79391152835,0.0
16409.71915295297,0.0
14863.155161812272,0.0
13014.548849902698,0.0
12134.377831024682,0.0
10962.086013100947,0.0
9477.942714255552,0.0
10967.528182348937,0.0
10673.929788958336,0.0
10404.308198648836,0.0
12160.517488279122,0.0
10735.634692857948,0.0
10799.572965311167,0.0
12203.082905058453,0.0
11956.497168697591,0.0
11436.359361325722,0.0
13200.476760673599,0.0
13981.450919885083,0.0
15570.38872330566,0.0
17268.613044567734,0.0
17801.13732417988,0.0
18325.48360072803,0.0
16862.50436882735,0.0
18241.9647491168,0.0
18620.93901721545,0.0
18497.79666931219,0.0
20035.462651854814,0.0
19382.293424759064,0.0
20764.384695596913,0.0
19555.330510572294,0.0
21044.789259705554,0.0
20840.20708914591,0.0
20934.582406482183,0.0
20937.063413714193,0.0
22705.353054501473,0.0
24016.93766298134,0.0
22897.804643532396,0.0
22168.142310057723,0.0
21427.906736640023,0.0
23007.633615918057,0.0
22519.6031382569,0.0
20547.880673899075,0.0
21713.584513333,0.0
21528.092457267674,0.0
20441.758028306336,0.0
20192.444058463247,0.0
19022.13690474807,0.0
18148.497097351283,0.0
19703.63973814864,0.0
19701.90867209359,0.0
19658.51135671194,0.0
19335.25090532264,0.0
20110.686933045727,0.0
20134.13445705097,0.0
20539.15639230832,0.0
18367.385486517895,0.0
18888.621769024652,0.0
19541.263889356473,0.0
20438.21283705457,0.0
19598.125884829493,0.0
20725.80429510606,0.0
21957.501964814284,0.0
22253.954625592065,0.0
22844.123140286552,0.0
23330.687569141282,0.0
24947.511858248952,0.0
23951.596403625423,0.0
23862.597642773722,0.0
23772.16531498614,0.0
24107.3336481617,0.0
22582.034232747385,0.0
22333.043123021467,0.0
22700.089372219198,0.0
23998.673100044503,0.0
24207.929994643884,0.0
25329.993745781696,0.0
24399.08124585604,0.0
26123.097265944794,0.0
26364.73735331811,0.0
28356.855992714838,0.0
26757.99824205716,0.0
25549.927707737395,0.0
25255.265998046772,0.0
25728.817882938485,0.0
25928.884312151506,0.0
25464.070599190785,0.0
25161.102962410943,0.0
24427.236538575173,0.0
25297.697246965065,0.0
27200.34003715375,0.0
29184.594456843846,0.0
28984.549236284794,0.0
30180.244706706893,0.0
28773.174524646405,0.0
28684.407968178224,0.0
28431.944930226608,0.0
28128.73059003267,0.0
29198.326205696623,0.0
28207.369056742045,0.0
28026.485575052287,0.0
26959.91441797822,0.0
26149.632973030864,0.0
26953.24390152164,0.0
26747.86975077425,0.0
28158.912568847518,0.0
26646.778326754542,0.0
27326.67668961973,0.0
25371.832877671703,0.0
25719.938473276983,0.0
24612.61189666597,0.0
26026.613204142774,0.0
24906.512910452242,0.0
23839.455126798443,0.0
24552.112707078693,0.0
25368.820955861516,0.0
26706.08991237384,0.0
28394.048733851916,0.0
27770.135021283248,0.0
28084.184475054797,0.0
29094.850965103604,0.0
30210.679249642948,0.0
31971.57556859703,0.0
31462.48153806531,0.0
32692.148374123455,0.0
34173.768001423916,0.0
35461.57154681853,0.0
36171.4904186615,0.0
37980.15670551871,0.0
37430.59279354632,0.0
38588.269210623585,0.0
38134.57019637205,0.0
39979.09485106092,0.0
40063.84103090271,0.0
39731.955428311514,0.0
40237.092368073645,0.0
41297.091775876914,0.0
39835.13603616002,0.0
41553.046223808095,0.0
40586.655731148094,0.0
41054.763711704094,0.0
41179.81269253211,0.0
41908.31414475019,0.0
40811.76976772332,0.0
42118.60136826492,0.0
43261.99388442663,0.0
43385.790161393335,0.0
43304.461787467815,0.0
43098.68370058903,0.0
44809.35239001306,0.0
43147.09580102339,0.0
41849.62836832469,0.0
42156.34661888785,0.0
41219.7619337216,0.0
38973.72112141657,0.0
38252.46794547355,0.0
38315.72462418632,0.0
38222.531592555344,0.0
38947.0229167504,0.0
38597.127204181714,0.0
39389.02986871036,0.0
38109.81009390977,0.0
37291.54936764001,0.0
37346.066269937466,0.0
37296.39433457607,0.0
38234.54311932754,0.0
38592.9511421363,0.0
39735.77285922026,0.0
41595.84441379269,0.0
40881.099362428125,0.0
42454.5093348872,0.0
43483.88085045834,0.0
43548.93970186883,0.0
42605.49666592584,0.0
43872.579834406715,0.0
45134.05202223791,0.0
47047.916885085506,0.0
47977.281981311266,0.0
49665.4323271414,0.0
50363.15955774799,0.0
51915.58024850791,0.0
51661.35097106599,0.0
51257.42210186127,0.0
49374.79153830885,0.0
51416.16663947456,0.0
52075.81861854455,0.0
52405.13818674117,0.0
50425.89559333904,0.0
49967.24857494555,0.0
48844.120399747124,0.0
47104.48594688227,0.0
47642.97340508103,0.0
46430.62367740277,0.0
44815.27745521797,0.0
46940.83816691722,0.0
47703.368240558215,0.0
46785.96420820229,0.0
47084.85371488147,0.0
45580.693029003676,0.0
46014.77054976787,0.0
44642.08144634651,0.0
46375.28204890701,0.0
45844.816379484495,0.0
47053.53259602261,0.0
48827.655238786916,0.0
50017.646613891426,0.0
51333.261534018355,0.0
50345.68738290196,0.0
49130.343154564274,0.0
50337.36940756207,0.0
49294.21353421337,0.0
48109.344743425834,0.0
46910.75030698637,0.0
47000.68534839865,0.0
48419.229018113765,0.0
49341.03882164907,0.0
49300.78665943054,0.0
47845.88546971666,0.0
46887.48384049481,0.0
48006.60901524633,0.0
48416.47816157366,0.0
48275.99114346195,0.0
49479.28541451844,0.0
48110.322112054055,0.0
47147.94778616847,0.0
46982.07970016125,0.0
46812.13707216021,0.0
46782.65762639092,0.0
47498.310144284274,0.0
45729.44300218361,0.0
46985.60105516727,0.0
47118.797821203574,0.0
48313.27956858086,0.0
49621.39283416375,0.0
48374.58219049026,0.0
47006.441423695374,0.0
46855.26721160747,0.0
47347.58649612628,0.0
48373.70353494796,0.0
46701.44545893524,0.0
48586.185253907664,0.0
49120.89878657204,0.0
48192.7471457363,0.0
49470.33835659086,0.0
49254.93092197344,0.0
49564.93212495005,0.0
50300.71481909655,0.0
52388.50852028352,0.0
52024.962135843336,0.0
51081.91487447833,0.0
50742.4346838197,0.0
50043.00528919668,0.0
51930.00966824447,0.0
51827.78163530476,0.0
50666.74908179535,0.0
49356.34138425828,0.0
50410.441710200794,0.0
50409.96435762403,0.0
50019.84908187864,0.0
51854.42278908205,0.0
52139.807232883235,0.0
53333.31908443051,0.0
53449.232414727114,0.0
55294.648050117525,0.0
54679.00236176635,0.0
53558.1578501209,0.0
54918.020866022365,0.0
54712.31278981858,0.0
52940.95171796798,0.0
55086.59606171527,0.0
54693.88446192992,0.0
53546.84321498466,0.0
54635.13322238903,0.0
54446.3137967717,0.0
55863.40118905157,0.0
56029.02366160198,0.0
54067.67569512658,0.0
54135.11161852092,0.0
53521.42152641828,0.0
52874.94050922607,0.0
53109.911622981934,0.0
52682.83765848566,0.0
51982.48004960007,0.0
51939.83979158617,0.0
51683.301582072934,0.0
53461.13749153137,0.0
54148.900684673485,0.0
52929.127432688925,0.0
52042.2449102418,0.0
53138.26553155334,0.0
54528.36563816697,0.0
53431.45797224726,0.0
51821.46065282139,0.0
53224.02389033359,0.0
51600.897553550494,0.0
51930.15394380016,0.0
51734.357294708694,0.0
53480.45878502251,0.0
53136.09798126786,0.0
53188.46704561629,0.0
53212.45349260687,0.0
51402.021853378705,0.0
53009.97244985342,0.0
53882.74606984398,0.0
54850.16171811081,0.0
55986.16208314689,0.0
55980.39435628637,0.0
54755.731837648374,0.0
53703.45979690734,0.0
69746.5158960158,1.0
69746.5158960158,1.0
52442.68363403218,0.0
53469.234817580764,0.0
55043.41357381035,0.0
55374.466835301406,0.0
53618.137844818884,0.0
55658.138123406345,0.0
57051.268927755096,0.0
55514.92759212012,0.0
55668.31163617375,0.0
57322.13149081396,0.0
56858.15860557409,0.0
56836.84246640872,0.0
56855.092860684774,0.0
58260.16964933226,0.0
59690.082399730134,0.0
60074.54402282203,0.0
61061.17648154432,0.0
60053.39419151674,0.0
58977.97081341024,0.0
59928.38044551814,0.0
59492.68652361574,0.0
58264.31317246246,0.0
58743.94742316504,0.0
59192.59508134654,0.0
60576.33247527483,0.0
62080.23211823441,0.0
63053.422176262604,0.0
62074.19425041441,0.0
63747.4917364673,0.0
62599.79672251971,0.0
61177.857373480234,0.0
59998.42616458404,0.0
61062.429541962134,0.0
61182.21291481883,0.0
61693.53150144893,0.0
62719.51288306451,0.0
61289.19074033764,0.0
60717.54022085214,0.0
61420.893568364634,0.0
61951.076937423735,0.0
60566.522376199144,0.0
60552.77843477164,0.0
59123.056592981666,0.0
60772.91973268284,0.0
61373.08647038123,0.0
61588.31219833254,0.0
60550.18813431174,0.0
59412.290184324964,0.0
59419.86114718756,0.0
58054.09337986978,0.0
58069.201170080974,0.0
58297.210370319975,0.0
56713.72677534879,0.0
57568.14465111907,0.0
58189.402242947275,0.0
59708.56971777626,0.0
58464.24220231818,0.0
58102.690036562875,0.0
59436.57551966876,0.0
58592.68904039888,0.0
56698.37247273379,0.0
55551.10098295881,0.0
55706.33196178121,0.0
54092.16347894582,0.0
54120.12676111742,0.0
53108.47645191333,0.0
53994.17236563652,0.0
54295.64645322742,0.0
52522.83580507213,0.0
50982.23420569405,0.0
52963.56079602083,0.0
52714.29952136213,0.0
53865.98197617932,0.0
52524.48387445083,0.0
54183.47307233922,0.0
54831.8497115209,0.0
54085.47051305542,0.0
52201.62746653953,0.0
52407.801023904336,0.0
51062.287697986845,0.0
51235.30568665125,0.0
51801.89992080153,0.0
50903.527305674346,0.0
50886.93185060055,0.0
49756.69809433226,0.0
49865.572089562964,0.0
50500.63400252165,0.0
49543.10259249916,0.0
48252.152399187275,0.0
48410.648514222274,0.0
49281.60456381356,0.0
50858.15326495695,0.0
50514.51944502855,0.0
51638.68253670543,0.0
53098.24962041002,0.0
54267.977959247604,0.0
54255.954037857904,0.0
55667.452305676394,0.0
55267.63542225299,0.0
56522.093009256074,0.0
57774.306444979666,0.0
56825.61462298478,0.0
57043.207125075875,0.0
58015.433332025365,0.0
56735.70020787458,0.0
58194.992062522666,0.0
58793.851804057944,0.0
58524.42130400194,0.0
57335.25083921447,0.0
56431.16886592438,0.0
57633.548248000865,0.0
56857.90096749016,0.0
57951.10951530506,0.0
56280.12494145788,0.0
56328.789528849375,0.0
55188.72304719409,0.0
53439.29153227591,0.0
52344.43690386792,0.0
51572.33669571823,0.0
51854.029289986334,0.0
52789.81692278472,0.0
51551.90362722504,0.0
49615.25285356105,0.0
51696.948101871836,0.0
50473.49799533155,0.0
51369.929717003935,0.0
51560.95956873894,0.0
50532.88850103125,0.0
52198.291620933436,0.0
51328.25129842483,0.0
50702.64063885745,0.0
52128.23206087663,0.0
53328.67234557392,0.0
54486.84922787431,0.0
54420.6619480544,0.0
55846.83566960349,0.0
57383.86078930938,0.0
56902.083837455975,0.0
58204.687736041466,0.0
59693.16366335434,0.0
60839.49264918263,0.0
59566.548877735644,0.0
59220.596432227765,0.0
58649.33395207857,0.0
57565.832007995275,0.0
58741.69426528066,0.0
58006.38560517758,0.0
56813.15768366239,0.0
55801.804080238806,0.0
55417.720758722804,0.0
55976.28002803591,0.0
55746.229586748705,0.0
56698.82673897349,0.0
58743.793278998775,0.0
57649.41924638719,0.0
57529.12766951789,0.0
55985.78003131971,0.0
54531.297028916015,0.0
53721.302906576435,0.0
53409.40273925103,0.0
54629.596555977216,0.0
54135.667946350535,0.0
52651.013002976644,0.0
53970.83383438103,0.0
52696.38087184605,0.0
54591.509509749136,0.0
55119.33861094222,0.0
54228.701632859935,0.0
54575.64639859423,0.0
54558.97116662814,0.0
54363.06078578054,0.0
55851.00169168482,0.0
55868.26205065792,0.0
56446.843694196825,0.0
54775.59315174743,0.0
55885.14157112362,0.0
56446.21891577122,0.0
57072.202415541404,0.0
57619.025254405606,0.0
59124.99008595009,0.0
57207.8472931447,0.0
56379.871237485015,0.0
55306.35650654813,0.0
54100.56871218575,0.0
54235.26055511975,0.0
54363.435813178745,0.0
53895.13175165185,0.0
53612.21958796995,0.0
52369.93382997546,0.0
54059.381696492346,0.0
53424.48228455025,0.0
52730.45164229076,0.0
52261.90712279116,0.0
53596.190889034944,0.0
52667.04692132876,0.0
53669.41785488285,0.0
52311.62095508436,0.0
51064.561230846375,0.0
51629.21855802697,0.0
50823.430075089775,0.0
51214.61106338468,0.0
51025.70487423148,0.0
50683.69230306299,0.0
51051.60965086467,0.0
51573.631153240676,0.0
52545.60685361216,0.0
53101.41229388944,0.0
54923.39216928874,0.0
54933.49527911793,0.0
53426.77247269595,0.0
54103.69659238553,0.0
56514.37906828412,0.0
54508.754345368034,0.0
54120.91379429134,0.0
53541.719801360945,0.0
51797.065674276164,0.0
53162.602413138346,0.0
54101.45801781723,0.0
55043.43246596652,0.0
55449.78903150702,0.0
54382.020274264636,0.0
54116.530051019436,0.0
52803.602335159245,0.0
51533.22787144296,0.0
50258.32421356038,0.0
51301.12172180426,0.0
52518.54016894015,0.0
53627.68315911213,0.0
52124.58372128875,0.0
50788.05958513976,0.0
52205.964023557346,0.0
53453.49506839893,0.0
53513.022049512736,0.0
70460.33156967163,1.0
70460.33156967163,1.0
53936.880860415535,0.0
54864.67008287352,0.0
54803.95894335532,0.0
53420.280645680636,0.0
51868.22587756325,0.0
53213.21954388723,0.0
51979.12384181715,0.0
53366.59470837933,0.0
53317.236713138336,0.0
55098.456278642116,0.0
55761.8982629199,0.0
55640.45435545171,0.0
56662.64678714179,0.0
58117.15195199488,0.0
60406.08384287056,0.0
61043.03012910574,0.0
59945.23664464116,0.0
58483.34201365338,0.0
57213.03469037199,0.0
57133.58411618189,0.0
56080.82529704861,0.0
55077.25870818292,0.0
53674.79290613573,0.0
52112.19618321895,0.0
50960.43983315076,0.0
50558.333658198564,0.0
51323.31895552826,0.0
52829.75303379775,0.0
51938.84829347435,0.0
51128.38837443416,0.0
52210.89080829695,0.0
52172.98530930395,0.0
54139.57917330083,0.0
54223.23140530313,0.0
53248.16774408685,0.0
52878.93313817955,0.0
51012.88641579936,0.0
53003.34475759075,0.0
52737.56875836605,0.0
52945.06786313305,0.0
53139.12462149185,0.0
53162.59380830775,0.0
54715.159219644236,0.0
53106.227207013646,0.0
53175.642746219346,0.0
53494.338860248245,0.0
55042.97163789133,0.0
54764.501400404035,0.0
54765.776452009835,0.0
54749.448348808335,0.0
56178.28402648092,0.0
56389.741000897615,0.0
57498.12768388771,0.0
56824.09789986912,0.0
57408.04169514251,0.0
59298.34392217919,0.0
59014.870402246794,0.0
58565.18525719891,0.0
59433.73468402549,0.0
58695.437018629,0.0
59612.43888333549,0.0
61021.478998514576,0.0
62144.083907529865,0.0
60360.87388413867,0.0
60484.19439601789,0.0
60970.15570397218,0.0
60878.728214258095,0.0
60314.820859434694,0.0
61403.89584056797,0.0
63096.60643528606,0.0
61930.815424890076,0.0
62952.287230745365,0.0
63109.12195825886,0.0
62364.85253498447,0.0
61501.498619492675,0.0
60653.52480344569,0.0
59658.70747389291,0.0
60355.81584643909,0.0
59012.89633029421,0.0
61208.42683309899,0.0
60650.75492660379,0.0
60599.46525433249,0.0
59631.92734837461,0.0
60786.54619365599,0.0
59530.395920228504,0.0
58030.55750021692,0.0
56913.48896150633,0.0
56142.87381117974,0.0
56054.14080997905,0.0
55740.664799865845,0.0
57877.82517719823,0.0
56339.31615892665,0.0
56988.824159517935,0.0
55887.31261141905,0.0
54996.88149303075,0.0
57440.02785394163,0.0
56038.21572944095,0.0
54448.47137680726,0.0
53238.50063888657,0.0
53295.48221577008,0.0
53532.91032790288,0.0
52947.85309193408,0.0
52215.13198380699,0.0
50820.697988253305,0.0
51653.73161269089,0.0
51735.66254744259,0.0
53572.733250532474,0.0
52972.64362785128,0.0
53861.89295234886,0.0
53796.65233416786,0.0
54147.83726211636,0.0
55466.16641185674,0.0
54147.63367206406,0.0
52680.28533525878,0.0
50875.95399180489,0.0
52532.45136584347,0.0
54146.43087384286,0.0
53184.89680731096,0.0
55235.77181602685,0.0
54599.518143991845,0.0
56178.145016925235,0.0
54519.55864519755,0.0
55095.029772431146,0.0
53372.71829282186,0.0
54885.314387280145,0.0
55770.02168750233,0.0
54339.19415857195,0.0
54201.27803350585,0.0
54255.493434210846,0.0
53160.58571817256,0.0
53606.969554452065,0.0
52060.47924798098,0.0
50405.29918230339,0.0
49338.095601846704,0.0
48953.338091943704,0.0
47751.360283909926,0.0
46660.29322820454,0.0
48616.13160937162,0.0
47898.492259651925,0.0
46560.539780104235,0.0
47138.22167620732,0.0
49370.9928821404,0.0
50649.253813498086,0.0
48550.747377577405,0.0
50269.35255657939,0.0
50024.74938919429,0.0
49010.0969753324,0.0
50107.56024523419,0.0
49258.9035453578,0.0
50309.46810722479,0.0
50276.707431451694,0.0
50369.008991770694,0.0
48483.624175638506,0.0
47401.69440148062,0.0
49408.244905796804,0.0
47821.18133289492,0.0
49180.5469961137,0.0
47420.573049432925,0.0
49730.4210043169,0.0
48999.778421757,0.0
50598.53678262799,0.0
51701.42948778837,0.0
50798.28292021989,0.0
51601.65065759428,0.0
52179.51130313167,0.0
52232.999136510974,0.0
53055.637868809965,0.0
54141.13357929514,0.0
56051.332593993735,0.0
55336.74784949803,0.0
57537.97235631522,0.0
58883.242266476605,0.0
57680.83826452502,0.0
57429.349248131824,0.0
59382.0609015415,0.0
57621.62031303992,0.0
57461.56681670192,0.0
56421.970552936735,0.0
56250.368214149334,0.0
56321.614641825334,0.0
55538.62310635495,0.0
54295.61175439306,0.0
55485.39339850795,0.0
54378.17432387636,0.0
54475.421762218364,0.0
55788.897110422244,0.0
57728.287876645336,0.0
57144.70874790654,0.0
56309.252957536846,0.0
57376.08257550224,0.0
55977.082707454545,0.0
56090.80161388215,0.0
55201.51920380296,0.0
55074.81403803636,0.0
54081.10777035018,0.0
52932.57444455269,0.0
54394.661328158276,0.0
52697.88495805829,0.0
52165.4384219964,0.0
50039.15043939103,0.0
50106.14497175542,0.0
51033.57782774702,0.0
51129.084093741825,0.0
49242.89737012613,0.0
51045.61516767423,0.0
50591.49766466372,0.0
50194.68725292073,0.0
49819.67451631783,0.0
51089.98401327252,0.0
52360.62611821831,0.0
52154.3436252424,0.0
52786.7035723782,0.0
52591.3370510073,0.0
52769.5864343775,0.0
52439.2270784775,0.0
52580.7309095176,0.0
51522.92728666152,0.0
49715.32682108173,0.0
51241.471043422825,0.0
51354.383479621625,0.0
52984.162105412004,0.0
51297.95432523792,0.0
49995.03584765773,0.0
49152.00880266485,0.0
48827.890183846655,0.0
50605.96044711223,0.0
48570.49243209955,0.0
48937.909928184454,0.0
47537.54346663096,0.0
48885.56093483775,0.0
49223.330590472455,0.0
50482.41876819244,0.0
48777.05532414475,0.0
47170.884196814965,0.0
46184.592788486276,0.0
46752.29731009278,0.0
46345.71331162278,0.0
47351.305672421164,0.0
47571.06893371616,0.0
47767.20724235456,0.0
48020.620276285365,0.0
48893.03047065305,0.0
47148.28810474486,0.0
46750.449922753076,0.0
46093.860558815475,0.0
47701.56893047536,0.0
48899.91988967915,0.0
46640.04460500396,0.0
46351.33088084958,0.0
47088.11403353396,0.0
46835.470961466955,0.0
45767.170660256874,0.0
46995.90340739406,0.0
46930.73014241206,0.0
45556.14168686638,0.0
47246.225003468455,0.0
45788.128109475976,0.0
45543.35143534418,0.0
45235.96321607368,0.0
44424.4137415072,0.0
45496.598259064376,0.0
46414.039764754765,0.0
45071.10510099128,0.0
45095.24789333038,0.0
45076.05869098948,0.0
43909.75409078,0.0
45284.693056803575,0.0
46333.83696283816,0.0
45760.342606900056,0.0
46296.83816488326,0.0
46472.68363627456,0.0
45761.15281385366,0.0
46843.09091690115,0.0
48844.274762505534,0.0
48487.01277489853,0.0
47439.94785573085,0.0
45931.19974494086,0.0
45192.44262518428,0.0
45025.29083756197,0.0
46133.81798168646,0.0
46174.600029138965,0.0
47476.24677354315,0.0
46244.87330230156,0.0
44387.31831679768,0.0
43819.9374825454,0.0
44253.984797947276,0.0
45330.87714282486,0.0
47168.35003564715,0.0
48687.21257114253,0.0
48637.842515423334,0.0
48709.011933523536,0.0
48595.83722822943,0.0
48422.06797129353,0.0
47383.514535670154,0.0
47881.37083783325,0.0
48605.81809626843,0.0
48859.05464693603,0.0
48897.46990070013,0.0
49145.081526436334,0.0
47262.474157837045,0.0
47511.55628281145,0.0
46472.02097230047,0.0
45049.061622820474,0.0
45273.44735981158,0.0
45208.37402670928,0.0
45068.89085028208,0.0
46220.957544307865,0.0
48247.26003446825,0.0
48112.45056793825,0.0
49639.40924229913,0.0
50122.91143696832,0.0
51140.92820561992,0.0
51010.84269023633,0.0
50860.44842320103,0.0
51214.42428672382,0.0
51218.070608704424,0.0
52670.16904750711,0.0
51443.50691518912,0.0
50143.95567913453,0.0
51492.970565848824,0.0
51362.189191666024,0.0
53016.894382990504,0.0
51542.71155839063,0.0
50865.81447233953,0.0
50607.10617136973,0.0
51062.91081594644,0.0
51914.14640240723,0.0
50758.27640605103,0.0
52406.58386222023,0.0
52565.77660654933,0.0
52004.83097412753,0.0
51358.88138650423,0.0
52781.79365304533,0.0
53698.2292123938,0.0
54091.504401308106,0.0
55056.44265673279,0.0
53882.3747810256,0.0
54047.9480426739,0.0
55242.05485367059,0.0
55915.01332304059,0.0
55548.27808308659,0.0
56775.23459731377,0.0
56489.883953250275,0.0
55745.97128821279,0.0
55559.590640406386,0.0
56985.68989697868,0.0
57047.57759960627,0.0
56718.663222980074,0.0
57359.76554918957,0.0
57325.47147366348,0.0
58691.85665206936,0.0
57092.32377203458,0.0
56836.73381135768,0.0
59209.19890605286,0.0
59081.606019732564,0.0
58575.91037678856,0.0
58315.54477691696,0.0
57406.351466097076,0.0
58732.58979854576,0.0
56892.88965017108,0.0
56124.770019118485,0.0
54952.8971515048,0.0
55403.765671373,0.0
54613.46131098451,0.0
55595.411486647405,0.0
53986.870261745426,0.0
54877.9168936191,0.0
54775.1065050043,0.0
53698.628789558126,0.0
53923.066082963116,0.0
55222.553473192806,0.0
54844.39000016211,0.0
53269.169399745726,0.0
52493.06058053953,0.0
53721.33441439342,0.0
51950.40806674973,0.0
51783.935326933235,0.0
52006.75012672234,0.0
50826.42489520385,0.0
49345.887686260365,0.0
47798.43843875168,0.0
49085.72299591256,0.0
50785.59157724105,0.0
50701.39391198015,0.0
50556.456802881454,0.0
50229.34142450695,0.0
49044.96311556956,0.0
47447.95719740368,0.0
46691.11734621669,0.0
45886.006315197796,0.0
46270.590070104794,0.0
46221.9652948852,0.0
46060.5604238931,0.0
48159.62895852708,0.0
48040.68642927058,0.0
45949.27646927659,0.0
47447.82396265938,0.0
48644.81293392986,0.0
48632.340228169356,0.0
47323.88312446068,0.0
46954.004702266975,0.0
47768.163436704664,0.0
46934.55139816948,0.0
48486.20609581276,0.0
48097.46402421886,0.0
49592.908514142546,0.0
47971.83264608086,0.0
49498.80101525705,0.0
50818.60078801423,0.0
50677.61588838603,0.0
51617.15587374293,0.0
52215.52344346163,0.0
50571.76091937183,0.0
51490.48013227733,0.0
51643.91012737343,0.0
53127.7031157865,0.0
54132.76168185969,0.0
55123.12820877688,0.0
54070.737963941094,0.0
53052.725170822705,0.0
54382.365737493994,0.0
56058.31075692507,0.0
54184.623147924285,0.0
55412.456374503075,0.0
56758.65409686866,0.0
55970.817905736876,0.0
54195.95797566849,0.0
54426.99174479489,0.0
55076.83713778809,0.0
52885.442383799105,0.0
53044.71777752221,0.0
51910.01837054643,0.0
52900.49136763389,0.0
52173.642863058725,0.0
52854.023773971705,0.0
52098.300893597916,0.0
50736.32926032193,0.0
52108.953558280526,0.0
52682.06297150532,0.0
53893.916933814304,0.0
52977.41281493622,0.0
54108.08209391081,0.0
52649.08116249103,0.0
53769.762824012105,0.0
52802.123001958826,0.0
51612.52303905803,0.0
52797.96862970943,0.0
52533.65451205353,0.0
53230.15236170722,0.0
51593.63309770823,0.0
51545.360192150234,0.0
53264.51071508022,0.0
51939.37865463014,0.0
53678.14847452303,0.0
54647.93068975331,0.0
53884.29118761512,0.0
53731.66044975573,0.0
55062.904576625406,0.0
53747.19425470263,0.0
54226.20580282612,0.0
55118.735949134905,0.0
56416.47357773589,0.0
58016.50858311777,0.0
58092.61238101228,0.0
58675.36663552947,0.0
59450.432465963066,0.0
58491.88727270666,0.0
58328.19154739007,0.0
57568.9292684697,0.0
57368.76201070839,0.0
57462.088198899495,0.0
57428.57627667879,0.0
58434.02304365157,0.0
58584.687108635175,0.0
58975.43043915917,0.0
58588.79472489018,0.0
58007.527683738386,0.0
56079.002032722805,0.0
56163.0925524596,0.0
57501.85404331879,0.0
57898.15399864099,0.0
58225.87395414029,0.0
57522.887790854686,0.0
57888.69060880579,0.0
59337.35128846408,0.0
58906.276322160375,0.0
60587.477781665264,0.0
59357.711896824374,0.0
61007.51751106526,0.0
59650.41538933698,0.0
59115.21495442698,0.0
59180.16742212187,0.0
58028.365879511286,0.0
58931.99231390857,0.0
57929.51274132889,0.0
58489.26975314999,0.0
56875.015945194704,0.0
58476.78890594888,0.0
59761.40347374388,0.0
59317.79202725258,0.0
58116.1717750127,0.0
60044.88680316448,0.0
59397.02585520908,0.0
60815.12243479346,0.0
61055.37135075526,0.0
60676.428998287956,0.0
59451.59497874387,0.0
57758.164302936595,0.0
57364.5240751828,0.0
55276.71536241793,0.0
56404.7457327195,0.0
55264.25938998033,0.0
57156.047157515,0.0
56124.897456511404,0.0
57800.120265568985,0.0
58746.10912647308,0.0
58759.714249639175,0.0
57735.957208321895,0.0
59092.30287059907,0.0
59380.856931918875,0.0
60028.89253752136,0.0
61490.23664368194,0.0
59264.82892049456,0.0
58757.361035371876,0.0
60406.63243169917,0.0
60036.21247154776,0.0
