6.0,0.0
1557.7277154877602,0.0
1710.7277154877602,0.0
1804.4554309755204,0.0
2148.1831464632805,0.0
1835.4554309755204,0.0
1810.4554309755204,0.0
1733.7277154877602,0.0
1660.0,0.0
1847.7277154877602,0.0
1742.0,0.0
1761.7277154877602,0.0
1270.0,0.0
1062.2722845122398,0.0
1312.2722845122398,0.0
1247.2722845122398,0.0
1056.5445690244796,0.0
765.8168535367192,0.0
442.8168535367193,0.0
300.8168535367193,0.0
420.54456902447953,0.0
360.8168535367193,0.0
645.5445690244795,0.0
906.5445690244795,0.0
1521.2722845122398,0.0
1508.0,0.0
1573.0,0.0
1214.0,0.0
1856.7277154877602,0.0
1683.7277154877602,0.0
1604.7277154877602,0.0
1932.4554309755204,0.0
1875.4554309755204,0.0
2279.1831464632805,0.0
1911.4554309755204,0.0
1894.1831464632808,0.0
1759.1831464632808,0.0
1702.910861951041,0.0
1602.1831464632808,0.0
1434.4554309755204,0.0
1294.7277154877602,0.0
1197.4554309755204,0.0
870.7277154877602,0.0
718.7277154877602,0.0
849.4554309755205,0.0
785.7277154877602,0.0
1062.4554309755204,0.0
1224.4554309755204,0.0
1620.1831464632808,0.0
1726.1831464632808,0.0
2057.1831464632805,0.0
2101.4554309755204,0.0
1741.7277154877602,0.0
1161.7277154877602,0.0
1551.4554309755204,0.0
1848.1831464632808,0.0
2066.4554309755204,0.0
2168.4554309755204,0.0
2140.1831464632805,0.0
1911.1831464632808,0.0
1945.1831464632808,0.0
2122.1831464632805,0.0
1856.1831464632808,0.0
1545.4554309755204,0.0
1531.1831464632808,0.0
1574.910861951041,0.0
1323.6385774388011,0.0
1098.6385774388011,0.0
1377.3662929265615,0.0
1328.6385774388011,0.0
1400.6385774388011,0.0
1801.3662929265615,0.0
1913.3662929265615,0.0
2247.638577438801,0.0
2115.638577438801,0.0
1873.3662929265615,0.0
1812.6385774388011,0.0
2132.9108619510407,0.0
2016.1831464632808,0.0
2174.4554309755204,0.0
2024.4554309755204,0.0
2270.1831464632805,0.0
2277.9108619510407,0.0
2406.638577438801,0.0
2202.9108619510407,0.0
2018.6385774388011,0.0
2044.910861951041,0.0
1788.1831464632808,0.0
1547.4554309755204,0.0
1314.1831464632808,0.0
1003.4554309755205,0.0
893.1831464632808,0.0
1036.1831464632808,0.0
1182.910861951041,0.0
1250.910861951041,0.0
1462.910861951041,0.0
1919.6385774388011,0.0
2037.910861951041,0.0
2193.9108619510407,0.0
2570.638577438801,0.0
2166.9108619510407,0.0
2314.9108619510407,0.0
2351.1831464632805,0.0
2295.4554309755204,0.0
2210.4554309755204,0.0
2030.7277154877602,0.0
2187.4554309755204,0.0
1966.7277154877602,0.0
1800.7277154877602,0.0
1412.0,0.0
1435.2722845122398,0.0
1398.0,0.0
1293.0,0.0
958.2722845122398,0.0
832.0,0.0
433.27228451223976,0.0
500.27228451223976,0.0
787.0,0.0
1131.7277154877602,0.0
1106.0,0.0
1202.2722845122398,0.0
1417.2722845122398,0.0
1455.5445690244796,0.0
1672.2722845122398,0.0
1608.5445690244796,0.0
1642.5445690244796,0.0
1428.8168535367192,0.0
1362.089138048959,0.0
1560.8168535367192,0.0
1605.089138048959,0.0
1438.8168535367192,0.0
1514.5445690244796,0.0
1161.5445690244796,0.0
1377.2722845122398,0.0
1576.0,0.0
1625.7277154877602,0.0
1608.4554309755204,0.0
1359.4554309755204,0.0
823.7277154877602,0.0
673.0,0.0
560.2722845122398,0.0
579.2722845122398,0.0
704.5445690244795,0.0
806.8168535367192,0.0
851.0891380489591,0.0
1205.8168535367192,0.0
1318.5445690244796,0.0
1453.8168535367192,0.0
1000.0891380489591,0.0
1316.3614225611989,0.0
1201.089138048959,0.0
1420.089138048959,0.0
1425.8168535367192,0.0
1539.089138048959,0.0
1126.3614225611989,0.0
1315.089138048959,0.0
1417.8168535367192,0.0
1380.8168535367192,0.0
1358.8168535367192,0.0
852.8168535367192,0.0
1034.8168535367192,0.0
851.5445690244795,0.0
691.2722845122398,0.0
583.0,0.0
611.2722845122398,0.0
573.5445690244795,0.0
640.5445690244795,0.0
1020.5445690244795,0.0
810.5445690244795,0.0
1292.5445690244796,0.0
1232.8168535367192,0.0
1049.089138048959,0.0
1097.089138048959,0.0
1154.3614225611989,0.0
1119.3614225611989,0.0
879.6337070734386,0.0
1004.3614225611989,0.0
1181.3614225611989,0.0
1198.3614225611989,0.0
780.6337070734386,0.0
720.9059915856783,0.0
974.6337070734386,0.0
955.3614225611989,0.0
872.0891380489591,0.0
937.0891380489591,0.0
543.0891380489591,0.0
683.8168535367192,0.0
302.8168535367193,0.0
195.8168535367193,0.0
424.54456902447953,0.0
406.8168535367193,0.0
618.8168535367192,0.0
717.0891380489591,0.0
812.0891380489591,0.0
1098.8168535367192,0.0
1306.5445690244796,0.0
1415.2722845122398,0.0
1150.5445690244796,0.0
1469.2722845122398,0.0
1601.2722845122398,0.0
1723.0,0.0
1777.0,0.0
1525.2722845122398,0.0
1624.0,0.0
1800.7277154877602,0.0
1681.7277154877602,0.0
1530.7277154877602,0.0
1582.7277154877602,0.0
1621.4554309755204,0.0
1259.4554309755204,0.0
952.4554309755205,0.0
779.4554309755205,0.0
1081.1831464632808,0.0
1153.1831464632808,0.0
1176.4554309755204,0.0
1160.7277154877602,0.0
1589.0,0.0
1494.0,0.0
1558.7277154877602,0.0
1726.0,0.0
1871.0,0.0
1515.0,0.0
2020.7277154877602,0.0
1845.7277154877602,0.0
1853.0,0.0
1748.2722845122398,0.0
2070.0,0.0
1952.7277154877602,0.0
1691.7277154877602,0.0
1751.4554309755204,0.0
1961.1831464632808,0.0
1587.4554309755204,0.0
1451.7277154877602,0.0
1083.7277154877602,0.0
868.7277154877602,0.0
790.4554309755205,0.0
940.4554309755205,0.0
1085.1831464632808,0.0
1310.910861951041,0.0
1202.910861951041,0.0
440.91086195104094,1.0
444.91086195104094,1.0
568.6385774388011,1.0
672.3662929265614,1.0
779.0940084143217,1.0
888.8217239020819,1.0
783.0940084143217,1.0
886.8217239020819,1.0
882.8217239020819,1.0
1000.5494393898421,1.0
890.8217239020819,1.0
802.0940084143217,1.0
684.3662929265614,1.0
666.3662929265614,1.0
559.6385774388011,1.0
566.6385774388011,1.0
579.6385774388011,1.0
460.91086195104094,1.0
559.6385774388011,1.0
674.3662929265614,1.0
664.3662929265614,1.0
551.6385774388011,1.0
548.6385774388011,1.0
439.91086195104094,0.0
331.1831464632807,0.0
445.91086195104094,0.0
561.6385774388011,0.0
562.6385774388011,0.0
553.6385774388011,0.0
717.3662929265614,0.0
789.0940084143217,0.0
787.0940084143217,0.0
894.8217239020819,0.0
780.0940084143217,0.0
891.8217239020819,0.0
786.0940084143217,0.0
670.3662929265614,0.0
681.3662929265614,0.0
701.3662929265614,0.0
669.3662929265614,0.0
812.0940084143217,0.0
792.0940084143217,0.0
662.3662929265614,0.0
667.3662929265614,0.0
670.3662929265614,0.0
557.6385774388011,0.0
439.91086195104094,0.0
551.6385774388011,0.0
665.3662929265614,0.0
782.0940084143217,0.0
781.0940084143217,0.0
900.8217239020819,0.0
993.5494393898421,0.0
1115.2771548776022,0.0
1211.0048703653626,0.0
1116.2771548776022,0.0
1108.2771548776022,0.0
1116.2771548776022,0.0
1002.5494393898421,0.0
1115.2771548776022,0.0
1226.0048703653626,0.0
1361.7325858531228,0.0
1433.460301340883,0.0
1443.460301340883,0.0
1574.1880168286434,0.0
1550.1880168286434,0.0
1559.1880168286434,0.0
1433.460301340883,0.0
1546.1880168286434,0.0
1647.9157323164034,0.0
1537.1880168286434,0.0
1650.9157323164034,0.0
1539.1880168286434,0.0
1547.1880168286434,0.0
1551.1880168286434,0.0
1444.460301340883,0.0
1440.460301340883,0.0
1434.460301340883,0.0
1440.460301340883,0.0
1349.7325858531228,0.0
1437.460301340883,0.0
1329.7325858531228,0.0
1341.7325858531228,0.0
1343.7325858531228,0.0
1335.7325858531228,0.0
1223.0048703653626,0.0
1117.2771548776022,0.0
1127.2771548776022,0.0
1007.5494393898421,0.0
1121.2771548776022,0.0
1212.0048703653626,0.0
1222.0048703653626,0.0
1102.2771548776022,0.0
994.5494393898421,0.0
1100.2771548776022,0.0
991.5494393898421,0.0
879.8217239020819,0.0
1008.5494393898421,0.0
1118.2771548776022,0.0
1216.0048703653626,0.0
1224.0048703653626,0.0
1120.2771548776022,0.0
1119.2771548776022,0.0
1004.5494393898421,0.0
1000.5494393898421,0.0
1124.2771548776022,0.0
1222.0048703653626,0.0
1231.0048703653626,0.0
1213.0048703653626,0.0
1233.0048703653626,0.0
1137.2771548776022,0.0
997.5494393898421,0.0
895.8217239020819,0.0
782.0940084143217,0.0
664.3662929265614,0.0
555.6385774388011,0.0
448.91086195104094,0.0
560.6385774388011,0.0
553.6385774388011,0.0
552.6385774388011,0.0
672.3662929265614,0.0
557.6385774388011,0.0
562.6385774388011,0.0
665.3662929265614,0.0
677.3662929265614,0.0
684.3662929265614,0.0
781.0940084143217,0.0
889.8217239020819,0.0
996.5494393898421,0.0
1116.2771548776022,0.0
1238.0048703653626,0.0
1221.0048703653626,0.0
1119.2771548776022,0.0
1212.0048703653626,0.0
1215.0048703653626,0.0
1244.0048703653626,0.0
1329.7325858531228,0.0
1332.7325858531228,0.0
1445.460301340883,0.0
1325.7325858531228,0.0
1429.460301340883,0.0
1431.460301340883,0.0
1429.460301340883,0.0
1438.460301340883,0.0
1544.1880168286434,0.0
1655.9157323164034,0.0
1558.1880168286434,0.0
1433.460301340883,0.0
1438.460301340883,0.0
1551.1880168286434,0.0
1430.460301340883,0.0
1321.7325858531228,0.0
1439.460301340883,0.0
1444.460301340883,0.0
1328.7325858531228,0.0
1335.7325858531228,0.0
1227.0048703653626,0.0
1144.2771548776022,0.0
1232.0048703653626,0.0
1231.0048703653626,0.0
1225.0048703653626,0.0
1217.0048703653626,0.0
1217.0048703653626,0.0
1214.0048703653626,0.0
1214.0048703653626,0.0
1101.2771548776022,0.0
1105.2771548776022,0.0
1101.2771548776022,0.0
1214.0048703653626,0.0
1118.2771548776022,0.0
1217.0048703653626,0.0
1334.7325858531228,0.0
1330.7325858531228,0.0
1437.460301340883,0.0
1434.460301340883,0.0
1548.1880168286434,0.0
1450.460301340883,0.0
1443.460301340883,0.0
1438.460301340883,0.0
1440.460301340883,0.0
1335.7325858531228,0.0
1339.7325858531228,0.0
1325.7325858531228,0.0
1446.460301340883,0.0
1451.460301340883,0.0
1570.1880168286434,0.0
1437.460301340883,0.0
1542.1880168286434,0.0
1649.9157323164034,0.0
1762.6434478041638,0.0
1645.9157323164034,0.0
1539.1880168286434,0.0
1545.1880168286434,0.0
1552.1880168286434,0.0
1554.1880168286434,0.0
1562.1880168286434,0.0
1447.460301340883,0.0
1459.460301340883,0.0
1552.1880168286434,0.0
1665.9157323164034,0.0
1760.6434478041638,0.0
1786.6434478041638,0.0
1874.371163291924,0.0
1762.6434478041638,0.0
1766.6434478041638,0.0
1775.6434478041638,0.0
1777.6434478041638,0.0
1885.371163291924,0.0
1774.6434478041638,0.0
1776.6434478041638,0.0
1653.9157323164034,0.0
1538.1880168286434,0.0
1650.9157323164034,0.0
1648.9157323164034,0.0
1757.6434478041638,0.0
1649.9157323164034,0.0
1648.9157323164034,0.0
1540.1880168286434,0.0
1565.1880168286434,0.0
1433.460301340883,0.0
1541.1880168286434,0.0
1443.460301340883,0.0
1448.460301340883,0.0
1440.460301340883,0.0
1571.1880168286434,0.0
1655.9157323164034,0.0
1765.6434478041638,0.0
1769.6434478041638,0.0
1778.6434478041638,0.0
1877.371163291924,0.0
2011.0988787796841,0.0
2110.8265942674443,0.0
2102.8265942674443,0.0
2237.5543097552045,0.0
2313.2820252429647,0.0
2437.0097407307253,0.0
2530.737456218485,0.0
2636.4651717062457,0.0
2635.4651717062457,0.0
2748.192887194006,0.0
2750.192887194006,0.0
2862.920602681766,0.0
2858.920602681766,0.0
2869.920602681766,0.0
2864.920602681766,0.0
2975.648318169526,0.0
2858.920602681766,0.0
2971.648318169526,0.0
2970.648318169526,0.0
2979.648318169526,0.0
2973.648318169526,0.0
3076.376033657287,0.0
2966.648318169526,0.0
3085.376033657287,0.0
3191.1037491450465,0.0
3190.1037491450465,0.0
3200.1037491450465,0.0
3195.1037491450465,0.0
3303.8314646328067,0.0
3206.1037491450465,0.0
3079.376033657287,0.0
3079.376033657287,0.0
2963.648318169526,0.0
2855.920602681766,0.0
2750.192887194006,0.0
2749.192887194006,0.0
2752.192887194006,0.0
2762.192887194006,0.0
2759.192887194006,0.0
2859.920602681766,0.0
2753.192887194006,0.0
2642.4651717062457,0.0
2643.4651717062457,0.0
2659.4651717062457,0.0
2748.192887194006,0.0
2758.192887194006,0.0
2869.920602681766,0.0
2971.648318169526,0.0
2971.648318169526,0.0
3081.376033657287,0.0
3197.1037491450465,0.0
3187.1037491450465,0.0
3082.376033657287,0.0
3199.1037491450465,0.0
3294.8314646328067,0.0
3418.5591801205674,0.0
3517.2868956083275,0.0
3624.0146110960873,0.0
3732.742326583848,0.0
3847.470042071608,0.0
3846.470042071608,0.0
3743.742326583848,0.0
3628.0146110960873,0.0
3737.742326583848,0.0
3857.470042071608,0.0
3859.470042071608,0.0
3738.742326583848,0.0
3630.0146110960873,0.0
3519.2868956083275,0.0
3410.5591801205674,0.0
3410.5591801205674,0.0
3300.8314646328067,0.0
3195.1037491450465,0.0
3314.8314646328067,0.0
3432.5591801205674,0.0
3296.8314646328067,0.0
3303.8314646328067,0.0
3194.1037491450465,0.0
3193.1037491450465,0.0
3079.376033657287,0.0
3185.1037491450465,0.0
3184.1037491450465,0.0
3295.8314646328067,0.0
3407.5591801205674,0.0
3523.2868956083275,0.0
3631.0146110960873,0.0
3515.2868956083275,0.0
3430.5591801205674,0.0
3524.2868956083275,0.0
3417.5591801205674,0.0
3305.8314646328067,0.0
3187.1037491450465,0.0
3200.1037491450465,0.0
3307.8314646328067,0.0
3419.5591801205674,0.0
3412.5591801205674,0.0
3305.8314646328067,0.0
3190.1037491450465,0.0
3301.8314646328067,0.0
3303.8314646328067,0.0
3303.8314646328067,0.0
3403.5591801205674,0.0
3295.8314646328067,0.0
3187.1037491450465,0.0
3187.1037491450465,0.0
3184.1037491450465,0.0
3188.1037491450465,0.0
3192.1037491450465,0.0
3084.376033657287,0.0
3189.1037491450465,0.0
3188.1037491450465,0.0
3311.8314646328067,0.0
3410.5591801205674,0.0
3308.8314646328067,0.0
3191.1037491450465,0.0
3204.1037491450465,0.0
3193.1037491450465,0.0
3298.8314646328067,0.0
3190.1037491450465,0.0
3302.8314646328067,0.0
3409.5591801205674,0.0
3299.8314646328067,0.0
3419.5591801205674,0.0
3417.5591801205674,0.0
3407.5591801205674,0.0
3521.2868956083275,0.0
3621.0146110960873,0.0
3623.0146110960873,0.0
3513.2868956083275,0.0
3516.2868956083275,0.0
3516.2868956083275,0.0
3631.0146110960873,0.0
3637.0146110960873,0.0
3516.2868956083275,0.0
3411.5591801205674,0.0
3522.2868956083275,0.0
3527.2868956083275,0.0
3533.2868956083275,0.0
3627.0146110960873,0.0
3742.742326583848,0.0
3854.470042071608,0.0
3864.470042071608,0.0
3963.1977575593683,0.0
3963.1977575593683,0.0
3854.470042071608,0.0
3957.1977575593683,0.0
3968.1977575593683,0.0
3849.470042071608,0.0
3957.1977575593683,0.0
3956.1977575593683,0.0
3844.470042071608,0.0
3950.1977575593683,0.0
3954.1977575593683,0.0
4061.925473047129,0.0
4063.925473047129,0.0
3955.1977575593683,0.0
3956.1977575593683,0.0
3849.470042071608,0.0
3847.470042071608,0.0
3851.470042071608,0.0
3851.470042071608,0.0
3741.742326583848,0.0
3738.742326583848,0.0
3748.742326583848,0.0
3855.470042071608,0.0
3959.1977575593683,0.0
3859.470042071608,0.0
3741.742326583848,0.0
3856.470042071608,0.0
3956.1977575593683,0.0
3859.470042071608,0.0
3739.742326583848,0.0
3847.470042071608,0.0
3739.742326583848,0.0
3732.742326583848,0.0
3735.742326583848,0.0
3843.470042071608,0.0
3842.470042071608,0.0
3842.470042071608,0.0
3845.470042071608,0.0
3741.742326583848,0.0
3851.470042071608,0.0
3854.470042071608,0.0
3960.1977575593683,0.0
4073.925473047129,0.0
4072.925473047129,0.0
3964.1977575593683,0.0
3850.470042071608,0.0
3752.742326583848,0.0
3742.742326583848,0.0
3747.742326583848,0.0
3856.470042071608,0.0
3958.1977575593683,0.0
3968.1977575593683,0.0
3869.470042071608,0.0
3958.1977575593683,0.0
4069.925473047129,0.0
3954.1977575593683,0.0
3956.1977575593683,0.0
4062.925473047129,0.0
4064.925473047129,0.0
4063.925473047129,0.0
4064.925473047129,0.0
4177.653188534889,0.0
4285.380904022649,0.0
4291.380904022649,0.0
4399.108619510409,0.0
4296.380904022649,0.0
4180.653188534889,0.0
4292.380904022649,0.0
4192.653188534889,0.0
4071.925473047129,0.0
4204.653188534889,0.0
4182.653188534889,0.0
4293.380904022649,0.0
4406.108619510409,0.0
4515.836334998169,0.0
4398.108619510409,0.0
4515.836334998169,0.0
4397.108619510409,0.0
4293.380904022649,0.0
4172.653188534889,0.0
4285.380904022649,0.0
4282.380904022649,0.0
4282.380904022649,0.0
4393.108619510409,0.0
4284.380904022649,0.0
4173.653188534889,0.0
4286.380904022649,0.0
4292.380904022649,0.0
4178.653188534889,0.0
4191.653188534889,0.0
4073.925473047129,0.0
4181.653188534889,0.0
4297.380904022649,0.0
4290.380904022649,0.0
4189.653188534889,0.0
4080.925473047129,0.0
4081.925473047129,0.0
3963.1977575593683,0.0
3964.1977575593683,0.0
3956.1977575593683,0.0
3846.470042071608,0.0
3966.1977575593683,0.0
3959.1977575593683,0.0
4066.925473047129,0.0
3957.1977575593683,0.0
3951.1977575593683,0.0
4061.925473047129,0.0
3955.1977575593683,0.0
3849.470042071608,0.0
3742.742326583848,0.0
3740.742326583848,0.0
3635.0146110960873,0.0
3640.0146110960873,0.0
3523.2868956083275,0.0
3641.0146110960873,0.0
3631.0146110960873,0.0
3524.2868956083275,0.0
3414.5591801205674,0.0
3521.2868956083275,0.0
3540.2868956083275,0.0
3638.0146110960873,0.0
3534.2868956083275,0.0
3636.0146110960873,0.0
3746.742326583848,0.0
3638.0146110960873,0.0
3530.2868956083275,0.0
3546.2868956083275,0.0
3408.5591801205674,0.0
3407.5591801205674,0.0
3517.2868956083275,0.0
3404.5591801205674,0.0
3408.5591801205674,0.0
3302.8314646328067,0.0
3302.8314646328067,0.0
3413.5591801205674,0.0
3296.8314646328067,0.0
3190.1037491450465,0.0
3194.1037491450465,0.0
3298.8314646328067,0.0
3410.5591801205674,0.0
3420.5591801205674,0.0
3515.2868956083275,0.0
3638.0146110960873,0.0
3748.742326583848,0.0
3744.742326583848,0.0
3866.470042071608,0.0
3867.470042071608,0.0
3962.1977575593683,0.0
4085.925473047129,0.0
3965.1977575593683,0.0
3962.1977575593683,0.0
4085.925473047129,0.0
3954.1977575593683,0.0
4062.925473047129,0.0
4171.653188534889,0.0
4204.653188534889,0.0
4067.925473047129,0.0
3959.1977575593683,0.0
4067.925473047129,0.0
4068.925473047129,0.0
4071.925473047129,0.0
3960.1977575593683,0.0
3957.1977575593683,0.0
3850.470042071608,0.0
3743.742326583848,0.0
3632.0146110960873,0.0
3527.2868956083275,0.0
3520.2868956083275,0.0
3636.0146110960873,0.0
3516.2868956083275,0.0
3413.5591801205674,0.0
3517.2868956083275,0.0
3414.5591801205674,0.0
3522.2868956083275,0.0
3534.2868956083275,0.0
3406.5591801205674,0.0
3515.2868956083275,0.0
3515.2868956083275,0.0
3403.5591801205674,0.0
3517.2868956083275,0.0
3631.0146110960873,0.0
3744.742326583848,0.0
3739.742326583848,0.0
3868.470042071608,0.0
3975.1977575593683,0.0
3956.1977575593683,0.0
4066.925473047129,0.0
4178.653188534889,0.0
4288.380904022649,0.0
4182.653188534889,0.0
4078.925473047129,0.0
4068.925473047129,0.0
3965.1977575593683,0.0
4084.925473047129,0.0
3969.1977575593683,0.0
3857.470042071608,0.0
3747.742326583848,0.0
3762.742326583848,0.0
3742.742326583848,0.0
3734.742326583848,0.0
3842.470042071608,0.0
3964.1977575593683,0.0
3842.470042071608,0.0
3843.470042071608,0.0
3735.742326583848,0.0
3634.0146110960873,0.0
3540.2868956083275,0.0
3527.2868956083275,0.0
3635.0146110960873,0.0
3523.2868956083275,0.0
3410.5591801205674,0.0
3516.2868956083275,0.0
3410.5591801205674,0.0
3536.2868956083275,0.0
3637.0146110960873,0.0
3534.2868956083275,0.0
3529.2868956083275,0.0
3522.2868956083275,0.0
3521.2868956083275,0.0
3641.0146110960873,0.0
3638.0146110960873,0.0
3636.0146110960873,0.0
3519.2868956083275,0.0
3631.0146110960873,0.0
3628.0146110960873,0.0
3736.742326583848,0.0
3732.742326583848,0.0
3852.470042071608,0.0
3735.742326583848,0.0
3627.0146110960873,0.0
3519.2868956083275,0.0
3412.5591801205674,0.0
3417.5591801205674,0.0
3412.5591801205674,0.0
3406.5591801205674,0.0
3412.5591801205674,0.0
3299.8314646328067,0.0
3412.5591801205674,0.0
3411.5591801205674,0.0
3302.8314646328067,0.0
3303.8314646328067,0.0
3419.5591801205674,0.0
3302.8314646328067,0.0
3408.5591801205674,0.0
3316.8314646328067,0.0
3215.1037491450465,0.0
3193.1037491450465,0.0
3186.1037491450465,0.0
3185.1037491450465,0.0
3188.1037491450465,0.0
3074.376033657287,0.0
3185.1037491450465,0.0
3186.1037491450465,0.0
3297.8314646328067,0.0
3407.5591801205674,0.0
3521.2868956083275,0.0
3524.2868956083275,0.0
3416.5591801205674,0.0
3525.2868956083275,0.0
3638.0146110960873,0.0
3545.2868956083275,0.0
3538.2868956083275,0.0
3411.5591801205674,0.0
3325.8314646328067,0.0
3428.5591801205674,0.0
3529.2868956083275,0.0
3642.0146110960873,0.0
3632.0146110960873,0.0
3529.2868956083275,0.0
3536.2868956083275,0.0
3411.5591801205674,0.0
3292.8314646328067,0.0
3187.1037491450465,0.0
3298.8314646328067,0.0
3410.5591801205674,0.0
3516.2868956083275,0.0
3406.5591801205674,0.0
3312.8314646328067,0.0
3415.5591801205674,0.0
3540.2868956083275,0.0
3529.2868956083275,0.0
3524.2868956083275,0.0
3539.2868956083275,0.0
3525.2868956083275,0.0
3640.0146110960873,0.0
3639.0146110960873,0.0
3531.2868956083275,0.0
3410.5591801205674,0.0
3529.2868956083275,0.0
3430.5591801205674,0.0
3533.2868956083275,0.0
3525.2868956083275,0.0
3642.0146110960873,0.0
3743.742326583848,0.0
3738.742326583848,0.0
3841.470042071608,0.0
3969.1977575593683,0.0
4063.925473047129,0.0
4173.653188534889,0.0
4064.925473047129,0.0
3956.1977575593683,0.0
3845.470042071608,0.0
3851.470042071608,0.0
3740.742326583848,0.0
3640.0146110960873,0.0
3526.2868956083275,0.0
3411.5591801205674,0.0
3308.8314646328067,0.0
3311.8314646328067,0.0
3310.8314646328067,0.0
3423.5591801205674,0.0
3421.5591801205674,0.0
3315.8314646328067,0.0
3427.5591801205674,0.0
3430.5591801205674,0.0
3544.2868956083275,0.0
3531.2868956083275,0.0
3429.5591801205674,0.0
3410.5591801205674,0.0
3303.8314646328067,0.0
3403.5591801205674,0.0
3404.5591801205674,0.0
3406.5591801205674,0.0
3407.5591801205674,0.0
3412.5591801205674,0.0
3519.2868956083275,0.0
3413.5591801205674,0.0
3408.5591801205674,0.0
3422.5591801205674,0.0
3531.2868956083275,0.0
3517.2868956083275,0.0
3525.2868956083275,0.0
3529.2868956083275,0.0
3633.0146110960873,0.0
3634.0146110960873,0.0
3744.742326583848,0.0
3633.0146110960873,0.0
3762.742326583848,0.0
3865.470042071608,0.0
3854.470042071608,0.0
3754.742326583848,0.0
3854.470042071608,0.0
3743.742326583848,0.0
3856.470042071608,0.0
3952.1977575593683,0.0
4061.925473047129,0.0
3953.1977575593683,0.0
3842.470042071608,0.0
3959.1977575593683,0.0
3845.470042071608,0.0
3847.470042071608,0.0
3964.1977575593683,0.0
4079.925473047129,0.0
3963.1977575593683,0.0
4068.925473047129,0.0
4075.925473047129,0.0
3967.1977575593683,0.0
3966.1977575593683,0.0
3860.470042071608,0.0
3745.742326583848,0.0
3844.470042071608,0.0
3762.742326583848,0.0
3870.470042071608,0.0
3863.470042071608,0.0
3854.470042071608,0.0
3758.742326583848,0.0
3853.470042071608,0.0
3740.742326583848,0.0
3623.0146110960873,0.0
3513.2868956083275,0.0
3402.5591801205674,0.0
3404.5591801205674,0.0
3404.5591801205674,0.0
3517.2868956083275,0.0
3404.5591801205674,0.0
3519.2868956083275,0.0
3418.5591801205674,0.0
3413.5591801205674,0.0
3516.2868956083275,0.0
3406.5591801205674,0.0
3307.8314646328067,0.0
3197.1037491450465,0.0
3200.1037491450465,0.0
3188.1037491450465,0.0
3194.1037491450465,0.0
3083.376033657287,0.0
2980.648318169526,0.0
3092.376033657287,0.0
3095.376033657287,0.0
3199.1037491450465,0.0
3202.1037491450465,0.0
3294.8314646328067,0.0
3292.8314646328067,0.0
3293.8314646328067,0.0
3403.5591801205674,0.0
3293.8314646328067,0.0
3184.1037491450465,0.0
3081.376033657287,0.0
3188.1037491450465,0.0
3303.8314646328067,0.0
3304.8314646328067,0.0
3412.5591801205674,0.0
3406.5591801205674,0.0
3515.2868956083275,0.0
3413.5591801205674,0.0
3410.5591801205674,0.0
3299.8314646328067,0.0
3409.5591801205674,0.0
3524.2868956083275,0.0
3422.5591801205674,0.0
3412.5591801205674,0.0
3406.5591801205674,0.0
3312.8314646328067,0.0
3320.8314646328067,0.0
3192.1037491450465,0.0
3080.376033657287,0.0
2967.648318169526,0.0
2964.648318169526,0.0
2854.920602681766,0.0
2746.192887194006,0.0
2853.920602681766,0.0
2859.920602681766,0.0
2748.192887194006,0.0
2855.920602681766,0.0
2981.648318169526,0.0
3081.376033657287,0.0
2966.648318169526,0.0
3087.376033657287,0.0
3082.376033657287,0.0
2971.648318169526,0.0
3086.376033657287,0.0
2969.648318169526,0.0
3093.376033657287,0.0
3089.376033657287,0.0
3080.376033657287,0.0
2975.648318169526,0.0
2866.920602681766,0.0
2971.648318169526,0.0
2858.920602681766,0.0
2971.648318169526,0.0
2856.920602681766,0.0
2963.648318169526,0.0
2963.648318169526,0.0
3073.376033657287,0.0
3186.1037491450465,0.0
3077.376033657287,0.0
3193.1037491450465,0.0
3195.1037491450465,0.0
3199.1037491450465,0.0
3300.8314646328067,0.0
3410.5591801205674,0.0
3517.2868956083275,0.0
3515.2868956083275,0.0
3635.0146110960873,0.0
3738.742326583848,0.0
3632.0146110960873,0.0
3633.0146110960873,0.0
3738.742326583848,0.0
3629.0146110960873,0.0
3638.0146110960873,0.0
3535.2868956083275,0.0
3542.2868956083275,0.0
3530.2868956083275,0.0
3408.5591801205674,0.0
3293.8314646328067,0.0
3403.5591801205674,0.0
3293.8314646328067,0.0
3296.8314646328067,0.0
3405.5591801205674,0.0
3518.2868956083275,0.0
3521.2868956083275,0.0
3410.5591801205674,0.0
3516.2868956083275,0.0
3408.5591801205674,0.0
3415.5591801205674,0.0
3300.8314646328067,0.0
3303.8314646328067,0.0
3186.1037491450465,0.0
3088.376033657287,0.0
3196.1037491450465,0.0
3088.376033657287,0.0
2974.648318169526,0.0
2871.920602681766,0.0
2864.920602681766,0.0
2874.920602681766,0.0
2868.920602681766,0.0
2758.192887194006,0.0
2856.920602681766,0.0
2858.920602681766,0.0
2745.192887194006,0.0
2743.192887194006,0.0
2854.920602681766,0.0
2966.648318169526,0.0
2963.648318169526,0.0
2972.648318169526,0.0
2983.648318169526,0.0
2973.648318169526,0.0
2975.648318169526,0.0
2967.648318169526,0.0
2858.920602681766,0.0
2767.192887194006,0.0
2857.920602681766,0.0
2860.920602681766,0.0
2975.648318169526,0.0
2857.920602681766,0.0
2771.192887194006,0.0
2648.4651717062457,0.0
2641.4651717062457,0.0
2763.192887194006,0.0
2657.4651717062457,0.0
2648.4651717062457,0.0
2527.737456218485,0.0
2638.4651717062457,0.0
2635.4651717062457,0.0
2747.192887194006,0.0
2637.4651717062457,0.0
2529.737456218485,0.0
2422.0097407307253,0.0
2417.0097407307253,0.0
2417.0097407307253,0.0
2533.737456218485,0.0
2530.737456218485,0.0
2525.737456218485,0.0
2529.737456218485,0.0
2641.4651717062457,0.0
2539.737456218485,0.0
2434.0097407307253,0.0
2428.0097407307253,0.0
2536.737456218485,0.0
2645.4651717062457,0.0
2533.737456218485,0.0
2428.0097407307253,0.0
2570.737456218485,0.0
2531.737456218485,0.0
2427.0097407307253,0.0
2533.737456218485,0.0
2528.737456218485,0.0
2416.0097407307253,0.0
2529.737456218485,0.0
2416.0097407307253,0.0
2416.0097407307253,0.0
2416.0097407307253,0.0
2311.2820252429647,0.0
2427.0097407307253,0.0
2525.737456218485,0.0
2427.0097407307253,0.0
2426.0097407307253,0.0
2422.0097407307253,0.0
2312.2820252429647,0.0
2421.0097407307253,0.0
2539.737456218485,0.0
2544.737456218485,0.0
2550.737456218485,0.0
2534.737456218485,0.0
2537.737456218485,0.0
2646.4651717062457,0.0
2754.192887194006,0.0
2749.192887194006,0.0
2650.4651717062457,0.0
2536.737456218485,0.0
2416.0097407307253,0.0
2416.0097407307253,0.0
2525.737456218485,0.0
2525.737456218485,0.0
2635.4651717062457,0.0
2528.737456218485,0.0
2430.0097407307253,0.0
2314.2820252429647,0.0
2425.0097407307253,0.0
2543.737456218485,0.0
2647.4651717062457,0.0
2745.192887194006,0.0
2749.192887194006,0.0
2752.192887194006,0.0
2749.192887194006,0.0
2749.192887194006,0.0
2644.4651717062457,0.0
2640.4651717062457,0.0
2760.192887194006,0.0
2759.192887194006,0.0
2755.192887194006,0.0
2761.192887194006,0.0
2635.4651717062457,0.0
2637.4651717062457,0.0
2525.737456218485,0.0
2417.0097407307253,0.0
2419.0097407307253,0.0
2418.0097407307253,0.0
2416.0097407307253,0.0
2528.737456218485,0.0
2637.4651717062457,0.0
2649.4651717062457,0.0
2754.192887194006,0.0
2864.920602681766,0.0
2857.920602681766,0.0
2865.920602681766,0.0
2861.920602681766,0.0
2860.920602681766,0.0
2863.920602681766,0.0
2979.648318169526,0.0
2864.920602681766,0.0
2761.192887194006,0.0
2869.920602681766,0.0
2868.920602681766,0.0
2974.648318169526,0.0
2863.920602681766,0.0
2755.192887194006,0.0
2750.192887194006,0.0
2747.192887194006,0.0
2853.920602681766,0.0
2749.192887194006,0.0
2856.920602681766,0.0
2855.920602681766,0.0
2862.920602681766,0.0
2756.192887194006,0.0
2861.920602681766,0.0
2968.648318169526,0.0
2968.648318169526,0.0
3089.376033657287,0.0
2967.648318169526,0.0
2982.648318169526,0.0
3085.376033657287,0.0
3085.376033657287,0.0
3078.376033657287,0.0
3193.1037491450465,0.0
3194.1037491450465,0.0
3080.376033657287,0.0
3085.376033657287,0.0
3196.1037491450465,0.0
3193.1037491450465,0.0
3187.1037491450465,0.0
3185.1037491450465,0.0
3183.1037491450465,0.0
3291.8314646328067,0.0
3183.1037491450465,0.0
3183.1037491450465,0.0
3292.8314646328067,0.0
3300.8314646328067,0.0
3304.8314646328067,0.0
3305.8314646328067,0.0
3192.1037491450465,0.0
3295.8314646328067,0.0
3200.1037491450465,0.0
3081.376033657287,0.0
2967.648318169526,0.0
2968.648318169526,0.0
2978.648318169526,0.0
2971.648318169526,0.0
2864.920602681766,0.0
2970.648318169526,0.0
2973.648318169526,0.0
2865.920602681766,0.0
2860.920602681766,0.0
2973.648318169526,0.0
2971.648318169526,0.0
2860.920602681766,0.0
2751.192887194006,0.0
2855.920602681766,0.0
2745.192887194006,0.0
2750.192887194006,0.0
2743.192887194006,0.0
2639.4651717062457,0.0
2529.737456218485,0.0
2418.0097407307253,0.0
2535.737456218485,0.0
2639.4651717062457,0.0
2650.4651717062457,0.0
2645.4651717062457,0.0
2650.4651717062457,0.0
2538.737456218485,0.0
2432.0097407307253,0.0
2325.2820252429647,0.0
2327.2820252429647,0.0
2318.2820252429647,0.0
2310.2820252429647,0.0
2319.2820252429647,0.0
2425.0097407307253,0.0
2434.0097407307253,0.0
2312.2820252429647,0.0
2419.0097407307253,0.0
2527.737456218485,0.0
2523.737456218485,0.0
2414.0097407307253,0.0
2417.0097407307253,0.0
2531.737456218485,0.0
2418.0097407307253,0.0
2540.737456218485,0.0
2530.737456218485,0.0
2647.4651717062457,0.0
2529.737456218485,0.0
2639.4651717062457,0.0
2752.192887194006,0.0
2760.192887194006,0.0
2868.920602681766,0.0
2866.920602681766,0.0
2758.192887194006,0.0
2858.920602681766,0.0
2857.920602681766,0.0
2972.648318169526,0.0
3086.376033657287,0.0
3199.1037491450465,0.0
3072.376033657287,0.0
2967.648318169526,0.0
3080.376033657287,0.0
3184.1037491450465,0.0
3074.376033657287,0.0
3186.1037491450465,0.0
3306.8314646328067,0.0
3196.1037491450465,0.0
3087.376033657287,0.0
3345.376033657287,1.0
3643.376033657287,1.0
3548.648318169526,1.0
3543.648318169526,1.0
3388.920602681766,1.0
3527.648318169526,1.0
3416.920602681766,1.0
3588.648318169526,1.0
3494.920602681766,1.0
3320.192887194006,1.0
3468.920602681766,1.0
3360.920602681766,1.0
3471.648318169526,1.0
3327.920602681766,1.0
3306.648318169526,1.0
3182.920602681766,1.0
3212.648318169526,1.0
3044.920602681766,1.0
2869.192887194006,1.0
2960.920602681766,1.0
3001.920602681766,1.0
3108.920602681766,1.0
3153.192887194006,1.0
3195.192887194006,0.0
3364.920602681766,0.0
3238.192887194006,0.0
3388.920602681766,0.0
3448.648318169526,0.0
3359.920602681766,0.0
3366.920602681766,0.0
3539.648318169526,0.0
3463.920602681766,0.0
3409.920602681766,0.0
3489.648318169526,0.0
3634.376033657287,0.0
3722.1037491450465,0.0
3721.1037491450465,0.0
3592.1037491450465,0.0
3664.8314646328067,0.0
3441.1037491450465,0.0
3380.1037491450465,0.0
3240.376033657287,0.0
3185.376033657287,0.0
3205.376033657287,0.0
3233.376033657287,0.0
3449.1037491450465,0.0
3555.1037491450465,0.0
3646.1037491450465,0.0
3678.1037491450465,0.0
3511.376033657287,0.0
3478.648318169526,0.0
3489.648318169526,0.0
3524.376033657287,0.0
3550.376033657287,0.0
3558.376033657287,0.0
3628.376033657287,0.0
3627.376033657287,0.0
3723.1037491450465,0.0
3704.1037491450465,0.0
3782.8314646328067,0.0
3654.1037491450465,0.0
3778.8314646328067,0.0
3538.1037491450465,0.0
3431.1037491450465,0.0
3369.1037491450465,0.0
3190.376033657287,0.0
3322.1037491450465,0.0
3201.376033657287,0.0
3213.376033657287,0.0
3354.648318169526,0.0
4050.376033657287,1.0
4312.103749145046,1.0
4313.103749145046,1.0
4334.376033657287,1.0
4502.103749145046,1.0
4457.103749145046,1.0
4746.831464632807,1.0
4826.831464632807,1.0
4778.831464632807,1.0
4595.103749145046,1.0
4591.376033657287,1.0
4249.648318169526,1.0
4287.9206026817665,1.0
4113.648318169526,1.0
3909.920602681766,1.0
3814.648318169526,0.0
3760.648318169526,0.0
3718.376033657287,0.0
3683.1037491450465,0.0
3693.1037491450465,0.0
3520.376033657287,0.0
3821.1037491450465,0.0
3895.1037491450465,0.0
4089.8314646328067,0.0
4358.559180120567,0.0
4538.831464632807,0.0
4314.103749145046,0.0
4289.831464632807,0.0
4182.831464632807,0.0
4504.103749145046,0.0
4614.103749145046,0.0
