0.0,0.0
14.42405140930244,0.0
18.42405140930244,0.0
30.84810281860488,0.0
47.27215422790732,0.0
35.84810281860488,0.0
38.84810281860488,0.0
50.424051409302436,0.0
57.0,0.0
88.42405140930244,0.0
73.0,0.0
75.42405140930244,0.0
19.0,0.0
-2.4240514093024395,0.0
-4.4240514093024395,0.0
-12.42405140930244,0.0
-24.84810281860488,0.0
-40.27215422790732,0.0
-9.272154227907322,0.0
13.727845772092678,0.0
-16.84810281860488,0.0
-39.27215422790732,0.0
-26.84810281860488,0.0
-22.84810281860488,0.0
-11.42405140930244,0.0
7.0,0.0
4.0,0.0
7.0,0.0
18.42405140930244,0.0
20.42405140930244,0.0
14.42405140930244,0.0
32.84810281860488,0.0
32.84810281860488,0.0
47.27215422790732,0.0
30.84810281860488,0.0
47.27215422790732,0.0
47.27215422790732,0.0
70.69620563720976,0.0
55.27215422790732,0.0
42.84810281860488,0.0
30.42405140930244,0.0
56.84810281860488,0.0
77.42405140930244,0.0
71.42405140930244,0.0
69.84810281860487,0.0
22.42405140930244,0.0
29.84810281860488,0.0
30.84810281860488,0.0
44.27215422790732,0.0
45.27215422790732,0.0
45.27215422790732,0.0
28.84810281860488,0.0
22.42405140930244,0.0
21.42405140930244,0.0
33.84810281860488,0.0
51.27215422790732,0.0
35.84810281860488,0.0
39.84810281860488,0.0
56.27215422790732,0.0
51.27215422790732,0.0
51.27215422790732,0.0
51.27215422790732,0.0
60.27215422790732,0.0
37.84810281860488,0.0
62.27215422790732,0.0
62.69620563720976,0.0
76.1202570465122,0.0
80.1202570465122,0.0
87.54430845581464,0.0
77.1202570465122,0.0
72.1202570465122,0.0
88.54430845581464,0.0
90.54430845581464,0.0
72.1202570465122,0.0
80.1202570465122,0.0
102.54430845581464,0.0
77.1202570465122,0.0
97.69620563720976,0.0
102.27215422790732,0.0
89.84810281860487,0.0
86.84810281860487,0.0
90.27215422790732,0.0
120.69620563720976,0.0
130.1202570465122,0.0
113.69620563720976,0.0
124.1202570465122,0.0
62.69620563720976,0.0
45.27215422790732,0.0
34.84810281860488,0.0
48.27215422790732,0.0
33.84810281860488,0.0
44.27215422790732,0.0
47.27215422790732,0.0
58.69620563720976,0.0
59.69620563720976,0.0
57.69620563720976,0.0
74.1202570465122,0.0
57.69620563720976,0.0
57.69620563720976,0.0
76.1202570465122,0.0
60.69620563720976,0.0
71.69620563720976,0.0
51.27215422790732,0.0
34.84810281860488,0.0
30.84810281860488,0.0
16.42405140930244,0.0
41.84810281860488,0.0
19.42405140930244,0.0
25.42405140930244,0.0
19.0,0.0
-8.42405140930244,0.0
2.0,0.0
29.0,0.0
-5.4240514093024395,0.0
4.0,0.0
-11.42405140930244,0.0
-14.42405140930244,0.0
1.0,0.0
16.42405140930244,0.0
0.0,0.0
-8.42405140930244,0.0
-2.4240514093024395,0.0
-26.84810281860488,0.0
-9.42405140930244,0.0
-27.84810281860488,0.0
-7.848102818604879,0.0
-24.272154227907322,0.0
-42.69620563720976,0.0
-35.27215422790732,0.0
-54.69620563720976,0.0
-39.27215422790732,0.0
-21.84810281860488,0.0
-25.84810281860488,0.0
-6.4240514093024395,0.0
14.0,0.0
18.42405140930244,0.0
34.84810281860488,0.0
31.84810281860488,0.0
14.42405140930244,0.0
3.0,0.0
-14.42405140930244,0.0
-12.42405140930244,0.0
-23.84810281860488,0.0
-43.27215422790732,0.0
-55.69620563720976,0.0
-41.27215422790732,0.0
-16.84810281860488,0.0
-28.272154227907322,0.0
-54.69620563720976,0.0
-64.1202570465122,0.0
-50.69620563720976,0.0
-50.69620563720976,0.0
-30.272154227907322,0.0
-43.69620563720976,0.0
-60.120257046512194,0.0
-33.69620563720976,0.0
-25.272154227907322,0.0
-40.27215422790732,0.0
-20.272154227907322,0.0
-26.272154227907322,0.0
-19.272154227907322,0.0
-17.84810281860488,0.0
-12.42405140930244,0.0
3.0,0.0
-10.42405140930244,0.0
-28.84810281860488,0.0
-26.84810281860488,0.0
-27.84810281860488,0.0
-21.84810281860488,0.0
-21.84810281860488,0.0
-42.27215422790732,0.0
-55.69620563720976,0.0
-43.69620563720976,0.0
-64.1202570465122,0.0
-68.1202570465122,0.0
-85.54430845581464,0.0
-70.1202570465122,0.0
-70.1202570465122,0.0
-70.1202570465122,0.0
-81.54430845581464,0.0
-89.96835986511708,0.0
-59.544308455814644,0.0
-68.1202570465122,0.0
-55.69620563720976,0.0
-52.69620563720976,0.0
-57.69620563720976,0.0
-38.27215422790732,0.0
-33.27215422790732,0.0
-29.272154227907322,0.0
-15.848102818604879,0.0
-31.272154227907322,0.0
-43.27215422790732,0.0
-55.69620563720976,0.0
-57.69620563720976,0.0
-37.27215422790732,0.0
-21.84810281860488,0.0
-5.4240514093024395,0.0
-21.84810281860488,0.0
-1.4240514093024395,0.0
-0.42405140930243945,0.0
18.0,0.0
12.0,0.0
17.57594859069756,0.0
10.0,0.0
23.42405140930244,0.0
21.42405140930244,0.0
31.42405140930244,0.0
29.42405140930244,0.0
41.84810281860488,0.0
37.84810281860488,0.0
38.84810281860488,0.0
36.84810281860488,0.0
54.27215422790732,0.0
54.27215422790732,0.0
37.84810281860488,0.0
22.42405140930244,0.0
25.0,0.0
8.0,0.0
23.42405140930244,0.0
10.0,0.0
10.0,0.0
9.0,0.0
20.42405140930244,0.0
26.42405140930244,0.0
9.0,0.0
-5.4240514093024395,0.0
14.0,0.0
22.42405140930244,0.0
32.424051409302436,0.0
43.84810281860488,0.0
57.27215422790732,0.0
38.84810281860488,0.0
31.42405140930244,0.0
26.42405140930244,0.0
24.42405140930244,0.0
37.84810281860488,0.0
36.84810281860488,0.0
51.27215422790732,0.0
65.69620563720976,0.0
67.69620563720976,0.0
65.69620563720976,0.0
67.69620563720976,0.0
78.1202570465122,0.0
88.54430845581464,0.0
115.96835986511708,0.0
125.39241127441952,0.0
105.96835986511708,0.0
119.39241127441952,0.0
118.39241127441952,0.0
148.81646268372194,0.0
158.39241127441952,0.0
120.96835986511708,0.0
113.54430845581464,0.0
108.54430845581464,0.0
89.1202570465122,0.0
82.1202570465122,0.0
77.1202570465122,0.0
62.69620563720976,0.0
73.1202570465122,0.0
88.54430845581464,0.0
90.54430845581464,0.0
74.1202570465122,0.0
76.1202570465122,0.0
58.69620563720976,0.0
43.27215422790732,0.0
64.69620563720976,0.0
88.1202570465122,0.0
88.1202570465122,0.0
87.1202570465122,0.0
102.54430845581464,0.0
118.96835986511708,0.0
117.96835986511708,0.0
133.39241127441952,0.0
125.96835986511708,0.0
130.39241127441952,0.0
118.96835986511708,0.0
103.54430845581464,0.0
100.54430845581464,0.0
92.54430845581464,0.0
99.54430845581464,0.0
106.96835986511708,0.0
106.96835986511708,0.0
93.54430845581464,0.0
90.54430845581464,0.0
90.54430845581464,0.0
74.1202570465122,0.0
59.69620563720976,0.0
72.1202570465122,0.0
88.54430845581464,0.0
121.96835986511708,0.0
105.96835986511708,0.0
118.39241127441952,0.0
137.81646268372194,0.0
150.2405140930244,0.0
164.66456550232684,0.0
149.2405140930244,0.0
152.2405140930244,0.0
149.2405140930244,0.0
136.81646268372194,0.0
156.2405140930244,0.0
167.66456550232684,0.0
177.0886169116293,0.0
196.5126683209317,0.0
193.5126683209317,0.0
207.93671973023416,0.0
210.93671973023416,0.0
207.93671973023416,0.0
191.5126683209317,0.0
205.93671973023416,0.0
220.36077113953658,0.0
208.93671973023416,0.0
224.36077113953658,0.0
217.93671973023416,0.0
217.93671973023416,0.0
215.93671973023416,0.0
209.5126683209317,0.0
238.5126683209317,0.0
246.5126683209317,0.0
255.5126683209317,0.0
238.0886169116293,0.0
254.5126683209317,0.0
239.0886169116293,0.0
241.0886169116293,0.0
195.0886169116293,0.0
217.0886169116293,0.0
170.66456550232684,0.0
167.2405140930244,0.0
155.2405140930244,0.0
133.81646268372194,0.0
150.2405140930244,0.0
162.66456550232684,0.0
163.66456550232684,0.0
146.2405140930244,0.0
135.81646268372194,0.0
144.2405140930244,0.0
131.81646268372194,0.0
115.39241127441952,0.0
134.81646268372194,0.0
157.2405140930244,0.0
172.66456550232684,0.0
172.66456550232684,0.0
156.2405140930244,0.0
152.2405140930244,0.0
131.81646268372194,0.0
170.81646268372194,0.0
176.2405140930244,0.0
167.66456550232684,0.0
177.66456550232684,0.0
173.66456550232684,0.0
191.66456550232684,0.0
178.2405140930244,0.0
144.81646268372194,0.0
127.39241127441952,0.0
114.96835986511708,0.0
98.54430845581464,0.0
87.1202570465122,0.0
69.69620563720976,0.0
87.1202570465122,0.0
81.1202570465122,0.0
80.1202570465122,0.0
86.54430845581464,0.0
72.1202570465122,0.0
74.1202570465122,0.0
88.54430845581464,0.0
86.54430845581464,0.0
89.54430845581464,0.0
100.96835986511708,0.0
117.39241127441952,0.0
132.81646268372194,0.0
151.2405140930244,0.0
163.66456550232684,0.0
166.66456550232684,0.0
151.2405140930244,0.0
182.66456550232684,0.0
169.66456550232684,0.0
165.66456550232684,0.0
177.0886169116293,0.0
178.0886169116293,0.0
189.5126683209317,0.0
175.0886169116293,0.0
189.5126683209317,0.0
189.5126683209317,0.0
187.5126683209317,0.0
189.5126683209317,0.0
201.93671973023416,0.0
218.36077113953658,0.0
202.93671973023416,0.0
190.5126683209317,0.0
189.5126683209317,0.0
204.93671973023416,0.0
187.5126683209317,0.0
175.0886169116293,0.0
189.5126683209317,0.0
189.5126683209317,0.0
175.0886169116293,0.0
199.0886169116293,0.0
164.66456550232684,0.0
153.2405140930244,0.0
162.66456550232684,0.0
204.66456550232684,0.0
176.66456550232684,0.0
163.66456550232684,0.0
158.66456550232684,0.0
161.66456550232684,0.0
160.66456550232684,0.0
145.2405140930244,0.0
156.2405140930244,0.0
146.2405140930244,0.0
160.66456550232684,0.0
183.2405140930244,0.0
161.66456550232684,0.0
177.0886169116293,0.0
175.0886169116293,0.0
189.5126683209317,0.0
189.5126683209317,0.0
204.93671973023416,0.0
194.5126683209317,0.0
191.5126683209317,0.0
192.5126683209317,0.0
202.5126683209317,0.0
179.0886169116293,0.0
185.0886169116293,0.0
180.0886169116293,0.0
194.5126683209317,0.0
189.5126683209317,0.0
204.93671973023416,0.0
189.5126683209317,0.0
206.93671973023416,0.0
216.36077113953658,0.0
235.78482254883903,0.0
222.36077113953658,0.0
201.93671973023416,0.0
203.93671973023416,0.0
203.93671973023416,0.0
203.93671973023416,0.0
203.93671973023416,0.0
190.5126683209317,0.0
189.5126683209317,0.0
208.93671973023416,0.0
221.36077113953658,0.0
240.78482254883903,0.0
233.78482254883903,0.0
249.20887395814148,0.0
232.78482254883903,0.0
242.78482254883903,0.0
235.78482254883903,0.0
238.78482254883903,0.0
254.20887395814148,0.0
237.78482254883903,0.0
234.78482254883903,0.0
218.36077113953658,0.0
201.93671973023416,0.0
220.36077113953658,0.0
220.36077113953658,0.0
232.78482254883903,0.0
218.36077113953658,0.0
216.36077113953658,0.0
203.93671973023416,0.0
214.93671973023416,0.0
201.5126683209317,0.0
216.93671973023416,0.0
203.5126683209317,0.0
205.5126683209317,0.0
204.5126683209317,0.0
205.93671973023416,0.0
222.36077113953658,0.0
243.78482254883903,0.0
271.78482254883903,0.0
251.78482254883903,0.0
251.20887395814148,0.0
265.6329253674439,0.0
278.05697677674635,0.0
276.05697677674635,0.0
290.4810281860488,0.0
304.9050795953512,0.0
319.3291310046537,0.0
333.7531824139561,0.0
348.1772338232586,0.0
350.1772338232586,0.0
371.601285232561,0.0
370.601285232561,0.0
391.0253366418634,0.0
397.0253366418634,0.0
393.0253366418634,0.0
390.0253366418634,0.0
405.4493880511659,0.0
391.0253366418634,0.0
406.4493880511659,0.0
405.4493880511659,0.0
404.4493880511659,0.0
411.4493880511659,0.0
420.8734394604683,0.0
408.4493880511659,0.0
425.8734394604683,0.0
436.29749086977074,0.0
430.29749086977074,0.0
434.29749086977074,0.0
433.29749086977074,0.0
441.72154227907316,0.0
421.29749086977074,0.0
408.8734394604683,0.0
412.8734394604683,0.0
401.4493880511659,0.0
384.0253366418634,0.0
364.601285232561,0.0
376.601285232561,0.0
366.601285232561,0.0
370.601285232561,0.0
367.601285232561,0.0
387.0253366418634,0.0
363.601285232561,0.0
353.1772338232586,0.0
355.1772338232586,0.0
364.1772338232586,0.0
364.601285232561,0.0
388.601285232561,0.0
437.0253366418634,0.0
461.4493880511659,0.0
448.4493880511659,0.0
464.8734394604683,0.0
477.29749086977074,0.0
472.29749086977074,0.0
454.8734394604683,0.0
470.29749086977074,0.0
488.72154227907316,0.0
499.14559368837564,0.0
519.5696450976781,0.0
535.9936965069805,0.0
552.4177479162829,0.0
570.8417993255854,0.0
603.8417993255854,0.0
568.4177479162829,0.0
513.9936965069805,0.0
508.41774791628296,0.0
520.8417993255854,0.0
521.8417993255854,0.0
505.41774791628296,0.0
493.9936965069805,0.0
481.56964509767806,0.0
476.14559368837564,0.0
514.1455936883756,0.0
494.72154227907316,0.0
486.29749086977074,0.0
491.72154227907316,0.0
502.14559368837564,0.0
495.72154227907316,0.0
487.72154227907316,0.0
472.29749086977074,0.0
472.29749086977074,0.0
457.8734394604683,0.0
434.29749086977074,0.0
423.29749086977074,0.0
451.72154227907316,0.0
452.14559368837564,0.0
476.56964509767806,0.0
483.9936965069805,0.0
468.56964509767806,0.0
450.14559368837564,0.0
464.56964509767806,0.0
458.14559368837564,0.0
440.72154227907316,0.0
435.29749086977074,0.0
445.29749086977074,0.0
451.72154227907316,0.0
465.14559368837564,0.0
467.14559368837564,0.0
456.72154227907316,0.0
429.29749086977074,0.0
439.72154227907316,0.0
441.72154227907316,0.0
438.72154227907316,0.0
450.14559368837564,0.0
438.72154227907316,0.0
420.29749086977074,0.0
422.29749086977074,0.0
422.29749086977074,0.0
428.29749086977074,0.0
426.29749086977074,0.0
416.8734394604683,0.0
425.29749086977074,0.0
425.29749086977074,0.0
434.72154227907316,0.0
453.14559368837564,0.0
436.72154227907316,0.0
424.29749086977074,0.0
431.29749086977074,0.0
424.29749086977074,0.0
458.72154227907316,0.0
426.29749086977074,0.0
451.72154227907316,0.0
501.14559368837564,0.0
493.72154227907316,0.0
507.14559368837564,0.0
488.14559368837564,0.0
488.14559368837564,0.0
502.56964509767806,0.0
517.9936965069805,0.0
512.9936965069805,0.0
512.5696450976781,0.0
511.56964509767806,0.0
515.5696450976781,0.0
527.9936965069805,0.0
501.9936965069805,0.0
465.56964509767806,0.0
455.14559368837564,0.0
464.56964509767806,0.0
464.56964509767806,0.0
471.56964509767806,0.0
483.9936965069805,0.0
503.41774791628296,0.0
543.8417993255854,0.0
548.8417993255854,0.0
589.2658507348877,0.0
584.2658507348877,0.0
556.8417993255854,0.0
571.2658507348877,0.0
572.2658507348877,0.0
553.8417993255854,0.0
571.2658507348877,0.0
570.2658507348877,0.0
556.8417993255854,0.0
567.2658507348877,0.0
521.2658507348877,0.0
535.6899021441903,0.0
536.6899021441903,0.0
523.2658507348877,0.0
524.2658507348877,0.0
504.8417993255854,0.0
510.8417993255854,0.0
506.8417993255854,0.0
511.8417993255854,0.0
509.41774791628296,0.0
500.41774791628296,0.0
501.41774791628296,0.0
512.8417993255854,0.0
533.2658507348877,0.0
515.8417993255854,0.0
502.41774791628296,0.0
534.8417993255854,0.0
556.2658507348877,0.0
505.8417993255854,0.0
491.41774791628296,0.0
504.8417993255854,0.0
492.41774791628296,0.0
495.41774791628296,0.0
494.41774791628296,0.0
508.8417993255854,0.0
524.8417993255854,0.0
516.8417993255854,0.0
519.8417993255854,0.0
501.41774791628296,0.0
518.8417993255854,0.0
517.8417993255854,0.0
533.2658507348877,0.0
540.6899021441903,0.0
540.6899021441903,0.0
523.2658507348877,0.0
528.8417993255854,0.0
511.41774791628296,0.0
540.4177479162829,0.0
541.4177479162829,0.0
559.8417993255854,0.0
582.2658507348877,0.0
576.2658507348877,0.0
557.8417993255854,0.0
564.2658507348877,0.0
584.6899021441903,0.0
571.2658507348877,0.0
572.2658507348877,0.0
582.6899021441903,0.0
535.6899021441903,0.0
539.6899021441903,0.0
535.6899021441903,0.0
548.1139535534927,0.0
562.5380049627951,0.0
582.5380049627951,0.0
578.9620563720975,0.0
562.5380049627951,0.0
550.1139535534927,0.0
595.5380049627951,0.0
550.1139535534927,0.0
535.6899021441903,0.0
566.1139535534927,0.0
550.1139535534927,0.0
566.5380049627951,0.0
576.9620563720975,0.0
595.3861077814,0.0
576.9620563720975,0.0
593.3861077814,0.0
578.9620563720975,0.0
564.5380049627951,0.0
550.1139535534927,0.0
566.5380049627951,0.0
562.5380049627951,0.0
563.5380049627951,0.0
576.9620563720975,0.0
580.5380049627951,0.0
565.1139535534927,0.0
578.5380049627951,0.0
574.5380049627951,0.0
559.1139535534927,0.0
557.1139535534927,0.0
555.6899021441903,0.0
575.1139535534927,0.0
609.5380049627951,0.0
581.5380049627951,0.0
617.1139535534927,0.0
600.6899021441903,0.0
607.6899021441903,0.0
576.2658507348877,0.0
586.2658507348877,0.0
586.2658507348877,0.0
564.8417993255854,0.0
524.2658507348877,0.0
521.2658507348877,0.0
533.6899021441903,0.0
521.2658507348877,0.0
519.2658507348877,0.0
537.6899021441903,0.0
526.2658507348877,0.0
512.8417993255854,0.0
490.41774791628296,0.0
492.41774791628296,0.0
479.9936965069805,0.0
480.9936965069805,0.0
467.56964509767806,0.0
479.9936965069805,0.0
481.9936965069805,0.0
463.56964509767806,0.0
455.14559368837564,0.0
475.56964509767806,0.0
474.56964509767806,0.0
489.9936965069805,0.0
484.56964509767806,0.0
490.9936965069805,0.0
503.41774791628296,0.0
483.9936965069805,0.0
463.56964509767806,0.0
461.56964509767806,0.0
449.14559368837564,0.0
447.14559368837564,0.0
464.56964509767806,0.0
449.14559368837564,0.0
449.14559368837564,0.0
461.72154227907316,0.0
445.72154227907316,0.0
499.14559368837564,0.0
484.72154227907316,0.0
427.29749086977074,0.0
440.29749086977074,0.0
527.7215422790732,0.0
475.14559368837564,0.0
454.14559368837564,0.0
507.56964509767806,0.0
567.9936965069805,0.0
577.4177479162829,0.0
535.4177479162829,0.0
526.8417993255854,0.0
539.8417993255854,0.0
541.2658507348877,0.0
591.6899021441903,0.0
627.2658507348877,0.0
551.2658507348877,0.0
550.6899021441903,0.0
524.2658507348877,0.0
539.6899021441903,0.0
552.1139535534927,0.0
551.1139535534927,0.0
565.6899021441903,0.0
603.2658507348877,0.0
749.6899021441903,1.0
624.6899021441903,1.0
645.6899021441903,1.0
649.2658507348877,1.0
621.2658507348877,1.0
754.8417993255854,1.0
683.4177479162829,1.0
722.9936965069805,1.0
622.5696450976781,1.0
631.5696450976781,1.0
662.9936965069805,1.0
638.5696450976781,1.0
621.1455936883756,1.0
702.5696450976781,1.0
679.1455936883756,1.0
705.5696450976781,1.0
571.5696450976781,1.0
539.1455936883756,1.0
565.5696450976781,1.0
556.5696450976781,1.0
507.14559368837564,1.0
505.56964509767806,1.0
539.9936965069805,1.0
571.4177479162829,1.0
618.4177479162829,1.0
648.8417993255854,1.0
676.2658507348877,1.0
716.2658507348877,1.0
904.6899021441903,1.0
836.1139535534927,1.0
748.5380049627951,1.0
715.1139535534927,1.0
686.6899021441903,1.0
738.6899021441903,1.0
670.2658507348877,1.0
677.6899021441903,1.0
690.2658507348877,1.0
708.8417993255854,1.0
733.4177479162829,1.0
744.4177479162829,1.0
651.4177479162829,1.0
603.4177479162829,1.0
614.8417993255854,1.0
614.2658507348877,1.0
583.8417993255854,1.0
581.8417993255854,1.0
560.4177479162829,1.0
562.9936965069805,1.0
563.5696450976781,1.0
605.5696450976781,1.0
577.9936965069805,1.0
556.5696450976781,1.0
599.1455936883756,1.0
676.5696450976781,1.0
577.1455936883756,1.0
584.5696450976781,1.0
568.9936965069805,1.0
625.5696450976781,1.0
739.5696450976781,1.0
711.5696450976781,1.0
668.5696450976781,1.0
665.9936965069805,1.0
835.9936965069805,1.0
710.9936965069805,1.0
635.5696450976781,1.0
617.9936965069805,1.0
586.9936965069805,1.0
582.4177479162829,1.0
584.4177479162829,1.0
577.8417993255854,1.0
580.4177479162829,1.0
557.9936965069805,1.0
593.5696450976781,1.0
604.1455936883756,1.0
692.1455936883756,1.0
698.1455936883756,1.0
654.1455936883756,1.0
679.1455936883756,1.0
723.7215422790732,1.0
673.1455936883756,1.0
652.1455936883756,1.0
632.7215422790732,1.0
603.7215422790732,1.0
769.1455936883756,1.0
661.7215422790732,1.0
679.1455936883756,1.0
660.7215422790732,1.0
673.2974908697707,1.0
555.2974908697707,1.0
489.29749086977074,1.0
486.29749086977074,1.0
501.29749086977074,1.0
524.8734394604683,1.0
429.29749086977074,1.0
470.29749086977074,1.0
477.72154227907316,1.0
571.1455936883756,1.0
614.5696450976781,1.0
547.5696450976781,1.0
634.1455936883756,1.0
664.5696450976781,1.0
694.9936965069805,1.0
640.5696450976781,1.0
603.5696450976781,1.0
643.1455936883756,1.0
608.7215422790732,1.0
661.1455936883756,1.0
696.5696450976781,1.0
734.9936965069805,1.0
916.9936965069805,1.0
756.5696450976781,1.0
711.5696450976781,1.0
490.14559368837564,1.0
432.72154227907316,0.0
419.29749086977074,0.0
432.72154227907316,0.0
450.14559368837564,0.0
463.56964509767806,0.0
450.14559368837564,0.0
441.72154227907316,0.0
453.14559368837564,0.0
469.56964509767806,0.0
466.56964509767806,0.0
474.56964509767806,0.0
465.56964509767806,0.0
479.56964509767806,0.0
486.9936965069805,0.0
477.9936965069805,0.0
470.56964509767806,0.0
449.14559368837564,0.0
477.56964509767806,0.0
451.14559368837564,0.0
475.56964509767806,0.0
469.56964509767806,0.0
478.9936965069805,0.0
490.41774791628296,0.0
546.4177479162829,0.0
518.8417993255854,0.0
544.2658507348877,0.0
539.6899021441903,0.0
554.1139535534927,0.0
541.6899021441903,0.0
531.2658507348877,0.0
523.8417993255854,0.0
555.8417993255854,0.0
524.4177479162829,0.0
515.9936965069805,0.0
499.56964509767806,0.0
492.14559368837564,0.0
462.72154227907316,0.0
496.72154227907316,0.0
477.72154227907316,0.0
518.1455936883756,0.0
477.14559368837564,0.0
478.72154227907316,0.0
531.1455936883756,0.0
519.1455936883756,0.0
510.56964509767806,0.0
471.56964509767806,0.0
453.14559368837564,0.0
452.14559368837564,0.0
434.72154227907316,0.0
450.14559368837564,0.0
449.14559368837564,0.0
448.14559368837564,0.0
461.14559368837564,0.0
466.14559368837564,0.0
482.56964509767806,0.0
460.14559368837564,0.0
463.14559368837564,0.0
469.14559368837564,0.0
487.56964509767806,0.0
496.56964509767806,0.0
499.56964509767806,0.0
497.56964509767806,0.0
538.9936965069805,0.0
537.9936965069805,0.0
524.4177479162829,0.0
511.9936965069805,0.0
508.41774791628296,0.0
518.8417993255854,0.0
556.8417993255854,0.0
499.41774791628296,0.0
522.8417993255854,0.0
502.41774791628296,0.0
504.8417993255854,0.0
521.2658507348877,0.0
533.6899021441903,0.0
522.2658507348877,0.0
515.8417993255854,0.0
557.2658507348877,0.0
537.8417993255854,0.0
506.8417993255854,0.0
522.2658507348877,0.0
536.6899021441903,0.0
525.2658507348877,0.0
539.6899021441903,0.0
550.6899021441903,0.0
531.2658507348877,0.0
525.2658507348877,0.0
506.8417993255854,0.0
514.4177479162829,0.0
504.8417993255854,0.0
511.41774791628296,0.0
508.8417993255854,0.0
505.8417993255854,0.0
504.8417993255854,0.0
496.41774791628296,0.0
504.8417993255854,0.0
492.41774791628296,0.0
475.9936965069805,0.0
463.56964509767806,0.0
447.14559368837564,0.0
449.14559368837564,0.0
451.14559368837564,0.0
481.56964509767806,0.0
460.14559368837564,0.0
482.56964509767806,0.0
473.14559368837564,0.0
485.14559368837564,0.0
473.56964509767806,0.0
459.14559368837564,0.0
439.72154227907316,0.0
428.29749086977074,0.0
439.29749086977074,0.0
432.29749086977074,0.0
428.29749086977074,0.0
410.8734394604683,0.0
406.4493880511659,0.0
418.8734394604683,0.0
407.8734394604683,0.0
418.29749086977074,0.0
418.29749086977074,0.0
435.72154227907316,0.0
432.72154227907316,0.0
435.72154227907316,0.0
449.14559368837564,0.0
441.72154227907316,0.0
422.29749086977074,0.0
403.8734394604683,0.0
431.29749086977074,1.0
622.7215422790732,1.0
636.7215422790732,1.0
700.1455936883756,1.0
824.1455936883756,1.0
724.5696450976781,1.0
684.1455936883756,1.0
805.1455936883756,1.0
803.7215422790732,1.0
788.1455936883756,1.0
889.5696450976781,1.0
857.1455936883756,1.0
741.1455936883756,1.0
800.1455936883756,1.0
780.7215422790732,1.0
681.7215422790732,1.0
609.2974908697707,1.0
620.8734394604683,1.0
587.4493880511659,1.0
531.4493880511659,1.0
430.0253366418634,1.0
516.6012852325609,1.0
572.0253366418634,1.0
548.0253366418634,1.0
623.6012852325609,1.0
688.0253366418634,1.0
764.4493880511659,1.0
854.8734394604683,1.0
841.4493880511659,1.0
801.8734394604683,1.0
799.8734394604683,1.0
686.4493880511659,1.0
630.8734394604683,1.0
746.4493880511659,1.0
811.8734394604683,1.0
557.8734394604683,1.0
419.8734394604683,0.0
419.4493880511659,0.0
395.0253366418634,0.0
411.4493880511659,0.0
383.0253366418634,0.0
401.4493880511659,0.0
377.0253366418634,0.0
400.4493880511659,0.0
396.4493880511659,0.0
411.8734394604683,0.0
418.29749086977074,0.0
403.8734394604683,0.0
422.29749086977074,0.0
429.29749086977074,0.0
427.29749086977074,0.0
460.72154227907316,0.0
506.14559368837564,0.0
483.56964509767806,0.0
466.56964509767806,0.0
551.9936965069805,0.0
547.4177479162829,0.0
507.9936965069805,0.0
482.9936965069805,0.0
502.41774791628296,0.0
478.9936965069805,0.0
479.9936965069805,0.0
463.56964509767806,0.0
466.56964509767806,0.0
462.56964509767806,0.0
448.14559368837564,0.0
433.72154227907316,0.0
451.14559368837564,0.0
435.72154227907316,0.0
432.72154227907316,0.0
451.14559368837564,0.0
467.56964509767806,0.0
463.56964509767806,0.0
460.14559368837564,0.0
479.56964509767806,0.0
459.14559368837564,0.0
457.14559368837564,0.0
445.72154227907316,0.0
447.72154227907316,0.0
431.29749086977074,0.0
424.8734394604683,0.0
438.29749086977074,0.0
426.8734394604683,0.0
400.4493880511659,0.0
384.0253366418634,0.0
381.0253366418634,0.0
378.0253366418634,0.0
378.0253366418634,0.0
361.601285232561,0.0
377.0253366418634,0.0
378.0253366418634,0.0
364.601285232561,0.0
360.601285232561,0.0
377.0253366418634,0.0
389.4493880511659,0.0
393.4493880511659,0.0
390.4493880511659,0.0
391.4493880511659,0.0
427.4493880511659,0.0
455.4493880511659,0.0
434.4493880511659,0.0
436.0253366418634,0.0
415.601285232561,0.0
410.0253366418634,0.0
390.0253366418634,0.0
413.4493880511659,0.0
425.0253366418634,0.0
391.601285232561,0.0
354.1772338232586,0.0
349.1772338232586,0.0
362.601285232561,0.0
350.1772338232586,0.0
349.1772338232586,0.0
332.7531824139561,0.0
350.1772338232586,0.0
351.1772338232586,0.0
362.601285232561,0.0
354.1772338232586,0.0
349.7531824139561,0.0
322.3291310046537,0.0
328.3291310046537,0.0
330.3291310046537,0.0
344.7531824139561,0.0
345.7531824139561,0.0
339.7531824139561,0.0
369.7531824139561,0.0
370.1772338232586,0.0
343.7531824139561,0.0
326.3291310046537,0.0
320.3291310046537,0.0
347.7531824139561,0.0
369.1772338232586,0.0
331.7531824139561,0.0
326.3291310046537,0.0
331.7531824139561,0.0
335.7531824139561,0.0
317.3291310046537,0.0
334.7531824139561,0.0
331.7531824139561,0.0
319.3291310046537,0.0
331.7531824139561,0.0
321.3291310046537,0.0
317.3291310046537,0.0
320.3291310046537,0.0
304.9050795953512,0.0
328.3291310046537,0.0
341.7531824139561,0.0
331.3291310046537,0.0
334.3291310046537,0.0
334.3291310046537,0.0
308.9050795953512,0.0
327.3291310046537,0.0
341.7531824139561,0.0
343.7531824139561,0.0
358.7531824139561,0.0
349.7531824139561,0.0
336.7531824139561,0.0
358.1772338232586,0.0
371.601285232561,0.0
373.601285232561,0.0
356.1772338232586,0.0
337.7531824139561,0.0
327.3291310046537,0.0
327.3291310046537,0.0
338.7531824139561,0.0
336.7531824139561,0.0
348.1772338232586,0.0
334.7531824139561,0.0
318.3291310046537,0.0
313.9050795953512,0.0
317.3291310046537,0.0
335.7531824139561,0.0
363.1772338232586,0.0
446.601285232561,0.0
467.601285232561,0.0
384.601285232561,0.0
410.601285232561,0.0
438.601285232561,0.0
420.1772338232586,0.0
464.1772338232586,0.0
451.601285232561,0.0
369.601285232561,0.0
362.601285232561,0.0
364.601285232561,0.0
349.1772338232586,0.0
346.1772338232586,0.0
334.7531824139561,0.0
321.3291310046537,0.0
317.3291310046537,0.0
329.3291310046537,0.0
323.3291310046537,0.0
343.7531824139561,0.0
366.1772338232586,0.0
359.1772338232586,0.0
374.601285232561,0.0
388.0253366418634,0.0
387.0253366418634,0.0
383.0253366418634,0.0
385.0253366418634,0.0
386.0253366418634,0.0
397.0253366418634,0.0
395.4493880511659,0.0
383.0253366418634,0.0
366.601285232561,0.0
379.0253366418634,0.0
379.0253366418634,0.0
391.4493880511659,0.0
377.0253366418634,0.0
360.601285232561,0.0
364.601285232561,0.0
360.601285232561,0.0
378.0253366418634,0.0
360.601285232561,0.0
376.0253366418634,0.0
377.0253366418634,0.0
377.0253366418634,0.0
362.601285232561,0.0
377.0253366418634,0.0
397.4493880511659,0.0
401.4493880511659,0.0
405.8734394604683,0.0
391.4493880511659,0.0
392.4493880511659,0.0
405.8734394604683,0.0
407.8734394604683,0.0
405.8734394604683,0.0
418.29749086977074,0.0
437.29749086977074,0.0
407.8734394604683,0.0
406.8734394604683,0.0
420.29749086977074,0.0
419.29749086977074,0.0
418.29749086977074,0.0
420.29749086977074,0.0
418.29749086977074,0.0
433.72154227907316,0.0
418.29749086977074,0.0
422.29749086977074,0.0
436.72154227907316,0.0
435.72154227907316,0.0
432.72154227907316,0.0
435.72154227907316,0.0
425.29749086977074,0.0
444.72154227907316,0.0
423.29749086977074,0.0
414.8734394604683,0.0
396.4493880511659,0.0
394.4493880511659,0.0
396.4493880511659,0.0
398.4493880511659,0.0
380.0253366418634,0.0
397.4493880511659,0.0
389.4493880511659,0.0
376.0253366418634,0.0
375.0253366418634,0.0
392.4493880511659,0.0
389.4493880511659,0.0
376.0253366418634,0.0
362.601285232561,0.0
375.0253366418634,0.0
362.601285232561,0.0
362.601285232561,0.0
363.601285232561,0.0
354.1772338232586,0.0
333.7531824139561,0.0
321.3291310046537,0.0
334.7531824139561,0.0
354.1772338232586,0.0
352.1772338232586,0.0
353.1772338232586,0.0
351.1772338232586,0.0
344.7531824139561,0.0
317.3291310046537,0.0
307.9050795953512,0.0
312.9050795953512,0.0
306.9050795953512,0.0
313.9050795953512,0.0
308.9050795953512,0.0
326.3291310046537,0.0
321.3291310046537,0.0
302.9050795953512,0.0
317.3291310046537,0.0
333.7531824139561,0.0
333.7531824139561,0.0
325.3291310046537,0.0
324.3291310046537,0.0
351.7531824139561,0.0
320.3291310046537,0.0
337.7531824139561,0.0
334.7531824139561,0.0
351.1772338232586,0.0
334.7531824139561,0.0
356.1772338232586,0.0
367.601285232561,0.0
366.601285232561,0.0
388.0253366418634,0.0
385.0253366418634,0.0
363.601285232561,0.0
379.0253366418634,0.0
379.0253366418634,0.0
398.4493880511659,0.0
407.8734394604683,0.0
424.29749086977074,0.0
408.8734394604683,0.0
391.4493880511659,0.0
405.8734394604683,0.0
428.29749086977074,0.0
427.8734394604683,0.0
449.29749086977074,0.0
457.72154227907316,0.0
447.29749086977074,0.0
433.8734394604683,0.0
421.8734394604683,0.0
427.8734394604683,0.0
428.4493880511659,0.0
420.4493880511659,0.0
417.0253366418634,0.0
423.4493880511659,0.0
389.0253366418634,0.0
395.4493880511659,0.0
379.0253366418634,0.0
361.601285232561,0.0
381.0253366418634,0.0
391.0253366418634,0.0
397.4493880511659,0.0
377.0253366418634,0.0
393.4493880511659,0.0
378.0253366418634,0.0
389.4493880511659,0.0
375.0253366418634,0.0
361.601285232561,0.0
378.0253366418634,0.0
377.0253366418634,0.0
376.0253366418634,0.0
363.601285232561,0.0
362.601285232561,0.0
512.0253366418634,1.0
591.6012852325609,1.0
543.0253366418634,1.0
563.4493880511659,1.0
556.0253366418634,1.0
557.0253366418634,1.0
589.4493880511659,1.0
600.0253366418634,1.0
592.0253366418634,1.0
619.4493880511659,1.0
651.8734394604683,1.0
603.2974908697707,1.0
653.2974908697707,1.0
604.2974908697707,1.0
598.7215422790732,1.0
620.2974908697707,1.0
577.2974908697707,1.0
538.8734394604683,1.0
487.8734394604683,1.0
466.8734394604683,1.0
492.8734394604683,1.0
503.29749086977074,1.0
479.29749086977074,1.0
488.29749086977074,1.0
497.29749086977074,1.0
584.8734394604683,1.0
651.4493880511659,1.0
541.4493880511659,1.0
645.8734394604683,1.0
621.8734394604683,1.0
638.8734394604683,1.0
781.8734394604683,1.0
742.8734394604683,1.0
641.2974908697707,1.0
622.2974908697707,1.0
600.7215422790732,1.0
610.2974908697707,1.0
557.7215422790732,1.0
603.2974908697707,1.0
550.2974908697707,1.0
544.2974908697707,1.0
477.8734394604683,1.0
498.29749086977074,1.0
488.8734394604683,1.0
487.8734394604683,1.0
464.4493880511659,1.0
507.8734394604683,1.0
535.2974908697707,1.0
557.2974908697707,1.0
551.8734394604683,1.0
530.2974908697707,1.0
544.2974908697707,1.0
565.7215422790732,1.0
555.7215422790732,1.0
563.7215422790732,1.0
567.2974908697707,1.0
660.8734394604683,1.0
598.4493880511659,1.0
592.0253366418634,1.0
544.4493880511659,1.0
473.0253366418634,1.0
540.4493880511659,1.0
480.4493880511659,1.0
528.8734394604683,1.0
531.2974908697707,1.0
469.29749086977074,1.0
443.8734394604683,1.0
446.29749086977074,1.0
449.29749086977074,1.0
467.72154227907316,1.0
517.1455936883756,1.0
484.72154227907316,1.0
507.29749086977074,1.0
493.72154227907316,1.0
507.72154227907316,1.0
494.29749086977074,1.0
484.29749086977074,1.0
506.8734394604683,1.0
