-295.004141576841,0.0
747.9171698119214,0.0
347.24795871703634,0.0
2168.886627875855,0.0
2211.53087905188,0.0
1181.9597661722219,0.0
1896.5222163613776,0.0
1537.5491330341115,0.0
977.684005587087,0.0
1196.5945933863704,0.0
1584.11730001438,0.0
1681.8521505409224,0.0
703.125729675643,0.0
-559.0042976711626,0.0
1111.5479698571871,0.0
609.3266418796175,0.0
116.37028973464521,0.0
67.28227400970309,0.0
56.565966709753184,0.0
-8.906585454927153,0.0
750.1620156098752,0.0
155.67181913036347,0.0
408.6459366976753,0.0
-558.9783785860898,0.0
1279.6239282496872,0.0
1533.13067314676,0.0
1495.48690350084,0.0
868.295362305155,0.0
1909.4160615059125,0.0
2335.7810745142724,0.0
2778.6919731980024,0.0
2624.6357101016547,0.0
2841.292112979155,0.0
3168.346219009497,0.0
1939.9345214494958,0.0
2933.0187278953667,0.0
2905.608609963907,0.0
3588.5508881901796,0.0
3537.2721451669768,0.0
2762.5043095258648,0.0
1699.9139632142324,0.0
2164.1354196651446,0.0
1998.2742154997825,0.0
1868.2348819732124,0.0
1767.2917409930037,0.0
1127.1974625997705,0.0
2136.3295564032346,0.0
2258.810879318885,0.0
2325.017292778261,0.0
2728.0591359328773,0.0
2419.8622304357887,0.0
1293.9794068141598,0.0
1111.9590959167585,0.0
327.3624169298014,0.0
2046.0633937629898,0.0
2795.963627555807,0.0
1027.3539985375673,0.0
626.7303634291527,0.0
1892.631369615435,0.0
1481.491417806778,0.0
2631.352375296174,0.0
1389.1596768700658,0.0
1674.0625836310041,0.0
729.3259412529037,0.0
861.541690982392,0.0
1816.2100962332206,0.0
1366.9324367868423,0.0
2889.9856626896553,0.0
2775.857419992105,0.0
3141.500158083033,0.0
2287.039028789285,0.0
2246.3519828118838,0.0
2852.196697389949,0.0
1520.948715577562,0.0
1347.118426899782,0.0
2638.316573116596,0.0
1711.050529004392,0.0
1355.8684168189025,0.0
827.1199973526519,0.0
-51.18570433221521,0.0
-31.78397688905534,0.0
754.4454592268397,0.0
1968.8012620714926,0.0
1256.8888495813421,0.0
1741.1081161600905,0.0
2212.759428384454,0.0
2039.0848435403104,0.0
861.0950693347189,0.0
669.4795080235908,0.0
1235.072087270914,0.0
338.1212922426637,0.0
1803.19924549332,0.0
1843.8871696658418,0.0
2252.959922151219,0.0
2749.8042745031275,0.0
2328.6435102903083,0.0
2085.6650877965203,0.0
1939.5326046129094,0.0
1707.5134214614777,0.0
2715.5693061421493,0.0
2166.6732790208207,0.0
2572.0100891931606,0.0
1638.151421006577,0.0
1677.8134184725548,0.0
1376.4590953257887,0.0
2067.879617066302,0.0
2215.837833545195,0.0
1835.2077404262125,0.0
1671.3450269514124,0.0
1820.61488688354,0.0
229.50708799087863,0.0
962.3684505178728,0.0
1957.40472980984,0.0
474.2062976146276,0.0
1330.63957723686,0.0
755.4060964540477,0.0
864.9899681509276,0.0
1519.57227716311,0.0
2523.2104533573124,0.0
1701.69798079064,0.0
1041.4473912685178,0.0
1988.1346552407374,0.0
728.8277489786956,0.0
1358.098727909828,0.0
877.6002540075553,0.0
1308.7733883405153,0.0
402.795084602983,0.0
-112.45248842319961,0.0
167.15643163322306,0.0
-203.17143428033978,0.0
561.2996599462931,0.0
823.6896932671152,0.0
1368.8252557903352,0.0
947.4299259154577,0.0
2384.86022270742,0.0
2053.0643361906823,0.0
3197.1338812935046,0.0
3069.428399434475,0.0
2423.4100992045223,0.0
2118.61681261467,0.0
629.5949898405077,0.0
2079.7607216795377,0.0
108.82054582415503,0.0
78.52206395449275,0.0
-847.3272768247296,0.0
-160.69340056475676,0.0
1711.9455777428252,0.0
93.9912388674029,0.0
-1158.4787543254097,0.0
-1957.045425715132,0.0
-455.2886033506395,0.0
-750.2738260107096,0.0
-402.456644884737,0.0
-1333.0294647649655,0.0
-2239.421207796428,0.0
-1553.4525230934955,0.0
-68.42825855937713,0.0
-925.3236808621169,0.0
-1369.6879409197509,0.0
118.13222562150304,0.0
-653.3769355547668,0.0
-485.46628769440485,0.0
626.5818114170875,0.0
1033.1954975751598,0.0
-326.8539674328474,0.0
398.12669815057575,0.0
-854.2329707189098,0.0
-1482.9478995773206,0.0
-930.8091128001947,0.0
-822.2504533003457,0.0
-432.9255404225569,0.0
-2109.8282840554384,0.0
-1991.6461190928776,0.0
-2858.931846063636,0.0
-3025.527948304703,0.0
-3483.878145524544,0.0
-2559.611763500692,0.0
-1970.5065697163632,0.0
-2500.201925849416,0.0
-2997.7490027250296,0.0
-4750.628394807733,0.0
-3133.1383702702196,0.0
-2943.728569597447,0.0
-3193.424193237516,0.0
-2233.611645121863,0.0
-2552.1372423641064,0.0
-1194.5102379442249,0.0
-2249.067497014266,0.0
-2064.201301798068,0.0
-1711.1923351439177,0.0
-1881.337243271912,0.0
-1565.148900231299,0.0
-2631.6469465679534,0.0
-1833.6155596559695,0.0
-2199.795187173677,0.0
-1504.3285879541318,0.0
315.3756666107347,0.0
-1366.9691707240909,0.0
-50.402467467217434,0.0
-362.0780278757264,0.0
654.426661147462,0.0
1345.67092596929,0.0
811.5761751754678,0.0
533.490729371347,0.0
239.8176774461934,0.0
2625.2387643664224,0.0
1831.1446593971223,0.0
1858.3755626617324,0.0
2243.627738855145,0.0
2584.8497508181545,0.0
2350.2458595252747,0.0
2721.598271183175,0.0
2979.8370551924772,0.0
2602.546104389782,0.0
3261.879557527195,0.0
3041.7656566818423,0.0
1684.9394840743803,0.0
1315.0046582070402,0.0
2872.5878669645526,0.0
2059.06769595867,0.0
1324.70175131987,0.0
2234.4953999512,0.0
2565.789390105172,0.0
2773.889074054252,0.0
1883.7286569904504,0.0
2805.864835207528,0.0
2400.6948284781,0.0
2405.119042454793,0.0
3322.072518270902,0.0
3962.687705811995,0.0
3966.315923323107,0.0
2523.991122706295,0.0
3073.843039169702,0.0
3683.2463174503528,0.0
3402.1479542265324,0.0
3964.1286554169546,0.0
4293.250039697755,0.0
4023.327112252687,0.0
5687.0889030138,0.0
5154.150053313069,0.0
5489.17276797693,0.0
5633.702624202459,0.0
5789.669575994352,0.0
5800.653115668014,0.0
7319.1925405511465,0.0
6329.699889908669,0.0
6430.5878551380465,0.0
7093.001524482239,0.0
7091.983526698979,0.0
8178.112719401431,0.0
7137.743494071348,0.0
6649.527544328256,0.0
5798.362467334114,0.0
5651.250629152444,0.0
5477.282263342902,0.0
5627.221312567042,0.0
3850.872440642322,0.0
4647.742051298219,0.0
5042.979630449922,0.0
5147.2073488639235,0.0
5733.685154209614,0.0
4449.266630480132,0.0
4422.750009407592,0.0
4331.2975345004,0.0
4105.405584318417,0.0
3894.5835719282395,0.0
4048.645146787152,0.0
3604.315821517198,0.0
3942.808783605182,0.0
4140.579984636444,0.0
4960.455718624116,0.0
5205.735183767866,0.0
5103.0044389957475,0.0
6159.540985530746,0.0
5462.427076827011,0.0
5309.436296422747,0.0
3046.448423967234,0.0
4452.522717501904,0.0
3415.2850779637415,0.0
4447.028850637154,0.0
4719.7592428228145,0.0
4296.776297505891,0.0
4535.337441033083,0.0
3534.545765796219,0.0
3570.680862913098,0.0
2787.9424936183727,0.0
2372.3994170933565,0.0
3704.393789227135,0.0
4019.285662011585,0.0
4860.051502048234,0.0
4196.445381511734,0.0
5141.004094297307,0.0
5658.257874386512,0.0
5440.5565582407,0.0
7572.652473444526,0.0
6250.602334124708,0.0
6590.960255809471,0.0
6723.496616160504,0.0
5722.226233618341,0.0
6212.983922262567,0.0
7407.643203486075,0.0
7095.741675619263,0.0
9173.22665711676,0.0
8106.257942055023,0.0
9718.970459162672,0.0
9723.056492293914,0.0
9110.888659394413,0.0
8858.44777089495,0.0
8736.613374170376,0.0
10030.772192510965,0.0
9898.542825674373,0.0
10093.739928921146,0.0
9351.771822687602,0.0
9343.327684240054,0.0
9730.786551763953,0.0
9788.735897491551,0.0
9131.61285294923,0.0
9396.001921621402,0.0
8921.09906941052,0.0
9306.625024421068,0.0
10348.95274968291,0.0
9962.878365638187,0.0
9719.393358534608,0.0
8510.997300302279,0.0
9722.917948425827,0.0
9225.379544115625,0.0
8348.239018206865,0.0
8672.924589555354,0.0
7681.492329040382,0.0
9053.330033822354,0.0
9195.217608595536,0.0
8656.598083550387,0.0
8726.009362949464,0.0
9046.319037426732,0.0
8838.928890747704,0.0
8830.676963510132,0.0
8407.4563326176,0.0
8550.228591425112,0.0
8969.824227642324,0.0
9470.823758926146,0.0
10099.378175272135,0.0
8681.811851286604,0.0
9319.839709107793,0.0
8501.88084637163,0.0
7549.819601109291,0.0
8518.088561370965,0.0
10187.959210312145,0.0
9638.749677944295,0.0
10095.775295553745,0.0
10591.251511236467,0.0
9798.381878346594,0.0
8816.865858871912,0.0
8071.249720010139,0.0
7189.035390160277,0.0
7430.094146166444,0.0
6343.537743372852,0.0
4874.348273289119,0.0
5869.4819053095225,0.0
4960.406412061252,0.0
5725.693292637032,0.0
5069.684593719244,0.0
6316.543057396002,0.0
5308.023315726152,0.0
5897.683892489434,0.0
5948.968272448814,0.0
6249.569178646474,0.0
6768.487956893367,0.0
7201.866257908539,0.0
7139.421153050552,0.0
7245.159643453084,0.0
8200.269940727996,0.0
8444.450087660116,0.0
7275.880199195784,0.0
8127.549233622106,0.0
7525.956988408126,0.0
8012.257134893895,0.0
8572.237700079299,0.0
8372.988077625478,0.0
8863.094247796931,0.0
9165.025597780608,0.0
9188.129852610782,0.0
9300.37443336505,0.0
8269.632130846352,0.0
8744.338266415501,0.0
9739.593573316573,0.0
9679.821857866667,0.0
8083.160603911081,0.0
8678.000319918961,0.0
7568.46654643514,0.0
8635.192265601841,0.0
9080.82668313786,0.0
8163.536469661218,0.0
8947.56285166987,0.0
8566.576965995411,0.0
7804.353177437248,0.0
7419.342725497261,0.0
8078.351711568276,0.0
6787.005787090244,0.0
7006.242080076307,0.0
7792.770237104846,0.0
7924.593354723846,0.0
8355.508058008567,0.0
7194.183242046017,0.0
7341.238311985766,0.0
7378.419629437016,0.0
6888.1443524068445,0.0
6950.098831203334,0.0
7045.690971684944,0.0
8509.910878074626,0.0
6986.075376461225,0.0
7770.032779252886,0.0
8908.750215037267,0.0
9213.413294289048,0.0
8944.386502584832,0.0
9153.61828593233,0.0
10297.428042839792,0.0
10057.612561691432,0.0
9534.530119879071,0.0
9055.887601596041,0.0
10654.98978523757,0.0
10049.511643855487,0.0
9107.482032650658,0.0
9507.723087329527,0.0
9345.556725150951,0.0
10554.70074482026,0.0
11707.405320922893,0.0
9667.548375840192,0.0
10728.510257428343,0.0
11441.654925065957,0.0
12066.916834088548,0.0
10931.913828625668,0.0
11663.647357904472,0.0
10759.142041684903,0.0
11554.054897485752,0.0
11918.107320109633,0.0
11600.797920094063,0.0
11621.310611580582,0.0
11235.4287476449,0.0
11551.059021179693,0.0
12783.984716770177,0.0
12870.48497217599,0.0
13969.932065455829,0.0
13705.36380319233,0.0
13589.689998792419,0.0
13302.024964089858,0.0
11775.413797120078,0.0
12579.171814960398,0.0
13604.646377341589,0.0
13363.184315392758,0.0
12121.454231520307,0.0
13141.576852190236,0.0
11814.052718717323,0.0
12290.305240480648,0.0
11883.705734272466,0.0
12470.833042787679,0.0
12604.152613183596,0.0
12787.890994879466,0.0
10931.968878535674,0.0
11415.349192546773,0.0
11546.22347000083,0.0
11583.635876515542,0.0
12225.81653785432,0.0
11726.216566587691,0.0
11353.056599138781,0.0
11569.056420064373,0.0
12198.522234196786,0.0
12219.666995819807,0.0
12790.858029713607,0.0
13128.49405094219,0.0
13427.17190662769,0.0
13003.124306277563,0.0
13102.879878178304,0.0
13752.020422215326,0.0
14503.006301086589,0.0
15426.84088628027,0.0
14629.034712207402,0.0
15925.324325960244,0.0
16349.930366399534,0.0
16737.190269790077,0.0
16639.49397319288,0.0
16409.37129289714,0.0
16523.230291207972,0.0
16758.426593891283,0.0
16768.05371394092,0.0
18010.507389056853,0.0
18560.6647663381,0.0
16684.164973931423,0.0
16772.971301773014,0.0
16276.892827813563,0.0
17428.167436989443,0.0
16614.801005726622,0.0
18764.600749530826,0.0
16643.62360630519,0.0
17658.189892799684,0.0
19977.24032160957,0.0
17592.209490266458,0.0
18259.43696266439,0.0
17569.86048197973,0.0
18828.575822907012,0.0
17678.630515570378,0.0
17578.160377158827,0.0
17408.849226742816,0.0
16434.780421059942,0.0
16466.572649987433,0.0
16400.215035123918,0.0
16720.258009592708,0.0
15328.32950972303,0.0
15908.221516100319,0.0
16630.16609095108,0.0
16148.488981413442,0.0
14957.668318735325,0.0
15217.221296894766,0.0
15262.913093945006,0.0
15815.453625898146,0.0
16229.720530264569,0.0
16606.47232352757,0.0
16929.565028576613,0.0
17953.071155150403,0.0
17676.637971710963,0.0
19070.335021456605,0.0
18790.45883099591,0.0
19370.50641393429,0.0
18328.748003470035,0.0
19505.968830023958,0.0
20035.384978431302,0.0
19901.087503975832,0.0
21295.243780987996,0.0
22585.552250462668,0.0
22998.55537065727,0.0
23392.019503007632,0.0
22837.650809696952,0.0
23497.02237073119,0.0
22494.697179163166,0.0
22886.23498390404,0.0
24538.24267534288,0.0
23457.459966606682,0.0
23486.81508846744,0.0
23467.851637882537,0.0
22648.374730915508,0.0
21715.09986228877,0.0
21725.44069133678,0.0
21594.35524044726,0.0
21163.44140199198,0.0
21540.969245897053,0.0
22777.49993732638,0.0
21591.832288668742,0.0
21325.655994929402,0.0
21391.9343343892,0.0
20104.01809710433,0.0
20813.007818497914,0.0
21446.72965500992,0.0
21114.4337501299,0.0
21258.544831762425,0.0
22174.19692529493,0.0
23672.967737422856,0.0
23128.21301357419,0.0
21790.976942376325,0.0
22725.040129597583,0.0
22636.978968782038,0.0
22044.70103958707,0.0
21113.585188382545,0.0
21090.597760199787,0.0
21401.06049622922,0.0
21302.701204372832,0.0
21810.965287693252,0.0
22580.6326601034,0.0
21317.469435116163,0.0
20739.58572020953,0.0
21019.03631490698,0.0
21690.38065487522,0.0
20713.611428949593,0.0
22095.787884898782,0.0
21441.421169612262,0.0
20193.646434516508,0.0
20753.08603163452,0.0
20744.733907499918,0.0
20471.0307888956,0.0
21091.41780053098,0.0
18533.070001060994,0.0
19402.70509403668,0.0
19223.77424710074,0.0
20453.1891974579,0.0
21622.13445084507,0.0
21028.684548927704,0.0
19819.503754957328,0.0
19935.25996844837,0.0
19372.8039778163,0.0
20163.459017272024,0.0
19489.93924196278,0.0
19443.407360484875,0.0
20171.81708512669,0.0
19627.888618194873,0.0
20873.16205477498,0.0
19654.1406543669,0.0
19089.94806600626,0.0
20997.849670135867,0.0
20761.259188936347,0.0
20910.541311808538,0.0
20963.041979218946,0.0
20136.356250160516,0.0
20319.565177730878,0.0
21754.65698787811,0.0
21275.978234532096,0.0
20714.085425906826,0.0
19823.94535335606,0.0
19911.029927365496,0.0
19747.662766536807,0.0
20374.814950919386,0.0
22028.13079974445,0.0
21759.88768171992,0.0
22325.094569547393,0.0
22440.196716977352,0.0
22697.116147262626,0.0
22252.97212165468,0.0
23697.218756554703,0.0
22821.801751763007,0.0
22938.106781423478,0.0
21716.31139525355,0.0
23086.289664255728,0.0
23153.939906448988,0.0
22657.24412056379,0.0
22557.68718569552,0.0
24352.157385907318,0.0
24984.501398155786,0.0
24549.356102231297,0.0
23208.336442113377,0.0
24166.754665900837,0.0
23227.94169689495,0.0
23280.675004763092,0.0
24178.845044157642,0.0
23022.350709914863,0.0
22893.58023711349,0.0
22877.68535337167,0.0
23328.53927897355,0.0
23214.943009462222,0.0
24284.781711073578,0.0
24491.16137961054,0.0
23892.84166003977,0.0
23847.912513549432,0.0
25230.631936850485,0.0
23307.838219768462,0.0
23827.92558432061,0.0
24972.379010904482,0.0
23820.36848203289,0.0
24187.92115093613,0.0
23503.6492594263,0.0
25302.07928190596,0.0
24061.28026798946,0.0
24848.608074846772,0.0
24930.25038241331,0.0
24563.32531989455,0.0
24741.13888931425,0.0
26052.556355648754,0.0
25078.514040072427,0.0
26477.56952069686,0.0
24962.06744046705,0.0
25829.721301628946,0.0
25521.19277427444,0.0
24196.78511890252,0.0
25058.42688558735,0.0
24874.497202961247,0.0
25739.238067079732,0.0
25413.42558945701,0.0
25333.497534503775,0.0
24361.430506265402,0.0
25593.739442652877,0.0
25635.705986719207,0.0
26010.411447291146,0.0
25672.603172031668,0.0
27209.835493707338,0.0
25550.745100123037,0.0
26623.385738519297,0.0
25745.284607836416,0.0
25802.41773964058,0.0
27279.780223285143,0.0
26249.75412708428,0.0
26927.575514663837,0.0
26449.4538043374,0.0
26268.54132591194,0.0
26176.691329025092,0.0
26537.57895342322,0.0
24803.291140884598,0.0
25970.99377396114,0.0
25858.53653775633,0.0
25763.162197265003,0.0
26555.784830097346,0.0
26932.881379917584,0.0
27070.474546806647,0.0
27845.678076310436,0.0
25959.340459318086,0.0
26271.869396464852,0.0
25154.1094072796,0.0
24739.15282731697,0.0
25255.768007050352,0.0
25777.78714917556,0.0
26128.634815329548,0.0
24263.33906097618,0.0
25099.823490444338,0.0
25648.6637442871,0.0
25140.407648888962,0.0
24340.41703962829,0.0
25590.45952690435,0.0
24001.143718623018,0.0
24571.15675550923,0.0
24575.545989240873,0.0
24448.7427226559,0.0
23783.37897614974,0.0
23738.649913137688,0.0
24590.100908094577,0.0
24214.543732191047,0.0
24129.174984789217,0.0
24007.348123510288,0.0
22719.76128620377,0.0
22827.355393768226,0.0
23282.16841072064,0.0
22871.35041973075,0.0
23350.738515620687,0.0
24338.0509668018,0.0
24208.543787650327,0.0
24156.286666053616,0.0
23352.435602685102,0.0
22234.43434987388,0.0
23507.08986692837,0.0
22130.480286432707,0.0
21765.618221286077,0.0
21775.503250063928,0.0
21647.57738424181,0.0
22869.525011349717,0.0
22210.592242123406,0.0
21316.35342186936,0.0
21898.574397139175,0.0
22668.839977869826,0.0
22357.357652508468,0.0
21919.587647111017,0.0
23249.00683068439,0.0
23480.68280615702,0.0
23669.20596072406,0.0
22655.267532126956,0.0
23415.247447165646,0.0
22604.72785284224,0.0
21374.86201174057,0.0
22463.146309078686,0.0
23245.03782345739,0.0
23044.55588590203,0.0
21766.07336344842,0.0
21663.999183072752,0.0
23449.49925729723,0.0
22073.35490572201,0.0
22838.98259750461,0.0
22893.14959793315,0.0
21969.946186234483,0.0
22887.861308690182,0.0
22750.89903073184,0.0
24290.442671405057,0.0
23961.517919808728,0.0
24212.09197681654,0.0
26203.89213557169,0.0
26314.94714532286,0.0
26255.47623593703,0.0
26132.985906061265,0.0
27031.98303033122,0.0
26788.853129033036,0.0
25886.286032420874,0.0
27012.94064715834,0.0
26595.666303486338,0.0
27885.538335989317,0.0
27935.41708923509,0.0
28230.285670192832,0.0
27099.927211268878,0.0
25911.267117950716,0.0
26819.15213779937,0.0
26150.061905933388,0.0
27361.490981749008,0.0
26992.514688503506,0.0
26236.466211981635,0.0
25183.19018916854,0.0
25562.60874674475,0.0
24487.914849357247,0.0
23613.054809343914,0.0
24277.591211180028,0.0
23870.540247466128,0.0
24158.294167991007,0.0
22567.76535600438,0.0
23653.352026467048,0.0
23257.467977585162,0.0
22675.383335086757,0.0
23433.551851663346,0.0
22548.56950061488,0.0
23413.633305416937,0.0
22632.011697519578,0.0
22328.88098488147,0.0
23522.057067266178,0.0
23425.307384077587,0.0
24228.22637459501,0.0
23651.877394052208,0.0
23753.71348085886,0.0
24736.10159565932,0.0
24083.334359379245,0.0
23920.71573987601,0.0
26231.26926933161,0.0
25648.430368477293,0.0
24671.54461840879,0.0
25410.58404726401,0.0
24875.00027086707,0.0
23981.499432149267,0.0
24704.19450464755,0.0
23982.123416907638,0.0
24067.90724796455,0.0
23344.42198481374,0.0
22137.71757813168,0.0
23116.67829300553,0.0
23279.51408024345,0.0
23802.77794751989,0.0
22871.579392658605,0.0
23359.02050044205,0.0
24427.329815038553,0.0
23302.91097019532,0.0
21547.005660187257,0.0
21023.422253137476,0.0
22082.639443000997,0.0
22353.69467386714,0.0
22368.852893262338,0.0
21521.55529320596,0.0
22024.255528244397,0.0
21556.43430759119,0.0
22161.90903895355,0.0
22089.270647066347,0.0
23325.317448283575,0.0
21578.466845958446,0.0
22315.514162503525,0.0
22131.274134944997,0.0
23894.893566490948,0.0
23591.050647988297,0.0
22911.58830420609,0.0
22798.788844501345,0.0
23906.70412132636,0.0
24506.44340573653,0.0
24225.78882386813,0.0
23666.53596891917,0.0
24346.87708307431,0.0
25310.69669576241,0.0
22876.42766874447,0.0
24868.754739059415,0.0
22799.64847401193,0.0
22796.1238883476,0.0
23179.054128932352,0.0
23639.76602026118,0.0
23422.673349609453,0.0
21857.329135306252,0.0
23614.34891302645,0.0
23741.47820664073,0.0
23356.79543592084,0.0
22618.842438354084,0.0
22610.32859927063,0.0
23100.601106111764,0.0
23431.7820206647,0.0
23016.523762566852,0.0
22421.267938471967,0.0
22743.08610384785,0.0
22835.15518745434,0.0
23413.77244267051,0.0
23546.86048777671,0.0
22163.799201331487,0.0
22993.04016971933,0.0
23342.89136672401,0.0
24427.808245826323,0.0
24309.04772306589,0.0
24094.921438222886,0.0
25031.308171094155,0.0
24301.852560889412,0.0
25772.803329205766,0.0
25641.569345171247,0.0
24601.211844202007,0.0
24672.533919934427,0.0
24055.82289046343,0.0
23798.627040336483,0.0
24326.469883869562,0.0
25210.201021439745,0.0
25447.49294484552,0.0
25073.463835400897,0.0
24186.479700418877,0.0
24892.923898641464,0.0
23939.411383032362,0.0
23435.952288742854,0.0
23254.3296917902,0.0
24065.583184232462,0.0
23260.867710449482,0.0
25004.939187570126,0.0
23162.940941128778,0.0
23071.885964315625,0.0
23539.90268105904,0.0
23787.717997625878,0.0
24515.237463083988,0.0
30780.139361773236,1.0
24008.144332249845,0.0
23606.784119023447,0.0
23651.491349792606,0.0
24607.37951820572,0.0
22379.705539296847,0.0
22493.36158847834,0.0
22495.450049172676,0.0
22695.75625629337,0.0
23223.637597821325,0.0
22491.412475988705,0.0
23841.61041959706,0.0
23533.44556804969,0.0
24288.78202890336,0.0
24594.16774002038,0.0
25335.369334002906,0.0
25055.15256034366,0.0
26071.5551861642,0.0
25199.53510665997,0.0
24116.312176165266,0.0
24301.362604900984,0.0
25054.059750715423,0.0
23303.38827001443,0.0
22937.96787689138,0.0
22789.400807822047,0.0
21903.94819384003,0.0
22255.03483421041,0.0
21676.768488252383,0.0
22445.697907034162,0.0
22072.28562448683,0.0
21375.974764564722,0.0
21582.546056836312,0.0
21525.27616082883,0.0
21517.13304394407,0.0
22510.015357236687,0.0
23091.23054588675,0.0
22289.41983758423,0.0
22565.23631074792,0.0
22104.489482806843,0.0
22202.819880197123,0.0
21191.74868092301,0.0
22795.4330980757,0.0
23524.754979956542,0.0
22581.50643818309,0.0
22540.060759341566,0.0
22529.32771041988,0.0
22336.799000039242,0.0
22848.663786413872,0.0
23841.594898237207,0.0
24019.126073937816,0.0
23802.848913637496,0.0
23328.934628213046,0.0
24821.951098198246,0.0
25169.05108290026,0.0
26256.96321085355,0.0
24462.82735742668,0.0
25581.11369200545,0.0
26579.34800035692,0.0
26036.94955772117,0.0
25868.502043891727,0.0
26367.45859848483,0.0
25719.35212394831,0.0
26509.3890905629,0.0
27534.30198209706,0.0
27906.17522856885,0.0
26994.860582816596,0.0
25648.41804556789,0.0
26973.240973425487,0.0
26845.678794173873,0.0
25705.04317615415,0.0
28596.559009018067,0.0
27431.470460041437,0.0
27072.690551366988,0.0
28937.92350324875,0.0
27221.22620965341,0.0
28099.8044133167,0.0
27607.195475294608,0.0
27452.06823995968,0.0
27110.37440395154,0.0
26803.96606588746,0.0
26370.74221283938,0.0
25835.725064315102,0.0
26813.64531335372,0.0
27452.478748562324,0.0
26937.96450939669,0.0
28217.341956807024,0.0
26689.21326380298,0.0
26292.27432864783,0.0
25511.790497580856,0.0
24643.792032671743,0.0
25199.40651021126,0.0
25019.57439960899,0.0
25375.044432496135,0.0
24306.58279119087,0.0
25188.710234435435,0.0
24963.01677415246,0.0
24851.91620109603,0.0
24794.267161760446,0.0
24075.104842242632,0.0
24011.766134761823,0.0
23635.696339602688,0.0
23117.00343947039,0.0
22834.14115017885,0.0
22486.03603572096,0.0
22068.433274779498,0.0
20916.706398529284,0.0
21780.656009715505,0.0
22584.697179821145,0.0
23059.91786164322,0.0
22029.68676618964,0.0
23037.524681755902,0.0
22894.914870480694,0.0
21988.569647098444,0.0
23670.13099893006,0.0
21727.317104648933,0.0
21416.733264743918,0.0
21868.290807242265,0.0
21629.251903181437,0.0
22289.556889262654,0.0
21557.5601938063,0.0
22150.68693603659,0.0
22968.56495628706,0.0
23234.213704226415,0.0
22429.389096087813,0.0
22035.46266770178,0.0
21553.582833584034,0.0
23596.22855972336,0.0
22999.916515801586,0.0
22947.33961068419,0.0
22938.89237986569,0.0
22919.56865880402,0.0
22126.963373640225,0.0
21383.828555242802,0.0
20943.31724364592,0.0
21237.976758216646,0.0
19699.88403167601,0.0
20603.900063427824,0.0
19555.994760791713,0.0
19088.30149706898,0.0
19498.894466724305,0.0
19807.99916123396,0.0
19821.785083473518,0.0
20230.37070316871,0.0
20516.795791040124,0.0
21667.622893344796,0.0
21543.367286257482,0.0
21371.853588123566,0.0
21669.412409260836,0.0
21085.001779600072,0.0
21118.625911096584,0.0
20657.168411062772,0.0
22669.376079374124,0.0
22251.862766016944,0.0
22268.898561718648,0.0
21505.273613737732,0.0
21191.523484497364,0.0
21682.72579381761,0.0
21155.630810953353,0.0
21895.924945815223,0.0
20828.976797999094,0.0
23123.237555090713,0.0
22443.524462085064,0.0
22589.207724080366,0.0
23944.76283745787,0.0
22583.019655474196,0.0
24356.385828324517,0.0
23427.053705756247,0.0
22581.47089193461,0.0
24996.639927592965,0.0
25524.89618986571,0.0
25244.797900814996,0.0
25009.352653462716,0.0
25435.885883513416,0.0
26815.91747689117,0.0
25559.74514292909,0.0
26106.096327193387,0.0
27191.785964166527,0.0
27008.866394768476,0.0
26246.16507022327,0.0
26056.40860205082,0.0
26272.490698473746,0.0
27005.90350842161,0.0
25179.0725033486,0.0
24324.584737800633,0.0
24786.42464639621,0.0
25387.663175537295,0.0
25095.999115920873,0.0
26059.23113179076,0.0
26178.091559626315,0.0
26424.603585236415,0.0
25764.83638204751,0.0
26211.718773846056,0.0
25312.73415265427,0.0
26190.174159196522,0.0
24790.91822468127,0.0
25268.810674581844,0.0
24421.77073128023,0.0
24589.993573501175,0.0
24588.61305891029,0.0
23467.203570335747,0.0
23004.966460814972,0.0
22325.67320040865,0.0
21317.278141386792,0.0
23073.77943659202,0.0
22701.004042719644,0.0
21186.96466310831,0.0
22230.739340658714,0.0
22089.670533863522,0.0
20790.110042082706,0.0
21975.60706685481,0.0
21626.188261741714,0.0
22320.102036429453,0.0
22349.245951711484,0.0
21599.19954971077,0.0
21478.615712930503,0.0
21901.451455226153,0.0
22127.043519672323,0.0
21811.947032547272,0.0
21480.743757374592,0.0
20668.96477835919,0.0
21265.73620736743,0.0
20263.24898378639,0.0
21764.41583547485,0.0
20435.777702739113,0.0
19971.7548207078,0.0
19528.839383449154,0.0
18737.141709230655,0.0
19999.546881692768,0.0
19230.787901600917,0.0
19059.228757804314,0.0
18541.507420400914,0.0
19941.986565325315,0.0
18713.231256277097,0.0
19759.10775025618,0.0
18095.692739793907,0.0
18387.299367952593,0.0
17902.24658575746,0.0
18885.357855344653,0.0
17685.886204165312,0.0
18302.575552315466,0.0
18064.92510612872,0.0
18843.710882289095,0.0
19337.28215006423,0.0
18798.807650828567,0.0
18641.685156760603,0.0
18979.458297077363,0.0
18036.819734745983,0.0
19307.165392144172,0.0
19780.501873730143,0.0
18458.325369858423,0.0
19168.520524436633,0.0
19593.098135688015,0.0
19043.357989510092,0.0
18350.849964418052,0.0
19235.157817952142,0.0
19891.243985410292,0.0
18744.20696533162,0.0
18759.087742445383,0.0
19112.119217184332,0.0
19637.54611200431,0.0
18795.60851158676,0.0
18763.417627476512,0.0
18942.323521616483,0.0
20239.331994779193,0.0
19645.94302258615,0.0
19783.37701401397,0.0
19589.857324054603,0.0
19073.65934458962,0.0
20485.54768751703,0.0
20767.30190426512,0.0
20712.337932263414,0.0
19340.491927790616,0.0
20354.227051184593,0.0
21414.234721702815,0.0
21491.893833696406,0.0
21743.866462990416,0.0
22184.84103490485,0.0
21719.950289968347,0.0
21160.368211984794,0.0
21137.691101887052,0.0
21687.095857209843,0.0
22046.849366655922,0.0
22219.383584728603,0.0
22068.731828206935,0.0
22109.672991268544,0.0
20703.150047310333,0.0
20574.84357987641,0.0
22281.670386339003,0.0
21808.07481895267,0.0
22246.216256538024,0.0
22685.9097541125,0.0
23343.384274331707,0.0
23985.978852770808,0.0
23166.67766762899,0.0
22833.359303892386,0.0
23378.874658652538,0.0
21987.689036268566,0.0
23446.15039584803,0.0
22670.824048445298,0.0
22349.158968842916,0.0
23389.413143291367,0.0
21332.961998503666,0.0
22004.969046721213,0.0
21548.095044533802,0.0
20711.640946849162,0.0
20080.22322255004,0.0
20500.103255084952,0.0
19997.233130466204,0.0
22169.408170846793,0.0
20846.968693420597,0.0
20657.234153303176,0.0
22497.458873924807,0.0
23088.335576906993,0.0
22482.81996572954,0.0
22401.7707984331,0.0
22773.377146474322,0.0
23020.30975219314,0.0
21505.17567736512,0.0
23383.878907297265,0.0
22210.5571885909,0.0
21313.615834759028,0.0
22573.669226989165,0.0
22343.38402735405,0.0
22997.206605257332,0.0
21608.74512479201,0.0
21490.54214214775,0.0
21193.617381179007,0.0
20739.42214950523,0.0
22336.511402559594,0.0
20948.565482060178,0.0
21354.0594676569,0.0
21584.597763026213,0.0
21471.20397723883,0.0
20338.44662318795,0.0
21177.398146779124,0.0
22986.031914984833,0.0
21667.848762749643,0.0
22098.631739138316,0.0
22010.67654097377,0.0
21835.046251533502,0.0
21935.704732299037,0.0
21668.083480806195,0.0
22595.872231795416,0.0
22812.803044586908,0.0
22996.78644439588,0.0
22075.503111034617,0.0
21440.091706641295,0.0
22855.39356548496,0.0
24000.90976422345,0.0
22181.5798650235,0.0
22449.31877211976,0.0
22323.24203567525,0.0
23400.919075504364,0.0
23729.23681630268,0.0
23046.7042647564,0.0
23620.518931140803,0.0
23187.002854649672,0.0
23905.15613183765,0.0
24442.016171001043,0.0
24541.18586953151,0.0
24725.984057931302,0.0
23190.60934497129,0.0
22884.915830292477,0.0
22939.026584946572,0.0
22727.109226285782,0.0
22951.00442876773,0.0
22275.232487128822,0.0
22226.754433602953,0.0
22639.17465439048,0.0
22727.99695500337,0.0
22355.400774873764,0.0
22591.370270903913,0.0
23440.68736903074,0.0
23836.440930133962,0.0
22810.691134003133,0.0
22165.83501484121,0.0
24002.923981504282,0.0
23222.38948729698,0.0
23159.443183807558,0.0
23719.366604741277,0.0
21942.687539851097,0.0
22906.765755441593,0.0
22016.27897593454,0.0
22202.386680530923,0.0
22979.702953180695,0.0
22766.370543448596,0.0
22736.984386047065,0.0
22081.341257105476,0.0
22678.18616400032,0.0
22828.450088099315,0.0
22275.545230026728,0.0
21383.04815682515,0.0
21275.68731643875,0.0
21436.43121958034,0.0
21916.46105347163,0.0
22650.620447313413,0.0
22142.673487814893,0.0
21920.475251803728,0.0
21931.295783842503,0.0
22738.596482638437,0.0
23056.105519947196,0.0
23654.88616228221,0.0
21855.35175213872,0.0
22095.765391502115,0.0
22036.15985626684,0.0
22153.471316942945,0.0
22613.611409941073,0.0
22990.866792044246,0.0
22847.892289195544,0.0
22264.315601167953,0.0
22653.77832907704,0.0
23928.749553203008,0.0
23784.555698916793,0.0
23167.831128520364,0.0
22464.4679367738,0.0
23209.19414311657,0.0
23687.473287949404,0.0
23640.090644027674,0.0
25027.970273950566,0.0
24987.53549594589,0.0
24324.601376682833,0.0
23582.513888552923,0.0
23932.929092163096,0.0
24481.55026860068,0.0
24478.231826320407,0.0
23765.16357873195,0.0
25419.93275109559,0.0
24091.10958927717,0.0
23977.304489518396,0.0
23525.088463570184,0.0
22837.211285738304,0.0
23021.749957906573,0.0
22484.127632135715,0.0
22707.833254272453,0.0
22274.48686221515,0.0
21194.92084145468,0.0
22156.55174008767,0.0
21681.686500982363,0.0
20952.98947523257,0.0
21760.259080064512,0.0
21553.36648196027,0.0
22175.11809889671,0.0
21941.234013967092,0.0
21765.937818014652,0.0
22111.51033528649,0.0
22296.424463467014,0.0
21709.231501959202,0.0
20183.10845403461,0.0
21584.28179744623,0.0
21470.1695792134,0.0
22158.23379379064,0.0
21874.51510147751,0.0
21820.891300149688,0.0
21284.503715966242,0.0
20906.52511801216,0.0
21847.195907219473,0.0
21985.965044211873,0.0
21207.10885405253,0.0
22410.217971745813,0.0
22680.67049383783,0.0
22438.963172456843,0.0
21627.46715326371,0.0
22672.03943551332,0.0
22905.454728517096,0.0
23706.04962293149,0.0
24290.964586823247,0.0
23867.078451693997,0.0
24425.38901159022,0.0
23794.52214625421,0.0
23817.71233226495,0.0
23615.546321125625,0.0
24937.772286858053,0.0
23891.563759714256,0.0
23760.882790985073,0.0
24273.44785917267,0.0
24966.97110650837,0.0
24939.67139373941,0.0
25339.717682566108,0.0
24607.637981885724,0.0
24685.051822516114,0.0
24700.1643964536,0.0
25509.595279802827,0.0
25201.293437473083,0.0
25700.532404998405,0.0
25205.604907002933,0.0
25766.358944554086,0.0
25877.24061596524,0.0
25694.47732526908,0.0
26064.422021199665,0.0
25808.955223424848,0.0
26411.388459380403,0.0
26539.418364489487,0.0
26287.274550186492,0.0
26054.817411702017,0.0
25403.744779432676,0.0
27163.41396342119,0.0
25790.464607755206,0.0
25330.76321816382,0.0
25183.46166943419,0.0
26015.834387554205,0.0
26947.343149295288,0.0
26513.135429696187,0.0
26046.767739208604,0.0
26053.72889165033,0.0
26929.19514149869,0.0
27145.055829124572,0.0
27434.170169679775,0.0
27801.68651277507,0.0
26553.630840340687,0.0
25737.071056260364,0.0
24904.918160286903,0.0
24393.50774233583,0.0
24750.134707163532,0.0
24756.898450135843,0.0
24384.83139326195,0.0
24196.218982389062,0.0
25219.762834008347,0.0
26564.29669403979,0.0
26037.650782208068,0.0
25110.721854416566,0.0
26164.849786961327,0.0
25602.644855458937,0.0
26206.942972301564,0.0
26786.42812878795,0.0
26636.181202438835,0.0
26094.47521902201,0.0
26576.04314227907,0.0
26352.822757668913,0.0
