-244.177135005041,0.0
1766.9216313566633,0.0
1385.2312763331493,0.0
4078.6588641223657,0.0
5215.750007485884,0.0
3156.3200925102096,0.0
3754.213484482139,0.0
2284.4292820254113,0.0
640.510146892884,0.0
1939.1886467412933,0.0
1128.54167378982,0.0
2325.6480439119073,0.0
324.076015650196,0.0
-1922.8074548571913,0.0
-470.3883688528574,0.0
-916.6195443653934,0.0
-2481.0138172289207,0.0
-3653.511743084442,0.0
-3659.3723547751324,0.0
-3709.5084092458023,0.0
-1904.6770957627248,0.0
-3539.7555093755627,0.0
-2170.1093538496243,0.0
-2994.3337209506426,0.0
-228.8171656265074,0.0
1153.40358846539,0.0
1155.36276092261,0.0
645.4101193320649,0.0
2729.269368756497,0.0
3149.5902547380074,0.0
3588.4042840897173,0.0
4638.191406002445,0.0
4886.804687258845,0.0
6365.356404282082,0.0
4227.113237376219,0.0
6295.8692637108825,0.0
6345.342629149062,0.0
8149.37352432664,0.0
7054.860617428802,0.0
5330.071375754134,0.0
3356.1454197007674,0.0
4980.210649515555,0.0
3796.1317420732876,0.0
3775.101378715167,0.0
4911.010477648645,0.0
3317.697826094647,0.0
5428.412940255195,0.0
5634.793035415385,0.0
6922.426491248122,0.0
7376.087155262482,0.0
7207.700322331232,0.0
5194.312172237045,0.0
4006.992575578867,0.0
3421.4615470766776,0.0
6155.899393971485,0.0
8041.529514588863,0.0
5462.644853182064,0.0
5209.243661610185,0.0
7542.366088896402,0.0
7276.224517544142,0.0
8374.219883565853,0.0
7376.158825097382,0.0
7712.079000258842,0.0
5839.369860699815,0.0
7165.245046219183,0.0
9207.69591637282,0.0
10017.844119301306,0.0
11421.097092422557,0.0
12517.059078680615,0.0
11769.880439274297,0.0
11080.141319904626,0.0
12227.872568415614,0.0
12807.522123535875,0.0
10557.634023894976,0.0
10445.654729257298,0.0
12740.739802137754,0.0
10830.240848253077,0.0
9415.6037510268,0.0
7844.153122309933,0.0
5961.829183502505,0.0
5989.828698272675,0.0
7813.607561171782,0.0
10007.21736056221,0.0
10509.992116724157,0.0
9795.85552845995,0.0
11325.041951256608,0.0
10025.72222245402,0.0
7842.833622868642,0.0
6518.863023650865,0.0
8112.405200071813,0.0
6162.655971730765,0.0
8535.355420935743,0.0
8528.006078140932,0.0
9968.977486899159,0.0
10353.808425427149,0.0
9931.908225310339,0.0
10792.460989477177,0.0
9475.931923876009,0.0
9211.17946184286,0.0
11159.002771927877,0.0
9482.95462615009,0.0
9769.79131079774,0.0
7753.378246072873,0.0
6587.724806722755,0.0
6252.0543911030245,0.0
5655.001517283888,0.0
6840.7921617016145,0.0
5304.622909245548,0.0
5087.706193941177,0.0
4015.60682131307,0.0
1420.7539471559128,0.0
3119.81034468724,0.0
3919.85829122739,0.0
1422.5765897579429,0.0
3233.66027055148,0.0
1534.3910198771325,0.0
1566.0378105130028,0.0
3206.44317453424,0.0
5154.795479160877,0.0
3249.25592605961,0.0
1487.6866088791128,0.0
2265.131146404703,0.0
-14.593808580884797,0.0
1621.0477309995924,0.0
29.775891972565205,0.0
369.57177912388534,0.0
-1586.799044379582,0.0
-3197.36833663764,0.0
-1849.291199020502,0.0
-3325.1552381717693,0.0
-1544.7087617579518,0.0
-199.65131435045487,0.0
267.4469278363754,0.0
1022.1980390796928,0.0
3407.9948636314098,0.0
4249.327610331307,0.0
6386.457828973185,0.0
6284.911831970925,0.0
4604.0978378108275,0.0
3225.77529524695,0.0
814.6798954802427,0.0
2109.2844586971723,0.0
-716.4885238344746,0.0
-1840.330955533002,0.0
-3744.7975208410194,0.0
-1975.8234374578824,0.0
834.0952999170158,0.0
-1667.5077941220525,0.0
-3846.7116072529893,0.0
-5626.329126741057,0.0
-3131.429672701049,0.0
-3336.7956826836394,0.0
-1848.373316441382,0.0
-3736.5036282218894,0.0
-5602.291310656577,0.0
-3814.369161380779,0.0
-1326.3744458451033,0.0
-2017.2465529932724,0.0
-2346.8522748658324,0.0
-985.3500618030612,0.0
-1601.6534904981922,0.0
-266.75227189370435,0.0
1893.7140143972326,0.0
3435.69768785172,0.0
1171.0637563847629,0.0
729.8541351550352,0.0
-314.26823044487446,0.0
-814.5104833740547,0.0
-283.38550429135466,0.0
-142.90247363659455,0.0
-888.7907482169221,0.0
-3445.946651167659,0.0
-3305.3746087641694,0.0
-5159.992754636267,0.0
-5275.086628995936,0.0
-6778.490348696365,0.0
-4816.258825601187,0.0
-4280.578055696967,0.0
-4727.917804631356,0.0
-6280.510596048145,0.0
-8935.789580747332,0.0
-6386.079735428244,0.0
-5090.361183085926,0.0
-4183.05410619473,0.0
-3350.7301034007396,0.0
-3641.3783916231996,0.0
-1339.5134455809425,0.0
-2282.5051751524124,0.0
-2144.6787154310823,0.0
-734.0986801675249,0.0
-2044.3184920404924,0.0
-1803.1160421132822,0.0
-3905.3069888734694,0.0
-3249.56860565722,0.0
-2486.7014447559923,0.0
-797.8764124361851,0.0
1871.8507628724426,0.0
-785.594650650065,0.0
1438.090362635173,0.0
1104.5726774245825,0.0
3060.74036124075,0.0
3600.57420715508,0.0
1936.4958144152627,0.0
2753.86878894874,0.0
3556.1706296163375,0.0
5572.672152010277,0.0
4805.341622927417,0.0
4756.210456946247,0.0
6149.5500063227155,0.0
6374.679764654815,0.0
6095.927731999404,0.0
6347.926856870515,0.0
7631.092796386873,0.0
7229.397157700702,0.0
6606.673433328006,0.0
5215.644487403338,0.0
2831.39454227193,0.0
2442.40421878635,0.0
4872.214392691717,0.0
2970.08960852468,0.0
2269.44329813972,0.0
3010.76660574304,0.0
4378.395438508847,0.0
4512.004738340117,0.0
2558.35709846149,0.0
2194.655835949842,0.0
2932.15304578299,0.0
4032.2075920557772,0.0
4805.647377534027,0.0
6471.086572535265,0.0
7583.465852277583,0.0
5175.795329270635,0.0
4516.471681597867,0.0
5043.548073143557,0.0
4796.024297432828,0.0
6420.805929551185,0.0
6717.157131476544,0.0
7623.633621071713,0.0
10227.51197129348,0.0
9784.09627731932,0.0
10105.25561961986,0.0
10264.52271509483,0.0
11568.100806927316,0.0
12749.483750767426,0.0
15254.982466696201,0.0
15569.808809998909,0.0
14584.34524413869,0.0
16353.66153350996,0.0
16416.888340329107,0.0
18565.121652779795,0.0
16596.84781620792,0.0
15115.443603301412,0.0
13319.761594359485,0.0
13273.022871045974,0.0
12076.231987116807,0.0
12295.218772508766,0.0
10830.723128525597,0.0
10491.22071371766,0.0
12061.264609558766,0.0
13378.381907506944,0.0
13989.597358995496,0.0
11835.035973798358,0.0
11911.990323370766,0.0
10803.32397030708,0.0
9577.458939573053,0.0
10624.03257897843,0.0
11989.912644026806,0.0
11702.197395597006,0.0
12099.068029176497,0.0
13501.447752069515,0.0
15447.23219439842,0.0
15759.226870613511,0.0
16894.55583765282,0.0
16783.677227418182,0.0
17394.892579972708,0.0
16221.043851806513,0.0
13197.921380870954,0.0
14513.027076701816,0.0
13686.734852897855,0.0
14668.297324795054,0.0
16111.841632271411,0.0
15813.575408106622,0.0
14961.312702522944,0.0
14150.193718004544,0.0
14242.921178329265,0.0
12485.568512936266,0.0
11045.694045846769,0.0
13390.432932129326,0.0
14840.910352854935,0.0
16747.59494191599,0.0
16203.950421774141,0.0
18193.29383044793,0.0
19804.547623535127,0.0
20768.462988589785,0.0
23785.04017863786,0.0
21515.331626741863,0.0
21826.288626754515,0.0
21951.536976194304,0.0
19951.176005712237,0.0
21512.173077973945,0.0
23685.794871994323,0.0
24537.45177450791,0.0
27477.2620067045,0.0
26532.318829247117,0.0
29059.47310678497,0.0
29046.482359580343,0.0
28491.648069145085,0.0
27119.88945730267,0.0
28119.445977878233,0.0
30356.541247625133,0.0
29084.535838120893,0.0
30356.795174878553,0.0
28548.622526408493,0.0
28511.113991724593,0.0
28819.487028958854,0.0
27709.54305840216,0.0
27103.10818339331,0.0
27303.347006008837,0.0
26856.87399385155,0.0
26034.58661625091,0.0
28047.07077495649,0.0
26551.38538572422,0.0
26311.36149548088,0.0
25228.360063868327,0.0
26265.56309236191,0.0
24679.04270969922,0.0
22762.505287688822,0.0
23029.839156202102,0.0
21018.341153979054,0.0
23337.184902807414,0.0
24582.50086151207,0.0
24105.83729639277,0.0
23035.152935816302,0.0
22187.527109506485,0.0
23140.656296735702,0.0
22012.738593792295,0.0
20525.415891346587,0.0
21796.415329545736,0.0
23313.666063017605,0.0
24906.18235023907,0.0
25484.87814739529,0.0
23147.249134269012,0.0
23742.417459628654,0.0
21937.788823028597,0.0
21149.380256662185,0.0
23175.319126303664,0.0
25819.32871382526,0.0
25395.465625943558,0.0
25856.16053762905,0.0
26354.255153779894,0.0
24598.825895519873,0.0
22681.793949078718,0.0
20974.61019994196,0.0
19151.091426249914,0.0
18313.789130441466,0.0
16317.363787492417,0.0
13988.73340777465,0.0
16078.571041190145,0.0
15374.501286862978,0.0
16138.008919452526,0.0
16788.884756676256,0.0
16847.834511756268,0.0
16063.638131585196,0.0
17808.913280983776,0.0
17954.320545009505,0.0
18318.560463531245,0.0
20003.76222040213,0.0
21614.18481003146,0.0
22790.458410745476,0.0
24113.495190260124,0.0
26179.24539268979,0.0
26492.25168448667,0.0
24437.97571684647,0.0
26409.48072599302,0.0
25977.72791580169,0.0
26496.15697608023,0.0
28206.34424838904,0.0
28119.99182198356,0.0
29763.800087536438,0.0
28980.91020138991,0.0
30209.850322464998,0.0
30383.91454857903,0.0
29553.997331786937,0.0
30037.982683725277,0.0
32103.176487498644,0.0
33240.856800480695,0.0
30770.076089543334,0.0
30213.05438117744,0.0
29289.29020672356,0.0
31395.239166657986,0.0
30693.8338109479,0.0
28794.74443096625,0.0
30638.960924226038,0.0
30329.087846358758,0.0
28551.100767782737,0.0
28227.87101273919,0.0
27683.98376980162,0.0
25428.122159993094,0.0
26748.58232455245,0.0
27431.22165150762,0.0
27536.060960313058,0.0
27897.99892282575,0.0
26861.72302904165,0.0
26966.137404745,0.0
26970.024142883172,0.0
25378.503992059785,0.0
25395.777156549055,0.0
25438.5811852627,0.0
27805.076303027992,0.0
25293.65248281152,0.0
27057.839271119992,0.0
29129.388699787858,0.0
29338.47427243535,0.0
30172.252864175818,0.0
30292.642381230376,0.0
32358.326314983242,0.0
30951.95536890113,0.0
30425.448338891147,0.0
29936.369185352327,0.0
31264.649079782306,0.0
29532.88241810013,0.0
28635.38985328874,0.0
28912.32139778143,0.0
29826.37737349311,0.0
30811.284546008166,0.0
32876.69866536308,0.0
29889.392175899,0.0
31876.053997809013,0.0
33559.43941666658,0.0
35167.30546333255,0.0
32977.079278850484,0.0
32422.60725335589,0.0
31567.622965229042,0.0
32202.3874129745,0.0
32462.560068805364,0.0
32129.083709938044,0.0
30964.67261342448,0.0
30577.16219370917,0.0
31936.420617892843,0.0
34101.941345391104,0.0
35267.56824533688,0.0
36193.91331388304,0.0
37059.66937698018,0.0
35800.55290297493,0.0
35524.35092049582,0.0
34167.742364814476,0.0
34854.85440736291,0.0
36869.6234917972,0.0
35520.54264311192,0.0
34429.58506427552,0.0
34192.89676277455,0.0
31905.461534798465,0.0
33459.854340729566,0.0
33115.95166881019,0.0
34775.21842369261,0.0
33782.03111942044,0.0
33966.183214146884,0.0
31239.151773093035,0.0
31692.58225792735,0.0
30711.25616938538,0.0
31910.316402617656,0.0
31382.64088277691,0.0
30987.93457496976,0.0
30706.510189016357,0.0
32072.692456233162,0.0
33802.97502281908,0.0
35002.81401065722,0.0
35556.33761775685,0.0
35906.9845723225,0.0
37354.365446161144,0.0
38170.24474991278,0.0
39445.41574471737,0.0
40072.5006958424,0.0
41918.58197516891,0.0
43916.03413635313,0.0
44406.43656623378,0.0
46729.30097705875,0.0
48288.55185562271,0.0
48684.683746766284,0.0
49784.72383161717,0.0
49637.94526191666,0.0
50920.14063075035,0.0
51177.167369860734,0.0
51234.694602600204,0.0
52368.985573278216,0.0
54024.37609354189,0.0
51294.08888225611,0.0
52540.13744006611,0.0
52141.701783842276,0.0
53181.929904149176,0.0
52499.2377706251,0.0
55536.121450995066,0.0
52572.30936308969,0.0
54608.23361671001,0.0
57782.09957698225,0.0
55705.24558690323,0.0
56295.937939279596,0.0
55695.0475970158,0.0
57924.875808182886,0.0
55783.36710014682,0.0
54556.325402024966,0.0
54394.46315392529,0.0
52394.64077186052,0.0
51271.18076740997,0.0
50057.84049951025,0.0
50308.31861476892,0.0
49056.555960033,0.0
49526.926386869774,0.0
50118.02032408905,0.0
50781.67210495686,0.0
48562.25252197997,0.0
47609.09810718795,0.0
47595.2590707804,0.0
48022.19972356122,0.0
49454.98187412224,0.0
49722.95118519176,0.0
51071.23192024101,0.0
53030.530763025236,0.0
52720.72505165679,0.0
55000.677534226284,0.0
55814.49924172569,0.0
56250.385064951646,0.0
54136.430514586136,0.0
56223.14560499952,0.0
57742.5668708133,0.0
58681.034160304465,0.0
60957.529528955696,0.0
63143.63150417946,0.0
64562.6300610848,0.0
65965.55881222256,0.0
65410.660263581485,0.0
64790.132567734916,0.0
62716.99925836087,0.0
64124.96465278453,0.0
66638.47622040236,0.0
65633.11012555915,0.0
64472.658636951586,0.0
63272.9166391677,0.0
61375.73223030208,0.0
59382.364238595736,0.0
59348.04037210968,0.0
58064.205223713485,0.0
56521.90872443472,0.0
57950.3778623245,0.0
60134.96784100778,0.0
57944.862460944074,0.0
57693.59299204205,0.0
56608.408941574286,0.0
55472.18701190497,0.0
54959.0404302731,0.0
56643.903437126886,0.0
56358.61481515014,0.0
57624.74255571394,0.0
59571.094889642,0.0
62032.748951258174,0.0
62710.68822979651,0.0
60440.8212781496,0.0
60163.74513206152,0.0
61255.83564516703,0.0
59652.22580365,0.0
57756.612392646086,0.0
56660.3034716032,0.0
56989.702671954794,0.0
58094.98950821982,0.0
59735.26779712224,0.0
60478.6927631533,0.0
58317.036108576474,0.0
56758.683792609605,0.0
58213.073065983415,0.0
58884.046166743625,0.0
58115.369494643426,0.0
60543.555568149306,0.0
58932.60727029562,0.0
56804.44461537416,0.0
57389.509465613744,0.0
57479.27819681645,0.0
57338.20671996435,0.0
57980.84555657465,0.0
54712.62799355748,0.0
56704.44950510374,0.0
56649.33345973132,0.0
58956.49410592823,0.0
61210.54888335631,0.0
59662.56339391353,0.0
57574.951190980246,0.0
57775.56713834165,0.0
57381.36174916345,0.0
59299.54741369413,0.0
57675.46148060755,0.0
58857.27186678082,0.0
60715.208879800404,0.0
59198.11199245072,0.0
61503.508399267506,0.0
60519.72238358531,0.0
60106.13674963855,0.0
62982.68171208678,0.0
63978.96327258866,0.0
64180.03968828906,0.0
63163.330298148474,0.0
62502.95262286777,0.0
62722.716391642876,0.0
65163.85591612506,0.0
64796.48183447276,0.0
63222.746266312875,0.0
61357.658343976706,0.0
62602.85965837917,0.0
62495.23341526778,0.0
63075.423026732475,0.0
65679.21715231036,0.0
66597.10213432144,0.0
68240.47383812712,0.0
68356.42820835591,0.0
69722.17198613408,0.0
69341.01245007878,0.0
69479.50026735451,0.0
69843.17989671299,0.0
69941.94017547889,0.0
67736.72601934621,0.0
70055.92218738339,0.0
70102.78003160839,0.0
68523.4053054724,0.0
69548.10360744059,0.0
71098.67426528348,0.0
72759.44157673787,0.0
72354.40948271597,0.0
70025.25667850189,0.0
70836.73869205228,0.0
68856.8707095902,0.0
68873.36827244081,0.0
69629.06939172732,0.0
68585.87879442761,0.0
67312.41387545434,0.0
67267.23880478133,0.0
67630.81239808204,0.0
68630.33881989602,0.0
70666.39703690528,0.0
69688.62325016201,0.0
68007.73286873223,0.0
69071.68852453501,0.0
71386.88016762258,0.0
68551.7420682483,0.0
67856.87542038954,0.0
69969.86152236612,0.0
67816.32799850503,0.0
68125.04894865844,0.0
67516.05174977393,0.0
70212.65902605711,0.0
69122.86169090531,0.0
69811.58293479182,0.0
69886.16169847241,0.0
68442.24305524424,0.0
69737.90282426121,0.0
70900.07912043302,0.0
71195.32707997909,0.0
73571.63844319627,0.0
72271.46889537816,0.0
71931.72973325908,0.0
70566.61699885421,0.0
68316.44217852993,0.0
69113.23600863593,0.0
68998.94177610363,0.0
70936.04574629202,0.0
71835.06577397008,0.0
71823.66376252739,0.0
69905.68633665491,0.0
72179.85348794608,0.0
73415.74411150007,0.0
72687.27594602859,0.0
72468.00441345619,0.0
75022.55569409256,0.0
73652.95592433817,0.0
74677.13426657327,0.0
73996.51835125456,0.0
75266.40697572705,0.0
77781.56246799401,0.0
76974.55489282391,0.0
78793.62578549469,0.0
77343.41033736861,0.0
76154.59468878685,0.0
77303.7906503911,0.0
76590.96481026984,0.0
74044.81623483046,0.0
76297.94560341664,0.0
76301.05333466094,0.0
77448.34214129791,0.0
79372.29940338439,0.0
80931.73755109626,0.0
80021.413133169,0.0
81926.85483221107,0.0
79242.09991214609,0.0
78480.05751544952,0.0
76464.02351069554,0.0
77319.80831614601,0.0
77858.83997566902,0.0
78399.77351553041,0.0
79917.3605044582,0.0
77232.94059357111,0.0
76909.81726253364,0.0
78590.32026046271,0.0
78212.23246229142,0.0
76445.27630253404,0.0
77597.99581323774,0.0
75131.71617750367,0.0
76810.02535870165,0.0
77988.72259677862,0.0
77918.42575902941,0.0
76242.49655529355,0.0
75104.98383500427,0.0
75876.52861214516,0.0
74439.70571575909,0.0
74381.47707674278,0.0
74286.41201945608,0.0
72036.56368546531,0.0
73262.01106900148,0.0
73656.98796839769,0.0
74419.03478512107,0.0
73696.46912532118,0.0
74543.34704415168,0.0
75537.69558649187,0.0
74336.18429555549,0.0
72472.53238361802,0.0
70329.75921659353,0.0
71404.95146351773,0.0
69027.99149430386,0.0
68662.44110584196,0.0
67491.90644767067,0.0
68456.53458734007,0.0
69470.08149068026,0.0
67705.01910426527,0.0
65731.4044024358,0.0
67306.75890297857,0.0
67915.06204305957,0.0
68704.20966084176,0.0
67122.16629232268,0.0
69344.56406342576,0.0
70605.06070170943,0.0
69567.91728541905,0.0
67477.74782919098,0.0
68069.44702335597,0.0
66157.0019430192,0.0
65007.2799100572,0.0
67016.56409193277,0.0
66499.39008915781,0.0
66252.9206575183,0.0
63934.662895144924,0.0
63777.09889510833,0.0
66402.9209939211,0.0
64004.41397760852,0.0
63482.711195262644,0.0
63470.22693281785,0.0
63734.423462856925,0.0
65612.8807211333,0.0
65441.508088166804,0.0
67870.18883064218,0.0
68666.78332004626,0.0
69974.04236794304,0.0
71679.38700496624,0.0
72871.81146524561,0.0
72789.25946285491,0.0
73784.95859725299,0.0
75678.68434021877,0.0
74317.72460333178,0.0
73513.16678036399,0.0
75618.31260531556,0.0
74117.17120052708,0.0
76373.36251351057,0.0
77548.30923485034,0.0
77812.20009834894,0.0
75703.11088572226,0.0
73546.91334127888,0.0
75488.62260552087,0.0
74924.29278015337,0.0
76009.54382049936,0.0
74585.52301896628,0.0
73955.61617502938,0.0
71939.26860184911,0.0
71179.97405843713,0.0
69150.85491358457,0.0
67299.36194731998,0.0
67927.29052078837,0.0
68749.14970104996,0.0
67922.21506320928,0.0
65453.192506808206,0.0
67587.18324707178,0.0
66166.8989533073,0.0
66843.88955771188,0.0
67565.39117434368,0.0
65719.9052599666,0.0
67665.68011910717,0.0
67040.87731109577,0.0
65705.3284435412,0.0
67938.20356701958,0.0
69041.53199261236,0.0
70931.53101758813,0.0
70483.77268982463,0.0
71757.86719578432,0.0
73801.18050468489,0.0
73282.06271778098,0.0
74319.52781643326,0.0
77519.49818003354,0.0
78184.62680545902,0.0
76243.24673141545,0.0
75800.98613678076,0.0
75369.68045213446,0.0
73492.47268949878,0.0
75285.63399936707,0.0
73551.79344771549,0.0
72521.49189638162,0.0
70779.20651554303,0.0
69739.73252167583,0.0
70609.42378213874,0.0
70760.85708317034,0.0
72353.28215178421,0.0
72668.62894029019,0.0
71962.53226342722,0.0
72890.27436946801,0.0
70765.19229687803,0.0
68083.31485890846,0.0
66475.98864110357,0.0
67379.54102859097,0.0
68718.82417184736,0.0
67571.21735611587,0.0
65664.95874030341,0.0
67195.66950937078,0.0
65614.3227514161,0.0
67228.01139514317,0.0
68244.89930435727,0.0
68145.06612157667,0.0
66560.99968441518,0.0
67148.22755657937,0.0
66926.52192700827,0.0
69536.85866382366,0.0
69205.95773780087,0.0
68544.36685883746,0.0
67247.53729078917,0.0
69276.73977063566,0.0
69730.42462982147,0.0
70542.10001384573,0.0
69979.70518083693,0.0
71631.35718022981,0.0
71271.90305040483,0.0
67938.32424880617,0.0
68479.51968960537,0.0
65466.5243765068,0.0
65391.85677620971,0.0
65656.5866765267,0.0
65990.8066050364,0.0
65733.4405892565,0.0
63168.40509460043,0.0
65772.5176806401,0.0
65822.9448331018,0.0
64298.53134918062,0.0
63597.314669384825,0.0
64667.166088379105,0.0
63917.84782046772,0.0
65291.83406057471,0.0
63757.14332046252,0.0
62068.78095768655,0.0
62316.657171059545,0.0
62367.63422725595,0.0
62848.79779013364,0.0
62944.463631852945,0.0
60588.15030905747,0.0
62431.88536331884,0.0
62731.25440192375,0.0
64808.33279527673,0.0
65836.74586620441,0.0
66786.59023473888,0.0
67618.83163686117,0.0
65868.4316235405,0.0
68307.91762312828,0.0
69349.96269279956,0.0
67342.08834417947,0.0
67441.53052607177,0.0
65813.954920106,0.0
64505.67190038803,0.0
66148.0659298808,0.0
68106.35667661198,0.0
69503.11523301207,0.0
69239.41161685556,0.0
67401.18329768047,0.0
68090.93664402887,0.0
66201.88733633161,0.0
64710.17093692523,0.0
63503.36000692705,0.0
65427.61879273722,0.0
65940.2624474216,0.0
68686.30333069587,0.0
66036.8644173054,0.0
64922.01792805502,0.0
66557.359653584,0.0
68001.52279581147,0.0
68737.32447253558,0.0
89996.85078099227,1.0
68494.38288722148,0.0
68244.42054139348,0.0
69514.63912783506,0.0
70452.82359696006,0.0
67474.74531775547,0.0
66545.3811023208,0.0
67776.59406390478,0.0
66921.1842490181,0.0
68610.21285094287,0.0
68065.23672616428,0.0
70470.64643319766,0.0
71422.53207078823,0.0
72173.49049010534,0.0
73657.69201944882,0.0
75520.69040230848,0.0
76486.83760081966,0.0
78584.84106469364,0.0
76767.75090815156,0.0
74762.46121975618,0.0
73863.75776497231,0.0
74587.80545956081,0.0
71987.51059604573,0.0
70595.84959573096,0.0
69390.08690274597,0.0
67535.3842162239,0.0
66758.94729715273,0.0
66294.54126533432,0.0
67005.19269854423,0.0
67841.4239387876,0.0
67261.4242673864,0.0
66338.09369742483,0.0
67438.8512011494,0.0
67449.1123661326,0.0
69461.14886602818,0.0
69979.52657116058,0.0
68154.1517198909,0.0
68397.8910508882,0.0
66863.93712082953,0.0
68075.0165865695,0.0
67182.3609141063,0.0
68575.2600585141,0.0
69200.0026236671,0.0
68358.1336436799,0.0
69432.61524588277,0.0
68272.6541867117,0.0
68081.02898542311,0.0
68504.083002196,0.0
70476.09564839817,0.0
70603.51029374848,0.0
70385.08904329888,0.0
69940.25910025557,0.0
72345.86300579086,0.0
72618.55399669826,0.0
74669.00363416363,0.0
71937.95134453557,0.0
74015.40268659433,0.0
75988.35879886191,0.0
75484.16651595681,0.0
74178.82734119144,0.0
75717.99476405852,0.0
73995.68430671123,0.0
75792.94075858951,0.0
77797.770113004,0.0
79233.23017487206,0.0
77288.93961983548,0.0
74966.41314065001,0.0
77243.78428291179,0.0
75993.87587714441,0.0
74989.93252943561,0.0
78647.99168900578,0.0
78758.91001827786,0.0
77320.08524721778,0.0
80090.58168914427,0.0
78600.22611389897,0.0
78255.76695041318,0.0
77844.63649350338,0.0
76603.37846052741,0.0
75202.88024662873,0.0
76096.3928472716,0.0
74623.96017732173,0.0
75325.56940920612,0.0
76225.94517058472,0.0
76833.57380581161,0.0
75306.19460584363,0.0
77611.91049157502,0.0
75205.13502133693,0.0
73792.20130437496,0.0
72047.21473286887,0.0
70229.1564740811,0.0
70790.04208591921,0.0
70710.46206915291,0.0
72232.01206440697,0.0
70251.112783244,0.0
72239.24982524017,0.0
71001.2344233461,0.0
70995.35593381741,0.0
72167.88337219958,0.0
70504.2450367924,0.0
69416.26412771881,0.0
68055.96312600534,0.0
67701.50604903734,0.0
67554.36373989435,0.0
67350.76170884835,0.0
65957.19298844537,0.0
63921.195287067094,0.0
65908.33757095986,0.0
66713.11069633276,0.0
68358.92453651415,0.0
67556.61098607574,0.0
69666.45210090443,0.0
69638.36171882082,0.0
68940.07833836263,0.0
71634.4289902536,0.0
68895.23875976552,0.0
67582.20654520874,0.0
66933.54468835818,0.0
67936.54840058665,0.0
69723.56715205163,0.0
69159.08571358852,0.0
70880.4041883068,0.0
71665.18024483441,0.0
73092.22350358838,0.0
71319.2066816344,0.0
71031.1315685052,0.0
69532.19266020843,0.0
72497.4318477734,0.0
73148.30669340208,0.0
72011.36256340059,0.0
72037.80255716741,0.0
72049.8963092491,0.0
70250.77103442342,0.0
69619.56046058782,0.0
68118.77828858874,0.0
67256.53711020306,0.0
64785.25183006399,0.0
65576.08959318128,0.0
63524.134182033304,0.0
61975.24430594623,0.0
63449.43373875532,0.0
63700.67076369721,0.0
62559.41006344003,0.0
64018.37214924072,0.0
65366.17306017759,0.0
67466.45969962906,0.0
66187.74378226939,0.0
67122.95302577557,0.0
67335.62958038747,0.0
65643.4568180009,0.0
66748.10125931587,0.0
65157.42433151929,0.0
67988.16465486906,0.0
67560.25171549976,0.0
67510.42871549937,0.0
65645.79584420718,0.0
64173.165975218915,0.0
65662.62558633767,0.0
64000.52943926862,0.0
65705.79933007208,0.0
63569.51061201632,0.0
66633.7563221254,0.0
65965.30523706198,0.0
67148.90360047697,0.0
69391.80905693515,0.0
66997.94393405136,0.0
69608.03190420145,0.0
68724.16060971265,0.0
67914.96547860454,0.0
71090.91271972453,0.0
72617.16996086351,0.0
73437.98208270907,0.0
73170.64767397018,0.0
74614.73918940306,0.0
76896.08789735995,0.0
74613.91400071666,0.0
75041.99938823406,0.0
77074.89213121223,0.0
75741.75232055306,0.0
75034.18688538545,0.0
73702.21064603988,0.0
73858.71621448017,0.0
74471.86134642428,0.0
71718.52696347931,0.0
69820.23251443522,0.0
71337.1484786966,0.0
70721.10249431252,0.0
70457.14881006943,0.0
72425.17353965339,0.0
73658.23842965858,0.0
73877.56747835508,0.0
72178.1605154399,0.0
73710.36275462268,0.0
71809.42424422571,0.0
72596.6415457736,0.0
70265.33581623682,0.0
70710.13008309662,0.0
68869.19926747185,0.0
67920.20362692067,0.0
69084.96848163035,0.0
67013.37080838656,0.0
65521.542330287586,0.0
63842.368728818314,0.0
63007.10665869922,0.0
64594.08089293842,0.0
64319.40434131102,0.0
61918.10141992833,0.0
64016.16521117442,0.0
63948.997465683016,0.0
61739.424094146525,0.0
62835.29899779703,0.0
63717.85480286661,0.0
65513.95847126719,0.0
65598.80471823919,0.0
65001.51805438949,0.0
64954.78632957919,0.0
65383.05151406119,0.0
65637.79508134419,0.0
65418.17108868519,0.0
64053.56449291752,0.0
62266.73324747163,0.0
63969.97067597492,0.0
63141.875213712614,0.0
65632.39313831499,0.0
63384.59072877942,0.0
61890.894704256134,0.0
60412.83101563166,0.0
59755.99728549046,0.0
62023.37870582543,0.0
60250.58666255206,0.0
60126.54973271246,0.0
58566.41019103878,0.0
60940.52726539346,0.0
59880.04798524116,0.0
61936.08913307153,0.0
59357.785839549455,0.0
58486.61313497358,0.0
56931.5998895917,0.0
57787.0471331074,0.0
56728.0707414831,0.0
58384.13882007728,0.0
58158.846184636175,0.0
58819.166931526284,0.0
59225.87049229098,0.0
59854.87485348766,0.0
58554.78612793448,0.0
57684.1257410186,0.0
56818.6718815814,0.0
59016.17915129798,0.0
60512.73786414056,0.0
58175.50542489828,0.0
57614.084632846396,0.0
59058.853558718576,0.0
58518.64220365998,0.0
56721.4717439597,0.0
58561.20036165278,0.0
59069.60306363928,0.0
56868.458824938105,0.0
57941.750433784575,0.0
57050.6209149625,0.0
57438.805931108,0.0
56629.3467124893,0.0
55398.51709063313,0.0
56611.170712412306,0.0
58802.39312061768,0.0
57080.1864245955,0.0
57127.6327028083,0.0
56886.1457053947,0.0
55233.711705779526,0.0
57529.164423827795,0.0
58836.98224774818,0.0
58722.34465073108,0.0
57457.12744754438,0.0
58282.19418342238,0.0
59150.28151932848,0.0
60290.83308408166,0.0
61586.93071421953,0.0
61922.12358158743,0.0
60338.323738963954,0.0
58675.23638854018,0.0
57485.856319560306,0.0
57930.666744044705,0.0
59343.11299352218,0.0
59466.42617416758,0.0
60440.77780071816,0.0
59328.28617596938,0.0
56953.4998935202,0.0
55702.18822008183,0.0
58320.9177901285,0.0
59036.04965391538,0.0
60554.071440662156,0.0
62078.36372516973,0.0
62668.674058198434,0.0
63250.883154896634,0.0
62558.457691968826,0.0
62296.26346618793,0.0
61678.57516206776,0.0
60500.047323979554,0.0
62949.89783587653,0.0
62319.660611102634,0.0
62090.96411166573,0.0
63058.64595632092,0.0
60190.59088086196,0.0
60844.22389055206,0.0
59384.16245838318,0.0
57595.5856846257,0.0
57119.5193959077,0.0
57566.941508414704,0.0
57209.8383399843,0.0
60326.51972403138,0.0
60387.18103905696,0.0
60312.17238411556,0.0
63145.62692135533,0.0
64887.528335552415,0.0
64454.45104650811,0.0
64481.85795150562,0.0
64906.63439179322,0.0
65223.203163710816,0.0
63998.154149314214,0.0
66873.49882789749,0.0
64818.59973277242,0.0
63005.45548390953,0.0
65338.873405665116,0.0
65237.66213868641,0.0
67038.86711112599,0.0
64792.31671577322,0.0
63656.144687094435,0.0
63491.39919436532,0.0
63187.10116193993,0.0
65805.60800729261,0.0
63550.04935586963,0.0
65120.71558774642,0.0
65405.98713718161,0.0
65387.30351380542,0.0
63343.79173626493,0.0
65281.82346759342,0.0
68065.17296676539,0.0
66978.682293864,0.0
68548.85233167876,0.0
67402.17946787819,0.0
67304.43033538229,0.0
68574.09063181997,0.0
68387.88886947028,0.0
69243.93509629997,0.0
70603.24001003265,0.0
70800.09101224726,0.0
68895.92934582446,0.0
68367.42194931967,0.0
70759.29377098395,0.0
71781.50627157415,0.0
70204.76375865354,0.0
70450.87984498574,0.0
70348.52561119985,0.0
72425.61545923912,0.0
71584.21897851684,0.0
70984.16091958835,0.0
72609.97192788453,0.0
72221.45707171662,0.0
72837.99218499633,0.0
73293.06713390263,0.0
72232.93454872046,0.0
73504.39939848112,0.0
71009.03497019605,0.0
69587.99004945016,0.0
68480.11912113758,0.0
68267.40771534249,0.0
68434.86163698499,0.0
67813.82882973799,0.0
66611.51847505802,0.0
68071.1042264569,0.0
68117.63020883019,0.0
66630.71738646721,0.0
66806.17425114571,0.0
68648.43548695259,0.0
68964.87987948259,0.0
66908.55359053033,0.0
65186.786156808535,0.0
67897.82509438072,0.0
66060.36599987333,0.0
65982.37812498213,0.0
66451.65493157943,0.0
63748.57810915366,0.0
63446.881660255574,0.0
61524.6576401943,0.0
62806.65986545168,0.0
64609.17770238206,0.0
64418.31393902266,0.0
64391.81569336376,0.0
63820.68119075526,0.0
63219.90192558428,0.0
62231.983108775,0.0
60632.43976011763,0.0
59869.099702343025,0.0
59796.93747914773,0.0
59963.46825869163,0.0
60413.52581281323,0.0
62219.6251586293,0.0
61813.1329147923,0.0
60531.310041189834,0.0
61716.5458383171,0.0
63602.93097097428,0.0
63935.06568611168,0.0
63387.7601133577,0.0
61874.63836513051,0.0
63280.233897626575,0.0
62167.7863601531,0.0
63472.699094980475,0.0
63951.47955341178,0.0
65490.40735501706,0.0
64317.95796920798,0.0
65021.73566518386,0.0
66579.80930555314,0.0
67785.84319012934,0.0
68881.48213432521,0.0
68436.01247854432,0.0
66786.96121007623,0.0
68665.94410956842,0.0
69183.48634367151,0.0
70371.50258532599,0.0
72816.53430396666,0.0
74011.94896313184,0.0
72403.73773448376,0.0
70726.2493279884,0.0
72263.76556251667,0.0
73974.23348470555,0.0
72941.77020239747,0.0
73546.07447757146,0.0
76221.52788656112,0.0
74024.93480170255,0.0
72889.95923299716,0.0
72586.21871220646,0.0
72073.87910637866,0.0
71193.03555932429,0.0
70806.83274547929,0.0
69954.44253130812,0.0
70782.7672734625,0.0
68782.99631665651,0.0
70825.21357114639,0.0
69347.26388491032,0.0
67643.16079558522,0.0
69538.33042459651,0.0
69412.03697064932,0.0
71136.12893639378,0.0
69847.74090589372,0.0
70865.04284664388,0.0
70074.47487929741,0.0
71397.54029199448,0.0
69780.91726918552,0.0
67337.59552221443,0.0
69710.54683063361,0.0
69622.78133338311,0.0
70232.20883379072,0.0
68856.65368373263,0.0
68807.15326258873,0.0
69459.82420952442,0.0
67987.36147561633,0.0
69923.44933668371,0.0
71153.10887228149,0.0
69316.12061944461,0.0
70339.07363995581,0.0
71671.0572437486,0.0
70291.70297236742,0.0
69539.30377753642,0.0
71537.29369335159,0.0
72821.82543417666,0.0
74599.50259813774,0.0
75055.80840900395,0.0
74626.29809702295,0.0
76183.36302410492,0.0
74438.15651117695,0.0
74392.79752521514,0.0
73018.77596330857,0.0
74106.87500212697,0.0
73120.59642402707,0.0
72934.52254398348,0.0
74440.12295877124,0.0
74973.99737315215,0.0
74876.64170074165,0.0
75153.26840466705,0.0
73309.67701377456,0.0
72175.07408035279,0.0
72116.1943351609,0.0
73883.05806528497,0.0
73543.33001348337,0.0
73911.89181195237,0.0
73412.01951575367,0.0
73838.09348353418,0.0
75002.10731830145,0.0
74781.96959141175,0.0
76177.70690821862,0.0
74769.78510432586,0.0
76374.75773026183,0.0
75308.59455341485,0.0
75042.49515442605,0.0
74797.06394459025,0.0
73059.28188258136,0.0
75694.25595352794,0.0
73332.11999538497,0.0
72902.71389081667,0.0
71621.16901296639,0.0
73460.14922039286,0.0
75389.95400833234,0.0
74998.96277162405,0.0
73454.39674017577,0.0
74587.25370686385,0.0
75354.83092178554,0.0
76678.64521379342,0.0
76941.04579837932,0.0
77275.99725412672,0.0
75071.23148385834,0.0
73247.89417446697,0.0
71414.55934117519,0.0
69865.48746905262,0.0
71338.61440568388,0.0
70249.72558588302,0.0
71091.3969672586,0.0
70967.03794099059,0.0
73035.89317440876,0.0
75388.24735742694,0.0
74975.65951988104,0.0
73085.33728239457,0.0
75189.92112496785,0.0
74751.96932180754,0.0
76466.00012909673,0.0
78159.54417232871,0.0
76956.32903122093,0.0
75411.23147260054,0.0
77021.30768821553,0.0
76885.23871665212,0.0
