409.526881132925,0.0
317.5952837094245,0.0
890.4378912824325,0.0
1290.1412173124008,0.0
1432.8318786508548,0.0
469.5133841314828,0.0
706.6574131452401,0.0
573.9404321686724,0.0
330.330380862549,0.0
1521.3339523641014,0.0
657.748144472948,0.0
572.9188298554054,0.0
123.654361808111,0.0
61.47750119860359,0.0
97.27050267795761,0.0
99.78911274112357,0.0
-25.884589804446705,0.0
-732.294046007897,0.0
-268.7871261827189,0.0
-768.999180544635,0.0
-30.408790559169802,0.0
-178.27450839367918,0.0
155.69131534774442,0.0
405.88462752430723,0.0
540.6075274313046,0.0
1131.20895509647,0.0
1351.1715870153698,0.0
813.303987514016,0.0
1031.4713818674463,0.0
1489.9714004699415,0.0
1429.7682007524013,0.0
1737.8305082829088,0.0
1802.0339016771627,0.0
2137.849294005544,0.0
2230.231204644393,0.0
2770.378487909164,0.0
2745.063089876264,0.0
2690.7801202214955,0.0
2873.572323338784,0.0
2032.994458773603,0.0
2332.690782924431,0.0
2347.1115831575326,0.0
1665.7718590284514,0.0
1564.0623573845915,0.0
1852.7299498627328,0.0
1526.4569479639115,0.0
1760.7627943932628,0.0
2650.3681736699227,0.0
2938.5695205897937,0.0
2613.013505162744,0.0
2784.9687485087143,0.0
2214.296782757392,0.0
2753.6124956417616,0.0
1725.2930955688614,0.0
2349.585581573553,0.0
2833.1234749474743,0.0
2582.0997738766428,0.0
2334.979185592323,0.0
2059.197229290369,0.0
2372.225344796854,0.0
2896.787186067014,0.0
2780.8927947344337,0.0
2484.3076568192037,0.0
2372.9945290538726,0.0
2525.336937472584,0.0
3240.4973114794457,0.0
3080.0880927107273,0.0
3651.939898401287,0.0
3987.091241105388,0.0
3546.395954425367,0.0
3525.637352317097,0.0
3972.112603772388,0.0
3673.3398612913275,0.0
3457.738737123087,0.0
3699.4936828585373,0.0
4206.035547209248,0.0
3510.362026936827,0.0
3037.1095905438956,0.0
2391.953494805244,0.0
1832.2152857193328,0.0
2022.830014625693,0.0
3042.347431015164,0.0
3247.9098624742055,0.0
3289.042274313797,0.0
2827.9709532790557,0.0
3187.721404807647,0.0
3245.5315446540653,0.0
2439.5120186743543,0.0
2533.027452034493,0.0
2692.355694023304,0.0
2502.256588432643,0.0
2158.420770473494,0.0
2417.415436608304,0.0
2484.2393083811176,0.0
2933.1390264202255,0.0
2754.315986878226,0.0
2975.797975330217,0.0
3129.855257979765,0.0
2708.4913289453457,0.0
3303.7678576474873,0.0
2829.4401487933856,0.0
2300.157941104311,0.0
1945.456850709136,0.0
1751.4136820360359,0.0
1343.4040066512098,0.0
1483.8992217563314,0.0
1233.6551661868768,0.0
1758.3996030028313,0.0
1044.3855790007533,0.0
1335.13814219231,0.0
255.03940735551657,0.0
420.0218658390701,0.0
707.835289695846,0.0
298.98798692527566,0.0
95.0021377606416,0.0
562.8233243187366,0.0
-167.7654061375624,0.0
643.269864388129,0.0
1038.2420944156033,0.0
513.764136554413,0.0
21.37100359068762,0.0
89.97287297360862,0.0
-726.3666664091012,0.0
-297.053762771625,0.0
-806.3556258174705,0.0
25.820908368890173,0.0
-409.881785612821,0.0
-1215.4660512302187,0.0
-1350.574514633472,0.0
-1364.6266324773965,0.0
-532.696404785507,0.0
-824.8534324143286,0.0
-446.8238967655508,0.0
-669.1451716680574,0.0
211.63757911069692,0.0
30.762552681103386,0.0
289.86938884415576,0.0
349.27621102659384,0.0
-28.016739686907613,0.0
-445.907786011245,0.0
-319.8778207702784,0.0
-562.6314430869954,0.0
-1091.7004998025598,0.0
-1739.116876331282,0.0
-2118.4345232699925,0.0
-1686.30177624307,0.0
-1446.1494178600028,0.0
-1630.630660532667,0.0
-1734.7062842497646,0.0
-2663.738850634792,0.0
-1456.9684263787262,0.0
-2370.1866117350737,0.0
-1622.8370525436621,0.0
-1226.8659303315576,0.0
-2096.563153345709,0.0
-2103.6818401823807,0.0
-1940.1021633168489,0.0
-1490.7278684218809,0.0
-1696.461726759188,0.0
-1826.61260818441,0.0
-1617.217262800806,0.0
-1511.3421221468038,0.0
-135.2896752097894,0.0
-82.7286501419712,0.0
-758.1466617729594,0.0
-1164.8140883821359,0.0
-1575.5523845414068,0.0
-1123.5343367333148,0.0
-1525.401383559451,0.0
-1741.7658145371056,0.0
-1194.3101231465153,0.0
-2476.6756486254058,0.0
-2274.6898465357717,0.0
-2755.367776823025,0.0
-2861.801041756743,0.0
-2741.272520923627,0.0
-3043.562600991177,0.0
-2617.536957506158,0.0
-2731.580560131071,0.0
-3365.285163197038,0.0
-3312.4700541143466,0.0
-3044.187460555218,0.0
-2711.006083442355,0.0
-1820.0103850498397,0.0
-1954.0313047901277,0.0
-2142.9851085876,0.0
-1674.846709192771,0.0
-1948.84229330128,0.0
-1762.9253611782551,0.0
-952.7618149274529,0.0
-1673.091902156116,0.0
-1599.088591282827,0.0
-1360.3726677239006,0.0
-2217.6754573491876,0.0
-1287.024129219622,0.0
-623.4481238154418,0.0
-1141.6640690913293,0.0
-1149.2394944620958,0.0
-880.2072437632974,0.0
-888.8207995198144,0.0
-665.410170729839,0.0
-591.989407023734,0.0
-247.51758639948739,0.0
-60.43734159797621,0.0
402.6180096449916,0.0
682.0920748436245,0.0
94.1542083707264,0.0
503.5522888229094,0.0
629.5779462367188,0.0
519.4685249705468,0.0
1009.7076712285877,0.0
756.9707508920582,0.0
813.0725408896899,0.0
1112.6730004758892,0.0
1326.743571539867,0.0
881.1576727845843,0.0
-304.374513543558,0.0
230.147202091056,0.0
885.2266600800654,0.0
-248.164154999826,0.0
762.8976669550419,0.0
174.758211592048,0.0
853.3431004536303,0.0
740.3141694343753,0.0
970.648789369952,0.0
-346.5005908028646,0.0
497.31052387468,0.0
615.5067471001204,0.0
1131.2756415373474,0.0
2133.699338236953,0.0
1349.482829040353,0.0
1479.7015938886047,0.0
1116.2569436901754,0.0
1699.4406764075113,0.0
930.5679651095523,0.0
1823.2846674452228,0.0
2249.8711195498026,0.0
2039.655042274037,0.0
2314.9401370088476,0.0
2531.0464990889554,0.0
2784.8896084984153,0.0
2339.7123645580755,0.0
3601.289407420407,0.0
3502.5211137152583,0.0
2985.8284091630185,0.0
3980.3011807138932,0.0
4495.8230140960895,0.0
4102.433045471062,0.0
4423.171924887911,0.0
4885.827088335162,0.0
4021.823745910031,0.0
4353.86259747342,0.0
3993.1221173574877,0.0
4497.360597390438,0.0
3888.6366634116966,0.0
3620.015900267547,0.0
3604.000371709137,0.0
3484.3759657432856,0.0
3417.6238888150265,0.0
4148.455941799638,0.0
4262.551635676378,0.0
3983.1302584937566,0.0
3475.830110365137,0.0
3965.3315334734257,0.0
3376.627506178604,0.0
4364.537880551707,0.0
3360.889475522127,0.0
3808.4829000991467,0.0
3476.9707254199975,0.0
4297.884745171368,0.0
4937.53281802076,0.0
5411.7760519146195,0.0
5126.333219234011,0.0
4532.69261939141,0.0
5220.575271551811,0.0
5165.7490537986,0.0
4671.087777636988,0.0
5058.272647303518,0.0
4560.618916363617,0.0
4148.114315424818,0.0
5379.274698571429,0.0
4735.365299783809,0.0
4931.7315957169285,0.0
4915.518829013778,0.0
4885.355718161578,0.0
4958.347639049487,0.0
3976.0773173730454,0.0
4010.5425274372274,0.0
4841.964098202778,0.0
5135.34845111126,0.0
5424.00605491637,0.0
6131.151393164021,0.0
5411.257717865163,0.0
6307.392172333674,0.0
6781.971869538795,0.0
6564.359119886364,0.0
6168.670062963154,0.0
6521.182854982124,0.0
6143.803425718683,0.0
6395.803519267544,0.0
6737.253092768915,0.0
7624.462607014606,0.0
7745.432128178728,0.0
8154.688141475317,0.0
7813.834484052829,0.0
7496.337714224579,0.0
7763.502584562399,0.0
7538.605728642067,0.0
7800.524325684239,0.0
8113.619217923391,0.0
7353.540801134549,0.0
7970.826850799701,0.0
7487.046741463499,0.0
7926.110227219179,0.0
7925.140729981279,0.0
7918.2174458640975,0.0
7303.7988807922075,0.0
7698.739812477667,0.0
7224.364711560787,0.0
6498.089989294256,0.0
7483.042539423078,0.0
6781.351514035796,0.0
6660.936615066756,0.0
6665.895423137255,0.0
7237.718163632406,0.0
6994.307986783925,0.0
6413.785078099254,0.0
5979.829987583774,0.0
5246.616077444092,0.0
6091.161281865803,0.0
6729.190728522565,0.0
6615.122704196725,0.0
6044.317089533054,0.0
5611.161559314152,0.0
5618.787892579934,0.0
5627.456147520132,0.0
5097.812074250822,0.0
5449.980640628372,0.0
5711.138305542264,0.0
5751.621287150065,0.0
5903.127803359155,0.0
5932.061649397764,0.0
5667.963808779725,0.0
5252.233599436233,0.0
5156.394565519792,0.0
6011.093541356904,0.0
5912.480436270875,0.0
5954.432336898075,0.0
5890.026128208225,0.0
5500.4319594556355,0.0
5378.725694821314,0.0
5403.464628988332,0.0
4727.617400369321,0.0
3704.5761450866294,0.0
3785.569764351858,0.0
3530.508750648177,0.0
2916.7639936281257,0.0
3535.964088298957,0.0
3196.324861160987,0.0
2881.398014385427,0.0
3797.148919723888,0.0
3237.7423210538673,0.0
3295.444489262867,0.0
3799.711835875428,0.0
3496.8248043532676,0.0
2878.4580725042397,0.0
3785.7081908614396,0.0
3566.8274780067404,0.0
4267.869794413821,0.0
5090.694375612944,0.0
4578.821185438001,0.0
5135.333176295083,0.0
4499.3672112815875,0.0
4945.872088509726,0.0
5327.262323553685,0.0
5132.101968400526,0.0
5750.464997913886,0.0
4944.045665942618,0.0
5379.009770258706,0.0
5012.799183436659,0.0
5564.987434553789,0.0
5260.170438917929,0.0
5294.347513042177,0.0
5221.118703947352,0.0
6081.9412619841505,0.0
6418.813471541153,0.0
6138.397017181489,0.0
6300.877865217288,0.0
5368.601784588404,0.0
6003.97663178198,0.0
6437.172463679128,0.0
5173.963155555513,0.0
5331.849368594505,0.0
5025.748662671481,0.0
4770.2671366882605,0.0
4389.233720205871,0.0
4036.101235580891,0.0
4021.235061743643,0.0
4618.846558680452,0.0
4518.434484405932,0.0
4370.273502795066,0.0
3902.4233481768724,0.0
4689.84483858831,0.0
4618.576212922717,0.0
4983.7081986972635,0.0
3486.703158082975,0.0
3986.111943014741,0.0
4636.641444055023,0.0
4486.646805150987,0.0
4515.2561122155785,0.0
4631.676630565628,0.0
4868.586813311055,0.0
5119.726053181247,0.0
4627.58731422145,0.0
5100.011643370765,0.0
5785.0870282385895,0.0
5649.497550027568,0.0
5471.71340639838,0.0
5295.003509268697,0.0
5607.3244624092185,0.0
4878.10142725069,0.0
4529.186104680731,0.0
4887.221085584307,0.0
5231.948897300075,0.0
5416.51135308485,0.0
5566.580215559266,0.0
5536.640879458703,0.0
6381.721197250109,0.0
5537.2247504996985,0.0
6696.274738994742,0.0
5918.70099841084,0.0
5591.562471410029,0.0
5231.146873975273,0.0
5752.420074557625,0.0
5965.437609112442,0.0
5423.121673884966,0.0
6150.688250090868,0.0
5309.466341948752,0.0
5224.401558143365,0.0
6322.687251177485,0.0
7518.432303272202,0.0
7303.942348494913,0.0
7607.2824873529335,0.0
7103.079971980333,0.0
7028.1753313560375,0.0
6770.342429676097,0.0
6458.548422742513,0.0
6638.150734575942,0.0
6629.328926997406,0.0
6468.913110027563,0.0
6381.232158827369,0.0
6589.947016943559,0.0
6484.248210493754,0.0
6310.136425430267,0.0
6905.057829321918,0.0
6325.441315784719,0.0
7172.166428184671,0.0
6092.806696022463,0.0
6566.225184620479,0.0
6460.461967203248,0.0
7075.8679224566395,0.0
6960.357445349227,0.0
5826.845944430275,0.0
6728.417068001698,0.0
6669.929067618279,0.0
7207.795153802621,0.0
8147.791073816293,0.0
7528.949208080492,0.0
7982.754532555942,0.0
8152.542530918563,0.0
8443.265439567514,0.0
9471.500612233376,0.0
8987.832350247596,0.0
9409.901300301788,0.0
10119.85039000157,0.0
10608.269568666961,0.0
10436.232268331121,0.0
11518.851383340101,0.0
10987.650821118112,0.0
11325.067006381114,0.0
10901.467049026043,0.0
12021.231573693345,0.0
12210.095011816135,0.0
11921.442100318265,0.0
12587.211851726424,0.0
12804.128330560388,0.0
12299.576547506565,0.0
13263.733692574679,0.0
12239.868546278158,0.0
12852.152286263097,0.0
13069.848090910307,0.0
12893.278447781888,0.0
12790.463912757737,0.0
13268.476350378049,0.0
13556.559419349242,0.0
13757.348259867831,0.0
13720.35975605025,0.0
13537.648468146841,0.0
14459.749777758712,0.0
13686.61374227395,0.0
13326.365173354649,0.0
13713.968585521769,0.0
13758.095910184487,0.0
12302.333675636055,0.0
12584.323668687455,0.0
12677.582552687205,0.0
12587.951666614574,0.0
13428.202411138464,0.0
13036.907919849495,0.0
12864.928670218866,0.0
12484.331167194974,0.0
12626.072664254621,0.0
12679.821374153453,0.0
12610.341942152632,0.0
12584.333667040584,0.0
12972.694040232955,0.0
13172.239519978215,0.0
14187.077530478167,0.0
13337.359499722406,0.0
14016.793681576739,0.0
14070.881294618512,0.0
14100.38353344646,0.0
14054.9059295377,0.0
14369.44479244085,0.0
14674.062023451752,0.0
15720.531538548814,0.0
15639.061511983975,0.0
16421.207337543554,0.0
16068.884398752707,0.0
16689.98588317068,0.0
16325.2436061831,0.0
16867.608859228207,0.0
15718.255468554016,0.0
16887.538504239048,0.0
16476.178819015728,0.0
16766.165498656308,0.0
15497.824834352636,0.0
15964.765015033247,0.0
15671.026059657725,0.0
14671.573764200333,0.0
15192.463801028154,0.0
14792.949968474271,0.0
13932.11953891664,0.0
15182.35653829644,0.0
14874.916426456834,0.0
14809.51707045926,0.0
15052.478810507651,0.0
14316.38912150007,0.0
14713.703321591101,0.0
14128.048332149348,0.0
14929.204296224882,0.0
14225.772999235822,0.0
14428.994535658472,0.0
15278.944797163644,0.0
15462.601910938254,0.0
15790.901123055655,0.0
15651.000813053015,0.0
15252.328010542084,0.0
15460.837979259115,0.0
15262.108221841574,0.0
14903.307150572622,0.0
14530.762480131882,0.0
14551.437403796392,0.0
15011.227185039192,0.0
14905.842002798534,0.0
14784.596901557705,0.0
14130.572870796972,0.0
14046.272438938571,0.0
14176.29533278229,0.0
14579.585796733361,0.0
14356.947587852512,0.0
14591.424172444023,0.0
14051.935220682572,0.0
13979.84372965769,0.0
13739.828202204211,0.0
13498.16147427764,0.0
13419.98150742055,0.0
14196.049252550001,0.0
13217.770058785978,0.0
13536.62157194547,0.0
13656.50158232698,0.0
13911.00553621081,0.0
14298.348183387643,0.0
13931.649806958032,0.0
13429.32686304244,0.0
13239.36046172747,0.0
13787.38268923,0.0
13867.249185752811,0.0
13028.982153610481,0.0
14095.204945104811,0.0
13621.880606999044,0.0
13641.59787459264,0.0
14021.974896434145,0.0
13780.020704343215,0.0
14140.586156123285,0.0
13908.983161551994,0.0
15223.970386866966,0.0
14821.471527925756,0.0
14839.669972523345,0.0
14468.362818165135,0.0
13687.543798318095,0.0
14782.106462952546,0.0
14686.485906470325,0.0
14463.428811454294,0.0
14070.909112974605,0.0
14218.961730248906,0.0
14244.013654075734,0.0
13824.741027239355,0.0
14866.698830050576,0.0
14139.448410526686,0.0
14449.965686746118,0.0
14610.5049287597,0.0
15666.052171408579,0.0
14990.95144329533,0.0
14819.34444474326,0.0
15319.695256074749,0.0
15111.95784223067,0.0
14195.90765692757,0.0
15592.175746700439,0.0
15168.70970898461,0.0
14963.36600080729,0.0
15148.911198510948,0.0
14955.14368031455,0.0
20333.14890505697,1.0
20333.14890505697,1.0
19956.23359630921,1.0
14673.234109077739,0.0
15067.316342843898,0.0
14341.345780100848,0.0
14620.402504515889,0.0
14141.192651968448,0.0
14428.523778661756,0.0
14384.287708603826,0.0
14093.513692101697,0.0
15043.67103730578,0.0
14746.28182149694,0.0
14429.036357125578,0.0
14489.678430847367,0.0
14651.49874490788,0.0
15146.81011189738,0.0
14960.186021840329,0.0
14184.950359285986,0.0
14687.052967194579,0.0
13891.836963732696,0.0
14243.655598693565,0.0
13993.209303325657,0.0
14877.854135519668,0.0
14452.820413149659,0.0
14478.599817238339,0.0
14469.60572098837,0.0
13443.545043344453,0.0
14158.652610618752,0.0
15112.522599728518,0.0
15091.59778717958,0.0
15261.20068157712,0.0
15205.311420895381,0.0
14835.90745641443,0.0
14661.627644919408,0.0
19191.456254417466,1.0
19191.456254417466,1.0
19191.456254417466,1.0
14165.951451969773,0.0
14822.906487420649,0.0
15139.390764856389,0.0
14151.089631975841,0.0
15337.030165978269,0.0
15783.22317351915,0.0
15043.83675316424,0.0
15153.39114165104,0.0
15895.78786980665,0.0
15299.45182169119,0.0
15208.66678853032,0.0
15163.10487651145,0.0
15621.166906308841,0.0
16107.911238362025,0.0
16481.623705980874,0.0
16463.042273284766,0.0
16328.453017456446,0.0
16117.481871511081,0.0
16060.183991395996,0.0
16582.21052869741,0.0
16200.03379329559,0.0
15608.883691874571,0.0
16064.706892914432,0.0
16509.668086562175,0.0
17093.749777078086,0.0
17073.557459963205,0.0
16986.694433521505,0.0
17770.602318529327,0.0
17495.862571710724,0.0
16910.297188033794,0.0
16604.32595636899,0.0
16702.242757022665,0.0
16805.080782692825,0.0
17358.048704101926,0.0
17421.105973995927,0.0
16842.802732182136,0.0
17248.50707825819,0.0
16952.319820502584,0.0
17542.332655887225,0.0
17029.124272427092,0.0
17004.421549720802,0.0
16446.34860774464,0.0
17248.09418456175,0.0
16854.173291216604,0.0
17104.772998618624,0.0
17007.88222816851,0.0
16800.51155775338,0.0
16824.3797317071,0.0
16363.68780664433,0.0
16403.12864927304,0.0
16689.228671498808,0.0
15990.176450058858,0.0
15917.87681403215,0.0
16663.3490536707,0.0
17357.0523390777,0.0
17058.67416417351,0.0
16691.11238743049,0.0
17182.6372784341,0.0
17350.96031468742,0.0
16322.246476973109,0.0
16149.745420753155,0.0
16387.100172935945,0.0
15686.586139481675,0.0
15783.683643637176,0.0
15776.350968667544,0.0
15777.148112067136,0.0
16193.477229705215,0.0
15323.031863021364,0.0
14719.709730939654,0.0
15979.807448229125,0.0
15774.144585994294,0.0
16089.478289492527,0.0
15719.551738138905,0.0
16616.758421251656,0.0
16360.425237707967,0.0
16673.125552447775,0.0
15687.042203558825,0.0
16008.129611301054,0.0
15637.684696626025,0.0
15921.227470777565,0.0
15573.491207681975,0.0
15713.543077713824,0.0
15779.658120584114,0.0
15653.764273630832,0.0
15861.77584698527,0.0
15589.113541110066,0.0
15657.56307646873,0.0
15343.80161289531,0.0
15603.527931246681,0.0
15594.67635176397,0.0
16390.016898448634,0.0
16070.616149871923,0.0
16345.000747840195,0.0
17000.207077214636,0.0
17321.834926820564,0.0
17371.639782818766,0.0
17964.04171626829,0.0
17565.15179044244,0.0
17972.17963607725,0.0
18373.45421814438,0.0
18418.77690385479,0.0
18712.18396232819,0.0
18783.31235977895,0.0
18439.824158137868,0.0
19059.93157172865,0.0
18693.26963156748,0.0
18411.55617443542,0.0
18155.93662315981,0.0
18221.8887761497,0.0
18528.42388766043,0.0
17651.92140840429,0.0
18906.02892234648,0.0
18078.92807368506,0.0
18131.129662713618,0.0
17901.78705002906,0.0
16971.936154465326,0.0
16785.428076947188,0.0
16963.202571504014,0.0
17259.582592044084,0.0
17217.986881317676,0.0
16850.455407882335,0.0
15680.374607710324,0.0
16934.770736068385,0.0
16570.838441804124,0.0
16462.772996195716,0.0
16625.523926913895,0.0
16472.336177696325,0.0
17230.462902107276,0.0
16169.087939656376,0.0
16463.886382340293,0.0
16936.571919393857,0.0
17148.425059363086,0.0
17308.478402878147,0.0
17147.260755342686,0.0
17606.7779685043,0.0
18189.77653463339,0.0
17544.36741950695,0.0
17853.68719323877,0.0
18372.609810615802,0.0
18498.104135287125,0.0
18019.088695478713,0.0
18596.758191555742,0.0
17834.1633161494,0.0
17565.26299515224,0.0
17714.01743801332,0.0
17839.525048975338,0.0
17440.51648885859,0.0
17248.037230959806,0.0
16690.282076673357,0.0
17208.480391637288,0.0
16825.120954459006,0.0
16711.467906536418,0.0
17845.3587100017,0.0
17554.454207540868,0.0
17295.55378559837,0.0
16492.037792607196,0.0
15790.446433905025,0.0
15825.677199221025,0.0
15349.892461279826,0.0
15544.457940438155,0.0
15943.585120867436,0.0
15212.251185491265,0.0
15524.504023596975,0.0
15036.385037123255,0.0
16009.258245723955,0.0
15422.146251117296,0.0
15378.317804723125,0.0
15669.706529556115,0.0
15548.108175692134,0.0
15224.293239062365,0.0
15745.906749558855,0.0
15671.066145429955,0.0
16240.365132113815,0.0
15323.384222146206,0.0
15424.619685660346,0.0
15983.334683287205,0.0
15538.750361502676,0.0
16087.946461509036,0.0
16655.543175906118,0.0
15477.905818022757,0.0
15548.127293184005,0.0
15341.568388776364,0.0
14987.670253773205,0.0
15088.092115453934,0.0
15184.914243968384,0.0
14604.222760615074,0.0
14239.208846993653,0.0
13862.947573366851,0.0
14678.098403298844,0.0
13922.730264654743,0.0
14184.500512870582,0.0
13626.959019837612,0.0
14051.956042077443,0.0
14056.725066636081,0.0
14110.183331701593,0.0
13632.816418452012,0.0
13285.640289204,0.0
13930.923579112301,0.0
13014.24144119483,0.0
13468.40309554584,0.0
13263.30918107044,0.0
13967.416175657108,0.0
13324.1711802633,0.0
13940.87629508585,0.0
13993.825348130122,0.0
13574.274763024814,0.0
14603.933734972765,0.0
14647.257000384776,0.0
14041.170978350734,0.0
13770.429319904975,0.0
15482.534984416387,0.0
14313.397190672635,0.0
13913.564831380545,0.0
14377.794368781484,0.0
13512.388009824102,0.0
14039.917047650893,0.0
14081.455577923885,0.0
14127.833389494146,0.0
14644.254890662356,0.0
14558.463183841135,0.0
14309.185207429375,0.0
13944.810409101734,0.0
13629.550516687252,0.0
13309.466137755171,0.0
13475.634697609261,0.0
13841.323411039113,0.0
14083.214130115985,0.0
13502.318556876804,0.0
13111.302139858712,0.0
13704.684632560293,0.0
14102.744339150635,0.0
14223.634562862775,0.0
18770.182414560153,1.0
18770.182414560153,1.0
18770.182414560153,1.0
14887.405849701365,0.0
14864.775464355636,0.0
14410.036931244395,0.0
13761.240976741374,0.0
14258.499797542705,0.0
13969.183521106173,0.0
14511.028264727514,0.0
14490.188893609995,0.0
15477.533307999865,0.0
15185.716049170765,0.0
15075.726086675157,0.0
15188.977209794868,0.0
15793.61314319763,0.0
17348.9355435491,0.0
17014.548284769142,0.0
16857.44328117848,0.0
16281.76992818424,0.0
15922.292551905488,0.0
15839.723863489478,0.0
15723.386171936298,0.0
15660.543945790487,0.0
15139.322393628794,0.0
14432.486951639405,0.0
14192.30155943847,0.0
13725.044830988481,0.0
14588.392037518552,0.0
15215.363710887344,0.0
14181.977238817944,0.0
14318.774146553173,0.0
14453.988199254625,0.0
14387.708460382364,0.0
15528.170195803184,0.0
15596.197846713974,0.0
15533.422644603053,0.0
15079.853387608633,0.0
13995.194408477691,0.0
15152.546224201014,0.0
14811.474723640575,0.0
15009.351413275484,0.0
15190.281875783585,0.0
15174.862020375944,0.0
15824.055013901554,0.0
15022.032662745383,0.0
15055.358366223365,0.0
15372.445293922665,0.0
16012.887829682055,0.0
15646.173852712354,0.0
15598.406003763816,0.0
15530.039972130846,0.0
16031.415561153866,0.0
16222.679446285805,0.0
16357.677748660157,0.0
16618.144924305256,0.0
16154.270019702075,0.0
17183.02439477263,0.0
16809.79663347057,0.0
17328.056857944008,0.0
17191.34259248473,0.0
17381.449821969356,0.0
17301.88347187027,0.0
17785.48306482649,0.0
17943.08196844621,0.0
16944.11899245156,0.0
18124.52094232775,0.0
17559.17371463016,0.0
18497.474432504758,0.0
17817.0215100955,0.0
17945.933605760358,0.0
18766.36845768883,0.0
18485.01344526863,0.0
18542.84557076508,0.0
18695.95866070084,0.0
18902.768906611098,0.0
17895.11873371241,0.0
17988.24175501585,0.0
17916.096077942806,0.0
17617.682602419878,0.0
17152.983805621447,0.0
18571.47400289264,0.0
17928.271197876507,0.0
17866.19974285582,0.0
17840.920041005025,0.0
18081.01321766765,0.0
17731.432025230937,0.0
17106.170644829625,0.0
16920.853036534096,0.0
17133.976603168223,0.0
17047.911885261376,0.0
16707.729192273244,0.0
18088.825063058644,0.0
17435.125938198984,0.0
17121.825368494825,0.0
16972.243454217692,0.0
15985.370930461044,0.0
17728.118379954205,0.0
17242.365984942113,0.0
16544.065375335613,0.0
16281.64630504602,0.0
16387.69949827883,0.0
16701.73949001797,0.0
16077.96329381501,0.0
16367.924926620348,0.0
15903.503372866599,0.0
15823.46524739192,0.0
15967.468358314098,0.0
17036.82191115907,0.0
16403.8902395625,0.0
16392.403629035853,0.0
16372.083360993613,0.0
16828.068092369453,0.0
17308.542941076175,0.0
16938.67669092695,0.0
16398.97103580405,0.0
15474.32188731034,0.0
16341.43662000353,0.0
17159.683162629663,0.0
16116.125082431452,0.0
17432.398396162895,0.0
16759.053452687825,0.0
17534.174057876357,0.0
16771.761378553016,0.0
17479.413216125453,0.0
16641.60087914855,0.0
17336.087451561827,0.0
17311.629062599994,0.0
16801.764387445564,0.0
16686.105644548392,0.0
16787.820166850703,0.0
16655.372484984182,0.0
17200.455026331652,0.0
16547.25322833541,0.0
15767.254077733429,0.0
15656.171841874508,0.0
15241.024229069437,0.0
14970.122814323346,0.0
14822.827725032235,0.0
15991.402442437684,0.0
15183.427220131114,0.0
14744.242840612274,0.0
14328.354670824425,0.0
15799.618153607109,0.0
16176.89045231729,0.0
14854.611365335786,0.0
15727.512553970759,0.0
15434.751627023918,0.0
15339.290471351036,0.0
15491.183958794889,0.0
15577.61530970558,0.0
15668.15496382018,0.0
15598.030789808297,0.0
15666.855771982628,0.0
14553.343820353288,0.0
14353.756902951774,0.0
15516.84435169082,0.0
14732.481509969806,0.0
15148.582405567508,0.0
14159.096478592004,0.0
15653.472445157837,0.0
14751.65917593856,0.0
15426.44495522654,0.0
15531.244890913342,0.0
15502.558865126119,0.0
15258.373626013003,0.0
15834.08854653025,0.0
15807.61238403386,0.0
15575.924602945091,0.0
15641.557053580204,0.0
16646.453797415135,0.0
15731.005890774095,0.0
17063.068856684346,0.0
17414.892562727815,0.0
17015.651117327205,0.0
16619.752286087634,0.0
17659.037302452907,0.0
16616.329838407364,0.0
16319.357307358976,0.0
16096.904581273626,0.0
15783.870415505155,0.0
15747.074666154014,0.0
15814.218171398425,0.0
15355.029161837203,0.0
15512.721846156104,0.0
15207.533335032842,0.0
15197.194044739921,0.0
15495.322464639483,0.0
16508.542169618766,0.0
15720.694647833505,0.0
15726.344462644633,0.0
15744.131594088854,0.0
15107.459206343474,0.0
15119.050813053864,0.0
15066.82260956518,0.0
14806.2944258899,0.0
14637.66146867614,0.0
14293.866312251048,0.0
14772.62012284396,0.0
13806.459569283039,0.0
14172.578153239498,0.0
12720.343171982006,0.0
12695.344954692344,0.0
13655.945520693354,0.0
13669.021392606524,0.0
12502.063475760695,0.0
13390.660793894125,0.0
12785.184444495206,0.0
13329.317745885233,0.0
12821.050707256734,0.0
13115.127774657825,0.0
13413.286414143797,0.0
13108.866237280447,0.0
13766.362550272057,0.0
13482.286630862838,0.0
13629.068848600238,0.0
13198.971914898628,0.0
13312.100040135829,0.0
13140.231814490984,0.0
12116.130194708185,0.0
12743.098214941845,0.0
12840.813131489886,0.0
13594.927117616067,0.0
12727.000798773744,0.0
12301.339357953224,0.0
12405.448585968203,0.0
12025.955103706332,0.0
12971.500599342504,0.0
11726.584778034892,0.0
12150.150721784872,0.0
11639.364012147722,0.0
12110.866773038222,0.0
12513.282513155033,0.0
12891.504364111945,0.0
12048.90437912564,0.0
11323.5883597629,0.0
11310.27711965764,0.0
11995.18170443776,0.0
11570.80269870377,0.0
11682.4265217113,0.0
11980.617358252732,0.0
12255.1769738664,0.0
12598.3966658567,0.0
12571.046726078122,0.0
11718.528370167061,0.0
12407.471197254461,0.0
11722.72905844514,0.0
12546.354243850341,0.0
12904.72917888336,0.0
11476.3902734861,0.0
12301.86557393417,0.0
12139.14668715023,0.0
11928.669828251692,0.0
11868.77033325849,0.0
12272.706379919611,0.0
12280.547882028672,0.0
11874.40310455249,0.0
12808.480830904922,0.0
12308.49144498609,0.0
12114.26441643166,0.0
11848.84632325733,0.0
12088.43938558476,0.0
12318.32867202047,0.0
12371.252936261692,0.0
12003.23658325118,0.0
12115.576846196811,0.0
12177.7072070359,0.0
12009.337456204437,0.0
12581.347233517361,0.0
12779.98245062997,0.0
12204.42051112205,0.0
12895.33874953521,0.0
13172.6030348122,0.0
12434.362281144871,0.0
12662.152514833972,0.0
13937.952038871095,0.0
13598.145144271635,0.0
13548.777820702162,0.0
12969.539124677322,0.0
13267.315796873161,0.0
13134.59084191831,0.0
13375.559400930902,0.0
13474.68329940737,0.0
13930.392198181422,0.0
13651.01176499472,0.0
12653.17560998297,0.0
13125.961433283139,0.0
12577.8935299739,0.0
12760.855839320091,0.0
13809.296217001862,0.0
14490.362471522674,0.0
14457.300498191933,0.0
14558.469316169943,0.0
14445.568032453264,0.0
14259.951778091065,0.0
14163.735629946852,0.0
14738.359893823092,0.0
14487.566888184994,0.0
14775.808605316424,0.0
14815.215162109074,0.0
15090.196421879875,0.0
14009.147666736113,0.0
14279.137069886001,0.0
14154.60110962341,0.0
13588.8646884772,0.0
13821.05916627097,0.0
13719.53513536764,0.0
13530.03357703413,0.0
13732.25978337989,0.0
14930.369464219551,0.0
14737.816209442732,0.0
15360.198722918165,0.0
14788.096389715305,0.0
15904.996472179855,0.0
15708.096668791426,0.0
15485.850259754854,0.0
15837.747046360764,0.0
15787.548949866085,0.0
16309.439480961037,0.0
15931.183540017795,0.0
15468.165425394924,0.0
15867.808641288484,0.0
15656.571458163146,0.0
16403.121668824537,0.0
15736.020336669166,0.0
15978.905367180723,0.0
15618.077319298725,0.0
16072.968862540814,0.0
15898.438738362465,0.0
15592.444371227546,0.0
16328.161383079096,0.0
16443.643034102726,0.0
15736.686530742354,0.0
16013.758601745736,0.0
16493.114076619517,0.0
16394.518176421727,0.0
16779.82700941751,0.0
16738.274401537827,0.0
16415.804623390628,0.0
16544.02021294163,0.0
16767.64623849018,0.0
17478.08526706202,0.0
17002.30497922907,0.0
17267.87273696266,0.0
16888.32057392307,0.0
17067.488534826756,0.0
16804.635342814378,0.0
17304.964302505992,0.0
17329.700282110072,0.0
16910.107141085602,0.0
17600.78199956097,0.0
17522.15060787234,0.0
17965.0878226589,0.0
17183.81346233064,0.0
16859.386037646702,0.0
18458.74515670401,0.0
18285.391740916053,0.0
17682.57838989942,0.0
17362.498437435443,0.0
17384.50347128928,0.0
17801.07761452351,0.0
16765.09855833388,0.0
16955.714073854368,0.0
16687.56038095172,0.0
17194.79363244174,0.0
16286.576266551387,0.0
17405.2554687065,0.0
16647.792258959624,0.0
16586.43366819529,0.0
16472.738601048786,0.0
16329.707920885485,0.0
16594.073847467454,0.0
17007.745469806636,0.0
16587.663713685328,0.0
15882.748945112395,0.0
16092.449111098063,0.0
16431.943159454924,0.0
15508.425206316295,0.0
15338.420859687574,0.0
15614.460682496185,0.0
15369.637339990182,0.0
14782.980334078533,0.0
14120.87987405201,0.0
14536.339298902341,0.0
15423.858607347971,0.0
15354.75167824429,0.0
15216.745727519472,0.0
14870.983053143893,0.0
14626.930438181591,0.0
13911.59875143437,0.0
14155.979311936459,0.0
13264.247661691239,0.0
13731.23851114023,0.0
13702.89346798725,0.0
13545.11712465651,0.0
14888.074248490131,0.0
14777.20438532603,0.0
13492.870677817398,0.0
14146.82255171028,0.0
14455.02733777892,0.0
14460.99838647714,0.0
14065.77190574892,0.0
13660.311131615581,0.0
13524.89675875489,0.0
13666.84964904785,0.0
14370.063270803632,0.0
13935.362345456262,0.0
14570.086818061322,0.0
13803.935397455352,0.0
14470.001701373501,0.0
14896.939853897735,0.0
14733.383066839335,0.0
14720.750602803835,0.0
15396.462310360135,0.0
14588.896112394355,0.0
14544.186964266806,0.0
14703.154931951465,0.0
15298.153768183087,0.0
15343.306021267968,0.0
15368.67667810242,0.0
15219.047473630419,0.0
15105.645202107087,0.0
15509.459811735138,0.0
16305.812796131242,0.0
15205.75231352721,0.0
15484.093250619582,0.0
15894.611999952722,0.0
16025.87251990136,0.0
15026.625298103088,0.0
15235.080485558608,0.0
15919.063939263979,0.0
14435.293665495017,0.0
14553.234849190498,0.0
14271.062395350666,0.0
14252.358628515227,0.0
14430.864635611815,0.0
14052.861389055937,0.0
14193.492705595454,0.0
13639.274392310224,0.0
14045.154098706955,0.0
14616.401838307724,0.0
14834.560666622529,0.0
14781.102309899396,0.0
14902.934162031288,0.0
14226.424298387925,0.0
14333.780096835448,0.0
14215.782419019855,0.0
13843.044211231085,0.0
14020.832841285046,0.0
13622.384854150656,0.0
14320.784258366624,0.0
13434.268193464024,0.0
13280.880237772893,0.0
14065.463815292354,0.0
13533.883225759075,0.0
14340.848737140675,0.0
14269.594524487737,0.0
14380.132034846945,0.0
14108.437103441745,0.0
14451.794061228007,0.0
13933.869899326386,0.0
14386.426039487014,0.0
14231.811839296837,0.0
14541.479749647708,0.0
15198.032899468111,0.0
15196.224456416152,0.0
15775.062307912202,0.0
15494.834661652161,0.0
15397.96689294844,0.0
15130.643919459291,0.0
15266.23681968814,0.0
14962.348208965337,0.0
14996.488718475877,0.0
14888.626163816269,0.0
14889.852607249202,0.0
14998.54345394453,0.0
15384.747989872481,0.0
14886.28612911209,0.0
15249.747965760867,0.0
14077.748623683818,0.0
14127.747998741408,0.0
14533.995601145658,0.0
14948.245746139079,0.0
15288.066797771087,0.0
14454.441643891707,0.0
14845.785089099598,0.0
15397.437788375511,0.0
14886.694362890372,0.0
15712.296030991401,0.0
15378.32344240008,0.0
16176.481665658392,0.0
15705.502356935302,0.0
15096.878274922132,0.0
15178.07484831517,0.0
14954.322609675397,0.0
14921.227692522822,0.0
14876.440671799028,0.0
15539.635579956277,0.0
14804.237609978987,0.0
15585.150955548677,0.0
16007.753131947951,0.0
15540.829640845932,0.0
15292.633514429139,0.0
16462.580903839233,0.0
15773.64886530479,0.0
16367.56921999474,0.0
16700.248446998772,0.0
16328.975465165131,0.0
16075.446687380341,0.0
15289.76022493656,0.0
15991.903111926098,0.0
14761.596470291206,0.0
15046.076730516157,0.0
14903.283109382566,0.0
16065.287038245988,0.0
14971.353710333608,0.0
15890.39416145051,0.0
15978.36734591318,0.0
16083.8212237437,0.0
16086.663476204149,0.0
16648.30922747034,0.0
17072.23240655753,0.0
16827.13243420804,0.0
17512.039607911724,0.0
16147.69813993882,0.0
16746.40112878214,0.0
17647.659785885793,0.0
17322.695723448014,0.0
