11.0,0.0
20178.64172810318,0.0
135722.6417281032,0.0
144721.28345620635,0.0
152690.92518430954,0.0
151589.28345620635,0.0
150518.28345620635,0.0
142369.6417281032,0.0
134153.0,0.0
128607.64172810318,0.0
117517.0,0.0
118426.64172810318,0.0
107953.0,0.0
99726.35827189682,0.0
98165.35827189682,0.0
97916.35827189682,0.0
96729.71654379363,0.0
94243.07481569046,0.0
99246.07481569046,0.0
101491.07481569046,0.0
109110.71654379363,0.0
110995.07481569046,0.0
114641.71654379363,0.0
117100.71654379363,0.0
125959.35827189682,0.0
129961.0,0.0
135154.0,0.0
137165.0,0.0
144033.6417281032,0.0
149070.6417281032,0.0
148812.6417281032,0.0
151839.28345620635,0.0
146471.28345620635,0.0
140247.92518430954,0.0
129226.28345620637,0.0
126603.92518430954,0.0
119392.92518430954,0.0
122773.56691241272,0.0
114652.92518430954,0.0
110439.28345620637,0.0
109433.64172810318,0.0
118400.28345620637,0.0
120461.64172810318,0.0
125973.64172810318,0.0
131088.28345620635,0.0
127400.64172810318,0.0
133920.28345620635,0.0
134955.28345620635,0.0
143236.92518430954,0.0
144303.92518430954,0.0
146230.92518430954,0.0
151054.28345620635,0.0
148445.6417281032,0.0
147132.6417281032,0.0
151201.28345620635,0.0
156461.92518430954,0.0
143346.28345620635,0.0
136243.28345620635,0.0
132051.92518430954,0.0
125741.92518430954,0.0
120033.92518430954,0.0
118214.92518430954,0.0
114633.92518430954,0.0
104671.28345620637,0.0
120865.92518430954,0.0
128553.56691241272,0.0
135933.2086405159,0.0
139750.2086405159,0.0
143020.85036861908,0.0
141835.2086405159,0.0
130648.20864051589,0.0
149602.85036861908,0.0
150868.85036861908,0.0
151811.2086405159,0.0
154233.2086405159,0.0
159481.85036861908,0.0
160982.2086405159,0.0
154645.56691241273,0.0
152278.92518430954,0.0
150242.28345620635,0.0
147072.28345620635,0.0
140719.92518430954,0.0
132517.56691241273,0.0
128479.20864051589,0.0
124913.56691241272,0.0
123774.20864051589,0.0
114780.56691241272,0.0
109098.92518430954,0.0
110000.28345620637,0.0
119487.92518430954,0.0
123644.28345620637,0.0
131741.92518430954,0.0
129587.92518430954,0.0
140790.56691241273,0.0
133185.56691241273,0.0
139772.56691241273,0.0
147673.2086405159,0.0
150935.56691241273,0.0
145880.56691241273,0.0
156595.2086405159,0.0
155646.56691241273,0.0
156753.56691241273,0.0
150415.92518430954,0.0
148075.28345620635,0.0
140872.28345620635,0.0
128993.64172810318,0.0
128400.28345620637,0.0
116402.64172810318,0.0
112250.64172810318,0.0
101923.0,0.0
90436.35827189682,0.0
101713.0,0.0
103339.0,0.0
104448.35827189682,0.0
120618.0,0.0
114070.35827189682,0.0
117628.35827189682,0.0
125648.0,0.0
131105.6417281032,0.0
128627.0,0.0
127055.35827189682,0.0
128771.35827189682,0.0
125519.71654379363,0.0
132185.3582718968,0.0
126069.71654379363,0.0
125363.71654379363,0.0
121088.07481569046,0.0
116869.43308758728,0.0
114460.07481569046,0.0
107691.43308758728,0.0
106231.07481569046,0.0
102706.71654379363,0.0
100832.71654379363,0.0
102054.35827189682,0.0
103228.0,0.0
108009.64172810318,0.0
118587.28345620637,0.0
121605.28345620637,0.0
122831.64172810318,0.0
124249.0,0.0
121047.35827189682,0.0
120067.35827189682,0.0
117627.71654379363,0.0
117428.07481569046,0.0
118422.43308758728,0.0
125758.07481569046,0.0
128321.71654379363,0.0
128333.07481569046,0.0
125729.43308758728,0.0
128788.79135948411,0.0
134524.43308758727,0.0
132984.43308758727,0.0
130100.07481569046,0.0
118789.43308758728,0.0
108166.79135948411,0.0
105518.43308758728,0.0
106295.07481569046,0.0
100431.07481569046,0.0
96302.07481569046,0.0
98183.07481569046,0.0
98918.07481569046,0.0
111408.71654379363,0.0
120063.35827189682,0.0
128973.0,0.0
133497.3582718968,0.0
130039.71654379363,0.0
129972.71654379363,0.0
134337.71654379365,0.0
126642.71654379363,0.0
143448.71654379365,0.0
140048.07481569046,0.0
143227.43308758727,0.0
149279.43308758727,0.0
141122.7913594841,0.0
142048.7913594841,0.0
133641.14963138092,0.0
129728.79135948411,0.0
122213.79135948411,0.0
115216.79135948411,0.0
103922.14963138092,0.0
92594.50790327774,0.0
92452.14963138092,0.0
94571.79135948411,0.0
99208.43308758728,0.0
102273.43308758728,0.0
107786.43308758728,0.0
116860.07481569046,0.0
119356.07481569046,0.0
121489.07481569046,0.0
129360.71654379363,0.0
127055.07481569046,0.0
130979.07481569046,0.0
110647.43308758728,0.0
126775.43308758728,0.0
133103.07481569046,0.0
139065.71654379365,0.0
144727.3582718968,0.0
140635.71654379365,0.0
147600.3582718968,0.0
146387.3582718968,0.0
146922.0,0.0
134862.0,0.0
116696.35827189682,0.0
114592.0,0.0
119688.64172810318,0.0
115028.64172810318,0.0
110344.64172810318,0.0
110791.64172810318,0.0
116683.28345620637,0.0
123378.28345620637,0.0
126745.28345620637,0.0
133774.28345620635,0.0
139429.92518430954,0.0
142069.92518430954,0.0
138722.28345620635,0.0
140959.6417281032,0.0
138269.0,0.0
139166.0,0.0
147042.6417281032,0.0
147133.0,0.0
147654.0,0.0
149540.0,0.0
158101.6417281032,0.0
159835.6417281032,0.0
152443.0,0.0
137813.3582718968,0.0
130606.0,0.0
126351.64172810318,0.0
120914.64172810318,0.0
123137.28345620637,0.0
121746.92518430954,0.0
117541.28345620637,0.0
117793.64172810318,0.0
122598.64172810318,0.0
128817.64172810318,0.0
134259.28345620635,0.0
137440.28345620635,0.0
145393.92518430954,0.0
148472.56691241273,0.0
150940.56691241273,0.0
155152.56691241273,0.0
154957.56691241273,0.0
164991.2086405159,0.0
170049.85036861908,0.0
178510.49209672227,0.0
185484.13382482543,0.0
178495.49209672227,0.0
186408.13382482543,0.0
178079.13382482543,0.0
175346.77555292862,0.0
162388.13382482543,0.0
151374.49209672227,0.0
144888.85036861908,0.0
137940.85036861908,0.0
130399.20864051589,0.0
131099.2086405159,0.0
132207.2086405159,0.0
130442.56691241272,0.0
142414.2086405159,0.0
150104.85036861908,0.0
150743.85036861908,0.0
153439.2086405159,0.0
154445.2086405159,0.0
149989.56691241273,0.0
143395.92518430954,0.0
156407.56691241273,0.0
162281.2086405159,0.0
163636.2086405159,0.0
168843.2086405159,0.0
173920.85036861908,0.0
179050.49209672227,0.0
180064.49209672227,0.0
175881.13382482543,0.0
163148.49209672227,0.0
160155.13382482543,0.0
150635.49209672227,0.0
139634.85036861908,0.0
132470.85036861908,0.0
129772.85036861908,0.0
126014.85036861908,0.0
136850.49209672227,0.0
141880.49209672227,0.0
137628.85036861908,0.0
147866.85036861908,0.0
151647.85036861908,0.0
150521.2086405159,0.0
151334.56691241273,0.0
155040.2086405159,0.0
160636.85036861908,0.0
170222.49209672227,0.0
169905.49209672227,0.0
175622.13382482543,0.0
180537.77555292862,0.0
186205.41728103178,0.0
185334.05900913497,0.0
183066.41728103178,0.0
176758.41728103178,0.0
171212.41728103178,0.0
160923.77555292862,0.0
159068.41728103178,0.0
157124.05900913497,0.0
155424.70073723816,0.0
157462.34246534132,0.0
156824.34246534132,0.0
164147.9841934445,0.0
169605.9841934445,0.0
174845.9841934445,0.0
175617.34246534132,0.0
183699.9841934445,0.0
188522.6259215477,0.0
186392.9841934445,0.0
192789.6259215477,0.0
189447.9841934445,0.0
185287.9841934445,0.0
192660.9841934445,0.0
203606.34246534132,0.0
205713.34246534132,0.0
204143.34246534132,0.0
204230.34246534132,0.0
198209.70073723816,0.0
193719.34246534132,0.0
182679.70073723816,0.0
175655.70073723816,0.0
169602.70073723816,0.0
160541.70073723816,0.0
151221.05900913497,0.0
142365.41728103178,0.0
141559.41728103178,0.0
144000.77555292862,0.0
155543.41728103178,0.0
166526.05900913497,0.0
172475.05900913497,0.0
171886.41728103178,0.0
167836.77555292862,0.0
174417.41728103178,0.0
169320.77555292862,0.0
169242.13382482543,0.0
174223.77555292862,0.0
187138.41728103178,0.0
196632.05900913497,0.0
197649.05900913497,0.0
194813.41728103178,0.0
196501.41728103178,0.0
190551.77555292862,0.0
183008.77555292862,0.0
178932.41728103178,0.0
174916.05900913497,0.0
170132.05900913497,0.0
162832.05900913497,0.0
160838.05900913497,0.0
151610.41728103178,0.0
136230.77555292862,0.0
142952.13382482543,0.0
143706.49209672227,0.0
142921.85036861908,0.0
143030.2086405159,0.0
140914.56691241273,0.0
154359.2086405159,0.0
141457.2086405159,0.0
72642.20864051589,1.0
163495.85036861908,0.0
159512.2086405159,0.0
167931.2086405159,0.0
174108.85036861908,0.0
173364.85036861908,0.0
176323.85036861908,0.0
185098.49209672227,0.0
186813.13382482543,0.0
184979.77555292862,0.0
179739.41728103178,0.0
172218.05900913497,0.0
163709.05900913497,0.0
155241.41728103178,0.0
155865.05900913497,0.0
153723.05900913497,0.0
154168.05900913497,0.0
163269.70073723816,0.0
169259.70073723816,0.0
179018.34246534132,0.0
175929.70073723816,0.0
181577.34246534132,0.0
187278.34246534132,0.0
191548.34246534132,0.0
191484.34246534132,0.0
196238.9841934445,0.0
199525.6259215477,0.0
202766.9841934445,0.0
203520.34246534132,0.0
208259.34246534132,0.0
210316.9841934445,0.0
207712.34246534132,0.0
209707.70073723816,0.0
205079.34246534132,0.0
196602.34246534132,0.0
184076.70073723816,0.0
175765.70073723816,0.0
167012.05900913497,0.0
159212.41728103178,0.0
157935.05900913497,0.0
156884.05900913497,0.0
156415.05900913497,0.0
160084.05900913497,0.0
166871.05900913497,0.0
170736.05900913497,0.0
160992.05900913497,0.0
145509.41728103178,0.0
137407.41728103178,0.0
142247.41728103178,0.0
176404.05900913497,0.0
175167.41728103178,0.0
167574.05900913497,0.0
182189.70073723816,0.0
197411.70073723816,0.0
197522.34246534132,0.0
204176.34246534132,0.0
215085.9841934445,0.0
204918.34246534132,0.0
196106.34246534132,0.0
186297.34246534132,0.0
180141.34246534132,0.0
168093.70073723816,0.0
164657.70073723816,0.0
160597.70073723816,0.0
163520.34246534132,0.0
163602.34246534132,0.0
171994.9841934445,0.0
176800.34246534132,0.0
183916.9841934445,0.0
189737.6259215477,0.0
196369.26764965086,0.0
192599.6259215477,0.0
192884.9841934445,0.0
193876.9841934445,0.0
192650.9841934445,0.0
204048.9841934445,0.0
204660.9841934445,0.0
199512.34246534132,0.0
200989.34246534132,0.0
201080.9841934445,0.0
202812.6259215477,0.0
205005.26764965086,0.0
201241.26764965086,0.0
197664.90937775408,0.0
183440.26764965086,0.0
179132.26764965086,0.0
169353.26764965086,0.0
167115.26764965086,0.0
178171.90937775408,0.0
176878.26764965086,0.0
184157.26764965086,0.0
183004.6259215477,0.0
186389.9841934445,0.0
193453.6259215477,0.0
197775.6259215477,0.0
181879.26764965086,0.0
206712.6259215477,0.0
211578.6259215477,0.0
202626.9841934445,0.0
202750.9841934445,0.0
200242.34246534132,0.0
202828.9841934445,0.0
198105.34246534132,0.0
196783.34246534132,0.0
198681.34246534132,0.0
199915.9841934445,0.0
198343.6259215477,0.0
195779.26764965086,0.0
189122.26764965086,0.0
180845.26764965086,0.0
182576.90937775408,0.0
181932.55110585724,0.0
183611.1928339604,0.0
184210.1928339604,0.0
194456.8345620636,0.0
209305.4762901668,0.0
218402.11801826995,0.0
228389.75974637314,0.0
234825.40147447633,0.0
239698.40147447633,0.0
244794.0432025795,0.0
248458.0432025795,0.0
254215.68493068268,0.0
258483.68493068268,0.0
259621.68493068268,0.0
258287.68493068268,0.0
269421.32665878587,0.0
264644.68493068265,0.0
269126.32665878587,0.0
258764.32665878587,0.0
250222.32665878587,0.0
240525.32665878587,0.0
238312.96838688903,0.0
229831.32665878587,0.0
226454.96838688903,0.0
227617.61011499225,0.0
227859.61011499225,0.0
229782.61011499225,0.0
234121.61011499225,0.0
244070.2518430954,0.0
244475.61011499225,0.0
245275.96838688903,0.0
249476.96838688903,0.0
250217.32665878587,0.0
249729.68493068268,0.0
248116.0432025795,0.0
248419.0432025795,0.0
252856.0432025795,0.0
253335.0432025795,0.0
257013.0432025795,0.0
268033.68493068265,0.0
265478.0432025795,0.0
246926.40147447633,0.0
254991.40147447633,0.0
242108.40147447633,0.0
237626.0432025795,0.0
228897.0432025795,0.0
224765.68493068268,0.0
223771.32665878587,0.0
220061.32665878587,0.0
225994.96838688903,0.0
236320.61011499225,0.0
243121.61011499225,0.0
247056.96838688903,0.0
252270.61011499225,0.0
260907.2518430954,0.0
271767.89357119857,0.0
278183.53529930173,0.0
279043.17702740495,0.0
287402.81875550817,0.0
290052.4604836113,0.0
292704.4604836113,0.0
293390.81875550817,0.0
295412.17702740495,0.0
306759.81875550817,0.0
304139.4604836113,0.0
303575.4604836113,0.0
291462.81875550817,0.0
279706.17702740495,0.0
267218.53529930173,0.0
252787.89357119857,0.0
248245.89357119857,0.0
239841.2518430954,0.0
231143.61011499225,0.0
234368.2518430954,0.0
243179.89357119857,0.0
246828.2518430954,0.0
253513.2518430954,0.0
253133.61011499225,0.0
255492.61011499225,0.0
256192.96838688903,0.0
259268.61011499225,0.0
263786.61011499225,0.0
268491.2518430954,0.0
270929.89357119857,0.0
276397.53529930173,0.0
289613.17702740495,0.0
292669.53529930173,0.0
288272.89357119857,0.0
295260.53529930173,0.0
291174.89357119857,0.0
281828.2518430954,0.0
270951.61011499225,0.0
255967.61011499225,0.0
250923.2518430954,0.0
246884.89357119857,0.0
241580.89357119857,0.0
235372.2518430954,0.0
232815.61011499225,0.0
242323.2518430954,0.0
249874.2518430954,0.0
256239.2518430954,0.0
261315.89357119857,0.0
261801.2518430954,0.0
259049.61011499225,0.0
263012.61011499225,0.0
264078.61011499225,0.0
263976.61011499225,0.0
266653.61011499225,0.0
263221.968386889,0.0
270670.61011499225,0.0
276143.61011499225,0.0
280487.2518430954,0.0
285101.89357119857,0.0
281896.2518430954,0.0
274402.61011499225,0.0
243014.61011499225,0.0
255826.61011499225,0.0
249909.2518430954,0.0
239359.61011499225,0.0
234946.2518430954,0.0
235074.89357119857,0.0
233146.2518430954,0.0
242711.89357119857,0.0
247866.89357119857,0.0
254615.89357119857,0.0
262241.53529930173,0.0
269932.17702740495,0.0
272749.17702740495,0.0
271918.53529930173,0.0
268217.53529930173,0.0
271288.53529930173,0.0
276992.17702740495,0.0
275911.17702740495,0.0
273129.53529930173,0.0
268940.89357119857,0.0
277906.53529930173,0.0
275858.53529930173,0.0
278661.53529930173,0.0
283160.17702740495,0.0
270013.81875550817,0.0
276864.4604836113,0.0
264793.4604836113,0.0
261611.10221171446,0.0
256676.10221171446,0.0
247793.4604836113,0.0
251130.10221171446,0.0
253849.10221171446,0.0
256357.4604836113,0.0
268170.1022117145,0.0
272816.1022117145,0.0
273209.4604836113,0.0
282803.1022117145,0.0
282968.1022117145,0.0
289710.74393981765,0.0
289284.74393981765,0.0
288173.1022117145,0.0
291528.1022117145,0.0
289343.4604836113,0.0
288297.4604836113,0.0
292490.4604836113,0.0
287548.4604836113,0.0
255281.81875550814,0.0
279600.81875550817,0.0
267156.81875550817,0.0
264105.4604836113,0.0
265112.1022117145,0.0
254916.4604836113,0.0
247285.81875550814,0.0
240068.4604836113,0.0
250861.10221171446,0.0
248749.4604836113,0.0
249062.81875550814,0.0
261252.4604836113,0.0
263051.81875550817,0.0
269884.81875550817,0.0
270666.81875550817,0.0
275891.4604836113,0.0
275938.4604836113,0.0
274244.4604836113,0.0
277944.4604836113,0.0
272616.81875550817,0.0
281250.4604836113,0.0
282858.4604836113,0.0
285100.1022117145,0.0
296328.74393981765,0.0
294138.74393981765,0.0
286445.1022117145,0.0
278004.4604836113,0.0
263319.81875550817,0.0
255714.81875550814,0.0
248002.81875550814,0.0
251679.4604836113,0.0
254006.10221171446,0.0
257443.10221171446,0.0
255134.4604836113,0.0
266659.1022117145,0.0
278337.74393981765,0.0
274755.1022117145,0.0
279665.1022117145,0.0
287541.74393981765,0.0
290462.74393981765,0.0
290555.74393981765,0.0
286873.74393981765,0.0
294539.3856679208,0.0
303997.02739602403,0.0
291273.02739602403,0.0
237404.6691241272,0.0
267754.02739602403,0.0
328082.3856679208,0.0
320454.02739602403,0.0
310800.3856679208,0.0
291741.74393981765,0.0
289307.3856679208,0.0
278260.3856679208,0.0
278682.02739602403,0.0
276610.6691241272,0.0
275635.3108522304,0.0
269983.6691241272,0.0
274187.3108522304,0.0
281057.6691241272,0.0
283335.02739602403,0.0
277774.3856679208,0.0
278593.02739602403,0.0
280156.02739602403,0.0
276028.02739602403,0.0
285727.6691241272,0.0
283791.02739602403,0.0
282515.3856679208,0.0
290446.02739602403,0.0
293833.02739602403,0.0
289821.3856679208,0.0
296128.3856679208,0.0
294748.74393981765,0.0
291535.3856679208,0.0
291140.02739602403,0.0
283458.02739602403,0.0
269769.3856679208,0.0
256201.74393981765,0.0
251404.74393981765,0.0
241154.10221171446,0.0
239905.10221171446,0.0
244272.10221171446,0.0
245383.4604836113,0.0
256787.10221171446,0.0
262073.10221171446,0.0
266924.74393981765,0.0
261077.10221171446,0.0
268403.1022117145,0.0
274518.74393981765,0.0
270029.1022117145,0.0
265538.4604836113,0.0
240746.81875550814,0.0
261472.81875550814,0.0
264193.17702740495,0.0
267010.17702740495,0.0
267459.53529930173,0.0
264111.17702740495,0.0
265223.17702740495,0.0
256606.53529930176,0.0
243340.89357119857,0.0
240190.53529930176,0.0
234290.53529930176,0.0
236210.17702740495,0.0
229621.53529930176,0.0
228503.17702740495,0.0
233918.81875550814,0.0
236155.17702740495,0.0
238108.53529930176,0.0
239139.53529930176,0.0
237359.89357119857,0.0
231042.89357119857,0.0
239782.53529930176,0.0
219419.89357119857,0.0
230256.89357119857,0.0
238413.2518430954,0.0
237732.2518430954,0.0
244175.89357119857,0.0
247881.2518430954,0.0
252149.61011499225,0.0
255433.61011499225,0.0
257836.2518430954,0.0
262762.89357119857,0.0
255540.89357119857,0.0
252733.53529930176,0.0
249350.17702740495,0.0
246604.81875550814,0.0
238259.81875550814,0.0
240324.4604836113,0.0
236947.4604836113,0.0
239848.10221171446,0.0
244957.74393981765,0.0
249306.10221171446,0.0
255254.10221171446,0.0
263596.74393981765,0.0
260476.10221171446,0.0
268575.74393981765,0.0
273064.3856679208,0.0
278487.3856679208,0.0
275937.74393981765,0.0
274588.1022117145,0.0
259720.74393981765,0.0
282111.74393981765,0.0
282495.74393981765,0.0
280730.1022117145,0.0
280913.1022117145,0.0
279939.4604836113,0.0
266859.81875550817,0.0
262682.17702740495,0.0
168962.53529930176,1.0
139756.53529930176,1.0
236150.17702740495,0.0
228622.53529930176,0.0
221202.89357119857,0.0
226139.53529930176,0.0
225906.89357119857,0.0
235032.53529930176,0.0
240414.53529930176,0.0
238363.89357119857,0.0
247325.53529930176,0.0
250531.53529930176,0.0
250500.89357119857,0.0
254137.53529930176,0.0
258204.17702740495,0.0
265407.81875550817,0.0
260498.81875550814,0.0
263143.4604836113,0.0
270067.1022117145,0.0
272570.1022117145,0.0
273574.74393981765,0.0
275171.3856679208,0.0
275638.02739602403,0.0
270850.3856679208,0.0
259592.74393981765,0.0
254018.74393981765,0.0
242634.10221171446,0.0
246334.74393981765,0.0
238488.10221171446,0.0
237367.4604836113,0.0
237259.81875550814,0.0
239742.81875550814,0.0
228146.81875550814,0.0
248904.81875550814,0.0
257462.4604836113,0.0
260184.10221171446,0.0
259967.4604836113,0.0
263162.4604836113,0.0
259637.81875550814,0.0
256702.17702740495,0.0
255391.53529930176,0.0
262346.53529930173,0.0
266771.17702740495,0.0
264266.53529930173,0.0
259906.89357119857,0.0
265431.53529930173,0.0
248595.89357119857,0.0
244518.53529930176,0.0
239715.17702740495,0.0
229985.53529930176,0.0
228522.53529930176,0.0
227999.53529930176,0.0
222233.53529930176,0.0
227597.17702740495,0.0
234812.17702740495,0.0
238676.17702740495,0.0
238590.53529930176,0.0
246787.17702740495,0.0
247542.17702740495,0.0
255195.81875550814,0.0
253268.81875550814,0.0
261934.4604836113,0.0
259890.81875550814,0.0
258823.17702740495,0.0
257047.53529930176,0.0
251285.89357119857,0.0
254418.89357119857,0.0
259321.89357119857,0.0
261777.89357119857,0.0
257963.89357119857,0.0
247571.2518430954,0.0
245253.89357119857,0.0
238122.89357119857,0.0
228688.2518430954,0.0
223024.2518430954,0.0
223765.89357119857,0.0
215357.2518430954,0.0
219753.89357119857,0.0
218455.2518430954,0.0
220168.61011499225,0.0
222524.61011499225,0.0
225711.61011499225,0.0
228308.61011499225,0.0
231512.61011499225,0.0
222247.96838688903,0.0
227312.61011499225,0.0
229548.61011499225,0.0
236060.2518430954,0.0
244912.89357119857,0.0
256050.53529930176,0.0
257048.53529930176,0.0
258491.89357119857,0.0
260174.53529930176,0.0
267690.17702740495,0.0
257458.53529930176,0.0
244199.53529930176,0.0
233188.89357119857,0.0
221134.2518430954,0.0
221531.89357119857,0.0
221108.53529930176,0.0
220790.17702740495,0.0
222511.17702740495,0.0
222586.53529930176,0.0
228678.53529930176,0.0
225625.89357119857,0.0
224621.2518430954,0.0
220198.61011499225,0.0
225799.2518430954,0.0
230835.89357119857,0.0
238934.53529930176,0.0
231299.89357119857,0.0
232826.2518430954,0.0
237660.89357119857,0.0
245319.53529930176,0.0
248733.53529930176,0.0
251221.53529930176,0.0
249287.53529930176,0.0
246724.53529930176,0.0
247214.17702740495,0.0
237130.17702740495,0.0
224611.53529930176,0.0
214119.89357119857,0.0
213535.53529930176,0.0
209148.89357119857,0.0
211400.53529930176,0.0
211558.53529930176,0.0
217559.17702740495,0.0
225862.81875550814,0.0
231019.81875550814,0.0
240184.4604836113,0.0
241877.10221171446,0.0
253348.74393981765,0.0
259030.38566792084,0.0
258421.74393981765,0.0
255571.10221171446,0.0
252100.4604836113,0.0
253027.4604836113,0.0
248502.81875550814,0.0
252737.17702740495,0.0
252733.53529930176,0.0
248131.89357119857,0.0
246796.2518430954,0.0
237796.2518430954,0.0
229600.2518430954,0.0
224716.89357119857,0.0
217224.89357119857,0.0
206848.2518430954,0.0
209571.89357119857,0.0
206324.89357119857,0.0
212878.53529930176,0.0
219040.53529930176,0.0
219067.89357119857,0.0
221230.89357119857,0.0
218167.2518430954,0.0
223982.89357119857,0.0
227097.89357119857,0.0
224860.89357119857,0.0
230562.89357119857,0.0
230876.89357119857,0.0
236212.53529930176,0.0
236916.89357119857,0.0
242721.89357119857,0.0
241958.89357119857,0.0
245684.53529930176,0.0
244231.53529930176,0.0
247941.53529930176,0.0
243693.53529930176,0.0
237854.17702740495,0.0
226026.17702740495,0.0
225311.81875550814,0.0
216969.17702740495,0.0
220422.81875550814,0.0
222097.4604836113,0.0
223073.4604836113,0.0
220713.81875550814,0.0
234837.4604836113,0.0
236800.81875550814,0.0
242949.4604836113,0.0
249295.10221171446,0.0
255918.74393981765,0.0
256923.10221171446,0.0
251474.4604836113,0.0
254480.10221171446,0.0
251378.4604836113,0.0
255781.4604836113,0.0
262390.1022117145,0.0
267427.74393981765,0.0
265547.1022117145,0.0
281590.74393981765,0.0
294613.74393981765,0.0
290200.1022117145,0.0
285989.1022117145,0.0
270953.4604836113,0.0
262853.81875550817,0.0
260529.4604836113,0.0
250314.81875550814,0.0
254719.4604836113,0.0
255688.4604836113,0.0
257348.4604836113,0.0
257585.81875550814,0.0
270728.4604836113,0.0
273821.81875550817,0.0
272133.17702740495,0.0
269458.53529930173,0.0
276024.89357119857,0.0
275357.89357119857,0.0
274962.89357119857,0.0
282266.53529930173,0.0
282625.89357119857,0.0
286542.53529930173,0.0
285487.89357119857,0.0
288822.89357119857,0.0
296280.53529930173,0.0
288659.89357119857,0.0
280655.2518430954,0.0
265506.61011499225,0.0
255149.61011499225,0.0
246179.61011499225,0.0
243017.61011499225,0.0
233891.96838688903,0.0
227345.32665878587,0.0
231648.96838688903,0.0
235428.96838688903,0.0
243957.61011499225,0.0
247768.61011499225,0.0
258171.2518430954,0.0
258371.2518430954,0.0
263023.2518430954,0.0
271000.89357119857,0.0
268038.2518430954,0.0
264783.61011499225,0.0
263343.968386889,0.0
271909.61011499225,0.0
274925.2518430954,0.0
277888.2518430954,0.0
298713.89357119857,0.0
291311.89357119857,0.0
291664.53529930173,0.0
282796.89357119857,0.0
272211.89357119857,0.0
255984.2518430954,0.0
254250.89357119857,0.0
252262.53529930176,0.0
244513.89357119857,0.0
240424.89357119857,0.0
241358.89357119857,0.0
243761.2518430954,0.0
249484.2518430954,0.0
251268.61011499225,0.0
248730.96838688903,0.0
245237.32665878587,0.0
250897.32665878587,0.0
247415.68493068268,0.0
246103.0432025795,0.0
255312.68493068268,0.0
255145.68493068268,0.0
253983.0432025795,0.0
261043.68493068268,0.0
271227.32665878587,0.0
283890.968386889,0.0
279859.32665878587,0.0
285519.968386889,0.0
279231.968386889,0.0
260995.32665878587,0.0
251655.96838688903,0.0
240211.32665878587,0.0
238514.96838688903,0.0
229359.96838688903,0.0
225878.96838688903,0.0
221968.32665878587,0.0
222429.68493068268,0.0
215730.32665878587,0.0
208125.68493068268,0.0
223968.32665878587,0.0
227102.68493068268,0.0
238358.32665878587,0.0
239951.32665878587,0.0
246459.96838688903,0.0
248976.61011499225,0.0
250614.96838688903,0.0
255389.61011499225,0.0
258171.61011499225,0.0
261477.61011499225,0.0
268748.2518430954,0.0
274933.89357119857,0.0
280930.53529930173,0.0
272805.53529930173,0.0
268178.17702740495,0.0
140208.81875550814,1.0
250883.17702740495,0.0
242311.17702740495,0.0
228337.81875550814,1.0
224454.17702740495,1.0
233192.17702740495,0.0
235394.53529930176,0.0
236163.53529930176,0.0
247814.53529930176,0.0
238980.89357119857,0.0
234876.2518430954,0.0
247497.89357119857,0.0
248537.2518430954,0.0
247185.2518430954,0.0
245187.89357119857,0.0
254916.53529930176,0.0
259368.53529930176,0.0
255126.89357119857,0.0
263708.53529930173,0.0
257574.89357119857,0.0
280071.89357119857,0.0
259090.2518430954,0.0
269223.2518430954,0.0
260628.61011499225,0.0
247098.96838688903,0.0
240598.61011499225,0.0
226420.96838688903,0.0
212383.32665878587,0.0
207444.68493068268,0.0
205973.68493068268,0.0
209241.68493068268,0.0
220224.68493068268,0.0
221859.0432025795,0.0
220643.68493068268,0.0
227722.68493068268,0.0
222813.0432025795,0.0
228701.0432025795,0.0
235770.68493068268,0.0
245719.32665878587,0.0
246116.32665878587,0.0
251145.32665878587,0.0
249272.32665878587,0.0
253852.32665878587,0.0
261534.32665878587,0.0
263751.32665878587,0.0
261369.68493068268,0.0
251776.0432025795,0.0
246086.68493068268,0.0
237244.68493068268,0.0
235223.32665878587,0.0
226739.68493068268,0.0
208953.0432025795,0.0
205389.40147447633,0.0
202542.40147447633,0.0
208251.0432025795,0.0
212781.40147447633,0.0
227991.40147447633,0.0
220716.75974637314,0.0
231019.40147447633,0.0
235386.40147447633,0.0
242555.0432025795,0.0
241993.40147447633,0.0
242334.75974637314,0.0
234920.11801826995,0.0
238248.11801826995,0.0
239628.11801826995,0.0
239462.75974637314,0.0
240960.75974637314,0.0
239319.75974637314,0.0
240201.75974637314,0.0
238857.40147447633,0.0
226344.75974637314,0.0
214984.11801826995,0.0
205454.11801826995,0.0
208217.75974637314,0.0
210806.40147447633,0.0
202367.75974637314,0.0
197108.11801826995,0.0
200252.75974637314,0.0
205919.75974637314,0.0
209586.11801826995,0.0
218328.75974637314,0.0
224253.75974637314,0.0
224459.11801826995,0.0
231455.75974637314,0.0
230169.11801826995,0.0
230589.11801826995,0.0
233740.11801826995,0.0
230326.4762901668,0.0
230192.11801826995,0.0
239779.75974637314,0.0
241025.11801826995,0.0
244180.11801826995,0.0
245487.11801826995,0.0
233208.4762901668,0.0
227371.11801826995,0.0
222411.75974637314,0.0
216413.75974637314,0.0
210910.75974637314,0.0
206241.75974637314,0.0
205372.75974637314,0.0
208084.40147447633,0.0
215315.0432025795,0.0
219103.0432025795,0.0
218532.40147447633,0.0
217020.75974637314,0.0
212321.11801826995,0.0
218558.11801826995,0.0
224084.75974637314,0.0
228449.75974637314,0.0
230534.40147447633,0.0
228829.75974637314,0.0
230792.11801826995,0.0
225510.4762901668,0.0
230957.11801826995,0.0
242209.75974637314,0.0
257677.40147447633,0.0
270652.0432025795,0.0
265264.0432025795,0.0
249305.0432025795,0.0
239663.0432025795,0.0
232979.0432025795,0.0
220132.40147447633,0.0
215346.40147447633,0.0
217746.0432025795,0.0
217126.0432025795,0.0
224398.0432025795,0.0
227099.0432025795,0.0
223692.40147447633,0.0
224011.40147447633,0.0
223106.75974637314,0.0
219314.11801826995,0.0
220486.11801826995,0.0
219580.11801826995,0.0
222557.11801826995,0.0
226163.75974637314,0.0
220864.40147447633,0.0
232787.40147447633,0.0
244557.0432025795,0.0
256260.68493068268,0.0
249017.68493068268,0.0
273023.68493068265,0.0
263280.68493068265,0.0
258381.68493068268,0.0
250603.68493068268,0.0
241577.32665878587,0.0
237343.68493068268,0.0
228171.0432025795,0.0
229489.68493068268,0.0
227727.68493068268,0.0
235269.32665878587,0.0
232447.68493068268,0.0
233707.0432025795,0.0
230431.0432025795,0.0
234095.0432025795,0.0
239303.68493068268,0.0
240417.0432025795,0.0
243959.68493068268,0.0
249486.68493068268,0.0
250188.68493068268,0.0
257397.0432025795,0.0
266317.68493068265,0.0
278389.32665878587,0.0
277834.32665878587,0.0
276915.968386889,0.0
275032.32665878587,0.0
270526.32665878587,0.0
264577.968386889,0.0
254368.96838688903,0.0
246004.96838688903,0.0
241573.61011499225,0.0
243185.61011499225,0.0
237546.96838688903,0.0
239552.96838688903,0.0
248403.61011499225,0.0
254723.61011499225,0.0
256173.61011499225,0.0
264361.61011499225,0.0
237580.61011499225,0.0
270345.2518430954,0.0
266638.61011499225,0.0
182647.61011499225,1.0
261017.2518430954,0.0
249133.2518430954,0.0
244244.2518430954,0.0
280675.2518430954,0.0
274579.61011499225,0.0
293757.2518430954,0.0
288516.61011499225,0.0
281509.968386889,0.0
263926.32665878587,0.0
253530.32665878587,0.0
246910.32665878587,0.0
238646.32665878587,0.0
226177.68493068268,0.0
228464.32665878587,0.0
229280.32665878587,0.0
221167.68493068268,0.0
228021.68493068268,0.0
239113.32665878587,0.0
248983.32665878587,0.0
246810.68493068268,0.0
250003.0432025795,0.0
254092.68493068268,0.0
247919.0432025795,0.0
250482.0432025795,0.0
251997.0432025795,0.0
250889.40147447633,0.0
253115.75974637314,0.0
249878.11801826995,0.0
262029.75974637314,0.0
263718.4014744763,0.0
261958.40147447633,0.0
252905.40147447633,0.0
252845.40147447633,0.0
242056.75974637314,0.0
227610.11801826995,0.0
217878.4762901668,0.0
207840.4762901668,0.0
203628.4762901668,0.0
201568.4762901668,0.0
204349.4762901668,0.0
217061.11801826995,0.0
220103.11801826995,0.0
217319.4762901668,0.0
228519.11801826995,0.0
234885.75974637314,0.0
236228.75974637314,0.0
242134.11801826995,0.0
241651.11801826995,0.0
247909.75974637314,0.0
243961.11801826995,0.0
247127.75974637314,0.0
254274.75974637314,0.0
258561.40147447633,0.0
251724.75974637314,0.0
257402.40147447633,0.0
260543.0432025795,0.0
255203.0432025795,0.0
247789.68493068268,0.0
242564.68493068268,0.0
230171.0432025795,0.0
229555.68493068268,0.0
227308.68493068268,0.0
224265.32665878587,0.0
225469.96838688903,0.0
237354.61011499225,0.0
242417.96838688903,0.0
241551.32665878587,0.0
245633.96838688903,0.0
251614.61011499225,0.0
255021.96838688903,0.0
262151.61011499225,0.0
269516.2518430954,0.0
268937.61011499225,0.0
265061.968386889,0.0
274347.968386889,0.0
272393.968386889,0.0
270878.32665878587,0.0
273913.32665878587,0.0
266842.68493068265,0.0
269468.32665878587,0.0
254424.68493068268,0.0
252046.32665878587,0.0
243967.68493068268,0.0
231278.0432025795,0.0
225420.68493068268,0.0
224178.68493068268,0.0
225772.32665878587,0.0
219538.68493068268,0.0
227657.32665878587,0.0
235079.68493068268,0.0
248637.32665878587,0.0
250142.68493068268,0.0
246159.0432025795,0.0
253090.68493068268,0.0
259180.68493068268,0.0
249182.68493068268,0.0
251366.0432025795,0.0
252312.0432025795,0.0
253453.68493068268,0.0
255757.0432025795,0.0
265128.68493068265,0.0
274188.32665878587,0.0
277613.68493068265,0.0
272896.68493068265,0.0
269405.32665878587,0.0
259183.68493068268,0.0
247860.68493068268,0.0
242104.32665878587,0.0
238531.96838688903,0.0
240779.61011499225,0.0
235472.61011499225,0.0
236283.61011499225,0.0
245461.2518430954,0.0
246258.61011499225,0.0
253183.61011499225,0.0
252588.96838688903,0.0
260157.96838688903,0.0
264646.968386889,0.0
266533.968386889,0.0
269307.61011499225,0.0
270182.61011499225,0.0
268260.61011499225,0.0
266276.61011499225,0.0
260730.96838688903,0.0
265645.32665878587,0.0
269653.32665878587,0.0
281684.968386889,0.0
278739.968386889,0.0
273727.968386889,0.0
264930.968386889,0.0
255941.96838688903,0.0
251315.61011499225,0.0
245257.61011499225,0.0
243786.2518430954,0.0
233101.61011499225,0.0
243707.2518430954,0.0
241254.61011499225,0.0
247357.61011499225,0.0
256054.61011499225,0.0
255809.96838688903,0.0
260095.61011499225,0.0
261262.96838688903,0.0
259093.96838688903,0.0
259387.32665878587,0.0
259341.96838688903,0.0
266524.61011499225,0.0
266204.61011499225,0.0
260404.96838688903,0.0
289963.61011499225,0.0
304962.61011499225,0.0
311012.2518430954,0.0
312906.2518430954,0.0
299962.2518430954,0.0
286943.61011499225,0.0
275569.968386889,0.0
266195.32665878587,0.0
253904.68493068268,0.0
251270.32665878587,0.0
245272.68493068268,0.0
249262.32665878587,0.0
248011.32665878587,0.0
260905.96838688903,0.0
270320.61011499225,0.0
276724.61011499225,0.0
278118.968386889,0.0
285559.61011499225,0.0
285354.61011499225,0.0
281267.2518430954,0.0
289204.89357119857,0.0
287154.2518430954,0.0
259008.61011499225,0.0
281115.2518430954,0.0
300793.2518430954,0.0
305262.61011499225,0.0
302181.61011499225,0.0
297607.968386889,0.0
296080.968386889,0.0
287327.61011499225,0.0
279041.2518430954,0.0
278068.89357119857,0.0
272121.53529930173,0.0
262504.89357119857,0.0
260886.53529930176,0.0
245256.17702740495,0.0
248150.53529930176,0.0
256933.17702740495,0.0
272617.81875550817,0.0
276989.81875550817,0.0
292521.81875550817,0.0
311032.4604836113,0.0
308367.4604836113,0.0
317437.4604836113,0.0
316005.1022117145,0.0
