-181.874566449136,0.0
2282.189064491956,0.0
2016.6921916303238,0.0
5017.091285957317,0.0
6793.7352588012045,0.0
4360.527572787684,0.0
4864.609597297937,0.0
2894.5308958215796,0.0
787.248962455262,0.0
2689.673568833482,0.0
1236.81846287373,0.0
3058.5928760557435,0.0
668.533259463216,0.0
-1914.8904877871958,0.0
-742.1178835225558,0.0
-1062.6790091354057,0.0
-3111.2252421916014,0.0
-4852.2974241205475,0.0
-4828.560094328018,0.0
-4840.347188478568,0.0
-2546.211976009421,0.0
-4653.897456981078,0.0
-2703.5077917019116,0.0
-3327.0848298276896,0.0
-280.94527304179564,0.0
1676.71349133081,0.0
1699.9980181746898,0.0
1319.85032552806,0.0
3826.289106559976,0.0
4175.559547308087,0.0
4538.342899703375,0.0
6228.690917210842,0.0
6439.817761775162,0.0
8465.115625686198,0.0
5949.198104330331,0.0
8436.304513325817,0.0
8486.418106648778,0.0
10763.109985286752,0.0
9063.237462012048,0.0
6866.658264116461,0.0
4473.024708591856,0.0
6603.534357769422,0.0
4828.522876762736,0.0
4814.985038437596,0.0
6558.115328759762,0.0
4457.767878071696,0.0
6964.920034422681,0.0
7125.3940749681215,0.0
8983.035957387377,0.0
9335.552598120717,0.0
9197.823053369339,0.0
6760.089503081761,0.0
4970.670810363106,0.0
4501.4959220655055,0.0
7489.674556516591,0.0
9809.380580123689,0.0
6921.373981318631,0.0
6708.881640730251,0.0
9377.158470425518,0.0
9152.534989102887,0.0
9999.402764623697,0.0
9197.300601109557,0.0
9443.028709756816,0.0
7103.078803663651,0.0
8973.510176711789,0.0
11406.435563351833,0.0
12869.631487008548,0.0
13950.055530462887,0.0
15636.331169127896,0.0
14176.21675809745,0.0
13608.782087266738,0.0
15333.564789954586,0.0
15762.797787210966,0.0
13118.509804477548,0.0
13002.764979827218,0.0
15627.219661077695,0.0
13248.142033975948,0.0
11258.463099431934,0.0
9145.076828041267,0.0
6786.901155753461,0.0
6778.588255328572,0.0
9030.125594066998,0.0
11572.193134689103,0.0
12784.693217391829,0.0
11343.779040884354,0.0
13363.020426254569,0.0
11461.868397115322,0.0
8866.028654646518,0.0
6945.532918803971,0.0
9015.447625448807,0.0
6603.1804396099715,0.0
9286.014032802988,0.0
9249.582954370417,0.0
11200.392241039594,0.0
11472.921816028924,0.0
11111.563263822612,0.0
12607.181792568628,0.0
10695.104334434933,0.0
10458.737231075014,0.0
12810.775596637657,0.0
10617.761598775263,0.0
10816.934714198424,0.0
8357.704142094757,0.0
6568.123073681331,0.0
6280.153499056321,0.0
4939.280292356456,0.0
6697.520320053041,0.0
4620.129638426915,0.0
4429.200859629866,0.0
2718.68125373649,0.0
-187.9963517814458,0.0
1978.90689312584,0.0
2591.88273763657,0.0
-234.6466426417453,0.0
2023.8848982803304,0.0
-172.75115157706523,0.0
-158.95770491422581,0.0
1969.25581753427,0.0
4340.941888735356,0.0
1987.49402024224,0.0
-251.34267093927565,0.0
355.7508561730142,0.0
-2287.551000583301,0.0
-154.49787970608577,0.0
-2253.4983966684913,0.0
-1984.4504095497714,0.0
-4367.385881986207,0.0
-6476.856670369263,0.0
-4562.062114346108,0.0
-6562.396808960213,0.0
-4304.404297434658,0.0
-2387.074492441391,0.0
-2006.6062866327015,0.0
-550.0553257405056,0.0
2190.54183397726,0.0
3718.5320226354156,0.0
6266.999816089841,0.0
6208.811294751971,0.0
4062.4099149586755,0.0
2155.52991354617,0.0
-561.6467189776158,0.0
484.6253035406644,0.0
-2555.2070319641316,0.0
-4255.265423030038,0.0
-6567.401290047943,0.0
-4293.233038769447,0.0
-1199.0059926078516,0.0
-3975.6946007383776,0.0
-6497.291954277142,0.0
-8703.129620629177,0.0
-5850.1633233543835,0.0
-5966.905146806773,0.0
-3902.1674488457475,0.0
-6187.149477570292,0.0
-8453.083665335827,0.0
-6148.429231455493,0.0
-3291.9369044645473,0.0
-3781.601499784958,0.0
-3985.8687136942176,0.0
-2859.2200229471778,0.0
-3286.2760083889575,0.0
-1329.7425408232216,0.0
1277.0866576406243,0.0
3398.82817733208,0.0
832.3521759453843,0.0
-299.4103858794715,0.0
-1055.8940062028414,0.0
-1383.7595402904713,0.0
-899.7789871387313,0.0
-722.0159002999312,0.0
-2088.5236765580275,0.0
-4878.274727169302,0.0
-4697.990138767703,0.0
-6933.905281565978,0.0
-6953.249344763488,0.0
-8911.753912107495,0.0
-6448.433062354949,0.0
-5954.445921866828,0.0
-6232.881844268599,0.0
-8228.149711117485,0.0
-11090.035720925061,0.0
-8162.852222457215,0.0
-6221.359598570028,0.0
-4585.076025976014,0.0
-3855.885839968033,0.0
-4009.548802378953,0.0
-1276.6701616171567,0.0
-1943.2872339941778,0.0
-1760.2604544505075,0.0
271.507502891669,0.0
-1532.6208778925075,0.0
-1269.0286973596567,0.0
-3696.471786333813,0.0
-3107.726232168963,0.0
-1586.9707051605274,0.0
661.2685021150282,0.0
3680.1329777698343,0.0
813.5080190311382,0.0
3480.349267244595,0.0
3287.6560681604747,0.0
5742.61291642994,0.0
6234.904041997729,0.0
4145.263556035934,0.0
5702.13534642176,0.0
7246.140423515955,0.0
8895.457644796246,0.0
8354.942921769836,0.0
8377.925848273226,0.0
10382.048963690482,0.0
10618.184508163342,0.0
10456.84837645743,0.0
10711.448478749022,0.0
12623.631413042629,0.0
12361.447262027788,0.0
11075.755200447962,0.0
9184.485300571347,0.0
6510.7655002843,0.0
6252.42375511997,0.0
9056.911936713725,0.0
6757.36714907671,0.0
6249.0103557912,0.0
6872.6392526821,0.0
8835.182378089235,0.0
8977.478539727425,0.0
6628.6670327151205,0.0
5528.078334563066,0.0
6987.92834817385,0.0
8730.956708094025,0.0
9367.050053573746,0.0
11550.797377813531,0.0
13297.792765584658,0.0
10578.80334652205,0.0
9232.456832136286,0.0
9665.179451125136,0.0
9486.927888189395,0.0
11627.00654041263,0.0
11872.4152686095,0.0
13443.792588442357,0.0
16347.728805891144,0.0
16005.583579369382,0.0
16262.592073471693,0.0
16390.34943720433,0.0
18264.08175259267,0.0
20039.789879601045,0.0
22854.60797957357,0.0
23945.140477062778,0.0
22314.93822394936,0.0
24545.213899684895,0.0
24583.991681397714,0.0
27108.442409247902,0.0
24698.058695733125,0.0
22668.64891492273,0.0
20390.357349125206,0.0
20333.614681581985,0.0
18522.688498648127,0.0
18671.426980443328,0.0
17494.8997208078,0.0
16352.977240334323,0.0
18407.282670909437,0.0
20261.162528073735,0.0
20710.263161929197,0.0
18135.101882383668,0.0
18161.209847591068,0.0
16405.493451677023,0.0
14556.265450247649,0.0
16188.861613690631,0.0
18071.226228559106,0.0
17804.013025061548,0.0
18073.853655606617,0.0
19981.365634908398,0.0
22315.02990251667,0.0
22514.88457431996,0.0
24209.332378745865,0.0
23226.549099623982,0.0
24507.118524971156,0.0
22686.90240731414,0.0
19411.975264348355,0.0
20395.401869276946,0.0
19694.553601860065,0.0
20414.481084057945,0.0
22345.33601643664,0.0
22057.99960778547,0.0
20486.416385813936,0.0
19795.060248354075,0.0
19814.014595325647,0.0
17529.88484865514,0.0
15495.165584779554,0.0
18132.36051210126,0.0
20066.384525185105,0.0
22359.06568294949,0.0
21877.02402089641,0.0
24234.820317609036,0.0
26295.50371421566,0.0
27847.441820989236,0.0
31013.49461415111,0.0
28327.164116891887,0.0
28518.441184229076,0.0
28564.141973522666,0.0
26090.87477978886,0.0
28114.674568569146,0.0
30620.729038382502,0.0
32088.07159010505,0.0
35197.86853075496,0.0
34405.88113444255,0.0
37192.79008391871,0.0
37135.17657827864,0.0
36652.45154149297,0.0
34680.13572499698,0.0
36269.697899584775,0.0
38833.27856613274,0.0
36942.50001177295,0.0
38749.70771193778,0.0
36439.669295455664,0.0
36371.22399295676,0.0
36575.96167677768,0.0
34818.61404514879,0.0
34306.70438616056,0.0
34430.370583893106,0.0
34046.95996716031,0.0
32521.23825082167,0.0
34922.22721613196,0.0
32869.9810386284,0.0
32654.71582535986,0.0
31778.20620558811,0.0
32570.19823463934,0.0
30452.67558833741,0.0
28077.275196020648,0.0
28268.744475154435,0.0
25821.91590528877,0.0
28477.84517074661,0.0
30291.394385799504,0.0
29904.49563618206,0.0
28203.986052329856,0.0
26680.53192829311,0.0
28271.064247163835,0.0
26530.618323175928,0.0
24509.294865451135,0.0
26354.8275537334,0.0
28395.663962110564,0.0
30497.36859629119,0.0
30955.42086837281,0.0
28274.021619374747,0.0
28748.382219831376,0.0
26489.38045224666,0.0
25879.260432485913,0.0
28331.739030827895,0.0
31271.786469269424,0.0
30953.16073169427,0.0
31331.58876753937,0.0
31740.995845415884,0.0
29531.932277862114,0.0
27197.34450096048,0.0
25029.252126177435,0.0
22771.17712933345,0.0
21289.944555814785,0.0
18898.810526310237,0.0
16247.887864285003,0.0
18768.73868613217,0.0
18246.038989730136,0.0
18878.485618784107,0.0
20271.898441017926,0.0
19504.65494567679,0.0
18923.95797449138,0.0
21181.400262843734,0.0
21333.857163322937,0.0
21659.44511554613,0.0
23872.89454249755,0.0
26028.54822424576,0.0
27843.81878482597,0.0
29775.389647325333,0.0
32291.76678249683,0.0
32582.66734202516,0.0
30164.881666186287,0.0
32609.49360216424,0.0
32317.04217856661,0.0
32772.28438407818,0.0
35013.35738458179,0.0
34994.24105758005,0.0
37184.16442281755,0.0
35770.105449238414,0.0
37634.69598235078,0.0
37822.017262687084,0.0
37220.286543332666,0.0
37651.82947096858,0.0
40175.010987553964,0.0
41969.11534627753,0.0
39229.767628247035,0.0
37995.120520412485,0.0
37320.39414430401,0.0
39875.91317591586,0.0
38527.63727747138,0.0
36237.58273386261,0.0
38586.92730172258,0.0
38394.200722910085,0.0
36198.68743257101,0.0
35994.87504907051,0.0
34768.966112856535,0.0
32196.660547323954,0.0
34132.200131647434,0.0
34717.53123082323,0.0
34848.05397031283,0.0
35180.14483556073,0.0
34412.31924596393,0.0
34540.68434721403,0.0
34589.32836549383,0.0
32534.654596159657,0.0
32592.347682685555,0.0
32669.324219198854,0.0
35420.66989469723,0.0
32639.524961358857,0.0
34915.58308837183,0.0
37432.38308370701,0.0
37635.677412528006,0.0
39177.40319970578,0.0
39309.00087075908,0.0
41817.268505058164,0.0
39898.18294869598,0.0
39518.057657752084,0.0
39166.27871702098,0.0
40242.251355983884,0.0
38062.97761276031,0.0
37386.75099581151,0.0
37632.74023517101,0.0
39226.747280808486,0.0
40027.041333181885,0.0
42523.93132179686,0.0
39350.56893283568,0.0
41783.17064353536,0.0
43976.136421282936,0.0
46108.53137620951,0.0
43557.07779498163,0.0
42290.49560948306,0.0
41634.70051609376,0.0
42148.98929305856,0.0
42367.57899788036,0.0
42118.24824882536,0.0
40366.19397575218,0.0
40072.04640046488,0.0
41998.34946552396,0.0
44557.41598667253,0.0
46329.217907595914,0.0
47063.52992190011,0.0
48597.364337102284,0.0
46762.99695734241,0.0
46548.61641957741,0.0
45483.76100790511,0.0
46024.71440436131,0.0
48456.76576134568,0.0
46546.61318956531,0.0
45686.71685178291,0.0
44649.30464905853,0.0
41998.66499855156,0.0
44064.20992323243,0.0
43788.196527076536,0.0
45934.58186280431,0.0
44298.284224706935,0.0
44435.164382815834,0.0
41434.26167871306,0.0
41781.50781899436,0.0
40151.843517648784,0.0
41932.36964467756,0.0
40658.24724291438,0.0
40336.41242907438,0.0
40103.173880359784,0.0
42013.14435109896,0.0
44208.98967194914,0.0
45987.43904509361,0.0
46409.18068637311,0.0
46671.14922078381,0.0
48643.42183908878,0.0
50119.00989058806,0.0
51955.56251111915,0.0
52434.22427326984,0.0
54719.48424818171,0.0
57123.74137671859,0.0
58343.149238156264,0.0
61003.35211216465,0.0
63063.297345587926,0.0
63360.67512219552,0.0
65059.930751327294,0.0
64930.896075633595,0.0
66773.88605398986,0.0
66962.93472397736,0.0
66995.49462152657,0.0
67875.03388408056,0.0
70012.96768926465,0.0
67006.75813069097,0.0
68823.85961702125,0.0
68500.33599734434,0.0
69308.51878814075,0.0
68762.73354906034,0.0
71990.28464095532,0.0
68804.14857168104,0.0
71246.16128058483,0.0
74583.6199554693,0.0
72945.3906795894,0.0
73405.281386547,0.0
72929.1850691733,0.0
75527.80912262866,0.0
72994.00315314729,0.0
71180.11902890653,0.0
71052.92742901182,0.0
68633.43365748735,0.0
66903.97582267936,0.0
65104.893211889095,0.0
65306.011827331095,0.0
64327.114466342195,0.0
64703.296616954096,0.0
65175.5091102979,0.0
66554.14940629086,0.0
63970.691876053796,0.0
62383.95655167802,0.0
62385.14994998132,0.0
62734.06919953842,0.0
64723.238099294795,0.0
64949.54061216769,0.0
66874.65322967076,0.0
69281.35801581085,0.0
69056.98533653184,0.0
71718.18908176692,0.0
73227.8816677728,0.0
73593.3724263198,0.0
71107.05464296612,0.0
73621.0846245038,0.0
75690.26748149596,0.0
77303.85377869355,0.0
79970.58083110662,0.0
82567.3778474563,0.0
84562.18555369678,0.0
86545.46844973465,0.0
86142.30295714275,0.0
84840.36072837218,0.0
82397.4000710128,0.0
84388.89574934347,0.0
87250.60709608435,0.0
86498.42861132855,0.0
84777.02640634058,0.0
83025.6656295199,0.0
80726.86359790532,0.0
78353.31437179835,0.0
78369.10646520824,0.0
76555.06375087026,0.0
74538.59098445279,0.0
76555.05020041757,0.0
79166.69746043565,0.0
76643.02590435586,0.0
76492.59767707797,0.0
74838.87002264359,0.0
73993.8222265088,0.0
72790.91414697662,0.0
75013.1088857447,0.0
74838.5041796371,0.0
76732.29875518636,0.0
79161.24602587815,0.0
81995.63530434102,0.0
83427.8811645601,0.0
80846.19902965102,0.0
79831.45810880975,0.0
81589.80690859193,0.0
79532.29905392954,0.0
77245.23242234347,0.0
75586.570930617,0.0
75897.011071131,0.0
77665.60047384107,0.0
79854.64087452045,0.0
80490.08239156666,0.0
77992.96047818127,0.0
75969.8526637393,0.0
78011.56900912376,0.0
78588.67876515946,0.0
78033.43894765226,0.0
80839.38699477745,0.0
78772.61104336457,0.0
76298.5820975007,0.0
76805.3531041696,0.0
76922.0098312663,0.0
76856.4274271592,0.0
77406.2234300078,0.0
74032.12357781322,0.0
76489.2095247547,0.0
76487.767808479,0.0
79190.88538699776,0.0
81851.23855020285,0.0
79824.78341270346,0.0
77372.96809588259,0.0
77567.329982479,0.0
77292.8584492195,0.0
79683.48565782106,0.0
77591.3486107378,0.0
79400.49562747126,0.0
81739.91510677074,0.0
79727.95446541306,0.0
82416.45171198725,0.0
81669.25700164445,0.0
81368.92955079085,0.0
84502.16579725323,0.0
86155.6039517604,0.0
86334.0658417447,0.0
84705.28548732163,0.0
84203.35206660643,0.0
84391.82525329942,0.0
87173.4475801613,0.0
86897.082824237,0.0
84822.36482903802,0.0
82516.93278857645,0.0
84351.72740214712,0.0
84272.97725239502,0.0
84733.32640857033,0.0
87631.2474257735,0.0
89201.97737949017,0.0
91341.40815211154,0.0
91430.00065385325,0.0
93347.76233560362,0.0
93042.12210049192,0.0
92295.09813942044,0.0
93419.94230124702,0.0
93486.56998419733,0.0
90891.83717150494,0.0
93549.14381550832,0.0
93569.98536191302,0.0
91462.35897685665,0.0
93096.99950399403,0.0
94295.23982300502,0.0
96426.7880144694,0.0
96084.3428717457,0.0
93379.31776838392,0.0
93990.26840191332,0.0
91556.85273051115,0.0
91539.81440740365,0.0
92102.52064541115,0.0
91249.49218593026,0.0
89365.79286549578,0.0
89294.71621798107,0.0
89543.70319169937,0.0
91139.67480261305,0.0
93549.36171279213,0.0
91891.80961220954,0.0
89680.30020583497,0.0
91322.24673499164,0.0
93946.87809258522,0.0
90824.67538507815,0.0
89384.22738641477,0.0
91846.95158801235,0.0
89257.85317018567,0.0
89452.05415254307,0.0
88923.93942744698,0.0
91842.28560806495,0.0
90934.73841107315,0.0
91424.87377784005,0.0
91431.57893286334,0.0
89395.63123027247,0.0
91209.63806433935,0.0
92070.03179707975,0.0
93096.71973977893,0.0
95759.28627634939,0.0
94682.8211598605,0.0
93513.02904512922,0.0
91536.93357221974,0.0
88864.90859192837,0.0
89436.71765818878,0.0
89292.25101424317,0.0
91608.99407042505,0.0
93109.73078459283,0.0
93046.63865087973,0.0
90636.57690237794,0.0
93219.31384589142,0.0
94986.12549192511,0.0
93512.45900643512,0.0
93287.89320726032,0.0
96092.9869221472,0.0
94965.1907120441,0.0
95720.1152074866,0.0
95135.4229967576,0.0
96933.30161992498,0.0
99711.07963059936,0.0
99029.53942230146,0.0
101261.88292775022,0.0
99228.33460235105,0.0
97401.356381636,0.0
99110.18220091115,0.0
97659.69124774428,0.0
94768.9988037778,0.0
97349.36025714269,0.0
97313.74374262149,0.0
99027.29850573905,0.0
101352.86982317953,0.0
103393.2719955767,0.0
101796.85178336562,0.0
104112.260900091,0.0
101123.79142536913,0.0
99648.58429078406,0.0
97189.0763912664,0.0
98685.61311804884,0.0
99086.54297701216,0.0
99490.68253642795,0.0
101512.68514100212,0.0
98536.24068536476,0.0
97418.10036455849,0.0
99573.58303680125,0.0
99264.14719728914,0.0
97016.36523991189,0.0
97914.2371148164,0.0
95120.4189042362,0.0
97283.59448931168,0.0
99055.89595336406,0.0
98999.90215776055,0.0
96835.22601261729,0.0
95095.8285548519,0.0
95707.5977226172,0.0
93736.81960654313,0.0
93700.15304557672,0.0
93636.50289620312,0.0
91032.43756818655,0.0
92859.20801840842,0.0
93186.76135774673,0.0
94653.12825899929,0.0
93257.70993148912,0.0
93946.42070241262,0.0
95601.2602623369,0.0
93835.07916309433,0.0
91550.21051396066,0.0
89047.77555952728,0.0
89925.49750583377,0.0
87242.6505127545,0.0
86991.2943530468,0.0
85260.58708643772,0.0
86906.8692256152,0.0
87745.1047377501,0.0
85552.19581051281,0.0
83197.00156050395,0.0
85330.24333776333,0.0
85856.53191870972,0.0
87374.8371686514,0.0
85333.89770947072,0.0
87982.1068963239,0.0
89875.51252373267,0.0
88267.3812570801,0.0
85832.71814101352,0.0
86356.19206820373,0.0
84063.89089472895,0.0
83220.75866286874,0.0
85710.76170521343,0.0
84519.05262417025,0.0
84389.53113301985,0.0
81783.92139337676,0.0
81726.35117878407,0.0
84706.34359922975,0.0
82040.48369773367,0.0
80851.05256189889,0.0
80911.0196409971,0.0
82037.50335627017,0.0
84433.83306444745,0.0
84370.90777323555,0.0
87201.02041912393,0.0
88748.4557683784,0.0
90697.83702211658,0.0
92112.34277675167,0.0
93972.16425639795,0.0
93981.59391943245,0.0
95687.23894445942,0.0
98099.09281133639,0.0
96255.63527233682,0.0
95697.92833620922,0.0
98276.134506417,0.0
96322.41754991922,0.0
99019.1753187106,0.0
100865.64522955609,0.0
101147.3250374783,0.0
98714.75924122438,0.0
96244.79769299703,0.0
98692.79518093119,0.0
98321.7660183266,0.0
99247.1524156928,0.0
97350.86224910853,0.0
96926.54435143233,0.0
94563.24054646805,0.0
93187.52728144007,0.0
90812.6640197772,0.0
88576.62067765373,0.0
89137.32529211493,0.0
90697.8241379244,0.0
89264.52330926612,0.0
86539.15286881365,0.0
89128.21566662073,0.0
87225.21264972514,0.0
88666.48837279953,0.0
89293.31708951743,0.0
87052.43879543224,0.0
89487.5732272877,0.0
89052.10403294633,0.0
87208.23927725694,0.0
89865.08330004812,0.0
91632.4472600061,0.0
94016.87547517788,0.0
93713.58966005557,0.0
95610.82572948645,0.0
98111.32352993703,0.0
97747.38688604961,0.0
99453.9612534904,0.0
102859.16476366279,0.0
104269.81493134974,0.0
101933.04523192429,0.0
100773.2836676389,0.0
100468.7383632812,0.0
98177.47932842073,0.0
100466.7823338941,0.0
98284.89212252872,0.0
96654.45466155585,0.0
94462.54790228746,0.0
93669.76501498597,0.0
94376.31641391446,0.0
94516.46101086467,0.0
96636.10468258885,0.0
97749.98963240592,0.0
96362.60423920205,0.0
97106.35493302275,0.0
94599.98394763048,0.0
91654.1892732021,0.0
89551.58573903822,0.0
90269.71272217052,0.0
92177.0561258911,0.0
90431.04596607522,0.0
88086.98501744604,0.0
90140.09158290943,0.0
88048.38384867745,0.0
90163.67445225462,0.0
91808.255189341,0.0
90876.87564380773,0.0
89625.37134353732,0.0
90079.58053480453,0.0
89896.40899031193,0.0
92786.7597740746,0.0
92515.07547776459,0.0
91982.11503807669,0.0
90100.21881845093,0.0
92528.621019168,0.0
92868.8920194846,0.0
94337.74247018728,0.0
93876.92230157358,0.0
96004.03615186365,0.0
94852.45713710337,0.0
91361.5829115986,0.0
90916.22021798142,0.0
87675.58758869916,0.0
87592.55015507345,0.0
87775.56205226845,0.0
88012.46144105765,0.0
87783.54124823515,0.0
84891.37185628997,0.0
87759.20305191365,0.0
87770.45631543864,0.0
85694.77010257717,0.0
85114.08850274666,0.0
86773.69837761775,0.0
85306.16515649887,0.0
87204.20861675745,0.0
85118.61035775646,0.0
82911.9715009512,0.0
83075.7282821335,0.0
83084.5551709319,0.0
83431.5298914118,0.0
83475.3906736504,0.0
80743.21805302783,0.0
83009.7930830609,0.0
83214.0160235719,0.0
85664.32966828597,0.0
87290.36717440175,0.0
88854.88680314472,0.0
89478.99250304942,0.0
87224.65815586265,0.0
89961.40088091983,0.0
91599.8741775046,0.0
89144.40021280672,0.0
89194.51399922412,0.0
87039.11015962774,0.0
85135.33674587146,0.0
87248.59125060735,0.0
89610.88268338263,0.0
91532.3926749326,0.0
91300.9009393281,0.0
88984.00797558173,0.0
89503.73615831812,0.0
87148.54182430635,0.0
85106.61444916195,0.0
83289.59058987029,0.0
85631.72223380646,0.0
86864.96876202055,0.0
89855.14941242702,0.0
86907.78471662634,0.0
85167.98474203296,0.0
87288.00374573955,0.0
89258.78765748962,0.0
89825.48230447012,0.0
146510.56026001094,1.0
89614.20100081743,0.0
89409.23927986033,0.0
91248.8826607803,0.0
91980.3845359811,0.0
88785.75042839423,0.0
87203.04345120795,0.0
89016.72245931313,0.0
87494.53869724544,0.0
89670.54969909192,0.0
89243.07936330812,0.0
91984.719469195,0.0
93584.76062579537,0.0
94179.76917511037,0.0
96200.71017464665,0.0
98520.65219536383,0.0
100136.6435373094,0.0
102643.69219581649,0.0
100377.2551025661,0.0
97963.99421519913,0.0
96421.88678728045,0.0
97004.99032934055,0.0
94127.26523027426,0.0
92200.8768948901,0.0
90421.70774140413,0.0
88133.36803839885,0.0
86693.80541708856,0.0
86348.81667914547,0.0
86928.65758526747,0.0
88456.43038748935,0.0
88023.39783201735,0.0
86473.07101616357,0.0
88211.49545494924,0.0
88245.12770782785,0.0
90701.65569296542,0.0
91136.35253830302,0.0
88880.82164896835,0.0
89101.03063011625,0.0
87075.99196376186,0.0
88906.29749830975,0.0
88234.94142351575,0.0
89361.09994531525,0.0
89883.83611906205,0.0
89253.96978138384,0.0
90979.47682669692,0.0
89252.11262109305,0.0
89134.69052460245,0.0
89500.86520331085,0.0
91933.39929304383,0.0
92067.65504083612,0.0
91930.20386872473,0.0
91614.90021165732,0.0
94389.0386256988,0.0
94638.050470364,0.0
97133.05739148687,0.0
94172.2189700509,0.0
96688.38449301268,0.0
99122.29444254025,0.0
98760.21987771225,0.0
96919.83011170288,0.0
99012.13552721775,0.0
96843.42128599978,0.0
99138.06754254624,0.0
101595.56358845353,0.0
103605.0189620871,0.0
101260.30344284473,0.0
98617.74141669265,0.0
101287.72160811033,0.0
99487.42382624555,0.0
98728.17791252895,0.0
102481.93853302293,0.0
103446.1985730482,0.0
101494.82037928942,0.0
104548.6861955027,0.0
103403.5606565643,0.0
102310.32278274102,0.0
102012.09522507802,0.0
100212.09738845305,0.0
98286.01873772197,0.0
99859.13713300176,0.0
97874.65339272587,0.0
99294.99132850935,0.0
100022.36415894865,0.0
100518.56048452295,0.0
98486.87834168918,0.0
101164.31290364495,0.0
98439.09952088818,0.0
96494.17501307381,0.0
94287.07339413793,0.0
92021.39631613974,0.0
92473.21308460005,0.0
92420.32964788686,0.0
94473.38119864713,0.0
92075.05077432405,0.0
94492.59238534363,0.0
92675.96849444695,0.0
92675.13959500755,0.0
94447.85769520683,0.0
92293.01657621915,0.0
90589.57378035727,0.0
88670.8308541486,0.0
88389.9644036965,0.0
88270.9050124175,0.0
88106.2729221844,0.0
86156.63447671582,0.0
83700.73709195135,0.0
86103.27329483422,0.0
86726.80809223202,0.0
88858.7100884398,0.0
88216.4707945706,0.0
90710.98841267797,0.0
90675.28267041566,0.0
90111.59483193936,0.0
93062.48662139775,0.0
90043.88169787737,0.0
88145.5619184691,0.0
86768.61731123153,0.0
88385.8119933084,0.0
90618.50375517615,0.0
90153.25520213667,0.0
92332.55315767345,0.0
92926.44571056175,0.0
94872.76571211652,0.0
92605.86548929685,0.0
92353.99231733805,0.0
90301.17439558776,0.0
93454.05372444825,0.0
94786.71776058571,0.0
93016.68501406985,0.0
93009.05494478034,0.0
92989.65816424944,0.0
90697.54194469567,0.0
90171.51645218256,0.0
88113.2030280982,0.0
86556.61069905073,0.0
83734.68066588635,0.0
84325.53498840464,0.0
81832.88944039517,0.0
79735.6341406632,0.0
81711.61268043336,0.0
81877.78891861947,0.0
80100.9101595617,0.0
82064.94888353736,0.0
83941.69714873524,0.0
86410.22274915992,0.0
84525.79897996434,0.0
86078.77063715912,0.0
86215.72032319692,0.0
84007.13186644805,0.0
85694.36812312443,0.0
83566.42421446776,0.0
86611.70008512032,0.0
86247.23890929951,0.0
86180.63205859842,0.0
83839.56643299614,0.0
81807.38810703137,0.0
83801.30837767925,0.0
81621.67679858496,0.0
83786.87287104756,0.0
81236.11076571226,0.0
84471.54462659574,0.0
83924.94876432445,0.0
85683.72620048083,0.0
88276.39452642109,0.0
85528.10254654962,0.0
88411.6575554048,0.0
87701.0872536941,0.0
87050.4251988988,0.0
90382.45919016987,0.0
92418.73690124085,0.0
93901.68005996362,0.0
93682.18159288242,0.0
95657.8655716413,0.0
98293.21934518557,0.0
95645.5504165452,0.0
95978.4580310473,0.0
98422.83676066327,0.0
96525.7671401596,0.0
95970.3217750134,0.0
94077.25238260103,0.0
94204.28809341813,0.0
94691.93814217583,0.0
91686.14336676995,0.0
89354.22814524717,0.0
91405.57553482195,0.0
90085.08986237536,0.0
89891.34428479937,0.0
92302.35840451154,0.0
94137.21245413752,0.0
94328.48069448733,0.0
92164.63518035585,0.0
94239.75433237563,0.0
91920.85124815654,0.0
92565.38541441514,0.0
89911.50497896336,0.0
90290.19838252486,0.0
88025.2316337641,0.0
86463.19875815812,0.0
88261.220609124,0.0
85819.88832571282,0.0
83836.02336186344,0.0
81706.48764864287,0.0
81090.31405274816,0.0
82380.14835636526,0.0
82207.87875549897,0.0
79516.90201426469,0.0
82061.45934444616,0.0
82056.90883611677,0.0
79521.1701059043,0.0
80433.9475324101,0.0
82028.67448748587,0.0
84343.03712233005,0.0
84465.06802251295,0.0
84052.10601725195,0.0
84073.28318577184,0.0
84469.15682439035,0.0
84729.80796530226,0.0
84618.66457127784,0.0
82760.18068750837,0.0
80570.8144401214,0.0
82822.96121256187,0.0
82237.65537663316,0.0
85110.71784072934,0.0
82562.79796864236,0.0
80608.62431648439,0.0
78667.54214078913,0.0
78221.13236443572,0.0
80922.7597756981,0.0
78752.05334845102,0.0
78726.48296853103,0.0
76724.10507383014,0.0
79511.92145618612,0.0
78751.55888694142,0.0
81290.1054594439,0.0
78488.84016788132,0.0
77030.02486168165,0.0
75033.76545489367,0.0
75781.06768517196,0.0
75023.29784277976,0.0
77248.44519462985,0.0
77146.14787493704,0.0
77740.05867818205,0.0
78134.42975408705,0.0
79551.63216045871,0.0
77755.37711055895,0.0
76296.43398652977,0.0
75689.46328887176,0.0
78338.48511335695,0.0
80435.91704387452,0.0
77822.08510482774,0.0
76603.83592476146,0.0
78658.74488698764,0.0
78304.05085763475,0.0
76112.08582590637,0.0
78475.21503168915,0.0
78942.49583391724,0.0
76430.28561500946,0.0
78188.03316255014,0.0
76703.76950801536,0.0
77072.49910260957,0.0
76498.47808435706,0.0
74743.73079092639,0.0
76605.37881238497,0.0
79235.12269956653,0.0
77090.21137970436,0.0
77183.52667842647,0.0
77048.26567756056,0.0
74953.98186190339,0.0
77658.62929955656,0.0
79585.24396707705,0.0
79543.67074291335,0.0
78595.88013384205,0.0
79289.87986340714,0.0
80016.03072264005,0.0
81802.94660575422,0.0
83710.42222376609,0.0
84012.3980579648,0.0
81955.57635400593,0.0
79834.60266703855,0.0
78084.23104135456,0.0
78465.09031898767,0.0
80453.09984494495,0.0
80577.41422478465,0.0
82217.17288543141,0.0
80517.77574888815,0.0
77823.99249918046,0.0
76011.55962063679,0.0
78936.38579675247,0.0
80362.59146702875,0.0
82418.07491373151,0.0
84476.5119733592,0.0
84950.4011910014,0.0
85415.94338267989,0.0
84877.3627494366,0.0
84675.0685164803,0.0
83343.05953121043,0.0
82416.39925479091,0.0
85188.7579250311,0.0
84689.29173959499,0.0
84503.6028624341,0.0
85256.6262342878,0.0
82143.76106501493,0.0
82646.10790805661,0.0
80636.51521749914,0.0
78366.80607458037,0.0
77975.46861864686,0.0
78308.41869246477,0.0
78007.07897488357,0.0
81283.43667878814,0.0
82155.38638361602,0.0
82070.75586654853,0.0
85119.45017404319,0.0
87308.34696882886,0.0
86937.41691403356,0.0
86927.01186313046,0.0
87227.54903968736,0.0
87441.57266946297,0.0
86442.14445550917,0.0
89513.44006415235,0.0
87010.65210252837,0.0
84696.6751222493,0.0
87338.10951201626,0.0
87215.96281919177,0.0
89436.67320783634,0.0
86777.37266001146,0.0
84990.0599943312,0.0
84813.791398981,0.0
84526.8903748099,0.0
87385.35855910256,0.0
84714.41450268109,0.0
86747.48995684866,0.0
86921.01143303377,0.0
86854.91700412036,0.0
84348.02118343659,0.0
86667.48466564856,0.0
89651.08795485414,0.0
88743.47015724845,0.0
90772.47908700322,0.0
88968.64455007865,0.0
88837.51270391114,0.0
90629.54267086892,0.0
90428.56789668361,0.0
91046.97042506453,0.0
92909.2939980036,0.0
93009.4715200265,0.0
90609.64402650183,0.0
90139.80856786572,0.0
92814.5210345411,0.0
93564.4069888089,0.0
92271.273423644,0.0
92411.708980492,0.0
92278.6196116863,0.0
94707.81667974676,0.0
93146.4880427027,0.0
92623.76937075719,0.0
94699.99737789168,0.0
94344.98073976836,0.0
94780.92538058566,0.0
95090.74377931356,0.0
93361.8856338269,0.0
95163.60106009466,0.0
92308.2057185907,0.0
90298.47226308842,0.0
88536.01493273766,0.0
88326.69919118885,0.0
88417.41519635615,0.0
87889.38232936985,0.0
86057.30124750997,0.0
88015.82332037085,0.0
88016.40553487914,0.0
85964.43841319667,0.0
86069.07790914817,0.0
88333.84303927874,0.0
88552.14846128016,0.0
86058.12864135786,0.0
83828.6283269264,0.0
86782.31428957426,0.0
84464.8942918193,0.0
84380.6180341804,0.0
84728.1901587059,0.0
81734.92812251372,0.0
80631.30067026505,0.0
78255.20623658317,0.0
80096.49600837784,0.0
82348.68377404222,0.0
82187.04437958242,0.0
82156.30950921262,0.0
81699.05285126572,0.0
80371.92680730065,0.0
78742.11606605287,0.0
76633.1274382927,0.0
76031.5287726758,0.0
75975.0447808396,0.0
76107.9182529301,0.0
76465.3937139471,0.0
78738.95242250957,0.0
78426.34042543476,0.0
76578.933476386,0.0
78369.33883207156,0.0
80712.64112852325,0.0
80987.32613841505,0.0
79723.92877234097,0.0
78551.02325098886,0.0
80522.70052252045,0.0
78819.67722397426,0.0
80715.26575246225,0.0
81114.57795244525,0.0
83197.12817412333,0.0
81452.87435842365,0.0
82881.67544239102,0.0
84983.5325002812,0.0
85961.7136696954,0.0
87702.67640407247,0.0
87385.02362927707,0.0
85274.0921047514,0.0
87634.70693626176,0.0
88077.85752456836,0.0
89897.54742247405,0.0
92706.63851005193,0.0
94534.31782679309,0.0
92462.24335953212,0.0
90336.68487768945,0.0
92436.28153998082,0.0
94672.7539377342,0.0
93057.01978039663,0.0
94425.46143094989,0.0
97423.05122484647,0.0
94894.3380010813,0.0
93200.96301509252,0.0
93009.99870474343,0.0
92655.60429732232,0.0
91163.75955237665,0.0
90909.54389190846,0.0
89440.98048622526,0.0
90990.72004257645,0.0
88620.77590559697,0.0
91125.52539913534,0.0
89166.37125954297,0.0
87029.59799441989,0.0
89419.29914799327,0.0
89371.51835476277,0.0
91626.84786592955,0.0
89817.18711350906,0.0
91516.76358535445,0.0
90098.34730909567,0.0
92038.07469776145,0.0
89969.85395398395,0.0
87251.4239401751,0.0
90015.87816236756,0.0
89997.07848910356,0.0
90526.05461177096,0.0
88645.7227468885,0.0
88655.7580692952,0.0
90065.60721729156,0.0
88107.5816652417,0.0
90525.35895784527,0.0
92387.10478010465,0.0
90140.61853820377,0.0
90990.24009668527,0.0
92930.34814580376,0.0
91041.46925784527,0.0
90492.96796744847,0.0
92954.30502920254,0.0
94853.84024538362,0.0
97140.20340257729,0.0
97538.4988693844,0.0
97239.39437863711,0.0
99349.45629155636,0.0
97165.6908752562,0.0
97165.6117293869,0.0
95271.60868796671,0.0
96160.56626813172,0.0
95417.51336712952,0.0
95302.49591743792,0.0
97364.6434924183,0.0
97813.4111102861,0.0
97764.743030549,0.0
98008.9491323235,0.0
95736.76939149822,0.0
94020.83491628495,0.0
93997.72569944915,0.0
96257.11978279332,0.0
96010.81677520543,0.0
96320.19142419932,0.0
95945.58596925403,0.0
96297.78487999483,0.0
98077.2270958418,0.0
97918.9758254211,0.0
99878.23037579746,0.0
97935.5025219347,0.0
100056.91672080276,0.0
98380.5599803847,0.0
98180.33631893329,0.0
97995.2282193192,0.0
95787.42777516862,0.0
98712.9890689103,0.0
96012.11632602863,0.0
95677.98420099022,0.0
93824.58106713375,0.0
96120.08363328943,0.0
98485.9903770111,0.0
98178.00138249909,0.0
96113.83826309422,0.0
97850.3015774198,0.0
98450.4204812986,0.0
100335.24464325496,0.0
100536.46601114786,0.0
100793.91624224876,0.0
98205.54961226709,0.0
95916.32316584652,0.0
93618.52239322415,0.0
91543.53634275837,0.0
93540.53243360615,0.0
91826.10131315998,0.0
93325.45393143984,0.0
93216.50645879755,0.0
95679.67205954682,0.0
98365.2755861348,0.0
98028.34983837299,0.0
95680.96751528452,0.0
98170.6411270025,0.0
97812.7682013973,0.0
99994.83269456847,0.0
102160.57875320905,0.0
100352.15291616035,0.0
98274.803983539,0.0
100374.54430971236,0.0
100253.13064567556,0.0
