-112.41324159501,0.0
281.30474516805606,0.0
134.92900248917528,0.0
821.9354522963446,0.0
839.7638753895299,0.0
460.54347695938077,0.0
735.0193391431716,0.0
609.0696329837274,0.0
408.1051501322541,0.0
494.7647671586233,0.0
651.686802031253,0.0
694.2749601910093,0.0
338.740168716028,0.0
-122.51364480392247,0.0
517.7397625927427,0.0
341.4161601855907,0.0
172.70621546709845,0.0
172.15187613662818,0.0
184.16079965215215,0.0
176.76436311371617,0.0
477.8264444794785,0.0
276.87841568330816,0.0
390.00963004482946,0.0
48.14650493763645,0.0
760.4993978949208,0.0
877.656398196928,0.0
889.561881558336,0.0
680.871577539485,0.0
1098.1529719790715,0.0
1288.3464215501074,0.0
1485.9340466158674,0.0
1456.9688704365146,0.0
1571.6272286805945,0.0
1725.8159022139416,0.0
1301.7412732815706,0.0
1708.4384057485718,0.0
1735.0070802684018,0.0
2026.604821410229,0.0
2048.6879335420717,0.0
1799.1259763693345,0.0
1441.7715872245674,0.0
1653.2928594537746,0.0
1634.1250371438573,0.0
1625.6197888390973,0.0
1625.1425777289644,0.0
1427.8830802254874,0.0
1845.0471158256646,0.0
1931.4015472770047,0.0
1993.2177867986218,0.0
2184.3929149412215,0.0
2107.3785635644917,0.0
1725.0442384519945,0.0
1697.0996905236273,0.0
1438.4611508895873,0.0
2117.7502282399946,0.0
2431.3449480627523,0.0
1802.0609619249046,0.0
1683.1436775649745,0.0
2186.8219533260217,0.0
2060.890505044532,0.0
2520.674193549282,0.0
2078.5384637280818,0.0
2209.1577159874114,0.0
1878.121617971155,0.0
1944.1809805024718,0.0
2317.566447150709,0.0
2160.4042409304666,0.0
2746.1516456484064,0.0
2710.3958213614437,0.0
2858.807263173697,0.0
2542.5378205175166,0.0
2526.8818944258937,0.0
2754.945122397854,0.0
2254.4717111136765,0.0
2183.8062927944266,0.0
2658.676817603544,0.0
2302.0960525324563,0.0
2158.0489805735588,0.0
1945.9435530417418,0.0
1599.5574269419146,0.0
1585.2033031730145,0.0
1853.6487846714417,0.0
2280.508095899589,0.0
1979.8560968375036,0.0
2132.7741278191193,0.0
2272.3056160517067,0.0
2172.567331390799,0.0
1692.446890776902,0.0
1581.1061476187544,0.0
1746.298195673502,0.0
1364.9812299712826,0.0
1864.254766022162,0.0
1828.5103591492818,0.0
1926.379697891069,0.0
2058.454975606929,0.0
1843.3272477616092,0.0
1690.5599494545756,0.0
1578.789206896921,0.0
1430.244765135235,0.0
1744.0081180135546,0.0
1476.8132749849492,0.0
1564.6188452188271,0.0
1150.6253445859268,0.0
1102.1970809328766,0.0
921.7668314669975,0.0
1117.4602156808483,0.0
1102.2012826316395,0.0
893.8939662123813,0.0
764.0244906305153,0.0
755.076280005184,0.0
91.40758042206073,0.0
296.47859971531,0.0
603.697172713582,0.0
-18.021021380160278,0.0
235.284260321486,0.0
-43.22963827717629,0.0
-66.13716064873827,0.0
114.065642802576,0.0
426.8019203097083,0.0
60.113495346665296,0.0
-244.494044795904,0.0
54.04360656070071,0.0
-472.8979081974833,0.0
-293.57201256482307,0.0
-524.0015854464156,0.0
-412.56962228843435,0.0
-799.3505504161478,0.0
-1037.1208974580652,0.0
-979.8348766626759,0.0
-1158.9454814419291,0.0
-914.9825833596358,0.0
-857.7798321111686,0.0
-688.9335668690906,0.0
-884.6062143521443,0.0
-378.557851542114,0.0
-536.0115121756306,0.0
-135.83755478587045,0.0
-208.93204573279047,0.0
-471.7775640955987,0.0
-603.989658878505,0.0
-1179.6187095625492,0.0
-650.0978620860974,0.0
-1402.7523984251286,0.0
-1423.0443644021727,0.0
-1778.2789174301251,0.0
-1530.8226447235188,0.0
-835.1326435177916,0.0
-1444.9887170552129,0.0
-1915.5047336930093,0.0
-2213.4817039922864,0.0
-1650.2750494208362,0.0
-1758.561581390496,0.0
-1626.5118094500826,0.0
-1968.029534392389,0.0
-2299.1336169354963,0.0
-2035.897131056339,0.0
-1470.8502960078738,0.0
-1782.9944151487416,0.0
-1938.9718922920817,0.0
-1367.0371109659447,0.0
-1644.553557076682,0.0
-1570.9760117203446,0.0
-1141.5860746260482,0.0
-977.215289989778,0.0
-1471.2160400559073,0.0
-1180.3797524947176,0.0
-1636.5108359590245,0.0
-1857.9100447558947,0.0
-1634.9897936339146,0.0
-1579.1104889291744,0.0
-1414.742346005558,0.0
-2028.1805041954692,0.0
-1969.534459265559,0.0
-2279.111962914607,0.0
-2328.5660643307365,0.0
-2485.3312379900235,0.0
-2128.5289694571165,0.0
-1895.4841131254727,0.0
-2084.1705301259467,0.0
-2258.487358329484,0.0
-2905.9926102302907,0.0
-2292.1542614466134,0.0
-2216.566808808317,0.0
-2307.099618670009,0.0
-1940.351940423339,0.0
-2055.549282257969,0.0
-1543.9630911340528,0.0
-1937.9429775803019,0.0
-1866.423714201402,0.0
-1735.5541050937145,0.0
-1796.319396672102,0.0
-1677.9501358252319,0.0
-2077.639102129489,0.0
-1779.507324835838,0.0
-1923.2239666569217,0.0
-1668.1087340625945,0.0
-990.5544675410373,0.0
-1625.2862615015245,0.0
-1138.1034267188772,0.0
-1261.0061846899273,0.0
-887.508236433782,0.0
-633.638348930599,0.0
-838.0172655039282,0.0
-952.260735536174,0.0
-1072.4016075946126,0.0
-181.3040947300247,0.0
-486.51352270872474,0.0
-482.4264250163808,0.0
-346.33517675180633,0.0
-223.35464107540042,0.0
-316.5493773031095,0.0
-181.12306312553642,0.0
-90.6116412341512,0.0
-235.4235706560262,0.0
13.76205417868755,0.0
-67.0249730788887,0.0
-574.506227617813,0.0
-712.528635567832,0.0
-127.0526914123547,0.0
-426.440152828703,0.0
-697.7120178650099,0.0
-348.842818749257,0.0
-219.19184107863572,0.0
-131.27875467116274,0.0
-451.960530226753,0.0
-88.98414393801127,0.0
-229.81540102752496,0.0
-214.73040160237167,0.0
148.606287120716,0.0
406.77258216021283,0.0
427.1261230899888,0.0
-88.64066164260043,0.0
147.16789910689226,0.0
404.27174585731825,0.0
328.2106267367023,0.0
568.2823947854486,0.0
725.6854176106726,0.0
656.5211681590197,0.0
1316.8714109640632,0.0
1155.4854258573491,0.0
1322.5127704667352,0.0
1419.6126791061301,0.0
1519.6772437913146,0.0
1566.8300760301247,0.0
2182.856478070057,0.0
1856.622887027471,0.0
1948.218475617664,0.0
2246.383528932044,0.0
2299.2073057434973,0.0
2759.2537759853717,0.0
2426.25975789763,0.0
2302.012690237636,0.0
2042.0531154633695,0.0
2044.7397421211338,0.0
2041.0017198381797,0.0
2156.6279241775865,0.0
1547.7922277619987,0.0
1910.574313678399,0.0
2116.285701355857,0.0
2212.5098147376607,0.0
2493.1361871675836,0.0
2072.5459161952567,0.0
2121.8866995930766,0.0
2149.327973889589,0.0
2125.540614118032,0.0
2100.5679384058294,0.0
2211.998450826287,0.0
2100.2652098165063,0.0
2281.9472464291466,0.0
2406.346983695704,0.0
2763.434428566501,0.0
2905.813655663491,0.0
2912.546508714688,0.0
3359.834305952431,0.0
3139.268244176068,0.0
3127.563672393051,0.0
2319.791152510794,0.0
2887.468918971904,0.0
2533.4665355250836,0.0
2955.672406360174,0.0
3086.792462538331,0.0
2956.65865192457,0.0
3075.9396425274235,0.0
2723.184229796034,0.0
2757.9443151673136,0.0
2484.8796331318863,0.0
2347.225386615929,0.0
2858.286403604476,0.0
2983.7905305894838,0.0
3304.341328083631,0.0
3058.9908507773007,0.0
3412.897008071218,0.0
3603.1608984311556,0.0
3514.0259285785232,0.0
4306.30175252985,0.0
3802.0796142902736,0.0
3917.6218122565933,0.0
3952.2452406402426,0.0
3560.592250626696,0.0
3721.6895869550635,0.0
4145.11143163845,0.0
3999.1291642356773,0.0
4749.858395087866,0.0
4318.039868337405,0.0
4889.291364840652,0.0
4856.100007810952,0.0
4588.947121518602,0.0
4458.235405561835,0.0
4368.723047837292,0.0
4810.292723527339,0.0
4719.554120698182,0.0
4744.410922969609,0.0
4421.2851240197215,0.0
4369.848101898272,0.0
4466.217377549362,0.0
4440.586391313214,0.0
4141.9075737875955,0.0
4189.194442825665,0.0
3957.6131987756753,0.0
4052.305974759657,0.0
4387.645917505535,0.0
4191.266592727217,0.0
4045.326987298987,0.0
3536.2396055168574,0.0
3937.983295185877,0.0
3699.68589413922,0.0
3318.8439110606832,0.0
3387.616886135963,0.0
2964.697207567626,0.0
3425.6131257162433,0.0
3424.42343485494,0.0
3171.021611578457,0.0
3150.374920884293,0.0
3225.1384975689557,0.0
3096.322491503653,0.0
3049.6812978072358,0.0
2848.1120210968484,0.0
2854.729256178235,0.0
2966.8620431618933,0.0
3111.026420697375,0.0
3307.67750949826,0.0
2738.9022519476794,0.0
2942.1217714952263,0.0
2602.042229165878,0.0
2210.0233230854947,0.0
2539.1607061190934,0.0
3133.897588170776,0.0
2898.22679096956,0.0
3042.784740498336,0.0
3203.383237024629,0.0
2883.7744882669995,0.0
2494.7086324810966,0.0
2195.9127363581842,0.0
1847.1809254255209,0.0
1922.5614391298077,0.0
1499.7407890029506,0.0
934.2643798827932,0.0
1291.2995606218897,0.0
936.0378673022486,0.0
1211.9868831515817,0.0
951.1419365422967,0.0
1413.4392723858405,0.0
1024.9314777238021,0.0
1235.6325232780425,0.0
1247.5622662921462,0.0
1354.0040901124567,0.0
1540.1665147562612,0.0
1694.6646666014765,0.0
1663.0226235910698,0.0
1695.0184169897473,0.0
2046.895062250517,0.0
2134.466798267912,0.0
1693.5521150552381,0.0
2006.768878690426,0.0
1776.083542466291,0.0
1954.6047067857771,0.0
2157.5610573140434,0.0
2077.5346491767905,0.0
2253.465992033889,0.0
2364.194808368822,0.0
2363.368558004188,0.0
2398.5140529471,0.0
2002.8774744181069,0.0
2173.004963815351,0.0
2535.183113832335,0.0
2499.5168596013373,0.0
1890.7223551123818,0.0
2105.6665589694503,0.0
1675.2581239154351,0.0
2059.748619638641,0.0
2215.60162717269,0.0
1857.5640360464333,0.0
2132.6121288669883,0.0
1971.270794340373,0.0
1668.4750803914594,0.0
1503.5520737062275,0.0
1733.5189059521222,0.0
1228.5714188318823,0.0
1284.99870747544,0.0
1557.0002515899191,0.0
1581.7344002855662,0.0
1718.157555032006,0.0
1254.6120179874301,0.0
1282.65362223903,0.0
1268.65434112646,0.0
1058.5856140272433,0.0
1052.7178514626132,0.0
1059.0224844398033,0.0
1576.892283828503,0.0
976.1210880928832,0.0
1237.45083807371,0.0
1632.1325680550672,0.0
1715.9530835706632,0.0
1580.8998254872151,0.0
1629.005384424215,0.0
2025.999856982482,0.0
1908.7765812701969,0.0
1682.378084960575,0.0
1473.269787068465,0.0
2046.690834885801,0.0
1794.3557073342242,0.0
1413.2257566339274,0.0
1538.1910365540114,0.0
1449.586940762295,0.0
1881.261117559081,0.0
2289.9715162938737,0.0
1504.8271423560352,0.0
1881.9531157069518,0.0
2129.812057861359,0.0
2346.3112759454816,0.0
1908.3100509365393,0.0
2174.648642037141,0.0
1824.1998056255718,0.0
2115.289896297294,0.0
2246.369820169921,0.0
2123.244385063127,0.0
2132.537301492569,0.0
1988.17265021575,0.0
2107.1064642179,0.0
2573.625676050795,0.0
2611.1924308979055,0.0
3035.4521808319996,0.0
2945.896424818158,0.0
2920.9787109911576,0.0
2830.8346422248715,0.0
2277.017380785396,0.0
2602.656111169081,0.0
3011.2146001921947,0.0
2951.624827094691,0.0
2515.083182464299,0.0
2935.178134981278,0.0
2474.27784835923,0.0
2688.4308072325844,0.0
2575.7362912874282,0.0
2836.2065040999323,0.0
2934.1976493305174,0.0
3050.251017294144,0.0
2403.8783748510027,0.0
2636.71202362716,0.0
2741.8215062359923,0.0
2807.462340577246,0.0
3108.447538478386,0.0
2978.318847704996,0.0
2897.239130212689,0.0
3036.1723991439867,0.0
3331.9289424726253,0.0
3399.8884808408557,0.0
3678.860598871295,0.0
3870.8053514194175,0.0
4045.775547941974,0.0
3949.3788980210234,0.0
4050.5479782690973,0.0
4361.814935396466,0.0
4708.548177348333,0.0
5120.370427569188,0.0
4884.2480536126495,0.0
5435.902189325155,0.0
5659.174458968289,0.0
5870.931667589689,0.0
5896.518637304842,0.0
5874.54420847171,0.0
5978.064908202804,0.0
6129.256939952378,0.0
6194.412393339591,0.0
6722.20342279088,0.0
6985.047595655107,0.0
6339.320226385348,0.0
6425.435692247279,0.0
6292.782314571179,0.0
6778.208573195367,0.0
6522.429989765401,0.0
7376.647193975474,0.0
6627.777644090004,0.0
7050.569510587873,0.0
7962.0120556070215,0.0
7104.0656396863415,0.0
7392.337492680052,0.0
7167.651041585661,0.0
7670.6270220588085,0.0
7270.839174137502,0.0
7263.468743587953,0.0
7224.630568019294,0.0
6883.470809354497,0.0
6918.27497162223,0.0
6913.604873802363,0.0
7048.761539028922,0.0
6537.185823050832,0.0
6765.107697304913,0.0
7044.014729081402,0.0
6864.522756156181,0.0
6421.872197301662,0.0
6522.650439302574,0.0
6537.617890716275,0.0
6741.078953637615,0.0
6887.296770620333,0.0
7020.341737510932,0.0
7128.12895945534,0.0
7497.537680634636,0.0
7378.963020474647,0.0
7884.043482305554,0.0
7757.679884962861,0.0
7956.363271084601,0.0
7546.318467453824,0.0
7963.8038957098215,0.0
8136.238555573669,0.0
8057.740784044976,0.0
8553.328107095673,0.0
9008.87382867071,0.0
9133.434376180418,0.0
9249.894972627335,0.0
9012.089851617295,0.0
9233.525221593347,0.0
8829.240127862351,0.0
8943.060202250817,0.0
9530.978371212876,0.0
9093.477408466586,0.0
9076.748037569967,0.0
9041.91781185034,0.0
8706.029625974094,0.0
8327.584025094766,0.0
8301.528816516857,0.0
8225.730516269618,0.0
8037.617869614411,0.0
8148.220509527929,0.0
8582.717999292376,0.0
8112.544763606888,0.0
7986.107249960968,0.0
7988.641611504411,0.0
7479.424963097372,0.0
7725.6007214649335,0.0
7938.319245152122,0.0
7791.548977514141,0.0
7822.012042182108,0.0
8143.827177191756,0.0
8686.102593235273,0.0
8460.43899633575,0.0
7943.687729682533,0.0
8282.655732934836,0.0
8231.931996514613,0.0
7998.556105423466,0.0
7638.650610684468,0.0
7621.418108295292,0.0
7727.529503635152,0.0
7677.627399779629,0.0
7856.819822690126,0.0
8138.192341423606,0.0
7658.370714248178,0.0
7437.075739006502,0.0
7532.902581088758,0.0
7779.765902415508,0.0
7406.898398427688,0.0
7919.036923361597,0.0
7671.211784526198,0.0
7200.3088750429515,0.0
7406.556214041491,0.0
7399.198966045971,0.0
7291.9598883774715,0.0
7521.049352770471,0.0
6556.82103750619,0.0
6876.16356384446,0.0
6803.594232775338,0.0
7257.47521768671,0.0
7688.048250336866,0.0
7460.879600293569,0.0
7001.289683061105,0.0
7036.426406579852,0.0
6815.469031279046,0.0
7099.683961010809,0.0
6837.981978802631,0.0
6805.0259228203295,0.0
7062.508887764084,0.0
6846.062945124541,0.0
7295.515256615567,0.0
6819.3511579524,0.0
6588.203316308763,0.0
7282.821021972297,0.0
7168.989483778017,0.0
7201.892624577402,0.0
7199.880519363127,0.0
6862.428086444662,0.0
6903.422259527853,0.0
7410.8711623131285,0.0
7199.623220922516,0.0
6958.5189357131285,0.0
6592.319624190377,0.0
6586.204683675641,0.0
6487.350298902493,0.0
6684.459791245709,0.0
7263.1989527288815,0.0
7117.425923649567,0.0
7283.896992915063,0.0
7282.708114706119,0.0
7330.574578445954,0.0
7116.472149032562,0.0
7614.882819577038,0.0
7233.268487927612,0.0
7226.911880718417,0.0
6719.190260014733,0.0
7179.8781654581635,0.0
7152.852437538968,0.0
6915.916936191228,0.0
6821.856029243501,0.0
7443.184631771205,0.0
7623.901822700631,0.0
7405.819988848991,0.0
6849.8729540199065,0.0
7156.253200453469,0.0
6751.964059632991,0.0
6718.0894943513185,0.0
7002.815908110572,0.0
6514.962577685238,0.0
6417.5985361461135,0.0
6360.507602084212,0.0
6480.019606411091,0.0
6385.17662456584,0.0
6736.8719735182485,0.0
6771.0666445679235,0.0
6503.9056555252755,0.0
6440.468639647186,0.0
6915.936555124077,0.0
6155.418485008235,0.0
6316.052817332751,0.0
6707.550650645501,0.0
6243.073157243924,0.0
6349.554512459707,0.0
6062.513543579647,0.0
6709.030470086287,0.0
6217.368061445835,0.0
6491.39774937486,0.0
6502.4525925087655,0.0
6350.387033529867,0.0
6399.906031895251,0.0
6881.771922091003,0.0
6503.346525109902,0.0
7020.7159136224645,0.0
6447.205269424338,0.0
6776.3577282812885,0.0
6665.763532594108,0.0
6175.746854089114,0.0
6508.143688660361,0.0
6449.92699041617,0.0
6786.096261250339,0.0
6677.048170353997,0.0
6666.32135437472,0.0
6325.636715502,0.0
6811.0348348117195,0.0
6851.114847095386,0.0
7025.03416150054,0.0
6930.268802147021,0.0
7540.438993375025,0.0
6953.197971474594,0.0
7396.13951360617,0.0
7107.159860049274,0.0
7169.110128069851,0.0
7767.433876501345,0.0
7427.106558080572,0.0
7728.122802911211,0.0
7601.8524799592315,0.0
7588.912422554473,0.0
7604.770508839056,0.0
7798.323000615085,0.0
7204.580042706742,0.0
7697.758311318684,0.0
7713.114398461165,0.0
7732.583505151393,0.0
8086.80033732464,0.0
8285.117451891747,0.0
8399.724616366946,0.0
8748.377298982754,0.0
8101.6457705186085,0.0
8282.283736012661,0.0
7924.514263179997,0.0
7824.807813958289,0.0
8078.253854154539,0.0
8333.173015248984,0.0
8519.960296706298,0.0
7878.107789570047,0.0
8252.032317576795,0.0
8510.624837835989,0.0
8373.367440768841,0.0
8128.1691444492435,0.0
8650.059609290614,0.0
8105.163183605051,0.0
8365.27515594896,0.0
8411.008223252142,0.0
8408.812802706858,0.0
8205.334446269508,0.0
8233.6792667154,0.0
8594.442951757886,0.0
8494.713233807017,0.0
8499.289054244411,0.0
8488.26646601225,0.0
8039.70952938259,0.0
8108.155122109688,0.0
8308.373808334727,0.0
8177.883158847311,0.0
8386.534840118851,0.0
8781.359311264063,0.0
8750.983110679488,0.0
8753.884321168583,0.0
8472.113528116344,0.0
8070.315505673467,0.0
8563.305626232797,0.0
8060.69560568877,0.0
7934.088699520751,0.0
7949.923506444163,0.0
7906.25854273885,0.0
8372.10166611502,0.0
8131.792045458193,0.0
7801.589472865736,0.0
8019.622581122873,0.0
8310.269354078813,0.0
8189.705854481171,0.0
8026.684253668903,0.0
8521.636472825101,0.0
8602.664629630137,0.0
8672.78615122816,0.0
8289.760592389002,0.0
8570.647631143122,0.0
8263.122321112625,0.0
7794.370162199356,0.0
8194.600963170964,0.0
8485.418974818225,0.0
8403.414933917236,0.0
7918.7769708875485,0.0
7873.838290610158,0.0
8536.293258058466,0.0
8015.331798099578,0.0
8300.618443926513,0.0
8315.514786620191,0.0
7960.029215723938,0.0
8297.865888493996,0.0
8242.367578178986,0.0
8815.324355300232,0.0
8685.85951011044,0.0
8775.188997921887,0.0
9523.554786621818,0.0
9561.963223946655,0.0
9540.085022959316,0.0
9492.315471874663,0.0
9829.81616592022,0.0
9744.519268562854,0.0
9408.941218448143,0.0
9834.82471038335,0.0
9686.718847255413,0.0
10175.82129279124,0.0
10199.194210157006,0.0
10318.656362960677,0.0
9905.678372529508,0.0
9471.557337440403,0.0
9821.036516531309,0.0
9580.855174074768,0.0
10048.973729813679,0.0
9926.035553873902,0.0
9654.945905308823,0.0
9275.533183235315,0.0
9435.653943745338,0.0
9048.93066821536,0.0
8737.664508549762,0.0
9002.808038326713,0.0
8861.7647925073,0.0
8988.266587190832,0.0
8407.886505823057,0.0
8828.263722945372,0.0
8696.976010181006,0.0
8489.166013086182,0.0
8788.266756966103,0.0
8471.526226487487,0.0
8806.575417794253,0.0
8524.254222219382,0.0
8424.165812860456,0.0
8880.087514924353,0.0
8849.549064680801,0.0
9156.397244864787,0.0
8946.017676010857,0.0
8986.451439679755,0.0
9356.801910740223,0.0
9113.365716569064,0.0
9049.7249860823,0.0
9915.052908062025,0.0
9689.838733694414,0.0
9320.598072218057,0.0
9595.16016238694,0.0
9385.078979639029,0.0
9041.338580824773,0.0
9297.617553908438,0.0
9014.201981449683,0.0
9032.626950542584,0.0
8744.335966991677,0.0
8268.951490869476,0.0
8613.794501594737,0.0
8649.278876028598,0.0
8815.090599565476,0.0
8431.329109705786,0.0
8585.231892837675,0.0
8952.431520569045,0.0
8495.330240906058,0.0
7798.406641916618,0.0
7563.044369143465,0.0
7918.126438340063,0.0
7971.50850525673,0.0
7932.663087912173,0.0
7567.318178431557,0.0
7702.000838113313,0.0
7475.744433590533,0.0
7645.5456931067865,0.0
7558.5207871322555,0.0
7968.476641613233,0.0
7251.462318736668,0.0
7467.7734823836545,0.0
7336.147387771386,0.0
7933.310581100681,0.0
7754.500041005787,0.0
7433.4316923124225,0.0
7327.850772234608,0.0
7674.8747934890835,0.0
7833.179179858671,0.0
7656.744475159953,0.0
7378.243848974844,0.0
7563.021622697192,0.0
7860.5553139668655,0.0
6879.525035691476,0.0
7564.491660590519,0.0
6721.55185686124,0.0
6653.391460885774,0.0
6731.334096744711,0.0
6839.360479426872,0.0
6693.27653040948,0.0
6043.966396451848,0.0
6639.980267456249,0.0
6627.040383412688,0.0
6426.000731135708,0.0
6090.553660772083,0.0
6028.236166296395,0.0
6161.490979424877,0.0
6230.694190136322,0.0
6027.09732194505,0.0
5757.861828443777,0.0
5832.861791641063,0.0
5823.674278906794,0.0
5999.9188010943535,0.0
6010.926213321499,0.0
5456.929800575214,0.0
5731.873896201602,0.0
5832.054871409229,0.0
6208.430534165271,0.0
6134.532414123122,0.0
6027.447159006033,0.0
6359.063082122932,0.0
6069.602544488204,0.0
6604.812885463093,0.0
6539.866929858048,0.0
6141.6414177005445,0.0
6161.421874868169,0.0
5928.041432705977,0.0
5832.621261188734,0.0
6029.165612611132,0.0
6362.2286819263945,0.0
6454.586926126395,0.0
6322.443075258663,0.0
6002.751323705012,0.0
6281.990636979904,0.0
5941.926746019223,0.0
5773.434776804988,0.0
5728.183782030628,0.0
6052.512759286942,0.0
5770.707621816496,0.0
6449.866976979497,0.0
5787.432808804404,0.0
5785.531107526984,0.0
5989.469597436459,0.0
6111.9838088791275,0.0
6419.3784761399265,0.0
7789.962295157653,1.0
6299.3392441074575,0.0
6185.226158646897,0.0
6236.788810506335,0.0
6635.016738492761,0.0
5838.943411470416,0.0
5924.423051717052,0.0
5962.230960105548,0.0
6080.99451529836,0.0
6317.107937831179,0.0
6082.144205400218,0.0
6627.701641904015,0.0
6549.061640649469,0.0
6873.399863282651,0.0
7025.021125037798,0.0
7340.185970764135,0.0
7270.446759262616,0.0
7687.992715137057,0.0
7400.297145240932,0.0
7032.334431776523,0.0
7140.758238254652,0.0
7458.813726500228,0.0
6836.9032532928995,0.0
6735.213737950554,0.0
6714.027907973477,0.0
6414.410469729732,0.0
6578.9220675902325,0.0
6389.464594765514,0.0
6705.718909024731,0.0
6587.811871807358,0.0
6350.171400191469,0.0
6454.051271962382,0.0
6451.286225143384,0.0
6468.778992274842,0.0
6858.6551563881785,0.0
7095.422020122703,0.0
6813.581376003138,0.0
6933.019648940608,0.0
6777.177766382462,0.0
6824.5170140769915,0.0
6456.3624570413895,0.0
7071.119672704035,0.0
7355.890343022823,0.0
7010.368376091907,0.0
7000.309475781339,0.0
7007.117316464647,0.0
6941.768103845423,0.0
7140.850317733453,0.0
7517.359983258206,0.0
7589.601494973398,0.0
7513.258008377334,0.0
7339.653410707797,0.0
7902.932854858781,0.0
8037.903989339391,0.0
8448.542429315847,0.0
7780.781670823795,0.0
8202.993185743357,0.0
8580.229196364755,0.0
8381.053063903564,0.0
8326.004682797437,0.0
8516.464437581975,0.0
8281.899053581787,0.0
8583.027415547014,0.0
8973.220226354602,0.0
9118.426906235958,0.0
8787.676157153723,0.0
8294.071880955338,0.0
8800.523419440773,0.0
8767.529738481066,0.0
8351.327685054865,0.0
9450.479036012513,0.0
9024.274260165588,0.0
8908.745967164863,0.0
9625.236461314189,0.0
8998.125842209709,0.0
9351.912394143574,0.0
9187.947415554132,0.0
9155.294554721506,0.0
9053.713799118597,0.0
8960.598309652734,0.0
8827.108617297708,0.0
8650.473449032756,0.0
9047.418995814494,0.0
9317.957560877836,0.0
9158.689945412138,0.0
9669.491082615066,0.0
9130.979844698237,0.0
9019.14623255538,0.0
8763.936960707193,0.0
8476.682870340344,0.0
8722.907280515306,0.0
8693.124176677276,0.0
8862.392316227193,0.0
8502.495271194666,0.0
8871.003268839053,0.0
8829.114438801216,0.0
8827.596944277935,0.0
8843.341853548003,0.0
8616.331108535926,0.0
8636.085191198188,0.0
8538.027445725871,0.0
8383.014618412042,0.0
8316.387007108711,0.0
8224.735368580501,0.0
8109.384586379244,0.0
7717.076504836707,0.0
8076.357032629504,0.0
8415.195127054994,0.0
8626.19776624854,0.0
8272.568677644022,0.0
8681.53330667544,0.0
8659.227311089708,0.0
8348.017527524378,0.0
9005.974546857946,0.0
8304.443295262678,0.0
8215.294654203331,0.0
8411.017045097034,0.0
8338.767437351122,0.0
8602.835023693318,0.0
8343.832855976309,0.0
8578.161714447086,0.0
8897.762904182797,0.0
9004.105428714312,0.0
8711.238948429846,0.0
8567.418398360296,0.0
8390.960736907287,0.0
9155.768742765276,0.0
8924.874561943643,0.0
8901.978103207166,0.0
8889.927240899025,0.0
8871.049335533826,0.0
8561.485164515358,0.0
8264.748922454879,0.0
8082.192299910872,0.0
8173.552787369444,0.0
7572.542527061117,0.0
7884.7738171901965,0.0
7462.89531810936,0.0
7256.746350036352,0.0
7372.45569583834,0.0
7450.5178042499,0.0
7418.056649840442,0.0
7525.704763257359,0.0
7585.090529857367,0.0
7967.538204472084,0.0
7874.133303753947,0.0
7754.8284920945935,0.0
7813.144487319074,0.0
7540.788505560287,0.0
7493.191988035644,0.0
7263.772596287677,0.0
7957.614784863204,0.0
7738.825467173004,0.0
7682.309203167234,0.0
7333.9527894368875,0.0
7153.893153720081,0.0
7269.792693998427,0.0
7007.86734233973,0.0
7216.184660411177,0.0
6750.06887123844,0.0
7542.371727579587,0.0
7218.432293257617,0.0
7202.002910706144,0.0
7640.939978388192,0.0
7063.671745248964,0.0
7660.419080840052,0.0
7243.677658677421,0.0
6859.072796886583,0.0
7699.192726776608,0.0
7830.140549769066,0.0
7657.897243084647,0.0
7506.607946490907,0.0
7602.599183812566,0.0
8058.720086136161,0.0
7530.356047651765,0.0
7678.768094075163,0.0
8028.713283959842,0.0
7909.076749886631,0.0
7570.017814860108,0.0
7451.467187248008,0.0
7484.527114888822,0.0
7714.257342743383,0.0
6985.667278412291,0.0
6625.074371955863,0.0
6755.877640910009,0.0
6947.40538247599,0.0
6802.104942969198,0.0
7128.213791798324,0.0
7138.836528255729,0.0
7202.795650424056,0.0
6931.025031981376,0.0
7071.8556398481405,0.0
6714.564779168864,0.0
7024.922574936419,0.0
6483.80194879459,0.0
6648.17529563362,0.0
6319.148760634122,0.0
6374.250037373649,0.0
6361.480197867535,0.0
5935.309541849918,0.0
5759.1051040708435,0.0
5503.077291997526,0.0
5121.950862831916,0.0
5782.963431158029,0.0
5644.362203553672,0.0
5080.895952162269,0.0
5475.312289319487,0.0
5428.290242132312,0.0
4949.6545514841455,0.0
5404.2917935389505,0.0
5279.392826969008,0.0
5548.096175719323,0.0
5570.588046531559,0.0
5300.6704305739995,0.0
5268.31896971956,0.0
5441.056188616502,0.0
5540.071807223884,0.0
5436.029356091199,0.0
5329.273897488466,0.0
5041.887902025126,0.0
5278.56959884297,0.0
4916.518268038756,0.0
5493.48353961799,0.0
5011.529614872932,0.0
4854.696882571795,0.0
4705.494804336817,0.0
4421.616445498216,0.0
4907.194941710003,0.0
4634.007741696032,0.0
4581.917201699572,0.0
4401.964750031846,0.0
4937.049299480523,0.0
4485.054799712296,0.0
4885.1769788809825,0.0
4271.060574816149,0.0
4391.768988240521,0.0
4219.348436837284,0.0
4595.464116499053,0.0
4149.372698358815,0.0
4382.75054023305,0.0
4296.774855156756,0.0
4592.381028987508,0.0
4779.770694933417,0.0
4574.887124999605,0.0
4518.742199254224,0.0
4648.006770777452,0.0
4291.626324645128,0.0
4764.204017974691,0.0
4936.1694131964705,0.0
4437.921906075174,0.0
4703.862763531163,0.0
4855.70938229619,0.0
4643.496401470334,0.0
4380.204266491359,0.0
4703.856378512117,0.0
4944.421783239784,0.0
4509.345331922166,0.0
4505.324823851859,0.0
4634.631898570657,0.0
4825.852418389155,0.0
4502.706946685622,0.0
4487.573806316501,0.0
4546.145280076459,0.0
5025.904124985012,0.0
4800.931036695086,0.0
4848.55451439042,0.0
4772.363080446583,0.0
4578.604352694777,0.0
5105.202090710064,0.0
5207.523140758199,0.0
5187.258270622266,0.0
4672.613976015797,0.0
5056.9061662472095,0.0
5459.932762738804,0.0
5491.656683742724,0.0
5590.44279196837,0.0
5764.927927365918,0.0
5603.176972017117,0.0
5407.449800261818,0.0
5415.468875478099,0.0
5637.47673519008,0.0
5786.876233935987,0.0
5870.704384084588,0.0
5831.74306775227,0.0
5872.855717123868,0.0
5371.200007840807,0.0
5352.460285168408,0.0
6020.1249948267005,0.0
5869.227443468308,0.0
6063.338061490274,0.0
6259.940924921412,0.0
6543.424741340552,0.0
6823.169535260522,0.0
6554.6301573915725,0.0
6470.751466731963,0.0
6722.358291268804,0.0
6243.828023048474,0.0
6836.200372081163,0.0
6592.600749888073,0.0
6521.199724740232,0.0
6963.696020960412,0.0
6245.270624088615,0.0
6551.754659424205,0.0
6437.624260630398,0.0
6181.69900363233,0.0
6000.82314998075,0.0
6216.37841026754,0.0
6085.4193506694,0.0
6958.635489231788,0.0
6517.310743612985,0.0
6505.622556764105,0.0
7254.997106578222,0.0
7534.34826872517,0.0
7366.5165512740405,0.0
7395.88691435073,0.0
7595.305272280941,0.0
7747.390667529151,0.0
7235.860612747871,0.0
7997.703714352427,0.0
7616.34172990307,0.0
7338.035782615582,0.0
7864.245596491341,0.0
7831.48188772034,0.0
8127.037118702527,0.0
7658.71671103738,0.0
7666.823789153253,0.0
7602.9492919580825,0.0
7478.095388608483,0.0
8120.18913545802,0.0
7643.090207665093,0.0
7832.66680205864,0.0
7957.24641081423,0.0
7950.11230749563,0.0
7560.059690434382,0.0
7903.422898434041,0.0
8609.154204259656,0.0
8138.721719750457,0.0
8320.736905916514,0.0
8310.940615508936,0.0
8262.370205649317,0.0
8311.948179501993,0.0
8223.179104437924,0.0
8581.413557366584,0.0
8666.266543172202,0.0
8738.912649340122,0.0
8395.838477610443,0.0
8154.450734674144,0.0
8678.872527401461,0.0
9102.008230125171,0.0
8406.694690125662,0.0
8494.00032450816,0.0
8430.412814125102,0.0
8814.103808945969,0.0
8919.301934550673,0.0
8638.543662127531,0.0
8825.043050672448,0.0
8633.139500455838,0.0
8872.301665944458,0.0
9041.022753648798,0.0
9045.954532238942,0.0
9074.990281940849,0.0
8460.878726166182,0.0
8307.668035594525,0.0
8288.132777250057,0.0
8163.842301778597,0.0
8202.056564096058,0.0
7900.353345278197,0.0
7836.48988838651,0.0
7938.846348598518,0.0
7921.468452364817,0.0
7732.61920338293,0.0
7768.97348539192,0.0
8032.456505705067,0.0
8127.800889413707,0.0
7690.8965998568,0.0
7397.066207744392,0.0
8030.9719172575205,0.0
7685.940333764822,0.0
7608.001067381512,0.0
7764.670628867022,0.0
7045.4576315030345,0.0
7358.037369987058,0.0
6973.29986293775,0.0
6988.256673342488,0.0
7226.441231202285,0.0
7095.738522739644,0.0
7035.195042307425,0.0
6740.016448136525,0.0
6920.295173175908,0.0
6933.70401284407,0.0
6683.757357180693,0.0
6304.288718033133,0.0
6221.631548505863,0.0
6241.277427239814,0.0
6382.529750391974,0.0
6617.86532919315,0.0
6390.36768627336,0.0
6274.992469099853,0.0
6242.78822935034,0.0
6511.881913380288,0.0
6601.2980846476175,0.0
6801.186349466459,0.0
6097.1276186287505,0.0
6159.223996306178,0.0
6116.05512029504,0.0
6134.8962650345475,0.0
6287.276004138808,0.0
6406.8767733911845,0.0
6338.211012867328,0.0
6099.025162720385,0.0
6227.304274712053,0.0
6693.095978782272,0.0
6623.00667142368,0.0
6379.273769512492,0.0
6107.03897895215,0.0
6374.619336198345,0.0
6545.88749111789,0.0
6517.137545494639,0.0
7029.225489251484,0.0
7004.506149552235,0.0
6752.2074700573685,0.0
6470.619177496873,0.0
6594.462761530878,0.0
6793.212369835043,0.0
6790.5859625008725,0.0
6514.942233636566,0.0
7130.3734280395465,0.0
6629.138933923098,0.0
6585.003691142817,0.0
6410.2880122821225,0.0
6146.618299735275,0.0
6213.92739683263,0.0
6006.01650163103,0.0
6087.134108492949,0.0
5914.3482415631115,0.0
5503.839787251963,0.0
5854.650709056763,0.0
5670.240274714121,0.0
5389.506975651312,0.0
5679.818278995078,0.0
5590.647201100541,0.0
5809.318349374198,0.0
5711.133798959373,0.0
5627.91904289525,0.0
5745.779417123229,0.0
5796.071991624504,0.0
5560.870137306284,0.0
4971.310691402487,0.0
5476.170561461414,0.0
5412.845759578359,0.0
5650.368770976345,0.0
5524.2638435738245,0.0
5480.739463454796,0.0
5251.580928582223,0.0
5087.228075646714,0.0
5412.153932098932,0.0
5434.53232196251,0.0
5116.957844572396,0.0
5541.4788671818915,0.0
5611.391781521767,0.0
5494.128407714724,0.0
5158.951931448005,0.0
5518.791581330582,0.0
5573.099513328698,0.0
5840.631647295645,0.0
6029.93317046172,0.0
5839.606059846862,0.0
6015.917400045224,0.0
5751.0088028512055,0.0
5729.463840876953,0.0
5626.549691816001,0.0
6094.716819385124,0.0
5672.246881074488,0.0
5595.0007531897045,0.0
5757.584855587222,0.0
5992.233678975735,0.0
5956.6726806894685,0.0
6083.063829935139,0.0
5787.72666578697,0.0
5798.352599330982,0.0
5783.944882864101,0.0
6066.948029836154,0.0
5934.039647143606,0.0
6106.749496052585,0.0
5907.185686787383,0.0
6106.790246420163,0.0
6136.062929211866,0.0
6059.953632334374,0.0
6190.931218832348,0.0
6094.864089581826,0.0
6317.812598473282,0.0
6370.657152621398,0.0
6279.778257601504,0.0
6198.728865981134,0.0
5965.655505052574,0.0
6636.146423949742,0.0
6136.432141585926,0.0
5979.859010752683,0.0
5946.42305400166,0.0
6278.094543897675,0.0
6649.608155882092,0.0
6512.77183103923,0.0
6369.383443050937,0.0
6400.504899859751,0.0
6763.935375590416,0.0
6878.522886070249,0.0
7026.0799783085895,0.0
7205.447724352347,0.0
6782.1667453566015,0.0
6523.437842186493,0.0
6260.948202879286,0.0
6121.180983231951,0.0
6303.912222965191,0.0
6362.9251561974925,0.0
6275.05236888987,0.0
6260.906776346078,0.0
6701.396036940421,0.0
7264.105567482351,0.0
7127.049674525411,0.0
6843.605877108108,0.0
7300.6198125932915,0.0
7153.396594362222,0.0
7442.900975234608,0.0
7723.751819672626,0.0
7736.639260041508,0.0
7602.634372987001,0.0
7847.878188217538,0.0
7831.091471922088,0.0
