-116.188400644466,0.0
1478.005781027778,0.0
1343.8132750784475,0.0
3279.578174540453,0.0
4434.92331281233,0.0
2929.644338377648,0.0
3284.530596552757,0.0
2073.3086010835323,0.0
773.8855749762869,0.0
2006.234029800441,0.0
1122.20621176956,0.0
2301.171890799551,0.0
817.551022387133,0.0
-790.54966445406,0.0
-17.234790311885945,0.0
-197.25301955353598,0.0
-1468.553762855442,0.0
-2545.3985668821583,0.0
-2510.577138291228,0.0
-2500.090805479618,0.0
-1033.133445155672,0.0
-2350.560167275138,0.0
-1106.4139574194921,0.0
-1493.2840386192622,0.0
445.4698911582441,0.0
1688.34795624943,0.0
1707.8013800170402,0.0
1468.0038756383,0.0
3054.479380337956,0.0
3275.429605252896,0.0
3502.853909537346,0.0
4562.688167705412,0.0
4689.133734335562,0.0
5958.179543086389,0.0
4353.651959715742,0.0
5912.8044643470685,0.0
5928.063636939119,0.0
7348.877888509474,0.0
6256.145300070708,0.0
4844.752619480332,0.0
3305.756652800906,0.0
4625.362072071372,0.0
3476.8775523858158,0.0
3437.715303404956,0.0
4504.872345820342,0.0
3143.670705334406,0.0
4694.508157961142,0.0
4759.571865075992,0.0
5893.314317345698,0.0
6077.903348474429,0.0
5948.660531573369,0.0
4363.737526305612,0.0
3190.958333401796,0.0
2847.0378233839756,0.0
4694.404306117992,0.0
6114.816805615538,0.0
4238.214182269042,0.0
4054.8275189907818,0.0
5695.611349253628,0.0
5503.609299170968,0.0
5994.374651999578,0.0
5433.833814102758,0.0
5541.214031805808,0.0
4012.123715923672,0.0
5143.776386524578,0.0
6634.328345513554,0.0
7507.166291906222,0.0
8148.28748160384,0.0
9164.597304201896,0.0
8199.441853699529,0.0
7792.55645081904,0.0
8836.2114274097,0.0
9066.882735589897,0.0
7351.295479631691,0.0
7237.241037529505,0.0
8859.752602261236,0.0
7317.739566333871,0.0
6025.671064447026,0.0
4656.5631005031655,0.0
3133.328800164688,0.0
3098.342943138424,0.0
4494.316887944667,0.0
6077.683147209041,0.0
6815.773268149581,0.0
5888.1885932409405,0.0
7145.321384545471,0.0
5929.270063262339,0.0
4272.938190031074,0.0
3049.72755989386,0.0
4349.495222209142,0.0
2818.182009681333,0.0
4514.134595735835,0.0
4491.164367638848,0.0
5726.095049080599,0.0
5905.745601464279,0.0
5684.181403444142,0.0
6637.5339834921815,0.0
5444.916966105221,0.0
5311.67091805495,0.0
6819.5975164348465,0.0
5456.511787111909,0.0
5609.483969347077,0.0
4082.352752483915,0.0
2984.881349987488,0.0
2835.662840236422,0.0
2029.671133550367,0.0
3178.471017978361,0.0
1908.2192793915701,0.0
1831.332656856511,0.0
799.9379347390201,0.0
-991.575970241038,0.0
430.006992771571,0.0
874.953275944059,0.0
-858.812738984949,0.0
627.563504244088,0.0
-700.7034123748,0.0
-629.7912791166361,0.0
778.9870348760561,0.0
2344.571039228726,0.0
922.968250985521,0.0
-424.21507947473685,0.0
32.2943852869339,0.0
-1570.3852278852721,0.0
-150.77524511657612,0.0
-1404.681031318592,0.0
-1160.063822989622,0.0
-2593.720024125908,0.0
-3852.642910871744,0.0
-2569.4092502493686,0.0
-3758.378670125824,0.0
-2256.280096701168,0.0
-971.5189277774921,0.0
-655.0631348751424,0.0
335.1657027033839,0.0
2143.2998567248,0.0
3177.668232306346,0.0
4861.629601423432,0.0
4894.588504605432,0.0
3606.8870250660557,0.0
2470.51062138927,0.0
816.0974243591643,0.0
1547.3842352259542,0.0
-316.1348288776421,0.0
-1327.5150318911783,0.0
-2731.1198526367243,0.0
-1236.7314066067092,0.0
778.111819737157,0.0
-928.5290933356382,0.0
-2475.098360030524,0.0
-3823.03442159696,0.0
-1972.358783280244,0.0
-2005.9090215644337,0.0
-663.5205412607784,0.0
-2073.539962826444,0.0
-3474.55494373542,0.0
-1988.636318798614,0.0
-154.2350357474984,0.0
-444.5313154141377,0.0
-556.3213794173485,0.0
176.81764807584113,0.0
-84.00000313508826,0.0
1159.346865738457,0.0
2813.626234281104,0.0
4155.0454998575,0.0
2527.672129298414,0.0
1811.203405069968,0.0
1318.569786722288,0.0
1095.4856377267383,0.0
1386.2514505369782,0.0
1478.1582687498972,0.0
593.7281300225222,0.0
-1201.5724698174936,0.0
-1118.870992285064,0.0
-2568.2205120992503,0.0
-2619.78006078403,0.0
-3899.1890007714965,0.0
-2386.6334211654594,0.0
-2121.02690768671,0.0
-2351.01956174119,0.0
-3666.8397648048567,0.0
-5538.130890483473,0.0
-3745.4725443065263,0.0
-2583.99065279599,0.0
-1619.795484135714,0.0
-1224.7388978102636,0.0
-1394.9621011913937,0.0
260.79346742505186,0.0
-241.02855819687738,0.0
-203.34072954742715,0.0
999.169674902138,0.0
-221.95789402966875,0.0
-138.38211887218858,0.0
-1760.0541412989542,0.0
-1472.1059882165441,0.0
-602.9659979827788,0.0
728.8604206259783,0.0
2551.036449997524,0.0
644.1300477360178,0.0
2240.609101252524,0.0
2025.5584226857238,0.0
3486.34322199156,0.0
3707.65627639786,0.0
2294.908888838484,0.0
3183.53058579049,0.0
4064.4008896850464,0.0
5024.736504981856,0.0
4589.925501322036,0.0
4515.278853777936,0.0
5692.943193249332,0.0
5756.580671594402,0.0
5568.2924457609315,0.0
5646.754649314422,0.0
6771.913826271579,0.0
6524.625535042878,0.0
5638.668988856572,0.0
4368.892280082186,0.0
2602.68835658019,0.0
2366.9769120967003,0.0
4074.617394900566,0.0
2554.80992619606,0.0
2167.98255210875,0.0
2505.74951135034,0.0
3688.419621369306,0.0
3725.679120138996,0.0
2189.98027416899,0.0
1453.386687081684,0.0
2329.04889677314,0.0
3388.806370305786,0.0
3758.3017653128863,0.0
5106.377530327913,0.0
6179.823324529829,0.0
4433.634457009202,0.0
3566.336354043796,0.0
3825.3365520514553,0.0
3698.816964772006,0.0
5042.409748263062,0.0
5193.928405604582,0.0
6182.991689918748,0.0
8025.514710676483,0.0
7814.493595701454,0.0
7989.393854382084,0.0
8085.863416344295,0.0
9287.54631726992,0.0
10430.639049925347,0.0
12239.977848242612,0.0
12953.951241063809,0.0
11960.727722927182,0.0
13408.665332582448,0.0
13474.923972052928,0.0
15117.518703819906,0.0
13641.208792349398,0.0
12411.103494215722,0.0
11025.594996644126,0.0
11047.672126518417,0.0
9966.270604738791,0.0
10125.2866458565,0.0
9442.29230693095,0.0
8795.739645029993,0.0
10165.77395136624,0.0
11410.446032338037,0.0
11773.597883338076,0.0
10222.725529988391,0.0
10320.31835722802,0.0
9295.592989173065,0.0
8212.91678575135,0.0
9327.847331293653,0.0
10603.33570084477,0.0
10521.43874277428,0.0
10782.90466511004,0.0
12077.455930674756,0.0
13644.339497514742,0.0
13863.219983053634,0.0
15023.471803367127,0.0
14500.682829182702,0.0
15397.267554047929,0.0
14340.471869830882,0.0
12356.011654034546,0.0
13073.869297832896,0.0
12717.389737043777,0.0
13265.760670762736,0.0
14573.336168825923,0.0
14477.447585934682,0.0
13573.291481076536,0.0
13217.057829612926,0.0
13311.992389326526,0.0
11948.73463685729,0.0
10742.546483359365,0.0
12489.04138045336,0.0
13785.095372173137,0.0
15307.452652986281,0.0
15070.288387540062,0.0
16629.126413837497,0.0
17995.876059753475,0.0
19035.51950003911,0.0
21101.195403090984,0.0
19456.62038334059,0.0
19631.60332324565,0.0
19710.605480259408,0.0
18192.312523777797,0.0
19513.97055913794,0.0
21139.647716453605,0.0
22099.725882367362,0.0
24103.294920249296,0.0
23627.77940665682,0.0
25418.366943090798,0.0
25403.765020789135,0.0
25114.520010598615,0.0
23883.76261903891,0.0
24896.465587823604,0.0
26526.38945311434,0.0
25336.578857659344,0.0
26477.00714660067,0.0
25012.629075786903,0.0
24961.852426392594,0.0
25081.636044372477,0.0
23958.83364898084,0.0
23614.74151724807,0.0
23672.361861801088,0.0
23403.356789421778,0.0
22414.567614542833,0.0
23902.23861148023,0.0
22571.400542945423,0.0
22396.774861839192,0.0
21797.640223579063,0.0
22259.217436377534,0.0
20875.007678182526,0.0
19323.72253261401,0.0
19394.42976745413,0.0
17792.572474972098,0.0
19417.76256506333,0.0
20503.748275199127,0.0
20196.652704035336,0.0
19061.93184403062,0.0
18038.250398150878,0.0
18974.50232428387,0.0
17809.256628650106,0.0
16463.55361667985,0.0
17558.135169877307,0.0
18776.09635482634,0.0
20031.886557818667,0.0
20250.799066941927,0.0
18479.46720131145,0.0
18707.574189541818,0.0
17204.601965142407,0.0
16740.789362144948,0.0
18217.47627112408,0.0
20005.039219328595,0.0
19727.250078958234,0.0
19894.168151055124,0.0
20081.339793300584,0.0
18611.69552575183,0.0
17062.821393280607,0.0
15621.00593330709,0.0
14122.888334487352,0.0
13121.167983484556,0.0
11540.73716252484,0.0
9796.142450468744,0.0
11326.49439441689,0.0
10930.08878132019,0.0
11271.83548978766,0.0
12088.854251940927,0.0
11553.9620888161,0.0
11128.37166351523,0.0
12502.465911538366,0.0
12548.702514626946,0.0
12707.663895977697,0.0
14060.789589395292,0.0
15379.580066680988,0.0
16483.961414136294,0.0
17665.11099084443,0.0
19221.736544986677,0.0
19374.148424781604,0.0
17814.35929651604,0.0
19333.545216281927,0.0
19122.503167160197,0.0
19390.943099380147,0.0
20788.940898231944,0.0
20760.746168631584,0.0
22131.90087927416,0.0
21231.957832662083,0.0
22401.474100164298,0.0
22516.36103332992,0.0
22131.088794759708,0.0
22407.29311214915,0.0
24007.894907371883,0.0
25146.46736779184,0.0
23421.245168361314,0.0
22657.84597552313,0.0
22242.23898967127,0.0
23876.593536412453,0.0
23048.299702844648,0.0
21622.03361306586,0.0
23132.08317208252,0.0
23035.58945455921,0.0
21676.240427034063,0.0
21576.855932484363,0.0
20839.585920715646,0.0
19245.89137110313,0.0
20504.104163599255,0.0
20914.970826997636,0.0
21037.455603409733,0.0
21289.864284673997,0.0
20842.437755724364,0.0
20967.504948136757,0.0
21042.843092254385,0.0
19790.08100908971,0.0
19873.01411838227,0.0
19968.97372181985,0.0
21758.643299557476,0.0
20045.4769094031,0.0
21533.031971963846,0.0
23174.30069052445,0.0
23352.638629361492,0.0
24372.472022066828,0.0
24505.004160974036,0.0
26140.632137322405,0.0
24977.069767927336,0.0
24782.36328455166,0.0
24605.15314089213,0.0
25337.39655957833,0.0
24005.463676647214,0.0
23619.055804166583,0.0
23819.52510589484,0.0
24866.49205031715,0.0
25418.01365607021,0.0
27038.049873798474,0.0
25065.56283300554,0.0
26641.779037039647,0.0
28063.69437787991,0.0
29445.380082425087,0.0
27863.0252554566,0.0
27097.971096355785,0.0
26708.739556626315,0.0
27063.516940388603,0.0
27227.870000107447,0.0
27091.967303051766,0.0
26007.832198859098,0.0
25839.29290563852,0.0
27072.411600209784,0.0
28706.78510706752,0.0
29837.179349040427,0.0
30315.783631953436,0.0
31290.189655828464,0.0
30138.76577445295,0.0
30006.157923603234,0.0
29329.260715688386,0.0
29673.875613326745,0.0
31210.16971833173,0.0
29999.810973244435,0.0
29445.180264624105,0.0
28787.07949137033,0.0
27098.623787885583,0.0
28391.19357811584,0.0
28200.9323224919,0.0
29541.311656603168,0.0
28492.02370910289,0.0
28559.645119337212,0.0
26637.117281859915,0.0
26835.623106512096,0.0
25784.139792428286,0.0
26881.681980236986,0.0
26054.09318167824,0.0
25820.59198360154,0.0
25642.41010501055,0.0
26817.665243642856,0.0
28174.18485536516,0.0
29263.75785181641,0.0
29499.420867340308,0.0
29632.563324228435,0.0
30843.679275008373,0.0
31737.71421681913,0.0
32861.49287947857,0.0
33131.129291135556,0.0
34540.54749011044,0.0
36025.785961628084,0.0
36755.79959862731,0.0
38404.4450428885,0.0
39670.735431702546,0.0
39825.561336621846,0.0
40862.81703743458,0.0
40746.92206569005,0.0
41877.110859093526,0.0
41965.49355078256,0.0
41955.0257694477,0.0
42485.477267544156,0.0
43807.49113325956,0.0
41874.92104667838,0.0
42994.88023403449,0.0
42763.34606198888,0.0
43254.67549147732,0.0
42884.42330318494,0.0
44909.41419283901,0.0
42871.01427863922,0.0
44398.65453827875,0.0
46498.90325705276,0.0
45440.90460644134,0.0
45722.28413114202,0.0
45408.96129354251,0.0
47045.94099682754,0.0
45436.65124260236,0.0
44288.35277029359,0.0
44205.64033782946,0.0
42675.50303583533,0.0
41587.373017210506,0.0
40457.00681729859,0.0
40592.13362862667,0.0
39977.19837669782,0.0
40228.22367201461,0.0
40542.60263472821,0.0
41425.204140731425,0.0
39807.643614264205,0.0
38827.528865575376,0.0
38849.986351823536,0.0
39096.10835994131,0.0
40378.07392274587,0.0
40549.90208510212,0.0
41794.801663519545,0.0
43348.49625758239,0.0
43238.42568276127,0.0
44957.75453259019,0.0
45944.6316844958,0.0
46215.35184003385,0.0
44681.29840337059,0.0
46312.70024012234,0.0
47661.78690251649,0.0
48721.61239870618,0.0
50453.842612276036,0.0
52142.461816245814,0.0
53448.19869779662,0.0
54747.345579971254,0.0
54537.582001803254,0.0
53767.13092590628,0.0
52269.745969564414,0.0
53576.0406282748,0.0
55437.254421427475,0.0
55006.533642738425,0.0
53969.633411756695,0.0
52913.466548207805,0.0
51508.03637146624,0.0
50054.546217777,0.0
50111.92542929268,0.0
49013.91313896951,0.0
47786.085265766626,0.0
49104.780094492424,0.0
50801.87284571739,0.0
49247.69037979341,0.0
49193.40392162429,0.0
48191.17609525123,0.0
47691.2697734326,0.0
46973.37664504739,0.0
48413.74871052278,0.0
48336.17866760091,0.0
49563.53702377261,0.0
51130.05375323877,0.0
52952.95094112921,0.0
53879.87286952346,0.0
52269.24697400049,0.0
51655.16141691465,0.0
52782.98973718554,0.0
51499.30829957916,0.0
50066.75578609518,0.0
49032.19172209422,0.0
49238.49197900492,0.0
50359.89445760698,0.0
51746.57483616635,0.0
52151.82574742855,0.0
50569.08489959718,0.0
49285.670443814815,0.0
50567.14265409338,0.0
50923.82270039198,0.0
50555.791457427884,0.0
52315.79517367765,0.0
50990.16918602218,0.0
49402.068283887915,0.0
49699.55302819682,0.0
49745.52951341292,0.0
49672.54044492152,0.0
49989.07330153042,0.0
47813.26758071465,0.0
49328.52994234202,0.0
49285.67433016132,0.0
50952.60907281638,0.0
52589.79865155885,0.0
51260.33863156778,0.0
49657.39400863382,0.0
49727.32492206452,0.0
49496.23171164172,0.0
50950.25943141148,0.0
49568.15313407302,0.0
50647.680243858485,0.0
52063.48269303385,0.0
50727.23028690998,0.0
52362.39449955955,0.0
51817.74704224705,0.0
51556.68545511604,0.0
53471.53210685081,0.0
54442.04939176358,0.0
54483.15902720268,0.0
53383.19194088601,0.0
52989.23403103621,0.0
53034.92640315961,0.0
54721.62723359278,0.0
54470.52215588898,0.0
53084.727482852315,0.0
51551.98951763132,0.0
52635.34131336299,0.0
52511.01985446343,0.0
52730.92973246382,0.0
54493.711873005086,0.0
55411.33342851095,0.0
56692.50157158689,0.0
56679.218335202895,0.0
57821.56140995742,0.0
57559.73850985251,0.0
57029.86002838271,0.0
57671.53703000245,0.0
57652.22552093231,0.0
55950.11470529022,0.0
57574.689580233266,0.0
57532.59082556478,0.0
56147.769722396944,0.0
57127.57787642259,0.0
57843.524905490995,0.0
59145.431609414845,0.0
58884.801986971615,0.0
57132.75705930624,0.0
57485.8299757286,0.0
55913.05676730138,0.0
55872.112359111896,0.0
56204.002161723845,0.0
55636.75408126779,0.0
54427.608844903654,0.0
54365.69103739725,0.0
54511.314704578515,0.0
55507.435049044,0.0
57025.86357181963,0.0
55978.63264902941,0.0
54581.92502848533,0.0
55621.891472358075,0.0
57291.95902844925,0.0
55325.74157748805,0.0
54435.25367665623,0.0
56013.12761567761,0.0
54397.72431202832,0.0
54548.473498024854,0.0
54242.357171845455,0.0
56125.05956257506,0.0
55584.107261522215,0.0
55937.565167164015,0.0
55986.23328718045,0.0
54747.810396001085,0.0
55943.39773199503,0.0
56545.95895273836,0.0
57245.879031131175,0.0
58991.580926211915,0.0
58368.374663416296,0.0
57700.15293889464,0.0
56520.595429457375,0.0
54899.94375317222,0.0
55337.81280249467,0.0
55321.367065165374,0.0
56864.28805622473,0.0
57889.049863483255,0.0
57930.51514401923,0.0
56489.31570797853,0.0
58208.989091845375,0.0
59409.9659417021,0.0
58569.95505841018,0.0
58515.59635430578,0.0
60381.76757018024,0.0
59753.36841528595,0.0
60325.752858906744,0.0
60044.63548776845,0.0
61270.88925705621,0.0
63121.907665487175,0.0
62779.400108767775,0.0
64282.44653675984,0.0
63089.17950232378,0.0
62027.02946320831,0.0
63194.66294104878,0.0
62370.87657005481,0.0
60627.949517052446,0.0
62347.955925795606,0.0
62410.69413531531,0.0
63575.19622541698,0.0
65128.12430463364,0.0
66497.40191905851,0.0
65569.75111698314,0.0
67110.15371188361,0.0
65290.65143489784,0.0
64433.349271227074,0.0
62946.010174043506,0.0
63954.36208798858,0.0
64273.181154753875,0.0
64591.08881838238,0.0
65925.53849256053,0.0
64093.91204643238,0.0
63443.601222738005,0.0
64853.29629843848,0.0
64699.94193527868,0.0
63319.124525153806,0.0
63928.19957514421,0.0
62191.97401518314,0.0
63588.4558152605,0.0
64731.950719901375,0.0
64717.821080158676,0.0
63367.28931731341,0.0
62283.91314332915,0.0
62683.634114322245,0.0
61444.80250446988,0.0
61423.18081607578,0.0
61380.353924207484,0.0
59725.820680703604,0.0
60868.36338945838,0.0
61062.95456054379,0.0
61967.84008578774,0.0
61067.96161390368,0.0
61481.05583367718,0.0
62494.48849578264,0.0
61346.811777404284,0.0
59864.79096809721,0.0
58240.44956205964,0.0
58755.56439152904,0.0
57009.19401105038,0.0
56797.71485178428,0.0
55651.63491376811,0.0
56631.65222544848,0.0
57105.21128662999,0.0
55655.28554198781,0.0
54099.07141781355,0.0
55377.92771746961,0.0
55641.542443710714,0.0
56523.370081380184,0.0
55157.43106218001,0.0
56755.05714964628,0.0
57869.50744200884,0.0
56773.41983569588,0.0
55148.737936961814,0.0
55396.48993858432,0.0
53859.610614045654,0.0
53233.57774689435,0.0
54719.513352424314,0.0
53881.02180081305,0.0
53707.18946477725,0.0
51966.09350380038,0.0
51837.16968297408,0.0
53632.64048852855,0.0
51852.46518236798,0.0
51013.57324281472,0.0
50959.69769262612,0.0
51574.426696323084,0.0
52999.25481404185,0.0
52868.89917519655,0.0
54571.982360442315,0.0
55458.51764273488,0.0
56602.54741897914,0.0
57418.752065053544,0.0
58508.69364334931,0.0
58432.520098468005,0.0
59427.779555129884,0.0
60875.23452223664,0.0
59635.66597082619,0.0
59206.286031089585,0.0
60766.631293136845,0.0
59464.00686190128,0.0
61105.111060204144,0.0
62206.95306381691,0.0
62325.88378894521,0.0
60729.269205159246,0.0
59111.881591548285,0.0
60609.23505111255,0.0
60324.513393869944,0.0
60869.51797285375,0.0
59630.90179007329,0.0
59322.339924479485,0.0
57792.9556215983,0.0
56896.665806123245,0.0
55367.03907358628,0.0
53929.52179987231,0.0
54266.75631640871,0.0
55233.27163283788,0.0
54318.452691386214,0.0
52583.667308502554,0.0
54216.88352135761,0.0
53013.66993021655,0.0
53922.53236406621,0.0
54327.55464454291,0.0
52919.83017822155,0.0
54473.01930613781,0.0
54211.53280301961,0.0
53067.42178615145,0.0
54772.32093144041,0.0
55913.54964958968,0.0
57451.40247417425,0.0
57290.84413991834,0.0
58524.432289737306,0.0
60145.59831982148,0.0
59955.435763533584,0.0
61076.26123881375,0.0
63282.622567929306,0.0
64220.14622053668,0.0
62794.757735839106,0.0
62122.050294905646,0.0
61985.05868662865,0.0
60595.45929202478,0.0
62104.37440791854,0.0
60788.370002559284,0.0
59825.63168702261,0.0
58506.57500167245,0.0
58069.15018743144,0.0
58588.80716658365,0.0
58748.56899807214,0.0
60159.49525632941,0.0
60930.16190862448,0.0
60130.513743662006,0.0
60678.24747027561,0.0
59166.29063333714,0.0
57374.49495324228,0.0
56120.329981404815,0.0
56652.54133027421,0.0
57930.95306944958,0.0
56903.602001554915,0.0
55494.558283298655,0.0
56864.51683893371,0.0
55614.99753549545,0.0
57022.976502375415,0.0
58129.881738605385,0.0
57616.988935376714,0.0
56887.04078717712,0.0
57243.02000952981,0.0
57191.17085013761,0.0
59085.22343689478,0.0
58973.557513243984,0.0
58693.47560308958,0.0
57563.244211080615,0.0
59155.17364336078,0.0
59425.55053945718,0.0
60401.39171545455,0.0
60156.51996335715,0.0
61547.23380224321,0.0
60868.84583532205,0.0
58696.69422488308,0.0
58463.32900001201,0.0
56445.41764122235,0.0
56425.92527984285,0.0
56573.27074971335,0.0
56752.17247074135,0.0
56631.30666158805,0.0
54821.583850624185,0.0
56657.35183931705,0.0
56680.99433197495,0.0
55383.121891013885,0.0
55023.66446336838,0.0
56077.72193242965,0.0
55158.90962609378,0.0
56359.26011804965,0.0
55040.80135324088,0.0
53642.40215767952,0.0
53740.58416065601,0.0
53737.304112204016,0.0
53946.92969975642,0.0
53960.73550271542,0.0
52214.10159276025,0.0
53628.08420746992,0.0
53736.70746600252,0.0
55263.09044425588,0.0
56261.78265992275,0.0
57219.09777054581,0.0
57586.573776418314,0.0
56128.88446556205,0.0
57827.50750123181,0.0
58824.23950478068,0.0
57232.97731265141,0.0
57225.64275762571,0.0
55822.61818219135,0.0
54578.64097501418,0.0
55870.69760402375,0.0
57320.376923997916,0.0
58488.06274232098,0.0
58294.11044362648,0.0
56781.73231753401,0.0
57065.22659267021,0.0
55527.24638097325,0.0
54188.55056199308,0.0
52992.932054008816,0.0
54425.02339505998,0.0
55150.19364737715,0.0
56995.414001613215,0.0
55079.28847622225,0.0
53933.24656519308,0.0
55224.69022515775,0.0
56421.53810859341,0.0
56735.692374993116,0.0
92362.622288087,1.0
56509.20057526791,0.0
56334.03955667821,0.0
57451.59156342018,0.0
57875.62241490498,0.0
55809.86068455361,0.0
54772.98957671025,0.0
55879.194615627915,0.0
54883.85434488805,0.0
56224.14121415811,0.0
55918.18601748871,0.0
57622.44086029979,0.0
58600.767679838245,0.0
58951.99383753195,0.0
60202.3958884383,0.0
61645.358915453784,0.0
62641.582392328644,0.0
64207.86167067491,0.0
62756.722604049646,0.0
61214.089077004086,0.0
60228.90480260851,0.0
60588.88744375301,0.0
58756.583825461144,0.0
57532.87502658248,0.0
56405.165933382414,0.0
54955.02682742615,0.0
54048.08649000668,0.0
53829.30132286688,0.0
54202.156151687785,0.0
55169.63728815815,0.0
54900.92714582695,0.0
53933.69406776958,0.0
55041.44419368235,0.0
55076.07237287875,0.0
56645.34533583351,0.0
56939.285543100814,0.0
55531.75334846595,0.0
55692.36606610275,0.0
54435.02740539768,0.0
55613.42140566415,0.0
55210.25687765405,0.0
55954.30155832385,0.0
56314.96345405945,0.0
55942.07241083635,0.0
57060.026319269215,0.0
56001.33266262525,0.0
55958.108740793454,0.0
56223.96575174615,0.0
57796.04137292731,0.0
57915.36669668321,0.0
57861.987496789814,0.0
57695.626990792414,0.0
59487.24288540158,0.0
59681.07812027229,0.0
61295.00945499564,0.0
59454.435043326885,0.0
61081.67469136765,0.0
62656.2286379829,0.0
62459.803255957304,0.0
61332.25717722945,0.0
62687.66221893811,0.0
61349.582449461246,0.0
62832.528091234606,0.0
64418.41186251349,0.0
65717.71667720504,0.0
64263.762497456686,0.0
62618.78496378181,0.0
64335.67992376648,0.0
63225.03358684751,0.0
62764.88915969401,0.0
65168.40703632528,0.0
65792.15162212445,0.0
64579.068542725385,0.0
66531.50220441695,0.0
65817.17494197884,0.0
65145.80252709809,0.0
64967.617579895086,0.0
63841.88503702741,0.0
62633.797381771044,0.0
63630.86698082401,0.0
62381.467231646544,0.0
63276.9998099091,0.0
63740.39451858451,0.0
64054.29256833691,0.0
62766.33258662534,0.0
64454.67949295021,0.0
62720.31390309594,0.0
61481.20217878698,0.0
60072.82035232541,0.0
58624.97106999825,0.0
58895.60072429055,0.0
58842.42038694545,0.0
60117.929422880916,0.0
58577.26041433485,0.0
60081.12827982371,0.0
58907.37374799175,0.0
58877.531823455545,0.0
59964.728048467914,0.0
58569.92281047195,0.0
57461.17744241478,0.0
56213.56834776672,0.0
55996.78887640172,0.0
55881.69367368372,0.0
55736.17055311502,0.0
54463.19760623055,0.0
52866.307653527474,0.0
54341.96006453155,0.0
54694.27842610465,0.0
55995.51314346052,0.0
55539.25788679742,0.0
57070.169781295685,0.0
56999.29921877528,0.0
56591.39961450768,0.0
58411.85360130246,0.0
56450.17567012338,0.0
55202.52660809562,0.0
54287.243244130645,0.0
55257.31400690392,0.0
56619.990720601185,0.0
56274.91616635328,0.0
57604.41969295395,0.0
57935.61333325845,0.0
59117.94965051042,0.0
57638.79659137235,0.0
57433.40707078535,0.0
56092.78618623708,0.0
58048.381167107655,0.0
58844.97763023481,0.0
57688.57944459625,0.0
57645.47490543025,0.0
57596.51755160925,0.0
56112.25199121868,0.0
55743.94227056198,0.0
54412.51929571032,0.0
53402.96776296855,0.0
51588.94404212768,0.0
51940.94700417158,0.0
50341.34747736662,0.0
48996.170366605045,0.0
50226.54838466512,0.0
50317.473396841015,0.0
49184.06365411415,0.0
50414.555183059216,0.0
51592.08663513168,0.0
53149.58361053335,0.0
51958.434928973176,0.0
52937.874105566254,0.0
53029.19720176565,0.0
51639.89478298728,0.0
52713.47756539515,0.0
51381.33195189288,0.0
53326.37587276695,0.0
53112.434006269454,0.0
53091.23397036345,0.0
51634.72065890328,0.0
50377.94512441742,0.0
51667.03559805938,0.0
50321.84132521352,0.0
51725.61588647418,0.0
50149.25480999722,0.0
52240.580786760576,0.0
51935.29066751378,0.0
53090.38358286755,0.0
54779.48713593892,0.0
53089.71600498565,0.0
54968.88737961612,0.0
54570.84321649952,0.0
54213.08644291682,0.0
56384.43556305078,0.0
57731.68660191745,0.0
58727.99792241871,0.0
58652.45795870271,0.0
59966.11304431078,0.0
61701.724263479846,0.0
60094.35090840008,0.0
60376.45930889478,0.0
61993.89642048354,0.0
60868.17384416238,0.0
60586.76037222138,0.0
59465.022339225114,0.0
59619.81785129931,0.0
60004.853141139116,0.0
58174.87828270935,0.0
56774.54550763878,0.0
58144.87289502295,0.0
57388.982129681084,0.0
57339.25615547698,0.0
58937.72724629055,0.0
60168.24269028371,0.0
60361.92286531901,0.0
59065.047554994555,0.0
60445.80748122701,0.0
59047.705054804755,0.0
59525.56069650405,0.0
57910.96403688548,0.0
58216.11605982958,0.0
56845.92058769202,0.0
55921.85815313495,0.0
57114.186601058216,0.0
55625.293517090045,0.0
54425.676080352685,0.0
53130.736988824414,0.0
52786.21899697892,0.0
53654.02099904722,0.0
53586.99296498562,0.0
51923.20207713185,0.0
53570.45028171202,0.0
53601.37044184141,0.0
52027.301092700145,0.0
52636.57373547595,0.0
53665.53399211992,0.0
55149.851720904975,0.0
55244.910401601475,0.0
54995.43466903168,0.0
55019.16277207548,0.0
55278.16215481158,0.0
55447.345536450885,0.0
55375.88095505288,0.0
54198.603410921714,0.0
52806.72664006555,0.0
54219.04203747582,0.0
53830.62451775742,0.0
55631.40613146388,0.0
53996.29122696232,0.0
52736.040529045145,0.0
51480.53970830209,0.0
51162.566169718586,0.0
52836.12290887245,0.0
51423.71699867579,0.0
51363.64151277409,0.0
50051.80482146872,0.0
51766.84961859179,0.0
51228.59569654909,0.0
52778.46357941495,0.0
50944.82546685349,0.0
49964.04382939572,0.0
48637.861578242955,0.0
49046.19336401894,0.0
48492.52415024145,0.0
49826.18592355582,0.0
49685.57528804982,0.0
49986.575036728624,0.0
50158.315472301416,0.0
50968.439318461984,0.0
49751.754984460524,0.0
48748.46636660205,0.0
48275.08892459225,0.0
49864.24953570772,0.0
51100.62877921149,0.0
49356.17758154532,0.0
48500.51729825475,0.0
49707.27060089412,0.0
49389.19669484542,0.0
47911.30349000485,0.0
49313.51303268042,0.0
49518.90095068352,0.0
47836.856007588154,0.0
48853.659772450526,0.0
47827.73655356645,0.0
47971.99009372165,0.0
47516.120195581156,0.0
46320.30600010689,0.0
47407.55828811645,0.0
48985.78255245132,0.0
47545.27085088725,0.0
47521.49060420225,0.0
47353.81637300775,0.0
45951.01889298728,0.0
47586.04910147235,0.0
48727.37350417432,0.0
48628.16673304672,0.0
47953.818522242625,0.0
48328.71931727092,0.0
48726.91172561502,0.0
49792.50712217689,0.0
50937.98911964435,0.0
51074.88327782384,0.0
49723.09539455549,0.0
48333.761163248026,0.0
47184.11216070145,0.0
47384.85583342705,0.0
48601.98973115772,0.0
48646.47890418202,0.0
49649.037009107786,0.0
48550.23648601252,0.0
46821.405067330954,0.0
45658.29777664439,0.0
47495.52170564655,0.0
48381.393674413426,0.0
49672.38996479459,0.0
50969.266499476944,0.0
51271.77015778655,0.0
51572.95539744994,0.0
51238.043884671846,0.0
51121.47943231885,0.0
50300.43044199479,0.0
49729.98485966919,0.0
51509.694143544344,0.0
51219.287866846746,0.0
51132.685669610844,0.0
51648.19925699725,0.0
49714.722082683584,0.0
50077.673031163984,0.0
48854.56851318942,0.0
47469.059936521255,0.0
47272.54555170505,0.0
47540.952431528145,0.0
47408.13218723895,0.0
49547.24237323522,0.0
50156.51142303389,0.0
50170.46425085318,0.0
52172.70684111595,0.0
53629.35394182062,0.0
53468.27591522582,0.0
53539.23180369212,0.0
53810.468234510816,0.0
54028.47221048362,0.0
53474.709747879315,0.0
55505.77401067648,0.0
54008.44352027612,0.0
52632.75857756915,0.0
54393.65740739202,0.0
54405.54631760881,0.0
55899.993917705884,0.0
54307.66440381351,0.0
53271.64488549535,0.0
53251.173109525145,0.0
53160.28802251945,0.0
55062.685015534415,0.0
53463.48739233955,0.0
54839.10173939692,0.0
55040.46868005652,0.0
55088.35880918552,0.0
53591.14810171195,0.0
55146.076698587116,0.0
57123.15278886548,0.0
56630.06174772788,0.0
57995.71936493275,0.0
56939.83190246168,0.0
56936.69200574358,0.0
58145.81502939935,0.0
58094.07955106435,0.0
58562.425931965554,0.0
59809.64251124602,0.0
59942.77605244142,0.0
58491.35000311205,0.0
58255.78074141785,0.0
60010.19351316472,0.0
60546.376666969314,0.0
59777.17744669052,0.0
59918.699613382516,0.0
59882.65133446542,0.0
61464.96515681138,0.0
60523.538429476714,0.0
60229.052989338816,0.0
61576.10752483228,0.0
61381.52049842858,0.0
61687.57070721738,0.0
61909.61357817948,0.0
60840.154541398224,0.0
61994.22036078968,0.0
60199.308220597115,0.0
58939.79522271925,0.0
57834.23314028058,0.0
57703.35640591258,0.0
57760.082023558076,0.0
57418.74357508488,0.0
56254.22993641932,0.0
57479.08614668358,0.0
57464.01378633168,0.0
56148.751971841615,0.0
56193.10882506732,0.0
57599.38976207728,0.0
57709.549530470584,0.0
56099.19866431042,0.0
54654.33115486795,0.0
56487.072232800114,0.0
54980.14853982685,0.0
54882.19500714285,0.0
55056.76926720825,0.0
53110.74901429289,0.0
52366.76005275002,0.0
50809.19878123435,0.0
51914.33339942182,0.0
53279.22310363958,0.0
53115.053579410385,0.0
53032.41431296719,0.0
52676.10208741609,0.0
51775.35013490862,0.0
50680.14482722865,0.0
49278.12095525277,0.0
48824.07217100558,0.0
48716.443130416286,0.0
48728.59938027039,0.0
48883.15628841289,0.0
50246.80549205045,0.0
49973.10500385425,0.0
48732.41654918788,0.0
49787.09272310195,0.0
51194.190571385116,0.0
51294.45421290562,0.0
50426.22610162065,0.0
49604.38025846445,0.0
50775.92754613672,0.0
49629.11180717235,0.0
50753.682728946325,0.0
50937.11598395962,0.0
52182.93959954839,0.0
51013.97822695822,0.0
51845.65314293549,0.0
53107.85793503545,0.0
53667.075689273144,0.0
54702.54111734622,0.0
54439.25616395552,0.0
53046.46889134445,0.0
54482.73151057822,0.0
54710.525478582014,0.0
55806.31908511948,0.0
57535.12480438825,0.0
58640.70395189472,0.0
57286.22377113775,0.0
55900.17921591888,0.0
57186.67852476885,0.0
58563.08042821382,0.0
57509.97200619595,0.0
58338.48246804702,0.0
60208.29689220088,0.0
58581.54316968891,0.0
57490.12776502285,0.0
57347.59102842935,0.0
57103.74845726545,0.0
56149.418693360785,0.0
55975.20032421258,0.0
55041.47068511462,0.0
56011.23465029608,0.0
54508.62086432092,0.0
56092.83763075188,0.0
54857.702901267214,0.0
53512.09969412525,0.0
55031.24272031022,0.0
55010.96369907021,0.0
56449.73269317818,0.0
55323.20607891182,0.0
56412.75322494888,0.0
55540.547793236816,0.0
56787.957635578176,0.0
55506.15034896982,0.0
53812.04948988875,0.0
55591.75811880072,0.0
55610.97270650221,0.0
55981.29134007732,0.0
54829.299182034345,0.0
54872.34951928475,0.0
55797.62828494172,0.0
54600.944731711046,0.0
56171.63951092452,0.0
57389.167446004285,0.0
56012.44569914462,0.0
56598.71412048192,0.0
57869.34692280148,0.0
56723.384714142914,0.0
56420.84372598622,0.0
58025.82134246128,0.0
59273.123397317744,0.0
60767.34425320802,0.0
61069.91549458622,0.0
60928.00938320282,0.0
62310.11193024068,0.0
60978.33712370852,0.0
61026.59926888912,0.0
59878.88527288895,0.0
60492.99251431095,0.0
60066.144136356044,0.0
60038.92410724335,0.0
61387.02385284052,0.0
61717.43503281052,0.0
61729.715627649115,0.0
61927.56002685132,0.0
60531.78898807834,0.0
59489.28488127988,0.0
59512.774486530776,0.0
60978.07208679345,0.0
60856.22735014935,0.0
61086.96376970195,0.0
60879.97639153355,0.0
61134.52181904805,0.0
62285.33029905442,0.0
62210.75187833052,0.0
63472.347167452885,0.0
62268.01299705002,0.0
63628.962018615886,0.0
62590.33828057822,0.0
62478.889142547516,0.0
62374.960389821616,0.0
60991.22123458315,0.0
62854.235164963015,0.0
61151.882917014445,0.0
60944.37183682895,0.0
59777.946019372976,0.0
61230.72547137025,0.0
62726.26022984452,0.0
62526.89611737872,0.0
61217.67196853005,0.0
62305.731214595624,0.0
62679.116118055215,0.0
63857.77037366428,0.0
63972.98170640848,0.0
64122.165634889985,0.0
62467.14639154412,0.0
61001.06312812245,0.0
59527.82443847848,0.0
58195.00130657462,0.0
59432.94031516028,0.0
58326.94014292192,0.0
59244.79095022418,0.0
59147.818965256374,0.0
60677.541671952655,0.0
62347.93320343332,0.0
62102.25562235042,0.0
60585.76296084655,0.0
62128.44577531362,0.0
61866.898827321624,0.0
63212.11629673569,0.0
64546.39811841875,0.0
63370.29277612178,0.0
62022.43703054132,0.0
63313.677232109985,0.0
63200.62069883058,0.0
