48.0,0.0
7434.782744943804,0.0
76389.7827449438,0.0
76821.56548988761,0.0
76526.34823483141,0.0
72277.56548988761,0.0
71172.56548988761,0.0
72386.7827449438,0.0
76119.0,0.0
83172.7827449438,0.0
78972.0,0.0
72020.7827449438,0.0
66722.0,0.0
59608.217255056195,0.0
64671.217255056195,0.0
63853.217255056195,0.0
55311.43451011239,0.0
45306.651765168586,0.0
38320.651765168586,0.0
31792.651765168586,0.0
40438.43451011239,0.0
45701.651765168586,0.0
43802.43451011239,0.0
41751.43451011239,0.0
43225.217255056195,0.0
50938.0,0.0
54053.0,0.0
55823.0,0.0
59750.782744943805,0.0
60732.782744943805,0.0
62988.782744943805,0.0
68709.56548988761,0.0
67320.56548988761,0.0
79518.34823483141,0.0
76333.56548988761,0.0
71781.34823483141,0.0
68270.34823483141,0.0
75850.13097977522,0.0
73493.34823483141,0.0
71314.56548988761,0.0
63846.782744943805,0.0
55075.56548988761,0.0
47471.782744943805,0.0
42920.782744943805,0.0
42963.56548988761,0.0
41499.782744943805,0.0
45870.56548988761,0.0
47622.56548988761,0.0
55076.348234831414,0.0
58184.348234831414,0.0
61353.348234831414,0.0
60631.56548988761,0.0
58213.782744943805,0.0
60722.782744943805,0.0
64907.56548988761,0.0
71206.34823483141,0.0
69035.56548988761,0.0
76669.56548988761,0.0
79106.34823483141,0.0
75653.34823483141,0.0
72186.34823483141,0.0
73449.34823483141,0.0
74282.34823483141,0.0
75669.56548988761,0.0
77933.34823483141,0.0
63513.13097977522,0.0
57837.913724719016,0.0
57891.913724719016,0.0
74381.69646966283,0.0
90755.91372471902,0.0
80117.91372471902,0.0
77542.69646966283,0.0
79820.69646966283,0.0
88652.91372471902,0.0
86274.91372471902,0.0
92870.69646966283,0.0
86527.91372471902,0.0
79975.13097977522,0.0
76669.34823483141,0.0
77725.56548988761,0.0
87499.56548988761,0.0
90805.34823483141,0.0
84601.13097977522,0.0
88253.91372471902,0.0
75086.13097977522,0.0
76651.91372471902,0.0
82899.13097977522,0.0
79787.34823483141,0.0
70120.56548988761,0.0
64249.348234831414,0.0
52826.56548988761,0.0
55012.348234831414,0.0
65233.348234831414,0.0
89559.13097977522,0.0
76836.13097977522,0.0
71332.13097977522,0.0
76811.91372471902,0.0
84542.13097977522,0.0
90091.13097977522,0.0
89414.91372471902,0.0
82206.13097977522,0.0
80551.13097977522,0.0
76340.34823483141,0.0
76955.56548988761,0.0
83772.56548988761,0.0
82655.7827449438,0.0
83393.56548988761,0.0
76074.7827449438,0.0
73447.7827449438,0.0
70423.0,0.0
71269.2172550562,0.0
70047.0,0.0
66205.0,0.0
53086.217255056195,0.0
44682.0,0.0
42458.217255056195,0.0
51031.217255056195,0.0
76304.0,0.0
67703.7827449438,0.0
58966.0,0.0
57600.217255056195,0.0
67905.2172550562,0.0
70167.43451011239,0.0
70505.2172550562,0.0
63833.43451011239,0.0
61351.43451011239,0.0
57007.651765168586,0.0
60839.86902022478,0.0
67768.65176516859,0.0
66608.86902022478,0.0
67626.65176516859,0.0
66856.43451011239,0.0
62453.43451011239,0.0
66042.2172550562,0.0
70165.0,0.0
69301.7827449438,0.0
69510.56548988761,0.0
58543.56548988761,0.0
48475.782744943805,0.0
44730.0,0.0
54628.217255056195,0.0
71730.2172550562,0.0
60229.43451011239,0.0
48524.651765168586,0.0
46928.86902022478,0.0
60247.651765168586,0.0
69591.43451011239,0.0
62996.651765168586,0.0
55953.86902022478,0.0
50144.086275280984,0.0
51687.86902022478,0.0
49368.86902022478,0.0
64084.651765168586,0.0
64140.86902022478,0.0
57699.086275280984,0.0
56860.86902022478,0.0
55499.651765168586,0.0
55602.651765168586,0.0
56564.651765168586,0.0
56013.651765168586,0.0
52392.651765168586,0.0
46680.43451011239,0.0
41568.217255056195,0.0
43139.0,0.0
52238.217255056195,0.0
65265.43451011239,0.0
54505.43451011239,0.0
47812.43451011239,0.0
47126.43451011239,0.0
56755.43451011239,0.0
60291.651765168586,0.0
54632.86902022478,0.0
45802.86902022478,0.0
45925.086275280984,0.0
50191.086275280984,0.0
51066.30353033717,0.0
55892.086275280984,0.0
57524.086275280984,0.0
55377.086275280984,0.0
48137.30353033717,0.0
40732.520785393375,0.0
43169.30353033717,0.0
47208.086275280984,0.0
50231.86902022478,0.0
48039.86902022478,0.0
38665.86902022478,0.0
34364.651765168586,0.0
31016.651765168586,0.0
33886.651765168586,0.0
44643.43451011239,0.0
37686.651765168586,0.0
37664.651765168586,0.0
36568.86902022478,0.0
38783.86902022478,0.0
40014.651765168586,0.0
48151.43451011239,0.0
49002.217255056195,0.0
48403.43451011239,0.0
53543.217255056195,0.0
55290.217255056195,0.0
67022.0,0.0
66728.0,0.0
61840.217255056195,0.0
61473.0,0.0
61583.782744943805,0.0
61481.782744943805,0.0
63438.782744943805,0.0
62744.782744943805,0.0
61341.56548988761,0.0
53209.56548988761,0.0
46497.56548988761,0.0
42685.56548988761,0.0
44982.348234831414,0.0
46004.348234831414,0.0
43699.56548988761,0.0
43394.782744943805,0.0
43569.0,0.0
46988.0,0.0
47331.782744943805,0.0
51286.0,0.0
52247.0,0.0
53375.0,0.0
58641.782744943805,0.0
56986.782744943805,0.0
63113.0,0.0
62933.217255056195,0.0
66117.0,0.0
66255.7827449438,0.0
63350.782744943805,0.0
68084.56548988761,0.0
72396.34823483141,0.0
67856.56548988761,0.0
58898.782744943805,0.0
51390.782744943805,0.0
44979.782744943805,0.0
47847.56548988761,0.0
59851.56548988761,0.0
75708.34823483141,0.0
69677.13097977522,0.0
65331.13097977522,0.0
71151.13097977522,0.0
82813.13097977522,0.0
90548.91372471902,0.0
89658.69646966283,0.0
89015.47921460663,0.0
89652.26195955044,0.0
86634.47921460663,0.0
93339.26195955044,0.0
99561.26195955044,0.0
106102.04470449423,0.0
100148.26195955044,0.0
93273.47921460663,0.0
87088.69646966283,0.0
86753.69646966283,0.0
83597.91372471902,0.0
83313.91372471902,0.0
76783.91372471902,0.0
65089.13097977522,0.0
61083.913724719016,0.0
61312.69646966283,0.0
67533.69646966283,0.0
77087.91372471902,0.0
71191.91372471902,0.0
65616.13097977522,0.0
61449.348234831414,0.0
75462.13097977522,0.0
85386.91372471902,0.0
82498.91372471902,0.0
80702.91372471902,0.0
82201.69646966283,0.0
85093.47921460663,0.0
90938.47921460663,0.0
100465.26195955044,0.0
98987.47921460663,0.0
100357.26195955044,0.0
93538.47921460663,0.0
87234.69646966283,0.0
88715.69646966283,0.0
86860.69646966283,0.0
85131.69646966283,0.0
83365.47921460663,0.0
73345.47921460663,0.0
64064.69646966283,0.0
62492.69646966283,0.0
73255.69646966283,0.0
83755.91372471902,0.0
70364.13097977522,0.0
68085.91372471902,0.0
72572.69646966283,0.0
87084.47921460663,0.0
92657.47921460663,0.0
92823.26195955044,0.0
93633.04470449423,0.0
94477.82744943803,0.0
98201.61019438185,0.0
99071.82744943803,0.0
106119.82744943803,0.0
109003.82744943803,0.0
103854.04470449423,0.0
102362.82744943803,0.0
101868.61019438185,0.0
104554.39293932565,0.0
107904.17568426946,0.0
108284.17568426946,0.0
102038.95842921325,0.0
95533.95842921325,0.0
88961.95842921325,0.0
83384.17568426946,0.0
97112.95842921325,0.0
113766.74117415705,0.0
96116.95842921325,0.0
99168.74117415705,0.0
98952.95842921325,0.0
110291.95842921325,0.0
115564.95842921325,0.0
109075.17568426946,0.0
105922.17568426946,0.0
104649.17568426946,0.0
105904.17568426946,0.0
105629.39293932565,0.0
114270.17568426946,0.0
115247.39293932565,0.0
111953.39293932565,0.0
108582.39293932565,0.0
107267.39293932565,0.0
101375.61019438185,0.0
98792.82744943803,0.0
97496.82744943803,0.0
89258.04470449423,0.0
83491.82744943803,0.0
80268.61019438185,0.0
77774.61019438185,0.0
84723.82744943803,0.0
93543.04470449423,0.0
83454.82744943803,0.0
79588.04470449423,0.0
76943.26195955044,0.0
90462.04470449423,0.0
100098.82744943803,0.0
100565.61019438185,0.0
97126.61019438185,0.0
92422.82744943803,0.0
92539.82744943803,0.0
95686.04470449423,0.0
101329.04470449423,0.0
107503.82744943803,0.0
108590.61019438185,0.0
105945.61019438185,0.0
109606.61019438185,0.0
100497.61019438185,0.0
90900.82744943803,0.0
94824.04470449423,0.0
84676.26195955044,0.0
72643.47921460663,0.0
62080.69646966283,0.0
54484.913724719016,0.0
53348.13097977522,0.0
62878.913724719016,0.0
60051.913724719016,0.0
60136.913724719016,0.0
66285.69646966283,0.0
66929.91372471902,0.0
70531.91372471902,0.0
74426.69646966283,0.0
74174.69646966283,0.0
74243.69646966283,0.0
79904.47921460663,0.0
86424.26195955044,0.0
92874.04470449423,0.0
100967.82744943803,0.0
102424.61019438185,0.0
100352.61019438185,0.0
95117.82744943803,0.0
97566.61019438185,0.0
98254.61019438185,0.0
96319.61019438185,0.0
95123.39293932565,0.0
84805.39293932565,0.0
80364.17568426946,0.0
71529.39293932565,0.0
72536.17568426946,0.0
72752.17568426946,0.0
75094.17568426946,0.0
77015.17568426946,0.0
86063.95842921325,0.0
94160.74117415705,0.0
94634.95842921325,0.0
93040.17568426946,0.0
93938.17568426946,0.0
98638.95842921325,0.0
98377.17568426946,0.0
97739.39293932565,0.0
105763.17568426946,0.0
108984.17568426946,0.0
107026.39293932565,0.0
103866.39293932565,0.0
98984.61019438185,0.0
95598.82744943803,0.0
100220.61019438185,0.0
98850.61019438185,0.0
91305.61019438185,0.0
82730.61019438185,0.0
74211.61019438185,0.0
72447.61019438185,0.0
84404.61019438185,0.0
99666.82744943803,0.0
91162.82744943803,0.0
87232.82744943803,0.0
90181.61019438185,0.0
103316.82744943803,0.0
112734.61019438185,0.0
112039.39293932565,0.0
109124.39293932565,0.0
108834.17568426946,0.0
107853.17568426946,0.0
114891.95842921325,0.0
117188.17568426946,0.0
121153.17568426946,0.0
118994.17568426946,0.0
115646.17568426946,0.0
109343.39293932565,0.0
107972.39293932565,0.0
110334.39293932565,0.0
108935.17568426946,0.0
101632.17568426946,0.0
94287.95842921325,0.0
84276.17568426946,0.0
83730.95842921325,0.0
99110.74117415705,0.0
119681.52391910086,0.0
106093.74117415705,0.0
98537.95842921325,0.0
96774.95842921325,0.0
113825.95842921325,0.0
120163.95842921325,0.0
115822.95842921325,0.0
109372.17568426946,0.0
107260.17568426946,0.0
109250.95842921325,0.0
116391.74117415705,0.0
128034.52391910086,0.0
128922.52391910086,0.0
128223.30666404466,0.0
121573.52391910086,0.0
118166.52391910086,0.0
118272.52391910086,0.0
118312.52391910086,0.0
120448.30666404466,0.0
108816.52391910086,0.0
99085.52391910086,0.0
88071.74117415705,0.0
82703.95842921325,0.0
99003.74117415705,0.0
116514.74117415705,0.0
114059.52391910086,0.0
101247.74117415705,0.0
104352.74117415705,0.0
113073.95842921325,0.0
119372.95842921325,0.0
112890.17568426946,0.0
116045.95842921325,0.0
107635.17568426946,0.0
109055.17568426946,0.0
110944.17568426946,0.0
118285.95842921325,0.0
123903.74117415705,0.0
125167.52391910086,0.0
122292.52391910086,0.0
121471.52391910086,0.0
121563.30666404466,0.0
124447.08940898845,0.0
124468.87215393226,0.0
118331.87215393226,0.0
111503.65489887606,0.0
107794.43764381987,0.0
107934.22038876369,0.0
122613.00313370749,0.0
142981.7858786513,0.0
132845.7858786513,0.0
129481.5686235951,0.0
132997.5686235951,0.0
146777.35136853892,0.0
153615.35136853892,0.0
149845.35136853892,0.0
146173.35136853892,0.0
146779.1341134827,0.0
142846.35136853892,0.0
149635.1341134827,0.0
156224.1341134827,0.0
159083.1341134827,0.0
155786.1341134827,0.0
156114.9168584265,0.0
149493.1341134827,0.0
151591.9168584265,0.0
155178.6996033703,0.0
153424.6996033703,0.0
148352.6996033703,0.0
139158.6996033703,0.0
135277.4823483141,0.0
129276.6996033703,0.0
137424.9168584265,0.0
153965.9168584265,0.0
140453.1341134827,0.0
131667.35136853892,0.0
127374.5686235951,0.0
138261.5686235951,0.0
145778.5686235951,0.0
143118.5686235951,0.0
139694.5686235951,0.0
140451.35136853892,0.0
136592.5686235951,0.0
138457.7858786513,0.0
144665.7858786513,0.0
148008.7858786513,0.0
149770.5686235951,0.0
146504.5686235951,0.0
145767.35136853892,0.0
148263.1341134827,0.0
147226.1341134827,0.0
148470.9168584265,0.0
146588.6996033703,0.0
137051.6996033703,0.0
122626.9168584265,0.0
124614.6996033703,0.0
129977.48234831411,0.0
140326.2650932579,0.0
139873.04783820172,0.0
143313.83058314552,0.0
150506.61332808933,0.0
157366.39607303313,0.0
160827.39607303313,0.0
158347.61332808933,0.0
154504.83058314552,0.0
158246.61332808933,0.0
162990.39607303313,0.0
167306.39607303313,0.0
168035.61332808933,0.0
167601.83058314552,0.0
164627.04783820172,0.0
159551.2650932579,0.0
157213.2650932579,0.0
152456.4823483141,0.0
151161.6996033703,0.0
151220.4823483141,0.0
148609.2650932579,0.0
136784.4823483141,0.0
129420.48234831411,0.0
121432.6996033703,0.0
119840.6996033703,0.0
117238.9168584265,0.0
122326.6996033703,0.0
124831.6996033703,0.0
132953.4823483141,0.0
137001.2650932579,0.0
147147.04783820172,0.0
151920.83058314552,0.0
149571.04783820172,0.0
147820.2650932579,0.0
153276.04783820172,0.0
152214.2650932579,0.0
153822.4823483141,0.0
155050.6996033703,0.0
155010.6996033703,0.0
155627.4823483141,0.0
156957.2650932579,0.0
156977.2650932579,0.0
154405.4823483141,0.0
149380.6996033703,0.0
146894.4823483141,0.0
137361.4823483141,0.0
129750.48234831411,0.0
130236.26509325791,0.0
140912.4823483141,0.0
156319.6996033703,0.0
146970.6996033703,0.0
142494.6996033703,0.0
145887.6996033703,0.0
157707.6996033703,0.0
161287.9168584265,0.0
159493.6996033703,0.0
156210.6996033703,0.0
156880.4823483141,0.0
158702.2650932579,0.0
159010.4823483141,0.0
163194.6996033703,0.0
166288.6996033703,0.0
164773.6996033703,0.0
163664.4823483141,0.0
156780.6996033703,0.0
159490.4823483141,0.0
167339.2650932579,0.0
149241.4823483141,0.0
154842.2650932579,0.0
145322.2650932579,0.0
136363.2650932579,0.0
136513.04783820172,0.0
152058.83058314552,0.0
169511.83058314552,0.0
151652.04783820172,0.0
107726.04783820172,1.0
153766.04783820172,0.0
168193.83058314552,0.0
174420.83058314552,0.0
167806.04783820172,0.0
161780.2650932579,0.0
162705.04783820172,0.0
161837.04783820172,0.0
165413.04783820172,0.0
174172.83058314552,0.0
180268.61332808933,0.0
181745.39607303313,0.0
177402.39607303313,0.0
176854.1788179769,0.0
175924.1788179769,0.0
173007.39607303313,0.0
173174.1788179769,0.0
167147.1788179769,0.0
155287.39607303313,0.0
151451.1788179769,0.0
149132.1788179769,0.0
157160.39607303313,0.0
179030.1788179769,0.0
168606.1788179769,0.0
166630.96156292074,0.0
169301.96156292074,0.0
176803.1788179769,0.0
182109.1788179769,0.0
176222.39607303313,0.0
171656.39607303313,0.0
170197.39607303313,0.0
169778.39607303313,0.0
170105.61332808933,0.0
176566.61332808933,0.0
179261.61332808933,0.0
180776.39607303313,0.0
179719.1788179769,0.0
173211.39607303313,0.0
169534.61332808933,0.0
172722.39607303313,0.0
173942.1788179769,0.0
159095.39607303313,0.0
154532.61332808933,0.0
147822.39607303313,0.0
141828.61332808933,0.0
154019.61332808933,0.0
170625.61332808933,0.0
164050.39607303313,0.0
158534.39607303313,0.0
161020.39607303313,0.0
171591.39607303313,0.0
174486.61332808933,0.0
174441.39607303313,0.0
170850.39607303313,0.0
170996.1788179769,0.0
172957.96156292074,0.0
176484.96156292074,0.0
179623.1788179769,0.0
179979.39607303313,0.0
173190.61332808933,0.0
169459.61332808933,0.0
167394.61332808933,0.0
167489.39607303313,0.0
172186.1788179769,0.0
171193.1788179769,0.0
163218.39607303313,0.0
158979.1788179769,0.0
154680.96156292074,0.0
148572.1788179769,0.0
159292.1788179769,0.0
177777.96156292074,0.0
167799.96156292074,0.0
160690.96156292074,0.0
156802.96156292074,0.0
164127.74430786452,0.0
176427.52705280835,0.0
177206.52705280835,0.0
178391.30979775212,0.0
174232.52705280835,0.0
171050.74430786452,0.0
179205.52705280835,0.0
182013.74430786452,0.0
182256.96156292074,0.0
184152.74430786452,0.0
180800.74430786452,0.0
179941.52705280835,0.0
181514.30979775212,0.0
182940.09254269596,0.0
181036.30979775212,0.0
179199.09254269596,0.0
167868.30979775212,0.0
157536.52705280835,0.0
149919.74430786452,0.0
155175.52705280835,0.0
162560.52705280835,0.0
156810.52705280835,0.0
162518.30979775212,0.0
162413.52705280835,0.0
163236.74430786452,0.0
169563.52705280835,0.0
170784.52705280835,0.0
167167.74430786452,0.0
168432.74430786452,0.0
166667.96156292074,0.0
173514.74430786452,0.0
179460.52705280835,0.0
181581.52705280835,0.0
179024.74430786452,0.0
174252.96156292074,0.0
171308.96156292074,0.0
168049.1788179769,0.0
169274.1788179769,0.0
165942.1788179769,0.0
156408.39607303313,0.0
151177.1788179769,0.0
144608.1788179769,0.0
142829.96156292074,0.0
138531.1788179769,0.0
139954.1788179769,0.0
144154.96156292074,0.0
144721.1788179769,0.0
146207.39607303313,0.0
151694.61332808933,0.0
151009.61332808933,0.0
150405.83058314552,0.0
151361.83058314552,0.0
149912.04783820172,0.0
154827.83058314552,0.0
157724.83058314552,0.0
159614.04783820172,0.0
160309.2650932579,0.0
163788.04783820172,0.0
165323.04783820172,0.0
162544.83058314552,0.0
159430.04783820172,0.0
162611.83058314552,0.0
162258.61332808933,0.0
151789.83058314552,0.0
140227.04783820172,0.0
133701.04783820172,0.0
130087.26509325791,0.0
146971.2650932579,0.0
163090.04783820172,0.0
150338.2650932579,0.0
147017.2650932579,0.0
147752.4823483141,0.0
157068.4823483141,0.0
167304.2650932579,0.0
160977.4823483141,0.0
153884.6996033703,0.0
150171.6996033703,0.0
153387.4823483141,0.0
155911.2650932579,0.0
166988.2650932579,0.0
176087.04783820172,0.0
174218.83058314552,0.0
172834.61332808933,0.0
168587.61332808933,0.0
171274.39607303313,0.0
171205.39607303313,0.0
170404.1788179769,0.0
166293.96156292074,0.0
155281.1788179769,0.0
148027.1788179769,0.0
153127.96156292074,0.0
157535.1788179769,0.0
180643.96156292074,0.0
170292.74430786452,0.0
165698.74430786452,0.0
165704.96156292074,0.0
173686.1788179769,0.0
182295.96156292074,0.0
178711.96156292074,0.0
175263.96156292074,0.0
170428.1788179769,0.0
169502.1788179769,0.0
172652.39607303313,0.0
172746.61332808933,0.0
172662.83058314552,0.0
166906.04783820172,0.0
164054.04783820172,0.0
163804.83058314552,0.0
161309.04783820172,0.0
158424.2650932579,0.0
157771.04783820172,0.0
147593.2650932579,0.0
141845.04783820172,0.0
135027.04783820172,0.0
130494.26509325791,0.0
144686.04783820172,0.0
159193.04783820172,0.0
147224.2650932579,0.0
146050.04783820172,0.0
152842.83058314552,0.0
172190.61332808933,0.0
168876.61332808933,0.0
171463.39607303313,0.0
170716.1788179769,0.0
169100.1788179769,0.0
171652.96156292074,0.0
177109.74430786452,0.0
186465.52705280835,0.0
185898.74430786452,0.0
181278.96156292074,0.0
177948.96156292074,0.0
171227.1788179769,0.0
175388.96156292074,0.0
173159.1788179769,0.0
166825.39607303313,0.0
156647.61332808933,0.0
147769.61332808933,0.0
140546.61332808933,0.0
137221.61332808933,0.0
146900.39607303313,0.0
168403.1788179769,0.0
154597.39607303313,0.0
150557.39607303313,0.0
155352.61332808933,0.0
159364.83058314552,0.0
161833.04783820172,0.0
157902.04783820172,0.0
158179.83058314552,0.0
154238.04783820172,0.0
154489.2650932579,0.0
157067.04783820172,0.0
159931.2650932579,0.0
161385.04783820172,0.0
167090.83058314552,0.0
163877.04783820172,0.0
157853.04783820172,0.0
157247.04783820172,0.0
157437.04783820172,0.0
158183.83058314552,0.0
151567.83058314552,0.0
143955.83058314552,0.0
134789.04783820172,0.0
134384.83058314552,0.0
142700.83058314552,0.0
156964.61332808933,0.0
147702.61332808933,0.0
147046.39607303313,0.0
145397.61332808933,0.0
152106.83058314552,0.0
156602.04783820172,0.0
150500.2650932579,0.0
148686.2650932579,0.0
146192.2650932579,0.0
147775.2650932579,0.0
152857.2650932579,0.0
154111.4823483141,0.0
155059.2650932579,0.0
157548.2650932579,0.0
150710.4823483141,0.0
148386.4823483141,0.0
151763.2650932579,0.0
150419.4823483141,0.0
150694.2650932579,0.0
141885.4823483141,0.0
131312.6996033703,0.0
128808.6996033703,0.0
119180.6996033703,0.0
120407.6996033703,0.0
124727.6996033703,0.0
120826.9168584265,0.0
124087.6996033703,0.0
126955.6996033703,0.0
134546.4823483141,0.0
140604.2650932579,0.0
144817.04783820172,0.0
144580.04783820172,0.0
142916.2650932579,0.0
147384.04783820172,0.0
153668.83058314552,0.0
155733.04783820172,0.0
156202.04783820172,0.0
152764.2650932579,0.0
147414.4823483141,0.0
149140.2650932579,0.0
153144.04783820172,0.0
155947.83058314552,0.0
153841.83058314552,0.0
144806.04783820172,0.0
135968.04783820172,0.0
126202.26509325791,0.0
118522.48234831411,0.0
113209.6996033703,0.0
117480.48234831411,0.0
121782.26509325791,0.0
126257.04783820172,0.0
128241.26509325791,0.0
129509.48234831411,0.0
137010.2650932579,0.0
142046.04783820172,0.0
143248.04783820172,0.0
140773.04783820172,0.0
147630.04783820172,0.0
150492.04783820172,0.0
156978.83058314552,0.0
159438.83058314552,0.0
157160.04783820172,0.0
152321.2650932579,0.0
150344.04783820172,0.0
152219.2650932579,0.0
155433.04783820172,0.0
150789.04783820172,0.0
148729.83058314552,0.0
143316.61332808933,0.0
135976.61332808933,0.0
135733.39607303313,0.0
144262.1788179769,0.0
159308.96156292074,0.0
158081.74430786452,0.0
152475.96156292074,0.0
154748.1788179769,0.0
163163.39607303313,0.0
168747.39607303313,0.0
162953.61332808933,0.0
154421.83058314552,0.0
154723.04783820172,0.0
151725.2650932579,0.0
151967.4823483141,0.0
158490.4823483141,0.0
160049.4823483141,0.0
159868.2650932579,0.0
157553.2650932579,0.0
152265.4823483141,0.0
156557.2650932579,0.0
157048.2650932579,0.0
155540.04783820172,0.0
147985.04783820172,0.0
136885.2650932579,0.0
128340.26509325791,0.0
120435.48234831411,0.0
125468.26509325791,0.0
126625.26509325791,0.0
121329.26509325791,0.0
121546.26509325791,0.0
127935.26509325791,0.0
143295.04783820172,0.0
144009.2650932579,0.0
141893.2650932579,0.0
139884.2650932579,0.0
143133.04783820172,0.0
145041.04783820172,0.0
146981.04783820172,0.0
151195.04783820172,0.0
155507.83058314552,0.0
153256.83058314552,0.0
155995.61332808933,0.0
152191.83058314552,0.0
159252.61332808933,0.0
164170.39607303313,0.0
161821.39607303313,0.0
152742.61332808933,0.0
147135.39607303313,0.0
136124.61332808933,0.0
133985.39607303313,0.0
136160.1788179769,0.0
141665.96156292074,0.0
135255.1788179769,0.0
132292.39607303313,0.0
141983.1788179769,0.0
146773.39607303313,0.0
156887.39607303313,0.0
156181.1788179769,0.0
156367.96156292074,0.0
154273.1788179769,0.0
157919.96156292074,0.0
161590.96156292074,0.0
161755.1788179769,0.0
162705.1788179769,0.0
157250.39607303313,0.0
155542.61332808933,0.0
158491.39607303313,0.0
161356.61332808933,0.0
161634.39607303313,0.0
158066.39607303313,0.0
152992.39607303313,0.0
142609.61332808933,0.0
137416.39607303313,0.0
128609.61332808933,0.0
125696.83058314552,0.0
129629.04783820172,0.0
115511.26509325791,0.0
115792.26509325791,0.0
125373.26509325791,0.0
145074.04783820172,0.0
141645.2650932579,0.0
141536.04783820172,0.0
137421.2650932579,0.0
136658.2650932579,0.0
141643.04783820172,0.0
141047.2650932579,0.0
141799.4823483141,0.0
140076.6996033703,0.0
137932.6996033703,0.0
141578.6996033703,0.0
136396.6996033703,0.0
136539.9168584265,0.0
135800.1341134827,0.0
141407.9168584265,0.0
122777.9168584265,0.0
126083.6996033703,0.0
119868.6996033703,0.0
117599.48234831411,0.0
117069.48234831411,0.0
117791.48234831411,0.0
118485.26509325791,0.0
115236.48234831411,0.0
114820.6996033703,0.0
123086.9168584265,0.0
128176.6996033703,0.0
132786.4823483141,0.0
131882.4823483141,0.0
134738.2650932579,0.0
136335.2650932579,0.0
143111.04783820172,0.0
145941.2650932579,0.0
146146.2650932579,0.0
98704.48234831411,1.0
111413.26509325791,1.0
145015.04783820172,0.0
145036.2650932579,0.0
146454.2650932579,0.0
145106.2650932579,0.0
136383.4823483141,0.0
128447.48234831411,0.0
117752.6996033703,0.0
108604.9168584265,0.0
105142.1341134827,0.0
102096.1341134827,0.0
98121.3513685389,0.0
97870.5686235951,0.0
105710.3513685389,0.0
110006.3513685389,0.0
110266.5686235951,0.0
114728.3513685389,0.0
118846.1341134827,0.0
123463.9168584265,0.0
122241.1341134827,0.0
127791.9168584265,0.0
129924.9168584265,0.0
127115.1341134827,0.0
130668.9168584265,0.0
126816.1341134827,0.0
128905.9168584265,0.0
131767.9168584265,0.0
134472.9168584265,0.0
130271.1341134827,0.0
122069.3513685389,0.0
117653.1341134827,0.0
104486.3513685389,0.0
104374.1341134827,0.0
97158.3513685389,0.0
100817.1341134827,0.0
99507.1341134827,0.0
105237.9168584265,0.0
113181.6996033703,0.0
114998.9168584265,0.0
121496.6996033703,0.0
123845.6996033703,0.0
124789.6996033703,0.0
129247.48234831411,0.0
134191.2650932579,0.0
139412.04783820172,0.0
141131.04783820172,0.0
145702.83058314552,0.0
150896.61332808933,0.0
146788.83058314552,0.0
147154.83058314552,0.0
154146.61332808933,0.0
152956.83058314552,0.0
150307.83058314552,0.0
141255.04783820172,0.0
132622.04783820172,0.0
125098.04783820172,0.0
116499.26509325791,0.0
112940.48234831411,0.0
117006.26509325791,0.0
113327.48234831411,0.0
115628.48234831411,0.0
126989.26509325791,0.0
144046.04783820172,0.0
146970.04783820172,0.0
140825.2650932579,0.0
142909.04783820172,0.0
140136.2650932579,0.0
141124.2650932579,0.0
140816.4823483141,0.0
142538.4823483141,0.0
139932.6996033703,0.0
137343.9168584265,0.0
139145.6996033703,0.0
137584.9168584265,0.0
137719.1341134827,0.0
135975.35136853892,0.0
133427.35136853892,0.0
124323.3513685389,0.0
114825.3513685389,0.0
103687.5686235951,0.0
101312.3513685389,0.0
100425.3513685389,0.0
97031.5686235951,0.0
95770.5686235951,0.0
100721.3513685389,0.0
111938.1341134827,0.0
125814.1341134827,0.0
128086.1341134827,0.0
126553.1341134827,0.0
125608.1341134827,0.0
125401.1341134827,0.0
127874.1341134827,0.0
128087.3513685389,0.0
127820.5686235951,0.0
130745.3513685389,0.0
130555.3513685389,0.0
131956.1341134827,0.0
129418.3513685389,0.0
129758.5686235951,0.0
128405.7858786513,0.0
121332.7858786513,0.0
116406.5686235951,0.0
106403.7858786513,0.0
96136.7858786513,0.0
87430.00313370749,0.0
88744.7858786513,0.0
85037.7858786513,0.0
86655.5686235951,0.0
86072.7858786513,0.0
92521.00313370749,0.0
101862.22038876369,0.0
104076.22038876369,0.0
102334.22038876369,0.0
104258.00313370749,0.0
103567.00313370749,0.0
103773.00313370749,0.0
103643.00313370749,0.0
107465.7858786513,0.0
103591.00313370749,0.0
100517.22038876369,0.0
101092.22038876369,0.0
105750.00313370749,0.0
112269.7858786513,0.0
109964.00313370749,0.0
108182.22038876369,0.0
98620.00313370749,0.0
91070.00313370749,0.0
81800.22038876369,0.0
80381.00313370749,0.0
78595.00313370749,0.0
76495.22038876369,0.0
78028.00313370749,0.0
77021.22038876369,0.0
85521.22038876369,0.0
98400.22038876369,0.0
99456.43764381987,0.0
100956.22038876369,0.0
101972.00313370749,0.0
99357.22038876369,0.0
98691.22038876369,0.0
98603.22038876369,0.0
95639.43764381987,0.0
98185.22038876369,0.0
101028.00313370749,0.0
100693.00313370749,0.0
102235.00313370749,0.0
105387.00313370749,0.0
107030.00313370749,0.0
107413.7858786513,0.0
104803.5686235951,0.0
97824.5686235951,0.0
89016.7858786513,0.0
81689.00313370749,0.0
76806.22038876369,0.0
77542.22038876369,0.0
78819.00313370749,0.0
80101.00313370749,0.0
89318.7858786513,0.0
98962.00313370749,0.0
100778.22038876369,0.0
96795.43764381987,0.0
98481.22038876369,0.0
101274.00313370749,0.0
104796.7858786513,0.0
109230.5686235951,0.0
108623.5686235951,0.0
107931.5686235951,0.0
107904.5686235951,0.0
107872.5686235951,0.0
105685.7858786513,0.0
109132.7858786513,0.0
112480.5686235951,0.0
111079.5686235951,0.0
104850.5686235951,0.0
98626.5686235951,0.0
89602.7858786513,0.0
84520.7858786513,0.0
79035.00313370749,0.0
76285.22038876369,0.0
74783.22038876369,0.0
77575.22038876369,0.0
83107.22038876369,0.0
92167.00313370749,0.0
100425.7858786513,0.0
105076.7858786513,0.0
109992.5686235951,0.0
114512.3513685389,0.0
126109.3513685389,0.0
137924.35136853892,1.0
142487.35136853892,0.0
143754.35136853892,0.0
144067.35136853892,0.0
144640.1341134827,0.0
139752.35136853892,0.0
137895.5686235951,0.0
141134.35136853892,0.0
136973.35136853892,0.0
133578.1341134827,0.0
121804.3513685389,0.0
112138.5686235951,0.0
107472.5686235951,0.0
105794.5686235951,0.0
108844.3513685389,0.0
108481.5686235951,0.0
114365.3513685389,0.0
119324.3513685389,0.0
124154.3513685389,0.0
124800.5686235951,0.0
128540.3513685389,0.0
132052.1341134827,0.0
133620.1341134827,0.0
139152.9168584265,0.0
138881.1341134827,0.0
143458.1341134827,0.0
150422.9168584265,0.0
150130.9168584265,0.0
148572.9168584265,0.0
149867.6996033703,0.0
152722.6996033703,0.0
149151.9168584265,0.0
144170.9168584265,0.0
139891.6996033703,0.0
131454.6996033703,0.0
124955.6996033703,0.0
122674.6996033703,0.0
137401.6996033703,0.0
159975.4823483141,0.0
146114.6996033703,0.0
141539.6996033703,0.0
148052.4823483141,0.0
160963.4823483141,0.0
165113.4823483141,0.0
162873.4823483141,0.0
155959.6996033703,0.0
156642.4823483141,0.0
153175.6996033703,0.0
152673.9168584265,0.0
157019.1341134827,0.0
159521.1341134827,0.0
157471.1341134827,0.0
153771.1341134827,0.0
148248.35136853892,0.0
154124.1341134827,0.0
153420.1341134827,0.0
144638.35136853892,0.0
137807.35136853892,0.0
130432.1341134827,0.0
120992.1341134827,0.0
116235.3513685389,0.0
127862.5686235951,0.0
148562.35136853892,0.0
135080.5686235951,0.0
129316.5686235951,0.0
133110.5686235951,0.0
142705.7858786513,0.0
145069.0031337075,0.0
137508.2203887637,0.0
136710.0031337075,0.0
136813.7858786513,0.0
136253.7858786513,0.0
138846.7858786513,0.0
145221.7858786513,0.0
145881.0031337075,0.0
144996.2203887637,0.0
134978.43764381987,0.0
131523.43764381987,0.0
134367.43764381987,0.0
134167.43764381987,0.0
127314.43764381987,0.0
122308.22038876369,0.0
110783.22038876369,0.0
103509.43764381987,0.0
105967.22038876369,0.0
121704.00313370749,0.0
139860.0031337075,0.0
125110.22038876369,0.0
120222.22038876369,0.0
126566.00313370749,0.0
136123.2203887637,0.0
144732.0031337075,0.0
137000.0031337075,0.0
138499.7858786513,0.0
132816.0031337075,0.0
135524.7858786513,0.0
141929.5686235951,0.0
147816.5686235951,0.0
153619.35136853892,0.0
79047.3513685389,1.0
144461.5686235951,0.0
149235.35136853892,0.0
147941.35136853892,0.0
150033.1341134827,0.0
149614.9168584265,0.0
145124.6996033703,0.0
133222.9168584265,0.0
121834.1341134827,0.0
122696.9168584265,0.0
139555.6996033703,0.0
154318.9168584265,0.0
145671.6996033703,0.0
143436.4823483141,0.0
143941.6996033703,0.0
152495.9168584265,0.0
159287.9168584265,0.0
153883.9168584265,0.0
146430.1341134827,0.0
137290.1341134827,0.0
139975.35136853892,0.0
146560.1341134827,0.0
149475.35136853892,0.0
155260.1341134827,0.0
149259.35136853892,0.0
142858.5686235951,0.0
144251.35136853892,0.0
146190.35136853892,0.0
148331.1341134827,0.0
140714.35136853892,0.0
137973.1341134827,0.0
126265.3513685389,0.0
124317.1341134827,0.0
117650.3513685389,0.0
130922.5686235951,0.0
144329.35136853892,0.0
135925.35136853892,0.0
130162.3513685389,0.0
126448.5686235951,0.0
137084.5686235951,0.0
147140.35136853892,0.0
140278.5686235951,0.0
139247.35136853892,0.0
140051.1341134827,0.0
136939.35136853892,0.0
142428.35136853892,0.0
151254.1341134827,0.0
153929.35136853892,0.0
149730.35136853892,0.0
152420.1341134827,0.0
151053.9168584265,0.0
149942.6996033703,0.0
151967.6996033703,0.0
148573.6996033703,0.0
146967.4823483141,0.0
135321.6996033703,0.0
125755.6996033703,0.0
118965.9168584265,0.0
121500.9168584265,0.0
131059.9168584265,0.0
125827.9168584265,0.0
129272.6996033703,0.0
132714.6996033703,0.0
136348.6996033703,0.0
140229.6996033703,0.0
137395.9168584265,0.0
133447.1341134827,0.0
134836.1341134827,0.0
139346.9168584265,0.0
142536.9168584265,0.0
145198.9168584265,0.0
146923.9168584265,0.0
149258.9168584265,0.0
149365.6996033703,0.0
148964.6996033703,0.0
153215.4823483141,0.0
148519.6996033703,0.0
147250.4823483141,0.0
138507.6996033703,0.0
131536.6996033703,0.0
123713.6996033703,0.0
114834.9168584265,0.0
120703.6996033703,0.0
115181.9168584265,0.0
116997.9168584265,0.0
116370.1341134827,0.0
125368.9168584265,0.0
133438.6996033703,0.0
136478.6996033703,0.0
134547.9168584265,0.0
138646.6996033703,0.0
140348.6996033703,0.0
144980.4823483141,0.0
149222.4823483141,0.0
154049.4823483141,0.0
152256.6996033703,0.0
149896.9168584265,0.0
144462.1341134827,0.0
139754.35136853892,0.0
148560.1341134827,0.0
142604.35136853892,0.0
139109.1341134827,0.0
132773.1341134827,0.0
127109.9168584265,0.0
123066.6996033703,0.0
121264.6996033703,0.0
134073.9168584265,0.0
155791.6996033703,0.0
145511.6996033703,0.0
143900.4823483141,0.0
151679.2650932579,0.0
157680.4823483141,0.0
161169.6996033703,0.0
160882.4823483141,0.0
157389.4823483141,0.0
151905.6996033703,0.0
150775.6996033703,0.0
151047.9168584265,0.0
158527.9168584265,0.0
162069.6996033703,0.0
160591.4823483141,0.0
