166.780674736255,0.0
239.38145653796352,0.0
513.3044856950435,0.0
786.3083844647668,0.0
954.1929503124883,0.0
530.6176686081711,0.0
666.4591655182708,0.0
581.0047721173624,0.0
449.75850897442297,0.0
1043.1555843447716,0.0
657.603548832044,0.0
728.8950030586655,0.0
510.846459139131,0.0
449.8734422482946,0.0
497.81373409351363,0.0
531.1464711625715,0.0
441.17731418017416,0.0
113.05534447975765,0.0
331.0550466546197,0.0
154.48806211057263,0.0
552.0408549160531,0.0
446.65968248907984,0.0
676.2677406915632,0.0
800.3106371249032,0.0
945.5944968050468,0.0
1275.3486806354902,0.0
1382.33646900231,0.0
1178.40109305203,0.0
1351.2092618043937,0.0
1550.4820701119336,0.0
1536.3218880937834,0.0
1740.5680597449568,0.0
1773.6009328379769,0.0
1985.5521027765203,0.0
1956.5318639599268,0.0
2248.18108402951,0.0
2237.3083060215304,0.0
2282.6378860928535,0.0
2283.05487444178,0.0
1863.9593526586768,0.0
1908.3361193245535,0.0
1974.2127218575667,0.0
1614.5023296838735,0.0
1559.3861905710935,0.0
1731.645469014037,0.0
1511.3462424270135,0.0
1657.8161924559167,0.0
2000.0530853299267,0.0
2165.0130412520202,0.0
2007.8973884483403,0.0
2052.14289073232,0.0
1721.7923921014067,0.0
1842.8317697310235,0.0
1392.4611918728133,0.0
1684.9082544221667,0.0
1918.45498734858,0.0
1711.0317263614068,0.0
1573.7420956460967,0.0
1493.3528264086094,0.0
1582.1241034659101,0.0
1756.0447894972604,0.0
1667.4812845730344,0.0
1504.1290983370322,0.0
1345.510686202219,0.0
1433.366247211059,0.0
1750.0665462393376,0.0
1708.678838988942,0.0
1895.53843138716,0.0
2055.0766445787604,0.0
1757.662590512144,0.0
1701.0560067305219,0.0
1904.6382481968355,0.0
1733.8877796766965,0.0
1526.963547764911,0.0
1576.440371676054,0.0
1803.8132408708655,0.0
1400.799170357786,0.0
1088.6633760777127,0.0
706.565304205215,0.0
359.60106049202636,0.0
389.10777778320175,0.0
827.2244619515643,0.0
933.6896820365671,0.0
973.656321393081,0.0
669.5718979358356,0.0
841.020012928888,0.0
750.3045221363317,0.0
307.9854420650903,0.0
233.76860140445987,0.0
327.2766116030523,0.0
139.54775955104185,0.0
30.093075297299265,0.0
98.05598849168928,0.0
158.85453165473155,0.0
307.1176202517877,0.0
200.70636761807964,0.0
329.11603821269705,0.0
291.8446192665566,0.0
91.32010718864467,0.0
377.31848779562506,0.0
88.81487065382066,0.0
-150.3790066526061,0.0
-386.3300261132597,0.0
-554.7807541177831,0.0
-738.6787383780031,0.0
-766.6086918029677,0.0
-812.1569488354232,0.0
-679.1340403586216,0.0
-979.6368845066066,0.0
-937.845308804246,0.0
-1453.3306148461736,0.0
-1318.72309282435,0.0
-1201.67866154165,0.0
-1436.6183804359134,0.0
-1445.93891892915,0.0
-1318.6504509536935,0.0
-1608.3025039856534,0.0
-1196.68879662159,0.0
-952.6392370217367,0.0
-1221.38213178612,0.0
-1474.8192013395335,0.0
-1427.2229505675734,0.0
-1808.4862827636166,0.0
-1539.4536601283535,0.0
-1791.1259040670373,0.0
-1423.34373345759,0.0
-1640.8056345129335,0.0
-2007.1802212015436,0.0
-1958.1482440748503,0.0
-1997.5463728743139,0.0
-1550.0008276653662,0.0
-1559.3330637439367,0.0
-1363.246013016346,0.0
-1340.5114671582835,0.0
-865.9014552178909,0.0
-822.9146333713066,0.0
-598.7951134576233,0.0
-524.5565093542702,0.0
-696.9863371000627,0.0
-884.611863315818,0.0
-848.9638202253144,0.0
-892.6975068240343,0.0
-1122.0232876645368,0.0
-1398.5784187067125,0.0
-1564.7354880223977,0.0
-1259.0473182065994,0.0
-1030.8866518526659,0.0
-1115.0736755960434,0.0
-1165.8010970186865,0.0
-1552.635834588932,0.0
-927.5941420832195,0.0
-1237.2367403050437,0.0
-799.0230797278273,0.0
-643.8028484524316,0.0
-1005.002097850327,0.0
-874.3890031249267,0.0
-674.2018369675617,0.0
-427.4579905954812,0.0
-448.3393247309423,0.0
-438.7448229195392,0.0
-291.04469347528425,0.0
-116.25310890415079,0.0
576.2487080391696,0.0
727.8935228182891,0.0
441.83035486673555,0.0
264.5226707867782,0.0
154.43746051227316,0.0
395.34483316030725,0.0
286.5977555400411,0.0
252.28536836946108,0.0
458.4416672526297,0.0
-83.58455707273356,0.0
48.53441626278038,0.0
-169.42521816941007,0.0
-166.42610939805024,0.0
-142.43553238810046,0.0
-153.0164013761081,0.0
61.85837232319295,0.0
54.39025491771304,0.0
-237.04886897627057,0.0
-250.3825044419541,0.0
-38.115273168250496,0.0
198.46360977405288,0.0
660.4621539957662,0.0
631.9858460467964,0.0
578.7755206730061,0.0
861.2616820802098,0.0
768.5946156669595,0.0
861.1892518368697,0.0
1275.9739202997935,0.0
923.8901628774097,0.0
963.3583784026298,0.0
997.6223406258363,0.0
651.9503147662562,0.0
1103.2783344366496,0.0
1443.0466684084931,0.0
1297.9548441534564,0.0
1218.8944700047232,0.0
1389.9362679290266,0.0
1375.2133343377766,0.0
1522.5204000483802,0.0
1536.18313861685,0.0
1588.0458545997965,0.0
1712.9652102131,0.0
1948.0346278979034,0.0
2035.8437569863036,0.0
1767.2480170494234,0.0
1903.2862864326935,0.0
1991.235448907147,0.0
1910.627457165987,0.0
2072.771451408667,0.0
1929.506614805757,0.0
1980.0252436903602,0.0
2057.9296623806804,0.0
2029.0025082088266,0.0
1728.8992132246633,0.0
1124.91855562258,0.0
1290.94790976513,0.0
1574.3039764472835,0.0
986.303606530488,0.0
1341.7297630422502,0.0
1042.98237577716,0.0
1329.6194281678036,0.0
1221.9279367622955,0.0
1183.17645595,0.0
511.6914624680277,0.0
860.764774639767,0.0
912.6874873832083,0.0
1056.0294429501764,0.0
1467.0263940658867,0.0
1148.1473534400911,0.0
1062.0072887554259,0.0
773.8462710953064,0.0
941.4382650920053,0.0
556.8943109757994,0.0
920.0749002259959,0.0
1022.9686287655588,0.0
935.8115946714242,0.0
1046.8204682649446,0.0
1063.9163803089757,0.0
1096.6435553610268,0.0
844.4301463100174,0.0
1359.064246548699,0.0
1319.066616406274,0.0
1109.1355281873,0.0
1516.6276239876254,0.0
1589.68319292035,0.0
1432.5055512525632,0.0
1497.8664962852404,0.0
1692.125222812269,0.0
1206.3631259274184,0.0
1209.9691683710942,0.0
932.2011720604315,0.0
1078.7573084578485,0.0
702.7330650408551,0.0
536.9913777455621,0.0
476.006700989098,0.0
304.5880211865597,0.0
296.349363033568,0.0
615.4877436710935,0.0
614.9911865568286,0.0
386.01850251522,0.0
136.015148342727,0.0
225.0414076193706,0.0
-123.76435577378072,0.0
312.8680690801407,0.0
-60.972760071523,0.0
89.86876621451711,0.0
-74.87671335906316,0.0
302.97955858071055,0.0
609.297506879289,0.0
780.685722358633,0.0
714.4328838947274,0.0
385.13118170840426,0.0
721.1409717088873,0.0
616.812076245263,0.0
335.54702123932054,0.0
486.6253470775225,0.0
279.17323235089043,0.0
109.04248110447065,0.0
682.1534855759111,0.0
422.715867839114,0.0
438.8501319559746,0.0
440.6601388069156,0.0
439.29345623360973,0.0
412.62434544945006,0.0
-42.22853214401232,0.0
60.075492905717056,0.0
490.02327969638156,0.0
702.767978794158,0.0
846.0194228851831,0.0
1232.2365828634015,0.0
1038.3199430995608,0.0
1506.0946384133522,0.0
1803.9709880639698,0.0
1681.6576454044853,0.0
1558.589144691929,0.0
1742.8235286574031,0.0
1561.1925271705659,0.0
1778.0301486866122,0.0
2033.1331602894138,0.0
2512.64974326842,0.0
2681.0788319246844,0.0
2898.801638739185,0.0
2881.758827341954,0.0
2805.732879033731,0.0
2969.603888932021,0.0
2863.9830611111956,0.0
3097.9467891372556,0.0
3353.8353073115754,0.0
3032.9250189398676,0.0
3414.7668202911836,0.0
3208.2464460970386,0.0
3448.911890375819,0.0
3510.587117136828,0.0
3500.4325695896873,0.0
3312.6543616380523,0.0
3537.102487814351,0.0
3406.9961385235883,0.0
3104.3146027196963,0.0
3639.7981322069154,0.0
3347.106270852637,0.0
3361.365762469797,0.0
3426.536098051864,0.0
3722.6973098482213,0.0
3615.830721011718,0.0
3370.861014807604,0.0
3254.983147556804,0.0
2946.3790854202416,0.0
3420.655333134764,0.0
3809.776394017278,0.0
3821.112885924308,0.0
3575.119376365504,0.0
3384.1796517234307,0.0
3511.7122462678244,0.0
3498.6068311080007,0.0
3264.4679605023375,0.0
3528.565364698961,0.0
3754.032827234284,0.0
3887.8883040500878,0.0
3995.539852395008,0.0
3981.595971156524,0.0
3916.222640585704,0.0
3717.281185883971,0.0
3716.936317011981,0.0
4172.505531847304,0.0
4237.0878216903775,0.0
4287.156875174198,0.0
4291.797879592537,0.0
4161.669950715148,0.0
4068.879798347134,0.0
4033.731115760641,0.0
3710.5242975595474,0.0
3243.4556392077143,0.0
3224.751750380651,0.0
3066.696592707637,0.0
2760.042784056294,0.0
3094.112943074777,0.0
2964.752605876897,0.0
2843.2412423039573,0.0
3291.62878900871,0.0
2995.987242499717,0.0
3019.8610679547064,0.0
3293.6635758537905,0.0
3165.9793241026205,0.0
2907.3737377383904,0.0
3339.1142512232136,0.0
3309.1548726144374,0.0
3652.518432148411,0.0
4043.516034272694,0.0
3887.7938865488477,0.0
4096.193532871068,0.0
3746.098798604314,0.0
3975.6425141723776,0.0
4106.859960869328,0.0
4000.9784600286175,0.0
4295.233636904111,0.0
3936.440466935731,0.0
4152.506572262355,0.0
3900.242182753671,0.0
4161.044041114134,0.0
4000.7523653468643,0.0
3977.4150937426243,0.0
3908.9253039178143,0.0
4290.266202060458,0.0
4456.605896318782,0.0
4230.138616085078,0.0
4183.389814696775,0.0
3758.8143328441383,0.0
4043.018075155685,0.0
4104.130571441645,0.0
3472.22719908729,0.0
3559.4284472681456,0.0
3386.8318779365645,0.0
3164.530397515923,0.0
2960.499821399395,0.0
2697.6588512199837,0.0
2572.644945122661,0.0
2837.235357922812,0.0
2747.015487330135,0.0
2637.339356820903,0.0
2397.3107833978183,0.0
2669.75283249481,0.0
2592.03977228317,0.0
2692.7783554331977,0.0
1964.12160637956,0.0
2120.610031346242,0.0
2339.363410699267,0.0
2301.9862265480238,0.0
2198.4525600974443,0.0
2271.3600589222037,0.0
2394.328034810198,0.0
2454.1672576315673,0.0
2281.595780236971,0.0
2433.8606300092633,0.0
2743.9591181038313,0.0
2580.5744853181554,0.0
2471.1422777833186,0.0
2363.483417323583,0.0
2456.787470826538,0.0
2056.58518909128,0.0
1882.971657235794,0.0
1999.4021278754112,0.0
2181.87789056295,0.0
2230.7188285611082,0.0
2337.0381224466882,0.0
2231.8038689780215,0.0
2625.181587438812,0.0
2330.8009397427013,0.0
2855.8503076740344,0.0
2452.5818562155987,0.0
2234.961614447325,0.0
2075.497342303608,0.0
2277.7052631042343,0.0
2355.979298722931,0.0
2127.873754884868,0.0
2349.9877790887494,0.0
2003.6491047105444,0.0
2037.6641085728481,0.0
2556.4695960840595,0.0
3116.904034598316,0.0
3033.770687207014,0.0
3233.6846093086165,0.0
2966.0596837055905,0.0
2945.3103472160306,0.0
2851.6675924341666,0.0
2737.7343311919676,0.0
2895.933433950945,0.0
2839.1133089920045,0.0
2791.9496038138404,0.0
2706.1623164895805,0.0
2742.878752638564,0.0
2792.5706522215623,0.0
2745.9001039939135,0.0
3084.366457405744,0.0
2805.0633406140473,0.0
3179.0362075321955,0.0
2698.314932384606,0.0
2922.351233618743,0.0
2841.242874132087,0.0
3195.281716466261,0.0
3112.2299059364614,0.0
2684.543903678916,0.0
3088.2233918861675,0.0
3170.77611537605,0.0
3497.4082346388695,0.0
3988.7843049882667,0.0
3774.6661725314166,0.0
3998.7816124736405,0.0
4177.295003708457,0.0
4405.496857106702,0.0
4934.935463167907,0.0
4777.65359270243,0.0
5060.000569187965,0.0
5459.857244725058,0.0
5769.255830005691,0.0
5808.99291147865,0.0
6360.54806772389,0.0
6183.325847979288,0.0
6430.119638503467,0.0
6296.012406425162,0.0
6861.134381889149,0.0
6975.875817777059,0.0
6895.083766404348,0.0
7203.059894272539,0.0
7396.950987680552,0.0
7155.750756100689,0.0
7652.778570069362,0.0
7267.594395784083,0.0
7549.050811800702,0.0
7668.341830109693,0.0
7695.432282825036,0.0
7611.579656938483,0.0
7903.239864446416,0.0
8116.02452975696,0.0
8221.87261782075,0.0
8229.21645905899,0.0
8175.57624668491,0.0
8641.144645727054,0.0
8273.49756512704,0.0
8072.709292205736,0.0
8245.336566987608,0.0
8206.186839105092,0.0
7553.191796245528,0.0
7607.604506246885,0.0
7653.097445288605,0.0
7622.138874461015,0.0
7968.8322163056455,0.0
7811.084776763274,0.0
7810.874614592219,0.0
7583.870956226715,0.0
7568.160266646442,0.0
7584.558428015982,0.0
7548.792855818832,0.0
7598.792124359095,0.0
7746.138678961135,0.0
7884.472892507909,0.0
8353.690711853342,0.0
7990.270023556633,0.0
8318.991194128757,0.0
8390.733587487739,0.0
8380.80045220468,0.0
8268.655927759795,0.0
8441.53766239486,0.0
8608.721800441863,0.0
9077.046181613157,0.0
9083.49138085391,0.0
9440.855403562882,0.0
9333.768173495137,0.0
9622.51056673999,0.0
9437.66457448369,0.0
9551.798491191257,0.0
8974.284275066293,0.0
9481.595247644767,0.0
9342.71089665667,0.0
9419.08071236136,0.0
8788.599272870208,0.0
8865.349921951833,0.0
8630.802666322568,0.0
8107.461251369887,0.0
8273.746339700387,0.0
7993.877071303353,0.0
7525.17771288937,0.0
8057.303729649442,0.0
7953.332253987066,0.0
7808.019214172743,0.0
7858.193444325233,0.0
7438.755513006584,0.0
7551.6684221326595,0.0
7193.5352579232385,0.0
7541.22820292097,0.0
7205.169142195915,0.0
7309.256095354113,0.0
7677.603102901788,0.0
7774.449327293056,0.0
7930.819817723064,0.0
7756.907825833057,0.0
7478.050388062224,0.0
7587.51275076377,0.0
7391.812448044488,0.0
7131.686089374606,0.0
6866.927657868488,0.0
6833.589316891065,0.0
7050.4759011876895,0.0
7037.916295250056,0.0
6950.2633846156095,0.0
6576.63269482323,0.0
6436.917484561014,0.0
6525.933525710986,0.0
6658.11729670478,0.0
6536.4630338343695,0.0
6672.914039780262,0.0
6355.441145377858,0.0
6230.487026362825,0.0
6108.723157881966,0.0
5988.160272244473,0.0
5936.237354367029,0.0
6234.897073091599,0.0
5749.718925397895,0.0
5935.729933142811,0.0
5972.722841478866,0.0
6136.657298812783,0.0
6356.938341278252,0.0
6131.866735330042,0.0
5853.6276403259435,0.0
5774.95401977146,0.0
5999.666378805796,0.0
6105.442730648769,0.0
5698.97212550114,0.0
6211.747078048747,0.0
6098.46923217485,0.0
6048.845948840366,0.0
6288.422484305984,0.0
6206.347806253776,0.0
6372.363754625544,0.0
6368.795573374685,0.0
6998.555187954503,0.0
6859.65579152791,0.0
6824.661846423442,0.0
6702.6873015489155,0.0
6415.639124503426,0.0
6965.838277908718,0.0
6962.399408678102,0.0
6838.985040744987,0.0
6648.291341659592,0.0
6819.821455864553,0.0
6873.0355123153195,0.0
6746.639303364327,0.0
7288.124324610969,0.0
7109.193484668046,0.0
7355.30822233134,0.0
7471.788521075667,0.0
8024.811633010737,0.0
7802.9877349466815,0.0
7717.995051742483,0.0
8048.189864063977,0.0
8020.614656052204,0.0
7635.097310769695,0.0
8333.956736854621,0.0
8221.137014653108,0.0
8128.201156211656,0.0
8335.250751048794,0.0
8318.195805315785,0.0
8678.594192696115,0.0
8826.571868467157,0.0
8353.840327367887,0.0
8455.300281958594,0.0
8609.826277308792,0.0
8377.190380130718,0.0
8554.649210919442,0.0
8422.50919867281,0.0
8533.05567252367,0.0
8577.845575269193,0.0
8521.591473502305,0.0
9041.130072216209,0.0
9050.92735316055,0.0
8912.12285014388,0.0
8926.732808517507,0.0
9121.5303230719,0.0
9451.444507975442,0.0
9362.20366966038,0.0
9031.594990936866,0.0
9360.815248343959,0.0
9019.487380082566,0.0
9214.751999748276,0.0
9162.746366705227,0.0
9642.30123702373,0.0
9515.84266361208,0.0
9571.64742113409,0.0
9611.476583467129,0.0
9164.493744192407,0.0
9565.950183051269,0.0
9992.96850473431,0.0
10090.024161895613,0.0
10262.732949326606,0.0
10271.368310618176,0.0
10079.956562910844,0.0
9965.91871213222,0.0
13898.382122265437,1.0
13898.382122265437,1.0
9747.375890131916,0.0
9848.13411277712,0.0
10201.217288387803,0.0
10342.982816053884,0.0
9879.86957102637,0.0
10441.329056268114,0.0
10698.357458610335,0.0
10329.208885038424,0.0
10373.843135959023,0.0
10744.064340828916,0.0
10495.482499056965,0.0
10450.644827138265,0.0
10421.696790862166,0.0
10665.61472881003,0.0
10918.693552638064,0.0
11053.221941320464,0.0
11095.041671132247,0.0
10947.246187513854,0.0
10765.822700352808,0.0
10784.476148891683,0.0
10897.372474724429,0.0
10638.911102038906,0.0
10432.645228432619,0.0
10581.488769661879,0.0
10793.576324897553,0.0
11060.273228929567,0.0
11078.25535279695,0.0
10927.188086157537,0.0
11269.278999511262,0.0
11037.620221872887,0.0
10677.253014831864,0.0
10429.19719723772,0.0
10484.037824064984,0.0
10469.348945156864,0.0
10636.791631210674,0.0
10672.709507532196,0.0
10305.695196156634,0.0
10338.93330002767,0.0
10224.283237529244,0.0
10400.249891676813,0.0
10055.04052984841,0.0
9978.117869673379,0.0
9612.758768172525,0.0
9941.349381967888,0.0
9781.303632810954,0.0
9813.803068776873,0.0
9634.10514056946,0.0
9408.925594895016,0.0
9347.712136997296,0.0
9018.657654241806,0.0
8963.50233517867,0.0
9009.008550468225,0.0
8582.679305016749,0.0
8552.114000852278,0.0
8785.683556962387,0.0
9068.41523071416,0.0
8806.982756904617,0.0
8587.799947994008,0.0
8789.789596550838,0.0
8720.872467473857,0.0
8164.318977012656,0.0
7958.1521692916185,0.0
7990.199169546848,0.0
7570.755061789411,0.0
7547.945016639311,0.0
7413.943615720393,0.0
7424.45315381523,0.0
7536.133586616689,0.0
7054.353851465008,0.0
6683.230674242581,0.0
7214.075520899605,0.0
7078.640621536851,0.0
7227.5790492041515,0.0
6959.002074473875,0.0
7349.3217637947355,0.0
7270.934873636657,0.0
7287.092708702044,0.0
6775.383017881879,0.0
6869.240923840147,0.0
6613.256354134503,0.0
6696.3691129358895,0.0
6594.103924935637,0.0
6553.507330974922,0.0
6555.056838177303,0.0
6410.809948211966,0.0
6475.208006175812,0.0
6415.8452581855845,0.0
6358.429691737617,0.0
6147.578288429426,0.0
6243.218283862055,0.0
6301.711835892412,0.0
6690.966985941724,0.0
6557.974764307745,0.0
6739.770379396199,0.0
7079.543086591144,0.0
7285.73648678546,0.0
7313.645148742586,0.0
7635.404746708396,0.0
7485.226284881428,0.0
7736.314252187114,0.0
7987.5035403687525,0.0
7956.058035952686,0.0
8098.13213774888,0.0
8221.732171639289,0.0
8038.64042955495,0.0
8390.836381034576,0.0
8342.539715671945,0.0
8261.17223361326,0.0
8122.660626958951,0.0
8117.425749303948,0.0
8352.143896246844,0.0
8036.089918170271,0.0
8591.390454133129,0.0
8229.240839175167,0.0
8297.54184767384,0.0
8182.690374719099,0.0
7783.525728961221,0.0
7689.205177939827,0.0
7744.95442880757,0.0
7920.325155370153,0.0
8028.903126494233,0.0
7865.834041379929,0.0
7376.313787623742,0.0
8016.991151626668,0.0
7858.3324426913405,0.0
7944.6826542215995,0.0
8072.3687785903385,0.0
8001.8441739370965,0.0
8443.54034480392,0.0
8073.236182429575,0.0
8186.830065609936,0.0
8513.05247234629,0.0
8732.979748285823,0.0
8931.824138259206,0.0
8929.626632068277,0.0
9250.51459066432,0.0
9621.571944891493,0.0
9421.106762062884,0.0
9679.753347227706,0.0
10023.441230827808,0.0
10205.984083087884,0.0
10001.362876223779,0.0
10227.212046455455,0.0
9975.145961966286,0.0
9853.730274702713,0.0
10041.533489383106,0.0
10078.966494352513,0.0
9901.17130471539,0.0
9806.410871269036,0.0
9631.151570573777,0.0
9893.592425568866,0.0
9786.642085628086,0.0
9858.120141883819,0.0
10437.122992057823,0.0
10293.21956764698,0.0
10230.552760247969,0.0
9873.959606987517,0.0
9557.133859649331,0.0
9539.12668705421,0.0
9380.5429338014,0.0
9563.453516186843,0.0
9688.04680886219,0.0
9349.251239784666,0.0
9574.049215120009,0.0
9330.314064292896,0.0
9820.457055229199,0.0
9671.805761814372,0.0
9602.8944792932,0.0
9738.4768794872,0.0
9703.303213478599,0.0
9583.37875164737,0.0
9876.134731838572,0.0
9853.347861076361,0.0
10091.198716745052,0.0
9650.37353848877,0.0
9762.646565352792,0.0
9989.509590472382,0.0
9874.622023227746,0.0
10093.220874815117,0.0
10387.06354595926,0.0
9826.753166056047,0.0
9773.586234611212,0.0
9605.389000571358,0.0
9375.020568446736,0.0
9397.949412617467,0.0
9417.444795343356,0.0
9158.526012631397,0.0
8985.750341695706,0.0
8736.664629157782,0.0
9111.808221713176,0.0
8774.409697442026,0.0
8780.548167979272,0.0
8520.616716652474,0.0
8730.011607708646,0.0
8626.645614862733,0.0
8681.526643652447,0.0
8378.646325451173,0.0
8127.623495309219,0.0
8350.31571567866,0.0
7934.44224988119,0.0
8076.95661900911,0.0
7949.45231017027,0.0
8122.1994046863365,0.0
7884.06083187848,0.0
8089.47301288178,0.0
8134.0512000284125,0.0
7985.2244211868465,0.0
8427.32374034668,0.0
8396.592315046959,0.0
8030.612691664836,0.0
7941.028344662451,0.0
8660.479578623123,0.0
8064.2272637483975,0.0
7851.824910322482,0.0
7922.236881369929,0.0
7450.192228576723,0.0
7686.6414956241215,0.0
7725.08809509181,0.0
7765.919552340819,0.0
7929.170484833046,0.0
7777.331118214772,0.0
7629.3108802699235,0.0
7365.144394052447,0.0
7121.814450721913,0.0
6877.380622204604,0.0
6972.110364259508,0.0
7149.26836339784,0.0
7276.97529889985,0.0
6930.250512348454,0.0
6662.213378930497,0.0
6936.955829303542,0.0
7133.3032959398115,0.0
7148.015422492232,0.0
11139.27022354651,1.0
11139.27022354651,1.0
7312.642617812622,0.0
7365.037453003447,0.0
7328.777733734172,0.0
7047.9291886511655,0.0
6689.5706332784,0.0
6940.423020407556,0.0
6732.233979394969,0.0
7004.8049430869605,0.0
6979.649377570965,0.0
7437.647068908859,0.0
7375.45630191594,0.0
7319.426239773041,0.0
7426.257225348693,0.0
7735.492130795409,0.0
8434.576254486146,0.0
8364.345982029325,0.0
8228.549543058685,0.0
7923.803529011464,0.0
7709.146437165447,0.0
7679.237455909987,0.0
7567.485639058225,0.0
7479.37955665173,0.0
7206.001885273291,0.0
6858.643633146547,0.0
6703.465974082917,0.0
6527.225091790513,0.0
6895.680080675056,0.0
7239.204933942437,0.0
6836.84517143923,0.0
6843.701947142581,0.0
6991.215805078015,0.0
6988.073289091337,0.0
7548.713422641448,0.0
7603.164759386899,0.0
7535.652172788917,0.0
7379.8049623508305,0.0
6897.711192090514,0.0
7471.503927040269,0.0
7364.967626871587,0.0
7479.382418667184,0.0
7587.821484982716,0.0
7617.001985738209,0.0
7988.107350906061,0.0
7627.915184109529,0.0
7679.181718943018,0.0
7846.837010112242,0.0
8216.859395023988,0.0
8106.403678668745,0.0
8126.470198608953,0.0
8138.414468044517,0.0
8452.971139878871,0.0
8571.206535412823,0.0
8736.425973754796,0.0
8813.034902392332,0.0
8733.724901935977,0.0
9263.37539433679,0.0
9150.724979138799,0.0
9331.661363236237,0.0
9384.68014951602,0.0
9430.799683782127,0.0
9506.09270931915,0.0
9810.578689601032,0.0
9981.316411297796,0.0
9539.494318511383,0.0
9986.22146765059,0.0
9859.379833395884,0.0
10205.40351371061,0.0
9959.65867167521,0.0
10112.996228303633,0.0
10547.368945142016,0.0
10391.078457520453,0.0
10511.706345791135,0.0
10599.976656885116,0.0
10638.866063803112,0.0
10250.577684692613,0.0
10240.12112824824,0.0
10160.673781455616,0.0
10127.08748183931,0.0
9884.224099597477,0.0
10548.01296245722,0.0
10298.83187396016,0.0
10285.079304575049,0.0
10214.687683112046,0.0
10390.59801161565,0.0
10184.266527763277,0.0
9863.603282513552,0.0
9720.638065505249,0.0
9738.420750929186,0.0
9702.133474968736,0.0
9560.268748207896,0.0
10188.876287992869,0.0
9845.421092137287,0.0
9778.799080397359,0.0
9637.337030785526,0.0
9222.215882167757,0.0
9989.10387663727,0.0
9704.927625396605,0.0
9332.204378801713,0.0
9135.58091305187,0.0
9157.46768517937,0.0
9262.50549527087,0.0
8983.12465475599,0.0
9005.084757034167,0.0
8717.558501690162,0.0
8725.105681115627,0.0
8752.652008411147,0.0
9226.23668599076,0.0
8933.78343780973,0.0
8963.446356168713,0.0
8918.275107206733,0.0
9066.205932089873,0.0
9292.807005115566,0.0
9031.439124844514,0.0
8699.66718972723,0.0
8209.773330519065,0.0
8589.92758691533,0.0
8949.250067609762,0.0
8478.059431453214,0.0
9039.065741991226,0.0
8717.546372959476,0.0
9056.44691290885,0.0
8627.577077653077,0.0
8868.097905617817,0.0
8407.664388591264,0.0
8712.073933632326,0.0
8722.887608672769,0.0
8395.706106481246,0.0
8299.264075173407,0.0
8291.584880082817,0.0
8118.585997188493,0.0
8292.200506318122,0.0
7907.20389146601,0.0
7470.846931839576,0.0
7307.943132360292,0.0
7091.395247701962,0.0
6864.452417504788,0.0
6688.6667496921145,0.0
7190.4691929312385,0.0
6816.620852636939,0.0
6524.332659318245,0.0
6382.367828276195,0.0
7011.652247745007,0.0
7195.6564356951585,0.0
6547.535409549601,0.0
6936.37539481986,0.0
6781.003796928783,0.0
6637.711720083308,0.0
6736.673855934281,0.0
6670.7154391184595,0.0
6747.865158972689,0.0
6691.254715544081,0.0
6693.105548628294,0.0
6144.359671618056,0.0
5970.445113017575,0.0
6494.331930505344,0.0
6085.626768343015,0.0
6308.61055593448,0.0
5820.216390200529,0.0
6487.339165219852,0.0
6108.781016082819,0.0
6445.652905212302,0.0
6552.065617611314,0.0
6466.388503852254,0.0
6434.74774467949,0.0
6670.022412976791,0.0
6661.763818475749,0.0
6641.881994707086,0.0
6745.570968880584,0.0
7234.809549605627,0.0
6872.696130344779,0.0
7499.9142613055465,0.0
7729.31698275557,0.0
7514.629313644317,0.0
7373.391490200451,0.0
7889.918020923216,0.0
7419.144795763999,0.0
7324.722741699919,0.0
7192.91097647861,0.0
7096.086989067357,0.0
7114.019151126988,0.0
7106.458247953465,0.0
6886.041771203747,0.0
7059.057324589194,0.0
6905.227902494472,0.0
6943.413357258827,0.0
7179.116111806634,0.0
7708.326751069642,0.0
7434.246600470186,0.0
7415.652974921144,0.0
7543.289419690145,0.0
7265.472327288965,0.0
7323.454138103289,0.0
7286.771700789579,0.0
7236.17534952141,0.0
7154.308376180473,0.0
7001.999090016456,0.0
7326.119813439883,0.0
6921.6591913496,0.0
7061.692377582493,0.0
6460.360597113578,0.0
6511.994551434574,0.0
6966.378578701148,0.0
7034.515367493648,0.0
6551.532645693013,0.0
7047.463915803109,0.0
6863.931440773698,0.0
7079.728358122605,0.0
6935.909897123665,0.0
7189.302845357708,0.0
7444.1483552650825,0.0
7382.880392968653,0.0
7713.769483044753,0.0
7659.909067112792,0.0
7781.294616966672,0.0
7666.576537052712,0.0
7772.777439476073,0.0
7691.915546867199,0.0
7262.306171002595,0.0
7645.246454910539,0.0
7741.1775979593785,0.0
8173.666597340793,0.0
7803.116314525878,0.0
7611.675059088895,0.0
7634.973350863822,0.0
7529.269436701982,0.0
8032.592915513245,0.0
7500.512289634453,0.0
7717.471674142812,0.0
7481.397203095359,0.0
7784.085563316232,0.0
7986.7233816449225,0.0
8247.358367930745,0.0
7867.905685560502,0.0
7534.1785335736395,0.0
7488.829551438286,0.0
7796.076059827546,0.0
7648.337485695445,0.0
7786.905769163869,0.0
7929.3480524057095,0.0
8059.740322536989,0.0
8215.713713623129,0.0
8287.883534815002,0.0
7881.0197258911685,0.0
8100.709303865946,0.0
7827.157697280476,0.0
8236.51469320433,0.0
8453.442228196393,0.0
7798.855606732319,0.0
8061.477830497945,0.0
8058.03481166573,0.0
7962.63953584131,0.0
7856.240237516516,0.0
8076.371506269629,0.0
8062.4286695396095,0.0
7807.128990951605,0.0
8236.06972658011,0.0
7937.513568927736,0.0
7831.196888269796,0.0
7693.424382768276,0.0
7689.486818990432,0.0
7819.052337446095,0.0
7874.117222028139,0.0
7615.374029760356,0.0
7620.375144097745,0.0
7602.756203242296,0.0
7419.103653319072,0.0
7675.3758980301955,0.0
7777.324915741769,0.0
7491.546904150309,0.0
7720.804632040799,0.0
7779.50735594614,0.0
7422.113896817389,0.0
7527.2592386842125,0.0
8058.5834038054745,0.0
7859.252604250165,0.0
7707.206905440242,0.0
7337.657172039619,0.0
7324.840623596086,0.0
7205.143119087656,0.0
7306.846994929309,0.0
7279.864903373429,0.0
7467.487630532742,0.0
7214.61519227411,0.0
6667.919833961026,0.0
6720.860069170852,0.0
6496.551221112006,0.0
6570.246170766919,0.0
6996.911542311353,0.0
7273.519580801965,0.0
7188.7648743121445,0.0
7158.855767740875,0.0
7041.749763132295,0.0
6895.232587391745,0.0
6715.667494632462,0.0
6880.226315600342,0.0
6778.3838801303355,0.0
6827.280500542435,0.0
6775.376249840016,0.0
6820.452846711335,0.0
6243.175643323986,0.0
6288.178286754501,0.0
6103.398458407237,0.0
5739.770633726665,0.0
5772.964707911522,0.0
5671.345346143255,0.0
5535.281960469628,0.0
5630.51676125247,0.0
6133.789431451181,0.0
6001.3326450862005,0.0
6273.112170484067,0.0
6059.2604588976465,0.0
6466.701413120974,0.0
6339.951584190703,0.0
6204.890458365183,0.0
6306.228726190208,0.0
6245.619920500947,0.0
6490.5750420627755,0.0
6230.642332148697,0.0
5938.414500702831,0.0
6140.366019926069,0.0
6025.501711511088,0.0
6373.818677083693,0.0
6007.883090292484,0.0
6015.787947514503,0.0
5849.71221390709,0.0
6019.053058765939,0.0
6003.960627159252,0.0
5797.982470059029,0.0
6159.478173625121,0.0
6200.531561044837,0.0
5908.520566805769,0.0
5950.768351499971,0.0
6217.922674047287,0.0
6251.772900433224,0.0
6415.755590357477,0.0
6477.959678465778,0.0
6288.2425892355195,0.0
6354.8303019866635,0.0
6532.708214463584,0.0
6841.7886068077405,0.0
6669.167638985506,0.0
6871.341628304491,0.0
6742.66409645455,0.0
6774.377548705378,0.0
6697.820702640787,0.0
7004.785983644574,0.0
7049.887471213495,0.0
6915.7213753047,0.0
7236.658611183133,0.0
7245.583006042103,0.0
7539.1291639260235,0.0
7195.09426606949,0.0
7109.130026157741,0.0
7879.821277631323,0.0
7858.764433079103,0.0
7663.957446480732,0.0
7585.966926394613,0.0
7579.03883653593,0.0
7874.191560640633,0.0
7437.953571670253,0.0
7503.386457577186,0.0
7382.606185072163,0.0
7649.076836200553,0.0
7338.734081910113,0.0
7856.307750809072,0.0
7538.982809479488,0.0
7646.082548956222,0.0
7662.392663448362,0.0
7597.206269764559,0.0
7768.448258663108,0.0
8070.697869858012,0.0
7962.886657629842,0.0
7668.935076555309,0.0
7748.138188623036,0.0
8019.906142286459,0.0
7636.166005013895,0.0
7629.452135395885,0.0
7804.301271471035,0.0
7696.134749857292,0.0
7447.81992242448,0.0
7167.9830806062255,0.0
7466.866872835939,0.0
7957.493984414223,0.0
7986.840965734942,0.0
7987.0021236501925,0.0
7901.230474996302,0.0
7785.847932396379,0.0
7476.836973484666,0.0
7558.111911998201,0.0
7244.191201808651,0.0
7483.253915755502,0.0
7518.593969232712,0.0
7499.4741313782215,0.0
8160.998304134846,0.0
8157.5656625120055,0.0
7603.538018408902,0.0
7978.4506528774455,0.0
8210.353880228029,0.0
8247.06615526589,0.0
8048.158452753236,0.0
7912.932476794296,0.0
7955.735306695479,0.0
7969.839924711246,0.0
8350.65134508327,0.0
8195.02881941196,0.0
8543.553735224132,0.0
8178.39599376688,0.0
8535.302255403452,0.0
8792.397098016005,0.0
8736.385883263796,0.0
8809.62576592322,0.0
9091.648497782078,0.0
8696.218592919486,0.0
8749.671955551228,0.0
8814.13459630887,0.0
9124.231668128183,0.0
9207.749353766496,0.0
9281.02707021289,0.0
9140.955288066876,0.0
9013.550723670012,0.0
9234.923604148065,0.0
9614.437416108569,0.0
9078.219505986897,0.0
9242.33699843999,0.0
9458.460371241103,0.0
9418.939568279638,0.0
8916.216461431646,0.0
8974.458966153536,0.0
9225.026376626745,0.0
8519.358042132862,0.0
8535.618535534613,0.0
8317.1362120946,0.0
8344.464671212663,0.0
8311.05224495451,0.0
8188.950715448993,0.0
8137.418503804929,0.0
7801.092716525535,0.0
7995.218302541699,0.0
8185.858074259038,0.0
8301.294275571592,0.0
8165.170145992089,0.0
8239.523754689293,0.0
7847.518929108279,0.0
7914.511311909153,0.0
7749.143338141839,0.0
7479.2925217526745,0.0
7573.459119125288,0.0
7362.211571771789,0.0
7598.312287905099,0.0
7117.523735572785,0.0
7005.710442056465,0.0
7346.552047778079,0.0
7010.536673633115,0.0
7360.709981187519,0.0
7352.703960839623,0.0
7279.401700763248,0.0
7120.388079168859,0.0
7282.733915870783,0.0
6954.343867333519,0.0
7092.518935792728,0.0
7053.496173818932,0.0
7204.715124750842,0.0
7498.33893225071,0.0
7454.303554861262,0.0
7648.21121788656,0.0
7562.477569848039,0.0
7412.898818613388,0.0
7264.828997046297,0.0
7212.533264549991,0.0
7052.076621562275,0.0
7030.922993104594,0.0
6953.225180397993,0.0
6991.399185075375,0.0
7005.0421347144775,0.0
7133.491095753814,0.0
6902.503725501775,0.0
6955.008801825819,0.0
6382.5656840783395,0.0
6380.421282462218,0.0
6595.29422420079,0.0
6745.305179388831,0.0
6866.732935569246,0.0
6511.09068682015,0.0
6657.189301718524,0.0
6940.451147481497,0.0
6722.114186074017,0.0
7120.901173827416,0.0
6908.551107348297,0.0
7299.8871908688325,0.0
7035.374710723436,0.0
6786.45384049922,0.0
6820.911211818005,0.0
6662.876725164953,0.0
6724.275712729658,0.0
6642.93542474706,0.0
6922.216893053353,0.0
6562.615728605809,0.0
6963.359522235819,0.0
7219.5974618542405,0.0
7044.614354440765,0.0
6890.652492347186,0.0
7456.83758268413,0.0
7196.093911549211,0.0
7530.305913979632,0.0
7689.494705426948,0.0
7562.835305186644,0.0
7415.7161606415975,0.0
7052.752952064735,0.0
7298.245711070503,0.0
6756.321463203367,0.0
6973.52442470868,0.0
6877.661078467519,0.0
7455.101905961083,0.0
7042.963603210843,0.0
7523.108284593886,0.0
7664.920384862589,0.0
7744.7273502388,0.0
7713.447747397306,0.0
8050.6145404805,0.0
8262.219030020911,0.0
8271.151107233873,0.0
8660.004621320326,0.0
8073.0814306216225,0.0
8287.50861573692,0.0
8765.352339424602,0.0
8672.958437822334,0.0
