0.0,0.0
0.9111355807154293,0.0
0.8928099229673094,0.0
0.09817402170075883,0.0
0.7173438013963281,0.0
0.8405133999083889,0.0
0.7978829748889589,0.0
0.6468757298594394,0.0
0.73022599945336,0.0
0.7714672653557394,0.0
0.53254614092286,0.0
0.3946329900329294,0.0
0.48040511389261,0.0
0.19213023704696047,0.0
0.6763560346741107,0.0
0.5346539058424505,0.0
0.6160816590270711,0.0
0.08689393263966166,0.0
0.6434816997802518,0.0
-0.0011667824309982422,0.0
-0.09817402170075883,0.0
-0.14726103255113823,0.0
0.9018259782992412,0.0
0.49892082158723117,0.0
0.9165465962924406,0.0
0.92925236504345,0.0
0.7922895676495001,0.0
0.91182590832819,0.0
0.7813500397546294,0.0
0.8151280196669295,0.0
0.7829534767568693,0.0
0.8271280789055389,0.0
0.8218044372431988,0.0
0.9869589635609282,0.0
0.893067764993059,0.0
0.6063052046927382,0.0
0.6378627045261382,0.0
0.7305294799310676,0.0
1.0565358851121383,0.0
0.6953034322365288,0.0
0.5145172026716294,0.0
0.7705962776917388,0.0
0.4067703013884894,0.0
0.47280294885189944,0.0
0.6141209517082088,0.0
0.04908701085037941,0.0
0.09817402170075883,0.0
0.09817402170075883,0.0
0.8873667476724981,0.0
0.6968611238146182,0.0
0.9424723266455982,0.0
0.8275811550200088,0.0
0.7604976408987293,0.0
0.6051801060699593,0.0
0.8480551828028688,0.0
0.6536215448535783,0.0
0.8462634603727788,0.0
0.8998294045109289,0.0
0.8498997035136883,0.0
0.6297901534905183,0.0
0.7989896125483682,0.0
0.7617021036482082,0.0
1.0760937338342682,0.0
0.8117591809603589,0.0
0.8896632645878982,0.0
1.0774636990580875,0.0
1.135926694471387,0.0
1.098227542741937,0.0
0.29452206510227646,0.0
0.34759309066054705,0.0
0.725642822127807,0.0
0.29452206510227646,0.0
1.1902762026023765,0.0
1.114938010616437,0.0
1.005619795331917,0.0
1.2358451048290464,0.0
0.858182437622617,0.0
0.9552272451911978,0.0
0.9438841026233082,0.0
0.8111418700561288,0.0
0.8498903842669487,0.0
0.7224562185520282,0.0
0.8528734437236276,0.0
0.8785215379949171,0.0
0.9376533637572877,0.0
1.205942743853747,0.0
0.8559001893395477,0.0
0.14726103255113823,0.0
0.9808570013280489,0.0
0.8674746600052883,0.0
1.0803150545356388,0.0
0.9471261058765482,0.0
1.0103816011177682,0.0
1.1963480434015177,0.0
0.5891936315796477,0.0
0.9592531576175077,0.0
1.113872947157837,0.0
0.7736639747449378,0.0
0.9503351266510076,0.0
0.974323735775217,0.0
0.9135698238561077,0.0
0.7910585422109876,0.0
1.0178692401320684,0.0
0.9229358899742789,0.0
0.7111197373304888,0.0
0.04908701085037941,0.0
0.8052114966785489,0.0
0.7326144948812995,0.0
0.7444585994263593,0.0
0.6005763794789101,0.0
0.6805183395273007,0.0
0.6180869032119,0.0
0.3623188966060099,0.0
0.5239767149411406,0.0
0.29339953963064,0.0
0.5563292683192806,0.0
0.10200995966673057,0.0
0.0,0.0
0.7947443393685792,0.0
0.90411168743992,0.0
0.5117374728706507,0.0
0.6953734798435006,0.0
0.8286492220128312,0.0
0.6076409669534307,0.0
0.7339434706587512,0.0
0.5640255992799511,0.0
0.6002089903853217,0.0
0.5274668164197724,0.0
0.6141468523256017,0.0
0.4569024365059523,0.0
0.4766957083567618,0.0
0.41630816861712117,0.0
0.5880371295810513,0.0
0.5693762537301507,0.0
0.6154974970275,0.0
0.6633867773227994,0.0
0.8354776473691288,0.0
0.5157056547668888,0.0
0.8672077532104194,0.0
0.7193329040881801,0.0
-0.04908701085037941,0.0
0.20893165781444056,0.0
0.7131041027583712,0.0
0.6293879812608117,0.0
0.3962622915068523,0.0
0.3678610792921818,0.0
0.8573353934263812,0.0
0.5558383223128819,0.0
0.40010553646234237,0.0
0.35912699470488296,0.0
0.4290372045131223,0.0
-0.19634804340151765,0.0
0.43298226895995173,0.0
-0.19634804340151765,0.0
0.487723405797333,0.0
0.44559155535560235,0.0
0.4242189551080219,0.0
0.4189882837442618,0.0
0.5376185449460918,0.0
0.4395550712265418,0.0
0.4600137240936918,0.0
0.4819719362164212,0.0
0.8339504301043806,0.0
0.91829583405449,0.0
0.49447743234922054,0.0
0.9018259782992412,0.0
0.6811758155913311,0.0
0.6514212355587211,0.0
0.6617455498211412,0.0
0.8318427558589312,0.0
0.7692362370388118,0.0
0.5097994826863823,0.0
-0.19634804340151765,0.0
0.5138516925363129,0.0
0.518615476166013,0.0
0.5159679252473837,0.0
0.5683565920339629,0.0
0.712853180015013,0.0
0.44500270970786304,0.0
0.6769605970848336,0.0
0.3984429772831042,0.0
0.2923636076089135,0.0
0.327438255007113,0.0
0.41001032680922234,0.0
0.49659610004923227,0.0
0.45133293625864235,0.0
0.14335043894985175,0.0
0.6267251216133016,0.0
0.24398253107812176,0.0
0.8940410390212612,0.0
-0.14726103255113823,0.0
0.7177124881667919,0.0
0.8001638628463124,0.0
0.5669932304204123,0.0
0.5898829555090118,0.0
0.7313927157422612,0.0
-0.04908701085037941,0.0
0.7285840294312512,0.0
0.5680048143216807,0.0
0.5732556458709307,0.0
0.65212267264112,0.0
0.8645724362269899,0.0
0.7698340551380407,0.0
0.80252016967114,0.0
0.7643192105545293,0.0
0.8347184974146094,0.0
0.04908701085037941,0.0
0.7248488348669194,0.0
0.8835095275266289,0.0
0.5675536998250688,0.0
0.5671696152900388,0.0
0.09817402170075883,0.0
1.1182116270058082,0.0
1.0936556629083283,0.0
0.9323763103448588,0.0
0.9056264321637794,0.0
0.6737899153289699,0.0
0.6878474336277699,0.0
0.9175147719417194,0.0
0.63664682084947,0.0
0.71182584808119,0.0
0.8100098041069,0.0
0.8056270202301693,0.0
0.8885912466410893,0.0
0.97188780720914,0.0
0.5409818917608007,0.0
0.5564221179319301,0.0
0.8684971549674294,0.0
0.8038720037681795,0.0
0.7233060312315289,0.0
0.9055989998194882,0.0
0.7069658505574189,0.0
0.7803857291531193,0.0
0.9389288800960793,0.0
1.0343151468846294,0.0
0.9680895514743889,0.0
0.09817402170075883,0.0
0.14726103255113823,0.0
1.1427426737587076,0.0
0.9273520740280077,0.0
1.1616897345273176,0.0
1.1828306604387275,0.0
0.938033348041577,0.0
1.2010595837295965,0.0
1.0537186381153458,0.0
1.0219815668000554,0.0
1.163720261019316,0.0
1.1843247304588254,0.0
1.0484136807831352,0.0
1.2438912721761848,0.0
1.1620657385257054,0.0
1.2785703203681558,0.0
1.0698106529487965,0.0
1.2758492068569465,0.0
1.0886788560335572,0.0
1.116242787698707,0.0
0.985463274195667,0.0
1.1179604461302777,0.0
0.9809628987811171,0.0
1.0842121472451265,0.0
0.29452206510227646,0.0
1.163730888306387,0.0
0.24543505425189704,0.0
0.19634804340151765,0.0
0.9027597861692883,0.0
0.9771338777014876,0.0
1.2332023163048471,0.0
1.075528994298377,0.0
0.9759155081434671,0.0
1.0262566637628165,0.0
1.1504484322395458,0.0
1.074677880365126,0.0
1.0268814091187752,0.0
1.339944607948606,0.0
1.1253053442309453,0.0
1.165024205531576,0.0
1.0944394179605665,0.0
1.0380880294839265,0.0
0.29452206510227646,0.0
1.2603578250530465,0.0
1.0642670487292758,0.0
1.2049355526839058,0.0
0.9417390766614364,0.0
0.45684824527766643,0.0
0.29452206510227646,0.0
1.216385648706567,0.0
0.9923066367458677,0.0
1.2422266862335372,0.0
1.2945220651022764,0.0
1.116121280092186,0.0
1.289323866925666,0.0
0.3926960868030353,0.0
1.1811912583647346,0.0
1.102208003768744,0.0
1.2263178163810335,0.0
1.435449234015604,0.0
1.261550205470564,0.0
1.164907835107004,0.0
1.0620660082195146,0.0
0.4908701085037941,0.0
1.1394937024620937,0.0
1.231050239321063,0.0
1.319391696983652,0.0
1.4183452038194222,0.0
1.3734375815523419,0.0
1.4326009080236017,0.0
1.4864026536615018,0.0
1.5587509767692322,0.0
0.6872181519053118,0.0
1.1581223621502512,0.0
1.3595129689809518,0.0
1.4088225624488113,0.0
1.6803072138415018,0.0
1.5542751229736718,0.0
1.4716328090791417,0.0
0.6381311410549323,0.0
1.3977780353691922,0.0
1.3660843368432025,0.0
1.6064701275122923,0.0
1.268801458653873,0.0
1.3259770409081724,0.0
1.3529488721647929,0.0
1.356011413051113,0.0
1.311793428277963,0.0
1.306469711470323,0.0
1.2790865001053837,0.0
0.4908701085037941,0.0
1.0720274617801941,0.0
1.0130219359238546,0.0
1.0930173412910542,0.0
1.4309256511275235,0.0
1.2481828493285236,0.0
0.882113672133054,0.0
0.44178309765341467,0.0
1.490870108503794,0.0
1.2314731797962646,0.0
1.3383563914036753,0.0
1.3944045657908246,0.0
1.471704146299934,0.0
1.5213192539554536,0.0
1.4767468627604234,0.0
1.476924064798864,0.0
1.2186021705398542,0.0
1.2276109345339845,0.0
1.4341890397328447,0.0
1.2076068304045942,0.0
1.1080024501396735,0.0
1.1296974980513035,0.0
1.2936753956038836,0.0
1.1450392686019935,0.0
1.2869214890358243,0.0
1.3705221841905646,0.0
1.0438369935097254,0.0
1.0978003880740457,0.0
1.0988721478622265,0.0
1.081424050976617,0.0
1.0049428296978777,0.0
1.163730888306387,0.0
0.24543505425189704,0.0
0.842529897539887,0.0
1.1531947761755266,0.0
1.0602911394456371,0.0
1.085727352062887,0.0
1.0721436989342563,0.0
1.0350992260021563,0.0
1.0763330811182663,0.0
1.0429694983537259,0.0
1.2321294492316053,0.0
1.4247279839695746,0.0
0.4908701085037941,0.0
1.3165966495872836,0.0
1.4246266034761434,0.0
1.198430911587744,0.0
1.2490727014004235,0.0
1.1632882952981736,0.0
1.3328217031967036,0.0
1.338236859917163,0.0
1.351166380235433,0.0
1.2533346049329523,0.0
0.8576378938703729,0.0
0.6381311410549323,0.0
1.5564269751094222,0.0
0.6381311410549323,0.0
1.5958294820223022,0.0
1.5235327480427916,0.0
1.4863924802428112,0.0
1.4428110695795617,0.0
1.2934645973006722,0.0
1.6060645274894623,0.0
1.5421007359377716,0.0
1.4625005778620825,0.0
0.5890441302045529,0.0
1.4106968366128922,0.0
0.6381311410549323,0.0
1.299049407132753,0.0
1.412762930850023,0.0
1.2339614264744037,0.0
1.4084648305487941,0.0
1.2375115013205438,0.0
1.1754688372855937,0.0
1.2252829427596037,0.0
1.2815853218483837,0.0
1.2296535971829636,0.0
1.3371375882393934,0.0
1.4582529534086635,0.0
1.418564379607564,0.0
0.4908701085037941,0.0
1.409165942558284,0.0
1.3713774541926638,0.0
1.3314748335464741,0.0
1.5250350970317936,0.0
1.559584279266723,0.0
1.300483951625333,0.0
1.3160113746454325,0.0
1.3486580169149822,0.0
1.3375339717224017,0.0
1.3448657455326722,0.0
1.3238952244923123,0.0
1.3652727458438623,0.0
1.5374404495463523,0.0
1.082668139230293,0.0
1.279737779948633,0.0
1.266809358115723,0.0
1.4972282054246024,0.0
1.2031787596348424,0.0
1.609687443504722,0.0
1.5965425631729122,0.0
1.4726934491326418,0.0
1.6113051627556914,0.0
1.7853921736060707,0.0
1.5259952448985412,0.0
1.6086813919810816,0.0
1.418148290532352,0.0
1.3023747458957817,0.0
1.4098526422000917,0.0
0.6872181519053118,0.0
1.3698190270034925,0.0
1.4473983314708323,0.0
1.4328677267797119,0.0
1.3660552792180414,0.0
1.5304394850434107,0.0
1.7694755383236105,0.0
1.30685985684292,0.0
1.5380564185950405,0.0
1.7174123323103605,0.0
1.6171465992419205,0.0
1.5027298891798206,0.0
1.51527408879092,0.0
1.4287397815302207,0.0
1.3847674033903705,0.0
1.5705074513997912,0.0
1.6872181519053118,0.0
1.2395634975313414,0.0
1.5397213019147413,0.0
1.6722516807489807,0.0
1.4439816924379514,0.0
1.2319365603418413,0.0
1.3575472759049116,0.0
1.3762767856995617,0.0
1.2566968087416224,0.0
1.3918890712213816,0.0
1.3383086578462025,0.0
1.3114305260290924,0.0
1.6286560072991723,0.0
1.4204220291088518,0.0
1.5603349023506112,0.0
1.4568805703581507,0.0
1.4481143989732905,0.0
1.4834519517359706,0.0
1.50921564830676,0.0
1.5014413107615092,0.0
1.6553379406959787,0.0
1.7278311106248188,0.0
1.7521711286458483,0.0
1.7293820406500575,0.0
2.067606747604147,0.0
2.0716844388142164,0.0
2.1490388548637758,0.0
2.082469718133596,0.0
2.173569901616675,0.0
2.188411875982365,0.0
1.9834588054626745,0.0
1.9330313651089446,0.0
1.8812687825318846,0.0
1.9289300962813845,0.0
1.9767963770877643,0.0
1.8807354493707047,0.0
1.9531975615191342,0.0
1.3253492929602442,0.0
1.9512497935840742,0.0
2.048506443400064,0.0
2.0170691793624935,0.0
1.9097617823885642,0.0
1.8922549358169434,0.0
2.122560783553123,0.0
2.115130598826593,0.0
2.185400467115383,0.0
2.023394808881023,0.0
1.4726103255113825,0.0
1.981280692520893,0.0
2.2950561395249234,0.0
1.3744363038106235,0.0
1.8732441034779943,0.0
1.7396990644345345,0.0
2.028406041963195,0.0
1.9654601374029352,0.0
1.802963661601105,0.0
1.7304336060351353,0.0
1.9076266277426654,0.0
1.9319294198574846,0.0
1.8407740793153553,0.0
1.9652967706748259,0.0
1.883981445480286,0.0
2.125337795802266,0.0
1.9345834168843152,0.0
1.8693229787507453,0.0
2.0453520524153443,0.0
2.1911887497849842,0.0
2.171025652294964,0.0
2.0581284008753236,0.0
2.196913323925593,0.0
2.2145839170418826,0.0
2.0296961303723333,0.0
2.2727632612612028,0.0
2.3154140551930724,0.0
1.5216973363617619,0.0
1.5707843472121412,0.0
1.6198713580625208,0.0
2.64882712556405,0.0
2.466426528148469,0.0
2.2635563523289193,0.0
2.51432133962069,0.0
2.427613663377131,0.0
1.6689583689129,0.0
2.5161045023126096,0.0
1.7180453797632795,0.0
2.36853945104957,0.0
1.6198713580625208,0.0
2.344575789006241,0.0
2.280258391384022,0.0
2.151712758597192,0.0
2.2147836342235427,0.0
2.132393328675943,0.0
2.1724665838742525,0.0
2.050969750165092,0.0
2.1091151529291325,0.0
2.2542699900390524,0.0
2.225928558331523,0.0
1.423523314661003,0.0
1.3744363038106235,0.0
2.105213352651133,0.0
2.254068151040173,0.0
2.1775586399210427,0.0
2.4549350968455217,0.0
2.0861942642950213,0.0
2.225341748184921,0.0
2.209578225540221,0.0
2.183131855346832,0.0
2.234830967032931,0.0
2.2439876742572618,0.0
2.1826297766301526,0.0
2.0246989064148426,0.0
2.205437518216293,0.0
2.1669053194235124,0.0
2.200084002181192,0.0
2.158261218975852,0.0
2.1661333296115823,0.0
2.123230932960163,0.0
2.1316266549521625,0.0
2.3085728705077826,0.0
2.1876169842464126,0.0
2.442317172076062,0.0
1.9492523378997726,0.0
2.417553526137963,0.0
2.317678619687873,0.0
2.286643883227633,0.0
2.1197355747861533,0.0
2.035155581572453,0.0
1.3744363038106235,0.0
2.417304452601833,0.0
1.423523314661003,0.0
1.9953668848548625,0.0
2.207952954729092,0.0
2.1383536372507526,0.0
2.120931852528913,0.0
2.170297000716293,0.0
2.243784639565463,0.0
2.1575380886084723,0.0
2.1485914361717127,0.0
2.155428105636452,0.0
2.2402490586215618,0.0
2.1440353600872424,0.0
2.218427018120292,0.0
2.085014646125572,0.0
2.311872566325132,0.0
2.4612759874316312,0.0
1.6198713580625208,0.0
2.211544136644851,0.0
2.4890801812666314,0.0
2.373189590882661,0.0
2.5694203113707115,0.0
2.340719397552351,0.0
2.5316231166972707,0.0
2.1643848648323214,0.0
2.1135138901228716,0.0
2.1772476139949712,0.0
2.224009792600201,0.0
1.5707843472121412,0.0
2.273751326617401,0.0
2.31818712173962,0.0
2.3815872457617293,0.0
2.410531070584099,0.0
2.4572831378967286,0.0
2.511434220247149,0.0
2.3667995108730695,0.0
2.765844142079149,0.0
2.6643840911637287,0.0
2.3627942225394296,0.0
2.4612226074676387,0.0
2.7273621084744186,0.0
2.4399734746506394,0.0
2.767132390613659,0.0
1.7671323906136587,0.0
1.8162194014640383,0.0
2.7345152355185283,0.0
2.4842624968318288,0.0
2.4362557481337386,0.0
2.4577191650835495,0.0
2.2979561787685396,0.0
2.2384251037928697,0.0
2.3880573590027194,0.0
2.41470519975266,0.0
2.38517785738729,0.0
2.31003943891342,0.0
2.4232459869228498,0.0
2.388117976497649,0.0
2.3262372752137797,0.0
2.29368683993494,0.0
1.7180453797632795,0.0
2.3445721859575888,0.0
2.3594293993514297,0.0
2.37828697250011,0.0
2.6043879861815196,0.0
2.55945000913239,0.0
1.6689583689129,0.0
2.26063114749523,0.0
2.2333188249983698,0.0
2.4789483599250395,0.0
2.2659401902810297,0.0
2.2909481225456996,0.0
2.25453540467377,0.0
2.3627628442633397,0.0
2.2521919025658494,0.0
2.431049445042449,0.0
2.450409197601008,0.0
1.8162194014640383,0.0
2.3765840906318485,0.0
2.3036681015026894,0.0
2.31750571134672,0.0
2.23616526962094,0.0
2.3422879094505102,0.0
2.4692229263099597,0.0
2.3921774281813586,0.0
2.3833154612890084,0.0
2.2911406766567692,0.0
2.2866448638655785,0.0
2.5796115623344784,0.0
2.446204295669559,0.0
2.685428224668149,0.0
1.8162194014640383,0.0
2.627497525923168,0.0
2.813011033445678,0.0
2.5739094281764183,0.0
2.4188779759547177,0.0
2.899621559199047,0.0
2.622279310459067,0.0
2.6374596589931465,0.0
2.6092281233931267,0.0
2.6350984511717677,0.0
2.639924134903547,0.0
2.6004455330363276,0.0
2.437209359164928,0.0
2.6379563515878974,0.0
1.8653064123144176,0.0
2.765257652065367,0.0
2.5476724926344962,0.0
2.641111941764636,0.0
2.6548320085657964,0.0
2.822405437578536,0.0
2.7085363028540064,0.0
2.712124345283957,0.0
1.8653064123144176,0.0
1.914393423164797,0.0
1.914393423164797,0.0
1.914393423164797,0.0
1.9634804340151764,0.0
2.571097971379137,0.0
2.8147584277023676,0.0
2.716746865993987,0.0
2.864731093135827,0.0
2.5496528778290175,0.0
2.8197404152393775,0.0
2.2877829593241183,0.0
2.5178272579651377,0.0
2.518522049728467,0.0
2.631880717673457,0.0
2.5368609909833078,0.0
2.2779030023158184,0.0
2.484711514835788,0.0
1.7671323906136587,0.0
2.312631986748679,0.0
2.4476648618755887,0.0
2.3040292873113897,0.0
2.4288789101042987,0.0
2.3391224812690385,0.0
2.677530856491478,0.0
2.6885956306894285,0.0
2.517132390613659,0.0
2.580423907972658,0.0
2.489985295270909,0.0
2.2752335838105195,0.0
2.65805180861504,0.0
2.27010298219061,0.0
2.619728257215131,0.0
2.261066872681231,0.0
1.5707843472121412,0.0
2.320966331360851,0.0
2.295112633434521,0.0
2.209156487659701,0.0
2.080704111415192,0.0
2.097940616947691,0.0
2.1138894324670012,0.0
2.1566076569445807,0.0
2.149034789305711,0.0
2.173901161922181,0.0
2.32319424384058,0.0
2.1099584528383906,0.0
2.451031862095241,0.0
2.1258318297821415,0.0
2.2640394940008317,0.0
2.502531374157902,0.0
2.337241629201841,0.0
2.294204222076022,0.0
1.5216973363617619,0.0
2.1114553830034923,0.0
2.1673770803029124,0.0
2.3368713930705116,0.0
2.0218428713428924,0.0
2.161451961060093,0.0
2.098277596814603,0.0
2.1461392581614227,0.0
1.9535018482396118,0.0
2.1919948215418517,0.0
2.132511524026971,0.0
2.262957813042291,0.0
2.29012698122223,0.0
2.24921186116405,0.0
2.3244676834720495,0.0
2.3783156730566297,0.0
2.4463195287035187,0.0
2.3608904380907685,0.0
2.1252807560608185,0.0
2.3127662456235587,0.0
1.8162194014640383,0.0
2.4462005863819987,0.0
2.7159631601622984,0.0
2.5872345072017775,0.0
2.7284269808810477,0.0
2.466241823112388,0.0
2.417382759780039,0.0
2.347576269305878,0.0
2.535764402536948,0.0
2.3161163517653383,0.0
2.3675292213347685,0.0
2.2987318129191285,0.0
2.2715570630295896,0.0
2.5813995486774397,0.0
2.1912898393129807,0.0
2.2072967134255013,0.0
2.2879419143635715,0.0
2.260274539308881,0.0
2.1804035844331713,0.0
1.5216973363617619,0.0
2.134830214962981,0.0
2.217603839369512,0.0
2.353046707610871,0.0
1.5707843472121412,0.0
2.169194873719492,0.0
2.433904915778771,0.0
1.5707843472121412,0.0
1.5216973363617619,0.0
2.368159157851831,0.0
2.2696131448099806,0.0
2.20828751403429,0.0
2.35461757427921,0.0
2.4212382309915594,0.0
2.4422315982791587,0.0
2.3707873563248185,0.0
2.4282932783611684,0.0
2.414499046706368,0.0
2.622779864371067,0.0
2.5552498150440375,0.0
2.3822464753847283,0.0
2.469673457735828,0.0
2.4111744642296884,0.0
2.529987007018768,0.0
2.1666851481499787,0.0
2.4035636883024094,0.0
2.29361531160922,0.0
2.36921883358369,0.0
2.4187403802815,0.0
2.4433558392606,0.0
2.5293235042224094,0.0
2.767132390613659,0.0
1.7180453797632795,0.0
2.5546861217044494,0.0
2.26454290222139,0.0
2.096417428307691,0.0
2.5630509859316413,0.0
2.208254827529621,0.0
2.3324562254984906,0.0
2.244487482838881,0.0
2.0906171887309517,0.0
2.2267365160649515,0.0
2.070783331665412,0.0
2.1683422403615813,0.0
2.2016396876512507,0.0
2.127563644066491,0.0
2.210990641460821,0.0
2.2738427903845913,0.0
2.1909524809757612,0.0
2.2366081260019905,0.0
2.252111457539951,0.0
2.2944457527157205,0.0
2.4294570582853914,0.0
2.4311494825216506,0.0
2.4311494825216506,0.0
2.4433558392606,0.0
1.6689583689129,0.0
2.7180453797632795,0.0
1.6689583689129,0.0
2.3634289915873907,0.0
2.150155345209801,0.0
2.189688031879492,0.0
2.211664284981902,0.0
2.2502771696699617,0.0
1.9129408999910218,0.0
1.5216973363617619,0.0
2.0822450594819024,0.0
2.301047173653852,0.0
2.258668616322892,0.0
2.1823905474304826,0.0
2.1413625395526226,0.0
2.0714885142218717,0.0
2.4724030913655124,0.0
2.1141381306077616,0.0
2.0446068723600224,0.0
2.3876020794692328,0.0
1.851528418302803,0.0
1.7320265403939228,0.0
1.423523314661003,0.0
2.1454514095483628,0.0
2.3208309341678133,0.0
2.1454514095483628,0.0
2.319561547195563,0.0
2.3493266145108422,0.0
2.2080909016441517,0.0
2.2390221157632513,0.0
2.297595059616591,0.0
1.5216973363617619,0.0
2.5594837555006413,0.0
2.375558647792131,0.0
2.403730170748281,0.0
2.1418493356697015,0.0
2.2670000803339816,0.0
2.1173197746721026,0.0
2.102780068162232,0.0
2.183164999978551,0.0
2.144693298710391,0.0
2.257098114321181,0.0
2.2539027669056715,0.0
2.3126348868141715,0.0
2.3954038561275817,0.0
1.9121073124328924,0.0
2.423523314661003,0.0
1.4726103255113825,0.0
2.243625431249122,0.0
2.1524562129300313,0.0
2.271292593621242,0.0
2.1858855929240724,0.0
2.1105639670876117,0.0
2.2563026557512713,0.0
2.2051441478891314,0.0
2.1352980924436213,0.0
2.2587939118096814,0.0
2.232170685069171,0.0
2.248798879655361,0.0
2.2840320407187007,0.0
2.012634456675511,0.0
1.5216973363617619,0.0
2.080117345452431,0.0
2.223599844316722,0.0
2.2252719103596315,0.0
2.351931209957291,0.0
2.313912672649711,0.0
2.30598412805892,0.0
2.3268928729943497,0.0
2.3525499546506397,0.0
2.5899880758174487,0.0
1.8162194014640383,0.0
1.8653064123144176,0.0
2.255716388385548,0.0
2.508471481878309,0.0
2.5538895498800795,0.0
2.2886263413963097,0.0
2.27966154682662,0.0
2.190316576308491,0.0
2.147212508754211,0.0
2.4266355957853216,0.0
2.0666704353679126,0.0
2.1644796650207025,0.0
2.0596555224303326,0.0
2.017740885056662,0.0
2.083058866280682,0.0
2.0782029455826425,0.0
2.0652388946992417,0.0
2.095097940211352,0.0
2.187052065061901,0.0
2.261252535815541,0.0
2.289836752736132,0.0
2.4219499837790917,0.0
2.3434804057868823,0.0
2.339042758508272,0.0
1.5216973363617619,0.0
1.5216973363617619,0.0
2.2819285046522917,0.0
1.8098180559750618,0.0
2.205584655961001,0.0
1.5216973363617619,0.0
2.048910597067212,0.0
2.030720660370402,0.0
1.5707843472121412,0.0
2.227454006849241,0.0
2.318307788721161,0.0
2.162841085356021,0.0
2.2509582168979207,0.0
2.244273183444991,0.0
2.11507593877238,0.0
2.2277255508230107,0.0
2.2441934816183498,0.0
2.3292031301725595,0.0
2.4173653166962796,0.0
2.33500118288657,0.0
2.1717530731703194,0.0
2.26063114749523,0.0
2.6363412138177695,0.0
1.7671323906136587,0.0
2.6811929221819684,0.0
2.7380829850683286,0.0
2.5567560216779595,0.0
2.5012329050111686,0.0
2.2487340754711997,0.0
2.3199114326446297,0.0
2.3965992676911885,0.0
2.534810407181048,0.0
2.2576064668182987,0.0
2.3940928240230885,0.0
2.4665708533723882,0.0
2.2715698605586385,0.0
2.4165971758815687,0.0
2.4312039834634396,0.0
2.34873435720561,0.0
2.3521355406402193,0.0
1.6689583689129,0.0
2.3591304955055197,0.0
2.3539857527753596,0.0
1.7180453797632795,0.0
2.01332400758236,0.0
2.5522476684073796,0.0
2.58725420296739,0.0
2.3417994529498807,0.0
1.5707843472121412,0.0
2.506925472396012,0.0
2.434819965563062,0.0
2.4371185422830517,0.0
2.182759735019501,0.0
2.316295108903452,0.0
2.215190595381251,0.0
2.289389187558422,0.0
2.1743042735618117,0.0
2.190562899529921,0.0
2.176305851344882,0.0
2.1279196964373526,0.0
2.349097327532733,0.0
2.186946796763203,0.0
2.1115626245717927,0.0
1.9749593904500329,0.0
2.0652152242125137,0.0
1.919460082519774,0.0
2.0482675169978837,0.0
2.0242438265786937,0.0
1.9204859879538527,0.0
2.389156921803823,0.0
2.4580856227387127,0.0
2.3312830365846327,0.0
2.1226327471597326,0.0
2.468091966718952,0.0
2.3312830365846327,0.0
2.153370013823103,0.0
2.2513234267840736,0.0
2.1147728376853228,0.0
2.2614809773785325,0.0
2.2390110980190725,0.0
2.318086599755042,0.0
2.1780863064937517,0.0
2.4005522472960714,0.0
2.3325128579009418,0.0
2.266188553240172,0.0
2.1170971422210125,0.0
2.205735365772402,0.0
2.2602219376893213,0.0
2.430643414871412,0.0
2.281036493022382,0.0
2.220677680064182,0.0
2.1111324737181123,0.0
2.0657930278803027,0.0
2.205775407353853,0.0
2.0912675309273636,0.0
2.055195992122344,0.0
1.9170220715425743,0.0
1.2762622821098646,0.0
1.9491033661468453,0.0
2.1968821178241646,0.0
2.1157039196028244,0.0
1.908442768188105,0.0
2.1725897610346347,0.0
2.053782556817774,0.0
2.0976839978643733,0.0
2.1961570264070542,0.0
2.1513930921415034,0.0
2.0957657677932837,0.0
2.0839240230385343,0.0
2.1481951696584236,0.0
2.1039798602361444,0.0
2.1367301171419335,0.0
2.0619201414063637,0.0
2.0734121389732434,0.0
2.070368558972894,0.0
1.9986665956647045,0.0
2.0719815361553344,0.0
2.2762622821098644,0.0
2.184022004033494,0.0
2.1290547705999048,0.0
2.325349292960244,0.0
2.243645127014734,0.0
2.0244587254589734,0.0
2.037912443380543,0.0
2.0447653063278834,0.0
2.131975255715603,0.0
2.0734761582557226,0.0
2.061352404481953,0.0
1.9710736578581325,0.0
2.189027946019842,0.0
2.3420777491696714,0.0
2.2355409788203113,0.0
2.2382836217569007,0.0
2.4796535645653597,0.0
2.3026047757500008,0.0
2.3070222434591208,0.0
2.43676165863347,0.0
2.208178807823411,0.0
2.291274551088531,0.0
2.2095515612787615,0.0
2.192892634590421,0.0
2.4665384847122414,0.0
2.390772002958192,0.0
2.2838884499705125,0.0
2.512773396199982,0.0
1.4726103255113825,0.0
2.2806244765958326,0.0
2.171740033677502,0.0
2.4438826492879113,0.0
2.230897779750431,0.0
2.194645474412032,0.0
2.265566708025501,0.0
2.276899795306422,0.0
2.273990228170662,0.0
2.2103862357780826,0.0
2.0311591517084224,0.0
2.067152968008233,0.0
2.0490496153694036,0.0
1.423523314661003,0.0
2.1864769846047234,0.0
1.9491872123836043,0.0
1.9731883560379444,0.0
2.0094454417753047,0.0
1.9476587280466546,0.0
1.9584349922466446,0.0
2.145471105313975,0.0
2.0659523642527144,0.0
2.0659523642527144,0.0
1.8915069258466153,0.0
1.2271752712594852,0.0
1.9981903769972247,0.0
2.141328275294524,0.0
2.008718443438454,0.0
2.0949249093585944,0.0
1.977676993763314,0.0
1.8941834170226541,0.0
2.0319345373402644,0.0
2.0193772868856743,0.0
1.8675625095164445,0.0
1.972512793693375,0.0
1.8928148234329445,0.0
1.9815677296999645,0.0
1.9589371923132441,0.0
1.9225914109364746,0.0
1.7854559890019652,0.0
1.8163220515891458,0.0
2.033610079174476,0.0
2.1368904854773754,0.0
2.011732117308156,0.0
1.878100699736016,0.0
1.9343322299683765,0.0
1.838903424495086,0.0
1.8545090109684659,0.0
1.9945673287435253,0.0
1.889725798025466,0.0
1.8790012495587265,0.0
2.0429286524104473,0.0
1.8506481537019672,0.0
1.808476046667637,0.0
1.7640522107816066,0.0
1.7353960343452264,0.0
1.8143890838465966,0.0
1.8203540169984764,0.0
1.9029758008952458,0.0
1.8057578515985464,0.0
1.0799142387083471,0.0
1.777212427019587,0.0
1.8232505236135366,0.0
1.870882186578756,0.0
1.8514869413443966,0.0
1.8067168739172073,0.0
1.8048593830711366,0.0
1.9196985799467066,0.0
1.757058315273337,0.0
1.9162099631289564,0.0
1.9921218181253564,0.0
1.9538952868357071,0.0
1.7471923065364066,0.0
1.683779376363067,0.0
1.830523198640447,0.0
1.624026152281087,0.0
1.7265520169407576,0.0
1.0799142387083471,0.0
1.9023764505970464,0.0
1.0799142387083471,0.0
1.8943600711843671,0.0
1.0799142387083471,0.0
1.8205155132388775,0.0
1.870788689990497,0.0
1.8410321153375564,0.0
1.8010403231565366,0.0
1.9258219274072765,0.0
1.1290012495587265,0.0
1.8965904266504765,0.0
1.842480249809726,0.0
1.9203107366914653,0.0
1.8840190874935452,0.0
2.073515850686306,0.0
1.7912313962095463,0.0
1.0799142387083471,0.0
2.045547845851177,0.0
1.1290012495587265,0.0
1.1290012495587265,0.0
1.9526938227648358,0.0
1.9891049577710564,0.0
1.628964647411657,0.0
1.7623937729925276,0.0
1.8594958988342871,0.0
1.8820120625339964,0.0
1.976892866988016,0.0
1.8979002926767352,0.0
1.8937248131358553,0.0
1.9096432663360152,0.0
1.8790135501057452,0.0
1.869780307440195,0.0
1.676241676608606,0.0
1.8061167740482458,0.0
1.2271752712594852,0.0
2.005726176653025,0.0
1.907795683875975,0.0
2.164405834475615,0.0
1.7948197671657957,0.0
1.9954336825556158,0.0
1.1290012495587265,0.0
1.0799142387083471,0.0
1.9982100727628371,0.0
2.070990298546567,0.0
1.525842401135897,0.0
1.1290012495587265,0.0
1.893724525399656,0.0
1.1780882604091059,0.0
2.0094606066949954,0.0
2.0418336087338247,0.0
1.9195320048715847,0.0
1.9725113757870147,0.0
1.9327653463274845,0.0
1.9528883212416246,0.0
1.9795865523054346,0.0
2.064986983571614,0.0
1.9767891463637444,0.0
1.8698755238324951,0.0
2.0185842007262345,0.0
1.9094252843296946,0.0
2.131701465628664,0.0
2.1902117701029944,0.0
1.7455491726535652,0.0
1.2271752712594852,0.0
1.2271752712594852,0.0
2.2762622821098644,0.0
2.097090801033115,0.0
2.0241425060095946,0.0
2.0237409349192044,0.0
1.9885571717664248,0.0
1.9462444352505153,0.0
2.0353172062588847,0.0
1.9693413727530542,0.0
2.008485016905854,0.0
2.0619709011459335,0.0
2.053624531346354,0.0
1.9700778807173642,0.0
2.0163703173008236,0.0
1.9942838684625137,0.0
1.9506629309232935,0.0
2.156773922044963,0.0
2.182565728451343,0.0
1.3744363038106235,0.0
2.1198115096152037,0.0
2.0778575515609328,0.0
2.3690905250960728,0.0
2.015196093243333,0.0
2.317748543315143,0.0
1.423523314661003,0.0
2.2623004076542323,0.0
2.423523314661003,0.0
2.384487362104683,0.0
2.4328400433721424,0.0
2.0815604482118126,0.0
2.1899373443379924,0.0
2.0890301703249126,0.0
2.063963879376853,0.0
2.1802873355807324,0.0
2.237503988325293,0.0
2.1200184043790236,0.0
2.0241097876761343,0.0
2.114376821822434,0.0
2.0805448745850743,0.0
2.031232355148654,0.0
1.9971248202946046,0.0
2.1488801045561843,0.0
2.0550716950329844,0.0
1.9942213820285646,0.0
2.0221129733277348,0.0
2.096479925581124,0.0
2.2036963977220942,0.0
2.1945581161643544,0.0
1.2271752712594852,0.0
2.0875404065689946,0.0
2.145471105313975,0.0
2.092148791977415,0.0
1.9760791702891454,0.0
1.918259875864246,0.0
1.8479973678223665,0.0
1.8046464404126472,0.0
1.8012316970175966,0.0
1.9914917283044258,0.0
1.840618648458996,0.0
1.855911272480896,0.0
1.8599408674322557,0.0
1.8703212268334264,0.0
1.709837022598047,0.0
1.7375150561757076,0.0
1.8017923619653273,0.0
1.6573303428533877,0.0
1.7701323201180776,0.0
1.8670207095123876,0.0
1.7759358120834572,0.0
1.736241615645307,0.0
1.7644933259531874,0.0
1.7918117090560473,0.0
2.0834352524836866,0.0
2.0472970836132163,0.0
1.0799142387083471,0.0
2.039062155735587,0.0
1.8717006255541064,0.0
1.8136743115908471,0.0
1.8207903777413565,0.0
1.8443529232399767,0.0
1.897405407429686,0.0
1.8309776324891065,0.0
1.9434985313679658,0.0
1.8702253960506152,0.0
2.067909431547595,0.0
1.2762622821098646,0.0
2.0846686525010147,0.0
1.8665085122376053,0.0
1.9390092562626646,0.0
1.2762622821098646,0.0
1.925332324971964,0.0
1.9999502070696336,0.0
2.109360959818773,0.0
2.1162230186669237,0.0
2.0813245355908543,0.0
2.0598233967210335,0.0
2.293438844434633,0.0
2.3272558349254036,0.0
2.319763939841293,0.0
2.1127705721119625,0.0
2.032222092589933,0.0
2.0630580888759535,0.0
2.0949169032733037,0.0
2.1293970260074837,0.0
2.1585592356224943,0.0
2.091006114929404,0.0
1.8789876686890645,0.0
2.0391211594717142,0.0
1.9890471510920846,0.0
2.048690894764554,0.0
1.9039099889966247,0.0
1.931095074955595,0.0
1.9929297229065945,0.0
1.8089434535184046,0.0
2.121602267784474,0.0
1.9166407731379946,0.0
1.999916379991744,0.0
2.1261656566755147,0.0
2.0167191231627544,0.0
1.2762622821098646,0.0
1.9520093627652453,0.0
1.2762622821098646,0.0
2.1461778118834944,0.0
2.2364919999706245,0.0
1.9516378996241552,0.0
1.8313479429010053,0.0
1.9268786614791047,0.0
1.9544572700937752,0.0
1.8252303712798545,0.0
2.0771942246448143,0.0
2.1004209513549945,0.0
2.1050788788168844,0.0
2.195351729390974,0.0
1.8799288471099747,0.0
1.8685571924439046,0.0
2.162822668108864,0.0
2.1524801148960133,0.0
2.144534942831783,0.0
2.037456090281443,0.0
2.1170708202292428,0.0
2.3903688922858723,0.0
2.289397229118193,0.0
2.261434343449353,0.0
2.3744363038106235,0.0
1.3744363038106235,0.0
2.3208309341678133,0.0
2.0992703953163834,0.0
2.153370013823103,0.0
2.423523314661003,0.0
2.169218596019263,0.0
2.164704704405413,0.0
2.0990429773366635,0.0
2.184820794895434,0.0
2.0843622582021943,0.0
2.0923376391690836,0.0
2.0629197179281036,0.0
2.1395219597880635,0.0
2.0709522891616134,0.0
2.2409877028727636,0.0
2.088640106422413,0.0
2.0937264447517228,0.0
2.1352983995858326,0.0
2.131287783575103,0.0
2.1825763878149327,0.0
1.874777453024513,0.0
1.914269493015043,0.0
1.938796759896093,0.0
2.1277836996447137,0.0
1.423523314661003,0.0
2.2950561395249234,0.0
1.3744363038106235,0.0
1.3253492929602442,0.0
2.2677198979132034,0.0
2.033286402625223,0.0
1.930586134680443,0.0
1.6666857402464434,0.0
1.659077827161183,0.0
1.751417924184203,0.0
1.8048747760480124,0.0
1.7209585980032824,0.0
2.1306814633107827,0.0
1.6585334212860827,0.0
1.6023367792236336,0.0
1.5186043421931341,0.0
1.4963684579474246,0.0
1.5361512122926941,0.0
2.0013172170898343,0.0
1.7625389358226642,0.0
1.7642813211901842,0.0
1.8950728763153235,0.0
1.931664946940273,0.0
1.967087757860603,0.0
2.1641263859534736,0.0
2.423523314661003,0.0
2.299880954150853,0.0
2.1226327471597326,0.0
2.2731601123173117,0.0
1.8475505704490724,0.0
1.7633334202261728,0.0
1.7358706745658825,0.0
1.7125368058889625,0.0
1.710767501688483,0.0
1.830161591654043,0.0
