-355.457639741282,0.0
429.93480991572176,0.0
-112.68440000645325,0.0
1598.1133017321936,0.0
1198.0268232574433,0.0
297.1243198419355,0.0
1082.9527703220986,0.0
981.6609645445967,0.0
644.113169666248,0.0
462.8531688145928,0.0
1255.27992620269,0.0
936.0488711248897,0.0
112.999986866804,0.0
-1042.8943604124108,0.0
901.0876491025331,0.0
269.7894691468612,0.0
39.09802516437844,0.0
339.76260643841965,0.0
305.22426191816976,0.0
210.4456626095398,0.0
714.0239838854965,0.0
386.51653327589975,0.0
299.4315141225435,0.0
-846.0865278405525,0.0
959.5821484402031,0.0
888.853478904777,0.0
863.1615111106531,0.0
142.910613029401,0.0
1023.0434959551587,0.0
1563.985263539677,0.0
2129.733293267126,0.0
1606.5324585854837,0.0
1913.7425470447233,0.0
1971.4919065004003,0.0
958.1566120608645,0.0
1815.7956722619624,0.0
1851.71173256487,0.0
2349.686911194187,0.0
2750.72073894576,0.0
2296.5960244264134,0.0
1504.2474866729567,0.0
1756.8584864456539,0.0
2035.1260316254768,0.0
1973.1763024388267,0.0
1562.7223032294755,0.0
1284.9630112137368,0.0
2195.9737035203234,0.0
2441.1415983425536,0.0
2235.15155482238,0.0
2815.0463070639503,0.0
2550.9338237564602,0.0
1701.4565077616735,0.0
1972.0475286852966,0.0
1141.1932899674518,0.0
2895.549798710584,0.0
3498.35781554504,0.0
1880.3100889966336,0.0
1498.6692642384282,0.0
2707.48727922328,0.0
2307.96646876896,0.0
3758.32496742734,0.0
2365.5272979865704,0.0
2781.72109071087,0.0
2119.416079091943,0.0
1960.4146284924702,0.0
2773.0422236732575,0.0
1914.0537356327268,0.0
3776.573989670944,0.0
3304.757151534901,0.0
4167.526938714414,0.0
3190.660248931104,0.0
2788.4130787669205,0.0
3532.811280702351,0.0
2356.665111044849,0.0
2162.6533310168397,0.0
3315.8414940288403,0.0
2599.5214623794036,0.0
2555.5979039406875,0.0
2298.86310152035,0.0
1620.3792858166835,0.0
1615.4301133051435,0.0
2128.6733209623103,0.0
3143.4428010101165,0.0
1864.882401374693,0.0
2770.439093527657,0.0
2883.918793616244,0.0
2995.747396548507,0.0
1909.1948850081103,0.0
1987.6018037633435,0.0
2188.3916246097306,0.0
1418.1319142482555,0.0
2675.7932869771303,0.0
2622.81004393508,0.0
2616.942266124507,0.0
3096.071855843687,0.0
2481.161374741137,0.0
1688.449989422818,0.0
1777.785292440069,0.0
1376.488030463646,0.0
2058.96063519881,0.0
1661.2576320927851,0.0
2008.70398501356,0.0
1149.8344467476113,0.0
1445.1054430962627,0.0
949.0285493076915,0.0
2016.060575533867,0.0
1666.8121033338534,0.0
1460.765416599687,0.0
1127.0328691101906,0.0
1551.10963616382,0.0
-89.73635603332477,0.0
258.967015717221,0.0
1306.0896946306,0.0
-201.18155445677718,0.0
300.753395288962,0.0
-123.26850995864976,0.0
-116.50557053851875,0.0
155.376843743671,0.0
845.4373388639308,0.0
143.665172449946,0.0
-362.29829400337945,0.0
658.6204974374832,0.0
-548.9835326417829,0.0
-280.26213413494844,0.0
-552.9304535442516,0.0
-123.21165351969648,0.0
-889.8139631780673,0.0
-1186.7629236542089,0.0
-1304.9105824435603,0.0
-1417.830410855515,0.0
-948.2029545698799,0.0
-1068.3950444743266,0.0
-461.32382642103954,0.0
-1380.7171006698268,0.0
-87.2008999971241,0.0
-887.6909772604934,0.0
70.05430210046455,0.0
-90.41607407049253,0.0
-474.74079833668026,0.0
-448.017076185823,0.0
-1821.2479636959267,0.0
-84.98686047379871,0.0
-2019.0395427940934,0.0
-1643.9605193940283,0.0
-2326.818460985807,0.0
-1861.2361775201102,0.0
17.004767203928395,0.0
-1473.2533716195233,0.0
-2525.402290978417,0.0
-3034.7496170028935,0.0
-1580.397254254048,0.0
-1870.2225024355153,0.0
-1779.2444815506756,0.0
-2432.358182099177,0.0
-3054.311952261854,0.0
-2554.5543608498174,0.0
-1104.4347164149922,0.0
-2047.6114919318102,0.0
-2499.9488405411003,0.0
-657.7916579465832,0.0
-1497.2697115840213,0.0
-1606.8171025012134,0.0
-595.8098267964958,0.0
-422.80601686270205,0.0
-1577.2077939465469,0.0
-257.67816057576954,0.0
-1672.3771589226235,0.0
-2348.5961515042536,0.0
-1625.1662435181834,0.0
-1430.7585537074415,0.0
-520.4101916226363,0.0
-2065.888406138498,0.0
-1869.003162528762,0.0
-2460.091249253334,0.0
-2608.4434463601237,0.0
-2721.6828467092105,0.0
-1968.421400681318,0.0
-1231.937849127812,0.0
-1828.0141803415659,0.0
-2005.1211884635004,0.0
-3677.118254314107,0.0
-2123.6079185441613,0.0
-2270.2324845412127,0.0
-2943.026898918717,0.0
-1799.580251650057,0.0
-2178.618170913467,0.0
-958.1920520242712,0.0
-2220.86038194132,0.0
-2017.0791347055003,0.0
-2003.8730652850636,0.0
-1845.7176020178404,0.0
-1500.2206141678153,0.0
-2415.2673661597373,0.0
-1506.635677793346,0.0
-2369.6135615282,0.0
-1976.3233830123436,0.0
-252.26710956867888,0.0
-1918.4223248385833,0.0
-798.6522605254838,0.0
-1229.5722281896099,0.0
-472.051322279301,0.0
282.085017422832,0.0
-35.376395899049754,0.0
-821.706816982126,0.0
-1628.2989252805328,0.0
1129.4010544266787,0.0
111.53199949443379,0.0
67.85354121731572,0.0
63.337894686959544,0.0
391.75911738514856,0.0
36.78810985886457,0.0
401.6644973391045,0.0
247.7453584677652,0.0
-274.07882500309984,0.0
821.5533922111815,0.0
875.0185964196828,0.0
-418.763444233396,0.0
-923.887446829188,0.0
476.5821914854558,0.0
-163.907346705238,0.0
-1092.42523897134,0.0
-65.4968478753606,0.0
-106.75784545420521,0.0
95.26721308292377,0.0
-616.691441926435,0.0
827.3821057067632,0.0
-70.07940940532549,0.0
-476.2665663084802,0.0
591.3983823449418,0.0
951.0343186319926,0.0
560.0135245618272,0.0
-771.1513131375065,0.0
268.35704139527354,0.0
999.0193181983198,0.0
678.4407314553338,0.0
979.2514472564735,0.0
1394.9368524488216,0.0
720.0702300471443,0.0
2346.618969422957,0.0
1756.6783540640372,0.0
2202.913618030397,0.0
2428.736970975387,0.0
2288.393461187747,0.0
1981.4295428496566,0.0
3469.444670992407,0.0
1985.3271549140482,0.0
2571.327279198561,0.0
3057.985724800205,0.0
3147.0064618877673,0.0
4145.55764115161,0.0
3394.5178327768144,0.0
3302.748187970687,0.0
2783.6364666147506,0.0
2718.1719651592402,0.0
3009.096446518144,0.0
3301.7594836332946,0.0
1309.959792138948,0.0
2760.1264242377074,0.0
2964.348484270784,0.0
2824.3122478598607,0.0
3642.9606146948504,0.0
2626.481443726044,0.0
2718.008357935444,0.0
3117.536999613567,0.0
3356.8230688765902,0.0
2842.253738130677,0.0
2759.447655626254,0.0
2349.884581481651,0.0
2867.490529369954,0.0
2830.19627131823,0.0
3528.570026369437,0.0
3927.013424532387,0.0
3523.450716345684,0.0
5262.946458928397,0.0
4145.786447292234,0.0
4440.826752135918,0.0
2226.3236416372474,0.0
3977.0227995854607,0.0
2821.9669402995505,0.0
4117.50444602155,0.0
4120.908408816217,0.0
3677.840279704227,0.0
4399.326877820081,0.0
3257.9028363564903,0.0
3340.976282123491,0.0
2830.741623970624,0.0
2749.724467249417,0.0
3965.733852945104,0.0
3967.4962666950305,0.0
4586.651901018427,0.0
3798.4156378803573,0.0
4526.989068205145,0.0
4741.429445580521,0.0
4076.566371906778,0.0
6194.406561760535,0.0
4975.8401849983275,0.0
5338.803992915318,0.0
5448.619703665137,0.0
4591.551381923261,0.0
4728.837908362808,0.0
5695.797090959084,0.0
4868.5723817342605,0.0
6872.3060516055975,0.0
5523.322010818498,0.0
6965.043276919264,0.0
6877.770790686303,0.0
6054.484177894954,0.0
6039.440578460408,0.0
5404.874737183164,0.0
6447.72743632821,0.0
6564.833751907884,0.0
6297.05888556812,0.0
5684.987677986774,0.0
5556.181716023094,0.0
5895.568757350315,0.0
6227.7290814295575,0.0
5324.599659465717,0.0
5514.715395946828,0.0
4826.886081867648,0.0
5545.884061216211,0.0
6274.260171018628,0.0
6078.453842891541,0.0
5667.674896889421,0.0
4112.908409921546,0.0
5433.133822421091,0.0
5111.546395882295,0.0
4341.794011871268,0.0
4616.156580133168,0.0
3716.580581614291,0.0
4855.107103996318,0.0
4537.184595812014,0.0
3800.6827040873395,0.0
4175.480866521478,0.0
4852.488456278541,0.0
4136.909675888648,0.0
4433.219326727601,0.0
4241.854529061454,0.0
3956.755439410811,0.0
4005.5036128005577,0.0
4156.2290211962245,0.0
4849.173744576595,0.0
3504.018892842195,0.0
4219.281621450467,0.0
3597.0836930105006,0.0
2435.935278903141,0.0
3174.6644133563077,0.0
4751.837091763455,0.0
4085.5925536676464,0.0
4619.302336240515,0.0
5204.008007208275,0.0
4649.906474221508,0.0
3876.970265633771,0.0
3389.033701098474,0.0
2743.733651915078,0.0
3436.4919477791004,0.0
2557.633396102384,0.0
1228.7392732368526,0.0
2058.505452566372,0.0
1016.8421059919528,0.0
1966.287589806613,0.0
846.3223821593575,0.0
2758.896950317734,0.0
1611.3391280891599,0.0
1977.9467772130156,0.0
2092.8067057633243,0.0
2505.3203550803964,0.0
2793.006941243111,0.0
2980.1902734932423,0.0
2579.491925945511,0.0
2378.8323251846396,0.0
3186.527465359998,0.0
3535.359976368123,0.0
2591.865739915305,0.0
3274.972756774798,0.0
2617.0196658498794,0.0
3248.9612098591374,0.0
3581.148262812295,0.0
3395.249340995499,0.0
3639.883486083139,0.0
4429.131452459911,0.0
4113.665241110121,0.0
4286.132705738073,0.0
3098.2598821637366,0.0
3693.803988194754,0.0
4518.007224450589,0.0
4085.6523719441398,0.0
2595.2591660376643,0.0
3701.9524657536863,0.0
2395.3941477457674,0.0
3282.1974877804582,0.0
4197.577136174693,0.0
3490.084826798293,0.0
4026.522021307411,0.0
3560.2782781555597,0.0
3021.753346676673,0.0
2540.58286388335,0.0
3679.07663742803,0.0
2497.255515453495,0.0
2332.9651748268575,0.0
3222.576392134735,0.0
3330.1780937123162,0.0
3788.1472247110596,0.0
2351.3999653662813,0.0
2463.444655985082,0.0
2440.829820701001,0.0
2173.3898868272636,0.0
2172.3150383819047,0.0
2207.5641216729077,0.0
3478.7946678507174,0.0
1970.4821741197147,0.0
2428.2031108951173,0.0
3304.495964790514,0.0
3573.761106151155,0.0
2774.6599609974955,0.0
2927.0076968631256,0.0
3802.1044042673693,0.0
3804.4018424393234,0.0
3084.397596468818,0.0
2416.8186314926975,0.0
4215.766914354173,0.0
3783.360313313444,0.0
2566.781070573395,0.0
2944.687331692494,0.0
2271.0033630915577,0.0
3612.3348937337437,0.0
4503.405165015599,0.0
2377.7146832368776,0.0
3165.084969067769,0.0
3542.65320746596,0.0
3819.306766477868,0.0
2780.7739984993304,0.0
3962.278355826276,0.0
2820.325044764624,0.0
3700.339918747696,0.0
4073.705551181947,0.0
3643.292448539515,0.0
4004.5734482413004,0.0
3503.5692342849625,0.0
3455.6809304746002,0.0
4502.604470157231,0.0
4194.63286478711,0.0
5480.678333517595,0.0
4768.419508266379,0.0
5010.0295251258185,0.0
4668.5737291637315,0.0
2862.876569923338,0.0
3830.143188710941,0.0
4681.822029753699,0.0
4806.794162802097,0.0
3365.509660414178,0.0
5001.136912718288,0.0
3856.257498703187,0.0
4088.2509350860537,0.0
3663.762625043415,0.0
4039.6393813855793,0.0
4653.427096326453,0.0
4947.437704874915,0.0
3211.0452353417363,0.0
3871.6246544917663,0.0
4504.194876593007,0.0
4259.9368565001,0.0
5508.908828952098,0.0
5021.400212884968,0.0
4687.996114351287,0.0
4672.3266655731495,0.0
5150.865558841262,0.0
4910.307583611383,0.0
5710.782368192758,0.0
6236.356463564219,0.0
6332.317460843645,0.0
5571.954466149035,0.0
5434.663415556723,0.0
6335.799209124114,0.0
6972.981608791835,0.0
7815.481236738232,0.0
6613.950091946071,0.0
7897.708498001386,0.0
8145.672292469952,0.0
8733.279705341101,0.0
8358.07581429251,0.0
8208.91230937649,0.0
8080.258629535891,0.0
8478.186773813355,0.0
8605.180532539785,0.0
10192.188608397595,0.0
10568.200410984862,0.0
8830.120122021915,0.0
8649.956145906393,0.0
8156.161033218545,0.0
9613.026441215923,0.0
8732.474811131773,0.0
10978.76943021856,0.0
8920.300485862834,0.0
9807.551293555949,0.0
12237.406816709246,0.0
9462.250184156786,0.0
10304.220507915965,0.0
9529.166817172625,0.0
10675.153145111972,0.0
9726.015801304557,0.0
10016.175353125258,0.0
9832.682777291358,0.0
9072.645911127553,0.0
9500.127291478015,0.0
9804.586045064629,0.0
10175.938201293739,0.0
8508.63037067405,0.0
9175.833964747238,0.0
10005.53741392713,0.0
9015.059740127055,0.0
7947.64922410855,0.0
8596.349332769572,0.0
8600.367981451842,0.0
9200.845572019132,0.0
9246.82206878759,0.0
9628.880463201069,0.0
9557.395536296444,0.0
10313.172250756163,0.0
9907.221752459413,0.0
11094.920610940178,0.0
10292.596294861767,0.0
10893.469995598376,0.0
9951.782464444008,0.0
10871.218331348377,0.0
11019.65227744379,0.0
10378.5428014455,0.0
11550.581399666666,0.0
12598.395388126943,0.0
12604.15515639624,0.0
12586.472939099316,0.0
11829.070417038325,0.0
12898.31697047882,0.0
11995.729964477432,0.0
11978.20618905524,0.0
13458.443704847195,0.0
12081.683321728025,0.0
12410.214326779449,0.0
12683.759516454482,0.0
12009.669222261797,0.0
11203.426643925279,0.0
11135.199646225148,0.0
11287.895858859372,0.0
11088.346586008676,0.0
11081.685057614392,0.0
12098.857340688548,0.0
11015.623121714732,0.0
10643.017205505032,0.0
11055.032824714355,0.0
9478.836467339206,0.0
10663.385687334838,0.0
10992.785802643706,0.0
10565.772212586045,0.0
10323.987162050062,0.0
11003.176816504549,0.0
12379.670541570456,0.0
11335.339044335102,0.0
10125.999294717487,0.0
11617.919342174579,0.0
11130.645307242057,0.0
10820.34340756667,0.0
10112.500293327292,0.0
10487.270497761816,0.0
10876.935673367916,0.0
10400.168832622601,0.0
10647.591928617609,0.0
11594.55061639777,0.0
10517.31912713956,0.0
10256.999853591797,0.0
10246.871426341262,0.0
11090.230361382011,0.0
9979.730422139512,0.0
11286.5486932384,0.0
10948.548392439132,0.0
9907.865821047166,0.0
10628.634035477615,0.0
10676.505699975676,0.0
10410.190876070516,0.0
11205.749413697296,0.0
8613.32355197081,0.0
9319.401240196006,0.0
9165.581166763754,0.0
10297.436399731172,0.0
11356.35617906822,0.0
11092.367475642031,0.0
10095.645174951525,0.0
10284.301346538006,0.0
9665.432786010257,0.0
10264.784483300431,0.0
9893.723946572465,0.0
9492.966927495454,0.0
10008.60715580622,0.0
9780.766740039231,0.0
10902.143593214489,0.0
9479.226625304746,0.0
8829.186253043252,0.0
10723.759751707747,0.0
10067.733646577704,0.0
10250.130317481564,0.0
10697.843470328866,0.0
9711.225020079499,0.0
9918.079302321028,0.0
11220.226475774352,0.0
10630.345561878883,0.0
10321.464493325837,0.0
9617.31654027069,0.0
9296.914585955677,0.0
9058.974401815072,0.0
9753.920671413214,0.0
11276.187312972692,0.0
10511.944853643088,0.0
10731.793449449178,0.0
10797.494932128882,0.0
10641.143649029373,0.0
10033.030856947296,0.0
12047.303104060215,0.0
10532.648867700425,0.0
10576.347833466547,0.0
9412.876124772754,0.0
10551.590676170104,0.0
10526.112215904606,0.0
10212.784790926346,0.0
9597.20365282561,0.0
11612.729200682314,0.0
11860.963149240788,0.0
11225.299314365788,0.0
9897.927937485734,0.0
10913.528272478008,0.0
10061.265654691773,0.0
10000.070496345996,0.0
10942.217377112425,0.0
9445.331150384754,0.0
9554.27441399485,0.0
9412.665519113532,0.0
9826.319443800934,0.0
9186.092832794653,0.0
9952.641713508741,0.0
10467.158470294096,0.0
10029.02637591113,0.0
9480.07022728817,0.0
10629.1915374032,0.0
8628.657647525155,0.0
9532.040954972705,0.0
10410.147435948697,0.0
9337.371011653428,0.0
9687.95251284228,0.0
8794.999497210887,0.0
10469.273852497468,0.0
8926.593189995987,0.0
9797.323370586664,0.0
9836.32778424679,0.0
9734.376863622421,0.0
9514.711428278624,0.0
11032.606530921026,0.0
9458.655500956907,0.0
10708.542279653859,0.0
8890.678996546148,0.0
10294.093957900744,0.0
10308.13576534642,0.0
9123.117309443485,0.0
10154.712393474665,0.0
9951.964198789203,0.0
10615.55698784423,0.0
9872.575209389412,0.0
9813.497371912343,0.0
9087.250265794073,0.0
10213.518758090433,0.0
9932.96649435558,0.0
10824.20754508461,0.0
10490.13337717509,0.0
12002.244114402069,0.0
10110.766296698415,0.0
11467.344735596813,0.0
10513.105664059956,0.0
10288.381248954343,0.0
11753.983776547184,0.0
10632.454466855152,0.0
11156.702439540433,0.0
11082.849237447885,0.0
11364.88524112435,0.0
10984.646991054951,0.0
11914.948788263626,0.0
10360.052790955673,0.0
11481.05609272554,0.0
11469.000265806904,0.0
11092.759475626603,0.0
11771.192293394635,0.0
11956.499122452427,0.0
12627.988666171581,0.0
13285.074669650598,0.0
11552.38059975783,0.0
12428.661009588654,0.0
11605.352980159194,0.0
10843.600838160182,0.0
11570.723231897919,0.0
12301.565574264863,0.0
12440.832849491031,0.0
10716.695936853008,0.0
12196.254763236277,0.0
12559.729855837004,0.0
12049.516320872095,0.0
11573.933456191582,0.0
13141.961205443446,0.0
11719.860804487409,0.0
12085.342114288305,0.0
11774.130284629793,0.0
11687.144909483986,0.0
11340.655146277799,0.0
11725.271711217518,0.0
12782.636127343869,0.0
12762.934453910673,0.0
12696.465119108292,0.0
12580.787544801404,0.0
11460.641993657766,0.0
11220.068151790212,0.0
11771.131033719343,0.0
10903.36830199819,0.0
11857.304966201642,0.0
13023.133940844844,0.0
12472.213334943188,0.0
12778.248018272952,0.0
12186.732208008556,0.0
11217.12479296123,0.0
12695.15066443122,0.0
11408.790050794292,0.0
10933.560794864823,0.0
11284.227508348737,0.0
10696.487977012152,0.0
12092.731327461222,0.0
11637.968150136538,0.0
10900.597784518299,0.0
11142.244925435027,0.0
11989.806192038917,0.0
11165.485362550302,0.0
10959.921488306616,0.0
12079.757099723172,0.0
11895.052907332669,0.0
12428.778352897192,0.0
11534.316203337567,0.0
12359.929842552887,0.0
11706.48366678015,0.0
10170.132156993599,0.0
11000.914211556177,0.0
12239.6179800045,0.0
11928.0145993652,0.0
10723.620389071672,0.0
10532.249200144432,0.0
12198.429786841529,0.0
10884.554601609561,0.0
12115.915599194836,0.0
12120.312957818636,0.0
10582.332968409291,0.0
11233.430673755609,0.0
11021.3230662519,0.0
12417.945837250027,0.0
11600.575047656743,0.0
11475.38991390181,0.0
13807.00499849993,0.0
13525.154348399246,0.0
13430.897279764145,0.0
12881.230673864433,0.0
13549.023698575278,0.0
13636.609207156043,0.0
12560.946505796714,0.0
13513.787770069119,0.0
13409.491665312193,0.0
14565.973225694499,0.0
14255.332703184427,0.0
14625.706566936826,0.0
13694.279609401598,0.0
12698.277804017252,0.0
13424.89559074125,0.0
12669.202646080728,0.0
14150.104186246139,0.0
14144.284884603276,0.0
13297.444255267743,0.0
12486.749321219255,0.0
13380.21918661854,0.0
12550.653449293452,0.0
11961.212227005066,0.0
12816.472777958248,0.0
12016.627990986974,0.0
12814.372238127957,0.0
11384.14096134418,0.0
12361.471702462817,0.0
12351.9785072782,0.0
11351.517068040737,0.0
12327.909454215707,0.0
11739.190510060078,0.0
12457.035262265197,0.0
11604.893332445177,0.0
11705.242043430379,0.0
12809.915759059277,0.0
12381.734289933902,0.0
13019.65235631788,0.0
12403.352012609479,0.0
12204.208504267866,0.0
13047.497281494512,0.0
12331.848144175063,0.0
11809.207103072538,0.0
14218.712857682247,0.0
13189.383014074574,0.0
12458.673012115967,0.0
13760.37597788971,0.0
13158.781383582938,0.0
12512.620601402203,0.0
13009.091513921998,0.0
12555.751528763823,0.0
13055.814739805755,0.0
12589.42310558162,0.0
11158.1376088003,0.0
12315.464553255839,0.0
12497.85343213349,0.0
12716.566186858276,0.0
11202.435746004636,0.0
12136.841479830066,0.0
13369.160086518636,0.0
12377.56027759572,0.0
10630.077693913632,0.0
10339.310929786487,0.0
11536.029110063917,0.0
11405.733392462153,0.0
11736.481530231666,0.0
11037.634294721629,0.0
11165.050888375627,0.0
10905.64144660465,0.0
11144.390631489627,0.0
10573.119206146732,0.0
12321.329687321517,0.0
10138.603448550717,0.0
10900.254326951746,0.0
10564.231255045337,0.0
12151.459386163502,0.0
11666.339292813142,0.0
10732.232406649533,0.0
10853.423649400216,0.0
11650.600301293762,0.0
12227.813022536762,0.0
11372.83237039403,0.0
10571.1433776762,0.0
10854.653804263098,0.0
12244.80783999413,0.0
9600.833032473645,0.0
12211.870655769686,0.0
10002.073192311098,0.0
9859.89874501856,0.0
10177.775956606029,0.0
10589.647914567939,0.0
10198.91797730173,0.0
8595.414824833088,0.0
10167.943179552629,0.0
10194.0621272188,0.0
10001.390349919382,0.0
9007.736944323657,0.0
8498.711190141688,0.0
9356.888762778244,0.0
9260.136800944269,0.0
9052.927942043643,0.0
8637.224229743071,0.0
8930.248959561097,0.0
8956.181115773123,0.0
9565.549038707655,0.0
9652.059934926066,0.0
8330.297715554085,0.0
8870.406730890152,0.0
9233.262761781925,0.0
10089.940076932631,0.0
9524.382542600937,0.0
8852.3406696961,0.0
9938.212335167447,0.0
9438.69253907775,0.0
10787.357034838536,0.0
10240.810091164747,0.0
9392.469115194555,0.0
9485.097880930634,0.0
9152.873981267487,0.0
9253.881856993052,0.0
9522.412026245649,0.0
10219.589535416597,0.0
10155.372482423314,0.0
9756.624250510939,0.0
9139.910735543162,0.0
10034.795185235007,0.0
9349.635238741315,0.0
9203.629141863585,0.0
9444.299971702985,0.0
10097.239423305231,0.0
8835.88855536672,0.0
10603.964288400317,0.0
8889.121261408109,0.0
9255.931587401163,0.0
9518.453795606089,0.0
9521.985775454974,0.0
10482.406035614056,0.0
15322.611378295398,1.0
10078.760493071206,0.0
9703.143073197813,0.0
9472.334711865922,0.0
10708.841310352502,0.0
8551.395070658484,0.0
9172.936586211299,0.0
8890.533536834704,0.0
9613.037906211497,0.0
9952.227486022623,0.0
9179.104831556113,0.0
10490.577217011882,0.0
9830.971050070817,0.0
10816.50153856723,0.0
10879.524261661989,0.0
11456.629841162094,0.0
10817.66120526203,0.0
11714.140190454349,0.0
11135.565578829446,0.0
10302.046994099788,0.0
10969.691174436844,0.0
11921.238931985965,0.0
10281.62197212273,0.0
10281.559901169308,0.0
10533.916538392597,0.0
9906.399388952668,0.0
10741.601995584171,0.0
10082.951305202132,0.0
11018.285085205122,0.0
10206.869039421628,0.0
9392.199012896715,0.0
10029.435732876582,0.0
9577.50957167518,0.0
9564.097544220866,0.0
10348.569622638157,0.0
11024.731576225977,0.0
10439.596914700829,0.0
10743.65078366691,0.0
10554.132580006071,0.0
10253.2030862043,0.0
9016.473313769078,0.0
10879.77692395752,0.0
11701.371699194839,0.0
10533.93669604612,0.0
10048.428175888293,0.0
10367.116449149979,0.0
10081.92276726952,0.0
10630.50012924341,0.0
11362.669353020996,0.0
11510.409867866496,0.0
11189.147131736696,0.0
10560.848510455397,0.0
11881.281232081832,0.0
12226.200845866573,0.0
13064.96591221324,0.0
11253.255017495023,0.0
12128.62367578359,0.0
12862.239902777816,0.0
12153.402374681746,0.0
12275.25166004761,0.0
12420.377536038835,0.0
11976.56105169934,0.0
12471.579862513026,0.0
13248.036483573873,0.0
13252.157740058059,0.0
12506.880906424703,0.0
11248.480769402546,0.0
12394.109606517603,0.0
12590.216667821225,0.0
11202.443900636195,0.0
14220.228921779713,0.0
12426.872164162649,0.0
12366.076505165063,0.0
14179.514718796438,0.0
12131.10716000167,0.0
13553.988373405053,0.0
12968.898117487113,0.0
13175.009201404366,0.0
13164.90811483303,0.0
12431.265273296705,0.0
12323.10561686419,0.0
11328.676290440175,0.0
12520.894247146496,0.0
13315.789225658074,0.0
13132.03314693052,0.0
14312.146345936177,0.0
12935.09640357455,0.0
12905.693718928622,0.0
12425.629719782846,0.0
11846.15454351836,0.0
12575.592893848789,0.0
12436.05864446454,0.0
12550.485856498777,0.0
11748.89377439343,0.0
12495.509330246838,0.0
12700.840393509769,0.0
12659.659437244849,0.0
12299.089870290807,0.0
11926.16795357312,0.0
12333.67740011948,0.0
12371.510607218017,0.0
11855.908179265705,0.0
11621.156247097446,0.0
11309.499837206025,0.0
11300.897347941738,0.0
10420.646595395512,0.0
11161.982760108578,0.0
12216.68392492005,0.0
12494.440179359126,0.0
11368.826982127355,0.0
12275.316786701072,0.0
12199.162363456202,0.0
11213.727812849731,0.0
12912.08205731858,0.0
11075.316948824491,0.0
11172.557926822097,0.0
12170.602984346868,0.0
11573.869352925865,0.0
12040.227331482141,0.0
11234.328766004302,0.0
11611.073802435509,0.0
12634.67832168846,0.0
12611.829329304366,0.0
12083.18764366943,0.0
11651.02615327795,0.0
11493.701303938073,0.0
13556.272713170958,0.0
12479.703763538877,0.0
12812.808874735609,0.0
12806.32106404725,0.0
12780.229221795269,0.0
12214.78309150093,0.0
11315.925210825983,0.0
11154.889530957806,0.0
11859.807643698108,0.0
10382.305543438253,0.0
11411.807929372662,0.0
10502.916954570504,0.0
10276.290370524799,0.0
10315.170856388135,0.0
10612.682595390404,0.0
10938.887168199319,0.0
10957.125712870904,0.0
10824.631102875543,0.0
11712.778529989419,0.0
11852.721526787993,0.0
11160.827956792398,0.0
11406.391309048928,0.0
10985.858309542033,0.0
10524.110952142888,0.0
10241.513707783713,0.0
12121.171552476248,0.0
11498.642679639739,0.0
11389.112557495808,0.0
10735.706476122072,0.0
10614.203349001635,0.0
10675.761784613744,0.0
10297.800687454805,0.0
10652.609773347824,0.0
9632.086494804305,0.0
11830.683934713692,0.0
10884.305566871832,0.0
10532.876562379828,0.0
11618.548168935797,0.0
10250.431023459918,0.0
11834.897410766316,0.0
10598.271073052467,0.0
9463.363050967486,0.0
11816.60748133741,0.0
11932.854760146069,0.0
11092.795307405357,0.0
10694.715726667246,0.0
10701.024024512522,0.0
11843.43198377276,0.0
10631.559675770823,0.0
11178.833928054282,0.0
11985.95135324669,0.0
12062.982783874122,0.0
11071.758320808081,0.0
11151.596832117226,0.0
11333.564236247947,0.0
12135.518512002147,0.0
10289.523795851579,0.0
9603.890458872791,0.0
9716.323635704131,0.0
10771.18514982899,0.0
10386.973311475782,0.0
11113.37888390269,0.0
10843.697180913226,0.0
11117.162883066716,0.0
10706.33947342432,0.0
10844.642791842467,0.0
10162.023715467829,0.0
11208.79319503118,0.0
9944.04562959116,0.0
10527.981312018552,0.0
9929.934772251896,0.0
10542.429919720329,0.0
10187.975561391346,0.0
9279.540504329749,0.0
9158.276121781382,0.0
8783.754405639755,0.0
7637.341177979422,0.0
9777.039931148036,0.0
9392.641322856975,0.0
8042.089528916248,0.0
8960.205882535585,0.0
8859.812877721924,0.0
7771.870210185248,0.0
9250.62010191849,0.0
8523.577453343705,0.0
9036.431399387682,0.0
9146.497905826713,0.0
8332.244641200215,0.0
8265.556872888452,0.0
8843.952522093272,0.0
9187.845709210244,0.0
8889.196369340432,0.0
8955.774371954825,0.0
8450.520439834909,0.0
8844.997720898535,0.0
7724.384430509866,0.0
9188.270603132123,0.0
8061.052082751876,0.0
7957.415853395833,0.0
7875.764332427242,0.0
6991.388943024366,0.0
8156.546532274219,0.0
7677.442860988887,0.0
7517.949921148512,0.0
7328.732468994828,0.0
8641.587440204992,0.0
7214.145422672117,0.0
8096.98356121652,0.0
6529.610633790685,0.0
7278.266675148936,0.0
7100.074852098057,0.0
8274.47607942202,0.0
6852.963146581394,0.0
7197.114594943631,0.0
6907.485966140021,0.0
7819.564294055115,0.0
8388.198408222916,0.0
7341.527435376132,0.0
7513.586696818269,0.0
8268.552738195549,0.0
7113.70853873906,0.0
8196.248557510065,0.0
8328.507153420273,0.0
7096.057450146204,0.0
8272.497638044359,0.0
8335.612379863966,0.0
7624.155141279085,0.0
7125.513133499064,0.0
7725.196090029495,0.0
8436.781997761016,0.0
7390.972191093809,0.0
6951.80540823282,0.0
7683.128315841079,0.0
8232.39682476156,0.0
7157.425384536406,0.0
7428.369776969852,0.0
7178.809489630381,0.0
8256.514734986426,0.0
7861.120964558889,0.0
7948.554822568049,0.0
7644.065736213419,0.0
7343.171157393343,0.0
8562.020937291498,0.0
8441.218683402534,0.0
8308.317819531536,0.0
6614.707339677983,0.0
7755.924351362855,0.0
8955.248294107276,0.0
8606.517425450631,0.0
8468.45408416335,0.0
8944.11990713502,0.0
8734.03689287967,0.0
8416.032273763576,0.0
8740.101383469439,0.0
9362.84649258023,0.0
9380.194818521095,0.0
9565.927532115214,0.0
8988.066750067592,0.0
9413.930691447957,0.0
8127.1695949917885,0.0
8363.561664698302,0.0
10013.58008613488,0.0
9081.095407656985,0.0
9236.875048660862,0.0
9400.44172382399,0.0
10213.8360936711,0.0
11015.47261099107,0.0
10087.5332144486,0.0
9742.292565005238,0.0
10831.37690976882,0.0
9241.599820508321,0.0
10654.750217120349,0.0
9806.80090283831,0.0
9502.51559137864,0.0
10819.905047661,0.0
8851.242485697403,0.0
9740.688296328652,0.0
9679.634914226295,0.0
9171.963397870768,0.0
8526.041026718878,0.0
9131.545439961248,0.0
8644.761478981898,0.0
10950.991962793385,0.0
9111.206417700942,0.0
9003.568184089172,0.0
10922.14842955147,0.0
11359.056565461984,0.0
10762.158719475265,0.0
10788.577077857275,0.0
11352.694850618705,0.0
11768.786390043264,0.0
10092.712022410195,0.0
12059.362072438682,0.0
11172.499400070565,0.0
10612.213528730239,0.0
11839.910081259306,0.0
11681.524483054116,0.0
12184.706026630593,0.0
11031.240289261405,0.0
11382.41567459933,0.0
11132.43950702395,0.0
10691.817368400469,0.0
12296.676401365046,0.0
11124.1386492618,0.0
11305.051457982794,0.0
11658.529485619336,0.0
11598.365509372816,0.0
10707.874173061558,0.0
11381.485207821965,0.0
13200.206049817843,0.0
11686.221491860013,0.0
11856.73853149154,0.0
12175.685705634623,0.0
11998.576543864321,0.0
11757.376187209049,0.0
11457.555223586049,0.0
12569.966709742217,0.0
12446.263282731707,0.0
12661.908837972906,0.0
11943.950171346769,0.0
11173.128684419979,0.0
12444.556956608856,0.0
13774.343267033326,0.0
11577.886444434525,0.0
11852.481170346045,0.0
11653.179741821685,0.0
12491.266948680632,0.0
13204.442155401966,0.0
12326.395584565857,0.0
12548.752345759152,0.0
11955.22975053648,0.0
12723.68297710147,0.0
13272.000054572922,0.0
13681.447283463065,0.0
13417.467001970292,0.0
11878.123389833336,0.0
11794.8096861081,0.0
12135.211403942272,0.0
11771.369697624972,0.0
11922.151517176273,0.0
11002.545544035504,0.0
11210.940560223315,0.0
11194.082592361963,0.0
11177.137350168283,0.0
10996.863052746805,0.0
11153.092835553594,0.0
11651.870279911813,0.0
11997.742808591493,0.0
11042.021534534426,0.0
10539.3468784383,0.0
12213.527884704456,0.0
11552.60744075035,0.0
11360.10274891159,0.0
11909.26357572859,0.0
10072.551253084312,0.0
11492.297803013565,0.0
10713.6452712514,0.0
10445.762400162595,0.0
10883.434427340342,0.0
10534.437605745432,0.0
10408.02149214327,0.0
9542.606456245872,0.0
10554.034905410215,0.0
11040.148426298958,0.0
10696.515694305572,0.0
9569.527977678443,0.0
9379.851270935473,0.0
9513.8199282778,0.0
10032.278976133743,0.0
10472.5856864612,0.0
9829.31231025798,0.0
9916.216176158332,0.0
9514.620230775668,0.0
10064.121733526365,0.0
10423.098438849085,0.0
11506.829408607698,0.0
9363.548539102838,0.0
9261.865055733975,0.0
9579.947332529258,0.0
9342.388108052735,0.0
9902.072707645506,0.0
9982.736506454763,0.0
10221.097659682566,0.0
9170.030367580031,0.0
9278.18455601893,0.0
10826.77667327462,0.0
10308.931915388655,0.0
9618.869983200344,0.0
9214.41270481364,0.0
9761.081151005175,0.0
10379.321571780714,0.0
9990.390849789132,0.0
11307.172787854419,0.0
10929.969429654855,0.0
10585.773448742659,0.0
10148.547549982803,0.0
10238.125250459669,0.0
10563.271729646876,0.0
11003.875431670569,0.0
9830.823673294086,0.0
11467.94923390032,0.0
10332.916676549126,0.0
10638.898931685068,0.0
10156.132126817098,0.0
9391.649618330579,0.0
10045.927398933512,0.0
9455.018224432952,0.0
10150.435257709654,0.0
9292.057070757553,0.0
8433.938840661835,0.0
9224.656695355412,0.0
9077.029896122514,0.0
8624.08108991077,0.0
9219.584141530806,0.0
8992.166114875616,0.0
9358.561720932852,0.0
9475.291883282305,0.0
8886.074867937643,0.0
9681.035305911995,0.0
9509.598395252702,0.0
9187.293082165936,0.0
7745.318468955442,0.0
9002.568172084135,0.0
8841.293318496306,0.0
9627.236110794765,0.0
9639.91456639855,0.0
9535.42879896357,0.0
8467.619210162045,0.0
8353.81554515575,0.0
9030.026247917345,0.0
8749.787783860003,0.0
8146.60633291228,0.0
9506.708458967076,0.0
9370.312239757932,0.0
9392.890855730495,0.0
8350.176104010457,0.0
9122.171371962813,0.0
8928.206302584378,0.0
9404.790224856446,0.0
10008.228791747435,0.0
9411.934334741576,0.0
9594.385742628781,0.0
9134.323792949082,0.0
9064.110627143575,0.0
9110.840870837048,0.0
10581.272969899228,0.0
9239.897217519458,0.0
8985.484626308647,0.0
9109.793948874438,0.0
9835.111446542665,0.0
9705.911378299596,0.0
10085.544846137396,0.0
9508.453732400749,0.0
9894.534141377213,0.0
9823.844181367433,0.0
10313.615515844438,0.0
9865.078380193378,0.0
10378.696451805828,0.0
9715.948234023348,0.0
10310.521711092708,0.0
9990.077325020617,0.0
9711.064783494316,0.0
9707.728235367322,0.0
9737.833060867755,0.0
10021.009173592362,0.0
10517.317601924506,0.0
10182.722268817575,0.0
9877.432758471276,0.0
9466.648425524418,0.0
11153.174481680337,0.0
9897.989079519139,0.0
9347.987426480839,0.0
9560.689758790713,0.0
10172.188250357298,0.0
10907.937686974215,0.0
10414.364259111146,0.0
10274.530818632647,0.0
9932.386152773395,0.0
11013.074131531555,0.0
10931.755641697651,0.0
11329.037309022042,0.0
11825.547059786972,0.0
10795.570135224247,0.0
10283.677478115218,0.0
9758.943081733252,0.0
9620.433327864035,0.0
9746.905023949614,0.0
10233.785605512945,0.0
9504.987221873404,0.0
9383.819947481352,0.0
10320.458056383299,0.0
11642.051883240416,0.0
11131.304105957255,0.0
10534.007300256359,0.0
11520.654471679716,0.0
10976.487696964607,0.0
11433.963054551812,0.0
11863.85774289379,0.0
12199.710970684471,0.0
12071.994388564606,0.0
12389.052380749941,0.0
12255.19073393401,0.0
