458.788449686377,0.0
1380.6045758268365,0.0
2042.2440416714182,0.0
3501.307508746301,0.0
4679.004511635235,0.0
2672.9478788956544,0.0
2965.9613557542543,0.0
1866.9195109217003,0.0
645.854712582492,0.0
2966.5449029656,0.0
1065.7212550683198,0.0
1989.299590049602,0.0
539.281024163185,0.0
-488.7341701049253,0.0
-424.0067476317422,0.0
-397.10121530104027,0.0
-1498.8570909818507,0.0
-3237.2232459611705,0.0
-2711.0427530595407,0.0
-3240.3946087593486,0.0
-1430.0130331565604,0.0
-2564.743408853131,0.0
-1200.6071565803004,0.0
-917.0232209173405,0.0
225.2365760445798,0.0
1863.90921759146,0.0
2108.22911936344,0.0
1521.75581449695,0.0
2746.77995589277,0.0
3245.4482518959603,0.0
3174.74109453259,0.0
4491.481475890871,0.0
4552.40012036494,0.0
5895.082179666191,0.0
4995.454340576711,0.0
6557.1999484723,0.0
6511.515853298931,0.0
7418.999965185881,0.0
6609.689718379201,0.0
4679.31600501805,0.0
3993.7781105226404,0.0
4968.28356241711,0.0
3206.1703847400304,0.0
3062.9895927492803,0.0
4331.868260091931,0.0
2952.7035954810503,0.0
4158.82487331483,0.0
5092.985055564481,0.0
6355.054365346381,0.0
5957.681844881641,0.0
6103.057144413011,0.0
4448.27416170442,0.0
4006.1617648945603,0.0
2835.9282504127405,0.0
4458.89045924522,0.0
5927.225482358061,0.0
4617.81374184624,0.0
4299.15964998694,0.0
4935.779389504405,0.0
5229.043191554811,0.0
5753.511309379741,0.0
5577.698796369781,0.0
5204.4716171523905,0.0
4047.1600002422406,0.0
5152.509748230357,0.0
6873.841687089251,0.0
7638.47436458915,0.0
8217.67022081343,0.0
9525.980473949092,0.0
8013.1027083710405,0.0
7947.611741316212,0.0
9381.357105884583,0.0
9014.73629116772,0.0
7753.720178735296,0.0
7981.52579234924,0.0
9487.711381690171,0.0
7707.390702577602,0.0
6172.398064540623,0.0
4451.671807547975,0.0
2826.6946535142843,0.0
3011.6214689691574,0.0
5092.447896152571,0.0
6285.911151748868,0.0
7302.335635195734,0.0
5798.536276327405,0.0
7169.142883010347,0.0
6238.673408459718,0.0
4366.736913387168,0.0
3481.5691805506785,0.0
4645.530376641328,0.0
3456.7616236371555,0.0
4077.1660602144566,0.0
4373.1623377202395,0.0
5449.4260127522575,0.0
5959.970818238522,0.0
5787.619962865564,0.0
7043.467515206266,0.0
6255.18248494867,0.0
5828.202786068573,0.0
7503.382003125309,0.0
6038.590744279229,0.0
5504.196082623662,0.0
4177.230900467953,0.0
3029.4120840352916,0.0
2638.0380531770124,0.0
1862.8640541655273,0.0
2637.7222355346985,0.0
2289.3630470335,0.0
1576.6817099784842,0.0
978.876751508782,0.0
-1114.7954281527263,0.0
129.93328597314502,0.0
524.941186764087,0.0
-825.9429076143413,0.0
23.8630667542361,0.0
-363.02904417283025,0.0
-1070.8285851200183,0.0
896.4623704874291,0.0
2411.1087071187403,0.0
948.618556028598,0.0
-476.73800249506746,0.0
-299.7854349476702,0.0
-2075.6669375437723,0.0
-513.9061762373562,0.0
-1950.9228864400334,0.0
-932.7766291957205,0.0
-2286.776965133511,0.0
-4044.1879791087413,0.0
-3093.6443411420705,0.0
-3983.9427529079812,0.0
-1974.6978246847507,0.0
-1194.1958317834506,0.0
-667.6055624481305,0.0
189.56385805551986,0.0
2252.835171606,0.0
3154.96612996134,0.0
4537.7702003678705,0.0
4714.648470054351,0.0
3426.28617207766,0.0
2092.60683990736,0.0
1352.59414526697,0.0
1195.0497457843599,0.0
-263.9461374876805,0.0
-1853.9176834701307,0.0
-3152.4577866180307,0.0
-1591.6516644481608,0.0
-242.79347155218056,0.0
-1334.3611538493305,0.0
-2340.322927390871,0.0
-4250.793349246531,0.0
-1854.5052178456112,0.0
-2766.020544423891,0.0
-877.6500784771906,0.0
-1350.3955973825914,0.0
-3210.1746794302794,0.0
-2156.013484678621,0.0
-918.4933385526206,0.0
-358.82736185196063,0.0
-518.9779781437605,0.0
-600.051415215491,0.0
-313.49486793015103,0.0
843.1113515630691,0.0
3384.81330738612,0.0
4475.48330271612,0.0
2792.30071310908,0.0
1399.03650205536,0.0
984.3003668706297,0.0
1508.9317971468,0.0
1095.8307535430295,0.0
881.5063857624095,0.0
511.34660472088945,0.0
-1863.721792723521,0.0
-1632.8187276552203,0.0
-3139.4078390027707,0.0
-3253.8503948889706,0.0
-4111.103459162022,0.0
-3460.7388260690204,0.0
-3004.902426385531,0.0
-3143.5053965991106,0.0
-4841.146074586772,0.0
-5791.888527662581,0.0
-4536.806298800131,0.0
-3214.4016630526603,0.0
-1285.6124230982305,0.0
-1468.0793372748312,0.0
-1713.9971618910008,0.0
-257.7311719548102,0.0
-603.1083966336209,0.0
-448.66540732709063,0.0
1372.3714726687394,0.0
-456.8999061312106,0.0
-433.35296174950054,0.0
-1219.2592156421606,0.0
-2219.108454296811,0.0
-279.262144277031,0.0
1366.3629480955997,0.0
1717.70506764532,0.0
651.5781378278598,0.0
1860.0956587312398,0.0
1776.45246632417,0.0
2932.03913452974,0.0
2935.35859811136,0.0
2246.95734355658,0.0
3359.4113279871003,0.0
4772.81156040124,0.0
4997.84338073636,0.0
4273.89312081175,0.0
4640.14285305472,0.0
5683.317742713891,0.0
5481.29220427739,0.0
5935.850104599411,0.0
5578.277693087571,0.0
6545.811415908581,0.0
6793.221147036281,0.0
5960.87745403997,0.0
4408.11162151805,0.0
2047.2742587523603,0.0
2555.38080129251,0.0
4183.58720026087,0.0
1883.6829037664104,0.0
2917.18681610024,0.0
2203.7293860341,0.0
3864.1691977098003,0.0
3673.98208710165,0.0
2874.3305752798806,0.0
384.72751651715953,0.0
2234.23857121474,0.0
3292.6767223896104,0.0
3801.3241899981804,0.0
5831.60954660551,0.0
5910.892656860071,0.0
5018.824743042671,0.0
3589.7122564122205,0.0
4185.48306073242,0.0
3305.7098312398107,0.0
5232.704300371941,0.0
5666.00197879011,0.0
6392.95136268872,0.0
7653.8064686489415,0.0
7866.038320156371,0.0
8122.6041975178905,0.0
7617.901334667841,0.0
9969.514362615471,0.0
10836.72837471322,0.0
11250.03174208868,0.0
13318.787481838532,0.0
12892.92983229513,0.0
13450.156972668003,0.0
13804.258516387781,0.0
15303.439075987822,0.0
13380.924950124681,0.0
12769.066658908701,0.0
11402.459905669291,0.0
11971.35267550749,0.0
10338.945997742521,0.0
10067.96810918529,0.0
10075.698137843221,0.0
8985.580724139401,0.0
9929.53728510987,0.0
11747.852387671152,0.0
11906.963221471971,0.0
10650.85172554207,0.0
10134.46918058275,0.0
9722.911120758221,0.0
8134.10357673677,0.0
10244.804249515662,0.0
10179.31679224657,0.0
10715.11529365226,0.0
10400.258394751381,0.0
12333.643037272011,0.0
14069.844580089792,0.0
14639.11708090486,0.0
15365.45171365387,0.0
13781.506152224041,0.0
15573.320804333001,0.0
14579.4895572981,0.0
13105.004859698382,0.0
13581.91529951894,0.0
13091.336958161672,0.0
12693.791066837292,0.0
15080.29877595849,0.0
14429.22020898744,0.0
13709.55737343699,0.0
13743.881378942451,0.0
13762.307667833971,0.0
12905.81220279499,0.0
10894.578903388181,0.0
11968.0856416275,0.0
13911.981710399243,0.0
15266.4153602308,0.0
15627.483130444893,0.0
17431.803259829303,0.0
17674.32241723125,0.0
19682.43127075117,0.0
21228.048083015852,0.0
20041.24104389502,0.0
19645.01673703001,0.0
20065.19829673232,0.0
18698.534229250363,0.0
19992.189064585542,0.0
21381.79748262562,0.0
23366.282045191983,0.0
24510.997901896095,0.0
24982.03539546451,0.0
25617.8705395207,0.0
25290.310352222932,0.0
25600.08045008319,0.0
24382.862147831904,0.0
25669.92571714672,0.0
27010.994991386477,0.0
25202.72359793853,0.0
26872.565484094674,0.0
25362.619641549903,0.0
25846.88369901009,0.0
25848.181837190183,0.0
24854.23911373133,0.0
24181.280942518642,0.0
24610.357996177954,0.0
24087.27810031506,0.0
22300.257803141052,0.0
24356.866522535864,0.0
22593.879266424003,0.0
22452.152253886245,0.0
22446.290378555925,0.0
23059.131111221614,0.0
21792.532174314892,0.0
20156.35902065641,0.0
19666.56031117491,0.0
17861.807800812163,0.0
19755.54684858031,0.0
21422.91750255374,0.0
21280.48848659655,0.0
19651.33232827887,0.0
18172.46514145009,0.0
19149.39596393764,0.0
18153.53029359617,0.0
16569.1560680832,0.0
17923.16989108204,0.0
19178.00963237259,0.0
20192.008102265434,0.0
20341.010141008883,0.0
19369.70193521883,0.0
19065.74188222668,0.0
17609.92075538797,0.0
17491.875295570582,0.0
19401.299936272222,0.0
20269.55371814918,0.0
20305.88202196739,0.0
20227.35429730051,0.0
19794.788404102223,0.0
18669.81630873117,0.0
17706.705908730182,0.0
15979.353284378241,0.0
13874.2633655098,0.0
12978.375427836281,0.0
11717.0894611461,0.0
10065.73437480483,0.0
11738.69260060827,0.0
11378.50096913754,0.0
11047.658014056022,0.0
13051.857116659121,0.0
11471.52644022046,0.0
11555.41659606563,0.0
13117.08236552267,0.0
12811.73023927948,0.0
12163.978921275771,0.0
14173.97727597203,0.0
14955.196741235663,0.0
16744.9187228562,0.0
18670.41130594585,0.0
19139.07011274401,0.0
19791.586779267283,0.0
18155.78545072549,0.0
19680.10649596167,0.0
20148.7811298107,0.0
19989.507612275633,0.0
21709.199211650754,0.0
20886.379665645673,0.0
22410.270525327163,0.0
21086.457785937633,0.0
22743.027639951593,0.0
22477.67625066711,0.0
22585.069282177334,0.0
22577.004796387893,0.0
24579.15242756444,0.0
26010.188167576434,0.0
24794.01744444335,0.0
24063.741612165453,0.0
23124.860798740632,0.0
24888.494365196642,0.0
24458.38901173889,0.0
22174.486704741532,0.0
23419.454960147992,0.0
23171.00550962882,0.0
21991.7081666933,0.0
21662.729195132644,0.0
20377.79155695299,0.0
19463.09587890547,0.0
21192.275329023032,0.0
21171.30655166571,0.0
21098.06102941749,0.0
20675.03809155317,0.0
21624.24472533692,0.0
21634.005516953483,0.0
22120.30017894134,0.0
19582.65923645005,0.0
20214.03358200714,0.0
21009.55830660709,0.0
21915.47133395748,0.0
21041.360291430123,0.0
22235.674103483274,0.0
23560.068325118133,0.0
23911.244148521244,0.0
24434.697360700673,0.0
25023.810387312504,0.0
26830.2025001824,0.0
25762.95478875649,0.0
25634.06941655165,0.0
25503.77017554088,0.0
25905.499780607654,0.0
24178.558374678392,0.0
23851.507715168504,0.0
24294.446393580773,0.0
25706.672031476424,0.0
25953.57264230171,0.0
27146.412152529763,0.0
26165.09117749289,0.0
28111.032117124672,0.0
28205.950791458214,0.0
30488.057634122113,0.0
28674.948907584512,0.0
27350.656706902664,0.0
26973.184500167383,0.0
27556.002972245322,0.0
27797.926297726633,0.0
27210.068992975503,0.0
27019.934206911923,0.0
26097.47909207173,0.0
26984.930244446085,0.0
29162.441469860383,0.0
31442.647068767285,0.0
31189.99673808168,0.0
32486.708597017303,0.0
30922.672330763322,0.0
30811.26279122487,0.0
30496.114737385615,0.0
30118.301146149624,0.0
31261.17468223896,0.0
30220.543833018783,0.0
29997.65660687717,0.0
28863.951467224924,0.0
28051.045711721585,0.0
28865.072146977825,0.0
28614.217441286604,0.0
30188.232941349066,0.0
28501.112183624497,0.0
29357.825507796904,0.0
27118.82070771604,0.0
27562.14887047926,0.0
26382.796473218594,0.0
27963.68012713253,0.0
26769.273939680825,0.0
25446.70895716355,0.0
26347.583057916483,0.0
27183.95273772074,0.0
28670.876415288563,0.0
30596.13460538136,0.0
29828.683271382157,0.0
30233.069697211504,0.0
31312.969441282734,0.0
32524.37837919632,0.0
34541.66455437296,0.0
33918.38660196756,0.0
35272.23657801051,0.0
36940.81504171006,0.0
38367.27252827678,0.0
39071.83008161482,0.0
41148.75135795418,0.0
40474.678164797566,0.0
41738.151762271234,0.0
41183.46661192343,0.0
43304.46413718366,0.0
43421.8645552589,0.0
43018.550972094294,0.0
43660.44410030695,0.0
44800.24093168088,0.0
43179.094894539216,0.0
45139.88877056271,0.0
43942.071335485525,0.0
44535.626647365396,0.0
44700.162683374554,0.0
45423.12832242377,0.0
44255.50528281994,0.0
45699.744408018705,0.0
46939.23413939004,0.0
47099.341840598274,0.0
47002.590190279894,0.0
46749.73308090322,0.0
48695.23597611949,0.0
46816.54293869825,0.0
45392.81235681311,0.0
45777.35225637823,0.0
44802.970215808535,0.0
42192.20172856331,0.0
41485.322445761274,0.0
41562.81505057229,0.0
41444.1357669135,0.0
42346.08284390991,0.0
41905.249334181244,0.0
42695.073079875336,0.0
41286.73216457728,0.0
40453.43390789695,0.0
40514.767769781945,0.0
40445.2246948617,0.0
41414.030894693795,0.0
41852.784942452476,0.0
43075.832348068194,0.0
45194.11409282003,0.0
44290.31354387796,0.0
46049.18931454326,0.0
47127.85971478856,0.0
47196.197694801805,0.0
46199.02637264505,0.0
47572.82016065454,0.0
48939.047734571795,0.0
51119.65233912796,0.0
52069.999971076635,0.0
53967.67227086043,0.0
54627.742392962035,0.0
56354.99284989113,0.0
56019.964185239594,0.0
55692.4003464406,0.0
53517.43920472057,0.0
55854.044307496144,0.0
56464.45299509171,0.0
56856.82395657666,0.0
54560.16340093683,0.0
54162.72281486213,0.0
52935.13452251788,0.0
50937.35895764606,0.0
51590.31799325616,0.0
50251.077747968266,0.0
48408.45208754622,0.0
50849.02288500484,0.0
51587.08954098218,0.0
50616.48500468369,0.0
50970.483179068746,0.0
49267.270457156104,0.0
49790.51698020561,0.0
48251.97754527092,0.0
50203.66628205694,0.0
49522.91607831369,0.0
50820.111840298836,0.0
52823.93218855029,0.0
54098.50777931594,0.0
55530.42986474484,0.0
54475.517425359525,0.0
53136.57940404276,0.0
54434.31433587546,0.0
53311.50490852675,0.0
52012.24012585391,0.0
50696.41297723184,0.0
50795.88247717884,0.0
52360.73211288191,0.0
53305.7494061736,0.0
53244.528507484516,0.0
51611.75429343759,0.0
50599.85396487104,0.0
51794.0724424893,0.0
52297.89053493151,0.0
52114.97892177611,0.0
53416.50989742406,0.0
51895.39421265477,0.0
50882.89949425974,0.0
50671.25627750975,0.0
50455.275704496344,0.0
50415.50176368002,0.0
51307.231271482444,0.0
49291.09304349218,0.0
50664.64355175644,0.0
50831.05246141904,0.0
52129.03107285151,0.0
53569.66926368686,0.0
52209.28176121881,0.0
50698.03775716324,0.0
50512.78082476052,0.0
51131.98737331355,0.0
52223.79577928591,0.0
50335.315847735576,0.0
52500.887785602405,0.0
52980.72189330351,0.0
52023.493427793706,0.0
53432.38394507006,0.0
53171.70116690125,0.0
53567.80998783666,0.0
54301.415562534035,0.0
56724.27579232529,0.0
56280.37967210939,0.0
55307.831265954126,0.0
54894.73689532783,0.0
54032.3500405304,0.0
56206.17337015809,0.0
56090.308113726765,0.0
54846.92825693053,0.0
53417.15502542166,0.0
54551.42620764697,0.0
54563.360655465774,0.0
54088.68405899944,0.0
56198.121523020985,0.0
56372.470670032024,0.0
57681.156148437316,0.0
57838.57508380832,0.0
59961.42564249138,0.0
59204.84252539357,0.0
58011.87938177273,0.0
59527.76016623352,0.0
59282.671278728456,0.0
57276.477242789784,0.0
59773.12221176013,0.0
59293.58412078899,0.0
58066.277316973115,0.0
59241.119101384575,0.0
59015.12226020914,0.0
96643.13128980133,1.0
96643.13128980133,1.0
95244.02264036005,1.0
58661.163270979596,0.0
58096.811778024436,0.0
57296.109461206936,0.0
57595.84727312249,0.0
57068.0059014423,0.0
56392.99437693404,0.0
56344.07169515191,0.0
56027.300063696544,0.0
58056.18102453464,0.0
58722.74457924464,0.0
57395.52144934243,0.0
56483.395731456534,0.0
57657.759905213876,0.0
59198.724668522154,0.0
58022.04457567882,0.0
56203.71083408527,0.0
57758.000835297484,0.0
55921.76383372601,0.0
56328.69307908589,0.0
56079.02261498741,0.0
58059.4272451938,0.0
57622.694606655954,0.0
57680.78593826143,0.0
57702.69708497336,0.0
55627.323121139474,0.0
57431.53406421826,0.0
58511.5575457535,0.0
59514.29780317719,0.0
60726.956061651574,0.0
60707.5971851764,0.0
59359.900080738684,0.0
58226.93074390652,0.0
91966.51510452505,1.0
91966.51510452505,1.0
91966.51510452505,1.0
57875.18040501486,0.0
59630.60188960259,0.0
60027.58424728809,0.0
58011.58577767623,0.0
60347.57189524519,0.0
61875.172748867924,0.0
60132.842152864614,0.0
60306.030451701896,0.0
62158.326245404125,0.0
61559.8412883233,0.0
61514.06993804908,0.0
61517.54180099603,0.0
63058.344402380506,0.0
64630.05870002725,0.0
65090.63554857015,0.0
66108.5257837177,0.0
65024.81093284645,0.0
63856.633202403085,0.0
64829.36197478515,0.0
64460.43808081548,0.0
63101.50265217552,0.0
63486.57831436028,0.0
64027.97181009248,0.0
65542.80690524165,0.0
67208.0050449301,0.0
68210.58789657526,0.0
67164.3621928471,0.0
69042.15004423176,0.0
67786.245228329,0.0
66188.20094272595,0.0
64893.52652850989,0.0
66011.98175850685,0.0
66146.32930380176,0.0
66770.27738166945,0.0
67842.8273697281,0.0
66237.40606716265,0.0
65705.15933590269,0.0
66376.50697918165,0.0
67027.00771563026,0.0
65481.268848903084,0.0
65453.67374938118,0.0
63852.876673090126,0.0
65709.87663316779,0.0
66256.40319725045,0.0
66517.64239602924,0.0
65408.86469535949,0.0
64176.19811174742,0.0
64180.27112712883,0.0
62664.464792226565,0.0
62679.45341264516,0.0
62961.13204923416,0.0
61175.631005848605,0.0
62046.44164984277,0.0
62821.57755553386,0.0
64524.21886034893,0.0
63165.328123502164,0.0
62715.02198887327,0.0
64188.394921617524,0.0
63331.837315248464,0.0
61163.864466465704,0.0
59929.70621918455,0.0
60128.35093354565,0.0
58312.282020062885,0.0
58353.213537517586,0.0
57290.97478398613,0.0
58209.66232952749,0.0
58593.96928448079,0.0
56582.618435228724,0.0
54861.826762701865,0.0
57151.144288851225,0.0
56849.484753457225,0.0
58103.357638101385,0.0
56633.01113714013,0.0
58521.32097630339,0.0
59147.59551611155,0.0
58421.61129666699,0.0
56275.07638483783,0.0
56544.614142585626,0.0
55070.94730663106,0.0
55299.43758574856,0.0
55824.857725875525,0.0
54910.11624364056,0.0
54902.05210494346,0.0
53697.781982913206,0.0
53846.464670406014,0.0
54457.54969758626,0.0
53468.87912251201,0.0
52063.62054437984,0.0
52273.911885487345,0.0
53179.14172146961,0.0
54965.521117363765,0.0
54547.956726182165,0.0
55768.73024430513,0.0
57408.14864508979,0.0
58685.18329159565,0.0
58680.527876164946,0.0
60258.7820465456,0.0
59768.893654244006,0.0
61150.092713259066,0.0
62528.00039459142,0.0
61545.86596020896,0.0
61825.18726714006,0.0
62851.74347274222,0.0
61454.41402661176,0.0
63088.17637130102,0.0
63646.537109253986,0.0
63314.48471744298,0.0
62027.73554533022,0.0
61096.41460190777,0.0
62405.95753338143,0.0
61438.8437548291,0.0
62805.41972109882,0.0
60913.30917733596,0.0
60973.671935545266,0.0
59743.2592043077,0.0
57750.93521876365,0.0
56575.49943825879,0.0
55802.46717859583,0.0
56150.16302392933,0.0
57119.321803120285,0.0
55762.18587242353,0.0
53531.50634554396,0.0
55929.80155440283,0.0
54588.52194164796,0.0
55504.843144260325,0.0
55734.15355636993,0.0
54634.79891234906,0.0
56509.56274832733,0.0
55411.43401305523,0.0
54812.79782452976,0.0
56386.062162455426,0.0
57677.47604727109,0.0
58915.50745511135,0.0
58818.42723160035,0.0
60390.102716629204,0.0
62099.72351466186,0.0
61481.966128372565,0.0
62897.80686268702,0.0
64545.38255802458,0.0
65765.16811490274,0.0
64352.279592771585,0.0
64096.95492687402,0.0
63365.051096862226,0.0
62187.839212059764,0.0
63442.92220449023,0.0
62700.166026635765,0.0
61385.23034757031,0.0
60297.321983546746,0.0
59798.001204558845,0.0
60476.060269309346,0.0
60169.008886725045,0.0
61144.37702257121,0.0
63484.25501426127,0.0
62292.45082063701,0.0
62122.64997187711,0.0
60370.24223794145,0.0
58728.99489715609,0.0
57892.97792705383,0.0
57484.53868981293,0.0
58795.29038863499,0.0
58354.851569860024,0.0
56677.21004430296,0.0
58113.37752040452,0.0
56699.04187702456,0.0
58854.632740821624,0.0
59302.75939545499,0.0
58369.182560838926,0.0
58787.15729200833,0.0
58751.45444204243,0.0
58492.41556095783,0.0
60142.441681781085,0.0
60150.842270459885,0.0
60861.00980848538,0.0
58956.345800369825,0.0
60136.21323755199,0.0
60826.471718351786,0.0
61403.666736092244,0.0
62077.50237282985,0.0
63755.2998701421,0.0
61547.625203997544,0.0
60701.17043867639,0.0
59548.74890411172,0.0
58231.84788714106,0.0
58395.27961144376,0.0
58551.32282515986,0.0
57963.05018659606,0.0
57607.10467711916,0.0
56248.36866748081,0.0
58162.79224389976,0.0
57369.41365783756,0.0
56697.73077429381,0.0
56113.607982875306,0.0
57587.30962827156,0.0
56624.09020716831,0.0
57684.59152320466,0.0
56187.30503559441,0.0
54829.002024880945,0.0
55539.55372666834,0.0
54538.89162030094,0.0
55033.98042343924,0.0
54805.05882624975,0.0
54580.272989680285,0.0
54853.15805841104,0.0
55513.869632771544,0.0
56542.28520155061,0.0
57051.315296832065,0.0
59142.36577441003,0.0
59165.404732510025,0.0
57488.953178787764,0.0
58150.810649321626,0.0
60978.63072683058,0.0
58679.916431587626,0.0
58207.412299753225,0.0
57690.91812701416,0.0
55718.81056990831,0.0
57242.16960996056,0.0
58232.66305849573,0.0
59227.12378197859,0.0
59747.39811049918,0.0
58621.151760261724,0.0
58302.18370344103,0.0
56869.605295508765,0.0
55490.077675416906,0.0
54104.75515647975,0.0
55224.67980706821,0.0
56562.519768380866,0.0
57764.87282627163,0.0
56093.620724934764,0.0
54630.13544412571,0.0
56217.25394614486,0.0
57591.190604681426,0.0
57675.60512551783,0.0
92816.95593072203,1.0
92816.95593072203,1.0
92816.95593072203,1.0
59204.835373621085,0.0
59136.655322416686,0.0
57610.208670436026,0.0
55872.86086675406,0.0
57363.99854385553,0.0
56022.59236464226,0.0
57565.525102070125,0.0
57507.863964935925,0.0
59541.298232370784,0.0
60177.815152220246,0.0
60028.042741670346,0.0
61111.260681513406,0.0
62733.759946739665,0.0
65397.81666253513,0.0
65997.62049615139,0.0
64819.44255330873,0.0
63185.71224300246,0.0
61790.54354502461,0.0
61687.310841063205,0.0
60562.379966713444,0.0
59498.14667419479,0.0
57934.89959966583,0.0
56170.89257090266,0.0
54919.33920754801,0.0
54408.63658239781,0.0
55355.04835895661,0.0
57032.089205304364,0.0
55908.72642417616,0.0
55080.00027782431,0.0
56225.49328388076,0.0
56165.65995505646,0.0
58414.228002024625,0.0
58505.021087314526,0.0
57467.61008222506,0.0
56991.57287370786,0.0
54840.14871646391,0.0
57115.77847600176,0.0
56767.47134495656,0.0
57009.89059192986,0.0
57235.10105170896,0.0
57246.84052864746,0.0
58973.409148335326,0.0
57140.23754386636,0.0
57208.38943524586,0.0
57587.65780231436,0.0
59308.20052161193,0.0
58941.11694179123,0.0
58923.30417616653,0.0
58883.37552754103,0.0
60453.70004949719,0.0
60698.148856091386,0.0
61868.11569911664,0.0
61201.30501430869,0.0
61716.24308539295,0.0
63863.0483903604,0.0
63489.50688412451,0.0
63103.32204278094,0.0
63974.2965885329,0.0
63228.00575723704,0.0
64159.972539131704,0.0
65706.83356064376,0.0
66896.22165544743,0.0
64845.91957492907,0.0
65177.462716965805,0.0
65572.74666803917,0.0
65636.8909344307,0.0
64916.4979056571,0.0
66066.53133847986,0.0
67971.09014682902,0.0
66695.25342740587,0.0
67762.46998744963,0.0
67945.07101559143,0.0
67197.52625771027,0.0
66107.03874589557,0.0
65231.233676685406,0.0
64172.670119037044,0.0
64838.54368900441,0.0
63346.53804503815,0.0
65885.50893549771,0.0
65180.967946602905,0.0
65109.6826704881,0.0
64089.46152997765,0.0
65331.145541290905,0.0
63951.90627921025,0.0
62269.02453650629,0.0
61065.01708633592,0.0
60294.52058392056,0.0
60181.698083317955,0.0
59788.89427024007,0.0
62263.12545311883,0.0
60536.421784757156,0.0
61153.87515246353,0.0
59974.475909681365,0.0
58864.62374956756,0.0
61724.64922677833,0.0
60172.22317994916,0.0
58385.71352669791,0.0
57074.230358517445,0.0
57151.11640273515,0.0
57454.00899735394,0.0
56730.11437235274,0.0
56017.15933544068,0.0
54478.193454123124,0.0
55332.45143610388,0.0
55443.81282214458,0.0
57553.17827627764,0.0
56813.52006962594,0.0
57739.79437031521,0.0
57669.005057575705,0.0
58118.723339659606,0.0
59582.00337381246,0.0
58141.480269188614,0.0
56515.32000366475,0.0
54468.44748132399,0.0
56355.06919076694,0.0
58188.730274061105,0.0
57000.22803414751,0.0
59379.81402807486,0.0
58597.74759857566,0.0
60387.49849673363,0.0
58523.23356896046,0.0
59254.67022549726,0.0
57310.65105950631,0.0
59017.61346775136,0.0
59940.10996385333,0.0
58359.696143981564,0.0
58199.217488910464,0.0
58278.46828253586,0.0
57116.86386855071,0.0
57685.35154515711,0.0
55958.98298729264,0.0
54096.45921722558,0.0
52967.963745319925,0.0
52496.648114788026,0.0
51198.88159351176,0.0
50039.1528567662,0.0
52295.17204011077,0.0
51405.99355656016,0.0
49936.223322979204,0.0
50469.04917521097,0.0
53068.64655668172,0.0
54475.31838137939,0.0
52053.02599794502,0.0
54008.41011995488,0.0
53705.66678309178,0.0
52635.16973780152,0.0
53812.58042866078,0.0
52947.99551196372,0.0
54065.370176933684,0.0
54023.635832364685,0.0
54137.373119042284,0.0
51974.83564838923,0.0
50815.150469072265,0.0
53122.91959899842,0.0
51330.76191538497,0.0
52828.62405595812,0.0
50818.98669368406,0.0
53502.619934279326,0.0
52582.43466591642,0.0
54376.38082408338,0.0
55550.22180418034,0.0
54607.24156935098,0.0
55405.55117693114,0.0
56116.32598829524,0.0
56171.443189791346,0.0
56991.85146076431,0.0
58139.97570447966,0.0
60317.64436087403,0.0
59410.91204221363,0.0
61950.96798111449,0.0
63421.30998320154,0.0
62098.46490505079,0.0
61768.114201084885,0.0
63995.77737713625,0.0
61974.52467407859,0.0
61757.11379882108,0.0
60635.51456162373,0.0
60402.97841919213,0.0
60473.484593284826,0.0
59671.505871657864,0.0
58294.67431668251,0.0
59566.82007620196,0.0
58359.234118066306,0.0
58461.20110345581,0.0
59887.44684397096,0.0
62095.463471909025,0.0
61346.80354704613,0.0
60478.34802520856,0.0
61596.449501721625,0.0
60024.17669232446,0.0
60146.74157061207,0.0
59211.41230752331,0.0
59033.979856459104,0.0
57968.60049880864,0.0
56710.068709643085,0.0
58323.12040217484,0.0
56380.357695227285,0.0
55892.311619644424,0.0
53413.75277811206,0.0
53480.42399864656,0.0
54622.30780473966,0.0
54725.48193676416,0.0
52548.611359511604,0.0
54590.45569771367,0.0
54008.623486349665,0.0
53693.757788558905,0.0
53211.880514480996,0.0
54590.974394466655,0.0
55971.10886413843,0.0
55701.86830643352,0.0
56480.846000485224,0.0
56226.57932263773,0.0
56439.69194528482,0.0
56018.200983503426,0.0
56186.83554063442,0.0
55052.951887964366,0.0
52983.22394697001,0.0
54688.806769174465,0.0
54824.67668336276,0.0
56661.207281024625,0.0
54746.10291061706,0.0
53310.5217651236,0.0
52450.14707954765,0.0
52043.871881913445,0.0
54069.383616768806,0.0
51721.74874818865,0.0
52181.49024575115,0.0
50628.61816757888,0.0
52119.84515772294,0.0
52544.68157303105,0.0
53926.207356632905,0.0
51995.119994892644,0.0
50188.58633129838,0.0
49156.98417004112,0.0
49872.28532990412,0.0
49371.185526754525,0.0
50439.797685575075,0.0
50722.192717681275,0.0
50975.600291417984,0.0
51301.04731380408,0.0
52205.337477367146,0.0
50230.60339536627,0.0
49938.71487911593,0.0
49129.17877965652,0.0
50953.531059234374,0.0
52266.873047472545,0.0
49650.44490439037,0.0
49496.47278471392,0.0
50234.038431629975,0.0
49930.715429277276,0.0
48803.52640562483,0.0
50156.062123053984,0.0
50087.27735057378,0.0
48577.76460185622,0.0
50506.73768707708,0.0
48892.915350809024,0.0
48599.78943229723,0.0
48228.36838738092,0.0
47421.896094126365,0.0
48578.614348468924,0.0
49541.85207172228,0.0
48071.05314950882,0.0
48112.805766120124,0.0
48100.14313847572,0.0
46849.10886729496,0.0
48382.370492306625,0.0
49508.29558002688,0.0
48801.77702175828,0.0
49481.31726165768,0.0
49709.89684781288,0.0
48829.54980095248,0.0
49994.098973466746,0.0
52306.34133302241,0.0
51866.87785198451,0.0
50760.00536524295,0.0
49075.82682697158,0.0
48352.81953538602,0.0
48148.33683678202,0.0
49341.82746537878,0.0
49395.726478187484,0.0
50829.064829565345,0.0
49487.31770523738,0.0
47362.68047059492,0.0
46848.88340396546,0.0
47195.59748851393,0.0
48344.55227393698,0.0
50442.807821884446,0.0
52142.33266033251,0.0
52077.032217174106,0.0
52161.5465680724,0.0
52015.0443596111,0.0
51792.10597285531,0.0
50683.03778111155,0.0
51297.55699283924,0.0
51999.563763340506,0.0
52307.08233421361,0.0
52345.559982930405,0.0
52644.654506563005,0.0
50477.01528311655,0.0
50776.60647733815,0.0
49660.75036346898,0.0
48065.329273969124,0.0
48332.195151678025,0.0
48236.91013444102,0.0
48048.11708045773,0.0
49277.251417586274,0.0
51597.88966258515,0.0
51413.39655277545,0.0
53109.35263273631,0.0
53501.48489426206,0.0
54755.705181037265,0.0
54575.446574358364,0.0
54369.478392413264,0.0
54793.213956994565,0.0
54779.07127156336,0.0
56379.13704399392,0.0
55022.56905598457,0.0
53574.776401671304,0.0
55045.54542600896,0.0
54862.59896640177,0.0
56715.024582369224,0.0
55048.72956101476,0.0
54378.327388352205,0.0
54035.496298399805,0.0
54585.235564717506,0.0
55434.18850984317,0.0
54165.82493777141,0.0
56010.71115316557,0.0
56190.553924380765,0.0
55471.10016937397,0.0
54840.55860208371,0.0
56404.909166300065,0.0
57336.94722052892,0.0
57810.68683425372,0.0
58804.06785141018,0.0
57515.66319269143,0.0
57706.247077727625,0.0
58987.23927892318,0.0
59812.58821035849,0.0
59339.776037206386,0.0
60663.39310865454,0.0
60293.37274987834,0.0
59545.98064019489,0.0
59300.80516731138,0.0
60875.61174386235,0.0
60941.84770835705,0.0
60520.602391929046,0.0
61311.70344608925,0.0
61259.86176166644,0.0
62763.5139218347,0.0
60952.77691532014,0.0
60626.68290118144,0.0
63389.236782438515,0.0
63224.51084646891,0.0
62588.242428446814,0.0
62259.17023011281,0.0
61315.21611793654,0.0
62774.66889773291,0.0
60669.910132366145,0.0
59904.41878555248,0.0
58635.33450232222,0.0
59199.142488569225,0.0
58213.311773398425,0.0
59441.935168488024,0.0
57630.27249822437,0.0
58551.912339938324,0.0
58427.61006783042,0.0
57282.56837937706,0.0
57568.32805185937,0.0
59002.73964388792,0.0
58537.001014088724,0.0
56771.404883545765,0.0
56004.54050930821,0.0
57352.25424487576,0.0
55343.7849217615,0.0
55145.10903084271,0.0
55433.145338824106,0.0
54163.74834263224,0.0
52519.74460308098,0.0
50792.52119369702,0.0
52216.87719622158,0.0
54156.89416450185,0.0
54063.503963957344,0.0
53894.476084377646,0.0
53498.08653904464,0.0
52225.86899436028,0.0
50438.36492613542,0.0
49700.41727934536,0.0
48707.41233691246,0.0
49200.494067107065,0.0
49152.44222568566,0.0
48963.47233154266,0.0
51403.18216381272,0.0
51267.061489268024,0.0
48861.78695423296,0.0
50550.938334725826,0.0
51863.19475374848,0.0
51859.27455429888,0.0
50431.06858224902,0.0
49980.114897381325,0.0
50812.98676630338,0.0
49976.88140546113,0.0
51730.186455207775,0.0
51254.11039996968,0.0
52936.30604670515,0.0
51114.78011978249,0.0
52835.347638824045,0.0
54296.598331466004,0.0
54127.42648057951,0.0
55112.53992947006,0.0
55865.70626242536,0.0
54012.39967180691,0.0
54969.62335172636,0.0
55165.075486303365,0.0
56826.79548920071,0.0
57889.829613927184,0.0
58933.80518330944,0.0
57815.079947766586,0.0
56738.56834929623,0.0
58204.15341544258,0.0
60101.568617449346,0.0
57953.99938759148,0.0
59290.175559149444,0.0
60773.44964148491,0.0
59979.973040392346,0.0
57952.84389014359,0.0
58235.726569156184,0.0
59041.00803099558,0.0
56491.35312084052,0.0
56682.39288631782,0.0
55451.218838633766,0.0
56484.26566967872,0.0
55761.13841753147,0.0
56405.46873078252,0.0
55644.926560610365,0.0
54126.46378020081,0.0
55633.536744101264,0.0
56336.13935184287,0.0
57641.191765948926,0.0
56676.76831767327,0.0
57879.300807878026,0.0
56236.176024457265,0.0
57425.22053502372,0.0
56394.90044977167,0.0
55086.8893061454,0.0
56355.51698776336,0.0
56007.67797221037,0.0
56859.64999945546,0.0
54991.931327062506,0.0
54912.99903780231,0.0
56846.69770715176,0.0
55367.17732220421,0.0
57324.97656311757,0.0
58322.07330864073,0.0
57543.462974685266,0.0
57333.164093849366,0.0
58781.51755292832,0.0
57313.16519210246,0.0
57891.81727559786,0.0
58792.23346080112,0.0
60198.88985381488,0.0
61983.27497922134,0.0
62059.08500294034,0.0
62767.951609335345,0.0
63522.44161072941,0.0
62501.36671299185,0.0
62278.61708790554,0.0
61507.08722815618,0.0
61239.46237536479,0.0
61338.830074107784,0.0
61280.179407605785,0.0
62324.92504896994,0.0
62497.248411693945,0.0
62969.95675709474,0.0
62472.15801980574,0.0
61926.61567579178,0.0
59698.771571493024,0.0
59790.679214943026,0.0
61255.60220595588,0.0
61738.744717796784,0.0
62136.87645667108,0.0
61248.212419600386,0.0
61695.268819345976,0.0
63300.81016697094,0.0
62753.88818672084,0.0
64651.33143053201,0.0
63303.031831184446,0.0
65162.72753711021,0.0
63656.853792119146,0.0
62983.551889593946,0.0
63060.658688188545,0.0
61813.480943622686,0.0
62744.866012896244,0.0
61685.71002693808,0.0
62383.88333585028,0.0
60562.04101296203,0.0
62368.45925214338,0.0
63779.437086508144,0.0
63227.20809397154,0.0
61923.668955079884,0.0
64141.30880007844,0.0
63336.01965553114,0.0
64917.17629788561,0.0
65222.53626736751,0.0
64755.08129786611,0.0
63426.44012213484,0.0
61513.051450670086,0.0
61223.80303975452,0.0
58818.885856068366,0.0
60041.77022011262,0.0
58821.155662854566,0.0
60998.99613972052,0.0
59721.01552778273,0.0
61629.16816385978,0.0
62626.795281985644,0.0
62654.93230636434,0.0
61582.41798571908,0.0
63093.542250963044,0.0
63465.940308854944,0.0
64092.7547711333,0.0
65735.65455207996,0.0
63163.179267450905,0.0
62736.70493205055,0.0
64614.66010855521,0.0
64164.655734515705,0.0
