410.760395816278,0.0
461.66243028941904,0.0
1063.4814921014809,0.0
1605.6763363862447,0.0
1890.5172548494568,0.0
841.4092367882408,0.0
1105.9417981074607,0.0
886.1954260247779,0.0
554.7728998518401,0.0
1884.5607523518738,0.0
931.2797726736748,0.0
983.146467923943,0.0
441.898205232496,0.0
286.44801828550317,0.0
341.3286217612831,0.0
361.4636002152471,0.0
138.1065664934622,0.0
-667.6243808350807,0.0
-191.41144605634167,0.0
-680.7060754412478,0.0
180.68766302707218,0.0
-73.78174821972175,0.0
379.08656157319206,0.0
632.4054774445824,0.0
881.9144418954461,0.0
1585.17592000889,0.0
1801.89155475983,0.0
1258.58052062494,0.0
1582.824306411114,0.0
2031.413411308814,0.0
1959.0398104806038,0.0
2366.405921761098,0.0
2413.897802784888,0.0
2844.4749809314017,0.0
2801.8713404040373,0.0
3432.2723970636616,0.0
3381.241418225861,0.0
3412.7860133260256,0.0
3451.752120596552,0.0
2465.2187891041876,0.0
2616.874283846394,0.0
2708.704724673628,0.0
1875.308319287354,0.0
1733.3658816798638,0.0
2093.6906455166077,0.0
1609.807452292404,0.0
1912.2847532117478,0.0
2754.6959386910876,0.0
3107.9102234954116,0.0
2732.179552306902,0.0
2852.6114449217016,0.0
2115.424535008338,0.0
2487.080988161684,0.0
1403.809160740701,0.0
2085.9677992319475,0.0
2626.5625374129118,0.0
2204.418608167288,0.0
1899.3510948706767,0.0
1678.9194164941487,0.0
1933.2352165496986,0.0
2398.893610622693,0.0
2224.0349035221725,0.0
1868.5564095056918,0.0
1584.810947769257,0.0
1792.5452763238488,0.0
2563.5705284559467,0.0
2459.6343411886974,0.0
2974.959586555849,0.0
3368.2059728818967,0.0
2759.132811707438,0.0
2684.886373029274,0.0
3192.8965569978736,0.0
2843.3267706032684,0.0
2464.7262890996813,0.0
2658.893343520586,0.0
3233.3842097576085,0.0
2380.0903296756774,0.0
1751.2543143939788,0.0
952.6683708523638,0.0
241.76762342268376,0.0
397.3401120811408,0.0
1498.0416392839845,0.0
1787.3734014647337,0.0
1914.9578982534272,0.0
1315.6282494713746,0.0
1767.470229600746,0.0
1692.8326166277448,0.0
757.3899386426697,0.0
724.5791708019169,0.0
988.2309786619778,0.0
678.1939586833239,0.0
445.18590665495185,0.0
704.5937666848438,0.0
888.9450011794056,0.0
1345.0364591460998,0.0
1176.8424197090999,0.0
1526.156996573252,0.0
1584.0379683515507,0.0
1183.7279084589277,0.0
1917.291674345271,0.0
1357.2518282050667,0.0
859.4768154167657,0.0
425.9989022269217,0.0
156.61384986643384,0.0
-209.59062390335225,0.0
-137.66688931219005,0.0
-225.67438256738205,0.0
237.091397261379,0.0
-421.9450481332831,0.0
-186.808950329995,0.0
-1319.4457467449809,0.0
-976.5137452133272,0.0
-621.575360838861,0.0
-1074.2113589044498,0.0
-1091.76536379655,0.0
-662.3646118987949,0.0
-1315.103079141632,0.0
-310.058334005326,0.0
281.22292487674395,0.0
-272.254064073795,0.0
-791.5944101751829,0.0
-634.2755565951999,0.0
-1473.8548795957238,0.0
-838.6482241409209,0.0
-1368.0375063873928,0.0
-440.8463790674599,0.0
-894.0676569377227,0.0
-1716.1126014541258,0.0
-1639.2922847753398,0.0
-1668.1551561270608,0.0
-622.9618234368438,0.0
-701.4284345532349,0.0
-223.1860322004128,0.0
-231.44876277236386,0.0
863.3315719768691,0.0
896.2291633285579,0.0
1368.7195513543018,0.0
1527.213940404447,0.0
1134.5492425861469,0.0
700.407715067611,0.0
809.1471811821762,0.0
661.6462995353761,0.0
112.72915528685212,0.0
-556.048951535857,0.0
-958.3954073003657,0.0
-323.62316902912175,0.0
117.20319912383206,0.0
-96.19998752147194,0.0
-231.44820900714558,0.0
-1194.04094875512,0.0
204.13503121186432,0.0
-634.0693930288458,0.0
299.26448181707815,0.0
650.8424883778043,0.0
-266.25292033689993,0.0
-96.39715748529557,0.0
240.94068540938815,0.0
747.0167441444582,0.0
594.5801629354482,0.0
514.2370629935779,0.0
769.8719700390484,0.0
1032.0892095952322,0.0
2560.777534528326,0.0
2762.20920349268,0.0
2004.3583101416061,0.0
1511.3952741443422,0.0
1124.203387352682,0.0
1595.835582974792,0.0
1209.626305799692,0.0
1004.9463095051522,0.0
1446.3602852346285,0.0
53.96736682529399,0.0
255.68776780209419,0.0
-342.9678586422101,0.0
-457.58607422374007,0.0
-462.9097963557738,0.0
-667.4571833320501,0.0
-261.2829853800504,0.0
-398.9821885517699,0.0
-1173.8358774818635,0.0
-1265.8599197939475,0.0
-918.5535475535034,0.0
-509.89825754022013,0.0
453.10101539325433,0.0
273.95587999006466,0.0
36.58459447755422,0.0
566.8524649007281,0.0
238.14988037431817,0.0
366.37432980814833,0.0
1229.7159547406823,0.0
332.32319186506834,0.0
340.37460423182824,0.0
396.89003803110427,0.0
-531.2449566279156,0.0
440.07703322146835,0.0
1142.2216244715723,0.0
660.6135294925161,0.0
460.3434187698722,0.0
762.497573910266,0.0
671.7426798713261,0.0
925.386174024599,0.0
914.081020647761,0.0
1059.022683653516,0.0
1273.15333349941,0.0
1762.510043770054,0.0
1953.950357057654,0.0
1277.543837006236,0.0
1598.195396556574,0.0
1749.0963019868886,0.0
1550.1536444169499,0.0
1951.74888812145,0.0
1610.7108023206588,0.0
1692.7489400374177,0.0
1905.1869312344227,0.0
1919.1437147120018,0.0
1274.380699483254,0.0
-109.249820181518,0.0
342.13439392163,0.0
1029.1728097568569,0.0
-298.259731549351,0.0
634.116918862974,0.0
-30.970224958794898,0.0
686.2671130957749,0.0
500.1197012272453,0.0
545.675132016361,0.0
-954.0658818644149,0.0
-63.0727310402506,0.0
104.68775860493696,0.0
558.7492132069431,0.0
1615.7632646884858,0.0
888.7694302048658,0.0
851.4286991878769,0.0
323.1939839857979,0.0
858.1594472163408,0.0
43.950254528981816,0.0
1008.0019873822325,0.0
1395.149149234886,0.0
1262.2393377773237,0.0
1617.8604910156166,0.0
1803.6104148145166,0.0
2030.161856835472,0.0
1560.7654136083086,0.0
2914.939963342141,0.0
2911.8375619234444,0.0
2493.8674396199326,0.0
3590.1014310935684,0.0
3982.9126993901154,0.0
3697.2820372170236,0.0
4014.9843485316874,0.0
4591.2505761739585,0.0
3616.228368621192,0.0
3840.0503861859465,0.0
3373.8354235504685,0.0
3889.0197520686784,0.0
3180.105631930794,0.0
2927.569438457598,0.0
2930.090063962991,0.0
2717.625604860351,0.0
2787.797252081286,0.0
3657.7373875423305,0.0
3799.2852035257397,0.0
3435.559011429299,0.0
2959.5787709554643,0.0
3368.4311063005857,0.0
2700.741477509072,0.0
3838.7025961185755,0.0
2986.539566577798,0.0
3473.19221205682,0.0
3181.936573031903,0.0
4157.926362546754,0.0
4953.604006099988,0.0
5470.964205306078,0.0
5343.087778731531,0.0
4680.109456057888,0.0
5526.597902059151,0.0
5403.224471902908,0.0
4840.225205030763,0.0
5272.901257334004,0.0
4820.702797991753,0.0
4453.496854205543,0.0
5843.423235938298,0.0
5244.143886325378,0.0
5370.889238298783,0.0
5398.178001256674,0.0
5410.785903207143,0.0
5411.9682577494805,0.0
4356.946989647586,0.0
4545.10552404982,0.0
5529.081794701374,0.0
5973.789269921297,0.0
6298.706481448968,0.0
7154.449371061692,0.0
6581.667963373895,0.0
7623.353847023151,0.0
8241.853375469473,0.0
7938.97696088717,0.0
7570.00916516651,0.0
7947.4296148936,0.0
7479.351058297316,0.0
7866.229693464091,0.0
8340.610256968363,0.0
9358.769711111578,0.0
9608.680324283272,0.0
10031.103494923762,0.0
9815.112906211494,0.0
9506.678608771555,0.0
9780.843823432684,0.0
9447.143404256141,0.0
9825.690760675525,0.0
10253.37354407507,0.0
9378.374723785044,0.0
10106.22863030025,0.0
9503.562478766415,0.0
9935.550744958644,0.0
9925.614866565254,0.0
9794.137424578292,0.0
9167.114696439132,0.0
9547.715218480862,0.0
9057.325245420001,0.0
8199.684754880156,0.0
9279.221049713922,0.0
8443.166863676177,0.0
8300.751096794836,0.0
8282.412453430878,0.0
8829.729227636217,0.0
8446.953278448753,0.0
7726.04305173272,0.0
7264.520587689311,0.0
6389.174594172835,0.0
7318.35631972929,0.0
8040.411472079603,0.0
7896.124194391733,0.0
7180.96523533299,0.0
6603.177879777146,0.0
6693.49398509167,0.0
6557.3165636709955,0.0
5882.893454986832,0.0
6317.952298592984,0.0
6662.300342804951,0.0
6786.390697013493,0.0
6908.295150914243,0.0
6794.53355588938,0.0
6502.24819559412,0.0
5945.466378268276,0.0
5823.310406543005,0.0
6766.53809234961,0.0
6757.665310906823,0.0
6776.932876155253,0.0
6691.264984443993,0.0
6281.933283405867,0.0
6028.36906623109,0.0
5922.967872161355,0.0
5118.7900216488115,0.0
3969.3155796544615,0.0
3925.8573953564437,0.0
3548.4057091721697,0.0
2814.4067485065625,0.0
3543.0459252434002,0.0
3201.375856300302,0.0
2886.7522323286403,0.0
3918.9392621811003,0.0
3250.92303721308,0.0
3316.2439892406983,0.0
3944.3979644884134,0.0
3654.2130372595016,0.0
3051.1348271627176,0.0
4090.0249052330955,0.0
4005.4085149977973,0.0
4843.349410198921,0.0
5805.710585314462,0.0
5436.009584699181,0.0
6023.57768744068,0.0
5307.536902779658,0.0
5904.044081562087,0.0
6324.257304868523,0.0
6170.450177668944,0.0
6946.4000740678475,0.0
6186.269410945756,0.0
6783.658293931967,0.0
6354.721723161975,0.0
7073.941807893346,0.0
6824.615972841368,0.0
6916.411587341746,0.0
6902.8482019119265,0.0
7939.040255730784,0.0
8453.15192932386,0.0
8124.262724518555,0.0
8239.943751333753,0.0
7376.178215548124,0.0
8195.263906022705,0.0
8586.0274303695,0.0
7281.610415537947,0.0
7626.877482622452,0.0
7395.391375933932,0.0
7101.629212879057,0.0
6796.77398826207,0.0
6406.657631601773,0.0
6355.25125772485,0.0
7144.112779514313,0.0
7121.370338922683,0.0
7050.898508681993,0.0
6660.612525514533,0.0
7525.327645765574,0.0
7530.935783184853,0.0
7972.3808799243525,0.0
6437.235312768,0.0
7011.389234653951,0.0
7735.66016077512,0.0
7772.000715369383,0.0
7758.16535686329,0.0
8058.190415249903,0.0
8477.126818868186,0.0
8794.831461639447,0.0
8481.146221991603,0.0
9016.291452915102,0.0
9875.709488410335,0.0
9684.726675220012,0.0
9562.917168374091,0.0
9439.685350666541,0.0
9802.870299701792,0.0
9008.040820742088,0.0
8704.425857347176,0.0
9104.820812303638,0.0
9602.612050121143,0.0
9823.361243057181,0.0
10120.137560769985,0.0
10006.114148958202,0.0
10991.213684452116,0.0
10283.28224004041,0.0
11575.377699827513,0.0
10699.78475113017,0.0
10270.995767066644,0.0
9918.995376700925,0.0
10444.966914763765,0.0
10658.933173766236,0.0
10113.790440275705,0.0
10720.992649225442,0.0
9869.342862451862,0.0
9883.781671642015,0.0
11077.76141476875,0.0
12365.400069677593,0.0
12125.276389539511,0.0
12512.964786207045,0.0
11861.893629927703,0.0
11750.169829341223,0.0
11451.868385661382,0.0
11096.007505365264,0.0
11341.745494081435,0.0
11168.097304581082,0.0
10953.193286554982,0.0
10693.95378475653,0.0
10727.866664811754,0.0
10671.69858712051,0.0
10430.31715118421,0.0
11068.756491774722,0.0
10302.3238860697,0.0
11073.2409730323,0.0
9801.713384614366,0.0
10194.213479088896,0.0
9891.423221712652,0.0
10535.055145676955,0.0
10218.188272300333,0.0
8995.107978360682,0.0
9805.299459404323,0.0
9767.512087294244,0.0
10324.56730293313,0.0
11282.395039285902,0.0
10566.441432107353,0.0
10922.093616119502,0.0
11106.591241275966,0.0
11411.306317695451,0.0
12452.980401585846,0.0
11868.620019048165,0.0
12303.51792504962,0.0
13026.240448815834,0.0
13527.544093403645,0.0
13368.66863033865,0.0
14464.892758280504,0.0
13834.162288981845,0.0
14186.563513380479,0.0
13665.13973899579,0.0
14801.918166820293,0.0
14895.305514717335,0.0
14512.585526577474,0.0
15085.850463090334,0.0
15325.717674314536,0.0
14618.489981389494,0.0
15609.460123775516,0.0
14500.807267370417,0.0
15030.581040604757,0.0
15168.175656315287,0.0
15027.78306238887,0.0
14736.316237781168,0.0
15255.93569950743,0.0
15588.510185740914,0.0
15723.037451338912,0.0
15622.877379967904,0.0
15380.178597869322,0.0
16359.30753769806,0.0
15419.066909210633,0.0
14895.14303658283,0.0
15236.31240421182,0.0
15123.823161278176,0.0
13515.060465756182,0.0
13647.71487407115,0.0
13709.08797104763,0.0
13591.312970179759,0.0
14407.189185040308,0.0
13995.310620302058,0.0
13920.294606877234,0.0
13412.985254255529,0.0
13431.825584500004,0.0
13480.219495626494,0.0
13409.174226724745,0.0
13499.110810045719,0.0
13893.412450462,0.0
14216.346693801814,0.0
15358.236204143046,0.0
14525.441043227467,0.0
15339.10074747067,0.0
15530.912329950463,0.0
15587.826572484382,0.0
15459.37558973953,0.0
15921.705530760182,0.0
16377.30721487826,0.0
17577.864062939894,0.0
17653.488455245017,0.0
18595.63490757209,0.0
18406.113066127833,0.0
19192.70575607928,0.0
18882.28700358229,0.0
19367.689225643982,0.0
18163.70654845893,0.0
19508.053783353702,0.0
19273.83601439031,0.0
19629.16655353068,0.0
18314.236198455852,0.0
18736.25821527911,0.0
18399.132475603354,0.0
17357.682746911963,0.0
17951.564138410482,0.0
17512.39947456129,0.0
16612.873218704073,0.0
18052.70896936067,0.0
17935.529222860143,0.0
17833.4188335716,0.0
18153.780610861708,0.0
17381.56983542715,0.0
17856.582675133373,0.0
17234.81588473898,0.0
18227.136125380344,0.0
17600.77518255354,0.0
17994.32041501338,0.0
19033.968165150913,0.0
19406.562653442357,0.0
19922.908086550968,0.0
19742.548844601195,0.0
19302.273522738615,0.0
19695.402582165487,0.0
19452.424323279934,0.0
19047.880325306767,0.0
18627.989698654692,0.0
18713.354605437242,0.0
19349.77095995465,0.0
19419.111461874134,0.0
19356.858767880003,0.0
18646.00978101038,0.0
18502.731397483272,0.0
18799.03630668207,0.0
19252.57216842549,0.0
19077.82412792492,0.0
19471.522934414254,0.0
18861.3093445245,0.0
18715.988725382384,0.0
18513.945025158275,0.0
18307.676603357744,0.0
18262.296192340582,0.0
19068.545736389533,0.0
18004.074761957978,0.0
18461.583493625374,0.0
18603.74023079856,0.0
18991.63231901655,0.0
19509.743388981373,0.0
19043.725614174138,0.0
18439.505499979154,0.0
18258.837051061804,0.0
18813.64494695057,0.0
19011.56918552466,0.0
18061.449694525003,0.0
19240.93427538909,0.0
18878.557412312162,0.0
18779.48437412582,0.0
19266.37303574485,0.0
19015.07557959132,0.0
19364.262739037662,0.0
19233.070640593804,0.0
20646.60020522089,0.0
20227.12128940218,0.0
20112.910162048764,0.0
19721.346329044736,0.0
18918.779989101055,0.0
20103.95018700361,0.0
19983.911058276302,0.0
19621.516833923295,0.0
19088.594190865493,0.0
19322.775710350135,0.0
19319.372418492694,0.0
18870.917991400045,0.0
19996.82597816584,0.0
19353.030956610342,0.0
19746.62558488562,0.0
19876.2380071466,0.0
21014.457160084792,0.0
20308.25740151455,0.0
19991.89617406059,0.0
20575.181476233673,0.0
20336.95168263671,0.0
19277.09427662751,0.0
20757.57968188282,0.0
20305.23454762745,0.0
19958.02119921927,0.0
20230.03864057968,0.0
20009.956580851,0.0
26966.901901233956,1.0
26966.901901233956,1.0
26476.24354750393,1.0
19634.24835258549,0.0
19894.44567674456,0.0
19149.81980597405,0.0
19411.78206488587,0.0
18917.10832820636,0.0
19076.92812714237,0.0
19020.67951603992,0.0
18719.703811624462,0.0
19775.26331182328,0.0
19585.181701527603,0.0
19149.70245033895,0.0
19094.089175818543,0.0
19369.1468170511,0.0
19979.724574585092,0.0
19682.9265957436,0.0
18799.57382325649,0.0
19423.10734426355,0.0
18523.89741577881,0.0
18887.519898013303,0.0
18650.919815125402,0.0
19665.17808961554,0.0
19258.01498362092,0.0
19303.63551832381,0.0
19316.4176827913,0.0
18200.28436053729,0.0
19054.65300216633,0.0
20035.83671781857,0.0
20157.70713269845,0.0
20471.781283936987,0.0
20448.228789218505,0.0
19998.95472401525,0.0
19746.26387368529,0.0
25670.040834343512,1.0
25670.040834343512,1.0
25670.040834343512,1.0
19404.80795943751,0.0
20216.82326468089,0.0
20575.531898776342,0.0
19516.51427982591,0.0
20859.918599211942,0.0
21464.158707383547,0.0
20655.80315400122,0.0
20810.485518424503,0.0
21711.989471052177,0.0
21161.134148110737,0.0
21115.825205947876,0.0
21115.612328529154,0.0
21732.5160001212,0.0
22377.72748175614,0.0
22795.665122741862,0.0
22934.42844365917,0.0
22728.950049898343,0.0
22446.21811577681,0.0
22543.65081799334,0.0
22991.805128801403,0.0
22534.518807261666,0.0
22094.38885447751,0.0
22586.01573746698,0.0
23178.935379187813,0.0
23909.27486737302,0.0
24033.53008313434,0.0
23861.7116438179,0.0
24786.13004286948,0.0
24422.294787410632,0.0
23745.417977083693,0.0
23345.82743903929,0.0
23575.21543643729,0.0
23693.30279689483,0.0
24258.962696154,0.0
24445.82398568904,0.0
23761.139111231812,0.0
24057.69897319549,0.0
23877.032622526513,0.0
24465.95037630146,0.0
23834.98442868143,0.0
23803.30714312185,0.0
23121.521955508666,0.0
24024.018268234122,0.0
23727.802753818392,0.0
23959.303497021523,0.0
23726.4998573788,0.0
23380.142333497817,0.0
23375.696072578736,0.0
22769.885911961523,0.0
22774.90720849884,0.0
23023.56626143111,0.0
22170.33805554343,0.0
22168.39250310787,0.0
22867.56216335107,0.0
23625.841102409788,0.0
23161.74282004989,0.0
22739.45570400296,0.0
23287.317576854177,0.0
23281.88438456222,0.0
22076.88673015019,0.0
21725.659595691952,0.0
21895.680026744023,0.0
21011.83380028759,0.0
21037.18910597137,0.0
20842.325045329035,0.0
20881.1425957575,0.0
21219.93135376304,0.0
20156.505950301336,0.0
19358.632525872814,0.0
20650.223212335914,0.0
20361.001677750344,0.0
20705.34793956347,0.0
20135.916112165134,0.0
21060.21495216262,0.0
20830.231095939984,0.0
20941.20010223526,0.0
19752.941349432127,0.0
19985.304624651915,0.0
19412.254652604992,0.0
19606.952696307264,0.0
19284.288152396195,0.0
19222.255829956324,0.0
19200.517016162452,0.0
18873.670696207657,0.0
18995.27411893853,0.0
18750.904229975822,0.0
18621.27294238688,0.0
18110.697603069442,0.0
18288.772593496295,0.0
18313.582939548658,0.0
19144.304170501633,0.0
18748.405913207593,0.0
19062.044238519935,0.0
19758.65277907937,0.0
20123.968283679413,0.0
20106.13654047386,0.0
20747.19317113704,0.0
20285.88845741941,0.0
20747.03901838127,0.0
21205.347012976144,0.0
21083.23905779437,0.0
21326.08676600163,0.0
21463.627962133185,0.0
20962.39087074286,0.0
21655.649423937906,0.0
21365.63615337813,0.0
21050.4033185269,0.0
20651.167523445234,0.0
20577.214355399792,0.0
20975.099327083797,0.0
20080.024222471166,0.0
21319.424327039247,0.0
20367.77598713196,0.0
20413.106846912622,0.0
20067.1078679592,0.0
19024.57458657506,0.0
18729.36751657488,0.0
18802.428638595036,0.0
19111.818979679505,0.0
19200.9451146542,0.0
18740.598530050767,0.0
17481.625257012503,0.0
18878.504044159836,0.0
18433.416722245824,0.0
18475.483137264466,0.0
18678.369198278237,0.0
18455.258589426143,0.0
19374.565679895266,0.0
18364.170724872245,0.0
18599.667979791942,0.0
19243.913200852578,0.0
19630.60767556944,0.0
19968.68499098746,0.0
19874.82620383736,0.0
20518.41306589832,0.0
21288.33356317153,0.0
20718.83510927662,0.0
21220.415046802085,0.0
21934.07440293815,0.0
22256.647847889843,0.0
21749.42957851503,0.0
22300.958366676176,0.0
21627.882432813058,0.0
21336.52588221053,0.0
21691.926406673665,0.0
21798.05595317583,0.0
21380.97467266651,0.0
21171.56942279178,0.0
20711.61772892793,0.0
21328.44419898428,0.0
21044.37482316342,0.0
21144.25324169528,0.0
22492.00988690956,0.0
22187.65540761103,0.0
22029.0544215833,0.0
21211.937802569642,0.0
20496.42625212533,0.0
20517.255862098766,0.0
20140.172115314934,0.0
20546.38256890506,0.0
20928.713485085354,0.0
20179.474425784214,0.0
20700.048329824676,0.0
20191.356337841473,0.0
21369.589809064513,0.0
20986.14393074692,0.0
20916.663822822753,0.0
21294.178743584675,0.0
21256.612190397656,0.0
21014.609984193656,0.0
21729.440288575068,0.0
21731.6195250161,0.0
22375.37471161208,0.0
21416.438976959485,0.0
21700.438967891,0.0
22325.315707976042,0.0
22057.689350824083,0.0
22667.072534680683,0.0
23405.49673661588,0.0
22168.029661508383,0.0
22175.18827421958,0.0
21902.277872244274,0.0
21478.690738854544,0.0
21619.786974492552,0.0
21753.86838199173,0.0
21206.99245122275,0.0
20872.328550436963,0.0
20409.193722537748,0.0
21361.46841323632,0.0
20625.991076576043,0.0
20790.42451318873,0.0
20245.8168702287,0.0
20794.037271654513,0.0
20691.11554732742,0.0
20860.973117966223,0.0
20269.16181330985,0.0
19804.22842783472,0.0
20442.2355724268,0.0
19515.07233659422,0.0
19955.610822435774,0.0
19733.820289183644,0.0
20304.48835453494,0.0
19752.370818533753,0.0
20343.625393965624,0.0
20482.12172337917,0.0
20145.467670753682,0.0
21255.471451635614,0.0
21262.948078112866,0.0
20504.93134712531,0.0
20307.515228677894,0.0
22090.83132402014,0.0
20763.420776523206,0.0
20317.182639792565,0.0
20619.51104657752,0.0
19590.57746194381,0.0
20180.5676485809,0.0
20283.199868272495,0.0
20389.43574942154,0.0
20850.86978287253,0.0
20595.379189238964,0.0
20289.311807301056,0.0
19753.706198434244,0.0
19266.652433537918,0.0
18774.346214658704,0.0
18995.48565133725,0.0
19415.985667954665,0.0
19712.660829632267,0.0
18959.168086550053,0.0
18395.78865591557,0.0
19044.656120628882,0.0
19498.688220391035,0.0
19562.418256125315,0.0
25532.011371369947,1.0
25532.011371369947,1.0
25532.011371369947,1.0
20119.75592648506,0.0
20044.75844078237,0.0
19425.192157395995,0.0
18612.94958570478,0.0
19175.723390996496,0.0
18726.00134730769,0.0
19336.576844316554,0.0
19272.455799915635,0.0
20332.06732790345,0.0
20114.392836745603,0.0
19966.742816581133,0.0
20158.07624288211,0.0
20842.84731218612,0.0
22480.405521539346,0.0
22230.39682480145,0.0
21932.363295155355,0.0
21217.97077844878,0.0
20722.00802923253,0.0
20618.94926995215,0.0
20370.64320744402,0.0
20178.10386181117,0.0
19529.456977951864,0.0
18697.462582728822,0.0
18334.373298960098,0.0
17860.19361295949,0.0
18718.83278748482,0.0
19457.025723179584,0.0
18423.269420032462,0.0
18448.065587848738,0.0
18700.831910059893,0.0
18640.37782594226,0.0
19902.369070160443,0.0
19980.083393106095,0.0
19815.086609282593,0.0
19374.803548091484,0.0
18191.37793682372,0.0
19479.060650136533,0.0
19156.10560750767,0.0
19373.54068260009,0.0
19575.381159406672,0.0
19582.129258214452,0.0
20368.394349989467,0.0
19477.01935877155,0.0
19535.694416855513,0.0
19878.984850257504,0.0
20660.121155940815,0.0
20320.996326184875,0.0
20301.345657009355,0.0
20261.513131201777,0.0
20905.46885270264,0.0
21125.75990599978,0.0
21403.604527533393,0.0
21579.39387409832,0.0
21258.17510264417,0.0
22429.31979273614,0.0
22084.36045540931,0.0
22516.655129227023,0.0
22520.859613962988,0.0
22623.68835623003,0.0
22683.51087785317,0.0
23305.57507231739,0.0
23600.611077449455,0.0
22510.47095244874,0.0
23598.469755452512,0.0
23166.884706569672,0.0
24010.04929423626,0.0
23346.70315764888,0.0
23604.88081541385,0.0
24552.916807873156,0.0
24169.93646621046,0.0
24351.817407268358,0.0
24513.357338491267,0.0
24612.91022647615,0.0
23609.74728786452,0.0
23591.56382961607,0.0
23406.014015043253,0.0
23219.54320463922,0.0
22637.125546488092,0.0
24163.17697504764,0.0
23511.5614819602,0.0
23438.82735370022,0.0
23286.878673318282,0.0
23625.51831771274,0.0
23144.7254103751,0.0
22385.98473700247,0.0
22064.930751349464,0.0
22140.077330863864,0.0
22027.560504783924,0.0
21658.735924898523,0.0
23122.777466780764,0.0
22322.422579492293,0.0
22087.882922672798,0.0
21787.55805150375,0.0
20761.725084051264,0.0
22577.357358514066,0.0
21935.174066574542,0.0
21078.686330336808,0.0
20656.402420445134,0.0
20714.73958201288,0.0
20979.5575732024,0.0
20305.146289708384,0.0
20429.41401045302,0.0
19798.084296925947,0.0
19777.51540134023,0.0
19866.2453401789,0.0
20993.182319531195,0.0
20303.320823645834,0.0
20347.99655306211,0.0
20269.56685562667,0.0
20667.03816071728,0.0
21202.46566293104,0.0
20659.918074269408,0.0
19947.51399494519,0.0
18850.281623162,0.0
19772.547893097893,0.0
20646.329005503438,0.0
19545.08044324673,0.0
20918.059576321193,0.0
20188.465931942792,0.0
21022.004380670784,0.0
20091.58133652307,0.0
20746.157226708954,0.0
19742.84957163041,0.0
20500.781406775983,0.0
20541.351808881496,0.0
19870.74033044774,0.0
19709.912934443502,0.0
19768.415877310545,0.0
19481.08969348011,0.0
19987.228756153978,0.0
19183.644808492663,0.0
18255.67655705561,0.0
17999.142969662706,0.0
17554.905279893625,0.0
17143.884995327273,0.0
16859.27662434781,0.0
18120.916168139694,0.0
17295.236059581344,0.0
16727.6530801921,0.0
16413.972226892125,0.0
17990.62766594159,0.0
18476.53552630269,0.0
17038.702479980166,0.0
18026.879187795777,0.0
17739.0346697737,0.0
17538.164968987276,0.0
17815.58175510249,0.0
17803.517148077415,0.0
18026.52818738387,0.0
17978.62130422063,0.0
18073.15345438075,0.0
16875.089623842567,0.0
16594.422120628384,0.0
17907.366829530838,0.0
17048.800552971174,0.0
17621.576336058766,0.0
16564.631511502113,0.0
18222.34033388737,0.0
17373.369248504765,0.0
18217.93276921117,0.0
18495.636621430152,0.0
18415.42188931861,0.0
18350.16854247685,0.0
18993.96174326564,0.0
19038.36224749073,0.0
18993.9957061268,0.0
19249.548425552653,0.0
20446.856511172286,0.0
19612.454756218565,0.0
21141.56649989268,0.0
21692.57545253503,0.0
21267.04190950422,0.0
20960.47067499136,0.0
22204.56675986253,0.0
21140.78460836353,0.0
20937.93707027907,0.0
20697.175895587166,0.0
20480.735843782095,0.0
20541.540872760906,0.0
20593.39344766422,0.0
20119.6073393006,0.0
20490.72346788441,0.0
20171.84581942792,0.0
20261.77174514749,0.0
20773.956593195544,0.0
22001.117127493475,0.0
21313.187718605615,0.0
21304.56886986029,0.0
21534.965968376346,0.0
20882.646922020653,0.0
20991.402272861553,0.0
20921.50130638291,0.0
20755.790723796657,0.0
20566.822335736884,0.0
20201.12667619225,0.0
20883.74844056478,0.0
19892.10238044362,0.0
20230.721467118587,0.0
18748.829781875225,0.0
18805.621167972975,0.0
19845.57902737295,0.0
19935.448534449446,0.0
18728.8506826473,0.0
19802.481493378196,0.0
19265.365760373294,0.0
19761.07483049471,0.0
19314.97824725651,0.0
19781.719524466615,0.0
20249.197970636378,0.0
19996.921044022878,0.0
20703.04416417534,0.0
20464.00201388258,0.0
20652.154851618547,0.0
20259.701895708127,0.0
20406.69060215066,0.0
20151.106607578284,0.0
19039.41294422474,0.0
19802.362785011195,0.0
19918.375383411574,0.0
20800.567268794777,0.0
19829.255368093294,0.0
19296.22358274011,0.0
19288.977531305725,0.0
18907.893899371615,0.0
19961.62856492625,0.0
18593.473421766765,0.0
19003.629093474945,0.0
18361.810496316743,0.0
18925.931252725404,0.0
19303.434945809593,0.0
19766.756745414117,0.0
18778.102136576672,0.0
17903.132062416,0.0
17736.642726305607,0.0
18378.669787409057,0.0
17908.058361044055,0.0
18083.93131066424,0.0
18329.46575863034,0.0
18548.31096496104,0.0
18832.86788135961,0.0
18857.764476648033,0.0
17827.29220400721,0.0
18335.690619187924,0.0
17581.684724016886,0.0
18447.458890153302,0.0
18845.788284471633,0.0
17227.86244031272,0.0
17861.837849751726,0.0
17733.33741766338,0.0
17441.71598878351,0.0
17185.458920069497,0.0
17619.20549732553,0.0
17541.95011712357,0.0
16935.955996514203,0.0
17896.81702799333,0.0
17195.428098020806,0.0
16913.004887593735,0.0
16559.008085590285,0.0
16596.053788522375,0.0
16850.812574194628,0.0
16928.692622730112,0.0
16358.386599458367,0.0
16382.573751874897,0.0
16357.095624139565,0.0
15988.068000123894,0.0
16587.746332664086,0.0
16815.034475328153,0.0
16155.50789283738,0.0
16763.72487240882,0.0
16959.68572701562,0.0
16141.670093979741,0.0
16405.083798103104,0.0
17718.284641631588,0.0
17304.03197541454,0.0
17068.485234382075,0.0
16305.185096065892,0.0
16421.121809155855,0.0
16222.619675751615,0.0
16513.96665809794,0.0
16552.225717675843,0.0
17063.394084588435,0.0
16614.643885474932,0.0
15450.164402926395,0.0
15759.096795493213,0.0
15277.508683216525,0.0
15529.848841214942,0.0
16650.609669775033,0.0
17406.977082623976,0.0
17338.485551718477,0.0
17407.26224905376,0.0
17265.02485958593,0.0
17053.14056038914,0.0
16819.986909445794,0.0
17374.489334710564,0.0
17220.38273284975,0.0
17494.619184128078,0.0
17523.051695501286,0.0
17790.063723385836,0.0
16590.274940194173,0.0
16858.20099380311,0.0
16620.747726693473,0.0
15944.932742522366,0.0
16183.574448988405,0.0
16091.218899730986,0.0
15913.540253765006,0.0
16243.914876658622,0.0
17572.678502393002,0.0
17399.459985910766,0.0
18157.257881995058,0.0
17722.81796196287,0.0
18865.789772892633,0.0
18697.015522976464,0.0
18504.846336485974,0.0
18888.666489678344,0.0
18872.129267916935,0.0
19543.049744458935,0.0
19087.849625637584,0.0
18549.2829387555,0.0
19102.140894063654,0.0
18931.532502988794,0.0
19833.49006977556,0.0
19095.222778064785,0.0
19267.731002127428,0.0
18950.93413937515,0.0
19450.397314011447,0.0
19434.597809661234,0.0
19060.13970107361,0.0
19955.047152466163,0.0
20116.021515509154,0.0
19454.481416389273,0.0
19663.03034284802,0.0
20301.033769441205,0.0
20360.654315816188,0.0
20789.890779401198,0.0
20905.351317196088,0.0
20511.642067945388,0.0
20681.488717737167,0.0
21059.51359879953,0.0
21809.53393555724,0.0
21372.16490855476,0.0
21788.625302574503,0.0
21444.873567739884,0.0
21544.666579653578,0.0
21314.670492296413,0.0
21960.014635951353,0.0
22014.36866299626,0.0
21622.675352690934,0.0
22339.472841079823,0.0
22285.13316382034,0.0
22864.22589318526,0.0
21989.698871910914,0.0
21683.802484034833,0.0
23413.44473243165,0.0
23254.61456394786,0.0
22664.28751002397,0.0
22354.6426000957,0.0
22271.279905249605,0.0
22807.91005470612,0.0
21662.44177051337,0.0
21741.51794720332,0.0
21359.789630271876,0.0
21865.176591421277,0.0
20953.1244887933,0.0
22066.012393193305,0.0
21187.09570197638,0.0
21229.893443710796,0.0
21104.783582164608,0.0
20834.820384606093,0.0
21084.280640834233,0.0
21595.136850615294,0.0
21156.912034210127,0.0
20318.599347613144,0.0
20393.466999423617,0.0
20824.261481351623,0.0
19763.29022161643,0.0
19568.39728452051,0.0
19818.46312091274,0.0
19432.933669186896,0.0
18704.6809452164,0.0
17900.197536242147,0.0
18400.077909277083,0.0
19371.443415958616,0.0
19271.974476743184,0.0
19103.252816434353,0.0
18726.533803148253,0.0
18337.6555762472,0.0
17477.487503367927,0.0
17577.137128585175,0.0
16654.639751537274,0.0
17091.203952816173,0.0
17032.888171688843,0.0
16845.713462246662,0.0
18273.703442624676,0.0
18134.926433696786,0.0
16709.859218999612,0.0
17451.592494968696,0.0
17848.71785490672,0.0
17831.11389896004,0.0
17299.92280151948,0.0
16873.697261148216,0.0
16832.8184909576,0.0
16843.475627852928,0.0
17644.62837379298,0.0
17195.96277203857,0.0
17932.391484378095,0.0
17042.46665657332,0.0
17814.33238705305,0.0
18349.23053255355,0.0
18182.12040698535,0.0
18281.971647170623,0.0
18958.777256374935,0.0
18040.969196731898,0.0
18115.960237883104,0.0
18283.384487461564,0.0
19003.119331246227,0.0
19175.57606364469,0.0
19330.845604779664,0.0
19086.243582003,0.0
18880.496831146585,0.0
19422.08924461277,0.0
20358.857929753343,0.0
19174.3604684403,0.0
19598.373224959112,0.0
20157.16957154523,0.0
20211.80422004182,0.0
19138.48438090494,0.0
19389.12770188818,0.0
20117.77530900108,0.0
18567.354396808918,0.0
18734.762463456238,0.0
18390.628621396063,0.0
18539.698799268357,0.0
18660.670655686583,0.0
18454.720500744737,0.0
18541.937671520733,0.0
17936.23645663157,0.0
18519.957839366063,0.0
19157.044967093774,0.0
19556.424463238778,0.0
19458.231801453796,0.0
19764.235048226186,0.0
19045.714418126154,0.0
19339.72984048231,0.0
19181.966656207165,0.0
18770.39709249777,0.0
19137.644582224915,0.0
18815.583554835393,0.0
19590.905395034642,0.0
18667.96611441648,0.0
18592.155164379088,0.0
19568.173903786534,0.0
19000.513874658107,0.0
19998.712639371854,0.0
20118.372433292956,0.0
20191.872101150853,0.0
19996.26974208388,0.0
20528.70276302517,0.0
19971.462349906593,0.0
20497.392950164474,0.0
20528.69868007922,0.0
21022.94487829666,0.0
21862.59208507317,0.0
21928.509615360665,0.0
22573.309674301323,0.0
22470.88716380717,0.0
22322.30464188184,0.0
22114.845434333,0.0
22194.267040259198,0.0
21945.53418868826,0.0
22032.29427197371,0.0
21974.39895637129,0.0
22136.571498662524,0.0
22289.59390856255,0.0
22717.155993795113,0.0
22256.980155436522,0.0
22541.82115796955,0.0
21287.950321826716,0.0
21366.48937275004,0.0
21911.61242507764,0.0
22347.51830176093,0.0
22705.45516539636,0.0
21886.348963298242,0.0
22288.564002768042,0.0
22961.1400540736,0.0
22453.848397436675,0.0
23392.88586649715,0.0
22941.080361544104,0.0
23845.09244669982,0.0
23248.671899855945,0.0
22624.537943944782,0.0
22686.417346932834,0.0
22325.80904852524,0.0
22379.566835660982,0.0
22190.3946721853,0.0
22819.228314266,0.0
21932.046428812188,0.0
22785.02882433391,0.0
23276.120248692132,0.0
22760.42323638255,0.0
22346.25755137622,0.0
23574.341750535285,0.0
22826.50343644923,0.0
23472.04647042568,0.0
23739.48330603512,0.0
23299.94391861301,0.0
22861.485455139402,0.0
21888.05842713387,0.0
22399.764597179368,0.0
20976.444974922582,0.0
21292.946903029126,0.0
20952.366940170876,0.0
22141.882674418266,0.0
20959.668341945595,0.0
21902.26318496623,0.0
22012.028897091972,0.0
22023.9195671585,0.0
21817.99515440271,0.0
22397.055008327152,0.0
22723.501528181434,0.0
22493.68004183641,0.0
23193.03952354105,0.0
21615.00141056444,0.0
21999.50948488905,0.0
22913.726602698247,0.0
22487.81143796122,0.0
