44068.87938010938,0.0
44070.56371400554,0.0
44052.90540702333,0.0
43968.31647998121,0.0
43683.405899359524,0.0
42905.63003013347,0.0
41147.26492784819,0.0
37837.91528946932,0.0
32643.684935242352,0.0
25840.17094408411,0.0
18402.258773494767,0.0
11616.675819784605,0.0
6454.627553774094,0.0
3186.581123075027,0.0
1474.6411978523613,0.0
746.5005586425816,0.0
513.6817575830257,0.0
482.5910395157745,0.0
517.9421636225984,0.0
570.0983386015557,0.0
624.4993788079025,0.0
678.6137633737661,0.0
733.1825608669564,0.0
789.9517248438592,0.0
849.6646270165696,0.0
911.6685280478526,0.0
974.436417024137,0.0
1036.3538328015538,0.0
1096.1615644041522,0.0
1153.0845853202625,0.0
1206.9765741664824,0.0
1258.5008392774223,0.0
1309.0157342965233,0.0
1359.9655373746202,0.0
1412.2098946425103,0.0
1465.9510454460003,0.0
1521.2226145611678,0.0
1578.1187194010768,0.0
1636.3283515039825,0.0
1694.6268335969803,0.0
1751.2201762451962,0.0
1804.8522153825943,0.0
1855.7100786314586,0.0
1905.3821131592636,0.0
1955.9462435031623,0.0
2008.806947420909,0.0
2063.956176894127,0.0
2120.063204434683,0.0
2175.3316554429225,0.0
2228.52531856289,0.0
2279.435034018886,0.0
2328.5826712062376,0.0
2376.685304650047,0.0
2424.447087777808,0.0
2472.5879373085677,0.0
2521.626980950177,0.0
2571.4480397292173,0.0
2621.1983994879724,0.0
2669.8018877899126,0.0
2716.718700359222,0.0
2762.3568000184177,0.0
2807.7958859485166,0.0
2853.9448681809745,0.0
2900.714067793784,0.0
2947.012553087759,0.0
2991.772810284671,0.0
3035.0631708011724,0.0
3078.029424025305,0.0
3121.6017599332226,0.0
3165.352925227334,0.0
3207.720241562522,0.0
3247.3287173953263,0.0
3284.1346424366106,0.0
3319.542079237,0.0
3355.6280121473656,0.0
3394.0472092213363,0.0
3435.1154655140763,0.0
3477.4770392923047,0.0
3518.672437598607,0.0
3556.4455259224687,0.0
3589.984824490164,0.0
3620.2491927738392,0.0
3649.262299789112,0.0
3678.9765708899863,0.0
3710.4199951071923,0.0
3743.4518020813207,0.0
3777.1466486226896,0.0
3810.5267866405857,0.0
3843.1572419685535,0.0
3875.212968856186,0.0
3907.076665649522,0.0
3938.945212584384,0.0
3970.768594311597,0.0
4002.3773682110786,0.0
4033.485131309365,0.0
4063.6475274721624,0.0
4092.494166742054,0.0
4120.144202278535,0.0
4147.31139544293,0.0
4174.839840509217,0.0
4202.960280044563,0.0
4230.840300622763,0.0
4256.799935102548,0.0
4279.14088696651,0.0
4297.145965435145,0.0
4311.655030630955,0.0
4324.79543591929,0.0
4338.955848753122,0.0
4355.669187338584,0.0
4375.164733566135,0.0
4396.791396211169,0.0
4419.806707231587,0.0
4443.810892784212,0.0
4468.5348065221,0.0
4493.338227903856,0.0
4517.039247339774,0.0
4538.3238720076,0.0
4556.3768433721825,0.0
4571.226045840214,0.0
4583.623302504159,0.0
4594.611116925219,0.0
4605.046008497846,0.0
4615.3748221679225,0.0
4625.810962884946,0.0
4636.636915632108,0.0
4648.229329009494,0.0
4660.7795290551985,0.0
4674.086694689583,0.0
4687.646505843403,0.0
4700.895534544962,0.0
4713.3753104601,0.0
4724.810847349037,0.0
4735.16156340148,0.0
4744.563241684453,0.0
4753.123880306344,0.0
4760.799254276831,0.0
4767.571868260498,0.0
4773.702058739489,0.0
4779.665567566502,0.0
4785.770421391401,0.0
4791.880842858895,0.0
4797.571792338922,0.0
4802.556301494861,0.0
4806.981356264344,0.0
4811.3326257714625,0.0
4816.078484522825,0.0
4821.361296564174,0.0
4826.966435724413,0.0
4832.538457654081,0.0
4837.821263276371,0.0
4842.783431100502,0.0
4847.680552722225,0.0
4853.05552400095,0.0
4859.450503657627,0.0
4866.790085109525,0.0
4874.008929804669,0.0
4879.625573429758,0.0
4882.9623732000555,0.0
4884.738146569421,0.0
4886.27600059014,0.0
4888.232288395744,0.0
4890.333659380369,0.0
4892.279054608878,0.0
4894.55283933834,0.0
4898.1670219701155,0.0
4903.78283777859,0.0
4911.2501996617575,0.0
4919.879657350045,0.0
4928.871749424943,0.0
4937.481268776134,0.0
4945.083227244311,0.0
4951.287293487008,0.0
4955.94632651858,0.0
4959.006701358114,0.0
4960.522174332146,0.0
4961.0062025737125,0.0
4961.715344525031,0.0
4964.209576013854,0.0
4969.221318794194,0.0
4975.8736787232165,0.0
4982.243547116173,0.0
4986.938208368619,0.0
4990.244640824558,0.0
4993.855052518379,0.0
4999.469797783932,0.0
5007.4172147554145,0.0
5016.29541113879,0.0
5023.863382248546,0.0
5028.522364664349,0.0
5030.279050465991,0.0
5030.551101551118,0.0
5031.188730961339,0.0
5033.563788166715,0.0
5038.126907684148,0.0
5044.35169949713,0.0
5051.066375612838,0.0
5057.226645916913,0.0
5062.699123054666,0.0
5068.324797533229,0.0
5075.1205103168495,0.0
5083.39949101199,0.0
5092.652702027132,0.0
5102.200639954349,0.0
5111.886401556303,0.0
5122.150947064173,0.0
5133.566280701094,0.0
5146.418018437881,0.0
5160.706614835538,0.0
5176.264717549103,0.0
5192.586510344193,0.0
5208.63950402825,0.0
5223.300867326952,0.0
5236.32428720781,0.0
5248.748286789925,0.0
5262.011829673369,0.0
5276.603637307446,0.0
5291.74022099179,0.0
5306.319296066522,0.0
5319.945678554542,0.0
5333.085828837244,0.0
5346.6339162412905,0.0
5361.502705394154,0.0
5378.294585718101,0.0
5396.895694944656,0.0
5416.317555838948,0.0
5435.242697447172,0.0
5452.950589605634,0.0
5469.744220507566,0.0
5486.560061459328,0.0
5504.368952833282,0.0
5523.898370693866,0.0
5545.569473163828,0.0
5569.371152119417,0.0
5594.719524434967,0.0
5620.552288694973,0.0
5645.761197060516,0.0
5669.717016687528,0.0
5692.476088077649,0.0
5714.640349117023,0.0
5737.244311920644,0.0
5761.722337962511,0.0
5789.449967428063,0.0
5820.828413370368,0.0
5854.825334869182,0.0
5889.673854989566,0.0
5924.131807402366,0.0
5958.0885804618865,0.0
5992.0906611535465,0.0
6026.432924246549,0.0
6060.6830597508815,0.0
6093.937350634594,0.0
6125.493155869008,0.0
6155.410355032063,0.0
6184.644045102652,0.0
6214.75392329077,0.0
6247.334260104574,0.0
6283.333417621372,0.0
6322.555053566413,0.0
6363.713205532454,0.0
6405.139925251221,0.0
6445.680430630549,0.0
6485.09826992118,0.0
6523.778669354442,0.0
6562.167965256194,0.0
6600.5833024785425,0.0
6639.45920849776,0.0
6679.475138392952,0.0
6721.192904002367,0.0
6764.631514348483,0.0
6809.356877914714,0.0
6854.953021976931,0.0
6901.175046666027,0.0
6947.547116805138,0.0
6993.035531933371,0.0
7036.494021109829,0.0
7077.692294200921,0.0
7117.892605790958,0.0
7159.3189810444155,0.0
7203.9506220237245,0.0
7252.621531829055,0.0
7304.828988126905,0.0
7359.010227610235,0.0
7413.0101590823,0.0
7464.817362250712,0.0
7513.55390491105,0.0
7560.099847341193,0.0
7606.636822447649,0.0
7655.242161943022,0.0
7706.60414870553,0.0
7759.807507454099,0.0
7813.154354700005,0.0
7865.285848958504,0.0
7915.952347466871,0.0
7966.161734064846,0.0
8017.648526185595,0.0
8071.829630792988,0.0
8128.834772534748,0.0
8187.35977634698,0.0
8245.528639370405,0.0
8302.12350453128,0.0
8357.248474074358,0.0
8412.058480109748,0.0
8467.873456692043,0.0
8525.298389084415,0.0
8583.874219248435,0.0
8642.437059306174,0.0
8699.94660826288,0.0
8756.196462438791,0.0
8811.93684110862,0.0
8868.392875629817,0.0
8926.537836806538,0.0
8986.553602369439,0.0
9047.697721480828,0.0
9108.589211270923,0.0
9167.815789601582,0.0
9224.663288445025,0.0
9279.566078140522,0.0
9333.84466261902,0.0
9388.790010570518,0.0
9444.832117733506,0.0
9501.56287362624,0.0
9558.506617730916,0.0
9615.700256323084,0.0
9673.463747307407,0.0
9731.851042901197,0.0
9790.64542465913,0.0
9849.937270322609,0.0
9910.348367409437,0.0
9972.321596848067,0.0
10035.158320863151,0.0
10097.042045430548,0.0
10156.317519342321,0.0
10212.811204901094,0.0
10267.841710456894,0.0
10322.98878100584,0.0
10378.958621383663,0.0
10435.508755430337,0.0
10492.120444919985,0.0
10548.596552834086,0.0
10605.26553041473,0.0
10662.859987820879,0.0
10722.077537885034,0.0
10782.952245084201,0.0
10844.536269112974,0.0
10905.2853836893,0.0
10963.885850213152,0.0
11019.895686118856,0.0
11073.805053381657,0.0
11126.558875325032,0.0
11178.884869098847,0.0
11230.939930333609,0.0
11282.601223292582,0.0
11334.172805475939,0.0
11386.831684195075,0.0
11442.242897330134,0.0
11501.47782828014,0.0
11564.08184646845,0.0
11628.05974737578,0.0
11690.749318792905,0.0
11749.973512487006,0.0
11804.847820273233,0.0
11855.868273156248,0.0
11904.204139169124,0.0
11950.714052906515,0.0
11995.55122992174,0.0
12038.703634620046,0.0
12080.821848938522,0.0
12123.407940715631,0.0
12168.161551141206,0.0
12216.073190745472,0.0
12266.961159733295,0.0
12319.715306191947,0.0
12372.976814351707,0.0
12425.646896896906,0.0
12476.8575909012,0.0
12525.74766243107,0.0
12571.652440744752,0.0
12614.687763834308,0.0
12655.99073918396,0.0
12697.120757842378,0.0
12739.09457093314,0.0
12782.00399384157,0.0
12825.475610866677,0.0
12869.345013483618,0.0
12913.825453578344,0.0
12959.183076070947,0.0
13005.349725975348,0.0
13051.73330632165,0.0
13097.227742601352,0.0
13140.51038944172,0.0
13180.637809868304,0.0
13217.536483147489,0.0
13251.859707115469,0.0
13284.359716529398,0.0
13315.585396996026,0.0
13346.273280756302,0.0
13377.785859164227,0.0
13411.783102499045,0.0
13449.192993779405,0.0
13489.342576244951,0.0
13530.053535204743,0.0
13568.7811291659,0.0
13604.038510047854,0.0
13636.07799727612,0.0
13666.37398479729,0.0
13696.48428064422,0.0
13727.257466624025,0.0
13758.750438981546,0.0
13790.406382201314,0.0
13821.1178640622,0.0
13849.491595209185,0.0
13874.646690229052,0.0
13897.02080043333,0.0
13918.301859322233,0.0
13940.417816497924,0.0
13964.432047587037,0.0
13990.159495875203,0.0
14016.589800554315,0.0
14042.65066053596,0.0
14067.722987429453,0.0
14091.63329888858,0.0
14114.388449102806,0.0
14136.096280858703,0.0
14157.057277307884,0.0
14177.668617907406,0.0
14198.15890033595,0.0
14218.52263818884,0.0
14238.627213531892,0.0
14258.115146990687,0.0
14276.272243316373,0.0
14292.433577758417,0.0
14306.73623947999,0.0
14320.187645773342,0.0
14333.699079005046,0.0
14347.156316324388,0.0
14359.682139125645,0.0
14370.766720219526,0.0
14380.949327742042,0.0
14391.461782974782,0.0
14403.4358362176,0.0
14417.427430382748,0.0
14433.362277215061,0.0
14450.622186527518,0.0
14468.175662474467,0.0
14484.838837611309,0.0
14499.714910968436,0.0
14512.630284059014,0.0
14524.200453711557,0.0
14535.336628442998,0.0
14546.431583771655,0.0
14556.817728219334,0.0
14564.99805289984,0.0
14569.644300742764,0.0
14570.749387494272,0.0
14570.056058992495,0.0
14570.257318803551,0.0
14573.4104179733,0.0
14579.79730933421,0.0
14588.081964812907,0.0
14596.395550202793,0.0
14603.399073720866,0.0
14608.807036667205,0.0
14613.326064590916,0.0
14618.067759677635,0.0
14623.752109570787,0.0
14630.432563868366,0.0
14638.03241628625,0.0
14646.951778755667,0.0
14657.792061778742,0.0
14670.351262376034,0.0
14683.052838188009,0.0
14693.589367275908,0.0
14700.351992358514,0.0
14703.473814223904,0.0
14704.668889494453,0.0
14705.971725170653,0.0
14708.315457310468,0.0
14711.023692638431,0.0
14712.678015111043,0.0
14712.674765175803,0.0
14712.034075011044,0.0
14712.605428562925,0.0
14715.47305144193,0.0
14720.215149848198,0.0
14725.600384307116,0.0
14730.658065096013,0.0
14734.92781594695,0.0
14738.067366647758,0.0
14739.835545918653,0.0
14740.721283859919,0.0
14742.309543853886,0.0
14746.513194570998,0.0
14753.962419233585,0.0
14762.952381266497,0.0
14770.180906046586,0.0
14773.067940317176,0.0
14771.857634629341,0.0
14769.601494178129,0.0
14770.004831050635,0.0
14775.022577023814,0.0
14784.087093806653,0.0
14795.034138983645,0.0
14805.436188607302,0.0
14813.394763829345,0.0
14817.944513172886,0.0
14819.393737262468,0.0
14819.275921227782,0.0
14819.566935430163,0.0
14821.674171396708,0.0
14826.074798801248,0.0
14832.71698182624,0.0
14841.45983821482,0.0
14851.95064953145,0.0
14863.218708556227,0.0
14873.71942174682,0.0
14882.055299913452,0.0
14887.705369507174,0.0
14891.157337922368,0.0
14893.656841697215,0.0
14896.977490981903,0.0
14903.035436152519,0.0
14913.08360187856,0.0
14926.988870173109,0.0
14943.365409947617,0.0
14960.504214111843,0.0
14977.250965189449,0.0
14993.191193049412,0.0
15008.279284962895,0.0
15022.473825423742,0.0
15035.73418577938,0.0
15048.242574968797,0.0
15060.51742120162,0.0
15073.304056140003,0.0
15087.411664588373,0.0
15103.547904354778,0.0
15121.996692572075,0.0
15142.23841944443,0.0
15163.038864351232,0.0
15183.242084831685,0.0
15202.60222879142,0.0
15221.785497197614,0.0
15241.617348424137,0.0
15262.43906245184,0.0
15284.108798780055,0.0
15306.336556789522,0.0
15328.843199474662,0.0
15351.297151094866,0.0
15373.382641014754,0.0
15395.141337571933,0.0
15417.194160730756,0.0
15440.386881310711,0.0
15465.062034072358,0.0
15490.654979149402,0.0
15516.033509630746,0.0
15540.304680185789,0.0
15563.482069401573,0.0
15586.554436614219,0.0
15610.895491562413,0.0
15637.410523894094,0.0
15666.053661144537,0.0
15696.078085312884,0.0
15726.691777698072,0.0
15757.419954811947,0.0
15788.008803782905,0.0
15818.363863475646,0.0
15848.74954126907,0.0
15879.81463412137,0.0
15912.203214639163,0.0
15946.203777777973,0.0
15981.800817492232,0.0
16018.837218437357,0.0
16057.00341817346,0.0
16095.818317419034,0.0
16134.799894989097,0.0
16173.64698584771,0.0
16212.289439168157,0.0
16250.91488130141,0.0
16289.983630317976,0.0
16330.070156646148,0.0
16371.555580910712,0.0
16414.42685088088,0.0
16458.361388431567,0.0
16502.920519404895,0.0
16547.567279182393,0.0
16591.479622609255,0.0
16633.572422920108,0.0
16673.158602298157,0.0
16710.977599028996,0.0
16749.538210248884,0.0
16791.9854358012,0.0
16840.043125804375,0.0
16892.691113098175,0.0
16946.75751605873,0.0
16998.93952564411,0.0
17047.596331889577,0.0
17093.10438524928,0.0
17136.965996450766,0.0
17180.734147749183,0.0
17225.464187295274,0.0
17271.593406934844,0.0
17318.93141098753,0.0
17366.861825511613,0.0
17414.93157494787,0.0
17463.440305045253,0.0
17513.326803433123,0.0
17565.37960518184,0.0
17619.620796117917,0.0
17675.45359698299,0.0
17732.202558521356,0.0
17789.31792389853,0.0
17846.096961495263,0.0
17901.497235196537,0.0
17954.615044786115,0.0
18005.60860166592,0.0
18056.140655861465,0.0
18108.61759844497,0.0
18164.5931541275,0.0
18223.601063536556,0.0
18283.505065080783,0.0
18342.126898524006,0.0
18398.722764080907,0.0
18454.075159982945,0.0
18509.321079681755,0.0
18564.74047328091,0.0
18619.671172389462,0.0
18673.546912226575,0.0
18726.897935732657,0.0
18781.253212311407,0.0
18838.162532025595,0.0
18898.355485957247,0.0
18961.4971069137,0.0
19026.246198815625,0.0
19090.537865591294,0.0
19152.41095370939,0.0
19211.110173571768,0.0
19267.445510502155,0.0
19322.930339721002,0.0
19378.536589481613,0.0
19434.25887240966,0.0
19489.677700226035,0.0
19544.74754316004,0.0
19600.051975295122,0.0
19656.46683987137,0.0
19714.648445922623,0.0
19774.637559477636,0.0
19835.661182359614,0.0
19896.35118156048,0.0
19955.499676458876,0.0
20012.921328620836,0.0
20069.59030544268,0.0
20126.802564157348,0.0
20185.0866215071,0.0
20243.886849992956,0.0
20302.24311445273,0.0
20359.70127451994,0.0
20416.613112066363,0.0
20473.77392974235,0.0
20531.870293404943,0.0
20591.085074150247,0.0
20650.91986428813,0.0
20710.277489760116,0.0
20767.90651812087,0.0
20823.134319041706,0.0
20876.503136728355,0.0
20929.70352139997,0.0
20984.622042946718,0.0
21042.13227370337,0.0
21101.57158863376,0.0
21161.16985225453,0.0
21218.914257015946,0.0
21273.359892953704,0.0
21324.27475209081,0.0
21372.9430334173,0.0
21421.766788503213,0.0
21473.151314273167,0.0
21528.281301816638,0.0
21586.53791099898,0.0
21645.806471142354,0.0
21703.462609538,0.0
21757.518850201475,0.0
21807.37657330047,0.0
21853.825474108162,0.0
21898.424773038885,0.0
21942.762337805096,0.0
21988.021951619317,0.0
22034.898469808235,0.0
22083.597582123362,0.0
22133.7745565669,0.0
22184.556876739993,0.0
22234.844472979545,0.0
22283.769789559392,0.0
22331.028814598103,0.0
22376.955291742684,0.0
22422.397502943226,0.0
22468.367658460418,0.0
22515.433154009548,0.0
22563.122858185678,0.0
22609.92791904421,0.0
22654.12270252046,0.0
22694.85868690462,0.0
22732.70194821095,0.0
22769.270253031482,0.0
22806.285005957758,0.0
22844.709878773523,0.0
22884.57376736628,0.0
22925.46718617554,0.0
22967.040621136966,0.0
23008.983666830038,0.0
23050.726158818237,0.0
23091.34098966327,0.0
23129.71278381102,0.0
23164.898236941324,0.0
23196.73686894191,0.0
23226.467376838395,0.0
23256.687573287898,0.0
23290.26312937539,0.0
23328.668946874255,0.0
23370.829563329688,0.0
23413.32677091143,0.0
23451.995201335736,0.0
23483.998749398517,0.0
23509.205925658458,0.0
23530.17036586269,0.0
23550.86188457243,0.0
23574.85451606723,0.0
23603.790250842925,0.0
23636.79404300132,0.0
23671.173115993002,0.0
23704.000492283143,0.0
23733.526908144937,0.0
23759.512201635556,0.0
23782.597854935193,0.0
23803.63409793402,0.0
23823.562407157093,0.0
23843.520052031086,0.0
23864.54863896815,0.0
23886.959602683164,0.0
23910.046823929442,0.0
23932.5726988647,0.0
23953.61187552178,0.0
23973.06782519326,0.0
23991.62406817833,0.0
24010.32419314865,0.0
24030.00563812095,0.0
24050.769265036706,0.0
24071.759979195722,0.0
24091.491221198838,0.0
24108.63368452208,0.0
24122.894411698104,0.0
24135.37659242077,0.0
24147.926298519775,0.0
24161.80489415851,0.0
24176.92404337217,0.0
24192.470503121047,0.0
24208.085973977657,0.0
24224.07391738827,0.0
24240.39473811617,0.0
24255.81325966423,0.0
24268.425302314645,0.0
24277.183557274442,0.0
24282.940839182043,0.0
24288.01560154008,0.0
24294.805823298808,0.0
24304.70922997826,0.0
24317.82691903344,0.0
24333.03039461164,0.0
24348.21793056341,0.0
24361.12635619469,0.0
24370.542769740423,0.0
24376.968395065272,0.0
24382.179823135837,0.0
24388.179274045113,0.0
24396.28819272598,0.0
24406.594079897674,0.0
24417.785278441057,0.0
24427.62414104509,0.0
24434.094212490312,0.0
24436.64026459116,0.0
24436.65016970236,0.0
24436.750643065105,0.0
24439.284112897974,0.0
24444.94474525976,0.0
24452.560897236315,0.0
24460.19260525988,0.0
24466.564968597086,0.0
24471.61868922515,0.0
24475.95796238782,0.0
24480.051787760425,0.0
24483.96306830941,0.0
24487.557843488095,0.0
24490.750566949006,0.0
24493.56199131576,0.0
24496.063473988106,0.0
24498.35758984102,0.0
24500.636573358013,0.0
24503.19934837226,0.0
24506.33803119055,0.0
24510.20744989177,0.0
24514.809366528432,0.0
24519.95743466444,0.0
24525.08703735268,0.0
24529.171615145784,0.0
24531.09585791989,0.0
24530.34711695809,0.0
24527.443148979048,0.0
24523.764863455548,0.0
24520.978229180353,0.0
24520.419857887784,0.0
24522.689031202557,0.0
24527.579239005277,0.0
24534.350233562946,0.0
24542.097400427825,0.0
24550.022683812876,0.0
24557.62335467786,0.0
24564.78970399326,0.0
24571.63206546769,0.0
24578.134953337623,0.0
24584.08438191842,0.0
24589.369516509716,0.0
24594.18341510204,0.0
24598.85916683873,0.0
24603.7131962566,0.0
24609.10157035665,0.0
24615.280349826393,0.0
24621.9370089285,0.0
24628.20735885574,0.0
24633.66214674399,0.0
24639.201191043907,0.0
24646.50778521212,0.0
24656.480240806948,0.0
24668.35547092554,0.0
24680.389606446057,0.0
24691.225213011086,0.0
24700.649250339186,0.0
24709.350614779458,0.0
24718.197033043434,0.0
24727.75360796781,0.0
24738.326634336056,0.0
24750.222495931426,0.0
24763.689054310413,0.0
24778.54735033421,0.0
24794.122700077114,0.0
24809.73959586654,0.0
24825.102579280894,0.0
24839.990592692884,0.0
24853.81728705624,0.0
24866.01615398508,0.0
24877.003975891283,0.0
24888.40644167827,0.0
24901.98319114231,0.0
24918.26634322285,0.0
24936.28603737529,0.0
24954.501321835178,0.0
24971.92812624882,0.0
24988.498226979205,0.0
25004.662437911848,0.0
25020.94543002919,0.0
25037.814133621632,0.0
25055.52988071542,0.0
25073.802692439207,0.0
25091.816387014907,0.0
25109.019570839082,0.0
25125.970665666475,0.0
25144.190499339486,0.0
25165.131180705543,0.0
25189.361191199805,0.0
25216.625369013764,0.0
25246.290328578114,0.0
25277.511177926684,0.0
25309.18974093429,0.0
25340.22871617495,0.0
25370.0808994436,0.0
25398.969028767442,0.0
25427.42126680986,0.0
25455.69090889367,0.0
25483.86288596036,0.0
25512.444596787558,0.0
25542.39370742269,0.0
25574.229994867714,0.0
25607.254519603437,0.0
25639.997423139943,0.0
25671.58723009548,0.0
25702.616926016377,0.0
25734.629609617816,0.0
25768.780776778567,0.0
25804.93608001769,0.0
25841.897117186505,0.0
25878.451002100748,0.0
25914.349127896505,0.0
25950.488139380952,0.0
25988.204060321885,0.0
26028.28381668916,0.0
26070.423931199846,0.0
26114.85733877758,1.0
26163.7995531037,0.0
26233.731765000026,0.0
26379.388714015884,0.0
26737.33923853118,0.0
27559.80831345978,0.0
29155.962646826072,0.0
31657.312016583448,0.0
34690.574613462784,0.0
37291.55500497141,0.0
38352.27115028035,0.0
37376.26686048318,0.0
34859.8022099902,0.0
31910.571277399926,0.0
29492.664548138793,0.0
27979.87025161235,0.0
27241.809308265307,0.0
26970.522523363266,0.0
26914.441283294105,0.0
26936.88019130819,0.0
26982.339442401502,0.0
27033.079810055722,0.0
27085.25423795748,0.0
27136.996165576562,0.0
27187.730743673503,0.0
27237.246672453577,0.0
27286.141110228582,0.0
27335.697706792125,0.0
27387.214482689484,0.0
27441.21637540564,0.0
27497.191420142197,0.0
27554.141168197573,0.0
27611.488167458127,0.0
27669.4126466519,0.0
27728.22343074837,0.0
27787.43773696343,0.0
27845.541217037822,0.0
27900.74123243309,0.0
27952.151144866766,0.0
28000.533154647288,0.0
28048.066331617425,0.0
28097.34352087365,0.0
28150.260686314406,0.0
28207.328268842924,0.0
28267.54575413984,0.0
28328.839601539945,0.0
28389.001317472645,0.0
28446.806596137147,0.0
28502.66237380967,0.0
28558.16976173116,0.0
28614.713693990747,0.0
28672.224078913605,0.0
28729.42458231826,0.0
28785.42372435552,0.0
28840.930867732364,0.0
28897.757572598257,0.0
28957.203278603287,0.0
29019.0206042251,0.0
29081.859691340218,0.0
29144.564844731565,0.0
29206.98009723462,0.0
29269.540019642878,0.0
29332.224160505735,0.0
29394.14074104962,0.0
29454.21801143983,0.0
29512.156285709505,0.0
29568.582710985607,0.0
29624.43461321533,0.0
29680.38779496652,0.0
29736.758151703987,0.0
29793.564950979737,0.0
29850.417632900473,0.0
29906.449012158326,0.0
29960.7161542714,0.0
30013.028680417665,0.0
30064.483974385672,0.0
30117.015187154255,0.0
30172.18757729737,0.0
30230.244193925202,0.0
30290.14526103751,0.0
30350.433054715304,0.0
30410.151257160327,0.0
30469.19036638392,0.0
30527.969765955455,0.0
30586.80543363955,0.0
30645.379771466345,0.0
30702.635081755026,0.0
30757.310192598346,0.0
30808.986401597715,0.0
30858.96337697292,0.0
30910.06708263627,0.0
30965.15017298586,0.0
31025.204127418077,0.0
31088.53469626786,0.0
31151.74395656301,0.0
31211.77502555601,0.0
31267.489513164317,0.0
31319.778204549548,0.0
31370.41843293492,0.0
31420.762978788574,0.0
31471.21791944901,0.0
31521.647755946055,0.0
31572.020758539944,0.0
31622.529981322194,0.0
31673.20777356619,0.0
31723.717072256408,0.0
31773.69441062854,0.0
31823.119482397437,0.0
31872.078282375933,0.0
31920.20615975057,0.0
31966.677839345113,0.0
32010.976198461765,0.0
32053.675274069956,0.0
32096.40306233972,0.0
32140.938038815577,0.0
32188.075210249892,0.0
32237.009588746187,0.0
32285.70824130289,0.0
32332.100941860583,0.0
32375.22344458281,0.0
32415.496212269012,0.0
32454.16057248749,0.0
32492.552722357774,0.0
32531.661598020415,0.0
32571.866360370095,0.0
32612.753926238463,0.0
32653.30449788874,0.0
32692.62718511025,0.0
32730.723233044766,0.0
32768.43195760108,0.0
32806.569950734585,0.0
32845.2712748496,0.0
32884.282999278825,0.0
32923.68616193743,0.0
32963.951783985096,0.0
33005.17497276435,0.0
33046.44428374894,0.0
33086.10483487449,0.0
33122.606338777696,0.0
33155.20479204408,0.0
33184.24933516409,0.0
33211.08295850697,0.0
33237.50693262867,0.0
33264.917898479725,0.0
33293.679509220354,0.0
33323.25473660135,0.0
33352.944288578234,0.0
33382.55477997977,0.0
33412.465635191926,0.0
33443.133638358944,0.0
33474.547526107,0.0
33506.112950173534,0.0
33536.963393332524,0.0
33566.26922476588,0.0
33593.3147557203,0.0
33617.60993609022,0.0
33639.26290039979,0.0
33659.318844597045,0.0
33679.53478812115,0.0
33701.45636766981,0.0
33725.37447844935,0.0
33750.03735665148,0.0
33773.500641163206,0.0
33794.44307635719,0.0
33812.863841887556,0.0
33829.80208742437,0.0
33846.602616599084,0.0
33864.31291209728,0.0
33883.29337379568,0.0
33903.01215232563,0.0
33922.244130006315,0.0
33939.74102704306,0.0
33954.89247892283,0.0
33967.84343855829,0.0
33979.17675215787,0.0
33989.64501269964,0.0
33999.95479933684,0.0
34010.32753826743,0.0
34020.14244758354,0.0
34028.401826884015,0.0
34034.890991022214,0.0
34040.83277748541,0.0
34048.253892645065,0.0
34058.68587979889,0.0
34072.33186761662,0.0
34088.121071296366,0.0
34104.36118778813,0.0
34119.520182893735,0.0
34132.63520350623,0.0
34143.173661048764,0.0
34150.818056332006,0.0
34155.798703812405,0.0
34159.48517455751,0.0
34164.16561497908,0.0
34171.69606678847,0.0
34182.186133235526,0.0
34194.02081330741,0.0
34205.13855035616,0.0
34214.31540122826,0.0
34221.54776610447,0.0
34227.632542670806,0.0
34233.5347925825,0.0
34239.93504207977,0.0
34247.04824627344,0.0
34254.610019505606,0.0
34261.91482108435,0.0
34267.92603352273,0.0
34271.66541988833,0.0
34272.872306096666,0.0
34272.46088493126,0.0
34272.22395851014,0.0
34273.8211178758,0.0
34277.73101558962,0.0
34283.0162935261,0.0
34288.14739862629,0.0
34292.18674664369,0.0
34295.28046959345,0.0
34298.1361204725,0.0
34301.13755186945,0.0
34303.95911388611,0.0
34305.944124222864,0.0
34306.85506808439,0.0
34307.35224351549,0.0
34308.76134795174,0.0
34312.23217245997,0.0
34317.897446882846,0.0
34324.69443379555,0.0
34330.98231353856,0.0
34335.44426319276,0.0
34337.66955526145,0.0
34338.15629279592,0.0
34337.85913045118,0.0
34337.63060872204,0.0
34337.95645171559,0.0
34339.0756729956,0.0
34341.22764323589,0.0
34344.68532812093,0.0
34349.54207184892,0.0
34355.46355308517,0.0
34361.629593787125,0.0
34366.988712217906,0.0
34370.86015766636,0.0
34373.59791228034,0.0
34376.66236915612,0.0
34381.70965799669,0.0
34389.277084890964,0.0
34398.33164120247,0.0
34407.252688965615,0.0
34415.31398924596,0.0
34423.15743535499,0.0
34431.88329946231,0.0
34441.91854405428,0.0
34452.85278277033,0.0
34464.07584326535,0.0
34475.239058916515,0.0
34486.187835335884,0.0
34496.81156347554,0.0
34507.122779086465,0.0
34517.28139267032,0.0
34527.35596365569,0.0
34537.1362451518,0.0
34546.37822464596,0.0
34555.219441702255,0.0
34564.18802286874,0.0
34573.782455369066,0.0
34584.23333533496,0.0
34595.68158291074,0.0
34608.29461856282,0.0
34622.049223091955,0.0
34636.627255814616,0.0
34651.74929237053,0.0
34667.506576417254,0.0
34684.18846322101,0.0
34701.84125446399,0.0
34720.16048800833,0.0
34738.73949046655,0.0
34757.180840470755,0.0
34774.93787098848,0.0
34791.408623724834,0.0
34806.6078334381,0.0
34821.74723005002,0.0
34838.74353793929,0.0
34858.84701827883,0.0
34881.82071346625,0.0
34906.57968227378,0.0
34932.48720064743,0.0
34959.85712870897,0.0
34989.2830323555,0.0
35020.62968507732,0.0
35052.637889555815,0.0
35083.43125574428,0.0
35111.56828835822,0.0
35136.92854393592,0.0
35160.801247858035,0.0
35185.08241069437,0.0
35211.115068510735,0.0
35239.040582054564,0.0
35268.20090054692,0.0
35298.16155318266,0.0
35329.234416150175,0.0
35361.89887188149,0.0
35395.87369848319,0.0
35430.02271796107,0.0
35463.1604895112,0.0
35494.78629251119,0.0
35525.09784232987,0.0
35554.61653159108,0.0
35583.943195581734,0.0
35613.69485945482,0.0
35644.40297712613,0.0
35676.37065170772,0.0
35709.60680971262,0.0
35743.9062606861,0.0
35779.088553511,0.0
35815.26396626566,0.0
35852.82144318141,0.0
35892.044234976194,0.0
35932.814557246245,0.0
35974.88494885337,0.0
36018.35992191403,0.0
36063.585552820914,0.0
36110.47728896625,0.0
36158.207723027655,0.0
36205.697385115,0.0
36252.29061061628,0.0
36297.96403792379,0.0
36343.16919000287,0.0
36388.62661852521,0.0
36435.06962770161,0.0
36482.877123824146,0.0
36531.79350190756,0.0
36580.977988888204,0.0
36629.472117336336,0.0
36676.82809770172,0.0
36723.42247386538,0.0
36770.160665807394,0.0
36817.79992794531,0.0
36866.46147797591,0.0
36915.702942322576,0.0
36965.03943429282,0.0
37014.45482909266,0.0
37064.48366770598,0.0
37115.81095450894,0.0
37168.65239135165,0.0
37222.38808567494,0.0
37275.83958749066,0.0
37328.04943245389,0.0
37378.89165322491,0.0
37429.042930902084,0.0
37479.529443866195,0.0
37531.236908780535,0.0
37584.48438897663,0.0
37638.84317276237,0.0
37693.50206437426,0.0
37748.007835928576,0.0
37802.57569792671,0.0
37857.52975632042,0.0
37912.619615700576,0.0
37967.27108524918,0.0
38021.589456200745,0.0
38076.710468070574,0.0
38133.81038781055,0.0
38192.89100538547,0.0
38252.872090974844,0.0
38312.92904373203,0.0
38373.45020303822,0.0
38435.41022062545,0.0
38498.81267409725,0.0
38561.98300405584,0.0
38622.628367273246,0.0
38679.65513575582,0.0
38733.90504634038,0.0
38787.1711960545,0.0
38840.67339054146,0.0
38894.54516326324,0.0
38948.52566035953,0.0
39002.80045161141,0.0
39058.12744619726,0.0
39115.35412619293,0.0
39174.89903956979,0.0
39236.53366583612,0.0
39299.52509542367,0.0
39363.069276681155,0.0
39426.77846825091,0.0
39490.768219815785,0.0
39555.166840627906,0.0
39619.55286326137,0.0
39683.017865272384,0.0
39744.82506958277,0.0
39804.875389632914,0.0
39863.447141850775,0.0
39920.61472336203,0.0
39976.13415520832,0.0
40029.98385861886,0.0
40082.991794022295,0.0
40136.874018617775,0.0
40193.456951293825,0.0
40253.44421971342,0.0
40315.6231643971,0.0
40377.424121776996,0.0
40436.69126642058,0.0
40493.17789732968,0.0
40548.34791260353,0.0
40603.79647836277,0.0
40659.954153493054,0.0
40716.23947685304,0.0
40772.14759836731,0.0
40827.8983680582,0.0
40883.94634650772,0.0
40939.956319581404,0.0
40994.51439105431,0.0
41046.14050263027,0.0
41094.72371250794,0.0
41141.85940079406,0.0
41189.6441131806,0.0
41239.10336418868,0.0
41289.702673570704,0.0
41340.1802243216,0.0
41389.71608546899,0.0
41438.33005111787,0.0
41486.362927916714,0.0
41533.91745086734,0.0
41581.04197469366,0.0
41628.2951110692,0.0
41676.69623183996,0.0
41726.89125389067,0.0
41778.42095030942,0.0
41829.86156853938,0.0
41879.68836029357,0.0
41927.124933034334,0.0
41972.43301597051,0.0
42016.551020554376,0.0
42060.417707334585,0.0
42104.479727116144,0.0
42148.63440473313,0.0
42192.46088810199,0.0
42235.4458234086,0.0
42277.171595633525,0.0
42317.55617203955,0.0
42356.97041884925,0.0
42395.93587119632,0.0
42434.54779276303,0.0
42472.28974941996,0.0
42508.61290091215,0.0
42543.74429874998,0.0
42578.789520772654,0.0
42614.95862613799,0.0
42652.70530916042,0.0
42691.584929202916,0.0
42730.7563427353,0.0
42769.51835995691,0.0
42807.45052517193,0.0
42844.23650763342,0.0
42879.49075643289,0.0
42912.89032574662,0.0
42944.646830153695,0.0
42975.874051049555,0.0
43008.22291069421,0.0
43042.71918914757,0.0
43078.674382306344,0.0
43113.75456147342,0.0
43145.36963502359,0.0
43172.37205755204,0.0
43195.74910750376,0.0
43217.89157541353,0.0
43241.16369530442,0.0
43266.77765466918,0.0
43294.398779377174,0.0
43322.46104103728,0.0
43349.0722733851,0.0
43373.12786693869,0.0
43394.88224189468,0.0
43415.51104365133,0.0
43436.067326135846,0.0
43456.771242234514,0.0
43477.2178453431,0.0
43497.200758738014,0.0
43517.25833434055,0.0
43538.297025889646,0.0
43560.585670915716,0.0
43583.17387223173,0.0
43604.51203467782,0.0
43623.815543456876,0.0
43641.81374687319,0.0
43660.12829559336,0.0
43679.97885354498,0.0
43701.46299768763,0.0
43723.79179468476,0.0
43745.88118186,0.0
43766.7225178041,0.0
43785.51474654891,0.0
43801.75492566358,0.0
43815.273123031446,0.0
43826.13912010587,0.0
43834.562232801,0.0
43841.00080653929,0.0
43846.403461602145,0.0
43852.20872616629,0.0
43859.8248226331,0.0
43869.866991049574,0.0
43881.81194970428,0.0
43894.43283917129,0.0
43906.614203582576,0.0
43917.796790495995,0.0
43927.84064650043,0.0
43936.81577989131,0.0
43945.09645458035,0.0
43953.38581929368,0.0
43962.24238500795,0.0
43971.530587927715,0.0
43980.566197857945,0.0
43988.91505642089,0.0
43996.9205898391,0.0
44005.319977255516,0.0
44014.32349994411,0.0
44023.08024262005,0.0
44030.03523783053,0.0
44033.91823108176,0.0
44034.61308660298,0.0
44033.258329030075,0.0
44031.51391683518,0.0
44030.63745765833,0.0
44031.1662600142,0.0
44033.33205915343,0.0
44037.517275204074,0.0
44044.039541985636,0.0
44052.49115718066,0.0
44061.56502804074,0.0
