43347.39171912663,0.0
57369.83861482493,0.0
71317.94369554285,0.0
81139.13761640812,0.0
83544.42836365208,0.0
77929.72401872263,0.0
66675.0850617192,0.0
53557.324769684186,0.0
41625.45104878,0.0
32173.109119092547,0.0
25157.231342823394,0.0
20125.623180084498,0.0
16714.88767801678,0.0
14632.539742835152,0.0
13537.689223518786,0.0
13062.273028557469,0.0
12907.898444896835,0.0
12892.938590333126,0.0
12931.330001969649,0.0
12987.204651766739,0.0
13041.614644126976,0.0
13082.584342044287,0.0
13106.776445006091,0.0
13119.796378577497,0.0
13126.2574329768,0.0
13119.547679935242,0.0
13083.483142791027,0.0
13006.92782943542,0.0
12897.97985487986,0.0
12783.952485990336,0.0
12697.383851401175,0.0
12660.171840371686,0.0
12676.139272632296,0.0
12733.041081063437,0.0
12809.890444901172,0.0
12885.784627775918,0.0
12947.031154968709,0.0
12989.607786941833,0.0
13016.40509792455,0.0
13032.260651333321,0.0
13040.76702121075,0.0
13044.086442228461,0.0
13044.250507118171,0.0
13044.073457607958,0.0
13047.309874852286,0.0
13058.56654999989,0.0
13082.649199166432,0.0
13122.044944399575,0.0
13172.559518593369,0.0
13220.699382128634,0.0
13247.881628879575,0.0
13241.258374735944,0.0
13202.877403517092,0.0
13148.59774122644,0.0
13097.714761616237,0.0
13062.498127791341,0.0
13044.790291011435,0.0
13039.279997589827,0.0
13038.863887721243,0.0
13038.442950871213,0.0
13036.029618054477,0.0
13031.897928104669,0.0
13027.233137348556,0.0
13023.252930326313,0.0
13020.900151547958,0.0
13020.652591126109,0.0
13022.428284585107,0.0
13026.010671056076,0.0
13032.136701540012,0.0
13043.63160666436,0.0
13065.0108097181,0.0
13099.199348919932,0.0
13142.412779422275,0.0
13181.884665342197,0.0
13201.338543623333,0.0
13192.227386180863,0.0
13160.92379204279,0.0
13124.37879658138,0.0
13098.49662934363,0.0
13089.982846614601,0.0
13096.433148160948,0.0
13110.847653637149,0.0
13125.693194352429,0.0
13135.403883579447,0.0
13137.85260539279,0.0
13134.502429828814,0.0
13128.961378724454,0.0
13124.782260507116,0.0
13123.890350778822,0.0
13126.340179681789,0.0
13131.249166627465,0.0
13138.244340979685,0.0
13148.70267733037,0.0
13166.20564325998,0.0
13195.306014800442,0.0
13237.650703139429,0.0
13286.919183575032,0.0
13327.784025842748,0.0
13343.08998469491,0.0
13325.343341835369,0.0
13281.966886734846,0.0
13228.605697596666,0.0
13176.939527400957,0.0
13128.494933041455,0.0
13078.662326490963,0.0
13025.054583991447,0.0
12971.882899711722,0.0
12927.495467399103,0.0
12898.822074148493,0.0
12888.191609572339,0.0
12894.484106792643,0.0
12916.358281870984,0.0
12954.384879416833,0.0
13010.466777998545,0.0
13084.882116670673,0.0
13172.853013733002,0.0
13263.979897573738,0.0
13346.898767621304,0.0
13416.147394529933,0.0
13473.636264045963,0.0
13520.887079825376,0.0
13549.180223598014,0.0
13539.88005644389,0.0
13477.672740693552,0.0
13364.215944337104,0.0
13217.520812034918,0.0
13057.337540905562,0.0
12891.653986752739,0.0
12717.450373594047,0.0
12533.381592930271,0.0
12350.194408665382,0.0
12188.22636117766,0.0
12065.33363341789,0.0
11987.474442591007,0.0
11949.36022681052,0.0
11941.79279264659,0.0
11957.894271050132,0.0
11994.132749127071,0.0
12047.41452934548,0.0
12111.942515080893,0.0
12179.19406537651,0.0
12241.81541490358,0.0
12297.839629545433,0.0
12349.50680845838,0.0
12395.551198345984,0.0
12424.485303544037,0.0
12418.396599608457,0.0
12366.785838915826,0.0
12278.149740100973,0.0
12177.801616654366,0.0
12093.840875115155,0.0
12043.612223447053,0.0
12029.633208436395,0.0
12043.678653136405,0.0
12072.905214523917,0.0
12104.746798554195,0.0
12130.642676188927,0.0
12148.49784942431,0.0
12162.729232747217,0.0
12181.627439083468,0.0
12213.446997810037,0.0
12262.711155019331,0.0
12327.851424943121,0.0
12401.341536121354,0.0
12473.261778568696,0.0
12536.864056159,0.0
12591.590722144003,0.0
12639.599360182954,0.0
12677.879797922096,0.0
12694.132990245618,0.0
12672.74849597682,0.0
12607.425820162285,0.0
12509.202445064178,0.0
12402.251313021272,0.0
12311.056476707618,0.0
12249.144632591533,0.0
12216.020508642552,0.0
12201.789391148983,0.0
12194.981038022934,0.0
12188.872719922245,0.0
12183.353532570576,0.0
12182.538912817385,0.0
12191.130880629058,0.0
12212.370906776532,0.0
12247.991844545299,0.0
12298.415343769404,0.0
12361.864910881877,0.0
12433.034364763154,0.0
12503.525177133637,0.0
12565.243519240483,0.0
12614.235483634695,0.0
12650.424336645074,0.0
12672.206822605785,0.0
12671.653479155002,0.0
12637.546808059602,0.0
12565.702419922938,0.0
12466.725626595397,0.0
12362.508467286143,0.0
12274.170906623265,0.0
12212.231222169039,0.0
12175.639787990896,0.0
12157.043220057922,0.0
12148.257650905061,0.0
12143.193829106265,0.0
12138.817238169368,0.0
12134.99478677033,0.0
12133.298967829533,0.0
12135.125670577894,0.0
12140.392434776651,0.0
12147.79027873707,0.0
12156.15814775855,0.0
12165.53228695643,0.0
12177.077207921708,0.0
12192.514754694941,0.0
12213.757498837142,0.0
12242.046229983562,0.0
12275.457330282068,0.0
12306.207555131823,0.0
12322.092765851681,0.0
12313.861436611283,0.0
12283.229905344753,0.0
12243.695224229114,0.0
12213.035303655322,0.0
12204.14184581595,0.0
12220.42516632101,0.0
12256.392641622468,0.0
12301.095105102186,0.0
12342.810467360914,0.0
12373.547113792969,0.0
12391.321960381538,0.0
12399.18584406922,0.0
12402.287528958104,0.0
12405.196291091781,0.0
12410.472555307892,0.0
12418.382550160584,0.0
12427.640239043549,0.0
12437.226888258723,0.0
12448.587694857648,0.0
12466.30105290016,0.0
12495.30920251421,0.0
12535.380921476464,0.0
12577.293899064302,0.0
12605.819881422472,0.0
12608.959293846006,0.0
12585.701790647934,0.0
12545.056363176218,0.0
12497.731352792789,0.0
12448.814423813546,0.0
12397.589946214553,0.0
12342.897762533632,0.0
12287.67594900457,0.0
12238.450010271139,0.0
12201.343760264172,0.0
12179.300919404865,0.0
12172.838022828846,0.0
12182.467383907862,0.0
12209.804855671378,0.0
12256.35092851811,0.0
12321.090692010557,0.0
12398.79472924591,0.0
12480.554543092125,0.0
12556.848160160076,0.0
12621.132188335416,0.0
12670.49299115145,0.0
12701.849745054085,0.0
12707.49558607832,0.0
12676.807576596062,0.0
12605.841488386584,0.0
12506.958705331646,0.0
12408.387214031975,0.0
12342.83187507714,0.0
12333.70453923782,0.0
12386.897075577364,0.0
12489.7856829677,0.0
12616.40970223744,0.0
12737.694812457328,0.0
12833.139638376399,0.0
12897.780777363703,0.0
12940.830156045422,0.0
12978.451845748054,0.0
13026.010790744956,0.0
13092.804411630734,0.0
13179.328557265404,0.0
13277.00486424153,0.0
13371.61152984158,0.0
13450.484411392243,0.0
13509.311395920973,0.0
13552.116474280912,0.0
13582.911159615596,0.0
13596.444324321938,0.0
13578.403458244708,0.0
13516.772754752912,0.0
13414.125860552962,0.0
13289.38891562773,0.0
13168.290068968277,0.0
13071.342115061441,0.0
13007.272213251259,0.0
12973.277763809016,0.0
12959.64241787279,0.0
12955.832584873744,0.0
12955.368854425671,0.0
12957.554106156404,0.0
12966.086853112982,0.0
12986.195411920216,0.0
13022.100637449526,0.0
13075.507681876472,0.0
13144.775786971391,0.0
13224.284711705415,0.0
13305.06758759786,0.0
13378.44955682354,0.0
13441.001880173506,0.0
13495.038650271345,0.0
13541.41600871464,0.0
13570.863738841777,0.0
13565.121523632451,0.0
13510.593084291246,0.0
13412.67044246251,0.0
13296.214321560985,0.0
13191.420431569502,0.0
13118.131316189418,0.0
13080.23528530993,0.0
13070.152042115718,0.0
13076.337931295775,0.0
13088.704496075801,0.0
13101.19754958969,0.0
13112.445119700487,0.0
13125.159857584795,0.0
13144.687053023268,0.0
13177.022943461605,0.0
13226.35770191655,0.0
13292.568886416198,0.0
13370.014612593186,0.0
13449.196278891444,0.0
13521.36575474009,0.0
13582.83824280215,0.0
13634.276341178085,0.0
13673.984111059459,0.0
13691.654394070409,0.0
13671.463885676323,0.0
13604.825479419023,0.0
13501.220082079375,0.0
13385.357791707263,0.0
13282.568841054814,0.0
13205.78039926008,0.0
13153.875693973125,0.0
13119.121258618374,0.0
13094.95131415739,0.0
13078.754426767466,0.0
13070.546705319197,0.0
13070.92567888737,0.0
13080.265409366433,0.0
13099.008483665097,0.0
13128.253662594143,0.0
13169.79636236724,0.0
13224.930445377118,0.0
13292.195174896397,0.0
13365.936405105944,0.0
13437.825532333678,0.0
13500.551846103765,0.0
13549.6176170082,0.0
13580.551940520802,0.0
13585.000753230659,0.0
13552.549472883002,0.0
13479.497188827298,0.0
13376.414680605949,0.0
13265.49809925836,0.0
13168.877595363701,0.0
13098.085982364282,0.0
13052.392013276673,0.0
13024.407206269392,0.0
13006.40910494857,0.0
12993.28978922644,0.0
12982.593591391975,0.0
12973.682291731782,0.0
12967.033638076548,0.0
12963.504146150908,0.0
12963.636717031612,0.0
12967.281884159645,0.0
12973.767061926428,0.0
12982.441537545452,0.0
12993.459673261608,0.0
13008.596576925283,0.0
13031.1826155352,0.0
13063.710213042774,0.0
13103.294057930409,0.0
13138.905237555864,0.0
13155.336366540596,0.0
13143.012737872941,0.0
13105.224223014473,0.0
13055.44187356836,0.0
13007.313883947101,0.0
12966.885833844322,0.0
12932.797473326751,0.0
12901.65789698174,0.0
12872.350197802565,0.0
12846.345535815839,0.0
12825.699522394587,0.0
12811.399534496071,0.0
12802.915312205047,0.0
12798.442687070221,0.0
12795.771852921398,0.0
12793.703066060809,0.0
12793.122419147581,0.0
12796.511511071034,0.0
12806.282948406399,0.0
12823.777410868293,0.0
12849.615007634144,0.0
12883.541183493311,0.0
12922.08760298122,0.0
12956.325979222102,0.0
12974.344618699122,0.0
12968.713666749756,0.0
12942.402867462555,0.0
12906.900237819686,0.0
12874.352462163199,0.0
12851.320601184316,0.0
12838.58996958806,0.0
12834.655911627833,0.0
12838.210030902852,0.0
12848.061390318882,0.0
12862.390482962212,0.0
12879.395210794415,0.0
12899.236263019173,0.0
12925.479024742135,0.0
12964.500054353666,0.0
13022.386879778198,0.0
13100.496515200084,0.0
13192.422060691795,0.0
13285.599565988903,0.0
13367.856244405391,0.0
13433.986639379596,0.0
13485.63848587049,0.0
13523.466987591966,0.0
13539.368028144101,0.0
13518.175531199366,0.0
13448.282758173174,0.0
13329.535919165513,0.0
13167.479927384586,0.0
12957.740211753035,0.0
12677.619778958175,0.0
12299.223070041475,0.0
11818.501671214251,0.0
11274.188942683408,0.0
10733.991040314586,0.0
10257.046262518095,0.0
9867.958460198817,0.0
9564.09879727136,0.0
9340.71707808576,0.0
9205.391444659146,0.0
9173.845500701134,0.0
9259.407896421544,0.0
9465.78250310817,0.0
9781.627990437999,0.0
10175.077159737326,0.0
10593.688490411274,0.0
10975.735421906924,0.0
11268.742088106157,0.0
11444.428432130386,0.0
11504.71801856523,0.0
11480.010860420598,0.0
11420.946917882336,0.0
11382.60188448817,0.0
11404.95935799998,0.0
11499.59116270167,0.0
11650.163232573981,0.0
11825.071441318009,0.0
11993.51860273802,0.0
12136.272672080993,0.0
12247.550726757036,0.0
12330.822620299545,0.0
12394.31820252701,0.0
12449.029090286971,0.0
12507.325470013262,0.0
12579.472159152177,0.0
12668.689955102422,0.0
12768.444143771569,0.0
12865.20197859431,0.0
12946.219401542545,0.0
13006.677367677335,0.0
13049.252003625606,0.0
13075.568574493456,0.0
13078.052470461567,0.0
13042.628330085767,0.0
12962.001118921637,0.0
12846.942630351245,0.0
12723.538850668621,0.0
12618.256329085563,0.0
12544.27704361151,0.0
12499.460604513908,0.0
12473.996298499029,0.0
12458.82390816828,0.0
12449.125083613255,0.0
12443.715605559782,0.0
12443.573023220586,0.0
12451.156707391196,0.0
12470.174132802316,0.0
12504.794465018687,0.0
12557.556108503955,0.0
12626.620525152017,0.0
12704.639903632216,0.0
12781.393679399207,0.0
12849.439050565035,0.0
12908.087006796275,0.0
12960.786479631362,0.0
13006.691652897705,0.0
13034.485877913996,0.0
13026.721700007685,0.0
12973.157900556651,0.0
12881.189238111392,0.0
12773.04474844768,0.0
12672.292808654034,0.0
12591.818579878862,0.0
12532.028888635316,0.0
12487.412108432723,0.0
12453.55170237453,0.0
12429.33642437941,0.0
12415.30496949469,0.0
12412.015004174551,0.0
12420.308124414529,0.0
12442.075933748045,0.0
12479.727586030618,0.0
12534.150187095094,0.0
12602.405382156348,0.0
12676.79298174214,0.0
12746.898687000992,0.0
12804.684146776675,0.0
12849.095310854147,0.0
12884.88451252784,0.0
12914.823935126984,0.0
12932.398960049411,0.0
12923.453437537879,0.0
12876.4864107872,0.0
12791.117874416172,0.0
12675.424947695074,0.0
12535.002385791142,0.0
12366.299683567679,0.0
12162.88628307967,0.0
11929.435535442863,0.0
11688.866615382685,0.0
11473.92812998213,0.0
11310.008248435228,0.0
11203.951889463204,0.0
11146.04040641991,0.0
11119.634984649694,0.0
11109.573875529208,0.0
11105.72462894624,0.0
11103.232269332597,0.0
11101.481064326354,0.0
11102.67662792363,0.0
11110.460812884923,0.0
11128.416520476598,0.0
11157.761300019982,0.0
11194.226961421371,0.0
11226.865992811781,0.0
11242.19573545489,0.0
11232.591230008422,0.0
11201.932520204457,0.0
11162.773433871122,0.0
11127.732387189477,0.0
11103.028805720458,0.0
11088.276279163509,0.0
11080.048917490863,0.0
11075.13174099217,0.0
11071.905057804874,0.0
11070.381536003235,0.0
11071.487633264784,0.0
11075.998630635237,0.0
11083.667051711524,0.0
11092.991048599251,0.0
11101.54597470801,0.0
11106.7724185598,0.0
11107.200013839187,0.0
11104.00806740101,0.0
11102.195262178713,0.0
11109.692692320486,0.0
11133.144290161035,0.0
11171.906991628017,0.0
11215.312930958367,0.0
11247.447418059392,0.0
11257.059405843189,0.0
11244.188748482742,0.0
11217.773723894963,0.0
11187.704618928261,0.0
11159.3829920242,0.0
11134.214862618788,0.0
11112.754313829011,0.0
11096.341805737055,0.0
11086.666257725901,0.0
11085.016504581437,0.0
11092.309545004315,0.0
11109.564980941355,0.0
11138.234687457469,0.0
11180.250495902179,0.0
11237.413243106934,0.0
11309.612918113684,0.0
11392.203297863392,0.0
11475.09343083871,0.0
11546.475212373582,0.0
11599.662562900652,0.0
11636.211755911576,0.0
11660.461398846499,0.0
11670.336754860109,0.0
11655.69582861691,0.0
11608.41704113418,0.0
11535.376621770334,0.0
11462.08878691282,0.0
11424.251595202813,0.0
11453.388061344864,0.0
11563.078786400278,0.0
11740.51872372245,0.0
11948.971242611715,0.0
12143.511084437518,0.0
12292.06472321847,0.0
12387.6335239859,0.0
12444.91203173787,0.0
12487.142468855736,0.0
12533.764788598604,0.0
12594.415750289356,0.0
12668.850998514477,0.0
12750.12571812517,0.0
12829.065996665224,0.0
12898.826889369477,0.0
12957.49627368122,0.0
13006.031451485813,0.0
13042.050359633959,0.0
13055.450827368506,0.0
13032.665737534802,0.0
12968.091953879544,0.0
12872.084322286277,0.0
12766.949253135834,0.0
12674.322927531963,0.0
12604.957554357301,0.0
12557.517311683716,0.0
12524.202109072017,0.0
12497.358435968088,0.0
12473.310330826012,0.0
12452.873732047658,0.0
12439.92267018981,0.0
12439.572656259985,0.0
12456.74437351578,0.0
12494.950794428218,0.0
12554.701635764019,0.0
12631.76855320998,0.0
12716.914640314728,0.0
12798.630390325985,0.0
12867.854221148811,0.0
12920.806174858964,0.0
12956.551478439918,0.0
12970.892356651395,0.0
12953.639632889335,0.0
12895.10264313253,0.0
12797.97363495805,0.0
12682.222124625401,0.0
12575.380423816472,0.0
12495.625046147265,0.0
12442.750436791253,0.0
12403.382999766814,0.0
12363.279567613525,0.0
12316.205442399274,0.0
12265.728874546197,0.0
12222.333860788674,0.0
12198.598526245896,0.0
12203.838758745642,0.0
12240.385671279231,0.0
12303.917821983357,0.0
12386.848097477981,0.0
12481.031465651258,0.0
12578.052638041645,0.0
12669.465828817614,0.0
12749.297498972548,0.0
12816.719863003873,0.0
12874.33804952907,0.0
12921.273151330388,0.0
12947.331209849937,0.0
12936.128084038022,0.0
12876.916212831191,0.0
12774.269284583075,0.0
12645.055888168863,0.0
12504.759791090974,0.0
12356.618382173137,0.0
12194.311575570859,0.0
12015.162933504613,0.0
11830.40432572473,0.0
11662.540428997901,0.0
11532.976794057968,0.0
11451.582433998728,0.0
11415.806684442863,0.0
11416.898553269817,0.0
11446.176423446888,0.0
11497.002298672076,0.0
11562.996367912408,0.0
11635.693030128807,0.0
11704.811317890251,0.0
11761.681731451403,0.0
11802.139329583008,0.0
11824.273820920564,0.0
11821.762191245034,0.0
11780.670257322847,0.0
11686.432791201058,0.0
11536.975087927183,0.0
11348.473261394427,0.0
11145.126922559128,0.0
10940.68788251948,0.0
10729.530367972842,0.0
10496.917888179065,0.0
10239.561154097913,0.0
9977.17605733581,0.0
9744.104943228944,0.0
9568.875116251533,0.0
9459.615907804453,0.0
9405.226170889027,0.0
9386.913967510312,0.0
9388.632884196539,0.0
9400.381695306714,0.0
9416.373582855456,0.0
9432.979512214857,0.0
9448.804618875212,0.0
9465.52738487202,0.0
9486.985730085373,0.0
9515.926289554602,0.0
9550.256772138378,0.0
9581.885117145059,0.0
9600.251921251505,0.0
9599.029095111946,0.0
9580.618941348934,0.0
9554.071591260266,0.0
9528.406411361431,0.0
9507.661072598747,0.0
9491.124275654869,0.0
9476.642786397384,0.0
9463.206431888693,0.0
9451.388475135429,0.0
9442.606977912059,0.0
9438.421577301944,0.0
9440.020597451436,0.0
9447.500480921395,0.0
9459.182380804448,0.0
9471.82926875749,0.0
9482.015253595202,0.0
9487.709843890043,0.0
9489.17679765659,0.0
9489.150750348248,0.0
9492.40662485235,0.0
9504.092446706058,0.0
9526.365185013621,0.0
9555.16342821126,0.0
9580.392289177375,0.0
9590.253447272658,0.0
9574.61087047305,0.0
9521.971450662597,0.0
9413.154991166588,0.0
9222.842761334205,0.0
8935.706220520115,0.0
8567.523555513793,0.0
8170.52198634365,0.0
7812.18584969136,0.0
7541.544477040019,0.0
7369.530004685204,0.0
7275.594152193354,0.0
7229.060755558932,0.0
7206.221214649816,0.0
7194.901853145764,0.0
7190.723403372756,0.0
7192.398156470705,0.0
7199.564029267772,0.0
7212.533035032295,0.0
7231.92380756475,0.0
7257.296030437902,0.0
7285.273389925536,0.0
7309.05281417301,0.0
7320.702328807541,0.0
7315.386336041596,0.0
7293.997279754646,0.0
7261.3550321806915,0.0
7221.524026714781,0.0
7174.926040953306,0.0
7119.982769418933,0.0
7057.19698532196,0.0
6991.339967408737,0.0
6929.780217766883,0.0
6879.070488808419,0.0
6843.283808649901,0.0
6824.860042766787,0.0
6825.678169965369,0.0
6846.674508374646,0.0
6886.899621972422,0.0
6943.6014936528945,0.0
7012.9163752644145,0.0
7089.77784766887,0.0
7167.408528794336,0.0
7237.875109476883,0.0
7293.522431788352,0.0
7327.383481270777,0.0
7332.593477030764,0.0
7304.4560330591885,0.0
7247.110646548111,0.0
7180.9812059467695,0.0
7144.376175989552,0.0
7186.3861397176415,0.0
7351.918597164234,0.0
7660.9387629429875,0.0
8089.6415566531105,0.0
8569.528724482429,0.0
9014.205982755455,0.0
9359.655154859667,0.0
9588.582220178898,0.0
9724.140233443604,0.0
9805.299966075958,0.0
9865.362529481887,0.0
9923.427380121952,0.0
9985.594814567454,0.0
10049.777427907773,0.0
10111.123182814712,0.0
10166.710871775984,0.0
10217.348469076085,0.0
10264.561303240396,0.0
10304.784587346308,0.0
10326.350590717786,0.0
10313.690387010489,0.0
10256.560434085955,0.0
10155.601943957217,0.0
10017.312855259333,0.0
9841.969078378113,0.0
9617.664838173509,0.0
9330.744851821657,0.0
8986.771736626351,0.0
8621.832054756655,0.0
8289.780910743257,0.0
8034.378436643806,0.0
7870.229363283058,0.0
7785.5573546679025,0.0
7758.183245841486,0.0
7768.725145755352,0.0
7804.060829542306,0.0
7854.490724239454,0.0
7910.514829462607,0.0
7962.69972712665,0.0
8004.671255987393,0.0
8036.0360491362335,0.0
8061.056971771804,0.0
8082.084181210202,0.0
8093.289595300932,0.0
8082.107031358573,0.0
8038.818926646991,0.0
7964.62444937672,0.0
7868.53852600027,0.0
7755.719963650511,0.0
7620.445737140049,0.0
7452.94337644379,0.0
7254.49212949555,0.0
7045.643539736216,0.0
6858.575807281473,0.0
6719.952878197499,0.0
6638.821962684333,0.0
6607.410915694433,0.0
6610.443647400376,0.0
6633.910486205611,0.0
6668.3671347248555,0.0
6707.789655867071,0.0
6747.407408198514,0.0
6783.173895437633,0.0
6813.1160331035635,0.0
6838.218873415767,0.0
6860.232514867825,0.0
6877.093049553063,0.0
6880.84512154822,0.0
6862.534446749475,0.0
6821.949230550635,0.0
6775.046333396456,0.0
6754.079211754542,0.0
6800.993217489531,0.0
6955.382313071646,0.0
7236.72326568149,0.0
7626.449471437504,0.0
8065.152298205354,0.0
8475.265102091029,0.0
8796.9769168536,0.0
9010.474278573698,0.0
9130.923555313493,0.0
9187.675820629896,0.0
9207.28807690544,0.0
9208.03742081882,0.0
9201.318574444158,0.0
9193.996334118896,0.0
9190.250092352357,0.0
9193.316321002028,0.0
9206.394642626106,0.0
9231.312847741,0.0
9265.413447906694,0.0
9299.728606225694,0.0
9321.921087186904,0.0
9323.096572286817,0.0
9301.979845200322,0.0
9261.339033846081,0.0
9200.290621763159,0.0
9111.705912383019,0.0
8989.204558926644,0.0
8837.96975526067,0.0
8678.771183434508,0.0
8540.040847427115,0.0
8443.488260765514,0.0
8394.09578168383,0.0
8380.64960899035,0.0
8384.241250067369,0.0
8388.177349217178,0.0
8384.196037926313,0.0
8373.193161976855,0.0
8361.446565859578,0.0
8355.59183494485,0.0
8359.845031619092,0.0
8376.11410926814,0.0
8404.42413446127,0.0
8441.145794259306,0.0
8476.775825112898,0.0
8496.971852726296,0.0
8487.130489457815,0.0
8433.997450462995,0.0
8318.30567767833,0.0
8103.876496506913,0.0
7740.54132004239,0.0
7193.237935545248,0.0
6483.285846664949,0.0
5704.164163506985,0.0
4986.8652141265275,0.0
4435.755353798065,0.0
4085.0113753755536,0.0
3903.763988997409,0.0
3833.4229694209716,0.0
3822.5980915774294,0.0
3840.83028551717,0.0
3874.402326226011,0.0
3916.202248132842,0.0
3959.1375098309472,0.0
3996.017667089442,0.0
4022.6445733852047,0.0
4039.083100746391,0.0
4047.184956853503,0.0
4047.5523094520063,0.0
4040.2657655025605,0.0
4030.0458738212915,0.0
4034.020414432594,0.0
4089.4854740470555,0.0
4256.333197043501,0.0
4603.65054113591,0.0
5173.758715290087,0.0
5939.162731955826,0.0
6790.118551928599,0.0
7577.111324084884,0.0
8183.934012865715,0.0
8576.022726674912,0.0
8793.235295067705,0.0
8905.97808504962,0.0
8974.369275232726,0.0
9032.21426956873,0.0
9091.697865899052,0.0
9154.229540858649,0.0
9217.71695309706,0.0
9279.216087959703,0.0
9335.604677710711,0.0
9383.117597914368,0.0
9415.770978890392,0.0
9424.511420457628,0.0
9400.575790340436,0.0
9342.527556887593,0.0
9260.333356109762,0.0
9170.668948172282,0.0
9086.26020646683,0.0
9008.734572919728,0.0
8931.279416110288,0.0
8848.203892623975,0.0
8762.801200802995,0.0
8687.349790270924,0.0
8636.234597188657,0.0
8618.184359780536,0.0
8632.92222950717,0.0
8673.313857428513,0.0
8730.263668185615,0.0
8796.175083908394,0.0
8864.728494609933,0.0
8928.707640022794,0.0
8980.103689561663,0.0
9014.281136250478,0.0
9034.03757283373,0.0
9047.353796994676,0.0
9058.873089382676,0.0
9063.543241249145,0.0
9050.221795004276,0.0
9012.43813520179,0.0
8955.324898944742,0.0
8891.82996100313,0.0
8832.54542701662,0.0
8779.118924309272,0.0
8726.587920135249,0.0
8671.180271827208,0.0
8615.609978347271,0.0
8567.315748397981,0.0
8532.517694792825,0.0
8512.661091639657,0.0
8506.199588203188,0.0
8512.621381831046,0.0
8534.00477950003,0.0
8572.501905841284,0.0
8625.898368434624,0.0
8684.864654911224,0.0
8734.916284471978,0.0
8763.379739070153,0.0
8767.166504037064,0.0
8754.532513049437,0.0
8738.06069489431,0.0
8724.55947583253,0.0
8710.798258655346,0.0
8687.650335044631,0.0
8645.909231996917,0.0
8576.186889423352,0.0
8463.948624307715,0.0
8289.061946766598,0.0
8037.144989406715,0.0
7717.144301870868,0.0
7368.502944209074,0.0
7046.859627325098,0.0
6797.188738096858,0.0
6635.663684400193,0.0
6551.710986571887,0.0
6522.864578057865,0.0
6528.31445805478,0.0
6554.192824449167,0.0
6592.112461529125,0.0
6635.308225223708,0.0
6676.360144522835,0.0
6708.3247354420655,0.0
6727.356005294494,0.0
6733.153871129301,0.0
6726.262478292975,0.0
6705.71661096768,0.0
6670.019798219174,0.0
6619.748175254951,0.0
6557.265651406579,0.0
6482.290244638106,0.0
6387.7667750753535,0.0
6262.01075120499,0.0
6098.25734221794,0.0
5905.092283196243,0.0
5707.834628356791,0.0
5537.1065456475935,0.0
5412.623181141807,0.0
5335.178926061637,0.0
5291.68691716289,0.0
5266.390658607836,0.0
5248.757019224197,0.0
5234.789500756059,0.0
5224.675549955471,0.0
5220.250709283471,0.0
5223.352024151661,0.0
5234.707026765301,0.0
5253.295772004851,0.0
5276.400108652988,0.0
5299.930425667902,0.0
5318.783607293705,0.0
5327.5889291329095,0.0
5322.080107243715,0.0
5299.580430789277,0.0
5256.676685160902,0.0
5185.393830876352,0.0
5073.204268357673,0.0
4910.940216408133,0.0
4704.495040285625,0.0
4479.235493625693,0.0
4270.439439203299,0.0
4106.187757391477,0.0
3996.134411027619,0.0
3932.7260205730176,0.0
3900.360301930443,0.0
3884.5138722294923,0.0
3876.434315073411,0.0
3873.1335736059004,0.0
3874.567571951962,0.0
3880.826777271276,0.0
3891.2005794818624,0.0
3904.344707226145,0.0
3917.6315162599753,0.0
3925.815821818849,0.0
3921.8863816223134,0.0
3902.4886100967183,0.0
3875.4541009249633,0.0
3865.3256955269217,0.0
3915.4601345454466,0.0
4085.882426704594,0.0
4439.940386328252,0.0
5012.4392111668185,0.0
5771.411038062923,0.0
6608.31003309965,0.0
7379.718797971549,0.0
7976.660201476502,0.0
8368.26541234917,0.0
8592.210560664358,0.0
8712.862031870722,0.0
8784.928504565478,0.0
8839.970475979722,0.0
8889.86477328014,0.0
8935.786669841269,0.0
8976.628203094111,0.0
9014.51005653375,0.0
9055.329488522617,0.0
9103.391009030776,0.0
9154.311483928039,0.0
9193.426773118435,0.0
9203.50561556423,0.0
9176.281129368117,0.0
9117.351562310363,0.0
9040.224188344373,0.0
8956.14683453608,0.0
8869.307483703215,0.0
8779.697406932979,0.0
8688.428667834947,0.0
8600.024718666396,0.0
8520.978296255125,0.0
8457.430061123392,0.0
8414.30047736264,0.0
8395.229313520264,0.0
8401.639843130737,0.0
8431.359410282019,0.0
8478.660005479278,0.0
8536.041385709266,0.0
8596.09676424526,0.0
8652.54900127615,0.0
8701.32274211171,0.0
8741.788901619939,0.0
8776.052150907606,0.0
8804.769548982165,0.0
8822.648494472522,0.0
8820.089773542893,0.0
8792.619991186324,0.0
8751.179159685418,0.0
8724.16932382522,0.0
8749.168255851355,0.0
8858.93404898607,0.0
9066.495108740242,0.0
9353.939599762058,0.0
9673.030557763394,0.0
9963.67280299005,0.0
10182.137239100177,0.0
10319.264712055803,0.0
10396.456992005351,0.0
10446.644170839496,0.0
10496.644194533947,0.0
10559.832792292338,0.0
10637.31284329067,0.0
10722.3344445333,0.0
10805.748495666992,0.0
10881.912924224276,0.0
10952.199121750291,0.0
11021.412569400522,0.0
11087.569994285735,0.0
11134.47071237575,0.0
11138.091638168467,0.0
11084.870579524862,0.0
10985.249583170247,0.0
10868.746946685398,0.0
10765.573559744167,0.0
10691.756838945885,0.0
10647.560471848597,0.0
10624.97523859728,0.0
10615.265780170348,0.0
10612.447480521361,0.0
10613.912834191706,0.0
10620.169439275098,0.0
10634.116026504145,0.0
10659.432739170907,0.0
10698.517110696199,0.0
10750.717474069466,0.0
10811.76048279166,0.0
10874.759779757605,0.0
10932.927726850628,0.0
10983.017108501468,0.0
11026.73374146769,0.0
11067.494591342442,0.0
11103.852825935364,0.0
11125.565264470151,0.0
11117.492192820579,0.0
11069.349567620624,0.0
10982.038905747424,0.0
10863.023993635652,0.0
10714.302367595632,0.0
10526.085126817898,0.0
10285.917809494893,0.0
9997.609778761102,0.0
9691.6902115561,0.0
9414.570636294126,0.0
9204.079115836737,0.0
9072.17852814059,0.0
9006.830650229069,0.0
8986.326779605615,0.0
8992.26262751722,0.0
9013.92001669111,0.0
9045.680887639408,0.0
9082.520096083148,0.0
9118.014973333424,0.0
9146.401469318182,0.0
9165.993872163506,0.0
9179.24426027866,0.0
9187.82362481543,0.0
9187.413271217678,0.0
9168.852669882877,0.0
9126.275011788191,0.0
9064.847478670203,0.0
9000.56337264793,0.0
8952.5988244109,0.0
8935.114230564748,0.0
8953.296286827423,0.0
9003.092278913084,0.0
9072.86970296976,0.0
9147.132841105675,0.0
9212.170895510699,0.0
9260.819971033858,0.0
9293.150804753499,0.0
9313.250430340555,0.0
9325.399538186917,0.0
9332.363562742716,0.0
9335.867303629719,0.0
9337.598211487599,0.0
9339.754323939063,0.0
9345.256088689732,0.0
9357.532133015597,0.0
9378.860880105309,0.0
9407.209163114847,0.0
9434.415590532531,0.0
9448.538703588798,0.0
9438.8697252342,0.0
9396.979822082922,0.0
9309.81892867486,0.0
9151.029961570777,0.0
8884.09892935923,0.0
8484.527808265595,0.0
7968.956420140557,0.0
7404.92260955967,0.0
6885.724060961399,0.0
6485.842990884831,0.0
6230.7609887079825,0.0
6099.648211718758,0.0
6049.85324094261,0.0
6040.703873205884,0.0
6044.570897190986,0.0
6047.156333866215,0.0
6043.634941729793,0.0
6035.126018871055,0.0
6026.435181050559,0.0
6023.930897896196,0.0
6032.535969268682,0.0
6052.242991164903,0.0
6077.107426378464,0.0
6099.141129527021,0.0
6116.040434784146,0.0
6137.619788136731,0.0
6185.604675719745,0.0
6285.027653272828,0.0
6450.022850799485,0.0
6671.313476900767,0.0
6915.097419176663,0.0
7137.758819325268,0.0
7307.736402516866,0.0
7418.308130057465,0.0
7483.295771291164,0.0
7523.082725269073,0.0
7553.679382423507,0.0
7584.2145651489645,0.0
7619.1102497234,0.0
7659.756461323423,0.0
7704.8038769872355,0.0
7751.455292618394,0.0
7798.317043172307,0.0
7846.762979588654,0.0
7898.147098274618,0.0
7948.60000862401,0.0
7987.497034567759,0.0
8003.907827330509,0.0
7999.014574053883,0.0
7996.485731940439,0.0
8042.012162407486,0.0
8187.632743207349,0.0
8464.456198611091,0.0
8857.789157667723,0.0
9304.349117833588,0.0
9720.019648968966,0.0
10041.32667939877,0.0
10250.51284240002,0.0
10369.776107730546,0.0
10437.010123321015,0.0
10484.50908421354,0.0
10530.834820403104,0.0
10582.553141381999,0.0
10638.833839618059,0.0
10695.353315477581,0.0
10747.560680390097,0.0
10793.623079779542,0.0
10835.144003710537,0.0
10873.858340076427,0.0
10905.93760110611,0.0
10919.53762999498,0.0
10899.877550761588,0.0
10838.340540640775,0.0
10736.070902910742,0.0
10597.46664505123,0.0
10421.620519366677,0.0
10204.300540743296,0.0
9951.031814721007,0.0
9686.520780768209,0.0
9447.497255685723,0.0
9264.084838469504,0.0
9146.72901554092,0.0
9088.011526163611,0.0
9073.417337250203,0.0
9090.113382467232,0.0
9129.038040614327,0.0
9182.553013153765,0.0
9241.851308180449,0.0
9296.820311334417,0.0
9338.721602724134,0.0
9363.856550266402,0.0
9375.12640817628,0.0
9379.434915707518,0.0
9382.304240638683,0.0
9384.175640098236,0.0
9382.274385639737,0.0
9377.027340265435,0.0
9376.956795364658,0.0
9396.59324884395,0.0
9448.453718099856,0.0
9535.15883140791,0.0
9646.716917133954,0.0
9764.081699078288,0.0
9867.224206237348,0.0
9943.82143048519,0.0
9993.549781584945,0.0
10025.79764297583,0.0
10053.617808761152,0.0
10088.440541435853,0.0
10137.11457916988,0.0
10200.197430218615,0.0
10271.399456899271,0.0
10339.855320261142,0.0
10395.571377505115,0.0
10434.839935915103,0.0
10460.923263957477,0.0
10478.621284457922,0.0
10486.761547053098,0.0
10475.738772899655,0.0
10434.150667085943,0.0
10360.876801467246,0.0
10272.915788639857,0.0
10201.376642766307,0.0
10176.87096135697,0.0
10213.358122511503,0.0
10300.6793293041,0.0
10410.867955071366,0.0
10514.502861051826,0.0
10595.894481325438,0.0
10656.704358036739,0.0
10707.910949574874,0.0
10759.394889671286,0.0
10815.26464414103,0.0
10875.76729284615,1.0
10940.206344133654,1.0
11018.129608018975,1.0
11146.690577565956,0.0
11446.083267151282,0.0
12198.679257157339,0.0
13917.45932336295,0.0
17280.618681831165,0.0
22786.066216882333,0.0
30138.329278637586,0.0
37756.6127546147,0.0
43058.27860789279,0.0
43766.69672585065,0.0
39443.522627270155,0.0
31881.76052192934,0.0
23907.526192449102,0.0
17669.941548420466,0.0
13823.553082494696,0.0
11893.289775817975,0.0
11076.390703877372,0.0
10762.305216313742,0.0
10635.95327803377,0.0
10578.686972281239,0.0
10556.086814267597,0.0
10561.127990196122,0.0
10588.095710915646,0.0
10632.131815845125,0.0
10686.236601012019,0.0
10742.123731918764,0.0
10793.416071291442,0.0
10839.19306190413,0.0
10883.32864792941,0.0
10928.42348603766,0.0
10969.808024413143,0.0
10996.712861796328,0.0
11000.735793173388,0.0
10983.53841862508,0.0
10956.37115637999,0.0
10932.631794953646,0.0
10920.459579140106,0.0
10920.148583875882,0.0
10926.136126056088,0.0
10931.200387203768,0.0
10930.518830181843,0.0
10923.563490613044,0.0
10913.09919880136,0.0
10902.690664413623,0.0
10894.840216690085,0.0
10890.556833393703,0.0
10889.701060715417,0.0
10891.596783245453,0.0
10895.89550370278,0.0
10903.587047693856,0.0
10917.58008831614,0.0
10941.996679602764,0.0
10979.524357172533,0.0
11027.246968671638,0.0
11073.264311693452,0.0
11097.743927915197,0.0
11077.991378714207,0.0
10991.514497133767,0.0
10813.528005113836,0.0
10516.96693026088,0.0
10086.927484634229,0.0
9545.052930755446,0.0
8959.19030179171,0.0
8420.652790603412,1.0
8002.308635105407,1.0
7736.031163659333,1.0
7628.877167813992,1.0
7709.83451690878,1.0
8075.764917326986,1.0
8893.73242265894,1.0
10331.782990413716,1.0
12460.086057950435,1.0
15273.112292102784,1.0
18947.19570099719,1.0
24163.780627375654,1.0
32039.441771749265,1.0
