63942.78768411959,0.0
65615.09958412498,0.0
66579.50252481633,0.0
66890.79326832888,0.0
66739.92026156078,0.0
66120.99142458095,0.0
64604.40548323373,0.0
61592.7056593084,0.0
57051.366894757855,0.0
52112.72969614036,0.0
48772.846691098,0.0
48638.10563001421,0.0
51762.3446135312,0.0
56695.66907521389,0.0
61653.9055981035,0.0
65629.1956046268,0.0
68547.61816701067,0.0
70681.89225506972,0.0
72103.74785077984,0.0
72631.73553422703,0.0
72128.1116983756,0.0
70735.45212479877,0.0
68809.10259852627,0.0
66643.11842125772,0.0
64275.25703391256,0.0
61564.75234865047,0.0
58468.58266487905,0.0
55249.65379161769,0.0
52413.45765648643,0.0
50414.485535091226,0.0
49385.233676071,0.0
49122.59799868404,0.0
49322.20902008292,0.0
49820.450133732156,0.0
50630.79618687775,0.0
51801.61743573109,0.0
53288.92419856562,0.0
54965.35389189433,0.0
56712.95031892561,0.0
58477.8627598456,0.0
60233.656452487914,0.0
61897.954396671565,0.0
63290.48035444752,0.0
64193.48106864264,0.0
64486.2469528966,0.0
64225.660154767276,0.0
63558.899781386936,0.0
62524.70242197346,0.0
60949.243946304254,0.0
58575.328263764684,0.0
55332.093914612014,0.0
51511.132888232125,0.0
47704.484256885604,0.0
44565.3506002407,0.0
42567.6537904711,0.0
41893.178665156986,0.0
42453.698244674895,0.0
43982.89992885098,0.0
46136.064608915374,0.0
48575.18498819203,0.0
51038.198023642755,0.0
53384.8158563505,0.0
55599.84288432915,0.0
57744.136526137656,0.0
59867.67066278405,0.0
61924.3415711637,0.0
63744.1193476644,0.0
65101.351472699,0.0
65851.09755430347,0.0
66020.72328532078,0.0
65747.4242405919,0.0
65094.85960556593,0.0
63942.16894928308,0.0
62125.61898472245,0.0
59770.43298902201,0.0
57490.15709428564,0.0
56160.22106091521,0.0
56362.541653095395,0.0
57979.22160619849,0.0
60328.177213198265,0.0
62702.48602674764,0.0
64782.90567779089,0.0
66591.92587044026,0.0
68183.71960142386,0.0
69481.12824288387,0.0
70398.10629925189,0.0
71027.59284695277,0.0
71632.09852904991,0.0
72413.51522972251,0.0
73276.67129342906,0.0
73827.60325531379,0.0
73642.57163119335,0.0
72590.53244553888,0.0
70929.03631435023,0.0
69083.0724974381,0.0
67298.61142040887,0.0
65483.45425557456,0.0
63401.73680930818,0.0
61063.788439572694,0.0
58938.678613241216,0.0
57738.90780418194,0.0
57920.02275420818,0.0
59339.63966063039,0.0
61399.785726653776,0.0
63524.39254016198,0.0
65489.05728369144,0.0
67319.00769969678,0.0
68977.13264206865,0.0
70259.0810769203,0.0
70999.39262447003,0.0
71308.05493547372,0.0
71547.22974753,0.0
72059.16072789789,0.0
72896.53399745209,0.0
73782.87079503623,0.0
74319.15322653632,0.0
74249.98245445862,0.0
73568.79170022033,0.0
72392.94460249519,0.0
70757.37565914607,0.0
68553.34560354047,0.0
65709.46414224226,0.0
62473.05114558298,0.0
59510.32167156786,0.0
57646.96212993528,0.0
57380.02464941621,0.0
58555.59538202183,0.0
60520.574859291555,0.0
62619.545884380655,0.0
64561.98781610109,0.0
66353.03083545875,0.0
67981.08396212957,0.0
69281.00176955739,0.0
70106.15733436016,0.0
70553.2505031329,0.0
70947.43921751594,0.0
71583.99254142887,0.0
72472.23004987232,0.0
73308.52898080056,0.0
73686.73847957344,0.0
73356.28854421138,0.0
72322.27358608192,0.0
70734.17154694765,0.0
68699.62533069354,0.0
66220.95149384961,0.0
63337.52322543215,0.0
60350.490564469204,0.0
57883.20593712452,0.0
56625.91697072957,0.0
56898.64992188428,0.0
58402.574220883245,0.0
60428.48970171685,0.0
62362.872052734674,0.0
64014.97958640821,0.0
65484.94574093896,0.0
66800.30242757034,0.0
67765.32276405137,0.0
68164.7840053097,0.0
68051.8057881947,0.0
67791.96856638552,0.0
67812.66766907445,0.0
68278.66119089849,0.0
68962.30236315838,0.0
69408.03694340355,0.0
69248.78925586499,0.0
68409.54423738,0.0
67046.32067951217,0.0
65322.2674678266,0.0
63266.425091610516,0.0
60866.19132424218,0.0
58301.73164707456,0.0
56061.69274494427,0.0
54749.674223334965,0.0
54680.47215768095,0.0
55624.23892788359,0.0
56978.06824205191,0.0
58230.171790690896,0.0
59265.28422211316,0.0
60242.725645235136,0.0
61264.70517675606,0.0
62246.28993264742,0.0
63087.55218944472,0.0
63865.13350601737,0.0
64776.989845526135,0.0
65904.57469460204,0.0
67060.2155999209,0.0
67869.11202343654,0.0
67999.3231816223,0.0
67351.30101222677,0.0
66080.37638261121,0.0
64448.64893212827,0.0
62618.04737572109,0.0
60545.08202846393,0.0
58076.302842346784,0.0
55182.545474534825,0.0
52133.616153813746,0.0
49439.21401612667,0.0
47578.68685217854,0.0
46735.5456504877,0.0
46749.75318323971,0.0
47294.3813220153,0.0
48093.39745657997,0.0
49014.76745179183,0.0
50035.10473197509,0.0
51176.77455450604,0.0
52482.61023751685,0.0
54008.9847669028,0.0
55788.14063375,0.0
57752.20673935747,0.0
59676.29895235251,0.0
61219.68902703327,0.0
62077.00582064085,0.0
62139.731391606794,0.0
61529.00220683816,0.0
60456.38374517459,0.0
59024.46335549872,0.0
57142.30665024392,0.0
54638.503357788606,0.0
51484.293185056114,0.0
47944.34468788132,0.0
44531.59554273353,0.0
41802.52344449773,0.0
40139.96238598376,0.0
39649.955689839306,0.0
40194.822538025895,0.0
41501.65429362632,0.0
43277.07669457382,0.0
45285.58594273369,0.0
47377.129106066524,0.0
49477.11474276539,0.0
51568.96678356084,0.0
53678.12781094936,0.0
55830.17072148996,0.0
57973.48000571506,0.0
59927.17201117858,0.0
61432.799916275515,0.0
62291.96571355296,0.0
62461.84798564963,0.0
62008.8540787482,0.0
60979.94152351387,0.0
59358.59380071636,0.0
57194.43984940427,0.0
54795.756360597195,0.0
52762.19073633371,0.0
51742.19248797729,0.0
52061.79010803684,0.0
53544.00947969931,0.0
55700.26052260619,0.0
58110.35352689471,0.0
60607.76755883375,0.0
63123.171452225775,0.0
65446.81301892979,0.0
67244.25480863145,0.0
68324.9801365496,0.0
68854.82470830089,0.0
69270.0711360621,0.0
69959.31207939029,0.0
70981.8538866462,0.0
72035.57109033423,0.0
72675.09170882653,0.0
72594.22234572118,0.0
71756.4041946197,0.0
70298.48488930064,0.0
68332.64962078996,0.0
65852.1352826586,0.0
62842.383345919836,0.0
59496.67869016746,0.0
56314.22938132751,0.0
53935.279976552876,0.0
52800.73598728243,0.0
52913.772786312606,0.0
53919.189803891175,0.0
55418.6756046309,0.0
57205.58287319885,0.0
59212.57331106014,0.0
61308.021453412955,0.0
63238.07391732583,0.0
64802.2917268533,0.0
66049.63794083578,0.0
67252.38057948498,0.0
68658.33335479883,0.0
70246.21059427406,0.0
71698.14425836214,0.0
72601.62991091066,0.0
72699.52593933273,0.0
71985.36038474686,0.0
70595.12426473269,0.0
68633.20470870844,0.0
66117.71038096158,0.0
63110.511165242475,0.0
59910.07584473123,0.0
57091.99965631205,0.0
55280.41581151687,0.0
54781.12855266224,0.0
55393.24633015842,0.0
56603.80940345702,0.0
57999.655521265624,0.0
59492.60013565591,0.0
61162.578645474605,0.0
62957.32680429776,0.0
64622.393938792,0.0
65928.02037017174,0.0
66911.76016858494,0.0
67861.61952879076,0.0
69052.61974219367,0.0
70480.9917283196,0.0
71820.99311489184,0.0
72628.50068722843,0.0
72615.8148739408,0.0
71777.56392057346,0.0
70286.9041010763,0.0
68290.5465739832,0.0
65816.7985813921,0.0
62897.06133243512,0.0
59779.091124855586,0.0
56992.06772119392,0.0
55135.25783689865,0.0
54528.76311086995,0.0
55038.38894130357,0.0
56252.48518802475,0.0
57833.98601502644,0.0
59681.6263225429,0.0
61765.98062268975,0.0
63895.59495228875,0.0
65731.57054869381,0.0
67045.47191511626,0.0
67926.20452373494,0.0
68710.49519582163,0.0
69701.63358102815,0.0
70922.7021140312,0.0
72090.3989611492,0.0
72803.60095517618,0.0
72784.37130883006,0.0
71990.842170095,0.0
70541.19450055738,0.0
68553.18395302311,0.0
66067.22674460354,0.0
63137.76105891543,0.0
60006.20934822896,0.0
57159.60527267579,0.0
55148.77535099661,0.0
54269.86662881579,0.0
54394.9855411571,0.0
55136.73501260726,0.0
56193.04034149858,0.0
57515.21503780251,0.0
59146.16147586952,0.0
60963.45440409061,0.0
62659.16300004344,0.0
63988.907000427556,0.0
65008.61453681602,0.0
66038.63234753668,0.0
67383.43978113706,0.0
69059.72141224671,0.0
70748.0259301806,0.0
71972.29220336373,0.0
72341.92073108479,0.0
71692.60583809619,0.0
70076.87877779195,0.0
67657.5671088842,0.0
64592.11488423138,0.0
60999.51466044329,0.0
57048.92148354509,0.0
53082.690178803714,0.0
49609.52196322308,0.0
47113.67053584062,0.0
45829.43993196081,0.0
45679.463105915864,0.0
46404.2662523954,0.0
47728.92141282035,0.0
49426.313688922775,0.0
51294.91630668894,0.0
53158.71384172006,0.0
54926.862677892066,0.0
56640.30011063263,0.0
58424.77703866298,0.0
60360.4259451628,0.0
62364.44005316265,0.0
64182.88138888563,0.0
65505.10631078741,0.0
66116.78837178511,0.0
65971.18744184716,0.0
65122.00283780289,0.0
63584.535463093125,0.0
61265.441832540324,0.0
58048.07170365661,0.0
53980.87772964452,0.0
49415.155803671325,0.0
44970.09026549174,0.0
41337.29966550359,0.0
39050.78992166895,0.0
38347.632948910075,0.0
39154.68181621894,0.0
41158.4241597863,0.0
43908.42256559339,0.0
46937.07213999433,0.0
49883.76879494041,0.0
52582.590023547695,0.0
55063.07200113311,0.0
57454.696639014925,0.0
59846.668801335254,0.0
62183.37155002927,0.0
64257.17365588138,0.0
65804.02936770649,0.0
66636.35239256032,0.0
66708.84401541902,0.0
66061.10605929745,0.0
64703.005359169845,0.0
62590.04282318651,0.0
59771.481667044885,0.0
56607.65974799714,0.0
53822.42797273095,0.0
52240.15468556566,0.0
52336.334264377736,0.0
53963.474692113,0.0
56517.86205750664,0.0
59403.43088902696,0.0
62342.590296044975,0.0
65268.33501161059,0.0
68019.21290912296,0.0
70257.21520824179,0.0
71714.02703360803,0.0
72466.92459942287,0.0
72926.27782782057,0.0
73535.43315537997,0.0
74450.15357996635,0.0
75449.79289347981,0.0
76116.29971799739,0.0
76108.20553779823,0.0
75308.55807015162,0.0
73759.56535628194,0.0
71501.2154829044,0.0
68517.17844931928,0.0
64881.36036579424,0.0
60975.81004686642,0.0
57529.33994603675,0.0
55338.98354020134,0.0
54825.47210581311,0.0
55788.38691366497,0.0
57608.46183607523,0.0
59727.84218625232,0.0
61945.042797547096,0.0
64269.135840650684,0.0
66582.71490373621,0.0
68555.5493648975,0.0
69907.9162718348,0.0
70698.15601078217,0.0
71300.35855501595,0.0
72086.84629841869,0.0
73113.17449587323,0.0
74071.81375071018,0.0
74526.32275538376,0.0
74205.5713761423,0.0
73113.46298856921,0.0
71395.58600473736,0.0
69131.60450296137,0.0
66281.87192518472,0.0
62868.09834398279,0.0
59233.170422563046,0.0
56105.33305325655,0.0
54312.61384375622,0.0
54299.437245583904,0.0
55837.561869166384,0.0
58215.016702133726,0.0
60753.23266062947,0.0
63170.88368224311,0.0
65491.546865164535,0.0
67699.42829536645,0.0
69580.01037858072,0.0
70895.80462131962,0.0
71644.86085729598,0.0
72098.37402735866,0.0
72586.24080842659,0.0
73241.95380365534,0.0
73917.90016673911,0.0
74306.4300042288,0.0
74136.19713161382,0.0
73282.0864647833,0.0
71731.53890565036,0.0
69490.46870534813,0.0
66564.0306067321,0.0
63072.028814099256,0.0
59408.65308219131,0.0
56256.929063479314,0.0
54338.71654492519,0.0
54016.898426176645,0.0
55074.11034974639,0.0
56902.17449725691,0.0
58951.711427882685,0.0
61011.22069796828,0.0
63078.157442643096,0.0
65052.823226210734,0.0
66657.5721814609,0.0
67668.89425705794,0.0
68171.18276538051,0.0
68535.55920849527,0.0
69133.33547458018,0.0
70043.08690571804,0.0
70990.9775796843,0.0
71549.22803827189,0.0
71412.23701280338,0.0
70531.13358203562,0.0
69029.55117299213,0.0
67020.93703202726,0.0
64524.55901967529,0.0
61577.39379535008,0.0
58441.033426681926,0.0
55675.60692803271,0.0
53927.23325346069,0.0
53535.243673319084,0.0
54293.83951554482,0.0
55624.868502434845,0.0
57029.5963530534,0.0
58384.501536248616,0.0
59813.527475983756,0.0
61344.019986846004,0.0
62767.960150566934,0.0
63846.16023691798,0.0
64588.9028762432,0.0
65288.749347232035,0.0
66269.13821192498,0.0
67589.43276150757,0.0
68960.48726215634,0.0
69920.6553128423,0.0
70108.3926571073,0.0
69414.3227432877,0.0
67919.62316113523,0.0
65718.4836957727,0.0
62812.389889198435,0.0
59189.101313933956,0.0
55020.958684177334,0.0
50786.310461681926,0.0
47159.057901074404,0.0
44711.54945873902,0.0
43658.54407374743,0.0
43839.71361170795,0.0
44911.60771120077,0.0
46544.41876515209,0.0
48479.65667791542,0.0
50496.72480725444,0.0
52414.8667645093,0.0
54158.92208954249,0.0
55800.12537384501,0.0
57491.583131630745,0.0
59325.18722071571,0.0
61217.71388836987,0.0
62915.285647584205,0.0
64113.4010703646,0.0
64601.51772670422,0.0
64324.677372851154,0.0
63321.36747015314,0.0
61603.22801639361,0.0
59100.7295447006,0.0
55747.364456339936,0.0
51646.88888610737,0.0
47179.55354879987,0.0
42945.003667297264,0.0
39569.12952998669,0.0
37498.458374724694,0.0
36893.183126245916,0.0
37643.4388205502,0.0
39458.702886417195,0.0
41966.97486388511,0.0
44794.511893778836,0.0
47632.139435526035,0.0
50294.118105555426,0.0
52746.57835475765,0.0
55068.77690140348,0.0
57346.85790759622,0.0
59559.63349924858,0.0
61538.99997034999,0.0
63040.3164680056,0.0
63869.4647115467,0.0
63957.997524179096,0.0
63323.001371407845,0.0
61969.77146025443,0.0
59873.300423997105,0.0
57113.752029176576,0.0
54072.587043591164,0.0
51472.92195771164,0.0
50119.43430790539,0.0
50456.75905790678,0.0
52300.13458148127,0.0
55005.1544337979,0.0
57934.85529569015,0.0
60776.348942154276,0.0
63447.605519583456,0.0
65813.69624102881,0.0
67611.67186832243,0.0
68671.57964547376,0.0
69148.37118840266,0.0
69479.79031736299,0.0
70088.0886527427,0.0
71079.39979115609,0.0
72176.29174318815,0.0
72912.7547566593,0.0
72918.52959412891,0.0
72070.50868604128,0.0
70428.55220944845,0.0
68079.33928820687,1.0
65081.07688626977,0.0
61568.35417099078,0.0
57895.25219954628,0.0
54620.12573119106,0.0
52255.72100880932,0.0
50949.958852976335,0.0
50435.95434870909,0.0
50408.73781791819,0.0
50981.30350711221,0.0
52641.85557600248,0.0
55649.594389549224,0.0
59528.58618922831,0.0
63267.375368304856,0.0
66031.02573178067,0.0
67673.43507710699,0.0
68645.213284768,0.0
69507.81946949354,0.0
70505.62948929181,0.0
71465.71386096088,0.0
71999.38549818646,0.0
71794.3517402186,0.0
70773.76339356364,0.0
69040.47847734929,0.0
66712.29026557013,0.0
63845.86321138472,0.0
60545.60259594708,0.0
57156.24725519773,0.0
54313.94532899338,0.0
52713.91530952129,0.0
52710.51796349868,0.0
54080.41424974094,0.0
56194.09517598225,0.0
58460.429159107276,0.0
60623.06671794756,0.0
62662.331227172304,0.0
64509.01672776206,0.0
65953.69316085389,0.0
66843.99545645008,0.0
67303.87095524165,0.0
67701.91717921689,0.0
68381.0946362487,0.0
69390.67875324444,0.0
70437.23883125107,0.0
71075.68089571317,0.0
70973.45794080963,0.0
70044.34983513867,0.0
68377.20274034039,0.0
66075.36161388255,0.0
63195.04313934528,0.0
59860.530565074725,0.0
56438.851629717465,0.0
53563.239903644026,0.0
51896.60909128996,0.0
51760.12990614528,0.0
52928.68706701917,0.0
54807.71616585517,0.0
56857.10496429634,0.0
58862.257502641616,0.0
60820.0445469894,0.0
62647.155392939145,0.0
64093.26357957024,0.0
64953.70541284817,0.0
65312.67884007179,0.0
65530.15020340575,0.0
65969.61548400932,0.0
66711.14215480289,0.0
67487.55993305444,0.0
67879.30364221681,0.0
67593.99592693849,0.0
66607.42791748949,0.0
65079.645469584975,0.0
63160.78862650285,0.0
60885.87151078152,0.0
58266.21522705733,0.0
55491.52820067528,0.0
53021.806122561255,0.0
51405.93778735436,0.0
50911.21457417395,0.0
51285.555062613734,0.0
51924.19593708091,0.0
52340.74083486573,0.0
52513.529674869045,0.0
52789.41318463253,0.0
53484.89839574633,0.0
54609.519574539874,0.0
55947.227935665105,0.0
57331.68600460946,0.0
58790.69895806237,0.0
60428.413993566435,0.0
62198.47296251749,0.0
63808.4860639956,0.0
64847.864617635016,0.0
65021.70903460226,0.0
64292.31492385685,0.0
62823.54267323244,0.0
60798.28139019333,0.0
58281.066143863085,0.0
55253.22185806569,0.0
51789.9761068956,0.0
48209.1149623942,0.0
45029.868939903405,0.0
42748.56498570315,0.0
41611.55824020866,0.0
41565.30287144747,0.0
42383.517413491536,0.0
43815.46515263682,0.0
45635.03533460352,0.0
47623.1420163722,0.0
49581.82418320135,0.0
51399.91831825048,0.0
53095.490065350954,0.0
54768.8386190608,0.0
56487.014726918154,0.0
58187.1213158709,0.0
59672.53007444407,0.0
60702.79434713201,0.0
61105.8770555777,0.0
60824.35628861859,0.0
59860.95640105208,0.0
58183.49317982357,0.0
55699.8532625011,0.0
52358.67292358734,0.0
48306.91804538235,0.0
43966.833297989266,0.0
39953.21187121989,0.0
36879.48311778088,0.0
35172.23033470465,0.0
34980.53491129758,0.0
36182.62267743739,0.0
38445.861914750516,0.0
41314.4694079414,0.0
44327.98721907485,0.0
47153.9703529672,0.0
49675.3855995088,0.0
51976.49817506218,0.0
54232.99582203785,0.0
56568.61083396817,0.0
58950.04129597908,0.0
61168.0112246859,0.0
62912.73657956879,0.0
63900.76537841217,0.0
63971.24823995386,0.0
63091.240925137085,0.0
61297.88959724743,0.0
58682.1469044346,0.0
55485.380416614906,0.0
52229.394160662465,0.0
49686.772602573394,0.0
48584.08277285221,0.0
49194.85384750466,0.0
51168.61834125547,0.0
53793.41551875019,0.0
56478.6672450001,0.0
59011.64860633172,0.0
61393.713850949454,0.0
63526.24306248958,0.0
65141.55811104994,0.0
66046.05109026167,0.0
66381.63588448816,0.0
66607.35287860328,0.0
67190.89673029436,0.0
68259.72673418134,0.0
69488.44876923952,0.0
70306.83090809755,0.0
70256.06033438332,0.0
69207.53457753119,0.0
67299.63110131476,0.0
64722.502010640535,0.0
61603.929194605495,0.0
58112.256941122156,0.0
54642.35411358865,0.0
51837.8891377438,0.0
50334.57488959998,0.0
50381.56626808963,0.0
51671.55074572617,0.0
53571.96990356128,0.0
55570.04271031541,0.0
57512.47421304233,0.0
59443.7990964596,0.0
61297.68857637931,0.0
62827.51705174523,0.0
63836.110939672515,0.0
64409.11572762407,0.0
64878.97315512722,0.0
65553.21769365022,0.0
66463.45510034365,0.0
67341.30410393418,0.0
67812.11767303976,0.0
67623.9939335073,0.0
66730.61712676303,0.0
65193.65673475885,0.0
63039.611305678205,0.0
60242.94856860447,0.0
56882.82386852705,0.0
53334.2283484183,0.0
50277.83257809462,0.0
48432.38232684053,0.0
48164.583124830875,0.0
49292.351901061935,0.0
51268.79468414021,0.0
53575.701321286884,0.0
55946.03646844302,0.0
58251.45766623729,0.0
60289.59467944216,0.0
61785.97269490788,0.0
62613.30660019653,0.0
62955.084708487804,0.0
63215.1928676639,0.0
63743.56806036269,0.0
64601.24108368935,0.0
65532.71659443627,0.0
66146.10242222583,0.0
66150.0572055769,0.0
65463.69457236104,0.0
64133.23199363259,0.0
62173.48887497058,0.0
59523.70258091118,0.0
56195.558330683016,0.0
52487.00944549548,0.0
49035.96384331746,0.0
46593.42228720761,0.0
45638.54700312316,0.0
46135.6268202993,0.0
47644.583170475584,0.0
49671.61169354564,0.0
51913.49412431253,0.0
54204.78567527513,0.0
56341.41632591988,0.0
58066.140250272954,0.0
59243.11421247392,0.0
59992.40918640942,0.0
60612.56178642095,0.0
61360.92616749649,0.0
62283.33044344059,0.0
63201.89572583244,0.0
63829.467917205184,0.0
63912.63096339761,0.0
63318.77576221296,0.0
62028.5107511768,0.0
60065.48544729317,0.0
57456.46860607124,0.0
54297.501117881075,0.0
50881.27837175633,0.0
47728.482028027924,0.0
45410.399890471424,0.0
44250.450724728646,0.0
44159.45950249085,0.0
44777.86469006459,0.0
45799.17369917948,0.0
47146.81851833799,0.0
48842.04393765429,0.0
50761.04865293328,0.0
52597.374165537745,0.0
54080.79548324514,0.0
55198.52097496929,0.0
56174.68748131974,0.0
57236.24784768298,0.0
58398.295155090054,0.0
59449.95485119514,0.0
60116.58058831779,0.0
60234.38559225105,0.0
59797.03529463712,0.0
58861.64951759612,0.0
57420.35411814559,0.0
55367.25316335715,0.0
52605.828241386036,0.0
49214.490895284296,0.0
45531.241762607584,0.0
42080.68027797698,0.0
39383.53528039131,0.0
37768.37406286357,0.0
37296.876638256996,0.0
37823.203826521625,0.0
39105.851891774386,0.0
40880.42556768307,0.0
42885.796260476134,0.0
44899.78901531828,0.0
46801.03297900853,0.0
48600.23185949132,0.0
50384.772072518106,0.0
52199.488557486286,0.0
53954.59929801038,0.0
55439.54935181855,0.0
56433.753416253516,0.0
56819.71067744832,0.0
56598.051831614466,0.0
55792.797758893495,0.0
54342.44577283063,0.0
52095.532034498756,0.0
48941.391759134596,0.0
44984.597293357874,0.0
40624.07406618973,0.0
36466.89616514988,0.0
33128.85692490662,0.0
31044.936513132787,0.0
30382.11804504038,0.0
31059.77854943418,0.0
32819.62244213908,0.0
35297.29519024927,0.0
38096.4897063384,0.0
40884.14536642273,0.0
43485.588055709464,0.0
45912.63249366475,0.0
48280.3369083907,0.0
50655.67156490267,0.0
52949.4055299611,0.0
54933.72543342684,0.0
56365.14282970211,0.0
57109.00828735998,0.0
57163.33029298533,0.0
56565.58886509155,0.0
55280.011644539234,0.0
53201.522932906184,0.0
50316.18334798953,0.0
46897.349824961275,0.0
43548.73776658803,0.0
41006.18383271874,0.0
39806.045289722584,0.0
40062.00844417312,0.0
41520.28800511053,0.0
43810.13802861193,0.0
46624.646816132474,0.0
49686.660220215075,0.0
52645.59658342443,0.0
55133.79816469363,0.0
56977.84197309656,0.0
58327.1553394239,0.0
59530.884973904125,0.0
60856.58384693264,0.0
62288.501783185755,0.0
63552.28968799282,0.0
64316.43874418327,0.0
64390.97097342333,0.0
63766.83318183131,0.0
62488.68056943517,0.0
60507.76901219704,0.0
57677.1634954342,0.0
53913.26434636401,0.0
49386.26366457262,0.0
44569.00965381901,0.0
40091.213246680556,0.0
36509.14902506462,0.0
34163.06791745939,0.0
33193.68429692723,0.0
33617.834441954416,0.0
35316.555436961346,0.0
37941.85895420361,0.0
40914.2630326133,0.0
43624.86956376161,0.0
45721.380808560396,0.0
47234.98310641623,0.0
48446.09864725152,0.0
49621.01734888972,0.0
50834.38286107713,0.0
51981.913810273894,0.0
52920.91322037262,0.0
53589.104595080404,0.0
53991.57101756945,0.0
54073.472026569216,0.0
53613.06492969403,0.0
52267.84692172654,0.0
49779.51625552808,0.0
46198.65404234168,0.0
41958.74865662766,0.0
37739.94650411435,0.0
34218.71149292333,0.0
31872.72439951627,0.0
30936.11977862856,0.0
31448.183387523557,0.0
33268.75038687813,0.0
36031.661605166184,0.0
39156.139675206985,0.0
42026.03086454173,0.0
44261.13407938437,0.0
45862.55697832731,0.0
47105.08575848856,0.0
48277.679313838045,0.0
49491.796314440224,0.0
50680.36240189813,0.0
51723.542980842525,0.0
52543.296864375334,0.0
53074.48582382615,0.0
53164.641691088065,0.0
52537.09696061831,0.0
50893.406716550104,0.0
48101.0322828622,0.0
44336.12534442041,0.0
40082.37352261514,0.0
35980.354326963105,0.0
32619.062443062063,0.0
30403.714946105392,0.0
29560.674654600705,0.0
30184.207896226635,0.0
32181.54075408974,0.0
35147.317820287666,0.0
38384.93893859221,0.0
41189.25453479398,0.0
43201.644593561956,0.0
44531.210945638806,0.0
45558.69120249755,0.0
46619.4000068932,0.0
47812.182695775926,0.0
49018.7963128107,0.0
50049.54574247935,0.0
50770.44124897443,0.0
51118.63911052948,0.0
51014.70846294294,0.0
50276.93783084216,0.0
48658.09962751151,0.0
46020.68276240887,0.0
42513.34263463767,0.0
38583.61116161538,0.0
34808.23265816766,0.0
31683.711787039825,0.0
29523.36930923233,0.0
28480.56295260078,0.0
28605.267005488233,0.0
29838.51581195926,0.0
31949.32742596424,1.0
34523.92766661177,1.0
37086.884037925556,0.0
39288.76240557824,0.0
40987.10143942293,0.0
42131.11922241728,0.0
42576.633734086034,0.0
42092.15083471912,0.0
40668.54080062504,0.0
38866.88057604517,0.0
37727.28326837811,0.0
38106.780177609464,0.0
39965.2094513405,0.0
42283.17288282751,0.0
43698.511451122526,0.0
43292.86458276887,0.0
40960.1884020641,0.0
37272.19346923691,0.0
33106.25530088689,0.0
29303.966862435278,0.0
26477.84761697012,0.0
24958.62220579475,0.0
24814.909508611105,0.0
25889.13046363671,0.0
27845.310160057317,0.0
30259.54192560048,0.0
32748.327944421704,0.0
35073.478748006884,0.0
37162.50533586394,0.0
39042.099461129976,0.0
40742.82575103521,0.0
42244.39821312891,0.0
43490.75116989076,0.0
44446.780307010114,0.0
45133.93026827141,0.0
45594.21571701884,0.0
45790.38044914888,0.0
45521.22126417844,0.0
44450.99008785855,0.0
42280.67980302413,0.0
38968.30464557697,0.0
34844.624009782594,0.0
30536.798308932306,0.0
26751.13377696448,0.0
24052.989196423594,0.0
22749.002121976955,0.0
22876.50446105422,0.0
24245.38456941966,0.0
26499.073898898354,0.0
29202.461376817635,0.0
31957.65086163244,0.0
34506.2933019865,0.0
36763.91083840483,0.0
38772.17678137864,0.0
40609.9097469577,0.0
42323.06068835584,0.0
43907.245894388085,0.0
45331.8886679271,0.0
46562.10696285113,0.0
47536.260872158455,0.0
48101.72139638758,0.0
47976.37127285933,0.0
46819.37435150607,0.0
44417.11333267084,0.0
40875.64806341388,0.0
36678.12595054812,0.0
32555.921493776088,0.0
29256.814909378827,0.0
27350.477728248006,0.0
27144.21613505935,0.0
28665.61585763339,0.0
31638.51910599383,0.0
35475.93397850439,0.0
39400.4554899359,0.0
42721.85206232871,0.0
45114.65275288102,0.0
46684.56829581793,0.0
47782.95330196924,0.0
48736.66526585888,0.0
49692.11608831969,0.0
50634.07565035542,0.0
51493.353549093445,0.0
52215.83918492044,0.0
52727.93264984936,0.0
52839.975267348746,0.0
52203.81260316145,0.0
50418.26199778675,0.0
47258.000965405714,0.0
42878.68410518749,0.0
37844.312250950934,0.0
32949.59974365407,0.0
28960.704929320513,0.0
26433.623208384488,0.0
25664.193809331682,0.0
26692.428552589816,0.0
29273.855536133622,0.0
32854.351909836725,0.0
36676.215815392476,0.0
40050.76856909233,0.0
42637.62351859072,0.0
44514.720230023086,0.0
45992.78620492539,0.0
47340.4770515406,0.0
48628.67339426312,0.0
49765.9197398693,0.0
50633.597124117936,0.0
51171.47221624203,0.0
51335.37724752903,0.0
50980.52884963523,0.0
49808.35598440113,0.0
47472.18035134674,0.0
43795.13683621082,0.0
38944.2064668128,0.0
33436.92712269671,0.0
27991.12503338348,0.0
23331.060956278066,0.0
20052.98071752457,0.0
18558.72272226647,0.0
18991.381084908564,0.0
21141.3990029935,0.0
24407.11456078562,0.0
27934.564883098454,0.0
30930.186974611806,0.0
32959.04868645397,0.0
34027.302817433636,0.0
34428.044275801425,0.0
34507.83990775329,0.0
34520.7834968744,0.0
34611.64890340144,0.0
34858.36473341641,0.0
35283.81418653971,0.0
35803.713336977875,0.0
36156.46524234914,0.0
35907.38193283729,0.0
34591.122099784116,0.0
31952.867790658023,0.0
28141.954115423385,0.0
23713.72978884134,0.0
19431.257034089558,0.0
16008.985008789876,0.0
13955.777630211143,0.0
13547.94988790082,0.0
14836.701967837289,0.0
17604.372927544606,0.0
21315.415199098996,0.0
25197.10220659107,0.0
28495.698573830025,0.0
30764.86115759485,0.0
31979.296114241988,0.0
32415.236903794612,0.0
32428.44613309545,0.0
32298.473007970635,0.0
32196.950764980178,0.0
32222.560969398717,0.0
32417.9328129594,0.0
32732.318591043735,0.0
32964.98929552458,0.0
32767.261327828062,0.0
31755.032873347307,0.0
29697.289983666808,0.0
26668.38576162235,0.0
23062.463160754003,0.0
19463.378983936724,0.0
16461.520385480402,0.0
14525.026919752328,0.0
13958.00983215872,0.0
14886.064454506342,0.0
17201.1334092269,0.0
20496.350338250828,0.0
24111.708495973977,0.0
27352.044883596966,0.0
29763.42758827418,0.0
31267.222011634964,0.0
32069.671403352913,0.0
32457.193323483818,0.0
32648.90756577937,0.0
32774.77954898869,0.0
32919.024410141596,0.0
33134.734512632866,0.0
33396.18476901361,0.0
33534.08672898865,0.0
33232.964549292294,0.0
32134.801421812917,0.0
30013.969401674334,0.0
26923.522500125317,0.0
23221.874806239557,0.0
19467.484129984456,0.0
16251.087928397621,0.0
14055.60758663909,0.0
13187.609512303645,1.0
13762.588031248972,0.0
15707.8492290896,0.0
18782.742284369724,0.0
22651.196067928067,0.0
27013.33793047083,0.0
31724.423739766495,0.0
36790.32521036224,0.0
42206.00156159473,0.0
47754.08433740986,0.0
52952.54783643303,0.0
57226.90762926006,0.0
60177.99361710493,0.0
61731.275476396164,0.0
62065.65263463315,0.0
61403.30410924663,0.0
59837.24792715557,0.0
57326.23587934593,0.0
53849.81539881145,0.0
49593.817110712895,0.0
45019.73335634584,0.0
40767.4670115961,0.0
37460.1420966725,0.0
35526.91944480408,0.0
35117.35566249862,0.0
36108.93369354108,0.0
38171.4303912002,0.0
40860.306464127076,0.0
43730.645793066615,0.0
46456.27950355247,0.0
48910.992097344846,0.0
51162.13291426961,0.0
53368.80857919313,0.0
55638.37828288012,0.0
57925.08517007322,0.0
60030.43658842165,0.0
61698.95687137723,0.0
62733.01115986259,0.0
63032.021616072554,0.0
62534.590309162944,0.0
61155.90901426478,0.0
58841.89747013135,0.0
55752.40444118862,0.0
52425.45506487752,0.0
49723.018420074004,0.0
48489.04622100505,0.0
49098.724169588735,0.0
51246.24882945139,0.0
54187.166324944126,0.0
57247.36265156322,0.0
60136.71787186001,0.0
62824.30681158432,0.0
65221.64228514862,0.0
67088.80704098636,0.0
68250.92775876724,0.0
68835.30854199006,0.0
69243.67017165541,0.0
69873.58873779136,0.0
70836.81291017939,0.0
71899.4550630668,0.0
72664.89939586466,0.0
72823.06226808671,0.0
72256.08901619009,0.0
70945.83264469166,0.0
68834.50057359252,0.0
65836.02850657838,0.0
62038.755510665906,0.0
57924.28881575651,0.0
54354.983245543495,0.0
52229.99002536189,0.0
51996.359305413505,0.0
53399.16301656753,0.0
55713.88944736876,0.0
58266.19582492772,0.0
60752.840486382804,0.0
63113.575315397786,0.0
65215.366880074725,0.0
66776.5745238801,0.0
67609.01588715901,0.0
67867.28469578996,0.0
68010.13872443428,0.0
68496.0554698576,0.0
69470.84416720484,0.0
70679.8189973734,0.0
71642.09138290507,0.0
71931.16092491716,0.0
71342.24456116295,0.0
69846.5710662595,0.0
67451.49432717802,0.0
64179.49529102128,0.0
60236.17789034055,0.0
56191.8297476597,0.0
52921.68910963009,0.0
51236.05499754398,0.0
51428.948013150264,0.0
53114.86046680037,0.0
55524.83558435633,0.0
58018.26632132021,0.0
60350.11418370658,0.0
62502.94616336559,1.0
64373.967657960624,0.0
65707.1221327489,0.0
66307.4851962441,0.0
66211.87758402099,0.0
65583.72141251976,0.0
64479.75864603667,0.0
62837.62471783775,0.0
60790.72390574891,0.0
58946.63741629859,0.0
58147.973943269004,0.0
58774.48011611259,0.0
60268.69617591525,0.0
61424.839629782415,0.0
61191.37601831105,0.0
59302.064430063205,0.0
56360.37752430723,0.0
53477.83179186727,0.0
51722.116912635225,0.0
51617.822823874056,0.0
52960.976759501726,0.0
55088.84661334512,0.0
57391.1951557209,0.0
59608.247081116504,0.0
61685.0504533592,0.0
63464.39404029079,0.0
64644.25620948828,0.0
65061.701707853084,0.0
64951.477160251416,0.0
64854.79772841398,0.0
65236.8053826109,0.0
66157.8699819862,0.0
67266.36225708447,0.0
68073.84872033412,0.0
68251.57457612034,0.0
67721.18727874267,0.0
66529.98804316868,0.0
64693.43815516676,0.0
62190.408044942,0.0
59128.668747226475,0.0
55915.56459864734,0.0
53228.30942413159,0.0
51720.2092137503,0.0
51635.27886446773,0.0
52650.579114450535,0.0
54126.044325347895,0.0
55568.022530630966,0.0
56880.09344315495,0.0
58194.021676500764,0.0
59531.021571206584,0.0
60698.719706538526,0.0
61515.72588989849,0.0
62073.107000135205,0.0
62724.49869359561,0.0
63802.9764109064,0.0
65324.81483751821,0.0
66928.4121333285,0.0
68078.57544174795,0.0
68360.86137066591,0.0
67647.94866281353,0.0
66046.03442775058,0.0
63711.04670430293,0.0
60716.00346585464,0.0
57093.53685207913,0.0
53012.17051516133,0.0
48905.65765785036,0.0
45392.99745564749,0.0
43009.115604109655,0.0
41954.0229556623,0.0
42064.48107066294,0.0
43001.0655424039,0.0
44451.9989072203,0.0
46192.70853652659,0.0
48037.70474172799,0.0
49821.53608683178,0.0
51453.737392025825,0.0
52966.9070312087,0.0
54476.0450355954,0.0
56067.83536638169,0.0
57708.951959761536,0.0
59239.54133284905,0.0
60444.097708192516,0.0
61135.52093903052,0.0
61187.650382775275,0.0
60503.39001104975,0.0
58972.89713258664,0.0
56495.04193812848,0.0
53076.25195106491,0.0
48938.99160263373,0.0
44546.22119858261,0.0
40501.979812721474,0.0
37375.682754730144,0.0
35548.73593852239,0.0
35153.32467729698,0.0
36093.26341134858,0.0
38093.65362839289,0.0
40759.43979820154,0.0
43664.915829330625,0.0
46475.260007956975,0.0
49043.025202057106,0.0
51410.56948493048,0.0
53708.19364141026,0.0
56011.075844904466,0.0
58248.11260950477,0.0
60221.069335719156,0.0
61710.71442749457,0.0
62574.64459419758,0.0
62746.649205315494,0.0
62151.29255804064,0.0
60656.73766595216,0.0
58176.110526855315,0.0
54884.40267448614,0.0
51373.23408420334,0.0
48558.410106479394,0.0
47306.82846382211,0.0
47978.95728812252,0.0
50227.6575211342,0.0
53256.90151064549,0.0
56346.4199494781,0.0
59179.78987175499,0.0
61730.60380967991,0.0
