-482.9141714482347,0.0
-427.3772913512994,0.0
-372.0191017403369,0.0
-315.86402605688045,0.0
-258.365848252043,0.0
-200.21717525789492,0.0
-143.48847762047353,0.0
-90.78707434303769,0.0
-43.68700088652646,0.0
-1.4243453037059721,0.0
39.00201600863783,0.0
81.16780159763312,0.0
127.25398822191313,0.0
177.3338390425023,0.0
230.19915497149944,0.0
284.55373361816686,0.0
339.4608611783121,0.0
394.0793303156014,0.0
447.4217812217735,0.0
498.54504986983926,0.0
547.0668528506611,0.0
593.6341365142368,0.0
639.8387945130454,0.0
687.3585907345084,0.0
736.870266938414,0.0
787.656131927906,0.0
838.1260166707312,0.0
886.6042083773261,0.0
931.7722605311535,0.0
972.7980335384838,0.0
1009.480318293379,0.0
1042.4298600482614,0.0
1072.9548695027374,0.0
1102.4519935613544,0.0
1131.7358462765496,0.0
1160.9663173217557,0.0
1190.1374430757176,0.0
1219.3065881997163,0.0
1248.1288968750055,0.0
1275.3488148793833,0.0
1299.1445064053717,0.0
1318.2350468162915,0.0
1332.785939155229,0.0
1344.3670870717692,0.0
1355.0411925209871,0.0
1366.2007662259682,0.0
1377.8290779709373,0.0
1388.5900268249973,0.0
1396.685192003452,0.0
1400.8796562784148,0.0
1400.9689018985855,0.0
1397.482790275131,0.0
1391.1497345403948,0.0
1382.6885644271001,0.0
1372.837196281075,0.0
1362.136060918486,0.0
1350.4935606800386,0.0
1337.0848102533691,0.0
1320.8646775502077,0.0
1301.327568818098,0.0
1278.9187810127019,0.0
1254.7584193264026,0.0
1229.7988148611394,0.0
1203.9966630051877,0.0
1176.3102928852252,0.0
1145.7242665383828,0.0
1112.3617299690807,0.0
1077.4259451355942,0.0
1041.907147329927,0.0
1005.4406117649311,0.0
966.5285780747718,0.0
923.8632644106981,0.0
877.4703602650193,0.0
828.8254127120847,0.0
780.0788664735758,0.0
732.9608135460994,0.0
687.8641210216193,0.0
643.5117487971906,0.0
597.5244138036504,0.0
547.7275756965042,0.0
493.3926067166176,0.0
435.5623475203341,0.0
376.3454467511912,0.0
317.78017526855723,0.0
260.9810992884686,0.0
205.89462170013368,0.0
151.68303180439304,0.0
97.4565354332632,0.0
42.86829519514322,0.0
-11.818554164310088,0.0
-66.13322954319818,0.0
-119.79100126115495,0.0
-172.75440999337832,0.0
-225.1059375828492,0.0
-277.0456786955101,0.0
-328.9324714265822,0.0
-381.0521147693538,0.0
-433.20192727135986,0.0
-484.58581612038205,0.0
-534.2786849653681,0.0
-581.9702492177578,0.0
-628.4149689618157,0.0
-675.2165730371515,0.0
-723.9989585961046,0.0
-775.4068772239592,0.0
-828.5301081535246,0.0
-881.1731312579906,0.0
-930.8814183111315,0.0
-976.0586050179536,0.0
-1016.4144831973402,0.0
-1052.5418389443555,0.0
-1085.1275537818246,0.0
-1114.518627023162,0.0
-1140.9343316339698,0.0
-1164.9680007179584,0.0
-1187.7577226653552,0.0
-1210.5768110017693,0.0
-1234.2030577803575,0.0
-1258.57439097143,0.0
-1282.9081397878886,0.0
-1306.1343488971447,0.0
-1327.3724938853713,0.0
-1346.155217118559,0.0
-1362.2521335447157,0.0
-1375.3673455263706,0.0
-1385.1143886699308,0.0
-1391.2957419169952,0.0
-1394.109670471315,0.0
-1394.061590468145,0.0
-1391.7196850869611,0.0
-1387.5508405989278,0.0
-1381.8421158788879,0.0
-1374.6498124230936,0.0
-1365.8574986498818,0.0
-1355.3801389000928,0.0
-1343.2885051866624,0.0
-1329.6301925335076,0.0
-1314.1784794348891,0.0
-1296.4947115091372,0.0
-1276.3113739270784,0.0
-1253.8081267899827,0.0
-1229.4572047756037,0.0
-1203.596019835988,0.0
-1176.131209468876,0.0
-1146.6338341484097,0.0
-1114.6952766749966,0.0
-1080.2358748876172,0.0
-1043.535813738606,0.0
-1005.0188611586309,0.0
-965.012108234736,0.0
-923.6205364000972,0.0
-880.6645774648498,0.0
-835.679714159694,0.0
-788.2044096147985,0.0
-738.3968201304467,0.0
-687.4070431546896,0.0
-636.8031892775005,0.0
-587.3513102210234,0.0
-538.4226326804437,0.0
-488.78559898295157,0.0
-437.8767782925331,0.0
-386.06368199189075,0.0
-333.742631915191,0.0
-280.52548976217537,0.0
-225.4972985882078,0.0
-168.0945582402421,0.0
-108.56563271176684,0.0
-47.698648200045774,0.0
13.608002264684256,0.0
74.51006802478759,0.0
134.28354935980246,0.0
192.43927922458934,0.0
248.73160038904933,0.0
303.00883419086824,0.0
355.2272882262256,0.0
405.8037172996588,0.0
455.89886422117513,0.0
506.9779148031407,0.0
559.6796637329737,0.0
613.0348882803451,0.0
665.029583171371,0.0
714.1816995121234,0.0
760.6905745372386,0.0
806.1625936120206,0.0
852.2142302862567,0.0
899.0920042337933,0.0
945.3143842703919,0.0
988.5630202639576,0.0
1027.164207115884,0.0
1061.052205601785,0.0
1091.5748594122877,0.0
1120.5152751608578,0.0
1149.1810021574215,0.0
1177.9612711779782,0.0
1206.271270559384,0.0
1232.8838538241919,0.0
1256.7025118718275,0.0
1277.544849348382,0.0
1296.206126280625,0.0
1313.6607921454518,0.0
1330.183080378266,0.0
1345.228403620202,0.0
1358.0852008744932,0.0
1368.568043887358,0.0
1377.0929353988488,0.0
1384.2105191270573,0.0
1390.1886714495515,0.0
1395.0137466027397,0.0
1398.5079439484107,0.0
1400.1586581422864,0.0
1398.9302715990787,0.0
1393.7004812858177,0.0
1384.2271493552896,0.0
1371.556605777759,0.0
1357.1392318317173,0.0
1341.478751109657,0.0
1323.8102296777809,0.0
1303.0534529993524,0.0
1278.8387799474046,0.0
1251.6616385581838,0.0
1222.4485374823962,0.0
1192.1478940787074,0.0
1161.4010006145436,0.0
1130.136079559134,0.0
1097.4098472690414,0.0
1061.9530574977553,0.0
1023.0963535933994,0.0
981.1967593135903,0.0
937.2475525289699,0.0
892.2790559690367,0.0
847.0808046399214,0.0
802.1384891402126,0.0
757.5079006290637,0.0
712.6743118377042,0.0
666.6467202191702,0.0
618.3902031046299,0.0
567.3507594501757,0.0
513.6617457461882,0.0
458.00377503981196,0.0
401.49156638767573,0.0
345.64109042203876,0.0
291.910767173292,0.0
240.78582693978552,0.0
191.3189486159431,0.0
141.82914149001473,0.0
91.16085459015228,0.0
39.29068259210321,0.0
-13.147229079020764,0.0
-65.77003439775258,0.0
-118.92189881743406,0.0
-173.41836110269185,0.0
-229.87398962593656,0.0
-288.14107667735504,0.0
-347.17707993522725,0.0
-405.3353770330692,0.0
-460.9354288051392,0.0
-512.9433960276721,0.0
-561.471068838648,0.0
-607.7209142922288,0.0
-653.2785719286799,0.0
-699.2178294411767,0.0
-745.6955838741188,0.0
-792.2486168140981,0.0
-838.3542823747725,0.0
-883.6209259450425,0.0
-927.5414241678352,0.0
-969.3657507558039,0.0
-1008.4636546727744,0.0
-1044.7499234216987,0.0
-1078.5947806936947,0.0
-1110.352763018254,0.0
-1140.2098575887183,0.0
-1168.5855980755439,0.0
-1196.4600778789875,0.0
-1224.9287340976728,0.0
-1254.1738703877184,0.0
-1282.8881624572714,0.0
-1308.805496760763,0.0
-1329.9076237893657,0.0
-1345.3245884995158,0.0
-1355.5263062290583,0.0
-1362.0459224828758,0.0
-1367.0121388287187,0.0
-1372.4132477581882,0.0
-1379.1073437833045,0.0
-1386.1978419060486,0.0
-1391.4899148867055,0.0
-1392.8963790078433,0.0
-1389.722448167425,0.0
-1382.8802441611983,0.0
-1374.0678421953523,0.0
-1364.6476106571756,0.0
-1354.8760389167953,0.0
-1343.7553885327284,0.0
-1329.5645599500367,0.0
-1310.9033049013306,0.0
-1287.6617612950488,0.0
-1261.167128418606,0.0
-1233.321547667067,0.0
-1205.3720765237551,0.0
-1177.246817593018,0.0
-1147.8259857187338,0.0
-1115.8276687734542,0.0
-1080.6877065765507,0.0
-1042.9087090189612,0.0
-1003.700761773854,0.0
-964.1529244375185,0.0
-924.522830791885,0.0
-884.113869836337,0.0
-841.7567994605413,0.0
-796.5364181702894,0.0
-748.3309931512458,0.0
-697.945087931398,0.0
-646.8236548126246,0.0
-596.4446880557308,0.0
-547.5896936177559,0.0
-499.8931453683702,0.0
-452.1047678904838,0.0
-403.00508108841893,0.0
-352.23671162657496,0.0
-300.2813980840678,0.0
-247.68930502262,0.0
-194.4987749862607,0.0
-140.46571128481403,0.0
-85.61250193486438,0.0
-30.23255048160438,0.0
25.687625564245156,0.0
82.69284337105937,0.0
141.14907359750384,0.0
200.28096335747597,0.0
258.1956334374705,0.0
313.16191158814917,0.0
364.93093669130525,0.0
414.74672379865734,0.0
464.1152860463579,0.0
513.6700877651369,0.0
563.0970319507728,0.0
611.807005680834,0.0
659.5338678499087,0.0
706.5385584573793,0.0
753.4877890723141,0.0
801.0150037772324,0.0
849.0919425143454,0.0
896.7103960352647,0.0
942.2678329034504,0.0
984.3943779930529,0.0
1022.594182153616,0.0
1057.3059083359628,0.0
1089.4254421658015,0.0
1119.6340141820037,0.0
1148.0446700974246,0.0
1174.4934422639071,0.0
1199.246051161604,0.0
1223.4440343046372,0.0
1248.7198946565848,0.0
1276.1154784535377,0.0
1305.1496736931504,0.0
1333.8039031657206,0.0
1359.3957386308277,0.0
1379.7311152533794,0.0
1393.91174521845,0.0
1402.423149125952,0.0
1406.427380737379,0.0
1406.7791780246612,0.0
1403.6311936527002,0.0
1396.9741734984868,0.0
1387.464830476531,0.0
1376.6147125615296,0.0
1366.1362843960933,0.0
1357.03621194765,0.0
1349.1522660351231,0.0
1341.3970582767681,0.0
1332.437801670576,0.0
1321.204969845173,0.0
1306.8630546042064,0.0
1288.586426866191,0.0
1265.7491219926555,0.0
1238.5087313273582,0.0
1208.0471039018528,0.0
1175.9712964963755,0.0
1143.3485812787146,0.0
1110.3240763658698,0.0
1076.5803722115425,0.0
1042.0116870862983,0.0
1006.8924331411023,0.0
971.5523576065981,0.0
935.989254318475,0.0
899.6792221447984,0.0
861.5865261310624,0.0
820.460897231288,0.0
775.4332011517984,0.0
726.5060324729964,0.0
674.4105001342525,0.0
619.9782260012659,0.0
563.8389362599344,0.0
506.8113321079577,0.0
450.34127477978996,0.0
396.17317574482536,0.0
345.32039895211796,0.0
297.1961749946223,0.0
249.70904810312013,0.0
200.40167109615072,0.0
147.8749883068395,0.0
92.46937149750924,0.0
35.747388022683495,0.0
-20.644998910853356,0.0
-75.77121009345795,0.0
-129.48664919792583,0.0
-182.26086831609302,0.0
-235.11461181163227,0.0
-289.3551950042217,0.0
-345.7783804785646,0.0
-403.8623815967426,0.0
-461.8362520236426,0.0
-517.6902852821562,0.0
-570.2807365662478,0.0
-619.7138108989595,0.0
-666.9226625283648,0.0
-712.9041564042565,0.0
-758.2038379373929,0.0
-802.923659641606,0.0
-846.9873676909214,0.0
-890.2199637794109,0.0
-932.2561639649358,0.0
-972.6364498540337,0.0
-1011.0724501528614,0.0
-1047.5125426153834,0.0
-1082.034997148821,0.0
-1114.945797246003,0.0
-1146.9105816563979,0.0
-1178.5487408247716,0.0
-1209.6807517282066,0.0
-1239.2599372276431,0.0
-1266.338997884871,0.0
-1290.999446100237,0.0
-1314.0891554761365,0.0
-1336.092027355305,0.0
-1356.4463354174052,0.0
-1373.9013110801475,0.0
-1387.309805492394,0.0
-1396.1040583871275,0.0
-1400.3501488348884,0.0
-1400.6616874625447,0.0
-1398.0692360774965,0.0
-1393.7593839200626,0.0
-1388.6353142963612,0.0
-1382.8806676610272,0.0
-1375.8936422566205,0.0
-1366.7803656006495,0.0
-1355.1690214362495,0.0
-1341.7517604215425,0.0
-1328.0537216935365,0.0
-1315.4348292991297,0.0
-1303.9373314023271,0.0
-1291.8570978286236,0.0
-1276.5431419281929,0.0
-1255.9835750786488,0.0
-1229.9450914718468,0.0
-1199.8155848315855,0.0
-1167.5189026979613,0.0
-1134.4521220671224,0.0
-1100.9618181837805,0.0
-1066.4053482058407,0.0
-1029.7379091562414,0.0
-990.3090350876298,0.0
-948.1374223622051,0.0
-903.3744452067641,0.0
-855.6970754328823,0.0
-804.5832921615126,0.0
-750.3166803878023,0.0
-694.5574399990572,0.0
-639.6986058807994,0.0
-587.4364805599672,0.0
-537.7271148361608,0.0
-488.9471814176903,0.0
-439.15434933536886,0.0
-387.5089719802378,0.0
-334.7821101773179,0.0
-282.4878884779766,0.0
-231.32657714626492,0.0
-180.37541676658012,0.0
-127.88291687371301,0.0
-72.8633237614056,0.0
-15.837238521074132,0.0
41.86500024962401,0.0
99.17365572642575,0.0
155.5294004886097,0.0
210.49125289868863,0.0
263.71971338622853,0.0
315.6059097090819,0.0
367.63767085405414,0.0
421.63154000668095,0.0
478.1223235255676,0.0
535.3108948339494,0.0
589.8020127265156,0.0
638.9239154460347,0.0
682.8305356835208,0.0
724.4847816646035,0.0
767.5051171379016,0.0
813.7614992055559,0.0
862.6033106973198,0.0
911.7854451567072,0.0
958.8017452027761,0.0
1001.6774414789917,0.0
1039.3733436179002,0.0
1072.1264698711495,0.0
1101.4016804593155,0.0
1129.1089751350744,0.0
1156.5927216960163,0.0
1184.2700011440231,0.0
1212.031907690388,0.0
1239.6835867875236,0.0
1266.8215195854805,0.0
1292.4274396247397,0.0
1314.912499594255,0.0
1332.8383212022336,0.0
1345.6464604706412,0.0
1353.7906217730376,0.0
1358.4859494261425,0.0
1361.4791101407423,0.0
1364.6628921532426,0.0
1369.2704662987792,0.0
1375.1525905157027,0.0
1380.9109552735158,0.0
1384.827730943338,0.0
1385.7434380689829,0.0
1383.2421041351329,0.0
1377.280267047269,0.0
1367.8223027756953,0.0
1354.8369972330515,0.0
1338.5195737136644,0.0
1319.4050457689489,0.0
1298.2588671294668,0.0
1275.9138417362542,0.0
1253.1046986110534,0.0
1230.1458279279911,0.0
1206.551439334881,0.0
1181.1244175467928,0.0
1152.7491458339393,0.0
1121.2232478517155,0.0
1087.2594751934737,0.0
1051.7328319491332,0.0
1015.0370546037934,0.0
977.085581268185,0.0
937.6464191239895,0.0
896.5010711515332,0.0
853.3811328451095,0.0
808.0364313480449,0.0
760.5765510136648,0.0
711.6925343242592,0.0
662.3023661353778,0.0
612.8227687121748,0.0
562.7651422350812,0.0
511.0750487715935,0.0
456.9389148047247,0.0
400.45116518774284,0.0
342.68274951222946,0.0
285.0907794249449,0.0
228.66502413530347,0.0
173.44503294494544,0.0
118.77021514151353,0.0
63.935447135291916,0.0
8.553369874654084,0.0
-47.54201482591566,0.0
-104.35710259932402,0.0
-161.53930931752018,0.0
-218.35168951087522,0.0
-274.0621894777439,0.0
-328.29463923597297,0.0
-380.9773137790872,0.0
-432.18067831611734,0.0
-482.12836182894983,0.0
-531.2163811844255,0.0
-579.8426589541114,0.0
-628.2253763023176,0.0
-676.3529438425003,0.0
-723.9573653578234,0.0
-770.4994475213205,0.0
-815.3274608965847,0.0
-857.9847609237474,0.0
-898.4107267945822,0.0
-936.8562271310687,0.0
-973.6902994030268,0.0
-1009.3824501031856,0.0
-1044.6895468724335,0.0
-1080.6339177658194,0.0
-1117.8423148739107,0.0
-1155.5175371909297,0.0
-1191.09567358941,0.0
-1221.3793402540718,0.0
-1244.5951098450653,0.0
-1261.7164511046303,0.0
-1275.8714933050276,0.0
-1290.3223015721544,0.0
-1306.6720077693424,0.0
-1324.509601456739,0.0
-1342.3013771795736,0.0
-1358.4661651270924,0.0
-1371.923673384529,0.0
-1382.214941405342,0.0
-1389.5119971101703,0.0
-1394.4161680675186,0.0
-1397.3688198344116,0.0
-1398.0619425341629,0.0
-1395.55173429472,0.0
-1389.0479942033705,0.0
-1378.5303120175768,0.0
-1364.6004715575002,0.0
-1347.9422377192332,0.0
-1329.1169707385832,0.0
-1308.8422647017333,0.0
-1288.178643233253,0.0
-1268.0510798085918,0.0
-1248.3257775385282,0.0
-1227.3674925390972,0.0
-1202.800376838352,0.0
-1173.1042261597645,0.0
-1138.7817331647125,0.0
-1102.0084363592753,0.0
-1065.0046426572446,0.0
-1028.5588899089848,0.0
-991.9360265761871,0.0
-954.0489275214975,0.0
-914.6699414644972,0.0
-874.515871060246,0.0
-834.2098519262227,0.0
-793.2806460242414,0.0
-750.2603169401086,0.0
-703.6620264112839,0.0
-652.820941570123,0.0
-598.1384789043306,0.0
-541.0238567865748,0.0
-483.6114459411399,0.0
-427.9332039117392,0.0
-374.81642850913914,0.0
-323.5242197063608,0.0
-272.61723579765464,0.0
-221.19839985583621,0.0
-169.34863665774853,0.0
-117.56352511188729,0.0
-65.96510509712921,0.0
-14.046597687557158,0.0
38.99089504244841,0.0
93.7267217915563,0.0
150.12480839338792,0.0
207.33557158158519,0.0
263.9146829153355,0.0
318.57858991558584,0.0
371.06693893372585,0.0
422.27967079570607,0.0
473.4394355284923,0.0
525.0024912594819,0.0
576.342127988915,0.0
626.428429779914,0.0
674.7389007144071,0.0
721.5585135162323,0.0
767.617426758821,0.0
813.5388432540135,0.0
859.4441651496966,0.0
904.7755198899955,0.0
948.3783793594579,0.0
988.9461711576919,0.0
1025.753438793911,0.0
1059.2920100309666,0.0
1091.2045203686407,0.0
1123.3322146331705,0.0
1156.506013466012,0.0
1190.0233928693567,0.0
1222.077146006384,0.0
1250.6202918506194,0.0
1274.1767103823618,0.0
1292.4862077028718,0.0
1306.8078767932868,0.0
1319.5217938809524,0.0
1333.014456856623,0.0
1348.4549745398929,0.0
1365.2121764897577,0.0
1381.162343569291,0.0
1393.6753609745185,0.0
1400.7613360960345,0.0
1401.8225716089698,0.0
1397.653032618476,0.0
1389.8195594008494,0.0
1379.9209867710672,0.0
1369.1554040013411,0.0
1358.2352976672194,0.0
1347.3872947240798,0.0
1336.2908816595748,0.0
1324.101011765079,0.0
1309.7483008365784,0.0
1292.3990536338745,0.0
1271.7862478017512,0.0
1248.283694392357,0.0
1222.7827643817877,0.0
1196.3417174094645,0.0
1169.5768927378356,0.0
1142.06892567975,0.0
1112.3634784773349,0.0
1078.7920984337964,0.0
1040.5660276391004,0.0
998.3135992607275,0.0
953.7172371284508,0.0
908.565305842632,0.0
863.8906387611356,0.0
819.7933899712044,0.0
775.9373202287402,0.0
732.0480379943922,0.0
687.8920214499826,0.0
642.9776326650344,0.0
596.4578125810776,0.0
547.2986322017124,0.0
494.63950577550924,0.0
438.4038153310392,0.0
379.9151330982885,0.0
321.85702763013734,0.0
267.18167257210956,0.0
217.45108345337965,0.0
171.67738607201153,0.0
126.53029763703127,0.0
77.93257318515737,0.0
23.13629003330864,0.0
-37.90193897392057,0.0
-102.54059560828148,0.0
-166.72234211497997,0.0
-226.78611948258387,0.0
-281.00354959015135,0.0
-330.1640657133588,0.0
-376.8757437089668,0.0
-423.9819080906741,0.0
-473.1493515753401,0.0
-524.5370798314405,0.0
-577.4239000377618,0.0
-630.8814461590883,0.0
-683.8918066435259,0.0
-735.2431023357855,0.0
-783.8210639330142,0.0
-829.2436593728665,0.0
-872.1485917791282,0.0
-913.7073425683466,0.0
-954.7815440627172,0.0
-995.4065136258597,0.0
-1034.8401297036055,0.0
-1071.9829103501804,0.0
-1105.9443260944192,0.0
-1136.5733149952734,0.0
-1164.6777484950749,0.0
-1191.7000202781041,0.0
-1218.9284048815955,0.0
-1246.6180329600807,0.0
-1273.631159771375,0.0
-1298.0904918291753,0.0
-1318.7068332686051,0.0
-1335.544129715129,0.0
-1349.3947213976637,0.0
-1360.5995333109067,0.0
-1368.841293418566,0.0
-1374.149380230814,0.0
-1377.7523719074404,0.0
-1381.5514872068634,0.0
-1386.5947247585982,0.0
-1392.0336183795998,0.0
-1395.5577238528538,0.0
-1394.7807289371056,0.0
-1388.3202232212368,0.0
-1376.0940581293244,0.0
-1359.2532919470386,0.0
-1339.9258010356375,0.0
-1320.404462783276,0.0
-1301.9354053585682,0.0
-1284.054108815381,0.0
-1265.0241160668907,0.0
-1242.8867180194152,0.0
-1216.3672998089592,0.0
-1185.4284466838665,0.0
-1151.4350894338356,0.0
-1116.6812636265063,0.0
-1083.2428493970197,0.0
-1051.7374538882189,0.0
-1020.8424505621024,0.0
-987.9991452408016,0.0
-950.9358101125235,0.0
-909.0315588227517,0.0
-863.5337892521885,0.0
-816.4605873334586,0.0
-769.1672320363781,0.0
-721.7955404741065,0.0
-673.8258590163565,0.0
-624.8756306627571,0.0
-574.9701717786062,0.0
-524.3333117436861,0.0
-473.14198553018826,0.0
-421.4682168674088,0.0
-369.33467822405305,0.0
-316.73394195472366,0.0
-263.56990028150034,0.0
-209.6405961501528,0.0
-154.75157940216482,0.0
-98.84624568858996,0.0
-42.02147161699995,0.0
15.437486080815525,0.0
72.86697224162465,0.0
129.14140519530397,0.0
183.04661247721947,0.0
233.9713865527901,0.0
282.3353720168458,0.0
329.421955390747,0.0
376.8003132541233,0.0
425.7111362999487,0.0
476.65879536744137,0.0
529.3430173264107,0.0
582.9310749488311,0.0
636.4272915605061,0.0
688.9440979744909,0.0
739.8909297364817,0.0
789.07204694974,0.0
836.5136807696513,0.0
882.1182919752944,0.0
925.5920081308068,0.0
966.7463887476318,0.0
1005.699277718684,0.0
1042.7110488075682,0.0
1078.0280130514914,0.0
1111.938824970491,0.0
1144.634928751892,0.0
1175.7420687792096,0.0
1204.337299166082,0.0
1229.9356643551412,0.0
1253.384411357751,0.0
1276.3174654778725,0.0
1299.5870404956138,0.0
1322.3872841451946,0.0
1342.9349512570575,0.0
1359.8366724144298,0.0
1372.8469596334537,0.0
1382.6257899126902,0.0
1390.015534525139,0.0
1395.5595348542383,0.0
1399.5459427580836,0.0
1402.266636599402,0.0
1403.9586234042847,0.0
1404.4357481695386,0.0
1403.0197919293757,0.0
1399.035369335963,0.0
1392.1907925894961,0.0
1382.2724083230446,0.0
1368.7048851669012,0.0
1350.9363200771797,0.0
1329.401657237957,0.0
1305.7482670883328,0.0
1281.7609486864906,0.0
1258.0004106222661,0.0
1233.5287598293037,0.0
1206.8403321524738,0.0
1176.9896022392077,0.0
1143.9500811663113,0.0
1108.2174347365913,0.0
1070.3642258313346,0.0
1030.908234811836,0.0
990.1645156818848,0.0
947.8995928724407,0.0
903.3564744796006,0.0
856.0455445744469,0.0
806.5894877551673,0.0
756.5757735494482,0.0
707.525421479884,0.0
660.0779794452345,0.0
614.0513915196321,0.0
568.8872980836397,0.0
523.8176310449394,0.0
477.8227113361044,0.0
429.8852806351951,0.0
379.5395945547026,0.0
327.0911363311243,0.0
273.15196612721553,0.0
218.06029438540162,0.0
161.98684876324702,0.0
105.52556918948548,0.0
49.721269216419714,0.0
-4.8186590769813415,0.0
-58.70521182272659,0.0
-113.32011533448402,0.0
-169.44666358768393,0.0
-226.40377977555164,0.0
-282.5605030399807,0.0
-336.6738428244844,0.0
-388.7911569018265,0.0
-440.02449912588634,0.0
-491.50118396674105,0.0
-543.3851568319822,0.0
-594.6961536918844,0.0
-644.0157038561964,0.0
-690.4757346841634,0.0
-734.3000026741406,0.0
-776.5954949890972,1.0
-818.6565003430334,0.0
-860.8688491836211,0.0
-901.5753577397245,0.0
-935.9301190545689,0.0
-955.499640740454,0.0
-950.5802353840924,0.0
-917.2458189565392,0.0
-866.5932637540725,0.0
-826.806716129794,0.0
-830.0000371883478,0.0
-890.5126278116478,0.0
-994.0961454721372,0.0
-1108.8197890992699,0.0
-1206.4997648616431,0.0
-1275.4286466624385,0.0
-1318.2982998613859,0.0
-1343.5021432640367,0.0
-1358.7154679640794,0.0
-1368.7999635720134,0.0
-1376.0783151721582,0.0
-1381.3245208632873,0.0
-1384.7791277148187,0.0
-1386.873708604252,0.0
-1388.1695477048802,0.0
-1388.867721017628,0.0
-1388.3641947723122,0.0
-1385.3717936204016,0.0
-1378.592317439472,0.0
-1367.503985735716,0.0
-1352.625241992523,0.0
-1334.964314978392,0.0
-1315.1117125424462,0.0
-1292.9035062909174,0.0
-1268.0503798145114,0.0
-1241.0577910692452,0.0
-1213.465883312772,0.0
-1187.0961580306032,0.0
-1162.867127517214,0.0
-1140.0514147459048,0.0
-1116.507655821469,0.0
-1089.6835229578896,0.0
-1057.7263050461304,0.0
-1020.1714691112293,0.0
-978.068007875167,0.0
-933.540422030703,0.0
-888.8505539116992,0.0
-845.2783500413472,0.0
-802.4747063191314,0.0
-758.8984310623091,0.0
-713.2264896565869,0.0
-665.592742482736,0.0
-617.3390479345339,0.0
-569.4240490010877,0.0
-521.2070658003627,0.0
-470.9466189802195,0.0
-417.4146236758816,0.0
-360.93096412862405,0.0
-302.9190211946566,0.0
-244.6089032610078,0.0
-186.23175007593093,0.0
-127.42879058666736,0.0
-68.29676986585355,0.0
-9.804120112662549,0.0
46.90053027129802,0.0
101.44052663883375,0.0
154.36609249730336,0.0
206.5378103362228,0.0
258.55505423596094,0.0
310.6577404410378,0.0
362.78974011740326,0.0
414.4858124404475,0.0
464.8049380839202,0.0
512.7313255429851,0.0
558.0028444633713,0.0
601.6463592911548,0.0
645.5258585495521,0.0
691.138917735712,0.0
738.6625023496222,0.0
786.9924697354427,0.0
834.6085609700572,0.0
880.4938666215049,0.0
924.480344996619,0.0
966.9309971111526,0.0
1008.1076770396186,0.0
1047.6410200232172,0.0
1084.4240126954635,0.0
1117.148708779337,0.0
1145.352258897534,0.0
1170.2928934788029,0.0
1194.7579252156693,0.0
1221.5642167010794,0.0
1251.6703831237012,0.0
1283.3523016181337,0.0
1313.1852255509255,0.0
1338.088551608985,0.0
1356.9033207316634,0.0
1370.5029440360292,0.0
1380.650613761638,0.0
1388.68823529764,0.0
1395.0143043124674,0.0
1399.4890556915866,0.0
1402.079825767117,0.0
1402.9820781522708,0.0
1402.2339208471947,0.0
1399.5073990318162,0.0
1394.4514983742974,0.0
1387.0616985362497,0.0
1377.4430975913194,0.0
1365.2534436455132,0.0
1349.6931290207835,0.0
1330.2739346317474,0.0
1307.6019993730615,0.0
1283.3405765719829,0.0
1259.306505866508,0.0
1236.336211602079,0.0
1213.6691184790234,0.0
1189.3196376310525,0.0
1161.2677503357882,0.0
1128.602208193179,0.0
1091.7991837834886,0.0
1052.1583445137323,0.0
1011.0767707100455,0.0
969.6067341289564,0.0
928.1930886056625,0.0
886.4907021743243,0.0
843.5498836774717,0.0
798.5518983137426,0.0
751.5720854233462,0.0
703.5256805399118,0.0
655.3069041640906,0.0
607.1290366994604,0.0
558.8198326934925,0.0
510.54235767312576,0.0
462.85087560547294,0.0
415.92482245208737,0.0
368.93803675493393,0.0
320.3217408336208,0.0
268.61243833034905,0.0
213.15346741554177,0.0
154.3817235689855,0.0
93.72822746286123,0.0
33.08241648157953,0.0
-26.070904335984164,0.0
-83.28006000393835,0.0
-138.99433876687866,0.0
-193.82571385857372,0.0
-247.88081179975495,0.0
-300.6941480532927,0.0
-351.72371431544644,0.0
-400.8965222193432,0.0
-448.72377585062407,0.0
-495.99008947032473,0.0
-543.4445640818535,0.0
-591.7238617929817,0.0
-641.2406371249158,0.0
-691.8111165918835,0.0
-742.3163449376834,0.0
-790.9275433720925,0.0
-836.0294331879643,0.0
-877.2637087888652,0.0
-915.8170662006052,0.0
-953.5712488826141,0.0
-991.7874488193419,0.0
-1030.4090768006934,0.0
-1068.3423237970744,0.0
-1104.1905690028184,0.0
-1136.8574424633637,0.0
-1165.9366702481166,0.0
-1191.9173196522752,0.0
-1215.9848923572313,0.0
-1239.3512875339413,0.0
-1262.593788845014,0.0
-1285.5377216892437,0.0
-1307.5739316140766,0.0
-1327.9269799296285,0.0
-1345.8709481153546,0.0
-1361.1686154145464,0.0
-1374.4285470370598,0.0
-1386.6398321308245,0.0
-1398.012172103768,0.0
-1407.321389760761,0.0
-1412.5430939872226,0.0
-1412.1517170373165,0.0
-1405.9537658030752,0.0
-1395.0333147540455,0.0
-1381.0995991968555,0.0
-1365.7052110597344,0.0
-1349.8371639622521,0.0
-1334.055781542287,0.0
-1318.7098388620452,0.0
-1303.603798960182,0.0
-1287.4063253017969,0.0
-1267.8709131320804,0.0
-1243.1865143542557,0.0
-1213.2918109532711,0.0
-1179.8533153806843,0.0
-1144.9872515308314,0.0
-1109.9753103423589,0.0
-1074.8818399315867,0.0
-1038.9736067592896,0.0
-1001.3520399984914,0.0
-961.405837381218,0.0
-918.9919031500083,0.0
-874.4490158588292,0.0
-828.5595368813272,0.0
-782.4392226592123,0.0
-737.147654252772,0.0
-693.0289385351672,0.0
-649.2542844271093,0.0
-604.1181376374149,0.0
-556.0498754216645,0.0
-504.66140567262255,0.0
-450.9821083452776,0.0
-396.63488665920335,0.0
-342.65186825129405,0.0
-288.98252077666325,0.0
-235.01580860247876,0.0
-180.465174190254,0.0
-125.75419896159607,0.0
-71.63799101409954,0.0
-18.452842250954554,0.0
34.3625604638503,0.0
88.03486568718532,0.0
143.61489556728694,0.0
201.13663479455298,0.0
259.43896801771285,0.0
316.78320776703487,0.0
371.7553155295524,0.0
423.8481415206079,0.0
473.46429966998267,0.0
521.4640270924139,0.0
568.6066550785714,0.0
615.2860417506988,0.0
661.6508107096513,0.0
707.8515492051456,0.0
754.0741740651503,0.0
800.3268405422618,0.0
846.1920207307863,0.0
890.7684317866896,0.0
932.9257050831876,0.0
971.9065336405513,0.0
1007.9907830630527,0.0
1042.5672749578675,0.0
1077.223213986637,0.0
1112.4297249452807,0.0
1147.0904547117573,0.0
1179.5243463164195,0.0
1208.9477514558355,0.0
1235.9482432115874,0.0
1261.5749373954877,0.0
1286.206873856301,0.0
1309.3890421728463,0.0
1330.470004283501,0.0
1349.0632407800763,0.0
1364.9797667450996,0.0
1378.0780888452875,0.0
1388.3434033768522,0.0
1395.9118593448168,0.0
1400.8318602593051,0.0
1402.876630962019,0.0
1401.7892748182,0.0
1397.6981023091448,0.0
1391.125671219146,0.0
1382.5685599880312,0.0
1372.2591099899385,0.0
1360.3436290825648,0.0
1346.9985507815816,0.0
1332.213271588516,0.0
1315.6858409778602,0.0
1297.1565655483507,0.0
1276.7399216558854,0.0
1254.7519546022531,0.0
1231.2690637731926,0.0
1206.0202375479869,0.0
1178.6355459198091,0.0
1148.7575388171817,0.0
1115.8826785798929,0.0
1079.4552197425176,0.0
1039.5391140732256,0.0
997.3982288775429,0.0
955.0042580903829,0.0
913.6651721592605,0.0
873.2043659166594,0.0
832.5997932229271,0.0
791.2800634709198,0.0
749.6267006727996,0.0
708.3031536970856,0.0
667.2461834543614,0.0
625.2705667770634,0.0
580.5757538839653,0.0
531.7978325489053,0.0
478.8955593308339,0.0
423.23884845491096,0.0
366.8057579169712,0.0
311.0225976514781,0.0
256.1150948922423,0.0
201.5105226663008,0.0
146.8605547378562,0.0
92.56389503074232,0.0
39.18729845889411,0.0
-13.462678665118753,0.0
-66.4341698098652,0.0
-120.82444449923781,0.0
-177.04606482619786,0.0
-234.81330886649835,0.0
-293.51706813635553,0.0
-352.46922018423163,0.0
-410.9660184475674,0.0
-468.3899892590661,0.0
-524.3528459444369,0.0
-578.7614475647687,0.0
-631.7378704378904,0.0
-683.3806809847513,0.0
-733.4990728178063,0.0
-781.6250543250555,0.0
-827.3979302762918,0.0
-870.859762578158,0.0
-912.1841280525246,0.0
-951.1945814496567,0.0
-987.4751740879061,0.0
-1021.0427532782887,0.0
-1052.6592905071057,0.0
-1083.3411879170644,0.0
-1113.6835050951317,0.0
-1143.6515518373317,0.0
-1172.7383927873577,0.0
-1200.1707850925372,0.0
-1225.1655318147223,0.0
-1247.2967049666513,0.0
-1266.7758266709548,0.0
-1284.4025888789934,0.0
-1301.0974375967044,0.0
-1317.2732535082414,0.0
-1332.521744143998,0.0
-1345.908943710197,0.0
-1356.6522919613813,0.0
-1364.6085372272407,0.0
-1370.201317444148,0.0
-1373.9001030483603,0.0
-1375.7089375540954,0.0
-1375.0845437873227,0.0
-1371.3365308925618,0.0
-1364.2471593769772,0.0
-1354.4376266289034,0.0
-1343.0910180963228,0.0
-1331.1727469196505,0.0
-1318.8200198522113,0.0
-1305.370657727433,0.0
-1289.81621318047,0.0
-1271.2918909378932,0.0
-1249.502695510233,0.0
-1224.904503824997,0.0
-1198.3387201607761,0.0
-1170.29176511717,0.0
-1140.5845411640012,0.0
-1108.931906869605,0.0
-1075.6260003582745,0.0
-1041.2854554778264,0.0
-1005.8520420594913,0.0
-968.2396131476856,0.0
-927.3239351808124,0.0
-883.1575977789972,0.0
-836.8774580882756,0.0
-789.3668899105926,0.0
-740.298366848782,0.0
-688.7599812648307,0.0
-634.8127187002193,0.0
-580.1974057325768,0.0
-527.2747390179962,0.0
-477.20766586203604,0.0
-429.2251118765822,0.0
-381.60586068999396,0.0
-333.20307861325375,0.0
-283.95716675503473,0.0
-234.20374591682275,0.0
-183.83271403125045,0.0
-132.16219766995846,0.0
-78.4211848844425,0.0
-22.267897843468962,0.0
35.99220766001787,0.0
95.54925671551443,0.0
155.5223374573093,0.0
215.44708843909447,0.0
275.36281398910415,0.0
335.32208673806343,0.0
394.82834454516546,0.0
452.89884428849297,0.0
508.7233931216021,0.0
562.1305230294798,0.0
613.3273310201681,0.0
662.3182826694342,0.0
708.7908790808311,0.0
752.6565546052888,0.0
794.6779348089806,0.0
836.5075103154446,0.0
879.9100151204741,0.0
925.529384013901,0.0
972.0953637598228,0.0
1016.9828998336618,0.0
1057.9830787453593,0.0
1094.798510690793,0.0
1128.8448966624594,0.0
1161.671785765193,0.0
1193.666784150269,0.0
1224.2082220749376,0.0
1252.7538603762343,0.0
1279.4890502893559,0.0
1304.8368099844517,0.0
1328.4334005448277,0.0
1348.8394749251433,0.0
1364.5526492865893,0.0
1375.4428277774725,0.0
1383.0894489815114,0.0
1389.5763653815766,0.0
1395.9196770807605,0.0
1401.5787933196707,0.0
1405.289110197088,0.0
1406.2312477285727,0.0
1404.4288976921257,0.0
1400.2301144098142,0.0
1393.7482283790023,0.0
1385.0455299677672,0.0
1374.6978934830747,0.0
1363.7452617657184,0.0
1352.8574069858253,0.0
1341.6022123290493,0.0
1328.5862553054224,0.0
1312.318297508748,0.0
1292.0585906889387,0.0
1268.1085921590775,0.0
1241.449469596591,0.0
1213.0657071800138,0.0
1183.4525811062372,0.0
1152.5588728947591,0.0
1120.0179432564883,0.0
1085.3733274963486,0.0
1048.2668917787514,0.0
1008.6785880109052,0.0
967.0436777099475,0.0
923.9504050829624,0.0
879.5629558832505,0.0
833.435926517398,0.0
785.0935076105994,0.0
734.8376703587062,0.0
683.8506863096845,0.0
633.4209645087095,0.0
584.0820846142884,0.0
535.4707033809871,0.0
486.82826081565884,0.0
437.5373086037015,0.0
387.26216019560275,0.0
335.77214947583093,0.0
282.768151798921,0.0
228.0142739163382,0.0
171.80967272198566,0.0
115.35602405700631,0.0
60.39235833019581,0.0
8.032638425714477,0.0
-42.32352166693588,0.0
-92.92213684953069,0.0
-146.26572875246163,0.0
-203.41475580581354,0.0
-263.2954743245525,0.0
-323.4313882585691,0.0
-381.3734548397571,0.0
-435.82571048470334,0.0
-487.0402203938669,0.0
-536.501704102977,0.0
-586.0224502069035,0.0
-636.6287508028441,0.0
-687.9895554754547,0.0
-738.8544002350268,0.0
-788.0973460328285,0.0
-835.4274073607497,0.0
-881.1808667273475,0.0
-925.4977181248794,0.0
-967.775617733922,0.0
-1007.0466166753355,0.0
-1042.9829812470662,0.0
-1076.4789097657704,0.0
-1109.0305901190354,0.0
-1141.3721115391904,0.0
-1172.7265676416002,0.0
-1201.4277984700525,0.0
-1226.2147563022968,0.0
-1246.951677857311,0.0
-1264.392574758957,0.0
-1279.5899147634339,0.0
-1293.524128283126,0.0
-1306.9714961969216,0.0
-1320.41366850659,0.0
-1334.0028090036349,0.0
-1347.6549280795725,0.0
-1361.15009246353,0.0
-1374.022955313166,0.0
-1385.3215304697894,0.0
-1393.607573460459,0.0
-1397.4768036140285,0.0
-1396.3215834756309,0.0
-1390.6764554283156,0.0
-1381.7831892491383,0.0
-1370.7757868293902,0.0
-1358.2356627096342,0.0
-1344.3285233155893,0.0
-1329.0136735974163,0.0
-1311.9496869531843,0.0
-1292.4697344356368,0.0
-1270.0550603544677,0.0
-1244.8843670411118,0.0
-1217.6883490006344,0.0
-1188.9508920884937,0.0
-1158.381493085145,0.0
-1125.29901880037,0.0
-1089.552279464502,0.0
-1052.0542453157047,0.0
-1014.4248155278535,0.0
-978.0019619560056,0.0
-942.9722279390132,0.0
-908.27008702258,0.0
-872.3110659299505,0.0
-833.9154217837103,0.0
-792.6259792707556,0.0
-748.2932901426564,0.0
-700.6192571024395,0.0
-649.3724838677697,0.0
-595.0487009122086,0.0
-539.0446928997213,0.0
