4370.530979622468,0.0
4487.143350115731,0.0
4595.890665537681,0.0
4674.073468674501,0.0
4706.270847181139,0.0
4676.660575226148,0.0
4550.700856511169,0.0
4270.397707750002,0.0
3785.7129106173397,0.0
3108.100590200889,0.0
2335.094921974113,0.0
1610.3729670025232,0.0
1047.6413780508265,0.0
684.1901592411446,0.0
494.471936090829,0.0
432.86118887012094,0.0
459.99465902036553,0.0
541.7611209002201,0.0
641.7899788285926,0.0
726.2556504274901,0.0
777.8593368869637,0.0
802.7835802977655,0.0
821.6499678469091,0.0
852.413927307812,0.0
899.6645505352735,0.0
956.7596755853895,0.0
1015.0166386255971,0.0
1070.9799572073518,0.0
1127.54191456901,0.0
1189.909606750413,0.0
1260.0930522945416,0.0
1333.9049663230387,0.0
1402.2739656718093,0.0
1455.2413707962423,0.0
1485.5368712340407,0.0
1490.7600801426067,0.0
1474.8631917442513,0.0
1447.9736766481637,0.0
1422.7262825648475,0.0
1408.7711830096046,0.0
1410.3609757795252,0.0
1428.1096660002054,0.0
1460.669608556102,0.0
1503.083168140012,0.0
1545.1917334210607,0.0
1574.9210848937553,0.0
1584.7447478659542,0.0
1574.3025065248337,0.0
1545.848216553677,0.0
1498.0111135435404,0.0
1425.7984699646236,0.0
1327.8499521345834,0.0
1213.7944684183142,0.0
1103.8999529988293,0.0
1020.1382452468746,0.0
974.4998174484989,0.0
962.4741666093977,0.0
966.3187377812749,0.0
966.0785983533582,0.0
949.7787387306433,0.0
915.0371050151491,0.0
863.4362964864436,0.0
795.7702008783398,0.0
712.007824954289,0.0
612.7805289053675,0.0
499.9202160878508,0.0
378.0493033214463,0.0
257.0872531015346,0.0
150.2591925499297,0.0
66.03982570964389,0.0
1.6644877895461978,0.0
-53.89861111406076,0.0
-110.46982154787837,0.0
-170.28425377533944,0.0
-229.1187634658187,0.0
-281.55166153553154,0.0
-325.4786118974855,0.0
-363.7848856822132,0.0
-402.5603262131537,0.0
-446.6784886577206,0.0
-495.81634644276124,0.0
-544.5781482411751,0.0
-587.5885540871681,0.0
-625.8865428153612,0.0
-668.6436545316379,0.0
-726.9686409787475,0.0
-803.5345995697256,0.0
-886.8278126587511,0.0
-956.3218444093782,0.0
-995.988402837304,0.0
-1005.6318681254435,0.0
-1000.0352806204723,0.0
-996.1305043664146,0.0
-999.814401087784,0.0
-1004.1169967824018,0.0
-998.8057509083512,0.0
-981.1186212202344,0.0
-958.7573026983297,0.0
-944.6474007969655,0.0
-948.2438321211922,0.0
-968.7910557223362,0.0
-994.5452303126305,0.0
-1008.9367140763624,0.0
-999.6398532311578,0.0
-964.1598792970788,0.0
-909.2128238781142,0.0
-846.7241320670836,0.0
-789.8762002121612,0.0
-749.6656559680499,0.0
-730.9666800755044,0.0
-729.4938286981255,0.0
-732.6066546051743,0.0
-724.6860386201847,0.0
-693.8545780472224,0.0
-635.9273198372156,0.0
-554.7766429727137,0.0
-460.8212640648845,0.0
-368.27803719945854,0.0
-290.36027343995767,0.0
-233.23372435162506,0.0
-192.74589395963392,0.0
-157.08523294242366,0.0
-113.56811437423917,0.0
-54.2069766830971,0.0
22.833373025310006,0.0
114.39695169452314,0.0
213.63734698075385,0.0
311.3091626001443,0.0
398.1710891179215,0.0
468.9686934998479,0.0
526.320841642506,0.0
581.7023097946158,0.0
650.807864449101,0.0
743.8357826122843,0.0
856.7653251494329,0.0
972.2158873827323,0.0
1071.7765175886225,0.0
1149.3304232900846,0.0
1212.2254526841377,0.0
1270.1802215222376,0.0
1324.8684082145905,0.0
1370.2206670785536,0.0
1400.0292631887867,0.0
1413.7603066279173,0.0
1417.3583050094987,0.0
1421.393445860149,0.0
1437.855645464038,0.0
1475.0808873155825,0.0
1532.220066655486,0.0
1597.532510433397,0.0
1653.545244529794,0.0
1686.9453994175092,0.0
1696.6156347831063,0.0
1693.7568672868774,0.0
1694.3947502388726,0.0
1710.185495312029,0.0
1743.5758571019649,0.0
1789.032133969106,0.0
1838.275297934456,0.0
1885.593521068736,0.0
1929.2701867753733,0.0
1967.793580036687,0.0
1994.88467076248,0.0
2000.201651395643,0.0
1977.4049872421865,0.0
1931.6400255818821,0.0
1877.963953851596,0.0
1832.6354328683103,0.0
1806.200650016616,0.0
1801.9558033564895,0.0
1815.540240293908,0.0
1833.4832176052669,0.0
1835.4377946596237,0.0
1803.2886356759025,0.0
1731.7682926190716,0.0
1631.0915952728612,0.0
1519.4012805006191,0.0
1411.9737769839442,0.0
1314.7667776894934,0.0
1224.7133255820509,0.0
1134.8411965669954,0.0
1040.6386454462954,0.0
943.275749627118,0.0
847.3641839801976,0.0
756.2176723774734,0.0
669.8824165033651,0.0
587.4589096012859,0.0
510.2804832410081,0.0
442.45740236641495,0.0
388.5197832068883,0.0
350.03268157410776,0.0
323.22220022232057,0.0
299.0176857647587,0.0
266.3709091820839,0.0
218.23252625125488,0.0
156.42439293284514,0.0
91.14258389846614,0.0
34.5430277019438,0.0
-6.842860757986496,0.0
-34.97003563274943,0.0
-57.46644699639982,0.0
-82.89404558321985,0.0
-118.0229633333066,0.0
-167.60818181913865,0.0
-234.36813848367188,0.0
-317.44057792879465,0.0
-410.2799732396534,0.0
-500.5947725081188,0.0
-573.3849369803609,0.0
-615.5709022993318,0.0
-620.7911024134892,0.0
-593.2835167938241,0.0
-548.1793658668188,0.0
-505.90568030283487,0.0
-482.9676001442924,0.0
-485.0949674505163,0.0
-506.8153933984757,0.0
-536.6379129592289,0.0
-563.5957750300694,0.0
-580.8420198249781,0.0
-584.9982123055955,0.0
-574.0833469789055,0.0
-548.1104229163906,0.0
-512.0753824406254,0.0
-475.58040773968935,0.0
-446.42653619649593,0.0
-424.0695369079853,0.0
-400.53852709900906,0.0
-367.4964227854076,0.0
-321.95359539418683,0.0
-266.75909931521494,0.0
-207.934974358288,0.0
-151.88016565438883,0.0
-102.52026025264705,0.0
-58.15323548029537,0.0
-10.552874858216212,0.0
50.177616787147855,0.0
127.314283018948,0.0
214.2175620865232,0.0
300.73785071369537,0.0
382.6878911594626,0.0
463.85623168795354,0.0
549.4775496919218,0.0
639.458416984777,0.0
727.8386217175422,0.0
807.0188023384586,0.0
872.9332225348297,0.0
928.2336242356226,0.0
980.8328531967808,0.0
1037.2965639003814,0.0
1096.5982731348752,0.0
1151.244487919322,0.0
1196.0657469245675,0.0
1236.2155699696436,0.0
1284.779586745531,0.0
1351.248637400683,0.0
1433.2173261310413,0.0
1520.9066461376997,0.0
1608.8823834861735,0.0
1701.3520249040598,0.0
1805.420551161911,0.0
1919.825017542334,0.0
2030.7321421617944,0.0
2119.0874068534695,0.0
2173.2369921449276,0.0
2196.1440371281974,0.0
2202.1824748151744,0.0
2207.9124024744915,0.0
2224.4110808073588,0.0
2255.1988880452827,0.0
2298.3264999892626,0.0
2348.4861126045116,0.0
2396.3510143928715,0.0
2427.5794832944152,0.0
2427.4330061559976,0.0
2391.9021957983637,0.0
2335.6826153674447,0.0
2286.1451558361928,0.0
2265.120722620489,0.0
2273.717695709933,0.0
2293.800619290849,0.0
2304.552620215288,0.0
2298.6686453945026,0.0
2283.684143452785,0.0
2269.268850261314,0.0
2255.0446277253236,0.0
2231.2529108314093,0.0
2190.195274026222,0.0
2135.61915888886,0.0
2081.072762247595,0.0
2039.7084976926503,0.0
2014.982505887551,0.0
1998.4966497061134,0.0
1974.8283376058785,0.0
1929.9759522910688,0.0
1859.783493705749,0.0
1773.288059965191,0.0
1686.9826015081428,0.0
1612.6860899564392,0.0
1549.1874668746918,0.0
1485.690691229196,0.0
1413.5880347306033,0.0
1334.4498388632303,0.0
1256.974638190751,0.0
1188.1514677653456,0.0
1128.7381489539728,0.0
1075.9936072935102,0.0
1028.2990142497558,0.0
986.2645717711459,0.0
949.745189322325,0.0
913.5341018607292,0.0
866.0285708700271,0.0
794.2412796470563,0.0
693.179154602574,0.0
571.3765191988309,0.0
446.01240157110533,0.0
331.0924239843521,0.0
230.28466724518725,0.0
140.95281615011712,0.0
63.76705959066236,0.0
6.669898612656878,0.0
-21.087593815752694,0.0
-18.844654092998553,0.0
0.782081028956104,0.0
16.527224154845822,0.0
9.143475409357256,0.0
-29.069120070195765,0.0
-91.41702262105487,0.0
-161.41781083507237,0.0
-220.93043977296284,0.0
-256.46887231264185,0.0
-261.4258774801265,0.0
-236.74176638521854,0.0
-192.45358011836794,0.0
-146.90740957612098,0.0
-118.47463950453174,0.0
-113.07392724807643,0.0
-119.33457309538069,0.0
-118.4731619870154,0.0
-100.53504205463634,0.0
-71.41265852742661,0.0
-44.84465454952394,0.0
-29.074716764733164,0.0
-21.41398542994288,0.0
-13.693359819948894,0.0
-0.5478351982599506,0.0
18.34781942728503,0.0
42.82010157042369,0.0
76.69330779185808,0.0
126.32606730122716,0.0
194.80860227857505,0.0
278.538512577001,0.0
369.5032498654091,0.0
459.69114067295874,0.0
543.0257822570228,0.0
615.4165446573604,0.0
676.1292699981158,0.0
729.8267160259298,0.0
785.1160729213791,0.0
848.7056235244802,0.0
920.3614653214777,0.0
994.5748335565773,0.0
1067.5649526580407,0.0
1141.2735662257953,0.0
1219.5879467416116,0.0
1302.2347084423084,0.0
1384.6656135220367,0.0
1463.9788959530886,0.0
1543.0155122619606,0.0
1627.0073896415252,0.0
1715.9601866080588,0.0
1800.9303986831053,0.0
1868.5808895802554,0.0
1910.8193112689285,0.0
1931.7240990519656,0.0
1946.074749301618,0.0
1970.4592451357878,0.0
2013.8073148729732,0.0
2074.6350298471702,0.0
2146.19905251362,0.0
2223.842460969004,0.0
2307.2496623720094,0.0
2395.84734688219,0.0
2482.6561990367627,0.0
2553.8025331615922,0.0
2595.6931166442955,0.0
2604.5824323391303,0.0
2590.160974074686,0.0
2569.806975334979,0.0
2559.0673495354627,0.0
2566.9313976854537,0.0
2597.7307760881645,0.0
2653.8130578236137,0.0
2733.9567360099527,0.0
2829.7549161868615,0.0
2925.8169323293127,0.0
3005.361402583199,0.0
3056.3875063140867,0.0
3072.7098926610447,0.0
3050.2218910041465,0.0
2985.265920628246,0.0
2879.4112473857094,0.0
2745.6981742791,0.0
2607.849434994794,0.0
2491.330925203756,0.0
2412.4783550823668,0.0
2372.1951905559085,0.0
2357.189615796687,0.0
2348.8296272366597,0.0
2334.74245893779,0.0
2314.0737163949743,0.0
2291.932666484578,0.0
2269.8197022211025,0.0
2243.561869290334,0.0
2210.3687804211363,0.0
2174.0678982908335,0.0
2140.3642666337237,0.0
2107.7650861480643,0.0
2065.68350314248,0.0
2002.0859047786269,0.0
1913.099681069235,0.0
1807.2874476212453,0.0
1702.6481356703612,0.0
1617.6916713762216,0.0
1560.6216384875963,0.0
1523.5808736175727,0.0
1487.2649353124107,0.0
1432.7692736603592,0.0
1351.818963642779,0.0
1249.5109882789893,0.0
1140.2819238869454,0.0
1040.7190365332558,0.0
962.2115083659389,0.0
906.4922114263913,0.0
865.6762278470637,0.0
825.9478824867691,0.0
773.1945769231914,0.0
699.0136335181247,0.0
604.8797181510679,0.0
501.70602009883953,0.0
405.063600425645,0.0
329.0009631532324,0.0
280.7603928834479,0.0
257.80480902392446,0.0
249.45649037932625,0.0
244.40322796508596,0.0
240.34747182493905,0.0
247.24502795842102,0.0
278.25037223572053,0.0
333.83107625280434,0.0
394.0290872258574,0.0
427.8344236340803,0.0
411.62318290989293,0.0
341.4410862183721,0.0
232.79763747780666,0.0
112.94637384087821,0.0
11.58338869656636,0.0
-48.254105717571754,0.0
-57.782788384168015,0.0
-25.39055624488037,0.0
28.386789370240226,0.0
82.60346318547933,0.0
127.69517162275778,0.0
169.15103122225872,0.0
220.70711168028927,0.0
293.7866194318365,0.0
391.55202015678685,0.0
508.92099588271833,0.0
634.3287032332768,0.0
751.8514140949393,0.0
846.8038842690694,0.0
914.2106093994204,0.0
962.8066850735667,0.0
1009.0637658016055,0.0
1065.7091861960268,0.0
1134.899875676095,0.0
1210.7644734750668,0.0
1286.9986209935948,0.0
1361.9247628445262,0.0
1437.6802470540774,0.0
1516.320345276932,0.0
1597.4376724615179,0.0
1678.5820060068138,0.0
1756.228220609408,0.0
1825.712917008869,0.0
1881.6280227964105,0.0
1920.4596943698418,0.0
1944.868489194409,0.0
1966.3674834921571,0.0
2002.8315621027803,0.0
2070.099542207166,0.0
2172.6495018061546,0.0
2300.655419245411,0.0
2435.324130397482,0.0
2557.5735477227886,0.0
2654.5541512182454,0.0
2722.358978866301,0.0
2765.456340842202,0.0
2793.208183298929,0.0
2814.974968432696,0.0
2836.924343313866,0.0
2862.135299353661,0.0
2891.951240470597,0.0
2926.2895466346863,0.0
2963.4687499479123,0.0
3001.079450296376,0.0
3037.5991866391128,0.0
3073.124981513025,0.0
3108.6374265707495,0.0
3144.3312467438464,0.0
3178.2330092605675,0.0
3207.303725737803,0.0
3231.377540391339,0.0
3255.754145078047,0.0
3287.1103097658656,0.0
3324.709504151297,0.0
3356.5771836482013,0.0
3367.0785673849464,0.0
3349.90151010146,0.0
3313.3582099412724,0.0
3272.1829691967882,0.0
3234.8403996301254,0.0
3199.6114293648666,0.0
3161.051441799088,0.0
3116.4411804317283,0.0
3064.749643790724,0.0
3002.6216841771798,0.0
2925.585012183093,0.0
2834.4459566579535,0.0
2739.1528720366978,0.0
2654.847601280457,0.0
2593.408578755196,0.0
2557.1338893042425,0.0
2537.880940072822,0.0
2520.2946899391886,0.0
2487.5067490088754,0.0
2428.3287273944957,0.0
2343.4741473630966,0.0
2245.7137440772585,0.0
2151.7120053316326,0.0
2070.287119636124,0.0
1996.329800176559,0.0
1915.5300988104332,0.0
1816.2732576457754,0.0
1699.2591434882706,0.0
1577.5459771659227,0.0
1467.3473816353742,0.0
1377.685746233992,0.0
1307.3877400773413,0.0
1250.1848690406248,0.0
1201.1999074777862,0.0
1159.1216407885752,0.0
1124.4838469400513,0.0
1097.5818787623164,0.0
1077.706162360319,0.0
1063.1353723454126,0.0
1050.6716172858294,0.0
1034.9770288729592,0.0
1008.9999740032739,0.0
967.0262639636688,0.0
909.4419345835554,0.0
845.203362697841,0.0
788.2602186032526,0.0
749.8142283729262,0.0
732.9552617354591,0.0
733.5681597716396,0.0
745.0895408440149,0.0
762.5228168531514,0.0
783.0534762290566,0.0
803.8067745176513,0.0
819.136949022766,0.0
820.3854362148206,0.0
799.6025258521397,0.0
755.5466991379437,0.0
697.5435652843714,0.0
643.0111142278813,0.0
608.9016116086066,0.0
602.7464419860485,0.0
619.8152250778327,0.0
648.1524812857705,0.0
676.9454132562589,0.0
701.8900280203144,0.0
725.0512360808633,0.0
751.8084145612933,0.0
788.0318371705004,0.0
837.5367904020649,0.0
899.4116219119385,0.0
967.686875620066,0.0
1035.271809363188,0.0
1098.9338812493743,0.0
1160.302414070288,0.0
1223.0010214918748,0.0
1289.8384788781048,0.0
1362.1594565441767,0.0
1439.6761659466515,0.0
1519.66705517288,0.0
1597.2841758527823,0.0
1668.3395193265671,0.0
1732.7068606879532,0.0
1795.010946520216,0.0
1862.1378051052998,0.0
1940.1681673435498,0.0
2033.009745424279,0.0
2142.559071073423,0.0
2268.0054406439353,0.0
2403.2262772607774,0.0
2535.352866616435,0.0
2649.194466133884,0.0
2737.0124469389693,0.0
2805.3286030004306,0.0
2870.7279217650193,0.0
2946.646381085405,0.0
3032.822326985237,0.0
3116.425382936974,0.0
3181.95959590379,0.0
3220.0469547209686,0.0
3229.6744797213883,0.0
3216.7024919095425,0.0
3193.1386094247955,0.0
3175.805276132091,0.0
3180.395656684911,0.0
3212.4913720696427,0.0
3264.0867480622474,0.0
3320.449614521875,1.0
3371.4308765397564,1.0
3419.1696603413716,1.0
3479.6910222353486,0.0
3584.6414447718853,0.0
3787.659100512795,0.0
4167.7474414444005,0.0
4803.752168678649,0.0
5702.19977498953,0.0
6714.983606203901,0.0
7538.410978160762,0.0
7850.334258572329,0.0
7510.371655938319,0.0
6657.782880739858,0.0
5618.34724106473,0.0
4705.49847687913,0.0
4078.139592338036,0.0
3732.149814659821,0.0
3577.8355893128487,0.0
3518.7164166462417,0.0
3490.195075350103,0.0
3463.5842308344495,0.0
3434.261367003173,0.0
3406.2702583255045,0.0
3380.682932287559,0.0
3351.222699936299,0.0
3307.856569552894,0.0
3243.744197534581,0.0
3160.450321309032,0.0
3067.477216470033,0.0
2976.2433395080425,0.0
2892.4179967676537,0.0
2812.323769248654,0.0
2726.744810171623,0.0
2629.9522174279077,0.0
2527.3828062052253,1.0
2434.9377800672414,1.0
2370.116086208059,1.0
2344.056789665595,0.0
2368.787879745892,0.0
2480.8627372333103,0.0
2758.179014119363,0.0
3291.605500174977,0.0
4098.814416783771,0.0
5032.59886514122,0.0
5782.862006579475,0.0
6022.854679014322,0.0
5615.263948608824,0.0
4708.594987476499,0.0
3637.108324887727,0.0
2714.450845609384,0.0
2089.0293618159253,0.0
1740.7361689684803,0.0
1567.4689732176023,0.0
1469.09685145918,0.0
1384.1852021423317,0.0
1289.512659785344,0.0
1187.4164272344576,0.0
1092.7949139116834,0.0
1021.47413237192,0.0
980.8208303843967,0.0
967.2534561040287,0.0
971.1542998773368,0.0
984.3076891148239,0.0
1002.9695402354865,0.0
1024.6364368978739,0.0
1043.5200266180718,0.0
1051.3254315419283,0.0
1044.0205665834746,0.0
1027.4744865054936,0.0
1015.2041983169868,0.0
1020.3397860957431,0.0
1049.5395855386637,0.0
1101.777337840965,0.0
1169.11227123833,0.0
1238.5028415503996,0.0
1297.14885060631,0.0
1339.9771896933955,0.0
1372.897498726441,0.0
1407.9006869801538,0.0
1454.3070575392169,0.0
1514.068731493201,0.0
1583.7901065120366,0.0
1658.8875821995007,0.0
1735.1326865137594,0.0
1807.6715938960772,0.0
1870.6833425189243,0.0
1919.1627247954336,0.0
1951.8440497510796,0.0
1973.511255066851,0.0
1995.0964064233644,0.0
2030.133875562042,0.0
2088.0004757446964,0.0
2168.075587703415,0.0
2259.892454121852,0.0
2349.6319271053167,0.0
2427.813488978591,0.0
2493.6042090441715,0.0
2555.2296898707777,0.0
2626.404595226607,0.0
2718.459063077322,0.0
2831.726032429392,0.0
2953.935978504716,0.0
3068.270464595108,0.0
3163.652638214695,0.0
3238.2200620047956,0.0
3295.997528799502,0.0
3342.7625376593946,0.0
3384.1853789000115,0.0
3424.8496257433717,0.0
3466.728062604892,0.0
3508.0895613934235,0.0
3544.7358310712343,0.0
3574.137492913694,0.0
3599.5905727129675,0.0
3629.8626769652064,0.0
3673.037819303871,0.0
3729.9645859371444,0.0
3793.6917781870534,0.0
3854.6870499808933,0.0
3905.8886657002686,0.0
3944.013405255295,0.0
3968.735112423259,0.0
3981.9094984707076,0.0
3986.6390361093,0.0
3986.0018738570366,0.0
3983.060297334191,0.0
3982.275895798667,0.0
3989.3722283229604,0.0
4007.398845023734,0.0
4032.6064133688,0.0
4056.0561864882284,0.0
4070.543423046906,0.0
4075.351930521753,0.0
4073.5837343337757,0.0
4065.9975575660114,0.0
4048.9101937445403,0.0
4018.1281662381134,0.0
3973.9189189882454,0.0
3921.8622396937285,0.0
3868.974968558024,0.0
3818.7048587934937,0.0
3769.1500645276615,0.0
3716.500293203435,0.0
3661.066123073719,0.0
3610.023323540832,0.0
3572.8975159163692,0.0
3552.2494745025538,0.0
3537.564538568187,0.0
3508.278682914994,0.0
3444.0972394517566,0.0
3335.7281791523333,0.0
3190.212312345668,0.0
3028.4132265494763,0.0
2875.3483181735796,0.0
2748.6178157592467,0.0
2652.9405848506644,0.0
2583.3769992053535,0.0
2531.2980562908706,0.0
2487.2923499095214,0.0
2443.0075466474404,0.0
2395.3875456489936,0.0
2349.9568908843094,0.0
2316.470236831613,0.0
2297.9473051585956,0.0
2283.82594838852,0.0
2256.201050390063,0.0
2204.674487936143,0.0
2135.136723780687,0.0
2064.0943022482297,0.0
2005.590191754487,0.0
1963.8353333982325,0.0
1935.2467076329528,0.0
1913.6667893711235,0.0
1893.4408589865977,0.0
1870.8202397822847,0.0
1844.2811552424769,0.0
1812.810830998466,0.0
1773.9631042759465,0.0
1724.9015124764478,0.0
1665.1342159420024,0.0
1596.785107210548,0.0
1522.585217056965,0.0
1445.910202131434,0.0
1373.675748430876,0.0
1317.366420384224,0.0
1288.611239807554,0.0
1292.1884754896043,0.0
1322.7959409425944,0.0
1369.4040246465152,0.0
1423.8377312349828,0.0
1485.4128058416065,0.0
1556.8334017838008,0.0
1636.2148658139713,0.0
1714.6123199111028,0.0
1781.8923562359803,0.0
1834.7085351396543,0.0
1879.0356872565021,0.0
1924.919030499028,0.0
1977.1278320552212,0.0
2029.203224241485,0.0
2067.264146936005,0.0
2081.896357088877,0.0
2077.7729850627306,0.0
2072.3016816127,0.0
2085.3938297445034,0.0
2129.205290398783,0.0
2203.815741542648,0.0
2299.28604607967,0.0
2401.8608404633783,0.0
2500.688982385032,0.0
2591.5392579437957,0.0
2676.4420643187796,0.0
2760.446411921844,0.0
2847.6016737526597,0.0
2938.8545921785044,0.0
3033.3114456453122,0.0
3130.451356520551,0.0
3229.3688695213045,0.0
3326.0850651113533,0.0
3414.1452993223816,0.0
3489.620751746854,0.0
3555.12051847692,0.0
3618.053043732602,0.0
3685.434092723726,0.0
3760.99568962669,0.0
3846.570760686853,0.0
3943.596467913554,0.0
4050.5375776106152,0.0
4158.0035288272975,0.0
4248.406662215041,0.0
4303.694165993786,0.0
4316.625809584378,0.0
4296.383268865761,0.0
4263.251237773538,0.0
4236.474552877484,0.0
4225.230588953732,0.0
4228.841849399128,0.0
4242.777829541571,0.0
4263.43608741774,0.0
4288.792796468934,0.0
4317.429253621984,0.0
4348.345377619273,0.0
4381.286836207096,0.0
4416.809330079584,0.0
4456.540610172456,0.0
4502.897270452946,0.0
4555.794753183192,0.0
4607.690013090861,0.0
4643.19374792739,0.0
4646.947406789434,0.0
4614.042604700102,0.0
4553.6487684527065,0.0
4482.661852148261,0.0
4415.389202538473,0.0
4357.923149177051,0.0
4309.45460206267,0.0
4266.040568119291,0.0
4222.875672011633,0.0
4175.348184084309,0.0
4119.607585633288,0.0
4052.9121990473304,0.0
3975.1170776671247,0.0
3891.741968237573,0.0
3814.2507821593326,0.0
3753.8426618333583,0.0
3712.7786581161104,0.0
3681.8293155865063,0.0
3646.3516136239123,0.0
3594.423150071227,0.0
3520.48601067531,1.0
3424.658263307304,1.0
3313.3945788101296,1.0
3204.2460140101357,0.0
3135.0354964347007,0.0
3173.0083454447254,0.0
3412.128503574459,0.0
3938.0878157005354,0.0
4753.480654889396,0.0
5702.821676983324,0.0
6480.167871815835,0.0
6765.787828812442,0.0
6418.238482966923,0.0
5567.251894345576,0.0
4525.142236381653,0.0
3596.8203682505973,0.0
2942.1002083907297,0.0
2564.5885463864934,0.0
2382.667423777905,0.0
2302.0896738853116,0.0
2253.0166521308765,0.0
2199.54622505768,0.0
2137.6472160153853,0.0
2084.5585163027595,0.0
2060.0220769543866,0.0
2067.8137344005168,0.0
2091.813237417381,0.0
2109.060935119788,0.0
2107.3001116412356,0.0
2091.2675196299615,0.0
2074.460480516809,0.0
2065.8016652384285,0.0
2062.742101100136,0.0
2055.637672065119,0.0
2038.5335603596045,0.0
2015.9807389061255,0.0
1998.8879176185558,0.0
1993.4918440735842,0.0
1995.596003117861,0.0
1997.2041709611633,0.0
1998.8384453137292,0.0
2013.6357178118394,0.0
2057.4750905767796,0.0
2133.5245138846485,0.0
2225.2250093960615,0.0
2304.8386982760903,0.0
2351.8954521440064,0.0
2367.0107070807167,0.0
2369.985814282157,0.0
2384.7583653897746,0.0
2424.4638917526995,0.0
2486.946697188431,0.0
2560.580399771319,0.0
2633.693234185416,0.0
2701.118484291653,0.0
2764.4617871890155,0.0
2826.658224511501,0.0
2886.501147765998,0.0
2939.293575713923,0.0
2983.0989513569166,0.0
3023.0229988011383,0.0
3068.277383624342,0.0
3125.093864210104,0.0
3193.136485019951,0.0
3268.510382738628,0.0
3349.6758414051933,0.0
3439.87428986113,0.0
3543.0265943527074,0.0
3656.7645978190717,0.0
3769.3058004956665,0.0
3864.214412978628,0.0
3930.3275172722847,0.0
3970.3313318928276,0.0
4002.0614569420327,0.0
4050.2773636701377,0.0
4132.338680253467,0.0
4246.918905077074,0.0
4374.866887823091,0.0
4492.1127415114,0.0
4584.269465746558,0.0
4651.448180177773,0.0
4701.901177877067,0.0
4742.55186057621,0.0
4774.619117195589,0.0
4795.316095692214,0.0
4802.10825668874,0.0
4795.931646253099,0.0
4781.869050461347,0.0
4767.549314204044,0.0
4759.89568256389,0.0
4761.490992673871,0.0
4768.878183130099,0.0
4775.145732703657,0.0
4775.03622303162,0.0
4768.565806865662,0.0
4761.444385238866,0.0
4763.000953676108,0.0
4781.921349913527,0.0
4820.536309155875,0.0
4871.184899221955,0.0
4917.200802363167,0.0
4937.984227043655,0.0
4916.829963390913,0.0
4850.207324041275,0.0
4753.348074757521,0.0
4654.5975063959695,0.0
4579.064792074416,0.0
4534.27219187558,0.0
4510.1792744473305,0.0
4491.296892425591,0.0
4467.680302697678,0.0
4436.505854324698,0.0
4397.743878953983,0.0
4350.945298756044,0.0
4295.2380686500055,0.0
4230.063047885651,0.0
4154.503839334611,0.0
4066.3969393673337,0.0
3964.591888929559,0.0
3854.1399036937455,0.0
3747.4350266753686,0.0
3656.35457177698,0.0
3581.947413499471,0.0
3513.478374978174,0.0
3438.8552807196643,0.0
3355.091049506925,0.0
3268.353025419316,0.0
3185.7285371956423,0.0
3109.3718628121883,0.0
3038.1868911925158,0.0
2972.4574969658584,0.0
2914.885884572491,0.0
2867.1187735703083,0.0
2825.560854053848,0.0
2780.90542318338,0.0
2723.1068943141177,0.0
2649.2938072388747,0.0
2568.8283074775436,0.0
2500.4045961092525,0.0
2461.3788986725112,0.0
2455.7744553146035,0.0
2470.1573363712337,0.0
2481.8970419902166,0.0
2474.632353600205,0.0
2449.2502254312403,0.0
2421.8172240738218,0.0
2410.179058216685,0.0
2419.2571658975075,0.0
2436.6305494939434,0.0
2442.6067234690577,0.0
2426.77270733095,0.0
2395.524358359378,0.0
2363.7539028132296,0.0
2341.1276753491097,0.0
2328.266090253422,0.0
2324.084911852039,0.0
2332.11523986695,0.0
2357.6773000417475,0.0
2400.5116814775624,0.0
2451.6344350611203,0.0
2497.5333270166366,0.0
2528.543208689978,0.0
2545.9712874670586,0.0
2562.659137701992,0.0
2595.082757291073,0.0
2651.939364640187,0.0
2728.800345021677,0.0
2813.5097504863306,0.0
2896.02062674463,0.0
2972.7544047757756,0.0
3044.1144562050963,0.0
3111.2757240153787,0.0
3175.8691142314324,0.0
3239.8141287257677,0.0
3303.1022415227,0.0
3361.67797956068,0.0
3409.3996996171177,0.0
3444.4503304908662,0.0
3475.128214747824,0.0
3518.4569961225657,0.0
3590.8264139970947,0.0
3697.238993110176,0.0
3827.253418927754,0.0
3959.988470059329,0.0
4074.0054787834747,0.0
4155.515748880125,0.0
4202.020050802477,0.0
4222.246283487308,0.0
4233.310864422939,0.0
4254.567611916891,0.0
4299.626437202279,0.0
4370.827808970703,0.0
4460.26166888598,0.0
4556.678893232224,0.0
4652.746629805723,0.0
4746.477261562457,0.0
4836.572748078717,0.0
4917.478099898532,0.0
4980.133858439806,0.0
5018.209750353158,0.0
5034.290376467805,0.0
5040.429046717506,0.0
5052.401622071856,0.0
5081.492139887806,0.0
5129.066836073307,0.0
5186.69220007819,0.0
5240.6447972213455,0.0
5277.8529305521615,0.0
5291.410032930706,0.0
5284.309271381415,0.0
5269.23480915568,0.0
5262.060262743311,0.0
5271.465816824813,0.0
5292.966059477863,0.0
5313.956878063214,0.0
5324.910625057539,0.0
5324.5381647411305,0.0
5314.9583582599125,0.0
5295.654703015989,0.0
5264.761255458674,0.0
5224.662512512008,0.0
5182.656251297001,0.0
5144.495302766462,0.0
5108.054994291447,0.0
5064.57717927567,0.0
5006.012379655786,0.0
4931.152441088328,0.0
4846.216887266621,0.0
4761.337042621847,0.0
4685.905858049811,0.0
4624.349192505186,0.0
4574.303944923354,0.0
4529.230671453942,0.0
4483.278205578111,0.0
4433.312523541495,0.0
4377.098148177704,0.0
4312.326594921767,0.0
4239.53034570495,0.0
4164.844737412341,0.0
4097.046246316035,0.0
4039.778593153374,0.0
3986.7553181420017,0.0
3926.3603140678106,0.0
3852.7707026409234,0.0
3772.860592031448,0.0
3701.045444253301,0.0
3647.1731865420716,0.0
3610.6015919979136,0.0
3585.2021217044717,0.0
3566.4388812680136,0.0
3551.3738142695693,0.0
3534.8891030882173,0.0
3510.608554959255,0.0
3475.8970356927466,0.0
3432.822937443357,0.0
3383.0748832280547,0.0
3324.2584554588884,0.0
3253.1156781865325,0.0
3171.3932437490944,0.0
3086.9446223817517,0.0
3009.4247105948234,0.0
2946.2140679578224,0.0
2901.8253664174017,0.0
2878.664413553405,0.0
2876.3315460085537,0.0
2889.928698355047,0.0
2909.8774324936267,0.0
2924.99981111249,0.0
2927.702940604311,0.0
2917.159378976835,0.0
2897.313664315709,0.0
2872.65564048331,0.0
2847.322031646236,0.0
2827.44680639105,0.0
2821.109619209176,0.0
2833.186006485134,0.0
2860.1941743668963,0.0
2891.7044052643746,0.0
2917.8479084011883,0.0
2935.7770755169136,0.0
2949.238756953209,0.0
2963.9479538951673,0.0
2985.6029922658217,0.0
3021.519161393684,0.0
3080.1007079117903,0.0
3165.971309240479,0.0
3276.0108169628434,0.0
3400.434987886966,0.0
3526.8095314932407,0.0
3643.4493559687803,0.0
3741.8079518932923,0.0
3817.8822705472335,0.0
3871.530720574921,0.0
3904.377514029701,0.0
3919.2401756955915,0.0
3922.614409056202,0.0
3927.62504969061,0.0
3952.447470483066,0.0
4011.9283310871947,0.0
4107.430375572509,0.0
4224.625279743209,0.0
4343.188788426765,0.0
4450.406803014411,0.0
4546.599363357365,0.0
4638.9504689469095,0.0
4731.555861133288,0.0
4821.272072444359,0.0
4901.074769415809,0.0
4965.490216026467,0.0
5013.531092487783,0.0
5049.151865630162,0.0
5079.769850556924,0.0
5112.331398682794,0.0
5149.043453069431,0.0
5187.176052755957,0.0
5224.119706338515,0.0
5262.410828800581,0.0
5308.548508243082,0.0
5366.110759578776,0.0
5430.829269598802,0.0
5493.926425618707,0.0
5550.148609964129,0.0
5601.221184913519,0.0
5651.614316012541,0.0
5702.878603850775,0.0
5752.461045100082,0.0
5795.76909221792,0.0
5827.949225901448,0.0
5845.085716902805,0.0
5846.313067436136,0.0
5835.8451015507535,0.0
5822.421700590856,0.0
5815.284793104959,0.0
5818.915025236246,0.0
5829.989819003892,0.0
5839.174552423766,0.0
5836.9488025687415,0.0
5819.481687087296,0.0
5789.923713581457,0.0
5754.358573191973,0.0
5716.8084464151825,0.0
5677.622172261862,0.0
5634.661752905325,0.0
5584.449560205166,0.0
5523.223101264498,0.0
5449.676246731417,0.0
5367.9409543924585,0.0
5287.076125401973,0.0
5215.652613582708,0.0
5155.0153530103535,0.0
5096.950697560931,0.0
5029.008460524404,0.0
4944.159444559684,0.0
4846.411597203758,0.0
4747.180381528626,0.0
4656.595969598892,0.0
4578.4985882115525,0.0
4512.316419535541,0.0
4456.573329901766,0.0
4408.825147567999,0.0
4364.091217160206,0.0
4316.987065059114,0.0
4266.6045679077615,0.0
4216.567960848869,0.0
4167.603522962367,0.0
4111.582552049172,0.0
4036.7690325416975,0.0
3940.062757017613,0.0
3832.7185480744365,0.0
3734.2432585667934,0.0
3662.0679239191404,0.0
3625.0270476722862,0.0
3621.3183863304394,0.0
3639.285676370587,0.0
3661.329329828271,0.0
3670.334289563055,0.0
3656.193900017346,0.0
3619.9977044113753,0.0
3573.0982219701564,0.0
3529.4503505861226,0.0
3495.5173758074943,0.0
3466.906300169097,0.0
3434.9758446261526,0.0
3395.4362140672824,0.0
3349.8031000017813,0.0
3301.071077456407,0.0
3251.719231516231,0.0
3205.755566390285,0.0
3169.2151642947897,0.0
3146.809585958045,0.0
3139.9496735809853,0.0
3148.8528121771433,0.0
3174.003650352068,0.0
3212.786576499654,0.0
3255.9478236087134,0.0
3290.8887845231166,0.0
3310.286492969802,0.0
3317.282556592738,0.0
3322.4812266686786,0.0
3337.418609126724,0.0
3371.412058420305,0.0
3432.001027460203,0.0
3523.6899394796446,0.0
3642.7201400640834,0.0
3773.1628900372943,0.0
3891.541317981017,0.0
3979.301197598468,0.0
4032.670099940173,0.0
4060.679765084341,0.0
4074.930150348202,0.0
4083.2705549414445,0.0
4092.7516774958694,0.0
4114.290766024445,0.0
4159.748326874655,0.0
4233.381578086615,0.0
4327.9981923110745,0.0
4430.699054309627,0.0
4531.666308742626,0.0
4627.261456827435,0.0
4716.973956355804,0.0
4799.919523087448,0.0
4874.174593263733,0.0
4937.7597985776365,0.0
4989.770248593647,0.0
5031.547475410441,0.0
5067.157070158643,0.0
5102.389023031755,0.0
5143.8428254699265,0.0
5199.109623526744,0.0
5275.229681561647,0.0
5373.0725484395725,0.0
5482.385036068687,0.0
5585.125570380053,0.0
5666.95025011201,0.0
5726.969591806595,0.0
5776.431383990193,0.0
5827.772445940202,0.0
5884.357075457664,0.0
5938.51303424297,0.0
5977.490970132372,0.0
5992.216522933989,0.0
5983.442906649464,0.0
5961.489537744149,0.0
5940.03108080849,0.0
5929.669846499367,0.0
5936.47702515575,0.0
5964.417128811052,0.0
6016.5123297574355,0.0
6092.008471699854,0.0
6182.015609727213,0.0
6268.470715631038,0.0
6329.380062898681,0.0
6348.557235692597,0.0
6323.606339240549,0.0
6266.036586811336,0.0
6193.115826903362,0.0
6118.186879397157,0.0
6046.962516007956,0.0
5980.4211695954455,0.0
5919.284348109181,0.0
5865.948891168536,0.0
5824.031904316491,0.0
5796.445268903369,0.0
5782.5889240880515,0.0
5776.557084457563,0.0
5768.575416449473,0.0
5749.132837426867,0.0
5712.679887155128,0.0
5658.753822519683,0.0
5590.70455390318,0.0
5514.019669934484,0.0
5435.782454737068,0.0
5364.46942844154,0.0
5307.30167908284,0.0
5265.360563714531,0.0
5231.390363800931,0.0
5194.210297007398,0.0
5146.207735084046,0.0
5086.1821354892645,0.0
5015.312487192938,0.0
4932.319454231187,0.0
4834.253053814777,0.0
4721.950928216513,0.0
4603.380754150913,0.0
4490.169234992299,0.0
4389.900350093144,0.0
4301.308186076433,0.0
4217.33025253808,0.0
4133.527142245973,0.0
4053.577201830512,0.0
3985.9083462983463,0.0
3934.4116690794735,0.0
3893.306794416523,0.0
3852.062717024517,0.0
3805.2472298799767,0.0
3757.2760088029117,0.0
3718.3180271761084,0.0
3695.5765642948068,0.0
3686.214367065092,0.0
3676.5874920457563,0.0
3649.650768930299,0.0
3596.91055938502,0.0
3526.3239625940996,0.0
3459.5474662776783,0.0
3420.555988825835,0.0
3423.4496460252817,0.0
3466.0922415837317,0.0
3532.2918707767026,0.0
3601.061982400202,0.0
3657.6828407132184,0.0
3699.6628731428846,0.0
3733.8233630573372,0.0
3767.8603824974457,0.0
3803.7866240017197,0.0
3838.051716270501,0.0
3866.2457840367333,0.0
3887.2587930371265,0.0
3903.8977668568914,0.0
3920.4906501668647,0.0
3939.916193568462,0.0
3963.0119463691544,0.0
3990.3355468071104,0.0
4022.641114825882,0.0
4059.100632972061,0.0
4097.56750665579,0.0
4139.3360027810295,0.0
4192.687594507339,0.0
4268.6291443253385,0.0
