8022.197860826718,0.0
8019.116595577602,0.0
8003.7529308899475,0.0
7949.476458330353,0.0
7834.347431228727,0.0
7629.929367446992,0.0
7280.071502322414,0.0
6700.802648235373,0.0
5828.17126503215,0.0
4691.780274007083,0.0
3443.8076573261055,0.0
2297.1752987434966,0.0
1415.1565463651423,0.0
845.3635658024796,0.0
540.5007368084576,0.0
422.51984586992927,0.0
425.33597800607674,0.0
498.0192293314208,0.0
594.4622775080054,0.0
675.2469890023157,0.0
720.7335985221202,0.0
737.671868496414,0.0
748.8404054718384,0.0
774.1134977394009,0.0
818.6173118266199,0.0
875.084828811838,0.0
933.9938529714055,0.0
991.5837120426904,0.0
1051.0911525259617,0.0
1118.3014216066215,0.0
1195.4679608903875,0.0
1278.0027166279003,0.0
1355.9245828449677,0.0
1418.2681194628037,0.0
1457.0277370756794,0.0
1469.5640676615344,0.0
1460.2394069312716,0.0
1440.2220846951689,0.0
1423.4402956678657,0.0
1420.5240728986812,0.0
1436.1435388657376,0.0
1470.949263352448,0.0
1523.4221435686677,0.0
1588.0552098098137,0.0
1653.5987183774514,0.0
1706.6843351478292,0.0
1738.9549513852792,0.0
1749.9533048735846,0.0
1742.1006709632763,0.0
1713.8152014261238,0.0
1659.515067717311,0.0
1577.6209193919778,0.0
1478.671416388963,0.0
1384.9371699447288,0.0
1320.5647523998355,0.0
1298.6870487101137,0.0
1314.2318279591113,0.0
1347.5279856455718,0.0
1376.461594732302,0.0
1387.7192971109662,0.0
1378.5679756660065,0.0
1350.6465698528414,0.0
1304.7230358347008,0.0
1240.6548165474715,0.0
1159.0297721858185,0.0
1061.7602298345657,0.0
953.8372468948696,0.0
846.0959283670203,0.0
753.0191282639623,0.0
683.8512154310446,0.0
635.4405396554453,0.0
595.5184636897346,0.0
553.1554655902214,0.0
505.7923924294481,0.0
457.99764285317167,0.0
415.66556269604285,0.0
381.0353244319825,0.0
350.84659822961055,0.0
318.30892166769837,0.0
277.9786161144212,0.0
230.14970282165578,0.0
180.71754487894253,0.0
135.5608970051814,0.0
93.48906675680836,0.0
44.34675003965336,0.0
-24.15172582278268,0.0
-114.97999043923149,0.0
-215.45540862611733,0.0
-302.94645236088166,0.0
-359.77631967317626,0.0
-385.72587745039436,0.0
-397.0915357623622,0.0
-412.53269940502366,0.0
-438.5287591921343,0.0
-467.3584076754412,0.0
-487.69406057503454,0.0
-496.4414681044756,0.0
-502.0416037727216,0.0
-518.6907413755016,0.0
-556.7496206968888,0.0
-615.30899596384,0.0
-681.3317646912978,0.0
-736.4509609507855,0.0
-766.9747800546089,0.0
-770.0496726806422,0.0
-752.9765825441443,0.0
-728.7973154363552,0.0
-711.9348961988868,0.0
-714.396237806126,0.0
-741.4299468993846,0.0
-788.1763792748898,0.0
-840.5555724006888,0.0
-881.1982139924415,0.0
-896.8592445558719,0.0
-882.7762865208874,0.0
-843.0725594384231,0.0
-789.0905400299102,0.0
-736.360879278076,0.0
-699.3061486881065,0.0
-684.5741819200367,0.0
-687.4306609058699,0.0
-694.6929168221774,0.0
-692.2170602870463,0.0
-671.040627706573,0.0
-628.9894873920357,0.0
-569.3974036604375,0.0
-499.67165756730094,0.0
-429.86892401029814,0.0
-370.04491757274,0.0
-325.861455337246,0.0
-294.2998134074692,0.0
-262.5772470726216,0.0
-213.26126176104114,0.0
-134.9882005206091,0.0
-32.085395597837255,0.0
76.37617372389467,0.0
170.18211928787193,0.0
242.67246322975035,0.0
302.0324583245952,0.0
359.0547067458559,0.0
415.64938176144307,0.0
465.1769981261413,0.0
500.8367843824744,0.0
522.0778942886772,0.0
535.4867047847947,0.0
552.7429233109397,0.0
587.0829785297688,0.0
647.7031793625239,0.0
733.6582424970043,0.0
831.9788189337635,0.0
923.3626043524923,0.0
993.086568210367,0.0
1039.8707885627887,0.0
1076.0138763353032,0.0
1119.1269996222184,0.0
1181.9919527708873,0.0
1267.2222992956035,0.0
1368.619230891544,0.0
1476.9465862716993,0.0
1585.7912729469083,0.0
1693.1387354287685,0.0
1797.1921576517152,0.0
1890.8879383357496,0.0
1962.6731782486406,0.0
2005.402520439847,0.0
2024.5925274534516,0.0
2036.6868581473564,0.0
2059.4483346875336,0.0
2104.3326482429975,0.0
2174.7927865353563,0.0
2265.8306968230554,0.0
2362.394713478325,0.0
2441.8442516360124,0.0
2483.9970750128896,0.0
2482.8405711733767,0.0
2449.4382703363653,0.0
2403.597226102463,0.0
2361.9615560071447,0.0
2330.895384181355,0.0
2306.807819914,0.0
2281.8006909960623,0.0
2250.691133722524,0.0
2214.5656164445368,0.0
2178.3093452678486,0.0
2145.3786819104985,0.0
2115.629099523333,0.0
2087.876928631485,0.0
2063.4061518088647,0.0
2046.569144756702,0.0
2042.1871392841895,0.0
2051.8168827248037,0.0
2071.1325314786986,0.0
2089.972700259018,0.0
2096.0023115323406,0.0
2081.3056530361528,0.0
2047.7614412166538,0.0
2006.4950310177621,0.0
1970.803180436714,0.0
1947.788169909472,0.0
1935.2012659243117,0.0
1924.5464622809318,0.0
1906.308334168184,0.0
1872.9591444647865,0.0
1819.2054447107794,0.0
1742.0118900704026,0.0
1642.3047636452893,0.0
1527.2914695077006,0.0
1410.529877319982,0.0
1308.577725152543,0.0
1235.8865020472845,0.0
1199.5093570483396,0.0
1194.819381981527,0.0
1205.1855939502025,0.0
1208.1473428009951,0.0
1185.5821787328225,0.0
1131.2656511610999,0.0
1051.3420765686342,0.0
958.6062745778228,0.0
865.2860187961364,0.0
779.075504546608,0.0
703.8534478850222,0.0
641.9673563737688,0.0
593.5750818876365,0.0
553.347344976797,0.0
510.88284630374767,0.0
457.7757516992499,0.0
394.83398652919374,0.0
331.06541043545826,0.0
275.8889551921302,0.0
232.8313788326976,0.0
198.98482247342568,0.0
167.9467287672736,0.0
132.90356627841842,0.0
89.77430651393327,0.0
40.689213265412185,0.0
-5.02179807479913,0.0
-36.18381594419535,0.0
-48.92371660376629,0.0
-50.30537878887867,0.0
-51.264443934294285,0.0
-56.16009002695169,0.0
-60.55469592281846,0.0
-58.41737929447486,0.0
-49.597303129131994,0.0
-40.418581375444965,0.0
-39.01749492679633,0.0
-49.637122260047015,0.0
-69.11592647334571,0.0
-88.49493278779258,0.0
-100.30793981162229,0.0
-105.47090890218662,0.0
-112.0414613160877,0.0
-125.52214335495914,0.0
-140.03742253453782,0.0
-140.97159853809472,0.0
-117.68457772986196,0.0
-72.66964902531238,0.0
-16.565092970050554,0.0
44.7718486051188,0.0
116.10752597570473,0.0
205.3919988004176,0.0
311.3318675813614,0.0
418.7542907696301,0.0
506.713425718926,0.0
562.413329543557,0.0
589.1679343132503,0.0
602.8641572959724,0.0
621.7861228711758,0.0
658.1554249745562,0.0
715.8431820121343,0.0
792.6723485358347,0.0
882.746586824489,0.0
975.7217900189326,0.0
1055.7073630523164,0.0
1106.360661239193,0.0
1123.1600619342507,0.0
1122.2032302147986,0.0
1133.5561154289483,0.0
1181.1600378245914,0.0
1266.0842429557392,0.0
1368.1573746421398,0.0
1464.2377361388899,0.0
1546.0763452332153,0.0
1621.7830391201846,0.0
1701.8108195391503,0.0
1785.51830900955,0.0
1861.9065477063502,0.0
1922.2395696951462,0.0
1970.3983291772445,0.0
2021.0666134915452,0.0
2088.4839638397953,0.0
2176.187044033837,0.0
2274.629854060605,0.0
2366.512186125262,0.0
2436.096446544124,0.0
2478.5015649765155,0.0
2503.3963367518604,0.0
2528.6714805934876,0.0
2567.0600915665987,0.0
2616.9209312767607,0.0
2666.039430676566,0.0
2704.615526704503,0.0
2734.0779066862056,0.0
2763.720511882781,0.0
2800.9545403939383,0.0
2846.321369871949,0.0
2896.507343651419,0.0
2949.442095810205,0.0
3005.5202029694415,0.0
3064.3099516430198,0.0
3119.803736462821,0.0
3158.946924440663,0.0
3167.1665894562766,0.0
3138.7179016215364,0.0
3082.788365606809,0.0
3018.1123891162756,0.0
2959.9354149267037,0.0
2912.1117907091148,0.0
2871.554248725736,0.0
2838.8361348560297,0.0
2822.566544273144,0.0
2832.8122096185484,0.0
2870.178527737912,0.0
2920.6396377445394,0.0
2960.644587363471,0.0
2968.884142315008,0.0
2936.8026986895306,0.0
2871.7380663505633,0.0
2791.8423287322034,0.0
2717.113546520111,0.0
2662.431326756507,0.0
2635.103814301251,0.0
2634.130018212314,0.0
2648.490874594126,0.0
2658.0180483982213,0.0
2642.531559060416,0.0
2595.604026858733,0.0
2529.8957126082664,0.0
2466.259411593964,0.0
2415.8243001755113,0.0
2372.2537255892344,0.0
2320.570563069623,0.0
2251.8733305486835,0.0
2169.3338999189004,0.0
2082.182606041887,0.0
1996.569326026589,0.0
1913.0967559873861,0.0
1831.8290030906044,0.0
1757.2510494624382,0.0
1696.6537538980845,0.0
1653.7322037922092,0.0
1624.8077731522537,0.0
1601.345163369351,0.0
1574.8174076278585,0.0
1538.838904408657,0.0
1489.2203219963772,0.0
1425.4797857895508,0.0
1353.0928405125537,0.0
1281.8893771973335,0.0
1219.6070271937501,0.0
1166.3270900173422,0.0
1116.3128706212676,0.0
1065.7335954879543,0.0
1017.0698693968479,0.0
974.9464249174414,0.0
939.3955546585934,0.0
905.7302734118106,0.0
871.0752238245257,0.0
838.8843670597776,0.0
815.2428476271281,0.0
800.4636441873708,0.0
784.9800608631627,0.0
754.3701087649954,0.0
699.9878064629122,0.0
626.6024470094125,0.0
550.7766347461308,0.0
491.05625452027175,0.0
457.5271100192223,0.0
448.77482277143633,0.0
457.5698416902153,0.0
478.9699987858611,0.0
512.8073531904822,0.0
558.614519024064,0.0
608.8420734347842,0.0
648.3194257422688,0.0
662.1689347341394,0.0
646.3591503001923,0.0
611.6627427888767,0.0
577.3153766854291,0.0
560.5150993598703,0.0
571.2086421000722,0.0
614.187146444144,0.0
692.0352822844936,0.0
803.3828274431479,0.0
938.9155693294019,0.0
1081.5977770716656,0.0
1212.8419782627334,0.0
1319.3166135977237,0.0
1394.0878462758078,0.0
1432.4977909895103,0.0
1430.36722385969,0.0
1389.2662346136815,0.0
1323.4025346161588,0.0
1258.7519794612547,0.0
1223.1981960516841,0.0
1234.5387813424486,0.0
1293.534095420715,0.0
1385.2723318825795,0.0
1488.9381299843608,0.0
1590.6084732113463,0.0
1689.054690605831,0.0
1789.6158158532476,0.0
1893.6399414289128,0.0
1996.20768862398,0.0
2093.9163367007973,0.0
2190.6556496756184,0.0
2292.379764836158,0.0
2397.0970215907178,0.0
2492.7791445953635,0.0
2565.7978143685937,0.0
2611.5238265456924,0.0
2639.0428720235823,0.0
2667.84838407012,0.0
2717.9970092774774,0.0
2798.1770109663616,0.0
2899.361556927249,0.0
2999.8987314027913,0.0
3078.580984984581,0.0
3125.930394878996,0.0
3147.224563115372,0.0
3158.0494925708977,0.0
3176.3704381638136,0.0
3214.42638966744,0.0
3273.8130775122,0.0
3345.526285775988,0.0
3414.0297894479686,0.0
3463.470768644938,0.0
3484.306659928715,0.0
3477.9029256363365,0.0
3456.0496784727575,0.0
3435.6888298194385,0.0
3432.097118863928,0.0
3453.058321664775,0.0
3495.584136198317,0.0
3547.722348671815,0.0
3596.83727657443,0.0
3640.2540907237917,0.0
3688.8317729519376,0.0
3756.9752873477355,0.0
3845.112602924725,0.0
3931.1584061620074,0.0
3980.8543491848523,0.0
3968.1080279394837,0.0
3888.5429691235404,0.0
3759.271617911025,0.0
3610.3797393295345,0.0
3474.6659793763674,0.0
3377.60204038718,0.0
3328.9545377324066,0.0
3319.5667278089486,0.0
3326.8994520962333,0.0
3327.9788692351694,0.0
3312.4032178184493,0.0
3286.3929093974716,0.0
3265.2819573721968,0.0
3261.8690593742895,0.0
3279.8560346020536,0.0
3313.8648837625265,0.0
3351.3811423075595,0.0
3375.095834613696,0.0
3369.0792366428664,0.0
3328.12476882233,0.0
3262.1615952414354,0.0
3189.6639509679767,0.0
3124.985887845621,0.0
3070.8306629817052,0.0
3021.0540970261886,0.0
2969.0420337199093,0.0
2913.2908973034596,0.0
2856.5112013981307,0.0
2801.3279130377846,0.0
2747.6535329724275,0.0
2693.150265818777,0.0
2634.296804473917,0.0
2566.317482456724,0.0
2483.6155055412837,0.0
2382.6829580576486,0.0
2266.8212842704165,0.0
2149.094559035511,0.0
2049.581068351168,0.0
1986.1087465819246,0.0
1963.9682839612565,0.0
1972.6654260684659,0.0
1991.8072481165202,0.0
2000.674169570222,0.0
1985.4129182682698,0.0
1942.025078772562,0.0
1875.7405260096793,0.0
1797.1760871321044,0.0
1716.9350288315657,0.0
1642.0860128131283,0.0
1576.2773161211305,0.0
1521.2287483097411,0.0
1477.0725225316462,0.0
1442.1620464030188,0.0
1414.03209383389,0.0
1391.1796696944568,0.0
1373.871628173522,0.0
1363.3324877951095,0.0
1359.9025299246612,0.0
1361.5126897905727,0.0
1364.9005610202528,0.0
1369.954912880719,0.0
1382.5751904314607,0.0
1410.1614266773718,0.0
1451.9175608622922,0.0
1494.6323933396748,0.0
1521.038595188542,0.0
1524.1340859281102,0.0
1513.030422363215,0.0
1503.9051283924678,0.0
1506.0016756756095,0.0
1517.3122403447278,0.0
1531.7019294786567,0.0
1546.0250726747533,0.0
1558.9815879727566,0.0
1566.6913630153983,0.0
1564.0261668782218,0.0
1551.6652811476513,0.0
1540.3577502606636,0.0
1546.5673700717045,0.0
1583.1445731009792,0.0
1652.3589184801306,0.0
1744.9507647523149,0.0
1843.6930319261635,0.0
1929.6785914065683,0.0
1990.2559784741893,0.0
2025.8935449057265,0.0
2050.35159908235,0.0
2081.6782014302216,0.0
2129.259665743689,0.0
2187.113341691769,0.0
2239.102626851701,0.0
2272.0601037215592,0.0
2286.399586392831,0.0
2296.165282568275,0.0
2318.8810123971543,0.0
2364.1378396144473,0.0
2430.28077369562,0.0
2510.0360839488585,0.0
2597.6673564624725,0.0
2691.3753498977135,0.0
2791.4004550439663,0.0
2897.725381715547,0.0
3009.230511315267,0.0
3123.6872261510775,0.0
3237.2460140465228,0.0
3343.7054811744424,0.0
3434.9832963115455,0.0
3504.4827246601917,0.0
3552.347155488185,0.0
3588.1855793404075,0.0
3627.1274508030924,0.0
3681.2840299746995,0.0
3753.8320997740134,0.0
3840.0148547073236,0.0
3932.389635013754,0.0
4025.2573588036216,0.0
4115.3416925558395,0.0
4199.315990513659,0.0
4270.813419085431,0.0
4320.160576912377,0.0
4338.483109114417,0.0
4324.323773429077,0.0
4287.899399316854,0.0
4248.371160205704,0.0
4224.404291492677,0.0
4224.289777197899,0.0
4242.810600589013,0.0
4266.7976161561655,0.0
4284.359905405421,0.0
4290.803977868584,0.0
4288.479272301684,0.0
4283.408609347806,0.0
4282.173267404295,0.0
4289.104328631303,0.0
4303.334917805544,0.0
4318.434835393861,0.0
4326.752468980669,0.0
4324.907156613878,0.0
4314.895811642783,0.0
4300.929176008018,0.0
4286.332508288806,0.0
4272.828766910294,0.0
4260.3522531240105,0.0
4246.164020583697,0.0
4225.19022415095,0.0
4193.094975491938,0.0
4150.032136639605,0.0
4101.404779665035,0.0
4055.1180292856898,0.0
4018.1955249980233,0.0
3995.26986505485,0.0
3988.7602829145017,0.0
3998.103976531793,0.0
4016.88208444536,0.0
4031.2366857600673,0.0
4024.7501249913576,0.0
3989.2259172874556,0.0
3932.198064969181,0.0
3872.300246390909,0.0
3824.6906570869505,0.0
3789.4150347261175,0.0
3752.6510940751346,0.0
3697.6317707148514,0.0
3614.3334252557343,0.0
3501.9537760072967,0.0
3367.265583739013,0.0
3223.8150246915307,0.0
3090.4510952529904,0.0
2984.767980901656,0.0
2913.196079103369,0.0
2867.167244450944,0.0
2830.610087761259,1.0
2792.3153616387726,1.0
2753.7572880937455,1.0
2729.0925450889613,0.0
2743.208109365433,0.0
2833.773886071123,0.0
3054.037324160359,0.0
3457.417874266559,0.0
4048.336566589725,0.0
4723.021964716759,0.0
5266.446837845632,0.0
5448.628770225197,0.0
5168.120589798379,0.0
4523.635701842762,0.0
3748.828240758683,0.0
3070.364683442817,0.0
2605.1872769637293,0.0
2352.3660600783346,0.0
2246.7773473080756,0.0
2215.8564107362677,0.0
2209.7800080958327,0.0
2206.9386367860857,0.0
2205.8333126093967,0.0
2211.923002129317,0.0
2226.5267177013784,0.0
2242.6629588615883,0.0
2249.121577765523,0.0
2238.2001975290086,0.0
2211.4544679758505,0.0
2179.1828150791794,0.0
2153.7848503821688,0.0
2141.30635588632,0.0
2137.4714105528055,0.0
2131.8839094529544,0.0
2117.9840267025843,0.0
2101.451526533516,1.0
2099.3267031454784,1.0
2129.5858837509586,1.0
2200.679377361691,0.0
2315.79398009402,0.0
2494.053750133708,0.0
2787.9328640904955,0.0
3263.9086450319264,0.0
3936.771668613288,0.0
4699.945575170669,0.0
5327.436084217156,0.0
5582.9054282057705,0.0
5370.674645195627,0.0
4803.716170534018,0.0
4127.663803976059,0.0
3569.275764562834,0.0
3232.056316599445,0.0
3095.5729661387895,0.0
3079.9552868104115,0.0
3108.224686488197,0.0
3133.924635868639,0.0
3141.3765822998485,0.0
3136.6322720682288,0.0
3136.98294382341,0.0
3159.8906599645175,0.0
3213.313661475334,0.0
3293.070112291459,0.0
3388.330018927355,0.0
3489.820780394186,0.0
3593.213688709844,0.0
3695.5603901919494,0.0
3790.3011595556454,0.0
3868.123959471804,0.0
3924.4319916010954,0.0
3965.5636455781623,0.0
4006.3073162676387,0.0
4061.03844578255,0.0
4137.007613362196,0.0
4233.002832145337,0.0
4340.199160479062,0.0
4444.159527070808,0.0
4530.727645345598,0.0
4594.285506124515,0.0
4641.344655995441,0.0
4685.139356486391,0.0
4735.972360547745,0.0
4796.032919904867,0.0
4861.625370253941,0.0
4927.757489419494,0.0
4989.842468043965,0.0
5042.617070924707,0.0
5079.764308385551,0.0
5095.879786027382,0.0
5089.696509712499,0.0
5066.632746177228,0.0
5038.900239754839,0.0
5021.5923760262895,0.0
5025.226931096403,0.0
5049.303630023271,0.0
5082.470495822881,0.0
5109.686489979307,0.0
5120.704835541623,0.0
5114.825590489564,0.0
5101.348336314643,0.0
5095.634080043587,0.0
5110.419304148703,0.0
5146.31472370222,0.0
5190.033854800807,0.0
5223.2761455567115,0.0
5234.077657686507,0.0
5220.641226155295,0.0
5187.665567720137,0.0
5141.783818820443,0.0
5089.511179343706,0.0
5036.163729581047,0.0
4984.176548134841,0.0
4931.897212190017,0.0
4874.949372708595,0.0
4810.794565215969,0.0
4743.316554460914,0.0
4682.430395829995,0.0
4637.29208518488,0.0
4609.070671905458,0.0
4590.325133365548,0.0
4570.760449561338,0.0
4542.7996156053105,0.0
4503.025860210947,0.0
4451.276010402677,0.0
4389.784905600288,0.0
4322.153443164568,0.0
4251.94603501257,0.0
4182.699551952477,0.0
4119.4840240560325,0.0
4068.7508195519326,0.0
4033.9905970882396,0.0
4011.1829212113967,0.0
3990.5714215242247,0.0
3964.30076632037,0.0
3931.6611973228996,0.0
3896.1427728333597,0.0
3858.6385387100177,0.0
3815.1294811267435,0.0
3761.0214787366863,0.0
3696.6289879949995,0.0
3628.114276086347,0.0
3563.2126824329093,0.0
3505.710482452794,0.0
3453.4809499460425,0.0
3402.2804316638144,0.0
3352.3994392358286,0.0
3311.6901148368497,0.0
3290.585648348559,0.0
3291.8255841980294,0.0
3303.7155875445064,0.0
3303.4658193325336,0.0
3268.573807651945,0.0
3188.6646421050905,0.0
3071.3710909863285,0.0
2939.565203445183,0.0
2820.6929945357456,0.0
2734.0110576376474,0.0
2684.5595413677797,0.0
2666.717782939604,0.0
2670.7893185155494,0.0
2686.209079040838,0.0
2703.575256538649,0.0
2719.3238413903396,0.0
2739.3521990881845,0.0
2774.220599239144,0.0
2827.0573325047167,0.0
2886.006485063485,0.0
2931.1106070103174,0.0
2950.6921801977674,0.0
2951.0411110731434,0.0
2950.158009732203,0.0
2963.3266871117353,0.0
2994.9866360317005,0.0
3040.981766534862,0.0
3094.3184984036716,0.0
3148.5608590383113,0.0
3199.3789105058877,0.0
3244.900990794666,0.0
3283.823622212296,0.0
3313.267148669364,0.0
3329.9268218973866,0.0
3333.090118806062,0.0
3324.9362238605527,0.0
3308.3207661416764,0.0
3286.817552089951,0.0
3267.9128214819084,0.0
3264.14049676727,0.0
3288.2019447206962,0.0
3345.2498934167493,0.0
3429.3260279736987,0.0
3528.1630171152965,0.0
3632.651504028693,0.0
3741.9543572786943,0.0
3858.9815653679707,0.0
3981.5907483439764,0.0
4099.8610455803755,0.0
4202.570203155777,0.0
4285.992322886566,0.0
4356.693439195841,0.0
4425.739286443386,0.0
4498.385371621663,0.0
4567.51108623199,0.0
4617.817910143065,0.0
4638.943961872865,0.0
4636.076208577821,0.0
4628.457962032599,0.0
4638.103163820132,0.0
4678.47924584299,0.0
4749.740787360646,0.0
4840.998707487936,0.0
4937.1619996001255,0.0
5026.350692228551,0.0
5103.994283331314,0.0
5172.436129619732,0.0
5237.355748870082,0.0
5303.335930929362,0.0
5371.542541075881,0.0
5441.11639401179,0.0
5511.614313086833,0.0
5582.173188998484,0.0
5648.543444376175,0.0
5703.747944661772,0.0
5743.598711808498,0.0
5771.122172463551,0.0
5794.64088978656,0.0
5822.045807869488,0.0
5857.606673628534,0.0
5903.4989590305295,0.0
5961.461712318106,0.0
6029.954832749095,0.0
6098.772287368263,0.0
6148.664655397741,0.0
6159.86773936617,0.0
6124.542517965316,0.0
6052.962328722974,0.0
5967.6452284512125,0.0
5889.958875424309,0.0
5830.1618582006695,0.0
5787.637831460528,0.0
5757.515772789233,0.0
5735.943608791588,0.0
5720.805514196859,0.0
5710.647757604303,0.0
5704.472689823692,0.0
5702.099332565168,0.0
5704.23404737207,0.0
5712.759344113776,0.0
5730.421278123229,0.0
5757.200104034153,0.0
5784.841720403825,0.0
5796.429793073529,0.0
5775.074718515426,0.0
5715.4071206298895,0.0
5627.579420014961,0.0
5530.259740809576,0.0
5439.253346529447,0.0
5361.296197822977,0.0
5295.504005640305,0.0
5237.528207535409,0.0
5182.061744589524,0.0
5124.004059160238,0.0
5059.087294768719,0.0
4984.25990838462,0.0
4899.328115636734,0.0
4810.340322704609,0.0
4729.89561298293,0.0
4670.294939640457,0.0
4633.9738862800305,0.0
4610.687373660425,0.0
4584.213362443079,0.0
4541.325900323785,0.0
4475.745035939891,1.0
4387.270160634589,1.0
4281.849114946327,1.0
4175.108491358518,0.0
4098.686126314938,0.0
4105.421830412024,0.0
4265.3661841369,0.0
4639.529529736488,0.0
5227.156731763767,0.0
5914.37420052248,0.0
6481.321725518631,0.0
6699.382454233109,0.0
6466.567655700461,0.0
5873.040629499182,0.0
5139.40166132359,0.0
4483.557455438205,0.0
4023.049491559955,0.0
3764.707410612868,0.0
3651.7111585185976,0.0
3613.6373465452184,0.0
3594.7495573552505,0.0
3565.434878677713,0.0
3524.838104376775,0.0
3492.983811240226,0.0
3491.8139966311132,0.0
3525.48329818412,0.0
3576.132243496848,0.0
3618.361335500694,0.0
3638.582099182142,0.0
3641.956330179553,0.0
3643.314630944404,0.0
3652.446596430867,0.0
3666.4929414846547,0.0
3674.7733179531556,0.0
3670.682665732154,0.0
3659.210527530944,0.0
3652.365431500559,0.0
3657.0081596527493,0.0
3668.4965284435075,0.0
3678.0028231791157,0.0
3686.101716246719,0.0
3707.2890237887864,0.0
3759.0912772529673,0.0
3845.0191578524978,0.0
3946.828350897796,0.0
4033.9487014806023,0.0
4083.832450489729,0.0
4097.196415409693,0.0
4095.9263326766677,0.0
4106.475484562126,0.0
4143.386165063201,0.0
4204.337493491222,0.0
4276.565778398242,0.0
4347.261252393784,0.0
4410.7935452353495,0.0
4469.006270499813,0.0
4525.2127060025605,0.0
4578.160283465285,0.0
4622.748833464372,0.0
4656.925434842855,0.0
4686.407376976408,0.0
4721.442775044331,0.0
4768.993886424695,0.0
4828.779087640681,0.0
4896.591524249109,0.0
4970.822517968966,0.0
5055.137321770218,0.0
5153.95021124505,0.0
5264.737282647367,0.0
5374.588595110085,0.0
5465.459717296065,0.0
5525.120872419664,0.0
5556.6170289511665,0.0
5579.7018733994755,0.0
5621.763999285095,0.0
5702.026220936107,0.0
5819.0954620853545,0.0
5951.912770905652,0.0
6073.989472305044,0.0
6169.513860331537,0.0
6238.662608819324,0.0
6290.588245834726,0.0
6332.97258577406,0.0
6367.199821633685,0.0
6390.230253935735,0.0
6399.297162763488,0.0
6395.456723459256,0.0
6384.333748984979,0.0
6374.355890560892,0.0
6373.166676772588,0.0
6383.615923285643,0.0
6401.884997723263,0.0
6420.338779657508,0.0
6433.160881104846,0.0
6440.346278397442,0.0
6448.164849849817,0.0
6466.872904025062,0.0
6506.011604372614,0.0
6568.106268842492,0.0
6644.65502607006,0.0
6717.216920015925,0.0
6763.006862776304,0.0
6763.530888360018,0.0
6714.822989008003,0.0
6633.6093393215315,0.0
6551.0772396997,0.0
6494.840194790479,0.0
6473.107921756706,0.0
6474.713350650529,0.0
6482.475758824323,0.0
6485.327511030193,0.0
6480.053612925354,0.0
6466.518839115941,0.0
6444.123404892396,0.0
6411.799391856853,0.0
6368.822840482241,0.0
6314.0748652057555,0.0
6245.060437160473,0.0
6160.401914759371,0.0
6065.562961472289,0.0
5974.10772218389,0.0
5899.03138294083,0.0
5841.385776879935,0.0
5789.2256328399235,0.0
5729.11095616318,0.0
5657.648057722785,0.0
5581.544334900999,0.0
5508.525277063335,0.0
5440.878373973612,0.0
5377.309588190444,0.0
5318.051418158723,0.0
5266.008606786579,0.0
5222.926507694759,0.0
5184.773230690779,0.0
5141.2221682973,0.0
5081.13739708883,0.0
5001.302708062727,0.0
4912.0029101935215,0.0
4833.823361588253,0.0
4785.880126343969,0.0
4772.58853713212,0.0
4779.113988066722,0.0
4780.484272414909,0.0
4758.649960008549,0.0
4714.595219418546,0.0
4666.056067508872,0.0
4632.738448173104,0.0
4620.099021463147,0.0
4614.471511911688,0.0
4594.175869067296,0.0
4547.77549556715,0.0
4482.382723340439,0.0
4414.489289383865,0.0
4354.829285909882,0.0
4304.165167826984,0.0
4261.385685970269,0.0
4230.47722570017,0.0
4217.40602207484,0.0
4221.989495756548,0.0
4234.42687867082,0.0
4239.927794613358,0.0
4227.950773232663,0.0
4200.062770167849,0.0
4170.558784483887,0.0
4157.7471382490885,0.0
4171.359288671737,0.0
4206.651150737235,0.0
4250.3577483713425,0.0
4291.5431875606455,0.0
4326.409049905468,0.0
4355.551183031979,0.0
4380.417925568269,0.0
4402.96151396996,0.0
4425.453006269634,0.0
4448.036680311837,0.0
4466.392204970262,0.0
4473.89709203564,0.0
4468.697871333346,0.0
4460.097458213727,0.0
4467.0212636104925,0.0
4507.692658104484,0.0
4587.770613392393,0.0
4695.874415108564,0.0
4809.103017868156,0.0
4903.9358779807035,0.0
4965.286068548136,0.0
4990.514563283066,0.0
4989.361067228205,0.0
4980.812376015951,0.0
4986.316746804801,0.0
5020.979416008291,0.0
5087.467079401217,0.0
5177.131527549474,0.0
5277.633326122227,0.0
5380.944843307389,0.0
5484.926268733812,0.0
5588.189752279876,0.0
5684.642713042799,0.0
5764.317704585891,0.0
5820.248549274294,0.0
5855.2935880767245,0.0
5882.746499197174,0.0
5919.997666771727,0.0
5979.472904982411,0.0
6062.648070249534,0.0
6160.179283989064,0.0
6256.877710391475,0.0
6338.26381434693,0.0
6396.649226395476,0.0
6435.256468061516,0.0
6467.988832928797,0.0
6512.2587478333835,0.0
6577.534681309331,0.0
6658.753513013672,0.0
6741.887976311735,0.0
6816.296239382083,0.0
6880.416421827438,0.0
6936.438413673496,0.0
6983.637837298224,0.0
7019.794912384592,0.0
7047.3720399947815,0.0
7074.245393063787,0.0
7106.5813307246,0.0
7141.851456472774,0.0
7170.205372950919,0.0
7182.570237957325,0.0
7177.416159339498,0.0
7161.403519687705,0.0
7145.505171805887,0.0
7139.877410804263,0.0
7149.195861064501,0.0
7170.646350860245,0.0
7196.807442599979,0.0
7221.017136495974,0.0
7239.611477397626,0.0
7249.919056557507,0.0
7249.189879954577,0.0
7237.810333164418,0.0
7222.350379007199,0.0
7212.2970843706335,0.0
7211.479860531142,0.0
7212.77901815609,0.0
7203.201132578561,0.0
7176.149147792021,0.0
7139.038388260462,0.0
7107.609930253729,0.0
7092.573870904279,0.0
7093.076608994852,0.0
7102.221007842441,0.0
7114.875581807014,0.0
7127.680644308704,0.0
7134.881661808983,0.0
7129.346000458283,0.0
7108.0781124631785,0.0
7073.281548098322,0.0
7026.751902497665,0.0
6965.79202858627,0.0
6886.763660370532,0.0
6791.560816932368,0.0
6688.825706224666,0.0
6589.199665847641,0.0
6500.8273289965855,0.0
6428.701961286065,0.0
6375.504985260499,0.0
6340.835364408605,0.0
6319.342121332679,0.0
6300.523551848122,0.0
6272.1256250491015,0.0
6225.860892255774,0.0
6160.916615530108,0.0
6081.7555937836705,0.0
5993.453526042256,0.0
5900.70770941502,0.0
5810.4294213762905,0.0
5731.686727104082,0.0
5670.023418285169,0.0
5621.774162526347,0.0
5575.618800972807,0.0
5520.864870568732,0.0
5454.573401878917,0.0
5381.08771349701,0.0
5306.929651128358,0.0
5238.609602610215,0.0
5184.427993250021,0.0
5153.892265777801,0.0
5152.344741299765,0.0
5176.590162415415,0.0
5216.086103643514,0.0
5257.370190712267,0.0
5287.80912418155,0.0
5298.233720271496,0.0
5284.4879417689235,0.0
5246.675897519677,0.0
5186.849448636652,0.0
5108.376001502546,0.0
5018.678847087549,0.0
4932.491638102626,0.0
4870.116356300578,0.0
4848.179529474672,0.0
4868.429414703649,0.0
4915.300625612771,0.0
4966.6080994738495,0.0
5008.555216839283,0.0
5041.716312865723,0.0
5074.2297688172175,0.0
5110.819180662762,0.0
5148.213882270542,0.0
5178.852936508585,0.0
5196.87599280118,0.0
5201.361240762347,0.0
5196.827224313338,0.0
5191.600960492824,0.0
5193.478133006323,0.0
5205.014184306528,0.0
5223.306072849626,0.0
5245.5706706048,0.0
5274.687964378884,0.0
5317.895551992335,0.0
5379.194978629921,0.0
5453.9185066986765,0.0
5532.409987632949,0.0
5608.886187862781,0.0
5685.247852323318,0.0
5766.40894747107,0.0
5854.04830889602,0.0
5945.30354661648,0.0
6035.047943519768,0.0
6117.852473863632,0.0
6189.308275762416,0.0
6248.357035778655,0.0
6299.529468051404,0.0
6352.335254429847,0.0
6416.824467820924,0.0
6497.781948108449,0.0
6591.372111316665,0.0
6687.115176091042,0.0
6774.314473586317,0.0
6848.53795111284,0.0
6913.043691193988,0.0
6974.314884948859,0.0
7036.55077171206,0.0
7099.889219501735,0.0
7161.716156441309,0.0
7217.931678456224,0.0
7264.114210167562,0.0
7298.545013165011,0.0
7325.498003667347,0.0
7354.676632373896,0.0
7395.241383281638,0.0
7448.3780264494135,0.0
7504.725241559325,0.0
7550.2460971592,0.0
7576.881987261455,0.0
7588.748564140805,0.0
7598.1327176805,0.0
7615.904403475577,0.0
7645.996845965354,0.0
7687.478836935951,0.0
7738.424882283693,0.0
7795.8457013797,0.0
7853.958869320281,0.0
7906.5421181624315,0.0
7952.317377139586,0.0
7995.0133025413825,0.0
8035.169682942612,0.0
8063.567001279401,0.0
8067.015793094574,0.0
8041.8626172956065,0.0
8000.299536564046,0.0
7963.632564851489,0.0
7950.8896883372245,0.0
7971.628478626953,0.0
8023.686081840309,0.0
8094.043142745588,0.0
8163.138134934751,0.0
8211.958316795002,0.0
8229.236565328705,0.0
8216.071266758305,0.0
8184.897208556143,0.0
8151.035513756527,0.0
8121.55927600509,0.0
8091.582218282411,0.0
8051.548092558377,0.0
7996.717137775197,0.0
7928.770055727008,0.0
7851.035399378677,0.0
7766.28958362807,0.0
7679.012004576633,0.0
7595.9344580461075,0.0
7522.344977295078,0.0
7459.906618109732,0.0
7408.981737853299,0.0
7370.243038158785,0.0
7340.958564322375,0.0
7311.0887284034925,0.0
7266.918751246396,0.0
7200.567423503842,0.0
7115.710512745128,0.0
7024.26885138992,0.0
6939.203730354478,0.0
6871.040913612977,0.0
6828.356329050176,0.0
6816.388700504789,0.0
6831.271856945888,0.0
6855.724244118555,0.0
6864.146643611757,0.0
6836.377849410435,0.0
6768.5694569549405,0.0
6671.00356432558,0.0
6556.80075776386,0.0
6434.948979397527,0.0
6313.55907970348,0.0
6205.010057633781,0.0
6122.723536215477,0.0
6071.735257718988,0.0
6044.45142883171,0.0
6026.982635425189,0.0
6008.836994178538,0.0
5986.336761605166,0.0
5959.251481463596,0.0
5926.934417069986,0.0
5887.58754084105,0.0
5839.345548228163,0.0
5781.52182680217,0.0
5715.900397801499,0.0
5647.261988694506,0.0
5582.280530165506,0.0
5528.513175223137,0.0
5494.6004912097505,0.0
5488.564184731505,0.0
5511.6072167344355,0.0
5552.650606001015,0.0
5592.010901527135,0.0
5614.06977789943,0.0
5618.036071686058,0.0
5616.492324893664,0.0
5623.317374130838,0.0
5642.3664603612215,0.0
5665.304332657394,0.0
5678.178679269903,0.0
5671.074190151117,0.0
5644.899146995349,0.0
5611.0968710305515,0.0
5584.794273936919,0.0
5577.711471577613,0.0
5596.552530315257,0.0
5645.679798640646,0.0
5728.398274155087,0.0
5843.829490912381,0.0
5982.102716955425,0.0
6123.21085477418,0.0
6242.793457126788,0.0
6322.878878877077,0.0
6360.690768299359,0.0
6368.774781173326,0.0
6366.012623187451,0.0
6366.940470879724,0.0
6377.662433854944,0.0
6399.045274170035,0.0
6431.657932284973,0.0
6477.903546577729,0.0
6541.5180717034455,0.0
6625.446917804679,0.0
6728.749547358903,0.0
6844.6214660534015,0.0
6961.980291270725,0.0
7070.024267780231,0.0
7162.312699032804,0.0
7238.007839874406,0.0
7300.470317365205,0.0
7355.412329086498,0.0
7410.300655307511,0.0
7474.134212572739,0.0
7554.5232256806785,0.0
7652.302302606947,0.0
7759.1074780619265,0.0
7862.2439967637765,0.0
7952.952956874666,0.0
8029.549360847216,0.0
8092.974763487387,0.0
8141.461593587368,0.0
8171.402956371225,0.0
8183.374526062992,0.0
8185.8224352278185,0.0
8191.235319878814,0.0
8207.649447353071,0.0
8233.346819106213,0.0
8260.224097311491,0.0
8283.081085318945,0.0
8305.682649119079,0.0
8337.044059852698,0.0
8381.187979398417,0.0
8431.48117274573,0.0
8476.063323710416,0.0
8508.712506761567,0.0
8534.08447147809,0.0
8563.196501408178,0.0
8603.810084933015,0.0
8652.627199713821,0.0
8694.445615484048,0.0
8710.328210869951,0.0
8690.788335205836,0.0
8644.503680295931,0.0
8595.281556814627,0.0
8569.5048651645,0.0
8582.682004322654,0.0
8632.42966576099,0.0
8700.87832297818,0.0
8764.888075521822,0.0
8808.250453160252,0.0
8828.264272768556,0.0
8832.519673278786,0.0
8829.589986208965,0.0
8821.797262029479,0.0
8805.344737084817,0.0
8775.504997988646,0.0
8731.207781112644,0.0
8675.720431600792,0.0
8614.004310260005,0.0
8549.438006633392,0.0
8483.163784596662,0.0
8416.029893545076,0.0
8349.11548006827,0.0
8281.767975426144,0.0
8211.893161106189,0.0
8141.204571856946,0.0
8079.134711936292,0.0
8038.133114757501,0.0
