10871.007967889424,0.0
10978.061814546882,0.0
11027.536446739092,0.0
11153.025728431408,0.0
11437.232515424768,0.0
11844.557480719357,0.0
12194.420969091834,0.0
12235.745127848206,0.0
11825.31218255023,0.0
11094.540348435974,0.0
10430.255377081476,0.0
10228.591232395807,0.0
10622.273609630003,0.0
11436.034131842322,0.0
12388.500597508282,0.0
13310.73031042904,0.0
14180.827714884697,0.0
14996.553393598377,0.0
15647.369009188087,0.0
15903.342828680672,0.0
15518.998864673249,0.0
14372.22913863583,0.0
12551.314330984967,0.0
10345.657737489671,0.0
8151.7313226376245,0.0
6348.956724009764,0.0
5204.421309415708,0.0
4832.989726149258,0.0
5203.499621940343,0.0
6168.59222945715,0.0
7506.1364895868255,0.0
8970.105993327434,0.0
10343.763189989764,0.0
11478.028900864218,0.0
12301.391857981926,0.0
12806.361971836755,0.0
13031.627560836017,0.0
13053.312910237943,0.0
12981.724780779892,0.0
12948.579125200618,0.0
13071.385149964406,0.0
13394.771993613716,0.0
13832.631239036615,0.0
14157.258324576595,0.0
14071.636573357187,0.0
13346.320216499422,0.0
11945.029560281442,0.0
10061.435823853773,0.0
8049.488634433244,0.0
6296.324436509911,0.0
5107.447271546561,0.0
4645.456332432014,0.0
4921.709547389588,0.0
5819.2909576991315,0.0
7130.891695082309,0.0
8608.288503624406,0.0
10019.836754653608,0.0
11200.680468999204,0.0
12074.354699081956,0.0
12640.77606057587,0.0
12950.33046669313,0.0
13089.261595510385,0.0
13179.145068942347,0.0
13366.276979492637,0.0
13773.938312298907,0.0
14419.944491276874,0.0
15145.710531205214,0.0
15624.375307958027,0.0
15481.55745007074,0.0
14481.58260407116,0.0
12667.830409939586,0.0
10365.652589595347,0.0
8051.429554505688,0.0
6178.9348885593,0.0
5059.180733600531,0.0
4823.89803851575,0.0
5440.635252315551,0.0
6740.931684426026,0.0
8454.481195267317,0.0
10262.890177600373,0.0
11872.36353465464,0.0
13080.788655995402,0.0
13813.466569298082,0.0
14121.099093426923,0.0
14148.843504874209,0.0
14090.596718012333,0.0
14141.327583151782,0.0
14451.520348746448,0.0
15076.091854401964,0.0
15920.405018513435,0.0
16718.054603158216,0.0
17087.925838849103,0.0
16678.47749563236,0.0
15338.406514774773,0.0
13213.22092622115,0.0
10702.659126332397,0.0
8305.617589343094,0.0
6450.504304542457,0.0
5397.098094910391,0.0
5223.616411529477,0.0
5858.164520014448,0.0
7117.1912663539415,0.0
8744.89112959194,0.0
10461.745896961054,0.0
12018.986394098398,0.0
13242.683620064976,0.0
14056.461210750362,0.0
14486.553289875274,0.0
14653.213921305589,0.0
14743.178839668308,0.0
14957.510995382052,0.0
15441.989594522423,0.0
16220.446160435898,0.0
17157.06096951442,0.0
17970.36267183519,0.0
18307.623366112104,0.0
17865.34828921634,0.0
16515.921684281682,0.0
14381.982086957187,0.0
11812.281444197857,0.0
9265.599294255298,0.0
7167.623369435885,0.0
5814.502983387138,0.0
5348.360182661102,0.0
5775.697631552891,0.0
6988.065497674618,0.0
8773.05434652374,0.0
10836.150191009285,0.0
12855.761657445466,0.0
14562.45809328355,0.0
15803.811215701138,0.0
16562.983629562055,0.0
16935.038391043745,0.0
17084.96044395988,0.0
17199.82280713032,0.0
17431.16965017948,0.0
17831.814663641853,0.0
18313.66452802157,0.0
18656.662929613794,0.0
18574.578707741548,0.0
17816.845556038486,0.0
16274.622814566437,0.0
14051.552889191516,0.0
11458.898041365643,0.0
8925.497730132105,0.0
6867.065751858772,0.0
5581.867302109016,0.0
5206.611855120259,0.0
5718.54397190423,0.0
6956.438044265133,0.0
8654.311374678098,0.0
10497.44653177708,0.0
12196.124185432313,0.0
13548.177561168397,0.0
14466.037243494564,0.0
14969.889862876713,0.0
15164.981222364318,0.0
15215.130696537557,0.0
15313.224037729271,0.0
15640.83547279009,0.0
16305.309065340776,0.0
17259.189121777043,0.0
18247.139726652273,0.0
18846.57046495633,0.0
18624.620007666188,0.0
17346.143532699727,0.0
15111.010713229693,0.0
12333.073155287615,0.0
9576.294458301561,0.0
7352.246175865794,0.0
5985.877116697147,0.0
5583.279033393857,0.0
6065.316041737703,0.0
7219.710704155135,0.0
8755.002309508745,0.0
10361.571740799156,0.0
11776.448930161127,0.0
12831.541957764903,0.0
13470.121298121952,0.0
13737.53690595379,0.0
13760.207704501316,0.0
13715.974314939704,0.0
13791.591349843928,0.0
14130.015028331323,0.0
14778.667071375863,0.0
15651.26557182155,0.0
16518.318048984296,0.0
17046.740416703404,0.0
16900.484774019023,0.0
15879.084105020336,0.0
14028.428276543533,0.0
11653.396906790022,0.0
9215.804982032936,0.0
7174.851948619321,0.0
5855.541783388062,0.0
5393.665936230388,0.0
5748.371175249774,0.0
6748.577402769586,0.0
8149.5035252270145,0.0
9690.543171656222,0.0
11146.161292736711,0.0
12357.927991864883,0.0
13242.575891079845,0.0
13784.558536272985,0.0
14026.751116801424,0.0
14063.948558866625,0.0
14032.14023058257,0.0
14083.056646381032,0.0
14338.617058467826,0.0
14830.460435510799,0.0
15447.064515178608,0.0
15928.041123261557,0.0
15938.580146959483,0.0
15212.15163694446,0.0
13691.801458104183,0.0
11583.954745678806,0.0
9289.488695867423,0.0
7256.962687018217,0.0
5842.7896742774765,0.0
5236.270701764161,0.0
5451.053968155902,0.0
6354.410893482822,0.0
7712.87800129928,0.0
9249.857442572918,0.0
10710.849600790269,0.0
11918.810035225857,0.0
12797.819217472479,0.0
13358.622183822661,0.0
13664.68109706662,0.0
13807.982750134426,0.0
13906.776321329093,0.0
14104.014828381996,0.0
14528.635577123412,0.0
15209.507172180154,0.0
15990.708265752359,0.0
16530.574872004796,0.0
16427.585546293772,0.0
15421.240126081508,0.0
13545.468617639232,0.0
11135.336104868247,0.0
8690.246312293428,0.0
6690.302882380742,0.0
5468.151547402385,0.0
5169.102200760822,0.0
5766.479600679782,0.0
7091.74381338137,0.0
8871.032987426279,0.0
10780.273768763413,0.0
12517.492085414582,0.0
13867.810039874885,0.0
14737.924603365997,0.0
15158.395019749525,0.0
15264.653655210377,0.0
15263.00162737919,0.0
15381.728258593568,0.0
15807.427557944991,0.0
16610.52615278506,0.0
17678.230307071677,0.0
18695.596007369568,0.0
19218.038312130993,0.0
18836.28058134026,0.0
17366.943929141504,0.0
14962.866407413874,0.0
12072.466127536523,0.0
9270.765552579964,0.0
7063.105925883148,0.0
5760.378500431226,0.0
5453.463140682617,0.0
6049.753822525117,0.0
7326.743103249618,0.0
8986.906098070518,0.0
10717.861304783924,0.0
12253.870538276527,0.0
13421.487662537653,0.0
14157.71615312508,0.0
14505.658664687937,0.0
14597.127779133158,0.0
14623.759512996992,0.0
14794.323409210281,0.0
15278.618951139146,0.0
16140.7344696972,0.0
17274.47073394719,0.0
18376.294310381036,0.0
19003.279001360333,0.0
18731.292172695576,0.0
17355.302941176906,0.0
15015.592402054222,0.0
12161.847334086284,0.0
9375.89619143995,0.0
7167.553453420175,0.0
5850.997361980317,0.0
5524.445908731695,0.0
6107.786532924393,0.0
7391.695501714192,0.0
9086.626726591296,0.0
10879.432304329293,0.0
12495.010141203837,0.0
13745.22400992485,0.0
14551.675863123231,0.0
14945.481392309011,0.0
15052.83428749854,0.0
15067.003484401954,0.0
15202.947647134606,0.0
15635.460196179218,0.0
16427.901344396272,0.0
17469.44851803097,0.0
18457.367356974915,0.0
18964.607163856257,0.0
18595.603471773575,0.0
17169.15529376513,0.0
14827.356426019534,0.0
12000.131171890167,0.0
9243.933584722776,0.0
7051.388943550324,0.0
5729.391440783586,0.0
5375.025862069685,0.0
5912.749196289067,0.0
7144.844199179303,0.0
8797.241691386982,0.0
10568.238239404262,0.0
12183.898806490146,0.0
13447.68442751666,0.0
14269.986711387774,0.0
14673.829872482902,0.0
14780.062908104774,0.0
14775.386499417189,0.0
14867.00124821479,0.0
15226.600825922997,0.0
15925.005975310662,0.0
16869.24908727058,0.0
17777.87771473345,0.0
18239.731083712963,0.0
17865.897815880155,0.0
16475.019842236074,0.0
14204.719148697159,0.0
11473.880390782955,0.0
8818.087007813061,0.0
6701.977514901028,0.0
5406.018348656877,0.0
5010.347508363652,0.0
5434.9669828280785,0.0
6490.665472253736,0.0
7926.089835726149,0.0
9476.208903902152,0.0
10910.69067454586,0.0
12068.66715176023,0.0
12872.23848462515,0.0
13325.557766378517,0.0
13507.584119112089,0.0
13556.082413308386,0.0
13637.688391400008,0.0
13904.398968814618,0.0
14441.242032141146,0.0
15213.79649697865,0.0
16036.604496272479,0.0
16594.291548359655,0.0
16535.217237921832,0.0
15617.767552798683,0.0
13842.693450798219,0.0
11491.219162085154,0.0
9034.031373455515,0.0
6958.678044146916,0.0
5613.0470351344975,0.0
5134.53028673714,0.0
5463.989821157998,0.0
6402.559298085539,0.0
7678.844000014558,0.0
9017.010611767311,0.0
10198.825547233631,0.0
11101.406289903327,0.0
11695.132939811583,0.0
12010.537100694626,0.0
12104.982179279212,0.0
12052.547783773658,0.0
11951.835599205606,0.0
11924.415874534952,0.0
12080.490444559295,0.0
12454.847774487727,0.0
12948.828196946451,0.0
13327.591928942575,0.0
13297.984415754425,0.0
12640.1209859656,0.0
11322.893914022634,0.0
9536.182162877682,0.0
7622.981986711175,0.0
5955.677285866375,0.0
4824.750030724929,0.0
4382.38834911297,0.0
4638.878423175921,0.0
5486.9407003534025,0.0
6736.765512720169,0.0
8159.279457274781,0.0
9536.088893892944,0.0
10704.033076705724,0.0
11577.849430893713,0.0
12146.396178991781,0.0
12455.8281256624,0.0
12597.11225770656,0.0
12699.02661531349,0.0
12907.71616741212,0.0
13333.40305630634,0.0
13972.479644065175,0.0
14651.182154288217,0.0
15049.157177661982,0.0
14822.69967090449,0.0
13775.541966548026,0.0
11976.925461693003,0.0
9751.49475586967,0.0
7550.544955360367,0.0
5790.003692484956,0.0
4743.421031017397,0.0
4516.6255608735155,0.0
5070.342412770739,0.0
6249.337742188437,0.0
7810.475181268196,0.0
9467.626258903641,0.0
10958.560588556356,0.0
12108.570194997868,0.0
12861.00064468746,0.0
13271.012889012236,0.0
13482.330522282256,0.0
13698.870645044472,0.0
14140.052024702394,0.0
14963.479917283881,0.0
16166.541353414977,0.0
17521.273880175242,0.0
18607.98230454572,0.0
18961.416003491275,0.0
18264.136721634903,0.0
16487.081073344965,0.0
13910.0034454843,0.0
11020.147234196897,0.0
8345.009866645712,0.0
6301.229094925508,0.0
5119.04833046216,0.0
4844.857445934976,0.0
5381.640955377667,0.0
6531.030737281904,0.0
8031.337248263332,0.0
9603.056447779692,0.0
11003.531151498917,0.0
12073.673015808343,0.0
12759.440876063558,0.0
13106.75984865936,0.0
13240.72568568233,0.0
13336.600330942058,0.0
13581.33760832488,0.0
14121.613904662841,0.0
15000.226448633846,0.0
16098.240244396799,0.0
17119.277041853267,0.0
17654.386657428193,0.0
17330.953467743384,0.0
15987.561926507764,0.0
13775.298606515797,0.0
11116.210862506863,0.0
8541.792138568717,0.0
6510.949590574503,0.0
5299.907068011925,0.0
4985.2581270822575,0.0
5482.49482298919,0.0
6597.4893401938625,0.0
8075.127392585574,0.0
9647.331243850995,0.0
11079.474499904949,0.0
12206.061399256876,0.0
12950.69311730534,0.0
13333.216879706168,0.0
13465.340943124824,0.0
13528.188065782979,0.0
13727.130018686754,0.0
14228.508073725523,0.0
15088.668996300059,0.0
16193.089774963428,0.0
17239.31238921808,0.0
17802.970898249154,0.0
17492.885853145373,0.0
16135.463299004092,0.0
13882.909826211198,0.0
11170.497820461806,0.0
8546.151109016382,0.0
6478.5652934238315,0.0
5243.889805121625,0.0
4913.21115889556,0.0
5396.651429393912,0.0
6494.920617432324,0.0
7943.865048809645,0.0
9462.103338903577,0.0
10805.162717981764,0.0
11811.370822464298,0.0
12424.511850622572,0.0
12693.02427880642,0.0
12752.476130904626,0.0
12791.771384339854,0.0
13002.59873961439,0.0
13520.201751797189,0.0
14367.606831565265,0.0
15415.334065297982,0.0
16377.422358449967,0.0
16872.407909231344,0.0
16556.30286287071,0.0
15280.818140462705,0.0
13187.458726567776,0.0
10670.938698780263,0.0
8229.84105431758,0.0
6296.429182926369,0.0
5132.842828266119,0.0
4813.353021587495,0.0
5257.006010731325,0.0
6273.145135034152,0.0
7609.459975779092,0.0
9006.573346577356,0.0
10252.74418945682,0.0
11219.02063085305,0.0
11862.751520426727,0.0
12209.527261064999,0.0
12333.640593004235,0.0
12345.267223657305,0.0
12376.301959281061,0.0
12553.137869088383,0.0
12952.284459874132,0.0
13548.40368577489,0.0
14181.04501528079,0.0
14574.830451805721,0.0
14430.17228942659,0.0
13556.719495496056,0.0
11979.301463514237,0.0
9950.241514668041,0.0
7859.869506197802,0.0
6101.335570613343,0.0
4961.423683529339,0.0
4571.959180393965,0.0
4911.609703981659,0.0
5834.104291866567,0.0
7111.595424343674,0.0
8491.838696776322,0.0
9760.003724381168,0.0
10782.801645505859,0.0
11515.816471223992,0.0
11978.43437399217,0.0
12222.772688681975,0.0
12320.570718587416,0.0
12366.59175456276,0.0
12474.412302117644,0.0
12741.824477449838,0.0
13189.325409699666,0.0
13707.046796779374,0.0
14056.454121080731,0.0
13948.95655510985,0.0
13175.725944983807,0.0
11722.061578103247,0.0
9798.341980427549,0.0
7767.746310147708,0.0
6016.225767869231,0.0
4838.418920156498,0.0
4383.895401506807,0.0
4657.580129396033,0.0
5544.154777914894,0.0
6839.614239544481,0.0
8294.30656706007,0.0
9671.657279619147,0.0
10806.874161702888,0.0
11635.725813902023,0.0
12178.997948186305,0.0
12502.883210202766,0.0
12691.9122238297,0.0
12846.634021655198,0.0
13079.316562440692,0.0
13474.661684396786,0.0
14020.192402720064,0.0
14555.467791883002,0.0
14795.544576769023,0.0
14441.981144760412,0.0
13332.4475346264,0.0
11542.76525530139,0.0
9376.834268681898,0.0
7251.876745471678,0.0
5553.117054027128,0.0
4536.97381166815,0.0
4306.748774405505,0.0
4831.079328617031,0.0
5968.84445928467,0.0
7493.748772215501,0.0
9133.650834364464,0.0
10629.33925680557,0.0
11794.225309256804,0.0
12550.479135914416,0.0
12932.630904318734,0.0
13065.889890621049,0.0
13129.980357466464,0.0
13314.450305550012,0.0
13765.44563228542,1.0
14525.29588455039,1.0
15480.553022620836,1.0
16352.533130590507,1.0
16763.13607907822,0.0
16374.054150506654,0.0
15044.183819382788,0.0
12918.128534150908,0.0
10387.142682466036,1.0
7943.47124478596,0.0
6012.923067811555,0.0
4848.10060288458,0.0
4503.765831641206,0.0
4867.063113783703,0.0
5714.402343976191,0.0
6789.448589759322,0.0
7892.543818703093,0.0
8935.87363370499,0.0
9916.167171830493,0.0
10829.65665006605,0.0
11625.511847154648,0.0
12253.676293031689,0.0
12747.072706010607,0.0
13236.704323907199,0.0
13874.224787870993,0.0
14722.436286791008,0.0
15684.159497998122,0.0
16502.066856713165,0.0
16831.75175983663,0.0
16371.700467654968,0.0
15005.506437632823,0.0
12884.037614497322,0.0
10389.71246009387,0.0
7998.122882558911,0.0
6119.705355641026,0.0
5003.64353139602,0.0
4723.234572087202,0.0
5207.858323396192,0.0
6284.161649242904,0.0
7715.783195684087,0.0
9247.5483037808,0.0
10653.263382489464,0.0
11774.250195496199,0.0
12538.442399854404,0.0
12962.332388281071,0.0
13143.610239075562,0.0
13244.019083254314,0.0
13452.96781772487,0.0
13925.67585329687,0.0
14706.534410499133,0.0
15670.402101193069,0.0
16523.305287269646,0.0
16884.754062229254,0.0
16432.14598140238,0.0
15047.279490370756,0.0
12889.878757406219,0.0
10352.45505385146,0.0
7918.924383658873,0.0
6007.307209160757,0.0
4872.61413220181,0.0
4588.334884880238,0.0
5076.041891779325,0.0
6149.183207798694,0.0
7559.370722268233,0.0
9046.091849574932,0.0
10385.590100757101,0.0
11426.910277182351,0.0
12108.008983650634,0.0
12455.268375372554,0.0
12572.101708156692,0.0
12616.885470439976,0.0
12767.009090178553,0.0
13167.967732946074,0.0
13872.14307038127,0.0
14784.280062801272,0.0
15646.419605104515,0.0
16095.967721273837,0.0
15798.525347868532,0.0
14602.503931740188,0.0
12629.31107359338,0.0
10241.181205233015,0.0
7905.632845393768,0.0
6037.466884693579,0.0
4896.241514732074,0.0
4562.5911030826555,0.0
4967.241952563626,0.0
5936.93042075237,0.0
7239.9739551119455,0.0
8630.938617289303,0.0
9894.017390802335,0.0
10877.77353650051,0.0
11513.782960333956,0.0
11818.189859446862,0.0
11879.306067019115,0.0
11834.083485689034,0.0
11835.374755866622,0.0
12011.818125697278,0.0
12423.566306006001,0.0
13022.730120894084,0.0
13636.791149582132,0.0
13997.242111427762,0.0
13823.513858426515,0.0
12940.873196053933,0.0
11376.548252041463,0.0
9374.986272913073,0.0
7316.43577086184,0.0
5584.509550017194,0.0
4453.821708493939,0.0
4040.7895875925533,0.0
4312.574809906009,0.0
5125.688432831359,0.0
6273.680797002656,0.0
7537.333613764088,0.0
8731.024195779117,0.0
9732.836519045162,0.0
10489.917144038505,0.0
11004.491887576654,0.0
11315.741421349388,0.0
11489.526656268756,0.0
11615.16104660284,0.0
11795.769945021362,0.0
12117.055986573252,0.0
12594.367720897108,0.0
13124.220494733221,0.0
13482.798786306885,0.0
13397.498184785667,0.0
12670.641020228055,0.0
11289.645037098035,0.0
9456.520003360609,0.0
7517.921038461782,0.0
5840.29041106775,0.0
4700.83084249935,0.0
4237.348246087744,0.0
4451.379691914033,0.0
5235.519286483843,0.0
6406.415444288386,0.0
7743.426787059608,0.0
9035.006219192504,0.0
10122.874834543052,0.0
10926.802638699568,0.0
11442.85384498347,0.0
11725.885739120959,0.0
11872.414001926425,0.0
12006.956140737026,0.0
12258.856531151905,0.0
12715.548556834097,0.0
13358.601729110549,0.0
14019.135463382065,0.0
14401.410826391826,0.0
14192.758364859821,0.0
13215.462134955198,0.0
11532.372303900698,0.0
9439.1730008237,0.0
7351.269146744686,0.0
5659.174209048924,0.0
4628.908608150337,0.0
4372.358038339315,0.0
4862.814001457034,0.0
5962.040815373983,0.0
7448.416690632785,0.0
9055.580780270888,0.0
10526.396471832026,0.0
11669.453003905082,0.0
12398.92352826665,0.0
12746.76108682584,0.0
12846.819943884455,0.0
12895.837086060055,0.0
13098.808937672498,0.0
13605.435099867265,0.0
14443.568220072497,0.0
15467.774162033593,0.0
16361.211577266029,0.0
16723.554816875414,0.0
16229.127500916324,0.0
14781.669754989261,0.0
12577.488057922217,0.0
10037.657066788066,0.0
7649.907046706809,0.0
5811.224683689378,0.0
4744.357255588851,0.0
4496.744078267335,0.0
4981.705101343756,0.0
6022.628317538544,0.0
7389.878831475716,0.0
8839.202783973009,0.0
10155.623107825351,0.0
11192.476572879372,0.0
11892.349051353542,0.0
12286.163878109428,0.0
12475.828630194203,0.0
12606.933979873973,0.0
12834.771926170979,0.0
13281.573088107569,0.0
13983.272501719468,0.0
14839.479704702753,0.0
15601.322809397527,0.0
15930.288189718382,0.0
15524.638504782799,0.0
14260.745802461857,0.0
12271.965882896411,0.0
9914.737143897302,0.0
7639.452403345764,0.0
5841.084325178981,0.0
4763.735881627158,0.0
4480.87027638749,0.0
4923.333755989495,0.0
5920.182831780554,0.0
7239.528905882001,0.0
8633.530105841808,0.0
9886.830492783238,0.0
10856.177177005475,0.0
11489.773641450009,0.0
11825.757361773543,0.0
11975.447241852275,0.0
12095.169183023272,0.0
12348.381988514388,0.0
12858.675512732658,0.0
13655.12681629031,0.0
14622.90110753772,0.0
15491.46840112285,0.0
15895.89760682129,0.0
15512.87563539165,0.0
14215.943979082645,0.0
12160.12118740696,0.0
9736.905973344434,0.0
7424.487237512771,0.0
5625.18133431957,0.0
4573.217391878303,0.0
4329.054218921694,0.0
4820.225345073141,0.0
5885.191544445747,0.0
7305.685630281949,0.0
8836.029499701197,0.0
10239.701453980602,0.0
11333.331049254728,0.0
12026.834024799256,0.0
12341.744594949469,0.0
12396.54896200517,0.0
12365.793235127943,0.0
12431.518137546596,0.0
12736.575420851754,0.0
13335.108200646664,0.0
14142.258094146122,0.0
14912.722385300396,0.0
15291.25418385683,0.0
14946.242442197372,0.0
13732.326410185115,0.0
11784.654663269635,0.0
9478.28426369002,0.0
7277.133509906981,0.0
5569.745944430257,0.0
4578.283274021321,0.0
4354.423965558656,0.0
4819.26607521637,0.0
5805.5292187854575,0.0
7092.436708710465,0.0
8442.957865936582,0.0
9647.128387121737,0.0
10561.025028718062,0.0
11128.682085002398,0.0
11382.65879688231,0.0
11426.672423016194,0.0
11405.217041210613,0.0
11466.141572843037,0.0
11722.591174404592,0.0
12217.522951725532,0.0
12892.779478714001,0.0
13573.191265430418,0.0
13988.458896467517,0.0
13852.006884663726,0.0
12983.337750425042,0.0
11414.167520297493,0.0
9406.198256483363,0.0
7359.559488358065,0.0
5667.718150415326,0.0
4602.738729685416,0.0
4272.94854166547,0.0
4637.092736753915,0.0
5541.029689633477,0.0
6761.497037569881,0.0
8057.918387177504,0.0
9227.260293713158,0.0
10143.380874049135,0.0
10764.552573207444,0.0
11113.547433852576,0.0
11252.195742834518,0.0
11267.772555156525,0.0
11268.076066547514,0.0
11367.542744710085,0.0
11651.109083396648,0.0
12121.87424486676,0.0
12660.282034144928,0.0
13031.158829804928,0.0
12958.373424122787,0.0
12246.531590532853,0.0
10888.405766146256,0.0
9091.784353545709,0.0
7206.145858911954,0.0
5595.363105132814,0.0
4529.48842704297,0.0
4137.360885124577,0.0
4411.335933398638,0.0
5234.533875382191,0.0
6414.348213813697,0.0
7723.788800649388,0.0
8951.413945677365,0.0
9947.164408800583,0.0
10645.240761906514,0.0
11057.940553772956,0.0
11253.845526379637,0.0
11338.136484340745,0.0
11437.309342384091,0.0
11674.417418734525,0.0
12121.51909878136,0.0
12738.361911114986,0.0
13336.323639982753,0.0
13615.466612325068,0.0
13285.80077408072,0.0
12216.700556553276,0.0
10520.123643155828,0.0
8512.1137073988,0.0
6585.063637955949,0.0
5078.0581386830645,0.0
4208.1848018493065,0.0
4061.7823994076557,0.0
4609.5470087910235,0.0
5721.51528812218,0.0
7186.174141282692,0.0
8748.396320814087,0.0
10165.040583505206,0.0
11258.565136983532,0.0
11949.552642157985,0.0
12264.614080721445,0.0
12324.718159804115,0.0
12315.300814671453,0.0
12436.098815612066,0.0
12835.886905471652,0.0
13547.592428881968,0.0
14446.143595512889,0.0
15253.587673139964,0.0
15609.782372674159,0.0
15202.769813680468,0.0
13912.068804891198,0.0
11887.79655478292,0.0
9509.775114905584,0.0
7245.27256529061,0.0
5490.490068535495,0.0
4477.421777203395,0.0
4263.776591559323,0.0
4769.05873355274,0.0
5817.420498338141,0.0
7175.9515090316245,0.0
8596.032072508908,0.0
9859.810346239728,0.0
10820.299728748334,0.0
11422.327166443341,0.0
11702.072166632168,0.0
11771.189364970056,0.0
11790.682365844556,0.0
11934.247062678343,0.0
12338.263613500225,0.0
13041.895958365232,0.0
13937.305821230062,0.0
14763.909157191221,0.0
15172.865501057946,0.0
14854.504144613815,0.0
13678.750816635622,0.0
11774.666374599838,0.0
9497.414376850826,0.0
7297.247948793244,0.0
5566.658235496521,0.0
4544.546389132611,0.0
4300.731547518736,0.0
4769.0569598685,0.0
5787.640456736362,0.0
7132.326979461396,0.0
8554.156490010302,0.0
9829.042292670922,0.0
10807.090957860448,0.0
11438.490310593772,0.0
11766.381621519296,0.0
11899.04853914959,0.0
11979.970414845346,0.0
12160.520947266421,0.0
12564.84587782653,0.0
13238.772755970964,0.0
14096.577665638528,0.0
14901.348268934551,0.0
15313.706516338787,0.0
15012.781174287908,0.0
13845.525225853384,0.0
11923.908643078998,0.0
9603.2930201947,0.0
7348.213411557588,0.0
5567.787300681955,0.0
4510.51563418727,0.0
4245.5031459989905,0.0
4696.627310895987,0.0
5688.315729539155,0.0
6989.091587685518,0.0
8357.160136548151,0.0
9586.30945125108,0.0
10539.84721325476,0.0
11163.977548430164,0.0
11484.225585880507,0.0
11592.781265659718,0.0
11628.744008845068,0.0
11747.677898264523,0.0
12077.991600796599,0.0
12667.502161003556,0.0
13435.091891971784,0.0
14156.274098401738,0.0
14512.504127899852,0.0
14206.932904873855,0.0
13102.583482317103,0.0
11307.090907436732,0.0
9148.314322584349,0.0
7052.840330179277,0.0
5400.371142477115,0.0
4427.9694795279665,0.0
4206.789670817968,0.0
4667.051033944201,0.0
5640.517896617014,1.0
6907.748760171328,1.0
8246.8454435162,0.0
9473.168965368874,0.0
10453.877526904776,0.0
11097.39301251153,1.0
11347.436254967375,1.0
11211.629839327035,0.0
10811.29739213633,0.0
10383.236663104577,0.0
10173.183196975033,0.0
10266.32033065877,0.0
10506.458826146276,0.0
10611.607961349699,0.0
10396.26293134432,0.0
9879.599639842521,0.0
9183.31309661649,0.0
8369.426189563037,0.0
7420.774522506569,0.0
6364.584203697683,0.0
5365.356044316926,0.0
4675.784658084847,0.0
4504.836261226063,0.0
4921.111702325998,0.0
5841.004784154757,0.0
7078.0824985786885,0.0
8412.989527428146,0.0
9654.92829164418,0.0
10678.676669317781,0.0
11430.234354877215,0.0
11910.733338511422,0.0
12158.717139106278,0.0
12243.980446776915,0.0
12268.145391678285,0.0
12352.861148254859,0.0
12600.291662775628,0.0
13032.031084132492,0.0
13539.034075596968,0.0
13884.956528307152,0.0
13783.760589049702,0.0
13027.32953651436,0.0
11598.717874751124,0.0
9704.418808776549,0.0
7704.8004540511165,0.0
5985.5185507864435,0.0
4841.655510015544,0.0
4419.669929393406,0.0
4714.780928348351,0.0
5599.1494737291505,0.0
6864.60237901941,0.0
8274.882661542932,0.0
9619.114056205282,0.0
10750.719607934503,0.0
11599.797695235602,0.0
12161.798364179213,0.0
12478.784967706102,0.0
12629.049806339832,0.0
12725.366430685744,0.0
12902.257377324264,0.0
13268.83340382073,0.0
13830.869473614246,0.0
14429.110906851682,0.0
14757.455946782502,0.0
14483.67393165424,0.0
13418.911352343484,0.0
11633.740549825008,0.0
9446.847650083451,0.0
7298.627573471737,0.0
5593.429115867194,0.0
4593.480814396686,0.0
4389.694905890854,0.0
4923.048064603149,0.0
6022.455716829136,0.0
7446.786812680695,0.0
8934.256005748879,0.0
10256.453900300443,0.0
11262.102405264959,0.0
11897.757493014418,0.0
12206.372479801837,0.0
12311.265507179567,0.0
12387.684118962545,0.0
12619.60829906225,0.0
13143.16187138467,0.0
13984.843894470778,0.0
15012.437913123602,0.0
15929.213852184292,0.0
16344.21621829541,0.0
15920.178478143765,0.0
14539.542192590692,0.0
12388.144358568741,0.0
9893.702306201762,0.0
7556.5062028012835,0.0
5780.003559076581,0.0
4784.991851275152,0.0
4610.835555898497,0.0
5157.737853092658,0.0
6233.375990804333,0.0
7596.664592214559,0.0
9002.800344349354,0.0
10245.9808519306,0.0
11190.823827104066,0.0
11789.184430426862,0.0
12083.858505713935,0.0
12196.877446711507,0.0
12297.828434952715,0.0
12555.885402637281,0.0
13087.516035477083,0.0
13908.81057848908,0.0
14898.612123955887,0.0
15790.53585262266,0.0
16225.31489003518,0.0
15876.582970437072,0.0
14606.648645079857,0.0
12560.49179938079,0.0
10128.410790339718,0.0
7797.04490307998,0.0
5982.918290402573,0.0
4933.793310028349,0.0
4713.32883097359,0.0
5232.980862239977,0.0
6297.093583927532,0.0
7652.388709145057,0.0
9042.60400786051,0.0
10259.836728450946,0.0
11178.029206217745,0.0
11763.125662303342,0.0
12067.156101987748,0.0
12214.148800315483,0.0
12375.651947057557,0.0
12728.085565503834,0.0
13390.893855381819,0.0
14360.013596380828,0.0
15466.50351366968,0.0
16392.685998226127,0.0
16759.756467965744,0.0
16267.210313587802,0.0
14829.68303927436,0.0
12639.882358337349,0.0
10112.640305667663,0.0
7735.084565666862,0.0
5908.117600159909,0.0
4856.654344591738,0.0
4621.726450584703,0.0
5098.279580528548,0.0
6084.791799922555,0.0
7335.113938299921,0.0
8611.224639985769,0.0
9727.667421799042,0.0
10576.669616533029,0.0
11133.204046964518,0.0
11447.300297484971,0.0
11628.305083132442,0.0
11819.422018000178,0.0
12161.461773151064,0.0
12749.51385239454,0.0
13588.517251688902,0.0
14557.26665267892,0.0
15401.763595822455,0.0
15786.368324995294,0.0
15411.2796791362,0.0
14154.928749886536,0.0
12159.471728888378,0.0
9797.448338181957,0.0
7534.999296789242,0.0
5774.173838244348,0.0
4753.8158184156855,0.0
4530.052068756464,0.0
5008.221157625774,0.0
5992.749250133112,0.0
7240.255783164745,0.0
8512.514267731181,0.0
9622.05496965265,0.0
10458.585831019505,0.0
10992.04169852141,0.0
11260.335203621624,0.0
11352.100707940863,0.0
11386.600209641294,0.0
11488.78550176617,0.0
11760.36351792859,0.0
12248.886102323031,0.0
12915.5714731702,0.0
13610.396789151617,0.0
14079.810887588243,0.0
14034.562780873868,0.0
13271.342752258699,0.0
11789.146054140143,0.0
9823.55213181239,0.0
7769.405558935111,0.0
6037.900185762022,0.0
4929.323550245305,0.0
4572.988069689071,0.0
4932.305567930127,0.0
5846.29706870101,0.0
7085.228782854241,0.0
8409.975288241272,0.0
9623.936446035139,0.0
10602.297155966768,0.0
11291.79532171439,0.0
11691.77528796926,0.0
11837.036271623556,0.0
11794.449180954629,0.0
11667.122276736427,0.0
11587.222572468265,0.0
11680.452665549463,0.0
12003.715334621309,0.0
12484.821220701251,0.0
12909.291856068658,0.0
12984.402118519996,0.0
12465.784532214497,0.0
11284.250526883028,0.0
9598.581576620612,0.0
7742.044989137764,0.0
6097.867702468748,0.0
4975.683182174653,0.0
4541.483525937009,0.0
4806.415713908402,0.0
5651.857855245062,0.0
6871.343115213535,0.0
8222.720744426142,0.0
9484.412951057255,0.0
10499.933228399135,0.0
11193.471588274913,0.0
11556.533957561327,0.0
11626.659066957422,0.0
11480.063960175665,0.0
11236.918195458451,0.0
11054.263748212905,0.0
11082.864729047218,0.0
11393.001153659345,0.0
11908.632628985326,0.0
12399.88802048031,0.0
12557.625498880003,0.0
12125.438594138208,0.0
11024.555756257838,0.0
9403.75487517143,0.0
7587.371600601515,0.0
5955.439680665961,0.0
4823.739880775906,0.0
4374.172886585683,0.0
4640.810660375268,0.0
5528.798105993037,0.0
6847.306878035666,0.0
8353.697720819939,0.0
9808.349116131978,0.0
11027.533195718841,0.0
11913.778471632597,0.0
12454.127848004106,0.0
12699.07171513172,0.0
12745.03264900871,0.0
12727.650907340221,0.0
12805.546595987615,0.0
13107.240366867238,0.0
13646.35696569692,0.0
14258.454941787344,0.0
14625.408803244936,0.0
14404.032469395246,0.0
13397.904666729964,0.0
11670.454274130778,0.0
9532.150083060276,0.0
7417.969177309756,0.0
5735.864775502619,0.0
4763.714408889775,0.0
4616.782600517556,0.0
5258.889919725647,0.0
6526.13178916333,0.0
8158.969350438378,0.0
9855.551235598574,0.0
11343.830626388568,0.0
12445.193442208987,0.0
13103.499002942242,0.0
13378.42449938375,0.0
13417.363874082908,0.0
13415.25625870752,0.0
13565.525274967154,0.0
14006.445909778835,0.0
14768.1623032469,0.0
15729.751874382768,0.0
16610.106834716524,0.0
17025.959627705408,0.0
16627.152518624105,0.0
15261.801359803067,0.0
13075.729605896946,0.0
10472.157092724681,0.0
7950.364349875904,0.0
5925.975793065444,0.0
4630.920133501065,0.0
4111.990359458502,0.0
4280.37675711505,0.0
4962.234950126998,0.0
5937.092189740562,0.0
6975.53233419482,0.0
7882.5323142631305,0.0
8536.774092709109,0.0
8912.302245731917,1.0
9079.904700578074,0.0
9187.854892611815,0.0
9419.333376501789,0.0
9919.042366662476,0.0
10705.730542581436,0.0
11623.855917698336,0.0
12394.507494966225,0.0
12759.414741670254,0.0
12610.804084121723,0.0
11991.848642204352,0.0
10990.216759474411,0.0
9671.06084273011,0.0
8127.9263836714645,0.0
6560.662610808758,0.0
5257.136585989834,0.0
4482.81305973591,0.0
4376.18041316128,0.0
4915.484474801201,0.0
5948.540500422276,0.0
7249.720565424381,0.0
8579.474445334965,0.0
9733.261301762881,0.0
10574.17823542232,0.0
11047.867454580308,0.0
11188.64039246463,0.0
11117.999889769788,0.0
11025.510872745159,0.0
11119.06864288172,0.0
11548.768653195291,0.0
12332.682419844488,0.0
13320.482904309398,0.0
14216.18138014409,0.0
14660.50570110621,0.0
14356.072969244837,0.0
13194.904122425765,0.0
11324.977641090889,0.0
9108.042670606193,0.0
6985.825245360374,0.0
5331.2412456697,0.0
4358.6697434710095,0.0
4112.791103964337,0.0
4507.670001240742,0.0
5378.90009697091,0.0
6527.722315966998,0.0
7753.223132472196,0.0
8877.465817735796,0.0
9768.4146923645,0.0
10360.270035945014,0.0
10664.862890264754,0.0
10766.777235312718,0.0
10799.069189846045,0.0
10904.015666977739,0.0
11189.0007325239,0.0
11687.141762518682,0.0
12329.512833323506,0.0
12939.234497365087,0.0
13263.786659345238,0.0
13054.674804025886,0.0
12174.011172582328,0.0
10675.109819198691,0.0
8804.664821621443,0.0
6920.3605611877,0.0
5372.007088376808,0.0
4407.324122934363,0.0
4130.96115942435,0.0
4508.333709097318,0.0
5395.278766234724,0.0
6582.174690524516,0.0
7845.713201295967,0.0
8997.362734571609,0.0
9914.27314842042,0.0
10544.85315348625,0.0
10895.443917945018,0.0
11014.407252630124,0.0
10984.24312857685,0.0
10916.10204406394,0.0
10930.990040619641,0.0
11119.101584043117,0.0
11487.785255944988,0.0
11926.0694254617,0.0
12216.748105736775,0.0
12108.820091117133,0.0
11427.617424460572,0.0
10167.911747224434,0.0
8515.081013866515,0.0
6780.686854699244,0.0
5292.379015241625,0.0
4298.554910754619,0.0
3923.0441508608087,0.0
4165.058439700234,0.0
4922.159226127283,0.0
6022.623911786307,0.0
7265.612649694161,0.0
8465.251748470573,0.0
9485.22608724779,0.0
10251.759673273253,0.0
10748.662698375976,0.0
11009.974697498314,0.0
11117.74363313932,0.0
11194.028976543992,0.0
11369.959044324753,0.0
11728.357705011405,0.0
12240.487516112176,0.0
12736.146477891105,0.0
12943.31101204519,0.0
12598.831997747602,0.0
11580.054656727227,0.0
9980.708035814925,0.0
8084.584934800613,0.0
6257.734200582648,0.0
4827.2296295221695,0.0
4004.7993160681654,0.0
3866.960429411045,0.0
4368.07043155404,0.0
5363.253419244453,0.0
6639.008840066699,0.0
7959.663064442125,0.0
9124.061612021726,0.0
10008.72607738025,0.0
10578.442856632833,0.0
