0.301262229806489,0.0
0.3196208001752093,0.0
0.33913308037897805,0.0
0.35901212473700267,0.0
0.3779970018294412,0.0
0.3947261285420664,0.0
0.40754595168431407,0.0
0.4137842997579494,0.0
0.4097880996676648,0.0
0.3927370205847366,0.0
0.3632242126337752,0.0
0.32621133166840716,0.0
0.2892098217646688,0.0
0.2590740274167119,0.0
0.23971727858662717,0.0
0.23171292455529227,0.0
0.23316581579746376,0.0
0.24097149352416353,0.0
0.2520466975641755,0.0
0.2642593786237424,0.0
0.27671686463164213,0.0
0.28938170339145725,0.0
0.30250304210845963,0.0
0.31643104490447743,0.0
0.3318371154802956,0.0
0.34981331103186325,0.0
0.3713304420013058,0.0
0.3961442518689251,0.0
0.4219222475795659,0.0
0.4443564770309347,0.0
0.4582914470999412,0.0
0.4592968111617801,0.0
0.44511254798595984,0.0
0.4166266731937866,0.0
0.3780126153192781,0.0
0.3357564830886666,0.0
0.29684801310084596,0.0
0.26692440274687423,0.0
0.2490744706528168,0.0
0.2435221137165397,0.0
0.24810301786783157,0.0
0.2593785911860376,0.0
0.27400736453822444,0.0
0.28964896372444326,0.0
0.30491692077752136,0.0
0.31882204523485214,0.0
0.3306792833945682,0.0
0.3407564867232144,0.0
0.35083463605986237,0.0
0.3636638790363832,0.0
0.38127541386035546,0.0
0.4032001635853941,0.0
0.4258771052871694,0.0
0.44376755542910185,0.0
0.4515242724848529,0.0
0.44593773812620785,0.0
0.4267222061476396,0.0
0.39614743218862103,0.0
0.35818546005107355,0.0
0.31769955853832055,0.0
0.27965877492962454,0.0
0.24819845066668034,0.0
0.2257820187130698,0.0
0.21299221943766283,0.0
0.2090239497114255,0.0
0.21230077641817707,0.0
0.22073428466806003,0.0
0.2318447412248167,0.0
0.24330329973654236,0.0
0.25390617447698755,0.0
0.26425388419893003,0.0
0.27641659657566037,0.0
0.29273830567518966,0.0
0.31459881030434417,0.0
0.3418101481883401,0.0
0.37257160045861876,0.0
0.40360559352273795,0.0
0.4304413597955823,0.0
0.44819123501790054,0.0
0.45287655981958913,0.0
0.4426963393541319,0.0
0.41849592512730127,0.0
0.3833790132872272,0.0
0.34205673262636405,0.0
0.30029583546115285,0.0
0.26410638435932215,0.0
0.23830757022133572,0.0
0.22500129725955662,0.0
0.22305850178892017,0.0
0.22910648562760752,0.0
0.23938132754025462,0.0
0.25131485657223074,0.0
0.2640675073840047,0.0
0.27796921030535965,0.0
0.2935739172199954,0.0
0.3111724158190793,0.0
0.3310249648779275,0.0
0.3537139829075227,0.0
0.3798950096940383,0.0
0.4092542766496965,0.0
0.4392296658664354,0.0
0.46457811471240934,0.0
0.47869792759886576,0.0
0.4764328269615865,0.0
0.4566313475861047,0.0
0.42262357043146653,0.0
0.3804194993258694,0.0
0.3362515987787495,0.0
0.2952033509705806,0.0
0.2611469530292175,0.0
0.23691881536381296,0.0
0.22394505234359552,0.0
0.22166313718192804,0.0
0.22758230812089278,0.0
0.23823217080000747,0.0
0.25048245290727145,0.0
0.2625416591493058,0.0
0.27427793759321906,0.0
0.2868646192959357,0.0
0.3019845339021975,0.0
0.3210309173694616,0.0
0.3446649825899055,0.0
0.37260055632883515,0.0
0.40319756294322834,0.0
0.4329385816974766,0.0
0.45656354239728897,0.0
0.4683777823201443,0.0
0.4642859706647543,0.0
0.4435372339809408,0.0
0.4092824047357175,0.0
0.36754544737899236,0.0
0.3250836768699874,0.0
0.28744697017798654,0.0
0.25825682398062416,0.0
0.2394284346773074,0.0
0.2313618347210679,0.0
0.2328425962371502,0.0
0.24127244483698787,0.0
0.25356946299170885,0.0
0.26722553442286073,0.0
0.2808844100189988,0.0
0.29447694192803836,0.0
0.30918115595751317,0.0
0.32702439519118837,0.0
0.34982307798984763,0.0
0.3779199773157022,0.0
0.40964122223729343,0.0
0.4417106729653225,0.0
0.4699407838992473,0.0
0.4897218619618375,0.0
0.4966799181570502,0.0
0.4878968529184215,0.0
0.4632191158950236,0.0
0.4256901475585881,0.0
0.3807617484469855,0.0
0.33481907777885056,0.0
0.2937835900484353,0.0
0.26210654674623557,0.0
0.2420801777713707,0.0
0.23351220516381324,0.0
0.23407491982234294,0.0
0.24045863803029094,0.0
0.24980775935065072,0.0
0.26059192981180773,0.0
0.2724961269297842,0.0
0.2856919968017479,0.0
0.3002135571615024,0.0
0.3159528137353503,0.0
0.3332487523275533,0.0
0.35341297505112146,0.0
0.3782497451465704,0.0
0.40822574674419304,0.0
0.4403665396240476,0.0
0.46789922584344823,0.0
0.4826766944300904,0.0
0.4789934598554778,0.0
0.4561642195078398,0.0
0.4184815516499623,0.0
0.3732510912282959,0.0
0.3283488232489061,0.0
0.29023263912642194,0.0
0.26279135848352514,0.0
0.24711112112069658,0.0
0.2419825656221387,0.0
0.24479315569744567,0.0
0.2525481857258982,0.0
0.262778994974695,0.0
0.27399877519009025,0.0
0.28550212871649444,0.0
0.2968674120841119,0.0
0.30783011789673487,0.0
0.3187209222813581,0.0
0.330894734258864,0.0
0.34640974574807193,0.0
0.3668122426407332,0.0
0.3916870019044553,0.0
0.4179914504728765,0.0
0.4406992418142068,0.0
0.4543825440055519,0.0
0.454913515169515,0.0
0.44072244809688543,0.0
0.41341154529874385,0.0
0.37751798196917635,0.0
0.33923567633230245,0.0
0.3044296932284628,0.0
0.2769653011508335,0.0
0.25829043957202513,0.0
0.2482011205725553,0.0
0.24577482065501347,0.0
0.2497282962187305,0.0
0.25840962159146896,0.0
0.2699827697194189,0.0
0.2828526880352307,0.0
0.29598895215597937,0.0
0.30904317082161764,0.0
0.32243340161651607,0.0
0.3373773771976144,0.0
0.35549912514675414,0.0
0.3778137428442109,0.0
0.40356795395879824,0.0
0.4297815198388299,0.0
0.4518915734043239,0.0
0.46508056013820914,0.0
0.4655590294740451,0.0
0.4514678486179695,0.0
0.4234459586799196,0.0
0.38481598930240063,0.0
0.3410960134001023,0.0
0.29876037066682876,0.0
0.26363747824679457,0.0
0.23950343718288955,0.0
0.22734096851498214,0.0
0.22555493032443932,0.0
0.23107416508356485,0.0
0.24077973336853326,0.0
0.25251611885631126,0.0
0.2653046921776278,0.0
0.2789339049353818,0.0
0.29344591931151265,0.0
0.3089670403671047,0.0
0.3259422207611747,0.0
0.3452763453018233,0.0
0.3677922202375207,0.0
0.3930114370957458,0.0
0.4181169341341062,0.0
0.4381313668240252,0.0
0.4476119091169938,0.0
0.44299915246908456,0.0
0.42418291552461534,0.0
0.3943691840033544,0.0
0.3585618582513802,0.0
0.3218094783787152,0.0
0.28819629380535083,0.0
0.2607385171317096,0.0
0.24164043574652672,0.0
0.23226728212452621,0.0
0.232757755085213,0.0
0.2418162364938624,0.0
0.257104473079621,0.0
0.27590667587535034,0.0
0.29546472682191016,0.0
0.3131181062383701,0.0
0.32707734527243193,0.0
0.3377644647126457,0.0
0.34818851031879194,0.0
0.36221207178919385,0.0
0.38187271762390756,0.0
0.4060058144116972,0.0
0.4308656440584572,0.0
0.45150160710047604,0.0
0.4627691938349005,0.0
0.46024558853217434,0.0
0.4417224668677562,0.0
0.4087734371225717,0.0
0.3668844509626975,0.0
0.32347130625527254,0.0
0.28503721567650325,0.0
0.2554590867442082,0.0
0.2361085608642891,0.0
0.22684469487228462,0.0
0.2266248817744352,0.0
0.2335183892394719,0.0
0.24481941541011185,0.0
0.25774730400749646,0.0
0.27037570957691454,0.0
0.2821114305445966,0.0
0.293531749402181,0.0
0.3059232353298165,0.0
0.32083929567388325,0.0
0.33967206791643306,0.0
0.36313841222978016,0.0
0.39060970998127564,0.0
0.4193881374129981,0.0
0.44445938390868334,0.0
0.459466137766021,0.0
0.4589863799299844,0.0
0.4409987476396449,0.0
0.40800097639418886,0.0
0.36610090879514007,0.0
0.3227646281112718,0.0
0.28452132648482664,0.0
0.2555676074551608,0.0
0.23744383038244374,0.0
0.2294396087186071,0.0
0.22935392769513469,0.0
0.23442856735055956,0.0
0.24229339998745744,0.0
0.2515620658824853,0.0
0.26174484715042173,0.0
0.2727532148506965,0.0
0.28472533059236876,0.0
0.29837441212077725,0.0
0.3151919480014402,0.0
0.3368171298780572,0.0
0.3637625214860841,0.0
0.39429701088576047,0.0
0.4241738089855532,0.0
0.4474860666095835,0.0
0.4584553633429049,0.0
0.4534204905195048,0.0
0.4321222714495004,0.0
0.3978047575607332,0.0
0.35625358477817165,0.0
0.3141854854450491,0.0
0.27751765037581366,0.0
0.25010765714389327,0.0
0.23340635192868833,0.0
0.2269310904204349,0.0
0.22897273610563781,0.0
0.23706704858193056,0.0
0.24830940040591795,0.0
0.25990676890133085,0.0
0.2700697751451071,0.0
0.27880570014084677,0.0
0.28797130353025924,0.0
0.30035287148982254,0.0
0.3182671459715641,0.0
0.3424704429356031,0.0
0.37181271465375787,0.0
0.4034851324269321,0.0
0.4334779778414773,0.0
0.4570429146600878,0.0
0.4693091844458503,0.0
0.46635455486697286,0.0
0.4467181663203818,0.0
0.4126406964344207,0.0
0.3699204495910602,0.0
0.3259526833396309,0.0
0.28706018211056505,0.0
0.25691432709532525,0.0
0.23673714670042192,0.0
0.22630891561844207,0.0
0.22453754202350912,0.0
0.22951238126947748,0.0
0.238771126875938,0.0
0.25001171114747706,0.0
0.26174291919962084,0.0
0.2735326212479547,0.0
0.2859672296476946,0.0
0.30035016308472956,0.0
0.31799733247481765,0.0
0.33940821235983853,0.0
0.36389807497927307,0.0
0.38981638062766016,0.0
0.41482905743141574,0.0
0.43588956175736654,0.0
0.44926488039424856,0.0
0.4512790260217793,0.0
0.43974676857181705,0.0
0.4151593813497082,0.0
0.38077096363714563,0.0
0.3416894113458654,0.0
0.303693106430164,0.0
0.2721756855917345,0.0
0.2511317475390738,0.0
0.24222158911197728,0.0
0.24439590677047782,0.0
0.2544986682120464,0.0
0.26861836776810255,0.0
0.2834545385137881,0.0
0.2970733533620362,0.0
0.3089671732394292,0.0
0.31971999977641974,0.0
0.330607084302001,0.0
0.34319286906361374,0.0
0.358796562571705,0.0
0.37786292742352284,0.0
0.39950805846947185,0.0
0.42143559683992887,0.0
0.44014936682158246,0.0
0.4514501700491852,0.0
0.4513996703922051,0.0
0.43766780606423616,0.0
0.4106447859950188,0.0
0.37364010950633036,0.0
0.3320085376038609,0.0
0.29161414672920993,0.0
0.25732463722612947,0.0
0.23214382566429892,0.0
0.21713400580674908,0.0
0.2118242813242135,0.0
0.2147043616347886,0.0
0.2236202850796639,0.0
0.2361491270348828,0.0
0.25011027233988503,0.0
0.2641689636271865,0.0
0.2781853794446724,0.0
0.2930285080978002,0.0
0.31006944567714495,0.0
0.3307140592655764,0.0
0.3558434564022062,0.0
0.3847625663487445,0.0
0.4140516480766037,0.0
0.43762516701295445,0.0
0.44874493466267046,0.0
0.4430066651410244,0.0
0.42035035159106504,0.0
0.38494711832080586,0.0
0.3434006176464423,0.0
0.3025561797640567,0.0
0.2679415286984409,0.0
0.2430529020496704,1.0
0.22919349199323868,1.0
0.22556619751017104,1.0
0.2295327137998275,0.0
0.23704197026198554,0.0
0.2431810791846047,0.0
0.24290598341486305,0.0
0.2322863616803345,0.0
0.21054461940424385,0.0
0.18217727547766283,0.0
0.15719189396700614,0.0
0.14786645374904037,0.0
0.16300129317354156,0.0
0.20319683260136417,0.0
0.2604218014190479,0.0
0.32186986499377446,0.0
0.3750103841864249,0.0
0.41084899778784567,0.0
0.42497796797852244,0.0
0.4176022156953238,0.0
0.39301629591538595,0.0
0.358087782384922,0.0
0.3199115093171727,0.0
0.28389824031766975,0.0
0.2533700563604943,0.0
0.23035014659369582,0.0
0.21623178069887508,0.0
0.21148006521317914,0.0
0.21487883029357174,0.0
0.2235180815301079,0.0
0.23400994905249026,0.0
0.24417909149136327,0.0
0.25394523830927357,0.0
0.26482648500470857,0.0
0.2786832462347445,0.0
0.29679484795449734,0.0
0.3197081054773737,0.0
0.34736224991279735,0.0
0.37876849079893665,0.0
0.4112039254386437,0.0
0.4397515033995403,0.0
0.45809781139053946,0.0
0.4606761113635422,0.0
0.4451540455107871,0.0
0.41378004023033965,0.0
0.3726059267229322,0.0
0.32899145844285965,0.0
0.289064296508839,0.0
0.2566450549303323,0.0
0.23363197701373065,0.0
0.22063053362705945,0.0
0.21693776361290393,0.0
0.22025543193027164,0.0
0.22712766276100496,0.0
0.23435563450618402,0.0
0.24051423179798784,0.0
0.24645242547218782,0.0
0.254493949221497,0.0
0.2670487391170223,0.0
0.28563148208339345,0.0
0.3106358214356134,0.0
0.3413588936492988,0.0
0.37570559302775597,0.0
0.40976972338389095,0.0
0.43804537444378333,0.0
0.4546194422829749,0.0
0.4549580062676961,0.0
0.43758845818283215,0.0
0.40498456214394735,0.0
0.36305567556090207,0.0
0.3191923235465779,0.0
0.2798473626633277,0.0
0.24905945581103017,0.0
0.22845439241056237,0.0
0.21798989424967521,0.0
0.21648233092310537,0.0
0.22180274094910313,0.0
0.2313072272215034,0.0
0.24270711132571396,0.0
0.2548639858142616,0.0
0.2679064375920923,0.0
0.2826179449264185,0.0
0.29961516882205164,0.0
0.31899249314949013,0.0
0.3406441939005069,0.0
0.36462794109760793,0.0
0.39066610285256187,0.0
0.41687017921547803,0.0
0.43902544531488374,0.0
0.4516413444462542,0.0
0.4503766365530581,0.0
0.434080679938055,0.0
0.4050357541355822,0.0
0.36762304814330804,0.0
0.3267789039273754,0.0
0.28725441434340004,0.0
0.25347882291677454,0.0
0.22914120443028727,0.0
0.21614120684536195,0.0
0.21371899656646087,0.0
0.2188992272772119,0.0
0.22827606434685122,0.0
0.2397386506366302,0.0
0.25278043419848556,0.0
0.2675151060179782,0.0
0.28371919441858623,0.0
0.3008586488721718,0.0
0.31883090146757104,0.0
0.33840089769737447,0.0
0.36060224714847633,0.0
0.3853032552331135,0.0
0.4099809961733037,0.0
0.4298356241346213,0.0
0.4394791060857128,0.0
0.4352356989771355,0.0
0.416686244284391,0.0
0.386700037966405,0.0
0.35020566245385676,0.0
0.3125897535143776,0.0
0.2785453865713171,0.0
0.2516026506033983,0.0
0.23405548272748197,0.0
0.22698254086836825,0.0
0.23037990158047156,0.0
0.24355546887742927,0.0
0.265582011209714,0.0
0.2951119539039423,0.0
0.3292027653226375,0.0
0.36228721155202614,0.0
0.3873305876109771,0.0
0.39946281687464985,0.0
0.3993410923001456,0.0
0.3930998473623706,0.0
0.3887842217556187,0.0
0.3920118954041547,0.0
0.4034550810270357,0.0
0.4188833297886283,0.0
0.43125251715371815,0.0
0.43379628053808134,0.0
0.42274298233057783,0.0
0.39844565814155997,0.0
0.36463426059468657,0.0
0.32655213052294907,0.0
0.2891839799819392,0.0
0.2563917829998821,0.0
0.23080546294095108,0.0
0.2137713346179418,0.0
0.20511542554936005,0.0
0.2032522506809002,0.0
0.2059888241915038,0.0
0.2115313304266304,0.0
0.21900403496496468,0.0
0.22842616606205743,0.0
0.2404634412960982,0.0
0.2560603047887681,0.0
0.2759395932328102,0.0
0.30014037082719447,0.0
0.3277368761717386,0.0
0.3566789852127273,0.0
0.3837479418592606,0.0
0.4048859099111851,0.0
0.4160796270595697,0.0
0.41455795295222536,0.0
0.39976619428780297,0.0
0.3736440330323049,0.0
0.3400714011999547,0.0
0.3037854335259559,0.0
0.26929909699212035,0.0
0.24021708563626853,0.0
0.21897812914427714,0.0
0.2067646557689671,0.0
0.20341859229866457,0.0
0.2075111455053208,0.0
0.2168376648555677,0.0
0.22924294569296758,0.0
0.24322789722300495,0.0
0.257932214269683,0.0
0.27281822924972854,0.0
0.28771255267332807,0.0
0.30325158956371095,0.0
0.320989501427547,0.0
0.3425544160291461,0.0
0.36814515819364024,0.0
0.39539078799218563,0.0
0.41945999065605016,0.0
0.4344938380815472,0.0
0.43566799101914755,0.0
0.42094106745458426,0.0
0.3917360946090628,0.0
0.35229968450330984,0.0
0.3082551355233766,0.0
0.2653233112435797,0.0
0.2286743985979294,0.0
0.20249152427949887,0.0
0.18917019441784888,0.0
0.18841125008790247,0.0
0.19717117369601114,0.0
0.2109655889684548,0.0
0.2258074039555154,0.0
0.23950000784981235,0.0
0.25169124045569874,0.0
0.2631468181118912,0.0
0.2750212062254917,0.0
0.28849431088931815,0.0
0.30456247466671477,0.0
0.32364148630714984,0.0
0.34499048157895323,0.0
0.3663836719529182,0.0
0.384404759859642,0.0
0.3953093032131611,0.0
0.3961048442873996,0.0
0.38548109849102347,0.0
0.3642594858107113,0.0
0.3351647924641984,0.0
0.30209664800084773,0.0
0.2693851586103124,0.0
0.2412422473305503,0.0
0.2211368766365763,0.0
0.21089212512374772,0.0
0.21000099742751488,0.0
0.21596008675081335,0.0
0.22566547091363964,0.0
0.23687385075899217,0.0
0.2486957510003024,0.0
0.2610996956470286,0.0
0.27425258930997726,0.0
0.28834129357402805,0.0
0.30379378235280513,0.0
0.32137567849068543,0.0
0.34183783841721793,0.0
0.36514331289432733,0.0
0.38957613893099063,0.0
0.4112844392517275,0.0
0.4249235241944566,0.0
0.4255585158562589,0.0
0.41094907711418843,0.0
0.3827914232815447,0.0
0.3461181460004533,0.0
0.3073349617962531,0.0
0.27217815463132894,0.0
0.24454343311953475,0.0
0.22623556591929045,0.0
0.21715036096157037,0.0
0.21561504523919675,0.0
0.21899748606474945,0.0
0.2246129449236035,0.0
0.2306146913525306,0.0
0.2365114041873307,0.0
0.24320783019889733,0.0
0.25260079453375794,0.0
0.2667607788983759,0.0
0.28693862458910036,0.0
0.31289809015960834,0.0
0.342912080634834,0.0
0.37417743018844807,0.0
0.40310126805418717,0.0
0.42537949479833304,0.0
0.43646986243346597,0.0
0.4329440920612202,0.0
0.41417129603644415,0.0
0.3830870628613622,0.0
0.3453240274340202,0.0
0.30718513777962414,0.0
0.27368421191389913,0.0
0.24764225506713214,0.0
0.22996019650238625,0.0
0.22043778930810462,0.0
0.2184054065290833,0.0
0.22288929854192546,0.0
0.23252774836007092,0.0
0.2455998287984836,0.0
0.2602924477077316,0.0
0.27512675970547507,0.0
0.2893713377665997,0.0
0.30323220926847566,0.0
0.3176594551030687,0.0
0.3338278115381816,0.0
0.3525402127785159,0.0
0.3736975173545634,0.0
0.39582783645096675,0.0
0.4157933997328943,0.0
0.4290582600624948,0.0
0.43085508849922743,0.0
0.418034998779086,0.0
0.3907306059779916,0.0
0.3528484505620961,0.0
0.31097987558775064,0.0
0.27225107771952944,0.0
0.24222882411807023,0.0
0.22380853516773022,0.0
0.2172074176312305,0.0
0.22058975720802146,0.0
0.23094953222645467,0.0
0.2450967771321561,0.0
0.2604610936215405,0.0
0.2753542704797919,0.0
0.2887965433230054,0.0
0.30046988526913376,0.0
0.3110425606797307,0.0
0.3224099487065215,0.0
0.3371496644845456,0.0
0.35709697837377463,0.0
0.38177297701577534,0.0
0.40770107781783516,0.0
0.42915315966745327,0.0
0.44005414619280714,0.0
0.43618442547249064,0.0
0.41671740613204783,0.0
0.3844633280254609,0.0
0.34479455608770715,0.0
0.30380249001687015,0.0
0.2665757533150495,0.0
0.23637626969554934,0.0
0.2147846973414903,0.0
0.20216272454947687,0.0
0.19785721369305173,0.0
0.20028302949448007,0.0
0.2073325240939385,0.0
0.2170762326269,0.0
0.22825871903244255,0.0
0.24033857908057943,0.0
0.25335535285870947,0.0
0.2679355230014998,0.0
0.2853259053121318,0.0
0.3070462684493826,0.0
0.3340041005300603,0.0
0.36540998054814217,0.0
0.39809355415770303,0.0
0.4267386072416284,0.0
0.4451991381752057,0.0
0.4484937710310688,0.0
0.43461450517219274,0.0
0.40532225327447946,0.0
0.3656068296539769,0.0
0.3220936622191841,0.0
0.28111120368101145,0.0
0.24727354060747253,0.0
0.22309384898767534,0.0
0.20940184179687116,0.0
0.20586263299784702,0.0
0.21114419357883188,0.0
0.2229177136350824,0.0
0.2381306437730036,0.0
0.25367814058498317,0.0
0.2672927295048388,0.0
0.2783539913103104,0.0
0.28820246841159214,0.0
0.2994991375550674,0.0
0.31475143828510327,0.0
0.3349202984754289,0.0
0.35895983133418724,0.0
0.38418880022046065,0.0
0.4068646214185852,0.0
0.4227625621975143,0.0
0.4280052114478534,0.0
0.42014283037208827,0.0
0.3990467960158609,0.0
0.36717838208615006,0.0
0.32909801003322414,0.0
0.29041486536131667,0.0
0.25656918327360173,0.0
0.2317964244081033,0.0
0.21837791780251356,0.0
0.21618533190304254,0.0
0.22279714557367145,0.0
0.2345251336943796,0.0
0.24804864668268364,0.0
0.2615923789155793,0.0
0.2748791916342088,0.0
0.28827964525508065,0.0
0.3022661642808389,0.0
0.3175887610678704,0.0
0.3354665848643999,0.0
0.35699163027061087,0.0
0.38189449115211954,0.0
0.4076145630541295,0.0
0.4294814462028158,0.0
0.44206658210817706,0.0
0.44105263984481885,0.0
0.42477239802505823,0.0
0.39485041576604113,0.0
0.35582365002044614,0.0
0.31395161681614464,0.0
0.2756594198160662,0.0
0.24613450562650546,0.0
0.22837980737166283,0.0
0.22275404416140498,0.0
0.2270596227202212,0.0
0.2374150883303247,0.0
0.2499191442917159,0.0
0.26234153678125166,0.0
0.2746146590497731,0.0
0.28770541213753326,0.0
0.30198883175790986,0.0
0.316767958817525,0.0
0.3313151977002877,0.0
0.3460996050181822,0.0
0.3626555638719049,0.0
0.38200250681947234,0.0
0.40298299071350563,0.0
0.42193323513323383,0.0
0.43394217466906,0.0
0.4348053293334212,0.0
0.4225685190231203,0.0
0.398093684926363,0.0
0.364676349918193,0.0
0.3270526630913081,0.0
0.29027164159932467,0.0
0.25884119463680094,0.0
0.23616462814621933,0.0
0.22403380928355854,0.0
0.22224796487434303,0.0
0.2287898870553057,0.0
0.24070060919013833,0.0
0.25514245916882883,0.0
0.2700444670759177,0.0
0.28424406670125507,0.0
0.2974142851883564,0.0
0.30994020785545556,0.0
0.32271563235331674,0.0
0.33683601586853806,0.0
0.35314398192771435,0.0
0.3715635231796714,0.0
0.39044137032896,0.0
0.4064713384093278,0.0
0.4156192620802608,0.0
0.41470892118149055,0.0
0.40269831573095843,0.0
0.38088890320401436,0.0
0.3521891321742952,0.0
0.3202160610352454,0.0
0.2888006109935224,0.0
0.26172555041972473,0.0
0.24215398843927724,0.0
0.23171060053714027,0.0
0.22995311158590737,0.0
0.234888347913524,0.0
0.24420323157444707,0.0
0.2561602151337017,0.0
0.26963940446922696,0.0
0.2838388446066127,0.0
0.2982584070169779,0.0
0.3128672772763503,0.0
0.32803534842900395,0.0
0.34423008926538085,0.0
0.36173244950604755,0.0
0.3803326788156203,0.0
0.3988055499233948,0.0
0.414371490364928,0.0
0.4228360396004443,0.0
0.41993738139360676,0.0
0.40345562926821454,0.0
0.3746730349477806,0.0
0.33807875037025836,0.0
0.29965136598174186,0.0
0.2650148345625705,0.0
0.2383012585772569,0.0
0.22165255609868603,0.0
0.2151397411992516,0.0
0.21719769025854277,0.0
0.22552629422342269,0.0
0.2379614064576263,0.0
0.25284764025752676,0.0
0.26895158063474056,0.0
0.2853253504181895,0.0
0.30136380078498587,0.0
0.3169732569073006,0.0
0.33265615958077016,0.0
0.3493756712513872,0.0
0.3681183044005748,0.0
0.38914149950324395,0.0
0.4111110618056065,0.0
0.430602389446848,0.0
0.4425638933940684,0.0
0.44197844853238105,0.0
0.4261219285702241,0.0
0.39609013236043794,0.0
0.3565377854449187,0.0
0.3138374063395018,0.0
0.2739187877903189,0.0
0.2409320355646384,0.0
0.21696798505983073,0.0
0.20246566323759888,0.0
0.1968651800661817,0.0
0.19916965451011737,0.0
0.20815982293873164,0.0
0.2223099630136399,0.0
0.2397623686557626,0.0
0.25863621393268993,0.0
0.2774805791641709,0.0
0.2954846828392076,0.0
0.31242123262294363,0.0
0.3286110201204501,0.0
0.344882278345489,0.0
0.3620864192619814,0.0
0.38006349077398743,0.0
0.39668636214083725,0.0
0.4078984768387257,0.0
0.4091453609390069,0.0
0.39757588000461275,0.0
0.3736326515303431,0.0
0.34095590500728123,0.0
0.3047805092592914,0.0
0.270027264379008,0.0
0.24021860700982037,0.0
0.21742504688995098,0.0
0.20267720042308146,0.0
0.19622364074705714,0.0
0.1975026383681202,0.0
0.20510060826129375,0.0
0.2169920808294428,0.0
0.23111138158367342,0.0
0.2459880423516473,0.0
0.26103632674620814,0.0
0.27643212673103845,0.0
0.2928732857957348,0.0
0.31138558872362543,0.0
0.33288787595101654,0.0
0.3572716246841898,0.0
0.3823929177839826,0.0
0.4038967075922694,0.0
0.4164725328823829,0.0
0.41606016535473805,0.0
0.401655825804411,0.0
0.37562777538765796,0.0
0.3425637422290243,0.0
0.30757927577221883,0.0
0.27509594341391386,0.0
0.2484528156267707,0.0
0.22994803702196517,0.0
0.2206831294352279,0.0
0.22013685559006754,0.0
0.22609898453355973,0.0
0.23549353944093968,0.0
0.24569901990546597,0.0
0.25537810242990583,0.0
0.2643737904392348,0.0
0.273207067030313,0.0
0.28291556374762844,0.0
0.2952055267496799,0.0
0.31224951530719697,0.0
0.3356370129353921,0.0
0.3648471457181065,0.0
0.39628067941129874,0.0
0.42373430986423033,0.0
0.4402818186440473,0.0
0.4406924392184545,0.0
0.42336439616784033,0.0
0.39103577269161066,0.0
0.3498935072143091,0.0
0.30736165158723106,0.0
0.2697625528469637,0.0
0.24114201476781916,0.0
0.2233285201236373,0.0
0.2162321012125478,0.0
0.21789306751471918,0.0
0.22489777393845628,0.0
0.23364982658166783,0.0
0.24182279787759986,0.0
0.24892014071861523,0.0
0.25574859553272195,0.0
0.26353794349903564,0.0
0.27350031749363635,0.0
0.2868705886573107,0.0
0.3047859199638568,0.0
0.3275436960061628,0.0
0.35373101976135857,0.0
0.3801594576414517,0.0
0.40277547126331564,0.0
0.4177418218116847,0.0
0.42203344651882935,0.0
0.4137846204113117,0.0
0.39288944683492266,0.0
0.36164188513093587,0.0
0.3246422791374336,0.0
0.2876749818131159,0.0
0.25612844615707586,0.0
0.23371906975468923,0.0
0.22185009018728843,0.0
0.21961166847790184,0.0
0.22441955353856957,0.0
0.23318337186551794,0.0
0.24358034491792252,0.0
0.2547632344978965,0.0
0.26709549305102576,0.0
0.28120941064571303,0.0
0.29722320670426416,0.0
0.31474459584761083,0.0
0.33351655860884344,0.0
0.3539003397213691,0.0
0.376439343479845,0.0
0.4005008393540683,0.0
0.42306038382900696,0.0
0.43899848056218815,0.0
0.4431597671103438,0.0
0.4328366027040294,0.0
0.40897324824775616,0.0
0.37555546888447455,0.0
0.3379727571482031,0.0
0.3014836418766163,0.0
0.2704112355140839,0.0
0.24795862378409544,0.0
0.2360689253672272,0.0
0.23496992968161037,0.0
0.24278282225162534,0.0
0.25589859357086076,0.0
0.27024243307070356,0.0
0.2827626377087127,0.0
0.292387119415152,0.0
0.3001228711237296,0.0
0.3083191105595641,0.0
0.3193645800553342,0.0
0.33446353965486564,0.0
0.3531734292176902,0.0
0.3737753551154671,0.0
0.3938841666472987,0.0
0.41072955058194244,0.0
0.4211935270752245,0.0
0.4221316243135511,0.0
0.41127052178245344,0.0
0.38834648604010846,0.0
0.3557834713866702,0.0
0.31842019861181564,0.0
0.2823673499473966,0.0
0.2534591114256332,0.0
0.2357732920168447,0.0
0.23061281812356776,0.0
0.2363496721106943,0.0
0.24932990186003562,0.0
0.2654442337801291,0.0
0.28149937734747355,0.0
0.29582018350650624,0.0
0.308189949351211,0.0
0.31950036046855,0.0
0.3312788998932941,0.0
0.3451409975833186,0.0
0.3622640919757664,0.0
0.3829459134202875,0.0
0.4061776036204787,0.0
0.429316938839639,0.0
0.44822961053153193,0.0
0.4581747497642027,0.0
0.45521947377331684,0.0
0.4376126712633853,0.0
0.40656513129428506,0.0
0.3661025505302026,0.0
0.3220051541700411,0.0
0.28030364812335873,0.0
0.24598927299925227,0.0
0.22226401794510428,0.0
0.21020873063256457,0.0
0.20875589176779555,0.0
0.21514108936743537,0.0
0.22596130946241547,0.0
0.23849801974159296,0.0
0.2515887218072277,0.0
0.2655419776002526,0.0
0.28123551286644755,0.0
0.299118912417083,0.0
0.3188470806517811,0.0
0.3396285616843641,0.0
0.36067731434794575,0.0
0.3811587874750039,0.0
0.3996771375876976,0.0
0.413884463244284,0.0
0.4207460219162198,0.0
0.4175265248249649,0.0
0.40300811796181585,0.0
0.3782140591827905,0.0
0.34621375928902987,0.0
0.31121337089670614,0.0
0.27750198031572404,0.0
0.24871020743945757,0.0
0.22743694370968065,0.0
0.2150464190723972,0.0
0.21152880363007176,0.0
0.21553692537025468,0.0
0.2247223987169518,0.0
0.23635268993221692,0.0
0.24808320659696392,0.0
0.2586950725455087,0.0
0.2684664082606924,0.0
0.2788980660520876,0.0
0.2918786852418713,0.0
0.3087533248018688,0.0
0.32970182972407447,0.0
0.35347538611554713,0.0
0.37739587394040336,0.0
0.39766814425280445,0.0
0.4101027725839916,0.0
0.411176248663726,0.0
0.3991424053103103,0.0
0.37482467429493094,0.0
0.34169567891062,0.0
0.3050604095289272,0.0
0.27058349856785596,0.0
0.24279578687296016,0.0
0.22423182485290225,0.0
0.2154030779108643,0.0
0.2152900553435445,0.0
0.22188797944120284,0.0
0.2326359023669198,0.0
0.24489667585348138,0.0
0.25660007009203323,0.0
0.2668746403759947,0.0
0.27630927716123577,0.0
0.2866067145557649,0.0
0.299710268793133,0.0
0.31685052192193636,0.0
0.33802492279000174,0.0
0.36199502225595914,0.0
0.3863840778418413,0.0
0.40758127806742817,0.0
0.42087787243233477,0.0
0.4215598158254416,0.0
0.4069266271060611,0.0
0.3780402958290954,0.0
0.3397930528247525,0.0
0.29908112998469333,0.0
0.26238402480629486,0.0
0.2342350361950488,0.0
0.21687991467983156,0.0
0.21041456051797242,0.0
0.21298917080364735,0.0
0.22140416369263916,0.0
0.2323058923351732,0.0
0.2434101756626306,0.0
0.2539345019315388,0.0
0.2641134192495571,0.0
0.2744725672627683,0.0
0.2855546498487417,0.0
0.2980725306140249,0.0
0.3129252206084712,0.0
0.33070941577433843,0.0
0.3509921325371227,0.0
0.37188717373337365,0.0
0.39021184608309417,0.0
0.4021274115825849,0.0
0.40405751803569134,0.0
0.39374980848093283,0.0
0.37130579356565524,0.0
0.33974664960064443,0.0
0.30455376353686053,0.0
0.27204787393957436,0.0
0.2472817030289209,0.0
0.23257598279222477,0.0
0.22741200527569322,0.0
0.22945659336510787,0.0
0.2359195978894285,0.0
0.2445275500930584,0.0
0.25387681475545465,0.0
0.26336723410129587,0.0
0.2730721057392345,0.0
0.28365388096486194,0.0
0.2961656683429683,0.0
0.31166311875580216,0.0
0.33079122173779385,0.0
0.35340539626306683,0.0
0.37810882750957503,0.0
0.4018306110557641,0.0
0.41999790144576366,0.0
0.42774572877525974,0.0
0.42180634691182456,0.0
0.40200290341141093,0.0
0.37145772039067715,0.0
0.33549477847625714,0.0
0.299921159290804,0.0
0.26948515098946585,0.0
0.2470646000485663,0.0
0.23366555369727096,0.0
0.22885503138269067,0.0
0.23119716038908877,0.0
0.23863245954121104,0.0
0.2489875719583551,0.0
0.26060180027225477,0.0
0.2727370652348138,0.0
0.28548045142410616,0.0
0.2992842130765114,0.0
0.31457865384628425,0.0
0.3317417431058006,0.0
0.3512039670031824,0.0
0.3732357091007568,0.0
0.39725788802930445,0.0
0.42113124879396363,0.0
0.4411050486294039,0.0
0.4526983167730798,0.0
0.45214239445583837,0.0
0.43767218111828887,0.0
0.41015556522488406,0.0
0.3729886910091906,0.0
0.3314641086556634,0.0
0.29175436729271176,0.0
0.2595848090860382,0.0
0.2388759521593121,0.0
0.23087175056951825,0.0
0.2341188743545673,0.0
0.24525248479993345,0.0
0.26027291274139025,0.0
0.275932926696204,0.0
0.2907291149155267,0.0
0.30494232713364644,0.0
0.3197280841494796,0.0
0.3360053436280631,0.0
0.3540024007735047,0.0
0.37345804939910515,0.0
0.393749345064479,0.0
0.4134692372232369,0.0
0.42992469060423877,0.0
0.43946214067815254,0.0
0.43885192425083375,0.0
0.4268560313975285,0.0
0.40475688991028913,0.0
0.3755251459746822,0.0
0.34244714874863724,0.0
0.30828927222496816,0.0
0.27536377891155855,0.0
0.24601638387909475,0.0
0.2227274830316953,0.0
0.2074654058106823,0.0
0.2008261172889367,0.0
0.2018840041136364,0.0
0.20891433012164423,0.0
0.22014970230792352,0.0
0.23390977922844605,0.0
0.24851884647674052,0.0
0.2627995648579015,0.0
0.2769521659794947,0.0
0.292787496819577,0.0
0.31274715952814364,0.0
0.3382921329898296,0.0
0.3686318826213728,0.0
0.4003318838874563,0.0
0.42793433223964766,0.0
0.4454918008169653,0.0
0.4484687578020018,0.0
0.435154834945855,0.0
0.40711265956257775,0.0
0.36876876299854355,0.0
0.32638497583251924,0.0
0.2865812850713303,0.0
0.25477575525186213,0.0
0.23406360811519752,0.0
0.22486858432656417,0.0
0.22535822441331477,0.0
0.23242508537633175,0.0
0.24289693733947604,0.0
0.25457206363507395,0.0
0.26666926291508275,0.0
0.27947443328355065,0.0
0.29346021327761057,0.0
0.30863971568905824,0.0
0.32473175739876337,0.0
0.34187724612833453,0.0
0.360981138442737,0.0
0.38298556021982766,0.0
0.4073782718851589,0.0
0.43103745918791525,0.0
0.44848095088073126,0.0
0.45372025807077965,0.0
0.4428101246208122,0.0
0.4157274829337499,0.0
0.37672131157663935,0.0
0.3331315518393804,0.0
0.2932652947281886,0.0
0.26422042765798787,0.0
0.25038774015775334,0.0
0.25271105425060103,0.0
0.26831544166751586,0.0
0.2908063556956113,0.0
0.3123029036477282,0.0
0.3270943198592123,0.0
0.33445241317704594,0.0
0.33804767060657104,0.0
0.3425295716895982,0.0
0.350527601547609,0.0
0.36234904107173876,0.0
0.37752489874972156,0.0
0.39585388328363946,0.0
0.416789371218818,0.0
0.43807968615140225,0.0
0.4553624519047222,0.0
0.4634175044590675,0.0
0.45824218155909935,0.0
0.4386036459760601,0.0
0.4064246834128961,0.0
0.3661717457265854,0.0
0.32365397614078,0.0
0.2845760261803747,0.0
0.25326290424016995,0.0
0.23198599712923754,0.0
0.22102416176423853,0.0
0.21923749372994158,0.0
0.22475151477790434,0.0
0.23545224500949502,0.0
0.24926646138135564,0.0
0.2643952966264013,0.0
0.27960863060817465,0.0
0.2945032673190527,0.0
0.3095093299539683,0.0
0.3255487285082351,0.0
0.34349258656762854,0.0
0.3636656015533525,0.0
0.3854712066197078,0.0
0.4070783962980072,0.0
0.4253263949613382,0.0
0.43623386438066447,0.0
0.4362438772595538,0.0
0.42366043460913594,0.0
0.3994367666169296,0.0
0.36692715169256046,0.0
0.33089916407131,0.0
0.2963419830703452,0.0
0.26741603513404205,0.0
0.2467614453608287,0.0
0.23531814788236047,0.0
0.23264344264536602,0.0
0.23746645377358702,0.0
0.24811688999344453,0.0
0.26266840195754493,0.0
0.27900873463654996,0.0
0.29514420777937106,0.0
0.30974061436798617,0.0
0.3226367815970767,0.0
0.33511790484469606,0.0
0.3497032788185496,0.0
0.36906249678843905,0.0
0.39411830372182516,0.0
0.4224292963957037,0.0
0.44828202897459557,0.0
0.4647307831524203,0.0
0.4663344354393065,0.0
0.4510736781170263,0.0
0.42082124867251847,0.0
0.3806110866477298,0.0
0.33718041619014766,0.0
0.2972198344993741,0.0
0.26580776777123866,0.0
0.24552671176222923,0.0
0.23650377998651426,0.0
0.23712919823308096,0.0
0.24491422992603476,0.0
0.2571149226701754,0.0
0.27117519575794147,0.0
0.28525759456043365,0.0
0.29879299457390535,0.0
0.3125322287658035,0.0
0.32780615182575146,0.0
0.34554336667256824,0.0
0.3659185418562439,0.0
0.3886449375294734,0.0
0.4129951609304188,0.0
0.4370601526861762,0.0
0.4571215610952242,0.0
0.46831512899498673,0.0
0.466519126873733,0.0
0.4502270257882332,0.0
0.42127338215767124,0.0
0.38415955785873357,0.0
0.3445432773454477,0.0
0.30782264783970326,0.0
0.278449637530541,0.0
0.2597336306551034,0.0
0.25340343496152845,0.0
0.258821250217223,0.0
0.27277174695658823,0.0
0.2906988869852598,0.0
0.30881966702533975,0.0
0.32543405329238023,0.0
0.3405207946758336,0.0
0.35450042969016093,0.0
0.36767009992451666,0.0
0.3806045593419728,0.0
0.3944906103114271,0.0
0.4105068715811661,0.0
0.4285993782211174,0.0
0.4467293588828105,0.0
0.4612597726235963,0.0
0.4681694262422251,0.0
0.46425603458641906,0.0
0.4478294266561197,0.0
0.4190974908870181,0.0
0.38047390381176494,0.0
0.3364708208484495,0.0
0.2927934187724363,0.0
0.25494599371291254,0.0
0.22704907230985533,0.0
0.21115749911764348,0.0
0.20702443277984034,0.0
0.2124034010749911,0.0
0.22401960669516716,0.0
0.23882541515743178,0.0
0.25480310810948326,0.0
0.27102881076332813,0.0
0.2873379362077438,0.0
0.3040293773885262,0.0
0.32175283166240926,0.0
0.34150245388712147,0.0
0.36440287720334924,0.0
0.3908641393924486,0.0
0.41920494881167103,0.0
0.4448071046424,0.0
0.4610283537678412,0.0
0.46189207874748694,0.0
0.44496883628182515,0.0
0.4125146444111336,0.0
0.37028555290473675,0.0
0.3251967981729695,0.0
0.28346750347464406,0.0
0.24982696024649992,0.0
0.22726348882528796,0.0
0.21680663531439062,0.0
0.21746059914520974,0.0
0.2266209193721032,0.0
0.24095684909311602,0.0
0.25743049710792154,0.0
0.2740476248115541,0.0
0.2900494389928364,0.0
0.30554287641090244,0.0
0.3209481267195544,0.0
0.33679188089742157,0.0
0.3539272093332358,0.0
0.37355499204727743,0.0
0.39635911144565755,0.0
0.42101799809312423,0.0
0.44342625347202047,0.0
0.4577393336768584,0.0
0.45890381984749096,0.0
0.44500494467060897,0.0
0.4179310602567078,0.0
0.3822838965293219,0.0
0.3436504262858245,0.0
0.30723345239222316,0.0
0.2770561335805245,0.0
0.255562967757083,0.0
0.2435734291545699,0.0
0.240554995365965,0.0
0.24504090852999305,0.0
0.2550596307024841,0.0
0.2686172788094132,0.0
0.2842363315676037,0.0
