2786.644945776521,0.0
2883.3196446468974,0.0
2963.308289037944,0.0
3043.8509674684437,0.0
3130.341763319296,0.0
3198.0506253954895,0.0
3187.8796294445137,0.0
3026.988710626392,0.0
2672.3821818792685,0.0
2152.135119174065,0.0
1567.74009921125,0.0
1045.708753716564,0.0
672.4270836402815,0.0
463.24885989121594,0.0
381.91686537539476,0.0
379.7409573737951,0.0
418.5062793627275,0.0
470.74565657188623,0.0
513.6056944972737,0.0
528.9845179707289,0.0
510.6859521186073,0.0
471.95734570426424,0.0
443.53410789286346,0.0
457.74867081983194,0.0
528.4658150704395,0.0
643.8340549033485,0.0
775.8975242089664,0.0
895.0886578769204,0.0
978.3823876010141,0.0
1011.6709688195757,0.0
992.4258988091669,0.0
933.0303719459262,0.0
858.6686502107252,0.0
796.1063927810558,0.0
761.3393795794512,0.0
758.2529896314967,0.0
787.6253813264887,0.0
851.3474428086221,0.0
943.8463433068147,0.0
1042.7184447407049,0.0
1115.0720739348078,0.0
1137.9202270744584,0.0
1114.8586210942942,0.0
1075.2906984540637,0.0
1057.6357135016594,0.0
1087.9065256511283,0.0
1166.0961893606814,0.0
1267.8328140230963,0.0
1360.1654966121014,0.0
1420.4590367982119,0.0
1444.993669748147,0.0
1443.512475874765,0.0
1429.3517999398978,0.0
1415.6076531920496,0.0
1415.6640150142666,0.0
1439.2040336777188,0.0
1484.2064464185896,0.0
1535.0809717313464,0.0
1572.118811756444,0.0
1585.4881227087997,0.0
1582.8116763372916,0.0
1584.0825110758724,0.0
1606.145115899949,0.0
1647.447853024563,0.0
1687.9938538989359,0.0
1708.2147551971098,0.0
1709.4608552322493,0.0
1712.9256236173344,0.0
1735.828384087552,0.0
1770.3822537844062,0.0
1787.8835432532785,0.0
1763.0825915784503,0.0
1695.2480078794347,0.0
1610.312341645689,0.0
1546.59979799408,0.0
1534.6544729839022,0.0
1580.3542602047173,0.0
1658.7852149396767,0.0
1724.6997736269504,0.0
1736.5928474533032,0.0
1679.5656770098183,0.0
1571.3247097547217,0.0
1449.1861780999907,0.0
1349.1507134485325,0.0
1290.1880700696777,0.0
1269.736835220746,0.0
1270.780882240111,0.0
1275.335417107052,0.0
1275.409775238928,0.0
1274.2443518887499,0.0
1278.902615605465,0.0
1293.0219366246222,0.0
1315.6885706986009,0.0
1343.785535904063,0.0
1372.0380455634324,0.0
1392.258442273259,0.0
1397.6179987754413,0.0
1390.3015745901896,0.0
1383.4428458174427,0.0
1392.5726537857156,0.0
1421.920815322638,0.0
1456.131020384035,0.0
1464.2320905416052,0.0
1414.9117611748488,0.0
1294.9256375604102,0.0
1119.7057405377534,0.0
928.3954368980307,0.0
764.9478911897404,0.0
657.5504908230918,0.0
610.3750674977618,0.0
611.3741457993891,0.0
646.8137607275523,0.0
709.2687817635515,0.0
793.7167982539142,0.0
888.2971164092113,0.0
971.1681634689008,0.0
1018.0521834901159,0.0
1013.8545112354625,0.0
959.0073807705846,0.0
867.2742845698796,0.0
757.7696624916845,0.0
646.1790737407932,0.0
540.6389944202141,0.0
444.98297186749363,0.0
364.31387905574485,0.0
305.46596981911154,0.0
271.8569567389167,0.0
259.6784704214237,0.0
259.5289361488872,0.0
260.91513651417756,0.0
255.27423044568974,0.0
237.42019864523888,0.0
206.48180320390338,0.0
164.83357750800874,0.0
114.33556009035522,0.0
54.0412675899425,0.0
-16.506066677735195,0.0
-92.64830751053971,0.0
-165.76222626233425,0.0
-230.31628714519218,0.0
-288.95597632817595,0.0
-349.65719342677096,0.0
-417.8549923285201,0.0
-490.99355603966177,0.0
-560.2809761399401,0.0
-617.2460807888993,0.0
-659.4247269667795,0.0
-690.930372236879,0.0
-718.4722689975905,0.0
-746.931751494913,0.0
-777.0536374316895,0.0
-804.297989362926,0.0
-818.8346916604329,0.0
-810.848926743106,0.0
-781.9026905596094,0.0
-751.7934841802918,0.0
-747.9851107312065,0.0
-783.1369697204777,0.0
-844.1879699675454,0.0
-906.9477366377982,0.0
-959.5083470411062,0.0
-1007.0876302674908,0.0
-1055.4149266139104,0.0
-1095.75364347673,0.0
-1109.649347692359,0.0
-1085.1095577154617,0.0
-1025.086694305724,0.0
-942.4686974814736,0.0
-852.1705689681396,0.0
-768.1086376158119,0.0
-701.985461955618,0.0
-661.1818868410194,0.0
-648.5997890552069,0.0
-665.4189098529336,0.0
-710.8413922326071,0.0
-775.6022099537521,0.0
-836.749039716409,0.0
-865.7408817113314,0.0
-849.2797503473827,0.0
-803.7101485763548,0.0
-764.6470299516319,0.0
-757.9356289717343,0.0
-778.4820060290621,0.0
-795.308427333498,0.0
-777.2866649291884,0.0
-718.5596247637394,0.0
-645.1393469314565,0.0
-598.4931116299149,0.0
-608.2577858477617,0.0
-674.4979639997357,0.0
-771.2881942393373,0.0
-864.7347448589602,0.0
-929.753991493819,0.0
-958.229379891595,0.0
-960.0393286353602,0.0
-956.9488084330353,0.0
-968.3730259225459,0.0
-996.9475383088402,0.0
-1027.3590104091245,0.0
-1041.0535021215753,0.0
-1032.435515922593,0.0
-1011.0534895913318,0.0
-989.5939644470196,0.0
-971.1156866737527,0.0
-947.6632361246759,0.0
-908.8654706576913,0.0
-849.6242901044604,0.0
-770.0919705789298,0.0
-673.5095028310795,0.0
-569.3499170601339,0.0
-476.7849065195529,0.0
-416.6478289933203,0.0
-393.624698897728,0.0
-388.7331710842504,0.0
-375.61247560819817,0.0
-345.40205833650793,0.0
-312.6719625816802,0.0
-297.86149454814154,0.0
-308.3828097002796,0.0
-335.77425957614463,0.0
-363.69314473759607,0.0
-375.45126776999433,0.0
-360.0743024149061,0.0
-319.77772229641744,0.0
-272.8836970984592,0.0
-243.77104912683984,0.0
-245.82008609971126,0.0
-273.55526781608927,0.0
-309.8293551393065,0.0
-336.85865686541837,0.0
-341.3386531726582,0.0
-315.6035160886735,0.0
-259.9459524401032,0.0
-185.205242219504,0.0
-111.02920789517827,0.0
-57.9083220678911,0.0
-37.506218627997086,0.0
-48.85498438344704,0.0
-80.93339055982273,0.0
-114.74867244220736,0.0
-123.93926785037652,0.0
-83.22320350537503,0.0
14.738907535658587,0.0
150.88523179642635,0.0
292.6282017315679,0.0
417.0490510531622,0.0
522.0755145682072,0.0
617.7426756684497,0.0
709.4551190759023,0.0
789.2272101167764,0.0
840.3943723375451,0.0
849.9998068016502,0.0
819.1359532874756,0.0
765.3886918134008,0.0
717.4843723924402,0.0
704.7902955493807,0.0
744.7806850819907,0.0
833.8491945022213,0.0
948.3235266381548,0.0
1057.499602494761,0.0
1140.129684674987,0.0
1191.88523864067,0.0
1219.892784578509,0.0
1232.4085938677695,0.0
1235.3134505185858,0.0
1236.6543788021054,0.0
1248.9939295682232,0.0
1282.731847594963,0.0
1338.273893158601,0.0
1407.6840850123717,0.0
1483.3642396520722,0.0
1560.871267930661,0.0
1631.5124238025376,0.0
1676.3234431057585,0.0
1674.2705628736494,0.0
1621.1957470626726,0.0
1540.4365947030938,0.0
1473.0497939127317,0.0
1455.5864142235002,0.0
1503.5075319463801,0.0
1607.6564022822183,0.0
1739.3547730555733,0.0
1859.0178207998065,0.0
1929.710734892598,0.0
1935.3804710432205,0.0
1892.3586772680057,0.0
1840.9546909834344,0.0
1819.5602049513905,0.0
1840.9849977782897,0.0
1888.505762147986,0.0
1930.9874233482249,0.0
1943.5431610571914,0.0
1921.7201462414846,0.0
1884.2315905528144,0.0
1863.1779836785288,0.0
1884.812734023716,0.0
1951.683222007355,0.0
2039.9283000679306,0.0
2115.1570395728027,0.0
2155.1039876723607,0.0
2161.856119994194,0.0
2156.8587454069593,0.0
2164.599060297985,0.0
2196.397955540208,0.0
2243.979851410759,0.0
2286.0891071722785,0.0
2303.748850820092,0.0
2293.3443659906334,0.0
2268.8835449550656,0.0
2253.1240099368515,0.0
2264.1863537673753,0.0
2305.6162216351117,0.0
2363.9356467163548,0.0
2413.9071586914883,0.0
2429.718539253391,0.0
2398.4180648019324,0.0
2328.2109486315667,0.0
2243.625931390375,0.0
2168.64916825753,0.0
2111.4095982706554,0.0
2064.6000495682542,0.0
2019.6703012696596,0.0
1977.51237463519,0.0
1944.2329246152551,0.0
1921.039870516519,0.0
1904.1563818112775,0.0
1895.4628818761898,0.0
1906.6286702370521,0.0
1946.0282635773187,0.0
2001.0106114208643,0.0
2038.334852709207,0.0
2027.730404448186,0.0
1966.2190887852742,0.0
1878.3072021626303,0.0
1793.3110246871129,0.0
1724.4567135802947,0.0
1667.4961655103816,0.0
1613.0924474164317,0.0
1557.8319601874464,0.0
1507.981656470586,0.0
1477.2522984301668,0.0
1478.7093910679641,0.0
1513.1955858989481,0.0
1563.466669222765,0.0
1601.2924782646749,0.0
1602.6872891981595,0.0
1559.7214754448244,0.0
1481.6337342969382,0.0
1386.037906144256,0.0
1286.545676297986,0.0
1186.2531189471317,0.0
1083.1023009302771,0.0
982.8967625436009,0.0
907.5175039122277,0.0
887.8329335290484,0.0
943.7748407901105,0.0
1067.1648495994207,0.0
1221.4461478649887,0.0
1357.7739297345736,0.0
1436.2375706056048,0.0
1440.7318905649754,0.0
1380.5779597668777,0.0
1277.4949678294715,0.0
1147.477884421819,0.0
993.5256839781988,0.0
815.590811643424,0.0
625.8279131580596,0.0
452.07259238245047,0.0
325.7966891485361,0.0
265.407302662271,0.0
267.7170903408442,0.0
312.4340654940872,0.0
374.6827885454403,0.0
434.3740825517416,0.0
475.66704584997063,0.0
482.8412934850242,0.0
443.79351613254886,0.0
360.7933171370685,0.0
254.9178087037827,0.0
155.01861740467507,0.0
79.9485574073986,0.0
31.51993116660414,0.0
2.9719370394456,0.0
-8.610350795322363,0.0
0.810449189505815,0.0
36.24196973283323,0.0
96.53020172521808,0.0
170.8663622991803,0.0
238.970388024656,0.0
276.5689302770094,0.0
266.3691829581948,0.0
207.09736425088957,0.0
110.86291154096025,0.0
-8.406729929078724,0.0
-140.53405606930284,0.0
-271.8896465679457,0.0
-377.31876263934595,0.0
-426.191769077425,0.0
-401.36626421574874,0.0
-315.1926497512965,0.0
-207.7535978547977,0.0
-125.88569570192493,0.0
-96.94440518815188,0.0
-116.2554508095486,0.0
-156.63935399194403,0.0
-189.38483682554997,0.0
-198.8487563559572,0.0
-183.97496146535167,0.0
-155.01613732944153,0.0
-132.37164024696705,0.0
-141.71080012939078,0.0
-199.2694674354525,0.0
-297.00156628792337,0.0
-403.8362958374997,0.0
-484.28657458637014,0.0
-518.7948697201658,0.0
-510.8036112386292,0.0
-478.9614312728269,0.0
-443.0624817338046,0.0
-414.5576333715492,0.0
-396.6945679465847,0.0
-389.4038519315366,0.0
-390.76045282019726,0.0
-395.2955491475592,0.0
-395.7637326189691,0.0
-388.02923171991176,0.0
-372.27239238255146,0.0
-351.01964943957483,0.0
-330.9436150597456,0.0
-325.29171694296747,0.0
-346.4081539111614,0.0
-391.86880856984243,0.0
-443.2229023644645,0.0
-483.794578468557,0.0
-515.8012580404696,0.0
-555.5183385169422,0.0
-612.4581425995935,0.0
-676.8133216559027,0.0
-726.0240804495515,0.0
-739.3777482384438,0.0
-706.7714807477289,0.0
-629.7146536673539,0.0
-519.7386747253379,0.0
-395.9914238184795,0.0
-280.43095356702156,0.0
-189.73125947839858,0.0
-127.24887045507147,0.0
-81.80907816751403,0.0
-36.793676462042235,0.0
14.863088942849968,0.0
60.69251749860532,0.0
72.94546932710037,0.0
26.978072826426015,0.0
-77.52134814489246,0.0
-208.63660662443164,0.0
-316.9511811549246,0.0
-364.76142157947555,0.0
-347.06616454211786,0.0
-288.66896801052167,0.0
-224.18980875475262,0.0
-178.4916970677904,0.0
-157.03528393481474,0.0
-147.00914880076527,0.0
-128.14459221845564,0.0
-87.38824290130128,0.0
-23.965881826981885,0.0
60.49746149757069,0.0
173.15767149535677,0.0
324.87674440832274,0.0
511.7167332354544,0.0
704.4200706126176,0.0
860.26546121914,0.0
949.3974171679439,0.0
974.0449868574422,0.0
965.556293583789,0.0
961.1809346829712,0.0
977.8810469838029,0.0
1002.9714543814856,0.0
1010.0986767563247,0.0
987.9158975419754,0.0
954.9849691622749,0.0
945.143439967429,0.0
978.132963620391,0.0
1045.9550568685397,0.0
1125.699795381041,0.0
1199.258222082904,0.0
1257.921090526318,0.0
1295.1547566475915,0.0
1306.2880174607537,0.0
1300.0980291498897,0.0
1305.5506352688406,0.0
1357.652043098646,0.0
1467.7828795637572,0.0
1604.3149693295118,0.0
1706.1990542493918,0.0
1725.6878365100147,0.0
1667.055077745295,0.0
1586.2853445596559,0.0
1551.407144057111,0.0
1598.2094418360543,0.0
1716.0185194015075,0.0
1864.7537633659954,0.0
1999.4867006209765,0.0
2085.035236202101,0.0
2103.4066797647715,0.0
2060.070082322487,0.0
1983.0635844432184,0.0
1908.5758478138034,0.0
1862.3266795319275,0.0
1852.9040463144202,0.0
1879.1543072568934,0.0
1938.2860608920078,0.0
2023.6085214849588,0.0
2117.05053301075,0.0
2189.9729898258497,0.0
2216.449100314005,0.0
2186.699751557223,0.0
2109.5279869941505,0.0
2007.7003967877813,0.0
1913.7115606877037,0.0
1862.684687740822,0.0
1877.5300002730257,0.0
1955.6309831694907,0.0
2071.3002979440507,0.0
2192.9013246011064,0.0
2299.0179465572273,0.0
2381.8651016801387,0.0
2440.4554503722,0.0
2473.8826321964493,0.0
2481.258509296237,0.0
2465.8032562747226,0.0
2436.933834418217,0.0
2408.2505199718225,0.0
2394.5336759898687,0.0
2408.697608478557,0.0
2455.8556481177557,0.0
2526.3247804874004,0.0
2597.2634694924013,0.0
2647.276205219422,0.0
2671.7349905590672,0.0
2682.815533321662,0.0
2695.6312745787827,0.0
2716.3817530603555,0.0
2742.3721259699846,0.0
2768.1829555809945,0.0
2788.599354639547,0.0
2797.4450268120518,0.0
2788.8393010774075,0.0
2763.489832043687,0.0
2732.778268798843,0.0
2712.232442199022,0.0
2708.1154924747752,0.0
2709.985598214508,0.0
2696.9513436852494,0.0
2652.5329942953963,0.0
2576.9530490268626,0.0
2488.4008636009453,0.0
2412.1609948641385,0.0
2364.8946713864684,0.0
2345.747999338833,0.0
2340.9607908236167,0.0
2335.944959069698,0.0
2321.9603504505817,0.0
2294.341607017446,0.0
2251.363178732196,0.0
2197.9142840191953,0.0
2145.968979521142,0.0
2107.418918715899,0.0
2087.610844675863,0.0
2086.2965808645113,0.0
2100.6241617128444,0.0
2124.9381856219393,0.0
2150.428170403493,0.0
2168.2711446701564,0.0
2172.979854654165,0.0
2163.326613759708,0.0
2142.836227716493,0.0
2120.0606774676394,0.0
2105.6588911902795,0.0
2106.7327157968202,0.0
2123.127846973563,0.0
2148.9929308712453,0.0
2176.342374846715,0.0
2195.3842703279665,0.0
2191.079794091279,0.0
2143.548366518753,0.0
2040.2452004962893,0.0
1894.9049517170877,0.0
1753.8566081208683,0.0
1675.1514303764905,0.0
1690.6677913870565,0.0
1781.7447518204026,0.0
1890.091836695675,0.0
1955.0105683766544,0.0
1946.4189537521024,0.0
1871.3951053554003,0.0
1757.7581607670522,0.0
1634.2639331761306,0.0
1520.5054076121169,0.0
1424.6945726060649,0.0
1343.4849489101107,0.0
1265.6868723631503,0.0
1183.1215166068018,0.0
1101.477609021846,0.0
1038.2192957084276,0.0
1008.0459288365109,0.0
1011.5420438080549,0.0
1037.8956857509706,0.0
1074.84837500454,0.0
1112.4592505308663,0.0
1137.972118338429,0.0
1132.3759283432832,0.0
1079.2172545721996,0.0
981.6045122973924,0.0
870.360777105906,0.0
790.0084568843312,0.0
769.3662529827106,0.0
800.0478339506133,0.0
842.9081881353277,0.0
858.030311049871,0.0
831.9205406704014,0.0
779.2000569549516,0.0
721.0209406667459,0.0
662.7503244969288,0.0
592.4032732765456,0.0
499.7623906338425,0.0
394.80821004510403,0.0
305.918035761315,0.0
261.853457192437,0.0
276.2692179443557,0.0
343.21218334559495,0.0
438.1956381120083,0.0
523.4031942137578,0.0
562.9296563888215,0.0
543.0812950681835,0.0
478.9958728869277,0.0
398.7671866593696,0.0
320.5158836928548,0.0
244.3609506764764,0.0
162.79367414552814,0.0
75.19309534333871,0.0
-7.474467920836956,0.0
-68.85978954601654,0.0
-96.65791296739219,0.0
-89.90246739925973,0.0
-62.61686366454307,0.0
-39.7873708767663,0.0
-43.4494594051759,0.0
-76.80506666152652,0.0
-121.69990215607382,0.0
-154.05372198916032,0.0
-163.9233344178795,0.0
-161.33616356978936,0.0
-163.77186635281882,0.0
-179.39154799413464,0.0
-201.51337464556337,0.0
-215.2878562005836,0.0
-207.87015532318168,0.0
-175.69503832740858,0.0
-127.74793732660383,0.0
-84.0452027187531,0.0
-67.44662991566913,0.0
-90.15303373403549,0.0
-141.99027967158648,0.0
-191.63550685309016,0.0
-204.1577006755626,0.0
-163.28708153971456,0.0
-81.05217814214868,0.0
10.116240071827065,0.0
73.31486015374527,0.0
82.09792919505358,0.0
32.35775408262239,0.0
-52.08868032774698,0.0
-126.83720454053773,0.0
-147.4268715633553,0.0
-91.88256599992604,0.0
28.547828024366886,0.0
175.06101798309277,0.0
299.4620984860162,0.0
365.2841066379434,0.0
361.6385770919282,0.0
303.2055253600984,0.0
218.83568646519893,0.0
137.90397518054357,0.0
82.33879918204026,0.0
65.05925388760986,0.0
89.97070124000106,0.0
150.8364289746981,0.0
231.69457606961075,0.0
312.38815832103154,0.0
377.0391727527075,0.0
420.1459199875461,0.0
447.9499022896226,0.0
476.16621014906434,0.0
523.5254824906473,0.0
600.5612277627005,0.0
698.6739948117066,0.0
790.1462047420341,0.0
843.2632838471795,0.0
842.4624726940818,0.0
798.2329401762219,0.0
740.4312500498851,0.0
700.8188278541315,0.0
697.1960518555713,0.0
730.1412207998063,0.0
792.1538083417497,0.0
876.8337934332974,0.0
978.4973724454092,0.0
1086.6720038158367,0.0
1184.3063375772856,0.0
1250.8770954963181,0.0
1269.0262886942287,0.0
1235.8108943773716,0.0
1174.0556818444734,0.0
1131.6153097648792,0.0
1161.2740785935146,0.0
1290.1950854396623,0.0
1498.5612432482935,0.0
1723.3994972009255,0.0
1887.9704823019208,0.0
1940.0149196042582,0.0
1877.0867413123342,0.0
1746.194104600424,0.0
1620.426237296561,0.0
1565.5783411651782,0.0
1611.8546317330572,0.0
1743.093175780483,0.0
1909.6466774693395,0.0
2057.550100192766,0.0
2154.5272547161694,0.0
2196.0947819504972,0.0
2194.0048191859096,0.0
2163.850715291301,0.0
2122.9027711646686,0.0
2092.033950388968,0.0
2090.3514865706825,0.0
2123.509681428481,0.0
2178.4165489235284,0.0
2232.1869407601507,0.0
2267.683670529452,0.0
2283.0324693378057,0.0
2290.723640808908,0.0
2309.8763352873525,0.0
2355.80920842153,0.0
2430.2703760999684,0.0
2517.3966161096373,0.0
2589.6903516846132,0.0
2622.547372819856,0.0
2610.449274331574,0.0
2573.5907594567298,0.0
2545.8469752444284,0.0
2550.3202216383606,0.0
2585.249341606199,0.0
2635.5180647988486,0.0
2694.387155674535,0.0
2767.303914609462,0.0
2853.3941482502105,0.0
2929.759279160068,0.0
2961.1756367668713,0.0
2928.200138685642,0.0
2846.3863935983422,0.0
2758.2818413712102,0.0
2707.896504442723,0.0
2720.814224473896,0.0
2798.733700402565,0.0
2920.7032936756514,0.0
3047.8431383765633,0.0
3138.2977804824664,0.0
3169.5552282842086,0.0
3150.6748350200523,0.0
3114.2057208552524,0.0
3096.8513480734555,0.0
3122.7742107718886,0.0
3193.4068900563775,0.0
3284.4089983074455,0.0
3354.382694941137,0.0
3366.0031172473905,0.0
3308.8590975727802,0.0
3208.3290362434045,0.0
3112.609003979276,0.0
3064.6577458615416,0.0
3077.073213675738,0.0
3128.085568485593,0.0
3181.7722820349145,0.0
3214.460210521279,0.0
3224.8662586610662,0.0
3223.9279546719954,0.0
3220.0921919438942,0.0
3214.325479489566,0.0
3203.9679570290527,0.0
3187.2513267136287,0.0
3164.3651276555784,0.0
3136.4309590050675,0.0
3105.145452407716,0.0
3073.856812210513,0.0
3047.8785658830657,0.0
3032.399098090054,0.0
3030.078353361591,0.0
3040.757291912387,0.0
3060.812502436221,0.0
3079.653612299671,0.0
3078.1821750498743,0.0
3035.6656941733513,0.0
2942.473058287389,0.0
2807.9533803917648,0.0
2657.3553810876383,0.0
2521.1793496677215,0.0
2423.8600594529426,0.0
2376.252235458673,0.0
2374.3696027161627,0.0
2404.3960146813997,0.0
2449.4890930858273,0.0
2494.770564098467,0.0
2530.8033095340456,0.0
2555.3908778867235,0.0
2570.391417979854,0.0
2575.34718284989,0.0
2566.1458646607966,0.0
2540.576870867101,0.0
2502.0289172318944,0.0
2456.471863475321,0.0
2409.570537096612,0.0
2367.7219310398355,0.0
2335.4830201688997,0.0
2306.9398738924015,0.0
2266.019428488551,0.0
2204.6620585194596,0.0
2139.291026676879,0.0
2100.7630039628184,0.0
2105.4781566320507,0.0
2139.237168746871,0.0
2169.777803452283,0.0
2171.9582059111353,0.0
2141.718071952215,0.0
2091.6127844351363,0.0
2037.4943073299019,0.0
1989.6431532242616,0.0
1953.5754853422343,0.0
1934.811875981494,0.0
1937.7977661762457,0.0
1959.1196850359045,0.0
1986.2361192213793,0.0
2006.5933080555037,0.0
2014.6407145161384,0.0
2006.2012127926089,0.0
1970.3722751584885,0.0
1896.6198889963648,0.0
1792.5247181588402,0.0
1687.937828713822,0.0
1615.1807293624604,0.0
1583.9679680067484,0.0
1576.351807522971,0.0
1563.868612425434,0.0
1528.3154011859053,0.0
1468.3617785484391,0.0
1392.2409879243733,0.0
1309.5499956815663,0.0
1228.8255640612424,0.0
1154.8208281421053,0.0
1082.1375089916326,0.0
995.6884022384162,0.0
885.266937815289,0.0
761.1120486057638,0.0
651.192998644881,0.0
582.2167349649557,0.0
564.6178096786854,0.0
593.663257814104,0.0
657.6569437295376,0.0
741.0103930733989,0.0
823.4732777979224,0.0
884.8148615653471,0.0
914.9403262421723,0.0
917.9401759293628,0.0
903.534122067296,0.0
876.3824779235443,0.0
838.0478714950185,0.0
797.8779896682154,0.0
773.5176205441145,0.0
774.5493806107664,0.0
788.1113687014501,0.0
787.1452990875041,0.0
755.6181522878531,0.0
704.4747585118905,0.0
662.1638313695827,0.0
649.9980885323837,0.0
665.5355486727743,0.0
686.7383976416049,0.0
691.305385379296,0.0
674.6999973532063,0.0
653.4838292676453,0.0
652.3148467958629,0.0
685.7402599728786,0.0
748.2260034174999,0.0
817.3618345626417,1.0
866.3438766982964,0.0
879.1158120825088,0.0
860.9646177981508,0.0
840.4926815004192,0.0
861.8966288216336,0.0
967.7129107985849,0.0
1171.602721495618,0.0
1431.3914252129055,0.0
1648.9471126870767,0.0
1716.866270850472,0.0
1587.4802799577756,0.0
1305.0335987038454,0.0
971.8137308528464,0.0
684.2074531540665,0.0
493.90504161030617,0.0
408.2594565761329,0.0
407.16292150185654,0.0
458.69518868078285,0.0
532.2930624950708,0.0
608.7631000978199,0.0
681.174312695748,0.0
746.4627956897617,0.0
797.1318545294404,0.0
822.7198800920481,0.0
819.4639291152833,0.0
798.4946074379208,0.0
783.5894754745943,0.0
798.7929693075001,0.0
853.9119601367196,0.0
939.656324363921,0.0
1037.7772443621711,0.0
1137.7823623364964,0.0
1243.1372351300615,0.0
1359.6779492172248,0.0
1478.6615036826847,0.0
1572.3458901244162,0.0
1607.8648815548083,0.0
1569.0418452447227,0.0
1470.0722903370702,0.0
1351.251091718277,0.0
1260.4960842903388,0.0
1232.8904309843829,0.0
1277.9982280009244,0.0
1377.5540665466513,0.0
1493.5293422397087,0.0
1585.4109043219644,0.0
1630.814846146473,0.0
1637.4047689889485,0.0
1634.8412284135422,0.0
1648.8038984727384,0.0
1678.1727195151989,0.0
1699.610264989799,0.0
1696.8686581585703,0.0
1683.187229883592,0.0
1692.1077363337363,0.0
1747.7396027824989,0.0
1845.7013433650195,0.0
1961.3050398554665,0.0
2073.439543149896,0.0
2179.4084017144546,0.0
2287.3927821007173,0.0
2397.1928625562987,0.0
2492.5596999619797,0.0
2553.929503996188,0.0
2575.9594441357403,0.0
2570.378336758339,0.0
2554.6282090859418,0.0
2541.333851349808,0.0
2536.4905899642245,0.0
2540.629787335217,0.0
2546.7337175390594,0.0
2539.00512895741,0.0
2500.2510642540196,0.0
2427.1396394188814,0.0
2340.058149055828,0.0
2274.787541080432,0.0
2260.331722453801,0.0
2301.339593784815,0.0
2378.83042308018,0.0
2466.124265251617,0.0
2545.7758102845737,0.0
2615.936547042441,0.0
2684.498633638732,0.0
2757.4484392776903,0.0
2829.1010973539555,0.0
2880.138344050847,0.0
2887.4927554581177,0.0
2843.613298670306,0.0
2772.598807848817,0.0
2726.660031159847,0.0
2758.4978139612595,0.0
2886.529778576301,0.0
3079.702515051459,0.0
3275.5803596376923,0.0
3418.0076444753126,0.0
3486.16429996957,0.0
3496.6045031884055,0.0
3482.210169612714,0.0
3468.0412698300083,0.0
3461.7181049841,0.0
3460.8834305478135,0.0
3465.089254550266,0.0
3478.0257988579033,0.0
3500.4209980418723,0.0
3526.196194192465,0.0
3548.7840854231513,0.0
3567.9358137340596,0.0
3585.358121977597,0.0
3594.454709231851,0.0
3580.142384396432,0.0
3533.011395898828,0.0
3463.747876019238,0.0
3402.4485901950993,0.0
3381.9793802408603,0.0
3417.0885302750844,0.0
3493.0507186389655,0.0
3572.5198917760868,0.0
3617.46026898678,0.0
3610.2046617779424,0.0
3558.5884354338355,0.0
3485.563833717522,0.0
3415.8275812547317,0.0
3367.6770912773036,0.0
3348.1750900276443,0.0
3349.788627688707,0.0
3353.8063817943876,0.0
3343.888312437499,0.0
3320.123798271795,0.0
3298.0357746011377,0.0
3292.725423899522,0.0
3306.718957351972,0.0
3335.4111821745037,0.0
3380.345127253182,0.0
3450.2437752779106,0.0
3546.9027122824255,0.0
3653.5741619914083,0.0
3739.813363549223,0.0
3777.0987608797213,0.0
3751.7566496911713,0.0
3670.244937700951,0.0
3557.3241987868587,0.0
3446.1928119969493,0.0
3362.592708267235,0.0
3313.235407592047,0.0
3288.239007921894,0.0
3274.7293531240102,0.0
3269.1472987144602,0.0
3278.481010426371,0.0
3311.140094053412,0.0
3366.909541996091,0.0
3434.830817025867,0.0
3498.9287221652685,0.0
3543.9040015890696,0.0
3556.5526576825932,0.0
3527.8233328383885,0.0
3459.6793701214924,0.0
3371.3407104511,0.0
3295.135161691661,0.0
3259.4935431991207,0.0
3269.731699754551,0.0
3302.7472567499917,0.0
3322.677219906606,0.0
3305.132384525109,0.0
3250.0417143600894,0.0
3176.4863675440492,0.0
3109.1740850182323,0.0
3067.332799398827,0.0
3057.5314917947944,0.0
3069.9011785199837,0.0
3081.8000328426137,0.0
3070.156331394979,0.0
3023.64509708011,0.0
2944.8505958232713,0.0
2844.4196151057527,0.0
2736.1224053741616,0.0
2632.878537718611,0.0
2538.668274232565,0.0
2441.955873511058,0.0
2324.2599573319235,0.0
2181.5187753210125,0.0
2036.1458431687072,0.0
1925.3584850777802,0.0
1877.2505400479295,0.0
1895.444443834714,0.0
1960.0951442321723,0.0
2039.906840457056,0.0
2106.5330385335574,0.0
2142.1084934157243,0.0
2136.6904991359006,0.0
2084.2955461616602,0.0
1989.0279333022777,0.0
1875.9738123412344,0.0
1787.1364293070822,0.0
1756.5575183166864,0.0
1786.10817153337,0.0
1845.8910619003184,0.0
1897.7813261803708,0.0
1919.0801846653878,0.0
1909.5646316997313,0.0
1883.7542011129526,0.0
1859.2638461036288,0.0
1848.4655652142042,0.0
1855.1538987237375,0.0
1874.2923591052916,0.0
1892.7168468068044,0.0
1891.1632804099222,0.0
1851.4412105822066,0.0
1768.5755942716185,0.0
1659.230102130087,0.0
1556.2503090421908,0.0
1490.026678862069,0.0
1469.1961661697392,0.0
1476.3124032077917,0.0
1483.0199205487675,0.0
1471.8657459460674,0.0
1445.3571423512824,0.0
1416.341333684514,0.0
1391.7022083181328,0.0
1365.254162697803,0.0
1324.713345674222,0.0
1265.51592681138,0.0
1199.6345051980147,0.0
1151.2972746448015,0.0
1141.4917857949868,0.0
1172.4714882022397,0.0
1224.469678331098,0.0
1267.071406122054,0.0
1275.8292606333869,0.0
1242.9853254264958,0.0
1177.5216313037886,0.0
1096.8295436863057,0.0
1016.4195736352043,0.0
945.0458077547454,0.0
886.9182546836074,0.0
846.2537463396361,0.0
827.8882331799061,0.0
833.3495485494748,0.0
856.2886720869005,0.0
881.4079605635694,0.0
889.1499249048688,0.0
866.7863960301785,0.0
820.6490848780239,0.0
777.4499211228638,0.0
767.5070937690228,0.0
800.5317742678184,0.0
857.3120156395962,0.0
907.8132573764069,0.0
938.4764053484257,0.0
960.9437653738823,0.0
995.3020458425785,0.0
1049.2374576668847,0.0
1115.0142911202317,0.0
1181.2184844452079,0.0
1241.2543910814986,0.0
1292.1027694807794,0.0
1331.5563500021842,0.0
1359.677971234503,0.0
1379.2469496995795,0.0
1391.361973250456,0.0
1391.9883648312557,0.0
1376.4716418653043,0.0
1347.187467493147,0.0
1313.7081342243036,0.0
1285.062332225732,0.0
1265.3467705061544,0.0
1257.0088484234766,0.0
1262.9866118119505,0.0
1282.7092371261126,0.0
1310.1762893912878,0.0
1340.1031762530833,0.0
1374.035544001294,0.0
1417.1709588704443,0.0
1470.2329868730767,0.0
1527.487297811199,0.0
1581.319899310457,0.0
1624.2902733235483,0.0
1646.2120049648306,0.0
1635.8834148039632,0.0
1593.4651281139995,0.0
1541.1689159002278,0.0
1514.1954086728208,0.0
1535.4727792795359,0.0
1600.5390017788336,0.0
1689.3161961878152,0.0
1789.9858553722,0.0
1908.2421642455781,0.0
2054.9348942782713,0.0
2227.4935581049594,0.0
2402.648517435004,0.0
2545.7655460882165,0.0
2630.224639145476,0.0
2653.7424892118734,0.0
2640.0047882300987,0.0
2623.8776606060333,0.0
2630.045668443193,0.0
2661.063190117278,0.0
2704.76388734784,0.0
2753.1035746569996,0.0
2811.789275080977,0.0
2889.6173699229603,0.0
2981.3784221974074,0.0
3066.119297558766,0.0
3121.983533080028,0.0
3139.730846957459,0.0
3122.9897897957144,0.0
3081.354943747838,0.0
3025.888290534684,0.0
2967.954145707623,0.0
2917.344793083445,0.0
2879.650583874652,0.0
2855.047472950434,0.0
2839.771668846515,0.0
2830.5192143559243,0.0
2829.3453479547215,0.0
2843.442308472967,0.0
2878.05967443478,0.0
2931.064356872565,0.0
2997.938838728598,0.0
3080.652848162465,0.0
3185.629685922409,0.0
3311.364846659649,0.0
3442.675008774927,0.0
3559.738093466468,0.0
3650.5422970181758,0.0
3714.7264652928834,0.0
3760.680526956745,0.0
3801.753738674312,0.0
3851.5342191872533,0.0
3917.0862487789345,0.0
3993.790734255985,0.0
4066.254049469943,0.0
4116.918568443746,0.0
4137.636843999594,0.0
4135.448906255406,0.0
4127.140093116308,0.0
4126.770341950771,0.0
4136.687878253317,0.0
4148.863573062201,0.0
4154.488823842565,0.0
4153.392866198398,0.0
4155.551344703176,0.0
4173.71479579717,0.0
4211.9929105090505,0.0
4259.107623835185,0.0
4293.495905213539,0.0
4297.668385508788,0.0
4269.454527464632,0.0
4221.471197286564,0.0
4172.775854848303,0.0
4139.841765722235,0.0
4128.707765919223,0.0
4131.6420551093815,0.0
4133.870556862199,0.0
4127.215501122197,0.0
4115.81402454771,0.0
4105.81168330195,0.0
4092.7746560867254,0.0
4066.3075161999845,0.0
4028.532884061563,0.0
4000.555926495037,0.0
4004.230580079094,0.0
4039.779879057791,0.0
4087.4988817831854,0.0
4132.39322123486,0.0
4181.812083046327,0.0
4253.9060456372445,0.0
4348.940946417896,0.0
4436.274159292562,0.0
4473.876324853152,0.0
4441.808428253192,0.0
4355.78111669026,0.0
4249.02988484232,0.0
4144.231891794988,0.0
4044.0571002815764,0.0
3943.9122632832205,0.0
3847.428032738555,0.0
3768.778159127496,0.0
3723.7871560211097,0.0
3720.3796470952752,0.0
3754.56238293539,0.0
3813.052213775637,0.0
3881.2561296629738,0.0
3952.2497284111882,0.0
4028.3792541542743,0.0
4112.226233107055,0.0
4196.245827536762,0.0
4263.923878690156,0.0
4301.907809237694,0.0
4308.590782442608,0.0
4289.317281776568,0.0
4245.675437319001,0.0
4173.388713575588,0.0
4072.2765674164552,0.0
3957.8058520110244,0.0
3861.8009304462853,0.0
3818.1182054529104,0.0
3839.93214662233,0.0
3905.1195160836983,0.0
3966.560910315992,0.0
3984.758440504086,0.0
3955.3778508713062,0.0
3905.5917198297893,0.0
3864.989110675723,0.0
3841.706296055822,0.0
3825.237227033876,0.0
3806.4853271488923,0.0
3789.700786507818,0.0
3783.45518347382,0.0
3781.771040352887,0.0
3758.800250167415,0.0
3687.473957111205,0.0
3565.939377467484,0.0
3423.770822294075,0.0
3299.771412854084,0.0
3213.014148955927,0.0
3153.8354341326194,0.0
3099.1720191664585,0.0
3034.097252704769,0.0
2959.1489419904897,0.0
2880.7749259111783,0.0
2801.035029300883,0.0
2720.9844649709657,0.0
2651.0740138702427,0.0
2610.2382543138033,0.0
2610.529786600337,0.0
2643.641927187221,0.0
2683.4987361068434,0.0
2702.1606140120157,0.0
2685.468742975386,0.0
2638.3823251412127,0.0
2578.3210376412094,0.0
2522.7073512181264,0.0
2479.8956964661265,0.0
2448.1185197247637,0.0
2419.7438429673402,0.0
2385.432000189284,0.0
2337.6028530996155,0.0
2274.8535017272284,0.0
2204.1191319045793,0.0
2135.10608442784,0.0
2069.6649391810943,0.0
1998.3750363397064,0.0
1911.2146123815512,0.0
1812.4490844340135,0.0
1722.5214732017967,0.0
1663.7949555741966,0.0
1644.696597866005,0.0
1657.1023240448303,0.0
1685.5803063900373,0.0
1717.272120190331,0.0
1744.4857991541483,0.0
1761.4427823573947,0.0
1761.0849847422678,0.0
1737.5029106717934,0.0
1694.6287459292737,0.0
1653.0074122095846,0.0
1643.073008097912,0.0
1683.7402903916009,0.0
1762.3433693428526,0.0
1835.904047045851,0.0
1856.7211126012267,0.0
1803.6594622981354,0.0
1694.901402569828,0.0
1574.4763568782992,0.0
1485.9199244438055,0.0
1451.543082012179,0.0
1465.159948400491,0.0
1497.899232460663,0.0
1514.8777428624426,0.0
1495.7139351313,0.0
1445.0540857400629,0.0
1384.5082301790262,0.0
1333.423749396071,0.0
1295.8019439362574,0.0
1264.1256246185694,0.0
1234.5305931515522,0.0
1216.865558425834,0.0
1227.75493955709,0.0
1272.0742169040875,0.0
1332.2369245631992,0.0
1379.6153593420588,0.0
1399.6678997050249,0.0
1405.7348206667866,0.0
1427.5877420396052,0.0
1487.5896981170022,0.0
1587.431397836313,0.0
1712.4704387696381,0.0
1842.6242083440804,0.0
1959.1952343380824,0.0
2047.3056129027889,0.0
2097.564528693212,0.0
2106.711083767669,0.0
2075.895886291703,0.0
2008.835872247477,0.0
1913.831191549618,0.0
1808.208851424503,0.0
1718.3160184969538,0.0
1669.9380815499335,0.0
1674.2507055431854,0.0
1721.4552848457456,0.0
1788.7903995933802,0.0
1855.5433141190308,0.0
1911.2429742309582,0.0
1953.138388713917,0.0
1982.3428444198778,0.0
2005.570814192081,0.0
2035.5916871021925,0.0
2082.50786594172,0.0
2143.6345706474435,0.0
2206.1782468721694,0.0
2261.9488900004044,0.0
2317.0765728373267,0.0
2384.9415973988635,0.0
2469.2167861457833,0.0
2554.0261306997472,0.0
2610.5232480083228,0.0
2615.103883967235,0.0
2565.4198955264305,0.0
2482.231253393311,0.0
2395.9005722804945,0.0
2329.377684756109,0.0
2292.3433310534665,0.0
2288.848234858787,0.0
2325.7171776104797,0.0
2408.580252619422,0.0
2529.7060583662724,0.0
2664.7958262496204,0.0
