51397.05722249498,0.0
51427.68425382492,0.0
51432.418254184704,0.0
51344.48424329671,0.0
51007.41070462739,0.0
50090.662500462226,0.0
48039.35429524613,0.0
44194.35441670705,0.0
38160.30474723071,0.0
30246.219217442034,0.0
21578.955803343328,0.0
13655.215199866216,0.0
7608.498957668635,0.0
3758.563633155207,0.0
1720.0776490522564,0.0
837.9543662596535,0.0
552.5879586722475,0.0
521.7946246285264,0.0
576.4305774921105,0.0
643.0527331374169,0.0
695.9125434496915,0.0
735.1631289766142,0.0
772.0021812286478,0.0
817.0701539125755,0.0
873.1492498049896,0.0
936.4177896698202,0.0
1001.8507080299697,0.0
1067.490010643456,0.0
1135.1030322249137,0.0
1207.812340653435,0.0
1286.856589185766,0.0
1369.8273100559995,0.0
1451.4404201140546,0.0
1525.8847013200705,0.0
1588.9228256870263,0.0
1639.1731771817476,0.0
1678.9809986553937,0.0
1714.3141145560467,0.0
1752.607438426404,0.0
1799.5357502191614,0.0
1857.595712676282,0.0
1927.139484438522,0.0
2007.3601419436948,0.0
2095.323087636166,0.0
2185.0311792893713,0.0
2269.355363589084,0.0
2343.8328034463116,0.0
2408.2056846988094,0.0
2463.7463291245126,0.0
2509.5912860726958,0.0
2542.7430374931705,0.0
2562.3330276353463,0.0
2573.9449355340753,0.0
2589.4090694566885,0.0
2621.5520386710964,0.0
2677.3303711070007,0.0
2753.99963810859,0.0
2841.0356159784587,0.0
2926.6100249431115,0.0
3003.580091194679,0.0
3070.4366943429154,0.0
3127.9973074180975,0.0
3176.61308490196,0.0
3216.147919359452,0.0
3246.8527017374054,0.0
3269.6819023400444,0.0
3287.2282142255617,0.0
3305.1957997162126,0.0
3331.2304371731193,0.0
3370.185874056998,0.0
3420.311079855085,0.0
3474.997168103128,0.0
3528.347620371589,0.0
3578.9240606820695,0.0
3629.084349332837,0.0
3681.8921658955624,0.0
3738.4636738899662,0.0
3796.9851877576307,0.0
3853.762437138777,0.0
3905.818711623395,0.0
3953.234108283814,0.0
3999.0730535136895,0.0
4046.3917238060876,0.0
4094.4810857234984,0.0
4137.857480740467,0.0
4169.90345364045,0.0
4188.963397759761,0.0
4201.72333978313,0.0
4220.170714099727,0.0
4253.655198958677,0.0
4302.22841422213,0.0
4357.145941775047,0.0
4408.406670112093,0.0
4452.500136973761,0.0
4493.483096598212,0.0
4537.335885769701,0.0
4585.655459438793,0.0
4633.896553675443,0.0
4674.450817667102,0.0
4701.756051634017,0.0
4716.256711558428,0.0
4724.860995796181,0.0
4737.319567675846,0.0
4760.895852982174,0.0
4797.082966666505,0.0
4841.968023545222,0.0
4888.5833813921545,0.0
4929.229117006856,0.0
4957.495945637565,0.0
4970.578387519304,0.0
4971.059345284805,0.0
4966.437113276627,0.0
4965.965902221683,0.0
4976.70654203457,0.0
5001.204699374841,0.0
5037.276230615201,0.0
5078.894840790301,0.0
5117.8067476743645,0.0
5146.352018221458,0.0
5161.015926280465,0.0
5164.350612045549,0.0
5163.412161926751,0.0
5165.772076065193,0.0
5176.244949277821,0.0
5196.032380653973,0.0
5223.404993287552,0.0
5254.466454755192,0.0
5283.912027636976,0.0
5306.440339951114,0.0
5319.0934416098935,0.0
5323.540231476268,0.0
5326.653520805853,0.0
5337.785485963827,0.0
5363.057639208478,0.0
5400.234877514807,0.0
5439.230005015812,0.0
5469.348579152301,0.0
5487.118445735365,0.0
5496.977224443902,0.0
5504.752912753434,0.0
5511.543009157158,0.0
5513.891627110022,0.0
5508.25790874724,0.0
5494.431182838396,0.0
5476.003475750419,0.0
5459.280545858954,0.0
5451.3977316689225,0.0
5457.338292867458,0.0
5476.682928853486,0.0
5502.606801655038,0.0
5524.9110853809825,0.0
5535.835860216693,0.0
5534.78180699347,0.0
5528.3821893326285,0.0
5526.099325596547,0.0
5534.821722487573,0.0
5556.019858057301,0.0
5586.468311733548,0.0
5621.322029458592,0.0
5657.238087405622,0.0
5693.214820727695,0.0
5728.364534495766,0.0
5758.99171026077,0.0
5779.007055436491,0.0
5784.666820450752,0.0
5778.969874464933,0.0
5770.733436817489,0.0
5769.474727622506,0.0
5781.34826359162,0.0
5808.242516478879,0.0
5847.540992977197,0.0
5891.268448039194,0.0
5927.403779304543,0.0
5945.232243546264,0.0
5941.584113933318,0.0
5922.382960074466,0.0
5898.206730833313,0.0
5877.945023000965,0.0
5865.007721041043,0.0
5857.498093258201,0.0
5851.221381592666,0.0
5843.425799151228,0.0
5834.695794203418,0.0
5827.635945777231,0.0
5824.086190933243,0.0
5823.964775929728,0.0
5826.632953402999,0.0
5832.763124006469,0.0
5844.658900621785,0.0
5864.870358624795,0.0
5894.205304318068,0.0
5930.334646898557,0.0
5967.817532972208,0.0
6000.052128838913,0.0
6022.78789382472,0.0
6036.989021829868,0.0
6048.542723831122,0.0
6064.490278971989,0.0
6088.570551244801,0.0
6119.5385827010205,0.0
6152.819105975971,0.0
6183.291598342928,0.0
6206.892325119976,0.0
6220.7458377524645,0.0
6223.177795452463,0.0
6214.62258893354,0.0
6198.8591003661595,0.0
6183.04778917864,0.0
6175.945942421533,0.0
6185.187743838974,0.0
6214.465274991717,0.0
6261.247754592903,0.0
6316.609086561644,0.0
6368.517186915266,0.0
6407.250668642564,0.0
6429.426181908575,0.0
6438.249354579546,0.0
6440.468771567643,0.0
6442.531268851888,0.0
6448.469076602643,0.0
6460.282512199041,0.0
6479.156987351871,0.0
6505.112397088717,0.0
6535.246668804811,0.0
6563.957041938669,0.0
6586.705132468944,0.0
6603.862331776487,0.0
6620.16986714271,0.0
6640.589726544338,0.0
6666.946982315502,0.0
6697.640949158112,0.0
6729.211427253352,0.0
6757.981547267592,0.0
6781.732440968415,0.0
6801.556530674521,0.0
6822.384135324333,0.0
6850.131081464932,0.0
6886.826202256928,0.0
6928.67489983033,0.0
6969.822943247502,0.0
7007.922411457715,0.0
7045.314547645475,0.0
7085.192412317021,0.0
7127.619820895566,0.0
7169.214469054101,0.0
7205.631876192362,0.0
7234.6047175877475,0.0
7257.813406110193,0.0
7280.029940833243,0.0
7305.23433777528,0.0
7332.944575224397,0.0
7358.877408872752,0.0
7380.113901351479,0.0
7399.799498991677,0.0
7425.738754242597,0.0
7463.6214594296625,0.0
7512.1441559220475,0.0
7565.66744484057,0.0
7621.101753074295,0.0
7681.019651626582,0.0
7749.692477170354,0.0
7826.470168820139,0.0
7903.311543416489,0.0
7969.102585008094,0.0
8017.0732165441605,0.0
8049.037554208505,0.0
8073.509658276839,0.0
8100.282674829266,0.0
8135.922125068896,0.0
8182.546967375174,0.0
8239.055932037205,0.0
8302.368000719334,0.0
8367.03420127007,0.0
8424.652167294698,0.0
8466.579853381843,0.0
8490.473379182402,0.0
8504.973806161242,0.0
8526.163927723048,0.0
8566.864413934247,0.0
8627.712119856858,0.0
8698.029031611193,0.0
8765.554865186297,0.0
8825.962741948235,0.0
8883.640040102573,0.0
8944.221953834374,0.0
9007.43301876764,0.0
9067.479455338083,0.0
9119.772124879164,0.0
9166.442019574126,0.0
9215.373728614983,0.0
9274.213854685666,0.0
9344.905989479683,0.0
9422.42283378194,0.0
9497.60458080994,0.0
9562.121946600299,0.0
9613.426998441044,0.0
9656.720507885793,0.0
9701.58086686854,0.0
9754.836546166467,0.0
9815.656145030482,0.0
9877.573115371324,0.0
9935.404412236152,0.0
9989.945834488424,0.0
10046.180163656094,0.0
10108.084219768718,0.0
10175.972114431786,0.0
10248.101185293375,0.0
10323.387859772394,0.0
10402.058381890838,0.0
10483.89548610462,0.0
10565.708189970052,0.0
10640.548066537902,0.0
10700.654426834786,0.0
10742.9659239557,0.0
10772.372327077748,0.0
10798.845637659395,0.0
10830.495746960725,0.0
10869.36089592853,0.0
10913.777972106984,0.0
10964.030446813373,0.0
11024.679083077035,0.0
11101.057743384892,0.0
11193.456783198117,0.0
11294.369030413684,0.0
11391.209949795422,0.0
11472.586007410328,0.0
11533.8945453816,0.0
11578.996454458571,0.0
11617.510548036655,0.0
11660.036149106738,0.0
11714.443163102826,0.0
11784.565437803682,0.0
11869.807905551266,0.0
11964.236328945794,0.0
12057.04023988693,0.0
12137.400771135595,0.0
12201.823141092496,0.0
12256.978818055712,0.0
12313.901723221927,0.0
12378.444253549646,0.0
12447.15307240923,0.0
12511.9706170118,0.0
12568.074675992168,0.0
12617.073586565017,0.0
12663.802197352039,0.0
12711.453630509652,0.0
12760.265393764912,0.0
12810.187671132559,0.0
12863.525443602597,0.0
12924.078326916513,0.0
12993.730512140659,0.0
13070.438381438014,0.0
13149.571525517365,0.0
13226.504544751284,0.0
13297.753500261842,0.0
13361.005322937834,0.0
13415.92299754353,0.0
13465.344297747026,0.0
13514.427967272746,0.0
13567.219698521534,0.0
13623.688242991902,0.0
13680.704857939078,0.0
13736.158057707597,0.0
13791.300583697144,0.0
13848.529600771068,0.0
13907.798187411636,0.0
13966.547892123688,0.0
14023.187933181385,0.0
14079.501932709878,0.0
14138.677990314936,0.0
14200.832235030099,0.0
14260.820809648721,0.0
14310.91650063435,0.0
14346.472224986692,0.0
14369.990623545676,0.0
14390.260095004269,0.0
14417.128955245658,0.0
14455.942207782358,0.0
14505.922100116115,0.0
14563.196628934656,0.0
14625.115889672037,0.0
14691.576871316423,0.0
14762.320679074923,0.0
14833.319390379287,0.0
14896.488859282881,0.0
14943.904645521394,0.0
14973.42382471746,0.0
14990.793400436389,0.0
15006.272295948034,0.0
15029.037538206676,0.0
15064.406827030523,0.0
15114.95490304426,0.0
15182.084519057858,0.0
15265.094977363973,0.0
15359.057027993356,0.0
15454.931307126548,0.0
15542.854959245362,0.0
15615.768057004192,0.0
15670.021760896661,0.0
15703.18250952875,0.0
15713.074479008948,0.0
15700.587202282253,0.0
15673.344925058076,0.0
15645.243304625074,0.0
15631.196561402992,0.0
15640.74812676731,0.0
15674.367528479308,0.0
15724.177438580797,0.0
15779.1573707387,0.0
15831.960040848346,0.0
15882.002003654463,0.0
15932.199776318223,0.0
15983.34498501641,0.0
16032.891477770921,0.0
16079.101852118276,0.0
16124.12413809341,0.0
16171.2065691519,0.0
16219.364900066987,0.0
16262.268445931908,0.0
16292.73416871651,0.0
16308.37279738476,0.0
16314.100812183122,0.0
16320.378531071987,0.0
16337.965670062915,0.0
16371.56510294607,0.0
16416.441748381993,0.0
16461.133919963904,0.0
16494.415407606153,0.0
16511.307105810323,0.0
16514.688798201754,0.0
16512.929989975688,0.0
16515.665833867606,0.0
16529.479107111172,0.0
16555.28075188554,0.0
16588.33282717905,0.0
16620.415424419025,0.0
16643.137571439518,0.0
16651.46731874622,0.0
16646.18091869433,0.0
16633.605232586902,0.0
16622.80874067523,0.0
16621.969990339105,0.0
16635.272997099182,0.0
16661.160358194385,0.0
16693.296419999017,0.0
16724.978300732844,0.0
16754.806182863296,0.0
16788.586624162825,0.0
16834.0119056454,0.0
16891.32533568655,0.0
16948.773863568294,0.0
16988.116424994063,0.0
16995.458721256764,0.0
16968.47144037413,0.0
16916.269336496465,0.0
16854.874901509153,0.0
16801.752549595592,0.0
16770.46033252401,0.0
16766.186856825436,0.0
16784.036924528238,0.0
16811.983305301244,0.0
16837.76418756072,0.0
16855.812082544715,0.0
16869.411424863327,0.0
16886.698760226558,0.0
16914.457334222276,0.0
16954.62177338118,0.0
17004.28727193146,0.0
17056.74494037034,0.0
17102.72949819974,0.0
17133.70821553177,0.0
17146.858620496932,0.0
17147.419260390834,0.0
17145.17891107615,0.0
17147.729798379543,0.0
17156.45610016116,0.0
17168.027463752846,0.0
17178.861907561397,0.0
17188.098786948067,0.0
17197.12137224818,0.0
17207.266538694257,0.0
17218.42553131176,0.0
17229.290321215747,0.0
17237.92204728512,0.0
17241.71343033849,0.0
17237.61971599048,0.0
17223.70902094996,0.0
17201.677137775256,0.0
17178.42092773637,0.0
17164.574363826505,0.0
17169.573355977584,0.0
17196.175969128493,0.0
17238.73248929398,0.0
17286.321249656205,0.0
17327.847885835752,0.0
17355.877243600633,0.0
17368.225547851587,0.0
17367.626759312374,0.0
17359.686385419503,0.0
17350.004698786637,0.0
17342.301163283086,0.0
17338.475398402054,0.0
17339.40205197037,0.0
17345.112493594952,0.0
17354.69305808164,0.0
17366.79663568008,0.0
17380.591447972438,0.0
17396.191359378077,0.0
17414.223296505133,0.0
17434.846120493894,0.0
17456.93825138954,0.0
17478.745505115407,0.0
17500.195514443698,0.0
17524.42105909607,0.0
17555.35753344953,0.0
17592.577455180366,0.0
17629.04295995897,0.0
17655.55874789214,0.0
17668.401237383143,0.0
17672.43406332712,0.0
17676.288284122787,0.0
17684.904413994154,0.0
17697.23256228622,0.0
17710.027553997697,0.0
17721.639816036582,0.0
17731.406108965515,0.0
17737.291904608017,0.0
17736.60085241798,0.0
17729.733323038057,0.0
17722.45688245738,0.0
17723.58625561683,0.0
17740.01406029503,0.0
17772.999053103846,0.0
17817.660849978176,0.0
17864.877211687424,0.0
17904.633293663326,0.0
17930.24896874816,0.0
17942.035313782788,0.0
17947.386187376876,0.0
17955.98146984341,0.0
17972.888599975024,0.0
17994.98943503824,0.0
18013.758201151104,0.0
18022.252179584077,0.0
18020.764706177015,0.0
18016.85121057967,0.0
18019.921638289165,0.0
18035.160809668465,0.0
18061.763235403698,0.0
18095.930686236505,0.0
18134.68413845382,0.0
18177.1420411919,0.0
18223.509315994732,0.0
18273.85339312256,0.0
18327.654097896404,0.0
18383.799936321666,0.0
18440.315243110315,0.0
18493.9706183988,0.0
18540.53364716964,0.0
18576.56213082116,0.0
18602.20307460645,0.0
18622.64442639299,0.0
18646.01331333871,0.0
18678.82726567976,0.0
18722.842410526675,0.0
18775.586517754105,0.0
18833.154388126517,0.0
18892.567327864996,0.0
18952.134824896395,0.0
19010.13700407099,0.0
19063.231774861295,0.0
19106.312818592014,0.0
19134.69658754213,0.0
19147.647718852553,0.0
19150.64666850944,0.0
19153.93547167653,0.0
19167.488728247146,0.0
19195.751251218462,0.0
19235.968620412372,0.0
19281.14679374919,0.0
19324.969160882407,0.0
19364.94971781045,0.0
19402.35072642762,0.0
19440.38769202047,0.0
19482.569988582014,0.0
19531.204644849982,0.0
19585.826034040354,0.0
19643.00123905614,0.0
19698.643040797433,0.0
19750.935771552777,0.0
19800.924847888626,0.0
19850.83144015779,0.0
19902.401474448478,0.0
19956.5238215045,0.0
20013.131074234265,0.0
20070.728376213767,0.0
20126.573729473588,0.0
20178.315009011458,0.0
20225.98866123266,0.0
20272.42436189165,0.0
20321.781669421358,0.0
20377.747677993055,0.0
20442.732965915144,0.0
20517.96635583963,0.0
20603.085551601183,0.0
20694.606237008804,0.0
20785.078921331795,0.0
20865.688336401472,0.0
20931.99667070173,0.0
20987.943998700302,0.0
21043.381543231317,0.0
21106.30748518672,0.0
21176.66797718545,0.0
21247.020219720504,0.0
21308.35154084711,0.0
21355.240559919872,0.0
21387.177367506865,0.0
21407.68667765948,0.0
21423.90095557125,0.0
21445.777179857203,0.0
21482.603689185118,0.0
21537.721732651942,0.0
21606.482820682544,0.0
21681.93034855554,1.0
21763.966958116485,1.0
21879.419966047655,1.0
22123.452477689258,0.0
22749.53043916449,0.0
24287.94585543341,0.0
27570.32700153843,0.0
33423.0988714813,0.0
41925.07248741737,0.0
51627.31257751065,0.0
59590.56150403987,0.0
62726.428374504285,0.0
59703.13210838705,0.0
51854.86184991504,0.0
42272.99570974016,0.0
33901.02685508568,0.0
28192.04467325039,0.0
25067.268348586495,0.0
23693.609506574503,0.0
23229.45117834895,0.0
23138.389657164254,0.0
23168.87471870484,0.0
23232.49054988053,0.0
23306.02267803535,0.0
23384.191298590027,0.0
23461.561264989414,0.0
23532.13315535339,0.0
23591.779585120352,0.0
23641.308460494707,0.0
23686.188524899288,0.0
23733.011333696213,0.0
23784.98719156287,0.0
23839.83142886525,0.0
23892.002590010794,0.0
23938.006332064735,0.0
23982.506207566155,1.0
24040.353389126903,1.0
24146.4230183407,1.0
24390.128743918864,0.0
25005.80438461509,0.0
26497.713284603855,0.0
29671.693837047034,0.0
35336.132951981104,0.0
43573.55674490446,0.0
52978.42901860353,0.0
60695.44319802774,0.0
63726.187906269544,0.0
60781.20686171221,0.0
53160.76505136493,0.0
43868.75098927843,0.0
35760.2700945223,0.0
30238.273799412622,0.0
27216.67134159797,0.0
25879.910115928888,0.0
25409.34111531553,0.0
25286.404648166666,0.0
25270.301065478125,0.0
25279.465540408666,0.0
25297.89864498809,0.0
25329.20342908783,0.0
25376.051344028176,0.0
25436.280420935866,0.0
25504.18782188692,0.0
25574.900864456307,0.0
25646.180888283445,0.0
25716.52476381931,0.0
25782.505590938265,0.0
25839.23017132428,0.0
25884.31689275966,0.0
25921.209003874967,0.0
25957.850576975346,0.0
26001.964966010048,0.0
26057.479151763422,0.0
26123.810984551503,0.0
26196.32163442721,0.0
26267.3813077237,0.0
26329.508322732006,0.0
26379.76782406806,0.0
26421.684760515087,0.0
26462.363476363753,0.0
26507.344682707306,0.0
26557.844836748867,0.0
26611.943217022286,0.0
26667.026079092495,0.0
26720.69320838205,0.0
26770.1815147679,0.0
26812.163932762887,0.0
26843.7968293127,0.0
26864.437809872194,0.0
26877.002915670222,0.0
26888.024204170568,0.0
26905.565812657776,0.0
26935.25134999446,0.0
26976.83189462225,0.0
27024.274570320504,0.0
27069.57812553963,0.0
27107.292061162192,0.0
27137.048356821266,0.0
27163.802611722345,0.0
27195.73617568365,0.0
27239.62905791106,0.0
27295.79852829693,0.0
27357.15547598057,0.0
27413.93657021355,0.0
27459.750918032365,0.0
27493.620469742462,0.0
27518.024544444987,0.0
27536.46994639616,0.0
27552.397714718154,0.0
27568.607233776154,0.0
27586.360351573854,0.0
27604.73874563581,0.0
27621.370400461565,0.0
27634.859824007668,0.0
27647.230274042635,0.0
27663.71560560009,0.0
27689.14309149989,0.0
27724.08316768453,0.0
27764.51760778302,0.0
27804.905967827945,0.0
27841.153983560507,0.0
27871.381988109253,0.0
27895.44207492341,0.0
27914.462458741775,0.0
27930.297886430315,0.0
27944.782634175815,0.0
27959.73542126742,0.0
27977.790962515635,0.0
28002.319244787195,0.0
28035.112628314713,0.0
28073.96196610008,0.0
28113.602406363563,0.0
28149.78184438168,0.0
28182.054897741487,0.0
28212.213828931828,0.0
28240.66796172008,0.0
28265.210587935006,0.0
28283.329461552465,0.0
28295.128167818846,0.0
28303.826614022983,0.0
28313.483981916703,0.0
28326.057176027163,0.0
28340.354758131834,0.0
28354.05929629513,0.0
28367.27060754904,0.0
28384.118653855632,0.0
28410.110464253958,0.0
28446.65682567431,0.0
28487.481811967817,0.0
28520.401286608983,0.0
28533.386786142208,0.0
28520.87301891109,0.0
28486.89036377909,0.0
28443.590210149945,0.0
28405.563523007637,0.0
28383.04173685086,0.0
28378.68617381349,0.0
28389.482234788007,0.0
28410.247364060924,0.0
28435.33961053313,0.0
28459.740071790166,0.0
28481.54310904137,0.0
28503.886697353366,0.0
28532.396257158147,0.0
28568.74160467231,0.0
28606.613815258508,0.0
28635.391695729923,0.0
28648.868357299747,0.0
28650.41183175977,0.0
28649.632033610407,0.0
28654.695055273045,0.0
28667.993521091437,0.0
28687.34447135914,0.0
28709.05670976238,0.0
28729.73935215106,0.0
28747.126627750084,0.0
28760.265453001233,0.0
28768.508484882313,0.0
28770.371714785913,0.0
28764.14757549012,0.0
28749.51220239192,0.0
28727.684870052362,0.0
28700.24779221466,0.0
28669.168241004274,0.0
28638.500042276617,0.0
28614.988211820168,0.0
28605.4690745444,0.0
28612.759695439345,0.0
28633.760013579038,0.0
28662.010790360837,0.0
28692.736628428385,0.0
28725.570237828917,0.0
28762.141714805977,0.0
28801.390810030887,0.0
28838.114544263386,0.0
28866.417460885183,0.0
28884.398116923174,0.0
28895.638153764736,0.0
28906.116552296222,0.0
28918.717264861076,0.0
28929.73133492083,0.0
28931.093159062708,0.0
28917.36657864685,0.0
28891.397949638424,0.0
28863.52090777592,0.0
28845.54419094793,0.0
28844.72272293618,0.0
28861.21837576634,0.0
28889.308636414462,0.0
28921.031116211456,0.0
28950.132361411866,0.0
28974.250984612398,0.0
28994.706775796443,0.0
29014.594686783348,0.0
29036.423250642707,0.0
29060.878458496005,0.0
29087.56509923242,0.0
29116.307015976163,0.0
29146.701675934448,0.0
29176.539756348822,0.0
29202.156048684337,0.0
29221.3681702649,0.0
29235.833847159698,0.0
29250.028947035196,0.0
29268.196165434234,0.0
29292.64583198159,0.0
29324.569251651574,0.0
29364.921800242995,0.0
29412.908523599544,0.0
29463.114498211096,0.0
29505.30371944177,0.0
29528.96235045037,0.0
29529.925590502546,0.0
29513.67363581402,0.0
29492.205920183344,0.0
29476.905398094856,0.0
29473.233465803045,0.0
29480.854703006622,0.0
29497.163574273553,0.0
29520.093773883786,0.0
29548.500375785818,0.0
29581.587665200434,0.0
29618.799445879667,0.0
29660.011188252778,0.0
29705.56774126382,0.0
29756.43725617852,0.0
29814.044739003413,0.0
29878.338746103836,0.0
29944.878320430682,0.0
30004.60515519667,0.0
30048.472397790847,0.0
30073.567463121708,0.0
30085.24382553703,0.0
30093.38892094851,0.0
30106.362793582593,0.0
30127.69198986196,0.0
30156.841617727754,0.0
30191.429415786744,0.0
30228.560748030905,0.0
30265.449355148325,0.0
30299.751085801505,0.0
30329.768401805264,0.0
30355.32494631834,0.0
30379.568621111604,0.0
30409.136078009917,0.0
30450.504447663705,0.0
30504.894932839048,0.0
30566.773233581007,0.0
30627.420839866107,0.0
30679.71522743991,0.0
30721.89420263962,1.0
30759.630948003873,1.0
30821.700986947864,1.0
31002.57499583737,0.0
31555.264994360947,0.0
33009.54483298394,0.0
36192.475968208164,0.0
41921.14712314019,0.0
50270.44632450559,0.0
59809.65573964464,0.0
67644.52036790106,0.0
70737.12307381157,0.0
67776.59196009606,0.0
60070.76682438834,0.0
50654.157806116185,0.0
42418.30061101215,0.0
36793.4270938798,0.0
33706.321604309764,0.0
32341.75311201994,0.0
31872.706889773595,0.0
31768.163119590048,0.0
31776.32232908938,0.0
31810.576575351377,0.0
31855.90826285191,0.0
31918.124870862855,0.0
31997.753354245087,0.0
32085.253630577685,0.0
32167.072181129035,0.0
32235.95058780424,0.0
32294.6221703605,0.0
32350.97421808096,0.0
32410.211933923376,0.0
32470.805648632133,0.0
32527.062647210812,0.0
32575.464468701193,0.0
32618.672506374038,0.0
32663.090505907294,0.0
32712.383191720113,0.0
32764.09073838802,0.0
32813.526798204744,0.0
32861.01687293896,0.0
32914.30544311347,0.0
32982.75445920788,0.0
33068.26238874593,0.0
33161.141415194965,0.0
33245.14036123153,0.0
33308.284312281365,0.0
33350.99418608641,0.0
33384.97025184267,0.0
33424.34830015977,0.0
33476.92124543965,0.0
33541.50092723855,0.0
33611.33818143916,0.0
33679.661160678064,0.0
33743.524286935004,0.0
33803.965045850215,0.0
33862.80528540099,0.0
33919.43589572551,0.0
33971.19928091062,0.0
34017.06216889,0.0
34060.131432471826,0.0
34105.92828433693,0.0
34158.224096274505,0.0
34216.931765304784,0.0
34279.873437368915,0.0
34346.25543757289,0.0
34418.09351640519,0.0
34497.80222848126,0.0
34584.09972557971,0.0
34670.170892706185,0.0
34746.464747475926,0.0
34806.52701020439,0.0
34852.03944127348,0.0
34893.58358511976,0.0
34945.806912240456,0.0
35019.00548843732,0.0
35112.491532816945,0.0
35215.09936432709,0.0
35312.769013923105,0.0
35397.12629669964,0.0
35468.31213075368,0.0
35531.24677311832,0.0
35590.06471087903,0.0
35645.543208135554,0.0
35696.10035633914,0.0
35740.29704756312,0.0
35778.7279581378,0.0
35814.41872632466,0.0
35851.885212094414,0.0
35895.222611815014,0.0
35945.969440464934,0.0
36002.108779839655,0.0
36059.58749267651,0.0
36115.31811522669,0.0
36169.30573305236,0.0
36224.89487922611,0.0
36287.55041607439,0.0
36362.35293911578,0.0
36450.64231801141,0.0
36547.880808678034,0.0
36644.23270141364,0.0
36727.544820770374,0.0
36787.94663238437,0.0
36823.30353663428,0.0
36842.500647210334,0.0
36862.12348345941,0.0
36896.85062964974,0.0
36951.02099006515,0.0
37018.648233748616,0.0
37090.53954175748,0.0
37160.755721126596,0.0
37227.53796425982,0.0
37290.76537866889,0.0
37350.066980722695,0.0
37404.81989135333,0.0
37454.582051669335,0.0
37498.698722452114,0.0
37535.77989600026,0.0
37565.02874691768,0.0
37589.29094815223,0.0
37615.72557789586,0.0
37651.1869545824,0.0
37696.16551912675,0.0
37744.22663327364,0.0
37788.138161993906,0.0
37826.018647223435,0.0
37861.3666419017,0.0
37898.22225945256,0.0
37937.72810353062,0.0
37979.11838778625,0.0
38022.44021281226,0.0
38069.16405715578,0.0
38120.142787609315,0.0
38173.15184197259,0.0
38222.613726969386,0.0
38262.52030895419,0.0
38291.083018472804,0.0
38313.70622736446,0.0
38341.282484061696,0.0
38383.9227533996,0.0
38443.9080480884,0.0
38513.26617114085,0.0
38578.62610098196,0.0
38630.306375994114,0.0
38668.76679676664,0.0
38703.393053304244,0.0
38744.62237878894,0.0
38795.3035401547,0.0
38848.100720160895,0.0
38891.411603046756,0.0
38919.09330419182,0.0
38934.88689393806,0.0
38947.532803485024,0.0
38962.70726275525,0.0
38980.77755719749,0.0
39001.11596780802,0.0
39025.81355621853,0.0
39058.01936344629,0.0
39097.61025501423,0.0
39139.34281074091,0.0
39175.31907136665,0.0
39199.90803694704,0.0
39213.932553811195,0.0
39224.999423595335,0.0
39242.85700714046,0.0
39272.68831958726,0.0
39311.968754409325,0.0
39353.638189887184,0.0
39391.88087638453,0.0
39424.68690455568,0.0
39452.39084942715,0.0
39475.78500300149,0.0
39495.93364025444,0.0
39514.074384944885,0.0
39530.31536299738,0.0
39542.389760515915,0.0
39546.807720549026,0.0
39542.623160288946,0.0
39534.83631017178,0.0
39533.57651112586,0.0
39548.60213791924,0.0
39582.98130238311,0.0
39630.70771947131,0.0
39679.640816180414,0.0
39717.312603377155,0.0
39735.75024412614,0.0
39733.61437971429,0.0
39716.16215341356,0.0
39693.578819669536,0.0
39677.362831884595,0.0
39675.635462372935,0.0
39689.89351075337,0.0
39715.607727236784,0.0
39746.283873598346,0.0
39777.72586352643,0.0
39808.87516707674,0.0
39839.07472552423,0.0
39865.16195513232,0.0
39881.91066269128,0.0
39885.69386971329,0.0
39878.11846379282,0.0
39866.35042366465,0.0
39859.73800083357,0.0
39864.98452078817,0.0
39882.95974210498,0.0
39908.76906520623,0.0
39934.40348675966,0.0
39952.230961107685,0.0
39958.23611515673,0.0
39954.21471370736,0.0
39947.65092074202,0.0
39947.89674474289,0.0
39960.07071346362,0.0
39981.548433437056,0.0
40004.9282858669,0.0
40024.610041674685,0.0
40039.82825979802,0.0
40051.81378594902,0.0
40060.242566214205,0.0
40063.991376917074,0.0
40064.42857862316,0.0
40065.80373914884,0.0
40071.45272945687,0.0
40080.07668273689,0.0
40086.47319077017,0.0
40085.85094300895,0.0
40077.43365102247,0.0
40064.804820905345,0.0
40053.841949813504,0.0
40049.98419004362,0.0
40055.74768524511,0.0
40069.655253135505,0.0
40087.77191080831,0.0
40106.56375217042,0.0
40124.090463482265,0.0
40138.936967963265,0.0
40149.64282453924,0.0
40156.414881743076,0.0
40162.75056772474,0.0
40173.69783029582,0.0
40191.28730551477,0.0
40211.71354901281,0.0
40228.03878089311,0.0
40236.72934897106,0.0
40241.71291620151,0.0
40251.34920157302,0.0
40271.31478531992,0.0
40301.12314182545,0.0
40337.065373035766,0.0
40376.370334408486,0.0
40417.20800795109,0.0
40456.46999067266,0.0
40490.311235060406,0.0
40517.08815986264,0.0
40537.92451408116,0.0
40553.72456606551,0.0
40562.99722386088,0.0
40563.74815400741,0.0
40556.92836681286,0.0
40547.082080776185,0.0
40539.81699313601,0.0
40539.409449003564,0.0
40548.45584432182,0.0
40568.320000250475,0.0
40598.72280110929,0.0
40636.74752222695,0.0
40676.73302512509,0.0
40712.0842770046,0.0
40738.319029762206,0.0
40754.93679379275,0.0
40764.24747302899,0.0
40768.887687558956,0.0
40771.29285319797,0.0
40775.078325409406,0.0
40785.00908594852,0.0
40803.97353512107,0.0
40829.95526325913,0.0
40856.86118840667,0.0
40878.93388565763,0.0
40894.54771439522,0.0
40905.957940305096,0.0
40916.58204383347,0.0
40929.833223039495,0.0
40950.080194760325,0.0
40982.336735354715,0.0
41029.40000369523,0.0
41089.521400044636,0.0
41157.04081621155,0.0
41224.74516150701,0.0
41285.86560112057,0.0
41335.48135842689,0.0
41371.344982465125,0.0
41393.48129326084,0.0
41402.95561578974,0.0
41401.53706004372,0.0
41393.158384375325,0.0
41385.649738415435,0.0
41389.81070678171,0.0
41414.48608614223,0.0
41460.59805764473,0.0
41519.84885962979,0.0
41580.41758732975,0.0
41634.9551786232,0.0
41683.77135809198,0.0
41731.20851829856,0.0
41779.79316750033,0.0
41827.796372037505,0.0
41871.20687997476,0.0
41906.92247482314,0.0
41934.47482193279,0.0
41956.296738226,0.0
41976.85281360698,0.0
42000.327485976515,0.0
42028.11648547243,0.0
42058.7104957445,0.0
42090.66673878517,0.0
42125.56180427682,0.0
42167.29609738335,0.0
42218.04851345416,0.0
42275.38199238676,0.0
42334.20424354827,0.0
42391.48814688887,0.0
42448.301822585345,0.0
42507.32034324045,0.0
42569.497040599446,0.0
42633.3675998368,0.0
42696.262847517246,0.0
42755.35379647032,0.0
42808.355994933656,0.0
42854.77079816025,0.0
42897.077678687805,0.0
42940.409088577915,0.0
42990.18582971436,0.0
43049.02418252941,0.0
43114.94840469796,0.0
43182.44332997526,0.0
43245.878104598276,0.0
43302.958793278165,0.0
43355.48761058858,0.0
43406.98419882443,0.0
43459.75073939303,0.0
43513.924949040214,0.0
43568.17747504298,0.0
43620.38621347303,0.0
43668.25632174424,0.0
43710.931260053294,0.0
43750.74516889692,0.0
43792.92275035911,0.0
43842.397520167724,0.0
43899.85270833096,0.0
43960.35080079724,0.0
44016.461214366136,0.0
44063.9356405926,0.0
44105.00857029104,0.0
44146.264735990764,0.0
44193.531292449035,0.0
44248.9372681349,0.0
44312.01740994852,0.0
44381.77376637495,0.0
44456.63858633841,0.0
44533.5530016531,0.0
44609.220590591554,0.0
44682.97545411581,0.0
44756.815475826865,0.0
44831.0364011136,0.0
44900.73166125939,0.0
44958.8763953146,0.0
45003.52219813678,0.0
45041.158231445785,0.0
45083.125250023186,0.0
45139.54697824936,0.0
45215.49866007194,0.0
45309.80847088037,0.0
45415.517762026764,0.0
45522.17937950702,0.0
45619.63512708201,0.0
45701.84963887537,0.0
45769.371494997555,0.0
45828.785064618394,0.0
45888.2091355158,0.0
45951.36559661867,0.0
46015.60244822926,0.0
46075.77702652301,0.0
46129.30962992011,0.0
46177.03807232664,0.0
46220.67536854393,0.0
46261.637887798344,0.0
46302.24679484009,0.0
46346.02085193952,0.0
46395.707561315365,0.0
46452.12134030975,0.0
46515.381823944015,0.0
46585.77222328263,0.0
46661.76044963152,0.0
46737.920105384896,0.0
46806.86567324155,0.0
46864.31808389126,0.0
46912.15378935953,0.0
46956.64063121762,0.0
47004.60003246978,0.0
47061.555465738624,0.0
47131.991348402364,0.0
47218.61414096863,0.0
47319.28000300032,0.0
47424.698716004124,0.0
47521.14945501238,0.0
47597.808742655616,0.0
47652.543724036375,0.0
47690.74979550076,0.0
47719.335392722685,0.0
47743.00855531695,0.0
47766.011349369386,0.0
47794.860943504376,0.0
47836.63148980118,0.0
47893.931610113264,0.0
47962.643901821895,0.0
48035.29921988318,0.0
48106.24045481433,0.0
48173.44272755717,0.0
48236.71995996593,0.0
48295.66683515066,0.0
48349.26736725552,0.0
48396.472478818236,0.0
48436.86384765468,0.0
48471.342237874436,0.0
48502.40783852967,0.0
48533.57250431852,0.0
48568.8218100161,0.0
48612.72176981099,0.0
48669.51208607341,0.0
48739.803468177415,0.0
48817.66738575056,0.0
48892.59514302544,0.0
48956.2471422785,0.0
49008.18596362705,0.0
49055.10211873556,0.0
49104.380307376145,0.0
49158.06920548556,0.0
49211.727139695286,0.0
49257.923816546914,0.0
49291.38312823854,0.0
49312.59841881569,0.0
49327.678741912896,0.0
49344.69898848573,0.0
49369.92272294821,0.0
49406.94486778206,0.0
49458.11629098306,0.0
49525.22793807924,0.0
49607.84544947091,0.0
49700.74738493396,0.0
49793.3156665328,0.0
49872.616160771664,0.0
49929.12103734988,0.0
49961.399975726665,0.0
49976.18755943063,0.0
49983.59625100647,0.0
49991.42608675074,0.0
50002.987612764904,0.0
50018.8036168522,0.0
50039.24033238226,0.0
50065.64305047386,0.0
50100.06888846345,0.0
50144.155509862874,0.0
50197.47202412464,0.0
50256.46513077665,0.0
50315.303881748056,0.0
50368.30789461556,0.0
50412.12088344673,0.0
50446.37206936723,0.0
50472.92778709112,0.0
50494.9075140647,0.0
50516.365687738486,0.0
50542.17304468744,0.0
50576.46050423751,0.0
50619.749337314046,0.0
50667.66027267311,0.0
50713.50645629444,0.0
50752.69702002907,0.0
50784.408598091715,0.0
50809.21602368341,0.0
50826.24980749469,0.0
50833.65934245698,0.0
50831.82068300831,0.0
50825.30098029581,0.0
50820.8191536409,0.0
50822.72045126318,0.0
50830.151945898615,0.0
50838.85707200308,0.0
50846.123575022466,0.0
50854.01264464065,0.0
50867.37996928004,0.0
50888.41907335507,0.0
50913.644327884904,0.0
50936.782844613,0.0
50954.56253894745,0.0
50969.503071449064,0.0
50987.509980379466,0.0
51012.75136567883,0.0
51043.500710398315,0.0
51071.68684972262,0.0
51087.245805016384,0.0
51085.14472378119,0.0
51070.02381814399,0.0
51054.57971312791,0.0
51052.877770354804,0.0
51073.18707768693,0.0
51114.24231027692,0.0
51166.525165832376,0.0
51217.706463384435,0.0
51259.14619078253,0.0
51289.39655951957,0.0
51312.4888625675,0.0
51332.97498073187,0.0
51352.07355382628,0.0
51367.740603739345,0.0
51377.433386314704,0.0
51380.55442932499,0.0
51378.814096498994,0.0
51374.82240113138,0.0
51370.34351697156,0.0
51365.94771798193,0.0
51362.0461681067,0.0
51359.17065324927,0.0
51356.92818879966,0.0
51354.15565695028,0.0
51351.71633882633,0.0
51354.58358524714,0.0
51369.336174628785,0.0
