-124.6725295969747,0.0
-72.88325565345522,0.0
-25.105270693991944,0.0
23.859827894745838,0.0
77.23273355330636,0.0
132.40500795369928,0.0
180.30484663989594,0.0
209.34541167685717,0.0
212.65922701099603,0.0
193.97167262632524,0.0
166.99576936046554,0.0
147.8363643607121,0.0
146.21156964108053,0.0
162.48263722695137,0.0
191.56406823663022,0.0
228.2554314605843,0.0
269.00741495951274,0.0
310.4877526298222,0.0
348.4471393820801,0.0
378.73785433271865,0.0
399.8949202990741,0.0
415.44681281215026,0.0
433.5153998176005,0.0
462.6325984356619,0.0
506.4467459652311,0.0
561.8057285797964,0.0
621.298841269337,0.0
677.0893658770716,0.0
723.0709470353185,0.0
755.4956234722317,0.0
773.677779939466,0.0
780.8754214127416,0.0
783.7320324106621,0.0
789.3095654169637,0.0
801.8221777769122,0.0
822.2817441855669,0.0
850.8787437285839,0.0
888.098229528069,0.0
932.4518117249715,0.0
978.000556872838,0.0
1016.0323335957518,0.0
1040.4546392085688,0.0
1052.20509226325,0.0
1059.0464956987257,0.0
1071.1262523007981,0.0
1095.3113065626994,0.0
1131.5881095911122,0.0
1173.5002523055323,0.0
1212.3230370291576,0.0
1242.060161137708,0.0
1261.7179094636583,0.0
1273.8632329450663,0.0
1282.0137611370853,0.0
1289.6240200804632,0.0
1300.225146919644,0.0
1316.3700643816096,0.0
1337.516952857177,0.0
1359.5361631401868,0.0
1377.2093908710149,0.0
1387.9307598787354,0.0
1393.7107262778566,0.0
1399.8315346612796,0.0
1410.7432964307113,0.0
1426.0317964383062,0.0
1440.405510253722,0.0
1448.6867346320028,0.0
1451.230177318171,0.0
1453.6385470912105,0.0
1460.4641051797075,0.0
1469.646772756294,0.0
1473.595566562777,0.0
1465.633425954537,0.0
1445.5676163987082,0.0
1420.2571479446817,0.0
1399.8384924303841,0.0
1392.3911926742335,0.0
1399.4723616107128,0.0
1414.4967661722492,0.0
1425.5024837578178,0.0
1421.5177825051815,0.0
1398.6074266408161,0.0
1361.4590663202944,0.0
1319.9466162527212,0.0
1283.596568180737,0.0
1257.4321078967612,0.0
1240.7830163739625,0.0
1229.157020979458,0.0
1217.8061526835825,0.0
1204.625833738988,0.0
1190.4819758472859,0.0
1177.2519441043512,0.0
1165.907518973984,0.0
1156.2173806674332,0.0
1147.3679939865758,0.0
1137.975615411095,0.0
1125.886609289507,0.0
1109.3071103131886,0.0
1088.8272762839792,0.0
1067.9330476934072,0.0
1050.744668756352,0.0
1038.3942146671257,0.0
1026.8346005420829,0.0
1007.8897643470596,0.0
973.2937831680083,0.0
919.5590807638907,0.0
850.7818293293924,0.0
777.3289343840952,0.0
710.8395408705001,0.0
658.7838454671405,0.0
622.2814450313509,0.0
598.1630300371941,0.0
582.8135522744391,0.0
574.2865631020471,0.0
571.2712358743032,0.0
570.648585849729,0.0
566.6604035776628,0.0
552.904424631375,0.0
525.4070146067561,0.0
484.30076597732705,0.0
433.2438516229003,0.0
377.30963185981756,0.0
320.66483042991,0.0
265.479940635843,0.0
212.7876521934247,0.0
163.95641130637085,0.0
120.81259701096204,0.0
84.27914829612806,0.0
53.36812391451535,0.0
25.61250038130845,0.0
-1.7434108136369766,0.0
-30.94480885239351,0.0
-63.3439070524803,0.0
-99.15190455365622,0.0
-137.72169778948427,0.0
-178.54229011954746,0.0
-221.84492803723847,0.0
-267.7314297898269,0.0
-314.95107621672867,0.0
-361.2046889877717,0.0
-405.0107992359681,0.0
-447.05046753079205,0.0
-489.41451605607625,0.0
-533.5220001790863,0.0
-578.6789712184493,0.0
-622.5425376850122,0.0
-662.8548201450338,0.0
-698.946694211981,0.0
-731.8886896236708,0.0
-763.4380205067484,0.0
-794.8687538442599,0.0
-826.3613163082064,0.0
-856.6988561275335,0.0
-883.265820444422,0.0
-903.450990949625,0.0
-917.6520288186993,0.0
-931.0892551503968,0.0
-951.0106534392496,0.0
-980.7495392580239,0.0
-1016.8378293717527,0.0
-1052.864672099081,0.0
-1085.6676515819295,0.0
-1116.6135997501044,0.0
-1147.2049972159664,0.0
-1175.119222003135,0.0
-1195.464183296214,0.0
-1205.057048912652,0.0
-1204.6675555614388,0.0
-1197.6932936018986,0.0
-1188.068336075419,0.0
-1179.4630953999629,0.0
-1174.96299973569,0.0
-1176.5110574211294,0.0
-1184.8662775437213,0.0
-1200.3327156301864,0.0
-1222.691922538683,0.0
-1249.4867934652395,0.0
-1274.6411187488447,0.0
-1290.6012551872252,0.0
-1293.845036236173,0.0
-1288.6896929396457,0.0
-1284.5489893087004,0.0
-1288.2536009790044,0.0
-1298.4528909001278,0.0
-1306.9517986497165,0.0
-1305.5159709590102,0.0
-1292.5944707543695,0.0
-1275.064608780772,0.0
-1263.8913177089214,0.0
-1266.9115072325765,0.0
-1284.1422592372487,0.0
-1308.7281415886562,0.0
-1331.7070339137956,0.0
-1346.4471434627117,0.0
-1350.8040992634872,0.0
-1347.3927778505763,0.0
-1341.9719397769595,0.0
-1339.6794573322613,0.0
-1341.2163528619403,0.0
-1342.53759155627,0.0
-1338.741660392914,0.0
-1328.3543757403759,0.0
-1313.906829370908,0.0
-1298.7604619803867,0.0
-1283.7311379375617,0.0
-1266.7225168056118,0.0
-1244.999892385332,0.0
-1217.2234679690393,0.0
-1183.4423565248242,0.0
-1144.5229266376189,0.0
-1102.9800429760558,0.0
-1063.8938022742507,0.0
-1032.7841552729653,0.0
-1010.9013367370673,0.0
-993.2369374642167,0.0
-972.8317423690202,0.0
-947.3548372505531,0.0
-920.6718797189224,0.0
-898.2010245859353,0.0
-881.9157895466446,0.0
-869.592253046364,0.0
-856.922714811438,0.0
-839.5084503656243,0.0
-814.4620909377028,0.0
-782.3846099628261,0.0
-748.136680784741,0.0
-718.18094853131,0.0
-696.0718084519204,0.0
-680.3775359173735,0.0
-666.580111196989,0.0
-649.9934604764596,0.0
-627.1162621318902,0.0
-595.9385679810388,0.0
-556.5552697218883,0.0
-511.850489049069,0.0
-467.0379458602371,0.0
-427.55437867329226,0.0
-396.50245165593077,0.0
-373.6445929744746,0.0
-356.0847908625885,0.0
-338.8191037215328,0.0
-314.8950401533185,0.0
-277.6457074434941,0.0
-225.14918986841204,0.0
-162.46540703351016,0.0
-98.23119950371795,0.0
-38.526559055876604,0.0
16.08130895171591,0.0
68.22694476850124,0.0
119.32035193944517,0.0
167.230517286042,0.0
207.53131398336635,0.0
236.77716240683807,0.0
255.23782585529474,0.0
267.5447890608118,0.0
281.275687555059,0.0
304.17774060158484,0.0
340.8531618767375,0.0
390.3295553448664,0.0
446.3282429061772,0.0
500.7111417603407,0.0
547.8410342095931,0.0
586.5551217927039,0.0
618.720053176015,0.0
646.5014274624257,0.0
671.4368522013407,0.0
695.6370080774749,0.0
722.4069259910797,0.0
754.479925161875,0.0
791.9466829164096,0.0
832.6921793122167,0.0
874.6909983884635,0.0
916.7523689077628,0.0
956.5620013445398,0.0
989.089627634241,0.0
1008.7580222469878,0.0
1014.4530460998564,0.0
1012.3320738555524,0.0
1013.2386126203484,0.0
1026.8250247486023,0.0
1057.1668270824655,0.0
1101.8297719962902,0.0
1153.2175680788866,0.0
1200.8500943701636,0.0
1234.9484249245968,0.0
1251.256193847067,0.0
1254.081532798118,0.0
1254.073860635674,0.0
1261.3759126798452,0.0
1279.3657709809188,0.0
1303.6119901743564,0.0
1325.8724113463313,0.0
1339.5576764411796,0.0
1343.4826284771639,0.0
1342.5888028300863,0.0
1345.3584547538662,0.0
1358.728069758063,0.0
1383.3655992237204,0.0
1412.9557927928222,0.0
1438.3993102419115,0.0
1453.803869788584,0.0
1459.71764836299,0.0
1461.808604053583,0.0
1466.5496214504146,0.0
1476.9322838765188,0.0
1490.7664284860728,0.0
1502.4298459679837,0.0
1506.9034535247142,0.0
1503.2311752524215,0.0
1495.1177152942348,0.0
1488.5821395950538,0.0
1488.4177690656113,0.0
1495.5641126765208,0.0
1506.459320922529,0.0
1514.432268886629,0.0
1512.6603441943569,0.0
1497.7223722052088,0.0
1471.7925936063543,0.0
1441.3624742101258,0.0
1412.7804860388521,0.0
1388.2021749361993,0.0
1365.7015170168213,0.0
1343.0242457945556,0.0
1320.4135548417587,0.0
1299.4921086231436,0.0
1280.5875733255223,0.0
1262.709864744995,0.0
1246.365402343769,0.0
1234.6497034337624,0.0
1229.787424564946,0.0
1228.4434780434776,0.0
1221.8382596603503,0.0
1201.9780672634763,0.0
1168.0870388310404,0.0
1126.6579365848486,0.0
1085.4559071308106,0.0
1047.991474240819,0.0
1013.1544968655896,0.0
978.4894663623932,0.0
943.1076452538014,0.0
908.6806473708341,0.0
878.8489249900158,0.0
857.082618273027,0.0
843.6198686167762,0.0
833.9160797221936,0.0
820.5217320536746,0.0
797.1100224059369,0.0
761.6004258852,0.0
716.4528107940793,0.0
666.3420848285791,0.0
614.8850272170788,0.0
562.9178039897889,0.0
509.9138229023686,0.0
457.42564325936513,0.0
411.25766727950037,0.0
379.59117509085166,0.0
367.71543600269666,0.0
373.4861798073561,0.0
387.254640061773,0.0
396.12263164192103,0.0
389.55470640628613,0.0
363.3108207850909,0.0
319.874941713975,0.0
265.0097657625161,0.0
202.9642831708776,0.0
134.5507554791974,0.0
59.77582172008751,0.0
-18.12701387569332,0.0
-91.77744379176995,0.0
-152.8335775108437,0.0
-196.40850053214095,0.0
-223.32595317597614,0.0
-238.93302455150626,0.0
-249.78895782702082,0.0
-261.1873579585288,0.0
-277.2984749021303,0.0
-302.2607957862841,0.0
-339.2563989316093,0.0
-387.66660376554273,0.0
-441.8992622674551,0.0
-494.30642893283516,0.0
-539.8845002812793,0.0
-578.1363932150164,0.0
-610.8323657239147,0.0
-638.7258507296865,0.0
-660.7319777104055,0.0
-675.509529609783,0.0
-683.3469720422947,0.0
-687.0862179921795,0.0
-692.0741149381621,0.0
-704.7138094969926,0.0
-729.5627481464647,0.0
-766.9424767631845,0.0
-813.6356856758418,0.0
-865.9446211283896,0.0
-921.1635304669406,0.0
-975.6741530378598,0.0
-1022.8107322494835,0.0
-1054.4600492225184,0.0
-1066.0759358572695,0.0
-1060.911930228003,0.0
-1049.555715402835,0.0
-1044.3814367797556,0.0
-1052.6118975863303,0.0
-1073.000107248861,0.0
-1098.3480363217964,0.0
-1121.053005584102,0.0
-1136.9686214406358,0.0
-1145.8064418566619,0.0
-1150.2690800235557,0.0
-1155.7428778392969,0.0
-1169.0082771686696,0.0
-1194.3515216189626,0.0
-1229.6380146107658,0.0
-1266.6447889973222,0.0
-1295.9814836784194,0.0
-1312.4707684479874,0.0
-1317.0181070345411,0.0
-1314.5507134956595,0.0
-1310.2992312545946,0.0
-1307.2884382179861,0.0
-1306.374296303851,0.0
-1307.5360675340594,0.0
-1310.262811265531,0.0
-1313.1069464760128,0.0
-1314.1515863856691,0.0
-1312.3026927607464,0.0
-1307.6081279584293,0.0
-1300.7366840355014,0.0
-1293.454112660574,0.0
-1289.2653736050938,0.0
-1291.437077143091,0.0
-1299.330883216772,0.0
-1308.0707322971068,0.0
-1313.2504420931207,0.0
-1315.460625761332,0.0
-1319.0100014401169,0.0
-1326.4192966261182,0.0
-1335.1006734229782,0.0
-1339.0944161783775,0.0
-1332.9297594120096,0.0
-1313.9421650754023,0.0
-1282.538398810781,0.0
-1241.7760020334201,0.0
-1196.7271399318663,0.0
-1153.2075775570315,0.0
-1115.636167869472,0.0
-1084.9104233096991,0.0
-1058.08552920916,0.0
-1030.7775740846494,0.0
-1001.1291960127079,0.0
-972.4492988352911,0.0
-952.0880766790998,0.0
-946.5749357248459,0.0
-956.0050599076172,0.0
-971.9514057506423,0.0
-981.3593635427707,0.0
-974.2721314878872,0.0
-949.3813748301509,0.0
-913.2609065763776,0.0
-875.080803892722,0.0
-841.4312484440628,0.0
-813.771807594638,0.0
-788.7303261982665,0.0
-760.9628693827528,0.0
-727.0338577341065,0.0
-686.7551756234118,0.0
-640.5734353844123,0.0
-586.61339005812,0.0
-522.019944305546,0.0
-447.8520376572907,0.0
-371.86454325258006,0.0
-305.37298430180266,0.0
-256.29071960889615,0.0
-224.04656992746567,0.0
-200.36901640115218,0.0
-175.42604348580252,0.0
-144.75074602469286,0.0
-111.71651346807293,0.0
-83.31139428849993,0.0
-62.55503518457318,0.0
-44.557857145365865,0.0
-20.39070738982434,0.0
15.147885845433748,0.0
59.92352966426726,0.0
107.85850731861977,0.0
154.14470534584385,0.0
196.45975715514712,0.0
233.0566531684875,0.0
262.68093936488043,0.0
287.63460754918026,0.0
315.5585774006271,0.0
355.6912092506873,0.0
411.0232078986993,0.0
473.1717751371389,0.0
525.9738727887787,0.0
556.7842735398185,0.0
566.7147753442889,0.0
570.5521681057927,0.0
586.2684102160993,0.0
623.3099481489567,0.0
678.8364426723164,0.0
742.2311563952233,0.0
801.5955620827317,0.0
847.6087767480471,0.0
875.4958696278406,0.0
886.6865830331822,0.0
888.5792837218422,0.0
890.7280079333192,0.0
899.9186097340187,0.0
918.4067565796953,0.0
945.8722749312979,0.0
981.5622097656665,0.0
1023.6927523619031,0.0
1067.470916172415,0.0
1105.3093900549914,0.0
1130.338491587906,0.0
1139.9591363380732,0.0
1136.4866405998062,0.0
1125.9293466660076,0.0
1116.8685454198635,0.0
1118.5810706673126,0.0
1137.1144665367785,0.0
1171.7661960231283,0.0
1215.7331108508456,0.0
1260.6392219042725,0.0
1300.811778810646,0.0
1334.1831910383607,0.0
1360.4839708736229,0.0
1379.4665077215247,0.0
1390.8884778183105,0.0
1395.59446695088,0.0
1396.0682689127375,0.0
1395.9004308417243,0.0
1398.9940587776368,0.0
1408.7592738891528,0.0
1426.5437367654365,0.0
1449.782736725682,0.0
1472.432314355866,0.0
1488.831412395449,0.0
1497.7536195333107,0.0
1502.416743146375,0.0
1506.8159776005803,0.0
1512.5897600121361,0.0
1519.0249332139604,0.0
1524.688335915811,0.0
1528.2014103327824,0.0
1527.9318657617055,0.0
1522.3260985154907,0.0
1511.5732849740934,0.0
1498.685828477988,0.0
1487.7730883233805,0.0
1480.4948947201854,0.0
1474.093978996177,0.0
1463.0501922206545,0.0
1443.0105415675027,0.0
1414.039402901433,0.0
1380.9529443681854,0.0
1350.444130909904,0.0
1326.925980731195,0.0
1310.1801402148194,0.0
1296.5756756500414,0.0
1282.26317916102,0.0
1264.9401754657436,0.0
1243.382212389917,0.0
1217.142708690027,0.0
1187.5247843940717,0.0
1157.705562795642,0.0
1130.8407979210713,0.0
1108.3558674705764,0.0
1090.196988240783,0.0
1075.6222072797561,0.0
1063.1485969408184,0.0
1050.4592541595896,0.0
1035.2343443463394,0.0
1016.0365196746144,0.0
992.5552198693431,0.0
965.7370155064683,0.0
937.858237267367,0.0
911.7527160959689,0.0
889.3139296468756,0.0
870.5167785303582,0.0
853.8298770909366,0.0
837.1577215071748,0.0
817.9273969788014,0.0
792.1787054621121,0.0
754.6712972610289,0.0
702.1049915656323,0.0
638.1293810876556,0.0
575.0137817424315,0.0
528.1276387661173,0.0
505.9192019649719,0.0
503.4718525704381,0.0
505.38916265407636,0.0
495.6380546384604,0.0
466.28205892512426,0.0
419.2117504589063,0.0
361.8027369452814,0.0
301.6784182821819,0.0
244.0391762195833,0.0
191.07577000689793,0.0
141.92239093777278,0.0
93.63914921731863,0.0
44.08238868022417,0.0
-5.224286289366857,0.0
-49.64328593610165,0.0
-85.26818372720551,0.0
-111.92522454549588,0.0
-132.45448128551976,0.0
-150.07861651821884,0.0
-167.4074744701097,0.0
-187.79549491871006,0.0
-216.25130269485706,0.0
-257.1072752158814,0.0
-309.52281873725303,0.0
-365.3283820078649,0.0
-412.7317994421755,0.0
-444.093888711015,0.0
-461.6144534734117,0.0
-475.6275688065023,0.0
-496.671664137108,0.0
-528.2977744418115,0.0
-566.6222382355807,0.0
-606.0345469680326,0.0
-645.0987460251193,0.0
-686.9678686671311,0.0
-734.3277993907998,0.0
-784.5233990187804,0.0
-830.034829358225,0.0
-863.2409359830215,0.0
-880.5158627564219,0.0
-883.4193528686524,0.0
-878.4126628639149,0.0
-875.4824078812597,0.0
-884.1101498989428,0.0
-907.9040338536222,0.0
-942.8481419038438,0.0
-981.500740886281,0.0
-1019.0578755151914,0.0
-1055.4765032319463,0.0
-1092.7311257790298,0.0
-1130.9752091808916,0.0
-1167.2984105807684,0.0
-1197.3673203805706,0.0
-1217.918470699142,0.0
-1228.6873118218477,0.0
-1233.3737712023108,0.0
-1238.5773463097983,0.0
-1250.117666869751,0.0
-1268.8343375920663,0.0
-1289.9198207241102,0.0
-1306.9999511659564,0.0
-1317.4395692716002,0.0
-1323.8852010841629,0.0
-1330.9545964268189,0.0
-1340.8017261784482,0.0
-1351.6558701924218,0.0
-1359.5868873536015,0.0
-1361.1952680449895,0.0
-1355.5359847167788,0.0
-1344.9835203852638,0.0
-1334.8299751289076,0.0
-1331.1199032427992,0.0
-1337.079619730658,0.0
-1350.0189319881736,0.0
-1361.6554121810793,0.0
-1362.7529718985877,0.0
-1349.0109639940563,0.0
-1323.6126892662023,0.0
-1295.1372928584447,0.0
-1273.347180294032,0.0
-1265.2397740477156,0.0
-1271.9057324119558,0.0
-1287.0515745246755,0.0
-1298.940064832238,0.0
-1295.8194413139774,0.0
-1271.8847668205358,0.0
-1230.1173507955461,0.0
-1180.7859594228933,0.0
-1136.6434249718684,0.0
-1107.3416090441128,0.0
-1095.7686405304232,0.0
-1098.051558381262,0.0
-1106.5704241873043,0.0
-1113.5671201553132,0.0
-1113.2531769151456,0.0
-1102.2230473711493,0.0
-1079.4552682132041,0.0
-1046.6108397796909,0.0
-1007.9229625613672,0.0
-968.734622601311,0.0
-933.257619869237,0.0
-902.9601324210142,0.0
-876.2052331381283,0.0
-848.8510756145204,0.0
-815.9587021796996,0.0
-774.7572080830284,0.0
-727.5356929764031,0.0
-681.6393280894465,0.0
-645.4705869977556,0.0
-623.1609155832022,0.0
-611.9526521376806,0.0
-603.966729711611,0.0
-590.8206023387293,0.0
-567.8239465116916,0.0
-534.8410237836097,0.0
-493.87275022947233,0.0
-446.6292255237428,0.0
-394.63134480855746,0.0
-340.66656241648127,0.0
-289.2622603365997,0.0
-245.86412611714945,0.0
-215.0809387819397,0.0
-197.70959750565467,0.0
-187.7328725400676,0.0
-172.5145291515743,0.0
-138.11479136791922,0.0
-77.3694487923711,0.0
4.461809863694316,0.0
90.7067179020356,0.0
161.05249018397762,0.0
201.66003250329328,0.0
211.8632579141442,0.0
204.07416698461662,0.0
197.60186957684496,0.0
209.8266095902795,0.0
248.71669444600542,0.0
309.97903478314066,0.0
380.46546037660073,0.0
445.88606261662807,0.0
497.68660682615126,0.0
534.6627336350898,0.0
559.9036545038804,0.0
577.5145168533521,0.0
592.0440822575886,0.0
608.993990349378,0.0
633.3991091262366,0.0
666.7368865414844,0.0
705.5275439126008,0.0
743.7017274858946,0.0
776.7103451332484,0.0
804.0407926541308,0.0
828.979399886576,0.0
856.5657426677893,0.0
890.8346324431642,0.0
932.2324555086933,0.0
976.5486018185765,0.0
1016.496079340364,0.0
1045.553356571757,0.0
1062.2464364097152,0.0
1071.9014458962529,0.0
1083.4626281806966,0.0
1103.0257202758203,0.0
1130.1117243255073,0.0
1160.7102792859657,0.0
1193.0267004240134,0.0
1228.4894043612271,0.0
1266.8554999633877,0.0
1302.0581933667108,0.0
1324.7717572981942,0.0
1329.8440394131044,0.0
1321.378136103989,0.0
1310.6160565881717,0.0
1309.1870334491289,0.0
1323.8479787035965,0.0
1355.0398765236437,0.0
1397.2143312291385,0.0
1440.0823269305665,0.0
1472.568433248191,0.0
1488.7130458726676,0.0
1490.9060342557063,0.0
1487.7495858793673,0.0
1488.9449891216739,0.0
1500.8775896634838,0.0
1523.922344077629,0.0
1551.6390915425745,0.0
1573.0773598712292,0.0
1578.3642748217387,0.0
1564.7447514301314,0.0
1538.9287051548126,0.0
1513.660656100737,0.0
1500.3006325944748,0.0
1502.1803122013707,0.0
1513.5433778028776,0.0
1524.8913670498025,0.0
1529.9656560063177,0.0
1528.4291396926258,0.0
1523.1769430026732,0.0
1516.4460510021736,0.0
1508.4957756939036,0.0
1498.626941272585,0.0
1486.3766406785135,0.0
1471.800206798892,0.0
1455.1999437954819,0.0
1437.0307077483149,0.0
1418.1845915631632,0.0
1400.0738910504256,0.0
1384.078279654749,0.0
1370.9092551086,0.0
1360.5332998124422,0.0
1352.00120324294,0.0
1342.5218015668313,0.0
1327.0544263513295,0.0
1300.1267217443833,0.0
1259.202501850207,0.0
1206.7652890876782,0.0
1149.5036423389322,0.0
1095.4952926161393,0.0
1051.2143504074922,0.0
1019.5440913818071,0.0
999.443490820709,0.0
987.2723989288129,0.0
978.5907425529784,0.0
969.4782015052679,0.0
957.4536989517027,0.0
941.951268854126,0.0
923.4774955360609,0.0
901.926835870927,0.0
876.2276005979597,0.0
845.8112911709853,0.0
811.5904107408146,0.0
775.1603040815302,0.0
738.0359013847336,0.0
701.9259915625883,0.0
668.0530005317688,0.0
634.8705551846008,0.0
598.1459186883764,0.0
555.7656842455281,0.0
512.0910810549254,0.0
475.300393319321,0.0
449.74905791298625,0.0
431.7006678576887,0.0
412.6422320002886,0.0
385.9438443930765,0.0
350.55067885374734,0.0
309.8019854264051,0.0
267.90886158956226,0.0
227.60910237587987,0.0
190.38062367509932,0.0
157.70253895394316,0.0
130.7696630729185,0.0
108.69853922706925,0.0
88.19180593744656,0.0
65.94884035499962,0.0
40.520974361966545,0.0
10.822686532450836,0.0
-26.010128995029774,0.0
-72.74420138870637,0.0
-127.3559536487302,0.0
-181.93254115650979,0.0
-227.9079312799149,0.0
-262.69459414230795,0.0
-291.02038776595083,0.0
-320.39423760798707,0.0
-355.6118247187801,0.0
-397.0070839753878,0.0
-442.3850557212952,0.0
-489.19035230278547,0.0
-535.1481738771437,0.0
-578.9845252732207,0.0
-622.1101786363474,0.0
-668.4983809309101,0.0
-720.8319697629796,0.0
-776.3872812317328,0.0
-827.7521838676008,0.0
-867.8486639072131,0.0
-893.9022262835758,0.0
-907.1497221597559,0.0
-910.6697335816648,0.0
-908.5705072536599,0.0
-906.1934614335073,0.0
-908.8751951724322,0.0
-919.2722520387078,0.0
-936.2902711314089,0.0
-957.3466463334397,0.0
-981.1971188859694,0.0
-1007.4170140246817,0.0
-1033.5233254558095,0.0
-1054.8393143862886,0.0
-1068.8206994788088,0.0
-1078.8590515047688,0.0
-1092.100595133657,0.0
-1112.77639188924,0.0
-1137.9837122321962,0.0
-1160.1914160945485,0.0
-1173.7559335618657,0.0
-1179.3160585040227,0.0
-1182.6931482561836,0.0
-1189.778708005203,0.0
-1201.7668750924977,0.0
-1214.2729175198674,0.0
-1220.771526087823,0.0
-1217.4116616779797,0.0
-1205.6532454768712,0.0
-1191.4061827099158,1.0
-1181.7222911490614,0.0
-1180.685560662869,0.0
-1186.394249553169,0.0
-1190.0385076550192,0.0
-1177.6265007799964,0.0
-1135.0800612577748,0.0
-1057.581207646566,0.0
-959.704732054734,0.0
-876.244358371643,0.0
-845.7673471349275,0.0
-885.4358873895463,0.0
-978.9988992194455,0.0
-1089.2476337279911,0.0
-1181.8554480237071,0.0
-1239.73672654002,0.0
-1262.1578485865184,0.0
-1257.2712925601945,0.0
-1235.8279377464712,0.0
-1207.161652078483,0.0
-1176.8571730377041,0.0
-1146.9148846127314,0.0
-1118.1868340163005,0.0
-1092.6772929253086,0.0
-1073.1616602698875,0.0
-1060.6443341084562,0.0
-1052.1915818386528,0.0
-1041.5256415187926,0.0
-1022.2986059670561,0.0
-991.9280904595682,0.0
-952.8822931158378,0.0
-909.9989300646833,0.0
-866.064932466185,0.0
-820.1764734759738,0.0
-770.80322402758,0.0
-720.270641681359,0.0
-675.9288017065479,0.0
-646.4832225515365,0.0
-636.2262293928179,0.0
-641.4186170046047,0.0
-651.419567884947,0.0
-653.5726963715035,0.0
-638.6160245259777,0.0
-604.0363381551671,0.0
-554.6801670924635,0.0
-500.6206516269697,0.0
-452.58822081000704,0.0
-416.51929802079,0.0
-390.4045239232969,0.0
-366.41769981094245,0.0
-337.78557073947513,0.0
-304.82222055512915,0.0
-273.7172600113647,0.0
-248.78564866990456,0.0
-226.54465871077596,0.0
-198.1427623666575,0.0
-157.22292566692724,0.0
-104.96260512043958,0.0
-47.909362683885945,0.0
8.335020443319927,0.0
63.038422682551605,0.0
118.34522737192262,0.0
174.18342981841914,0.0
226.2368257725732,0.0
269.3125825753986,0.0
301.97856769125883,0.0
327.31722172233975,0.0
349.9218524409109,0.0
373.1118889165082,0.0
398.4536546616677,0.0
426.06859560029335,0.0
454.08188585171257,0.0
478.2970540076476,0.0
494.148635371004,0.0
500.7368150518102,0.0
503.43440069132294,0.0
511.6851642414017,0.0
533.1408517487357,0.0
569.0127325405413,0.0
614.2634358800461,0.0
661.8197365503596,0.0
707.0506953447966,0.0
749.4501350731667,0.0
791.0880090469409,0.0
833.5305266580959,0.0
875.257709087598,0.0
911.1445107046167,0.0
935.0747006598526,0.0
945.035617159841,0.0
947.38464950783,0.0
955.9136432321709,0.0
984.5443672986161,0.0
1038.1327779191358,0.0
1108.4526379235976,0.0
1178.979074152258,0.0
1234.848306496894,0.0
1270.5413631275667,0.0
1290.4232069298903,0.0
1303.1770304087984,0.0
1315.4179208391859,0.0
1329.1494774536127,0.0
1343.7371658180734,0.0
1359.051769715583,0.0
1376.0588438218329,0.0
1394.941005266385,0.0
1414.0813204884375,0.0
1431.7340828622766,0.0
1447.824942096793,0.0
1462.7971636727623,0.0
1474.898753033727,0.0
1480.1338430763872,0.0
1476.0073748160662,0.0
1465.3390934911192,0.0
1456.0823395154905,0.0
1456.9232204922341,0.0
1471.7571792546896,0.0
1496.6859091689857,0.0
1521.8295882041778,0.0
1537.1264992739073,0.0
1537.9018700208626,0.0
1526.225542325186,0.0
1508.165499306691,0.0
1490.251558221402,0.0
1477.3217589875685,0.0
1471.2436576339276,0.0
1470.025518451907,0.0
1468.7200139571173,0.0
1463.007408066379,0.0
1452.9132058155558,0.0
1442.5447980168403,0.0
1435.8985493711516,0.0
1433.645898035224,0.0
1434.5728955563598,0.0
1439.091979039127,0.0
1449.5148079006099,0.0
1466.321595072141,0.0
1485.0892804214568,0.0
1497.7731431488262,0.0
1496.8375304029057,0.0
1478.6737538675054,0.0
1444.9973662171692,0.0
1402.364493954366,0.0
1359.5630855300826,0.0
1323.4096963810662,0.0
1295.688767270633,0.0
1273.7970751889045,0.0
1254.340532522329,0.0
1236.38881562715,0.0
1221.8012364630483,0.0
1212.813413447045,0.0
1209.3806010771473,0.0
1208.6173375220574,0.0
1206.3118970194198,0.0
1198.431679629393,0.0
1181.4985379218333,0.0
1153.1328385647344,0.0
1113.8681129952429,0.0
1068.8017066457282,0.0
1026.4976436222903,0.0
994.4897104076294,0.0
974.199280633841,0.0
959.5328698146803,0.0
941.0227503345297,0.0
912.2356892501284,0.0
873.1696113190998,0.0
828.8874539732732,0.0
785.9403298913496,0.0
749.4304482252655,0.0
721.1125898564723,0.0
698.3947411975174,0.0
675.3073169795692,0.0
645.7672192029472,0.0
606.7979172812275,0.0
559.1013037829302,0.0
505.5115256372659,0.0
449.6888451827776,0.0
395.0686716327574,0.0
342.7225231389566,0.0
289.618817520669,0.0
230.889278065706,0.0
165.47892876812705,0.0
99.33417430234584,0.0
42.3162889684915,0.0
1.873870135901764,0.0
-21.01590669975225,0.0
-31.58181774222842,0.0
-38.080797699806475,0.0
-47.989882620196866,0.0
-66.01441382222886,0.0
-94.76469791562023,0.0
-135.80411957788456,0.0
-188.02845368400648,0.0
-244.78496661371324,0.0
-294.94734814421025,0.0
-329.49483058100236,0.0
-347.91426594956005,0.0
-358.0937717890658,0.0
-370.09739661233147,0.0
-389.90997221927825,0.0
-417.57284732820017,0.0
-449.22894101269947,0.0
-480.2028165120119,0.0
-507.2057624855502,0.0
-529.2176088951385,0.0
-547.5537948258528,0.0
-565.67936294805,0.0
-588.6727674999361,0.0
-621.3288352191876,0.0
-664.9479043579661,0.0
-715.1083058348476,0.0
-763.1094179849373,0.0
-800.9002045739694,0.0
-826.1826542048643,0.0
-843.5568020337787,0.0
-860.5079419654162,0.0
-881.6385949734088,0.0
-906.2732144351143,0.0
-931.0022604594267,0.0
-953.9935880629803,0.0
-976.8716666563316,0.0
-1002.8740540451846,0.0
-1033.1971860388678,0.0
-1064.6648991816357,0.0
-1090.8604974627644,0.0
-1106.2247134038405,0.0
-1110.1529336741096,0.0
-1107.864196200878,0.0
-1107.3939142015636,0.0
-1115.1998647912144,0.0
-1133.3267908644848,0.0
-1159.3930637633744,0.0
-1188.7937043974666,0.0
-1217.421610730105,0.0
-1242.9568979658018,0.0
-1264.281850641593,0.0
-1280.2774474554,0.0
-1289.6614435428198,0.0
-1292.02692379745,0.0
-1289.0504996933685,0.0
-1284.7757385313816,0.0
-1284.373225473969,0.0
-1291.2080530471897,0.0
-1303.6054704901005,0.0
-1314.501722617681,0.0
-1315.8798953581843,0.0
-1305.1730760603787,0.0
-1287.4635316957822,0.0
-1270.6960592539974,0.0
-1258.4590523728002,0.0
-1247.676940810697,0.0
-1233.0415482555877,0.0
-1212.5244888400343,0.0
-1188.1761744953465,0.0
-1163.0202444474564,0.0
-1138.8066055883046,0.0
-1116.339875986205,0.0
-1096.2104302621228,0.0
-1078.4087931672286,0.0
-1062.207592823641,0.0
-1047.3243628835173,0.0
-1034.8346071886788,0.0
-1025.9781904807953,0.0
-1020.1363151847911,0.0
-1014.7874884290773,0.0
-1007.55440647776,0.0
-997.3644469350043,0.0
-983.5815641531211,0.0
-965.4403735260714,0.0
-943.1038086442483,0.0
-918.1710498902687,0.0
-892.0523606180482,0.0
-864.3521363027711,0.0
-833.7093963727524,0.0
-799.9466607583158,0.0
-764.5945781128114,0.0
-729.681209421005,0.0
-697.1890692095815,0.0
-669.8271379061024,0.0
-650.5731882955055,0.0
-639.4005469962023,0.0
-630.4514370952386,0.0
-614.4334733244013,0.0
-585.2999638242286,0.0
-544.2477599155509,0.0
-496.60353832640317,0.0
-445.51002510100227,0.0
-389.47895851056944,0.0
-325.65889266805664,0.0
-254.747536420878,0.0
-182.91663160438614,0.0
-119.34343060330451,0.0
-71.08598962345722,0.0
-38.76670400399274,0.0
-16.140635624622803,0.0
5.993688371079487,0.0
34.1451448620543,0.0
68.97023502404356,0.0
107.23251896018508,0.0
146.78559462133973,0.0
189.1194990517346,0.0
236.54121334459452,0.0
287.6538851811786,0.0
336.89726315163256,0.0
378.47222114089226,0.0
409.91598372372454,0.0
432.16895290748886,0.0
447.74928743454103,0.0
459.5632605098969,0.0
470.59717353125893,0.0
483.4216966057463,0.0
499.49640894899017,0.0
518.849178102453,0.0
540.4661418288943,0.0
563.4551829422849,0.0
588.341570247484,0.0
617.0092122074216,0.0
650.8284651938925,0.0
689.2175452439101,0.0
730.9643166229001,0.0
776.5724033944914,0.0
827.723400247201,0.0
884.0026495076602,0.0
941.3784079098355,0.0
994.592486826503,0.0
1040.4523896147741,0.0
1078.8469035346407,0.0
1111.9793252088398,0.0
1143.3647482312645,0.0
1176.5817544466347,0.0
1213.4840394575972,0.0
1252.8359923515413,0.0
1290.5530470015917,0.0
1321.978732915123,0.0
1344.9454569493641,0.0
1361.3023094591729,0.0
1375.4759005291535,0.0
1391.1725105354012,0.0
1409.001683412734,0.0
1426.8291033168405,0.0
1442.3147460264292,0.0
1455.403278830982,0.0
1468.7230067478188,0.0
1485.6364939515963,0.0
1507.221697594258,0.0
1530.487764749563,0.0
1549.7244627755204,0.0
1560.299299916989,0.0
1561.6312971784223,0.0
1557.0504578853663,0.0
1551.5904723068709,0.0
1549.602131737072,0.0
1552.6773507434273,0.0
1558.76691639063,0.0
1563.9597951194557,0.0
1566.089836048246,0.0
1566.2480478224556,0.0
1566.0570673694306,0.0
1564.3423397274153,0.0
1558.3532816199343,0.0
1548.650195899057,0.0
1540.8137983444908,0.0
1540.6233261250286,0.0
1548.1382707485532,0.0
1558.1487137667696,0.0
1566.6909497484612,0.0
1575.7104969034265,0.0
1590.0097906721187,0.0
1609.6621815760936,0.0
1626.5678313221715,0.0
1629.6161993686533,0.0
1613.5389976147133,0.0
1582.4959261417118,0.0
1545.2815926008775,0.0
1507.8989572710743,0.0
1471.060593306195,0.0
1433.558808203451,0.0
1396.3611790127293,0.0
1363.2238555522026,0.0
1338.339991507625,0.0
1323.8140842286089,0.0
1318.5994195245182,0.0
1319.1930281327725,0.0
1321.7459872004795,0.0
1324.4377540261946,0.0
1327.8998150164186,0.0
1332.8262908740069,0.0
1337.2338084820415,0.0
1336.767470631461,0.0
1327.908844359782,0.0
1310.2460186572353,0.0
1285.2057188004856,0.0
1253.221670449814,0.0
1213.1770503114562,0.0
1165.0385556202034,0.0
1112.9111435130765,0.0
1065.2258089819684,0.0
1030.951227454789,0.0
1013.5870716253032,0.0
1007.2988831808314,0.0
999.6422871220802,0.0
980.1886715967431,0.0
947.8086436127861,0.0
909.7049828305867,0.0
873.7197350811242,0.0
842.0220099937852,0.0
811.8511925412324,0.0
780.8195941477003,0.0
750.0692376453321,0.0
721.8850982620615,0.0
694.7048331663182,0.0
661.7114873191189,0.0
615.7654102692153,0.0
556.39541630685,0.0
491.4412658434103,0.0
431.1833526808199,0.0
380.68454934246716,0.0
337.4084463654981,0.0
295.27516802877057,0.0
250.3565844919871,0.0
202.81413884342427,0.0
154.37218124222642,0.0
105.59465431382982,0.0
56.77981463803564,0.0
10.710529551947328,0.0
-27.586852628361044,0.0
-54.905969826073616,0.0
-73.42451074793941,0.0
-90.01929983415637,0.0
-112.06010191337182,0.0
-143.27248912283352,0.0
-182.32643020894088,0.0
-224.5968803422248,0.0
-265.4582072273723,0.0
-302.68297088921963,0.0
-336.7206502122099,0.0
-369.57175096082216,0.0
-403.68857627318283,0.0
-441.05833961333303,0.0
-482.03492077347227,0.0
-524.7674454143327,0.0
-566.6724625578383,0.0
-607.244226527313,0.0
-648.9579261651696,0.0
-694.4479964565166,0.0
-742.5709476422417,0.0
-787.9054569503372,0.0
-824.5227375508964,0.0
-850.179712408352,0.0
-867.0105653400879,0.0
-879.0823517536464,0.0
-889.7819534991577,0.0
-901.1303591999803,0.0
-914.6429379803951,0.0
-932.1738133542912,0.0
-955.2737613574536,0.0
-982.8913452749924,0.0
-1009.5823297056127,0.0
-1027.2877224274948,0.0
-1030.9952291176742,0.0
-1024.0444392904335,0.0
-1017.791423287148,0.0
-1024.841692399217,0.0
-1050.7758494324091,0.0
-1090.777533874272,0.0
-1133.1956241918965,0.0
-1166.5100612923184,0.0
-1184.8140786581596,0.0
-1189.7373376123862,0.0
-1188.909103932001,0.0
-1191.5489699431507,0.0
-1203.0420848079877,0.0
-1222.1555286230812,0.0
-1243.1708431543084,0.0
-1260.9684275368852,0.0
-1274.4874307447703,0.0
-1285.7135535169673,0.0
-1295.6669771060149,0.0
-1301.7420363494289,0.0
-1299.5417507022796,0.0
-1287.7766373197883,0.0
-1271.0977481883438,0.0
-1257.076482398736,0.0
-1249.5597078570477,0.0
-1245.0214800300773,0.0
-1235.591119988277,0.0
-1215.357642639404,0.0
-1183.877328629726,0.0
-1145.0262240371842,0.0
-1104.1195280271381,0.0
-1066.1066371782817,0.0
-1034.9273616024789,0.0
-1013.0709482334311,0.0
-1001.4060816626417,0.0
-999.635310675374,0.0
-1006.7829977693497,0.0
-1020.661951832017,0.0
-1036.6983085659654,0.0
-1047.9332959377605,0.0
-1047.5571554129322,0.0
-1032.624091453456,0.0
-1005.7353585621499,0.0
-972.9206379092568,0.0
-939.6682641746625,0.0
-908.7585933762795,0.0
-880.9308327203713,0.0
-855.9026882511398,0.0
-831.9110339029252,0.0
-805.5919144804061,0.0
-774.287029182257,0.0
-738.7199914003337,0.0
-702.2880184246096,0.0
-667.1712719796585,0.0
-631.763328544467,0.0
-592.5407786140373,0.0
-548.5476540050043,0.0
-503.99794604331106,0.0
-466.5359327763712,0.0
-442.419901484978,0.0
-432.2872663539782,0.0
-430.6647978436921,0.0
-429.54010991902356,0.0
-422.86134923430734,0.0
-408.0858745031688,0.0
-384.16010334248415,0.0
-349.29705638443204,0.0
-302.0258729601044,0.0
-244.40929019756845,0.0
-182.89141779140758,0.0
