393.688696520382,0.0
494.67044146557066,0.0
587.7764981148946,0.0
683.6279297728108,0.0
787.3860361619419,0.0
889.3575786383755,0.0
963.1325139336851,0.0
975.7031563893456,0.0
907.490779987417,0.0
770.1032151257731,0.0
606.1973544772956,0.0
467.7754680686831,0.0
388.73739678067363,0.0
373.3166242938774,0.0
405.8406129605285,0.0
467.301019017087,0.0
543.3933953741766,0.0
622.8378345552736,0.0
694.4210037437698,0.0
748.2767683800605,0.0
780.8759660995038,0.0
799.7841531748659,0.0
822.6715361710305,0.0
868.1248808737084,0.0
944.031976420586,0.0
1043.380175191534,0.0
1149.8286883698033,0.0
1246.1101832867996,0.0
1318.7580351341728,0.0
1359.4833433579163,0.0
1366.7183461253153,0.0
1347.5485096952225,0.0
1316.4893183020667,0.0
1288.9826647893487,0.0
1274.2372386795178,0.0
1274.4516525795852,0.0
1290.0336259154703,0.0
1322.0463736090485,0.0
1367.2370871750622,0.0
1412.6070636515901,0.0
1439.0885707344041,0.0
1433.366212755911,0.0
1397.5449379842453,0.0
1348.7007498264193,0.0
1309.1466236570816,0.0
1294.0142825987673,0.0
1303.3625834502934,0.0
1323.136656016564,0.0
1334.3185804058924,0.0
1323.8801490708092,0.0
1289.7677559687518,0.0
1237.741340346143,0.0
1175.6528412884475,0.0
1111.2235934473745,0.0
1052.3502241411823,0.0
1004.7920315578832,0.0
967.5310324870934,0.0
931.6906565410616,0.0
886.0136163053018,0.0
824.9744064611897,0.0
753.1714783758787,0.0
682.3794231293011,0.0
622.5524371192242,0.0
572.9850064155912,0.0
522.2829017211563,0.0
459.30344408626854,0.0
385.03277519011976,0.0
311.96184263609354,0.0
250.27928818890192,0.0
195.67890182202328,0.0
131.72960049171385,0.0
44.00224420128188,0.0
-67.72032987804852,0.0
-188.2000790777509,0.0
-295.01776200336525,0.0
-370.26677899655834,0.0
-410.34235245224767,0.0
-429.4930256530495,0.0
-453.7587436043631,0.0
-507.0148484033068,0.0
-597.7187782038063,0.0
-715.4331221616983,0.0
-838.3593655352537,0.0
-945.468496926102,0.0
-1025.6113756764178,0.0
-1080.1279227542489,0.0
-1118.7454290131034,0.0
-1151.7612974717156,0.0
-1183.688451598761,0.0
-1212.5386556595586,0.0
-1234.1171361945667,0.0
-1246.2251144780348,0.0
-1249.3122321027058,0.0
-1245.1157653691844,0.0
-1236.6345025675414,0.0
-1228.5666289071546,0.0
-1224.8335834321447,0.0
-1224.142895647396,0.0
-1218.8664560233751,0.0
-1199.9978407319297,0.0
-1165.0929750827559,0.0
-1123.072881407433,0.0
-1091.9215699934746,0.0
-1089.831998004865,0.0
-1124.534584789678,0.0
-1187.1474754324622,0.0
-1255.0545613013858,0.0
-1302.8622348110541,0.0
-1314.326522383501,0.0
-1287.1351120927416,0.0
-1228.3877155217426,0.0
-1146.1713156754522,0.0
-1044.9250734928737,0.0
-927.7042911761268,0.0
-801.5369041501193,0.0
-679.2447954660042,0.0
-575.0698273547165,0.0
-497.93788037900646,0.0
-447.7809791081588,0.0
-416.80958751541027,0.0
-394.13817181855234,0.0
-370.8742148501774,0.0
-342.5061016077915,0.0
-307.0208266312668,0.0
-261.67328475068933,0.0
-202.717856122944,0.0
-128.39200092408674,0.0
-41.12400761422159,0.0
53.414150727941795,0.0
148.91689748833963,0.0
240.19746692368813,0.0
324.0269831183688,0.0
399.678776351869,0.0
468.30928694267413,0.0
530.7788845524708,0.0
586.3237972852181,0.0
634.4674655511398,0.0
677.7022567878987,0.0
720.8234935188011,0.0
766.8392839735588,0.0
814.0231625324279,0.0
857.5647382015932,0.0
894.1330397501961,0.0
925.03629022912,0.0
955.2051465608098,0.0
989.3922440056317,0.0
1028.8763549904509,0.0
1071.1320300449418,0.0
1112.1381584239712,0.0
1148.9426704105408,0.0
1181.0011137530787,0.0
1210.842560179632,0.0
1244.0730113058373,0.0
1286.300128604514,0.0
1336.5473404998706,0.0
1383.2781381130799,0.0
1410.5230257765022,0.0
1410.9055606578404,0.0
1391.970325112238,0.0
1367.7246781454096,0.0
1345.067349479992,0.0
1320.9808418412254,0.0
1292.162411103765,0.0
1263.7061893381112,0.0
1246.3506840174882,0.0
1247.099464407406,0.0
1264.3035594890537,0.0
1290.5651264444214,0.0
1317.3216392933828,0.0
1336.5996088967602,0.0
1341.718676396428,0.0
1328.5132488281731,0.0
1295.42332393832,0.0
1241.8960380300796,0.0
1168.5333713263522,0.0
1080.85364783482,0.0
992.3171364383508,0.0
919.6309557825779,0.0
870.6727929567602,0.0
836.1432619127805,0.0
795.5779133846488,0.0
734.180861018897,0.0
655.0958603259088,0.0
576.4752380282515,0.0
516.5621353851084,0.0
478.95341375964836,0.0
448.7743227885998,0.0
402.1928070206975,0.0
322.23600135638515,0.0
209.0743317913769,0.0
77.9443674864783,0.0
-51.29870800208206,0.0
-163.90785532534287,0.0
-254.97322572526951,0.0
-330.0185944653442,0.0
-401.4609692182729,0.0
-480.3585726063189,0.0
-568.0466053993455,0.0
-655.4599902871629,0.0
-731.6600648302594,0.0
-793.2254305256827,0.0
-845.5193415020652,0.0
-895.7305810689738,0.0
-945.4737201624436,0.0
-989.9858943156606,0.0
-1023.1116046704745,0.0
-1041.7601685930042,0.0
-1045.8929483685076,0.0
-1037.2706118642482,0.0
-1021.2755873898657,0.0
-1008.9219034337796,0.0
-1012.1965266096609,0.0
-1033.7359866121346,0.0
-1062.4667645111488,0.0
-1083.0484972592585,0.0
-1090.2958943575861,0.0
-1092.6166073407426,0.0
-1101.831278842831,0.0
-1122.2196359580241,0.0
-1148.870354341137,0.0
-1172.3143299859496,0.0
-1182.8928882837722,0.0
-1174.270241030103,0.0
-1147.767070894097,0.0
-1114.051283924648,0.0
-1087.311994851042,0.0
-1075.3727194484843,0.0
-1075.1363821884838,0.0
-1076.7496137640624,0.0
-1069.9994438445826,0.0
-1047.2784515765022,0.0
-1004.256597571191,0.0
-941.2256521998404,0.0
-864.5990687335972,0.0
-785.904077285921,0.0
-717.1635605031387,0.0
-665.2903597779848,0.0
-629.8812860578525,0.0
-604.7112056692977,0.0
-578.9393239525494,0.0
-537.4580760644575,0.0
-465.79000657427036,0.0
-359.8624586282306,0.0
-230.91037099874956,0.0
-98.0120013977187,0.0
25.357153270612294,0.0
137.80446620788274,0.0
244.95479854539175,0.0
349.7483984327979,0.0
447.36359961309796,0.0
527.9484519386085,0.0
583.8016862925326,0.0
615.368070726547,0.0
632.6558400401314,0.0
652.1342166238076,0.0
690.6475464726423,0.0
758.1500518350252,0.0
852.3805066926882,0.0
959.4509085390922,0.0
1061.402685005159,0.0
1145.7650891705146,0.0
1209.881770387536,0.0
1257.7437358659513,0.0
1294.0043544094835,0.0
1321.9478265536384,0.0
1346.1223358907637,0.0
1373.7022519695652,0.0
1410.617135397836,0.0
1457.0124302245847,0.0
1508.2075247459388,0.0
1559.727401613582,0.0
1608.9360071803346,0.0
1650.7440267708416,0.0
1674.1182709918448,0.0
1666.8363991287652,0.0
1626.4692854720777,0.0
1566.5372954297957,0.0
1510.8430172488095,0.0
1480.5879532269084,0.0
1484.7587951435962,0.0
1518.082350026469,0.0
1563.9797186521973,0.0
1599.56013525192,0.0
1603.4793750255012,0.0
1566.5082561974077,0.0
1498.200513847542,0.0
1422.0191624278486,0.0
1360.32511089926,0.0
1320.6590644287282,0.0
1293.4507816997577,0.0
1260.7843383227232,0.0
1208.3740671406613,0.0
1133.7874302391435,0.0
1048.0283399055324,0.0
969.8681306824269,0.0
914.695245517897,0.0
884.1622083248743,0.0
864.6185397533878,0.0
836.3149220301686,0.0
786.5355881236571,0.0
716.6855680924522,0.0
639.3951440447876,0.0
569.0609002716222,0.0
512.4495166129268,0.0
464.9697280307025,0.0
414.50717872501133,0.0
350.26915116112644,0.0
270.3682212889369,0.0
183.13202278230992,0.0
101.95918909688758,0.0
37.55866989273804,0.0
-7.811708055185319,0.0
-41.76526809260148,0.0
-78.73552688690285,0.0
-133.49312006830232,0.0
-213.3581444543598,0.0
-313.3913727994142,0.0
-419.19663019199385,0.0
-516.6983303841431,0.0
-601.0196252957068,0.0
-676.2387705117254,0.0
-747.1620783568272,0.0
-813.1302519249673,0.0
-870.4694782766143,0.0
-918.3543848513822,0.0
-958.8582670855269,0.0
-990.7844226500786,0.0
-1007.2714288304336,0.0
-1003.3778294226179,0.0
-986.3606618324563,0.0
-975.423088919504,0.0
-988.057178910718,0.0
-1025.9449136961402,0.0
-1074.8469939909835,0.0
-1117.7470103211626,0.0
-1146.9669997785884,0.0
-1164.9698619050703,0.0
-1177.1797342933362,0.0
-1185.5983989263175,0.0
-1186.6272388088726,0.0
-1172.36377072449,0.0
-1135.2906502994886,0.0
-1074.9868938232491,0.0
-1001.526991767879,0.0
-931.3644212424275,0.0
-878.5025980730632,0.0
-847.6475856387372,0.0
-833.5630731471718,0.0
-826.1673403456381,0.0
-817.7078540206459,0.0
-806.5366590205232,0.0
-794.0019534946085,0.0
-776.9028047544441,0.0
-742.7260365848548,0.0
-673.7557723220508,0.0
-558.6226183739104,0.0
-402.2584171768005,0.0
-226.05125205946047,0.0
-58.51753975388403,0.0
77.00067876674426,0.0
170.9569336576771,0.0
228.54044427325957,0.0
262.12448203512446,0.0
280.7617062702817,0.0
285.9694133372996,0.0
277.49768186064193,0.0
262.1694238413485,0.0
255.8975637807162,0.0
276.70349316036936,0.0
335.03636350424483,0.0
428.8291399968462,0.0
546.1018552541043,0.0
672.2205329720813,0.0
795.3292409295914,0.0
906.0387898049192,0.0
995.0344849623119,0.0
1055.1035660434102,0.0
1087.3707251036378,0.0
1103.8692819169526,0.0
1121.1460153961482,0.0
1149.9587084955854,0.0
1191.1946341391938,0.0
1240.7794129738645,0.0
1296.8765150314919,0.0
1361.6883955001642,0.0
1437.9891481309796,0.0
1524.990590162858,0.0
1616.317655184122,0.0
1700.1150422394028,0.0
1762.222979094753,0.0
1792.5388070054998,0.0
1790.2566455264146,0.0
1762.3396212012926,0.0
1716.8158251255982,0.0
1659.5507613830127,0.0
1598.4222266752538,0.0
1548.000380049218,0.0
1526.0404155813712,0.0
1542.4904834149172,0.0
1590.2134524336234,0.0
1646.0073809225119,0.0
1682.7662353523813,0.0
1684.68779878115,0.0
1654.547735323275,0.0
1608.1781583884203,0.0
1562.3094348038878,0.0
1526.1065637726686,0.0
1500.2884295542458,0.0
1479.027782441801,0.0
1450.6245865449541,0.0
1400.3326005312936,0.0
1318.8823550388968,0.0
1211.0881581054202,0.0
1095.1188801830822,0.0
991.7104676958579,0.0
912.3713019832117,0.0
855.2830965127785,0.0
809.8183134937098,0.0
764.6904046707685,0.0
713.4537887769869,0.0
654.4220945268611,0.0
587.8352201442138,0.0
515.0115479244334,0.0
439.32598843429724,0.0
365.18498106563493,0.0
295.193441505536,0.0
229.45479791543642,0.0
166.71240054332299,0.0
103.30545305721529,0.0
31.760585900028932,0.0
-54.87381301295496,0.0
-154.9907901204304,0.0
-257.69594691130914,0.0
-353.12730117842955,0.0
-442.3790814423044,0.0
-534.6993080579139,0.0
-635.4206652287745,0.0
-738.682136084542,0.0
-831.2364089536154,0.0
-900.9134944262793,0.0
-941.7007789923019,0.0
-954.3245255106232,0.0
-945.3284719463575,0.0
-925.6797484966313,0.0
-907.9830985719101,0.0
-901.7891116316611,0.0
-908.9376867200242,0.0
-922.854709959106,0.0
-933.8203328829023,0.0
-937.6621219825171,0.0
-941.5416708244353,0.0
-961.4887797347848,0.0
-1011.743678987969,0.0
-1092.4522100227782,0.0
-1185.0889041321673,0.0
-1260.994352560741,0.0
-1298.3096720792378,0.0
-1294.1438496582653,0.0
-1262.8939055027754,0.0
-1224.6579014638119,0.0
-1193.8884401909793,0.0
-1173.8012400986881,0.0
-1157.0301784568912,0.0
-1131.8962651587246,0.0
-1090.9129040472174,0.0
-1033.7210611522783,0.0
-961.3617543045023,0.0
-869.794776104573,0.0
-752.840146598787,0.0
-612.9054340164213,0.0
-467.08347029642306,0.0
-340.2792673760678,0.0
-249.94676181977798,0.0
-194.94756552463477,0.0
-157.2695346453878,0.0
-115.48517767436108,0.0
-59.932484241239685,0.0
1.8598233003531695,0.0
54.435603391504955,0.0
91.03427432856864,0.0
122.22982724413858,0.0
167.44887071050994,0.0
237.94493037522471,0.0
328.8896582788666,0.0
426.8100048430957,0.0
521.0157763002215,0.0
606.2660313701667,0.0
678.5819498987104,0.0
735.0658694000698,0.0
780.6180322577055,0.0
831.8444123033695,0.0
908.8557005973621,0.0
1018.0709538955837,0.0
1140.9819697602252,0.0
1242.0304017527471,0.0
1293.3741641060294,0.0
1297.332795845109,0.0
1286.2080866871859,0.0
1299.2902578077872,0.0
1357.1879404771312,0.0
1453.5836549016465,0.0
1565.1211875023757,0.0
1665.6424626805974,0.0
1734.647949461126,0.0
1761.6115948951458,0.0
1749.6171005684982,0.0
1714.8407376689984,0.0
1678.1933667315122,0.0
1654.5272851678321,0.0
1648.7739829862483,0.0
1660.228305766679,0.0
1687.2462590915036,0.0
1725.9340772498579,0.0
1765.8116765801894,0.0
1790.2836395556778,0.0
1784.337586601825,0.0
1742.3324267094085,0.0
1669.4095306111228,0.0
1578.8153060140896,0.0
1489.4457920523041,0.0
1421.7311205286092,0.0
1389.0318797197683,0.0
1389.9211291478227,0.0
1409.6078200581076,0.0
1429.8616288299513,0.0
1438.3860440744202,0.0
1430.795093747825,0.0
1406.6518237720654,0.0
1365.574336589061,0.0
1307.199020835223,0.0
1233.5511002865653,0.0
1150.2548553155443,0.0
1065.3659886096889,0.0
987.6302252755803,0.0
924.7170177953714,0.0
879.7786562805362,0.0
847.3946363916765,0.0
814.52054452523,0.0
768.9535438018503,0.0
708.2134482886789,0.0
639.5631362143284,0.0
571.9700835826607,0.0
509.23557224130144,0.0
450.0054226176085,0.0
391.34593962804803,0.0
330.4413077216147,0.0
263.91711708448247,0.0
188.56846527497572,0.0
105.00716206944878,0.0
20.029557824677823,0.0
-57.16809406626926,0.0
-122.7642703063259,0.0
-182.62573337545206,0.0
-248.68192199926,0.0
-330.3106139470134,0.0
-427.2137824931243,0.0
-528.6849993476682,0.0
-619.9120353757581,0.0
-691.089100770971,0.0
-742.5717101001788,0.0
-782.2054202979775,0.0
-818.3245514919546,0.0
-855.8826672310438,0.0
-897.480768417601,0.0
-944.0255354574084,0.0
-992.5992896553144,0.0
-1036.187753172942,0.0
-1067.835013364252,0.0
-1084.389934299184,0.0
-1085.9556263867194,0.0
-1074.1556681608076,0.0
-1052.249942610104,0.0
-1025.3385532712437,0.0
-998.5401538535457,0.0
-975.0510544710589,0.0
-955.6096595356812,0.0
-938.2106746928009,0.0
-917.945794337038,0.0
-888.6963993596244,0.0
-846.4167636358011,0.0
-791.2781737613639,0.0
-726.7649370471873,0.0
-657.6088407129929,0.0
-589.5987977418617,0.0
-531.5750194473376,0.0
-495.1938342797308,0.0
-487.86820498662456,0.0
-501.7860146667096,0.0
-510.2490288847399,0.0
-479.7716947562939,0.0
-392.04795034083736,0.0
-258.07561114623206,0.0
-111.831660891227,0.0
11.3050001711084,0.0
93.69786019058473,0.0
139.24656142199248,0.0
163.86955149080458,0.0
184.0243582646078,0.0
210.8536267252069,0.0
248.89985516725147,0.0
296.00310005297996,0.0
345.45525717944105,0.0
392.2925659779086,0.0
439.5896777939577,0.0
497.24747366835703,0.0
573.5649206271798,0.0
668.6602301882119,0.0
776.0472207619493,0.0
888.4037454895815,0.0
999.7542861475997,0.0
1102.4950279160591,0.0
1185.4005784981882,0.0
1238.732975037005,0.0
1264.099302736773,0.0
1279.178278027559,0.0
1309.5962783273517,0.0
1371.883332601321,0.0
1461.0095952682611,0.0
1554.1226433938173,0.0
1627.93072571965,0.0
1674.4678846958418,0.0
1702.0748696597432,0.0
1722.8876067968904,0.0
1739.9013675066699,0.0
1746.0626321327231,0.0
1735.3527062463106,0.0
1713.471780821787,0.0
1696.7950420727798,0.0
1701.9312927200535,0.0
1736.7431340582316,0.0
1797.7379101722363,0.0
1870.6905552591716,0.0
1933.6602819905127,0.0
1965.8255100623894,0.0
1959.2516248317036,0.0
1922.728474257294,0.0
1872.567545024031,0.0
1819.3101703840498,0.0
1763.0734001448413,0.0
1699.5634726948956,0.0
1628.4900183328548,0.0
1556.2900864306396,0.0
1492.531324875925,0.0
1444.4469178694985,0.0
1412.7068838103512,0.0
1389.3012081518139,0.0
1359.8738394413224,0.0
1311.7878497549254,0.0
1243.3320157332203,0.0
1165.1827661057594,0.0
1091.459045259401,0.0
1028.0916333273556,0.0
969.4410383606279,0.0
905.5537152487705,0.0
831.8833211363285,0.0
752.4925914779903,0.0
676.1832403055631,0.0
610.5986763626165,0.0
558.0062638511291,0.0
513.4005682930616,0.0
465.3837551892611,0.0
400.9111627619725,0.0
313.1178682803161,0.0
208.10967088921598,0.0
104.25168311182453,0.0
21.99974404602616,0.0
-29.00938678628674,0.0
-55.545069877961396,0.0
-76.20612502891623,0.0
-112.18718975992871,0.0
-178.62451724082769,0.0
-277.70957179416956,0.0
-395.45107886255806,0.0
-505.92897122220876,0.0
-583.1960506062009,0.0
-614.3460750285378,0.0
-605.7383932783207,0.0
-579.7129707925961,0.0
-564.0615352361108,0.0
-579.7852909790457,0.0
-633.0663390143366,0.0
-715.2738347953161,0.0
-809.5714228305984,0.0
-898.8282276394866,0.0
-970.2396121988957,0.0
-1016.2333571973139,0.0
-1034.4724403709215,0.0
-1028.5093057706772,0.0
-1007.5443361660999,0.0
-983.2203091783005,0.0
-964.710185392065,0.0
-955.1826501630458,0.0
-951.0097795229983,0.0
-943.0827054726182,0.0
-920.5552173333703,0.0
-877.3435241480848,0.0
-818.4655008504786,0.0
-760.031972745476,0.0
-720.4810774087646,0.0
-708.8981297429428,0.0
-719.2764703265893,0.0
-734.3921527752547,0.0
-735.9264454799501,0.0
-713.6627677029778,0.0
-667.3767444559486,0.0
-601.5356601109132,0.0
-519.9769750341692,0.0
-426.1307027691515,0.0
-326.2101380055541,0.0
-230.2491014356348,0.0
-150.30047724232708,0.0
-96.58824932137225,0.0
-70.98574816360514,0.0
-60.434087995652824,0.0
-37.36940090655654,0.0
28.625885481332435,0.0
153.11372941881757,0.0
324.4195498255588,0.0
505.8496249362662,0.0
652.7283942032827,0.0
734.5698815550197,0.0
749.7634954186641,0.0
725.3665049307382,0.0
703.5555535337406,0.0
722.2801973132568,0.0
798.8601584344426,0.0
923.7396928038019,0.0
1067.9549441965012,0.0
1200.042520773988,0.0
1301.1156588251456,0.0
1368.403138175268,0.0
1408.5501887323626,0.0
1430.4342150323082,0.0
1443.9106948755416,0.0
1460.929954303842,0.0
1492.4256436027306,0.0
1541.5402761466232,0.0
1600.5571614257335,0.0
1656.0907841299306,0.0
1698.0961224242428,0.0
1725.384663858909,0.0
1745.1039642916332,0.0
1768.2536551519217,0.0
1803.6399757488955,0.0
1852.2124618479882,0.0
1904.7217628163112,0.0
1945.1845852314875,0.0
1959.305339308915,0.0
1943.862766247042,0.0
1910.5517724990652,0.0
1879.0083341571503,0.0
1862.6343227060947,0.0
1860.4293881950043,0.0
1863.6621348369736,0.0
1868.4678494716604,0.0
1878.0567139930079,0.0
1891.9848548571874,0.0
1897.0514590660227,0.0
1872.9211180103268,0.0
1808.4160462785894,0.0
1712.6551187976795,0.0
1610.4144621679059,0.0
1527.327079066623,0.0
1478.3533091657541,0.0
1464.6160007513938,0.0
1474.11593285424,0.0
1484.4687516096742,0.0
1471.5723663090566,0.0
1422.5445207739428,0.0
1342.8106487657942,0.0
1251.4186260402375,0.0
1169.8298217757174,0.0
1112.240568438867,0.0
1079.6752583217815,0.0
1058.2217903028031,0.0
1024.0832700690644,0.0
955.8264377258737,0.0
847.6215141950365,0.0
714.3868336258396,0.0
584.2686512010183,0.0
482.37750529773905,0.0
416.22394033982386,0.0
373.3951257113441,0.0
333.27265796207286,0.0
282.33685993605474,0.0
220.04459340282452,0.0
152.93362907065142,0.0
86.09419320737473,0.0
20.275934541752413,0.0
-45.87850190509488,0.0
-113.21502578197288,0.0
-181.45051111775894,0.0
-249.76792059569794,0.0
-317.02374880631993,0.0
-381.1244295651712,0.0
-438.8449009851889,0.0
-487.0408370214452,0.0
-524.0422003068156,0.0
-549.822040740933,0.0
-566.3709666716103,0.0
-579.7278673912614,0.0
-600.8735706957856,0.0
-641.7463468994704,0.0
-707.8596138984541,0.0
-793.7349081558351,0.0
-884.687856002662,0.0
-963.0008343493936,0.0
-1014.4834366798357,0.0
-1032.8286266851044,0.0
-1020.3437554834483,0.0
-985.0457183950945,0.0
-936.7169888589249,0.0
-884.0127655657582,0.0
-832.4453165901552,0.0
-783.3407369281808,0.0
-735.6857384548076,0.0
-689.8203748023133,0.0
-648.2138603805383,0.0
-612.2434674352139,0.0
-580.0508444169066,0.0
-548.2913282509244,0.0
-513.8067174984607,0.0
-473.02369872693055,0.0
-423.444550309641,0.0
-368.64995965302774,0.0
-318.1178930099484,0.0
-276.6888094639698,0.0
-235.01812697793358,0.0
-175.40128758883657,0.0
-88.520315652919,0.0
17.198845959679563,0.0
122.85410759361748,0.0
213.66614284824794,0.0
287.0720117381656,0.0
350.13692586486474,0.0
411.8339342395322,0.0
477.90383728528514,0.0
551.3236360279695,0.0
635.0714986535031,0.0
731.5015612344833,0.0
838.412069463557,0.0
948.3102796010431,0.0
1053.6973414775855,0.0
1151.1356528456436,0.0
1237.9859311818068,0.0
1307.7130373659425,0.0
1353.9987858821933,0.0
1381.0296894980027,0.0
1405.906524653674,0.0
1447.1671386932387,0.0
1510.2499894251855,0.0
1584.5641635873528,0.0
1653.4293720697463,0.0
1706.1202787099728,0.0
1741.6997952171275,0.0
1764.7826333663982,0.0
1780.7823546007953,0.0
1794.5066491265218,0.0
1808.5789775730846,0.0
1819.7476052650943,0.0
1819.1540169259476,0.0
1800.7789585629816,0.0
1770.4654169258288,0.0
1744.34490948775,0.0
1737.8279402013347,0.0
1756.9030607894858,0.0
1798.777496125721,0.0
1856.6331927644283,0.0
1921.4070164387851,0.0
1981.3447278111362,0.0
2024.7147656439888,0.0
2045.6725164219683,0.0
2046.6076501978603,0.0
2033.1841980526071,0.0
2008.1444263288163,0.0
1972.4458771036807,0.0
1931.5697643511885,0.0
1895.8176025343942,0.0
1870.8277616953499,0.0
1849.237988357214,0.0
1815.46644257187,0.0
1760.331997571711,0.0
1690.3013761723168,0.0
1621.996878530177,0.0
1567.9126370253266,0.0
1526.7806017512535,0.0
1485.980944400533,0.0
1432.7483060240857,0.0
1364.6219857234817,0.0
1291.3777614701658,0.0
1227.4904769298737,0.0
1181.5791304086858,0.0
1150.6265848578087,0.0
1121.8310800529007,1.0
1079.8385020225667,0.0
1015.4724684134936,0.0
931.7810156152008,0.0
845.0029606904002,0.0
779.9526400907027,0.0
760.2514677721061,0.0
793.4963845095415,0.0
856.9510919183035,0.0
897.8242304544458,0.0
858.5291445358017,0.0
713.6380534168142,0.0
486.9962115576672,0.0
233.62588466961276,0.0
5.705841642646732,0.0
-168.11587350929986,0.0
-282.8634106302526,0.0
-348.77097857124363,0.0
-383.15747964688137,0.0
-403.02707495842196,0.0
-419.126596642575,0.0
-435.25223189803324,0.0
-453.0216769263197,0.0
-476.6393691976871,0.0
-512.0428342651827,0.0
-561.2953079147718,0.0
-617.8356045706694,0.0
-667.7807247630825,0.0
-697.1026617787032,0.0
-700.036640340143,0.0
-681.8982608784867,0.0
-653.2066585708216,0.0
-619.9951310937164,0.0
-580.2163673696526,0.0
-530.459565239955,0.0
-475.77592262935997,0.0
-432.2408234623428,0.0
-418.9108286134602,0.0
-445.17850476577433,0.0
-502.84079307597017,0.0
-568.5757748874966,0.0
-614.6530348517975,0.0
-620.7924808445259,0.0
-581.5171072799807,0.0
-507.4921050344166,0.0
-420.8487006058159,0.0
-345.1677147133592,0.0
-293.52976356330254,0.0
-261.6060985491283,0.0
-232.32504021479352,0.0
-190.93056058992488,0.0
-138.20962797989634,0.0
-87.83546085865491,0.0
-49.37831635021182,0.0
-15.321451551207945,0.0
33.61507380998771,0.0
111.23810455932687,0.0
214.8339290024424,0.0
329.9132178273799,0.0
444.0562856260881,0.0
555.5149561882395,0.0
668.8439857880825,0.0
783.737703513067,0.0
890.5854783729325,0.0
977.8541553884496,0.0
1042.253869843851,0.0
1090.3911223788807,0.0
1132.1850413337472,0.0
1174.7636150602125,0.0
1221.4137402903098,0.0
1272.257407813557,0.0
1323.0435438119612,0.0
1364.4352915496352,0.0
1386.290836575562,0.0
1386.508054588169,0.0
1376.7396171225507,0.0
1377.5673089154243,0.0
1405.6504956253166,0.0
1463.536908975304,0.0
1540.0835798676271,0.0
1619.6918847228947,0.0
1692.1242427768368,0.0
1756.1925465185311,0.0
1816.3638099875043,0.0
1876.0092272155039,0.0
1931.7435986476441,0.0
1972.2881767996005,0.0
1984.2006613556246,0.0
1963.043371025741,0.0
1922.7357705540694,0.0
1893.5037407410703,0.0
1905.8677698658994,0.0
1970.4854974018767,0.0
2069.347649573777,0.0
2166.263875104966,0.0
2228.6949931467907,0.0
2244.5960679922455,0.0
2223.5981363326873,0.0
2184.8077901781453,0.0
2142.8078659172425,0.0
2102.082058179949,0.0
2061.340431638604,0.0
2020.4098197342878,0.0
1981.5256935790799,0.0
1945.2158553718584,0.0
1908.0716714234702,0.0
1866.4101820237245,0.0
1820.219732015572,0.0
1770.6305376232517,0.0
1713.9675229374213,0.0
1641.6433405064806,0.0
1548.366470482468,0.0
1440.5012430335228,0.0
1335.6701408135737,0.0
1253.106455897247,0.0
1201.5461234371019,0.0
1172.6442755682283,0.0
1144.9472161497372,0.0
1096.6049459464066,0.0
1017.5777946162269,0.0
912.6119359223741,0.0
795.2183983011803,0.0
679.9207120038134,0.0
577.5334947202185,0.0
492.35887319288776,0.0
420.23758314262653,0.0
350.5293426270978,0.0
273.96679756474555,0.0
190.80422968150083,0.0
110.23969672485669,0.0
41.223384434926295,0.0
-14.587987018327249,0.0
-59.676157709655165,0.0
-92.96386718705051,0.0
-109.21729760411449,0.0
-107.22439754150818,0.0
-96.52897175372196,0.0
-94.6217836315066,0.0
-117.8862242205149,0.0
-174.1065257876064,0.0
-259.40525951607384,0.0
-359.30393784895506,0.0
-454.44189060153235,0.0
-529.7902630768039,0.0
-581.3615818157097,0.0
-614.7973583911659,0.0
-637.4839611588205,0.0
-651.4185141232808,0.0
-652.4947565645107,0.0
-635.7933457019908,0.0
-601.4055455395288,0.0
-555.6616445680397,0.0
-507.8112599843118,0.0
-466.72347605051397,0.0
-440.06410876092775,0.0
-433.10306279957814,0.0
-444.7364580744475,0.0
-463.86822438502537,0.0
-471.81495387681093,0.0
-452.1632222868888,0.0
-401.90979792037405,0.0
-334.5356572152044,0.0
-270.9292887115928,0.0
-225.33812244000174,0.0
-197.92255829286887,0.0
-177.75029427867642,0.0
-150.63658279944678,0.0
-105.58207616515647,0.0
-38.93408176596052,0.0
43.42320972731698,0.0
128.19377016971663,0.0
201.8252036403398,0.0
257.56783243675807,0.0
296.72875371811466,0.0
325.2830916140861,0.0
351.011423499367,0.0
381.1965679003825,0.0
417.93527967321984,0.0
454.3264022946711,0.0
479.43955052236436,0.0
490.7008086670165,0.0
500.8817868451139,0.0
531.3344462873961,0.0
598.1214064708612,0.0
703.1195872686407,0.0
834.6027597340822,0.0
974.2080615620033,0.0
1105.2840812099712,0.0
1217.2575964501964,0.0
1304.1509091303128,0.0
1362.2849275071567,0.0
1393.8323910792117,0.0
1413.1335328122457,0.0
1444.3403380953832,0.0
1506.9953190990127,0.0
1601.998358409945,0.0
1711.840361646521,0.0
1814.25002030777,0.0
1895.9059064491778,0.0
1956.523501438765,0.0
2004.3727659291158,0.0
2049.526866532528,0.0
2099.028907649786,0.0
2154.9593052021137,0.0
2214.2891044375856,0.0
2269.2880202390447,0.0
2308.7000762486896,0.0
2321.902263615749,0.0
2305.943137151223,0.0
2270.4258430330005,0.0
2234.3450238653445,0.0
2215.283328533956,0.0
2218.2244974232012,0.0
2233.0434772056224,0.0
2243.302695523883,0.0
2238.8958913737006,0.0
2221.2986954578932,0.0
2197.9918203628235,0.0
2173.0101737263644,0.0
2142.823382933788,0.0
2100.3767444599343,0.0
2043.10125913589,0.0
1978.0241367140532,0.0
1919.2869995732904,0.0
1879.1626605946574,0.0
1859.0734858251446,0.0
1847.6861785418755,0.0
1827.503533718913,0.0
1784.4959654971967,0.0
1714.316448365274,0.0
1622.3293293331171,0.0
1518.7807439290623,0.0
1412.8330766443855,0.0
1309.738175790729,0.0
1212.1193093474442,0.0
1122.608730543293,0.0
1044.2020802120726,0.0
977.981280413198,0.0
920.4655494454493,0.0
862.9895468927858,0.0
794.4208124137307,0.0
707.5874069216258,0.0
606.367198729389,0.0
506.4526584254131,0.0
425.6266642612743,0.0
369.7258496392267,0.0
327.81930405367774,0.0
282.70058228842856,0.0
226.71141371118358,0.0
166.799428924589,0.0
114.80382881787716,0.0
75.371369485961,0.0
44.20435742511608,0.0
14.867699276891198,0.0
-16.286154478612442,0.0
-50.837670060716256,0.0
-89.903198281702,0.0
-133.29016395373048,0.0
-179.23874040491316,0.0
-226.9711916295575,0.0
-278.6937544091237,0.0
-336.98055624440696,0.0
-400.33938972538095,0.0
-463.1155131127067,0.0
-519.9788265596848,0.0
-568.4680027123619,0.0
-607.0877980438256,0.0
-634.0687499862163,0.0
-649.685802988063,0.0
-657.3718711703248,0.0
-660.1555197309482,0.0
-657.1166196522714,0.0
-645.2288167826281,0.0
-624.0700192268729,0.0
-596.9724159982767,0.0
-568.3684980349124,0.0
-542.6008090840872,0.0
-525.6141530566493,0.0
-523.9522350839067,0.0
-537.582405707869,0.0
-553.6993058449084,0.0
-551.9779106112479,0.0
-519.2168765512939,0.0
-458.10178510309686,0.0
-380.3794271481665,0.0
-293.01736497015816,0.0
-192.83956668672784,0.0
-73.68925100704361,0.0
62.803381748467665,0.0
203.00211168162474,0.0
326.67624828673166,0.0
418.2346947098179,0.0
476.18831992628776,0.0
514.0966767630125,0.0
551.9958072604745,0.0
604.0155452991354,0.0
671.4536200787071,0.0
747.0713587683509,0.0
826.0171669682179,0.0
911.4089087891604,0.0
1008.1539633610311,0.0
1113.0399839273698,0.0
1213.7280504918394,0.0
1297.3559806979815,0.0
1358.3759577331598,0.0
1398.7015598094854,0.0
1423.7068786899767,0.0
1439.619292292686,0.0
1452.8446472601954,0.0
1468.8812620495646,0.0
1490.7959469850027,0.0
1518.5216787596667,0.0
1549.7129400855174,0.0
1582.2965818328928,0.0
1617.312383893268,0.0
1658.7847096511414,0.0
1709.6189730009214,0.0
1768.4485669573849,0.0
1832.5326630293935,0.0
1902.8993583323283,0.0
1983.1671358680044,0.0
2072.3678923086477,0.0
2161.6134635048616,0.0
2239.336280694569,0.0
2298.5061290214467,0.0
2338.856570050111,0.0
2365.20429414827,0.0
2385.2512556442102,0.0
2406.848418420104,0.0
2434.075618957758,0.0
2464.250729457732,0.0
2488.456535042718,0.0
2496.532133943067,0.0
2483.782286918393,0.0
2454.326372741388,0.0
2417.9435583182026,0.0
2382.8436014725858,0.0
2350.457475415721,0.0
2316.21069788811,0.0
2275.086869679684,0.0
2227.08651125442,0.0
2178.101294740092,0.0
2135.6405969278794,0.0
2102.2136529479535,0.0
2071.418131998249,0.0
2030.897779583035,0.0
1970.6655035099266,0.0
1889.6216140252036,0.0
1795.2453276278486,0.0
1698.7557932069187,0.0
1609.8800856649254,0.0
1532.3020522853249,0.0
1461.7278564471417,0.0
1389.7857827331138,0.0
1311.9317792894424,0.0
1230.7638954280594,0.0
1150.0472098977798,0.0
1067.4163099728898,0.0
977.051569672889,0.0
880.3909434187145,0.0
789.8767545873048,0.0
718.3852676311584,0.0
666.2529472371021,0.0
622.2630340308054,0.0
577.9275548599536,0.0
537.7083138431435,0.0
512.3255065364416,0.0
502.1282412706018,0.0
489.54433091537885,0.0
450.39619849547154,0.0
373.3064975679825,0.0
267.5577242204233,0.0
152.5850357832729,0.0
41.696371778663654,0.0
-63.405374300314975,0.0
-165.23530830384053,0.0
-261.54932194568823,0.0
-344.0000936964183,0.0
-403.2922226446293,0.0
-434.71895484873426,0.0
-440.4916801343352,0.0
-428.2168433728477,0.0
-406.27031681994487,0.0
-378.59297127537604,0.0
-343.7622224518055,0.0
-300.22988849948314,0.0
-252.32884314780603,0.0
-209.6024301566137,0.0
-179.77246800814348,0.0
-163.76321672859635,0.0
-158.48067230691362,0.0
-163.01965264449942,0.0
-179.8859334061515,0.0
-209.22215451487864,0.0
-242.1115642936628,0.0
-260.1662635021053,0.0
-243.83131765143855,0.0
-185.55152618755235,0.0
-98.24375966325408,0.0
-9.325079204701494,0.0
58.19549807109794,0.0
101.68303550028601,0.0
136.75720342054376,0.0
180.4293901977827,0.0
237.2664153806187,0.0
301.0201084902317,0.0
366.2514443200074,0.0
435.2508481983476,0.0
512.806780199099,0.0
595.2673040675119,0.0
667.455748426177,0.0
713.4822712111903,0.0
732.0694101960768,0.0
740.1530603285403,0.0
760.0150208816053,0.0
802.4965093271416,0.0
861.7778196964855,0.0
924.2694973134966,0.0
981.0971634386019,0.0
1032.3499571914042,0.0
1081.5425752918125,0.0
1129.646248449458,0.0
1177.0506439921724,0.0
1229.5932856549207,0.0
1298.0316039059155,0.0
1389.1362145248127,0.0
1497.8789070830858,0.0
1608.9346129637922,0.0
1705.9021959014465,0.0
1780.3738423616358,0.0
1835.0295104989689,0.0
1879.7781708788623,0.0
1924.5367802632452,0.0
1973.972541662476,0.0
2026.8924141336774,0.0
2078.711600189446,0.0
2123.863565800306,0.0
2157.8103330232984,0.0
2179.6037362105853,0.0
2193.138384171025,0.0
2203.9249211284546,0.0
2212.9300646989454,0.0
2214.596976490702,0.0
2203.030820671648,0.0
2180.6294898688734,0.0
2159.179639269974,0.0
2151.5920162585535,0.0
2162.709948328389,0.0
2187.793542342659,0.0
2217.877999523358,0.0
2245.5016013044315,0.0
2266.2088637692873,0.0
2276.6647607995556,0.0
2272.8037687479286,0.0
2251.2373131352488,0.0
2214.292897184389,0.0
2173.939024148675,0.0
2147.887467899699,0.0
2147.1828667849677,0.0
2164.573248121321,0.0
2175.244993780687,0.0
2151.6562665792926,0.0
2081.6745119601364,0.0
1975.9678439802499,0.0
1860.196147076703,0.0
1759.7412357625888,0.0
1687.689106457067,0.0
1640.613891984234,0.0
1601.9462081394445,0.0
1551.6380534393904,0.0
1478.0537027656667,0.0
1384.0710572955652,0.0
1282.4065035232497,0.0
1184.469114269481,0.0
1092.7758347440144,0.0
1003.1697174693836,0.0
913.614029184785,0.0
830.0232552238706,0.0
762.2411313721077,0.0
713.3016030300934,0.0
673.2180722598275,0.0
625.6032230268861,0.0
562.2343610458179,0.0
491.0500566660047,0.0
429.5118586002647,0.0
390.7840802142708,0.0
376.04445043943485,0.0
376.9989385386726,0.0
382.19566277929715,0.0
380.9809147193974,0.0
364.90984691202556,0.0
328.71261150558644,0.0
270.66651806074617,0.0
191.59943486072535,0.0
93.81972507853982,0.0
-17.71501617313464,0.0
-132.8224484129184,0.0
-236.09974411771555,0.0
-312.4784430619665,0.0
-355.3681585648882,0.0
-370.3463080596474,0.0
-370.5142666348678,0.0
-367.795675030052,0.0
-368.1873003693224,0.0
-373.22096732131223,0.0
-382.19885559719523,0.0
-391.1867685929697,0.0
-392.7512102071513,0.0
-381.01540551902133,0.0
-357.5258604208183,0.0
-329.69973395553563,0.0
-302.29630233050545,0.0
-271.7843791382644,0.0
-230.44051129311433,0.0
-176.17898671124328,0.0
-118.25656797075146,0.0
-73.45888419142042,0.0
-55.54271380166624,0.0
-65.95268826800012,0.0
-92.74745172447875,0.0
-118.42828636925482,0.0
-129.80237991927316,0.0
-121.3772982922015,0.0
-90.93236436386653,0.0
-34.64655550024777,0.0
50.60128569828592,0.0
160.17997065203596,0.0
279.84802093674307,0.0
