102.8935795092184,0.0
98.56179043960444,0.0
95.85154313554204,0.0
97.64975720480554,0.0
103.86925249184743,0.0
110.58576410042387,0.0
112.34159047934902,0.0
106.01117813538272,0.0
93.03377319864065,0.0
78.20612963105515,0.0
66.33822264877134,0.0
59.68350823882224,0.0
57.75633661847906,0.0
58.81910138677538,0.0
61.380881015111214,0.0
64.7671299244343,0.0
68.88729150162641,0.0
73.63981151723105,0.0
78.29321227228644,0.0
81.22975022759094,0.0
80.57008881463568,0.0
75.5112920719943,0.0
67.38345341321683,0.0
59.387888122472866,0.0
55.093954333907725,0.0
56.715986500862684,0.0
64.19126745440924,0.0
75.4637233170672,0.0
87.77288685262978,0.0
99.10716694080348,0.0
108.73816428879867,0.0
116.56564262070466,0.0
122.2288591825664,0.0
124.96080390235088,0.0
124.09034218395367,0.0
119.54972210208105,0.0
112.16584691941227,0.0
103.71198948105247,0.0
96.4621009396143,0.0
92.23433636488173,0.0
91.51395086988066,0.0
93.26690333643688,0.0
95.44577113742929,0.0
95.81073246863282,0.0
92.78632823364349,0.0
86.13599925562727,0.0
77.17713897943565,0.0
68.34860448210296,0.0
62.358366016975495,0.0
61.363595399256766,0.0
66.52718464469095,0.0
77.89132625668067,0.0
94.20354078633534,0.0
112.54885540120551,0.0
128.4725704756957,0.0
137.45748462476337,0.0
137.3066560908073,0.0
129.44537884045587,0.0
117.73461280982319,0.0
105.82824875391195,0.0
95.55927422912814,0.0
87.46234187195013,0.0
82.04776867740453,0.0
79.90880041788539,0.0
80.59684426859414,0.0
81.97094946534985,0.0
81.2179609103854,0.0
76.71340494795515,0.0
68.92665961493013,0.0
59.71189854581945,0.0
51.02998819329105,0.0
44.338470505744134,0.0
40.73301744420106,0.0
41.0750245382772,0.0
45.70405012768322,0.0
54.086526910380435,0.0
64.91350849536877,0.0
76.55556238620892,0.0
87.40603198072976,0.0
96.03193373890389,0.0
101.40368450586938,0.0
103.11889887439564,0.0
101.31393140424147,0.0
96.44500250923659,0.0
89.41478190200188,0.0
81.83329964258628,0.0
75.68701922281396,0.0
72.31949481352179,0.0
71.54532835748668,0.0
71.70640652831001,0.0
70.73999288943739,0.0
67.50925533267645,0.0
62.39916151854493,0.0
56.752918505630795,0.0
51.81631107209006,0.0
48.23318018560582,0.0
46.4284897423776,0.0
47.19418381842521,0.0
51.63710402420812,0.0
60.41980953754809,0.0
73.01220006240197,0.0
87.62024162120153,0.0
101.73183730529097,0.0
112.76147291389813,0.0
118.5413326051668,0.0
117.8601440353148,0.0
111.13499485409874,0.0
100.72632882068932,0.0
90.32412082095696,0.0
83.55939327999414,0.0
82.60902628361461,0.0
87.34877005144595,0.0
95.23093742102014,0.0
102.08281413382444,0.0
103.88772957750221,0.0
98.74690053908445,0.0
87.72243017682547,0.0
74.00440269232188,0.0
61.28894459744152,0.0
52.6315419478464,0.0
50.12162838230995,0.0
54.747909209546734,0.0
65.93488733351059,0.0
81.22171992379184,0.0
96.9941993015219,0.0
110.10533614599814,0.0
118.9367799514416,0.0
123.04118162399192,0.0
122.36804360989814,0.0
117.37361895892604,0.0
109.61235975750957,0.0
101.4989472194589,0.0
95.15661862113262,0.0
91.60737626741826,0.0
91.00057415992468,0.0
93.15685846239755,0.0
97.40024658461367,0.0
101.85009572687017,0.0
103.51484923075085,0.0
99.91178390777895,0.0
91.00146294536138,0.0
79.37892770932429,0.0
68.43585024559432,0.0
60.46881897961735,0.0
56.47946303252658,0.0
57.193860941469396,0.0
63.57888031284335,0.0
76.0655809410725,0.0
93.24126139599605,0.0
111.35043407824617,0.0
125.41254897976599,0.0
131.56946293545727,0.0
129.10686007171432,0.0
120.56385973487109,0.0
109.82714910669873,0.0
99.84405431817162,0.0
91.70458758418897,0.0
85.42489186538727,0.0
81.26203016159873,0.0
80.13583089289573,0.0
82.68935360135676,0.0
87.87556598736624,0.0
92.62217820259622,0.0
93.31862576238863,0.0
88.13523370030352,0.0
78.24419654303591,0.0
67.02446401586668,0.0
58.15697918639851,0.0
54.065324467384244,0.0
55.32185914304384,0.0
60.85225907443112,0.0
68.73561999476532,0.0
77.27858884225805,0.0
85.62778509775588,0.0
93.33779588890928,0.0
99.41432472416493,0.0
102.13768964305406,0.0
100.19726333822493,0.0
94.02025797183126,0.0
85.82103917468329,0.0
78.27644452639419,0.0
73.14840496544885,0.0
70.9329933166807,0.0
71.33322285662686,0.0
73.7379960163394,0.0
77.32307661300202,0.0
81.02526216863683,0.0
83.66329493513348,0.0
84.23102916361672,0.0
82.23743097706915,0.0
77.95030323808145,0.0
72.36810162209011,0.0
66.81459583615141,0.0
62.40067911131769,0.0
59.756511516033,0.0
59.162539790910664,0.0
60.7510164595203,0.0
64.48272916420098,0.0
69.98594115791255,0.0
76.5747218838434,0.0
83.45322550546986,0.0
89.79753452544021,0.0
94.68966701789743,0.0
97.33915945785374,0.0
97.72406866426576,0.0
96.96355418960516,0.0
96.67524912669708,0.0
97.62902935968116,0.0
98.95034334581437,0.0
98.69633308622903,0.0
95.29692006258786,0.0
88.58641496242986,0.0
79.72483221559264,0.0
70.40763094567657,0.0
62.18442595104395,0.0
56.25275545636877,0.0
53.45706211223068,0.0
54.135265186236616,0.0
57.91026630717467,0.0
63.93159381389162,0.0
71.61248885836702,0.0
81.15462227544393,1.0
93.02717442126092,0.0
107.16257084278234,0.0
123.34164101265863,0.0
143.10563298555655,0.0
170.88312975052443,0.0
211.53678743248767,0.0
264.56954989839227,0.0
319.42980713527254,0.0
357.4228912367503,0.0
361.36373984626977,0.0
326.7480805385814,0.0
265.1474935216244,0.0
196.73909927546916,0.0
138.70189600339674,0.0
98.64093532711644,0.0
75.57607670617871,0.0
64.49182705452765,0.0
60.17299469458112,0.0
59.08943137605807,0.0
59.83205004358189,0.0
62.54830970777465,0.0
67.86050816571604,0.0
75.78518698416923,0.0
85.40799953739263,0.0
95.2470842101715,0.0
103.85726270826777,0.0
110.14765178897369,0.0
113.48884685884464,0.0
113.94162367504502,0.0
113.00595110570518,0.0
114.49899535727147,0.0
124.16188485312125,0.0
146.48239874402816,0.0
180.02665223747093,0.0
215.96348942227195,0.0
243.13568194947243,0.0
255.79771137661854,0.0
255.63183235633457,0.0
246.04090181255845,0.0
226.81979256580325,0.0
196.40868244042161,0.0
157.9202486294833,0.0
120.15104533154305,0.0
92.0595534922216,0.0
77.13887095514602,0.0
72.9154655344912,0.0
74.52692277302882,0.0
78.23023506357177,0.0
82.31680837843886,0.0
86.08564203681304,0.0
88.85992028278905,0.0
90.18586525721952,0.0
90.40112387553853,0.0
90.41917219305444,0.0
90.82242872965556,0.0
91.41682426868071,0.0
91.61972187295447,0.0
90.92894545777561,0.0
88.94644597307816,0.0
85.35190706430303,0.0
80.25040375327887,0.0
74.43794735033586,0.0
68.97770125788198,0.0
64.39717256720533,0.0
60.48049072738064,0.0
56.91574426263188,0.0
53.9652949791183,0.0
52.35620918646654,0.0
52.65960976761606,0.0
54.92658981524299,0.0
58.79559284797901,0.0
63.73797887830342,0.0
69.3025235238143,0.0
75.37579264954005,0.0
82.23712022043891,0.0
90.18498582682832,0.0
99.01389218880217,0.0
107.80267461648064,0.0
115.15218834467842,0.0
119.6729158212457,0.0
120.51386862459414,0.0
117.74944006578366,0.0
112.37497163908058,0.0
105.79049054319425,0.0
99.06568830113234,0.0
92.45292775797549,0.0
85.45450968854189,0.0
77.47668777064044,0.0
68.78559222586274,0.0
60.98963129814558,0.0
56.32405012204551,0.0
56.09713649282205,0.0
59.67083282040603,0.0
64.96763323673385,0.0
70.03376288185832,0.0
74.28122140931504,0.0
78.4476247589281,0.0
83.50581876350014,0.0
89.61262763690239,0.0
95.9565769508566,0.0
101.453459161044,0.0
105.50952981155844,0.0
108.18852955965728,0.0
109.82637643206158,0.0
110.6123135725936,0.0
110.54915971763513,0.0
109.7369242306061,0.0
108.58134330852454,0.0
107.57620356546543,0.0
106.68595401414166,0.0
104.89106221972838,0.0
100.59228668600835,0.0
92.84751615583025,0.0
82.41179415423632,0.0
71.51914556650333,0.0
62.59704930875008,0.0
57.17504626305402,0.0
55.8042560186215,0.0
58.56994695217017,0.0
65.27742070381143,0.0
75.0511516573295,0.0
85.94520013182064,0.0
95.29924147004593,0.0
100.92924390761019,0.0
102.37899550610314,0.0
101.17191452622224,0.0
99.62875046394525,0.0
99.07523153974151,0.0
99.01239590045844,0.0
98.02385183444808,0.0
95.39109965858819,0.0
91.6256914198715,0.0
87.49593003419947,0.0
82.93530619042109,0.0
77.2300741412352,0.0
70.18499986116502,0.0
62.80726594652419,0.0
56.72679675453136,0.0
53.085891211294374,0.0
52.108034253860865,0.0
53.66083982153182,0.0
57.94873474773094,0.0
65.30755843269799,0.0
75.12374820586493,0.0
85.16350384783661,0.0
92.50170921268538,0.0
95.65476145150356,0.0
96.01046947083503,0.0
97.08528381907794,0.0
101.97469783992382,0.0
110.80635144941581,0.0
120.12051029136128,0.0
124.96931332319537,0.0
122.39381137269007,0.0
113.36007661429257,0.0
101.43908245857808,0.0
89.81305074924548,0.0
79.61982984556954,0.0
70.61734559225373,0.0
62.64412534693593,0.0
56.230207278191095,0.0
52.199926268172064,0.0
50.991771770781476,0.0
52.32080060333813,0.0
55.39351026747044,0.0
59.42383002210463,0.0
63.94914985203192,0.0
68.65580981062664,0.0
73.07401947385956,0.0
76.66915483154627,0.0
79.3436024225142,0.0
81.7747948483561,0.0
85.04104273462963,0.0
89.6458663929504,0.0
94.74291855969372,0.0
98.38347841504856,0.0
98.8159116783049,0.0
95.86490262911384,0.0
91.19061751568734,0.0
87.14065547517075,0.0
85.1421509249074,0.0
84.90863985675263,0.0
84.87639064839622,0.0
83.27503691481374,0.0
79.04394936697172,0.0
72.28204313498699,0.0
64.23820604078561,0.0
56.85550429887457,0.0
52.012021128636846,0.0
50.83100218637716,0.0
53.37229116316395,0.0
58.71666002485374,0.0
65.29179517384772,0.0
71.39766151487377,0.0
75.85517535563889,0.0
78.47499596093091,0.0
79.98982768191618,0.0
81.46100643226058,0.0
83.60220776010866,0.0
86.5246088774864,0.0
89.99648412640335,0.0
93.91078735754785,0.0
98.44257683820994,0.0
103.55476944978787,0.0
108.18597964661149,0.0
110.12271338136112,0.0
107.18164036285228,0.0
98.92745168751942,0.0
87.36832810113799,0.0
75.93329826571532,0.0
67.65163220260783,0.0
64.0029247487785,0.0
65.01666748197323,0.0
69.97754986822561,0.0
77.75673247733904,0.0
86.64425292378766,0.0
94.45282398017692,0.0
99.34337870344177,0.0
100.7341287995244,0.0
99.43681510954042,0.0
97.04471713992736,0.0
95.26229634945474,0.0
95.55601232261394,0.0
98.96752701417014,0.0
105.74040030438134,0.0
114.67652374828526,0.0
122.7747247957013,0.0
126.09333354323016,0.0
121.8896180261887,0.0
110.44053904706274,0.0
94.81033294855999,0.0
78.80708036064978,0.0
65.07492433301528,0.0
54.660723929619536,0.0
47.67783839829862,0.0
44.0992195645461,0.0
44.16769641865271,0.0
48.304448520357234,0.0
56.53167417834994,0.0
67.78638111672926,0.0
79.90521024767726,0.0
90.67373816518304,0.0
99.1457443617692,0.0
105.81679683214827,0.0
111.40806060347492,0.0
115.74657357468965,0.0
118.22766591694855,0.0
119.30351065806217,0.0
120.94578621957382,0.0
125.06507994967477,0.0
131.2709868393288,0.0
136.30772389002436,0.0
135.96677066794444,0.0
127.93601249255174,0.0
113.29202630455934,0.0
95.71295460752741,0.0
79.37145936376801,0.0
67.16421126478481,0.0
60.179091672943,0.0
58.27444236071929,0.0
61.044694176975085,0.0
68.32351026569405,0.0
79.71896382625569,0.0
93.57755409091226,0.0
106.62516080557513,0.0
115.1197107663005,0.0
116.79860495455651,0.0
111.9658593650952,0.0
103.01569696958987,0.0
93.1562003589085,0.0
85.39431835735417,0.0
82.1150822386283,0.0
84.94137070754057,0.0
94.37556077918258,0.0
108.98603967319431,0.0
124.69908173637145,0.0
135.48231305799962,0.0
136.0237150134693,0.0
124.90696188384359,0.0
105.6178384260178,0.0
84.31698176069281,0.0
66.26870660664406,0.0
53.77914651214274,0.0
46.72368977056488,0.0
44.37440339025915,0.0
46.55962010991868,0.0
53.31834602986574,0.0
63.79186570662272,0.0
75.71715356551661,0.0
86.16225055051524,0.0
92.92604954196234,0.0
95.44782251007516,0.0
94.73336035451933,0.0
92.71667525452024,0.0
91.64129856574242,0.0
93.46777770930822,0.0
99.13294997552545,0.0
107.93391278594949,0.0
117.55518926122188,0.0
124.82637145379128,0.0
126.80034739910941,0.0
121.78383033726824,0.0
110.08831898932714,0.0
94.12654106314253,0.0
77.52042446867756,0.0
63.602251044905714,0.0
54.28402040202575,0.0
49.94257592003509,0.0
50.05773010914804,0.0
53.85008200729725,0.0
60.469822431836896,0.0
68.83944723293766,0.0
77.54723633177407,0.0
85.07749404488318,0.0
90.36514840749155,0.0
93.3613811258259,0.0
95.17578642619704,0.0
97.55825805388808,0.0
101.87338526951736,0.0
108.05408462334624,0.0
114.29509225051048,0.0
118.06482823369208,0.0
117.92539047957507,0.0
114.57844171922514,0.0
110.08105416629824,0.0
106.0345212168796,0.0
102.44649569999734,0.0
98.02616925023747,0.0
91.43698207540598,0.0
82.64412715184855,0.0
73.6350626192113,0.0
67.94131680902541,0.0
68.8756917775228,0.0
77.29684745762452,0.0
90.3496619743374,0.0
102.46997257164206,0.0
108.5496140614489,0.0
107.1976185897088,0.0
101.33454391254682,0.0
95.58832486071447,0.0
92.92596525724379,0.0
93.45732213332884,0.0
95.92541069405947,0.0
99.91990944169682,0.0
106.37341896026459,0.0
115.74253793178782,0.0
125.87610177377118,0.0
132.30528468945883,0.0
131.17330716699215,0.0
121.94106181161817,0.0
107.33337864082122,0.0
91.1363500695592,0.0
76.29929086129412,0.0
64.52164658163382,0.0
56.73022910478874,0.0
53.59450783854832,0.0
55.731022987261774,0.0
63.34640979093459,0.0
75.31612471600108,0.0
88.5731041056108,0.0
98.992965908286,0.0
103.65185960571017,0.0
102.51887881047011,0.0
97.98417634083776,0.0
92.8316842039533,0.0
88.70950935368538,0.0
86.22749985388737,0.0
85.93855894023923,0.0
88.71595499175955,0.0
94.88780349609885,0.0
102.97521724403693,0.0
109.57477668806666,0.0
111.01027550880785,0.0
105.56854248159604,0.0
94.49280192978719,0.0
81.07697421307925,0.0
68.88778575948584,0.0
60.42321847324548,0.0
56.75274011627376,0.0
57.90746674120435,0.0
63.5099889944193,0.0
73.04421357838982,0.0
85.45022391631981,0.0
98.5303002787293,0.0
109.2364179834477,0.0
115.13073174084751,0.0
115.86470462768078,0.0
113.2464593744612,0.0
109.81314573714694,0.0
107.21380483026024,0.0
105.75124717494022,0.0
105.17056390022105,0.0
105.54685232235025,0.0
107.22874363327426,0.0
110.08652572092868,0.0
113.12756287980712,0.0
114.89065093591162,0.0
114.00408363954008,0.0
109.46163464391611,0.0
100.90247624381752,0.0
89.07922069042867,0.0
75.93573443532149,0.0
63.872691362252326,0.0
54.73571855774427,0.0
49.357287969612166,0.0
47.73864543456875,0.0
49.384879135857894,0.0
53.48337646184769,0.0
59.046208701120676,0.0
65.14795341096684,0.0
71.09182142026947,0.0
76.29598164412629,0.0
80.07651061887564,0.0
81.78201446963375,0.0
81.38468420713144,0.0
79.9577968890716,0.0
79.33253060957165,0.0
80.93536648429115,0.0
84.61531592248656,0.0
88.4123303177604,0.0
89.58240669392549,0.0
86.26308358742772,0.0
78.60326848163625,0.0
68.5677326869846,0.0
58.67962584964597,0.0
50.74554541602469,0.0
45.4300630198718,0.0
42.78718514532877,0.0
43.06155059206035,0.0
46.855840110523,0.0
54.36981896415579,0.0
64.41489021810624,0.0
74.3478137272335,0.0
81.34567498868257,0.0
84.11064401678894,0.0
83.51617809818093,0.0
81.67107424316337,0.0
80.3822728169142,0.0
80.3359688063807,0.0
81.35729064998061,0.0
83.1339944872576,0.0
85.63935633471503,0.0
88.90255896268569,0.0
92.35396646220224,0.0
94.44595441488273,0.0
93.23189897119927,0.0
87.71596427361897,0.0
78.8341155501715,0.0
69.05409275945767,0.0
60.93149799340735,0.0
55.888108401895245,0.0
53.997607361374996,0.0
54.55065094192895,0.0
56.78205939615037,0.0
60.326583815300026,0.0
65.16690872113094,0.0
71.13172168889936,0.0
77.42795569119366,0.0
82.78291998774417,0.0
86.18703365050395,0.0
87.56308148688059,0.0
87.77520693592243,0.0
88.07479004973017,0.0
89.5050678958599,0.0
92.58981888422912,0.0
97.2797735902493,0.0
102.96920767412648,0.0
108.4109334563885,0.0
111.62396731158397,0.0
110.3366432739623,0.0
103.25434380609053,0.0
91.3058371204927,0.0
77.52696719894406,0.0
65.45304064359104,0.0
57.42678525942208,0.0
54.10234345197833,0.0
55.04757440598474,0.0
59.451910015929194,0.0
66.29171401849837,0.0
74.08873200296308,0.0
80.83289395894896,0.0
84.49225787762347,0.0
83.98762699546566,0.0
79.92585969564905,0.0
74.34296378750668,0.0
69.51738859110097,0.0
66.77756878416503,0.0
66.19369514711879,0.0
67.14918942133447,0.0
69.04859432249246,0.0
71.48033387745708,0.0
73.84022631954636,0.0
75.04044123510381,0.0
73.8510142837082,0.0
69.6949826714032,0.0
63.156684527037946,0.0
55.73979045148388,0.0
49.136163427429075,0.0
44.58416887957174,0.0
42.62481767736372,0.0
43.19603914908617,0.0
45.85583845242822,0.0
49.92610240080185,0.0
54.484819908798954,0.0
58.41794910995292,0.0
60.801228679472686,0.0
61.49314852927159,0.0
61.4131189512696,0.0
62.105027721080724,0.0
64.83965157424568,0.0
69.88156542950115,0.0
76.42602237753216,0.0
83.22642033622658,0.0
89.39646633982099,0.0
94.66529916465117,0.0
98.84366248487724,0.0
101.13449748037353,0.0
100.20526453237528,0.0
95.15637300864546,0.0
86.49779570752953,0.0
76.18761252305163,0.0
66.73336461644358,0.0
60.13177208874667,0.0
57.28372179404662,0.0
57.963369645138485,0.0
61.13346845095141,0.0
65.41898098475465,0.0
69.55971939205438,0.0
72.70723939006562,0.0
74.53510204046935,0.0
75.20786157773418,0.0
75.24831968811968,0.0
75.3425184522604,0.0
76.16006106662816,0.0
78.18132174224449,0.0
81.48978085679954,0.0
85.6135424476649,0.0
89.61162597191057,0.0
92.44127074443217,0.0
93.31427970801973,0.0
91.76466332327801,0.0
87.5530222921807,0.0
80.7223925639823,0.0
71.80506095154993,0.0
61.90772118781527,0.0
52.562812751714226,0.0
45.408288060124505,0.0
41.792297912228015,0.0
42.47258627822902,0.0
47.54551880155262,0.0
56.43698770035731,0.0
67.67298303221192,0.0
78.69579609285671,0.0
86.42312546548538,0.0
88.66199854484856,0.0
85.34928733081914,0.0
78.5090667685028,0.0
71.06979690698721,0.0
65.65276794701168,0.0
63.989960778161226,0.0
66.73132911899177,0.0
73.29280919096789,0.0
81.89048853061108,0.0
90.02662141447641,0.0
95.31536174249507,0.0
96.2822829250199,0.0
92.82240781582009,0.0
86.14032252800159,0.0
78.15819294789677,0.0
70.71762256399212,0.0
65.06240982022598,0.0
61.824488932963476,0.0
61.31479753512597,0.0
63.73860589017476,0.0
69.10351044980459,0.0
76.85766941110026,0.0
85.63205973302398,0.0
93.51128991430579,0.0
98.83513592126084,0.0
100.91999562323437,0.0
100.17754250080112,0.0
97.72423760208297,0.0
94.9631622663481,0.0
93.26628880278307,0.0
93.54724951323043,0.0
95.72083587251647,0.0
98.47902667395758,0.0
99.79862115060976,0.0
98.03436567077036,0.0
92.8364134839716,0.0
85.16023884912399,0.0
76.46315519124197,0.0
67.92258140518868,0.0
60.32846135427985,0.0
54.44695217269318,0.0
51.271874223278,0.0
51.89229138136776,0.0
57.0582704772888,0.0
66.58664063097218,0.0
78.8478610783663,0.0
90.86262023414928,0.0
99.37629192768036,0.0
102.44791248865222,0.0
100.35657713824436,0.0
95.15272468969717,0.0
89.36573286818815,0.0
84.94721476451225,0.0
82.98826109962545,0.0
83.92721113068514,0.0
87.65037141824197,0.0
93.20154371240348,0.0
98.55039873197795,0.0
101.20912531936199,0.0
99.70016253003264,0.0
94.56523688234343,0.0
87.69609808174087,0.0
80.5657841100242,0.0
73.29679850968155,0.0
65.43375966910145,0.0
57.271280176450745,0.0
50.183680587551905,0.0
45.85593615648145,0.0
45.421797320516674,0.0
49.14255094712879,0.0
56.38614942700155,0.0
65.58036637563788,0.0
74.38063656856279,0.0
80.47427349303001,0.0
82.77388973053243,0.0
82.06750363439016,0.0
80.47341284933157,0.0
80.08022601266,0.0
81.7506702445442,0.0
84.79912941851529,0.0
87.59271193440959,0.0
88.56261199188616,0.0
86.97892434082509,0.0
83.14351213007212,0.0
78.10665746777576,0.0
73.12558597450492,0.0
69.00373069052618,0.0
65.66088410454441,0.0
62.413233812944334,0.0
58.87889513167836,0.0
55.63242253765071,0.0
53.9506891119405,0.0
54.98538507949668,0.0
59.110460208180164,0.0
65.66110126114987,0.0
72.93994498506896,0.0
78.61569033887744,0.0
80.72361287888728,0.0
78.83743969259892,0.0
74.4627562481735,0.0
70.21008805632131,0.0
68.30850884384428,0.0
69.46330013647675,0.0
72.61198946142208,0.0
75.54523194782053,0.0
76.02419938067851,0.0
72.91393578419614,0.0
66.75348263814433,0.0
59.385227183855946,0.0
52.8489019789379,0.0
48.320081555092365,0.0
45.809194676535995,0.0
44.6760614831361,0.0
44.32835618330068,0.0
44.41006930348326,0.0
44.480834783170295,0.0
43.838588030131866,0.0
41.88199655984948,0.0
38.59643256815863,0.0
34.56300269017732,0.0
30.507392440072703,0.0
26.889122153533282,0.0
23.844280771649306,0.0
21.35976352612781,0.0
19.43405596842801,0.0
18.130320033430486,0.0
17.54907477111782,0.0
17.76034314303155,0.0
18.732870753382766,0.0
20.328714912802617,0.0
22.384665548744834,0.0
24.746407425589144,0.0
27.145485694675255,0.0
29.050280299188152,0.0
29.779224148328435,0.0
28.91440103739522,0.0
26.668865872686535,0.0
23.837279423922627,0.0
21.34619877666634,0.0
19.778179033636352,0.0
19.20152945557028,0.0
19.31828649735636,0.0
19.724535002441986,0.0
20.100693242481594,0.0
20.27438700668113,0.0
20.181738878436878,0.0
19.796825847061015,0.0
19.10671307922467,0.0
18.15662117757797,0.0
17.121725746284117,0.0
16.35345449763404,0.0
16.37957258304704,0.0
17.803830066085272,0.0
21.032781701229787,0.0
25.885820972363117,0.0
31.40206207582938,0.0
36.15386187560627,0.0
38.91747864234846,0.0
39.156873526596044,0.0
37.03274686980593,0.0
33.1849886883622,0.0
28.558700360612132,0.0
24.23120638394115,0.0
21.14352768431671,0.0
19.842164180342788,0.0
20.34304845592452,0.0
22.13376654463024,0.0
24.354817749290692,0.0
26.194524966539245,0.0
27.265930116840735,0.0
27.610987944635987,0.0
27.33775821919453,0.0
26.40429709494203,0.0
24.864062503591956,0.0
23.180179629041398,0.0
22.05210930569416,0.0
21.824863474715507,0.0
22.13606223376078,0.0
22.24693337176002,0.0
21.76414994260524,0.0
21.02363043933421,0.0
20.77176825818293,0.0
21.537458881057855,0.0
23.318304706665668,0.0
25.758813797795927,0.0
28.466043724684457,0.0
31.142290235330513,0.0
33.545261252481026,0.0
35.47299685654729,0.0
36.83317073916911,0.0
37.738947763350815,0.0
38.50849603901333,0.0
39.44394959105728,0.0
40.44529357426368,0.0
40.833817314518086,0.0
39.703094465801136,0.0
36.58626292350251,0.0
31.85761911705012,0.0
26.523294270539377,0.0
21.629335762125486,0.0
17.804033825701598,0.0
15.264287095877906,0.0
14.136930680168815,0.0
14.649083849635835,0.0
16.90801817638752,0.0
20.456347448096842,0.0
24.125850492786753,0.0
26.508284480981903,0.0
26.763093051265763,0.0
25.088155231155582,0.0
22.493451059372465,0.0
20.162787295006325,0.0
18.937970627138306,0.0
19.138068925990822,0.0
20.5734079642052,0.0
22.631809047141946,0.0
24.500281582607094,0.0
25.603027729218176,0.0
26.03491203399769,0.0
26.543784432545724,0.0
27.873902047678097,0.0
29.947149604978105,0.0
31.671513384317183,0.0
31.708649937407227,0.0
29.603924095828127,0.0
26.24510298622456,0.0
23.202677289358395,0.0
21.551945675529815,0.0
21.21045738713123,0.0
21.270218333741724,0.0
20.880852565237266,0.0
19.842130710584964,0.0
18.49392861787607,0.0
17.231122256828275,0.0
16.203696326873064,0.0
15.374379002873859,0.0
14.731217596898862,0.0
14.43591376039324,0.0
14.79841735421959,0.0
16.04765745807498,0.0
17.989090689390736,0.0
19.867055133059342,0.0
20.72029286804872,0.0
20.084591382930814,0.0
18.431612131820376,0.0
16.895675155143323,0.0
16.47642861893184,0.0
17.36535493276783,0.0
18.919375905721253,0.0
20.271551100893948,0.0
21.011302004017384,0.0
21.288726348504856,0.0
21.335494263769995,0.0
21.074489705877554,0.0
20.297000210477663,0.0
19.070786167423467,0.0
17.802483761190764,0.0
16.937393360673802,0.0
16.74390346628577,0.0
17.382975149418677,0.0
19.044752928328084,0.0
21.89382485320515,0.0
25.807919804669016,0.0
30.108042202052804,0.0
33.56052440072209,0.0
34.843463079625685,0.0
33.29273007876654,0.0
29.365811734381825,0.0
24.383274628684564,0.0
19.75693655665415,0.0
16.34452961979036,0.0
14.360759541484597,0.0
13.728913078067155,0.0
14.438777768653306,0.0
16.550079226887714,0.0
19.83530911240513,0.0
23.47284922681927,0.0
26.256449703485902,0.0
27.281811070412804,0.0
26.503950763377613,0.0
24.661315813601234,0.0
22.719244699324666,0.0
21.372842195729678,0.0
20.921966640542458,0.0
21.411354378361203,0.0
22.765398208188685,0.0
24.792181224569642,0.0
27.12618598886592,0.0
29.26880556970071,0.0
30.772740590279703,0.0
31.40650789608315,0.0
31.135914050323482,0.0
30.0104521754555,0.0
28.19262061755146,0.0
26.09800969008809,0.0
24.406511794966686,0.0
23.859050102398704,0.0
24.96374311935677,0.0
27.68969579623043,0.0
31.218839552275828,0.0
34.045724159879896,0.0
34.67646591911749,0.0
32.565245980000796,0.0
28.459430266479433,0.0
23.795647944794588,0.0
19.760069434553888,0.0
16.84581360542327,0.0
15.063216397739733,0.0
14.348139061717708,0.0
14.733301158055466,0.0
16.197554751095264,0.0
18.38219163043347,0.0
20.490374489715503,0.0
21.59564615856627,0.0
21.198129529595874,0.0
19.536655787360615,0.0
17.333151570591617,0.0
15.23359499760371,0.0
13.499169052136406,0.0
12.1564509631164,0.0
11.374749920876333,0.0
11.693869929460398,0.0
13.903688301952547,0.0
18.560259765241074,0.0
25.328487796077383,0.0
32.63162605532508,0.0
38.11877244604482,0.0
39.876700465509764,0.0
37.53385699256658,0.0
32.389028428855376,0.0
26.536526714969373,0.0
21.73483223779606,0.0
18.79486564958527,0.0
17.681172024693645,0.0
17.954380296205443,0.0
19.071343070219427,0.0
20.39095625764275,0.0
21.154156261320157,0.0
20.74545702820581,0.0
19.147058182594918,0.0
17.132917756176244,0.0
15.885105511066284,0.0
16.2612639155886,0.0
18.247949068766058,0.0
20.997940921078026,0.0
23.430216187284312,0.0
24.951294634729404,0.0
25.80599866665544,0.0
27.00337989876983,0.0
30.334568190383965,0.0
38.498209393929656,0.0
54.28796403197309,0.0
78.02479788983923,0.0
104.74786583036547,0.0
124.69910726336511,0.0
128.66075778395103,0.0
114.52027659458044,0.0
89.05202776604357,0.0
63.159893857816066,0.0
45.02651698348762,0.0
36.6063126577438,0.0
34.79846655455536,0.0
34.94573948623824,0.0
33.852160704350986,0.0
30.878377073052018,0.0
27.24092436253108,0.0
24.6769139487821,0.0
24.725131131769505,0.0
28.91285952616975,0.0
39.29938343926293,0.0
58.486763798476346,0.0
88.44496176648343,0.0
128.00756057305475,0.0
170.28225157355175,0.0
202.86674984867966,0.0
213.05598064439684,0.0
195.73030916956642,0.0
157.385370902938,0.0
112.16871190167787,0.0
73.33281675860638,0.0
47.361258031174955,0.0
34.013887610660746,0.0
29.68084581947807,0.0
30.266249263073355,0.0
32.46589926476046,0.0
34.23744346398584,0.0
35.109055135648916,0.0
36.18062709056881,0.0
39.48885825056514,0.0
46.83603145585941,0.0
58.58472279043103,0.0
73.19774287030084,0.0
87.92747555318523,0.0
100.23328290154626,0.0
108.86591137342194,0.0
114.08432239874506,0.0
117.24148070132004,0.0
120.24912859316707,0.0
125.23314199898857,0.0
134.38166707242422,0.0
149.28629994013593,0.0
168.9680471227582,0.0
188.01664979837253,0.0
198.29182895503945,0.0
194.60810477060082,0.0
179.25945657213884,0.0
160.29969524338543,0.0
145.32980792327845,0.0
137.21498735320358,0.0
134.90550651351566,0.0
136.49926137529073,0.0
140.38612560356762,0.0
144.24877102655083,0.0
144.93002395563616,0.0
140.54640860239542,0.0
132.59141068619024,0.0
125.16710276664256,0.0
121.9646895674948,0.0
124.00663726720241,0.0
129.8651043809584,0.0
137.0976149770946,0.0
142.85340630274672,0.0
143.69166856613396,0.0
136.49228079552242,0.0
120.88746720000964,1.0
100.80089957626578,0.0
83.09509460204333,0.0
74.85221200004032,0.0
82.5006443186978,0.0
112.89876700564733,0.0
172.44564369714843,0.0
260.78964270775697,0.0
362.25525254331535,0.0
445.0341647575107,0.0
475.44066816262324,0.0
439.7232096660147,0.0
354.453853960553,0.0
255.1171662122225,0.0
173.43182245521103,1.0
122.83424568048152,0.0
100.38468917981976,0.0
98.15591243281204,0.0
113.54688915518247,0.0
152.55505888784967,0.0
224.4501640211282,0.0
329.5659268918865,0.0
447.66031152487966,0.0
539.0957390025891,0.0
564.7556433220333,0.0
512.2869202071483,0.0
405.60593231434035,0.0
288.2661761399561,0.0
196.15024704832388,0.0
142.1156760903616,0.0
119.41610635572718,0.0
113.83739559127997,0.0
112.9951539638415,0.0
109.59261390623588,0.0
101.30494674559824,0.0
89.74197367657953,0.0
78.92384722085579,0.0
73.25353514314524,0.0
75.62389916721827,0.0
86.0551698473616,0.0
101.30124214056289,0.0
116.04562644651115,0.0
125.91212468247484,0.0
130.5897624789911,0.0
134.06532819776464,0.0
140.81586645860622,0.0
150.84121931692155,0.0
158.4062936549693,0.0
156.40667038924914,0.0
142.70208485046584,0.0
122.45576284877848,0.0
104.44332806697226,0.0
95.06549021059429,0.0
95.08741741512263,0.0
100.68001277292048,0.0
106.82412632664493,0.0
110.32413342854952,0.0
110.7573875531011,0.0
109.32440359211972,0.0
106.9695354147926,0.0
103.47084234544084,0.0
98.04232637972503,0.0
90.44046271263805,0.0
81.36197192070068,0.0
72.11620587478478,0.0
64.44775442920202,0.0
60.680687404286935,0.0
63.311500444517826,0.0
73.39116375332816,0.0
88.58387853079664,0.0
103.07365423588907,0.0
110.59143700136421,0.0
108.71955646283863,0.0
100.62712877748075,0.0
92.51756165146224,0.0
89.32041290303387,0.0
92.31893323806307,0.0
99.59300834743325,0.0
107.69891222436571,0.0
113.32008630141303,0.0
114.63554936678284,0.0
111.94985676425185,0.0
107.03722208579751,0.0
101.76003946775802,0.0
97.30276264806882,0.0
94.58924739645333,0.0
94.9248091273699,0.0
99.71340206488487,0.0
109.12615018514153,0.0
121.01706716590807,0.0
131.5820816744726,0.0
137.67247098173164,0.0
138.6001187234889,0.0
135.4857250166646,0.0
129.07680483671476,0.0
119.00115516767434,0.0
105.47977511776466,0.0
91.11477754077168,0.0
80.21540129712135,0.0
76.16767121913871,0.0
79.31272638172479,0.0
86.82168545107059,0.0
94.38734698766997,0.0
98.67359986605621,0.0
99.01241000100494,0.0
97.04489896848035,0.0
94.62984955897477,0.0
92.13962441077449,0.0
88.91156995018841,0.0
85.13010042747489,0.0
82.72289032397507,0.0
84.09734844621853,0.0
89.96249090477728,0.0
98.35263901975773,0.0
105.64680196394065,0.0
108.60192492016895,0.0
105.84946945080979,0.0
98.0874190117267,0.0
87.29998883671038,0.0
75.82115263194369,0.0
65.7459697605373,0.0
58.71674324319722,0.0
55.87701507630751,0.0
57.82552917392844,0.0
64.46434286371655,0.0
74.71712243856005,0.0
86.4101948197728,0.0
96.80098718449248,0.0
103.75766375133438,0.0
106.68454864155646,0.0
106.3728594450544,0.0
104.10152963122312,0.0
101.07522996014143,0.0
98.54754695040103,0.0
97.84082258871024,0.0
99.61856086279359,0.0
102.98466412667477,0.0
105.63310748275197,0.0
105.52253201259046,0.0
102.93569949470016,0.0
100.89746759895014,0.0
102.98146742474722,0.0
109.95349581786496,0.0
118.31105563383389,0.0
122.52438031688692,0.0
119.37960869859572,0.0
110.55897176526358,0.0
101.26493754313141,0.0
96.53488734323963,0.0
98.51141781835126,0.0
106.05812513400981,0.0
115.82731590066486,0.0
123.73652437417589,0.0
126.66094000691997,0.0
124.00466396537905,0.0
118.06505857849562,0.0
112.54708271143939,0.0
110.155081625435,0.0
111.06424959784232,0.0
113.251227718099,0.0
114.17442963852686,0.0
112.47304599834686,0.0
108.56564802038521,0.0
103.97914324114036,0.0
100.13164220968365,0.0
97.42234934151558,0.0
95.0725126793619,0.0
91.79273995013716,0.0
86.89634951642361,0.0
81.06023262682235,0.0
76.1860139944811,0.0
74.6164365382183,0.0
78.2023841169643,0.0
87.38148158910445,0.0
100.48136877028094,0.0
113.89448215105968,0.0
123.5181832896385,0.0
126.73078889931244,0.0
123.53367621829076,0.0
116.18127075754708,0.0
107.8713091628579,0.0
101.60555033018898,0.0
99.74178209960787,0.0
104.00545274002668,0.0
115.27550083628603,0.0
132.7539443374799,0.0
152.97675234422488,0.0
169.87369391635673,0.0
176.82363387336596,0.0
170.09462058930018,0.0
151.33763339530756,0.0
126.99123119992136,0.0
104.89933461120269,0.0
90.68131903009608,0.0
86.05053951578216,0.0
89.22814417390373,0.0
96.2960547224161,0.0
102.67299387928932,0.0
104.63240095481902,0.0
100.661878041405,0.0
91.92358790496027,0.0
81.43317862229443,0.0
72.5675116967635,0.0
67.93909096121087,0.0
68.89886856034184,0.0
75.38570118579534,0.0
85.97890119199886,0.0
98.31135648699961,0.0
109.74249192486127,0.0
117.91774834402544,0.0
121.18618871939182,0.0
119.18309706976571,0.0
113.32366814692449,0.0
106.25512752254954,0.0
100.06531010490141,0.0
94.79592168034084,0.0
89.0316048630615,0.0
82.14428569105587,0.0
75.7948563375685,0.0
73.06625948254185,0.0
76.07334075350157,0.0
84.19071988895597,0.0
94.20496164979377,0.0
102.16384582473033,0.0
105.63222774049234,0.0
104.92564869128162,0.0
102.51824301780069,0.0
101.08800634905808,0.0
101.66775848725662,0.0
103.36810430581224,0.0
104.78447589975468,0.0
105.5174576968413,0.0
106.09291924977411,0.0
106.57393190507995,0.0
105.85702046329541,0.0
