26986.64589550974,0.0
26966.18883159959,0.0
26932.89597190961,0.0
26854.36897840272,0.0
26649.498089397137,0.0
26144.702964440025,0.0
25049.896591580866,0.0
23023.390367165866,0.0
19863.716498395712,0.0
15736.605320877,0.0
11231.165993849761,0.0
7125.74762479444,0.0
4007.5068155638005,0.0
2039.265147639936,0.0
1016.5217274723739,0.0
594.3260936128529,0.0
478.5393368500293,0.0
490.8105229651977,0.0
545.6927132291729,0.0
608.5584429085386,0.0
667.9798963775708,0.0
723.1132105990848,0.0
777.0145400542094,0.0
832.813225946339,0.0
891.2955614238202,0.0
951.2789517441581,0.0
1011.2226378150998,0.0
1070.5013899423748,0.0
1129.6018779612996,0.0
1189.4158472796566,0.0
1250.2741029867022,0.0
1311.4206859682592,0.0
1371.2430146808408,0.0
1427.9723516219753,0.0
1480.310466081812,0.0
1527.8119719485178,0.0
1571.1441822280817,0.0
1612.0560462487692,0.0
1652.7353195618389,0.0
1694.8460936129716,0.0
1739.105921587098,0.0
1785.5941207461365,0.0
1834.045700434071,0.0
1883.5625125204144,0.0
1932.3344574361033,0.0
1978.2153126749918,0.0
2019.855531468388,0.0
2057.161207328631,0.0
2090.4963212379953,0.0
2119.589419340619,0.0
2143.5341385065008,0.0
2162.0606515309833,0.0
2176.8250777064663,0.0
2191.348173592217,0.0
2209.4494555673436,0.0
2233.199339518969,0.0
2261.7766053818623,0.0
2292.041379590431,0.0
2320.4664984325304,0.0
2344.92386942681,0.0
2364.9672510673213,0.0
2380.845933767616,0.0
2392.6717613596347,0.0
2400.4128782354283,0.0
2404.1544652282855,0.0
2404.1931482624905,0.0
2401.3157396010815,0.0
2397.2386133144987,0.0
2394.258786064866,0.0
2393.8421102820084,0.0
2395.486119940271,0.0
2397.2410215340024,0.0
2397.370966393128,0.0
2395.4711872391954,0.0
2392.270561685989,0.0
2388.709881414192,0.0
2385.1504774464725,0.0
2381.0812129683654,0.0
2375.4313896067824,0.0
2367.34559902417,0.0
2356.8813580974147,0.0
2344.9874560693384,0.0
2332.6113929893327,0.0
2319.5788435952363,0.0
2304.292563110559,0.0
2284.8182065383285,0.0
2260.7022851109946,0.0
2233.980128118764,0.0
2208.269103676364,0.0
2186.400751601854,0.0
2168.4343301526915,0.0
2151.8064931273357,0.0
2133.57981713728,0.0
2112.753362539231,0.0
2090.5837040760557,0.0
2068.9016902486846,0.0
2048.231366619455,0.0
2027.265357524223,0.0
2003.783150271182,0.0
1976.1748490225366,0.0
1944.622323598256,0.0
1911.2354788087268,0.0
1878.9721692852747,0.0
1850.048583750916,0.0
1824.960027280548,0.0
1802.5895196987424,0.0
1780.9089877713152,0.0
1757.6718777417454,0.0
1731.0164264571679,0.0
1700.1554975305075,0.0
1665.9087682822162,0.0
1630.5616071280242,0.0
1596.9227189974463,0.0
1567.1462301952236,0.0
1542.0391728121847,0.0
1520.997413503052,0.0
1502.2703407202553,0.0
1483.4423786296047,0.0
1462.2743864150311,0.0
1437.7627839334318,0.0
1410.7126277737855,0.0
1383.2714275594512,0.0
1357.7395348792154,0.0
1335.5941406613692,0.0
1317.2339031283034,0.0
1302.182311387167,0.0
1289.3155064690309,0.0
1277.088472112511,0.0
1263.9560467055962,0.0
1249.0707936931751,0.0
1232.9639837916995,0.0
1217.7176630615638,0.0
1206.1520314264505,0.0
1200.1224157066006,0.0
1198.9904428125346,0.0
1199.7744784851843,0.0
1199.3103395413282,0.0
1196.586388580047,0.0
1192.948545321927,0.0
1190.1558787520544,0.0
1188.5550575466755,0.0
1187.1331502908715,0.0
1184.850288739641,0.0
1181.658203898368,0.0
1178.6411322987299,0.0
1177.691020516524,0.0
1180.945570659533,0.0
1189.8989609963685,0.0
1204.4323932719765,0.0
1222.5149501871238,0.0
1241.1077345701544,0.0
1257.8975342174213,0.0
1272.7050431549649,0.0
1287.5063284313335,0.0
1305.1194974962004,0.0
1327.5933191702377,0.0
1355.3589524498893,0.0
1387.4453245348748,0.0
1422.3966211887332,0.0
1459.2033487041008,0.0
1497.552611844253,0.0
1537.16384795368,0.0
1576.9174300029451,0.0
1614.9781719263722,0.0
1650.2088278859685,0.0
1683.4815212944877,0.0
1717.4021079908414,0.0
1754.7836749185399,0.0
1797.4348820563448,0.0
1845.8905720615967,0.0
1899.3405423353097,0.0
1955.374937434949,0.0
2010.3758461985271,0.0
2061.1136104845145,0.0
2106.607512500968,0.0
2148.587579166967,0.0
2190.170732586747,0.0
2233.969137691388,0.0
2280.9594864556975,0.0
2330.534665154347,0.0
2381.401096409236,0.0
2432.694519838682,0.0
2484.544695442451,0.0
2537.6829280468123,0.0
2592.6115689226854,0.0
2649.258979921686,0.0
2707.386598254874,0.0
2767.1461522727773,0.0
2829.175170787172,0.0
2894.1840398997947,0.0
2962.3629256302543,0.0
3032.9658859919628,0.0
3104.3184216367235,0.0
3174.3993430579,0.0
3241.8883461471555,0.0
3307.0200769543367,0.0
3371.497184476675,0.0
3437.366304745637,0.0
3505.688991045678,0.0
3576.0402987280354,0.0
3647.0019952131925,0.0
3716.9932473591666,0.0
3784.748481098532,0.0
3849.356657325278,0.0
3910.2651529341542,0.0
3967.550512479235,0.0
4022.2870647780924,0.0
4076.5580399021173,0.0
4132.923331372416,0.0
4193.608344209787,0.0
4259.663295916249,0.0
4330.283044095515,0.0
4402.755707294804,0.0
4473.443745536662,0.0
4539.399515314715,0.0
4599.566457854973,0.0
4654.853991898858,0.0
4707.229101382119,0.0
4758.569717772011,0.0
4810.034617803377,0.0
4862.177606972149,0.0
4915.310532447564,0.0
4969.398759596241,0.0
5023.537361709092,0.0
5076.017157962487,0.0
5125.447668363176,0.0
5171.904026724089,0.0
5216.7659843229185,0.0
5261.480503240662,0.0
5306.560379474993,0.0
5351.498130933554,0.0
5395.23315488059,0.0
5436.641729985706,0.0
5475.036508610761,0.0
5510.719279738264,0.0
5545.138052727971,0.0
5580.036368910582,0.0
5616.000121915701,0.0
5651.880044265638,0.0
5685.914262464345,0.0
5717.388332131695,0.0
5746.988034372262,0.0
5775.654917306615,0.0
5803.398973243652,0.0
5829.204141917853,0.0
5851.769143586355,0.0
5870.413952486267,0.0
5885.637693717979,0.0
5898.86330205283,0.0
5911.2792647497945,0.0
5922.745042270702,0.0
5931.988150033096,0.0
5938.144749591394,0.0
5942.161418691363,0.0
5946.3760242992375,0.0
5952.49743574893,0.0
5960.150523443439,0.0
5967.668675479494,0.0
5974.147430703302,0.0
5980.372695748352,0.0
5987.63866475827,0.0
5995.773362941884,0.0
6002.402038475784,0.0
6004.2350481600615,0.0
5999.279850121564,0.0
5988.105612494678,0.0
5973.281214180738,0.0
5957.758465853242,0.0
5943.527969923354,0.0
5931.255542786403,0.0
5920.6479274409985,0.0
5910.822723272972,0.0
5900.192566385434,0.0
5886.290484028994,0.0
5866.579206424514,0.0
5840.401006977611,0.0
5810.375468562932,0.0
5781.342691223177,0.0
5757.170867662006,0.0
5738.09538014766,0.0
5720.97791115991,0.0
5702.209098628463,0.0
5680.546493837188,0.0
5657.347395511719,0.0
5634.341964344791,0.0
5611.4981863829635,0.0
5587.138834053538,0.0
5559.946504041073,0.0
5530.608533118101,0.0
5501.528678301977,0.0
5475.040097538652,0.0
5451.775373922475,0.0
5430.288319548813,0.0
5407.900454110045,0.0
5382.181149952665,0.0
5352.4241378152,0.0
5320.234204030556,0.0
5288.521722322168,0.0
5259.3768386279735,0.0
5232.605042873167,0.0
5206.330977185125,0.0
5179.061836393011,0.0
5151.08767642662,0.0
5123.946943577535,0.0
5098.877646086129,0.0
5076.024935908163,0.0
5054.920017047885,0.0
5035.290086021568,0.0
5017.252354954532,0.0
5000.791077127498,0.0
4985.002871892923,0.0
4967.862930336373,0.0
4947.103352898064,0.0
4921.856911919501,0.0
4893.626830769869,0.0
4865.4311046655575,0.0
4839.731334905914,0.0
4817.177207061816,0.0
4797.313377889046,0.0
4780.263905313202,0.0
4767.427330628017,0.0
4760.431528631141,0.0
4759.398891729863,0.0
4762.124918285547,0.0
4764.889454068547,0.0
4764.326170293852,0.0
4759.092669068579,0.0
4750.369319576028,0.0
4741.052287516616,0.0
4734.328664769666,0.0
4732.569973700103,0.0
4736.942442973683,0.0
4747.289816652187,0.0
4761.861853780486,0.0
4777.452378624475,0.0
4790.85107256194,0.0
4801.0303397822945,0.0
4809.992956398511,0.0
4821.041101362896,0.0
4835.929896901005,0.0
4853.637372767507,0.0
4871.7666636808535,0.0
4888.884124282924,0.0
4905.472279875952,0.0
4922.974235459017,0.0
4942.34174607688,0.0
4963.643358309392,0.0
4986.860220952731,0.0
5012.6740924639425,0.0
5042.210809739787,0.0
5076.02326308033,0.0
5113.491223479935,0.0
5153.2213090760415,0.0
5193.8199941407165,0.0
5234.232568089458,0.0
5273.751925809955,0.0
5312.258731248502,0.0
5350.5789575477565,0.0
5390.229263683082,0.0
5432.3928386724965,0.0
5477.035462167016,0.0
5523.197649380205,0.0
5570.221888453811,0.0
5618.452646318164,0.0
5668.574355866377,0.0
5720.541193951256,0.0
5773.557003367502,0.0
5827.112987034505,0.0
5881.705545334542,0.0
5938.2487949593005,0.0
5996.739529904677,0.0
6055.60469858732,0.0
6112.499741320415,0.0
6165.997745878305,0.0
6216.803232348854,0.0
6267.494526565281,0.0
6320.965224494172,0.0
6378.7650327573665,0.0
6440.616826845834,0.0
6505.319940470847,0.0
6572.03754957404,0.0
6640.691838921941,0.0
6711.157963584105,0.0
6782.186498099539,0.0
6851.3178356557955,0.0
6916.139624880725,0.0
6975.963504891537,0.0
7032.4539850667625,0.0
7088.621024279254,0.0
7147.151755365528,0.0
7209.5821842559535,0.0
7276.630197573574,0.0
7348.664153718295,0.0
7425.425133904231,0.0
7505.393195468933,0.0
7585.822751013634,0.0
7663.722844206554,0.0
7736.938768463016,0.0
7804.333502394255,0.0
7865.132873259219,0.0
7918.640028266325,0.0
7965.0728477723005,0.0
8006.658367039736,0.0
8047.494650477718,0.0
8091.984203702277,0.0
8142.928427572713,0.0
8200.4232299846,0.0
8262.07591330524,0.0
8324.557201937669,0.0
8385.634238640489,0.0
8445.092398971608,0.0
8503.761898994746,0.0
8561.84025082201,0.0
8618.530566547732,0.0
8673.27828291964,0.0
8726.688808247232,0.0
8779.696878426807,0.0
8831.97614491155,0.0
8881.606976344412,0.0
8926.416834334339,0.0
8965.66423670923,0.0
9000.78797698798,0.0
9034.881671011766,0.0
9071.129653859636,0.0
9110.91128549545,0.0
9152.792573460702,0.0
9193.3348442581,0.0
9229.171175015766,0.0
9258.799354959257,0.0
9283.062611050207,0.0
9304.443030366576,0.0
9325.801762986717,0.0
9349.091203201717,0.0
9374.573758034403,0.0
9400.828701557946,0.0
9425.398455179222,0.0
9445.776055593715,0.0
9460.457991061252,0.0
9469.674660042296,0.0
9475.313545090734,0.0
9480.081441910273,0.0
9486.421361116636,0.0
9495.586589536135,0.0
9507.119681494247,0.0
9519.139709956928,0.0
9529.65782358297,0.0
9538.268373643878,0.0
9546.716553499336,0.0
9557.311520992627,0.0
9570.142348138748,0.0
9581.721763127767,0.0
9586.628968582934,0.0
9580.74104361778,0.0
9563.385721671788,0.0
9537.30529989306,0.0
9507.303670916817,0.0
9478.616137650966,0.0
9455.31427955775,0.0
9438.974825025525,0.0
9428.16831703079,0.0
9419.339430611148,0.0
9408.864070407417,0.0
9395.115847580717,0.0
9379.10953508868,0.0
9363.308100346392,0.0
9349.771926472977,0.0
9339.116305522235,0.0
9330.514134059014,0.0
9322.004655940651,0.0
9310.865534808949,0.0
9294.59371915158,0.0
9272.389973457015,0.0
9245.859933322537,0.0
9217.966977671764,0.0
9191.019981007139,0.0
9165.476850447441,0.0
9140.389908832854,0.0
9114.736883070325,0.0
9088.307525179547,0.0
9061.56116984769,0.0
9034.94360567502,0.0
9008.46970529748,0.0
8981.796845662213,0.0
8954.394388650306,0.0
8925.532416513175,0.0
8894.350554728342,0.0
8860.320301124548,0.0
8823.995000552339,0.0
8787.47904768891,0.0
8753.991213734847,0.0
8726.392697852332,0.0
8705.552752195284,0.0
8689.83268300453,0.0
8676.021043694254,0.0
8660.854412544757,0.0
8642.16019006772,0.0
8619.331404703129,0.0
8593.227154086451,0.0
8565.562287739653,0.0
8538.049369968343,0.0
8511.839249348297,0.0
8487.539193127479,0.0
8465.4499074901,0.0
8445.619680765274,0.0
8427.813989930479,0.0
8411.66803618838,0.0
8396.96967036642,0.0
8383.787689757839,0.0
8372.342782379357,0.0
8362.714870751652,0.0
8354.600786538604,0.0
8347.507448538818,0.0
8341.442093434463,0.0
8337.366568587087,0.0
8336.480755059974,0.0
8338.681951721872,0.0
8341.894537430499,0.0
8343.398015132525,0.0
8342.10234749755,0.0
8339.477116178376,0.0
8338.1140169388,0.0
8339.502532436198,0.0
8343.343989494548,0.0
8348.683419530073,0.0
8355.040157873149,0.0
8362.226118075698,0.0
8369.642629050142,0.0
8376.492019779314,0.0
8382.898579736679,0.0
8390.58571095629,0.0
8402.18398229454,0.0
8419.749064383786,0.0
8443.654713897744,0.0
8472.442076613763,0.0
8503.385546797852,0.0
8533.491670419318,0.0
8560.75993159917,0.0
8585.273291507903,0.0
8609.225510666107,0.0
8635.49054773791,0.0
8665.565136375415,0.0
8698.503126913993,0.0
8731.744014688482,0.0
8763.197900113173,0.0
8792.93149124735,0.0
8823.175891877323,0.0
8856.713838785194,0.0
8895.066500829771,0.0
8937.967047369713,0.0
8984.254688862968,0.0
9033.011603035857,0.0
9083.944204184843,0.0
9137.081649917936,0.0
9192.410834008944,0.0
9249.742178060806,0.0
9308.708561186453,0.0
9368.683981929873,0.0
9428.667412859253,0.0
9487.357617930998,0.0
9543.68801855374,0.0
9597.661523099507,0.0
9650.783546527706,0.0
9705.43521467086,0.0
9763.516758681513,0.0
9825.507550627526,0.0
9890.625130980456,0.0
9957.658970617222,0.0
10025.674224323828,0.0
10094.119650466573,0.0
10162.434711052381,0.0
10229.57456316873,0.0
10293.96775753166,0.0
10354.168555132544,0.0
10409.908420693493,0.0
10462.77238918059,0.0
10515.765400167791,0.0
10571.812471583855,0.0
10632.189281890882,0.0
10696.024320684215,0.0
10761.181635503111,0.0
10825.727377277355,0.0
10888.870276566844,0.0
10950.93714153875,0.0
11012.837555885653,0.0
11075.569032900987,0.0
11139.770831254118,0.0
11205.255671535915,0.0
11270.951741588824,0.0
11335.592588976224,0.0
11398.589797262044,0.0
11460.208864376404,0.0
11521.066612325532,0.0
11581.638835713688,0.0
11642.146478967821,0.0
11702.52609356818,0.0
11762.289362262607,0.0
11820.576923208726,0.0
11876.646649543205,0.0
11930.469798579003,0.0
11982.851744346539,0.0
12034.99558483355,0.0
12087.964642713403,0.0
12142.442702064287,0.0
12198.76231050585,0.0
12256.782727445492,0.0
12315.43337717046,0.0
12372.46241798226,0.0
12425.21203581818,0.0
12472.331371993492,0.0
12514.969665558194,0.0
12556.040589930462,0.0
12597.906645919526,0.0
12640.530368357908,0.0
12681.672111128177,0.0
12718.625585960206,0.0
12749.757178983124,0.0
12774.899708974803,0.0
12795.090930005694,0.0
12812.446235500605,0.0
12829.92507610156,0.0
12850.2891552692,0.0
12874.528166286027,0.0
12901.250590739435,0.0
12928.769068900283,1.0
12958.432379405505,1.0
13004.291481997738,1.0
13115.041261988888,0.0
13421.9389251544,0.0
14201.375848659593,0.0
15887.57419139993,0.0
18912.117862950472,0.0
23316.593709272263,0.0
28346.274450600733,0.0
32469.964845379876,0.0
34078.683835748074,0.0
32478.230110324504,0.0
28362.944166814315,0.0
23342.554379991045,0.0
18949.83605975028,0.0
15941.21018203028,0.0
14275.394985526229,0.0
13518.900007818307,0.0
13234.492576624738,0.0
13143.917796733875,0.0
13116.478735571658,0.0
13105.507220962867,0.0
13098.0572586089,0.0
13091.208142579842,0.0
13082.983687158632,0.0
13071.632082476193,0.0
13055.961072453925,0.0
13036.251516367876,0.0
13014.17549262683,0.0
12991.741055326473,0.0
12969.948873179983,0.0
12948.161775395845,0.0
12924.772235090408,0.0
12898.784186264946,0.0
12872.014578249557,1.0
12850.279236986431,1.0
12849.899058658168,1.0
12917.302502564602,0.0
13176.455089610594,0.0
13892.589133892305,0.0
15486.922764121304,0.0
18380.51246153604,0.0
22615.897044690475,0.0
27460.981252017224,0.0
31428.53763218707,0.0
32955.739799184514,0.0
31368.726109618765,0.0
27342.61637723097,0.0
22441.373468523834,0.0
18153.220694324933,0.0
15211.003392719058,0.0
13572.105445320687,0.0
12813.592953760119,0.0
12510.308409269737,0.0
12392.60565470865,0.0
12334.54075164796,0.0
12292.06194409332,0.0
12254.557925716801,0.0
12221.811408112972,0.0
12194.289276165166,0.0
12171.397280018578,0.0
12151.484503511392,0.0
12133.146949634183,0.0
12115.765483084198,0.0
12098.93956160035,0.0
12081.694059830512,0.0
12062.615658181083,0.0
12041.039180004893,0.0
12018.03571289185,0.0
11996.017673052822,0.0
11977.330579868478,0.0
11963.18658741345,0.0
11953.451863791755,0.0
11946.781489735626,0.0
11940.937262481155,0.0
11933.723871238266,0.0
11924.300755745186,0.0
11913.752606219075,0.0
11904.230258258895,0.0
11897.416772735778,0.0
11893.704059953361,0.0
11892.546888365287,0.0
11893.19181363172,0.0
11894.947525994421,0.0
11897.012913526492,0.0
11898.417060317848,0.0
11898.331608299306,0.0
11896.58306415625,0.0
11894.057558012333,0.0
11892.717998889,0.0
11894.982533956476,0.0
11902.539721519808,0.0
11915.32493928523,0.0
11931.546791354696,0.0
11948.825079553877,0.0
11965.538606866405,0.0
11981.580248984945,0.0
11998.42887067007,0.0
12018.523644589339,0.0
12043.884042598545,0.0
12074.60029861183,0.0
12108.551976400464,0.0
12142.819322415593,0.0
12175.486663391777,0.0
12206.250958670635,0.0
12235.838600705716,0.0
12265.28072695348,0.0
12295.587178623038,0.0
12327.574761782349,0.0
12361.600074046906,0.0
12397.367862987066,0.0
12434.147717799908,0.0
12471.498895391824,0.0
12509.998730044206,0.0
12551.180580858621,0.0
12596.455053503192,0.0
12645.961709906933,0.0
12698.470135604823,0.0
12752.294527780901,0.0
12806.179042592938,0.0
12859.527009675432,0.0
12912.256966815123,0.0
12964.666807691321,0.0
13017.269910727993,0.0
13070.572391473457,0.0
13125.074612039221,0.0
13181.519233073443,0.0
13240.867184590677,0.0
13303.607901417994,0.0
13369.036459809695,0.0
13435.535708233832,0.0
13501.789715571997,0.0
13567.617113141841,0.0
13633.503176217442,0.0
13699.520053580567,0.0
13764.959056318376,0.0
13829.019806637985,0.0
13891.681578068836,0.0
13953.85261984197,0.0
14016.691093105479,0.0
14080.727822110919,0.0
14145.5543661796,0.0
14210.426233138234,0.0
14275.319692835597,0.0
14341.412873377401,0.0
14410.2945494793,0.0
14482.331809230482,0.0
14555.599269070626,0.0
14626.409561528233,0.0
14691.121918819721,0.0
14748.023413425675,0.0
14798.263268565619,0.0
14845.41310346171,0.0
14893.772526018693,0.0
14946.34138454144,0.0
15003.862280534624,0.0
15065.385557084432,0.0
15129.315587476724,0.0
15193.920398945083,0.0
15257.654558973956,0.0
15319.901922281411,0.0
15381.551399745891,0.0
15444.234641882811,0.0
15508.404476112824,0.0
15572.135071427218,0.0
15632.21549411877,0.0
15686.752415210756,0.0
15736.709285744357,0.0
15784.912315776544,0.0
15833.758288291458,0.0
15883.923301612258,0.0
15934.720072042357,0.0
15985.012794371552,0.0
16033.756569759424,0.0
16080.243433745078,0.0
16124.158332472814,0.0
16165.278836859445,0.0
16203.134454992194,0.0
16237.189516989105,0.0
16267.322560359991,0.0
16293.873906327852,0.0
16317.293693728496,0.0
16338.148497604881,0.0
16357.628812620997,0.0
16377.729401274715,0.0
16400.47390717491,0.0
16426.68891037231,0.0
16455.437909845314,0.0
16484.784231202408,0.0
16513.295093969507,0.0
16540.85411917854,0.0
16567.942347633332,0.0
16594.240147894212,0.0
16618.19405057239,0.0
16638.045770696837,0.0
16653.229930918034,0.0
16664.81816626138,0.0
16674.598808337538,0.0
16683.4388028901,0.0
16690.24047270753,0.0
16692.60846150635,0.0
16688.93329185145,0.0
16680.077353361532,0.0
16669.137710543127,0.0
16659.65297855017,0.0
16653.805204972577,0.0
16651.662531240378,0.0
16651.539648365157,0.0
16651.08473041118,0.0
16648.45712281128,0.0
16642.978423008364,0.0
16635.06955344053,0.0
16625.682268908447,0.0
16615.594792159027,0.0
16605.043110726405,0.0
16593.942041980456,0.0
16582.27299125235,0.0
16569.951065231697,0.0
16556.353680087563,0.0
16540.425175521097,0.0
16521.553229823465,0.0
16500.27186519166,0.0
16477.956605423933,0.0
16455.91438883194,0.0
16434.876743973335,0.0
16415.242316982,0.0
16397.340201873518,0.0
16380.97822725139,0.0
16364.587048237927,0.0
16345.160114320885,0.0
16319.608621280273,0.0
16286.737892830242,0.0
16248.230333146188,0.0
16207.713128992458,0.0
16168.6299991519,0.0
16132.658923211891,0.0
16099.749290194773,0.0
16069.17366649228,0.0
16040.365615136316,0.0
16013.033614692422,0.0
15986.990356803757,0.0
15962.119975046193,0.0
15938.435296540929,0.0
15916.089033714212,0.0
15895.419635927185,0.0
15876.901591965994,0.0
15860.568775522639,0.0
15845.145582077845,0.0
15827.978923496881,0.0
15806.418694738742,0.0
15779.64382284732,0.0
15749.298011889128,0.0
15718.376609117744,0.0
15689.418781636019,0.0
15663.521434183853,0.0
15640.569422691284,0.0
15619.895841801002,0.0
15600.680133216421,0.0
15582.133175056122,0.0
15563.596769764998,0.0
15544.604591980447,0.0
15525.142980875911,0.0
15506.188657434495,0.0
15489.757741903932,0.0
15477.817632770375,0.0
15470.766986983179,0.0
15466.988440859599,0.0
15463.913696367903,0.0
15459.449158913243,0.0
15453.483362109168,1.0
15449.094194772842,1.0
15460.845318348345,1.0
15536.929579236761,0.0
15807.6123649902,0.0
16547.278707219084,0.0
18185.84291357819,0.0
21149.13689497716,0.0
25477.211334102405,0.0
30425.805106607648,0.0
34487.53383637847,0.0
36079.53972711587,0.0
34518.81020223248,0.0
30487.277121217325,0.0
25566.745794065475,0.0
21263.901303355644,0.0
18323.015887204187,0.0
16704.642617062997,0.0
15983.539300807983,0.0
15729.805087335724,0.0
15668.679799422021,0.0
15670.265602526675,0.0
15688.72868818791,0.0
15713.62676040146,0.0
15745.325398692316,0.0
15783.587104689776,0.0
15825.555277384161,0.0
15867.174748631902,0.0
15906.266274964308,0.0
15943.629061051754,0.0
15981.597935877628,0.0
16021.706304517216,0.0
16063.477445274772,0.0
16105.191570061092,0.0
16145.77592230107,0.0
16185.99945726801,0.0
16227.745897072948,0.0
16272.080720150718,0.0
16318.2414744667,0.0
16364.800380865989,0.0
16411.82318085726,0.0
16461.587088907057,0.0
16516.850555779223,0.0
16578.144953356543,0.0
16642.545007756158,0.0
16705.166905841084,0.0
16762.40120824681,0.0
16814.33451936228,0.0
16864.416546852215,0.0
16916.82251420105,0.0
16973.835089159536,0.0
17035.057600525357,0.0
17098.434108187557,0.0
17161.901232530414,0.0
17224.53613804318,0.0
17286.60334761668,0.0
17348.600795622584,0.0
17410.300925075586,0.0
17470.864810993233,0.0
17529.937613130962,0.0
17588.398962266612,0.0
17647.84830047081,0.0
17709.362986785793,0.0
17772.869460972117,0.0
17837.670514061603,0.0
17903.48172587937,0.0
17970.856593335764,0.0
18040.467628048005,0.0
18111.88503358109,0.0
18183.02892344872,0.0
18251.003687619246,0.0
18313.837585108387,0.0
18371.98575806544,0.0
18428.558068501643,0.0
18487.877474332876,0.0
18552.969649883365,0.0
18623.584941069374,0.0
18696.349313033545,0.0
18767.02617983238,0.0
18833.075423202463,0.0
18894.497273595684,0.0
18952.71818317891,0.0
19008.93110386508,0.0
19063.32860911702,0.0
19115.40060347199,0.0
19164.680569429136,0.0
19211.30958825206,0.0
19256.154838541326,0.0
19300.529065461214,0.0
19345.620707201295,0.0
19391.85687537317,0.0
19438.605518667082,0.0
19484.62855742386,0.0
19528.977219134413,0.0
19571.62640256934,0.0
19613.54834534403,0.0
19656.3490569789,0.0
19701.521362282125,0.0
19749.443878740523,0.0
19798.74372403859,0.0
19846.469416878568,0.0
19888.979819627384,0.0
19923.316119933894,0.0
19948.82826985188,0.0
19968.15437485866,0.0
19986.230739604754,0.0
20007.42653359656,0.0
20033.02877313819,0.0
20061.246638729306,0.0
20089.33461770915,0.0
20115.519210582126,0.0
20139.27533677715,0.0
20160.568056039658,0.0
20179.289479002255,0.0
20195.258227373393,0.0
20208.34848594112,0.0
20218.37263740568,0.0
20224.9253955534,0.0
20227.780000851766,0.0
20227.797654742037,0.0
20227.12760203363,0.0
20227.829769010637,0.0
20230.0676419226,0.0
20231.940873083575,0.0
20231.312785738013,0.0
20227.64401848724,0.0
20222.001250918325,0.0
20215.614132169816,0.0
20208.849566882192,0.0
20201.506687786507,0.0
20193.628434992814,0.0
20185.68360108145,0.0
20177.958082182442,0.0
20169.821214101165,0.0
20159.643569415868,0.0
20145.668480845507,0.0
20127.398905982678,0.0
20106.48418427058,0.0
20086.211557427952,0.0
20069.636198758384,0.0
20057.47902475194,0.0
20047.403924605063,0.0
20035.465513661416,0.0
20018.81965757496,0.0
19997.647616554696,0.0
19974.793517170485,0.0
19953.415813652446,0.0
19934.41039267544,0.0
19915.63624150263,0.0
19893.680439288408,0.0
19866.75882049621,0.0
19836.03551667613,0.0
19804.166094107863,0.0
19772.892577688508,0.0
19742.373911623883,0.0
19712.47251826023,0.0
19683.861863036494,0.0
19657.531072392423,0.0
19633.493428483536,0.0
19610.235122713697,0.0
19585.450598091087,0.0
19557.5103087821,0.0
19526.709385092538,0.0
19495.3660314759,0.0
19466.43689688308,0.0
19441.51671466688,0.0
19419.9010777443,0.0
19399.532450999297,0.0
19378.723943304478,0.0
19356.92320066389,0.0
19334.276510255706,0.0
19311.066027978042,0.0
19287.654332412152,0.0
19264.45495664871,0.0
19241.5437698217,0.0
19218.28748016015,0.0
19193.68713470083,0.0
19167.50150849856,0.0
19141.26185049096,0.0
19118.02811091518,0.0
19100.748523224942,0.0
19090.37485835011,0.0
19085.15132521266,0.0
19081.491404570443,0.0
19075.70968361677,0.0
19065.460127714574,0.0
19050.373790015543,0.0
19032.047748140543,0.0
19013.547480078207,0.0
18998.328700109367,0.0
18988.83844270256,0.0
18985.546542775483,0.0
18987.124085158022,0.0
18991.65457219061,0.0
18997.90536227245,0.0
19005.577995885313,0.0
19014.492149240836,0.0
19023.71861618647,0.0
19031.711090119603,0.0
19037.398569563014,0.0
19041.26936311548,0.0
19045.46807433806,0.0
19052.78847025464,0.0
19065.233782096344,0.0
19083.065700601917,0.0
19104.825012548317,0.0
19128.121935215746,0.0
19150.677398678676,0.0
19171.289277491705,0.0
19190.48688315043,0.0
19210.49436247905,0.0
19234.09124048874,0.0
19262.792735282543,0.0
19295.803093065475,0.0
19330.90010602138,0.0
19366.39716930933,0.0
19402.047994527198,0.0
19438.200056688154,0.0
19474.735487752954,0.0
19511.296490805646,0.0
19548.266815796946,0.0
19586.887987404094,0.0
19628.127517717705,0.0
19671.569149957315,0.0
19715.630964057505,0.0
19758.852229923068,0.0
19800.968294725073,0.0
19843.013443924225,0.0
19886.704820104274,0.0
19933.627552876747,0.0
19984.493757325763,0.0
20038.82335646595,0.0
20095.402086152735,0.0
20153.134185245308,0.0
20211.398101880255,0.0
20269.727906095995,0.0
20327.643156589143,0.0
20385.159739398416,0.0
20443.274055241545,0.0
20503.44410346559,0.0
20566.227196497937,0.0
20630.439325469823,0.0
20693.9615921178,0.0
20755.68973289022,0.0
20816.744210629335,0.0
20879.566805310937,0.0
20945.798592983865,0.0
21015.24211596165,0.0
21086.738499257706,0.0
21159.40824591273,0.0
21232.65229935387,0.0
21305.49014047034,0.0
21376.7214162276,0.0
21445.80227538644,0.0
21513.014192130453,0.0
21578.573220034075,0.0
21641.981102705067,0.0
21702.58964704537,0.0
21760.629305671533,0.0
21817.40245642376,0.0
21874.52897817512,0.0
21933.232059226775,0.0
21994.234285580667,0.0
22057.89112375198,0.0
22124.068586942198,0.0
22191.846632722234,0.0
22259.487362627708,0.0
22324.975054633098,0.0
22386.924874041713,0.0
22445.14033816114,0.0
22500.264012422198,0.0
22553.03681416277,0.0
22604.140611380793,0.0
22654.610190538064,0.0
22705.824262351896,0.0
22758.60295410551,0.0
22812.304698098265,0.0
22865.07326318543,0.0
22915.15375449238,0.0
22962.024832243937,0.0
23006.323927679598,0.0
23049.03644300114,0.0
23091.147885051047,0.0
23133.930156657494,0.0
23178.84899686275,0.0
23226.710530093085,0.0
23276.966640232247,0.0
23327.90416152532,0.0
23377.348325525112,0.0
23423.258453920535,0.0
23464.146659950544,0.0
23499.324002608388,0.0
23528.78089388202,0.0
23552.819748194765,0.0
23571.954573619703,0.0
23587.34638435847,0.0
23601.320294766967,0.0
23617.088771417482,0.0
23637.28301430098,0.0
23662.173085653925,0.0
23689.2809931318,0.0
23715.07973879602,0.0
23737.377790124137,0.0
23756.26957178206,0.0
23773.05398941478,0.0
23788.490120487426,0.0
23802.069620953676,0.0
23812.605192878247,0.0
23819.18238197025,0.0
23821.673993881064,0.0
23820.81979281218,0.0
23817.96719791631,0.0
23814.381744750535,0.0
23810.498900668972,0.0
23805.889346680335,0.0
23800.145217211295,0.0
23793.760744402436,0.0
23787.924786906577,0.0
23783.314301883365,0.0
23779.231060162216,0.0
23774.18639311921,0.0
23767.308999297617,0.0
23758.950369925395,0.0
23749.94263263767,0.0
23740.60574648365,0.0
23730.539912853186,0.0
23718.987244535754,0.0
23705.14340479872,0.0
23688.36763416157,0.0
23668.552910689887,0.0
23646.48150658225,0.0
23623.727971383487,0.0
23601.9538445679,0.0
23581.985172214747,0.0
23563.27934355102,0.0
23544.238973958494,0.0
23523.23296846704,0.0
23499.62619463979,0.0
23474.005867515105,0.0
23447.472052947785,0.0
23420.762296075427,0.0
23393.969127111068,0.0
23366.748001368145,0.0
23338.518356205106,0.0
23308.64847110144,0.0
23276.935897388616,0.0
23244.13004054115,0.0
23211.842594226448,0.0
23181.598540894054,0.0
23153.655310594466,0.0
23126.59399057253,0.0
23098.252083379943,0.0
23067.41609615863,0.0
23034.805850583878,0.0
23002.438400107625,0.0
22972.104588630504,0.0
22944.49198855064,0.0
22919.514061732556,0.0
22896.924962200723,0.0
22876.308415942785,0.0
22856.802887605536,0.0
22837.47539656131,0.0
22818.17685496925,0.0
22799.551935045944,0.0
22781.736900745756,0.0
22763.315644922444,0.0
22742.239435496107,0.0
22717.972668623854,0.0
22692.495257460647,0.0
22669.233084389976,0.0
22651.24801499082,0.0
22640.09514032689,0.0
22635.465259958546,0.0
22635.322105769297,0.0
22636.587764648124,0.0
22636.26925085636,0.0
22632.60190365918,0.0
22625.783367637054,0.0
22617.810072123208,0.0
22611.13468354999,0.0
22606.89708391238,0.0
22604.33471169262,0.0
22601.940687597566,0.0
22598.971009158846,0.0
22595.699391856095,0.0
22592.65901100228,0.0
22590.29298145507,0.0
22589.312661679924,0.0
22590.78496195122,0.0
22595.545124291577,0.0
22603.850198190652,0.0
22615.748345606815,0.0
22631.334831111886,0.0
22650.161821233734,0.0
22670.618321319416,0.0
22690.507331317007,0.0
22708.556625073103,0.0
22725.328120907474,0.0
22742.691736738765,0.0
22762.680782213083,0.0
22786.939750895715,0.0
22816.801539908804,0.0
22853.067082918133,0.0
22895.089045992816,0.0
22940.087043519765,0.0
22983.957617834327,0.0
23023.459783860206,0.0
23057.942864203007,0.0
23088.999835075832,0.0
23118.673335528536,0.0
23148.348173162696,0.0
23179.268631283445,0.0
23213.356007734357,0.0
23252.6962199889,0.0
23298.04189066893,0.0
23348.138194836036,0.0
23400.729256155606,0.0
23454.098253898363,0.0
23507.610322425167,0.0
23561.177704497863,0.0
23614.645987181397,0.0
23667.677398065294,0.0
23719.923105067697,0.0
23771.221247024234,0.0
23821.802267792693,0.0
23872.37256960773,0.0
23923.939261166062,0.0
23977.649763522953,0.0
24034.82368550377,0.0
24096.68243694592,0.0
24163.36426727201,0.0
24233.056346784753,0.0
24302.579102443633,0.0
24369.39920729091,0.0
24433.33949827039,0.0
24496.348113229644,0.0
24560.579708311838,0.0
24626.59702737846,0.0
24693.026683659482,0.0
24757.603589704635,0.0
24818.704831564064,0.0
24876.42796128747,0.0
24932.545199413802,0.0
24989.41493218795,0.0
25048.85524472469,0.0
25111.88828621818,0.0
25179.165202647913,0.0
25251.170231822765,0.0
25327.724065837585,0.0
25407.219868096698,0.0
25486.441530653687,0.0
25561.482499071208,0.0
25629.45249518274,0.0
25689.87670279269,0.0
25744.715921148327,0.0
25796.9389085661,0.0
25848.825326076672,0.0
25901.316489206023,0.0
25954.5229528701,0.0
26008.509306416538,0.0
26063.632914161164,0.0
26120.464263039485,0.0
26179.44961062657,0.0
26240.419194550304,0.0
26302.27296987111,0.0
26363.232599903742,0.0
26421.565703176824,0.0
26476.23414128079,0.0
26527.09132222793,0.0
26574.659034649707,0.0
26619.83402073617,0.0
26663.7931161878,0.0
26707.957895266492,0.0
26753.530599594502,0.0
26800.63825579071,0.0
26847.947702728325,0.0
26893.43895940276,0.0
26935.718597475574,0.0
26974.518289622927,0.0
27009.98819942985,0.0
27041.849234378536,0.0
27069.53121548946,0.0
27093.129602549336,0.0
27113.991395680394,0.0
27134.106930171365,0.0
27154.760197903335,0.0
27175.686463351944,0.0
27195.607486675177,0.0
27213.707236300215,0.0
27230.59497034231,0.0
27247.715029545037,0.0
27265.71941446544,0.0
27283.5679826959,0.0
27299.390942833303,0.0
27312.21511625498,0.0
27322.796318728862,0.0
27332.901814717985,0.0
27343.782302742497,0.0
27354.93204518479,0.0
27363.954636800045,0.0
27367.860906619066,0.0
27365.163761944463,0.0
27357.262609098907,0.0
27347.961175353168,0.0
27341.472918301493,0.0
27340.284070753838,0.0
27344.038733327394,0.0
27349.921031390953,0.0
27354.27817003863,0.0
27354.559016049447,0.0
27350.35883837868,0.0
27342.90833925997,0.0
27333.59477198274,0.0
27322.812518665192,0.0
27309.984117188644,0.0
27294.384530450498,0.0
27275.870031201946,0.0
27254.986295133356,0.0
27232.548374182228,0.0
27209.120069598168,0.0
27184.91008090114,0.0
27160.080582700844,0.0
27134.83060780241,0.0
27109.08421676884,0.0
27082.536570168882,0.0
27055.48793348388,0.0
27029.46507340991,0.0
27006.47420920124,0.0
