18521.024439891356,0.0
18472.093771807096,0.0
18414.536156834325,0.0
18328.656303865577,0.0
18159.94027764275,0.0
17789.5617883751,0.0
17020.07934651706,0.0
15621.613404511212,0.0
13462.015502851189,0.0
10658.379162295187,0.0
7612.321867537537,0.0
4850.407332496816,0.0
2767.4822084661037,0.0
1470.127609809257,0.0
815.8471249950655,0.0
567.0829117647271,0.0
521.814423277985,0.0
558.891618143083,0.0
622.6929597498346,0.0
692.9466854100324,0.0
763.6401438693339,0.0
833.331273974211,0.0
901.5719920796912,0.0
968.2988874079559,0.0
1033.4196355444083,0.0
1096.8005555581099,0.0
1158.2836872003156,0.0
1217.7124074354954,0.0
1274.9459373188768,0.0
1329.8637179207194,0.0
1382.3702791024295,0.0
1432.4012722320622,0.0
1479.9199595465736,0.0
1524.8977395213888,0.0
1567.2926788598832,0.0
1607.0473158313955,0.0
1644.1045664130459,0.0
1678.4152409362575,0.0
1709.9231373944122,0.0
1738.5487370151047,0.0
1764.2003994293202,0.0
1786.810150194863,0.0
1806.3629491574757,0.0
1822.8953792866582,0.0
1836.4662709972029,0.0
1847.1192034373291,0.0
1854.8586674498713,0.0
1859.6529540730162,0.0
1861.4617770128043,0.0
1860.2693256527655,0.0
1856.0992744876262,0.0
1849.0051688105825,0.0
1839.0530612821906,0.0
1826.3147059844007,0.0
1810.868378313588,0.0
1792.7917710265972,0.0
1772.1478464153915,0.0
1748.9814272974543,0.0
1723.3355921716168,0.0
1695.2760182342297,0.0
1664.9040733576883,0.0
1632.3477218634425,0.0
1597.7341456254596,0.0
1561.1628299845345,0.0
1522.7052571954503,0.0
1482.4377304164816,0.0
1440.4770197713808,0.0
1396.9782319319363,0.0
1352.0928438938802,0.0
1305.9316074209344,0.0
1258.5714424177374,0.0
1210.097843408978,0.0
1160.6414896841864,0.0
1110.3817182456837,0.0
1059.5212395368903,0.0
1008.250517722155,0.0
956.7179022289147,0.0
905.0186018840398,0.0
853.2127008826184,0.0
801.3670228728458,0.0
749.5948716291202,0.0
698.0662361115576,0.0
646.9847314505542,0.0
596.5506536235317,0.0
546.9331608562842,0.0
498.2620988095759,0.0
450.6401037332778,0.0
404.1659349155203,0.0
358.95339283468087,0.0
315.1332095815506,0.0
272.8398052282201,0.0
232.19832882063236,0.0
193.3224317446762,0.0
156.31813082738626,0.0
121.28364728480206,0.0
88.3078524124685,0.0
57.477526063210476,0.0
28.890549214352188,0.0
2.6590901341231534,0.0
-21.105564721620617,0.0
-42.317182052596664,0.0
-60.92926169046086,0.0
-76.9282401239782,0.0
-90.30688769877011,0.0
-101.03220276565138,0.0
-109.02695412457385,0.0
-114.17848482070212,0.0
-116.3719099192727,0.0
-115.52623265597951,0.0
-111.60886070769287,0.0
-104.62200714523817,0.0
-94.57727973029255,0.0
-81.48170551258758,0.0
-65.34458461896249,0.0
-46.19367311819146,0.0
-24.08067167897901,0.0
0.9320165216190687,0.0
28.791677642600767,0.0
59.466453826731446,0.0
92.94156826974498,0.0
129.20543304161046,0.0
168.23437004481005,0.0
209.9855055699539,0.0
254.40257854559985,0.0
301.42583514672754,0.0
350.9929861777557,0.0
403.0303516419294,0.0
457.4463609059341,0.0
514.1345955422942,0.0
572.981867043844,0.0
633.8737138784282,0.0
696.69714926375,0.0
761.3425280045301,0.0
827.7019075931461,0.0
895.662704670478,0.0
965.1039309049482,0.0
1035.9022232084683,0.0
1107.9402083307818,0.0
1181.1047600352538,0.0
1255.2749171258101,0.0
1330.3132593374987,0.0
1406.0711791522078,0.0
1482.402957350204,0.0
1559.1756015925298,0.0
1636.2660698682,0.0
1713.5500861452983,0.0
1790.8924820547304,0.0
1868.1464986080946,0.0
1945.1610607100404,0.0
2021.7888250932795,0.0
2097.8905228806934,0.0
2173.337268203128,0.0
2248.010862956035,0.0
2321.794797436385,0.0
2394.554641255843,0.0
2466.126315786824,0.0
2536.3348833790046,0.0
2605.0341742989062,0.0
2672.1261717803227,0.0
2737.5357190995796,0.0
2801.1697718698256,0.0
2862.9091616706883,0.0
2922.637930209929,0.0
2980.269788081272,0.0
3035.740018571209,0.0
3088.9773511493286,0.0
3139.889304262955,0.0
3188.3711467299813,0.0
3234.319925205671,0.0
3277.639928974039,0.0
3318.244971891335,0.0
3356.062225795766,0.0
3391.0326251567067,0.0
3423.1061554725147,0.0
3452.242404118736,0.0
3478.422015827923,0.0
3501.655911535738,0.0
3521.9711683168116,0.0
3539.374585980339,0.0
3553.8275046435424,0.0
3565.2639910623843,0.0
3573.6417047402606,0.0
3578.978965958582,0.0
3581.3458819245425,0.0
3580.8192454664863,0.0
3577.4379657066315,0.0
3571.1914510526326,0.0
3562.0482796091733,0.0
3550.003895990171,0.0
3535.111580689932,0.0
3517.4760612499417,0.0
3497.221822467581,0.0
3474.463581631035,0.0
3449.29185035396,0.0
3421.770969741543,0.0
3391.949631963888,0.0
3359.8856251705142,0.0
3325.6709066573862,0.0
3289.4334421720478,0.0
3251.311228815183,0.0
3211.423697754717,0.0
3169.8676501594155,0.0
3126.7380381930425,0.0
3082.1500692552236,0.0
3036.2413737794004,0.0
2989.156679727066,0.0
2941.034074032109,0.0
2892.004763579786,0.0
2842.196577243575,0.0
2791.728172845441,0.0
2740.702674157958,0.0
2689.221451224316,0.0
2637.415012035874,0.0
2585.4558748590766,0.0
2533.5297389166144,0.0
2481.791612994602,0.0
2430.355128483465,0.0
2379.3229945198245,0.0
2328.8197926602365,0.0
2278.9966654276345,0.0
2230.017024335009,0.0
2182.0430619195545,0.0
2135.224852975426,0.0
2089.6869795033926,0.0
2045.523145122028,0.0
2002.8135044195608,0.0
1961.6542668236157,0.0
1922.1711991027237,0.0
1884.506792996327,0.0
1848.800696385389,0.0
1815.1805201232778,0.0
1783.7595822922901,0.0
1754.6326299065126,0.0
1727.8711009203562,0.0
1703.525972983608,0.0
1681.6415299989042,0.0
1662.272123472663,0.0
1645.4886744320231,0.0
1631.3740087963556,0.0
1620.0190744970794,0.0
1611.5217614633868,0.0
1605.9719942887318,0.0
1603.4221013858373,0.0
1603.8719161394165,0.0
1607.2912542981373,0.0
1613.6604769173298,0.0
1622.9900218415958,0.0
1635.3050684167183,0.0
1650.6162079262836,0.0
1668.9041002107354,0.0
1690.1277362144363,0.0
1714.2461565991453,0.0
1741.2366023758582,0.0
1771.0988487806742,0.0
1803.845897564681,0.0
1839.4856696243219,0.0
1877.9991479584257,0.0
1919.3243946394632,0.0
1963.358447836615,0.0
2009.980281531622,0.0
2059.07982659943,0.0
2110.5711979194543,0.0
2164.383293995644,0.0
2220.441894559076,0.0
2278.6637132425685,0.0
2338.9645536026296,0.0
2401.263635640233,0.0
2465.4721218237623,0.0
2531.479633331551,0.0
2599.157383453572,0.0
2668.3736261895065,0.0
2738.998845884656,0.0
2810.893051966168,0.0
2883.8955020966787,0.0
2957.839341763977,0.0
3032.58506396089,0.0
3108.03939338663,0.0
3184.1384542092037,0.0
3260.8091407158286,0.0
3337.9403688434045,0.0
3415.377196065456,0.0
3492.9300464609937,0.0
3570.39009895339,0.0
3647.5533302342983,0.0
3724.252745034947,0.0
3800.378821122296,0.0
3875.865084132382,0.0
3950.6430525743035,0.0
4024.6010872099023,0.0
4097.577760697282,0.0
4169.388624969319,0.0
4239.862673827735,0.0
4308.867461639478,0.0
4376.314157046777,0.0
4442.140679753977,0.0
4506.278270464348,0.0
4568.620461908547,0.0
4629.01858534115,0.0
4687.309809887162,0.0
4743.357040445766,0.0
4797.070542650318,0.0
4848.3993982039165,0.0
4897.303120623937,0.0
4943.723449552768,0.0
4987.573258054409,0.0
5028.748296782983,0.0
5067.15406162974,0.0
5102.728839067066,0.0
5135.447784436219,0.0
5165.307489317302,0.0
5192.302630485005,0.0
5216.408645470941,0.0
5237.577510589069,0.0
5255.7470127330125,0.0
5270.860376257139,0.0
5282.889817257215,0.0
5291.851084237649,0.0
5297.794990305714,0.0
5300.777858350273,0.0
5300.83466940853,0.0
5297.979755362668,0.0
5292.2315968697785,0.0
5283.631464431996,0.0
5272.235928806744,0.0
5258.099050291803,0.0
5241.272115953765,0.0
5221.822152121967,0.0
5199.839022576356,0.0
5175.412365091004,0.0
5148.600377437486,0.0
5119.430407078971,0.0
5087.940027575638,0.0
5054.2194387139125,0.0
5018.4115969173245,0.0
4980.672289164963,0.0
4941.133304900861,0.0
4899.899777497537,0.0
4857.071632031382,0.0
4812.762620041982,0.0
4767.106641153915,0.0
4720.253560500252,0.0
4672.354770568754,0.0
4623.54263780292,0.0
4573.919950343166,0.0
4523.572066893417,0.0
4472.593298933143,0.0
4421.10730238192,0.0
4369.268728559789,0.0
4317.2475256699445,0.0
4265.206962008987,0.0
4213.291917891957,0.0
4161.637974468238,0.0
4110.393907463598,0.0
4059.735776739765,0.0
4009.8542120657703,0.0
3960.9192250983124,0.0
3913.049841477118,0.0
3866.3133431477736,0.0
3820.7531643300176,0.0
3776.4257797816244,0.0
3733.42647624915,0.0
3691.89192442534,0.0
3651.9771028153555,0.0
3613.8233073951587,0.0
3577.5451719026823,0.0
3543.2478563424193,0.0
3511.0535250933845,0.0
3481.1072215272256,0.0
3453.5555660384534,0.0
3428.517309853646,0.0
3406.0682100720173,0.0
3386.2487170995623,0.0
3369.085739119738,0.0
3354.608899245055,0.0
3342.849453406286,0.0
3333.8329339602265,0.0
3327.585158675744,0.0
3324.150966047096,0.0
3323.601893407657,0.0
3326.0167799088217,0.0
3331.45057869073,0.0
3339.921977255793,0.0
3351.428193011256,0.0
3365.9667031873573,0.0
3383.5406795396993,0.0
3404.148520248752,0.0
3427.771382064622,0.0
3454.367098985211,0.0
3483.870553701323,0.0
3516.203335110593,0.0
3551.293034354669,0.0
3589.0891648899515,0.0
3629.5586504572434,0.0
3672.6656878721597,0.0
3718.3621256595225,0.0
3766.6002190993067,0.0
3817.346923791153,0.0
3870.573465811772,0.0
3926.222310902027,0.0
3984.1793226118193,0.0
4044.277045146764,0.0
4106.331652902318,0.0
4170.189115903898,0.0
4235.7474053495125,0.0
4302.940050988083,0.0
4371.699656259779,0.0
4441.93258316954,0.0
4513.516553470174,0.0
4586.306657596437,0.0
4660.137663937323,0.0
4734.832838928079,0.0
4810.229981778069,0.0
4886.207717420674,0.0
4962.683587093764,0.0
5039.58175449306,0.0
5116.797671620858,0.0
5194.185995806987,0.0
5271.574539671705,0.0
5348.789196896343,0.0
5425.670861009811,0.0
5502.075480128863,0.0
5577.865798513289,0.0
5652.909093466695,0.0
5727.080425592517,0.0
5800.259834173556,0.0
5872.324066138951,0.0
5943.14474476853,0.0
6012.592096206738,0.0
6080.532067469574,0.0
6146.822337229704,0.0
6211.325669304321,0.0
6273.934444298445,0.0
6334.573104792838,0.0
6393.167212004769,0.0
6449.6136898717305,0.0
6503.789507268762,0.0
6555.588346218228,0.0
6604.942785943025,0.0
6651.812984189885,0.0
6696.16128007824,0.0
6737.937007449258,0.0
6777.074886915803,0.0
6813.497945984808,0.0
6847.121854509331,0.0
6877.86345168143,0.0
6905.655018078476,0.0
6930.458427842293,0.0
6952.267344001463,0.0
6971.091358938764,0.0
6986.929773927984,0.0
6999.754145769839,0.0
7009.51575120495,0.0
7016.177786364422,0.0
7019.752528100823,0.0
7020.315134148129,0.0
7017.977809076222,0.0
7012.838587476419,0.0
7004.944505543682,0.0
6994.296593412473,0.0
6980.884785019762,0.0
6964.722088164159,0.0
6945.861354619589,0.0
6924.3931659989985,0.0
6900.426746649527,0.0
6874.064108257872,0.0
6845.391010742709,0.0
6814.494082963507,0.0
6781.4802096473595,0.0
6746.46744025103,0.0
6709.552365401757,0.0
6670.791470363733,0.0
6630.221665997297,0.0
6587.906158961894,0.0
6543.967860545555,0.0
6498.5839364384465,0.0
6451.9448816312,0.0
6404.208385115489,0.0
6355.4826617053495,0.0
6305.85415486614,0.0
6255.437469472696,0.0
6204.401179735928,0.0
6152.941908692401,0.0
6101.232592956804,0.0
6049.398288833931,0.0
5997.538339330565,0.0
5945.760595839793,0.0
5894.189170843507,0.0
5842.951485528609,0.0
5792.177421719923,0.0
5742.019314560081,0.0
5692.663461414076,0.0
5644.305051205465,0.0
5597.095921175215,0.0
5551.110326174579,0.0
5506.368455290248,0.0
5462.910979036664,0.0
5420.866590460758,0.0
5380.4512002657875,0.0
5341.898213390154,0.0
5305.380728207016,0.0
5270.986389099461,0.0
5238.747027062203,0.0
5208.681450145979,0.0
5180.820792199861,0.0
5155.221347836263,0.0
5131.975367818853,0.0
5111.209317385634,0.0
5093.058457913157,0.0
5077.634083471635,0.0
5065.011708923001,0.0
5055.243882074616,0.0
5048.374258341272,0.0
5044.433535218451,0.0
5043.4262592419245,0.0
5045.332170725666,0.0
5050.129397193153,0.0
5057.817932169981,0.0
5068.4238618152185,0.0
5081.991253305756,0.0
5098.574728035297,0.0
5118.227033385226,0.0
5140.973069356798,0.0
5166.7866049117865,0.0
5195.594625805905,0.0
5227.307380299348,0.0
5261.846771677224,0.0
5299.152418826286,0.0
5339.16978984668,0.0
5381.8385529145635,0.0
5427.092593183048,0.0
5474.86731516712,0.0
5525.103451919278,0.0
5577.743702331842,0.0
5632.727646632562,0.0
5689.986597910517,0.0
5749.433405279575,0.0
5810.950410220614,0.0
5874.392532265617,0.0
5939.613072926155,0.0
6006.490784162042,0.0
6074.930175954442,0.0
6144.8374847519335,0.0
6216.100177026202,0.0
6288.5872497598175,0.0
6362.16030821838,0.0
6436.67897399689,0.0
6511.999126305999,0.0
6587.975391121447,0.0
6664.472453183241,0.0
6741.372505982223,0.0
6818.564116768244,0.0
6895.919039076793,0.0
6973.279482918309,0.0
7050.469370943194,0.0
7127.320666219702,0.0
7203.695197190141,0.0
7279.48717144056,0.0
7354.604433068424,0.0
7428.94122904059,0.0
7502.362928055106,0.0
7574.714379347034,0.0
7645.8413485493065,0.0
7715.602486863345,0.0
7783.86649772777,0.0
7850.510414792469,0.0
7915.426296752004,0.0
7978.522301983774,0.0
8039.710379891005,0.0
8098.895187961627,0.0
8155.975981433329,0.0
8210.852068145114,0.0
8263.422665380878,0.0
8313.586480115768,0.0
8361.247397940071,0.0
8406.320520855485,0.0
8448.733947661442,0.0
8488.429787706811,0.0
8525.364780155489,0.0
8559.505305387569,0.0
8590.817578300748,0.0
8619.261269781806,0.0
8644.792323581494,0.0
8667.369268822247,0.0
8686.953853555908,0.0
8703.505064683739,0.0
8716.979869129293,0.0
8727.35455821636,0.0
8734.657927632148,0.0
8738.982326483783,0.0
8740.447079519381,0.0
8739.132082650081,0.0
8735.035077699586,0.0
8728.090693122256,0.0
8718.235551278907,0.0
8705.46601196466,0.0
8689.849526434049,0.0
8671.495763560832,0.0
8650.521794610993,0.0
8627.034261807425,0.0
8601.125337458858,0.0
8572.872245201477,0.0
8542.343587248291,0.0
8509.61816277191,0.0
8474.803780377117,0.0
8438.033382883013,0.0
8399.439361882029,0.0
8359.133450061016,0.0
8317.211242849166,0.0
8273.769376685334,0.0
8228.911866257997,0.0
8182.740852979294,0.0
8135.350312585395,0.0
8086.841213817749,0.0
8037.351017978895,0.0
7987.067672095357,0.0
7936.204774500574,0.0
7884.949788131402,0.0
7833.426089251449,0.0
7781.703959010458,0.0
7729.852799841836,0.0
7677.988462307025,0.0
7626.275906356553,0.0
7574.891100276125,0.0
7523.98163876022,0.0
7473.663700089375,0.0
7424.055234468831,0.0
7375.307948192093,0.0
7327.603859508255,0.0
7281.1234674902435,0.0
7236.018341317559,0.0
7192.402962005137,0.0
7150.356334216147,0.0
7109.930836831801,0.0
7071.17865846341,0.0
7034.187101208227,0.0
6999.0899341768345,0.0
6966.039359065096,0.0
6935.165631630888,0.0
6906.562788589273,0.0
6880.306613132749,0.0
6856.479864072242,0.0
6835.180325182196,0.0
6816.509769786555,0.0
6800.5572929315695,0.0
6787.3863909454,0.0
6777.028433635832,0.0
6769.489595961661,0.0
6764.775117414984,0.0
6762.917023048209,0.0
6763.978460261764,0.0
6768.026607867287,0.0
6775.097485485436,0.0
6785.185696972758,0.0
6798.266327762667,0.0
6814.324303453413,0.0
6833.364066414722,0.0
6855.39790092954,0.0
6880.428147894804,0.0
6908.43450758897,0.0
6939.368368294357,0.0
6973.155538795973,0.0
7009.710671672125,0.0
7048.961008064263,0.0
7090.867006921262,0.0
7135.420321290034,0.0
7182.613215679369,0.0
7232.399714104079,0.0
7284.6788832720085,0.0
7339.30883344879,0.0
7396.1348000062935,0.0
7455.015485252484,0.0
7515.844069912542,0.0
7578.558212071283,0.0
7643.127421501867,0.0
7709.517338138837,0.0
7777.650495122871,0.0
7847.387764918989,0.0
7918.538542815696,0.0
7990.89282214422,0.0
8064.258452337211,0.0
8138.485672481629,0.0
8213.467375860195,0.0
8289.11943556801,0.0
8365.357095780597,0.0
8442.081306559607,0.0
8519.176283573755,0.0
8596.509799103811,0.0
8673.931506132596,0.0
8751.273969453165,0.0
8828.36265154129,0.0
8905.031053906234,0.0
8981.131694775831,0.0
9056.538800504215,0.0
9131.144625844445,0.0
9204.848435873153,0.0
9277.537157320881,0.0
9349.06651040059,0.0
9419.261313710933,0.0
9487.942239440881,0.0
9554.961367453943,0.0
9620.219783960449,0.0
9683.656127976716,0.0
9745.216254285326,0.0
9804.825684212445,0.0
9862.384122612108,0.0
9917.78168926919,0.0
9970.915203634684,0.0
10021.687710368577,0.0
10069.999026261536,0.0
10115.742781951798,0.0
10158.81202822372,0.0
10199.111013163347,0.0
10236.57502497435,0.0
10271.190402934653,0.0
10302.993360913091,0.0
10332.034888316843,0.0
10358.327335510921,0.0
10381.807083624812,0.0
10402.341304419031,0.0
10419.779479505745,0.0
10434.020416642146,0.0
10445.05663690966,0.0
10452.97375297866,0.0
10457.909528361535,0.0
10459.995406155664,0.0
10459.30691726716,0.0
10455.844760942247,0.0
10449.557300532828,0.0
10440.391569004307,0.0
10428.338725033977,0.0
10413.444640153042,0.0
10395.789542353568,0.0
10375.46618114854,0.0
10352.57589610751,0.0
10327.231836011211,0.0
10299.549391874654,0.0
10269.625552240885,0.0
10237.52944497146,0.0
10203.317818365298,0.0
10167.062049630287,0.0
10128.864589797591,0.0
10088.857162306886,0.0
10047.186978311658,0.0
10003.998226247746,0.0
9959.414708194583,0.0
9913.53250264821,0.0
9866.430164837599,0.0
9818.193895906921,0.0
9768.945621972332,0.0
9718.854316665422,0.0
9668.114639871186,0.0
9616.903820326144,0.0
9565.356683420332,0.0
9513.585508329448,0.0
9461.717788413516,0.0
9409.902602268121,0.0
9358.277899257686,0.0
9306.942697851606,0.0
9255.973771916924,0.0
9205.47457379262,0.0
9155.608590991922,0.0
9106.585036675098,0.0
9058.613845760194,0.0
9011.870556763077,0.0
8966.486469330783,0.0
8922.550529855922,0.0
8880.117330249104,0.0
8839.233029954054,0.0
8799.97418580832,0.0
8762.468916612474,0.0
8726.882507513901,0.0
8693.383313946599,0.0
8662.113298312992,0.0
8633.169970910112,0.0
8606.600855570314,0.0
8582.418558712025,0.0
8560.637591683673,0.0
8541.314199636548,0.0
8524.561745231042,0.0
8510.527842048,0.0
8499.345085087723,0.0
8491.08692790973,0.0
8485.760554214436,0.0
8483.342183035347,0.0
8483.823222592608,0.0
8487.227958835932,0.0
8493.595688323248,0.0
8502.95491071761,0.0
8515.314560579543,0.0
8530.670741313614,0.0
8549.01463582479,0.0
8570.334386228298,0.0
8594.613323682252,0.0
8621.829383313972,0.0
8651.957043590128,0.0
8684.967943503443,0.0
8720.827302777494,0.0
8759.48980758478,0.0
8800.899209532872,0.0
8844.987316151446,0.0
8891.667990203478,0.0
8940.83459655191,0.0
8992.37219864678,0.0
9046.180031919514,0.0
9102.185483127267,0.0
9160.338887235588,0.0
9220.595081939675,0.0
9282.893800606736,0.0
9347.146734350334,0.0
9413.235555275869,0.0
9481.020932795764,0.0
9550.35469736689,0.0
9621.088836201352,0.0
9693.081845825094,0.0
9766.202153253853,0.0
9840.322811794429,0.0
9915.310625250639,0.0
9991.024089175928,0.0
10067.323411446314,0.0
10144.077281187696,0.0
10221.157879165174,0.0
10298.436121544273,0.0
10375.783776285201,0.0
10453.06925930724,0.0
10530.142820242332,0.0
10606.837389218219,0.0
10683.000702479781,0.0
10758.524443643764,0.0
10833.32693968413,0.0
10907.302858464129,0.0
10980.295226568302,0.0
11052.117669792673,0.0
11122.598797224551,0.0
11191.60692642274,0.0
11259.042531070196,0.0
11324.815177226648,0.0
11388.828247642849,0.0
11450.980602554833,0.0
11511.175170333214,0.0
11569.317287164873,0.0
11625.303037561487,0.0
11679.017243012226,0.0
11730.349627703612,0.0
11779.207295286493,0.0
11825.505048749514,0.0
11869.151374873163,0.0
11910.061024129156,0.0
11948.186233874058,0.0
11983.524137993887,0.0
12016.082209913893,0.0
12045.834450173195,0.0
12072.712625731341,0.0
12096.63637802512,0.0
12117.549675006774,0.0
12135.432442773552,0.0
12150.28780354161,0.0
12162.127739342075,0.0
12170.968857318037,0.0
12176.827616522109,0.0
12179.709158310236,0.0
12179.608084746831,0.0
12176.53392903973,0.0
12170.5383552972,0.0
12161.710330555437,0.0
12150.142776351304,0.0
12135.906181719682,0.0
12119.050425440597,0.0
12099.619018835549,0.0
12077.654345595667,0.0
12053.196163681805,0.0
12026.289641612982,0.0
11997.00290133385,0.0
11965.43392477301,0.0
11931.695373359798,0.0
11895.895662478375,0.0
11858.14218063749,0.0
11818.560122672116,0.0
11777.293151592126,0.0
11734.474504973325,0.0
11690.201555596304,0.0
11644.549997720489,0.0
11597.617752438962,0.0
11549.552633694437,0.0
11500.53547872652,0.0
11450.73671314084,0.0
11400.286959072684,0.0
11349.284027508149,0.0
11297.82648096286,0.0
11246.044909437185,0.0
11194.107469200822,0.0
11142.196812340693,0.0
11090.477899365818,0.0
11039.080236659347,0.0
10988.403664436573,1.0
10939.298858265425,0.0
10895.46397231536,0.0
10868.30519085155,0.0
10885.931246062071,0.0
11000.221512207616,0.0
11274.845704600773,0.0
11737.000912761321,0.0
12310.007570604352,0.0
12795.498244082686,0.0
12965.451476646396,0.0
12717.754221096367,0.0
12154.735925707064,0.0
11504.631005196434,0.0
10966.024796376121,0.0
10615.833053527747,0.0
10427.113103372965,0.0
10336.44974502439,0.0
10292.19749521653,0.0
10266.45327704974,0.0
10247.99188779553,0.0
10233.276055132861,0.0
10221.599305111555,0.0
10212.700876117382,0.0
10206.609235735545,0.0
10203.358428510886,0.0
10203.002340093575,0.0
10205.610688557095,0.0
10211.247282441573,0.0
10219.944572137805,0.0
10231.69510657339,0.0
10246.469269562638,0.0
10264.244548264933,0.0
10285.01640284774,0.0
10308.77799628288,0.0
10335.490547112262,0.0
10365.075639479905,0.0
10397.439586664283,0.0
10432.511711920957,0.0
10470.26840235293,0.0
10510.725730605262,0.0
10553.907214550545,0.0
10599.80811997101,0.0
10648.37338907928,0.0
10699.493749244133,0.0
10753.020006474786,0.0
10808.793484060523,0.0
10866.682313163587,0.0
10926.602505485778,0.0
10988.50406451063,0.0
11052.32571023564,0.0
11117.955145581254,0.0
11185.23731973507,0.0
11254.0260002308,0.0
11324.223252513686,0.0
11395.763615969072,0.0
11468.56229715629,0.0
11542.482066446753,0.0
11617.347871280099,0.0
11692.988947682883,0.0
11769.2650949423,0.0
11846.053768267122,0.0
11923.216646389606,0.0
12000.586500091065,0.0
12077.989793466928,0.0
12155.277695263161,0.0
12232.331372397253,0.0
12309.042398633683,0.0
12385.294612460288,0.0
12460.96124178924,0.0
12535.90724143319,0.0
12609.98593492228,0.0
12683.037149715285,0.0
12754.900434618916,0.0
12825.442060552326,0.0
12894.572561260018,0.0
12962.232422909923,0.0
13028.353519999891,0.0
13092.828587542364,0.0
13155.512740549953,0.0
13216.251614201094,0.0
13274.911252682165,0.0
13331.389474552969,0.0
13385.605830425155,0.0
13437.48140987409,0.0
13486.921932065885,0.0
13533.814491441663,0.0
13578.045038824572,0.0
13619.532280445195,0.0
13658.256079675433,0.0
13694.251395559564,0.0
13727.560030295806,0.0
13758.16983927627,0.0
13785.98822834363,0.0
13810.873915425089,0.0
13832.702957912663,0.0
13851.41969341931,0.0
13867.040351573363,0.0
13879.61622257123,0.0
13889.191377142692,0.0
13895.785822547004,0.0
13899.408556753911,0.0
13900.078357663746,0.0
13897.827644535653,0.0
13892.689986801603,0.0
13884.693301820165,0.0
13873.870836392545,0.0
13860.272991564703,0.0
13843.959572236983,0.0
13824.981698471729,0.0
13803.38134829021,0.0
13779.216009269852,0.0
13752.583777155889,0.0
13723.621984477219,0.0
13692.477873351992,0.0
13659.27182290989,0.0
13624.077257253812,0.0
13586.932432887968,0.0
13547.87862307781,0.0
13506.996764744978,0.0
13464.416208202896,0.0
13420.296279047267,0.0
13374.802601802256,0.0
13328.092573491364,0.0
13280.306624850564,0.0
13231.562057805902,0.0
13181.958748613933,0.0
13131.602591282217,0.0
13080.629827472596,0.0
13029.205008734882,0.0
12977.492932423593,0.0
12925.637059010247,0.0
12873.768745402049,0.0
12822.030200820904,0.0
12770.575992596507,0.0
12719.548039144911,0.0
12669.054967256745,0.0
12619.180301869452,0.0
12570.009526564138,0.0
12521.6524263628,0.0
12474.252052608728,0.0
12427.981235562893,0.0
12383.025028501508,0.0
12339.552597968406,0.0
12297.696686312425,0.0
12257.557618473511,0.0
12219.22686798991,0.0
12182.808364768578,0.0
12148.420415439128,0.0
12116.179492143227,0.0
12086.182419124803,0.0
12058.502452026763,0.0
12033.19910787573,0.0
12010.327945738925,0.0
11989.942874616714,0.0
11972.099590265745,0.0
11956.867438358968,0.0
11944.340203716432,0.0
11934.628714767492,0.0
11927.8309456675,0.0
11923.998255540339,0.0
11923.126010030946,0.0
11925.180925299412,0.0
11930.143446296326,0.0
11938.030191260876,0.0
11948.884868289684,0.0
11962.75456548255,0.0
11979.670291872502,0.0
11999.634410186965,0.0
12022.614038278929,0.0
12048.547501506391,0.0
12077.365996564875,0.0
12109.014977829735,0.0
12143.458019416557,0.0
12180.666664055401,0.0
12220.611874842522,0.0
12263.257189918968,0.0
12308.544684200706,0.0
12356.383591514677,0.0
12406.665466218945,0.0
12459.301764603275,0.0
12514.24513376423,0.0
12571.469158067344,0.0
12630.92665256472,0.0
12692.522991929178,0.0
12756.118086466011,0.0
12821.547654453507,0.0
12888.648677347868,0.0
12957.272835189924,0.0
13027.282278010418,0.0
13098.542944631361,0.0
13170.935562431223,0.0
13244.37499908893,0.0
13318.803422397363,0.0
13394.147013527587,0.0
13470.273857166405,0.0
13546.994937637295,0.0
13624.105661228969,0.0
13701.42757848487,0.0
13778.821029689321,0.0
13856.171902053626,0.0
13933.371533049063,0.0
14010.302408329364,0.0
14086.83262228692,0.0
14162.815732930449,0.0
14238.092290738778,0.0
14312.493683983197,0.0
14385.85499299947,0.0
14458.036541356782,0.0
14528.9389302969,0.0
14598.493759598927,0.0
14666.631260034561,0.0
14733.246761210763,0.0
14798.193367201085,0.0
14861.30878240014,0.0
14922.453753511943,0.0
14981.528167009365,0.0
15038.454426512351,0.0
15093.14911658579,0.0
15145.510763633827,0.0
15195.432240311895,0.0
15242.825150378374,0.0
15287.635442477691,0.0
15329.83607492517,0.0
15369.400026836896,0.0
15406.273301836522,0.0
15440.369298167954,0.0
15471.588836630071,0.0
15499.849359087071,0.0
15525.103791720108,0.0
15547.340705633107,0.0
15566.569785930582,0.0
15582.803855181273,0.0
15596.05036569847,0.0
15606.31529103916,0.0
15613.611099063892,0.0
15617.957813274637,0.0
15619.376110046429,0.0
15617.879278479093,0.0
15613.471290708385,0.0
15606.154947026298,0.0
15595.951216518744,0.0
15582.920563245185,0.0
15567.165152004745,0.0
15548.799352348364,0.0
15527.907201306145,0.0
15504.527694631039,0.0
15478.686329690245,0.0
15450.442744421887,0.0
15419.90581923323,0.0
15387.20413927848,0.0
15352.449286929828,0.0
15315.730338571306,0.0
15277.13420980612,0.0
15236.76030525925,0.0
15194.718103987938,0.0
15151.122070429315,0.0
15106.093952702113,0.0
15059.763301850344,0.0
15012.259502070461,0.0
14963.705448836707,0.0
14914.225173110524,0.0
14863.95695356371,0.0
14813.053318727814,0.0
14761.667198454885,0.0
14709.943942604072,0.0
14658.026771861563,0.0
14606.060225670333,0.0
14554.182857029738,0.0
14502.523567538497,0.0
14451.212069184576,0.0
14400.389292700655,0.0
14350.201523068214,0.0
14300.78587246912,0.0
14252.266512734697,0.0
14204.762403661767,0.0
14158.390603236448,0.0
14113.26087419954,0.0
14069.47843959254,0.0
14027.16539038916,0.0
13986.479142176742,0.0
13947.596308531827,0.0
13910.668212475946,0.0
13875.7941707096,0.0
13843.041883033471,0.0
13812.489023420805,0.0
13784.23923323795,0.0
13758.400277986811,0.0
13735.0513236706,0.0
13714.230008665772,0.0
13695.948622350976,0.0
13680.227886113733,0.0
13667.125393853605,0.0
13656.738337791847,0.0
13649.177488886002,0.0
13644.529678064584,0.0
13642.83677641384,0.0
13644.108590833164,0.0
13648.355796723588,0.0
13655.60674810592,0.0
13665.888765822894,0.0
13679.198172876539,0.0
13695.49723916956,0.0
13714.740173942679,0.0
13736.896818955534,0.0
13761.953121186347,0.0
13789.899087973177,0.0
13820.720966394747,0.0
13854.399274432095,0.0
13890.905603430505,0.0
13930.19811070551,0.0
13972.219507636255,0.0
14016.899766607621,0.0
14064.16396302422,0.0
14113.941004903332,0.0
14166.163405000127,0.0
14220.755054997164,0.0
14277.621882503594,0.0
14336.660799561392,0.0
14397.775445192756,0.0
14460.87283926874,0.0
14525.841923836266,0.0
14592.543725348929,0.0
14660.82742924152,0.0
14730.552432706563,0.0
14801.59532849254,0.0
14873.84509187543,0.0
14947.196711480346,0.0
15021.543199404547,0.0
15096.764029914682,0.0
15172.716390347492,0.0
15249.237063577379,0.0
15326.15780187339,0.0
15403.325893705005,0.0
15480.614580429585,0.0
15557.913825565172,0.0
15635.108775631592,0.0
15712.064323356451,0.0
15788.62774505132,0.0
15864.645808803123,0.0
15939.98156458166,0.0
16014.517281169776,0.0
16088.141828146609,0.0
16160.730971414363,0.0
16232.135840923407,0.0
16302.192145945615,0.0
16370.74559462453,0.0
16437.671854703203,0.0
16502.87588297563,0.0
16566.27756023398,0.0
16627.796130996456,0.0
16687.336691849334,0.0
16744.784576361693,0.0
16800.017356814384,0.0
16852.928938025703,0.0
16903.439770487097,0.0
16951.478987800983,0.0
16996.962537679767,0.0
17039.8014337595,0.0
17079.934272025926,0.0
17117.338692725058,0.0
17151.999575331363,0.0
17183.869959958156,0.0
17212.87413190379,0.0
17238.950860401237,0.0
17262.084354957813,0.0
17282.284113263402,0.0
17299.53473087336,0.0
17313.7731268271,0.0
17324.92275262664,0.0
17332.952227429603,0.0
17337.899077012138,0.0
17339.837969912835,0.0
17338.831499427095,0.0
17334.913586293587,0.0
17328.111734272436,0.0
17318.474076185095,0.0
17306.073345378303,0.0
17290.99119903076,0.0
17273.301375518084,0.0
17253.062528446895,0.0
17230.322687350017,0.0
17205.133079344097,0.0
17177.56368749425,0.0
17147.705879242872,0.0
17115.656394298618,0.0
17081.498999083924,0.0
17045.306303740934,0.0
17007.160787980836,0.0
16967.16960612189,0.0
16925.45595318195,0.0
16882.140066664626,0.0
16837.33528070695,0.0
16791.165209508363,0.0
16743.783709948697,0.0
16695.375851579647,0.0
16646.132549057504,0.0
16596.210498742796,0.0
16545.706293462037,0.0
16494.6741716014,0.0
16443.18284568563,0.0
16391.363439624765,0.0
16339.40278508674,0.0
16287.492174606707,0.0
16235.785257938647,0.0
16184.402663158517,0.0
16133.466813536932,0.0
16083.122534830924,0.0
16033.520952461675,0.0
15984.786149632324,0.0
15937.005557137472,0.0
15890.262328700752,0.0
15844.681358302389,0.0
15800.43988101808,0.0
15757.72832607645,0.0
15716.699336310074,0.0
15677.45173758971,0.0
15640.057148747559,0.0
15604.597456502042,0.0
15571.177415631115,0.0
15539.907692064144,0.0
15510.886613244767,0.0
15484.20588904093,0.0
15459.968631718015,0.0
15438.287576043216,0.0
15419.25799719552,0.0
15402.933947647378,0.0
15389.332644999049,0.0
15378.462191884395,0.0
15370.348851138251,0.0
15365.046282715492,0.0
15362.623787115372,0.0
15363.144404290464,0.0
15366.648957509831,0.0
15373.15415098316,0.0
15382.659983389702,0.0
15395.156998722245,0.0
15410.632343515157,0.0
15429.077502670438,0.0
15450.492096794269,0.0
15474.874159728752,0.0
15502.20156836277,0.0
15532.42611574096,0.0
15565.492266192985,0.0
15601.363311308416,0.0
15640.02477595047,0.0
15681.459557449909,0.0
15725.620277694203,0.0
15772.424837437318,0.0
15821.77275080265,0.0
15873.562608772703,0.0
15927.696790652208,0.0
15984.075948515336,0.0
16042.593607908986,0.0
16103.140623309968,0.0
16165.620615630643,0.0
16229.962053281479,0.0
16296.106709101256,0.0
16363.97240798508,0.0
16433.418142052557,0.0
16504.24654831706,0.0
16576.24898703051,0.0
16649.26060869611,0.0
16723.182961456503,0.0
16797.96068155682,0.0
16873.535647970624,0.0
16949.810966230925,0.0
17026.63852588365,0.0
17103.829474399194,0.0
17181.183716146712,0.0
17258.526138020978,0.0
17335.725344944323,0.0
17412.67983828428,0.0
17489.284645091175,0.0
17565.408704580863,0.0
17640.90186940993,0.0
17715.62177131649,0.0
17789.451731829577,0.0
17862.288902093507,0.0
17934.012105196092,0.0
18004.463354280022,0.0
18073.468128276516,0.0
18140.87964616335,0.0
18206.6032895814,0.0
18270.576803957978,0.0
18332.728794204148,0.0
18392.955734363866,0.0
18451.129796765395,0.0
18507.11814944945,0.0
18560.79512028077,0.0
18612.046660962904,0.0
18660.77345730896,0.0
18706.89223389904,0.0
18750.332912021975,0.0
18791.03553380326,0.0
18828.95393787732,0.0
18864.063672622015,0.0
18896.362102716797,0.0
18925.851733466494,0.0
18952.515700527667,0.0
18976.306702260823,0.0
18997.16109538626,0.0
19015.02523618284,0.0
19029.869866517856,0.0
19041.68572130882,0.0
19050.476785473733,0.0
19056.263331451002,0.0
19059.082695493504,0.0
19058.973970613508,0.0
19055.960236806088,0.0
19050.05319187153,0.0
19041.27884375482,0.0
19029.69444019677,0.0
19015.375986883908,0.0
18998.38843577621,0.0
18978.768323574055,0.0
18956.535153853994,0.0
18931.72314180696,0.0
18904.40909674028,0.0
18874.7154909301,0.0
18842.786621517887,0.0
18808.758614566552,0.0
18772.74896184469,0.0
18734.86968232676,0.0
18695.24181397812,0.0
18653.98822787427,0.0
18611.21207647481,0.0
18566.990927357816,0.0
