1156.0351931379184,0.0
1219.599283330695,0.0
1284.45158005069,0.0
1351.4516382273225,0.0
1416.5431234934376,0.0
1466.9218383184195,0.0
1482.5639780152014,0.0
1446.7559808823908,0.0
1363.1801891994583,0.0
1267.164383380761,0.0
1215.598237762145,0.0
1255.3804746339595,0.0
1393.9247083122573,0.0
1597.7276117579509,0.0
1818.0918379361901,0.0
2018.0519151945114,0.0
2180.172025636076,0.0
2298.6211650102996,0.0
2370.7085035530263,0.0
2395.9792655952015,0.0
2380.00149402307,0.0
2336.0026953756487,0.0
2280.3596725835387,0.0
2223.942464093152,0.0
2166.0681952635205,0.0
2097.0280540067847,0.0
2008.1147215668148,0.0
1901.118486933672,0.0
1789.7617834811697,0.0
1692.710955514995,0.0
1624.4114086541217,0.0
1590.3173642616384,0.0
1588.1790441404746,0.0
1612.3905806359803,0.0
1657.5082739350537,0.0
1719.3304616169598,0.0
1794.4142432511517,0.0
1879.5232180427486,0.0
1971.3816904755802,0.0
2066.0739902329237,0.0
2157.8623738976826,0.0
2238.4388088355336,0.0
2298.315003860405,0.0
2330.982343263159,0.0
2337.565764201241,0.0
2326.9804149195375,0.0
2308.9305463386627,0.0
2284.452120540211,0.0
2243.0439831164604,0.0
2170.3618083450483,0.0
2060.5860947883884,0.0
1923.4327387695878,0.0
1780.9085892236353,0.0
1657.4204313434243,0.0
1570.7493424140014,0.0
1528.5426128655693,0.0
1529.6430357334082,0.0
1567.0269675189872,0.0
1630.227257257391,0.0
1707.4533110537157,0.0
1788.3341992058029,0.0
1866.858263427411,0.0
1942.6844176868208,0.0
2019.3914659688753,0.0
2100.079046299266,0.0
2182.6385247237317,0.0
2257.910839561711,0.0
2312.8500653508777,0.0
2337.3608911240085,0.0
2329.7033841524576,0.0
2295.5441586509232,0.0
2241.4717942105053,0.0
2169.5491464920206,0.0
2078.5471656235923,0.0
1970.527301662878,0.0
1855.9173280896239,0.0
1751.6638817072765,0.0
1673.6537523886393,0.0
1629.5312760889417,0.0
1616.9180410566219,0.0
1627.0350940868711,0.0
1650.3137702157405,0.0
1680.8803722608386,0.0
1718.6201280254488,0.0
1768.6684444312673,0.0
1838.5035041781466,0.0
1933.0413056758653,0.0
2049.2062296388117,0.0
2172.8670352757895,0.0
2281.316139815392,0.0
2351.84417812174,0.0
2372.514360342057,0.0
2348.58216116027,0.0
2299.815372080949,0.0
2249.12679171356,0.0
2208.821884374261,0.0
2173.7431877650783,0.0
2127.0407361250623,0.0
2054.7534557553804,0.0
1957.8012016793537,0.0
1852.3326667438341,0.0
1759.5961923275095,0.0
1694.4300145013733,0.0
1660.4038993963275,0.0
1652.7213642065126,0.0
1664.4408854101735,0.0
1691.111759258226,0.0
1731.8853222052737,0.0
1787.910434411522,0.0
1859.8227664270642,0.0
1945.6418844964435,0.0
2039.7403633250083,0.0
2133.191318716433,0.0
2215.5030691889565,0.0
2277.2574464711024,0.0
2312.8036768429715,0.0
2321.9349147730754,0.0
2309.414277835977,0.0
2281.5908479419813,0.0
2241.372268814603,0.0
2185.4561077232606,0.0
2107.4630678911235,0.0
2005.764903979763,0.0
1889.550409144451,0.0
1777.1767060368004,0.0
1687.4721733176182,0.0
1630.868647008808,0.0
1606.8142771576934,0.0
1607.7639387705447,0.0
1625.0081085927854,0.0
1652.2672026356784,0.0
1686.8706932508064,0.0
1729.977935538168,0.0
1785.8826600877262,0.0
1859.4147981853646,0.0
1951.7907577955707,0.0
2057.0955766951515,0.0
2161.904123678418,0.0
2249.151047609591,0.0
2304.988795592284,0.0
2324.9416754143226,0.0
2314.921455022768,0.0
2285.447058998537,0.0
2242.9433015741115,0.0
2185.2578390226,0.0
2105.4931272920076,0.0
2000.9990705960445,0.0
1879.7824658376671,0.0
1759.0234912008941,0.0
1657.3562630686192,0.0
1587.2174380185356,0.0
1552.104457754347,0.0
1548.6081188152627,0.0
1570.0229012774862,0.0
1609.1361623627138,0.0
1659.8243355632992,0.0
1717.9323412775527,0.0
1781.6051895194119,0.0
1850.7826073075414,0.0
1925.6084716183268,0.0
2004.0878446615488,0.0
2080.076957255783,0.0
2143.3845610000644,0.0
2183.2297950507295,0.0
2193.843007993041,0.0
2178.1858448490007,0.0
2145.987586627273,0.0
2106.6553884218833,0.0
2062.367534523659,0.0
2007.1684416005173,0.0
1933.3523679120449,0.0
1840.314813862566,0.0
1738.5217193597273,0.0
1645.190399374505,0.0
1575.452429318969,0.0
1536.1588728989673,0.0
1525.983184223988,0.0
1539.5368147479141,0.0
1571.222067951498,0.0
1617.1088022798212,0.0
1675.6107014508643,0.0
1747.2397461127573,0.0
1832.6135466264316,0.0
1929.0662706813248,0.0
2028.3753149643596,0.0
2117.8327836066837,0.0
2184.2544219262863,0.0
2218.620510251287,0.0
2219.3096848365035,0.0
2192.588120832612,0.0
2149.458446288696,0.0
2099.5108451496953,0.0
2045.2089042514192,0.0
1981.107172429987,0.0
1899.5697659857149,0.0
1799.346194272515,0.0
1690.3489206581735,0.0
1590.4936303782836,0.0
1516.750083462251,0.0
1477.1859196791606,0.0
1469.453849173408,0.0
1485.4983441380753,0.0
1517.748315684478,0.0
1562.254266209249,0.0
1617.96196129199,0.0
1684.4717911635316,0.0
1760.53382566164,0.0
1843.408689200769,0.0
1928.247735529256,0.0
2007.6308254274343,0.0
2072.586900098177,0.0
2115.766805462589,0.0
2135.112241334237,0.0
2134.571746430676,0.0
2119.9049818169615,0.0
2092.2540655162366,0.0
2045.4972712333342,0.0
1970.9646418750626,0.0
1866.408702023494,0.0
1741.7960338276355,0.0
1616.9162610045187,0.0
1512.7234421269784,0.0
1442.955355917608,0.0
1411.0885535456944,0.0
1412.5875310616927,0.0
1439.0453588376208,0.0
1481.4431374777487,0.0
1532.0777324446613,0.0
1585.893273632646,0.0
1641.4237250929586,0.0
1700.615301476535,0.0
1766.8231630612481,0.0
1841.3058132514377,0.0
1920.1436131277496,0.0
1994.1573674667613,0.0
2052.682686375204,0.0
2088.710192195195,0.0
2101.241940709977,0.0
2093.035996935482,0.0
2066.058628802866,0.0
2018.9122186360771,0.0
1948.7605726064503,0.0
1856.4389711062997,0.0
1750.4000001065958,0.0
1645.6057956742243,0.0
1557.835101477996,0.0
1498.0147758078147,0.0
1470.3005988114867,0.0
1473.3285473826343,0.0
1501.9950386988435,0.0
1549.0309238259554,0.0
1607.4276291849042,0.0
1673.3231324001044,0.0
1746.9905854980227,0.0
1830.352881966291,0.0
1922.603741582705,0.0
2017.3064811847535,0.0
2103.1788006543165,0.0
2168.1613537429757,0.0
2204.5136296922383,0.0
2212.1414182872313,0.0
2197.999633993188,0.0
2171.22017063281,0.0
2136.472836312488,0.0
2090.2503353577813,0.0
2023.620388218718,0.0
1930.3057568206636,0.0
1814.3285595640205,0.0
1691.3325838911787,0.0
1582.5244982976335,0.0
1505.71337405436,0.0
1469.3424751966998,0.0
1471.9644808470396,0.0
1505.4547918047267,0.0
1559.10610672167,0.0
1623.258110013924,0.0
1692.1103056649843,0.0
1764.6874726618512,0.0
1842.8400812763487,0.0
1927.199557796298,0.0
2013.9240613564573,0.0
2094.377947672931,0.0
2157.6001864736545,0.0
2194.353943754267,0.0
2201.2866537124714,0.0
2182.7947800784873,0.0
2148.0983325284737,0.0
2104.3226063050374,0.0
2050.7827849470023,0.0
1979.95656483267,0.0
1885.30799980917,0.0
1769.9625863878198,0.0
1648.906269893349,0.0
1542.674053153309,0.0
1467.6016624962876,0.0
1429.9858776193694,0.0
1426.9684916752553,0.0
1451.1302017575085,0.0
1494.4967403734674,0.0
1550.6664671973783,0.0
1616.1079314946476,0.0
1690.7387436215372,0.0
1776.383442852237,0.0
1872.9426398435728,0.0
1974.8725866544955,0.0
2070.9668959471855,0.0
2147.842437170098,0.0
2194.910402676919,0.0
2208.143081132147,0.0
2190.8767382572587,0.0
2150.9933851337487,0.0
2095.691880948531,0.0
2027.2601615352066,0.0
1943.4032831621769,0.0
1842.1252092248485,0.0
1727.1962353454057,0.0
1609.8211664749072,0.0
1505.5753384202765,0.0
1429.0501707595017,0.0
1389.3835786673224,0.0
1388.204826487892,0.0
1420.098240593307,0.0
1475.2570701012628,0.0
1543.6843677746092,0.0
1619.206194843648,0.0
1700.9456055966693,0.0
1791.1328349112262,0.0
1890.4836730657948,0.0
1994.0721821711302,0.0
2090.4556150295,0.0
2165.0407014850175,0.0
2206.287304909864,0.0
2211.2790152458915,0.0
2186.7963763230114,0.0
2144.345046880177,0.0
2092.0853369478527,0.0
2029.6924906104105,0.0
1950.6343441853837,0.0
1850.3177061300426,0.0
1733.3398036497824,0.0
1613.9584814317413,0.0
1510.0942917058535,0.0
1436.1217389712938,0.0
1399.0172091600862,0.0
1398.384046033899,0.0
1428.4488576461717,0.0
1480.6297878565026,0.0
1546.4095372872257,0.0
1620.0503898911695,0.0
1699.9485294651909,0.0
1787.5998900395662,0.0
1884.4022445542744,0.0
1987.894213108767,0.0
2089.797461200066,0.0
2177.3606197591976,0.0
2237.505290655827,0.0
2261.587711574493,0.0
2248.4147992543462,0.0
2203.7596035613897,0.0
2136.0067416255383,0.0
2050.417184652876,0.0
1947.0663638871547,0.0
1825.4142890265327,0.0
1691.7128002344393,0.0
1561.6282931211808,0.0
1454.8981671992242,0.0
1386.456865474498,0.0
1360.8104376283056,0.0
1372.5060634490476,0.0
1410.7729225902642,0.0
1464.6902545819105,0.0
1526.4013130909675,0.0
1591.9609744021895,0.0
1660.6919029116857,0.0
1733.7748348347293,0.0
1812.2309782424868,0.0
1894.6427710728583,0.0
1975.8590851422935,0.0
2047.8504429931788,0.0
2102.481134188591,0.0
2134.5189827117338,0.0
2142.719348216548,0.0
2127.768519064932,0.0
2088.4256589660768,0.0
2019.803759012877,0.0
1916.934120298848,0.0
1781.9975157188592,0.0
1629.2663941739402,0.0
1482.6508649247594,0.0
1366.5547585780287,0.0
1296.1859511550488,0.0
1273.5472799131476,0.0
1290.3868433192758,0.0
1334.3626036732478,0.0
1394.0238808963463,0.0
1461.1829178889113,0.0
1531.6875724201543,0.0
1605.3007016437386,0.0
1684.2398222329127,0.0
1770.2597684941811,0.0
1861.5859837489272,0.0
1951.6795367726202,0.0
2030.9777122161543,0.0
2090.7947082961937,0.0
2126.848354154483,0.0
2139.6175367103315,0.0
2130.7365346059764,0.0
2098.1458083560324,0.0
2034.9171124970212,0.0
1934.4900846210483,0.0
1799.208721234244,0.0
1645.1506036675596,0.0
1498.4718926846353,0.0
1385.0670706666926,0.0
1320.455241522826,0.0
1306.1629597789452,0.0
1333.4962195902492,0.0
1390.451999616191,0.0
1466.8379855963228,0.0
1555.8086231070113,0.0
1653.0155204335422,0.0
1755.1379261970123,0.0
1858.7117015993454,0.0
1959.5223468148029,0.0
2052.606405761234,0.0
2132.6336360814566,0.0
2194.519360733759,0.0
2234.3579787029907,0.0
2250.535339367651,0.0
2243.959208969774,0.0
2216.1613930618537,0.0
2166.0734665686473,0.0
2089.0072585576413,0.0
1980.8486829818125,0.0
1845.4153080592648,0.0
1698.5448311964317,0.0
1564.1713801041587,0.0
1464.2674010836006,0.0
1409.5567176763896,0.0
1397.1313875939493,0.0
1415.6261796185172,0.0
1453.135897844074,0.0
1502.0708990978414,0.0
1559.2591846592518,0.0
1624.0429377752735,0.0
1697.1324125481942,0.0
1779.8494569025045,0.0
1872.18343530439,0.0
1970.212746804224,0.0
2065.319062585095,0.0
2146.513640577661,0.0
2204.53155393892,0.0
2234.935222772229,0.0
2238.093885104774,0.0
2215.9010128045757,0.0
2167.646628395038,0.0
2088.9698187785243,0.0
1976.2189677497838,0.0
1833.74226900599,0.0
1677.9152042587737,0.0
1533.423121793096,0.0
1423.5450312177913,0.0
1360.9685833524065,0.0
1344.8057121341906,0.0
1364.4696026735535,0.0
1406.7326030169797,0.0
1461.516209926599,0.0
1524.1871004604336,0.0
1594.6721950934327,0.0
1674.790715575774,0.0
1765.1370217923904,0.0
1862.737919724112,0.0
1960.5332421863357,0.0
2048.896999218637,0.0
2118.331758665165,0.0
2162.119638345127,0.0
2177.991106858517,0.0
2168.030178302788,0.0
2136.1451026086233,0.0
2084.0206047271404,0.0
2008.9662636756377,0.0
1906.9704224115144,0.0
1779.7836332514892,0.0
1640.1131667870034,0.0
1509.6292485471224,0.0
1410.3952760441523,0.0
1355.7553721257716,0.0
1346.654982622124,0.0
1374.468534606153,0.0
1426.8230914982687,0.0
1492.4507247293795,0.0
1563.656823590679,0.0
1636.928250645145,0.0
1712.1966741343085,0.0
1790.8650378653986,0.0
1873.1183295835167,0.0
1955.7216559822216,0.0
2031.5300720084626,0.0
2091.2534793954947,0.0
2127.0508871724132,0.0
2136.27808082331,0.0
2122.726309101174,0.0
2093.494438462536,0.0
2052.897275357338,0.0
1998.1350608911537,0.0
1921.2246220299376,0.0
1816.9041219164665,0.0
1690.6500023645417,0.0
1559.9632679369556,0.0
1447.3282933808575,0.0
1370.1563782253554,0.0
1334.9451718229802,0.0
1338.2547560728083,0.0
1371.47483681444,0.0
1425.166178013183,0.0
1491.5027181122875,0.0
1565.5490845113943,0.0
1645.7036008313485,0.0
1732.5977208132458,0.0
1826.3049899648793,0.0
1923.3016751814744,0.0
2015.239583821608,0.0
2090.547692569388,0.0
2138.3388319555065,0.0
2152.842139862927,0.0
2135.8027419934187,0.0
2094.449710935463,0.0
2035.3741170073358,0.0
1958.8920851708879,0.0
1859.778457169743,0.0
1735.3146747340222,0.0
1593.970315622209,0.0
1456.184813903566,0.0
1345.79733659875,0.0
1279.1981818283389,0.0
1260.1080904116043,0.0
1281.483482817072,0.0
1330.7799430223222,0.0
1394.9821703421992,0.0
1464.2249636575432,0.0
1533.705347043945,0.0
1603.427031713508,0.0
1675.8034343344777,0.0
1752.406802708975,0.0
1831.7052419186737,0.0
1908.8805833670951,0.0
1977.2660057901655,0.0
2030.189917984983,0.0
2062.4631798766745,0.0
2071.150451427665,0.0
2054.921249460162,0.0
2011.916035113197,0.0
1938.3821698087988,0.0
1831.0949097424011,0.0
1693.147473966535,0.0
1538.3125468305286,0.0
1389.2457942791198,0.0
1269.7340851191884,0.0
1195.915748400712,0.0
1171.705670473507,0.0
1190.1434438823626,0.0
1238.566545368306,0.0
1303.9405316311033,0.0
1375.982867046376,0.0
1448.305982774033,0.0
1518.846108751703,0.0
1589.5436097199924,0.0
1664.0471923022044,0.0
1743.587841224947,0.0
1823.6083937812643,0.0
1894.217566057695,0.0
1944.931106453711,0.0
1970.4186212049347,0.0
1972.3214477214083,0.0
1954.9782129939529,0.0
1918.6333934516574,0.0
1857.0651948490085,0.0
1763.3630432300697,0.0
1639.7856552314904,0.0
1502.8818694190102,0.0
1378.6556641396494,0.0
1291.0770711915038,0.0
1252.2756082522217,0.0
1260.2540594929028,0.0
1304.0102175828279,0.0
1371.644686107489,0.0
1456.2925065189042,0.0
1556.4837757328803,0.0
1671.2528551688968,0.0
1794.40665972575,0.0
1913.7235234507293,0.0
2016.5297150054087,0.0
2096.4089869463764,0.0
2154.236343285573,0.0
2193.0940216450244,0.0
2213.128707893497,0.0
2211.371477936577,0.0
2185.037518054114,0.0
2133.4172621130047,0.0
2056.680428655841,1.0
1954.5666561532041,0.0
1827.9339199393205,0.0
1682.2881412971435,0.0
1529.2632069039348,0.0
1383.6884428241099,0.0
1258.3890574597174,0.0
1161.8787367257278,0.0
1101.0945838291805,0.0
1084.3489091115528,0.0
1117.8072450256907,0.0
1197.2523481481417,0.0
1305.4311114794937,0.0
1420.668425212627,0.0
1529.2099171772145,0.0
1629.67204072493,0.0
1727.1500764542131,0.0
1824.2045543265917,0.0
1916.150261059984,0.0
1992.6986051971967,0.0
2043.7292131242477,0.0
2065.066185775242,0.0
2059.934665935216,0.0
2034.5031106626254,0.0
1990.9380813532496,0.0
1924.6731152209313,0.0
1829.3511887281056,0.0
1705.910434560291,0.0
1568.0445395293798,0.0
1438.9079513599397,0.0
1341.0296721502923,0.0
1286.6305419891357,0.0
1274.6157336886613,0.0
1294.782214784543,0.0
1334.8037794590937,0.0
1385.3540175580004,0.0
1441.9169888193817,0.0
1504.3142724081508,0.0
1575.0303543268278,0.0
1656.559267447437,0.0
1748.265396681716,0.0
1844.2617360795302,0.0
1933.944003296547,0.0
2005.3425208057756,0.0
2049.631375546023,0.0
2064.170147225672,0.0
2051.9236443783466,0.0
2017.2664327494729,0.0
1961.2449257862665,0.0
1880.7354398074185,0.0
1773.2375371875776,0.0
1643.8029274479147,0.0
1507.884350962173,0.0
1386.8686662273888,0.0
1299.1680309422748,0.0
1253.1852286871103,0.0
1246.382628799067,0.0
1269.4881900611788,0.0
1311.6842227009724,0.0
1363.799054724298,0.0
1419.703060427424,0.0
1477.1801076955442,0.0
1538.027149122834,0.0
1606.12048786245,0.0
1683.605784393333,0.0
1767.4378883773995,0.0
1848.7309652962806,0.0
1915.5519585685677,0.0
1957.7847420028843,0.0
1971.4937554383812,0.0
1960.018442417212,0.0
1930.5045655764995,0.0
1887.8533004346568,0.0
1830.8133558005816,0.0
1753.9286599027496,0.0
1654.3238068323765,0.0
1537.9384651717432,0.0
1419.979738158677,0.0
1319.130867154452,0.0
1250.0040860071529,0.0
1219.0085948514325,0.0
1225.0654357712476,0.0
1262.5613582305061,0.0
1323.6217109264726,0.0
1399.400970752249,0.0
1481.7835205329154,0.0
1565.5655154671317,0.0
1649.3787868598995,0.0
1734.0317674605815,0.0
1818.8901758124107,0.0
1898.5946266588808,0.0
1962.7990808607165,0.0
2000.3126604388985,0.0
2005.549477815856,0.0
1982.0599674352013,0.0
1939.1671139542827,0.0
1883.7229586663057,0.0
1814.121250446087,0.0
1722.5382263819195,0.0
1604.3374427089825,0.0
1466.917592442452,0.0
1330.2228841239357,0.0
1218.1791618550728,0.0
1147.9297768900453,0.0
1124.4600105309873,0.0
1142.215731587934,0.0
1189.8260997489613,0.0
1254.257427556977,0.0
1324.024835273368,0.0
1392.1425061676368,0.0
1457.7786452910852,0.0
1524.8192239573384,0.0
1597.5749479201204,0.0
1676.309834473813,0.0
1755.5111299160349,0.0
1825.7437218687562,0.0
1877.7123591333677,0.0
1906.0084914834697,0.0
1910.0202904336522,0.0
1890.997072781571,0.0
1847.5713009790868,0.0
1774.5609784147216,0.0
1667.8068209839703,0.0
1531.8309327641443,0.0
1383.4454308349086,0.0
1247.4357622497764,0.0
1147.0057917547663,0.0
1095.2667807786459,0.0
1092.3015143182615,0.0
1128.0602267130398,0.0
1188.2191236117073,0.0
1259.629823897341,0.0
1333.3914049856505,0.0
1405.4756679518584,0.0
1475.7710557535434,0.0
1546.3408131741153,0.0
1619.2697106934227,0.0
1694.4337927172874,0.0
1768.0409683268683,0.0
1833.1699214928158,0.0
1882.6033440195497,0.0
1912.127038128604,0.0
1921.2901094041824,0.0
1910.4158675571273,0.0
1876.5245849628911,0.0
1812.884755509451,0.0
1714.2987560327197,0.0
1584.7807052660605,0.0
1441.2283040119341,0.0
1309.1377240083655,0.0
1212.5256240627334,0.0
1164.6025416422967,0.0
1164.7280074904895,0.0
1202.1210287224017,0.0
1262.3996836954366,0.0
1332.8030275820672,0.0
1404.6283060217827,0.0
1473.818481468546,0.0
1540.7000296536798,0.0
1608.6947973285573,0.0
1681.439316018101,0.0
1758.8954385277627,0.0
1834.8104832178585,0.0
1898.0929359197478,0.0
1938.197248869815,0.0
1950.8784151175057,0.0
1939.474413318943,0.0
1910.298896842936,0.0
1866.0376400352732,0.0
1803.0553685101595,0.0
1715.4050790874792,0.0
1602.710975837089,0.0
1475.7034241818476,0.0
1354.5450947568731,0.0
1260.4447430235368,0.0
1206.2567221034694,0.0
1192.3451287431535,0.0
1209.5612899564344,0.0
1245.8630584046732,0.0
1291.7599533690586,0.0
1342.466481547335,0.0
1397.650493152764,0.0
1460.0434103126963,0.0
1533.1081556788793,0.0
1617.894784467136,0.0
1710.3302492556272,0.0
1800.7051773768737,0.0
1876.157118621102,0.0
1925.2416885724592,0.0
1942.2698088871255,0.0
1928.6449113479443,0.0
1889.7024777097115,0.0
1829.069025714604,0.0
1745.6662276234756,0.0
1637.1135847417042,0.0
1507.1397489646363,0.0
1369.927998786457,0.0
1246.6324268687813,0.0
1156.4184309000054,0.0
1108.7849240571666,0.0
1101.8931274748054,0.0
1126.362760313433,0.0
1170.7064363536615,0.0
1225.3270150837561,0.0
1284.4205496727482,0.0
1346.3178371532174,0.0
1412.3976646341796,0.0
1484.6239541235627,0.0
1562.6499589714551,0.0
1642.0717827726105,0.0
1714.9413612894552,0.0
1772.4096992854948,0.0
1808.1230134169618,0.0
1820.301216882371,0.0
1810.9179767820024,0.0
1782.2104512877665,0.0
1733.1137572416694,0.0
1659.1282324903623,0.0
1557.0077645356967,0.0
1431.3119184152076,0.0
1297.2981450730022,0.0
1176.9067558486358,0.0
1090.0433769720998,0.0
1046.9781838739548,0.0
1046.3488931294169,0.0
1078.707408028761,0.0
1132.1038881486868,0.0
1196.2348076904495,0.0
1264.1285147589167,0.0
1332.3204375634614,0.0
1400.3330879696616,0.0
1469.2423978861864,0.0
1539.2050850686794,0.0
1607.2749457121508,0.0
1667.375262033372,0.0
1712.7249436057684,0.0
1738.9729837532602,0.0
1745.8439359820266,0.0
1736.0616029919834,0.0
1711.9950635705432,0.0
1672.3800499920198,0.0
1612.2176717950258,0.0
1526.9717701512052,0.0
1418.486556000182,0.0
1297.9800866388957,0.0
1183.2780994597053,0.0
1091.905727963399,0.0
1034.8603602410005,0.0
1014.8987002984406,0.0
1028.867858475007,0.0
1070.602167506965,0.0
1132.2651637863994,0.0
1205.2926960679283,0.0
1282.5650997481273,0.0
1360.5669619029227,0.0
1438.7920548011118,0.0
1516.2890134968238,0.0
1588.6514627516674,0.0
1648.4770056031764,0.0
1688.8440128047428,0.0
1706.6973435856212,0.0
1703.6739779288087,0.0
1684.1487924890798,0.0
1651.7950616310725,0.0
1606.532212827786,0.0
1544.0775056994216,0.0
1459.491403151994,0.0
1353.11073223841,0.0
1234.4676770841863,0.0
1120.6913890294773,0.0
1030.2306820233446,0.0
976.1698948479356,0.0
962.9843888472096,0.0
987.2820751878669,0.0
1040.4845433733462,0.0
1111.5186868356152,0.0
1189.3149897936346,0.0
1265.5646839950587,0.0
1336.9115513069141,0.0
1404.6271825174342,0.0
1471.2376282251182,0.0
1536.4790296143424,0.0
1595.8417786830835,0.0
1642.628112578279,0.0
1671.4472245773404,0.0
1680.3656562767765,0.0
1670.4483036220242,0.0
1643.2482305970118,0.0
1597.9922557571515,0.0
1530.826846878184,0.0
1437.7973675765907,0.0
1320.3836255645456,0.0
1189.4741585311747,0.0
1063.9308825157318,0.0
963.9839917279844,0.0
903.7219516210037,0.0
887.2180722811236,0.0
909.53640111306,0.0
960.3991292095662,0.0
1027.7901129632473,0.0
1100.7245410350688,0.0
1171.7370260619687,0.0
1238.693785591495,0.0
1304.1570243102424,0.0
1371.6697135702614,0.0
1441.2625050999466,0.0
1507.7070373928818,0.0
1562.7814802005767,0.0
1599.5814425343065,0.0
1615.684161966702,0.0
1612.8909656278777,0.0
1593.4928021274397,0.0
1555.9749926940578,0.0
1494.6233414199348,0.0
1404.8654843551044,0.0
1290.541558475904,0.0
1166.576219514047,0.0
1054.1697408544496,0.0
971.9642884078215,0.0
929.4601250458862,0.0
926.1815896310973,0.0
955.1964268091346,0.0
1007.2372856579585,0.0
1073.0753947042374,0.0
1144.700573713334,0.0
1216.7234508574804,0.0
1287.6552190810332,0.0
1359.1587739633078,0.0
1432.8143751072864,0.0
1506.735537913737,0.0
1574.8386947110332,0.0
1629.2581325514407,0.0
1664.1129461589703,0.0
1678.0770597420758,0.0
1673.62923698715,0.0
1652.7643943929777,0.0
1612.3520619662852,0.0
1544.0672829540292,0.0
1440.491079418861,0.0
1302.934526555037,0.0
1144.4739076393132,0.0
985.9712319286928,0.0
848.4833189804394,0.0
746.9113022160452,0.0
687.3827976761052,0.0
668.0912786741026,0.0
682.0809262317279,0.0
720.419672053016,0.0
774.6664747702533,0.0
838.0771167782337,0.0
905.525229603689,0.0
972.7624636146599,0.0
1036.0376380819616,0.0
1092.5884489292816,0.0
1141.483275737321,0.0
1183.9517853722302,0.0
1222.8984167476092,0.0
1261.5809966840525,0.0
1301.1967795607616,0.0
1337.6114208517283,0.0
1359.2899638855872,0.0
1349.520480430204,0.0
1293.895463270913,0.0
1189.4352049545034,0.0
1049.0688978023911,0.0
897.83821827909,0.0
763.1116857223665,0.0
664.8955247652791,0.0
611.1940436246441,0.0
599.282586762289,0.0
620.3721399184169,0.0
664.3045606047682,0.0
722.2879851482114,0.0
787.6787494748557,0.0
855.7872095677325,0.0
923.3421521698136,0.0
987.8020679058752,0.0
1046.9567058976277,0.0
1099.3826767947444,0.0
1145.4097457281057,0.0
1187.3413746849915,0.0
1228.0097233066645,0.0
1267.9813380843918,0.0
1302.6702869905275,0.0
1321.2127493029184,0.0
1308.9262336765285,0.0
1253.6573116182085,0.0
1153.2619164498822,0.0
1019.4287719182266,0.0
874.7654801650255,0.0
744.6769264339455,0.0
648.9475966408032,0.0
597.2400257240071,0.0
589.2254716638064,0.0
617.3027676441956,0.0
669.858303506021,0.0
734.5695258500299,0.0
801.6994574950932,0.0
866.2105777928614,0.0
927.0874738839751,0.0
984.2928268776478,0.0
1036.267651913833,0.0
1080.4609540448773,0.0
1116.0042738636641,0.0
1145.330815315706,0.0
1172.6479447312631,0.0
1200.1241478799247,0.0
1224.3993703818307,0.0
1235.907422700939,0.0
1222.070241136538,0.0
1173.1642403597277,0.0
1087.7157665619388,0.0
974.4586853348469,0.0
850.080408769091,0.0
734.2288024827034,0.0
644.0600891654315,0.0
590.3202422488915,0.0
575.9820341273802,0.0
597.120132374662,0.0
644.9995609777809,1.0
708.815590246976,1.0
778.6047236402075,0.0
847.1799399514483,0.0
909.579198816994,0.0
960.1914289150135,0.0
990.7323772213786,0.0
993.3953212894196,0.0
969.5478217607418,0.0
936.7426303714572,0.0
923.8943143871662,0.0
953.4773579706797,0.0
1023.7986577969323,0.0
1106.8690765030128,0.0
1163.6557452379836,0.0
1164.2829803051152,0.0
1100.2593589148337,0.0
985.01522733321,0.0
846.1993603237852,0.0
714.8043158049923,0.0
615.479982448796,0.0
561.0597756156627,0.0
552.1888115847279,0.0
580.7673228654817,0.0
634.7908885602267,0.0
702.5434768539595,0.0
774.9667309620827,0.0
846.0040085740566,0.0
911.7708116992635,0.0
969.7906730276753,0.0
1018.919069000088,0.0
1059.6583323473913,0.0
1094.262689155527,0.0
1126.284967918298,0.0
1159.298458994345,0.0
1194.4955388666801,0.0
1227.5783108341045,0.0
1246.960307066978,0.0
1236.0976160893251,0.0
1180.7686440817483,0.0
1077.9570750650078,0.0
940.3772519388772,0.0
792.9129615001914,0.0
662.9633214983759,0.0
570.769478155755,0.0
524.7570695633902,0.0
522.5251907093751,0.0
554.800006407485,0.0
609.6253839019007,0.0
675.6860558526039,0.0
744.57566177045,0.0
811.715568438797,0.0
875.5756884213125,0.0
935.6929408854079,0.0
990.9822053259934,0.0
1039.7554646017193,0.0
1081.4006596947768,0.0
1117.9837467395057,0.0
1153.5875316308923,0.0
1190.6529383271293,0.0
1225.2752363460258,0.0
1245.220106629209,0.0
1233.4955288348342,0.0
1176.7335423276934,0.0
1073.757473893391,0.0
938.733856016085,0.0
796.5841186146793,0.0
673.5636763650307,0.0
588.6201248801449,0.0
549.3750023111257,0.0
552.8680405844951,0.0
589.0802500010363,0.0
645.3481579369566,0.0
710.4136185630294,0.0
776.9398692762438,0.0
841.6733059734029,0.0
903.6712111299967,0.0
962.2974241794915,0.0
1016.5833679683525,0.0
1065.9708138299457,0.0
1111.1242271406115,0.0
1153.7596771554738,0.0
1195.440163497483,0.0
1235.5493544804388,0.0
1268.7835800216405,0.0
1283.7523411815785,0.0
1265.350527459178,0.0
1201.6762299995905,0.0
1092.0178766593258,0.0
950.2228350785109,0.0
800.5693598676952,0.0
668.7483367451817,0.0
573.5745653162388,0.0
523.3155911671628,0.0
516.5936506584618,0.0
545.5815335026925,0.0
599.629641950966,0.0
668.4810882735463,0.0
744.2798695117101,0.0
821.553174316524,0.0
895.6968693477728,0.0
961.9699758317679,0.0
1016.429436748717,0.0
1057.9775457748485,0.0
1089.3505867351198,0.0
1115.8255480662665,0.0
1142.197018817279,0.0
1169.365506013449,0.0
1191.8247824400412,0.0
1197.4162490623144,0.0
1170.677507250272,0.0
1099.6053071530562,0.0
982.8919086890596,0.0
833.1898416505674,0.0
673.8812059554485,0.0
531.0877408196407,0.0
425.46949167693157,0.0
367.43024529786095,0.0
356.3858233338598,0.0
382.9754542212326,0.0
433.1475427983586,0.0
493.01593744967886,0.0
552.6977290278084,0.0
607.395908115476,0.0
655.7093920684739,0.0
697.1616459169693,0.0
731.1318772019885,0.0
757.6164348989821,0.0
778.4556436783454,0.0
797.40727998617,0.0
818.4433949824239,0.0
842.7912270188497,0.0
866.1135682322462,0.0
877.8347287014541,0.0
864.2486762990118,0.0
814.9154464695542,0.0
729.0073684310971,0.0
617.5057374906227,0.0
499.8032476259603,0.0
396.98744551231164,0.0
325.5097763779789,0.0
293.5976002698982,0.0
300.7422117276334,0.0
339.4626909445021,0.0
398.3422353872229,0.0
465.4203445116737,0.0
531.0404069547596,0.0
589.31032974819,0.0
637.8218856938225,0.0
676.195115585905,0.0
704.7268853887977,0.0
724.2478026414583,0.0
737.1248034440656,0.0
748.0833512220221,0.0
763.1998982288235,0.0
786.5323995281333,0.0
815.8630060891074,0.0
840.6216570665332,0.0
844.6318698359457,0.0
813.4000099622173,0.0
742.1358368313972,0.0
639.5378488451864,0.0
524.8746348194131,0.0
420.35758919201874,0.0
343.63123018984726,0.0
304.1040818559544,0.0
303.25935832771154,0.0
336.6115486354404,0.0
395.4969568316419,0.0
468.74260054569015,0.0
544.9262560478696,0.0
614.9377234636963,0.0
673.53723854798,0.0
719.1536110665088,0.0
752.6532893122796,0.0
776.4260539032082,0.0
794.1224495573775,0.0
810.2029093745408,0.0
828.5175037188735,0.0
850.0789829495783,0.0
870.9905871137126,0.0
881.8949363927591,0.0
870.2604847629218,0.0
825.6449134178356,0.0
745.7196565124844,0.0
639.3518342190846,0.0
524.4533983267763,0.0
421.8243674002334,0.0
348.6037577115259,1.0
314.2801960242642,0.0
320.0072361570906,0.0
360.43273501290423,0.0
426.967626095358,0.0
511.6232122011579,0.0
610.4733859776503,0.0
725.1759571562174,0.0
860.6443987118607,0.0
1018.7824236022416,0.0
1191.8958254493666,0.0
1361.342514088326,0.0
1503.8654738475564,0.0
1601.8973286211542,0.0
1650.7234928224775,0.0
1657.7056528427586,0.0
1634.5529366666212,0.0
1588.5661310960209,0.0
1519.5227197109266,0.0
1424.4063597115476,0.0
1305.6033188989584,0.0
1175.4265801833442,0.0
1053.5081954957527,0.0
959.5408305082138,0.0
906.4885541498059,0.0
897.5952852740029,0.0
927.3915366166513,0.0
984.9739538120743,0.0
1057.7210725862801,0.0
1134.5882561461713,0.0
1208.6334308225946,0.0
1277.9925886076885,0.0
1344.454161808729,0.0
1410.2708274857198,0.0
1475.365883197253,0.0
1536.6324331521482,0.0
1589.3027935055777,0.0
1629.1652983555623,0.0
1654.1012538662312,0.0
1663.521972780099,0.0
1655.5486846820766,0.0
1624.452466456873,0.0
1562.2016391162515,0.0
1464.9345910180327,0.0
1339.8547381596914,0.0
1206.3016585059236,0.0
1089.065802305898,0.0
1008.2300361274074,0.0
972.1545154506734,0.0
977.2410088167294,0.0
1012.9890646568198,0.0
1067.9912863276204,0.0
1133.568933031272,0.0
1204.7093187434302,0.0
1279.434899289575,0.0
1357.3069792808094,0.0
1437.5009030253927,0.0
1517.3696199612561,0.0
1592.2614389176435,0.0
1656.4199173665218,0.0
1704.4870260706696,0.0
1733.2597842445139,0.0
1742.816006909172,0.0
1735.60143769822,0.0
1713.2432891630522,0.0
1673.4269002301114,0.0
1610.267678967077,0.0
1519.2790346495121,0.0
1403.86754404433,0.0
1278.298145884649,0.0
1164.0224250171873,0.0
1080.9503410290192,0.0
1039.1740805512982,0.0
1036.6352023026861,0.0
1063.4555547354423,0.0
1108.428838109008,0.0
1162.8320455165867,0.0
1221.0472947332798,0.0
1280.4465772211172,0.0
1341.5442008080183,0.0
1407.0184467486572,0.0
1478.8628653051683,0.0
1555.3259035747199,0.0
1629.870435827476,0.0
1692.8875965662269,0.0
1735.250429392398,0.0
1751.895502092914,0.0
1743.0768613948544,0.0
1711.7484990027158,0.0
1658.8171368483256,0.0
1581.2649846499282,0.0
1476.6183949724532,0.0
1350.6455949036451,0.0
1220.5585518713426,0.0
1109.3588307465575,0.0
1035.2642682939486,0.0
1004.3207918220907,0.0
1010.657824836611,0.0
1042.2140155490545,0.0
1086.9172302519567,0.0
1136.3073666492176,1.0
1186.7287085811372,0.0
1238.586227854238,0.0
1293.754754554054,0.0
1351.3389338354623,0.0
1404.097112590503,0.0
1439.293061720445,0.0
1446.1734555704277,0.0
1426.7372379421918,0.0
1400.1301652914267,0.0
1392.5610287709737,0.0
1417.6963724922414,0.0
1464.4056129594487,0.0
1503.1517558868798,0.0
1504.4419957959567,0.0
1454.0837985111057,0.0
1357.5409359022497,0.0
1235.7511087064543,0.0
1116.836852224697,0.0
1026.3687023141385,0.0
979.1387634996743,0.0
976.0520818820208,0.0
1007.2293384928158,0.0
1058.5271173803446,0.0
1117.189769100261,0.0
1174.9820151334097,0.0
1229.1819958903932,0.0
1282.0308676618808,0.0
1338.2850734996223,0.0
1401.0936616479382,0.0
1468.4067853885708,0.0
1532.7754900663576,0.0
1584.9397511499326,0.0
1618.3856091612429,0.0
1631.5782395472893,0.0
1626.7673679484556,0.0
1606.5322010429982,0.0
1570.4091898022132,0.0
1514.2867432391533,0.0
1433.9584891149912,0.0
1330.906872036968,0.0
1215.7306979795248,0.0
1105.899902771572,0.0
1019.2069511456299,0.0
967.6306844067227,0.0
955.0427351486761,0.0
978.3846779962452,0.0
1029.9950806366394,0.0
1099.782300430974,0.0
1177.501720144726,0.0
1255.2966529869234,0.0
1329.4803266052122,0.0
1400.1480821579482,0.0
1468.4772229154796,0.0
1533.5063004646295,0.0
1590.8065593280332,0.0
1633.971207541436,0.0
1657.6255473465628,0.0
1659.7422320362343,0.0
1641.771368286937,0.0
1606.544468165276,0.0
1555.3123150568233,0.0
1486.317539111177,0.0
1396.9821492806705,0.0
1289.028836460494,0.0
1172.4622079708763,0.0
1064.2629851202378,0.0
982.0173624923913,0.0
937.0101693947274,0.0
931.1665583321698,0.0
958.5065732408792,0.0
1008.7596515565943,0.0
1070.8653915532705,0.0
1135.6554713223536,0.0
1197.7455648980088,0.0
1256.074684297214,0.0
1312.4948862953336,0.0
1369.060031025521,0.0
1425.8225700314733,0.0
1480.3518657632972,0.0
1528.534763574449,0.0
1565.5198890373863,0.0
1586.4209641144735,0.0
1587.0558838307334,0.0
1564.6405700750392,0.0
1517.9769965845935,0.0
1447.2341229953431,0.0
1354.22351596358,0.0
1243.796629728993,0.0
1125.568000715411,0.0
1013.9825732076969,0.0
925.3279096116701,0.0
872.6712771082977,0.0
861.6906930193563,0.0
889.7249925547864,0.0
947.705983199312,0.0
1023.2149389293623,0.0
1103.7191924914746,0.0
1179.8689837763725,0.0
1247.8580197344552,0.0
1309.1666203874381,0.0
1367.3924908966783,0.0
1424.2604093789687,0.0
1477.6693461109194,0.0
1522.8265967698298,0.0
1555.025698192925,0.0
1571.6392612394845,0.0
1571.8691815930786,0.0
1554.6041737239832,0.0
1516.4363154614996,0.0
1452.4487151090284,0.0
1360.614921845079,0.0
1247.1553042111977,0.0
1128.1616028928893,0.0
1024.9549491820212,0.0
955.541104246749,0.0
927.7459936023274,0.0
938.1651810075494,0.0
976.4482702536919,0.0
1030.9837480224492,0.0
1092.63574357402,0.0
